0,status,1,VILLAGER,ALIVE,TOKU11
0,status,2,WEREWOLF,ALIVE,HALU
0,status,3,VILLAGER,ALIVE,TOKU13
0,status,4,POSSESSED,ALIVE,SampleJava8
0,status,5,VILLAGER,ALIVE,OKAMI
0,status,6,VILLAGER,ALIVE,OKAMI
0,status,7,VILLAGER,ALIVE,sample_py
0,status,8,WEREWOLF,ALIVE,TOKU5
0,status,9,VILLAGER,ALIVE,HALU
0,status,10,VILLAGER,ALIVE,sample_py
0,status,11,SEER,ALIVE,HALU
0,status,12,WEREWOLF,ALIVE,Takeda3
0,status,13,BODYGUARD,ALIVE,OKAMI
0,status,14,VILLAGER,ALIVE,Tomato9
0,status,15,MEDIUM,ALIVE,TOKU4
0,whisper,0,0,2,COMINGOUT Agent[02] MEDIUM
0,whisper,1,0,8,Skip
0,whisper,2,0,12,Skip
0,whisper,3,1,12,Skip
0,whisper,4,1,8,Skip
0,whisper,5,1,2,Skip
0,whisper,6,2,8,Over
0,whisper,7,2,2,Skip
0,whisper,8,2,12,Over
0,whisper,9,3,12,Over
0,whisper,10,3,8,Over
0,whisper,11,3,2,Over
0,divine,11,1,HUMAN
1,status,1,VILLAGER,ALIVE,TOKU11
1,status,2,WEREWOLF,ALIVE,HALU
1,status,3,VILLAGER,ALIVE,TOKU13
1,status,4,POSSESSED,ALIVE,SampleJava8
1,status,5,VILLAGER,ALIVE,OKAMI
1,status,6,VILLAGER,ALIVE,OKAMI
1,status,7,VILLAGER,ALIVE,sample_py
1,status,8,WEREWOLF,ALIVE,TOKU5
1,status,9,VILLAGER,ALIVE,HALU
1,status,10,VILLAGER,ALIVE,sample_py
1,status,11,SEER,ALIVE,HALU
1,status,12,WEREWOLF,ALIVE,Takeda3
1,status,13,BODYGUARD,ALIVE,OKAMI
1,status,14,VILLAGER,ALIVE,Tomato9
1,status,15,MEDIUM,ALIVE,TOKU4
1,talk,0,0,10,VOTE Agent[05]
1,talk,1,0,5,VOTE Agent[14]
1,talk,2,0,3,VOTE Agent[05]
1,talk,3,0,1,VOTE Agent[05]
1,talk,4,0,9,VOTE Agent[05]
1,talk,5,0,4,VOTE Agent[06]
1,talk,6,0,2,COMINGOUT Agent[02] MEDIUM
1,talk,7,0,14,VOTE Agent[05]
1,talk,8,0,12,COMINGOUT Agent[12] SEER
1,talk,9,0,6,VOTE Agent[14]
1,talk,10,0,13,VOTE Agent[14]
1,talk,11,0,8,COMINGOUT Agent[08] SEER
1,talk,12,0,11,COMINGOUT Agent[11] SEER
1,talk,13,0,15,COMINGOUT Agent[15] MEDIUM
1,talk,14,0,7,VOTE Agent[06]
1,talk,15,1,3,VOTE Agent[08]
1,talk,16,1,15,VOTE Agent[02]
1,talk,17,1,1,VOTE Agent[11]
1,talk,18,1,9,VOTE Agent[01]
1,talk,19,1,8,DIVINED Agent[02] HUMAN
1,talk,20,1,12,DIVINED Agent[02] HUMAN
1,talk,21,1,14,VOTE Agent[06]
1,talk,22,1,2,VOTE Agent[15]
1,talk,23,1,13,VOTE Agent[14]
1,talk,24,1,4,REQUEST ANY (VOTE Agent[06])
1,talk,25,1,5,COMINGOUT Agent[05] VILLAGER
1,talk,26,1,7,Skip
1,talk,27,1,10,Skip
1,talk,28,1,6,COMINGOUT Agent[06] VILLAGER
1,talk,29,1,11,DIVINED Agent[01] HUMAN
1,talk,30,2,15,Skip
1,talk,31,2,11,VOTE Agent[05]
1,talk,32,2,5,VOTE Agent[08]
1,talk,33,2,7,Skip
1,talk,34,2,8,VOTE Agent[15]
1,talk,35,2,1,VOTE Agent[13]
1,talk,36,2,13,VOTE Agent[08]
1,talk,37,2,12,VOTE Agent[11]
1,talk,38,2,9,VOTE Agent[12]
1,talk,39,2,4,COMINGOUT Agent[04] SEER
1,talk,40,2,3,VOTE Agent[04]
1,talk,41,2,10,Skip
1,talk,42,2,2,VOTE Agent[15]
1,talk,43,2,6,VOTE Agent[12]
1,talk,44,2,14,VOTE Agent[05]
1,talk,45,3,2,VOTE Agent[15]
1,talk,46,3,7,Over
1,talk,47,3,14,VOTE Agent[15]
1,talk,48,3,13,VOTE Agent[11]
1,talk,49,3,8,VOTE Agent[11]
1,talk,50,3,12,Skip
1,talk,51,3,10,Over
1,talk,52,3,1,VOTE Agent[11]
1,talk,53,3,11,VOTE Agent[05]
1,talk,54,3,4,DAY 1 (DIVINED Agent[08] WEREWOLF)
1,talk,55,3,15,Skip
1,talk,56,3,5,VOTE Agent[12]
1,talk,57,3,9,VOTE Agent[11]
1,talk,58,3,6,VOTE Agent[12]
1,talk,59,3,3,VOTE Agent[02]
1,talk,60,4,8,Skip
1,talk,61,4,11,VOTE Agent[05]
1,talk,62,4,10,Over
1,talk,63,4,13,VOTE Agent[12]
1,talk,64,4,9,VOTE Agent[11]
1,talk,65,4,6,VOTE Agent[12]
1,talk,66,4,2,VOTE Agent[15]
1,talk,67,4,1,Skip
1,talk,68,4,4,DIVINED Agent[08] WEREWOLF
1,talk,69,4,7,VOTE Agent[08]
1,talk,70,4,15,Over
1,talk,71,4,3,Skip
1,talk,72,4,14,VOTE Agent[08]
1,talk,73,4,5,VOTE Agent[08]
1,talk,74,4,12,VOTE Agent[15]
1,talk,75,5,6,VOTE Agent[11]
1,talk,76,5,15,Over
1,talk,77,5,12,VOTE Agent[04]
1,talk,78,5,4,BECAUSE (DAY 1 (DIVINED Agent[08] WEREWOLF)) (AND (VOTE Agent[08]) (REQUEST ANY (VOTE Agent[08])))
1,talk,79,5,13,VOTE Agent[11]
1,talk,80,5,9,VOTE Agent[11]
1,talk,81,5,2,VOTE Agent[15]
1,talk,82,5,10,VOTE Agent[08]
1,talk,83,5,11,VOTE Agent[05]
1,talk,84,5,7,Skip
1,talk,85,5,8,Skip
1,talk,86,5,3,VOTE Agent[08]
1,talk,87,5,5,VOTE Agent[11]
1,talk,88,5,14,Skip
1,talk,89,5,1,Skip
1,talk,90,6,14,Skip
1,talk,91,6,11,VOTE Agent[05]
1,talk,92,6,7,Skip
1,talk,93,6,2,VOTE Agent[15]
1,talk,94,6,13,VOTE Agent[08]
1,talk,95,6,9,VOTE Agent[12]
1,talk,96,6,6,VOTE Agent[11]
1,talk,97,6,10,Skip
1,talk,98,6,15,VOTE Agent[08]
1,talk,99,6,1,Over
1,talk,100,6,3,VOTE Agent[02]
1,talk,101,6,8,Over
1,talk,102,6,4,VOTE Agent[08]
1,talk,103,6,12,Skip
1,talk,104,6,5,VOTE Agent[11]
1,talk,105,7,11,VOTE Agent[05]
1,talk,106,7,10,Skip
1,talk,107,7,8,Over
1,talk,108,7,2,VOTE Agent[15]
1,talk,109,7,1,VOTE Agent[12]
1,talk,110,7,5,VOTE Agent[12]
1,talk,111,7,7,Over
1,talk,112,7,6,VOTE Agent[12]
1,talk,113,7,14,Over
1,talk,114,7,9,VOTE Agent[12]
1,talk,115,7,3,Skip
1,talk,116,7,4,REQUEST ANY (VOTE Agent[08])
1,talk,117,7,15,Skip
1,talk,118,7,13,VOTE Agent[12]
1,talk,119,7,12,Skip
1,talk,120,8,14,Over
1,talk,121,8,11,VOTE Agent[05]
1,talk,122,8,9,VOTE Agent[12]
1,talk,123,8,13,VOTE Agent[12]
1,talk,124,8,1,VOTE Agent[02]
1,talk,125,8,7,Over
1,talk,126,8,5,VOTE Agent[12]
1,talk,127,8,6,VOTE Agent[12]
1,talk,128,8,15,VOTE Agent[02]
1,talk,129,8,4,Skip
1,talk,130,8,10,Over
1,talk,131,8,2,VOTE Agent[15]
1,talk,132,8,8,Over
1,talk,133,8,12,Over
1,talk,134,8,3,Skip
1,talk,135,9,7,Over
1,talk,136,9,2,Over
1,talk,137,9,10,Over
1,talk,138,9,4,Skip
1,talk,139,9,15,Skip
1,talk,140,9,5,Over
1,talk,141,9,13,Over
1,talk,142,9,12,Over
1,talk,143,9,14,Over
1,talk,144,9,9,Over
1,talk,145,9,1,Skip
1,talk,146,9,6,Over
1,talk,147,9,8,Over
1,talk,148,9,3,Over
1,talk,149,9,11,Over
1,talk,150,10,2,Over
1,talk,151,10,15,Skip
1,talk,152,10,14,Over
1,talk,153,10,5,Over
1,talk,154,10,9,Over
1,talk,155,10,12,Over
1,talk,156,10,11,Over
1,talk,157,10,3,Over
1,talk,158,10,7,Over
1,talk,159,10,13,Over
1,talk,160,10,8,Over
1,talk,161,10,1,Skip
1,talk,162,10,4,Over
1,talk,163,10,6,Over
1,talk,164,10,10,Over
1,talk,165,11,9,Over
1,talk,166,11,5,Over
1,talk,167,11,3,Over
1,talk,168,11,11,Over
1,talk,169,11,6,Over
1,talk,170,11,14,Over
1,talk,171,11,1,Over
1,talk,172,11,4,Over
1,talk,173,11,10,Over
1,talk,174,11,15,Over
1,talk,175,11,7,Over
1,talk,176,11,12,Over
1,talk,177,11,8,Over
1,talk,178,11,13,Over
1,talk,179,11,2,Over
1,vote,1,2
1,vote,2,15
1,vote,3,2
1,vote,4,8
1,vote,5,12
1,vote,6,12
1,vote,7,8
1,vote,8,11
1,vote,9,11
1,vote,10,8
1,vote,11,5
1,vote,12,8
1,vote,13,12
1,vote,14,8
1,vote,15,2
1,execute,8,WEREWOLF
1,divine,11,15,HUMAN
1,whisper,0,0,2,ATTACK Agent[11]
1,whisper,1,0,12,Skip
1,whisper,2,1,2,Skip
1,whisper,3,1,12,Skip
1,whisper,4,2,2,Skip
1,whisper,5,2,12,Over
1,whisper,6,3,2,Over
1,whisper,7,3,12,Over
1,guard,13,2,WEREWOLF
1,attackVote,2,11
1,attackVote,12,14
1,attackVote,2,11
1,attackVote,12,14
1,attack,11,true
2,status,1,VILLAGER,ALIVE,TOKU11
2,status,2,WEREWOLF,ALIVE,HALU
2,status,3,VILLAGER,ALIVE,TOKU13
2,status,4,POSSESSED,ALIVE,SampleJava8
2,status,5,VILLAGER,ALIVE,OKAMI
2,status,6,VILLAGER,ALIVE,OKAMI
2,status,7,VILLAGER,ALIVE,sample_py
2,status,8,WEREWOLF,DEAD,TOKU5
2,status,9,VILLAGER,ALIVE,HALU
2,status,10,VILLAGER,ALIVE,sample_py
2,status,11,SEER,DEAD,HALU
2,status,12,WEREWOLF,ALIVE,Takeda3
2,status,13,BODYGUARD,ALIVE,OKAMI
2,status,14,VILLAGER,ALIVE,Tomato9
2,status,15,MEDIUM,ALIVE,TOKU4
2,talk,0,0,6,VOTE Agent[12]
2,talk,1,0,9,VOTE Agent[12]
2,talk,2,0,4,DAY 2 (DIVINED Agent[09] HUMAN)
2,talk,3,0,3,VOTE Agent[02]
2,talk,4,0,14,VOTE Agent[12]
2,talk,5,0,5,VOTE Agent[12]
2,talk,6,0,2,IDENTIFIED Agent[08] WEREWOLF
2,talk,7,0,1,VOTE Agent[02]
2,talk,8,0,7,VOTE Agent[09]
2,talk,9,0,10,VOTE Agent[05]
2,talk,10,0,13,VOTE Agent[12]
2,talk,11,0,15,IDENTIFIED Agent[08] WEREWOLF
2,talk,12,0,12,DIVINED Agent[04] WEREWOLF
2,talk,13,1,13,VOTE Agent[12]
2,talk,14,1,10,VOTE Agent[04]
2,talk,15,1,4,DIVINED Agent[09] HUMAN
2,talk,16,1,7,VOTE Agent[04]
2,talk,17,1,1,Skip
2,talk,18,1,6,COMINGOUT Agent[06] VILLAGER
2,talk,19,1,9,VOTE Agent[12]
2,talk,20,1,15,Skip
2,talk,21,1,5,COMINGOUT Agent[05] VILLAGER
2,talk,22,1,12,VOTE Agent[04]
2,talk,23,1,2,VOTE Agent[15]
2,talk,24,1,14,VOTE Agent[04]
2,talk,25,1,3,Skip
2,talk,26,2,14,Skip
2,talk,27,2,15,Skip
2,talk,28,2,5,VOTE Agent[12]
2,talk,29,2,12,Skip
2,talk,30,2,6,VOTE Agent[12]
2,talk,31,2,1,VOTE Agent[12]
2,talk,32,2,7,Skip
2,talk,33,2,2,VOTE Agent[15]
2,talk,34,2,13,VOTE Agent[04]
2,talk,35,2,9,VOTE Agent[04]
2,talk,36,2,10,Skip
2,talk,37,2,4,BECAUSE (AND (COMINGOUT Agent[04] SEER) (Agent[12] COMINGOUT Agent[12] SEER)) (XOR (ESTIMATE Agent[12] WEREWOLF) (ESTIMATE Agent[12] POSSESSED))
2,talk,38,2,3,Skip
2,talk,39,3,1,Skip
2,talk,40,3,14,Skip
2,talk,41,3,3,Over
2,talk,42,3,13,VOTE Agent[12]
2,talk,43,3,10,Skip
2,talk,44,3,12,Skip
2,talk,45,3,2,VOTE Agent[15]
2,talk,46,3,7,Skip
2,talk,47,3,15,Over
2,talk,48,3,9,VOTE Agent[04]
2,talk,49,3,5,VOTE Agent[12]
2,talk,50,3,4,BECAUSE (XOR (ESTIMATE Agent[12] WEREWOLF) (ESTIMATE Agent[12] POSSESSED)) (AND (VOTE Agent[12]) (REQUEST ANY (VOTE Agent[12])))
2,talk,51,3,6,VOTE Agent[12]
2,talk,52,4,6,VOTE Agent[12]
2,talk,53,4,4,VOTE Agent[12]
2,talk,54,4,7,Over
2,talk,55,4,5,VOTE Agent[12]
2,talk,56,4,15,Over
2,talk,57,4,10,Over
2,talk,58,4,3,Over
2,talk,59,4,12,Over
2,talk,60,4,2,VOTE Agent[15]
2,talk,61,4,9,VOTE Agent[12]
2,talk,62,4,13,VOTE Agent[04]
2,talk,63,4,1,Skip
2,talk,64,4,14,Over
2,talk,65,5,5,VOTE Agent[12]
2,talk,66,5,13,VOTE Agent[04]
2,talk,67,5,3,Over
2,talk,68,5,14,Over
2,talk,69,5,7,Over
2,talk,70,5,9,VOTE Agent[04]
2,talk,71,5,6,VOTE Agent[12]
2,talk,72,5,10,Over
2,talk,73,5,12,Over
2,talk,74,5,1,VOTE Agent[02]
2,talk,75,5,15,Over
2,talk,76,5,4,REQUEST ANY (VOTE Agent[12])
2,talk,77,5,2,VOTE Agent[15]
2,talk,78,6,13,VOTE Agent[12]
2,talk,79,6,9,VOTE Agent[04]
2,talk,80,6,1,Skip
2,talk,81,6,5,VOTE Agent[12]
2,talk,82,6,14,Over
2,talk,83,6,7,Over
2,talk,84,6,15,Over
2,talk,85,6,3,Over
2,talk,86,6,6,VOTE Agent[12]
2,talk,87,6,2,VOTE Agent[15]
2,talk,88,6,10,Over
2,talk,89,6,12,Over
2,talk,90,6,4,Skip
2,talk,91,7,3,Over
2,talk,92,7,6,VOTE Agent[12]
2,talk,93,7,12,Over
2,talk,94,7,10,Over
2,talk,95,7,5,VOTE Agent[12]
2,talk,96,7,13,VOTE Agent[12]
2,talk,97,7,15,Over
2,talk,98,7,14,Over
2,talk,99,7,4,Skip
2,talk,100,7,1,Skip
2,talk,101,7,2,VOTE Agent[15]
2,talk,102,7,9,VOTE Agent[04]
2,talk,103,7,7,Over
2,talk,104,8,14,Over
2,talk,105,8,4,Over
2,talk,106,8,6,VOTE Agent[12]
2,talk,107,8,13,VOTE Agent[12]
2,talk,108,8,7,Over
2,talk,109,8,2,VOTE Agent[15]
2,talk,110,8,12,Over
2,talk,111,8,5,VOTE Agent[12]
2,talk,112,8,15,Over
2,talk,113,8,10,Over
2,talk,114,8,3,Over
2,talk,115,8,1,Over
2,talk,116,8,9,VOTE Agent[04]
2,talk,117,9,3,Over
2,talk,118,9,14,Over
2,talk,119,9,15,Over
2,talk,120,9,5,Over
2,talk,121,9,2,Over
2,talk,122,9,12,Over
2,talk,123,9,10,Over
2,talk,124,9,13,Over
2,talk,125,9,1,Over
2,talk,126,9,6,Over
2,talk,127,9,4,Over
2,talk,128,9,7,Over
2,talk,129,9,9,Over
2,vote,1,2
2,vote,2,15
2,vote,3,2
2,vote,4,12
2,vote,5,12
2,vote,6,12
2,vote,7,4
2,vote,9,12
2,vote,10,4
2,vote,12,4
2,vote,13,12
2,vote,14,4
2,vote,15,2
2,execute,12,WEREWOLF
2,guard,13,2,WEREWOLF
2,attackVote,2,4
2,attack,4,true
3,status,1,VILLAGER,ALIVE,TOKU11
3,status,2,WEREWOLF,ALIVE,HALU
3,status,3,VILLAGER,ALIVE,TOKU13
3,status,4,POSSESSED,DEAD,SampleJava8
3,status,5,VILLAGER,ALIVE,OKAMI
3,status,6,VILLAGER,ALIVE,OKAMI
3,status,7,VILLAGER,ALIVE,sample_py
3,status,8,WEREWOLF,DEAD,TOKU5
3,status,9,VILLAGER,ALIVE,HALU
3,status,10,VILLAGER,ALIVE,sample_py
3,status,11,SEER,DEAD,HALU
3,status,12,WEREWOLF,DEAD,Takeda3
3,status,13,BODYGUARD,ALIVE,OKAMI
3,status,14,VILLAGER,ALIVE,Tomato9
3,status,15,MEDIUM,ALIVE,TOKU4
3,talk,0,0,14,VOTE Agent[15]
3,talk,1,0,15,IDENTIFIED Agent[12] WEREWOLF
3,talk,2,0,5,VOTE Agent[06]
3,talk,3,0,10,VOTE Agent[03]
3,talk,4,0,7,VOTE Agent[05]
3,talk,5,0,6,VOTE Agent[03]
3,talk,6,0,1,VOTE Agent[02]
3,talk,7,0,2,IDENTIFIED Agent[12] WEREWOLF
3,talk,8,0,13,VOTE Agent[05]
3,talk,9,0,9,VOTE Agent[05]
3,talk,10,0,3,VOTE Agent[02]
3,talk,11,1,6,COMINGOUT Agent[06] VILLAGER
3,talk,12,1,7,Skip
3,talk,13,1,5,COMINGOUT Agent[05] VILLAGER
3,talk,14,1,9,VOTE Agent[05]
3,talk,15,1,2,VOTE Agent[15]
3,talk,16,1,13,VOTE Agent[05]
3,talk,17,1,1,Skip
3,talk,18,1,3,Skip
3,talk,19,1,10,Skip
3,talk,20,1,15,Skip
3,talk,21,1,14,Skip
3,talk,22,2,15,Skip
3,talk,23,2,1,Skip
3,talk,24,2,14,Skip
3,talk,25,2,9,VOTE Agent[05]
3,talk,26,2,7,Skip
3,talk,27,2,5,VOTE Agent[06]
3,talk,28,2,2,VOTE Agent[15]
3,talk,29,2,13,VOTE Agent[05]
3,talk,30,2,3,Skip
3,talk,31,2,6,VOTE Agent[03]
3,talk,32,2,10,Skip
3,talk,33,3,7,Over
3,talk,34,3,3,Over
3,talk,35,3,1,Over
3,talk,36,3,2,VOTE Agent[15]
3,talk,37,3,14,Over
3,talk,38,3,6,VOTE Agent[03]
3,talk,39,3,15,Over
3,talk,40,3,10,Over
3,talk,41,3,13,VOTE Agent[05]
3,talk,42,3,9,VOTE Agent[05]
3,talk,43,3,5,VOTE Agent[06]
3,talk,44,4,15,Over
3,talk,45,4,13,VOTE Agent[05]
3,talk,46,4,14,Over
3,talk,47,4,3,Over
3,talk,48,4,1,Over
3,talk,49,4,5,VOTE Agent[06]
3,talk,50,4,2,VOTE Agent[15]
3,talk,51,4,10,Over
3,talk,52,4,7,Over
3,talk,53,4,6,VOTE Agent[03]
3,talk,54,4,9,VOTE Agent[05]
3,talk,55,5,2,VOTE Agent[15]
3,talk,56,5,6,VOTE Agent[03]
3,talk,57,5,3,Over
3,talk,58,5,1,Over
3,talk,59,5,14,Over
3,talk,60,5,5,VOTE Agent[06]
3,talk,61,5,13,VOTE Agent[05]
3,talk,62,5,10,Over
3,talk,63,5,7,Over
3,talk,64,5,9,VOTE Agent[05]
3,talk,65,5,15,Over
3,talk,66,6,3,Over
3,talk,67,6,14,Over
3,talk,68,6,2,VOTE Agent[15]
3,talk,69,6,7,Over
3,talk,70,6,10,Over
3,talk,71,6,15,Over
3,talk,72,6,1,Over
3,talk,73,6,5,VOTE Agent[06]
3,talk,74,6,6,VOTE Agent[03]
3,talk,75,6,9,VOTE Agent[05]
3,talk,76,6,13,VOTE Agent[05]
3,talk,77,7,14,Over
3,talk,78,7,2,VOTE Agent[15]
3,talk,79,7,7,Over
3,talk,80,7,15,Over
3,talk,81,7,6,VOTE Agent[03]
3,talk,82,7,3,Over
3,talk,83,7,9,VOTE Agent[05]
3,talk,84,7,10,Over
3,talk,85,7,5,VOTE Agent[06]
3,talk,86,7,1,Over
3,talk,87,7,13,VOTE Agent[05]
3,talk,88,8,3,Over
3,talk,89,8,5,VOTE Agent[06]
3,talk,90,8,2,VOTE Agent[15]
3,talk,91,8,10,Over
3,talk,92,8,13,VOTE Agent[05]
3,talk,93,8,7,Over
3,talk,94,8,14,Over
3,talk,95,8,1,Over
3,talk,96,8,9,VOTE Agent[05]
3,talk,97,8,6,VOTE Agent[03]
3,talk,98,8,15,Over
3,talk,99,9,14,Over
3,talk,100,9,5,Over
3,talk,101,9,9,Over
3,talk,102,9,15,Over
3,talk,103,9,7,Over
3,talk,104,9,1,Over
3,talk,105,9,2,Over
3,talk,106,9,10,Over
3,talk,107,9,13,Over
3,talk,108,9,6,Over
3,talk,109,9,3,Over
3,vote,1,2
3,vote,2,15
3,vote,3,2
3,vote,5,6
3,vote,6,3
3,vote,7,5
3,vote,9,5
3,vote,10,3
3,vote,13,5
3,vote,14,15
3,vote,15,2
3,vote,1,2
3,vote,2,15
3,vote,3,2
3,vote,5,6
3,vote,6,3
3,vote,7,5
3,vote,9,5
3,vote,10,3
3,vote,13,5
3,vote,14,15
3,vote,15,2
3,execute,5,VILLAGER
3,guard,13,2,WEREWOLF
3,attackVote,2,1
3,attack,1,true
4,status,1,VILLAGER,DEAD,TOKU11
4,status,2,WEREWOLF,ALIVE,HALU
4,status,3,VILLAGER,ALIVE,TOKU13
4,status,4,POSSESSED,DEAD,SampleJava8
4,status,5,VILLAGER,DEAD,OKAMI
4,status,6,VILLAGER,ALIVE,OKAMI
4,status,7,VILLAGER,ALIVE,sample_py
4,status,8,WEREWOLF,DEAD,TOKU5
4,status,9,VILLAGER,ALIVE,HALU
4,status,10,VILLAGER,ALIVE,sample_py
4,status,11,SEER,DEAD,HALU
4,status,12,WEREWOLF,DEAD,Takeda3
4,status,13,BODYGUARD,ALIVE,OKAMI
4,status,14,VILLAGER,ALIVE,Tomato9
4,status,15,MEDIUM,ALIVE,TOKU4
4,talk,0,0,14,VOTE Agent[15]
4,talk,1,0,13,VOTE Agent[07]
4,talk,2,0,15,IDENTIFIED Agent[05] HUMAN
4,talk,3,0,2,IDENTIFIED Agent[05] HUMAN
4,talk,4,0,6,VOTE Agent[07]
4,talk,5,0,7,VOTE Agent[10]
4,talk,6,0,9,VOTE Agent[14]
4,talk,7,0,3,VOTE Agent[02]
4,talk,8,0,10,VOTE Agent[03]
4,talk,9,1,13,VOTE Agent[03]
4,talk,10,1,7,Skip
4,talk,11,1,6,COMINGOUT Agent[06] VILLAGER
4,talk,12,1,2,VOTE Agent[15]
4,talk,13,1,10,Skip
4,talk,14,1,9,VOTE Agent[07]
4,talk,15,1,3,Skip
4,talk,16,1,14,Skip
4,talk,17,1,15,Skip
4,talk,18,2,2,VOTE Agent[15]
4,talk,19,2,7,Skip
4,talk,20,2,13,VOTE Agent[10]
4,talk,21,2,3,Skip
4,talk,22,2,10,Skip
4,talk,23,2,9,VOTE Agent[03]
4,talk,24,2,6,VOTE Agent[03]
4,talk,25,2,14,Skip
4,talk,26,2,15,Skip
4,talk,27,3,9,VOTE Agent[06]
4,talk,28,3,2,VOTE Agent[15]
4,talk,29,3,13,VOTE Agent[06]
4,talk,30,3,7,Over
4,talk,31,3,14,Over
4,talk,32,3,10,Over
4,talk,33,3,15,Over
4,talk,34,3,3,Over
4,talk,35,3,6,VOTE Agent[10]
4,talk,36,4,14,Over
4,talk,37,4,7,Over
4,talk,38,4,15,Over
4,talk,39,4,6,VOTE Agent[03]
4,talk,40,4,10,Over
4,talk,41,4,13,VOTE Agent[06]
4,talk,42,4,3,Over
4,talk,43,4,2,VOTE Agent[15]
4,talk,44,4,9,VOTE Agent[13]
4,talk,45,5,10,Over
4,talk,46,5,9,VOTE Agent[03]
4,talk,47,5,7,Over
4,talk,48,5,6,VOTE Agent[10]
4,talk,49,5,2,VOTE Agent[15]
4,talk,50,5,3,Over
4,talk,51,5,15,Over
4,talk,52,5,13,VOTE Agent[03]
4,talk,53,5,14,Over
4,talk,54,6,6,VOTE Agent[10]
4,talk,55,6,7,Over
4,talk,56,6,9,VOTE Agent[03]
4,talk,57,6,2,VOTE Agent[15]
4,talk,58,6,15,Over
4,talk,59,6,13,VOTE Agent[03]
4,talk,60,6,10,Over
4,talk,61,6,3,Over
4,talk,62,6,14,Over
4,talk,63,7,14,Over
4,talk,64,7,3,Over
4,talk,65,7,7,Over
4,talk,66,7,6,VOTE Agent[10]
4,talk,67,7,2,VOTE Agent[15]
4,talk,68,7,15,Over
4,talk,69,7,9,VOTE Agent[06]
4,talk,70,7,13,VOTE Agent[06]
4,talk,71,7,10,Over
4,talk,72,8,3,Over
4,talk,73,8,14,Over
4,talk,74,8,2,VOTE Agent[15]
4,talk,75,8,6,VOTE Agent[03]
4,talk,76,8,9,VOTE Agent[03]
4,talk,77,8,13,VOTE Agent[10]
4,talk,78,8,7,Over
4,talk,79,8,15,Over
4,talk,80,8,10,Over
4,talk,81,9,6,Over
4,talk,82,9,14,Over
4,talk,83,9,2,Over
4,talk,84,9,15,Over
4,talk,85,9,10,Over
4,talk,86,9,13,Over
4,talk,87,9,3,Over
4,talk,88,9,7,Over
4,talk,89,9,9,Over
4,vote,2,15
4,vote,3,2
4,vote,6,3
4,vote,7,10
4,vote,9,3
4,vote,10,3
4,vote,13,10
4,vote,14,15
4,vote,15,2
4,execute,3,VILLAGER
4,guard,13,2,WEREWOLF
4,attackVote,2,9
4,attack,9,true
5,status,1,VILLAGER,DEAD,TOKU11
5,status,2,WEREWOLF,ALIVE,HALU
5,status,3,VILLAGER,DEAD,TOKU13
5,status,4,POSSESSED,DEAD,SampleJava8
5,status,5,VILLAGER,DEAD,OKAMI
5,status,6,VILLAGER,ALIVE,OKAMI
5,status,7,VILLAGER,ALIVE,sample_py
5,status,8,WEREWOLF,DEAD,TOKU5
5,status,9,VILLAGER,DEAD,HALU
5,status,10,VILLAGER,ALIVE,sample_py
5,status,11,SEER,DEAD,HALU
5,status,12,WEREWOLF,DEAD,Takeda3
5,status,13,BODYGUARD,ALIVE,OKAMI
5,status,14,VILLAGER,ALIVE,Tomato9
5,status,15,MEDIUM,ALIVE,TOKU4
5,talk,0,0,15,IDENTIFIED Agent[03] HUMAN
5,talk,1,0,10,VOTE Agent[02]
5,talk,2,0,13,VOTE Agent[10]
5,talk,3,0,7,VOTE Agent[14]
5,talk,4,0,6,VOTE Agent[10]
5,talk,5,0,2,IDENTIFIED Agent[03] HUMAN
5,talk,6,0,14,VOTE Agent[15]
5,talk,7,1,2,VOTE Agent[15]
5,talk,8,1,7,Skip
5,talk,9,1,13,VOTE Agent[10]
5,talk,10,1,6,COMINGOUT Agent[06] VILLAGER
5,talk,11,1,14,Skip
5,talk,12,1,15,Skip
5,talk,13,1,10,Skip
5,talk,14,2,6,VOTE Agent[10]
5,talk,15,2,10,Skip
5,talk,16,2,7,Skip
5,talk,17,2,14,Skip
5,talk,18,2,2,VOTE Agent[15]
5,talk,19,2,13,VOTE Agent[10]
5,talk,20,2,15,Skip
5,talk,21,3,6,VOTE Agent[10]
5,talk,22,3,10,Over
5,talk,23,3,13,VOTE Agent[10]
5,talk,24,3,7,Over
5,talk,25,3,14,Over
5,talk,26,3,2,VOTE Agent[15]
5,talk,27,3,15,Over
5,talk,28,4,13,VOTE Agent[10]
5,talk,29,4,2,VOTE Agent[15]
5,talk,30,4,14,Over
5,talk,31,4,15,Over
5,talk,32,4,10,Over
5,talk,33,4,7,Over
5,talk,34,4,6,VOTE Agent[10]
5,talk,35,5,6,VOTE Agent[10]
5,talk,36,5,15,Over
5,talk,37,5,7,Over
5,talk,38,5,2,VOTE Agent[15]
5,talk,39,5,10,Over
5,talk,40,5,14,Over
5,talk,41,5,13,VOTE Agent[10]
5,talk,42,6,14,Over
5,talk,43,6,10,Over
5,talk,44,6,15,Over
5,talk,45,6,2,VOTE Agent[15]
5,talk,46,6,6,VOTE Agent[10]
5,talk,47,6,13,VOTE Agent[10]
5,talk,48,6,7,Over
5,talk,49,7,6,VOTE Agent[10]
5,talk,50,7,7,Over
5,talk,51,7,14,Over
5,talk,52,7,13,VOTE Agent[10]
5,talk,53,7,15,Over
5,talk,54,7,2,VOTE Agent[15]
5,talk,55,7,10,Over
5,talk,56,8,2,VOTE Agent[15]
5,talk,57,8,15,Over
5,talk,58,8,7,Over
5,talk,59,8,6,VOTE Agent[10]
5,talk,60,8,14,Over
5,talk,61,8,13,VOTE Agent[10]
5,talk,62,8,10,Over
5,talk,63,9,14,Over
5,talk,64,9,2,Over
5,talk,65,9,15,Over
5,talk,66,9,13,Over
5,talk,67,9,10,Over
5,talk,68,9,7,Over
5,talk,69,9,6,Over
5,vote,2,15
5,vote,6,10
5,vote,7,14
5,vote,10,2
5,vote,13,10
5,vote,14,15
5,vote,15,2
5,vote,2,15
5,vote,6,10
5,vote,7,14
5,vote,10,2
5,vote,13,10
5,vote,14,15
5,vote,15,2
5,execute,15,MEDIUM
5,guard,13,2,WEREWOLF
5,attackVote,2,6
5,attack,6,true
6,status,1,VILLAGER,DEAD,TOKU11
6,status,2,WEREWOLF,ALIVE,HALU
6,status,3,VILLAGER,DEAD,TOKU13
6,status,4,POSSESSED,DEAD,SampleJava8
6,status,5,VILLAGER,DEAD,OKAMI
6,status,6,VILLAGER,DEAD,OKAMI
6,status,7,VILLAGER,ALIVE,sample_py
6,status,8,WEREWOLF,DEAD,TOKU5
6,status,9,VILLAGER,DEAD,HALU
6,status,10,VILLAGER,ALIVE,sample_py
6,status,11,SEER,DEAD,HALU
6,status,12,WEREWOLF,DEAD,Takeda3
6,status,13,BODYGUARD,ALIVE,OKAMI
6,status,14,VILLAGER,ALIVE,Tomato9
6,status,15,MEDIUM,DEAD,TOKU4
6,talk,0,0,13,VOTE Agent[10]
6,talk,1,0,2,IDENTIFIED Agent[15] WEREWOLF
6,talk,2,0,7,VOTE Agent[14]
6,talk,3,0,14,VOTE Agent[10]
6,talk,4,0,10,VOTE Agent[13]
6,talk,5,1,2,VOTE Agent[07]
6,talk,6,1,7,Skip
6,talk,7,1,14,Skip
6,talk,8,1,13,VOTE Agent[10]
6,talk,9,1,10,Skip
6,talk,10,2,7,Skip
6,talk,11,2,10,Skip
6,talk,12,2,14,Skip
6,talk,13,2,13,VOTE Agent[14]
6,talk,14,2,2,VOTE Agent[13]
6,talk,15,3,7,Over
6,talk,16,3,10,Over
6,talk,17,3,2,VOTE Agent[13]
6,talk,18,3,13,VOTE Agent[10]
6,talk,19,3,14,Over
6,talk,20,4,14,Over
6,talk,21,4,13,VOTE Agent[10]
6,talk,22,4,7,Over
6,talk,23,4,10,Over
6,talk,24,4,2,VOTE Agent[13]
6,talk,25,5,2,VOTE Agent[13]
6,talk,26,5,7,Over
6,talk,27,5,10,Over
6,talk,28,5,13,VOTE Agent[10]
6,talk,29,5,14,Over
6,talk,30,6,2,VOTE Agent[13]
6,talk,31,6,7,Over
6,talk,32,6,10,Over
6,talk,33,6,14,Over
6,talk,34,6,13,VOTE Agent[10]
6,talk,35,7,2,VOTE Agent[13]
6,talk,36,7,7,Over
6,talk,37,7,10,Over
6,talk,38,7,13,VOTE Agent[14]
6,talk,39,7,14,Over
6,talk,40,8,14,Over
6,talk,41,8,10,Over
6,talk,42,8,13,VOTE Agent[14]
6,talk,43,8,2,VOTE Agent[13]
6,talk,44,8,7,Over
6,talk,45,9,14,Over
6,talk,46,9,10,Over
6,talk,47,9,7,Over
6,talk,48,9,13,Over
6,talk,49,9,2,Over
6,vote,2,13
6,vote,7,14
6,vote,10,13
6,vote,13,14
6,vote,14,10
6,vote,2,13
6,vote,7,14
6,vote,10,13
6,vote,13,10
6,vote,14,10
6,execute,10,VILLAGER
6,guard,13,2,WEREWOLF
6,attackVote,2,7
6,attack,7,true
7,status,1,VILLAGER,DEAD,TOKU11
7,status,2,WEREWOLF,ALIVE,HALU
7,status,3,VILLAGER,DEAD,TOKU13
7,status,4,POSSESSED,DEAD,SampleJava8
7,status,5,VILLAGER,DEAD,OKAMI
7,status,6,VILLAGER,DEAD,OKAMI
7,status,7,VILLAGER,DEAD,sample_py
7,status,8,WEREWOLF,DEAD,TOKU5
7,status,9,VILLAGER,DEAD,HALU
7,status,10,VILLAGER,DEAD,sample_py
7,status,11,SEER,DEAD,HALU
7,status,12,WEREWOLF,DEAD,Takeda3
7,status,13,BODYGUARD,ALIVE,OKAMI
7,status,14,VILLAGER,ALIVE,Tomato9
7,status,15,MEDIUM,DEAD,TOKU4
7,talk,0,0,2,IDENTIFIED Agent[10] HUMAN
7,talk,1,0,14,VOTE Agent[02]
7,talk,2,0,13,VOTE Agent[14]
7,talk,3,1,14,Skip
7,talk,4,1,2,VOTE Agent[13]
7,talk,5,1,13,VOTE Agent[14]
7,talk,6,2,13,VOTE Agent[14]
7,talk,7,2,2,VOTE Agent[13]
7,talk,8,2,14,Skip
7,talk,9,3,14,Over
7,talk,10,3,13,VOTE Agent[14]
7,talk,11,3,2,VOTE Agent[13]
7,talk,12,4,13,VOTE Agent[14]
7,talk,13,4,2,VOTE Agent[13]
7,talk,14,4,14,Over
7,talk,15,5,13,VOTE Agent[14]
7,talk,16,5,2,VOTE Agent[13]
7,talk,17,5,14,Over
7,talk,18,6,14,Over
7,talk,19,6,13,VOTE Agent[14]
7,talk,20,6,2,VOTE Agent[13]
7,talk,21,7,13,VOTE Agent[14]
7,talk,22,7,2,VOTE Agent[13]
7,talk,23,7,14,Over
7,talk,24,8,13,VOTE Agent[14]
7,talk,25,8,14,Over
7,talk,26,8,2,VOTE Agent[13]
7,talk,27,9,13,Over
7,talk,28,9,2,Over
7,talk,29,9,14,Over
7,vote,2,13
7,vote,13,14
7,vote,14,2
7,vote,2,13
7,vote,13,14
7,vote,14,2
7,execute,2,WEREWOLF
7,guard,13,14,VILLAGER
8,status,1,VILLAGER,DEAD,TOKU11
8,status,2,WEREWOLF,DEAD,HALU
8,status,3,VILLAGER,DEAD,TOKU13
8,status,4,POSSESSED,DEAD,SampleJava8
8,status,5,VILLAGER,DEAD,OKAMI
8,status,6,VILLAGER,DEAD,OKAMI
8,status,7,VILLAGER,DEAD,sample_py
8,status,8,WEREWOLF,DEAD,TOKU5
8,status,9,VILLAGER,DEAD,HALU
8,status,10,VILLAGER,DEAD,sample_py
8,status,11,SEER,DEAD,HALU
8,status,12,WEREWOLF,DEAD,Takeda3
8,status,13,BODYGUARD,ALIVE,OKAMI
8,status,14,VILLAGER,ALIVE,Tomato9
8,status,15,MEDIUM,DEAD,TOKU4
8,result,2,0,VILLAGER
