0,status,1,MEDIUM,ALIVE,OKAMI
0,status,2,VILLAGER,ALIVE,HALU
0,status,3,VILLAGER,ALIVE,OKAMI
0,status,4,SEER,ALIVE,SampleJava0
0,status,5,POSSESSED,ALIVE,SampleJava1
0,status,6,WEREWOLF,ALIVE,TOKU10
0,status,7,VILLAGER,ALIVE,sample_py
0,status,8,VILLAGER,ALIVE,TOKU6
0,status,9,WEREWOLF,ALIVE,HALU
0,status,10,VILLAGER,ALIVE,Takeda12
0,status,11,VILLAGER,ALIVE,HALU
0,status,12,VILLAGER,ALIVE,Takeda5
0,status,13,WEREWOLF,ALIVE,Tomato3
0,status,14,VILLAGER,ALIVE,sample_py
0,status,15,BODYGUARD,ALIVE,HALU
0,whisper,0,0,13,COMINGOUT Agent[13] SEER
0,whisper,1,0,6,Skip
0,whisper,2,0,9,COMINGOUT Agent[09] MEDIUM
0,whisper,3,1,9,COMINGOUT Agent[09] VILLAGER
0,whisper,4,1,6,Skip
0,whisper,5,1,13,Skip
0,whisper,6,2,13,Skip
0,whisper,7,2,6,Over
0,whisper,8,2,9,Skip
0,whisper,9,3,9,Skip
0,whisper,10,3,6,Over
0,whisper,11,3,13,Over
0,whisper,12,4,13,Over
0,whisper,13,4,6,Over
0,whisper,14,4,9,Over
0,divine,4,14,HUMAN
1,status,1,MEDIUM,ALIVE,OKAMI
1,status,2,VILLAGER,ALIVE,HALU
1,status,3,VILLAGER,ALIVE,OKAMI
1,status,4,SEER,ALIVE,SampleJava0
1,status,5,POSSESSED,ALIVE,SampleJava1
1,status,6,WEREWOLF,ALIVE,TOKU10
1,status,7,VILLAGER,ALIVE,sample_py
1,status,8,VILLAGER,ALIVE,TOKU6
1,status,9,WEREWOLF,ALIVE,HALU
1,status,10,VILLAGER,ALIVE,Takeda12
1,status,11,VILLAGER,ALIVE,HALU
1,status,12,VILLAGER,ALIVE,Takeda5
1,status,13,WEREWOLF,ALIVE,Tomato3
1,status,14,VILLAGER,ALIVE,sample_py
1,status,15,BODYGUARD,ALIVE,HALU
1,talk,0,0,12,VOTE Agent[14]
1,talk,1,0,9,VOTE Agent[12]
1,talk,2,0,15,VOTE Agent[12]
1,talk,3,0,1,Over
1,talk,4,0,8,VOTE Agent[12]
1,talk,5,0,6,VOTE Agent[12]
1,talk,6,0,3,VOTE Agent[14]
1,talk,7,0,14,VOTE Agent[07]
1,talk,8,0,10,VOTE Agent[12]
1,talk,9,0,5,VOTE Agent[04]
1,talk,10,0,11,VOTE Agent[05]
1,talk,11,0,2,VOTE Agent[03]
1,talk,12,0,13,COMINGOUT Agent[13] SEER
1,talk,13,0,7,VOTE Agent[05]
1,talk,14,0,4,COMINGOUT Agent[04] SEER
1,talk,15,1,12,VOTE Agent[05]
1,talk,16,1,3,COMINGOUT Agent[03] VILLAGER
1,talk,17,1,15,VOTE Agent[03]
1,talk,18,1,5,REQUEST ANY (VOTE Agent[04])
1,talk,19,1,9,VOTE Agent[05]
1,talk,20,1,6,Skip
1,talk,21,1,11,VOTE Agent[03]
1,talk,22,1,1,Over
1,talk,23,1,10,Skip
1,talk,24,1,13,DIVINED Agent[04] HUMAN
1,talk,25,1,4,DAY 1 (DIVINED Agent[14] HUMAN)
1,talk,26,1,2,VOTE Agent[03]
1,talk,27,1,7,Skip
1,talk,28,1,8,Skip
1,talk,29,1,14,Skip
1,talk,30,2,10,Skip
1,talk,31,2,13,VOTE Agent[03]
1,talk,32,2,5,COMINGOUT Agent[05] SEER
1,talk,33,2,7,Skip
1,talk,34,2,8,VOTE Agent[05]
1,talk,35,2,15,VOTE Agent[03]
1,talk,36,2,3,VOTE Agent[07]
1,talk,37,2,2,VOTE Agent[03]
1,talk,38,2,11,VOTE Agent[03]
1,talk,39,2,14,Skip
1,talk,40,2,1,Over
1,talk,41,2,6,VOTE Agent[05]
1,talk,42,2,4,DIVINED Agent[14] HUMAN
1,talk,43,2,12,Skip
1,talk,44,2,9,VOTE Agent[03]
1,talk,45,3,10,VOTE Agent[05]
1,talk,46,3,5,DAY 1 (DIVINED Agent[04] WEREWOLF)
1,talk,47,3,11,VOTE Agent[03]
1,talk,48,3,7,Over
1,talk,49,3,14,Over
1,talk,50,3,4,BECAUSE (AND (COMINGOUT Agent[04] SEER) (Agent[13] COMINGOUT Agent[13] SEER)) (XOR (ESTIMATE Agent[13] WEREWOLF) (ESTIMATE Agent[13] POSSESSED))
1,talk,51,3,1,Over
1,talk,52,3,15,VOTE Agent[03]
1,talk,53,3,6,Skip
1,talk,54,3,13,Skip
1,talk,55,3,2,VOTE Agent[03]
1,talk,56,3,12,Skip
1,talk,57,3,8,Skip
1,talk,58,3,9,VOTE Agent[03]
1,talk,59,3,3,VOTE Agent[07]
1,talk,60,4,5,DIVINED Agent[04] WEREWOLF
1,talk,61,4,14,VOTE Agent[04]
1,talk,62,4,8,Skip
1,talk,63,4,15,VOTE Agent[03]
1,talk,64,4,4,BECAUSE (XOR (ESTIMATE Agent[13] WEREWOLF) (ESTIMATE Agent[13] POSSESSED)) (AND (VOTE Agent[13]) (REQUEST ANY (VOTE Agent[13])))
1,talk,65,4,1,Over
1,talk,66,4,11,VOTE Agent[03]
1,talk,67,4,12,Over
1,talk,68,4,10,Skip
1,talk,69,4,7,VOTE Agent[04]
1,talk,70,4,6,Skip
1,talk,71,4,3,VOTE Agent[10]
1,talk,72,4,9,VOTE Agent[03]
1,talk,73,4,2,VOTE Agent[03]
1,talk,74,4,13,Skip
1,talk,75,5,11,VOTE Agent[03]
1,talk,76,5,6,Over
1,talk,77,5,4,VOTE Agent[13]
1,talk,78,5,8,Over
1,talk,79,5,3,VOTE Agent[09]
1,talk,80,5,2,VOTE Agent[03]
1,talk,81,5,15,VOTE Agent[03]
1,talk,82,5,13,Over
1,talk,83,5,12,Over
1,talk,84,5,9,VOTE Agent[03]
1,talk,85,5,10,Skip
1,talk,86,5,14,Skip
1,talk,87,5,7,Skip
1,talk,88,5,1,Over
1,talk,89,5,5,Skip
1,talk,90,6,15,VOTE Agent[03]
1,talk,91,6,8,Over
1,talk,92,6,7,Skip
1,talk,93,6,6,Over
1,talk,94,6,11,VOTE Agent[03]
1,talk,95,6,1,Over
1,talk,96,6,3,VOTE Agent[11]
1,talk,97,6,2,VOTE Agent[03]
1,talk,98,6,9,VOTE Agent[03]
1,talk,99,6,5,Skip
1,talk,100,6,13,Over
1,talk,101,6,12,Over
1,talk,102,6,4,REQUEST ANY (VOTE Agent[13])
1,talk,103,6,10,Over
1,talk,104,6,14,Skip
1,talk,105,7,1,Over
1,talk,106,7,8,Over
1,talk,107,7,4,Skip
1,talk,108,7,11,VOTE Agent[03]
1,talk,109,7,9,VOTE Agent[03]
1,talk,110,7,7,Over
1,talk,111,7,13,Over
1,talk,112,7,14,Over
1,talk,113,7,3,VOTE Agent[11]
1,talk,114,7,12,Over
1,talk,115,7,10,Over
1,talk,116,7,5,Over
1,talk,117,7,2,VOTE Agent[03]
1,talk,118,7,15,VOTE Agent[03]
1,talk,119,7,6,Over
1,talk,120,8,12,Over
1,talk,121,8,4,Skip
1,talk,122,8,3,VOTE Agent[06]
1,talk,123,8,8,Over
1,talk,124,8,11,VOTE Agent[03]
1,talk,125,8,10,Over
1,talk,126,8,7,Over
1,talk,127,8,14,Over
1,talk,128,8,6,Over
1,talk,129,8,5,Over
1,talk,130,8,1,Over
1,talk,131,8,9,VOTE Agent[03]
1,talk,132,8,15,VOTE Agent[03]
1,talk,133,8,13,Over
1,talk,134,8,2,VOTE Agent[03]
1,talk,135,9,14,Over
1,talk,136,9,7,Over
1,talk,137,9,4,Over
1,talk,138,9,8,Over
1,talk,139,9,6,Over
1,talk,140,9,15,Over
1,talk,141,9,5,Over
1,talk,142,9,11,Over
1,talk,143,9,12,Over
1,talk,144,9,9,Over
1,talk,145,9,10,Over
1,talk,146,9,2,Over
1,talk,147,9,1,Over
1,talk,148,9,13,Over
1,talk,149,9,3,Over
1,vote,1,14
1,vote,2,3
1,vote,3,1
1,vote,4,13
1,vote,5,4
1,vote,6,5
1,vote,7,4
1,vote,8,5
1,vote,9,3
1,vote,10,5
1,vote,11,3
1,vote,12,5
1,vote,13,3
1,vote,14,4
1,vote,15,3
1,execute,3,VILLAGER
1,divine,4,13,WEREWOLF
1,whisper,0,0,6,Skip
1,whisper,1,0,13,ESTIMATE Agent[05] POSSESSED
1,whisper,2,0,9,ATTACK Agent[04]
1,whisper,3,1,9,Skip
1,whisper,4,1,13,ATTACK Agent[04]
1,whisper,5,1,6,Skip
1,whisper,6,2,13,Skip
1,whisper,7,2,6,Over
1,whisper,8,2,9,Skip
1,whisper,9,3,13,Skip
1,whisper,10,3,9,Over
1,whisper,11,3,6,Over
1,whisper,12,4,6,Over
1,whisper,13,4,9,Over
1,whisper,14,4,13,Over
1,guard,15,13,WEREWOLF
1,attackVote,6,5
1,attackVote,13,4
1,attackVote,6,5
1,attackVote,13,4
1,attack,4,true
2,status,1,MEDIUM,ALIVE,OKAMI
2,status,2,VILLAGER,ALIVE,HALU
2,status,3,VILLAGER,DEAD,OKAMI
2,status,4,SEER,DEAD,SampleJava0
2,status,5,POSSESSED,ALIVE,SampleJava1
2,status,6,WEREWOLF,ALIVE,TOKU10
2,status,7,VILLAGER,ALIVE,sample_py
2,status,8,VILLAGER,ALIVE,TOKU6
2,status,9,WEREWOLF,ALIVE,HALU
2,status,10,VILLAGER,ALIVE,Takeda12
2,status,11,VILLAGER,ALIVE,HALU
2,status,12,VILLAGER,ALIVE,Takeda5
2,status,13,WEREWOLF,ALIVE,Tomato3
2,status,14,VILLAGER,ALIVE,sample_py
2,status,15,BODYGUARD,ALIVE,HALU
2,talk,0,0,5,DAY 2 (DIVINED Agent[13] HUMAN)
2,talk,1,0,15,VOTE Agent[05]
2,talk,2,0,7,VOTE Agent[10]
2,talk,3,0,11,VOTE Agent[05]
2,talk,4,0,10,VOTE Agent[05]
2,talk,5,0,1,Skip
2,talk,6,0,2,VOTE Agent[05]
2,talk,7,0,14,VOTE Agent[11]
2,talk,8,0,8,VOTE Agent[05]
2,talk,9,0,6,VOTE Agent[05]
2,talk,10,0,9,VOTE Agent[07]
2,talk,11,0,13,DIVINED Agent[07] HUMAN
2,talk,12,0,12,VOTE Agent[05]
2,talk,13,1,8,Skip
2,talk,14,1,5,DIVINED Agent[13] HUMAN
2,talk,15,1,10,VOTE Agent[06]
2,talk,16,1,9,VOTE Agent[10]
2,talk,17,1,1,Over
2,talk,18,1,2,VOTE Agent[13]
2,talk,19,1,13,VOTE Agent[10]
2,talk,20,1,6,Skip
2,talk,21,1,7,Skip
2,talk,22,1,11,VOTE Agent[13]
2,talk,23,1,12,Skip
2,talk,24,1,15,VOTE Agent[13]
2,talk,25,1,14,Skip
2,talk,26,2,9,VOTE Agent[12]
2,talk,27,2,8,VOTE Agent[06]
2,talk,28,2,13,VOTE Agent[06]
2,talk,29,2,6,VOTE Agent[02]
2,talk,30,2,14,Skip
2,talk,31,2,11,VOTE Agent[13]
2,talk,32,2,10,Skip
2,talk,33,2,5,BECAUSE (AND (AND (COMINGOUT Agent[05] SEER) (Agent[13] COMINGOUT Agent[13] SEER)) (DAY 2 (DIVINED Agent[13] HUMAN))) (ESTIMATE Agent[13] POSSESSED)
2,talk,34,2,15,VOTE Agent[13]
2,talk,35,2,1,Over
2,talk,36,2,2,VOTE Agent[13]
2,talk,37,2,7,Skip
2,talk,38,2,12,Skip
2,talk,39,3,13,Skip
2,talk,40,3,5,VOTE Agent[15]
2,talk,41,3,1,Over
2,talk,42,3,12,VOTE Agent[06]
2,talk,43,3,6,Skip
2,talk,44,3,7,Over
2,talk,45,3,11,VOTE Agent[13]
2,talk,46,3,15,VOTE Agent[13]
2,talk,47,3,8,Skip
2,talk,48,3,14,Over
2,talk,49,3,9,VOTE Agent[12]
2,talk,50,3,2,VOTE Agent[05]
2,talk,51,3,10,Skip
2,talk,52,4,9,VOTE Agent[02]
2,talk,53,4,8,Skip
2,talk,54,4,11,VOTE Agent[05]
2,talk,55,4,6,Skip
2,talk,56,4,10,Over
2,talk,57,4,15,VOTE Agent[13]
2,talk,58,4,13,Skip
2,talk,59,4,12,Skip
2,talk,60,4,2,VOTE Agent[13]
2,talk,61,4,5,REQUEST ANY (VOTE Agent[15])
2,talk,62,4,1,Over
2,talk,63,4,7,Over
2,talk,64,4,14,Over
2,talk,65,5,15,VOTE Agent[13]
2,talk,66,5,13,Over
2,talk,67,5,14,Over
2,talk,68,5,8,Over
2,talk,69,5,12,Skip
2,talk,70,5,6,Over
2,talk,71,5,7,Over
2,talk,72,5,5,Skip
2,talk,73,5,1,Over
2,talk,74,5,2,VOTE Agent[05]
2,talk,75,5,9,VOTE Agent[12]
2,talk,76,5,10,Over
2,talk,77,5,11,VOTE Agent[13]
2,talk,78,6,8,Over
2,talk,79,6,11,VOTE Agent[05]
2,talk,80,6,5,Skip
2,talk,81,6,13,Over
2,talk,82,6,2,VOTE Agent[05]
2,talk,83,6,7,Over
2,talk,84,6,14,Over
2,talk,85,6,1,Over
2,talk,86,6,10,Over
2,talk,87,6,15,VOTE Agent[13]
2,talk,88,6,12,Over
2,talk,89,6,6,Over
2,talk,90,6,9,VOTE Agent[15]
2,talk,91,7,14,Over
2,talk,92,7,8,Over
2,talk,93,7,1,Over
2,talk,94,7,9,VOTE Agent[15]
2,talk,95,7,11,VOTE Agent[13]
2,talk,96,7,5,Over
2,talk,97,7,7,Over
2,talk,98,7,2,VOTE Agent[13]
2,talk,99,7,15,VOTE Agent[13]
2,talk,100,7,12,Over
2,talk,101,7,6,Over
2,talk,102,7,10,VOTE Agent[13]
2,talk,103,7,13,VOTE Agent[15]
2,talk,104,8,8,Over
2,talk,105,8,6,Over
2,talk,106,8,15,VOTE Agent[13]
2,talk,107,8,2,VOTE Agent[13]
2,talk,108,8,5,Over
2,talk,109,8,13,Skip
2,talk,110,8,11,VOTE Agent[13]
2,talk,111,8,9,VOTE Agent[12]
2,talk,112,8,7,Over
2,talk,113,8,14,Over
2,talk,114,8,1,Over
2,talk,115,8,10,Skip
2,talk,116,8,12,Over
2,talk,117,9,7,Over
2,talk,118,9,13,VOTE Agent[06]
2,talk,119,9,2,Over
2,talk,120,9,15,Over
2,talk,121,9,9,Over
2,talk,122,9,12,Over
2,talk,123,9,8,VOTE Agent[13]
2,talk,124,9,5,Over
2,talk,125,9,14,Over
2,talk,126,9,6,Over
2,talk,127,9,10,Skip
2,talk,128,9,11,Over
2,talk,129,9,1,Over
2,talk,130,10,10,Over
2,talk,131,10,15,Over
2,talk,132,10,9,Over
2,talk,133,10,7,Over
2,talk,134,10,1,Over
2,talk,135,10,8,Skip
2,talk,136,10,5,Over
2,talk,137,10,6,Over
2,talk,138,10,12,VOTE Agent[13]
2,talk,139,10,11,Over
2,talk,140,10,2,Over
2,talk,141,10,14,Over
2,talk,142,10,13,VOTE Agent[12]
2,talk,143,11,8,Skip
2,talk,144,11,1,Over
2,talk,145,11,14,Over
2,talk,146,11,15,Over
2,talk,147,11,11,Over
2,talk,148,11,13,Skip
2,talk,149,11,2,Over
2,talk,150,11,6,Over
2,talk,151,11,7,Over
2,talk,152,11,9,Over
2,talk,153,11,5,Over
2,talk,154,11,10,Over
2,talk,155,11,12,Skip
2,talk,156,12,10,Over
2,talk,157,12,6,Over
2,talk,158,12,8,Over
2,talk,159,12,13,VOTE Agent[10]
2,talk,160,12,12,Skip
2,talk,161,12,1,Over
2,talk,162,12,7,Over
2,talk,163,12,9,Over
2,talk,164,12,14,Over
2,talk,165,12,11,Over
2,talk,166,12,15,Over
2,talk,167,12,2,Over
2,talk,168,12,5,Over
2,talk,169,13,13,Skip
2,talk,170,13,8,Over
2,talk,171,13,11,Over
2,talk,172,13,10,Over
2,talk,173,13,12,Over
2,talk,174,13,14,Over
2,talk,175,13,6,Over
2,talk,176,13,5,Over
2,talk,177,13,15,Over
2,talk,178,13,1,Over
2,talk,179,13,2,Over
2,talk,180,13,7,Over
2,talk,181,13,9,Over
2,talk,182,14,7,Over
2,talk,183,14,5,Over
2,talk,184,14,6,Over
2,talk,185,14,12,Over
2,talk,186,14,11,Over
2,talk,187,14,1,Over
2,talk,188,14,2,Over
2,talk,189,14,13,Skip
2,talk,190,14,15,Over
2,talk,191,14,9,Over
2,talk,192,14,14,Over
2,talk,193,14,10,Over
2,talk,194,14,8,Over
2,talk,195,15,13,Over
2,talk,196,15,9,Over
2,talk,197,15,10,Over
2,talk,198,15,8,Over
2,talk,199,15,2,Over
2,talk,200,15,7,Over
2,talk,201,15,5,Over
2,talk,202,15,12,Over
2,talk,203,15,1,Over
2,talk,204,15,14,Over
2,talk,205,15,6,Over
2,talk,206,15,15,Over
2,talk,207,15,11,Over
2,vote,1,7
2,vote,2,13
2,vote,5,9
2,vote,6,13
2,vote,7,10
2,vote,8,13
2,vote,9,2
2,vote,10,13
2,vote,11,13
2,vote,12,13
2,vote,13,10
2,vote,14,11
2,vote,15,13
2,execute,13,WEREWOLF
2,whisper,0,0,6,Skip
2,whisper,1,0,9,ATTACK Agent[13]
2,whisper,2,1,9,Skip
2,whisper,3,1,6,Skip
2,whisper,4,2,9,Skip
2,whisper,5,2,6,Over
2,whisper,6,3,6,Over
2,whisper,7,3,9,Over
2,guard,15,5,POSSESSED
2,attackVote,6,5
2,attackVote,9,7
2,attackVote,6,5
2,attackVote,9,7
2,attack,7,true
3,status,1,MEDIUM,ALIVE,OKAMI
3,status,2,VILLAGER,ALIVE,HALU
3,status,3,VILLAGER,DEAD,OKAMI
3,status,4,SEER,DEAD,SampleJava0
3,status,5,POSSESSED,ALIVE,SampleJava1
3,status,6,WEREWOLF,ALIVE,TOKU10
3,status,7,VILLAGER,DEAD,sample_py
3,status,8,VILLAGER,ALIVE,TOKU6
3,status,9,WEREWOLF,ALIVE,HALU
3,status,10,VILLAGER,ALIVE,Takeda12
3,status,11,VILLAGER,ALIVE,HALU
3,status,12,VILLAGER,ALIVE,Takeda5
3,status,13,WEREWOLF,DEAD,Tomato3
3,status,14,VILLAGER,ALIVE,sample_py
3,status,15,BODYGUARD,ALIVE,HALU
3,talk,0,0,8,VOTE Agent[06]
3,talk,1,0,2,VOTE Agent[05]
3,talk,2,0,14,VOTE Agent[09]
3,talk,3,0,15,VOTE Agent[05]
3,talk,4,0,10,VOTE Agent[06]
3,talk,5,0,9,VOTE Agent[15]
3,talk,6,0,12,VOTE Agent[06]
3,talk,7,0,1,ESTIMATE Agent[13] WEREWOLF
3,talk,8,0,5,DAY 3 (DIVINED Agent[08] HUMAN)
3,talk,9,0,6,VOTE Agent[02]
3,talk,10,0,11,VOTE Agent[05]
3,talk,11,1,9,VOTE Agent[12]
3,talk,12,1,6,Skip
3,talk,13,1,10,Skip
3,talk,14,1,5,DIVINED Agent[08] HUMAN
3,talk,15,1,2,VOTE Agent[05]
3,talk,16,1,11,VOTE Agent[05]
3,talk,17,1,1,Over
3,talk,18,1,15,VOTE Agent[05]
3,talk,19,1,8,Skip
3,talk,20,1,12,Skip
3,talk,21,1,14,Skip
3,talk,22,2,15,VOTE Agent[05]
3,talk,23,2,8,Skip
3,talk,24,2,14,Skip
3,talk,25,2,2,VOTE Agent[05]
3,talk,26,2,12,Skip
3,talk,27,2,11,VOTE Agent[05]
3,talk,28,2,10,Skip
3,talk,29,2,6,Skip
3,talk,30,2,1,Over
3,talk,31,2,5,VOTE Agent[11]
3,talk,32,2,9,VOTE Agent[11]
3,talk,33,3,2,VOTE Agent[05]
3,talk,34,3,1,Over
3,talk,35,3,10,Over
3,talk,36,3,8,Over
3,talk,37,3,14,Over
3,talk,38,3,11,VOTE Agent[05]
3,talk,39,3,5,REQUEST ANY (VOTE Agent[11])
3,talk,40,3,15,VOTE Agent[05]
3,talk,41,3,9,VOTE Agent[15]
3,talk,42,3,12,Over
3,talk,43,3,6,Over
3,talk,44,4,8,Over
3,talk,45,4,15,VOTE Agent[05]
3,talk,46,4,10,Over
3,talk,47,4,6,Over
3,talk,48,4,11,VOTE Agent[05]
3,talk,49,4,5,Skip
3,talk,50,4,1,Over
3,talk,51,4,9,VOTE Agent[12]
3,talk,52,4,12,Over
3,talk,53,4,2,VOTE Agent[05]
3,talk,54,4,14,Over
3,talk,55,5,11,VOTE Agent[05]
3,talk,56,5,14,Over
3,talk,57,5,2,VOTE Agent[05]
3,talk,58,5,12,Over
3,talk,59,5,5,Skip
3,talk,60,5,15,VOTE Agent[05]
3,talk,61,5,6,Over
3,talk,62,5,8,Over
3,talk,63,5,1,Over
3,talk,64,5,10,Over
3,talk,65,5,9,VOTE Agent[15]
3,talk,66,6,14,Over
3,talk,67,6,2,VOTE Agent[05]
3,talk,68,6,15,VOTE Agent[05]
3,talk,69,6,10,Over
3,talk,70,6,12,Over
3,talk,71,6,6,Over
3,talk,72,6,1,Over
3,talk,73,6,9,VOTE Agent[15]
3,talk,74,6,11,VOTE Agent[05]
3,talk,75,6,8,Over
3,talk,76,6,5,Over
3,talk,77,7,14,Over
3,talk,78,7,8,Over
3,talk,79,7,11,VOTE Agent[05]
3,talk,80,7,1,Over
3,talk,81,7,6,Over
3,talk,82,7,5,Over
3,talk,83,7,10,Over
3,talk,84,7,2,VOTE Agent[05]
3,talk,85,7,9,VOTE Agent[12]
3,talk,86,7,15,VOTE Agent[05]
3,talk,87,7,12,Over
3,talk,88,8,8,Over
3,talk,89,8,1,Over
3,talk,90,8,5,Over
3,talk,91,8,9,VOTE Agent[15]
3,talk,92,8,15,VOTE Agent[05]
3,talk,93,8,11,VOTE Agent[05]
3,talk,94,8,2,VOTE Agent[05]
3,talk,95,8,12,Over
3,talk,96,8,6,Over
3,talk,97,8,14,Over
3,talk,98,8,10,Over
3,talk,99,9,12,Over
3,talk,100,9,10,Over
3,talk,101,9,15,Over
3,talk,102,9,9,Over
3,talk,103,9,1,Over
3,talk,104,9,8,Over
3,talk,105,9,5,Over
3,talk,106,9,6,Over
3,talk,107,9,2,Over
3,talk,108,9,11,Over
3,talk,109,9,14,Over
3,vote,1,11
3,vote,2,5
3,vote,5,15
3,vote,6,2
3,vote,8,6
3,vote,9,2
3,vote,10,6
3,vote,11,5
3,vote,12,6
3,vote,14,9
3,vote,15,5
3,vote,1,14
3,vote,2,5
3,vote,5,6
3,vote,6,2
3,vote,8,6
3,vote,9,2
3,vote,10,6
3,vote,11,5
3,vote,12,6
3,vote,14,9
3,vote,15,5
3,execute,6,WEREWOLF
3,guard,15,5,POSSESSED
3,attackVote,9,14
3,attack,14,true
4,status,1,MEDIUM,ALIVE,OKAMI
4,status,2,VILLAGER,ALIVE,HALU
4,status,3,VILLAGER,DEAD,OKAMI
4,status,4,SEER,DEAD,SampleJava0
4,status,5,POSSESSED,ALIVE,SampleJava1
4,status,6,WEREWOLF,DEAD,TOKU10
4,status,7,VILLAGER,DEAD,sample_py
4,status,8,VILLAGER,ALIVE,TOKU6
4,status,9,WEREWOLF,ALIVE,HALU
4,status,10,VILLAGER,ALIVE,Takeda12
4,status,11,VILLAGER,ALIVE,HALU
4,status,12,VILLAGER,ALIVE,Takeda5
4,status,13,WEREWOLF,DEAD,Tomato3
4,status,14,VILLAGER,DEAD,sample_py
4,status,15,BODYGUARD,ALIVE,HALU
4,talk,0,0,11,VOTE Agent[05]
4,talk,1,0,5,DAY 4 (DIVINED Agent[15] HUMAN)
4,talk,2,0,8,VOTE Agent[02]
4,talk,3,0,15,VOTE Agent[05]
4,talk,4,0,2,VOTE Agent[05]
4,talk,5,0,1,ESTIMATE Agent[06] WEREWOLF
4,talk,6,0,9,VOTE Agent[02]
4,talk,7,0,12,VOTE Agent[02]
4,talk,8,0,10,VOTE Agent[02]
4,talk,9,1,11,VOTE Agent[05]
4,talk,10,1,9,VOTE Agent[11]
4,talk,11,1,15,VOTE Agent[05]
4,talk,12,1,8,Skip
4,talk,13,1,2,VOTE Agent[05]
4,talk,14,1,10,Skip
4,talk,15,1,12,Skip
4,talk,16,1,1,Over
4,talk,17,1,5,DIVINED Agent[15] HUMAN
4,talk,18,2,5,VOTE Agent[07]
4,talk,19,2,2,VOTE Agent[05]
4,talk,20,2,10,Skip
4,talk,21,2,1,Over
4,talk,22,2,11,VOTE Agent[05]
4,talk,23,2,12,Skip
4,talk,24,2,8,Skip
4,talk,25,2,9,VOTE Agent[10]
4,talk,26,2,15,VOTE Agent[05]
4,talk,27,3,2,VOTE Agent[05]
4,talk,28,3,12,Over
4,talk,29,3,15,VOTE Agent[05]
4,talk,30,3,9,VOTE Agent[10]
4,talk,31,3,10,Over
4,talk,32,3,8,Over
4,talk,33,3,1,Over
4,talk,34,3,5,REQUEST ANY (VOTE Agent[07])
4,talk,35,3,11,VOTE Agent[05]
4,talk,36,4,8,Over
4,talk,37,4,5,VOTE Agent[12]
4,talk,38,4,1,Over
4,talk,39,4,11,VOTE Agent[05]
4,talk,40,4,2,VOTE Agent[05]
4,talk,41,4,9,VOTE Agent[02]
4,talk,42,4,12,Over
4,talk,43,4,10,Over
4,talk,44,4,15,VOTE Agent[05]
4,talk,45,5,11,VOTE Agent[05]
4,talk,46,5,8,Over
4,talk,47,5,9,VOTE Agent[11]
4,talk,48,5,5,REQUEST ANY (VOTE Agent[12])
4,talk,49,5,2,VOTE Agent[05]
4,talk,50,5,10,Over
4,talk,51,5,1,Over
4,talk,52,5,15,VOTE Agent[05]
4,talk,53,5,12,Over
4,talk,54,6,1,Over
4,talk,55,6,12,Over
4,talk,56,6,9,VOTE Agent[01]
4,talk,57,6,8,Over
4,talk,58,6,15,VOTE Agent[05]
4,talk,59,6,2,VOTE Agent[05]
4,talk,60,6,5,Skip
4,talk,61,6,11,VOTE Agent[05]
4,talk,62,6,10,Over
4,talk,63,7,8,Over
4,talk,64,7,12,Over
4,talk,65,7,5,Skip
4,talk,66,7,2,VOTE Agent[05]
4,talk,67,7,11,VOTE Agent[05]
4,talk,68,7,9,VOTE Agent[11]
4,talk,69,7,15,VOTE Agent[05]
4,talk,70,7,10,Over
4,talk,71,7,1,Over
4,talk,72,8,2,VOTE Agent[05]
4,talk,73,8,11,VOTE Agent[05]
4,talk,74,8,9,VOTE Agent[11]
4,talk,75,8,1,Over
4,talk,76,8,8,Over
4,talk,77,8,12,Over
4,talk,78,8,15,VOTE Agent[05]
4,talk,79,8,10,Over
4,talk,80,8,5,Over
4,talk,81,9,8,Over
4,talk,82,9,1,Over
4,talk,83,9,15,Over
4,talk,84,9,12,Over
4,talk,85,9,5,Over
4,talk,86,9,2,Over
4,talk,87,9,9,Over
4,talk,88,9,10,Over
4,talk,89,9,11,Over
4,vote,1,8
4,vote,2,5
4,vote,5,10
4,vote,8,2
4,vote,9,1
4,vote,10,2
4,vote,11,5
4,vote,12,2
4,vote,15,5
4,vote,1,15
4,vote,2,5
4,vote,5,2
4,vote,8,2
4,vote,9,10
4,vote,10,2
4,vote,11,5
4,vote,12,2
4,vote,15,5
4,execute,2,VILLAGER
4,guard,15,5,POSSESSED
4,attackVote,9,11
4,attack,11,true
5,status,1,MEDIUM,ALIVE,OKAMI
5,status,2,VILLAGER,DEAD,HALU
5,status,3,VILLAGER,DEAD,OKAMI
5,status,4,SEER,DEAD,SampleJava0
5,status,5,POSSESSED,ALIVE,SampleJava1
5,status,6,WEREWOLF,DEAD,TOKU10
5,status,7,VILLAGER,DEAD,sample_py
5,status,8,VILLAGER,ALIVE,TOKU6
5,status,9,WEREWOLF,ALIVE,HALU
5,status,10,VILLAGER,ALIVE,Takeda12
5,status,11,VILLAGER,DEAD,HALU
5,status,12,VILLAGER,ALIVE,Takeda5
5,status,13,WEREWOLF,DEAD,Tomato3
5,status,14,VILLAGER,DEAD,sample_py
5,status,15,BODYGUARD,ALIVE,HALU
5,talk,0,0,1,Skip
5,talk,1,0,9,VOTE Agent[12]
5,talk,2,0,8,VOTE Agent[15]
5,talk,3,0,15,VOTE Agent[10]
5,talk,4,0,12,VOTE Agent[15]
5,talk,5,0,5,DAY 5 (DIVINED Agent[12] HUMAN)
5,talk,6,0,10,VOTE Agent[15]
5,talk,7,1,9,VOTE Agent[10]
5,talk,8,1,1,Over
5,talk,9,1,15,VOTE Agent[08]
5,talk,10,1,5,DIVINED Agent[12] HUMAN
5,talk,11,1,8,Skip
5,talk,12,1,12,Skip
5,talk,13,1,10,Skip
5,talk,14,2,15,VOTE Agent[05]
5,talk,15,2,1,Over
5,talk,16,2,9,VOTE Agent[10]
5,talk,17,2,8,Skip
5,talk,18,2,12,Skip
5,talk,19,2,5,VOTE Agent[09]
5,talk,20,2,10,Skip
5,talk,21,3,9,VOTE Agent[10]
5,talk,22,3,8,Over
5,talk,23,3,12,Over
5,talk,24,3,15,VOTE Agent[05]
5,talk,25,3,10,Over
5,talk,26,3,1,Over
5,talk,27,3,5,REQUEST ANY (VOTE Agent[09])
5,talk,28,4,5,Skip
5,talk,29,4,15,VOTE Agent[05]
5,talk,30,4,10,Over
5,talk,31,4,8,Over
5,talk,32,4,12,Over
5,talk,33,4,1,Over
5,talk,34,4,9,VOTE Agent[10]
5,talk,35,5,12,Over
5,talk,36,5,9,VOTE Agent[10]
5,talk,37,5,15,VOTE Agent[05]
5,talk,38,5,8,Over
5,talk,39,5,1,Over
5,talk,40,5,5,Skip
5,talk,41,5,10,Over
5,talk,42,6,10,Over
5,talk,43,6,5,Over
5,talk,44,6,15,VOTE Agent[05]
5,talk,45,6,8,Over
5,talk,46,6,9,VOTE Agent[10]
5,talk,47,6,1,Over
5,talk,48,6,12,Over
5,talk,49,7,10,Over
5,talk,50,7,15,VOTE Agent[05]
5,talk,51,7,12,Over
5,talk,52,7,5,Over
5,talk,53,7,9,VOTE Agent[10]
5,talk,54,7,8,Over
5,talk,55,7,1,Over
5,talk,56,8,15,VOTE Agent[05]
5,talk,57,8,10,Over
5,talk,58,8,8,Over
5,talk,59,8,5,Over
5,talk,60,8,12,Over
5,talk,61,8,1,Over
5,talk,62,8,9,VOTE Agent[10]
5,talk,63,9,10,Over
5,talk,64,9,12,Over
5,talk,65,9,9,Over
5,talk,66,9,15,Over
5,talk,67,9,8,Over
5,talk,68,9,1,Over
5,talk,69,9,5,Over
5,vote,1,10
5,vote,5,15
5,vote,8,15
5,vote,9,10
5,vote,10,15
5,vote,12,15
5,vote,15,5
5,execute,15,BODYGUARD
5,attackVote,9,8
5,attack,8,true
6,status,1,MEDIUM,ALIVE,OKAMI
6,status,2,VILLAGER,DEAD,HALU
6,status,3,VILLAGER,DEAD,OKAMI
6,status,4,SEER,DEAD,SampleJava0
6,status,5,POSSESSED,ALIVE,SampleJava1
6,status,6,WEREWOLF,DEAD,TOKU10
6,status,7,VILLAGER,DEAD,sample_py
6,status,8,VILLAGER,DEAD,TOKU6
6,status,9,WEREWOLF,ALIVE,HALU
6,status,10,VILLAGER,ALIVE,Takeda12
6,status,11,VILLAGER,DEAD,HALU
6,status,12,VILLAGER,ALIVE,Takeda5
6,status,13,WEREWOLF,DEAD,Tomato3
6,status,14,VILLAGER,DEAD,sample_py
6,status,15,BODYGUARD,DEAD,HALU
6,talk,0,0,10,VOTE Agent[09]
6,talk,1,0,5,DAY 6 (DIVINED Agent[01] HUMAN)
6,talk,2,0,9,VOTE Agent[10]
6,talk,3,0,1,Skip
6,talk,4,0,12,VOTE Agent[10]
6,talk,5,1,10,Skip
6,talk,6,1,9,VOTE Agent[10]
6,talk,7,1,5,DIVINED Agent[01] HUMAN
6,talk,8,1,1,Over
6,talk,9,1,12,Skip
6,talk,10,2,10,Skip
6,talk,11,2,12,Skip
6,talk,12,2,1,Over
6,talk,13,2,5,VOTE Agent[09]
6,talk,14,2,9,VOTE Agent[10]
6,talk,15,3,1,Over
6,talk,16,3,12,Over
6,talk,17,3,5,REQUEST ANY (VOTE Agent[09])
6,talk,18,3,10,Over
6,talk,19,3,9,VOTE Agent[10]
6,talk,20,4,12,Over
6,talk,21,4,10,Over
6,talk,22,4,9,VOTE Agent[10]
6,talk,23,4,5,Skip
6,talk,24,4,1,Over
6,talk,25,5,9,VOTE Agent[10]
6,talk,26,5,5,Skip
6,talk,27,5,10,Over
6,talk,28,5,12,Over
6,talk,29,5,1,Over
6,talk,30,6,10,Over
6,talk,31,6,9,VOTE Agent[10]
6,talk,32,6,12,Over
6,talk,33,6,5,Over
6,talk,34,6,1,Over
6,talk,35,7,1,Over
6,talk,36,7,10,Over
6,talk,37,7,9,VOTE Agent[10]
6,talk,38,7,5,Over
6,talk,39,7,12,Over
6,talk,40,8,1,Over
6,talk,41,8,10,Over
6,talk,42,8,12,Over
6,talk,43,8,9,VOTE Agent[10]
6,talk,44,8,5,Over
6,talk,45,9,1,Over
6,talk,46,9,5,Over
6,talk,47,9,12,Over
6,talk,48,9,10,Over
6,talk,49,9,9,Over
6,vote,1,10
6,vote,5,9
6,vote,9,10
6,vote,10,9
6,vote,12,10
6,execute,10,VILLAGER
6,attackVote,9,1
6,attack,1,true
7,status,1,MEDIUM,DEAD,OKAMI
7,status,2,VILLAGER,DEAD,HALU
7,status,3,VILLAGER,DEAD,OKAMI
7,status,4,SEER,DEAD,SampleJava0
7,status,5,POSSESSED,ALIVE,SampleJava1
7,status,6,WEREWOLF,DEAD,TOKU10
7,status,7,VILLAGER,DEAD,sample_py
7,status,8,VILLAGER,DEAD,TOKU6
7,status,9,WEREWOLF,ALIVE,HALU
7,status,10,VILLAGER,DEAD,Takeda12
7,status,11,VILLAGER,DEAD,HALU
7,status,12,VILLAGER,ALIVE,Takeda5
7,status,13,WEREWOLF,DEAD,Tomato3
7,status,14,VILLAGER,DEAD,sample_py
7,status,15,BODYGUARD,DEAD,HALU
7,talk,0,0,5,DAY 7 (DIVINED Agent[09] HUMAN)
7,talk,1,0,12,VOTE Agent[09]
7,talk,2,0,9,VOTE Agent[05]
7,talk,3,1,9,VOTE Agent[05]
7,talk,4,1,12,Skip
7,talk,5,1,5,DIVINED Agent[09] HUMAN
7,talk,6,2,5,VOTE Agent[07]
7,talk,7,2,12,Skip
7,talk,8,2,9,VOTE Agent[05]
7,talk,9,3,9,VOTE Agent[05]
7,talk,10,3,12,Over
7,talk,11,3,5,REQUEST ANY (VOTE Agent[07])
7,talk,12,4,5,VOTE Agent[14]
7,talk,13,4,12,Over
7,talk,14,4,9,VOTE Agent[05]
7,talk,15,5,5,REQUEST ANY (VOTE Agent[14])
7,talk,16,5,9,VOTE Agent[05]
7,talk,17,5,12,Over
7,talk,18,6,12,Over
7,talk,19,6,9,VOTE Agent[05]
7,talk,20,6,5,VOTE Agent[10]
7,talk,21,7,12,Over
7,talk,22,7,9,VOTE Agent[05]
7,talk,23,7,5,REQUEST ANY (VOTE Agent[10])
7,talk,24,8,9,VOTE Agent[05]
7,talk,25,8,5,Skip
7,talk,26,8,12,Over
7,talk,27,9,9,Over
7,talk,28,9,12,Over
7,talk,29,9,5,VOTE Agent[14]
7,talk,30,10,9,Over
7,talk,31,10,12,Over
7,talk,32,10,5,REQUEST ANY (VOTE Agent[14])
7,talk,33,11,5,Over
7,talk,34,11,12,Over
7,talk,35,11,9,Over
7,vote,5,9
7,vote,9,5
7,vote,12,9
7,execute,9,WEREWOLF
8,status,1,MEDIUM,DEAD,OKAMI
8,status,2,VILLAGER,DEAD,HALU
8,status,3,VILLAGER,DEAD,OKAMI
8,status,4,SEER,DEAD,SampleJava0
8,status,5,POSSESSED,ALIVE,SampleJava1
8,status,6,WEREWOLF,DEAD,TOKU10
8,status,7,VILLAGER,DEAD,sample_py
8,status,8,VILLAGER,DEAD,TOKU6
8,status,9,WEREWOLF,DEAD,HALU
8,status,10,VILLAGER,DEAD,Takeda12
8,status,11,VILLAGER,DEAD,HALU
8,status,12,VILLAGER,ALIVE,Takeda5
8,status,13,WEREWOLF,DEAD,Tomato3
8,status,14,VILLAGER,DEAD,sample_py
8,status,15,BODYGUARD,DEAD,HALU
8,result,2,0,VILLAGER
