0,status,1,BODYGUARD,ALIVE,OKAMI
0,status,2,VILLAGER,ALIVE,HALU
0,status,3,VILLAGER,ALIVE,OKAMI
0,status,4,VILLAGER,ALIVE,SampleJava0
0,status,5,POSSESSED,ALIVE,SampleJava1
0,status,6,MEDIUM,ALIVE,TOKU10
0,status,7,WEREWOLF,ALIVE,sample_py
0,status,8,VILLAGER,ALIVE,TOKU6
0,status,9,VILLAGER,ALIVE,HALU
0,status,10,WEREWOLF,ALIVE,Takeda12
0,status,11,SEER,ALIVE,HALU
0,status,12,VILLAGER,ALIVE,Takeda5
0,status,13,VILLAGER,ALIVE,Tomato3
0,status,14,WEREWOLF,ALIVE,sample_py
0,status,15,VILLAGER,ALIVE,HALU
0,whisper,0,0,7,COMINGOUT Agent[07] VILLAGER
0,whisper,1,0,14,COMINGOUT Agent[14] MEDIUM
0,whisper,2,0,10,Skip
0,whisper,3,1,10,Skip
0,whisper,4,1,7,COMINGOUT Agent[07] VILLAGER
0,whisper,5,1,14,COMINGOUT Agent[14] MEDIUM
0,whisper,6,2,10,Over
0,whisper,7,2,14,COMINGOUT Agent[14] MEDIUM
0,whisper,8,2,7,COMINGOUT Agent[07] VILLAGER
0,whisper,9,3,14,COMINGOUT Agent[14] MEDIUM
0,whisper,10,3,10,Over
0,whisper,11,3,7,COMINGOUT Agent[07] VILLAGER
0,whisper,12,4,10,Over
0,whisper,13,4,14,COMINGOUT Agent[14] MEDIUM
0,whisper,14,4,7,COMINGOUT Agent[07] VILLAGER
0,whisper,15,5,14,COMINGOUT Agent[14] MEDIUM
0,whisper,16,5,7,COMINGOUT Agent[07] VILLAGER
0,whisper,17,5,10,Over
0,whisper,18,6,7,COMINGOUT Agent[07] VILLAGER
0,whisper,19,6,10,Over
0,whisper,20,6,14,COMINGOUT Agent[14] MEDIUM
0,whisper,21,7,7,COMINGOUT Agent[07] VILLAGER
0,whisper,22,7,10,Over
0,whisper,23,7,14,COMINGOUT Agent[14] MEDIUM
0,whisper,24,8,7,COMINGOUT Agent[07] VILLAGER
0,whisper,25,8,14,COMINGOUT Agent[14] MEDIUM
0,whisper,26,8,10,Over
0,whisper,27,9,10,Over
0,whisper,28,9,14,COMINGOUT Agent[14] MEDIUM
0,whisper,29,9,7,COMINGOUT Agent[07] VILLAGER
0,whisper,30,10,10,Over
0,whisper,31,10,7,Over
0,whisper,32,10,14,Over
0,divine,11,13,HUMAN
1,status,1,BODYGUARD,ALIVE,OKAMI
1,status,2,VILLAGER,ALIVE,HALU
1,status,3,VILLAGER,ALIVE,OKAMI
1,status,4,VILLAGER,ALIVE,SampleJava0
1,status,5,POSSESSED,ALIVE,SampleJava1
1,status,6,MEDIUM,ALIVE,TOKU10
1,status,7,WEREWOLF,ALIVE,sample_py
1,status,8,VILLAGER,ALIVE,TOKU6
1,status,9,VILLAGER,ALIVE,HALU
1,status,10,WEREWOLF,ALIVE,Takeda12
1,status,11,SEER,ALIVE,HALU
1,status,12,VILLAGER,ALIVE,Takeda5
1,status,13,VILLAGER,ALIVE,Tomato3
1,status,14,WEREWOLF,ALIVE,sample_py
1,status,15,VILLAGER,ALIVE,HALU
1,talk,0,0,9,VOTE Agent[12]
1,talk,1,0,15,VOTE Agent[09]
1,talk,2,0,2,VOTE Agent[15]
1,talk,3,0,6,COMINGOUT Agent[06] MEDIUM
1,talk,4,0,4,VOTE Agent[07]
1,talk,5,0,10,Skip
1,talk,6,0,12,VOTE Agent[07]
1,talk,7,0,14,VOTE Agent[06]
1,talk,8,0,8,VOTE Agent[06]
1,talk,9,0,13,VOTE Agent[06]
1,talk,10,0,3,VOTE Agent[07]
1,talk,11,0,5,VOTE Agent[03]
1,talk,12,0,11,COMINGOUT Agent[11] SEER
1,talk,13,0,7,VOTE Agent[06]
1,talk,14,0,1,VOTE Agent[07]
1,talk,15,1,3,COMINGOUT Agent[03] VILLAGER
1,talk,16,1,8,VOTE Agent[03]
1,talk,17,1,7,VOTE Agent[03]
1,talk,18,1,13,VOTE Agent[07]
1,talk,19,1,15,VOTE Agent[03]
1,talk,20,1,11,DIVINED Agent[13] HUMAN
1,talk,21,1,6,VOTE Agent[05]
1,talk,22,1,2,VOTE Agent[03]
1,talk,23,1,1,VOTE Agent[03]
1,talk,24,1,14,Skip
1,talk,25,1,12,VOTE Agent[09]
1,talk,26,1,5,REQUEST ANY (VOTE Agent[03])
1,talk,27,1,10,VOTE Agent[09]
1,talk,28,1,4,REQUEST ANY (VOTE Agent[07])
1,talk,29,1,9,VOTE Agent[03]
1,talk,30,2,6,VOTE Agent[01]
1,talk,31,2,12,VOTE Agent[10]
1,talk,32,2,5,COMINGOUT Agent[05] SEER
1,talk,33,2,7,Skip
1,talk,34,2,10,VOTE Agent[01]
1,talk,35,2,9,VOTE Agent[03]
1,talk,36,2,2,VOTE Agent[03]
1,talk,37,2,8,VOTE Agent[10]
1,talk,38,2,3,VOTE Agent[10]
1,talk,39,2,15,VOTE Agent[03]
1,talk,40,2,13,VOTE Agent[03]
1,talk,41,2,11,VOTE Agent[03]
1,talk,42,2,4,Skip
1,talk,43,2,1,VOTE Agent[03]
1,talk,44,2,14,Skip
1,talk,45,3,1,VOTE Agent[03]
1,talk,46,3,8,VOTE Agent[07]
1,talk,47,3,2,VOTE Agent[03]
1,talk,48,3,15,VOTE Agent[03]
1,talk,49,3,6,Skip
1,talk,50,3,10,VOTE Agent[03]
1,talk,51,3,12,VOTE Agent[01]
1,talk,52,3,5,DAY 1 (DIVINED Agent[11] WEREWOLF)
1,talk,53,3,14,Over
1,talk,54,3,3,VOTE Agent[07]
1,talk,55,3,4,Skip
1,talk,56,3,9,VOTE Agent[03]
1,talk,57,3,7,Skip
1,talk,58,3,11,VOTE Agent[03]
1,talk,59,3,13,Skip
1,talk,60,4,10,Skip
1,talk,61,4,13,Skip
1,talk,62,4,8,Skip
1,talk,63,4,5,DIVINED Agent[11] WEREWOLF
1,talk,64,4,15,VOTE Agent[03]
1,talk,65,4,9,VOTE Agent[03]
1,talk,66,4,14,Over
1,talk,67,4,3,VOTE Agent[07]
1,talk,68,4,4,Over
1,talk,69,4,1,VOTE Agent[03]
1,talk,70,4,6,Skip
1,talk,71,4,7,Over
1,talk,72,4,11,VOTE Agent[03]
1,talk,73,4,2,VOTE Agent[03]
1,talk,74,4,12,Skip
1,talk,75,5,3,VOTE Agent[01]
1,talk,76,5,10,Skip
1,talk,77,5,7,Over
1,talk,78,5,5,BECAUSE (DAY 1 (DIVINED Agent[11] WEREWOLF)) (AND (VOTE Agent[11]) (REQUEST ANY (VOTE Agent[11])))
1,talk,79,5,9,VOTE Agent[03]
1,talk,80,5,13,VOTE Agent[11]
1,talk,81,5,4,Over
1,talk,82,5,14,Over
1,talk,83,5,6,Over
1,talk,84,5,1,VOTE Agent[03]
1,talk,85,5,11,VOTE Agent[03]
1,talk,86,5,8,VOTE Agent[01]
1,talk,87,5,15,VOTE Agent[03]
1,talk,88,5,12,Skip
1,talk,89,5,2,VOTE Agent[03]
1,talk,90,6,3,VOTE Agent[07]
1,talk,91,6,5,VOTE Agent[11]
1,talk,92,6,6,Over
1,talk,93,6,4,Over
1,talk,94,6,7,Over
1,talk,95,6,1,VOTE Agent[03]
1,talk,96,6,14,Over
1,talk,97,6,15,VOTE Agent[03]
1,talk,98,6,10,VOTE Agent[01]
1,talk,99,6,9,VOTE Agent[03]
1,talk,100,6,12,Over
1,talk,101,6,2,VOTE Agent[03]
1,talk,102,6,11,VOTE Agent[03]
1,talk,103,6,8,Skip
1,talk,104,6,13,Skip
1,talk,105,7,10,Skip
1,talk,106,7,3,VOTE Agent[07]
1,talk,107,7,9,VOTE Agent[03]
1,talk,108,7,6,Over
1,talk,109,7,2,VOTE Agent[03]
1,talk,110,7,8,Skip
1,talk,111,7,13,Skip
1,talk,112,7,15,VOTE Agent[03]
1,talk,113,7,4,Over
1,talk,114,7,1,VOTE Agent[03]
1,talk,115,7,12,Over
1,talk,116,7,5,REQUEST ANY (VOTE Agent[11])
1,talk,117,7,11,VOTE Agent[03]
1,talk,118,7,7,Over
1,talk,119,7,14,Over
1,talk,120,8,3,VOTE Agent[07]
1,talk,121,8,14,Over
1,talk,122,8,9,VOTE Agent[03]
1,talk,123,8,4,Over
1,talk,124,8,2,VOTE Agent[03]
1,talk,125,8,5,Skip
1,talk,126,8,1,VOTE Agent[03]
1,talk,127,8,15,VOTE Agent[03]
1,talk,128,8,12,Over
1,talk,129,8,6,Over
1,talk,130,8,10,Skip
1,talk,131,8,13,Over
1,talk,132,8,8,Over
1,talk,133,8,11,VOTE Agent[03]
1,talk,134,8,7,Over
1,talk,135,9,2,Over
1,talk,136,9,15,Over
1,talk,137,9,3,Over
1,talk,138,9,7,Over
1,talk,139,9,6,Over
1,talk,140,9,10,Over
1,talk,141,9,8,Over
1,talk,142,9,14,Over
1,talk,143,9,13,Over
1,talk,144,9,4,Over
1,talk,145,9,5,Skip
1,talk,146,9,11,Over
1,talk,147,9,9,Over
1,talk,148,9,1,Over
1,talk,149,9,12,Over
1,talk,150,10,2,Over
1,talk,151,10,9,Over
1,talk,152,10,4,Over
1,talk,153,10,12,Over
1,talk,154,10,10,Over
1,talk,155,10,11,Over
1,talk,156,10,8,Over
1,talk,157,10,6,Over
1,talk,158,10,14,Over
1,talk,159,10,3,Over
1,talk,160,10,13,Over
1,talk,161,10,1,Over
1,talk,162,10,15,Over
1,talk,163,10,7,Over
1,talk,164,10,5,Over
1,vote,1,3
1,vote,2,3
1,vote,3,7
1,vote,4,11
1,vote,5,11
1,vote,6,1
1,vote,7,3
1,vote,8,1
1,vote,9,3
1,vote,10,1
1,vote,11,3
1,vote,12,1
1,vote,13,11
1,vote,14,6
1,vote,15,3
1,execute,3,VILLAGER
1,divine,11,4,HUMAN
1,whisper,0,0,7,ATTACK Agent[11]
1,whisper,1,0,14,ATTACK Agent[11]
1,whisper,2,0,10,Skip
1,whisper,3,1,10,Skip
1,whisper,4,1,14,Skip
1,whisper,5,1,7,Skip
1,whisper,6,2,14,Skip
1,whisper,7,2,10,Over
1,whisper,8,2,7,Skip
1,whisper,9,3,10,Over
1,whisper,10,3,14,Over
1,whisper,11,3,7,Over
1,guard,1,11,SEER
1,attackVote,7,11
1,attackVote,10,12
1,attackVote,14,11
1,attack,11,false
2,status,1,BODYGUARD,ALIVE,OKAMI
2,status,2,VILLAGER,ALIVE,HALU
2,status,3,VILLAGER,DEAD,OKAMI
2,status,4,VILLAGER,ALIVE,SampleJava0
2,status,5,POSSESSED,ALIVE,SampleJava1
2,status,6,MEDIUM,ALIVE,TOKU10
2,status,7,WEREWOLF,ALIVE,sample_py
2,status,8,VILLAGER,ALIVE,TOKU6
2,status,9,VILLAGER,ALIVE,HALU
2,status,10,WEREWOLF,ALIVE,Takeda12
2,status,11,SEER,ALIVE,HALU
2,status,12,VILLAGER,ALIVE,Takeda5
2,status,13,VILLAGER,ALIVE,Tomato3
2,status,14,WEREWOLF,ALIVE,sample_py
2,status,15,VILLAGER,ALIVE,HALU
2,talk,0,0,5,DAY 2 (DIVINED Agent[10] HUMAN)
2,talk,1,0,15,VOTE Agent[04]
2,talk,2,0,8,VOTE Agent[01]
2,talk,3,0,9,VOTE Agent[15]
2,talk,4,0,1,VOTE Agent[15]
2,talk,5,0,2,VOTE Agent[01]
2,talk,6,0,7,VOTE Agent[11]
2,talk,7,0,12,VOTE Agent[01]
2,talk,8,0,14,COMINGOUT Agent[14] MEDIUM
2,talk,9,0,11,DIVINED Agent[04] HUMAN
2,talk,10,0,13,VOTE Agent[11]
2,talk,11,0,6,IDENTIFIED Agent[03] HUMAN
2,talk,12,0,4,VOTE Agent[02]
2,talk,13,0,10,VOTE Agent[01]
2,talk,14,1,7,Skip
2,talk,15,1,4,REQUEST ANY (VOTE Agent[02])
2,talk,16,1,9,VOTE Agent[01]
2,talk,17,1,10,VOTE Agent[14]
2,talk,18,1,11,VOTE Agent[01]
2,talk,19,1,12,VOTE Agent[14]
2,talk,20,1,5,DIVINED Agent[10] HUMAN
2,talk,21,1,13,Skip
2,talk,22,1,8,VOTE Agent[14]
2,talk,23,1,15,VOTE Agent[08]
2,talk,24,1,2,VOTE Agent[01]
2,talk,25,1,14,IDENTIFIED Agent[03] HUMAN
2,talk,26,1,1,VOTE Agent[02]
2,talk,27,1,6,VOTE Agent[14]
2,talk,28,2,4,Skip
2,talk,29,2,9,VOTE Agent[15]
2,talk,30,2,13,Skip
2,talk,31,2,8,Skip
2,talk,32,2,15,VOTE Agent[01]
2,talk,33,2,6,Skip
2,talk,34,2,14,VOTE Agent[06]
2,talk,35,2,11,VOTE Agent[09]
2,talk,36,2,7,Skip
2,talk,37,2,10,Skip
2,talk,38,2,1,VOTE Agent[02]
2,talk,39,2,5,BECAUSE (DAY 1 (DIVINED Agent[11] WEREWOLF)) (AND (VOTE Agent[11]) (REQUEST ANY (VOTE Agent[11])))
2,talk,40,2,12,Skip
2,talk,41,2,2,VOTE Agent[09]
2,talk,42,3,13,Over
2,talk,43,3,8,Skip
2,talk,44,3,4,Skip
2,talk,45,3,5,VOTE Agent[11]
2,talk,46,3,12,Skip
2,talk,47,3,14,Skip
2,talk,48,3,7,Over
2,talk,49,3,2,VOTE Agent[09]
2,talk,50,3,9,VOTE Agent[01]
2,talk,51,3,6,Skip
2,talk,52,3,1,VOTE Agent[02]
2,talk,53,3,15,VOTE Agent[09]
2,talk,54,3,11,VOTE Agent[09]
2,talk,55,3,10,Skip
2,talk,56,4,13,Over
2,talk,57,4,8,Over
2,talk,58,4,9,VOTE Agent[01]
2,talk,59,4,11,VOTE Agent[09]
2,talk,60,4,12,Over
2,talk,61,4,5,REQUEST ANY (VOTE Agent[11])
2,talk,62,4,4,Over
2,talk,63,4,10,Over
2,talk,64,4,2,VOTE Agent[15]
2,talk,65,4,1,VOTE Agent[15]
2,talk,66,4,6,Over
2,talk,67,4,7,Over
2,talk,68,4,15,VOTE Agent[01]
2,talk,69,4,14,Skip
2,talk,70,5,15,VOTE Agent[01]
2,talk,71,5,12,Over
2,talk,72,5,7,Over
2,talk,73,5,11,VOTE Agent[01]
2,talk,74,5,2,VOTE Agent[01]
2,talk,75,5,13,Over
2,talk,76,5,14,Over
2,talk,77,5,4,Over
2,talk,78,5,10,Over
2,talk,79,5,8,Over
2,talk,80,5,9,VOTE Agent[01]
2,talk,81,5,1,VOTE Agent[02]
2,talk,82,5,6,Over
2,talk,83,5,5,Skip
2,talk,84,6,11,VOTE Agent[01]
2,talk,85,6,15,VOTE Agent[01]
2,talk,86,6,14,Over
2,talk,87,6,10,Over
2,talk,88,6,8,Over
2,talk,89,6,13,Over
2,talk,90,6,5,Skip
2,talk,91,6,7,Over
2,talk,92,6,6,Over
2,talk,93,6,4,Over
2,talk,94,6,1,VOTE Agent[02]
2,talk,95,6,9,VOTE Agent[01]
2,talk,96,6,12,Over
2,talk,97,6,2,VOTE Agent[01]
2,talk,98,7,4,Over
2,talk,99,7,2,VOTE Agent[01]
2,talk,100,7,7,Over
2,talk,101,7,1,VOTE Agent[02]
2,talk,102,7,6,Over
2,talk,103,7,12,Over
2,talk,104,7,8,Over
2,talk,105,7,11,VOTE Agent[15]
2,talk,106,7,5,Over
2,talk,107,7,14,Over
2,talk,108,7,10,Over
2,talk,109,7,9,VOTE Agent[02]
2,talk,110,7,13,Over
2,talk,111,7,15,VOTE Agent[09]
2,talk,112,8,11,VOTE Agent[02]
2,talk,113,8,14,Over
2,talk,114,8,2,VOTE Agent[15]
2,talk,115,8,15,VOTE Agent[02]
2,talk,116,8,4,Over
2,talk,117,8,1,VOTE Agent[15]
2,talk,118,8,6,Over
2,talk,119,8,10,Over
2,talk,120,8,13,Over
2,talk,121,8,7,Over
2,talk,122,8,5,Over
2,talk,123,8,12,Over
2,talk,124,8,8,Over
2,talk,125,8,9,VOTE Agent[01]
2,talk,126,9,11,Over
2,talk,127,9,7,Over
2,talk,128,9,1,Over
2,talk,129,9,6,Over
2,talk,130,9,4,Over
2,talk,131,9,15,Over
2,talk,132,9,9,Over
2,talk,133,9,13,Over
2,talk,134,9,8,Over
2,talk,135,9,12,Over
2,talk,136,9,14,Over
2,talk,137,9,5,Over
2,talk,138,9,2,Over
2,talk,139,9,10,Over
2,vote,1,15
2,vote,2,9
2,vote,4,11
2,vote,5,11
2,vote,6,14
2,vote,7,11
2,vote,8,14
2,vote,9,1
2,vote,10,14
2,vote,11,14
2,vote,12,14
2,vote,13,11
2,vote,14,6
2,vote,15,9
2,execute,14,WEREWOLF
2,divine,11,6,HUMAN
2,whisper,0,0,7,ATTACK Agent[05]
2,whisper,1,0,10,Skip
2,whisper,2,1,7,Skip
2,whisper,3,1,10,Skip
2,whisper,4,2,10,Over
2,whisper,5,2,7,Skip
2,whisper,6,3,7,Over
2,whisper,7,3,10,Over
2,guard,1,5,POSSESSED
2,attackVote,7,5
2,attackVote,10,12
2,attackVote,7,5
2,attackVote,10,12
2,attack,12,true
3,status,1,BODYGUARD,ALIVE,OKAMI
3,status,2,VILLAGER,ALIVE,HALU
3,status,3,VILLAGER,DEAD,OKAMI
3,status,4,VILLAGER,ALIVE,SampleJava0
3,status,5,POSSESSED,ALIVE,SampleJava1
3,status,6,MEDIUM,ALIVE,TOKU10
3,status,7,WEREWOLF,ALIVE,sample_py
3,status,8,VILLAGER,ALIVE,TOKU6
3,status,9,VILLAGER,ALIVE,HALU
3,status,10,WEREWOLF,ALIVE,Takeda12
3,status,11,SEER,ALIVE,HALU
3,status,12,VILLAGER,DEAD,Takeda5
3,status,13,VILLAGER,ALIVE,Tomato3
3,status,14,WEREWOLF,DEAD,sample_py
3,status,15,VILLAGER,ALIVE,HALU
3,talk,0,0,9,VOTE Agent[15]
3,talk,1,0,7,VOTE Agent[06]
3,talk,2,0,8,VOTE Agent[01]
3,talk,3,0,6,IDENTIFIED Agent[14] WEREWOLF
3,talk,4,0,11,DIVINED Agent[06] HUMAN
3,talk,5,0,13,VOTE Agent[11]
3,talk,6,0,2,VOTE Agent[09]
3,talk,7,0,10,VOTE Agent[01]
3,talk,8,0,15,VOTE Agent[07]
3,talk,9,0,4,VOTE Agent[10]
3,talk,10,0,5,DAY 3 (DIVINED Agent[01] HUMAN)
3,talk,11,0,1,VOTE Agent[15]
3,talk,12,1,9,VOTE Agent[07]
3,talk,13,1,6,VOTE Agent[01]
3,talk,14,1,13,Skip
3,talk,15,1,15,VOTE Agent[02]
3,talk,16,1,8,Skip
3,talk,17,1,11,VOTE Agent[07]
3,talk,18,1,2,VOTE Agent[07]
3,talk,19,1,4,REQUEST ANY (VOTE Agent[10])
3,talk,20,1,1,VOTE Agent[02]
3,talk,21,1,5,DIVINED Agent[01] HUMAN
3,talk,22,1,10,Skip
3,talk,23,1,7,Skip
3,talk,24,2,13,Skip
3,talk,25,2,10,VOTE Agent[09]
3,talk,26,2,1,VOTE Agent[02]
3,talk,27,2,4,Skip
3,talk,28,2,9,VOTE Agent[02]
3,talk,29,2,11,VOTE Agent[10]
3,talk,30,2,6,Skip
3,talk,31,2,2,VOTE Agent[07]
3,talk,32,2,7,Skip
3,talk,33,2,15,VOTE Agent[07]
3,talk,34,2,5,BECAUSE (DAY 1 (DIVINED Agent[11] WEREWOLF)) (AND (VOTE Agent[11]) (REQUEST ANY (VOTE Agent[11])))
3,talk,35,2,8,Skip
3,talk,36,3,7,Over
3,talk,37,3,13,Over
3,talk,38,3,6,Skip
3,talk,39,3,15,VOTE Agent[07]
3,talk,40,3,10,Skip
3,talk,41,3,4,Skip
3,talk,42,3,8,Over
3,talk,43,3,11,VOTE Agent[07]
3,talk,44,3,1,VOTE Agent[02]
3,talk,45,3,5,VOTE Agent[11]
3,talk,46,3,2,VOTE Agent[07]
3,talk,47,3,9,VOTE Agent[02]
3,talk,48,4,10,Skip
3,talk,49,4,2,VOTE Agent[07]
3,talk,50,4,4,Over
3,talk,51,4,11,VOTE Agent[09]
3,talk,52,4,13,Over
3,talk,53,4,15,VOTE Agent[09]
3,talk,54,4,8,Over
3,talk,55,4,1,VOTE Agent[07]
3,talk,56,4,7,Over
3,talk,57,4,9,VOTE Agent[07]
3,talk,58,4,5,REQUEST ANY (VOTE Agent[11])
3,talk,59,4,6,Over
3,talk,60,5,8,Over
3,talk,61,5,10,Over
3,talk,62,5,1,VOTE Agent[07]
3,talk,63,5,2,VOTE Agent[15]
3,talk,64,5,6,Over
3,talk,65,5,4,Over
3,talk,66,5,11,VOTE Agent[02]
3,talk,67,5,15,VOTE Agent[07]
3,talk,68,5,9,VOTE Agent[02]
3,talk,69,5,13,Over
3,talk,70,5,5,Skip
3,talk,71,5,7,Over
3,talk,72,6,4,Over
3,talk,73,6,7,Over
3,talk,74,6,5,Skip
3,talk,75,6,13,Over
3,talk,76,6,2,VOTE Agent[07]
3,talk,77,6,11,VOTE Agent[07]
3,talk,78,6,10,Over
3,talk,79,6,15,VOTE Agent[07]
3,talk,80,6,6,Over
3,talk,81,6,9,VOTE Agent[07]
3,talk,82,6,8,Over
3,talk,83,6,1,VOTE Agent[09]
3,talk,84,7,15,VOTE Agent[07]
3,talk,85,7,9,VOTE Agent[02]
3,talk,86,7,10,Over
3,talk,87,7,6,Over
3,talk,88,7,2,VOTE Agent[07]
3,talk,89,7,8,Over
3,talk,90,7,11,VOTE Agent[01]
3,talk,91,7,5,Over
3,talk,92,7,7,Over
3,talk,93,7,13,Over
3,talk,94,7,4,Over
3,talk,95,7,1,VOTE Agent[09]
3,talk,96,8,15,VOTE Agent[02]
3,talk,97,8,10,Over
3,talk,98,8,1,VOTE Agent[07]
3,talk,99,8,7,Over
3,talk,100,8,6,Over
3,talk,101,8,4,Over
3,talk,102,8,11,VOTE Agent[02]
3,talk,103,8,8,Over
3,talk,104,8,5,Over
3,talk,105,8,2,VOTE Agent[07]
3,talk,106,8,13,Over
3,talk,107,8,9,VOTE Agent[07]
3,talk,108,9,5,Over
3,talk,109,9,8,Over
3,talk,110,9,1,Over
3,talk,111,9,2,Over
3,talk,112,9,4,Over
3,talk,113,9,6,Over
3,talk,114,9,10,Over
3,talk,115,9,11,Over
3,talk,116,9,9,Over
3,talk,117,9,13,Over
3,talk,118,9,15,Over
3,talk,119,9,7,Over
3,vote,1,7
3,vote,2,7
3,vote,4,11
3,vote,5,11
3,vote,6,1
3,vote,7,6
3,vote,8,1
3,vote,9,7
3,vote,10,9
3,vote,11,2
3,vote,13,11
3,vote,15,7
3,execute,7,WEREWOLF
3,divine,11,9,HUMAN
3,guard,1,5,POSSESSED
3,attackVote,10,11
3,attack,11,true
4,status,1,BODYGUARD,ALIVE,OKAMI
4,status,2,VILLAGER,ALIVE,HALU
4,status,3,VILLAGER,DEAD,OKAMI
4,status,4,VILLAGER,ALIVE,SampleJava0
4,status,5,POSSESSED,ALIVE,SampleJava1
4,status,6,MEDIUM,ALIVE,TOKU10
4,status,7,WEREWOLF,DEAD,sample_py
4,status,8,VILLAGER,ALIVE,TOKU6
4,status,9,VILLAGER,ALIVE,HALU
4,status,10,WEREWOLF,ALIVE,Takeda12
4,status,11,SEER,DEAD,HALU
4,status,12,VILLAGER,DEAD,Takeda5
4,status,13,VILLAGER,ALIVE,Tomato3
4,status,14,WEREWOLF,DEAD,sample_py
4,status,15,VILLAGER,ALIVE,HALU
4,talk,0,0,9,VOTE Agent[08]
4,talk,1,0,15,VOTE Agent[09]
4,talk,2,0,2,VOTE Agent[15]
4,talk,3,0,5,DAY 4 (DIVINED Agent[06] HUMAN)
4,talk,4,0,8,VOTE Agent[01]
4,talk,5,0,4,BECAUSE (AND (ANY ATTACKED Agent[11]) (DAY 1 (Agent[05] DIVINED Agent[11] WEREWOLF))) (XOR (ESTIMATE Agent[05] WEREWOLF) (ESTIMATE Agent[05] POSSESSED))
4,talk,6,0,6,IDENTIFIED Agent[07] WEREWOLF
4,talk,7,0,13,VOTE Agent[05]
4,talk,8,0,1,VOTE Agent[08]
4,talk,9,0,10,VOTE Agent[09]
4,talk,10,1,8,Skip
4,talk,11,1,9,VOTE Agent[02]
4,talk,12,1,4,BECAUSE (XOR (ESTIMATE Agent[05] WEREWOLF) (ESTIMATE Agent[05] POSSESSED)) (AND (VOTE Agent[05]) (REQUEST ANY (VOTE Agent[05])))
4,talk,13,1,1,VOTE Agent[15]
4,talk,14,1,5,DIVINED Agent[06] HUMAN
4,talk,15,1,2,VOTE Agent[10]
4,talk,16,1,15,VOTE Agent[08]
4,talk,17,1,6,Skip
4,talk,18,1,13,Skip
4,talk,19,1,10,VOTE Agent[01]
4,talk,20,2,1,VOTE Agent[08]
4,talk,21,2,8,VOTE Agent[10]
4,talk,22,2,13,Skip
4,talk,23,2,15,VOTE Agent[09]
4,talk,24,2,9,VOTE Agent[08]
4,talk,25,2,2,VOTE Agent[10]
4,talk,26,2,4,VOTE Agent[05]
4,talk,27,2,6,VOTE Agent[10]
4,talk,28,2,5,VOTE Agent[04]
4,talk,29,2,10,VOTE Agent[09]
4,talk,30,3,6,Skip
4,talk,31,3,2,VOTE Agent[01]
4,talk,32,3,5,REQUEST ANY (VOTE Agent[04])
4,talk,33,3,13,Over
4,talk,34,3,15,VOTE Agent[02]
4,talk,35,3,10,VOTE Agent[01]
4,talk,36,3,1,VOTE Agent[08]
4,talk,37,3,4,REQUEST ANY (VOTE Agent[05])
4,talk,38,3,9,VOTE Agent[15]
4,talk,39,3,8,Skip
4,talk,40,4,5,Skip
4,talk,41,4,9,VOTE Agent[15]
4,talk,42,4,8,Skip
4,talk,43,4,6,Skip
4,talk,44,4,2,VOTE Agent[01]
4,talk,45,4,10,Skip
4,talk,46,4,4,Skip
4,talk,47,4,15,VOTE Agent[02]
4,talk,48,4,13,Over
4,talk,49,4,1,VOTE Agent[15]
4,talk,50,5,1,VOTE Agent[15]
4,talk,51,5,2,VOTE Agent[10]
4,talk,52,5,9,VOTE Agent[15]
4,talk,53,5,10,Skip
4,talk,54,5,15,VOTE Agent[02]
4,talk,55,5,6,Over
4,talk,56,5,8,Over
4,talk,57,5,13,Over
4,talk,58,5,4,Skip
4,talk,59,5,5,Skip
4,talk,60,6,8,Over
4,talk,61,6,10,Over
4,talk,62,6,9,VOTE Agent[15]
4,talk,63,6,2,VOTE Agent[01]
4,talk,64,6,1,VOTE Agent[02]
4,talk,65,6,6,Over
4,talk,66,6,13,Over
4,talk,67,6,15,VOTE Agent[02]
4,talk,68,6,4,Over
4,talk,69,6,5,Over
4,talk,70,7,8,Over
4,talk,71,7,15,VOTE Agent[02]
4,talk,72,7,2,VOTE Agent[10]
4,talk,73,7,5,Over
4,talk,74,7,13,Over
4,talk,75,7,1,VOTE Agent[15]
4,talk,76,7,10,Over
4,talk,77,7,6,Over
4,talk,78,7,4,Over
4,talk,79,7,9,VOTE Agent[15]
4,talk,80,8,1,VOTE Agent[02]
4,talk,81,8,6,Over
4,talk,82,8,9,VOTE Agent[02]
4,talk,83,8,13,Over
4,talk,84,8,10,Over
4,talk,85,8,2,VOTE Agent[01]
4,talk,86,8,15,VOTE Agent[09]
4,talk,87,8,5,Over
4,talk,88,8,8,Over
4,talk,89,8,4,Over
4,talk,90,9,5,Over
4,talk,91,9,4,Over
4,talk,92,9,10,Over
4,talk,93,9,1,Over
4,talk,94,9,8,Over
4,talk,95,9,13,Over
4,talk,96,9,15,Over
4,talk,97,9,6,Over
4,talk,98,9,9,Over
4,talk,99,9,2,Over
4,vote,1,9
4,vote,2,1
4,vote,4,5
4,vote,5,2
4,vote,6,10
4,vote,8,10
4,vote,9,2
4,vote,10,1
4,vote,13,5
4,vote,15,9
4,vote,1,2
4,vote,2,1
4,vote,4,1
4,vote,5,1
4,vote,6,10
4,vote,8,10
4,vote,9,2
4,vote,10,1
4,vote,13,5
4,vote,15,9
4,execute,1,BODYGUARD
4,attackVote,10,15
4,attack,15,true
5,status,1,BODYGUARD,DEAD,OKAMI
5,status,2,VILLAGER,ALIVE,HALU
5,status,3,VILLAGER,DEAD,OKAMI
5,status,4,VILLAGER,ALIVE,SampleJava0
5,status,5,POSSESSED,ALIVE,SampleJava1
5,status,6,MEDIUM,ALIVE,TOKU10
5,status,7,WEREWOLF,DEAD,sample_py
5,status,8,VILLAGER,ALIVE,TOKU6
5,status,9,VILLAGER,ALIVE,HALU
5,status,10,WEREWOLF,ALIVE,Takeda12
5,status,11,SEER,DEAD,HALU
5,status,12,VILLAGER,DEAD,Takeda5
5,status,13,VILLAGER,ALIVE,Tomato3
5,status,14,WEREWOLF,DEAD,sample_py
5,status,15,VILLAGER,DEAD,HALU
5,talk,0,0,5,DAY 5 (DIVINED Agent[09] HUMAN)
5,talk,1,0,4,BECAUSE (AND (ANY ATTACKED Agent[11]) (DAY 1 (Agent[05] DIVINED Agent[11] WEREWOLF))) (XOR (ESTIMATE Agent[05] WEREWOLF) (ESTIMATE Agent[05] POSSESSED))
5,talk,2,0,8,VOTE Agent[10]
5,talk,3,0,2,VOTE Agent[08]
5,talk,4,0,6,IDENTIFIED Agent[01] HUMAN
5,talk,5,0,9,VOTE Agent[08]
5,talk,6,0,10,VOTE Agent[09]
5,talk,7,0,13,VOTE Agent[05]
5,talk,8,1,6,Skip
5,talk,9,1,9,VOTE Agent[08]
5,talk,10,1,5,DIVINED Agent[09] HUMAN
5,talk,11,1,8,Skip
5,talk,12,1,2,VOTE Agent[08]
5,talk,13,1,10,Skip
5,talk,14,1,13,Skip
5,talk,15,1,4,BECAUSE (XOR (ESTIMATE Agent[05] WEREWOLF) (ESTIMATE Agent[05] POSSESSED)) (AND (VOTE Agent[05]) (REQUEST ANY (VOTE Agent[05])))
5,talk,16,2,2,VOTE Agent[08]
5,talk,17,2,9,VOTE Agent[08]
5,talk,18,2,5,VOTE Agent[14]
5,talk,19,2,4,VOTE Agent[05]
5,talk,20,2,13,Skip
5,talk,21,2,8,Skip
5,talk,22,2,6,Skip
5,talk,23,2,10,Skip
5,talk,24,3,9,VOTE Agent[08]
5,talk,25,3,5,REQUEST ANY (VOTE Agent[14])
5,talk,26,3,6,Over
5,talk,27,3,13,Over
5,talk,28,3,8,Over
5,talk,29,3,10,Over
5,talk,30,3,4,REQUEST ANY (VOTE Agent[05])
5,talk,31,3,2,VOTE Agent[08]
5,talk,32,4,4,Skip
5,talk,33,4,8,Over
5,talk,34,4,9,VOTE Agent[08]
5,talk,35,4,10,Over
5,talk,36,4,2,VOTE Agent[09]
5,talk,37,4,13,Over
5,talk,38,4,6,Over
5,talk,39,4,5,VOTE Agent[13]
5,talk,40,5,2,VOTE Agent[08]
5,talk,41,5,5,REQUEST ANY (VOTE Agent[13])
5,talk,42,5,4,Skip
5,talk,43,5,9,VOTE Agent[08]
5,talk,44,5,13,Over
5,talk,45,5,6,Over
5,talk,46,5,10,Over
5,talk,47,5,8,Over
5,talk,48,6,2,VOTE Agent[09]
5,talk,49,6,4,Over
5,talk,50,6,10,Over
5,talk,51,6,9,VOTE Agent[08]
5,talk,52,6,13,Over
5,talk,53,6,6,Over
5,talk,54,6,5,Skip
5,talk,55,6,8,Over
5,talk,56,7,13,Over
5,talk,57,7,6,Over
5,talk,58,7,5,Skip
5,talk,59,7,2,VOTE Agent[08]
5,talk,60,7,4,Over
5,talk,61,7,9,VOTE Agent[08]
5,talk,62,7,10,Over
5,talk,63,7,8,Over
5,talk,64,8,10,Over
5,talk,65,8,8,Over
5,talk,66,8,4,Over
5,talk,67,8,6,Over
5,talk,68,8,2,VOTE Agent[09]
5,talk,69,8,13,Over
5,talk,70,8,9,VOTE Agent[08]
5,talk,71,8,5,Over
5,talk,72,9,9,Over
5,talk,73,9,4,Over
5,talk,74,9,5,Over
5,talk,75,9,10,Over
5,talk,76,9,8,Over
5,talk,77,9,13,Over
5,talk,78,9,2,Over
5,talk,79,9,6,Over
5,vote,2,8
5,vote,4,5
5,vote,5,9
5,vote,6,10
5,vote,8,10
5,vote,9,8
5,vote,10,9
5,vote,13,5
5,vote,2,9
5,vote,4,5
5,vote,5,8
5,vote,6,10
5,vote,8,10
5,vote,9,8
5,vote,10,9
5,vote,13,5
5,execute,10,WEREWOLF
6,status,1,BODYGUARD,DEAD,OKAMI
6,status,2,VILLAGER,ALIVE,HALU
6,status,3,VILLAGER,DEAD,OKAMI
6,status,4,VILLAGER,ALIVE,SampleJava0
6,status,5,POSSESSED,ALIVE,SampleJava1
6,status,6,MEDIUM,ALIVE,TOKU10
6,status,7,WEREWOLF,DEAD,sample_py
6,status,8,VILLAGER,ALIVE,TOKU6
6,status,9,VILLAGER,ALIVE,HALU
6,status,10,WEREWOLF,DEAD,Takeda12
6,status,11,SEER,DEAD,HALU
6,status,12,VILLAGER,DEAD,Takeda5
6,status,13,VILLAGER,ALIVE,Tomato3
6,status,14,WEREWOLF,DEAD,sample_py
6,status,15,VILLAGER,DEAD,HALU
6,result,7,0,VILLAGER
