0,status,1,MEDIUM,ALIVE,Takeda7
0,status,2,VILLAGER,ALIVE,HALU
0,status,3,VILLAGER,ALIVE,SampleJava9
0,status,4,WEREWOLF,ALIVE,Tomato4
0,status,5,POSSESSED,ALIVE,OKAMI
0,status,6,VILLAGER,ALIVE,TOKU11
0,status,7,BODYGUARD,ALIVE,TOKU10
0,status,8,SEER,ALIVE,Takeda1
0,status,9,VILLAGER,ALIVE,sample_py
0,status,10,WEREWOLF,ALIVE,SampleJava13
0,status,11,VILLAGER,ALIVE,Tomato5
0,status,12,VILLAGER,ALIVE,Tomato6
0,status,13,VILLAGER,ALIVE,HALU
0,status,14,VILLAGER,ALIVE,SampleJava2
0,status,15,WEREWOLF,ALIVE,sample_py
0,whisper,0,0,15,COMINGOUT Agent[15] MEDIUM
0,whisper,1,0,10,COMINGOUT Agent[10] SEER
0,whisper,2,0,4,COMINGOUT Agent[04] VILLAGER
0,whisper,3,1,10,Skip
0,whisper,4,1,15,COMINGOUT Agent[15] MEDIUM
0,whisper,5,1,4,Skip
0,whisper,6,2,10,Skip
0,whisper,7,2,4,Skip
0,whisper,8,2,15,COMINGOUT Agent[15] MEDIUM
0,whisper,9,3,15,COMINGOUT Agent[15] MEDIUM
0,whisper,10,3,10,Over
0,whisper,11,3,4,Over
0,whisper,12,4,10,Over
0,whisper,13,4,4,Over
0,whisper,14,4,15,COMINGOUT Agent[15] MEDIUM
0,whisper,15,5,15,COMINGOUT Agent[15] MEDIUM
0,whisper,16,5,10,Over
0,whisper,17,5,4,Over
0,whisper,18,6,10,Over
0,whisper,19,6,15,COMINGOUT Agent[15] MEDIUM
0,whisper,20,6,4,Over
0,whisper,21,7,10,Over
0,whisper,22,7,15,COMINGOUT Agent[15] MEDIUM
0,whisper,23,7,4,Over
0,whisper,24,8,10,Over
0,whisper,25,8,4,Over
0,whisper,26,8,15,COMINGOUT Agent[15] MEDIUM
0,whisper,27,9,10,Over
0,whisper,28,9,15,COMINGOUT Agent[15] MEDIUM
0,whisper,29,9,4,Over
0,whisper,30,10,4,Over
0,whisper,31,10,10,Over
0,whisper,32,10,15,Over
0,divine,8,2,HUMAN
1,status,1,MEDIUM,ALIVE,Takeda7
1,status,2,VILLAGER,ALIVE,HALU
1,status,3,VILLAGER,ALIVE,SampleJava9
1,status,4,WEREWOLF,ALIVE,Tomato4
1,status,5,POSSESSED,ALIVE,OKAMI
1,status,6,VILLAGER,ALIVE,TOKU11
1,status,7,BODYGUARD,ALIVE,TOKU10
1,status,8,SEER,ALIVE,Takeda1
1,status,9,VILLAGER,ALIVE,sample_py
1,status,10,WEREWOLF,ALIVE,SampleJava13
1,status,11,VILLAGER,ALIVE,Tomato5
1,status,12,VILLAGER,ALIVE,Tomato6
1,status,13,VILLAGER,ALIVE,HALU
1,status,14,VILLAGER,ALIVE,SampleJava2
1,status,15,WEREWOLF,ALIVE,sample_py
1,talk,0,0,1,COMINGOUT Agent[01] MEDIUM
1,talk,1,0,14,VOTE Agent[11]
1,talk,2,0,12,VOTE Agent[11]
1,talk,3,0,10,VOTE Agent[06]
1,talk,4,0,11,VOTE Agent[06]
1,talk,5,0,5,COMINGOUT Agent[05] VILLAGER
1,talk,6,0,6,VOTE Agent[11]
1,talk,7,0,7,VOTE Agent[11]
1,talk,8,0,8,COMINGOUT Agent[08] SEER
1,talk,9,0,4,VOTE Agent[11]
1,talk,10,0,9,VOTE Agent[01]
1,talk,11,0,15,VOTE Agent[01]
1,talk,12,0,3,VOTE Agent[01]
1,talk,13,0,2,VOTE Agent[05]
1,talk,14,0,13,VOTE Agent[05]
1,talk,15,1,13,VOTE Agent[05]
1,talk,16,1,2,VOTE Agent[05]
1,talk,17,1,11,VOTE Agent[01]
1,talk,18,1,3,REQUEST ANY (VOTE Agent[01])
1,talk,19,1,9,Skip
1,talk,20,1,7,Skip
1,talk,21,1,10,REQUEST ANY (VOTE Agent[06])
1,talk,22,1,15,Skip
1,talk,23,1,6,Skip
1,talk,24,1,12,Skip
1,talk,25,1,8,DIVINED Agent[02] HUMAN
1,talk,26,1,14,REQUEST ANY (VOTE Agent[11])
1,talk,27,1,5,Over
1,talk,28,1,1,VOTE Agent[11]
1,talk,29,1,4,Skip
1,talk,30,2,10,COMINGOUT Agent[10] SEER
1,talk,31,2,12,Skip
1,talk,32,2,9,Skip
1,talk,33,2,15,Skip
1,talk,34,2,13,VOTE Agent[03]
1,talk,35,2,8,VOTE Agent[10]
1,talk,36,2,1,VOTE Agent[06]
1,talk,37,2,7,VOTE Agent[10]
1,talk,38,2,3,Skip
1,talk,39,2,6,VOTE Agent[10]
1,talk,40,2,2,VOTE Agent[03]
1,talk,41,2,14,Skip
1,talk,42,2,4,VOTE Agent[01]
1,talk,43,2,5,DIVINED Agent[02] WEREWOLF
1,talk,44,2,11,Skip
1,talk,45,3,10,BECAUSE (AND (COMINGOUT Agent[10] SEER) (Agent[08] COMINGOUT Agent[08] SEER)) (XOR (ESTIMATE Agent[08] WEREWOLF) (ESTIMATE Agent[08] POSSESSED))
1,talk,46,3,3,Skip
1,talk,47,3,5,VOTE Agent[01]
1,talk,48,3,8,VOTE Agent[10]
1,talk,49,3,9,VOTE Agent[02]
1,talk,50,3,15,Over
1,talk,51,3,7,Skip
1,talk,52,3,4,Skip
1,talk,53,3,12,VOTE Agent[01]
1,talk,54,3,6,Skip
1,talk,55,3,2,VOTE Agent[03]
1,talk,56,3,13,VOTE Agent[03]
1,talk,57,3,11,Skip
1,talk,58,3,1,VOTE Agent[10]
1,talk,59,3,14,Skip
1,talk,60,4,8,VOTE Agent[10]
1,talk,61,4,14,Over
1,talk,62,4,11,Over
1,talk,63,4,1,Skip
1,talk,64,4,2,VOTE Agent[05]
1,talk,65,4,10,DAY 1 (DIVINED Agent[11] HUMAN)
1,talk,66,4,6,Skip
1,talk,67,4,13,VOTE Agent[03]
1,talk,68,4,12,Skip
1,talk,69,4,3,Over
1,talk,70,4,7,Skip
1,talk,71,4,9,Skip
1,talk,72,4,15,Over
1,talk,73,4,4,Skip
1,talk,74,4,5,VOTE Agent[01]
1,talk,75,5,4,Over
1,talk,76,5,12,Skip
1,talk,77,5,1,Skip
1,talk,78,5,13,VOTE Agent[05]
1,talk,79,5,7,Over
1,talk,80,5,3,Over
1,talk,81,5,5,VOTE Agent[01]
1,talk,82,5,15,Over
1,talk,83,5,11,Over
1,talk,84,5,14,Over
1,talk,85,5,10,DIVINED Agent[11] HUMAN
1,talk,86,5,6,Over
1,talk,87,5,2,VOTE Agent[05]
1,talk,88,5,9,Skip
1,talk,89,5,8,VOTE Agent[10]
1,talk,90,6,15,Over
1,talk,91,6,3,Over
1,talk,92,6,8,VOTE Agent[10]
1,talk,93,6,1,Over
1,talk,94,6,11,Over
1,talk,95,6,2,VOTE Agent[05]
1,talk,96,6,5,VOTE Agent[01]
1,talk,97,6,13,VOTE Agent[05]
1,talk,98,6,10,BECAUSE (XOR (ESTIMATE Agent[08] WEREWOLF) (ESTIMATE Agent[08] POSSESSED)) (AND (VOTE Agent[08]) (REQUEST ANY (VOTE Agent[08])))
1,talk,99,6,9,Over
1,talk,100,6,14,Over
1,talk,101,6,4,Over
1,talk,102,6,12,Over
1,talk,103,6,6,Over
1,talk,104,6,7,Over
1,talk,105,7,10,VOTE Agent[08]
1,talk,106,7,7,Over
1,talk,107,7,2,VOTE Agent[05]
1,talk,108,7,13,VOTE Agent[05]
1,talk,109,7,15,Over
1,talk,110,7,5,VOTE Agent[01]
1,talk,111,7,11,Over
1,talk,112,7,12,Over
1,talk,113,7,3,Over
1,talk,114,7,9,Over
1,talk,115,7,6,Over
1,talk,116,7,4,Over
1,talk,117,7,8,VOTE Agent[10]
1,talk,118,7,1,Over
1,talk,119,7,14,Over
1,talk,120,8,14,Over
1,talk,121,8,9,Over
1,talk,122,8,1,Over
1,talk,123,8,6,Over
1,talk,124,8,7,Over
1,talk,125,8,13,VOTE Agent[05]
1,talk,126,8,12,Over
1,talk,127,8,3,Over
1,talk,128,8,10,REQUEST ANY (VOTE Agent[08])
1,talk,129,8,2,VOTE Agent[05]
1,talk,130,8,15,Over
1,talk,131,8,5,VOTE Agent[01]
1,talk,132,8,4,Over
1,talk,133,8,11,Over
1,talk,134,8,8,VOTE Agent[10]
1,talk,135,9,14,Over
1,talk,136,9,6,Over
1,talk,137,9,8,VOTE Agent[10]
1,talk,138,9,10,Skip
1,talk,139,9,9,Over
1,talk,140,9,15,Over
1,talk,141,9,12,Over
1,talk,142,9,1,Over
1,talk,143,9,11,Over
1,talk,144,9,13,Over
1,talk,145,9,4,Over
1,talk,146,9,7,Over
1,talk,147,9,5,Over
1,talk,148,9,2,Over
1,talk,149,9,3,Over
1,talk,150,10,10,Skip
1,talk,151,10,15,Over
1,talk,152,10,1,Over
1,talk,153,10,8,Over
1,talk,154,10,12,Over
1,talk,155,10,14,Over
1,talk,156,10,9,Over
1,talk,157,10,7,Over
1,talk,158,10,4,Over
1,talk,159,10,5,Over
1,talk,160,10,2,Over
1,talk,161,10,13,Over
1,talk,162,10,6,Over
1,talk,163,10,11,Over
1,talk,164,10,3,Over
1,talk,165,11,2,Over
1,talk,166,11,11,Over
1,talk,167,11,4,Over
1,talk,168,11,13,Over
1,talk,169,11,10,Over
1,talk,170,11,3,Over
1,talk,171,11,15,Over
1,talk,172,11,7,Over
1,talk,173,11,8,Over
1,talk,174,11,14,Over
1,talk,175,11,1,Over
1,talk,176,11,6,Over
1,talk,177,11,9,Over
1,talk,178,11,12,Over
1,talk,179,11,5,Over
1,vote,1,10
1,vote,2,5
1,vote,3,8
1,vote,4,1
1,vote,5,1
1,vote,6,10
1,vote,7,10
1,vote,8,10
1,vote,9,2
1,vote,10,8
1,vote,11,1
1,vote,12,1
1,vote,13,5
1,vote,14,1
1,vote,15,1
1,execute,1,MEDIUM
1,divine,8,10,WEREWOLF
1,whisper,0,0,15,ATTACK Agent[08]
1,whisper,1,0,4,ATTACK Agent[08]
1,whisper,2,0,10,BECAUSE (AND (NOT (COMINGOUT Agent[05] WEREWOLF)) (NOT (COMINGOUT Agent[02] WEREWOLF)) (DAY 1 (Agent[05] DIVINED Agent[02] WEREWOLF))) (ESTIMATE Agent[05] POSSESSED)
1,whisper,3,1,10,BECAUSE (Agent[08] COMINGOUT Agent[08] SEER) (ATTACK Agent[08])
1,whisper,4,1,4,Skip
1,whisper,5,1,15,Skip
1,whisper,6,2,10,ATTACK Agent[08]
1,whisper,7,2,4,Skip
1,whisper,8,2,15,Skip
1,whisper,9,3,4,Over
1,whisper,10,3,15,Over
1,whisper,11,3,10,Skip
1,whisper,12,4,4,Over
1,whisper,13,4,10,Skip
1,whisper,14,4,15,Over
1,whisper,15,5,10,Over
1,whisper,16,5,4,Over
1,whisper,17,5,15,Over
1,guard,7,8,SEER
1,attackVote,4,8
1,attackVote,10,8
1,attackVote,15,8
1,attack,8,false
2,status,1,MEDIUM,DEAD,Takeda7
2,status,2,VILLAGER,ALIVE,HALU
2,status,3,VILLAGER,ALIVE,SampleJava9
2,status,4,WEREWOLF,ALIVE,Tomato4
2,status,5,POSSESSED,ALIVE,OKAMI
2,status,6,VILLAGER,ALIVE,TOKU11
2,status,7,BODYGUARD,ALIVE,TOKU10
2,status,8,SEER,ALIVE,Takeda1
2,status,9,VILLAGER,ALIVE,sample_py
2,status,10,WEREWOLF,ALIVE,SampleJava13
2,status,11,VILLAGER,ALIVE,Tomato5
2,status,12,VILLAGER,ALIVE,Tomato6
2,status,13,VILLAGER,ALIVE,HALU
2,status,14,VILLAGER,ALIVE,SampleJava2
2,status,15,WEREWOLF,ALIVE,sample_py
2,talk,0,0,7,VOTE Agent[10]
2,talk,1,0,11,VOTE Agent[10]
2,talk,2,0,6,VOTE Agent[10]
2,talk,3,0,3,VOTE Agent[13]
2,talk,4,0,13,VOTE Agent[05]
2,talk,5,0,5,DIVINED Agent[13] HUMAN
2,talk,6,0,2,VOTE Agent[03]
2,talk,7,0,8,DIVINED Agent[10] WEREWOLF
2,talk,8,0,10,DAY 2 (DIVINED Agent[15] HUMAN)
2,talk,9,0,4,VOTE Agent[10]
2,talk,10,0,14,VOTE Agent[02]
2,talk,11,0,9,VOTE Agent[02]
2,talk,12,0,15,VOTE Agent[05]
2,talk,13,0,12,VOTE Agent[10]
2,talk,14,1,6,Skip
2,talk,15,1,9,Skip
2,talk,16,1,4,Skip
2,talk,17,1,14,REQUEST ANY (VOTE Agent[02])
2,talk,18,1,8,VOTE Agent[10]
2,talk,19,1,2,VOTE Agent[08]
2,talk,20,1,11,Skip
2,talk,21,1,12,Skip
2,talk,22,1,13,VOTE Agent[08]
2,talk,23,1,3,REQUEST ANY (VOTE Agent[13])
2,talk,24,1,7,Skip
2,talk,25,1,10,DIVINED Agent[15] HUMAN
2,talk,26,1,15,Skip
2,talk,27,1,5,VOTE Agent[10]
2,talk,28,2,5,VOTE Agent[10]
2,talk,29,2,3,Skip
2,talk,30,2,6,Skip
2,talk,31,2,15,Skip
2,talk,32,2,14,Skip
2,talk,33,2,8,VOTE Agent[10]
2,talk,34,2,7,Skip
2,talk,35,2,9,Skip
2,talk,36,2,12,Skip
2,talk,37,2,13,VOTE Agent[08]
2,talk,38,2,2,VOTE Agent[08]
2,talk,39,2,4,Skip
2,talk,40,2,10,BECAUSE (AND (COMINGOUT Agent[10] SEER) (Agent[08] COMINGOUT Agent[08] SEER)) (XOR (ESTIMATE Agent[08] WEREWOLF) (ESTIMATE Agent[08] POSSESSED))
2,talk,41,2,11,Skip
2,talk,42,3,4,Over
2,talk,43,3,15,Over
2,talk,44,3,7,Over
2,talk,45,3,11,Over
2,talk,46,3,2,VOTE Agent[08]
2,talk,47,3,3,Skip
2,talk,48,3,5,VOTE Agent[10]
2,talk,49,3,9,Over
2,talk,50,3,8,VOTE Agent[10]
2,talk,51,3,14,Skip
2,talk,52,3,10,BECAUSE (XOR (ESTIMATE Agent[08] WEREWOLF) (ESTIMATE Agent[08] POSSESSED)) (AND (VOTE Agent[08]) (REQUEST ANY (VOTE Agent[08])))
2,talk,53,3,12,Over
2,talk,54,3,13,VOTE Agent[08]
2,talk,55,3,6,Over
2,talk,56,4,15,Over
2,talk,57,4,11,Over
2,talk,58,4,4,Over
2,talk,59,4,7,Over
2,talk,60,4,3,Over
2,talk,61,4,9,Over
2,talk,62,4,2,VOTE Agent[08]
2,talk,63,4,5,VOTE Agent[10]
2,talk,64,4,6,Over
2,talk,65,4,10,VOTE Agent[08]
2,talk,66,4,8,VOTE Agent[10]
2,talk,67,4,12,Over
2,talk,68,4,13,VOTE Agent[08]
2,talk,69,4,14,Over
2,talk,70,5,11,Over
2,talk,71,5,15,Over
2,talk,72,5,6,Over
2,talk,73,5,12,Over
2,talk,74,5,7,Over
2,talk,75,5,4,Over
2,talk,76,5,5,VOTE Agent[10]
2,talk,77,5,3,Over
2,talk,78,5,8,VOTE Agent[10]
2,talk,79,5,14,Over
2,talk,80,5,10,REQUEST ANY (VOTE Agent[08])
2,talk,81,5,13,VOTE Agent[10]
2,talk,82,5,9,Over
2,talk,83,5,2,VOTE Agent[10]
2,talk,84,6,2,VOTE Agent[10]
2,talk,85,6,12,Over
2,talk,86,6,15,Over
2,talk,87,6,10,Skip
2,talk,88,6,9,Over
2,talk,89,6,13,VOTE Agent[10]
2,talk,90,6,8,VOTE Agent[10]
2,talk,91,6,7,Over
2,talk,92,6,5,VOTE Agent[10]
2,talk,93,6,6,Over
2,talk,94,6,3,Over
2,talk,95,6,4,Over
2,talk,96,6,14,Over
2,talk,97,6,11,Over
2,talk,98,7,12,Over
2,talk,99,7,9,Over
2,talk,100,7,10,Skip
2,talk,101,7,15,Over
2,talk,102,7,11,Over
2,talk,103,7,7,Over
2,talk,104,7,4,Over
2,talk,105,7,2,VOTE Agent[05]
2,talk,106,7,5,VOTE Agent[10]
2,talk,107,7,6,Over
2,talk,108,7,8,VOTE Agent[10]
2,talk,109,7,13,VOTE Agent[10]
2,talk,110,7,14,Over
2,talk,111,7,3,Over
2,talk,112,8,14,Over
2,talk,113,8,6,Over
2,talk,114,8,11,Over
2,talk,115,8,7,Over
2,talk,116,8,9,Over
2,talk,117,8,15,Over
2,talk,118,8,8,VOTE Agent[10]
2,talk,119,8,4,Over
2,talk,120,8,12,Over
2,talk,121,8,13,VOTE Agent[08]
2,talk,122,8,5,VOTE Agent[10]
2,talk,123,8,2,VOTE Agent[05]
2,talk,124,8,3,Over
2,talk,125,8,10,Over
2,talk,126,9,12,Over
2,talk,127,9,13,Over
2,talk,128,9,10,Over
2,talk,129,9,15,Over
2,talk,130,9,7,Over
2,talk,131,9,4,Over
2,talk,132,9,3,Over
2,talk,133,9,8,VOTE Agent[10]
2,talk,134,9,14,Over
2,talk,135,9,9,Over
2,talk,136,9,5,Over
2,talk,137,9,6,Over
2,talk,138,9,11,Over
2,talk,139,9,2,Over
2,talk,140,10,15,Over
2,talk,141,10,14,Over
2,talk,142,10,5,Over
2,talk,143,10,10,Over
2,talk,144,10,13,Over
2,talk,145,10,7,Over
2,talk,146,10,3,Over
2,talk,147,10,2,Over
2,talk,148,10,9,Over
2,talk,149,10,8,Over
2,talk,150,10,4,Over
2,talk,151,10,12,Over
2,talk,152,10,6,Over
2,talk,153,10,11,Over
2,vote,2,8
2,vote,3,8
2,vote,4,10
2,vote,5,10
2,vote,6,10
2,vote,7,10
2,vote,8,10
2,vote,9,2
2,vote,10,8
2,vote,11,10
2,vote,12,10
2,vote,13,8
2,vote,14,8
2,vote,15,5
2,execute,10,WEREWOLF
2,divine,8,7,HUMAN
2,whisper,0,0,4,ATTACK Agent[14]
2,whisper,1,0,15,ATTACK Agent[08]
2,whisper,2,1,15,Skip
2,whisper,3,1,4,Skip
2,whisper,4,2,4,Skip
2,whisper,5,2,15,Skip
2,whisper,6,3,4,Over
2,whisper,7,3,15,Over
2,guard,7,8,SEER
2,attackVote,4,14
2,attackVote,15,8
2,attackVote,4,14
2,attackVote,15,8
2,attack,14,true
3,status,1,MEDIUM,DEAD,Takeda7
3,status,2,VILLAGER,ALIVE,HALU
3,status,3,VILLAGER,ALIVE,SampleJava9
3,status,4,WEREWOLF,ALIVE,Tomato4
3,status,5,POSSESSED,ALIVE,OKAMI
3,status,6,VILLAGER,ALIVE,TOKU11
3,status,7,BODYGUARD,ALIVE,TOKU10
3,status,8,SEER,ALIVE,Takeda1
3,status,9,VILLAGER,ALIVE,sample_py
3,status,10,WEREWOLF,DEAD,SampleJava13
3,status,11,VILLAGER,ALIVE,Tomato5
3,status,12,VILLAGER,ALIVE,Tomato6
3,status,13,VILLAGER,ALIVE,HALU
3,status,14,VILLAGER,DEAD,SampleJava2
3,status,15,WEREWOLF,ALIVE,sample_py
3,talk,0,0,5,DIVINED Agent[09] HUMAN
3,talk,1,0,15,COMINGOUT Agent[15] MEDIUM
3,talk,2,0,7,VOTE Agent[03]
3,talk,3,0,6,VOTE Agent[07]
3,talk,4,0,4,VOTE Agent[03]
3,talk,5,0,8,DIVINED Agent[07] HUMAN
3,talk,6,0,11,VOTE Agent[15]
3,talk,7,0,2,VOTE Agent[05]
3,talk,8,0,9,VOTE Agent[02]
3,talk,9,0,13,VOTE Agent[05]
3,talk,10,0,3,VOTE Agent[06]
3,talk,11,0,12,VOTE Agent[15]
3,talk,12,1,13,VOTE Agent[08]
3,talk,13,1,15,IDENTIFIED Agent[01] HUMAN
3,talk,14,1,12,Skip
3,talk,15,1,6,VOTE Agent[15]
3,talk,16,1,11,Skip
3,talk,17,1,4,Skip
3,talk,18,1,2,VOTE Agent[08]
3,talk,19,1,7,VOTE Agent[15]
3,talk,20,1,3,REQUEST ANY (VOTE Agent[06])
3,talk,21,1,9,Skip
3,talk,22,1,5,VOTE Agent[15]
3,talk,23,1,8,VOTE Agent[15]
3,talk,24,2,9,Skip
3,talk,25,2,12,Skip
3,talk,26,2,11,Skip
3,talk,27,2,13,VOTE Agent[08]
3,talk,28,2,2,VOTE Agent[08]
3,talk,29,2,5,VOTE Agent[15]
3,talk,30,2,7,Skip
3,talk,31,2,8,VOTE Agent[15]
3,talk,32,2,6,Skip
3,talk,33,2,4,VOTE Agent[08]
3,talk,34,2,15,IDENTIFIED Agent[10] HUMAN
3,talk,35,2,3,Skip
3,talk,36,3,2,VOTE Agent[08]
3,talk,37,3,4,Skip
3,talk,38,3,13,VOTE Agent[08]
3,talk,39,3,12,Over
3,talk,40,3,8,VOTE Agent[15]
3,talk,41,3,5,VOTE Agent[15]
3,talk,42,3,3,Skip
3,talk,43,3,9,Over
3,talk,44,3,7,Skip
3,talk,45,3,15,VOTE Agent[04]
3,talk,46,3,6,Skip
3,talk,47,3,11,Over
3,talk,48,4,2,VOTE Agent[05]
3,talk,49,4,3,Over
3,talk,50,4,5,VOTE Agent[15]
3,talk,51,4,15,Skip
3,talk,52,4,11,Over
3,talk,53,4,6,Over
3,talk,54,4,13,VOTE Agent[05]
3,talk,55,4,8,VOTE Agent[15]
3,talk,56,4,7,Over
3,talk,57,4,4,VOTE Agent[05]
3,talk,58,4,9,Over
3,talk,59,4,12,Over
3,talk,60,5,6,Over
3,talk,61,5,13,VOTE Agent[08]
3,talk,62,5,8,VOTE Agent[15]
3,talk,63,5,15,Skip
3,talk,64,5,7,Over
3,talk,65,5,2,VOTE Agent[08]
3,talk,66,5,12,Over
3,talk,67,5,5,VOTE Agent[15]
3,talk,68,5,9,Over
3,talk,69,5,3,Over
3,talk,70,5,4,VOTE Agent[08]
3,talk,71,5,11,Over
3,talk,72,6,2,VOTE Agent[05]
3,talk,73,6,3,Over
3,talk,74,6,9,Over
3,talk,75,6,5,VOTE Agent[15]
3,talk,76,6,8,VOTE Agent[15]
3,talk,77,6,15,Over
3,talk,78,6,11,Over
3,talk,79,6,6,Over
3,talk,80,6,7,Over
3,talk,81,6,13,VOTE Agent[08]
3,talk,82,6,12,Over
3,talk,83,6,4,Skip
3,talk,84,7,7,Over
3,talk,85,7,12,Over
3,talk,86,7,9,Over
3,talk,87,7,4,Skip
3,talk,88,7,8,VOTE Agent[15]
3,talk,89,7,6,Over
3,talk,90,7,13,VOTE Agent[08]
3,talk,91,7,2,VOTE Agent[08]
3,talk,92,7,11,Over
3,talk,93,7,5,VOTE Agent[15]
3,talk,94,7,15,Over
3,talk,95,7,3,Over
3,talk,96,8,8,VOTE Agent[15]
3,talk,97,8,15,Over
3,talk,98,8,5,VOTE Agent[15]
3,talk,99,8,4,Over
3,talk,100,8,6,Over
3,talk,101,8,3,Over
3,talk,102,8,9,Over
3,talk,103,8,7,Over
3,talk,104,8,13,VOTE Agent[05]
3,talk,105,8,2,VOTE Agent[05]
3,talk,106,8,12,Over
3,talk,107,8,11,Over
3,talk,108,9,15,Over
3,talk,109,9,11,Over
3,talk,110,9,4,VOTE Agent[05]
3,talk,111,9,6,Over
3,talk,112,9,12,Over
3,talk,113,9,8,VOTE Agent[15]
3,talk,114,9,7,Over
3,talk,115,9,13,Over
3,talk,116,9,9,Over
3,talk,117,9,3,Over
3,talk,118,9,2,Over
3,talk,119,9,5,Over
3,talk,120,10,5,Over
3,talk,121,10,6,Over
3,talk,122,10,13,Over
3,talk,123,10,4,Skip
3,talk,124,10,15,Over
3,talk,125,10,3,Over
3,talk,126,10,9,Over
3,talk,127,10,11,Over
3,talk,128,10,8,Over
3,talk,129,10,12,Over
3,talk,130,10,7,Over
3,talk,131,10,2,Over
3,talk,132,11,5,Over
3,talk,133,11,4,Skip
3,talk,134,11,12,Over
3,talk,135,11,11,Over
3,talk,136,11,13,Over
3,talk,137,11,3,Over
3,talk,138,11,9,Over
3,talk,139,11,8,Over
3,talk,140,11,2,Over
3,talk,141,11,7,Over
3,talk,142,11,15,Over
3,talk,143,11,6,Over
3,talk,144,12,3,Over
3,talk,145,12,11,Over
3,talk,146,12,13,Over
3,talk,147,12,15,Over
3,talk,148,12,5,Over
3,talk,149,12,12,Over
3,talk,150,12,2,Over
3,talk,151,12,4,Over
3,talk,152,12,7,Over
3,talk,153,12,9,Over
3,talk,154,12,8,Over
3,talk,155,12,6,Over
3,vote,2,8
3,vote,3,6
3,vote,4,5
3,vote,5,15
3,vote,6,15
3,vote,7,15
3,vote,8,15
3,vote,9,2
3,vote,11,15
3,vote,12,15
3,vote,13,8
3,vote,15,4
3,execute,15,WEREWOLF
3,divine,8,4,WEREWOLF
3,guard,7,8,SEER
3,attack,12,true
4,status,1,MEDIUM,DEAD,Takeda7
4,status,2,VILLAGER,ALIVE,HALU
4,status,3,VILLAGER,ALIVE,SampleJava9
4,status,4,WEREWOLF,ALIVE,Tomato4
4,status,5,POSSESSED,ALIVE,OKAMI
4,status,6,VILLAGER,ALIVE,TOKU11
4,status,7,BODYGUARD,ALIVE,TOKU10
4,status,8,SEER,ALIVE,Takeda1
4,status,9,VILLAGER,ALIVE,sample_py
4,status,10,WEREWOLF,DEAD,SampleJava13
4,status,11,VILLAGER,ALIVE,Tomato5
4,status,12,VILLAGER,DEAD,Tomato6
4,status,13,VILLAGER,ALIVE,HALU
4,status,14,VILLAGER,DEAD,SampleJava2
4,status,15,WEREWOLF,DEAD,sample_py
4,talk,0,0,9,VOTE Agent[02]
4,talk,1,0,11,VOTE Agent[04]
4,talk,2,0,13,VOTE Agent[08]
4,talk,3,0,6,VOTE Agent[04]
4,talk,4,0,3,VOTE Agent[05]
4,talk,5,0,2,VOTE Agent[08]
4,talk,6,0,7,VOTE Agent[04]
4,talk,7,0,5,DIVINED Agent[08] HUMAN
4,talk,8,0,8,DIVINED Agent[04] WEREWOLF
4,talk,9,0,4,VOTE Agent[08]
4,talk,10,1,11,Skip
4,talk,11,1,9,Skip
4,talk,12,1,13,VOTE Agent[08]
4,talk,13,1,3,REQUEST ANY (VOTE Agent[05])
4,talk,14,1,8,VOTE Agent[04]
4,talk,15,1,5,VOTE Agent[02]
4,talk,16,1,2,VOTE Agent[08]
4,talk,17,1,6,VOTE Agent[03]
4,talk,18,1,4,Skip
4,talk,19,1,7,Skip
4,talk,20,2,3,Skip
4,talk,21,2,8,VOTE Agent[04]
4,talk,22,2,13,VOTE Agent[05]
4,talk,23,2,11,Skip
4,talk,24,2,6,Skip
4,talk,25,2,5,VOTE Agent[02]
4,talk,26,2,7,VOTE Agent[06]
4,talk,27,2,2,VOTE Agent[08]
4,talk,28,2,9,Skip
4,talk,29,2,4,Skip
4,talk,30,3,9,Over
4,talk,31,3,4,Over
4,talk,32,3,7,Skip
4,talk,33,3,5,VOTE Agent[08]
4,talk,34,3,6,Skip
4,talk,35,3,11,Over
4,talk,36,3,8,VOTE Agent[04]
4,talk,37,3,2,VOTE Agent[08]
4,talk,38,3,13,VOTE Agent[05]
4,talk,39,3,3,Skip
4,talk,40,4,6,Over
4,talk,41,4,7,Skip
4,talk,42,4,8,VOTE Agent[04]
4,talk,43,4,9,Over
4,talk,44,4,2,VOTE Agent[08]
4,talk,45,4,5,VOTE Agent[08]
4,talk,46,4,4,Over
4,talk,47,4,11,Over
4,talk,48,4,13,VOTE Agent[08]
4,talk,49,4,3,Over
4,talk,50,5,3,Over
4,talk,51,5,9,Over
4,talk,52,5,7,Over
4,talk,53,5,13,VOTE Agent[05]
4,talk,54,5,5,VOTE Agent[08]
4,talk,55,5,11,Over
4,talk,56,5,6,Over
4,talk,57,5,4,Over
4,talk,58,5,8,VOTE Agent[04]
4,talk,59,5,2,VOTE Agent[08]
4,talk,60,6,8,VOTE Agent[04]
4,talk,61,6,3,Over
4,talk,62,6,5,VOTE Agent[08]
4,talk,63,6,7,Over
4,talk,64,6,13,VOTE Agent[08]
4,talk,65,6,2,VOTE Agent[08]
4,talk,66,6,6,Over
4,talk,67,6,9,Over
4,talk,68,6,11,Over
4,talk,69,6,4,Over
4,talk,70,7,6,Over
4,talk,71,7,7,Over
4,talk,72,7,9,Over
4,talk,73,7,5,VOTE Agent[08]
4,talk,74,7,8,VOTE Agent[04]
4,talk,75,7,4,Over
4,talk,76,7,13,VOTE Agent[08]
4,talk,77,7,3,Over
4,talk,78,7,11,Over
4,talk,79,7,2,VOTE Agent[08]
4,talk,80,8,6,Over
4,talk,81,8,13,VOTE Agent[05]
4,talk,82,8,9,Over
4,talk,83,8,11,Over
4,talk,84,8,3,Over
4,talk,85,8,5,VOTE Agent[08]
4,talk,86,8,7,Over
4,talk,87,8,2,VOTE Agent[05]
4,talk,88,8,8,VOTE Agent[04]
4,talk,89,8,4,VOTE Agent[05]
4,talk,90,9,13,Over
4,talk,91,9,8,VOTE Agent[04]
4,talk,92,9,2,Over
4,talk,93,9,7,Over
4,talk,94,9,5,Over
4,talk,95,9,9,Over
4,talk,96,9,3,Over
4,talk,97,9,6,Over
4,talk,98,9,4,Skip
4,talk,99,9,11,Over
4,talk,100,10,13,Over
4,talk,101,10,6,Over
4,talk,102,10,8,Over
4,talk,103,10,11,Over
4,talk,104,10,9,Over
4,talk,105,10,2,Over
4,talk,106,10,7,Over
4,talk,107,10,4,Skip
4,talk,108,10,3,Over
4,talk,109,10,5,Over
4,talk,110,11,11,Over
4,talk,111,11,7,Over
4,talk,112,11,4,Over
4,talk,113,11,5,Over
4,talk,114,11,6,Over
4,talk,115,11,13,Over
4,talk,116,11,2,Over
4,talk,117,11,9,Over
4,talk,118,11,3,Over
4,talk,119,11,8,Over
4,vote,2,5
4,vote,3,2
4,vote,4,5
4,vote,5,2
4,vote,6,3
4,vote,7,6
4,vote,8,4
4,vote,9,2
4,vote,11,4
4,vote,13,8
4,execute,2,VILLAGER
4,divine,8,5,HUMAN
4,guard,7,8,SEER
4,attack,8,false
5,status,1,MEDIUM,DEAD,Takeda7
5,status,2,VILLAGER,DEAD,HALU
5,status,3,VILLAGER,ALIVE,SampleJava9
5,status,4,WEREWOLF,ALIVE,Tomato4
5,status,5,POSSESSED,ALIVE,OKAMI
5,status,6,VILLAGER,ALIVE,TOKU11
5,status,7,BODYGUARD,ALIVE,TOKU10
5,status,8,SEER,ALIVE,Takeda1
5,status,9,VILLAGER,ALIVE,sample_py
5,status,10,WEREWOLF,DEAD,SampleJava13
5,status,11,VILLAGER,ALIVE,Tomato5
5,status,12,VILLAGER,DEAD,Tomato6
5,status,13,VILLAGER,ALIVE,HALU
5,status,14,VILLAGER,DEAD,SampleJava2
5,status,15,WEREWOLF,DEAD,sample_py
5,talk,0,0,5,DIVINED Agent[07] WEREWOLF
5,talk,1,0,4,VOTE Agent[08]
5,talk,2,0,7,VOTE Agent[06]
5,talk,3,0,9,VOTE Agent[04]
5,talk,4,0,8,DIVINED Agent[05] HUMAN
5,talk,5,0,13,VOTE Agent[05]
5,talk,6,0,11,VOTE Agent[04]
5,talk,7,0,3,VOTE Agent[13]
5,talk,8,0,6,VOTE Agent[03]
5,talk,9,1,4,VOTE Agent[13]
5,talk,10,1,6,Skip
5,talk,11,1,8,VOTE Agent[04]
5,talk,12,1,13,VOTE Agent[08]
5,talk,13,1,9,Skip
5,talk,14,1,7,Skip
5,talk,15,1,3,REQUEST ANY (VOTE Agent[13])
5,talk,16,1,5,VOTE Agent[07]
5,talk,17,1,11,Skip
5,talk,18,2,8,VOTE Agent[04]
5,talk,19,2,6,VOTE Agent[04]
5,talk,20,2,3,Skip
5,talk,21,2,11,Skip
5,talk,22,2,9,Skip
5,talk,23,2,13,VOTE Agent[05]
5,talk,24,2,7,VOTE Agent[04]
5,talk,25,2,4,Skip
5,talk,26,2,5,VOTE Agent[07]
5,talk,27,3,3,Skip
5,talk,28,3,13,VOTE Agent[05]
5,talk,29,3,5,VOTE Agent[07]
5,talk,30,3,6,VOTE Agent[09]
5,talk,31,3,8,VOTE Agent[04]
5,talk,32,3,7,VOTE Agent[09]
5,talk,33,3,9,Over
5,talk,34,3,11,Over
5,talk,35,3,4,VOTE Agent[09]
5,talk,36,4,13,VOTE Agent[08]
5,talk,37,4,5,VOTE Agent[07]
5,talk,38,4,7,Skip
5,talk,39,4,11,Over
5,talk,40,4,8,VOTE Agent[04]
5,talk,41,4,3,Over
5,talk,42,4,6,Skip
5,talk,43,4,4,Skip
5,talk,44,4,9,Over
5,talk,45,5,6,Skip
5,talk,46,5,3,Over
5,talk,47,5,9,Over
5,talk,48,5,11,Over
5,talk,49,5,7,Skip
5,talk,50,5,8,VOTE Agent[04]
5,talk,51,5,4,Skip
5,talk,52,5,5,VOTE Agent[07]
5,talk,53,5,13,VOTE Agent[08]
5,talk,54,6,11,Over
5,talk,55,6,7,Over
5,talk,56,6,5,VOTE Agent[07]
5,talk,57,6,13,VOTE Agent[05]
5,talk,58,6,4,Over
5,talk,59,6,8,VOTE Agent[04]
5,talk,60,6,9,Over
5,talk,61,6,3,Over
5,talk,62,6,6,Over
5,talk,63,7,8,VOTE Agent[04]
5,talk,64,7,6,Over
5,talk,65,7,11,Over
5,talk,66,7,3,Over
5,talk,67,7,13,VOTE Agent[08]
5,talk,68,7,7,Over
5,talk,69,7,5,VOTE Agent[07]
5,talk,70,7,9,Over
5,talk,71,7,4,Over
5,talk,72,8,9,Over
5,talk,73,8,3,Over
5,talk,74,8,13,VOTE Agent[05]
5,talk,75,8,6,Over
5,talk,76,8,4,Over
5,talk,77,8,7,Over
5,talk,78,8,5,VOTE Agent[07]
5,talk,79,8,8,VOTE Agent[04]
5,talk,80,8,11,Over
5,talk,81,9,9,Over
5,talk,82,9,3,Over
5,talk,83,9,8,VOTE Agent[04]
5,talk,84,9,5,Over
5,talk,85,9,11,Over
5,talk,86,9,7,Over
5,talk,87,9,4,Over
5,talk,88,9,6,Over
5,talk,89,9,13,Over
5,talk,90,10,3,Over
5,talk,91,10,13,Over
5,talk,92,10,4,Over
5,talk,93,10,11,Over
5,talk,94,10,8,Over
5,talk,95,10,9,Over
5,talk,96,10,6,Over
5,talk,97,10,5,Over
5,talk,98,10,7,Over
5,vote,3,9
5,vote,4,9
5,vote,5,7
5,vote,6,9
5,vote,7,9
5,vote,8,4
5,vote,9,4
5,vote,11,4
5,vote,13,5
5,execute,9,VILLAGER
5,divine,8,3,HUMAN
5,guard,7,8,SEER
5,attack,6,true
6,status,1,MEDIUM,DEAD,Takeda7
6,status,2,VILLAGER,DEAD,HALU
6,status,3,VILLAGER,ALIVE,SampleJava9
6,status,4,WEREWOLF,ALIVE,Tomato4
6,status,5,POSSESSED,ALIVE,OKAMI
6,status,6,VILLAGER,DEAD,TOKU11
6,status,7,BODYGUARD,ALIVE,TOKU10
6,status,8,SEER,ALIVE,Takeda1
6,status,9,VILLAGER,DEAD,sample_py
6,status,10,WEREWOLF,DEAD,SampleJava13
6,status,11,VILLAGER,ALIVE,Tomato5
6,status,12,VILLAGER,DEAD,Tomato6
6,status,13,VILLAGER,ALIVE,HALU
6,status,14,VILLAGER,DEAD,SampleJava2
6,status,15,WEREWOLF,DEAD,sample_py
6,talk,0,0,8,DIVINED Agent[03] HUMAN
6,talk,1,0,5,COMINGOUT Agent[05] POSSESSED
6,talk,2,0,4,VOTE Agent[11]
6,talk,3,0,13,VOTE Agent[04]
6,talk,4,0,7,VOTE Agent[04]
6,talk,5,0,11,VOTE Agent[04]
6,talk,6,0,3,VOTE Agent[11]
6,talk,7,1,11,Skip
6,talk,8,1,13,VOTE Agent[03]
6,talk,9,1,4,VOTE Agent[03]
6,talk,10,1,3,REQUEST ANY (VOTE Agent[11])
6,talk,11,1,7,Skip
6,talk,12,1,5,VOTE Agent[03]
6,talk,13,1,8,VOTE Agent[04]
6,talk,14,2,5,VOTE Agent[04]
6,talk,15,2,7,Skip
6,talk,16,2,8,VOTE Agent[04]
6,talk,17,2,11,Skip
6,talk,18,2,13,VOTE Agent[03]
6,talk,19,2,3,Skip
6,talk,20,2,4,Skip
6,talk,21,3,11,Over
6,talk,22,3,5,VOTE Agent[04]
6,talk,23,3,3,Skip
6,talk,24,3,13,VOTE Agent[03]
6,talk,25,3,4,Skip
6,talk,26,3,7,Over
6,talk,27,3,8,VOTE Agent[04]
6,talk,28,4,5,VOTE Agent[04]
6,talk,29,4,11,Over
6,talk,30,4,8,VOTE Agent[04]
6,talk,31,4,13,VOTE Agent[03]
6,talk,32,4,3,Over
6,talk,33,4,7,Over
6,talk,34,4,4,Over
6,talk,35,5,4,Over
6,talk,36,5,13,VOTE Agent[03]
6,talk,37,5,8,VOTE Agent[04]
6,talk,38,5,11,Over
6,talk,39,5,3,Over
6,talk,40,5,7,Over
6,talk,41,5,5,VOTE Agent[04]
6,talk,42,6,13,VOTE Agent[03]
6,talk,43,6,7,Over
6,talk,44,6,3,Over
6,talk,45,6,11,Over
6,talk,46,6,8,VOTE Agent[04]
6,talk,47,6,5,VOTE Agent[04]
6,talk,48,6,4,Over
6,talk,49,7,8,VOTE Agent[04]
6,talk,50,7,11,Over
6,talk,51,7,5,VOTE Agent[04]
6,talk,52,7,3,Over
6,talk,53,7,7,Over
6,talk,54,7,4,Over
6,talk,55,7,13,VOTE Agent[03]
6,talk,56,8,11,Over
6,talk,57,8,7,Over
6,talk,58,8,5,VOTE Agent[04]
6,talk,59,8,8,VOTE Agent[04]
6,talk,60,8,3,Over
6,talk,61,8,13,VOTE Agent[03]
6,talk,62,8,4,Over
6,talk,63,9,8,VOTE Agent[04]
6,talk,64,9,5,VOTE Agent[04]
6,talk,65,9,7,Over
6,talk,66,9,4,Over
6,talk,67,9,3,Over
6,talk,68,9,13,Over
6,talk,69,9,11,Over
6,talk,70,10,3,Over
6,talk,71,10,11,Over
6,talk,72,10,7,Over
6,talk,73,10,8,Over
6,talk,74,10,5,Over
6,talk,75,10,4,Over
6,talk,76,10,13,Over
6,vote,3,5
6,vote,4,3
6,vote,5,4
6,vote,7,4
6,vote,8,4
6,vote,11,4
6,vote,13,3
6,execute,4,WEREWOLF
6,divine,8,13,HUMAN
6,guard,7,8,SEER
7,status,1,MEDIUM,DEAD,Takeda7
7,status,2,VILLAGER,DEAD,HALU
7,status,3,VILLAGER,ALIVE,SampleJava9
7,status,4,WEREWOLF,DEAD,Tomato4
7,status,5,POSSESSED,ALIVE,OKAMI
7,status,6,VILLAGER,DEAD,TOKU11
7,status,7,BODYGUARD,ALIVE,TOKU10
7,status,8,SEER,ALIVE,Takeda1
7,status,9,VILLAGER,DEAD,sample_py
7,status,10,WEREWOLF,DEAD,SampleJava13
7,status,11,VILLAGER,ALIVE,Tomato5
7,status,12,VILLAGER,DEAD,Tomato6
7,status,13,VILLAGER,ALIVE,HALU
7,status,14,VILLAGER,DEAD,SampleJava2
7,status,15,WEREWOLF,DEAD,sample_py
7,result,6,0,VILLAGER
