0,status,1,SEER,ALIVE,Takeda7
0,status,2,VILLAGER,ALIVE,HALU
0,status,3,VILLAGER,ALIVE,SampleJava9
0,status,4,VILLAGER,ALIVE,Tomato4
0,status,5,VILLAGER,ALIVE,OKAMI
0,status,6,WEREWOLF,ALIVE,TOKU11
0,status,7,POSSESSED,ALIVE,TOKU10
0,status,8,VILLAGER,ALIVE,Takeda1
0,status,9,MEDIUM,ALIVE,sample_py
0,status,10,BODYGUARD,ALIVE,SampleJava13
0,status,11,VILLAGER,ALIVE,Tomato5
0,status,12,VILLAGER,ALIVE,Tomato6
0,status,13,WEREWOLF,ALIVE,HALU
0,status,14,VILLAGER,ALIVE,SampleJava2
0,status,15,WEREWOLF,ALIVE,sample_py
0,whisper,0,0,15,COMINGOUT Agent[15] VILLAGER
0,whisper,1,0,13,COMINGOUT Agent[13] MEDIUM
0,whisper,2,0,6,Skip
0,whisper,3,1,13,Skip
0,whisper,4,1,6,Skip
0,whisper,5,1,15,COMINGOUT Agent[15] VILLAGER
0,whisper,6,2,15,COMINGOUT Agent[15] VILLAGER
0,whisper,7,2,13,Skip
0,whisper,8,2,6,Over
0,whisper,9,3,15,COMINGOUT Agent[15] VILLAGER
0,whisper,10,3,13,Over
0,whisper,11,3,6,Over
0,whisper,12,4,13,Over
0,whisper,13,4,6,Over
0,whisper,14,4,15,COMINGOUT Agent[15] VILLAGER
0,whisper,15,5,6,Over
0,whisper,16,5,13,Over
0,whisper,17,5,15,COMINGOUT Agent[15] VILLAGER
0,whisper,18,6,15,COMINGOUT Agent[15] VILLAGER
0,whisper,19,6,13,Over
0,whisper,20,6,6,Over
0,whisper,21,7,15,COMINGOUT Agent[15] VILLAGER
0,whisper,22,7,13,Over
0,whisper,23,7,6,Over
0,whisper,24,8,6,Over
0,whisper,25,8,15,COMINGOUT Agent[15] VILLAGER
0,whisper,26,8,13,Over
0,whisper,27,9,6,Over
0,whisper,28,9,13,Over
0,whisper,29,9,15,COMINGOUT Agent[15] VILLAGER
0,whisper,30,10,13,Over
0,whisper,31,10,6,Over
0,whisper,32,10,15,Over
0,divine,1,3,HUMAN
1,status,1,SEER,ALIVE,Takeda7
1,status,2,VILLAGER,ALIVE,HALU
1,status,3,VILLAGER,ALIVE,SampleJava9
1,status,4,VILLAGER,ALIVE,Tomato4
1,status,5,VILLAGER,ALIVE,OKAMI
1,status,6,WEREWOLF,ALIVE,TOKU11
1,status,7,POSSESSED,ALIVE,TOKU10
1,status,8,VILLAGER,ALIVE,Takeda1
1,status,9,MEDIUM,ALIVE,sample_py
1,status,10,BODYGUARD,ALIVE,SampleJava13
1,status,11,VILLAGER,ALIVE,Tomato5
1,status,12,VILLAGER,ALIVE,Tomato6
1,status,13,WEREWOLF,ALIVE,HALU
1,status,14,VILLAGER,ALIVE,SampleJava2
1,status,15,WEREWOLF,ALIVE,sample_py
1,talk,0,0,12,VOTE Agent[11]
1,talk,1,0,14,VOTE Agent[08]
1,talk,2,0,7,COMINGOUT Agent[07] SEER
1,talk,3,0,2,VOTE Agent[12]
1,talk,4,0,15,VOTE Agent[11]
1,talk,5,0,11,VOTE Agent[08]
1,talk,6,0,8,VOTE Agent[11]
1,talk,7,0,13,COMINGOUT Agent[13] MEDIUM
1,talk,8,0,4,VOTE Agent[11]
1,talk,9,0,5,VOTE Agent[08]
1,talk,10,0,10,VOTE Agent[02]
1,talk,11,0,9,VOTE Agent[13]
1,talk,12,0,6,VOTE Agent[07]
1,talk,13,0,3,VOTE Agent[07]
1,talk,14,0,1,COMINGOUT Agent[01] SEER
1,talk,15,1,13,VOTE Agent[04]
1,talk,16,1,15,Skip
1,talk,17,1,7,DIVINED Agent[14] WEREWOLF
1,talk,18,1,8,VOTE Agent[02]
1,talk,19,1,9,Skip
1,talk,20,1,2,VOTE Agent[14]
1,talk,21,1,11,Skip
1,talk,22,1,14,REQUEST ANY (VOTE Agent[08])
1,talk,23,1,4,VOTE Agent[08]
1,talk,24,1,10,REQUEST ANY (VOTE Agent[02])
1,talk,25,1,6,VOTE Agent[02]
1,talk,26,1,1,DIVINED Agent[03] HUMAN
1,talk,27,1,12,VOTE Agent[08]
1,talk,28,1,5,COMINGOUT Agent[05] VILLAGER
1,talk,29,1,3,REQUEST ANY (VOTE Agent[07])
1,talk,30,2,2,VOTE Agent[03]
1,talk,31,2,15,VOTE Agent[05]
1,talk,32,2,7,VOTE Agent[14]
1,talk,33,2,3,Skip
1,talk,34,2,5,VOTE Agent[03]
1,talk,35,2,11,Skip
1,talk,36,2,8,VOTE Agent[11]
1,talk,37,2,9,Skip
1,talk,38,2,10,Skip
1,talk,39,2,13,VOTE Agent[14]
1,talk,40,2,4,Skip
1,talk,41,2,12,Skip
1,talk,42,2,6,VOTE Agent[11]
1,talk,43,2,14,BECAUSE (AND (COMINGOUT Agent[14] VILLAGER) (DAY 1 (Agent[07] DIVINED Agent[14] WEREWOLF))) (XOR (ESTIMATE Agent[07] WEREWOLF) (ESTIMATE Agent[07] POSSESSED))
1,talk,44,2,1,VOTE Agent[13]
1,talk,45,3,7,Skip
1,talk,46,3,5,VOTE Agent[03]
1,talk,47,3,15,Skip
1,talk,48,3,3,Skip
1,talk,49,3,8,VOTE Agent[06]
1,talk,50,3,14,BECAUSE (XOR (ESTIMATE Agent[07] WEREWOLF) (ESTIMATE Agent[07] POSSESSED)) (AND (VOTE Agent[07]) (REQUEST ANY (VOTE Agent[07])))
1,talk,51,3,2,VOTE Agent[05]
1,talk,52,3,1,VOTE Agent[13]
1,talk,53,3,10,Skip
1,talk,54,3,9,Over
1,talk,55,3,12,Skip
1,talk,56,3,4,Skip
1,talk,57,3,6,VOTE Agent[02]
1,talk,58,3,11,Over
1,talk,59,3,13,VOTE Agent[14]
1,talk,60,4,12,Over
1,talk,61,4,2,VOTE Agent[05]
1,talk,62,4,3,Over
1,talk,63,4,15,Skip
1,talk,64,4,4,Over
1,talk,65,4,9,Over
1,talk,66,4,13,VOTE Agent[14]
1,talk,67,4,11,Over
1,talk,68,4,14,VOTE Agent[07]
1,talk,69,4,8,VOTE Agent[02]
1,talk,70,4,5,VOTE Agent[03]
1,talk,71,4,10,Over
1,talk,72,4,1,VOTE Agent[13]
1,talk,73,4,7,Skip
1,talk,74,4,6,Skip
1,talk,75,5,9,Over
1,talk,76,5,11,Over
1,talk,77,5,12,VOTE Agent[02]
1,talk,78,5,1,VOTE Agent[13]
1,talk,79,5,6,VOTE Agent[08]
1,talk,80,5,15,Over
1,talk,81,5,8,VOTE Agent[13]
1,talk,82,5,5,VOTE Agent[03]
1,talk,83,5,3,Over
1,talk,84,5,14,REQUEST ANY (VOTE Agent[07])
1,talk,85,5,2,VOTE Agent[05]
1,talk,86,5,7,Over
1,talk,87,5,13,VOTE Agent[14]
1,talk,88,5,10,Over
1,talk,89,5,4,VOTE Agent[13]
1,talk,90,6,8,Skip
1,talk,91,6,10,Over
1,talk,92,6,5,VOTE Agent[03]
1,talk,93,6,13,VOTE Agent[14]
1,talk,94,6,3,Over
1,talk,95,6,15,Over
1,talk,96,6,11,VOTE Agent[13]
1,talk,97,6,1,VOTE Agent[13]
1,talk,98,6,14,Skip
1,talk,99,6,7,Over
1,talk,100,6,4,Skip
1,talk,101,6,12,VOTE Agent[13]
1,talk,102,6,9,Over
1,talk,103,6,6,VOTE Agent[02]
1,talk,104,6,2,VOTE Agent[05]
1,talk,105,7,6,Skip
1,talk,106,7,7,Over
1,talk,107,7,2,VOTE Agent[05]
1,talk,108,7,10,Over
1,talk,109,7,5,VOTE Agent[03]
1,talk,110,7,11,Skip
1,talk,111,7,12,Skip
1,talk,112,7,4,Skip
1,talk,113,7,14,Skip
1,talk,114,7,9,Over
1,talk,115,7,3,Over
1,talk,116,7,8,VOTE Agent[02]
1,talk,117,7,13,VOTE Agent[14]
1,talk,118,7,15,Over
1,talk,119,7,1,VOTE Agent[13]
1,talk,120,8,12,Skip
1,talk,121,8,6,VOTE Agent[08]
1,talk,122,8,13,VOTE Agent[14]
1,talk,123,8,3,Over
1,talk,124,8,2,VOTE Agent[05]
1,talk,125,8,1,VOTE Agent[13]
1,talk,126,8,15,Over
1,talk,127,8,7,Over
1,talk,128,8,9,Over
1,talk,129,8,14,Over
1,talk,130,8,4,Over
1,talk,131,8,10,Over
1,talk,132,8,8,Skip
1,talk,133,8,11,Skip
1,talk,134,8,5,VOTE Agent[03]
1,talk,135,9,10,Over
1,talk,136,9,14,Over
1,talk,137,9,15,Over
1,talk,138,9,5,Over
1,talk,139,9,6,Skip
1,talk,140,9,4,Over
1,talk,141,9,3,Over
1,talk,142,9,11,Over
1,talk,143,9,8,Skip
1,talk,144,9,13,Over
1,talk,145,9,9,Over
1,talk,146,9,1,VOTE Agent[13]
1,talk,147,9,7,Over
1,talk,148,9,12,Over
1,talk,149,9,2,Over
1,talk,150,10,10,Over
1,talk,151,10,15,Over
1,talk,152,10,13,Over
1,talk,153,10,11,Over
1,talk,154,10,9,Over
1,talk,155,10,1,Over
1,talk,156,10,14,Over
1,talk,157,10,6,Skip
1,talk,158,10,2,Over
1,talk,159,10,7,Over
1,talk,160,10,3,Over
1,talk,161,10,12,Over
1,talk,162,10,5,Over
1,talk,163,10,8,VOTE Agent[13]
1,talk,164,10,4,Over
1,talk,165,11,10,Over
1,talk,166,11,3,Over
1,talk,167,11,8,Skip
1,talk,168,11,12,Over
1,talk,169,11,11,Over
1,talk,170,11,9,Over
1,talk,171,11,6,Over
1,talk,172,11,1,Over
1,talk,173,11,14,Over
1,talk,174,11,4,Over
1,talk,175,11,7,Over
1,talk,176,11,13,Over
1,talk,177,11,15,Over
1,talk,178,11,5,Over
1,talk,179,11,2,Over
1,talk,180,12,13,Over
1,talk,181,12,8,Skip
1,talk,182,12,2,Over
1,talk,183,12,12,Over
1,talk,184,12,10,Over
1,talk,185,12,6,Over
1,talk,186,12,14,Over
1,talk,187,12,7,Over
1,talk,188,12,9,Over
1,talk,189,12,11,Over
1,talk,190,12,15,Over
1,talk,191,12,1,Over
1,talk,192,12,5,Over
1,talk,193,12,4,Over
1,talk,194,12,3,Over
1,talk,195,13,4,Over
1,talk,196,13,8,Over
1,talk,197,13,13,Over
1,talk,198,13,1,Over
1,talk,199,13,5,Over
1,talk,200,13,7,Over
1,talk,201,13,6,Over
1,talk,202,13,15,Over
1,talk,203,13,10,Over
1,talk,204,13,12,Over
1,talk,205,13,11,Over
1,talk,206,13,3,Over
1,talk,207,13,14,Over
1,talk,208,13,2,Over
1,talk,209,13,9,Over
1,vote,1,13
1,vote,2,5
1,vote,3,7
1,vote,4,13
1,vote,5,3
1,vote,6,13
1,vote,7,14
1,vote,8,13
1,vote,9,13
1,vote,10,7
1,vote,11,13
1,vote,12,13
1,vote,13,14
1,vote,14,7
1,vote,15,5
1,execute,13,WEREWOLF
1,divine,1,8,HUMAN
1,whisper,0,0,6,Skip
1,whisper,1,0,15,ATTACK Agent[07]
1,whisper,2,1,15,Skip
1,whisper,3,1,6,Skip
1,whisper,4,2,6,Over
1,whisper,5,2,15,Skip
1,whisper,6,3,15,Over
1,whisper,7,3,6,Over
1,guard,10,7,POSSESSED
1,attackVote,6,7
1,attackVote,15,7
1,attack,7,false
2,status,1,SEER,ALIVE,Takeda7
2,status,2,VILLAGER,ALIVE,HALU
2,status,3,VILLAGER,ALIVE,SampleJava9
2,status,4,VILLAGER,ALIVE,Tomato4
2,status,5,VILLAGER,ALIVE,OKAMI
2,status,6,WEREWOLF,ALIVE,TOKU11
2,status,7,POSSESSED,ALIVE,TOKU10
2,status,8,VILLAGER,ALIVE,Takeda1
2,status,9,MEDIUM,ALIVE,sample_py
2,status,10,BODYGUARD,ALIVE,SampleJava13
2,status,11,VILLAGER,ALIVE,Tomato5
2,status,12,VILLAGER,ALIVE,Tomato6
2,status,13,WEREWOLF,DEAD,HALU
2,status,14,VILLAGER,ALIVE,SampleJava2
2,status,15,WEREWOLF,ALIVE,sample_py
2,talk,0,0,15,VOTE Agent[05]
2,talk,1,0,14,BECAUSE (AND (COMINGOUT Agent[14] VILLAGER) (DAY 1 (Agent[07] DIVINED Agent[14] WEREWOLF))) (XOR (ESTIMATE Agent[07] WEREWOLF) (ESTIMATE Agent[07] POSSESSED))
2,talk,2,0,11,VOTE Agent[05]
2,talk,3,0,12,VOTE Agent[05]
2,talk,4,0,2,VOTE Agent[05]
2,talk,5,0,8,VOTE Agent[02]
2,talk,6,0,4,VOTE Agent[05]
2,talk,7,0,6,VOTE Agent[08]
2,talk,8,0,5,VOTE Agent[03]
2,talk,9,0,7,DIVINED Agent[08] HUMAN
2,talk,10,0,9,COMINGOUT Agent[09] MEDIUM
2,talk,11,0,1,DIVINED Agent[08] HUMAN
2,talk,12,0,3,VOTE Agent[07]
2,talk,13,0,10,VOTE Agent[02]
2,talk,14,1,5,COMINGOUT Agent[05] VILLAGER
2,talk,15,1,1,VOTE Agent[09]
2,talk,16,1,14,BECAUSE (XOR (ESTIMATE Agent[07] WEREWOLF) (ESTIMATE Agent[07] POSSESSED)) (AND (VOTE Agent[07]) (REQUEST ANY (VOTE Agent[07])))
2,talk,17,1,10,REQUEST ANY (VOTE Agent[02])
2,talk,18,1,6,VOTE Agent[09]
2,talk,19,1,8,VOTE Agent[09]
2,talk,20,1,15,Skip
2,talk,21,1,3,REQUEST ANY (VOTE Agent[07])
2,talk,22,1,11,Skip
2,talk,23,1,9,IDENTIFIED Agent[13] WEREWOLF
2,talk,24,1,7,VOTE Agent[14]
2,talk,25,1,2,VOTE Agent[05]
2,talk,26,1,4,Skip
2,talk,27,1,12,Skip
2,talk,28,2,10,Skip
2,talk,29,2,11,Skip
2,talk,30,2,4,Skip
2,talk,31,2,1,VOTE Agent[02]
2,talk,32,2,12,Skip
2,talk,33,2,6,VOTE Agent[02]
2,talk,34,2,15,Skip
2,talk,35,2,14,VOTE Agent[07]
2,talk,36,2,9,VOTE Agent[14]
2,talk,37,2,3,Skip
2,talk,38,2,2,VOTE Agent[05]
2,talk,39,2,7,Skip
2,talk,40,2,8,VOTE Agent[02]
2,talk,41,2,5,VOTE Agent[03]
2,talk,42,3,6,Skip
2,talk,43,3,10,Skip
2,talk,44,3,11,Over
2,talk,45,3,2,VOTE Agent[05]
2,talk,46,3,15,Over
2,talk,47,3,7,Skip
2,talk,48,3,12,Over
2,talk,49,3,1,VOTE Agent[02]
2,talk,50,3,9,Skip
2,talk,51,3,14,REQUEST ANY (VOTE Agent[07])
2,talk,52,3,3,Skip
2,talk,53,3,4,Over
2,talk,54,3,8,Skip
2,talk,55,3,5,VOTE Agent[03]
2,talk,56,4,11,Over
2,talk,57,4,3,Over
2,talk,58,4,6,Skip
2,talk,59,4,7,Over
2,talk,60,4,14,Skip
2,talk,61,4,9,Skip
2,talk,62,4,8,Skip
2,talk,63,4,5,VOTE Agent[03]
2,talk,64,4,15,Over
2,talk,65,4,10,Over
2,talk,66,4,1,VOTE Agent[02]
2,talk,67,4,12,Over
2,talk,68,4,4,Over
2,talk,69,4,2,VOTE Agent[05]
2,talk,70,5,5,VOTE Agent[03]
2,talk,71,5,1,VOTE Agent[02]
2,talk,72,5,6,Over
2,talk,73,5,14,Skip
2,talk,74,5,9,Over
2,talk,75,5,15,Over
2,talk,76,5,4,Over
2,talk,77,5,3,Over
2,talk,78,5,8,Over
2,talk,79,5,10,Over
2,talk,80,5,2,VOTE Agent[05]
2,talk,81,5,7,Over
2,talk,82,5,11,Over
2,talk,83,5,12,Over
2,talk,84,6,3,Over
2,talk,85,6,8,Over
2,talk,86,6,14,Over
2,talk,87,6,10,Over
2,talk,88,6,2,VOTE Agent[05]
2,talk,89,6,4,Over
2,talk,90,6,11,Over
2,talk,91,6,15,Over
2,talk,92,6,7,Over
2,talk,93,6,6,Over
2,talk,94,6,5,VOTE Agent[03]
2,talk,95,6,1,VOTE Agent[02]
2,talk,96,6,12,Over
2,talk,97,6,9,Over
2,talk,98,7,8,Over
2,talk,99,7,9,Over
2,talk,100,7,1,VOTE Agent[02]
2,talk,101,7,10,Over
2,talk,102,7,5,VOTE Agent[03]
2,talk,103,7,3,Over
2,talk,104,7,2,VOTE Agent[05]
2,talk,105,7,12,Over
2,talk,106,7,7,Over
2,talk,107,7,6,Over
2,talk,108,7,14,Over
2,talk,109,7,11,Over
2,talk,110,7,15,Over
2,talk,111,7,4,Over
2,talk,112,8,3,Over
2,talk,113,8,11,Over
2,talk,114,8,15,Over
2,talk,115,8,10,Over
2,talk,116,8,1,VOTE Agent[02]
2,talk,117,8,9,Over
2,talk,118,8,4,Over
2,talk,119,8,7,Over
2,talk,120,8,8,Over
2,talk,121,8,14,Over
2,talk,122,8,5,VOTE Agent[03]
2,talk,123,8,6,Over
2,talk,124,8,2,VOTE Agent[05]
2,talk,125,8,12,Over
2,talk,126,9,4,Over
2,talk,127,9,11,Over
2,talk,128,9,7,Over
2,talk,129,9,6,Over
2,talk,130,9,8,Over
2,talk,131,9,2,Over
2,talk,132,9,14,Over
2,talk,133,9,12,Over
2,talk,134,9,9,Over
2,talk,135,9,10,Over
2,talk,136,9,15,Over
2,talk,137,9,1,VOTE Agent[02]
2,talk,138,9,3,Over
2,talk,139,9,5,Over
2,talk,140,10,11,Over
2,talk,141,10,3,Over
2,talk,142,10,9,Over
2,talk,143,10,4,Over
2,talk,144,10,15,Over
2,talk,145,10,12,Over
2,talk,146,10,8,Over
2,talk,147,10,1,Over
2,talk,148,10,7,Over
2,talk,149,10,14,Over
2,talk,150,10,5,Over
2,talk,151,10,10,Over
2,talk,152,10,2,Over
2,talk,153,10,6,Over
2,vote,1,2
2,vote,2,5
2,vote,3,2
2,vote,4,5
2,vote,5,3
2,vote,6,2
2,vote,7,5
2,vote,8,2
2,vote,9,14
2,vote,10,11
2,vote,11,5
2,vote,12,5
2,vote,14,7
2,vote,15,5
2,execute,5,VILLAGER
2,divine,1,2,HUMAN
2,whisper,0,0,15,ATTACK Agent[09]
2,whisper,1,0,6,Skip
2,whisper,2,1,15,Skip
2,whisper,3,1,6,Skip
2,whisper,4,2,6,Over
2,whisper,5,2,15,Skip
2,whisper,6,3,15,Over
2,whisper,7,3,6,Over
2,guard,10,7,POSSESSED
2,attackVote,6,7
2,attackVote,15,9
2,attackVote,6,7
2,attackVote,15,9
2,attack,9,true
3,status,1,SEER,ALIVE,Takeda7
3,status,2,VILLAGER,ALIVE,HALU
3,status,3,VILLAGER,ALIVE,SampleJava9
3,status,4,VILLAGER,ALIVE,Tomato4
3,status,5,VILLAGER,DEAD,OKAMI
3,status,6,WEREWOLF,ALIVE,TOKU11
3,status,7,POSSESSED,ALIVE,TOKU10
3,status,8,VILLAGER,ALIVE,Takeda1
3,status,9,MEDIUM,DEAD,sample_py
3,status,10,BODYGUARD,ALIVE,SampleJava13
3,status,11,VILLAGER,ALIVE,Tomato5
3,status,12,VILLAGER,ALIVE,Tomato6
3,status,13,WEREWOLF,DEAD,HALU
3,status,14,VILLAGER,ALIVE,SampleJava2
3,status,15,WEREWOLF,ALIVE,sample_py
3,talk,0,0,14,BECAUSE (AND (COMINGOUT Agent[14] VILLAGER) (DAY 1 (Agent[07] DIVINED Agent[14] WEREWOLF))) (XOR (ESTIMATE Agent[07] WEREWOLF) (ESTIMATE Agent[07] POSSESSED))
3,talk,1,0,6,VOTE Agent[02]
3,talk,2,0,3,VOTE Agent[02]
3,talk,3,0,7,DIVINED Agent[03] WEREWOLF
3,talk,4,0,10,VOTE Agent[06]
3,talk,5,0,1,DIVINED Agent[02] HUMAN
3,talk,6,0,2,VOTE Agent[03]
3,talk,7,0,4,VOTE Agent[07]
3,talk,8,0,12,VOTE Agent[07]
3,talk,9,0,8,VOTE Agent[02]
3,talk,10,0,15,VOTE Agent[10]
3,talk,11,0,11,VOTE Agent[07]
3,talk,12,1,12,Skip
3,talk,13,1,15,Skip
3,talk,14,1,11,Skip
3,talk,15,1,3,REQUEST ANY (VOTE Agent[02])
3,talk,16,1,1,VOTE Agent[06]
3,talk,17,1,10,REQUEST ANY (VOTE Agent[06])
3,talk,18,1,8,VOTE Agent[06]
3,talk,19,1,14,BECAUSE (XOR (ESTIMATE Agent[07] WEREWOLF) (ESTIMATE Agent[07] POSSESSED)) (AND (VOTE Agent[07]) (REQUEST ANY (VOTE Agent[07])))
3,talk,20,1,7,VOTE Agent[03]
3,talk,21,1,6,VOTE Agent[14]
3,talk,22,1,2,VOTE Agent[03]
3,talk,23,1,4,Skip
3,talk,24,2,8,Skip
3,talk,25,2,15,Skip
3,talk,26,2,3,BECAUSE (AND (COMINGOUT Agent[03] VILLAGER) (DAY 3 (Agent[07] DIVINED Agent[03] WEREWOLF))) (XOR (ESTIMATE Agent[07] WEREWOLF) (ESTIMATE Agent[07] POSSESSED))
3,talk,27,2,12,Skip
3,talk,28,2,14,VOTE Agent[07]
3,talk,29,2,2,VOTE Agent[03]
3,talk,30,2,10,Skip
3,talk,31,2,4,Skip
3,talk,32,2,11,Skip
3,talk,33,2,1,VOTE Agent[06]
3,talk,34,2,7,Skip
3,talk,35,2,6,VOTE Agent[04]
3,talk,36,3,12,Over
3,talk,37,3,11,Over
3,talk,38,3,3,BECAUSE (XOR (ESTIMATE Agent[07] WEREWOLF) (ESTIMATE Agent[07] POSSESSED)) (AND (VOTE Agent[07]) (REQUEST ANY (VOTE Agent[07])))
3,talk,39,3,7,Skip
3,talk,40,3,8,Skip
3,talk,41,3,4,Over
3,talk,42,3,14,REQUEST ANY (VOTE Agent[07])
3,talk,43,3,10,Skip
3,talk,44,3,6,Skip
3,talk,45,3,2,VOTE Agent[03]
3,talk,46,3,1,VOTE Agent[06]
3,talk,47,3,15,Over
3,talk,48,4,14,Skip
3,talk,49,4,6,Skip
3,talk,50,4,11,Over
3,talk,51,4,7,Over
3,talk,52,4,15,Over
3,talk,53,4,8,Over
3,talk,54,4,12,Over
3,talk,55,4,10,Over
3,talk,56,4,1,VOTE Agent[06]
3,talk,57,4,3,VOTE Agent[07]
3,talk,58,4,2,VOTE Agent[03]
3,talk,59,4,4,Over
3,talk,60,5,11,Over
3,talk,61,5,1,VOTE Agent[06]
3,talk,62,5,8,Over
3,talk,63,5,10,Over
3,talk,64,5,15,Over
3,talk,65,5,14,Skip
3,talk,66,5,2,VOTE Agent[03]
3,talk,67,5,3,REQUEST ANY (VOTE Agent[07])
3,talk,68,5,6,Over
3,talk,69,5,7,Over
3,talk,70,5,4,Over
3,talk,71,5,12,Over
3,talk,72,6,7,Over
3,talk,73,6,10,Over
3,talk,74,6,14,Over
3,talk,75,6,11,Over
3,talk,76,6,6,Over
3,talk,77,6,8,Over
3,talk,78,6,12,Over
3,talk,79,6,1,VOTE Agent[06]
3,talk,80,6,4,Over
3,talk,81,6,15,Over
3,talk,82,6,3,Skip
3,talk,83,6,2,VOTE Agent[03]
3,talk,84,7,8,Over
3,talk,85,7,6,Over
3,talk,86,7,10,Over
3,talk,87,7,3,Skip
3,talk,88,7,7,Over
3,talk,89,7,2,VOTE Agent[03]
3,talk,90,7,1,VOTE Agent[06]
3,talk,91,7,15,Over
3,talk,92,7,11,Over
3,talk,93,7,4,Over
3,talk,94,7,14,Over
3,talk,95,7,12,Over
3,talk,96,8,4,Over
3,talk,97,8,3,Over
3,talk,98,8,11,Over
3,talk,99,8,10,Over
3,talk,100,8,15,Over
3,talk,101,8,12,Over
3,talk,102,8,8,Over
3,talk,103,8,7,Over
3,talk,104,8,6,Over
3,talk,105,8,2,VOTE Agent[03]
3,talk,106,8,14,Over
3,talk,107,8,1,VOTE Agent[06]
3,talk,108,9,11,Over
3,talk,109,9,14,Over
3,talk,110,9,15,Over
3,talk,111,9,2,Over
3,talk,112,9,7,Over
3,talk,113,9,1,VOTE Agent[06]
3,talk,114,9,10,Over
3,talk,115,9,6,Over
3,talk,116,9,8,Over
3,talk,117,9,12,Over
3,talk,118,9,3,Over
3,talk,119,9,4,Over
3,talk,120,10,7,Over
3,talk,121,10,12,Over
3,talk,122,10,14,Over
3,talk,123,10,4,Over
3,talk,124,10,15,Over
3,talk,125,10,8,Over
3,talk,126,10,6,Over
3,talk,127,10,2,Over
3,talk,128,10,11,Over
3,talk,129,10,10,Over
3,talk,130,10,1,Over
3,talk,131,10,3,Over
3,vote,1,6
3,vote,2,3
3,vote,3,7
3,vote,4,7
3,vote,6,4
3,vote,7,4
3,vote,8,6
3,vote,10,15
3,vote,11,7
3,vote,12,7
3,vote,14,7
3,vote,15,10
3,execute,7,POSSESSED
3,divine,1,6,WEREWOLF
3,whisper,0,0,15,ATTACK Agent[01]
3,whisper,1,0,6,Skip
3,whisper,2,1,15,Skip
3,whisper,3,1,6,Skip
3,whisper,4,2,15,Skip
3,whisper,5,2,6,Over
3,whisper,6,3,6,Over
3,whisper,7,3,15,Over
3,guard,10,1,SEER
3,attackVote,6,1
3,attackVote,15,1
3,attack,1,false
4,status,1,SEER,ALIVE,Takeda7
4,status,2,VILLAGER,ALIVE,HALU
4,status,3,VILLAGER,ALIVE,SampleJava9
4,status,4,VILLAGER,ALIVE,Tomato4
4,status,5,VILLAGER,DEAD,OKAMI
4,status,6,WEREWOLF,ALIVE,TOKU11
4,status,7,POSSESSED,DEAD,TOKU10
4,status,8,VILLAGER,ALIVE,Takeda1
4,status,9,MEDIUM,DEAD,sample_py
4,status,10,BODYGUARD,ALIVE,SampleJava13
4,status,11,VILLAGER,ALIVE,Tomato5
4,status,12,VILLAGER,ALIVE,Tomato6
4,status,13,WEREWOLF,DEAD,HALU
4,status,14,VILLAGER,ALIVE,SampleJava2
4,status,15,WEREWOLF,ALIVE,sample_py
4,talk,0,0,12,VOTE Agent[11]
4,talk,1,0,3,VOTE Agent[10]
4,talk,2,0,11,VOTE Agent[12]
4,talk,3,0,10,VOTE Agent[08]
4,talk,4,0,6,VOTE Agent[04]
4,talk,5,0,14,VOTE Agent[03]
4,talk,6,0,2,VOTE Agent[03]
4,talk,7,0,15,VOTE Agent[11]
4,talk,8,0,1,DIVINED Agent[06] WEREWOLF
4,talk,9,0,8,VOTE Agent[06]
4,talk,10,0,4,VOTE Agent[11]
4,talk,11,1,14,REQUEST ANY (VOTE Agent[03])
4,talk,12,1,10,REQUEST ANY (VOTE Agent[08])
4,talk,13,1,15,Skip
4,talk,14,1,6,Skip
4,talk,15,1,3,REQUEST ANY (VOTE Agent[10])
4,talk,16,1,12,Skip
4,talk,17,1,11,Skip
4,talk,18,1,1,VOTE Agent[06]
4,talk,19,1,2,VOTE Agent[03]
4,talk,20,1,8,Skip
4,talk,21,1,4,Skip
4,talk,22,2,12,Skip
4,talk,23,2,14,Skip
4,talk,24,2,3,Skip
4,talk,25,2,10,Skip
4,talk,26,2,6,Skip
4,talk,27,2,2,VOTE Agent[03]
4,talk,28,2,15,Skip
4,talk,29,2,11,Skip
4,talk,30,2,1,VOTE Agent[06]
4,talk,31,2,8,Skip
4,talk,32,2,4,Skip
4,talk,33,3,14,Skip
4,talk,34,3,11,Over
4,talk,35,3,1,VOTE Agent[06]
4,talk,36,3,8,Over
4,talk,37,3,15,Over
4,talk,38,3,10,Skip
4,talk,39,3,6,Over
4,talk,40,3,4,Over
4,talk,41,3,2,VOTE Agent[03]
4,talk,42,3,3,Skip
4,talk,43,3,12,Over
4,talk,44,4,8,Over
4,talk,45,4,11,Over
4,talk,46,4,12,Over
4,talk,47,4,2,VOTE Agent[03]
4,talk,48,4,6,Over
4,talk,49,4,14,Over
4,talk,50,4,1,VOTE Agent[06]
4,talk,51,4,15,Over
4,talk,52,4,4,Over
4,talk,53,4,3,Over
4,talk,54,4,10,Over
4,talk,55,5,14,Over
4,talk,56,5,8,Over
4,talk,57,5,10,Over
4,talk,58,5,4,Over
4,talk,59,5,12,Over
4,talk,60,5,1,VOTE Agent[06]
4,talk,61,5,2,VOTE Agent[03]
4,talk,62,5,11,Over
4,talk,63,5,15,Over
4,talk,64,5,6,Over
4,talk,65,5,3,Over
4,talk,66,6,14,Over
4,talk,67,6,11,Over
4,talk,68,6,8,Over
4,talk,69,6,2,VOTE Agent[03]
4,talk,70,6,12,Over
4,talk,71,6,10,Over
4,talk,72,6,4,Over
4,talk,73,6,6,Over
4,talk,74,6,3,Over
4,talk,75,6,15,Over
4,talk,76,6,1,VOTE Agent[06]
4,talk,77,7,11,Over
4,talk,78,7,2,VOTE Agent[03]
4,talk,79,7,1,VOTE Agent[06]
4,talk,80,7,3,Over
4,talk,81,7,8,Over
4,talk,82,7,14,Over
4,talk,83,7,4,Over
4,talk,84,7,6,Over
4,talk,85,7,15,Over
4,talk,86,7,12,Over
4,talk,87,7,10,Over
4,talk,88,8,11,Over
4,talk,89,8,10,Over
4,talk,90,8,14,Over
4,talk,91,8,2,VOTE Agent[03]
4,talk,92,8,4,Over
4,talk,93,8,1,VOTE Agent[06]
4,talk,94,8,6,Over
4,talk,95,8,8,Over
4,talk,96,8,12,Over
4,talk,97,8,3,Over
4,talk,98,8,15,Over
4,talk,99,9,15,Over
4,talk,100,9,3,Over
4,talk,101,9,11,Over
4,talk,102,9,10,Over
4,talk,103,9,14,Over
4,talk,104,9,8,Over
4,talk,105,9,12,Over
4,talk,106,9,6,Over
4,talk,107,9,1,VOTE Agent[06]
4,talk,108,9,4,Over
4,talk,109,9,2,Over
4,talk,110,10,4,Over
4,talk,111,10,3,Over
4,talk,112,10,14,Over
4,talk,113,10,15,Over
4,talk,114,10,2,Over
4,talk,115,10,11,Over
4,talk,116,10,12,Over
4,talk,117,10,8,Over
4,talk,118,10,10,Over
4,talk,119,10,1,Over
4,talk,120,10,6,Over
4,vote,1,6
4,vote,2,3
4,vote,3,8
4,vote,4,11
4,vote,6,4
4,vote,8,6
4,vote,10,3
4,vote,11,12
4,vote,12,11
4,vote,14,8
4,vote,15,11
4,execute,11,VILLAGER
4,divine,1,4,HUMAN
4,whisper,0,0,15,ATTACK Agent[01]
4,whisper,1,0,6,Skip
4,whisper,2,1,15,Skip
4,whisper,3,1,6,Skip
4,whisper,4,2,15,Skip
4,whisper,5,2,6,Over
4,whisper,6,3,6,Over
4,whisper,7,3,15,Over
4,guard,10,1,SEER
4,attackVote,6,1
4,attackVote,15,1
4,attack,1,false
5,status,1,SEER,ALIVE,Takeda7
5,status,2,VILLAGER,ALIVE,HALU
5,status,3,VILLAGER,ALIVE,SampleJava9
5,status,4,VILLAGER,ALIVE,Tomato4
5,status,5,VILLAGER,DEAD,OKAMI
5,status,6,WEREWOLF,ALIVE,TOKU11
5,status,7,POSSESSED,DEAD,TOKU10
5,status,8,VILLAGER,ALIVE,Takeda1
5,status,9,MEDIUM,DEAD,sample_py
5,status,10,BODYGUARD,ALIVE,SampleJava13
5,status,11,VILLAGER,DEAD,Tomato5
5,status,12,VILLAGER,ALIVE,Tomato6
5,status,13,WEREWOLF,DEAD,HALU
5,status,14,VILLAGER,ALIVE,SampleJava2
5,status,15,WEREWOLF,ALIVE,sample_py
5,talk,0,0,6,VOTE Agent[04]
5,talk,1,0,15,VOTE Agent[02]
5,talk,2,0,10,VOTE Agent[14]
5,talk,3,0,8,VOTE Agent[06]
5,talk,4,0,14,VOTE Agent[06]
5,talk,5,0,2,VOTE Agent[03]
5,talk,6,0,4,VOTE Agent[12]
5,talk,7,0,1,DIVINED Agent[04] HUMAN
5,talk,8,0,3,VOTE Agent[01]
5,talk,9,0,12,VOTE Agent[10]
5,talk,10,1,4,Skip
5,talk,11,1,14,REQUEST ANY (VOTE Agent[06])
5,talk,12,1,15,Skip
5,talk,13,1,6,VOTE Agent[12]
5,talk,14,1,1,VOTE Agent[06]
5,talk,15,1,12,Skip
5,talk,16,1,3,REQUEST ANY (VOTE Agent[01])
5,talk,17,1,2,VOTE Agent[03]
5,talk,18,1,10,REQUEST ANY (VOTE Agent[14])
5,talk,19,1,8,Skip
5,talk,20,2,12,Skip
5,talk,21,2,6,Skip
5,talk,22,2,2,VOTE Agent[03]
5,talk,23,2,14,Skip
5,talk,24,2,4,Skip
5,talk,25,2,3,Skip
5,talk,26,2,1,VOTE Agent[06]
5,talk,27,2,8,Skip
5,talk,28,2,15,Skip
5,talk,29,2,10,Skip
5,talk,30,3,6,Skip
5,talk,31,3,3,Skip
5,talk,32,3,1,VOTE Agent[06]
5,talk,33,3,10,Skip
5,talk,34,3,8,Over
5,talk,35,3,4,Over
5,talk,36,3,2,VOTE Agent[03]
5,talk,37,3,12,Over
5,talk,38,3,14,Skip
5,talk,39,3,15,Over
5,talk,40,4,8,Over
5,talk,41,4,1,VOTE Agent[06]
5,talk,42,4,15,Over
5,talk,43,4,2,VOTE Agent[03]
5,talk,44,4,12,Over
5,talk,45,4,14,Over
5,talk,46,4,10,Over
5,talk,47,4,4,Over
5,talk,48,4,6,Over
5,talk,49,4,3,Over
5,talk,50,5,6,Over
5,talk,51,5,15,Over
5,talk,52,5,14,Over
5,talk,53,5,1,VOTE Agent[06]
5,talk,54,5,10,Over
5,talk,55,5,3,Over
5,talk,56,5,12,Over
5,talk,57,5,8,Over
5,talk,58,5,2,VOTE Agent[03]
5,talk,59,5,4,Over
5,talk,60,6,2,VOTE Agent[03]
5,talk,61,6,6,Over
5,talk,62,6,10,Over
5,talk,63,6,15,Over
5,talk,64,6,12,Over
5,talk,65,6,8,Over
5,talk,66,6,14,Over
5,talk,67,6,3,Over
5,talk,68,6,4,Over
5,talk,69,6,1,VOTE Agent[06]
5,talk,70,7,10,Over
5,talk,71,7,6,Over
5,talk,72,7,15,Over
5,talk,73,7,4,Over
5,talk,74,7,14,Over
5,talk,75,7,1,VOTE Agent[06]
5,talk,76,7,2,VOTE Agent[03]
5,talk,77,7,12,Over
5,talk,78,7,8,Over
5,talk,79,7,3,Over
5,talk,80,8,12,Over
5,talk,81,8,15,Over
5,talk,82,8,10,Over
5,talk,83,8,14,Over
5,talk,84,8,8,Over
5,talk,85,8,1,VOTE Agent[06]
5,talk,86,8,4,Over
5,talk,87,8,3,Over
5,talk,88,8,2,VOTE Agent[03]
5,talk,89,8,6,Over
5,talk,90,9,4,Over
5,talk,91,9,8,Over
5,talk,92,9,1,VOTE Agent[06]
5,talk,93,9,10,Over
5,talk,94,9,6,Over
5,talk,95,9,3,Over
5,talk,96,9,14,Over
5,talk,97,9,15,Over
5,talk,98,9,2,Over
5,talk,99,9,12,Over
5,talk,100,10,14,Over
5,talk,101,10,8,Over
5,talk,102,10,3,Over
5,talk,103,10,6,Over
5,talk,104,10,10,Over
5,talk,105,10,4,Over
5,talk,106,10,15,Over
5,talk,107,10,12,Over
5,talk,108,10,2,Over
5,talk,109,10,1,Over
5,vote,1,6
5,vote,2,3
5,vote,3,6
5,vote,4,12
5,vote,6,12
5,vote,8,6
5,vote,10,6
5,vote,12,10
5,vote,14,1
5,vote,15,2
5,execute,6,WEREWOLF
5,divine,1,12,HUMAN
5,guard,10,1,SEER
5,attack,8,true
6,status,1,SEER,ALIVE,Takeda7
6,status,2,VILLAGER,ALIVE,HALU
6,status,3,VILLAGER,ALIVE,SampleJava9
6,status,4,VILLAGER,ALIVE,Tomato4
6,status,5,VILLAGER,DEAD,OKAMI
6,status,6,WEREWOLF,DEAD,TOKU11
6,status,7,POSSESSED,DEAD,TOKU10
6,status,8,VILLAGER,DEAD,Takeda1
6,status,9,MEDIUM,DEAD,sample_py
6,status,10,BODYGUARD,ALIVE,SampleJava13
6,status,11,VILLAGER,DEAD,Tomato5
6,status,12,VILLAGER,ALIVE,Tomato6
6,status,13,WEREWOLF,DEAD,HALU
6,status,14,VILLAGER,ALIVE,SampleJava2
6,status,15,WEREWOLF,ALIVE,sample_py
6,talk,0,0,3,VOTE Agent[02]
6,talk,1,0,4,VOTE Agent[12]
6,talk,2,0,10,VOTE Agent[15]
6,talk,3,0,2,VOTE Agent[03]
6,talk,4,0,12,VOTE Agent[10]
6,talk,5,0,15,VOTE Agent[10]
6,talk,6,0,1,DIVINED Agent[12] HUMAN
6,talk,7,0,14,VOTE Agent[02]
6,talk,8,1,4,Skip
6,talk,9,1,14,REQUEST ANY (VOTE Agent[02])
6,talk,10,1,1,VOTE Agent[15]
6,talk,11,1,15,Skip
6,talk,12,1,2,VOTE Agent[03]
6,talk,13,1,12,Skip
6,talk,14,1,3,REQUEST ANY (VOTE Agent[02])
6,talk,15,1,10,REQUEST ANY (VOTE Agent[15])
6,talk,16,2,10,Skip
6,talk,17,2,3,Skip
6,talk,18,2,14,Skip
6,talk,19,2,15,Skip
6,talk,20,2,12,Skip
6,talk,21,2,2,VOTE Agent[03]
6,talk,22,2,4,Skip
6,talk,23,2,1,VOTE Agent[15]
6,talk,24,3,4,Over
6,talk,25,3,3,Skip
6,talk,26,3,14,Skip
6,talk,27,3,10,Skip
6,talk,28,3,1,VOTE Agent[15]
6,talk,29,3,2,VOTE Agent[03]
6,talk,30,3,12,Over
6,talk,31,3,15,Over
6,talk,32,4,3,Over
6,talk,33,4,12,Over
6,talk,34,4,10,Over
6,talk,35,4,1,VOTE Agent[15]
6,talk,36,4,14,Over
6,talk,37,4,15,Over
6,talk,38,4,4,Over
6,talk,39,4,2,VOTE Agent[03]
6,talk,40,5,14,Over
6,talk,41,5,1,VOTE Agent[15]
6,talk,42,5,2,VOTE Agent[03]
6,talk,43,5,4,Over
6,talk,44,5,3,Over
6,talk,45,5,12,Over
6,talk,46,5,10,Over
6,talk,47,5,15,Over
6,talk,48,6,4,Over
6,talk,49,6,14,Over
6,talk,50,6,10,Over
6,talk,51,6,3,Over
6,talk,52,6,12,Over
6,talk,53,6,15,Over
6,talk,54,6,1,VOTE Agent[15]
6,talk,55,6,2,VOTE Agent[03]
6,talk,56,7,3,Over
6,talk,57,7,12,Over
6,talk,58,7,4,Over
6,talk,59,7,1,VOTE Agent[15]
6,talk,60,7,10,Over
6,talk,61,7,15,Over
6,talk,62,7,2,VOTE Agent[03]
6,talk,63,7,14,Over
6,talk,64,8,10,Over
6,talk,65,8,2,VOTE Agent[03]
6,talk,66,8,14,Over
6,talk,67,8,3,Over
6,talk,68,8,4,Over
6,talk,69,8,1,VOTE Agent[15]
6,talk,70,8,12,Over
6,talk,71,8,15,Over
6,talk,72,9,15,Over
6,talk,73,9,1,VOTE Agent[15]
6,talk,74,9,2,Over
6,talk,75,9,4,Over
6,talk,76,9,14,Over
6,talk,77,9,12,Over
6,talk,78,9,10,Over
6,talk,79,9,3,Over
6,talk,80,10,3,Over
6,talk,81,10,10,Over
6,talk,82,10,12,Over
6,talk,83,10,1,Over
6,talk,84,10,14,Over
6,talk,85,10,15,Over
6,talk,86,10,2,Over
6,talk,87,10,4,Over
6,vote,1,15
6,vote,2,3
6,vote,3,2
6,vote,4,12
6,vote,10,2
6,vote,12,10
6,vote,14,2
6,vote,15,10
6,execute,2,VILLAGER
6,divine,1,15,WEREWOLF
6,guard,10,1,SEER
6,attack,4,true
7,status,1,SEER,ALIVE,Takeda7
7,status,2,VILLAGER,DEAD,HALU
7,status,3,VILLAGER,ALIVE,SampleJava9
7,status,4,VILLAGER,DEAD,Tomato4
7,status,5,VILLAGER,DEAD,OKAMI
7,status,6,WEREWOLF,DEAD,TOKU11
7,status,7,POSSESSED,DEAD,TOKU10
7,status,8,VILLAGER,DEAD,Takeda1
7,status,9,MEDIUM,DEAD,sample_py
7,status,10,BODYGUARD,ALIVE,SampleJava13
7,status,11,VILLAGER,DEAD,Tomato5
7,status,12,VILLAGER,ALIVE,Tomato6
7,status,13,WEREWOLF,DEAD,HALU
7,status,14,VILLAGER,ALIVE,SampleJava2
7,status,15,WEREWOLF,ALIVE,sample_py
7,talk,0,0,10,VOTE Agent[12]
7,talk,1,0,15,VOTE Agent[14]
7,talk,2,0,3,VOTE Agent[14]
7,talk,3,0,12,VOTE Agent[10]
7,talk,4,0,14,VOTE Agent[12]
7,talk,5,0,1,DIVINED Agent[15] WEREWOLF
7,talk,6,1,10,REQUEST ANY (VOTE Agent[12])
7,talk,7,1,3,REQUEST ANY (VOTE Agent[14])
7,talk,8,1,1,VOTE Agent[15]
7,talk,9,1,15,Skip
7,talk,10,1,12,Skip
7,talk,11,1,14,REQUEST ANY (VOTE Agent[12])
7,talk,12,2,12,Skip
7,talk,13,2,1,VOTE Agent[15]
7,talk,14,2,3,Skip
7,talk,15,2,15,Skip
7,talk,16,2,14,Skip
7,talk,17,2,10,Skip
7,talk,18,3,10,Skip
7,talk,19,3,3,Skip
7,talk,20,3,12,Over
7,talk,21,3,14,Skip
7,talk,22,3,15,Over
7,talk,23,3,1,VOTE Agent[15]
7,talk,24,4,12,Over
7,talk,25,4,10,Over
7,talk,26,4,1,VOTE Agent[15]
7,talk,27,4,3,Over
7,talk,28,4,14,Over
7,talk,29,4,15,Over
7,talk,30,5,3,Over
7,talk,31,5,1,VOTE Agent[15]
7,talk,32,5,12,Over
7,talk,33,5,14,Over
7,talk,34,5,15,Over
7,talk,35,5,10,Over
7,talk,36,6,12,Over
7,talk,37,6,14,Over
7,talk,38,6,3,Over
7,talk,39,6,10,Over
7,talk,40,6,15,Over
7,talk,41,6,1,VOTE Agent[15]
7,talk,42,7,10,Over
7,talk,43,7,14,Over
7,talk,44,7,12,Over
7,talk,45,7,3,Over
7,talk,46,7,1,VOTE Agent[15]
7,talk,47,7,15,Over
7,talk,48,8,1,VOTE Agent[15]
7,talk,49,8,12,Over
7,talk,50,8,15,Over
7,talk,51,8,10,Over
7,talk,52,8,3,Over
7,talk,53,8,14,Over
7,talk,54,9,10,Over
7,talk,55,9,15,Over
7,talk,56,9,12,Over
7,talk,57,9,14,Over
7,talk,58,9,1,VOTE Agent[15]
7,talk,59,9,3,Over
7,talk,60,10,3,Over
7,talk,61,10,10,Over
7,talk,62,10,14,Over
7,talk,63,10,15,Over
7,talk,64,10,12,Over
7,talk,65,10,1,Over
7,vote,1,15
7,vote,3,12
7,vote,10,12
7,vote,12,10
7,vote,14,12
7,vote,15,14
7,execute,12,VILLAGER
7,divine,1,14,HUMAN
7,guard,10,1,SEER
7,attack,14,true
8,status,1,SEER,ALIVE,Takeda7
8,status,2,VILLAGER,DEAD,HALU
8,status,3,VILLAGER,ALIVE,SampleJava9
8,status,4,VILLAGER,DEAD,Tomato4
8,status,5,VILLAGER,DEAD,OKAMI
8,status,6,WEREWOLF,DEAD,TOKU11
8,status,7,POSSESSED,DEAD,TOKU10
8,status,8,VILLAGER,DEAD,Takeda1
8,status,9,MEDIUM,DEAD,sample_py
8,status,10,BODYGUARD,ALIVE,SampleJava13
8,status,11,VILLAGER,DEAD,Tomato5
8,status,12,VILLAGER,DEAD,Tomato6
8,status,13,WEREWOLF,DEAD,HALU
8,status,14,VILLAGER,DEAD,SampleJava2
8,status,15,WEREWOLF,ALIVE,sample_py
8,talk,0,0,15,VOTE Agent[01]
8,talk,1,0,1,DIVINED Agent[14] HUMAN
8,talk,2,0,3,VOTE Agent[01]
8,talk,3,0,10,VOTE Agent[15]
8,talk,4,1,1,VOTE Agent[15]
8,talk,5,1,10,REQUEST ANY (VOTE Agent[15])
8,talk,6,1,3,REQUEST ANY (VOTE Agent[01])
8,talk,7,1,15,Skip
8,talk,8,2,1,VOTE Agent[15]
8,talk,9,2,10,Skip
8,talk,10,2,3,Skip
8,talk,11,2,15,Skip
8,talk,12,3,1,VOTE Agent[15]
8,talk,13,3,3,Skip
8,talk,14,3,10,Skip
8,talk,15,3,15,Over
8,talk,16,4,15,Over
8,talk,17,4,10,Over
8,talk,18,4,1,VOTE Agent[15]
8,talk,19,4,3,Over
8,talk,20,5,3,Over
8,talk,21,5,15,Over
8,talk,22,5,10,Over
8,talk,23,5,1,VOTE Agent[15]
8,talk,24,6,10,Over
8,talk,25,6,3,Over
8,talk,26,6,15,Over
8,talk,27,6,1,VOTE Agent[15]
8,talk,28,7,1,VOTE Agent[15]
8,talk,29,7,15,Over
8,talk,30,7,3,Over
8,talk,31,7,10,Over
8,talk,32,8,15,Over
8,talk,33,8,3,Over
8,talk,34,8,1,VOTE Agent[15]
8,talk,35,8,10,Over
8,talk,36,9,10,Over
8,talk,37,9,15,Over
8,talk,38,9,3,Over
8,talk,39,9,1,VOTE Agent[15]
8,talk,40,10,15,Over
8,talk,41,10,3,Over
8,talk,42,10,10,Over
8,talk,43,10,1,Over
8,vote,1,15
8,vote,3,15
8,vote,10,1
8,vote,15,1
8,vote,1,15
8,vote,3,1
8,vote,10,1
8,vote,15,1
8,execute,1,SEER
8,guard,10,3,VILLAGER
8,attack,3,false
9,status,1,SEER,DEAD,Takeda7
9,status,2,VILLAGER,DEAD,HALU
9,status,3,VILLAGER,ALIVE,SampleJava9
9,status,4,VILLAGER,DEAD,Tomato4
9,status,5,VILLAGER,DEAD,OKAMI
9,status,6,WEREWOLF,DEAD,TOKU11
9,status,7,POSSESSED,DEAD,TOKU10
9,status,8,VILLAGER,DEAD,Takeda1
9,status,9,MEDIUM,DEAD,sample_py
9,status,10,BODYGUARD,ALIVE,SampleJava13
9,status,11,VILLAGER,DEAD,Tomato5
9,status,12,VILLAGER,DEAD,Tomato6
9,status,13,WEREWOLF,DEAD,HALU
9,status,14,VILLAGER,DEAD,SampleJava2
9,status,15,WEREWOLF,ALIVE,sample_py
9,talk,0,0,15,VOTE Agent[10]
9,talk,1,0,3,VOTE Agent[15]
9,talk,2,0,10,VOTE Agent[15]
9,talk,3,1,3,REQUEST ANY (VOTE Agent[15])
9,talk,4,1,10,REQUEST ANY (VOTE Agent[15])
9,talk,5,1,15,Skip
9,talk,6,2,10,Skip
9,talk,7,2,15,Skip
9,talk,8,2,3,Skip
9,talk,9,3,3,Skip
9,talk,10,3,15,Over
9,talk,11,3,10,Skip
9,talk,12,4,10,Over
9,talk,13,4,15,Over
9,talk,14,4,3,Over
9,vote,3,15
9,vote,10,15
9,vote,15,10
9,execute,15,WEREWOLF
9,guard,10,3,VILLAGER
10,status,1,SEER,DEAD,Takeda7
10,status,2,VILLAGER,DEAD,HALU
10,status,3,VILLAGER,ALIVE,SampleJava9
10,status,4,VILLAGER,DEAD,Tomato4
10,status,5,VILLAGER,DEAD,OKAMI
10,status,6,WEREWOLF,DEAD,TOKU11
10,status,7,POSSESSED,DEAD,TOKU10
10,status,8,VILLAGER,DEAD,Takeda1
10,status,9,MEDIUM,DEAD,sample_py
10,status,10,BODYGUARD,ALIVE,SampleJava13
10,status,11,VILLAGER,DEAD,Tomato5
10,status,12,VILLAGER,DEAD,Tomato6
10,status,13,WEREWOLF,DEAD,HALU
10,status,14,VILLAGER,DEAD,SampleJava2
10,status,15,WEREWOLF,DEAD,sample_py
10,result,2,0,VILLAGER
