0,status,1,WEREWOLF,ALIVE,TOKU4
0,status,2,VILLAGER,ALIVE,TOKU11
0,status,3,VILLAGER,ALIVE,Tomato3
0,status,4,MEDIUM,ALIVE,sample_py
0,status,5,SEER,ALIVE,sample_py
0,status,6,VILLAGER,ALIVE,SampleJava5
0,status,7,VILLAGER,ALIVE,Takeda8
0,status,8,POSSESSED,ALIVE,OKAMI
0,status,9,WEREWOLF,ALIVE,Takeda9
0,status,10,WEREWOLF,ALIVE,Tomato13
0,status,11,BODYGUARD,ALIVE,sample_py
0,status,12,VILLAGER,ALIVE,SampleJava7
0,status,13,VILLAGER,ALIVE,Takeda10
0,status,14,VILLAGER,ALIVE,Tomato0
0,status,15,VILLAGER,ALIVE,Tomato2
0,whisper,0,0,1,Skip
0,whisper,1,0,10,COMINGOUT Agent[10] VILLAGER
0,whisper,2,0,9,Skip
0,whisper,3,1,1,Skip
0,whisper,4,1,10,Skip
0,whisper,5,1,9,Skip
0,whisper,6,2,10,Skip
0,whisper,7,2,1,Over
0,whisper,8,2,9,Over
0,whisper,9,3,10,Over
0,whisper,10,3,9,Over
0,whisper,11,3,1,Over
0,divine,5,14,HUMAN
1,status,1,WEREWOLF,ALIVE,TOKU4
1,status,2,VILLAGER,ALIVE,TOKU11
1,status,3,VILLAGER,ALIVE,Tomato3
1,status,4,MEDIUM,ALIVE,sample_py
1,status,5,SEER,ALIVE,sample_py
1,status,6,VILLAGER,ALIVE,SampleJava5
1,status,7,VILLAGER,ALIVE,Takeda8
1,status,8,POSSESSED,ALIVE,OKAMI
1,status,9,WEREWOLF,ALIVE,Takeda9
1,status,10,WEREWOLF,ALIVE,Tomato13
1,status,11,BODYGUARD,ALIVE,sample_py
1,status,12,VILLAGER,ALIVE,SampleJava7
1,status,13,VILLAGER,ALIVE,Takeda10
1,status,14,VILLAGER,ALIVE,Tomato0
1,status,15,VILLAGER,ALIVE,Tomato2
1,talk,0,0,13,VOTE Agent[02]
1,talk,1,0,4,VOTE Agent[11]
1,talk,2,0,15,VOTE Agent[11]
1,talk,3,0,2,VOTE Agent[11]
1,talk,4,0,14,VOTE Agent[11]
1,talk,5,0,9,VOTE Agent[11]
1,talk,6,0,6,VOTE Agent[04]
1,talk,7,0,1,VOTE Agent[11]
1,talk,8,0,8,COMINGOUT Agent[08] VILLAGER
1,talk,9,0,3,VOTE Agent[11]
1,talk,10,0,7,VOTE Agent[11]
1,talk,11,0,10,VOTE Agent[11]
1,talk,12,0,11,VOTE Agent[05]
1,talk,13,0,12,VOTE Agent[09]
1,talk,14,0,5,VOTE Agent[06]
1,talk,15,1,1,Skip
1,talk,16,1,5,Skip
1,talk,17,1,13,VOTE Agent[11]
1,talk,18,1,2,Skip
1,talk,19,1,7,Skip
1,talk,20,1,15,Skip
1,talk,21,1,6,REQUEST ANY (VOTE Agent[04])
1,talk,22,1,11,Skip
1,talk,23,1,8,Over
1,talk,24,1,4,Skip
1,talk,25,1,14,Skip
1,talk,26,1,12,REQUEST ANY (VOTE Agent[09])
1,talk,27,1,10,Skip
1,talk,28,1,3,Skip
1,talk,29,1,9,Skip
1,talk,30,2,1,Skip
1,talk,31,2,11,Skip
1,talk,32,2,2,Skip
1,talk,33,2,5,Skip
1,talk,34,2,15,Skip
1,talk,35,2,6,Skip
1,talk,36,2,8,DIVINED Agent[06] WEREWOLF
1,talk,37,2,9,Skip
1,talk,38,2,7,VOTE Agent[02]
1,talk,39,2,10,Skip
1,talk,40,2,4,VOTE Agent[06]
1,talk,41,2,3,Skip
1,talk,42,2,12,Skip
1,talk,43,2,13,VOTE Agent[02]
1,talk,44,2,14,Skip
1,talk,45,3,3,Over
1,talk,46,3,4,Skip
1,talk,47,3,6,BECAUSE (AND (COMINGOUT Agent[06] VILLAGER) (DAY 1 (Agent[08] DIVINED Agent[06] WEREWOLF))) (XOR (ESTIMATE Agent[08] WEREWOLF) (ESTIMATE Agent[08] POSSESSED))
1,talk,48,3,13,Skip
1,talk,49,3,1,VOTE Agent[02]
1,talk,50,3,14,Over
1,talk,51,3,2,VOTE Agent[01]
1,talk,52,3,12,Skip
1,talk,53,3,15,Over
1,talk,54,3,7,VOTE Agent[01]
1,talk,55,3,11,VOTE Agent[06]
1,talk,56,3,10,Over
1,talk,57,3,8,VOTE Agent[06]
1,talk,58,3,9,VOTE Agent[02]
1,talk,59,3,5,Over
1,talk,60,4,14,VOTE Agent[06]
1,talk,61,4,1,Skip
1,talk,62,4,13,VOTE Agent[01]
1,talk,63,4,9,Skip
1,talk,64,4,4,Skip
1,talk,65,4,11,Skip
1,talk,66,4,8,VOTE Agent[06]
1,talk,67,4,2,Skip
1,talk,68,4,10,VOTE Agent[06]
1,talk,69,4,12,Over
1,talk,70,4,6,BECAUSE (XOR (ESTIMATE Agent[08] WEREWOLF) (ESTIMATE Agent[08] POSSESSED)) (AND (VOTE Agent[08]) (REQUEST ANY (VOTE Agent[08])))
1,talk,71,4,5,Over
1,talk,72,4,3,VOTE Agent[06]
1,talk,73,4,7,Skip
1,talk,74,4,15,VOTE Agent[06]
1,talk,75,5,9,VOTE Agent[06]
1,talk,76,5,11,Skip
1,talk,77,5,15,Skip
1,talk,78,5,6,VOTE Agent[08]
1,talk,79,5,5,Over
1,talk,80,5,13,Skip
1,talk,81,5,2,Skip
1,talk,82,5,12,Over
1,talk,83,5,14,Skip
1,talk,84,5,8,VOTE Agent[06]
1,talk,85,5,1,VOTE Agent[06]
1,talk,86,5,10,Skip
1,talk,87,5,7,Skip
1,talk,88,5,3,Skip
1,talk,89,5,4,Over
1,talk,90,6,4,Over
1,talk,91,6,1,Skip
1,talk,92,6,15,Skip
1,talk,93,6,14,Skip
1,talk,94,6,10,Skip
1,talk,95,6,13,Skip
1,talk,96,6,12,Over
1,talk,97,6,11,Over
1,talk,98,6,2,Over
1,talk,99,6,6,REQUEST ANY (VOTE Agent[08])
1,talk,100,6,8,VOTE Agent[06]
1,talk,101,6,5,Over
1,talk,102,6,7,Over
1,talk,103,6,9,Skip
1,talk,104,6,3,Skip
1,talk,105,7,2,Over
1,talk,106,7,8,VOTE Agent[06]
1,talk,107,7,12,Over
1,talk,108,7,7,Over
1,talk,109,7,1,Skip
1,talk,110,7,11,Over
1,talk,111,7,3,Over
1,talk,112,7,5,Over
1,talk,113,7,9,Skip
1,talk,114,7,4,Over
1,talk,115,7,15,Over
1,talk,116,7,6,Skip
1,talk,117,7,13,Over
1,talk,118,7,10,Over
1,talk,119,7,14,Over
1,talk,120,8,11,Over
1,talk,121,8,12,Over
1,talk,122,8,9,Over
1,talk,123,8,14,Over
1,talk,124,8,8,VOTE Agent[06]
1,talk,125,8,15,Over
1,talk,126,8,4,Over
1,talk,127,8,13,Over
1,talk,128,8,6,Skip
1,talk,129,8,2,Over
1,talk,130,8,5,Over
1,talk,131,8,1,Over
1,talk,132,8,7,Over
1,talk,133,8,10,Over
1,talk,134,8,3,Over
1,talk,135,9,2,Over
1,talk,136,9,9,Over
1,talk,137,9,13,Over
1,talk,138,9,14,Over
1,talk,139,9,6,Over
1,talk,140,9,11,Over
1,talk,141,9,10,Over
1,talk,142,9,3,Over
1,talk,143,9,1,Over
1,talk,144,9,15,Over
1,talk,145,9,7,Over
1,talk,146,9,4,Over
1,talk,147,9,12,Over
1,talk,148,9,8,Over
1,talk,149,9,5,Over
1,vote,1,6
1,vote,2,6
1,vote,3,6
1,vote,4,6
1,vote,5,6
1,vote,6,8
1,vote,7,6
1,vote,8,6
1,vote,9,6
1,vote,10,6
1,vote,11,6
1,vote,12,8
1,vote,13,6
1,vote,14,6
1,vote,15,6
1,execute,6,VILLAGER
1,divine,5,10,WEREWOLF
1,whisper,0,0,1,Skip
1,whisper,1,0,9,Skip
1,whisper,2,0,10,ATTACK Agent[11]
1,whisper,3,1,9,Skip
1,whisper,4,1,10,Skip
1,whisper,5,1,1,Skip
1,whisper,6,2,10,Skip
1,whisper,7,2,1,Over
1,whisper,8,2,9,Over
1,whisper,9,3,9,Over
1,whisper,10,3,1,Over
1,whisper,11,3,10,Over
1,guard,11,8,POSSESSED
1,attackVote,1,11
1,attackVote,9,11
1,attackVote,10,11
1,attack,11,true
2,status,1,WEREWOLF,ALIVE,TOKU4
2,status,2,VILLAGER,ALIVE,TOKU11
2,status,3,VILLAGER,ALIVE,Tomato3
2,status,4,MEDIUM,ALIVE,sample_py
2,status,5,SEER,ALIVE,sample_py
2,status,6,VILLAGER,DEAD,SampleJava5
2,status,7,VILLAGER,ALIVE,Takeda8
2,status,8,POSSESSED,ALIVE,OKAMI
2,status,9,WEREWOLF,ALIVE,Takeda9
2,status,10,WEREWOLF,ALIVE,Tomato13
2,status,11,BODYGUARD,DEAD,sample_py
2,status,12,VILLAGER,ALIVE,SampleJava7
2,status,13,VILLAGER,ALIVE,Takeda10
2,status,14,VILLAGER,ALIVE,Tomato0
2,status,15,VILLAGER,ALIVE,Tomato2
2,talk,0,0,13,VOTE Agent[01]
2,talk,1,0,14,VOTE Agent[01]
2,talk,2,0,1,VOTE Agent[02]
2,talk,3,0,3,VOTE Agent[01]
2,talk,4,0,10,VOTE Agent[01]
2,talk,5,0,15,VOTE Agent[01]
2,talk,6,0,12,VOTE Agent[14]
2,talk,7,0,9,VOTE Agent[02]
2,talk,8,0,8,DIVINED Agent[04] WEREWOLF
2,talk,9,0,4,VOTE Agent[08]
2,talk,10,0,5,COMINGOUT Agent[05] SEER
2,talk,11,0,2,VOTE Agent[01]
2,talk,12,0,7,VOTE Agent[01]
2,talk,13,1,3,Skip
2,talk,14,1,2,VOTE Agent[05]
2,talk,15,1,14,Skip
2,talk,16,1,10,Skip
2,talk,17,1,12,REQUEST ANY (VOTE Agent[14])
2,talk,18,1,9,VOTE Agent[05]
2,talk,19,1,15,Skip
2,talk,20,1,5,DIVINED Agent[14] HUMAN
2,talk,21,1,7,VOTE Agent[05]
2,talk,22,1,8,VOTE Agent[04]
2,talk,23,1,1,VOTE Agent[05]
2,talk,24,1,13,VOTE Agent[05]
2,talk,25,1,4,Skip
2,talk,26,2,10,VOTE Agent[05]
2,talk,27,2,3,VOTE Agent[05]
2,talk,28,2,5,DIVINED Agent[10] WEREWOLF
2,talk,29,2,14,VOTE Agent[05]
2,talk,30,2,8,VOTE Agent[05]
2,talk,31,2,1,Skip
2,talk,32,2,2,Skip
2,talk,33,2,9,Skip
2,talk,34,2,12,Skip
2,talk,35,2,15,VOTE Agent[05]
2,talk,36,2,4,VOTE Agent[10]
2,talk,37,2,13,Skip
2,talk,38,2,7,Skip
2,talk,39,3,12,Skip
2,talk,40,3,8,VOTE Agent[05]
2,talk,41,3,2,Skip
2,talk,42,3,1,Skip
2,talk,43,3,14,Skip
2,talk,44,3,7,Skip
2,talk,45,3,13,Skip
2,talk,46,3,15,Skip
2,talk,47,3,10,Skip
2,talk,48,3,4,Skip
2,talk,49,3,9,Skip
2,talk,50,3,3,Skip
2,talk,51,3,5,VOTE Agent[10]
2,talk,52,4,9,Over
2,talk,53,4,1,Over
2,talk,54,4,3,Skip
2,talk,55,4,5,Skip
2,talk,56,4,12,Over
2,talk,57,4,8,VOTE Agent[05]
2,talk,58,4,14,Skip
2,talk,59,4,10,Skip
2,talk,60,4,4,Skip
2,talk,61,4,15,Skip
2,talk,62,4,13,Over
2,talk,63,4,2,Over
2,talk,64,4,7,Over
2,talk,65,5,8,VOTE Agent[05]
2,talk,66,5,9,Over
2,talk,67,5,15,Over
2,talk,68,5,12,Over
2,talk,69,5,5,Skip
2,talk,70,5,10,Over
2,talk,71,5,2,Over
2,talk,72,5,7,Over
2,talk,73,5,14,Over
2,talk,74,5,4,Over
2,talk,75,5,3,Over
2,talk,76,5,1,Over
2,talk,77,5,13,Over
2,talk,78,6,8,VOTE Agent[05]
2,talk,79,6,1,Over
2,talk,80,6,4,Over
2,talk,81,6,15,Over
2,talk,82,6,3,Over
2,talk,83,6,10,Over
2,talk,84,6,2,Over
2,talk,85,6,13,Over
2,talk,86,6,14,Over
2,talk,87,6,9,Over
2,talk,88,6,5,Over
2,talk,89,6,12,Over
2,talk,90,6,7,Over
2,talk,91,7,2,Over
2,talk,92,7,12,Over
2,talk,93,7,15,Over
2,talk,94,7,7,Over
2,talk,95,7,14,Over
2,talk,96,7,1,Over
2,talk,97,7,5,Over
2,talk,98,7,8,VOTE Agent[05]
2,talk,99,7,3,Over
2,talk,100,7,4,Over
2,talk,101,7,13,Over
2,talk,102,7,9,Over
2,talk,103,7,10,Over
2,talk,104,8,9,Over
2,talk,105,8,2,Over
2,talk,106,8,10,Over
2,talk,107,8,3,Over
2,talk,108,8,14,Over
2,talk,109,8,1,Over
2,talk,110,8,12,Over
2,talk,111,8,5,Over
2,talk,112,8,13,Over
2,talk,113,8,4,Over
2,talk,114,8,15,Over
2,talk,115,8,8,VOTE Agent[05]
2,talk,116,8,7,Over
2,talk,117,9,9,Over
2,talk,118,9,10,Over
2,talk,119,9,5,Over
2,talk,120,9,4,Over
2,talk,121,9,8,Over
2,talk,122,9,15,Over
2,talk,123,9,2,Over
2,talk,124,9,3,Over
2,talk,125,9,14,Over
2,talk,126,9,1,Over
2,talk,127,9,12,Over
2,talk,128,9,13,Over
2,talk,129,9,7,Over
2,vote,1,5
2,vote,2,5
2,vote,3,5
2,vote,4,10
2,vote,5,10
2,vote,7,5
2,vote,8,5
2,vote,9,5
2,vote,10,5
2,vote,12,4
2,vote,13,5
2,vote,14,5
2,vote,15,5
2,execute,5,SEER
2,whisper,0,0,9,Skip
2,whisper,1,0,1,Skip
2,whisper,2,0,10,ATTACK Agent[04]
2,whisper,3,1,9,Skip
2,whisper,4,1,1,Skip
2,whisper,5,1,10,Skip
2,whisper,6,2,10,Skip
2,whisper,7,2,1,Over
2,whisper,8,2,9,Over
2,whisper,9,3,1,Over
2,whisper,10,3,9,Over
2,whisper,11,3,10,Over
2,attackVote,1,14
2,attackVote,9,14
2,attackVote,10,4
2,attack,14,true
3,status,1,WEREWOLF,ALIVE,TOKU4
3,status,2,VILLAGER,ALIVE,TOKU11
3,status,3,VILLAGER,ALIVE,Tomato3
3,status,4,MEDIUM,ALIVE,sample_py
3,status,5,SEER,DEAD,sample_py
3,status,6,VILLAGER,DEAD,SampleJava5
3,status,7,VILLAGER,ALIVE,Takeda8
3,status,8,POSSESSED,ALIVE,OKAMI
3,status,9,WEREWOLF,ALIVE,Takeda9
3,status,10,WEREWOLF,ALIVE,Tomato13
3,status,11,BODYGUARD,DEAD,sample_py
3,status,12,VILLAGER,ALIVE,SampleJava7
3,status,13,VILLAGER,ALIVE,Takeda10
3,status,14,VILLAGER,DEAD,Tomato0
3,status,15,VILLAGER,ALIVE,Tomato2
3,talk,0,0,7,VOTE Agent[01]
3,talk,1,0,9,VOTE Agent[02]
3,talk,2,0,1,VOTE Agent[02]
3,talk,3,0,3,VOTE Agent[10]
3,talk,4,0,13,VOTE Agent[01]
3,talk,5,0,8,DIVINED Agent[03] HUMAN
3,talk,6,0,15,VOTE Agent[10]
3,talk,7,0,12,VOTE Agent[07]
3,talk,8,0,4,COMINGOUT Agent[04] MEDIUM
3,talk,9,0,10,VOTE Agent[02]
3,talk,10,0,2,VOTE Agent[01]
3,talk,11,1,15,Skip
3,talk,12,1,9,Skip
3,talk,13,1,2,Skip
3,talk,14,1,3,Skip
3,talk,15,1,8,VOTE Agent[04]
3,talk,16,1,1,VOTE Agent[04]
3,talk,17,1,12,REQUEST ANY (VOTE Agent[07])
3,talk,18,1,10,VOTE Agent[04]
3,talk,19,1,7,Skip
3,talk,20,1,13,Skip
3,talk,21,1,4,IDENTIFIED Agent[06] HUMAN
3,talk,22,2,8,VOTE Agent[04]
3,talk,23,2,3,Skip
3,talk,24,2,10,Skip
3,talk,25,2,1,Skip
3,talk,26,2,12,Skip
3,talk,27,2,7,VOTE Agent[04]
3,talk,28,2,13,VOTE Agent[04]
3,talk,29,2,4,IDENTIFIED Agent[05] HUMAN
3,talk,30,2,15,Skip
3,talk,31,2,9,VOTE Agent[04]
3,talk,32,2,2,VOTE Agent[04]
3,talk,33,3,12,Skip
3,talk,34,3,15,Over
3,talk,35,3,7,Skip
3,talk,36,3,10,Skip
3,talk,37,3,8,VOTE Agent[04]
3,talk,38,3,13,Skip
3,talk,39,3,3,Over
3,talk,40,3,1,Skip
3,talk,41,3,9,Skip
3,talk,42,3,2,Skip
3,talk,43,3,4,VOTE Agent[10]
3,talk,44,4,12,Over
3,talk,45,4,13,Skip
3,talk,46,4,7,Skip
3,talk,47,4,1,Over
3,talk,48,4,15,Over
3,talk,49,4,9,Skip
3,talk,50,4,2,Skip
3,talk,51,4,10,Over
3,talk,52,4,4,Skip
3,talk,53,4,3,Over
3,talk,54,4,8,VOTE Agent[04]
3,talk,55,5,10,Over
3,talk,56,5,7,Over
3,talk,57,5,1,Over
3,talk,58,5,8,VOTE Agent[04]
3,talk,59,5,15,Over
3,talk,60,5,12,Over
3,talk,61,5,13,Over
3,talk,62,5,3,Over
3,talk,63,5,2,Over
3,talk,64,5,4,Skip
3,talk,65,5,9,Over
3,talk,66,6,12,Over
3,talk,67,6,15,Over
3,talk,68,6,1,Over
3,talk,69,6,7,Over
3,talk,70,6,3,Over
3,talk,71,6,13,Over
3,talk,72,6,2,Over
3,talk,73,6,9,Over
3,talk,74,6,8,VOTE Agent[04]
3,talk,75,6,10,Over
3,talk,76,6,4,Over
3,talk,77,7,3,Over
3,talk,78,7,9,Over
3,talk,79,7,1,Over
3,talk,80,7,4,Over
3,talk,81,7,12,Over
3,talk,82,7,2,Over
3,talk,83,7,8,VOTE Agent[04]
3,talk,84,7,13,Over
3,talk,85,7,7,Over
3,talk,86,7,10,Over
3,talk,87,7,15,Over
3,talk,88,8,2,Over
3,talk,89,8,13,Over
3,talk,90,8,3,Over
3,talk,91,8,10,Over
3,talk,92,8,8,VOTE Agent[04]
3,talk,93,8,15,Over
3,talk,94,8,4,Over
3,talk,95,8,7,Over
3,talk,96,8,1,Over
3,talk,97,8,12,Over
3,talk,98,8,9,Over
3,talk,99,9,1,Over
3,talk,100,9,10,Over
3,talk,101,9,3,Over
3,talk,102,9,13,Over
3,talk,103,9,2,Over
3,talk,104,9,7,Over
3,talk,105,9,9,Over
3,talk,106,9,4,Over
3,talk,107,9,12,Over
3,talk,108,9,15,Over
3,talk,109,9,8,Over
3,vote,1,4
3,vote,2,4
3,vote,3,10
3,vote,4,10
3,vote,7,4
3,vote,8,4
3,vote,9,4
3,vote,10,4
3,vote,12,8
3,vote,13,4
3,vote,15,10
3,execute,4,MEDIUM
3,whisper,0,0,10,ATTACK Agent[13]
3,whisper,1,0,9,Skip
3,whisper,2,0,1,Skip
3,whisper,3,1,9,Skip
3,whisper,4,1,10,Skip
3,whisper,5,1,1,Skip
3,whisper,6,2,10,Skip
3,whisper,7,2,1,Over
3,whisper,8,2,9,Over
3,whisper,9,3,1,Over
3,whisper,10,3,10,Over
3,whisper,11,3,9,Over
3,attackVote,1,15
3,attackVote,9,15
3,attackVote,10,13
3,attack,15,true
4,status,1,WEREWOLF,ALIVE,TOKU4
4,status,2,VILLAGER,ALIVE,TOKU11
4,status,3,VILLAGER,ALIVE,Tomato3
4,status,4,MEDIUM,DEAD,sample_py
4,status,5,SEER,DEAD,sample_py
4,status,6,VILLAGER,DEAD,SampleJava5
4,status,7,VILLAGER,ALIVE,Takeda8
4,status,8,POSSESSED,ALIVE,OKAMI
4,status,9,WEREWOLF,ALIVE,Takeda9
4,status,10,WEREWOLF,ALIVE,Tomato13
4,status,11,BODYGUARD,DEAD,sample_py
4,status,12,VILLAGER,ALIVE,SampleJava7
4,status,13,VILLAGER,ALIVE,Takeda10
4,status,14,VILLAGER,DEAD,Tomato0
4,status,15,VILLAGER,DEAD,Tomato2
4,talk,0,0,8,DIVINED Agent[01] WEREWOLF
4,talk,1,0,9,VOTE Agent[13]
4,talk,2,0,12,VOTE Agent[09]
4,talk,3,0,10,VOTE Agent[13]
4,talk,4,0,3,VOTE Agent[10]
4,talk,5,0,13,VOTE Agent[07]
4,talk,6,0,2,VOTE Agent[13]
4,talk,7,0,7,VOTE Agent[13]
4,talk,8,0,1,VOTE Agent[13]
4,talk,9,1,10,Skip
4,talk,10,1,12,REQUEST ANY (VOTE Agent[09])
4,talk,11,1,7,Skip
4,talk,12,1,8,VOTE Agent[01]
4,talk,13,1,9,Skip
4,talk,14,1,13,VOTE Agent[07]
4,talk,15,1,3,Skip
4,talk,16,1,2,Skip
4,talk,17,1,1,Skip
4,talk,18,2,3,Skip
4,talk,19,2,7,Skip
4,talk,20,2,1,Skip
4,talk,21,2,13,VOTE Agent[02]
4,talk,22,2,10,Skip
4,talk,23,2,12,Skip
4,talk,24,2,8,VOTE Agent[01]
4,talk,25,2,2,Skip
4,talk,26,2,9,Skip
4,talk,27,3,2,Over
4,talk,28,3,3,Over
4,talk,29,3,7,Over
4,talk,30,3,13,VOTE Agent[02]
4,talk,31,3,12,Skip
4,talk,32,3,9,Over
4,talk,33,3,8,VOTE Agent[01]
4,talk,34,3,1,Over
4,talk,35,3,10,Over
4,talk,36,4,8,VOTE Agent[01]
4,talk,37,4,1,Over
4,talk,38,4,2,Over
4,talk,39,4,7,Over
4,talk,40,4,9,Over
4,talk,41,4,10,Over
4,talk,42,4,13,VOTE Agent[02]
4,talk,43,4,12,Over
4,talk,44,4,3,Over
4,talk,45,5,9,Over
4,talk,46,5,1,Over
4,talk,47,5,8,VOTE Agent[01]
4,talk,48,5,7,Over
4,talk,49,5,12,Over
4,talk,50,5,3,Over
4,talk,51,5,10,Over
4,talk,52,5,13,VOTE Agent[02]
4,talk,53,5,2,Over
4,talk,54,6,9,Over
4,talk,55,6,7,Over
4,talk,56,6,10,Over
4,talk,57,6,13,VOTE Agent[02]
4,talk,58,6,1,Over
4,talk,59,6,8,VOTE Agent[01]
4,talk,60,6,12,Over
4,talk,61,6,2,Over
4,talk,62,6,3,Over
4,talk,63,7,13,VOTE Agent[02]
4,talk,64,7,2,Over
4,talk,65,7,9,Over
4,talk,66,7,7,Over
4,talk,67,7,1,Over
4,talk,68,7,10,Over
4,talk,69,7,12,Over
4,talk,70,7,3,Over
4,talk,71,7,8,VOTE Agent[01]
4,talk,72,8,8,VOTE Agent[01]
4,talk,73,8,2,Over
4,talk,74,8,12,Over
4,talk,75,8,10,Over
4,talk,76,8,1,Over
4,talk,77,8,3,Over
4,talk,78,8,13,VOTE Agent[02]
4,talk,79,8,7,Over
4,talk,80,8,9,Over
4,talk,81,9,3,Over
4,talk,82,9,1,Over
4,talk,83,9,2,Over
4,talk,84,9,12,Over
4,talk,85,9,9,Over
4,talk,86,9,7,Over
4,talk,87,9,8,Over
4,talk,88,9,13,VOTE Agent[02]
4,talk,89,9,10,Over
4,talk,90,10,3,Over
4,talk,91,10,12,Over
4,talk,92,10,8,Over
4,talk,93,10,1,Over
4,talk,94,10,7,Over
4,talk,95,10,13,Over
4,talk,96,10,2,Over
4,talk,97,10,9,Over
4,talk,98,10,10,Over
4,vote,1,13
4,vote,2,13
4,vote,3,10
4,vote,7,13
4,vote,8,1
4,vote,9,13
4,vote,10,13
4,vote,12,13
4,vote,13,2
4,execute,13,VILLAGER
4,whisper,0,0,9,Skip
4,whisper,1,0,1,Skip
4,whisper,2,0,10,ATTACK Agent[07]
4,whisper,3,1,9,Skip
4,whisper,4,1,10,Skip
4,whisper,5,1,1,Skip
4,whisper,6,2,1,Over
4,whisper,7,2,9,Over
4,whisper,8,2,10,Skip
4,whisper,9,3,10,Over
4,whisper,10,3,9,Over
4,whisper,11,3,1,Over
4,attackVote,1,12
4,attackVote,9,12
4,attackVote,10,7
4,attack,12,true
5,status,1,WEREWOLF,ALIVE,TOKU4
5,status,2,VILLAGER,ALIVE,TOKU11
5,status,3,VILLAGER,ALIVE,Tomato3
5,status,4,MEDIUM,DEAD,sample_py
5,status,5,SEER,DEAD,sample_py
5,status,6,VILLAGER,DEAD,SampleJava5
5,status,7,VILLAGER,ALIVE,Takeda8
5,status,8,POSSESSED,ALIVE,OKAMI
5,status,9,WEREWOLF,ALIVE,Takeda9
5,status,10,WEREWOLF,ALIVE,Tomato13
5,status,11,BODYGUARD,DEAD,sample_py
5,status,12,VILLAGER,DEAD,SampleJava7
5,status,13,VILLAGER,DEAD,Takeda10
5,status,14,VILLAGER,DEAD,Tomato0
5,status,15,VILLAGER,DEAD,Tomato2
5,talk,0,0,2,VOTE Agent[07]
5,talk,1,0,10,VOTE Agent[07]
5,talk,2,0,3,VOTE Agent[10]
5,talk,3,0,7,VOTE Agent[02]
5,talk,4,0,8,COMINGOUT Agent[08] POSSESSED
5,talk,5,0,1,VOTE Agent[02]
5,talk,6,0,9,VOTE Agent[02]
5,talk,7,1,2,Skip
5,talk,8,1,1,Skip
5,talk,9,1,3,Skip
5,talk,10,1,9,Skip
5,talk,11,1,8,VOTE Agent[02]
5,talk,12,1,7,Skip
5,talk,13,1,10,VOTE Agent[02]
5,talk,14,2,7,Skip
5,talk,15,2,8,VOTE Agent[02]
5,talk,16,2,1,Skip
5,talk,17,2,3,Skip
5,talk,18,2,9,Skip
5,talk,19,2,2,VOTE Agent[10]
5,talk,20,2,10,Skip
5,talk,21,3,3,Over
5,talk,22,3,10,Skip
5,talk,23,3,7,Over
5,talk,24,3,2,VOTE Agent[10]
5,talk,25,3,9,Over
5,talk,26,3,1,Over
5,talk,27,3,8,VOTE Agent[02]
5,talk,28,4,10,Over
5,talk,29,4,7,Over
5,talk,30,4,1,Over
5,talk,31,4,8,VOTE Agent[02]
5,talk,32,4,2,VOTE Agent[10]
5,talk,33,4,9,Over
5,talk,34,4,3,Over
5,talk,35,5,9,Over
5,talk,36,5,2,VOTE Agent[10]
5,talk,37,5,1,Over
5,talk,38,5,8,VOTE Agent[02]
5,talk,39,5,7,Over
5,talk,40,5,3,Over
5,talk,41,5,10,Over
5,talk,42,6,9,Over
5,talk,43,6,3,Over
5,talk,44,6,7,Over
5,talk,45,6,10,Over
5,talk,46,6,2,VOTE Agent[10]
5,talk,47,6,8,VOTE Agent[02]
5,talk,48,6,1,Over
5,talk,49,7,2,VOTE Agent[10]
5,talk,50,7,1,Over
5,talk,51,7,7,Over
5,talk,52,7,10,Over
5,talk,53,7,8,VOTE Agent[02]
5,talk,54,7,3,Over
5,talk,55,7,9,Over
5,talk,56,8,8,VOTE Agent[02]
5,talk,57,8,7,Over
5,talk,58,8,9,Over
5,talk,59,8,2,VOTE Agent[10]
5,talk,60,8,3,Over
5,talk,61,8,1,Over
5,talk,62,8,10,Over
5,talk,63,9,9,Over
5,talk,64,9,8,VOTE Agent[02]
5,talk,65,9,2,VOTE Agent[10]
5,talk,66,9,7,Over
5,talk,67,9,1,Over
5,talk,68,9,10,Over
5,talk,69,9,3,Over
5,talk,70,10,2,VOTE Agent[10]
5,talk,71,10,8,Over
5,talk,72,10,10,Over
5,talk,73,10,3,Over
5,talk,74,10,9,Over
5,talk,75,10,7,Over
5,talk,76,10,1,Over
5,talk,77,11,1,Over
5,talk,78,11,7,Over
5,talk,79,11,8,Over
5,talk,80,11,10,Over
5,talk,81,11,3,Over
5,talk,82,11,2,Over
5,talk,83,11,9,Over
5,vote,1,2
5,vote,2,10
5,vote,3,10
5,vote,7,2
5,vote,8,2
5,vote,9,2
5,vote,10,2
5,execute,2,VILLAGER
5,whisper,0,0,9,Skip
5,whisper,1,0,10,ATTACK Agent[07]
5,whisper,2,0,1,Skip
5,whisper,3,1,9,Skip
5,whisper,4,1,10,Skip
5,whisper,5,1,1,Skip
5,whisper,6,2,10,Skip
5,whisper,7,2,9,Over
5,whisper,8,2,1,Over
5,whisper,9,3,10,Over
5,whisper,10,3,1,Over
5,whisper,11,3,9,Over
5,attackVote,1,7
5,attackVote,9,7
5,attackVote,10,7
5,attack,7,true
6,status,1,WEREWOLF,ALIVE,TOKU4
6,status,2,VILLAGER,DEAD,TOKU11
6,status,3,VILLAGER,ALIVE,Tomato3
6,status,4,MEDIUM,DEAD,sample_py
6,status,5,SEER,DEAD,sample_py
6,status,6,VILLAGER,DEAD,SampleJava5
6,status,7,VILLAGER,DEAD,Takeda8
6,status,8,POSSESSED,ALIVE,OKAMI
6,status,9,WEREWOLF,ALIVE,Takeda9
6,status,10,WEREWOLF,ALIVE,Tomato13
6,status,11,BODYGUARD,DEAD,sample_py
6,status,12,VILLAGER,DEAD,SampleJava7
6,status,13,VILLAGER,DEAD,Takeda10
6,status,14,VILLAGER,DEAD,Tomato0
6,status,15,VILLAGER,DEAD,Tomato2
6,result,2,3,WEREWOLF
