0,status,1,VILLAGER,ALIVE,TOKU12
0,status,2,VILLAGER,ALIVE,Tomato0
0,status,3,SEER,ALIVE,SampleJava13
0,status,4,BODYGUARD,ALIVE,OKAMI
0,status,5,WEREWOLF,ALIVE,SampleJava6
0,status,6,VILLAGER,ALIVE,SampleJava5
0,status,7,VILLAGER,ALIVE,Takeda3
0,status,8,VILLAGER,ALIVE,OKAMI
0,status,9,POSSESSED,ALIVE,Takeda10
0,status,10,VILLAGER,ALIVE,OKAMI
0,status,11,WEREWOLF,ALIVE,Tomato2
0,status,12,MEDIUM,ALIVE,Takeda9
0,status,13,VILLAGER,ALIVE,Takeda14
0,status,14,VILLAGER,ALIVE,Tomato11
0,status,15,WEREWOLF,ALIVE,sample_py
0,whisper,0,0,11,COMINGOUT Agent[11] VILLAGER
0,whisper,1,0,5,COMINGOUT Agent[05] MEDIUM
0,whisper,2,0,15,COMINGOUT Agent[15] MEDIUM
0,whisper,3,1,15,COMINGOUT Agent[15] MEDIUM
0,whisper,4,1,5,COMINGOUT Agent[05] VILLAGER
0,whisper,5,1,11,Skip
0,whisper,6,2,15,COMINGOUT Agent[15] MEDIUM
0,whisper,7,2,11,Skip
0,whisper,8,2,5,Skip
0,whisper,9,3,11,COMINGOUT Agent[11] SEER
0,whisper,10,3,5,Skip
0,whisper,11,3,15,COMINGOUT Agent[15] MEDIUM
0,whisper,12,4,5,Over
0,whisper,13,4,11,Skip
0,whisper,14,4,15,COMINGOUT Agent[15] MEDIUM
0,whisper,15,5,11,Skip
0,whisper,16,5,15,COMINGOUT Agent[15] MEDIUM
0,whisper,17,5,5,Over
0,whisper,18,6,15,COMINGOUT Agent[15] MEDIUM
0,whisper,19,6,5,Over
0,whisper,20,6,11,Over
0,whisper,21,7,5,Over
0,whisper,22,7,15,COMINGOUT Agent[15] MEDIUM
0,whisper,23,7,11,Over
0,whisper,24,8,15,COMINGOUT Agent[15] MEDIUM
0,whisper,25,8,11,Over
0,whisper,26,8,5,Over
0,whisper,27,9,5,Over
0,whisper,28,9,11,Over
0,whisper,29,9,15,COMINGOUT Agent[15] MEDIUM
0,whisper,30,10,15,Over
0,whisper,31,10,11,Over
0,whisper,32,10,5,Over
0,divine,3,6,HUMAN
1,status,1,VILLAGER,ALIVE,TOKU12
1,status,2,VILLAGER,ALIVE,Tomato0
1,status,3,SEER,ALIVE,SampleJava13
1,status,4,BODYGUARD,ALIVE,OKAMI
1,status,5,WEREWOLF,ALIVE,SampleJava6
1,status,6,VILLAGER,ALIVE,SampleJava5
1,status,7,VILLAGER,ALIVE,Takeda3
1,status,8,VILLAGER,ALIVE,OKAMI
1,status,9,POSSESSED,ALIVE,Takeda10
1,status,10,VILLAGER,ALIVE,OKAMI
1,status,11,WEREWOLF,ALIVE,Tomato2
1,status,12,MEDIUM,ALIVE,Takeda9
1,status,13,VILLAGER,ALIVE,Takeda14
1,status,14,VILLAGER,ALIVE,Tomato11
1,status,15,WEREWOLF,ALIVE,sample_py
1,talk,0,0,13,VOTE Agent[05]
1,talk,1,0,15,VOTE Agent[10]
1,talk,2,0,6,VOTE Agent[04]
1,talk,3,0,1,VOTE Agent[10]
1,talk,4,0,11,COMINGOUT Agent[11] SEER
1,talk,5,0,12,COMINGOUT Agent[12] MEDIUM
1,talk,6,0,7,VOTE Agent[10]
1,talk,7,0,10,VOTE Agent[04]
1,talk,8,0,3,COMINGOUT Agent[03] SEER
1,talk,9,0,14,VOTE Agent[10]
1,talk,10,0,4,VOTE Agent[05]
1,talk,11,0,8,VOTE Agent[05]
1,talk,12,0,5,VOTE Agent[14]
1,talk,13,0,9,COMINGOUT Agent[09] SEER
1,talk,14,0,2,VOTE Agent[10]
1,talk,15,1,2,Skip
1,talk,16,1,10,COMINGOUT Agent[10] VILLAGER
1,talk,17,1,12,VOTE Agent[11]
1,talk,18,1,5,REQUEST ANY (VOTE Agent[14])
1,talk,19,1,15,VOTE Agent[12]
1,talk,20,1,7,VOTE Agent[11]
1,talk,21,1,8,COMINGOUT Agent[08] VILLAGER
1,talk,22,1,1,VOTE Agent[14]
1,talk,23,1,13,VOTE Agent[11]
1,talk,24,1,9,DIVINED Agent[02] WEREWOLF
1,talk,25,1,14,VOTE Agent[11]
1,talk,26,1,3,DAY 1 (DIVINED Agent[06] HUMAN)
1,talk,27,1,4,VOTE Agent[08]
1,talk,28,1,6,REQUEST ANY (VOTE Agent[04])
1,talk,29,1,11,DIVINED Agent[04] HUMAN
1,talk,30,2,10,VOTE Agent[11]
1,talk,31,2,14,VOTE Agent[05]
1,talk,32,2,11,VOTE Agent[05]
1,talk,33,2,1,VOTE Agent[15]
1,talk,34,2,2,VOTE Agent[11]
1,talk,35,2,6,Skip
1,talk,36,2,4,VOTE Agent[11]
1,talk,37,2,3,DIVINED Agent[06] HUMAN
1,talk,38,2,5,Skip
1,talk,39,2,8,VOTE Agent[11]
1,talk,40,2,7,VOTE Agent[03]
1,talk,41,2,9,VOTE Agent[02]
1,talk,42,2,12,Skip
1,talk,43,2,13,VOTE Agent[15]
1,talk,44,2,15,Skip
1,talk,45,3,15,Skip
1,talk,46,3,1,VOTE Agent[11]
1,talk,47,3,6,Skip
1,talk,48,3,7,VOTE Agent[11]
1,talk,49,3,12,Skip
1,talk,50,3,4,VOTE Agent[11]
1,talk,51,3,2,Skip
1,talk,52,3,10,VOTE Agent[11]
1,talk,53,3,9,Skip
1,talk,54,3,3,BECAUSE (AND (COMINGOUT Agent[03] SEER) (Agent[11] COMINGOUT Agent[11] SEER)) (XOR (ESTIMATE Agent[11] WEREWOLF) (ESTIMATE Agent[11] POSSESSED))
1,talk,55,3,14,VOTE Agent[11]
1,talk,56,3,13,VOTE Agent[11]
1,talk,57,3,5,Skip
1,talk,58,3,8,VOTE Agent[11]
1,talk,59,3,11,VOTE Agent[02]
1,talk,60,4,15,Over
1,talk,61,4,8,VOTE Agent[11]
1,talk,62,4,14,Skip
1,talk,63,4,5,Over
1,talk,64,4,6,Over
1,talk,65,4,4,VOTE Agent[11]
1,talk,66,4,2,Skip
1,talk,67,4,11,VOTE Agent[12]
1,talk,68,4,7,Skip
1,talk,69,4,9,Skip
1,talk,70,4,1,Skip
1,talk,71,4,10,VOTE Agent[11]
1,talk,72,4,13,Skip
1,talk,73,4,12,Over
1,talk,74,4,3,BECAUSE (XOR (ESTIMATE Agent[11] WEREWOLF) (ESTIMATE Agent[11] POSSESSED)) (AND (VOTE Agent[11]) (REQUEST ANY (VOTE Agent[11])))
1,talk,75,5,5,Over
1,talk,76,5,14,Skip
1,talk,77,5,2,Over
1,talk,78,5,9,Over
1,talk,79,5,7,Skip
1,talk,80,5,13,Skip
1,talk,81,5,6,Over
1,talk,82,5,4,VOTE Agent[11]
1,talk,83,5,15,Over
1,talk,84,5,1,Skip
1,talk,85,5,10,VOTE Agent[11]
1,talk,86,5,11,Skip
1,talk,87,5,8,VOTE Agent[11]
1,talk,88,5,12,Over
1,talk,89,5,3,VOTE Agent[11]
1,talk,90,6,9,Over
1,talk,91,6,6,Over
1,talk,92,6,15,Over
1,talk,93,6,5,Over
1,talk,94,6,2,Over
1,talk,95,6,10,VOTE Agent[11]
1,talk,96,6,1,Over
1,talk,97,6,14,Over
1,talk,98,6,4,VOTE Agent[11]
1,talk,99,6,3,REQUEST ANY (VOTE Agent[11])
1,talk,100,6,11,Skip
1,talk,101,6,8,VOTE Agent[11]
1,talk,102,6,13,Over
1,talk,103,6,12,Over
1,talk,104,6,7,Over
1,talk,105,7,1,Over
1,talk,106,7,7,Over
1,talk,107,7,2,Over
1,talk,108,7,10,VOTE Agent[11]
1,talk,109,7,5,Over
1,talk,110,7,3,Skip
1,talk,111,7,4,VOTE Agent[11]
1,talk,112,7,6,Over
1,talk,113,7,8,VOTE Agent[11]
1,talk,114,7,12,Over
1,talk,115,7,11,Over
1,talk,116,7,9,Over
1,talk,117,7,15,Over
1,talk,118,7,14,Over
1,talk,119,7,13,Over
1,talk,120,8,11,Over
1,talk,121,8,5,Over
1,talk,122,8,12,Over
1,talk,123,8,9,Over
1,talk,124,8,1,Over
1,talk,125,8,2,Over
1,talk,126,8,8,VOTE Agent[11]
1,talk,127,8,6,Over
1,talk,128,8,4,VOTE Agent[11]
1,talk,129,8,14,Over
1,talk,130,8,15,Over
1,talk,131,8,13,Over
1,talk,132,8,10,VOTE Agent[11]
1,talk,133,8,7,Over
1,talk,134,8,3,Skip
1,talk,135,9,2,Over
1,talk,136,9,5,Over
1,talk,137,9,14,Over
1,talk,138,9,4,Over
1,talk,139,9,15,Over
1,talk,140,9,10,Over
1,talk,141,9,12,Over
1,talk,142,9,1,Over
1,talk,143,9,9,Over
1,talk,144,9,3,Over
1,talk,145,9,13,Over
1,talk,146,9,8,Over
1,talk,147,9,7,Over
1,talk,148,9,6,Over
1,talk,149,9,11,Over
1,vote,1,11
1,vote,2,11
1,vote,3,11
1,vote,4,11
1,vote,5,14
1,vote,6,11
1,vote,7,11
1,vote,8,11
1,vote,9,12
1,vote,10,11
1,vote,11,12
1,vote,12,11
1,vote,13,11
1,vote,14,11
1,vote,15,12
1,execute,11,WEREWOLF
1,divine,3,9,HUMAN
1,whisper,0,0,5,BECAUSE (AND (NOT (COMINGOUT Agent[09] WEREWOLF)) (NOT (COMINGOUT Agent[02] WEREWOLF)) (DAY 1 (Agent[09] DIVINED Agent[02] WEREWOLF))) (ESTIMATE Agent[09] POSSESSED)
1,whisper,1,0,15,ATTACK Agent[10]
1,whisper,2,1,15,Skip
1,whisper,3,1,5,ATTACK Agent[10]
1,whisper,4,2,15,Skip
1,whisper,5,2,5,Skip
1,whisper,6,3,5,Skip
1,whisper,7,3,15,Over
1,whisper,8,4,5,Over
1,whisper,9,4,15,Over
1,guard,4,12,MEDIUM
1,attackVote,5,10
1,attackVote,15,10
1,attack,10,true
2,status,1,VILLAGER,ALIVE,TOKU12
2,status,2,VILLAGER,ALIVE,Tomato0
2,status,3,SEER,ALIVE,SampleJava13
2,status,4,BODYGUARD,ALIVE,OKAMI
2,status,5,WEREWOLF,ALIVE,SampleJava6
2,status,6,VILLAGER,ALIVE,SampleJava5
2,status,7,VILLAGER,ALIVE,Takeda3
2,status,8,VILLAGER,ALIVE,OKAMI
2,status,9,POSSESSED,ALIVE,Takeda10
2,status,10,VILLAGER,DEAD,OKAMI
2,status,11,WEREWOLF,DEAD,Tomato2
2,status,12,MEDIUM,ALIVE,Takeda9
2,status,13,VILLAGER,ALIVE,Takeda14
2,status,14,VILLAGER,ALIVE,Tomato11
2,status,15,WEREWOLF,ALIVE,sample_py
2,talk,0,0,13,VOTE Agent[04]
2,talk,1,0,2,VOTE Agent[04]
2,talk,2,0,3,DAY 2 (DIVINED Agent[09] HUMAN)
2,talk,3,0,7,VOTE Agent[04]
2,talk,4,0,8,VOTE Agent[03]
2,talk,5,0,5,VOTE Agent[14]
2,talk,6,0,6,VOTE Agent[09]
2,talk,7,0,15,VOTE Agent[12]
2,talk,8,0,9,DIVINED Agent[04] HUMAN
2,talk,9,0,12,IDENTIFIED Agent[11] WEREWOLF
2,talk,10,0,4,VOTE Agent[08]
2,talk,11,0,1,VOTE Agent[04]
2,talk,12,0,14,VOTE Agent[04]
2,talk,13,1,12,VOTE Agent[04]
2,talk,14,1,6,REQUEST ANY (VOTE Agent[09])
2,talk,15,1,13,Skip
2,talk,16,1,3,DIVINED Agent[09] HUMAN
2,talk,17,1,5,REQUEST ANY (VOTE Agent[14])
2,talk,18,1,14,Skip
2,talk,19,1,7,Skip
2,talk,20,1,9,VOTE Agent[02]
2,talk,21,1,2,Skip
2,talk,22,1,15,Skip
2,talk,23,1,8,COMINGOUT Agent[08] VILLAGER
2,talk,24,1,1,Skip
2,talk,25,1,4,VOTE Agent[06]
2,talk,26,2,15,Skip
2,talk,27,2,9,Skip
2,talk,28,2,5,Skip
2,talk,29,2,7,Skip
2,talk,30,2,2,Skip
2,talk,31,2,8,VOTE Agent[06]
2,talk,32,2,13,Skip
2,talk,33,2,3,VOTE Agent[07]
2,talk,34,2,4,VOTE Agent[06]
2,talk,35,2,14,Skip
2,talk,36,2,6,Skip
2,talk,37,2,12,Skip
2,talk,38,2,1,Skip
2,talk,39,3,12,Skip
2,talk,40,3,6,Skip
2,talk,41,3,5,Skip
2,talk,42,3,2,Over
2,talk,43,3,1,Over
2,talk,44,3,15,Over
2,talk,45,3,3,REQUEST ANY (VOTE Agent[07])
2,talk,46,3,9,Skip
2,talk,47,3,4,VOTE Agent[06]
2,talk,48,3,8,VOTE Agent[06]
2,talk,49,3,7,Over
2,talk,50,3,14,Over
2,talk,51,3,13,Over
2,talk,52,4,15,Over
2,talk,53,4,9,Over
2,talk,54,4,7,Over
2,talk,55,4,8,VOTE Agent[06]
2,talk,56,4,14,Over
2,talk,57,4,1,Over
2,talk,58,4,5,Over
2,talk,59,4,3,Skip
2,talk,60,4,12,Over
2,talk,61,4,2,Over
2,talk,62,4,13,Over
2,talk,63,4,4,VOTE Agent[06]
2,talk,64,4,6,Over
2,talk,65,5,8,VOTE Agent[06]
2,talk,66,5,4,VOTE Agent[06]
2,talk,67,5,14,Over
2,talk,68,5,9,Over
2,talk,69,5,12,Over
2,talk,70,5,1,Over
2,talk,71,5,13,Over
2,talk,72,5,15,Over
2,talk,73,5,2,Over
2,talk,74,5,7,Over
2,talk,75,5,3,Skip
2,talk,76,5,5,Over
2,talk,77,5,6,Over
2,talk,78,6,15,Over
2,talk,79,6,4,VOTE Agent[06]
2,talk,80,6,14,Over
2,talk,81,6,2,Over
2,talk,82,6,1,Over
2,talk,83,6,8,VOTE Agent[06]
2,talk,84,6,13,Over
2,talk,85,6,7,Over
2,talk,86,6,5,Over
2,talk,87,6,3,Over
2,talk,88,6,6,Over
2,talk,89,6,12,Over
2,talk,90,6,9,Over
2,talk,91,7,13,Over
2,talk,92,7,7,Over
2,talk,93,7,4,VOTE Agent[06]
2,talk,94,7,14,Over
2,talk,95,7,15,Over
2,talk,96,7,8,VOTE Agent[06]
2,talk,97,7,3,Over
2,talk,98,7,6,Over
2,talk,99,7,2,Over
2,talk,100,7,1,Over
2,talk,101,7,12,Over
2,talk,102,7,5,Over
2,talk,103,7,9,Over
2,talk,104,8,15,Over
2,talk,105,8,8,VOTE Agent[06]
2,talk,106,8,2,Over
2,talk,107,8,13,Over
2,talk,108,8,9,Over
2,talk,109,8,6,Over
2,talk,110,8,5,Over
2,talk,111,8,12,Over
2,talk,112,8,14,Over
2,talk,113,8,7,Over
2,talk,114,8,3,Over
2,talk,115,8,4,VOTE Agent[06]
2,talk,116,8,1,Over
2,talk,117,9,1,Over
2,talk,118,9,13,Over
2,talk,119,9,3,Over
2,talk,120,9,12,Over
2,talk,121,9,15,Over
2,talk,122,9,8,Over
2,talk,123,9,7,Over
2,talk,124,9,4,Over
2,talk,125,9,6,Over
2,talk,126,9,14,Over
2,talk,127,9,2,Over
2,talk,128,9,5,Over
2,talk,129,9,9,Over
2,vote,1,4
2,vote,2,4
2,vote,3,9
2,vote,4,6
2,vote,5,14
2,vote,6,7
2,vote,7,4
2,vote,8,6
2,vote,9,6
2,vote,12,4
2,vote,13,4
2,vote,14,4
2,vote,15,12
2,execute,4,BODYGUARD
2,divine,3,5,WEREWOLF
2,whisper,0,0,15,ATTACK Agent[09]
2,whisper,1,0,5,BECAUSE (Agent[12] COMINGOUT Agent[12] MEDIUM) (ATTACK Agent[12])
2,whisper,2,1,15,Skip
2,whisper,3,1,5,ATTACK Agent[12]
2,whisper,4,2,5,Skip
2,whisper,5,2,15,Skip
2,whisper,6,3,15,Over
2,whisper,7,3,5,Skip
2,whisper,8,4,5,Over
2,whisper,9,4,15,Over
2,attackVote,5,12
2,attackVote,15,9
2,attackVote,5,12
2,attackVote,15,9
2,attack,9,true
3,status,1,VILLAGER,ALIVE,TOKU12
3,status,2,VILLAGER,ALIVE,Tomato0
3,status,3,SEER,ALIVE,SampleJava13
3,status,4,BODYGUARD,DEAD,OKAMI
3,status,5,WEREWOLF,ALIVE,SampleJava6
3,status,6,VILLAGER,ALIVE,SampleJava5
3,status,7,VILLAGER,ALIVE,Takeda3
3,status,8,VILLAGER,ALIVE,OKAMI
3,status,9,POSSESSED,DEAD,Takeda10
3,status,10,VILLAGER,DEAD,OKAMI
3,status,11,WEREWOLF,DEAD,Tomato2
3,status,12,MEDIUM,ALIVE,Takeda9
3,status,13,VILLAGER,ALIVE,Takeda14
3,status,14,VILLAGER,ALIVE,Tomato11
3,status,15,WEREWOLF,ALIVE,sample_py
3,talk,0,0,5,VOTE Agent[06]
3,talk,1,0,12,IDENTIFIED Agent[04] HUMAN
3,talk,2,0,15,COMINGOUT Agent[15] MEDIUM
3,talk,3,0,14,VOTE Agent[03]
3,talk,4,0,1,VOTE Agent[07]
3,talk,5,0,13,VOTE Agent[07]
3,talk,6,0,2,VOTE Agent[03]
3,talk,7,0,6,VOTE Agent[13]
3,talk,8,0,8,VOTE Agent[03]
3,talk,9,0,3,DAY 3 (DIVINED Agent[05] WEREWOLF)
3,talk,10,0,7,VOTE Agent[01]
3,talk,11,1,7,VOTE Agent[15]
3,talk,12,1,8,COMINGOUT Agent[08] VILLAGER
3,talk,13,1,15,IDENTIFIED Agent[11] HUMAN
3,talk,14,1,14,Skip
3,talk,15,1,13,VOTE Agent[15]
3,talk,16,1,12,VOTE Agent[15]
3,talk,17,1,6,REQUEST ANY (VOTE Agent[13])
3,talk,18,1,1,VOTE Agent[15]
3,talk,19,1,2,Skip
3,talk,20,1,5,REQUEST ANY (VOTE Agent[06])
3,talk,21,1,3,DIVINED Agent[05] WEREWOLF
3,talk,22,2,7,Skip
3,talk,23,2,15,IDENTIFIED Agent[04] HUMAN
3,talk,24,2,12,Skip
3,talk,25,2,14,Skip
3,talk,26,2,3,BECAUSE (DAY 3 (DIVINED Agent[05] WEREWOLF)) (AND (VOTE Agent[05]) (REQUEST ANY (VOTE Agent[05])))
3,talk,27,2,2,Skip
3,talk,28,2,13,Skip
3,talk,29,2,1,Skip
3,talk,30,2,5,Skip
3,talk,31,2,8,VOTE Agent[03]
3,talk,32,2,6,Skip
3,talk,33,3,6,Skip
3,talk,34,3,1,Skip
3,talk,35,3,13,Skip
3,talk,36,3,5,Skip
3,talk,37,3,2,Over
3,talk,38,3,7,Skip
3,talk,39,3,15,VOTE Agent[12]
3,talk,40,3,3,VOTE Agent[05]
3,talk,41,3,8,VOTE Agent[03]
3,talk,42,3,14,Over
3,talk,43,3,12,Skip
3,talk,44,4,2,Over
3,talk,45,4,7,Over
3,talk,46,4,13,Over
3,talk,47,4,1,Over
3,talk,48,4,3,REQUEST ANY (VOTE Agent[05])
3,talk,49,4,8,VOTE Agent[03]
3,talk,50,4,15,Skip
3,talk,51,4,5,Over
3,talk,52,4,12,Over
3,talk,53,4,6,Over
3,talk,54,4,14,Over
3,talk,55,5,6,Over
3,talk,56,5,13,Over
3,talk,57,5,15,Skip
3,talk,58,5,3,Skip
3,talk,59,5,5,Over
3,talk,60,5,14,Over
3,talk,61,5,8,VOTE Agent[03]
3,talk,62,5,1,Over
3,talk,63,5,2,Over
3,talk,64,5,7,Over
3,talk,65,5,12,Over
3,talk,66,6,15,Over
3,talk,67,6,7,Over
3,talk,68,6,8,VOTE Agent[03]
3,talk,69,6,6,Over
3,talk,70,6,5,Over
3,talk,71,6,14,Over
3,talk,72,6,2,Over
3,talk,73,6,13,Over
3,talk,74,6,3,Skip
3,talk,75,6,1,Over
3,talk,76,6,12,Over
3,talk,77,7,7,Over
3,talk,78,7,3,Over
3,talk,79,7,1,Over
3,talk,80,7,15,Over
3,talk,81,7,6,Over
3,talk,82,7,13,Over
3,talk,83,7,14,Over
3,talk,84,7,12,Over
3,talk,85,7,2,Over
3,talk,86,7,8,VOTE Agent[03]
3,talk,87,7,5,Over
3,talk,88,8,2,Over
3,talk,89,8,5,Over
3,talk,90,8,1,Over
3,talk,91,8,8,VOTE Agent[03]
3,talk,92,8,3,Over
3,talk,93,8,12,Over
3,talk,94,8,6,Over
3,talk,95,8,7,Over
3,talk,96,8,14,Over
3,talk,97,8,13,Over
3,talk,98,8,15,Over
3,talk,99,9,8,Over
3,talk,100,9,6,Over
3,talk,101,9,14,Over
3,talk,102,9,1,Over
3,talk,103,9,3,Over
3,talk,104,9,15,Over
3,talk,105,9,2,Over
3,talk,106,9,12,Over
3,talk,107,9,7,Over
3,talk,108,9,13,Over
3,talk,109,9,5,Over
3,vote,1,15
3,vote,2,3
3,vote,3,5
3,vote,5,6
3,vote,6,5
3,vote,7,15
3,vote,8,3
3,vote,12,15
3,vote,13,15
3,vote,14,3
3,vote,15,12
3,execute,15,WEREWOLF
3,divine,3,12,HUMAN
3,attackVote,5,3
3,attack,3,true
4,status,1,VILLAGER,ALIVE,TOKU12
4,status,2,VILLAGER,ALIVE,Tomato0
4,status,3,SEER,DEAD,SampleJava13
4,status,4,BODYGUARD,DEAD,OKAMI
4,status,5,WEREWOLF,ALIVE,SampleJava6
4,status,6,VILLAGER,ALIVE,SampleJava5
4,status,7,VILLAGER,ALIVE,Takeda3
4,status,8,VILLAGER,ALIVE,OKAMI
4,status,9,POSSESSED,DEAD,Takeda10
4,status,10,VILLAGER,DEAD,OKAMI
4,status,11,WEREWOLF,DEAD,Tomato2
4,status,12,MEDIUM,ALIVE,Takeda9
4,status,13,VILLAGER,ALIVE,Takeda14
4,status,14,VILLAGER,ALIVE,Tomato11
4,status,15,WEREWOLF,DEAD,sample_py
4,talk,0,0,5,VOTE Agent[14]
4,talk,1,0,12,IDENTIFIED Agent[15] WEREWOLF
4,talk,2,0,2,VOTE Agent[14]
4,talk,3,0,13,VOTE Agent[07]
4,talk,4,0,8,VOTE Agent[06]
4,talk,5,0,7,VOTE Agent[01]
4,talk,6,0,1,VOTE Agent[07]
4,talk,7,0,14,VOTE Agent[02]
4,talk,8,0,6,VOTE Agent[05]
4,talk,9,1,12,VOTE Agent[07]
4,talk,10,1,8,COMINGOUT Agent[08] VILLAGER
4,talk,11,1,2,Skip
4,talk,12,1,14,Skip
4,talk,13,1,1,Skip
4,talk,14,1,7,Skip
4,talk,15,1,13,Skip
4,talk,16,1,6,REQUEST ANY (VOTE Agent[05])
4,talk,17,1,5,REQUEST ANY (VOTE Agent[14])
4,talk,18,2,8,VOTE Agent[06]
4,talk,19,2,1,Skip
4,talk,20,2,13,Skip
4,talk,21,2,12,Skip
4,talk,22,2,7,Skip
4,talk,23,2,6,Skip
4,talk,24,2,14,Skip
4,talk,25,2,5,Skip
4,talk,26,2,2,Skip
4,talk,27,3,8,VOTE Agent[06]
4,talk,28,3,13,Over
4,talk,29,3,12,Skip
4,talk,30,3,6,Skip
4,talk,31,3,7,Over
4,talk,32,3,14,Over
4,talk,33,3,5,Skip
4,talk,34,3,1,Over
4,talk,35,3,2,Over
4,talk,36,4,8,VOTE Agent[06]
4,talk,37,4,12,Over
4,talk,38,4,7,Over
4,talk,39,4,1,Over
4,talk,40,4,13,Over
4,talk,41,4,5,Over
4,talk,42,4,6,Over
4,talk,43,4,2,Over
4,talk,44,4,14,Over
4,talk,45,5,6,Over
4,talk,46,5,1,Over
4,talk,47,5,7,Over
4,talk,48,5,12,Over
4,talk,49,5,5,Over
4,talk,50,5,13,Over
4,talk,51,5,2,Over
4,talk,52,5,14,Over
4,talk,53,5,8,VOTE Agent[06]
4,talk,54,6,6,Over
4,talk,55,6,1,Over
4,talk,56,6,13,Over
4,talk,57,6,7,Over
4,talk,58,6,2,Over
4,talk,59,6,12,Over
4,talk,60,6,14,Over
4,talk,61,6,8,VOTE Agent[06]
4,talk,62,6,5,Over
4,talk,63,7,13,Over
4,talk,64,7,2,Over
4,talk,65,7,12,Over
4,talk,66,7,14,Over
4,talk,67,7,7,Over
4,talk,68,7,5,Over
4,talk,69,7,8,VOTE Agent[06]
4,talk,70,7,6,Over
4,talk,71,7,1,Over
4,talk,72,8,8,VOTE Agent[06]
4,talk,73,8,1,Over
4,talk,74,8,5,Over
4,talk,75,8,14,Over
4,talk,76,8,12,Over
4,talk,77,8,2,Over
4,talk,78,8,13,Over
4,talk,79,8,6,Over
4,talk,80,8,7,Over
4,talk,81,9,1,Over
4,talk,82,9,8,Over
4,talk,83,9,13,Over
4,talk,84,9,6,Over
4,talk,85,9,14,Over
4,talk,86,9,7,Over
4,talk,87,9,2,Over
4,talk,88,9,12,Over
4,talk,89,9,5,Over
4,vote,1,7
4,vote,2,14
4,vote,5,14
4,vote,6,14
4,vote,7,1
4,vote,8,6
4,vote,12,7
4,vote,13,7
4,vote,14,2
4,vote,1,7
4,vote,2,14
4,vote,5,7
4,vote,6,7
4,vote,7,1
4,vote,8,6
4,vote,12,7
4,vote,13,7
4,vote,14,2
4,execute,7,VILLAGER
4,attackVote,5,12
4,attack,12,true
5,status,1,VILLAGER,ALIVE,TOKU12
5,status,2,VILLAGER,ALIVE,Tomato0
5,status,3,SEER,DEAD,SampleJava13
5,status,4,BODYGUARD,DEAD,OKAMI
5,status,5,WEREWOLF,ALIVE,SampleJava6
5,status,6,VILLAGER,ALIVE,SampleJava5
5,status,7,VILLAGER,DEAD,Takeda3
5,status,8,VILLAGER,ALIVE,OKAMI
5,status,9,POSSESSED,DEAD,Takeda10
5,status,10,VILLAGER,DEAD,OKAMI
5,status,11,WEREWOLF,DEAD,Tomato2
5,status,12,MEDIUM,DEAD,Takeda9
5,status,13,VILLAGER,ALIVE,Takeda14
5,status,14,VILLAGER,ALIVE,Tomato11
5,status,15,WEREWOLF,DEAD,sample_py
5,talk,0,0,6,VOTE Agent[13]
5,talk,1,0,8,VOTE Agent[13]
5,talk,2,0,2,VOTE Agent[14]
5,talk,3,0,14,VOTE Agent[02]
5,talk,4,0,5,VOTE Agent[14]
5,talk,5,0,1,VOTE Agent[13]
5,talk,6,0,13,VOTE Agent[01]
5,talk,7,1,5,REQUEST ANY (VOTE Agent[14])
5,talk,8,1,6,REQUEST ANY (VOTE Agent[13])
5,talk,9,1,14,Skip
5,talk,10,1,2,Skip
5,talk,11,1,13,Skip
5,talk,12,1,8,COMINGOUT Agent[08] VILLAGER
5,talk,13,1,1,Skip
5,talk,14,2,8,VOTE Agent[01]
5,talk,15,2,2,Skip
5,talk,16,2,5,Skip
5,talk,17,2,14,Skip
5,talk,18,2,1,Skip
5,talk,19,2,13,Skip
5,talk,20,2,6,Skip
5,talk,21,3,14,Over
5,talk,22,3,5,Skip
5,talk,23,3,1,Over
5,talk,24,3,13,Over
5,talk,25,3,2,Over
5,talk,26,3,6,Skip
5,talk,27,3,8,VOTE Agent[01]
5,talk,28,4,14,Over
5,talk,29,4,8,VOTE Agent[01]
5,talk,30,4,6,Over
5,talk,31,4,1,Over
5,talk,32,4,13,Over
5,talk,33,4,2,Over
5,talk,34,4,5,Over
5,talk,35,5,14,Over
5,talk,36,5,5,Over
5,talk,37,5,1,Over
5,talk,38,5,6,Over
5,talk,39,5,2,Over
5,talk,40,5,13,Over
5,talk,41,5,8,VOTE Agent[01]
5,talk,42,6,8,VOTE Agent[01]
5,talk,43,6,6,Over
5,talk,44,6,14,Over
5,talk,45,6,13,Over
5,talk,46,6,2,Over
5,talk,47,6,1,Over
5,talk,48,6,5,Over
5,talk,49,7,6,Over
5,talk,50,7,5,Over
5,talk,51,7,2,Over
5,talk,52,7,14,Over
5,talk,53,7,1,Over
5,talk,54,7,8,VOTE Agent[01]
5,talk,55,7,13,Over
5,talk,56,8,8,VOTE Agent[01]
5,talk,57,8,2,Over
5,talk,58,8,6,Over
5,talk,59,8,5,Over
5,talk,60,8,14,Over
5,talk,61,8,13,Over
5,talk,62,8,1,Over
5,talk,63,9,6,Over
5,talk,64,9,2,Over
5,talk,65,9,14,Over
5,talk,66,9,1,Over
5,talk,67,9,5,Over
5,talk,68,9,8,Over
5,talk,69,9,13,Over
5,vote,1,13
5,vote,2,14
5,vote,5,14
5,vote,6,14
5,vote,8,1
5,vote,13,1
5,vote,14,2
5,execute,14,VILLAGER
5,attackVote,5,8
5,attack,8,true
6,status,1,VILLAGER,ALIVE,TOKU12
6,status,2,VILLAGER,ALIVE,Tomato0
6,status,3,SEER,DEAD,SampleJava13
6,status,4,BODYGUARD,DEAD,OKAMI
6,status,5,WEREWOLF,ALIVE,SampleJava6
6,status,6,VILLAGER,ALIVE,SampleJava5
6,status,7,VILLAGER,DEAD,Takeda3
6,status,8,VILLAGER,DEAD,OKAMI
6,status,9,POSSESSED,DEAD,Takeda10
6,status,10,VILLAGER,DEAD,OKAMI
6,status,11,WEREWOLF,DEAD,Tomato2
6,status,12,MEDIUM,DEAD,Takeda9
6,status,13,VILLAGER,ALIVE,Takeda14
6,status,14,VILLAGER,DEAD,Tomato11
6,status,15,WEREWOLF,DEAD,sample_py
6,talk,0,0,1,VOTE Agent[13]
6,talk,1,0,6,VOTE Agent[13]
6,talk,2,0,2,VOTE Agent[05]
6,talk,3,0,13,VOTE Agent[01]
6,talk,4,0,5,VOTE Agent[14]
6,talk,5,1,13,Skip
6,talk,6,1,1,Skip
6,talk,7,1,2,Skip
6,talk,8,1,6,REQUEST ANY (VOTE Agent[13])
6,talk,9,1,5,REQUEST ANY (VOTE Agent[14])
6,talk,10,2,1,Skip
6,talk,11,2,2,Skip
6,talk,12,2,5,Skip
6,talk,13,2,13,Skip
6,talk,14,2,6,Skip
6,talk,15,3,1,Over
6,talk,16,3,2,Over
6,talk,17,3,5,Skip
6,talk,18,3,13,Over
6,talk,19,3,6,Skip
6,talk,20,4,2,Over
6,talk,21,4,6,Over
6,talk,22,4,5,Over
6,talk,23,4,1,Over
6,talk,24,4,13,Over
6,vote,1,13
6,vote,2,5
6,vote,5,6
6,vote,6,13
6,vote,13,1
6,execute,13,VILLAGER
6,attackVote,5,2
6,attack,2,true
7,status,1,VILLAGER,ALIVE,TOKU12
7,status,2,VILLAGER,DEAD,Tomato0
7,status,3,SEER,DEAD,SampleJava13
7,status,4,BODYGUARD,DEAD,OKAMI
7,status,5,WEREWOLF,ALIVE,SampleJava6
7,status,6,VILLAGER,ALIVE,SampleJava5
7,status,7,VILLAGER,DEAD,Takeda3
7,status,8,VILLAGER,DEAD,OKAMI
7,status,9,POSSESSED,DEAD,Takeda10
7,status,10,VILLAGER,DEAD,OKAMI
7,status,11,WEREWOLF,DEAD,Tomato2
7,status,12,MEDIUM,DEAD,Takeda9
7,status,13,VILLAGER,DEAD,Takeda14
7,status,14,VILLAGER,DEAD,Tomato11
7,status,15,WEREWOLF,DEAD,sample_py
7,talk,0,0,5,VOTE Agent[14]
7,talk,1,0,6,VOTE Agent[01]
7,talk,2,0,1,VOTE Agent[05]
7,talk,3,1,1,Skip
7,talk,4,1,5,REQUEST ANY (VOTE Agent[14])
7,talk,5,1,6,REQUEST ANY (VOTE Agent[01])
7,talk,6,2,5,Skip
7,talk,7,2,6,Skip
7,talk,8,2,1,Skip
7,talk,9,3,1,Over
7,talk,10,3,5,Skip
7,talk,11,3,6,Skip
7,talk,12,4,6,Over
7,talk,13,4,1,Over
7,talk,14,4,5,Over
7,vote,1,5
7,vote,5,1
7,vote,6,5
7,execute,5,WEREWOLF
8,status,1,VILLAGER,ALIVE,TOKU12
8,status,2,VILLAGER,DEAD,Tomato0
8,status,3,SEER,DEAD,SampleJava13
8,status,4,BODYGUARD,DEAD,OKAMI
8,status,5,WEREWOLF,DEAD,SampleJava6
8,status,6,VILLAGER,ALIVE,SampleJava5
8,status,7,VILLAGER,DEAD,Takeda3
8,status,8,VILLAGER,DEAD,OKAMI
8,status,9,POSSESSED,DEAD,Takeda10
8,status,10,VILLAGER,DEAD,OKAMI
8,status,11,WEREWOLF,DEAD,Tomato2
8,status,12,MEDIUM,DEAD,Takeda9
8,status,13,VILLAGER,DEAD,Takeda14
8,status,14,VILLAGER,DEAD,Tomato11
8,status,15,WEREWOLF,DEAD,sample_py
8,result,2,0,VILLAGER
