0,status,1,WEREWOLF,ALIVE,TOKU2
0,status,2,VILLAGER,ALIVE,SampleJava8
0,status,3,VILLAGER,ALIVE,OKAMI
0,status,4,VILLAGER,ALIVE,sample_py
0,status,5,SEER,ALIVE,SampleJava6
0,status,6,VILLAGER,ALIVE,HALU
0,status,7,MEDIUM,ALIVE,OKAMI
0,status,8,WEREWOLF,ALIVE,Tomato13
0,status,9,VILLAGER,ALIVE,Takeda7
0,status,10,VILLAGER,ALIVE,OKAMI
0,status,11,VILLAGER,ALIVE,Tomato12
0,status,12,WEREWOLF,ALIVE,TOKU3
0,status,13,BODYGUARD,ALIVE,OKAMI
0,status,14,VILLAGER,ALIVE,HALU
0,status,15,POSSESSED,ALIVE,sample_py
0,whisper,0,0,12,Skip
0,whisper,1,0,8,COMINGOUT Agent[08] VILLAGER
0,whisper,2,0,1,Skip
0,whisper,3,1,12,Skip
0,whisper,4,1,1,Skip
0,whisper,5,1,8,Skip
0,whisper,6,2,12,Over
0,whisper,7,2,8,Skip
0,whisper,8,2,1,Over
0,whisper,9,3,8,Over
0,whisper,10,3,1,Over
0,whisper,11,3,12,Over
0,divine,5,13,HUMAN
1,status,1,WEREWOLF,ALIVE,TOKU2
1,status,2,VILLAGER,ALIVE,SampleJava8
1,status,3,VILLAGER,ALIVE,OKAMI
1,status,4,VILLAGER,ALIVE,sample_py
1,status,5,SEER,ALIVE,SampleJava6
1,status,6,VILLAGER,ALIVE,HALU
1,status,7,MEDIUM,ALIVE,OKAMI
1,status,8,WEREWOLF,ALIVE,Tomato13
1,status,9,VILLAGER,ALIVE,Takeda7
1,status,10,VILLAGER,ALIVE,OKAMI
1,status,11,VILLAGER,ALIVE,Tomato12
1,status,12,WEREWOLF,ALIVE,TOKU3
1,status,13,BODYGUARD,ALIVE,OKAMI
1,status,14,VILLAGER,ALIVE,HALU
1,status,15,POSSESSED,ALIVE,sample_py
1,talk,0,0,14,VOTE Agent[02]
1,talk,1,0,5,VOTE Agent[07]
1,talk,2,0,1,VOTE Agent[02]
1,talk,3,0,12,VOTE Agent[02]
1,talk,4,0,9,VOTE Agent[02]
1,talk,5,0,4,VOTE Agent[15]
1,talk,6,0,7,Over
1,talk,7,0,10,VOTE Agent[07]
1,talk,8,0,3,VOTE Agent[07]
1,talk,9,0,2,VOTE Agent[05]
1,talk,10,0,13,VOTE Agent[07]
1,talk,11,0,8,VOTE Agent[02]
1,talk,12,0,11,VOTE Agent[02]
1,talk,13,0,6,VOTE Agent[13]
1,talk,14,0,15,COMINGOUT Agent[15] SEER
1,talk,15,1,1,Skip
1,talk,16,1,9,Skip
1,talk,17,1,4,Skip
1,talk,18,1,10,COMINGOUT Agent[10] VILLAGER
1,talk,19,1,14,VOTE Agent[04]
1,talk,20,1,11,VOTE Agent[07]
1,talk,21,1,7,Over
1,talk,22,1,3,COMINGOUT Agent[03] VILLAGER
1,talk,23,1,6,VOTE Agent[14]
1,talk,24,1,13,VOTE Agent[10]
1,talk,25,1,12,VOTE Agent[07]
1,talk,26,1,15,DIVINED Agent[10] HUMAN
1,talk,27,1,8,VOTE Agent[07]
1,talk,28,1,2,REQUEST ANY (VOTE Agent[05])
1,talk,29,1,5,REQUEST ANY (VOTE Agent[07])
1,talk,30,2,12,VOTE Agent[13]
1,talk,31,2,1,VOTE Agent[13]
1,talk,32,2,5,COMINGOUT Agent[05] SEER
1,talk,33,2,4,Skip
1,talk,34,2,6,VOTE Agent[11]
1,talk,35,2,8,Skip
1,talk,36,2,7,Over
1,talk,37,2,13,VOTE Agent[10]
1,talk,38,2,3,VOTE Agent[13]
1,talk,39,2,15,VOTE Agent[05]
1,talk,40,2,2,Skip
1,talk,41,2,11,Skip
1,talk,42,2,10,VOTE Agent[03]
1,talk,43,2,9,VOTE Agent[13]
1,talk,44,2,14,VOTE Agent[11]
1,talk,45,3,9,Skip
1,talk,46,3,3,VOTE Agent[07]
1,talk,47,3,12,Skip
1,talk,48,3,7,Over
1,talk,49,3,2,Skip
1,talk,50,3,10,VOTE Agent[03]
1,talk,51,3,11,Skip
1,talk,52,3,13,VOTE Agent[10]
1,talk,53,3,4,Over
1,talk,54,3,15,Skip
1,talk,55,3,14,VOTE Agent[13]
1,talk,56,3,6,VOTE Agent[04]
1,talk,57,3,5,DAY 1 (DIVINED Agent[13] HUMAN)
1,talk,58,3,8,Skip
1,talk,59,3,1,Skip
1,talk,60,4,14,VOTE Agent[04]
1,talk,61,4,15,Skip
1,talk,62,4,13,VOTE Agent[10]
1,talk,63,4,1,Skip
1,talk,64,4,11,Over
1,talk,65,4,3,VOTE Agent[13]
1,talk,66,4,2,Over
1,talk,67,4,7,Over
1,talk,68,4,9,Skip
1,talk,69,4,4,Over
1,talk,70,4,6,VOTE Agent[14]
1,talk,71,4,8,VOTE Agent[13]
1,talk,72,4,5,DIVINED Agent[13] HUMAN
1,talk,73,4,10,VOTE Agent[03]
1,talk,74,4,12,Skip
1,talk,75,5,10,VOTE Agent[03]
1,talk,76,5,3,VOTE Agent[07]
1,talk,77,5,1,Over
1,talk,78,5,5,BECAUSE (AND (COMINGOUT Agent[05] SEER) (Agent[15] COMINGOUT Agent[15] SEER)) (XOR (ESTIMATE Agent[15] WEREWOLF) (ESTIMATE Agent[15] POSSESSED))
1,talk,79,5,4,Over
1,talk,80,5,14,VOTE Agent[08]
1,talk,81,5,2,Over
1,talk,82,5,15,Over
1,talk,83,5,8,VOTE Agent[07]
1,talk,84,5,7,Over
1,talk,85,5,9,Over
1,talk,86,5,11,Over
1,talk,87,5,13,VOTE Agent[10]
1,talk,88,5,12,VOTE Agent[05]
1,talk,89,5,6,VOTE Agent[08]
1,talk,90,6,14,VOTE Agent[06]
1,talk,91,6,12,Skip
1,talk,92,6,13,VOTE Agent[10]
1,talk,93,6,3,VOTE Agent[13]
1,talk,94,6,7,Over
1,talk,95,6,2,Over
1,talk,96,6,6,VOTE Agent[13]
1,talk,97,6,9,Over
1,talk,98,6,1,VOTE Agent[05]
1,talk,99,6,5,BECAUSE (XOR (ESTIMATE Agent[15] WEREWOLF) (ESTIMATE Agent[15] POSSESSED)) (AND (VOTE Agent[15]) (REQUEST ANY (VOTE Agent[15])))
1,talk,100,6,10,VOTE Agent[03]
1,talk,101,6,4,Over
1,talk,102,6,8,VOTE Agent[05]
1,talk,103,6,15,Over
1,talk,104,6,11,VOTE Agent[05]
1,talk,105,7,4,Over
1,talk,106,7,11,Skip
1,talk,107,7,1,Skip
1,talk,108,7,13,VOTE Agent[10]
1,talk,109,7,7,Over
1,talk,110,7,5,VOTE Agent[15]
1,talk,111,7,15,Over
1,talk,112,7,3,VOTE Agent[06]
1,talk,113,7,12,Skip
1,talk,114,7,2,Over
1,talk,115,7,6,VOTE Agent[11]
1,talk,116,7,14,VOTE Agent[11]
1,talk,117,7,9,Over
1,talk,118,7,10,VOTE Agent[03]
1,talk,119,7,8,Skip
1,talk,120,8,14,VOTE Agent[06]
1,talk,121,8,3,VOTE Agent[13]
1,talk,122,8,13,VOTE Agent[10]
1,talk,123,8,1,Skip
1,talk,124,8,15,Over
1,talk,125,8,7,Over
1,talk,126,8,12,Over
1,talk,127,8,5,REQUEST ANY (VOTE Agent[15])
1,talk,128,8,2,Over
1,talk,129,8,11,Skip
1,talk,130,8,9,Over
1,talk,131,8,8,Skip
1,talk,132,8,6,VOTE Agent[14]
1,talk,133,8,4,Over
1,talk,134,8,10,VOTE Agent[03]
1,talk,135,9,7,Over
1,talk,136,9,2,Over
1,talk,137,9,6,Over
1,talk,138,9,12,Over
1,talk,139,9,15,Over
1,talk,140,9,9,Over
1,talk,141,9,1,Over
1,talk,142,9,11,Over
1,talk,143,9,13,Over
1,talk,144,9,3,Over
1,talk,145,9,5,Skip
1,talk,146,9,10,Over
1,talk,147,9,14,Over
1,talk,148,9,8,Over
1,talk,149,9,4,Over
1,talk,150,10,9,Over
1,talk,151,10,5,Skip
1,talk,152,10,14,Over
1,talk,153,10,11,Over
1,talk,154,10,2,Over
1,talk,155,10,10,Over
1,talk,156,10,8,Over
1,talk,157,10,13,Over
1,talk,158,10,3,Over
1,talk,159,10,1,Over
1,talk,160,10,4,Over
1,talk,161,10,6,Over
1,talk,162,10,15,Over
1,talk,163,10,12,Over
1,talk,164,10,7,Over
1,talk,165,11,13,Over
1,talk,166,11,10,Over
1,talk,167,11,11,Over
1,talk,168,11,9,Over
1,talk,169,11,1,Over
1,talk,170,11,2,Over
1,talk,171,11,3,Over
1,talk,172,11,6,Over
1,talk,173,11,4,Over
1,talk,174,11,14,Over
1,talk,175,11,8,Over
1,talk,176,11,5,Over
1,talk,177,11,12,Over
1,talk,178,11,15,Over
1,talk,179,11,7,Over
1,vote,1,5
1,vote,2,15
1,vote,3,6
1,vote,4,15
1,vote,5,15
1,vote,6,11
1,vote,7,6
1,vote,8,5
1,vote,9,13
1,vote,10,3
1,vote,11,5
1,vote,12,5
1,vote,13,10
1,vote,14,3
1,vote,15,5
1,execute,5,SEER
1,whisper,0,0,12,Skip
1,whisper,1,0,1,Skip
1,whisper,2,0,8,ATTACK Agent[15]
1,whisper,3,1,12,Skip
1,whisper,4,1,8,Skip
1,whisper,5,1,1,Skip
1,whisper,6,2,12,Over
1,whisper,7,2,1,Over
1,whisper,8,2,8,Skip
1,whisper,9,3,8,Over
1,whisper,10,3,1,Over
1,whisper,11,3,12,Over
1,guard,13,15,POSSESSED
1,attackVote,1,15
1,attackVote,8,15
1,attackVote,12,15
1,attack,15,false
2,status,1,WEREWOLF,ALIVE,TOKU2
2,status,2,VILLAGER,ALIVE,SampleJava8
2,status,3,VILLAGER,ALIVE,OKAMI
2,status,4,VILLAGER,ALIVE,sample_py
2,status,5,SEER,DEAD,SampleJava6
2,status,6,VILLAGER,ALIVE,HALU
2,status,7,MEDIUM,ALIVE,OKAMI
2,status,8,WEREWOLF,ALIVE,Tomato13
2,status,9,VILLAGER,ALIVE,Takeda7
2,status,10,VILLAGER,ALIVE,OKAMI
2,status,11,VILLAGER,ALIVE,Tomato12
2,status,12,WEREWOLF,ALIVE,TOKU3
2,status,13,BODYGUARD,ALIVE,OKAMI
2,status,14,VILLAGER,ALIVE,HALU
2,status,15,POSSESSED,ALIVE,sample_py
2,talk,0,0,3,VOTE Agent[13]
2,talk,1,0,11,VOTE Agent[13]
2,talk,2,0,7,Skip
2,talk,3,0,12,VOTE Agent[13]
2,talk,4,0,2,VOTE Agent[12]
2,talk,5,0,8,VOTE Agent[13]
2,talk,6,0,6,VOTE Agent[02]
2,talk,7,0,4,VOTE Agent[11]
2,talk,8,0,9,VOTE Agent[13]
2,talk,9,0,15,DIVINED Agent[08] WEREWOLF
2,talk,10,0,13,VOTE Agent[08]
2,talk,11,0,14,VOTE Agent[08]
2,talk,12,0,1,VOTE Agent[13]
2,talk,13,0,10,VOTE Agent[08]
2,talk,14,1,1,Skip
2,talk,15,1,2,REQUEST ANY (VOTE Agent[12])
2,talk,16,1,15,VOTE Agent[08]
2,talk,17,1,13,VOTE Agent[08]
2,talk,18,1,7,Over
2,talk,19,1,3,COMINGOUT Agent[03] VILLAGER
2,talk,20,1,14,VOTE Agent[08]
2,talk,21,1,10,COMINGOUT Agent[10] VILLAGER
2,talk,22,1,12,Skip
2,talk,23,1,11,Skip
2,talk,24,1,9,Skip
2,talk,25,1,4,VOTE Agent[08]
2,talk,26,1,6,VOTE Agent[08]
2,talk,27,1,8,Skip
2,talk,28,2,3,VOTE Agent[08]
2,talk,29,2,1,VOTE Agent[08]
2,talk,30,2,10,VOTE Agent[08]
2,talk,31,2,13,VOTE Agent[08]
2,talk,32,2,2,Skip
2,talk,33,2,15,Skip
2,talk,34,2,9,Skip
2,talk,35,2,14,VOTE Agent[08]
2,talk,36,2,11,VOTE Agent[08]
2,talk,37,2,4,Skip
2,talk,38,2,12,VOTE Agent[08]
2,talk,39,2,7,Over
2,talk,40,2,6,VOTE Agent[08]
2,talk,41,2,8,Skip
2,talk,42,3,3,VOTE Agent[08]
2,talk,43,3,10,VOTE Agent[08]
2,talk,44,3,13,VOTE Agent[08]
2,talk,45,3,6,VOTE Agent[08]
2,talk,46,3,12,Skip
2,talk,47,3,14,VOTE Agent[08]
2,talk,48,3,2,Skip
2,talk,49,3,4,Skip
2,talk,50,3,15,Skip
2,talk,51,3,8,Over
2,talk,52,3,1,Skip
2,talk,53,3,9,VOTE Agent[08]
2,talk,54,3,11,Skip
2,talk,55,3,7,Over
2,talk,56,4,12,Skip
2,talk,57,4,15,Over
2,talk,58,4,3,VOTE Agent[08]
2,talk,59,4,10,VOTE Agent[08]
2,talk,60,4,4,Over
2,talk,61,4,13,VOTE Agent[08]
2,talk,62,4,8,VOTE Agent[12]
2,talk,63,4,14,VOTE Agent[08]
2,talk,64,4,7,Over
2,talk,65,4,11,Skip
2,talk,66,4,2,Over
2,talk,67,4,1,Skip
2,talk,68,4,9,Skip
2,talk,69,4,6,VOTE Agent[08]
2,talk,70,5,12,Over
2,talk,71,5,10,VOTE Agent[08]
2,talk,72,5,14,VOTE Agent[08]
2,talk,73,5,13,VOTE Agent[08]
2,talk,74,5,11,Over
2,talk,75,5,8,Skip
2,talk,76,5,9,Skip
2,talk,77,5,15,Over
2,talk,78,5,4,Over
2,talk,79,5,1,Over
2,talk,80,5,3,VOTE Agent[08]
2,talk,81,5,6,VOTE Agent[08]
2,talk,82,5,7,Over
2,talk,83,5,2,Over
2,talk,84,6,9,Over
2,talk,85,6,10,VOTE Agent[08]
2,talk,86,6,15,Over
2,talk,87,6,8,Skip
2,talk,88,6,4,Over
2,talk,89,6,2,Over
2,talk,90,6,13,VOTE Agent[08]
2,talk,91,6,6,VOTE Agent[08]
2,talk,92,6,3,VOTE Agent[08]
2,talk,93,6,11,Over
2,talk,94,6,12,Over
2,talk,95,6,7,Over
2,talk,96,6,1,Over
2,talk,97,6,14,VOTE Agent[08]
2,talk,98,7,15,Over
2,talk,99,7,4,Over
2,talk,100,7,3,VOTE Agent[08]
2,talk,101,7,14,VOTE Agent[08]
2,talk,102,7,11,Over
2,talk,103,7,9,Over
2,talk,104,7,1,Over
2,talk,105,7,12,Over
2,talk,106,7,6,VOTE Agent[08]
2,talk,107,7,8,Over
2,talk,108,7,7,Over
2,talk,109,7,10,VOTE Agent[08]
2,talk,110,7,13,VOTE Agent[08]
2,talk,111,7,2,Over
2,talk,112,8,15,Over
2,talk,113,8,13,VOTE Agent[08]
2,talk,114,8,8,Over
2,talk,115,8,1,Over
2,talk,116,8,3,VOTE Agent[08]
2,talk,117,8,10,VOTE Agent[08]
2,talk,118,8,14,VOTE Agent[08]
2,talk,119,8,12,Over
2,talk,120,8,2,Over
2,talk,121,8,7,Over
2,talk,122,8,4,Over
2,talk,123,8,11,Over
2,talk,124,8,6,VOTE Agent[08]
2,talk,125,8,9,Over
2,talk,126,9,13,Over
2,talk,127,9,3,Over
2,talk,128,9,14,Over
2,talk,129,9,7,Over
2,talk,130,9,2,Over
2,talk,131,9,8,Over
2,talk,132,9,9,Over
2,talk,133,9,4,Over
2,talk,134,9,11,Over
2,talk,135,9,6,Over
2,talk,136,9,1,Over
2,talk,137,9,15,Over
2,talk,138,9,12,Over
2,talk,139,9,10,Over
2,vote,1,8
2,vote,2,14
2,vote,3,8
2,vote,4,8
2,vote,6,8
2,vote,7,8
2,vote,8,12
2,vote,9,8
2,vote,10,8
2,vote,11,8
2,vote,12,8
2,vote,13,8
2,vote,14,8
2,vote,15,8
2,execute,8,WEREWOLF
2,whisper,0,0,12,Skip
2,whisper,1,0,1,Skip
2,whisper,2,1,12,Skip
2,whisper,3,1,1,Skip
2,whisper,4,2,12,Over
2,whisper,5,2,1,Over
2,guard,13,15,POSSESSED
2,attackVote,1,15
2,attackVote,12,15
2,attack,15,false
3,status,1,WEREWOLF,ALIVE,TOKU2
3,status,2,VILLAGER,ALIVE,SampleJava8
3,status,3,VILLAGER,ALIVE,OKAMI
3,status,4,VILLAGER,ALIVE,sample_py
3,status,5,SEER,DEAD,SampleJava6
3,status,6,VILLAGER,ALIVE,HALU
3,status,7,MEDIUM,ALIVE,OKAMI
3,status,8,WEREWOLF,DEAD,Tomato13
3,status,9,VILLAGER,ALIVE,Takeda7
3,status,10,VILLAGER,ALIVE,OKAMI
3,status,11,VILLAGER,ALIVE,Tomato12
3,status,12,WEREWOLF,ALIVE,TOKU3
3,status,13,BODYGUARD,ALIVE,OKAMI
3,status,14,VILLAGER,ALIVE,HALU
3,status,15,POSSESSED,ALIVE,sample_py
3,talk,0,0,9,VOTE Agent[13]
3,talk,1,0,12,VOTE Agent[13]
3,talk,2,0,7,ESTIMATE Agent[08] WEREWOLF
3,talk,3,0,2,VOTE Agent[07]
3,talk,4,0,13,VOTE Agent[10]
3,talk,5,0,6,VOTE Agent[12]
3,talk,6,0,14,VOTE Agent[12]
3,talk,7,0,1,VOTE Agent[13]
3,talk,8,0,10,VOTE Agent[03]
3,talk,9,0,11,VOTE Agent[01]
3,talk,10,0,3,VOTE Agent[12]
3,talk,11,0,4,VOTE Agent[09]
3,talk,12,0,15,DIVINED Agent[02] WEREWOLF
3,talk,13,1,12,Skip
3,talk,14,1,10,COMINGOUT Agent[10] VILLAGER
3,talk,15,1,2,REQUEST ANY (VOTE Agent[07])
3,talk,16,1,6,VOTE Agent[02]
3,talk,17,1,4,VOTE Agent[02]
3,talk,18,1,7,Over
3,talk,19,1,1,Skip
3,talk,20,1,13,VOTE Agent[02]
3,talk,21,1,11,Skip
3,talk,22,1,9,Skip
3,talk,23,1,14,VOTE Agent[02]
3,talk,24,1,15,VOTE Agent[02]
3,talk,25,1,3,COMINGOUT Agent[03] VILLAGER
3,talk,26,2,10,VOTE Agent[02]
3,talk,27,2,9,Skip
3,talk,28,2,3,VOTE Agent[02]
3,talk,29,2,2,BECAUSE (AND (COMINGOUT Agent[02] VILLAGER) (DAY 3 (Agent[15] DIVINED Agent[02] WEREWOLF))) (XOR (ESTIMATE Agent[15] WEREWOLF) (ESTIMATE Agent[15] POSSESSED))
3,talk,30,2,14,VOTE Agent[02]
3,talk,31,2,4,Skip
3,talk,32,2,6,VOTE Agent[02]
3,talk,33,2,11,Skip
3,talk,34,2,1,VOTE Agent[02]
3,talk,35,2,12,VOTE Agent[02]
3,talk,36,2,13,VOTE Agent[02]
3,talk,37,2,15,Skip
3,talk,38,2,7,Over
3,talk,39,3,9,VOTE Agent[02]
3,talk,40,3,12,Skip
3,talk,41,3,1,Skip
3,talk,42,3,13,VOTE Agent[02]
3,talk,43,3,2,BECAUSE (XOR (ESTIMATE Agent[15] WEREWOLF) (ESTIMATE Agent[15] POSSESSED)) (AND (VOTE Agent[15]) (REQUEST ANY (VOTE Agent[15])))
3,talk,44,3,3,VOTE Agent[02]
3,talk,45,3,4,Skip
3,talk,46,3,14,VOTE Agent[02]
3,talk,47,3,6,VOTE Agent[02]
3,talk,48,3,11,Over
3,talk,49,3,15,Skip
3,talk,50,3,7,Over
3,talk,51,3,10,VOTE Agent[02]
3,talk,52,4,13,VOTE Agent[02]
3,talk,53,4,12,Skip
3,talk,54,4,6,VOTE Agent[02]
3,talk,55,4,2,VOTE Agent[15]
3,talk,56,4,4,Over
3,talk,57,4,1,Skip
3,talk,58,4,10,VOTE Agent[02]
3,talk,59,4,11,Over
3,talk,60,4,14,VOTE Agent[02]
3,talk,61,4,9,Skip
3,talk,62,4,7,Over
3,talk,63,4,3,VOTE Agent[02]
3,talk,64,4,15,Over
3,talk,65,5,2,REQUEST ANY (VOTE Agent[15])
3,talk,66,5,11,Over
3,talk,67,5,7,Over
3,talk,68,5,3,VOTE Agent[02]
3,talk,69,5,12,Over
3,talk,70,5,13,VOTE Agent[02]
3,talk,71,5,10,VOTE Agent[02]
3,talk,72,5,9,Skip
3,talk,73,5,6,VOTE Agent[02]
3,talk,74,5,1,Over
3,talk,75,5,4,Over
3,talk,76,5,14,VOTE Agent[02]
3,talk,77,5,15,Over
3,talk,78,6,13,VOTE Agent[02]
3,talk,79,6,6,VOTE Agent[02]
3,talk,80,6,12,Over
3,talk,81,6,11,Over
3,talk,82,6,9,Over
3,talk,83,6,14,VOTE Agent[02]
3,talk,84,6,7,Over
3,talk,85,6,10,VOTE Agent[02]
3,talk,86,6,4,Over
3,talk,87,6,15,Over
3,talk,88,6,3,VOTE Agent[02]
3,talk,89,6,1,Over
3,talk,90,6,2,Skip
3,talk,91,7,1,Over
3,talk,92,7,14,VOTE Agent[02]
3,talk,93,7,12,Over
3,talk,94,7,4,Over
3,talk,95,7,7,Over
3,talk,96,7,15,Over
3,talk,97,7,9,Over
3,talk,98,7,13,VOTE Agent[02]
3,talk,99,7,10,VOTE Agent[02]
3,talk,100,7,11,Over
3,talk,101,7,3,VOTE Agent[02]
3,talk,102,7,6,VOTE Agent[02]
3,talk,103,7,2,Skip
3,talk,104,8,3,VOTE Agent[02]
3,talk,105,8,7,Over
3,talk,106,8,1,Over
3,talk,107,8,14,VOTE Agent[02]
3,talk,108,8,6,VOTE Agent[02]
3,talk,109,8,2,Over
3,talk,110,8,11,Over
3,talk,111,8,4,Over
3,talk,112,8,12,Over
3,talk,113,8,13,VOTE Agent[02]
3,talk,114,8,9,Over
3,talk,115,8,10,VOTE Agent[02]
3,talk,116,8,15,Over
3,talk,117,9,9,Over
3,talk,118,9,15,Over
3,talk,119,9,3,Over
3,talk,120,9,11,Over
3,talk,121,9,14,Over
3,talk,122,9,1,Over
3,talk,123,9,10,Over
3,talk,124,9,4,Over
3,talk,125,9,7,Over
3,talk,126,9,13,Over
3,talk,127,9,12,Over
3,talk,128,9,6,Over
3,talk,129,9,2,Over
3,vote,1,2
3,vote,2,15
3,vote,3,2
3,vote,4,2
3,vote,6,2
3,vote,7,2
3,vote,9,2
3,vote,10,2
3,vote,11,1
3,vote,12,2
3,vote,13,2
3,vote,14,2
3,vote,15,2
3,execute,2,VILLAGER
3,whisper,0,0,12,Skip
3,whisper,1,0,1,Skip
3,whisper,2,1,12,Skip
3,whisper,3,1,1,Skip
3,whisper,4,2,12,Over
3,whisper,5,2,1,Over
3,guard,13,15,POSSESSED
3,attackVote,1,15
3,attackVote,12,15
3,attack,15,false
4,status,1,WEREWOLF,ALIVE,TOKU2
4,status,2,VILLAGER,DEAD,SampleJava8
4,status,3,VILLAGER,ALIVE,OKAMI
4,status,4,VILLAGER,ALIVE,sample_py
4,status,5,SEER,DEAD,SampleJava6
4,status,6,VILLAGER,ALIVE,HALU
4,status,7,MEDIUM,ALIVE,OKAMI
4,status,8,WEREWOLF,DEAD,Tomato13
4,status,9,VILLAGER,ALIVE,Takeda7
4,status,10,VILLAGER,ALIVE,OKAMI
4,status,11,VILLAGER,ALIVE,Tomato12
4,status,12,WEREWOLF,ALIVE,TOKU3
4,status,13,BODYGUARD,ALIVE,OKAMI
4,status,14,VILLAGER,ALIVE,HALU
4,status,15,POSSESSED,ALIVE,sample_py
4,talk,0,0,4,VOTE Agent[07]
4,talk,1,0,12,VOTE Agent[13]
4,talk,2,0,15,DIVINED Agent[06] WEREWOLF
4,talk,3,0,13,VOTE Agent[06]
4,talk,4,0,9,VOTE Agent[13]
4,talk,5,0,3,VOTE Agent[06]
4,talk,6,0,1,VOTE Agent[13]
4,talk,7,0,11,VOTE Agent[01]
4,talk,8,0,14,VOTE Agent[06]
4,talk,9,0,6,VOTE Agent[06]
4,talk,10,0,7,Skip
4,talk,11,0,10,VOTE Agent[06]
4,talk,12,1,10,COMINGOUT Agent[10] VILLAGER
4,talk,13,1,9,Skip
4,talk,14,1,14,VOTE Agent[06]
4,talk,15,1,4,VOTE Agent[06]
4,talk,16,1,11,Skip
4,talk,17,1,6,VOTE Agent[06]
4,talk,18,1,7,Over
4,talk,19,1,13,VOTE Agent[06]
4,talk,20,1,1,VOTE Agent[06]
4,talk,21,1,3,COMINGOUT Agent[03] VILLAGER
4,talk,22,1,12,VOTE Agent[06]
4,talk,23,1,15,VOTE Agent[06]
4,talk,24,2,3,VOTE Agent[06]
4,talk,25,2,9,VOTE Agent[06]
4,talk,26,2,4,Skip
4,talk,27,2,1,Skip
4,talk,28,2,11,Skip
4,talk,29,2,6,VOTE Agent[06]
4,talk,30,2,7,Over
4,talk,31,2,12,Skip
4,talk,32,2,15,Skip
4,talk,33,2,13,VOTE Agent[06]
4,talk,34,2,10,VOTE Agent[06]
4,talk,35,2,14,VOTE Agent[06]
4,talk,36,3,13,VOTE Agent[06]
4,talk,37,3,9,Skip
4,talk,38,3,7,Over
4,talk,39,3,11,Over
4,talk,40,3,1,Skip
4,talk,41,3,4,Skip
4,talk,42,3,14,VOTE Agent[06]
4,talk,43,3,3,VOTE Agent[06]
4,talk,44,3,12,Skip
4,talk,45,3,6,VOTE Agent[06]
4,talk,46,3,10,VOTE Agent[06]
4,talk,47,3,15,Skip
4,talk,48,4,13,VOTE Agent[06]
4,talk,49,4,15,Over
4,talk,50,4,4,Over
4,talk,51,4,6,VOTE Agent[06]
4,talk,52,4,10,VOTE Agent[06]
4,talk,53,4,3,VOTE Agent[06]
4,talk,54,4,14,VOTE Agent[06]
4,talk,55,4,11,Over
4,talk,56,4,1,Over
4,talk,57,4,9,Skip
4,talk,58,4,7,Over
4,talk,59,4,12,Over
4,talk,60,5,4,Over
4,talk,61,5,12,Over
4,talk,62,5,13,VOTE Agent[06]
4,talk,63,5,7,Over
4,talk,64,5,10,VOTE Agent[06]
4,talk,65,5,15,Over
4,talk,66,5,11,Over
4,talk,67,5,9,Over
4,talk,68,5,3,VOTE Agent[06]
4,talk,69,5,1,Over
4,talk,70,5,14,VOTE Agent[06]
4,talk,71,5,6,VOTE Agent[06]
4,talk,72,6,14,VOTE Agent[06]
4,talk,73,6,4,Over
4,talk,74,6,1,Over
4,talk,75,6,15,Over
4,talk,76,6,12,Over
4,talk,77,6,6,VOTE Agent[06]
4,talk,78,6,9,Over
4,talk,79,6,11,Over
4,talk,80,6,7,Over
4,talk,81,6,10,VOTE Agent[06]
4,talk,82,6,13,VOTE Agent[06]
4,talk,83,6,3,VOTE Agent[06]
4,talk,84,7,7,Over
4,talk,85,7,4,Over
4,talk,86,7,6,VOTE Agent[06]
4,talk,87,7,9,Over
4,talk,88,7,10,VOTE Agent[06]
4,talk,89,7,1,Over
4,talk,90,7,12,Over
4,talk,91,7,15,Over
4,talk,92,7,11,Over
4,talk,93,7,14,VOTE Agent[06]
4,talk,94,7,3,VOTE Agent[06]
4,talk,95,7,13,VOTE Agent[06]
4,talk,96,8,6,VOTE Agent[06]
4,talk,97,8,7,Over
4,talk,98,8,13,VOTE Agent[06]
4,talk,99,8,12,Over
4,talk,100,8,3,VOTE Agent[06]
4,talk,101,8,15,Over
4,talk,102,8,14,VOTE Agent[06]
4,talk,103,8,4,Over
4,talk,104,8,1,Over
4,talk,105,8,11,Over
4,talk,106,8,9,Over
4,talk,107,8,10,VOTE Agent[06]
4,talk,108,9,7,Over
4,talk,109,9,6,Over
4,talk,110,9,15,Over
4,talk,111,9,1,Over
4,talk,112,9,12,Over
4,talk,113,9,11,Over
4,talk,114,9,3,Over
4,talk,115,9,4,Over
4,talk,116,9,10,Over
4,talk,117,9,13,Over
4,talk,118,9,14,Over
4,talk,119,9,9,Over
4,vote,1,6
4,vote,3,6
4,vote,4,6
4,vote,6,3
4,vote,7,6
4,vote,9,6
4,vote,10,6
4,vote,11,1
4,vote,12,6
4,vote,13,6
4,vote,14,6
4,vote,15,6
4,execute,6,VILLAGER
4,whisper,0,0,1,Skip
4,whisper,1,0,12,Skip
4,whisper,2,1,1,Skip
4,whisper,3,1,12,Skip
4,whisper,4,2,1,Over
4,whisper,5,2,12,Over
4,guard,13,15,POSSESSED
4,attackVote,1,15
4,attackVote,12,15
4,attack,15,false
5,status,1,WEREWOLF,ALIVE,TOKU2
5,status,2,VILLAGER,DEAD,SampleJava8
5,status,3,VILLAGER,ALIVE,OKAMI
5,status,4,VILLAGER,ALIVE,sample_py
5,status,5,SEER,DEAD,SampleJava6
5,status,6,VILLAGER,DEAD,HALU
5,status,7,MEDIUM,ALIVE,OKAMI
5,status,8,WEREWOLF,DEAD,Tomato13
5,status,9,VILLAGER,ALIVE,Takeda7
5,status,10,VILLAGER,ALIVE,OKAMI
5,status,11,VILLAGER,ALIVE,Tomato12
5,status,12,WEREWOLF,ALIVE,TOKU3
5,status,13,BODYGUARD,ALIVE,OKAMI
5,status,14,VILLAGER,ALIVE,HALU
5,status,15,POSSESSED,ALIVE,sample_py
5,talk,0,0,14,VOTE Agent[11]
5,talk,1,0,4,VOTE Agent[07]
5,talk,2,0,7,Skip
5,talk,3,0,13,VOTE Agent[10]
5,talk,4,0,11,VOTE Agent[01]
5,talk,5,0,9,VOTE Agent[13]
5,talk,6,0,1,VOTE Agent[13]
5,talk,7,0,10,VOTE Agent[03]
5,talk,8,0,15,DIVINED Agent[12] HUMAN
5,talk,9,0,12,VOTE Agent[13]
5,talk,10,0,3,VOTE Agent[01]
5,talk,11,1,7,Over
5,talk,12,1,9,Skip
5,talk,13,1,12,Skip
5,talk,14,1,14,VOTE Agent[13]
5,talk,15,1,1,Skip
5,talk,16,1,3,COMINGOUT Agent[03] VILLAGER
5,talk,17,1,13,VOTE Agent[10]
5,talk,18,1,4,Skip
5,talk,19,1,10,COMINGOUT Agent[10] VILLAGER
5,talk,20,1,15,VOTE Agent[13]
5,talk,21,1,11,Skip
5,talk,22,2,1,Skip
5,talk,23,2,10,VOTE Agent[03]
5,talk,24,2,3,VOTE Agent[01]
5,talk,25,2,9,Skip
5,talk,26,2,14,VOTE Agent[04]
5,talk,27,2,11,Skip
5,talk,28,2,12,Skip
5,talk,29,2,4,Skip
5,talk,30,2,15,Skip
5,talk,31,2,7,Over
5,talk,32,2,13,VOTE Agent[10]
5,talk,33,3,9,Over
5,talk,34,3,15,Skip
5,talk,35,3,12,Over
5,talk,36,3,7,Over
5,talk,37,3,4,Over
5,talk,38,3,11,Over
5,talk,39,3,1,Over
5,talk,40,3,10,VOTE Agent[03]
5,talk,41,3,13,VOTE Agent[10]
5,talk,42,3,14,VOTE Agent[03]
5,talk,43,3,3,VOTE Agent[01]
5,talk,44,4,15,Over
5,talk,45,4,13,VOTE Agent[10]
5,talk,46,4,12,Over
5,talk,47,4,9,Over
5,talk,48,4,7,Over
5,talk,49,4,10,VOTE Agent[03]
5,talk,50,4,4,Over
5,talk,51,4,3,VOTE Agent[07]
5,talk,52,4,11,Over
5,talk,53,4,1,Over
5,talk,54,4,14,VOTE Agent[13]
5,talk,55,5,1,Over
5,talk,56,5,15,Over
5,talk,57,5,13,VOTE Agent[10]
5,talk,58,5,10,VOTE Agent[03]
5,talk,59,5,7,Over
5,talk,60,5,11,Over
5,talk,61,5,14,VOTE Agent[13]
5,talk,62,5,12,Over
5,talk,63,5,9,Over
5,talk,64,5,3,VOTE Agent[07]
5,talk,65,5,4,Over
5,talk,66,6,1,Over
5,talk,67,6,15,Over
5,talk,68,6,12,Over
5,talk,69,6,9,Over
5,talk,70,6,14,VOTE Agent[13]
5,talk,71,6,7,Over
5,talk,72,6,13,VOTE Agent[10]
5,talk,73,6,10,VOTE Agent[03]
5,talk,74,6,3,VOTE Agent[07]
5,talk,75,6,11,Over
5,talk,76,6,4,Over
5,talk,77,7,15,Over
5,talk,78,7,13,VOTE Agent[10]
5,talk,79,7,11,Over
5,talk,80,7,12,Over
5,talk,81,7,4,Over
5,talk,82,7,1,Over
5,talk,83,7,7,Over
5,talk,84,7,9,Over
5,talk,85,7,10,VOTE Agent[03]
5,talk,86,7,14,VOTE Agent[13]
5,talk,87,7,3,VOTE Agent[01]
5,talk,88,8,12,Over
5,talk,89,8,1,Over
5,talk,90,8,9,Over
5,talk,91,8,4,Over
5,talk,92,8,11,VOTE Agent[15]
5,talk,93,8,3,VOTE Agent[07]
5,talk,94,8,14,VOTE Agent[13]
5,talk,95,8,15,Over
5,talk,96,8,13,VOTE Agent[10]
5,talk,97,8,7,Over
5,talk,98,8,10,VOTE Agent[03]
5,talk,99,9,13,Over
5,talk,100,9,4,Over
5,talk,101,9,7,Over
5,talk,102,9,14,Over
5,talk,103,9,10,Over
5,talk,104,9,15,Over
5,talk,105,9,11,Skip
5,talk,106,9,1,Over
5,talk,107,9,9,Over
5,talk,108,9,12,Over
5,talk,109,9,3,Over
5,talk,110,10,1,Over
5,talk,111,10,3,Over
5,talk,112,10,7,Over
5,talk,113,10,11,Skip
5,talk,114,10,4,Over
5,talk,115,10,12,Over
5,talk,116,10,13,Over
5,talk,117,10,14,Over
5,talk,118,10,10,Over
5,talk,119,10,15,Over
5,talk,120,10,9,Over
5,talk,121,11,7,Over
5,talk,122,11,14,Over
5,talk,123,11,4,Over
5,talk,124,11,15,Over
5,talk,125,11,9,Over
5,talk,126,11,13,Over
5,talk,127,11,3,Over
5,talk,128,11,10,Over
5,talk,129,11,11,Over
5,talk,130,11,1,Over
5,talk,131,11,12,Over
5,vote,1,13
5,vote,3,7
5,vote,4,7
5,vote,7,3
5,vote,9,13
5,vote,10,3
5,vote,11,15
5,vote,12,13
5,vote,13,10
5,vote,14,13
5,vote,15,13
5,execute,13,BODYGUARD
5,whisper,0,0,12,Skip
5,whisper,1,0,1,Skip
5,whisper,2,1,12,Skip
5,whisper,3,1,1,Skip
5,whisper,4,2,1,Over
5,whisper,5,2,12,Over
5,attackVote,1,15
5,attackVote,12,15
5,attack,15,true
6,status,1,WEREWOLF,ALIVE,TOKU2
6,status,2,VILLAGER,DEAD,SampleJava8
6,status,3,VILLAGER,ALIVE,OKAMI
6,status,4,VILLAGER,ALIVE,sample_py
6,status,5,SEER,DEAD,SampleJava6
6,status,6,VILLAGER,DEAD,HALU
6,status,7,MEDIUM,ALIVE,OKAMI
6,status,8,WEREWOLF,DEAD,Tomato13
6,status,9,VILLAGER,ALIVE,Takeda7
6,status,10,VILLAGER,ALIVE,OKAMI
6,status,11,VILLAGER,ALIVE,Tomato12
6,status,12,WEREWOLF,ALIVE,TOKU3
6,status,13,BODYGUARD,DEAD,OKAMI
6,status,14,VILLAGER,ALIVE,HALU
6,status,15,POSSESSED,DEAD,sample_py
6,talk,0,0,11,VOTE Agent[01]
6,talk,1,0,1,VOTE Agent[14]
6,talk,2,0,9,VOTE Agent[14]
6,talk,3,0,12,VOTE Agent[14]
6,talk,4,0,10,VOTE Agent[03]
6,talk,5,0,4,VOTE Agent[10]
6,talk,6,0,14,VOTE Agent[11]
6,talk,7,0,7,Skip
6,talk,8,0,3,VOTE Agent[11]
6,talk,9,1,7,Over
6,talk,10,1,4,Skip
6,talk,11,1,11,Skip
6,talk,12,1,14,VOTE Agent[04]
6,talk,13,1,10,COMINGOUT Agent[10] VILLAGER
6,talk,14,1,1,Skip
6,talk,15,1,12,Skip
6,talk,16,1,3,COMINGOUT Agent[03] VILLAGER
6,talk,17,1,9,Skip
6,talk,18,2,3,VOTE Agent[01]
6,talk,19,2,9,VOTE Agent[12]
6,talk,20,2,14,VOTE Agent[04]
6,talk,21,2,10,VOTE Agent[03]
6,talk,22,2,4,Skip
6,talk,23,2,7,Over
6,talk,24,2,1,Skip
6,talk,25,2,12,Skip
6,talk,26,2,11,Skip
6,talk,27,3,9,Skip
6,talk,28,3,14,VOTE Agent[09]
6,talk,29,3,3,VOTE Agent[01]
6,talk,30,3,1,VOTE Agent[12]
6,talk,31,3,10,VOTE Agent[03]
6,talk,32,3,7,Over
6,talk,33,3,12,Over
6,talk,34,3,4,Over
6,talk,35,3,11,Over
6,talk,36,4,10,VOTE Agent[03]
6,talk,37,4,12,Over
6,talk,38,4,7,Over
6,talk,39,4,1,Skip
6,talk,40,4,9,Skip
6,talk,41,4,4,Over
6,talk,42,4,3,VOTE Agent[01]
6,talk,43,4,14,VOTE Agent[04]
6,talk,44,4,11,Over
6,talk,45,5,9,Over
6,talk,46,5,12,Over
6,talk,47,5,10,VOTE Agent[03]
6,talk,48,5,11,Over
6,talk,49,5,7,Over
6,talk,50,5,1,Skip
6,talk,51,5,3,VOTE Agent[01]
6,talk,52,5,4,Over
6,talk,53,5,14,VOTE Agent[01]
6,talk,54,6,3,VOTE Agent[14]
6,talk,55,6,4,Over
6,talk,56,6,9,Over
6,talk,57,6,10,VOTE Agent[03]
6,talk,58,6,11,Over
6,talk,59,6,1,Over
6,talk,60,6,7,Over
6,talk,61,6,14,VOTE Agent[01]
6,talk,62,6,12,Over
6,talk,63,7,11,Over
6,talk,64,7,7,Over
6,talk,65,7,1,Over
6,talk,66,7,10,VOTE Agent[03]
6,talk,67,7,14,VOTE Agent[04]
6,talk,68,7,3,VOTE Agent[04]
6,talk,69,7,9,Over
6,talk,70,7,4,Over
6,talk,71,7,12,Over
6,talk,72,8,9,Over
6,talk,73,8,14,VOTE Agent[04]
6,talk,74,8,12,Over
6,talk,75,8,4,Over
6,talk,76,8,7,Over
6,talk,77,8,3,VOTE Agent[01]
6,talk,78,8,10,VOTE Agent[03]
6,talk,79,8,1,Over
6,talk,80,8,11,Over
6,talk,81,9,4,Over
6,talk,82,9,10,Over
6,talk,83,9,9,Over
6,talk,84,9,7,Over
6,talk,85,9,12,Over
6,talk,86,9,3,Over
6,talk,87,9,14,Over
6,talk,88,9,1,Over
6,talk,89,9,11,Over
6,vote,1,12
6,vote,3,4
6,vote,4,10
6,vote,7,4
6,vote,9,12
6,vote,10,3
6,vote,11,1
6,vote,12,14
6,vote,14,1
6,vote,1,12
6,vote,3,4
6,vote,4,10
6,vote,7,14
6,vote,9,12
6,vote,10,3
6,vote,11,1
6,vote,12,14
6,vote,14,1
6,execute,1,WEREWOLF
6,attackVote,12,3
6,attack,3,true
7,status,1,WEREWOLF,DEAD,TOKU2
7,status,2,VILLAGER,DEAD,SampleJava8
7,status,3,VILLAGER,DEAD,OKAMI
7,status,4,VILLAGER,ALIVE,sample_py
7,status,5,SEER,DEAD,SampleJava6
7,status,6,VILLAGER,DEAD,HALU
7,status,7,MEDIUM,ALIVE,OKAMI
7,status,8,WEREWOLF,DEAD,Tomato13
7,status,9,VILLAGER,ALIVE,Takeda7
7,status,10,VILLAGER,ALIVE,OKAMI
7,status,11,VILLAGER,ALIVE,Tomato12
7,status,12,WEREWOLF,ALIVE,TOKU3
7,status,13,BODYGUARD,DEAD,OKAMI
7,status,14,VILLAGER,ALIVE,HALU
7,status,15,POSSESSED,DEAD,sample_py
7,talk,0,0,14,VOTE Agent[11]
7,talk,1,0,7,ESTIMATE Agent[01] WEREWOLF
7,talk,2,0,11,VOTE Agent[12]
7,talk,3,0,12,VOTE Agent[14]
7,talk,4,0,4,VOTE Agent[12]
7,talk,5,0,10,VOTE Agent[14]
7,talk,6,0,9,VOTE Agent[12]
7,talk,7,1,14,VOTE Agent[11]
7,talk,8,1,10,COMINGOUT Agent[10] VILLAGER
7,talk,9,1,11,Skip
7,talk,10,1,7,Over
7,talk,11,1,12,Skip
7,talk,12,1,4,Skip
7,talk,13,1,9,Skip
7,talk,14,2,14,VOTE Agent[11]
7,talk,15,2,10,VOTE Agent[11]
7,talk,16,2,12,Skip
7,talk,17,2,9,VOTE Agent[14]
7,talk,18,2,7,Over
7,talk,19,2,11,Skip
7,talk,20,2,4,Skip
7,talk,21,3,7,Over
7,talk,22,3,9,Skip
7,talk,23,3,14,VOTE Agent[11]
7,talk,24,3,4,Over
7,talk,25,3,10,VOTE Agent[11]
7,talk,26,3,11,Over
7,talk,27,3,12,Over
7,talk,28,4,9,Skip
7,talk,29,4,4,Over
7,talk,30,4,11,Over
7,talk,31,4,7,Over
7,talk,32,4,14,VOTE Agent[11]
7,talk,33,4,10,VOTE Agent[11]
7,talk,34,4,12,Over
7,talk,35,5,4,Over
7,talk,36,5,14,VOTE Agent[11]
7,talk,37,5,11,Over
7,talk,38,5,7,Over
7,talk,39,5,9,Over
7,talk,40,5,10,VOTE Agent[11]
7,talk,41,5,12,Over
7,talk,42,6,14,VOTE Agent[11]
7,talk,43,6,7,Over
7,talk,44,6,12,Over
7,talk,45,6,10,VOTE Agent[11]
7,talk,46,6,9,Over
7,talk,47,6,4,Over
7,talk,48,6,11,Over
7,talk,49,7,14,VOTE Agent[11]
7,talk,50,7,12,Over
7,talk,51,7,7,Over
7,talk,52,7,9,Over
7,talk,53,7,4,Over
7,talk,54,7,11,Over
7,talk,55,7,10,VOTE Agent[11]
7,talk,56,8,10,VOTE Agent[11]
7,talk,57,8,9,Over
7,talk,58,8,11,Over
7,talk,59,8,4,Over
7,talk,60,8,12,Over
7,talk,61,8,14,VOTE Agent[11]
7,talk,62,8,7,Over
7,talk,63,9,14,Over
7,talk,64,9,4,Over
7,talk,65,9,10,Over
7,talk,66,9,12,Over
7,talk,67,9,9,Over
7,talk,68,9,7,Over
7,talk,69,9,11,Over
7,vote,4,12
7,vote,7,14
7,vote,9,14
7,vote,10,11
7,vote,11,12
7,vote,12,14
7,vote,14,11
7,execute,14,VILLAGER
7,attackVote,12,10
7,attack,10,true
8,status,1,WEREWOLF,DEAD,TOKU2
8,status,2,VILLAGER,DEAD,SampleJava8
8,status,3,VILLAGER,DEAD,OKAMI
8,status,4,VILLAGER,ALIVE,sample_py
8,status,5,SEER,DEAD,SampleJava6
8,status,6,VILLAGER,DEAD,HALU
8,status,7,MEDIUM,ALIVE,OKAMI
8,status,8,WEREWOLF,DEAD,Tomato13
8,status,9,VILLAGER,ALIVE,Takeda7
8,status,10,VILLAGER,DEAD,OKAMI
8,status,11,VILLAGER,ALIVE,Tomato12
8,status,12,WEREWOLF,ALIVE,TOKU3
8,status,13,BODYGUARD,DEAD,OKAMI
8,status,14,VILLAGER,DEAD,HALU
8,status,15,POSSESSED,DEAD,sample_py
8,talk,0,0,9,VOTE Agent[12]
8,talk,1,0,12,VOTE Agent[07]
8,talk,2,0,7,Skip
8,talk,3,0,4,VOTE Agent[11]
8,talk,4,0,11,VOTE Agent[12]
8,talk,5,1,4,Skip
8,talk,6,1,9,Skip
8,talk,7,1,7,Over
8,talk,8,1,12,Skip
8,talk,9,1,11,Skip
8,talk,10,2,9,Skip
8,talk,11,2,12,Skip
8,talk,12,2,11,Skip
8,talk,13,2,7,Over
8,talk,14,2,4,Skip
8,talk,15,3,12,Over
8,talk,16,3,11,Over
8,talk,17,3,4,Over
8,talk,18,3,9,Over
8,talk,19,3,7,Over
8,vote,4,11
8,vote,7,12
8,vote,9,12
8,vote,11,12
8,vote,12,7
8,execute,12,WEREWOLF
9,status,1,WEREWOLF,DEAD,TOKU2
9,status,2,VILLAGER,DEAD,SampleJava8
9,status,3,VILLAGER,DEAD,OKAMI
9,status,4,VILLAGER,ALIVE,sample_py
9,status,5,SEER,DEAD,SampleJava6
9,status,6,VILLAGER,DEAD,HALU
9,status,7,MEDIUM,ALIVE,OKAMI
9,status,8,WEREWOLF,DEAD,Tomato13
9,status,9,VILLAGER,ALIVE,Takeda7
9,status,10,VILLAGER,DEAD,OKAMI
9,status,11,VILLAGER,ALIVE,Tomato12
9,status,12,WEREWOLF,DEAD,TOKU3
9,status,13,BODYGUARD,DEAD,OKAMI
9,status,14,VILLAGER,DEAD,HALU
9,status,15,POSSESSED,DEAD,sample_py
9,result,4,0,VILLAGER
