0,status,1,SEER,ALIVE,TOKU2
0,status,2,WEREWOLF,ALIVE,SampleJava8
0,status,3,VILLAGER,ALIVE,OKAMI
0,status,4,MEDIUM,ALIVE,sample_py
0,status,5,VILLAGER,ALIVE,SampleJava6
0,status,6,VILLAGER,ALIVE,HALU
0,status,7,BODYGUARD,ALIVE,OKAMI
0,status,8,WEREWOLF,ALIVE,Tomato13
0,status,9,VILLAGER,ALIVE,Takeda7
0,status,10,VILLAGER,ALIVE,OKAMI
0,status,11,VILLAGER,ALIVE,Tomato12
0,status,12,WEREWOLF,ALIVE,TOKU3
0,status,13,VILLAGER,ALIVE,OKAMI
0,status,14,POSSESSED,ALIVE,HALU
0,status,15,VILLAGER,ALIVE,sample_py
0,whisper,0,0,8,COMINGOUT Agent[08] SEER
0,whisper,1,0,2,COMINGOUT Agent[02] MEDIUM
0,whisper,2,0,12,Skip
0,whisper,3,1,12,Skip
0,whisper,4,1,8,Skip
0,whisper,5,1,2,Skip
0,whisper,6,2,12,Over
0,whisper,7,2,2,Skip
0,whisper,8,2,8,Skip
0,whisper,9,3,12,Over
0,whisper,10,3,2,Over
0,whisper,11,3,8,Over
0,divine,1,13,HUMAN
1,status,1,SEER,ALIVE,TOKU2
1,status,2,WEREWOLF,ALIVE,SampleJava8
1,status,3,VILLAGER,ALIVE,OKAMI
1,status,4,MEDIUM,ALIVE,sample_py
1,status,5,VILLAGER,ALIVE,SampleJava6
1,status,6,VILLAGER,ALIVE,HALU
1,status,7,BODYGUARD,ALIVE,OKAMI
1,status,8,WEREWOLF,ALIVE,Tomato13
1,status,9,VILLAGER,ALIVE,Takeda7
1,status,10,VILLAGER,ALIVE,OKAMI
1,status,11,VILLAGER,ALIVE,Tomato12
1,status,12,WEREWOLF,ALIVE,TOKU3
1,status,13,VILLAGER,ALIVE,OKAMI
1,status,14,POSSESSED,ALIVE,HALU
1,status,15,VILLAGER,ALIVE,sample_py
1,talk,0,0,3,VOTE Agent[07]
1,talk,1,0,1,COMINGOUT Agent[01] SEER
1,talk,2,0,6,VOTE Agent[03]
1,talk,3,0,8,COMINGOUT Agent[08] SEER
1,talk,4,0,13,VOTE Agent[03]
1,talk,5,0,7,VOTE Agent[03]
1,talk,6,0,5,VOTE Agent[09]
1,talk,7,0,14,COMINGOUT Agent[14] SEER
1,talk,8,0,2,VOTE Agent[05]
1,talk,9,0,4,VOTE Agent[05]
1,talk,10,0,9,VOTE Agent[01]
1,talk,11,0,10,VOTE Agent[05]
1,talk,12,0,12,VOTE Agent[01]
1,talk,13,0,11,VOTE Agent[05]
1,talk,14,0,15,VOTE Agent[10]
1,talk,15,1,9,VOTE Agent[08]
1,talk,16,1,8,DIVINED Agent[13] HUMAN
1,talk,17,1,13,COMINGOUT Agent[13] VILLAGER
1,talk,18,1,6,VOTE Agent[13]
1,talk,19,1,5,REQUEST ANY (VOTE Agent[09])
1,talk,20,1,11,Skip
1,talk,21,1,10,COMINGOUT Agent[10] VILLAGER
1,talk,22,1,1,DIVINED Agent[13] HUMAN
1,talk,23,1,14,DIVINED Agent[08] WEREWOLF
1,talk,24,1,3,COMINGOUT Agent[03] VILLAGER
1,talk,25,1,2,REQUEST ANY (VOTE Agent[05])
1,talk,26,1,7,VOTE Agent[08]
1,talk,27,1,15,VOTE Agent[08]
1,talk,28,1,4,VOTE Agent[08]
1,talk,29,1,12,VOTE Agent[08]
1,talk,30,2,10,VOTE Agent[08]
1,talk,31,2,15,Skip
1,talk,32,2,7,VOTE Agent[08]
1,talk,33,2,13,VOTE Agent[08]
1,talk,34,2,2,Skip
1,talk,35,2,5,Skip
1,talk,36,2,4,Skip
1,talk,37,2,6,VOTE Agent[01]
1,talk,38,2,8,VOTE Agent[05]
1,talk,39,2,9,Skip
1,talk,40,2,1,VOTE Agent[08]
1,talk,41,2,12,Skip
1,talk,42,2,14,VOTE Agent[08]
1,talk,43,2,3,VOTE Agent[01]
1,talk,44,2,11,VOTE Agent[08]
1,talk,45,3,6,VOTE Agent[08]
1,talk,46,3,15,Skip
1,talk,47,3,7,VOTE Agent[01]
1,talk,48,3,5,Skip
1,talk,49,3,4,Skip
1,talk,50,3,9,Skip
1,talk,51,3,2,Skip
1,talk,52,3,8,VOTE Agent[01]
1,talk,53,3,13,VOTE Agent[01]
1,talk,54,3,14,VOTE Agent[08]
1,talk,55,3,3,VOTE Agent[01]
1,talk,56,3,10,VOTE Agent[01]
1,talk,57,3,12,Skip
1,talk,58,3,11,Skip
1,talk,59,3,1,VOTE Agent[08]
1,talk,60,4,2,Over
1,talk,61,4,15,Over
1,talk,62,4,1,VOTE Agent[08]
1,talk,63,4,14,VOTE Agent[08]
1,talk,64,4,3,VOTE Agent[01]
1,talk,65,4,9,Over
1,talk,66,4,6,VOTE Agent[08]
1,talk,67,4,5,Over
1,talk,68,4,7,VOTE Agent[01]
1,talk,69,4,8,Skip
1,talk,70,4,4,Over
1,talk,71,4,11,Skip
1,talk,72,4,10,VOTE Agent[01]
1,talk,73,4,13,VOTE Agent[01]
1,talk,74,4,12,Over
1,talk,75,5,10,VOTE Agent[01]
1,talk,76,5,13,VOTE Agent[01]
1,talk,77,5,2,Over
1,talk,78,5,14,VOTE Agent[08]
1,talk,79,5,12,Over
1,talk,80,5,1,VOTE Agent[08]
1,talk,81,5,6,VOTE Agent[01]
1,talk,82,5,15,Over
1,talk,83,5,3,VOTE Agent[01]
1,talk,84,5,5,Over
1,talk,85,5,4,Over
1,talk,86,5,7,VOTE Agent[01]
1,talk,87,5,11,Over
1,talk,88,5,9,Over
1,talk,89,5,8,Skip
1,talk,90,6,3,VOTE Agent[01]
1,talk,91,6,10,VOTE Agent[01]
1,talk,92,6,7,VOTE Agent[01]
1,talk,93,6,2,Over
1,talk,94,6,13,VOTE Agent[01]
1,talk,95,6,4,Over
1,talk,96,6,8,Over
1,talk,97,6,9,Over
1,talk,98,6,6,VOTE Agent[08]
1,talk,99,6,14,VOTE Agent[08]
1,talk,100,6,5,Over
1,talk,101,6,12,Over
1,talk,102,6,1,VOTE Agent[08]
1,talk,103,6,11,Over
1,talk,104,6,15,Over
1,talk,105,7,15,Over
1,talk,106,7,10,VOTE Agent[01]
1,talk,107,7,6,VOTE Agent[08]
1,talk,108,7,13,VOTE Agent[01]
1,talk,109,7,1,VOTE Agent[08]
1,talk,110,7,7,VOTE Agent[01]
1,talk,111,7,12,Over
1,talk,112,7,3,VOTE Agent[01]
1,talk,113,7,2,Over
1,talk,114,7,14,VOTE Agent[08]
1,talk,115,7,9,Over
1,talk,116,7,8,Over
1,talk,117,7,11,Over
1,talk,118,7,5,Over
1,talk,119,7,4,Over
1,talk,120,8,3,VOTE Agent[01]
1,talk,121,8,6,VOTE Agent[14]
1,talk,122,8,14,VOTE Agent[08]
1,talk,123,8,13,VOTE Agent[01]
1,talk,124,8,4,Over
1,talk,125,8,5,Over
1,talk,126,8,1,VOTE Agent[08]
1,talk,127,8,15,Over
1,talk,128,8,7,VOTE Agent[01]
1,talk,129,8,12,VOTE Agent[15]
1,talk,130,8,2,Over
1,talk,131,8,10,VOTE Agent[01]
1,talk,132,8,9,Over
1,talk,133,8,11,Over
1,talk,134,8,8,Over
1,talk,135,9,3,Over
1,talk,136,9,10,Over
1,talk,137,9,5,Over
1,talk,138,9,14,Over
1,talk,139,9,15,Over
1,talk,140,9,2,Over
1,talk,141,9,12,Skip
1,talk,142,9,6,Over
1,talk,143,9,8,Over
1,talk,144,9,11,Over
1,talk,145,9,7,Over
1,talk,146,9,1,VOTE Agent[08]
1,talk,147,9,9,Over
1,talk,148,9,13,Over
1,talk,149,9,4,Over
1,talk,150,10,11,Over
1,talk,151,10,12,Skip
1,talk,152,10,3,Over
1,talk,153,10,10,Over
1,talk,154,10,7,Over
1,talk,155,10,2,Over
1,talk,156,10,6,Over
1,talk,157,10,1,Over
1,talk,158,10,4,Over
1,talk,159,10,14,Over
1,talk,160,10,5,Over
1,talk,161,10,15,Over
1,talk,162,10,13,Over
1,talk,163,10,9,Over
1,talk,164,10,8,Over
1,talk,165,11,13,Over
1,talk,166,11,11,Over
1,talk,167,11,10,Over
1,talk,168,11,2,Over
1,talk,169,11,4,Over
1,talk,170,11,12,Over
1,talk,171,11,7,Over
1,talk,172,11,1,Over
1,talk,173,11,6,Over
1,talk,174,11,9,Over
1,talk,175,11,8,Over
1,talk,176,11,5,Over
1,talk,177,11,15,Over
1,talk,178,11,3,Over
1,talk,179,11,14,Over
1,vote,1,8
1,vote,2,5
1,vote,3,1
1,vote,4,8
1,vote,5,9
1,vote,6,8
1,vote,7,1
1,vote,8,1
1,vote,9,8
1,vote,10,1
1,vote,11,8
1,vote,12,8
1,vote,13,1
1,vote,14,8
1,vote,15,8
1,execute,8,WEREWOLF
1,divine,1,15,HUMAN
1,whisper,0,0,2,ATTACK Agent[10]
1,whisper,1,0,12,Skip
1,whisper,2,1,2,Skip
1,whisper,3,1,12,Skip
1,whisper,4,2,12,Over
1,whisper,5,2,2,Skip
1,whisper,6,3,2,Over
1,whisper,7,3,12,Over
1,guard,7,14,POSSESSED
1,attackVote,2,10
1,attackVote,12,14
1,attackVote,2,10
1,attackVote,12,14
1,attack,10,true
2,status,1,SEER,ALIVE,TOKU2
2,status,2,WEREWOLF,ALIVE,SampleJava8
2,status,3,VILLAGER,ALIVE,OKAMI
2,status,4,MEDIUM,ALIVE,sample_py
2,status,5,VILLAGER,ALIVE,SampleJava6
2,status,6,VILLAGER,ALIVE,HALU
2,status,7,BODYGUARD,ALIVE,OKAMI
2,status,8,WEREWOLF,DEAD,Tomato13
2,status,9,VILLAGER,ALIVE,Takeda7
2,status,10,VILLAGER,DEAD,OKAMI
2,status,11,VILLAGER,ALIVE,Tomato12
2,status,12,WEREWOLF,ALIVE,TOKU3
2,status,13,VILLAGER,ALIVE,OKAMI
2,status,14,POSSESSED,ALIVE,HALU
2,status,15,VILLAGER,ALIVE,sample_py
2,talk,0,0,2,VOTE Agent[05]
2,talk,1,0,11,VOTE Agent[05]
2,talk,2,0,9,VOTE Agent[15]
2,talk,3,0,4,COMINGOUT Agent[04] MEDIUM
2,talk,4,0,6,VOTE Agent[01]
2,talk,5,0,7,VOTE Agent[01]
2,talk,6,0,14,DIVINED Agent[13] WEREWOLF
2,talk,7,0,5,VOTE Agent[12]
2,talk,8,0,13,VOTE Agent[01]
2,talk,9,0,3,VOTE Agent[01]
2,talk,10,0,15,VOTE Agent[13]
2,talk,11,0,1,DIVINED Agent[15] HUMAN
2,talk,12,0,12,VOTE Agent[15]
2,talk,13,1,3,COMINGOUT Agent[03] VILLAGER
2,talk,14,1,9,VOTE Agent[12]
2,talk,15,1,15,Skip
2,talk,16,1,2,REQUEST ANY (VOTE Agent[05])
2,talk,17,1,6,VOTE Agent[14]
2,talk,18,1,5,REQUEST ANY (VOTE Agent[12])
2,talk,19,1,1,VOTE Agent[09]
2,talk,20,1,4,IDENTIFIED Agent[08] WEREWOLF
2,talk,21,1,7,VOTE Agent[13]
2,talk,22,1,12,VOTE Agent[09]
2,talk,23,1,13,COMINGOUT Agent[13] VILLAGER
2,talk,24,1,14,VOTE Agent[13]
2,talk,25,1,11,VOTE Agent[13]
2,talk,26,2,15,Skip
2,talk,27,2,12,Skip
2,talk,28,2,2,COMINGOUT Agent[02] MEDIUM
2,talk,29,2,9,VOTE Agent[02]
2,talk,30,2,5,Skip
2,talk,31,2,7,VOTE Agent[14]
2,talk,32,2,6,VOTE Agent[01]
2,talk,33,2,13,VOTE Agent[14]
2,talk,34,2,3,VOTE Agent[01]
2,talk,35,2,11,Skip
2,talk,36,2,1,VOTE Agent[02]
2,talk,37,2,4,VOTE Agent[02]
2,talk,38,2,14,VOTE Agent[13]
2,talk,39,3,15,Over
2,talk,40,3,5,Skip
2,talk,41,3,1,VOTE Agent[02]
2,talk,42,3,11,VOTE Agent[02]
2,talk,43,3,2,DAY 2 (IDENTIFIED Agent[08] HUMAN)
2,talk,44,3,13,VOTE Agent[14]
2,talk,45,3,3,VOTE Agent[01]
2,talk,46,3,4,Skip
2,talk,47,3,7,VOTE Agent[14]
2,talk,48,3,6,VOTE Agent[14]
2,talk,49,3,14,VOTE Agent[13]
2,talk,50,3,12,Skip
2,talk,51,3,9,Skip
2,talk,52,4,5,Over
2,talk,53,4,3,VOTE Agent[14]
2,talk,54,4,12,Over
2,talk,55,4,11,VOTE Agent[14]
2,talk,56,4,7,VOTE Agent[14]
2,talk,57,4,1,VOTE Agent[02]
2,talk,58,4,9,Skip
2,talk,59,4,2,IDENTIFIED Agent[08] HUMAN
2,talk,60,4,4,Skip
2,talk,61,4,6,VOTE Agent[14]
2,talk,62,4,15,Over
2,talk,63,4,14,VOTE Agent[13]
2,talk,64,4,13,VOTE Agent[14]
2,talk,65,5,4,Over
2,talk,66,5,15,Over
2,talk,67,5,6,VOTE Agent[14]
2,talk,68,5,9,Over
2,talk,69,5,3,VOTE Agent[14]
2,talk,70,5,7,VOTE Agent[14]
2,talk,71,5,1,VOTE Agent[02]
2,talk,72,5,13,VOTE Agent[14]
2,talk,73,5,5,Over
2,talk,74,5,12,Over
2,talk,75,5,11,Skip
2,talk,76,5,2,Skip
2,talk,77,5,14,VOTE Agent[13]
2,talk,78,6,14,VOTE Agent[13]
2,talk,79,6,9,Over
2,talk,80,6,7,VOTE Agent[14]
2,talk,81,6,2,Skip
2,talk,82,6,15,Over
2,talk,83,6,3,VOTE Agent[14]
2,talk,84,6,12,Over
2,talk,85,6,1,VOTE Agent[02]
2,talk,86,6,5,Over
2,talk,87,6,4,Over
2,talk,88,6,13,VOTE Agent[14]
2,talk,89,6,11,Skip
2,talk,90,6,6,VOTE Agent[14]
2,talk,91,7,11,Over
2,talk,92,7,5,Over
2,talk,93,7,7,VOTE Agent[14]
2,talk,94,7,12,Over
2,talk,95,7,2,Over
2,talk,96,7,15,Over
2,talk,97,7,4,Over
2,talk,98,7,1,VOTE Agent[02]
2,talk,99,7,13,VOTE Agent[14]
2,talk,100,7,3,VOTE Agent[14]
2,talk,101,7,14,VOTE Agent[13]
2,talk,102,7,6,VOTE Agent[14]
2,talk,103,7,9,Over
2,talk,104,8,3,VOTE Agent[14]
2,talk,105,8,12,Over
2,talk,106,8,5,Over
2,talk,107,8,1,VOTE Agent[02]
2,talk,108,8,4,Over
2,talk,109,8,6,VOTE Agent[01]
2,talk,110,8,13,VOTE Agent[01]
2,talk,111,8,2,Over
2,talk,112,8,9,Over
2,talk,113,8,11,VOTE Agent[02]
2,talk,114,8,7,VOTE Agent[14]
2,talk,115,8,14,VOTE Agent[13]
2,talk,116,8,15,Over
2,talk,117,9,11,Skip
2,talk,118,9,2,Over
2,talk,119,9,1,VOTE Agent[02]
2,talk,120,9,3,Over
2,talk,121,9,6,Over
2,talk,122,9,15,Over
2,talk,123,9,13,Over
2,talk,124,9,12,Over
2,talk,125,9,14,Over
2,talk,126,9,9,Over
2,talk,127,9,7,Over
2,talk,128,9,4,Over
2,talk,129,9,5,Over
2,talk,130,10,6,Over
2,talk,131,10,14,Over
2,talk,132,10,7,Over
2,talk,133,10,11,Skip
2,talk,134,10,15,Over
2,talk,135,10,3,Over
2,talk,136,10,1,Over
2,talk,137,10,12,Over
2,talk,138,10,2,Over
2,talk,139,10,13,Over
2,talk,140,10,5,Over
2,talk,141,10,9,Over
2,talk,142,10,4,Over
2,talk,143,11,11,Over
2,talk,144,11,15,Over
2,talk,145,11,3,Over
2,talk,146,11,6,Over
2,talk,147,11,5,Over
2,talk,148,11,13,Over
2,talk,149,11,1,Over
2,talk,150,11,12,Over
2,talk,151,11,9,Over
2,talk,152,11,4,Over
2,talk,153,11,14,Over
2,talk,154,11,2,Over
2,talk,155,11,7,Over
2,vote,1,2
2,vote,2,5
2,vote,3,14
2,vote,4,2
2,vote,5,3
2,vote,6,1
2,vote,7,14
2,vote,9,2
2,vote,11,2
2,vote,12,2
2,vote,13,1
2,vote,14,13
2,vote,15,13
2,execute,2,WEREWOLF
2,divine,1,12,WEREWOLF
2,guard,7,4,MEDIUM
2,attackVote,12,14
2,attack,14,true
3,status,1,SEER,ALIVE,TOKU2
3,status,2,WEREWOLF,DEAD,SampleJava8
3,status,3,VILLAGER,ALIVE,OKAMI
3,status,4,MEDIUM,ALIVE,sample_py
3,status,5,VILLAGER,ALIVE,SampleJava6
3,status,6,VILLAGER,ALIVE,HALU
3,status,7,BODYGUARD,ALIVE,OKAMI
3,status,8,WEREWOLF,DEAD,Tomato13
3,status,9,VILLAGER,ALIVE,Takeda7
3,status,10,VILLAGER,DEAD,OKAMI
3,status,11,VILLAGER,ALIVE,Tomato12
3,status,12,WEREWOLF,ALIVE,TOKU3
3,status,13,VILLAGER,ALIVE,OKAMI
3,status,14,POSSESSED,DEAD,HALU
3,status,15,VILLAGER,ALIVE,sample_py
3,talk,0,0,4,IDENTIFIED Agent[02] WEREWOLF
3,talk,1,0,15,VOTE Agent[13]
3,talk,2,0,3,VOTE Agent[01]
3,talk,3,0,9,VOTE Agent[12]
3,talk,4,0,7,VOTE Agent[01]
3,talk,5,0,1,DIVINED Agent[12] WEREWOLF
3,talk,6,0,12,VOTE Agent[09]
3,talk,7,0,6,VOTE Agent[01]
3,talk,8,0,11,VOTE Agent[12]
3,talk,9,0,5,VOTE Agent[01]
3,talk,10,0,13,VOTE Agent[01]
3,talk,11,1,4,VOTE Agent[13]
3,talk,12,1,6,VOTE Agent[01]
3,talk,13,1,15,Skip
3,talk,14,1,12,Skip
3,talk,15,1,7,VOTE Agent[01]
3,talk,16,1,1,VOTE Agent[12]
3,talk,17,1,13,COMINGOUT Agent[13] VILLAGER
3,talk,18,1,9,Skip
3,talk,19,1,11,Skip
3,talk,20,1,5,REQUEST ANY (VOTE Agent[01])
3,talk,21,1,3,COMINGOUT Agent[03] VILLAGER
3,talk,22,2,1,VOTE Agent[12]
3,talk,23,2,7,VOTE Agent[01]
3,talk,24,2,4,Skip
3,talk,25,2,11,Skip
3,talk,26,2,9,Skip
3,talk,27,2,12,Skip
3,talk,28,2,6,VOTE Agent[01]
3,talk,29,2,3,VOTE Agent[01]
3,talk,30,2,5,Skip
3,talk,31,2,15,Skip
3,talk,32,2,13,VOTE Agent[01]
3,talk,33,3,1,VOTE Agent[12]
3,talk,34,3,5,Skip
3,talk,35,3,7,VOTE Agent[01]
3,talk,36,3,12,Over
3,talk,37,3,11,Over
3,talk,38,3,3,VOTE Agent[01]
3,talk,39,3,15,Over
3,talk,40,3,4,Skip
3,talk,41,3,9,Over
3,talk,42,3,13,VOTE Agent[01]
3,talk,43,3,6,VOTE Agent[01]
3,talk,44,4,13,VOTE Agent[01]
3,talk,45,4,12,Over
3,talk,46,4,6,VOTE Agent[01]
3,talk,47,4,4,Over
3,talk,48,4,7,VOTE Agent[01]
3,talk,49,4,9,Over
3,talk,50,4,5,Over
3,talk,51,4,3,VOTE Agent[01]
3,talk,52,4,1,VOTE Agent[12]
3,talk,53,4,15,Over
3,talk,54,4,11,Over
3,talk,55,5,5,Over
3,talk,56,5,4,Over
3,talk,57,5,13,VOTE Agent[01]
3,talk,58,5,7,VOTE Agent[01]
3,talk,59,5,9,Over
3,talk,60,5,6,VOTE Agent[01]
3,talk,61,5,3,VOTE Agent[01]
3,talk,62,5,11,Over
3,talk,63,5,15,Over
3,talk,64,5,1,VOTE Agent[12]
3,talk,65,5,12,Over
3,talk,66,6,15,Over
3,talk,67,6,6,VOTE Agent[01]
3,talk,68,6,13,VOTE Agent[01]
3,talk,69,6,5,Over
3,talk,70,6,12,Over
3,talk,71,6,7,VOTE Agent[01]
3,talk,72,6,4,Over
3,talk,73,6,11,Over
3,talk,74,6,3,VOTE Agent[01]
3,talk,75,6,1,VOTE Agent[12]
3,talk,76,6,9,Over
3,talk,77,7,3,VOTE Agent[01]
3,talk,78,7,11,Over
3,talk,79,7,6,VOTE Agent[01]
3,talk,80,7,1,VOTE Agent[12]
3,talk,81,7,9,Over
3,talk,82,7,7,VOTE Agent[01]
3,talk,83,7,12,Over
3,talk,84,7,15,Over
3,talk,85,7,13,VOTE Agent[01]
3,talk,86,7,4,Over
3,talk,87,7,5,Over
3,talk,88,8,15,Over
3,talk,89,8,11,Over
3,talk,90,8,13,VOTE Agent[01]
3,talk,91,8,3,VOTE Agent[01]
3,talk,92,8,9,Over
3,talk,93,8,5,Over
3,talk,94,8,1,VOTE Agent[12]
3,talk,95,8,7,VOTE Agent[01]
3,talk,96,8,12,Over
3,talk,97,8,6,VOTE Agent[01]
3,talk,98,8,4,Over
3,talk,99,9,7,Over
3,talk,100,9,15,Over
3,talk,101,9,11,Over
3,talk,102,9,1,VOTE Agent[12]
3,talk,103,9,5,Over
3,talk,104,9,4,Over
3,talk,105,9,3,Over
3,talk,106,9,12,Over
3,talk,107,9,6,Over
3,talk,108,9,9,Over
3,talk,109,9,13,Over
3,talk,110,10,7,Over
3,talk,111,10,4,Over
3,talk,112,10,15,Over
3,talk,113,10,3,Over
3,talk,114,10,12,Over
3,talk,115,10,9,Over
3,talk,116,10,6,Over
3,talk,117,10,1,Over
3,talk,118,10,13,Over
3,talk,119,10,5,Over
3,talk,120,10,11,Over
3,vote,1,12
3,vote,3,1
3,vote,4,13
3,vote,5,11
3,vote,6,1
3,vote,7,1
3,vote,9,12
3,vote,11,12
3,vote,12,9
3,vote,13,1
3,vote,15,13
3,execute,1,SEER
3,guard,7,4,MEDIUM
3,attackVote,12,13
3,attack,13,true
4,status,1,SEER,DEAD,TOKU2
4,status,2,WEREWOLF,DEAD,SampleJava8
4,status,3,VILLAGER,ALIVE,OKAMI
4,status,4,MEDIUM,ALIVE,sample_py
4,status,5,VILLAGER,ALIVE,SampleJava6
4,status,6,VILLAGER,ALIVE,HALU
4,status,7,BODYGUARD,ALIVE,OKAMI
4,status,8,WEREWOLF,DEAD,Tomato13
4,status,9,VILLAGER,ALIVE,Takeda7
4,status,10,VILLAGER,DEAD,OKAMI
4,status,11,VILLAGER,ALIVE,Tomato12
4,status,12,WEREWOLF,ALIVE,TOKU3
4,status,13,VILLAGER,DEAD,OKAMI
4,status,14,POSSESSED,DEAD,HALU
4,status,15,VILLAGER,ALIVE,sample_py
4,talk,0,0,6,VOTE Agent[12]
4,talk,1,0,15,VOTE Agent[12]
4,talk,2,0,7,VOTE Agent[12]
4,talk,3,0,4,IDENTIFIED Agent[01] HUMAN
4,talk,4,0,9,VOTE Agent[12]
4,talk,5,0,3,VOTE Agent[12]
4,talk,6,0,11,VOTE Agent[12]
4,talk,7,0,5,VOTE Agent[07]
4,talk,8,0,12,VOTE Agent[09]
4,talk,9,1,9,Skip
4,talk,10,1,5,REQUEST ANY (VOTE Agent[07])
4,talk,11,1,4,VOTE Agent[12]
4,talk,12,1,12,VOTE Agent[09]
4,talk,13,1,6,VOTE Agent[12]
4,talk,14,1,15,Skip
4,talk,15,1,7,VOTE Agent[12]
4,talk,16,1,3,COMINGOUT Agent[03] VILLAGER
4,talk,17,1,11,Skip
4,talk,18,2,15,Skip
4,talk,19,2,5,Skip
4,talk,20,2,6,VOTE Agent[12]
4,talk,21,2,4,Skip
4,talk,22,2,3,VOTE Agent[12]
4,talk,23,2,11,Skip
4,talk,24,2,7,VOTE Agent[12]
4,talk,25,2,9,Skip
4,talk,26,2,12,VOTE Agent[09]
4,talk,27,3,7,VOTE Agent[12]
4,talk,28,3,3,VOTE Agent[12]
4,talk,29,3,12,VOTE Agent[09]
4,talk,30,3,6,VOTE Agent[12]
4,talk,31,3,15,Over
4,talk,32,3,5,Skip
4,talk,33,3,11,Over
4,talk,34,3,9,Over
4,talk,35,3,4,Skip
4,talk,36,4,9,Over
4,talk,37,4,12,VOTE Agent[09]
4,talk,38,4,15,Over
4,talk,39,4,7,VOTE Agent[12]
4,talk,40,4,4,Over
4,talk,41,4,5,Over
4,talk,42,4,6,VOTE Agent[12]
4,talk,43,4,3,VOTE Agent[12]
4,talk,44,4,11,Over
4,talk,45,5,11,Over
4,talk,46,5,5,Over
4,talk,47,5,6,VOTE Agent[12]
4,talk,48,5,15,Over
4,talk,49,5,4,Over
4,talk,50,5,12,VOTE Agent[09]
4,talk,51,5,3,VOTE Agent[12]
4,talk,52,5,9,Over
4,talk,53,5,7,VOTE Agent[12]
4,talk,54,6,3,VOTE Agent[12]
4,talk,55,6,5,Over
4,talk,56,6,12,VOTE Agent[09]
4,talk,57,6,15,Over
4,talk,58,6,9,Over
4,talk,59,6,4,Over
4,talk,60,6,11,Over
4,talk,61,6,6,VOTE Agent[12]
4,talk,62,6,7,VOTE Agent[12]
4,talk,63,7,5,Over
4,talk,64,7,11,Over
4,talk,65,7,6,VOTE Agent[12]
4,talk,66,7,9,Over
4,talk,67,7,12,VOTE Agent[09]
4,talk,68,7,7,VOTE Agent[12]
4,talk,69,7,4,Over
4,talk,70,7,15,Over
4,talk,71,7,3,VOTE Agent[12]
4,talk,72,8,12,VOTE Agent[09]
4,talk,73,8,3,VOTE Agent[12]
4,talk,74,8,4,Over
4,talk,75,8,11,Over
4,talk,76,8,5,Over
4,talk,77,8,15,Over
4,talk,78,8,6,VOTE Agent[12]
4,talk,79,8,7,VOTE Agent[12]
4,talk,80,8,9,Over
4,talk,81,9,6,Over
4,talk,82,9,5,Over
4,talk,83,9,15,Over
4,talk,84,9,12,VOTE Agent[09]
4,talk,85,9,4,Over
4,talk,86,9,3,Over
4,talk,87,9,7,Over
4,talk,88,9,9,Over
4,talk,89,9,11,Over
4,talk,90,10,6,Over
4,talk,91,10,4,Over
4,talk,92,10,9,Over
4,talk,93,10,3,Over
4,talk,94,10,5,Over
4,talk,95,10,7,Over
4,talk,96,10,11,Over
4,talk,97,10,12,Over
4,talk,98,10,15,Over
4,vote,3,12
4,vote,4,12
4,vote,5,9
4,vote,6,12
4,vote,7,12
4,vote,9,12
4,vote,11,12
4,vote,12,9
4,vote,15,12
4,execute,12,WEREWOLF
4,guard,7,4,MEDIUM
5,status,1,SEER,DEAD,TOKU2
5,status,2,WEREWOLF,DEAD,SampleJava8
5,status,3,VILLAGER,ALIVE,OKAMI
5,status,4,MEDIUM,ALIVE,sample_py
5,status,5,VILLAGER,ALIVE,SampleJava6
5,status,6,VILLAGER,ALIVE,HALU
5,status,7,BODYGUARD,ALIVE,OKAMI
5,status,8,WEREWOLF,DEAD,Tomato13
5,status,9,VILLAGER,ALIVE,Takeda7
5,status,10,VILLAGER,DEAD,OKAMI
5,status,11,VILLAGER,ALIVE,Tomato12
5,status,12,WEREWOLF,DEAD,TOKU3
5,status,13,VILLAGER,DEAD,OKAMI
5,status,14,POSSESSED,DEAD,HALU
5,status,15,VILLAGER,ALIVE,sample_py
5,result,8,0,VILLAGER
