0,status,1,VILLAGER,ALIVE,Tomato6
0,status,2,VILLAGER,ALIVE,Tomato7
0,status,3,VILLAGER,ALIVE,Takeda11
0,status,4,VILLAGER,ALIVE,OKAMI
0,status,5,POSSESSED,ALIVE,HALU
0,status,6,VILLAGER,ALIVE,sample_py
0,status,7,WEREWOLF,ALIVE,TOKU3
0,status,8,WEREWOLF,ALIVE,sample_py
0,status,9,SEER,ALIVE,SampleJava13
0,status,10,VILLAGER,ALIVE,HALU
0,status,11,VILLAGER,ALIVE,SampleJava5
0,status,12,BODYGUARD,ALIVE,Tomato4
0,status,13,VILLAGER,ALIVE,TOKU1
0,status,14,MEDIUM,ALIVE,SampleJava14
0,status,15,WEREWOLF,ALIVE,TOKU8
0,whisper,0,0,15,Skip
0,whisper,1,0,7,Skip
0,whisper,2,0,8,COMINGOUT Agent[08] MEDIUM
0,whisper,3,1,7,Skip
0,whisper,4,1,8,COMINGOUT Agent[08] MEDIUM
0,whisper,5,1,15,Skip
0,whisper,6,2,8,COMINGOUT Agent[08] MEDIUM
0,whisper,7,2,7,Over
0,whisper,8,2,15,Over
0,whisper,9,3,7,Over
0,whisper,10,3,8,COMINGOUT Agent[08] MEDIUM
0,whisper,11,3,15,Over
0,whisper,12,4,7,Over
0,whisper,13,4,8,COMINGOUT Agent[08] MEDIUM
0,whisper,14,4,15,Over
0,whisper,15,5,15,Over
0,whisper,16,5,7,Over
0,whisper,17,5,8,COMINGOUT Agent[08] MEDIUM
0,whisper,18,6,8,COMINGOUT Agent[08] MEDIUM
0,whisper,19,6,15,Over
0,whisper,20,6,7,Over
0,whisper,21,7,8,COMINGOUT Agent[08] MEDIUM
0,whisper,22,7,7,Over
0,whisper,23,7,15,Over
0,whisper,24,8,15,Over
0,whisper,25,8,7,Over
0,whisper,26,8,8,COMINGOUT Agent[08] MEDIUM
0,whisper,27,9,15,Over
0,whisper,28,9,7,Over
0,whisper,29,9,8,COMINGOUT Agent[08] MEDIUM
0,whisper,30,10,8,Over
0,whisper,31,10,7,Over
0,whisper,32,10,15,Over
0,divine,9,11,HUMAN
1,status,1,VILLAGER,ALIVE,Tomato6
1,status,2,VILLAGER,ALIVE,Tomato7
1,status,3,VILLAGER,ALIVE,Takeda11
1,status,4,VILLAGER,ALIVE,OKAMI
1,status,5,POSSESSED,ALIVE,HALU
1,status,6,VILLAGER,ALIVE,sample_py
1,status,7,WEREWOLF,ALIVE,TOKU3
1,status,8,WEREWOLF,ALIVE,sample_py
1,status,9,SEER,ALIVE,SampleJava13
1,status,10,VILLAGER,ALIVE,HALU
1,status,11,VILLAGER,ALIVE,SampleJava5
1,status,12,BODYGUARD,ALIVE,Tomato4
1,status,13,VILLAGER,ALIVE,TOKU1
1,status,14,MEDIUM,ALIVE,SampleJava14
1,status,15,WEREWOLF,ALIVE,TOKU8
1,talk,0,0,13,VOTE Agent[12]
1,talk,1,0,7,Skip
1,talk,2,0,15,Skip
1,talk,3,0,8,COMINGOUT Agent[08] MEDIUM
1,talk,4,0,1,VOTE Agent[12]
1,talk,5,0,11,VOTE Agent[03]
1,talk,6,0,14,COMINGOUT Agent[14] MEDIUM
1,talk,7,0,10,VOTE Agent[11]
1,talk,8,0,2,VOTE Agent[12]
1,talk,9,0,5,COMINGOUT Agent[05] SEER
1,talk,10,0,3,VOTE Agent[05]
1,talk,11,0,9,COMINGOUT Agent[09] SEER
1,talk,12,0,4,VOTE Agent[05]
1,talk,13,0,12,VOTE Agent[05]
1,talk,14,0,6,VOTE Agent[11]
1,talk,15,1,7,VOTE Agent[14]
1,talk,16,1,15,VOTE Agent[14]
1,talk,17,1,11,REQUEST ANY (VOTE Agent[03])
1,talk,18,1,12,VOTE Agent[14]
1,talk,19,1,9,DAY 1 (DIVINED Agent[11] HUMAN)
1,talk,20,1,3,VOTE Agent[09]
1,talk,21,1,13,VOTE Agent[09]
1,talk,22,1,1,VOTE Agent[14]
1,talk,23,1,10,VOTE Agent[11]
1,talk,24,1,5,DIVINED Agent[15] WEREWOLF
1,talk,25,1,4,COMINGOUT Agent[04] VILLAGER
1,talk,26,1,6,VOTE Agent[15]
1,talk,27,1,14,BECAUSE (AND (COMINGOUT Agent[14] MEDIUM) (Agent[08] COMINGOUT Agent[08] MEDIUM)) (XOR (ESTIMATE Agent[08] WEREWOLF) (ESTIMATE Agent[08] POSSESSED))
1,talk,28,1,2,VOTE Agent[14]
1,talk,29,1,8,VOTE Agent[14]
1,talk,30,2,14,BECAUSE (XOR (ESTIMATE Agent[08] WEREWOLF) (ESTIMATE Agent[08] POSSESSED)) (AND (VOTE Agent[08]) (REQUEST ANY (VOTE Agent[08])))
1,talk,31,2,1,Skip
1,talk,32,2,8,Skip
1,talk,33,2,6,Skip
1,talk,34,2,10,VOTE Agent[11]
1,talk,35,2,15,Skip
1,talk,36,2,13,VOTE Agent[07]
1,talk,37,2,3,VOTE Agent[08]
1,talk,38,2,5,VOTE Agent[15]
1,talk,39,2,4,VOTE Agent[11]
1,talk,40,2,12,Skip
1,talk,41,2,2,Skip
1,talk,42,2,11,Skip
1,talk,43,2,7,Skip
1,talk,44,2,9,DIVINED Agent[11] HUMAN
1,talk,45,3,3,Skip
1,talk,46,3,4,VOTE Agent[11]
1,talk,47,3,5,VOTE Agent[15]
1,talk,48,3,8,Skip
1,talk,49,3,14,VOTE Agent[08]
1,talk,50,3,11,Skip
1,talk,51,3,7,VOTE Agent[03]
1,talk,52,3,2,Skip
1,talk,53,3,9,BECAUSE (AND (COMINGOUT Agent[09] SEER) (Agent[05] COMINGOUT Agent[05] SEER)) (XOR (ESTIMATE Agent[05] WEREWOLF) (ESTIMATE Agent[05] POSSESSED))
1,talk,54,3,1,Skip
1,talk,55,3,6,Skip
1,talk,56,3,12,Skip
1,talk,57,3,15,Skip
1,talk,58,3,10,VOTE Agent[04]
1,talk,59,3,13,Skip
1,talk,60,4,6,Over
1,talk,61,4,10,VOTE Agent[04]
1,talk,62,4,7,Skip
1,talk,63,4,13,VOTE Agent[08]
1,talk,64,4,8,Over
1,talk,65,4,1,Over
1,talk,66,4,9,BECAUSE (XOR (ESTIMATE Agent[05] WEREWOLF) (ESTIMATE Agent[05] POSSESSED)) (AND (VOTE Agent[05]) (REQUEST ANY (VOTE Agent[05])))
1,talk,67,4,15,Over
1,talk,68,4,3,Skip
1,talk,69,4,14,REQUEST ANY (VOTE Agent[08])
1,talk,70,4,5,VOTE Agent[15]
1,talk,71,4,4,VOTE Agent[11]
1,talk,72,4,2,Over
1,talk,73,4,11,Over
1,talk,74,4,12,Over
1,talk,75,5,11,Over
1,talk,76,5,9,VOTE Agent[05]
1,talk,77,5,10,VOTE Agent[04]
1,talk,78,5,6,Over
1,talk,79,5,7,VOTE Agent[08]
1,talk,80,5,14,Skip
1,talk,81,5,12,Over
1,talk,82,5,15,VOTE Agent[10]
1,talk,83,5,5,VOTE Agent[15]
1,talk,84,5,13,Skip
1,talk,85,5,3,Over
1,talk,86,5,2,Over
1,talk,87,5,4,VOTE Agent[11]
1,talk,88,5,8,Over
1,talk,89,5,1,Over
1,talk,90,6,4,VOTE Agent[11]
1,talk,91,6,2,VOTE Agent[08]
1,talk,92,6,11,Over
1,talk,93,6,5,VOTE Agent[15]
1,talk,94,6,15,VOTE Agent[07]
1,talk,95,6,1,VOTE Agent[08]
1,talk,96,6,9,REQUEST ANY (VOTE Agent[05])
1,talk,97,6,7,Skip
1,talk,98,6,13,Skip
1,talk,99,6,12,VOTE Agent[08]
1,talk,100,6,14,Skip
1,talk,101,6,8,Over
1,talk,102,6,3,Over
1,talk,103,6,6,Over
1,talk,104,6,10,VOTE Agent[04]
1,talk,105,7,13,Over
1,talk,106,7,2,Skip
1,talk,107,7,12,Skip
1,talk,108,7,6,Over
1,talk,109,7,9,Skip
1,talk,110,7,1,Skip
1,talk,111,7,3,Over
1,talk,112,7,11,Over
1,talk,113,7,4,VOTE Agent[11]
1,talk,114,7,5,VOTE Agent[15]
1,talk,115,7,14,Over
1,talk,116,7,10,VOTE Agent[04]
1,talk,117,7,8,Over
1,talk,118,7,7,Skip
1,talk,119,7,15,Skip
1,talk,120,8,13,Over
1,talk,121,8,1,Skip
1,talk,122,8,4,VOTE Agent[11]
1,talk,123,8,3,Over
1,talk,124,8,7,Over
1,talk,125,8,8,Over
1,talk,126,8,12,Skip
1,talk,127,8,10,VOTE Agent[04]
1,talk,128,8,5,VOTE Agent[15]
1,talk,129,8,14,Over
1,talk,130,8,6,Over
1,talk,131,8,2,Skip
1,talk,132,8,9,Skip
1,talk,133,8,15,Skip
1,talk,134,8,11,Over
1,talk,135,9,10,Over
1,talk,136,9,13,VOTE Agent[07]
1,talk,137,9,11,Over
1,talk,138,9,6,Over
1,talk,139,9,5,Over
1,talk,140,9,1,Over
1,talk,141,9,9,Over
1,talk,142,9,2,Over
1,talk,143,9,12,Over
1,talk,144,9,8,Over
1,talk,145,9,15,Over
1,talk,146,9,7,Over
1,talk,147,9,4,Over
1,talk,148,9,3,Over
1,talk,149,9,14,Over
1,talk,150,10,3,Over
1,talk,151,10,4,Over
1,talk,152,10,9,Over
1,talk,153,10,1,Over
1,talk,154,10,15,Over
1,talk,155,10,12,Over
1,talk,156,10,13,Skip
1,talk,157,10,11,Over
1,talk,158,10,14,Over
1,talk,159,10,5,Over
1,talk,160,10,2,Over
1,talk,161,10,8,Over
1,talk,162,10,10,Over
1,talk,163,10,7,Over
1,talk,164,10,6,Over
1,talk,165,11,10,Over
1,talk,166,11,4,Over
1,talk,167,11,14,Over
1,talk,168,11,2,Over
1,talk,169,11,6,Over
1,talk,170,11,11,Over
1,talk,171,11,9,Over
1,talk,172,11,3,Over
1,talk,173,11,5,Over
1,talk,174,11,12,Over
1,talk,175,11,8,Over
1,talk,176,11,15,Over
1,talk,177,11,7,Over
1,talk,178,11,13,Skip
1,talk,179,11,1,Over
1,talk,180,12,3,VOTE Agent[07]
1,talk,181,12,12,Over
1,talk,182,12,5,Over
1,talk,183,12,14,Over
1,talk,184,12,8,Over
1,talk,185,12,15,Over
1,talk,186,12,9,Over
1,talk,187,12,1,Over
1,talk,188,12,11,Over
1,talk,189,12,4,Over
1,talk,190,12,13,Over
1,talk,191,12,7,Over
1,talk,192,12,10,Over
1,talk,193,12,6,Over
1,talk,194,12,2,Over
1,talk,195,13,15,Over
1,talk,196,13,14,Over
1,talk,197,13,4,Over
1,talk,198,13,2,Over
1,talk,199,13,3,Skip
1,talk,200,13,13,Over
1,talk,201,13,6,Over
1,talk,202,13,8,Over
1,talk,203,13,12,Over
1,talk,204,13,11,Over
1,talk,205,13,10,Over
1,talk,206,13,7,Over
1,talk,207,13,1,Over
1,talk,208,13,5,Over
1,talk,209,13,9,Over
1,talk,210,14,4,Over
1,talk,211,14,6,Over
1,talk,212,14,9,Over
1,talk,213,14,12,Over
1,talk,214,14,8,Over
1,talk,215,14,1,Over
1,talk,216,14,10,Over
1,talk,217,14,7,Over
1,talk,218,14,15,Over
1,talk,219,14,5,Over
1,talk,220,14,13,Over
1,talk,221,14,11,Over
1,talk,222,14,14,Over
1,talk,223,14,2,Over
1,talk,224,14,3,Skip
1,talk,225,15,12,Over
1,talk,226,15,11,Over
1,talk,227,15,6,Over
1,talk,228,15,10,Over
1,talk,229,15,7,Over
1,talk,230,15,13,Over
1,talk,231,15,15,Over
1,talk,232,15,4,Over
1,talk,233,15,9,Over
1,talk,234,15,14,Over
1,talk,235,15,3,Over
1,talk,236,15,1,Over
1,talk,237,15,5,Over
1,talk,238,15,8,Over
1,talk,239,15,2,Over
1,vote,1,8
1,vote,2,8
1,vote,3,7
1,vote,4,11
1,vote,5,8
1,vote,6,15
1,vote,7,8
1,vote,8,14
1,vote,9,5
1,vote,10,4
1,vote,11,5
1,vote,12,8
1,vote,13,7
1,vote,14,8
1,vote,15,7
1,execute,8,WEREWOLF
1,divine,9,5,HUMAN
1,whisper,0,0,7,Skip
1,whisper,1,0,15,Skip
1,whisper,2,1,15,Skip
1,whisper,3,1,7,Skip
1,whisper,4,2,15,Over
1,whisper,5,2,7,Over
1,guard,12,9,SEER
1,attackVote,7,9
1,attackVote,15,9
1,attack,9,false
2,status,1,VILLAGER,ALIVE,Tomato6
2,status,2,VILLAGER,ALIVE,Tomato7
2,status,3,VILLAGER,ALIVE,Takeda11
2,status,4,VILLAGER,ALIVE,OKAMI
2,status,5,POSSESSED,ALIVE,HALU
2,status,6,VILLAGER,ALIVE,sample_py
2,status,7,WEREWOLF,ALIVE,TOKU3
2,status,8,WEREWOLF,DEAD,sample_py
2,status,9,SEER,ALIVE,SampleJava13
2,status,10,VILLAGER,ALIVE,HALU
2,status,11,VILLAGER,ALIVE,SampleJava5
2,status,12,BODYGUARD,ALIVE,Tomato4
2,status,13,VILLAGER,ALIVE,TOKU1
2,status,14,MEDIUM,ALIVE,SampleJava14
2,status,15,WEREWOLF,ALIVE,TOKU8
2,talk,0,0,15,VOTE Agent[07]
2,talk,1,0,1,VOTE Agent[07]
2,talk,2,0,6,VOTE Agent[15]
2,talk,3,0,2,VOTE Agent[07]
2,talk,4,0,14,DAY 2 (IDENTIFIED Agent[08] WEREWOLF)
2,talk,5,0,9,DAY 2 (DIVINED Agent[05] HUMAN)
2,talk,6,0,10,VOTE Agent[11]
2,talk,7,0,13,VOTE Agent[07]
2,talk,8,0,11,VOTE Agent[06]
2,talk,9,0,3,VOTE Agent[07]
2,talk,10,0,12,VOTE Agent[07]
2,talk,11,0,7,VOTE Agent[15]
2,talk,12,0,4,VOTE Agent[11]
2,talk,13,0,5,DIVINED Agent[01] HUMAN
2,talk,14,1,6,Skip
2,talk,15,1,2,Skip
2,talk,16,1,13,Skip
2,talk,17,1,10,VOTE Agent[11]
2,talk,18,1,15,Skip
2,talk,19,1,12,Skip
2,talk,20,1,1,Skip
2,talk,21,1,3,Skip
2,talk,22,1,14,IDENTIFIED Agent[08] WEREWOLF
2,talk,23,1,11,REQUEST ANY (VOTE Agent[06])
2,talk,24,1,7,Skip
2,talk,25,1,9,DIVINED Agent[05] HUMAN
2,talk,26,1,4,COMINGOUT Agent[04] VILLAGER
2,talk,27,1,5,VOTE Agent[15]
2,talk,28,2,7,Skip
2,talk,29,2,15,Skip
2,talk,30,2,4,VOTE Agent[11]
2,talk,31,2,13,VOTE Agent[15]
2,talk,32,2,6,Skip
2,talk,33,2,3,VOTE Agent[15]
2,talk,34,2,1,VOTE Agent[15]
2,talk,35,2,11,Skip
2,talk,36,2,14,VOTE Agent[01]
2,talk,37,2,5,VOTE Agent[14]
2,talk,38,2,12,VOTE Agent[15]
2,talk,39,2,10,VOTE Agent[04]
2,talk,40,2,2,VOTE Agent[15]
2,talk,41,2,9,BECAUSE (AND (AND (COMINGOUT Agent[09] SEER) (Agent[05] COMINGOUT Agent[05] SEER)) (DAY 2 (DIVINED Agent[05] HUMAN))) (ESTIMATE Agent[05] POSSESSED)
2,talk,42,3,9,VOTE Agent[07]
2,talk,43,3,4,VOTE Agent[11]
2,talk,44,3,15,VOTE Agent[07]
2,talk,45,3,14,REQUEST ANY (VOTE Agent[01])
2,talk,46,3,7,Over
2,talk,47,3,3,Skip
2,talk,48,3,5,VOTE Agent[14]
2,talk,49,3,10,VOTE Agent[11]
2,talk,50,3,6,Over
2,talk,51,3,2,Skip
2,talk,52,3,1,Skip
2,talk,53,3,13,Skip
2,talk,54,3,11,Skip
2,talk,55,3,12,Skip
2,talk,56,4,6,Over
2,talk,57,4,2,Skip
2,talk,58,4,11,Over
2,talk,59,4,9,REQUEST ANY (VOTE Agent[07])
2,talk,60,4,13,Skip
2,talk,61,4,1,Skip
2,talk,62,4,14,Skip
2,talk,63,4,5,VOTE Agent[15]
2,talk,64,4,12,Skip
2,talk,65,4,3,Skip
2,talk,66,4,15,VOTE Agent[07]
2,talk,67,4,4,VOTE Agent[11]
2,talk,68,4,7,Over
2,talk,69,4,10,VOTE Agent[11]
2,talk,70,5,2,Over
2,talk,71,5,13,Over
2,talk,72,5,7,Over
2,talk,73,5,11,Over
2,talk,74,5,9,Skip
2,talk,75,5,5,VOTE Agent[15]
2,talk,76,5,6,Over
2,talk,77,5,14,Skip
2,talk,78,5,3,Over
2,talk,79,5,10,VOTE Agent[11]
2,talk,80,5,4,VOTE Agent[11]
2,talk,81,5,1,Over
2,talk,82,5,15,VOTE Agent[07]
2,talk,83,5,12,Over
2,talk,84,6,11,Over
2,talk,85,6,3,Over
2,talk,86,6,1,Over
2,talk,87,6,12,Over
2,talk,88,6,9,Skip
2,talk,89,6,10,VOTE Agent[04]
2,talk,90,6,14,Over
2,talk,91,6,2,Over
2,talk,92,6,13,Over
2,talk,93,6,15,VOTE Agent[07]
2,talk,94,6,7,Over
2,talk,95,6,4,VOTE Agent[11]
2,talk,96,6,6,Over
2,talk,97,6,5,VOTE Agent[15]
2,talk,98,7,13,Over
2,talk,99,7,4,VOTE Agent[11]
2,talk,100,7,3,Over
2,talk,101,7,9,Over
2,talk,102,7,1,Over
2,talk,103,7,2,Over
2,talk,104,7,15,VOTE Agent[07]
2,talk,105,7,5,VOTE Agent[15]
2,talk,106,7,6,Over
2,talk,107,7,10,VOTE Agent[04]
2,talk,108,7,12,Over
2,talk,109,7,7,Over
2,talk,110,7,11,Over
2,talk,111,7,14,Over
2,talk,112,8,1,Over
2,talk,113,8,9,Over
2,talk,114,8,12,Over
2,talk,115,8,10,VOTE Agent[04]
2,talk,116,8,4,VOTE Agent[11]
2,talk,117,8,3,Over
2,talk,118,8,13,Over
2,talk,119,8,7,Over
2,talk,120,8,5,VOTE Agent[15]
2,talk,121,8,15,VOTE Agent[07]
2,talk,122,8,6,Over
2,talk,123,8,14,Over
2,talk,124,8,2,Over
2,talk,125,8,11,Over
2,talk,126,9,9,Over
2,talk,127,9,2,Over
2,talk,128,9,4,Over
2,talk,129,9,14,Over
2,talk,130,9,3,Over
2,talk,131,9,13,Over
2,talk,132,9,7,Over
2,talk,133,9,11,Over
2,talk,134,9,12,Over
2,talk,135,9,1,Over
2,talk,136,9,6,Over
2,talk,137,9,5,Over
2,talk,138,9,15,VOTE Agent[07]
2,talk,139,9,10,Over
2,talk,140,10,2,Over
2,talk,141,10,15,VOTE Agent[07]
2,talk,142,10,3,Over
2,talk,143,10,7,Over
2,talk,144,10,5,Over
2,talk,145,10,13,Over
2,talk,146,10,10,Over
2,talk,147,10,9,Over
2,talk,148,10,11,Over
2,talk,149,10,14,Over
2,talk,150,10,6,Over
2,talk,151,10,1,Over
2,talk,152,10,12,Over
2,talk,153,10,4,Over
2,talk,154,11,9,Over
2,talk,155,11,4,Over
2,talk,156,11,15,VOTE Agent[07]
2,talk,157,11,1,Over
2,talk,158,11,7,Over
2,talk,159,11,5,Over
2,talk,160,11,6,Over
2,talk,161,11,3,Over
2,talk,162,11,10,Over
2,talk,163,11,12,Over
2,talk,164,11,13,Over
2,talk,165,11,2,Over
2,talk,166,11,14,Over
2,talk,167,11,11,Over
2,talk,168,12,4,Over
2,talk,169,12,14,Over
2,talk,170,12,12,Over
2,talk,171,12,13,Over
2,talk,172,12,5,Over
2,talk,173,12,3,Over
2,talk,174,12,10,Over
2,talk,175,12,7,Over
2,talk,176,12,2,Over
2,talk,177,12,1,Over
2,talk,178,12,11,Over
2,talk,179,12,6,Over
2,talk,180,12,15,Over
2,talk,181,12,9,Over
2,vote,1,15
2,vote,2,15
2,vote,3,15
2,vote,4,11
2,vote,5,15
2,vote,6,15
2,vote,7,15
2,vote,9,6
2,vote,10,11
2,vote,11,7
2,vote,12,15
2,vote,13,15
2,vote,14,7
2,vote,15,7
2,execute,15,WEREWOLF
2,divine,9,3,HUMAN
2,guard,12,9,SEER
2,attackVote,7,9
2,attack,9,false
3,status,1,VILLAGER,ALIVE,Tomato6
3,status,2,VILLAGER,ALIVE,Tomato7
3,status,3,VILLAGER,ALIVE,Takeda11
3,status,4,VILLAGER,ALIVE,OKAMI
3,status,5,POSSESSED,ALIVE,HALU
3,status,6,VILLAGER,ALIVE,sample_py
3,status,7,WEREWOLF,ALIVE,TOKU3
3,status,8,WEREWOLF,DEAD,sample_py
3,status,9,SEER,ALIVE,SampleJava13
3,status,10,VILLAGER,ALIVE,HALU
3,status,11,VILLAGER,ALIVE,SampleJava5
3,status,12,BODYGUARD,ALIVE,Tomato4
3,status,13,VILLAGER,ALIVE,TOKU1
3,status,14,MEDIUM,ALIVE,SampleJava14
3,status,15,WEREWOLF,DEAD,TOKU8
3,talk,0,0,1,VOTE Agent[09]
3,talk,1,0,4,VOTE Agent[11]
3,talk,2,0,5,DIVINED Agent[11] WEREWOLF
3,talk,3,0,12,VOTE Agent[09]
3,talk,4,0,11,BECAUSE (AND (COMINGOUT Agent[11] VILLAGER) (DAY 3 (Agent[05] DIVINED Agent[11] WEREWOLF))) (XOR (ESTIMATE Agent[05] WEREWOLF) (ESTIMATE Agent[05] POSSESSED))
3,talk,5,0,6,VOTE Agent[11]
3,talk,6,0,3,VOTE Agent[07]
3,talk,7,0,9,DAY 3 (DIVINED Agent[03] HUMAN)
3,talk,8,0,7,VOTE Agent[13]
3,talk,9,0,13,VOTE Agent[07]
3,talk,10,0,10,VOTE Agent[04]
3,talk,11,0,2,VOTE Agent[09]
3,talk,12,0,14,DAY 3 (IDENTIFIED Agent[15] WEREWOLF)
3,talk,13,1,4,COMINGOUT Agent[04] VILLAGER
3,talk,14,1,14,IDENTIFIED Agent[15] WEREWOLF
3,talk,15,1,9,DIVINED Agent[03] HUMAN
3,talk,16,1,7,Skip
3,talk,17,1,5,VOTE Agent[11]
3,talk,18,1,6,Skip
3,talk,19,1,3,Skip
3,talk,20,1,10,VOTE Agent[04]
3,talk,21,1,13,Skip
3,talk,22,1,1,Skip
3,talk,23,1,11,BECAUSE (XOR (ESTIMATE Agent[05] WEREWOLF) (ESTIMATE Agent[05] POSSESSED)) (AND (VOTE Agent[05]) (REQUEST ANY (VOTE Agent[05])))
3,talk,24,1,12,Skip
3,talk,25,1,2,Skip
3,talk,26,2,11,VOTE Agent[05]
3,talk,27,2,4,VOTE Agent[11]
3,talk,28,2,1,Skip
3,talk,29,2,12,Skip
3,talk,30,2,7,VOTE Agent[10]
3,talk,31,2,14,VOTE Agent[04]
3,talk,32,2,9,VOTE Agent[14]
3,talk,33,2,10,VOTE Agent[11]
3,talk,34,2,5,VOTE Agent[11]
3,talk,35,2,2,Skip
3,talk,36,2,3,Skip
3,talk,37,2,13,Skip
3,talk,38,2,6,Skip
3,talk,39,3,7,VOTE Agent[13]
3,talk,40,3,13,Over
3,talk,41,3,4,VOTE Agent[11]
3,talk,42,3,14,REQUEST ANY (VOTE Agent[04])
3,talk,43,3,6,Over
3,talk,44,3,9,REQUEST ANY (VOTE Agent[14])
3,talk,45,3,12,Over
3,talk,46,3,3,Over
3,talk,47,3,11,REQUEST ANY (VOTE Agent[05])
3,talk,48,3,2,Over
3,talk,49,3,5,VOTE Agent[11]
3,talk,50,3,1,Over
3,talk,51,3,10,VOTE Agent[11]
3,talk,52,4,10,VOTE Agent[11]
3,talk,53,4,11,Skip
3,talk,54,4,14,Skip
3,talk,55,4,7,Skip
3,talk,56,4,2,Over
3,talk,57,4,3,Over
3,talk,58,4,4,VOTE Agent[11]
3,talk,59,4,5,VOTE Agent[11]
3,talk,60,4,6,Over
3,talk,61,4,13,Over
3,talk,62,4,9,Skip
3,talk,63,4,12,Over
3,talk,64,4,1,Over
3,talk,65,5,12,Over
3,talk,66,5,9,Skip
3,talk,67,5,14,Skip
3,talk,68,5,6,Over
3,talk,69,5,13,Over
3,talk,70,5,3,Over
3,talk,71,5,5,VOTE Agent[11]
3,talk,72,5,4,VOTE Agent[11]
3,talk,73,5,11,Skip
3,talk,74,5,7,Skip
3,talk,75,5,2,Over
3,talk,76,5,1,Over
3,talk,77,5,10,VOTE Agent[04]
3,talk,78,6,3,Over
3,talk,79,6,14,Over
3,talk,80,6,9,Over
3,talk,81,6,13,Over
3,talk,82,6,1,Over
3,talk,83,6,10,VOTE Agent[04]
3,talk,84,6,12,Over
3,talk,85,6,7,Over
3,talk,86,6,5,VOTE Agent[11]
3,talk,87,6,4,VOTE Agent[11]
3,talk,88,6,2,Over
3,talk,89,6,11,Over
3,talk,90,6,6,Over
3,talk,91,7,12,Over
3,talk,92,7,1,Over
3,talk,93,7,3,Over
3,talk,94,7,11,Over
3,talk,95,7,2,Over
3,talk,96,7,6,Over
3,talk,97,7,10,VOTE Agent[11]
3,talk,98,7,5,VOTE Agent[11]
3,talk,99,7,9,Over
3,talk,100,7,4,VOTE Agent[11]
3,talk,101,7,7,Over
3,talk,102,7,14,Over
3,talk,103,7,13,Over
3,talk,104,8,6,Over
3,talk,105,8,3,Over
3,talk,106,8,14,Over
3,talk,107,8,1,Over
3,talk,108,8,11,Over
3,talk,109,8,12,Over
3,talk,110,8,13,Over
3,talk,111,8,5,VOTE Agent[11]
3,talk,112,8,10,VOTE Agent[11]
3,talk,113,8,7,Over
3,talk,114,8,4,VOTE Agent[11]
3,talk,115,8,9,Over
3,talk,116,8,2,Over
3,talk,117,9,12,Over
3,talk,118,9,1,Over
3,talk,119,9,2,Over
3,talk,120,9,9,Over
3,talk,121,9,3,Over
3,talk,122,9,4,Over
3,talk,123,9,10,Over
3,talk,124,9,11,Over
3,talk,125,9,7,Over
3,talk,126,9,14,Over
3,talk,127,9,6,Over
3,talk,128,9,13,Over
3,talk,129,9,5,Over
3,vote,1,9
3,vote,2,9
3,vote,3,7
3,vote,4,11
3,vote,5,11
3,vote,6,11
3,vote,7,13
3,vote,9,4
3,vote,10,4
3,vote,11,5
3,vote,12,9
3,vote,13,7
3,vote,14,5
3,vote,1,9
3,vote,2,9
3,vote,3,7
3,vote,4,11
3,vote,5,11
3,vote,6,11
3,vote,7,13
3,vote,9,11
3,vote,10,4
3,vote,11,9
3,vote,12,9
3,vote,13,7
3,vote,14,9
3,execute,9,SEER
3,guard,12,5,POSSESSED
3,attackVote,7,5
3,attack,5,false
4,status,1,VILLAGER,ALIVE,Tomato6
4,status,2,VILLAGER,ALIVE,Tomato7
4,status,3,VILLAGER,ALIVE,Takeda11
4,status,4,VILLAGER,ALIVE,OKAMI
4,status,5,POSSESSED,ALIVE,HALU
4,status,6,VILLAGER,ALIVE,sample_py
4,status,7,WEREWOLF,ALIVE,TOKU3
4,status,8,WEREWOLF,DEAD,sample_py
4,status,9,SEER,DEAD,SampleJava13
4,status,10,VILLAGER,ALIVE,HALU
4,status,11,VILLAGER,ALIVE,SampleJava5
4,status,12,BODYGUARD,ALIVE,Tomato4
4,status,13,VILLAGER,ALIVE,TOKU1
4,status,14,MEDIUM,ALIVE,SampleJava14
4,status,15,WEREWOLF,DEAD,TOKU8
4,talk,0,0,11,BECAUSE (AND (COMINGOUT Agent[11] VILLAGER) (DAY 3 (Agent[05] DIVINED Agent[11] WEREWOLF))) (XOR (ESTIMATE Agent[05] WEREWOLF) (ESTIMATE Agent[05] POSSESSED))
4,talk,1,0,5,DIVINED Agent[01] HUMAN
4,talk,2,0,1,VOTE Agent[14]
4,talk,3,0,7,VOTE Agent[13]
4,talk,4,0,14,DAY 4 (IDENTIFIED Agent[09] HUMAN)
4,talk,5,0,13,VOTE Agent[07]
4,talk,6,0,12,VOTE Agent[14]
4,talk,7,0,4,VOTE Agent[11]
4,talk,8,0,3,VOTE Agent[07]
4,talk,9,0,6,VOTE Agent[11]
4,talk,10,0,2,VOTE Agent[14]
4,talk,11,0,10,VOTE Agent[04]
4,talk,12,1,7,VOTE Agent[11]
4,talk,13,1,14,IDENTIFIED Agent[09] HUMAN
4,talk,14,1,5,VOTE Agent[11]
4,talk,15,1,6,Skip
4,talk,16,1,1,Skip
4,talk,17,1,13,VOTE Agent[11]
4,talk,18,1,10,VOTE Agent[04]
4,talk,19,1,2,Skip
4,talk,20,1,11,BECAUSE (XOR (ESTIMATE Agent[05] WEREWOLF) (ESTIMATE Agent[05] POSSESSED)) (AND (VOTE Agent[05]) (REQUEST ANY (VOTE Agent[05])))
4,talk,21,1,4,COMINGOUT Agent[04] VILLAGER
4,talk,22,1,12,Skip
4,talk,23,1,3,VOTE Agent[11]
4,talk,24,2,12,Skip
4,talk,25,2,10,VOTE Agent[11]
4,talk,26,2,5,VOTE Agent[11]
4,talk,27,2,11,VOTE Agent[05]
4,talk,28,2,3,VOTE Agent[07]
4,talk,29,2,2,Skip
4,talk,30,2,1,Skip
4,talk,31,2,14,VOTE Agent[05]
4,talk,32,2,13,VOTE Agent[07]
4,talk,33,2,7,Skip
4,talk,34,2,6,Skip
4,talk,35,2,4,VOTE Agent[11]
4,talk,36,3,5,VOTE Agent[11]
4,talk,37,3,1,Over
4,talk,38,3,14,REQUEST ANY (VOTE Agent[05])
4,talk,39,3,10,VOTE Agent[04]
4,talk,40,3,6,Over
4,talk,41,3,13,Skip
4,talk,42,3,2,Over
4,talk,43,3,3,Skip
4,talk,44,3,11,REQUEST ANY (VOTE Agent[05])
4,talk,45,3,7,Skip
4,talk,46,3,12,Over
4,talk,47,3,4,VOTE Agent[11]
4,talk,48,4,2,Over
4,talk,49,4,13,Skip
4,talk,50,4,6,Over
4,talk,51,4,14,Skip
4,talk,52,4,3,Skip
4,talk,53,4,4,VOTE Agent[11]
4,talk,54,4,11,Skip
4,talk,55,4,10,VOTE Agent[11]
4,talk,56,4,1,Over
4,talk,57,4,7,Over
4,talk,58,4,5,VOTE Agent[11]
4,talk,59,4,12,Over
4,talk,60,5,1,Over
4,talk,61,5,11,Skip
4,talk,62,5,13,Over
4,talk,63,5,3,Over
4,talk,64,5,12,Over
4,talk,65,5,7,Over
4,talk,66,5,4,VOTE Agent[11]
4,talk,67,5,2,Over
4,talk,68,5,6,Over
4,talk,69,5,5,VOTE Agent[11]
4,talk,70,5,10,VOTE Agent[11]
4,talk,71,5,14,Skip
4,talk,72,6,7,Over
4,talk,73,6,2,Over
4,talk,74,6,5,VOTE Agent[11]
4,talk,75,6,4,VOTE Agent[11]
4,talk,76,6,1,Over
4,talk,77,6,10,VOTE Agent[11]
4,talk,78,6,6,Over
4,talk,79,6,12,Over
4,talk,80,6,11,Over
4,talk,81,6,3,Over
4,talk,82,6,14,Over
4,talk,83,6,13,Over
4,talk,84,7,2,Over
4,talk,85,7,6,Over
4,talk,86,7,11,Over
4,talk,87,7,5,VOTE Agent[11]
4,talk,88,7,4,VOTE Agent[11]
4,talk,89,7,7,Over
4,talk,90,7,12,Over
4,talk,91,7,1,Over
4,talk,92,7,3,Over
4,talk,93,7,14,Over
4,talk,94,7,13,Over
4,talk,95,7,10,VOTE Agent[04]
4,talk,96,8,11,Over
4,talk,97,8,6,Over
4,talk,98,8,14,Over
4,talk,99,8,5,VOTE Agent[11]
4,talk,100,8,4,VOTE Agent[11]
4,talk,101,8,3,Over
4,talk,102,8,12,Over
4,talk,103,8,7,Over
4,talk,104,8,2,Over
4,talk,105,8,1,Over
4,talk,106,8,10,VOTE Agent[04]
4,talk,107,8,13,Over
4,talk,108,9,13,Over
4,talk,109,9,6,Over
4,talk,110,9,4,Over
4,talk,111,9,12,Over
4,talk,112,9,10,Over
4,talk,113,9,1,Over
4,talk,114,9,3,Over
4,talk,115,9,2,Over
4,talk,116,9,11,Over
4,talk,117,9,5,Over
4,talk,118,9,14,Over
4,talk,119,9,7,Over
4,vote,1,14
4,vote,2,14
4,vote,3,7
4,vote,4,11
4,vote,5,11
4,vote,6,11
4,vote,7,11
4,vote,10,11
4,vote,11,5
4,vote,12,14
4,vote,13,7
4,vote,14,5
4,execute,11,VILLAGER
4,guard,12,5,POSSESSED
4,attackVote,7,5
4,attack,5,false
5,status,1,VILLAGER,ALIVE,Tomato6
5,status,2,VILLAGER,ALIVE,Tomato7
5,status,3,VILLAGER,ALIVE,Takeda11
5,status,4,VILLAGER,ALIVE,OKAMI
5,status,5,POSSESSED,ALIVE,HALU
5,status,6,VILLAGER,ALIVE,sample_py
5,status,7,WEREWOLF,ALIVE,TOKU3
5,status,8,WEREWOLF,DEAD,sample_py
5,status,9,SEER,DEAD,SampleJava13
5,status,10,VILLAGER,ALIVE,HALU
5,status,11,VILLAGER,DEAD,SampleJava5
5,status,12,BODYGUARD,ALIVE,Tomato4
5,status,13,VILLAGER,ALIVE,TOKU1
5,status,14,MEDIUM,ALIVE,SampleJava14
5,status,15,WEREWOLF,DEAD,TOKU8
5,talk,0,0,3,VOTE Agent[07]
5,talk,1,0,7,VOTE Agent[10]
5,talk,2,0,6,VOTE Agent[01]
5,talk,3,0,5,DIVINED Agent[03] WEREWOLF
5,talk,4,0,4,VOTE Agent[03]
5,talk,5,0,10,VOTE Agent[04]
5,talk,6,0,14,DAY 5 (IDENTIFIED Agent[11] HUMAN)
5,talk,7,0,12,VOTE Agent[14]
5,talk,8,0,1,VOTE Agent[14]
5,talk,9,0,13,VOTE Agent[07]
5,talk,10,0,2,VOTE Agent[14]
5,talk,11,1,12,Skip
5,talk,12,1,6,VOTE Agent[03]
5,talk,13,1,14,IDENTIFIED Agent[11] HUMAN
5,talk,14,1,10,VOTE Agent[04]
5,talk,15,1,4,COMINGOUT Agent[04] VILLAGER
5,talk,16,1,2,Skip
5,talk,17,1,5,VOTE Agent[03]
5,talk,18,1,13,Skip
5,talk,19,1,7,Skip
5,talk,20,1,1,Skip
5,talk,21,1,3,Skip
5,talk,22,2,2,Skip
5,talk,23,2,4,VOTE Agent[03]
5,talk,24,2,7,Skip
5,talk,25,2,5,VOTE Agent[03]
5,talk,26,2,1,Skip
5,talk,27,2,13,Skip
5,talk,28,2,14,VOTE Agent[05]
5,talk,29,2,6,Skip
5,talk,30,2,10,VOTE Agent[04]
5,talk,31,2,3,Skip
5,talk,32,2,12,Skip
5,talk,33,3,7,Over
5,talk,34,3,5,VOTE Agent[03]
5,talk,35,3,13,Over
5,talk,36,3,6,Skip
5,talk,37,3,12,Over
5,talk,38,3,10,VOTE Agent[04]
5,talk,39,3,2,Over
5,talk,40,3,3,Over
5,talk,41,3,4,VOTE Agent[03]
5,talk,42,3,14,REQUEST ANY (VOTE Agent[05])
5,talk,43,3,1,Over
5,talk,44,4,7,Over
5,talk,45,4,2,Over
5,talk,46,4,12,Over
5,talk,47,4,3,Over
5,talk,48,4,6,Over
5,talk,49,4,5,VOTE Agent[03]
5,talk,50,4,1,Over
5,talk,51,4,4,VOTE Agent[03]
5,talk,52,4,14,Skip
5,talk,53,4,13,Over
5,talk,54,4,10,VOTE Agent[04]
5,talk,55,5,4,VOTE Agent[03]
5,talk,56,5,5,VOTE Agent[03]
5,talk,57,5,12,Over
5,talk,58,5,2,Over
5,talk,59,5,1,Over
5,talk,60,5,10,VOTE Agent[04]
5,talk,61,5,3,Over
5,talk,62,5,6,Over
5,talk,63,5,14,Skip
5,talk,64,5,13,Over
5,talk,65,5,7,Over
5,talk,66,6,10,VOTE Agent[04]
5,talk,67,6,14,Over
5,talk,68,6,5,VOTE Agent[03]
5,talk,69,6,1,Over
5,talk,70,6,2,Over
5,talk,71,6,6,Over
5,talk,72,6,3,Over
5,talk,73,6,4,VOTE Agent[03]
5,talk,74,6,7,Over
5,talk,75,6,13,Over
5,talk,76,6,12,Over
5,talk,77,7,10,VOTE Agent[04]
5,talk,78,7,7,Over
5,talk,79,7,4,VOTE Agent[03]
5,talk,80,7,13,Over
5,talk,81,7,12,Over
5,talk,82,7,5,VOTE Agent[03]
5,talk,83,7,14,Over
5,talk,84,7,3,Over
5,talk,85,7,1,Over
5,talk,86,7,6,Over
5,talk,87,7,2,Over
5,talk,88,8,14,Over
5,talk,89,8,6,Over
5,talk,90,8,12,Over
5,talk,91,8,5,VOTE Agent[03]
5,talk,92,8,4,VOTE Agent[03]
5,talk,93,8,1,Over
5,talk,94,8,10,VOTE Agent[04]
5,talk,95,8,3,Over
5,talk,96,8,13,Over
5,talk,97,8,7,Over
5,talk,98,8,2,Over
5,talk,99,9,13,Over
5,talk,100,9,14,Over
5,talk,101,9,5,Over
5,talk,102,9,10,Over
5,talk,103,9,1,Over
5,talk,104,9,3,Over
5,talk,105,9,4,Over
5,talk,106,9,12,Over
5,talk,107,9,7,Over
5,talk,108,9,2,Over
5,talk,109,9,6,Over
5,vote,1,14
5,vote,2,14
5,vote,3,7
5,vote,4,3
5,vote,5,3
5,vote,6,3
5,vote,7,10
5,vote,10,4
5,vote,12,14
5,vote,13,7
5,vote,14,5
5,vote,1,14
5,vote,2,14
5,vote,3,7
5,vote,4,3
5,vote,5,3
5,vote,6,3
5,vote,7,10
5,vote,10,4
5,vote,12,14
5,vote,13,7
5,vote,14,3
5,execute,3,VILLAGER
5,guard,12,5,POSSESSED
5,attackVote,7,5
5,attack,5,false
6,status,1,VILLAGER,ALIVE,Tomato6
6,status,2,VILLAGER,ALIVE,Tomato7
6,status,3,VILLAGER,DEAD,Takeda11
6,status,4,VILLAGER,ALIVE,OKAMI
6,status,5,POSSESSED,ALIVE,HALU
6,status,6,VILLAGER,ALIVE,sample_py
6,status,7,WEREWOLF,ALIVE,TOKU3
6,status,8,WEREWOLF,DEAD,sample_py
6,status,9,SEER,DEAD,SampleJava13
6,status,10,VILLAGER,ALIVE,HALU
6,status,11,VILLAGER,DEAD,SampleJava5
6,status,12,BODYGUARD,ALIVE,Tomato4
6,status,13,VILLAGER,ALIVE,TOKU1
6,status,14,MEDIUM,ALIVE,SampleJava14
6,status,15,WEREWOLF,DEAD,TOKU8
6,talk,0,0,14,DAY 6 (IDENTIFIED Agent[03] HUMAN)
6,talk,1,0,10,VOTE Agent[04]
6,talk,2,0,4,VOTE Agent[12]
6,talk,3,0,5,DIVINED Agent[01] WEREWOLF
6,talk,4,0,2,VOTE Agent[14]
6,talk,5,0,12,VOTE Agent[14]
6,talk,6,0,6,VOTE Agent[01]
6,talk,7,0,7,VOTE Agent[10]
6,talk,8,0,1,VOTE Agent[14]
6,talk,9,0,13,VOTE Agent[07]
6,talk,10,1,5,VOTE Agent[01]
6,talk,11,1,7,Skip
6,talk,12,1,2,Skip
6,talk,13,1,14,IDENTIFIED Agent[03] HUMAN
6,talk,14,1,10,VOTE Agent[04]
6,talk,15,1,1,Skip
6,talk,16,1,4,COMINGOUT Agent[04] VILLAGER
6,talk,17,1,6,Skip
6,talk,18,1,13,Skip
6,talk,19,1,12,Skip
6,talk,20,2,4,VOTE Agent[07]
6,talk,21,2,13,Skip
6,talk,22,2,1,Skip
6,talk,23,2,10,VOTE Agent[04]
6,talk,24,2,2,Skip
6,talk,25,2,12,Skip
6,talk,26,2,14,VOTE Agent[05]
6,talk,27,2,6,Skip
6,talk,28,2,5,VOTE Agent[01]
6,talk,29,2,7,Skip
6,talk,30,3,4,VOTE Agent[10]
6,talk,31,3,14,REQUEST ANY (VOTE Agent[05])
6,talk,32,3,7,Over
6,talk,33,3,5,VOTE Agent[01]
6,talk,34,3,12,Over
6,talk,35,3,2,Over
6,talk,36,3,1,Over
6,talk,37,3,13,Over
6,talk,38,3,10,VOTE Agent[04]
6,talk,39,3,6,Over
6,talk,40,4,13,Over
6,talk,41,4,7,Over
6,talk,42,4,12,Over
6,talk,43,4,2,Over
6,talk,44,4,14,Skip
6,talk,45,4,10,VOTE Agent[04]
6,talk,46,4,4,VOTE Agent[10]
6,talk,47,4,6,Over
6,talk,48,4,5,VOTE Agent[01]
6,talk,49,4,1,Over
6,talk,50,5,13,Over
6,talk,51,5,14,Skip
6,talk,52,5,12,Over
6,talk,53,5,7,Over
6,talk,54,5,5,VOTE Agent[01]
6,talk,55,5,6,Over
6,talk,56,5,10,VOTE Agent[04]
6,talk,57,5,4,VOTE Agent[07]
6,talk,58,5,2,Over
6,talk,59,5,1,Over
6,talk,60,6,6,Over
6,talk,61,6,2,Over
6,talk,62,6,12,Over
6,talk,63,6,5,VOTE Agent[01]
6,talk,64,6,4,VOTE Agent[07]
6,talk,65,6,1,Over
6,talk,66,6,13,Over
6,talk,67,6,10,VOTE Agent[04]
6,talk,68,6,14,Over
6,talk,69,6,7,Over
6,talk,70,7,14,Over
6,talk,71,7,12,Over
6,talk,72,7,6,Over
6,talk,73,7,5,VOTE Agent[01]
6,talk,74,7,4,VOTE Agent[10]
6,talk,75,7,13,Over
6,talk,76,7,10,VOTE Agent[04]
6,talk,77,7,2,Over
6,talk,78,7,7,Over
6,talk,79,7,1,Over
6,talk,80,8,14,Over
6,talk,81,8,7,Over
6,talk,82,8,1,Over
6,talk,83,8,10,VOTE Agent[04]
6,talk,84,8,2,Over
6,talk,85,8,4,VOTE Agent[07]
6,talk,86,8,6,Over
6,talk,87,8,13,Over
6,talk,88,8,5,VOTE Agent[01]
6,talk,89,8,12,Over
6,talk,90,9,10,Over
6,talk,91,9,13,Over
6,talk,92,9,2,Over
6,talk,93,9,1,Over
6,talk,94,9,4,Over
6,talk,95,9,6,Over
6,talk,96,9,14,Over
6,talk,97,9,12,Over
6,talk,98,9,7,Over
6,talk,99,9,5,Over
6,vote,1,14
6,vote,2,14
6,vote,4,7
6,vote,5,1
6,vote,6,1
6,vote,7,10
6,vote,10,4
6,vote,12,14
6,vote,13,7
6,vote,14,5
6,execute,14,MEDIUM
6,guard,12,5,POSSESSED
6,attackVote,7,5
6,attack,5,false
7,status,1,VILLAGER,ALIVE,Tomato6
7,status,2,VILLAGER,ALIVE,Tomato7
7,status,3,VILLAGER,DEAD,Takeda11
7,status,4,VILLAGER,ALIVE,OKAMI
7,status,5,POSSESSED,ALIVE,HALU
7,status,6,VILLAGER,ALIVE,sample_py
7,status,7,WEREWOLF,ALIVE,TOKU3
7,status,8,WEREWOLF,DEAD,sample_py
7,status,9,SEER,DEAD,SampleJava13
7,status,10,VILLAGER,ALIVE,HALU
7,status,11,VILLAGER,DEAD,SampleJava5
7,status,12,BODYGUARD,ALIVE,Tomato4
7,status,13,VILLAGER,ALIVE,TOKU1
7,status,14,MEDIUM,DEAD,SampleJava14
7,status,15,WEREWOLF,DEAD,TOKU8
7,talk,0,0,10,VOTE Agent[04]
7,talk,1,0,13,VOTE Agent[07]
7,talk,2,0,6,VOTE Agent[01]
7,talk,3,0,7,VOTE Agent[10]
7,talk,4,0,5,DIVINED Agent[12] HUMAN
7,talk,5,0,1,VOTE Agent[12]
7,talk,6,0,12,VOTE Agent[01]
7,talk,7,0,4,VOTE Agent[10]
7,talk,8,0,2,VOTE Agent[12]
7,talk,9,1,6,Skip
7,talk,10,1,5,VOTE Agent[01]
7,talk,11,1,4,COMINGOUT Agent[04] VILLAGER
7,talk,12,1,13,Skip
7,talk,13,1,12,Skip
7,talk,14,1,2,Skip
7,talk,15,1,10,VOTE Agent[04]
7,talk,16,1,1,Skip
7,talk,17,1,7,VOTE Agent[13]
7,talk,18,2,6,Skip
7,talk,19,2,10,VOTE Agent[04]
7,talk,20,2,4,VOTE Agent[12]
7,talk,21,2,5,VOTE Agent[01]
7,talk,22,2,2,Skip
7,talk,23,2,13,Skip
7,talk,24,2,7,Skip
7,talk,25,2,1,Skip
7,talk,26,2,12,Skip
7,talk,27,3,2,Over
7,talk,28,3,10,VOTE Agent[04]
7,talk,29,3,1,Over
7,talk,30,3,4,VOTE Agent[12]
7,talk,31,3,7,Skip
7,talk,32,3,13,Over
7,talk,33,3,6,Over
7,talk,34,3,5,VOTE Agent[01]
7,talk,35,3,12,Over
7,talk,36,4,13,Over
7,talk,37,4,2,Over
7,talk,38,4,1,Over
7,talk,39,4,10,VOTE Agent[04]
7,talk,40,4,4,VOTE Agent[12]
7,talk,41,4,5,VOTE Agent[01]
7,talk,42,4,12,Over
7,talk,43,4,7,Over
7,talk,44,4,6,Over
7,talk,45,5,1,Over
7,talk,46,5,12,Over
7,talk,47,5,7,Over
7,talk,48,5,2,Over
7,talk,49,5,13,Over
7,talk,50,5,5,VOTE Agent[01]
7,talk,51,5,6,Over
7,talk,52,5,4,VOTE Agent[12]
7,talk,53,5,10,VOTE Agent[04]
7,talk,54,6,4,VOTE Agent[12]
7,talk,55,6,10,VOTE Agent[04]
7,talk,56,6,2,Over
7,talk,57,6,7,Over
7,talk,58,6,12,Over
7,talk,59,6,1,Over
7,talk,60,6,6,Over
7,talk,61,6,5,VOTE Agent[01]
7,talk,62,6,13,Over
7,talk,63,7,5,VOTE Agent[01]
7,talk,64,7,12,Over
7,talk,65,7,10,VOTE Agent[04]
7,talk,66,7,2,Over
7,talk,67,7,13,Over
7,talk,68,7,7,Over
7,talk,69,7,4,VOTE Agent[12]
7,talk,70,7,1,Over
7,talk,71,7,6,Over
7,talk,72,8,2,Over
7,talk,73,8,12,Over
7,talk,74,8,1,Over
7,talk,75,8,10,VOTE Agent[04]
7,talk,76,8,5,VOTE Agent[01]
7,talk,77,8,4,VOTE Agent[12]
7,talk,78,8,7,Over
7,talk,79,8,13,Over
7,talk,80,8,6,Over
7,talk,81,9,4,Over
7,talk,82,9,5,Over
7,talk,83,9,1,Over
7,talk,84,9,2,Over
7,talk,85,9,7,Over
7,talk,86,9,12,Over
7,talk,87,9,10,Over
7,talk,88,9,6,Over
7,talk,89,9,13,Over
7,vote,1,12
7,vote,2,12
7,vote,4,12
7,vote,5,1
7,vote,6,1
7,vote,7,13
7,vote,10,4
7,vote,12,1
7,vote,13,7
7,vote,1,12
7,vote,2,12
7,vote,4,12
7,vote,5,1
7,vote,6,1
7,vote,7,13
7,vote,10,4
7,vote,12,1
7,vote,13,7
7,execute,1,VILLAGER
7,guard,12,5,POSSESSED
7,attackVote,7,5
7,attack,5,false
8,status,1,VILLAGER,DEAD,Tomato6
8,status,2,VILLAGER,ALIVE,Tomato7
8,status,3,VILLAGER,DEAD,Takeda11
8,status,4,VILLAGER,ALIVE,OKAMI
8,status,5,POSSESSED,ALIVE,HALU
8,status,6,VILLAGER,ALIVE,sample_py
8,status,7,WEREWOLF,ALIVE,TOKU3
8,status,8,WEREWOLF,DEAD,sample_py
8,status,9,SEER,DEAD,SampleJava13
8,status,10,VILLAGER,ALIVE,HALU
8,status,11,VILLAGER,DEAD,SampleJava5
8,status,12,BODYGUARD,ALIVE,Tomato4
8,status,13,VILLAGER,ALIVE,TOKU1
8,status,14,MEDIUM,DEAD,SampleJava14
8,status,15,WEREWOLF,DEAD,TOKU8
8,talk,0,0,12,VOTE Agent[06]
8,talk,1,0,5,DIVINED Agent[02] WEREWOLF
8,talk,2,0,6,VOTE Agent[02]
8,talk,3,0,10,VOTE Agent[04]
8,talk,4,0,7,VOTE Agent[13]
8,talk,5,0,2,VOTE Agent[12]
8,talk,6,0,13,VOTE Agent[07]
8,talk,7,0,4,VOTE Agent[12]
8,talk,8,1,10,VOTE Agent[04]
8,talk,9,1,6,Skip
8,talk,10,1,12,Skip
8,talk,11,1,5,VOTE Agent[02]
8,talk,12,1,13,Skip
8,talk,13,1,4,COMINGOUT Agent[04] VILLAGER
8,talk,14,1,7,Skip
8,talk,15,1,2,Skip
8,talk,16,2,4,VOTE Agent[06]
8,talk,17,2,2,Skip
8,talk,18,2,7,Skip
8,talk,19,2,12,Skip
8,talk,20,2,6,Skip
8,talk,21,2,5,VOTE Agent[02]
8,talk,22,2,13,Skip
8,talk,23,2,10,VOTE Agent[04]
8,talk,24,3,5,VOTE Agent[02]
8,talk,25,3,4,VOTE Agent[07]
8,talk,26,3,6,Over
8,talk,27,3,2,Over
8,talk,28,3,13,Over
8,talk,29,3,7,Over
8,talk,30,3,12,Over
8,talk,31,3,10,VOTE Agent[04]
8,talk,32,4,6,Over
8,talk,33,4,7,Over
8,talk,34,4,10,VOTE Agent[04]
8,talk,35,4,5,VOTE Agent[02]
8,talk,36,4,12,Over
8,talk,37,4,4,VOTE Agent[06]
8,talk,38,4,13,Over
8,talk,39,4,2,Over
8,talk,40,5,10,VOTE Agent[04]
8,talk,41,5,2,Over
8,talk,42,5,6,Over
8,talk,43,5,5,VOTE Agent[02]
8,talk,44,5,13,Over
8,talk,45,5,7,Over
8,talk,46,5,4,VOTE Agent[13]
8,talk,47,5,12,Over
8,talk,48,6,13,Over
8,talk,49,6,5,VOTE Agent[02]
8,talk,50,6,4,VOTE Agent[12]
8,talk,51,6,2,Over
8,talk,52,6,6,Over
8,talk,53,6,12,Over
8,talk,54,6,7,Over
8,talk,55,6,10,VOTE Agent[04]
8,talk,56,7,5,VOTE Agent[02]
8,talk,57,7,12,Over
8,talk,58,7,4,VOTE Agent[13]
8,talk,59,7,10,VOTE Agent[04]
8,talk,60,7,6,Over
8,talk,61,7,7,Over
8,talk,62,7,13,Over
8,talk,63,7,2,Over
8,talk,64,8,5,VOTE Agent[02]
8,talk,65,8,2,Over
8,talk,66,8,13,Over
8,talk,67,8,12,Over
8,talk,68,8,7,Over
8,talk,69,8,4,VOTE Agent[07]
8,talk,70,8,10,VOTE Agent[04]
8,talk,71,8,6,Over
8,talk,72,9,5,Over
8,talk,73,9,10,Over
8,talk,74,9,2,Over
8,talk,75,9,7,Over
8,talk,76,9,13,Over
8,talk,77,9,12,Over
8,talk,78,9,4,Over
8,talk,79,9,6,Over
8,vote,2,12
8,vote,4,7
8,vote,5,2
8,vote,6,2
8,vote,7,13
8,vote,10,4
8,vote,12,6
8,vote,13,7
8,vote,2,12
8,vote,4,12
8,vote,5,2
8,vote,6,2
8,vote,7,13
8,vote,10,4
8,vote,12,6
8,vote,13,7
8,execute,2,VILLAGER
8,guard,12,5,POSSESSED
8,attackVote,7,5
8,attack,5,false
9,status,1,VILLAGER,DEAD,Tomato6
9,status,2,VILLAGER,DEAD,Tomato7
9,status,3,VILLAGER,DEAD,Takeda11
9,status,4,VILLAGER,ALIVE,OKAMI
9,status,5,POSSESSED,ALIVE,HALU
9,status,6,VILLAGER,ALIVE,sample_py
9,status,7,WEREWOLF,ALIVE,TOKU3
9,status,8,WEREWOLF,DEAD,sample_py
9,status,9,SEER,DEAD,SampleJava13
9,status,10,VILLAGER,ALIVE,HALU
9,status,11,VILLAGER,DEAD,SampleJava5
9,status,12,BODYGUARD,ALIVE,Tomato4
9,status,13,VILLAGER,ALIVE,TOKU1
9,status,14,MEDIUM,DEAD,SampleJava14
9,status,15,WEREWOLF,DEAD,TOKU8
9,talk,0,0,13,VOTE Agent[07]
9,talk,1,0,5,COMINGOUT Agent[05] POSSESSED
9,talk,2,0,6,VOTE Agent[10]
9,talk,3,0,12,VOTE Agent[06]
9,talk,4,0,10,VOTE Agent[06]
9,talk,5,0,7,VOTE Agent[13]
9,talk,6,0,4,VOTE Agent[06]
9,talk,7,1,10,VOTE Agent[06]
9,talk,8,1,4,COMINGOUT Agent[04] VILLAGER
9,talk,9,1,7,Skip
9,talk,10,1,6,Skip
9,talk,11,1,13,Skip
9,talk,12,1,5,VOTE Agent[10]
9,talk,13,1,12,Skip
9,talk,14,2,13,Skip
9,talk,15,2,7,Skip
9,talk,16,2,12,Skip
9,talk,17,2,4,VOTE Agent[06]
9,talk,18,2,5,VOTE Agent[04]
9,talk,19,2,6,Skip
9,talk,20,2,10,VOTE Agent[05]
9,talk,21,3,13,Over
9,talk,22,3,6,Over
9,talk,23,3,4,VOTE Agent[06]
9,talk,24,3,7,Over
9,talk,25,3,10,VOTE Agent[05]
9,talk,26,3,12,Over
9,talk,27,3,5,VOTE Agent[07]
9,talk,28,4,6,Over
9,talk,29,4,10,VOTE Agent[05]
9,talk,30,4,7,Over
9,talk,31,4,12,Over
9,talk,32,4,4,VOTE Agent[06]
9,talk,33,4,5,VOTE Agent[04]
9,talk,34,4,13,Over
9,talk,35,5,12,Over
9,talk,36,5,4,VOTE Agent[05]
9,talk,37,5,5,VOTE Agent[04]
9,talk,38,5,10,VOTE Agent[05]
9,talk,39,5,6,Over
9,talk,40,5,13,Over
9,talk,41,5,7,Over
9,talk,42,6,12,Over
9,talk,43,6,7,Over
9,talk,44,6,10,VOTE Agent[05]
9,talk,45,6,4,VOTE Agent[06]
9,talk,46,6,13,Over
9,talk,47,6,6,Over
9,talk,48,6,5,VOTE Agent[04]
9,talk,49,7,12,Over
9,talk,50,7,13,Over
9,talk,51,7,6,Over
9,talk,52,7,10,VOTE Agent[05]
9,talk,53,7,4,VOTE Agent[05]
9,talk,54,7,7,Over
9,talk,55,7,5,VOTE Agent[07]
9,talk,56,8,7,Over
9,talk,57,8,13,Over
9,talk,58,8,12,Over
9,talk,59,8,6,Over
9,talk,60,8,4,VOTE Agent[06]
9,talk,61,8,10,VOTE Agent[05]
9,talk,62,8,5,VOTE Agent[07]
9,talk,63,9,4,Over
9,talk,64,9,13,Over
9,talk,65,9,5,VOTE Agent[07]
9,talk,66,9,10,Over
9,talk,67,9,7,Over
9,talk,68,9,6,Over
9,talk,69,9,12,Over
9,talk,70,10,5,Over
9,talk,71,10,13,Over
9,talk,72,10,10,Over
9,talk,73,10,12,Over
9,talk,74,10,7,Over
9,talk,75,10,4,Over
9,talk,76,10,6,Over
9,vote,4,6
9,vote,5,7
9,vote,6,10
9,vote,7,13
9,vote,10,5
9,vote,12,6
9,vote,13,7
9,vote,4,5
9,vote,5,7
9,vote,6,10
9,vote,7,13
9,vote,10,5
9,vote,12,6
9,vote,13,7
9,execute,7,WEREWOLF
9,guard,12,5,POSSESSED
10,status,1,VILLAGER,DEAD,Tomato6
10,status,2,VILLAGER,DEAD,Tomato7
10,status,3,VILLAGER,DEAD,Takeda11
10,status,4,VILLAGER,ALIVE,OKAMI
10,status,5,POSSESSED,ALIVE,HALU
10,status,6,VILLAGER,ALIVE,sample_py
10,status,7,WEREWOLF,DEAD,TOKU3
10,status,8,WEREWOLF,DEAD,sample_py
10,status,9,SEER,DEAD,SampleJava13
10,status,10,VILLAGER,ALIVE,HALU
10,status,11,VILLAGER,DEAD,SampleJava5
10,status,12,BODYGUARD,ALIVE,Tomato4
10,status,13,VILLAGER,ALIVE,TOKU1
10,status,14,MEDIUM,DEAD,SampleJava14
10,status,15,WEREWOLF,DEAD,TOKU8
10,result,6,0,VILLAGER
