0,status,1,VILLAGER,ALIVE,Tomato6
0,status,2,VILLAGER,ALIVE,Tomato7
0,status,3,MEDIUM,ALIVE,Takeda11
0,status,4,VILLAGER,ALIVE,OKAMI
0,status,5,POSSESSED,ALIVE,HALU
0,status,6,VILLAGER,ALIVE,sample_py
0,status,7,WEREWOLF,ALIVE,TOKU3
0,status,8,VILLAGER,ALIVE,sample_py
0,status,9,WEREWOLF,ALIVE,SampleJava13
0,status,10,BODYGUARD,ALIVE,HALU
0,status,11,VILLAGER,ALIVE,SampleJava5
0,status,12,WEREWOLF,ALIVE,Tomato4
0,status,13,SEER,ALIVE,TOKU1
0,status,14,VILLAGER,ALIVE,SampleJava14
0,status,15,VILLAGER,ALIVE,TOKU8
0,whisper,0,0,9,COMINGOUT Agent[09] MEDIUM
0,whisper,1,0,12,COMINGOUT Agent[12] VILLAGER
0,whisper,2,0,7,Skip
0,whisper,3,1,12,Skip
0,whisper,4,1,9,Skip
0,whisper,5,1,7,Skip
0,whisper,6,2,7,Over
0,whisper,7,2,9,Skip
0,whisper,8,2,12,COMINGOUT Agent[12] SEER
0,whisper,9,3,9,Over
0,whisper,10,3,7,Over
0,whisper,11,3,12,Skip
0,whisper,12,4,7,Over
0,whisper,13,4,9,Over
0,whisper,14,4,12,Skip
0,whisper,15,5,12,Over
0,whisper,16,5,9,Over
0,whisper,17,5,7,Over
0,divine,13,1,HUMAN
1,status,1,VILLAGER,ALIVE,Tomato6
1,status,2,VILLAGER,ALIVE,Tomato7
1,status,3,MEDIUM,ALIVE,Takeda11
1,status,4,VILLAGER,ALIVE,OKAMI
1,status,5,POSSESSED,ALIVE,HALU
1,status,6,VILLAGER,ALIVE,sample_py
1,status,7,WEREWOLF,ALIVE,TOKU3
1,status,8,VILLAGER,ALIVE,sample_py
1,status,9,WEREWOLF,ALIVE,SampleJava13
1,status,10,BODYGUARD,ALIVE,HALU
1,status,11,VILLAGER,ALIVE,SampleJava5
1,status,12,WEREWOLF,ALIVE,Tomato4
1,status,13,SEER,ALIVE,TOKU1
1,status,14,VILLAGER,ALIVE,SampleJava14
1,status,15,VILLAGER,ALIVE,TOKU8
1,talk,0,0,14,VOTE Agent[08]
1,talk,1,0,9,VOTE Agent[11]
1,talk,2,0,7,COMINGOUT Agent[07] SEER
1,talk,3,0,1,VOTE Agent[11]
1,talk,4,0,13,COMINGOUT Agent[13] SEER
1,talk,5,0,3,COMINGOUT Agent[03] MEDIUM
1,talk,6,0,15,VOTE Agent[13]
1,talk,7,0,4,VOTE Agent[08]
1,talk,8,0,2,VOTE Agent[11]
1,talk,9,0,12,COMINGOUT Agent[12] SEER
1,talk,10,0,5,COMINGOUT Agent[05] SEER
1,talk,11,0,11,VOTE Agent[14]
1,talk,12,0,10,VOTE Agent[02]
1,talk,13,0,6,VOTE Agent[02]
1,talk,14,0,8,VOTE Agent[11]
1,talk,15,1,13,DIVINED Agent[01] HUMAN
1,talk,16,1,4,COMINGOUT Agent[04] VILLAGER
1,talk,17,1,15,VOTE Agent[12]
1,talk,18,1,6,Skip
1,talk,19,1,2,Skip
1,talk,20,1,10,VOTE Agent[04]
1,talk,21,1,8,Skip
1,talk,22,1,3,VOTE Agent[12]
1,talk,23,1,7,DIVINED Agent[12] HUMAN
1,talk,24,1,11,REQUEST ANY (VOTE Agent[14])
1,talk,25,1,1,Skip
1,talk,26,1,12,DIVINED Agent[05] HUMAN
1,talk,27,1,14,REQUEST ANY (VOTE Agent[08])
1,talk,28,1,5,DIVINED Agent[02] WEREWOLF
1,talk,29,1,9,REQUEST ANY (VOTE Agent[11])
1,talk,30,2,12,VOTE Agent[11]
1,talk,31,2,1,Skip
1,talk,32,2,14,Skip
1,talk,33,2,5,VOTE Agent[03]
1,talk,34,2,9,COMINGOUT Agent[09] MEDIUM
1,talk,35,2,2,Skip
1,talk,36,2,8,VOTE Agent[02]
1,talk,37,2,4,VOTE Agent[12]
1,talk,38,2,13,VOTE Agent[12]
1,talk,39,2,6,Skip
1,talk,40,2,11,Skip
1,talk,41,2,15,VOTE Agent[07]
1,talk,42,2,3,VOTE Agent[09]
1,talk,43,2,10,VOTE Agent[12]
1,talk,44,2,7,VOTE Agent[05]
1,talk,45,3,10,VOTE Agent[05]
1,talk,46,3,2,Over
1,talk,47,3,8,Skip
1,talk,48,3,15,Skip
1,talk,49,3,12,Skip
1,talk,50,3,9,Skip
1,talk,51,3,5,VOTE Agent[02]
1,talk,52,3,6,Over
1,talk,53,3,1,Over
1,talk,54,3,3,Skip
1,talk,55,3,13,VOTE Agent[12]
1,talk,56,3,7,VOTE Agent[13]
1,talk,57,3,4,VOTE Agent[05]
1,talk,58,3,14,Skip
1,talk,59,3,11,Skip
1,talk,60,4,2,Over
1,talk,61,4,9,Skip
1,talk,62,4,13,VOTE Agent[12]
1,talk,63,4,15,Skip
1,talk,64,4,8,Skip
1,talk,65,4,4,VOTE Agent[12]
1,talk,66,4,12,Skip
1,talk,67,4,6,Over
1,talk,68,4,11,Over
1,talk,69,4,14,Over
1,talk,70,4,3,Skip
1,talk,71,4,7,Skip
1,talk,72,4,1,Over
1,talk,73,4,10,VOTE Agent[12]
1,talk,74,4,5,VOTE Agent[02]
1,talk,75,5,8,Over
1,talk,76,5,5,VOTE Agent[02]
1,talk,77,5,11,Over
1,talk,78,5,2,Over
1,talk,79,5,9,Over
1,talk,80,5,6,Over
1,talk,81,5,10,VOTE Agent[07]
1,talk,82,5,15,Over
1,talk,83,5,13,VOTE Agent[12]
1,talk,84,5,3,Over
1,talk,85,5,7,Skip
1,talk,86,5,14,Over
1,talk,87,5,12,Over
1,talk,88,5,1,Over
1,talk,89,5,4,VOTE Agent[12]
1,talk,90,6,5,VOTE Agent[02]
1,talk,91,6,12,Over
1,talk,92,6,14,Over
1,talk,93,6,10,VOTE Agent[07]
1,talk,94,6,8,Over
1,talk,95,6,15,Over
1,talk,96,6,4,VOTE Agent[13]
1,talk,97,6,7,Over
1,talk,98,6,11,Over
1,talk,99,6,9,Over
1,talk,100,6,1,Over
1,talk,101,6,2,Over
1,talk,102,6,6,Over
1,talk,103,6,3,Over
1,talk,104,6,13,VOTE Agent[07]
1,talk,105,7,13,VOTE Agent[07]
1,talk,106,7,2,Over
1,talk,107,7,9,Over
1,talk,108,7,6,Over
1,talk,109,7,5,VOTE Agent[02]
1,talk,110,7,15,Over
1,talk,111,7,14,Over
1,talk,112,7,12,Over
1,talk,113,7,3,Over
1,talk,114,7,8,Over
1,talk,115,7,10,VOTE Agent[13]
1,talk,116,7,11,Over
1,talk,117,7,4,VOTE Agent[13]
1,talk,118,7,7,Over
1,talk,119,7,1,Over
1,talk,120,8,8,Over
1,talk,121,8,13,VOTE Agent[07]
1,talk,122,8,2,Over
1,talk,123,8,1,Over
1,talk,124,8,15,Over
1,talk,125,8,7,Over
1,talk,126,8,12,Over
1,talk,127,8,4,VOTE Agent[07]
1,talk,128,8,6,Over
1,talk,129,8,14,Over
1,talk,130,8,9,Over
1,talk,131,8,11,Over
1,talk,132,8,10,VOTE Agent[12]
1,talk,133,8,5,VOTE Agent[02]
1,talk,134,8,3,Over
1,talk,135,9,5,Over
1,talk,136,9,6,Over
1,talk,137,9,11,Over
1,talk,138,9,1,Over
1,talk,139,9,10,Over
1,talk,140,9,3,Over
1,talk,141,9,14,Over
1,talk,142,9,7,Over
1,talk,143,9,9,Over
1,talk,144,9,15,Over
1,talk,145,9,8,Over
1,talk,146,9,12,Over
1,talk,147,9,2,Over
1,talk,148,9,4,Over
1,talk,149,9,13,VOTE Agent[07]
1,talk,150,10,3,Over
1,talk,151,10,5,Over
1,talk,152,10,13,Over
1,talk,153,10,4,Over
1,talk,154,10,14,Over
1,talk,155,10,10,Over
1,talk,156,10,2,Over
1,talk,157,10,9,Over
1,talk,158,10,11,Over
1,talk,159,10,6,Over
1,talk,160,10,1,Over
1,talk,161,10,8,Over
1,talk,162,10,12,Over
1,talk,163,10,15,Over
1,talk,164,10,7,Over
1,vote,1,11
1,vote,2,11
1,vote,3,9
1,vote,4,13
1,vote,5,2
1,vote,6,2
1,vote,7,13
1,vote,8,2
1,vote,9,11
1,vote,10,12
1,vote,11,8
1,vote,12,11
1,vote,13,7
1,vote,14,11
1,vote,15,7
1,execute,11,VILLAGER
1,divine,13,7,WEREWOLF
1,whisper,0,0,7,Skip
1,whisper,1,0,9,BECAUSE (AND (NOT (COMINGOUT Agent[05] WEREWOLF)) (NOT (COMINGOUT Agent[02] WEREWOLF)) (DAY 1 (Agent[05] DIVINED Agent[02] WEREWOLF))) (ESTIMATE Agent[05] POSSESSED)
1,whisper,2,0,12,ATTACK Agent[05]
1,whisper,3,1,7,Skip
1,whisper,4,1,9,BECAUSE (Agent[13] COMINGOUT Agent[13] SEER) (ATTACK Agent[13])
1,whisper,5,1,12,Skip
1,whisper,6,2,9,ATTACK Agent[13]
1,whisper,7,2,7,Over
1,whisper,8,2,12,Skip
1,whisper,9,3,7,Over
1,whisper,10,3,9,Skip
1,whisper,11,3,12,Over
1,whisper,12,4,9,Skip
1,whisper,13,4,7,Over
1,whisper,14,4,12,Over
1,whisper,15,5,9,Over
1,whisper,16,5,12,Over
1,whisper,17,5,7,Over
1,guard,10,3,MEDIUM
1,attackVote,7,13
1,attackVote,9,13
1,attackVote,12,5
1,attack,13,true
2,status,1,VILLAGER,ALIVE,Tomato6
2,status,2,VILLAGER,ALIVE,Tomato7
2,status,3,MEDIUM,ALIVE,Takeda11
2,status,4,VILLAGER,ALIVE,OKAMI
2,status,5,POSSESSED,ALIVE,HALU
2,status,6,VILLAGER,ALIVE,sample_py
2,status,7,WEREWOLF,ALIVE,TOKU3
2,status,8,VILLAGER,ALIVE,sample_py
2,status,9,WEREWOLF,ALIVE,SampleJava13
2,status,10,BODYGUARD,ALIVE,HALU
2,status,11,VILLAGER,DEAD,SampleJava5
2,status,12,WEREWOLF,ALIVE,Tomato4
2,status,13,SEER,DEAD,TOKU1
2,status,14,VILLAGER,ALIVE,SampleJava14
2,status,15,VILLAGER,ALIVE,TOKU8
2,talk,0,0,10,VOTE Agent[05]
2,talk,1,0,2,VOTE Agent[05]
2,talk,2,0,1,VOTE Agent[05]
2,talk,3,0,9,DAY 2 (IDENTIFIED Agent[11] WEREWOLF)
2,talk,4,0,5,DIVINED Agent[12] HUMAN
2,talk,5,0,3,IDENTIFIED Agent[11] HUMAN
2,talk,6,0,6,VOTE Agent[02]
2,talk,7,0,14,VOTE Agent[09]
2,talk,8,0,15,VOTE Agent[07]
2,talk,9,0,8,VOTE Agent[02]
2,talk,10,0,7,DIVINED Agent[05] WEREWOLF
2,talk,11,0,4,VOTE Agent[07]
2,talk,12,0,12,DIVINED Agent[09] WEREWOLF
2,talk,13,1,3,VOTE Agent[07]
2,talk,14,1,8,Skip
2,talk,15,1,4,COMINGOUT Agent[04] VILLAGER
2,talk,16,1,7,VOTE Agent[05]
2,talk,17,1,14,REQUEST ANY (VOTE Agent[09])
2,talk,18,1,12,VOTE Agent[05]
2,talk,19,1,10,VOTE Agent[12]
2,talk,20,1,15,Skip
2,talk,21,1,6,Skip
2,talk,22,1,2,Skip
2,talk,23,1,5,VOTE Agent[03]
2,talk,24,1,9,IDENTIFIED Agent[11] WEREWOLF
2,talk,25,1,1,Skip
2,talk,26,2,1,Skip
2,talk,27,2,4,VOTE Agent[07]
2,talk,28,2,12,Skip
2,talk,29,2,8,Skip
2,talk,30,2,3,Skip
2,talk,31,2,9,VOTE Agent[03]
2,talk,32,2,14,Skip
2,talk,33,2,7,VOTE Agent[03]
2,talk,34,2,10,VOTE Agent[12]
2,talk,35,2,5,VOTE Agent[07]
2,talk,36,2,2,Skip
2,talk,37,2,15,Skip
2,talk,38,2,6,Skip
2,talk,39,3,3,Skip
2,talk,40,3,12,Skip
2,talk,41,3,1,Over
2,talk,42,3,2,Over
2,talk,43,3,14,Skip
2,talk,44,3,5,VOTE Agent[07]
2,talk,45,3,15,Over
2,talk,46,3,4,VOTE Agent[07]
2,talk,47,3,6,Over
2,talk,48,3,8,Over
2,talk,49,3,10,VOTE Agent[12]
2,talk,50,3,9,REQUEST ANY (VOTE Agent[03])
2,talk,51,3,7,VOTE Agent[05]
2,talk,52,4,15,Over
2,talk,53,4,14,Over
2,talk,54,4,10,VOTE Agent[07]
2,talk,55,4,5,VOTE Agent[02]
2,talk,56,4,6,Over
2,talk,57,4,1,Over
2,talk,58,4,12,Over
2,talk,59,4,7,Skip
2,talk,60,4,2,Over
2,talk,61,4,9,Skip
2,talk,62,4,8,Over
2,talk,63,4,3,Over
2,talk,64,4,4,VOTE Agent[07]
2,talk,65,5,2,Over
2,talk,66,5,3,Over
2,talk,67,5,1,Over
2,talk,68,5,8,Over
2,talk,69,5,9,Skip
2,talk,70,5,14,Over
2,talk,71,5,7,Skip
2,talk,72,5,5,VOTE Agent[09]
2,talk,73,5,4,VOTE Agent[07]
2,talk,74,5,12,Over
2,talk,75,5,15,Over
2,talk,76,5,6,Over
2,talk,77,5,10,VOTE Agent[07]
2,talk,78,6,7,Over
2,talk,79,6,3,Over
2,talk,80,6,9,Over
2,talk,81,6,4,VOTE Agent[07]
2,talk,82,6,6,Over
2,talk,83,6,14,Over
2,talk,84,6,12,Over
2,talk,85,6,10,VOTE Agent[07]
2,talk,86,6,5,VOTE Agent[02]
2,talk,87,6,8,Over
2,talk,88,6,15,VOTE Agent[03]
2,talk,89,6,2,Over
2,talk,90,6,1,Over
2,talk,91,7,2,Over
2,talk,92,7,3,Over
2,talk,93,7,12,Over
2,talk,94,7,1,Over
2,talk,95,7,4,VOTE Agent[07]
2,talk,96,7,10,VOTE Agent[07]
2,talk,97,7,15,Skip
2,talk,98,7,14,Over
2,talk,99,7,7,Over
2,talk,100,7,5,VOTE Agent[02]
2,talk,101,7,9,Over
2,talk,102,7,6,Over
2,talk,103,7,8,Over
2,talk,104,8,4,VOTE Agent[07]
2,talk,105,8,9,Over
2,talk,106,8,3,Over
2,talk,107,8,15,Skip
2,talk,108,8,12,Over
2,talk,109,8,10,VOTE Agent[07]
2,talk,110,8,8,Over
2,talk,111,8,7,Over
2,talk,112,8,1,Over
2,talk,113,8,5,VOTE Agent[02]
2,talk,114,8,6,Over
2,talk,115,8,2,Over
2,talk,116,8,14,Over
2,talk,117,9,4,Over
2,talk,118,9,14,Over
2,talk,119,9,9,Over
2,talk,120,9,5,Over
2,talk,121,9,12,Over
2,talk,122,9,6,Over
2,talk,123,9,7,Over
2,talk,124,9,15,Over
2,talk,125,9,2,Over
2,talk,126,9,3,Over
2,talk,127,9,10,Over
2,talk,128,9,8,Over
2,talk,129,9,1,Over
2,vote,1,5
2,vote,2,5
2,vote,3,7
2,vote,4,7
2,vote,5,2
2,vote,6,2
2,vote,7,5
2,vote,8,2
2,vote,9,3
2,vote,10,7
2,vote,12,5
2,vote,14,3
2,vote,15,3
2,execute,5,POSSESSED
2,whisper,0,0,9,BECAUSE (Agent[04] COMINGOUT Agent[04] VILLAGER) (ATTACK Agent[04])
2,whisper,1,0,12,ATTACK Agent[03]
2,whisper,2,0,7,Skip
2,whisper,3,1,9,ATTACK Agent[04]
2,whisper,4,1,7,Skip
2,whisper,5,1,12,Skip
2,whisper,6,2,12,Skip
2,whisper,7,2,7,Over
2,whisper,8,2,9,Skip
2,whisper,9,3,9,Skip
2,whisper,10,3,12,Over
2,whisper,11,3,7,Over
2,whisper,12,4,9,Over
2,whisper,13,4,7,Over
2,whisper,14,4,12,Over
2,guard,10,3,MEDIUM
2,attackVote,7,10
2,attackVote,9,4
2,attackVote,12,3
2,attackVote,7,10
2,attackVote,9,4
2,attackVote,12,3
2,attack,4,true
3,status,1,VILLAGER,ALIVE,Tomato6
3,status,2,VILLAGER,ALIVE,Tomato7
3,status,3,MEDIUM,ALIVE,Takeda11
3,status,4,VILLAGER,DEAD,OKAMI
3,status,5,POSSESSED,DEAD,HALU
3,status,6,VILLAGER,ALIVE,sample_py
3,status,7,WEREWOLF,ALIVE,TOKU3
3,status,8,VILLAGER,ALIVE,sample_py
3,status,9,WEREWOLF,ALIVE,SampleJava13
3,status,10,BODYGUARD,ALIVE,HALU
3,status,11,VILLAGER,DEAD,SampleJava5
3,status,12,WEREWOLF,ALIVE,Tomato4
3,status,13,SEER,DEAD,TOKU1
3,status,14,VILLAGER,ALIVE,SampleJava14
3,status,15,VILLAGER,ALIVE,TOKU8
3,talk,0,0,1,VOTE Agent[07]
3,talk,1,0,7,DIVINED Agent[03] WEREWOLF
3,talk,2,0,12,DIVINED Agent[15] HUMAN
3,talk,3,0,14,VOTE Agent[09]
3,talk,4,0,2,VOTE Agent[07]
3,talk,5,0,9,DAY 3 (IDENTIFIED Agent[05] HUMAN)
3,talk,6,0,3,IDENTIFIED Agent[05] HUMAN
3,talk,7,0,10,VOTE Agent[12]
3,talk,8,0,8,VOTE Agent[09]
3,talk,9,0,15,VOTE Agent[03]
3,talk,10,0,6,VOTE Agent[02]
3,talk,11,1,2,Skip
3,talk,12,1,15,Skip
3,talk,13,1,9,IDENTIFIED Agent[05] HUMAN
3,talk,14,1,7,VOTE Agent[03]
3,talk,15,1,14,REQUEST ANY (VOTE Agent[09])
3,talk,16,1,10,VOTE Agent[07]
3,talk,17,1,3,Skip
3,talk,18,1,8,Skip
3,talk,19,1,12,VOTE Agent[03]
3,talk,20,1,6,Skip
3,talk,21,1,1,Skip
3,talk,22,2,9,VOTE Agent[03]
3,talk,23,2,3,Skip
3,talk,24,2,7,Skip
3,talk,25,2,1,Skip
3,talk,26,2,15,Skip
3,talk,27,2,10,VOTE Agent[07]
3,talk,28,2,12,Skip
3,talk,29,2,2,Skip
3,talk,30,2,14,Skip
3,talk,31,2,6,Skip
3,talk,32,2,8,Skip
3,talk,33,3,8,Over
3,talk,34,3,7,Skip
3,talk,35,3,10,VOTE Agent[12]
3,talk,36,3,6,Over
3,talk,37,3,3,VOTE Agent[09]
3,talk,38,3,14,Skip
3,talk,39,3,9,REQUEST ANY (VOTE Agent[03])
3,talk,40,3,2,Over
3,talk,41,3,1,Over
3,talk,42,3,15,Over
3,talk,43,3,12,Skip
3,talk,44,4,15,Over
3,talk,45,4,10,VOTE Agent[12]
3,talk,46,4,6,Over
3,talk,47,4,9,Skip
3,talk,48,4,14,Over
3,talk,49,4,3,Skip
3,talk,50,4,2,Over
3,talk,51,4,1,Over
3,talk,52,4,12,Over
3,talk,53,4,8,Over
3,talk,54,4,7,Over
3,talk,55,5,3,Skip
3,talk,56,5,12,Over
3,talk,57,5,14,Over
3,talk,58,5,1,Over
3,talk,59,5,9,Skip
3,talk,60,5,15,Over
3,talk,61,5,7,Over
3,talk,62,5,8,Over
3,talk,63,5,2,Over
3,talk,64,5,10,VOTE Agent[12]
3,talk,65,5,6,Over
3,talk,66,6,14,Over
3,talk,67,6,6,Over
3,talk,68,6,10,VOTE Agent[12]
3,talk,69,6,15,Over
3,talk,70,6,9,Over
3,talk,71,6,2,Over
3,talk,72,6,1,Over
3,talk,73,6,8,Over
3,talk,74,6,7,Over
3,talk,75,6,12,Over
3,talk,76,6,3,Over
3,talk,77,7,6,Over
3,talk,78,7,15,Over
3,talk,79,7,12,Over
3,talk,80,7,14,Over
3,talk,81,7,9,Over
3,talk,82,7,10,VOTE Agent[12]
3,talk,83,7,7,Over
3,talk,84,7,1,Over
3,talk,85,7,3,Over
3,talk,86,7,2,Over
3,talk,87,7,8,Over
3,talk,88,8,14,Over
3,talk,89,8,6,Over
3,talk,90,8,8,Over
3,talk,91,8,1,Over
3,talk,92,8,7,Over
3,talk,93,8,3,Over
3,talk,94,8,12,Over
3,talk,95,8,15,Over
3,talk,96,8,9,Over
3,talk,97,8,10,VOTE Agent[07]
3,talk,98,8,2,Over
3,talk,99,9,1,Over
3,talk,100,9,6,Over
3,talk,101,9,14,Over
3,talk,102,9,3,Over
3,talk,103,9,12,Over
3,talk,104,9,15,Over
3,talk,105,9,7,Over
3,talk,106,9,8,Over
3,talk,107,9,2,Over
3,talk,108,9,9,Over
3,talk,109,9,10,Over
3,vote,1,7
3,vote,2,7
3,vote,3,9
3,vote,6,2
3,vote,7,3
3,vote,8,9
3,vote,9,3
3,vote,10,7
3,vote,12,3
3,vote,14,3
3,vote,15,3
3,execute,3,MEDIUM
3,whisper,0,0,7,Skip
3,whisper,1,0,9,ATTACK Agent[06]
3,whisper,2,0,12,ATTACK Agent[10]
3,whisper,3,1,7,Skip
3,whisper,4,1,9,Skip
3,whisper,5,1,12,Skip
3,whisper,6,2,12,Skip
3,whisper,7,2,9,Skip
3,whisper,8,2,7,Over
3,whisper,9,3,12,Over
3,whisper,10,3,9,Over
3,whisper,11,3,7,Over
3,guard,10,12,WEREWOLF
3,attackVote,7,10
3,attackVote,9,6
3,attackVote,12,10
3,attack,10,true
4,status,1,VILLAGER,ALIVE,Tomato6
4,status,2,VILLAGER,ALIVE,Tomato7
4,status,3,MEDIUM,DEAD,Takeda11
4,status,4,VILLAGER,DEAD,OKAMI
4,status,5,POSSESSED,DEAD,HALU
4,status,6,VILLAGER,ALIVE,sample_py
4,status,7,WEREWOLF,ALIVE,TOKU3
4,status,8,VILLAGER,ALIVE,sample_py
4,status,9,WEREWOLF,ALIVE,SampleJava13
4,status,10,BODYGUARD,DEAD,HALU
4,status,11,VILLAGER,DEAD,SampleJava5
4,status,12,WEREWOLF,ALIVE,Tomato4
4,status,13,SEER,DEAD,TOKU1
4,status,14,VILLAGER,ALIVE,SampleJava14
4,status,15,VILLAGER,ALIVE,TOKU8
4,talk,0,0,15,VOTE Agent[07]
4,talk,1,0,6,VOTE Agent[02]
4,talk,2,0,7,DIVINED Agent[09] HUMAN
4,talk,3,0,9,DAY 4 (IDENTIFIED Agent[03] WEREWOLF)
4,talk,4,0,2,VOTE Agent[07]
4,talk,5,0,8,VOTE Agent[02]
4,talk,6,0,12,DIVINED Agent[08] HUMAN
4,talk,7,0,14,VOTE Agent[12]
4,talk,8,0,1,VOTE Agent[07]
4,talk,9,1,8,Skip
4,talk,10,1,6,Skip
4,talk,11,1,1,Skip
4,talk,12,1,7,VOTE Agent[06]
4,talk,13,1,14,REQUEST ANY (VOTE Agent[12])
4,talk,14,1,12,VOTE Agent[02]
4,talk,15,1,9,IDENTIFIED Agent[03] WEREWOLF
4,talk,16,1,2,Skip
4,talk,17,1,15,Skip
4,talk,18,2,1,Skip
4,talk,19,2,6,Skip
4,talk,20,2,9,VOTE Agent[03]
4,talk,21,2,15,Skip
4,talk,22,2,12,Skip
4,talk,23,2,14,Skip
4,talk,24,2,8,Skip
4,talk,25,2,7,Skip
4,talk,26,2,2,Skip
4,talk,27,3,12,Skip
4,talk,28,3,1,Over
4,talk,29,3,6,Over
4,talk,30,3,15,Over
4,talk,31,3,2,Over
4,talk,32,3,7,Skip
4,talk,33,3,14,Skip
4,talk,34,3,8,Over
4,talk,35,3,9,REQUEST ANY (VOTE Agent[03])
4,talk,36,4,9,Skip
4,talk,37,4,1,Over
4,talk,38,4,14,Over
4,talk,39,4,7,Over
4,talk,40,4,2,Over
4,talk,41,4,8,Over
4,talk,42,4,12,Over
4,talk,43,4,15,Over
4,talk,44,4,6,Over
4,talk,45,5,15,Over
4,talk,46,5,2,Over
4,talk,47,5,9,Skip
4,talk,48,5,6,Over
4,talk,49,5,14,Over
4,talk,50,5,12,Over
4,talk,51,5,1,Over
4,talk,52,5,7,Over
4,talk,53,5,8,Over
4,talk,54,6,14,Over
4,talk,55,6,15,Over
4,talk,56,6,6,Over
4,talk,57,6,9,Over
4,talk,58,6,2,Over
4,talk,59,6,12,Over
4,talk,60,6,8,Over
4,talk,61,6,1,Over
4,talk,62,6,7,Over
4,vote,1,7
4,vote,2,7
4,vote,6,2
4,vote,7,6
4,vote,8,2
4,vote,9,14
4,vote,12,2
4,vote,14,6
4,vote,15,7
4,vote,1,7
4,vote,2,7
4,vote,6,2
4,vote,7,15
4,vote,8,2
4,vote,9,2
4,vote,12,2
4,vote,14,2
4,vote,15,7
4,execute,2,VILLAGER
4,whisper,0,0,9,ATTACK Agent[01]
4,whisper,1,0,7,Skip
4,whisper,2,0,12,ATTACK Agent[15]
4,whisper,3,1,12,Skip
4,whisper,4,1,9,Skip
4,whisper,5,1,7,Skip
4,whisper,6,2,7,Over
4,whisper,7,2,12,Skip
4,whisper,8,2,9,Skip
4,whisper,9,3,7,Over
4,whisper,10,3,9,Over
4,whisper,11,3,12,Over
4,attackVote,7,15
4,attackVote,9,1
4,attackVote,12,15
4,attack,15,true
5,status,1,VILLAGER,ALIVE,Tomato6
5,status,2,VILLAGER,DEAD,Tomato7
5,status,3,MEDIUM,DEAD,Takeda11
5,status,4,VILLAGER,DEAD,OKAMI
5,status,5,POSSESSED,DEAD,HALU
5,status,6,VILLAGER,ALIVE,sample_py
5,status,7,WEREWOLF,ALIVE,TOKU3
5,status,8,VILLAGER,ALIVE,sample_py
5,status,9,WEREWOLF,ALIVE,SampleJava13
5,status,10,BODYGUARD,DEAD,HALU
5,status,11,VILLAGER,DEAD,SampleJava5
5,status,12,WEREWOLF,ALIVE,Tomato4
5,status,13,SEER,DEAD,TOKU1
5,status,14,VILLAGER,ALIVE,SampleJava14
5,status,15,VILLAGER,DEAD,TOKU8
5,talk,0,0,8,VOTE Agent[09]
5,talk,1,0,9,DAY 5 (IDENTIFIED Agent[02] HUMAN)
5,talk,2,0,6,VOTE Agent[09]
5,talk,3,0,14,VOTE Agent[12]
5,talk,4,0,1,VOTE Agent[07]
5,talk,5,0,7,DIVINED Agent[06] WEREWOLF
5,talk,6,0,12,DIVINED Agent[06] HUMAN
5,talk,7,1,14,REQUEST ANY (VOTE Agent[12])
5,talk,8,1,9,IDENTIFIED Agent[02] HUMAN
5,talk,9,1,8,Skip
5,talk,10,1,7,VOTE Agent[06]
5,talk,11,1,1,Skip
5,talk,12,1,6,Skip
5,talk,13,1,12,VOTE Agent[06]
5,talk,14,2,6,Skip
5,talk,15,2,8,Skip
5,talk,16,2,7,Skip
5,talk,17,2,1,Skip
5,talk,18,2,14,Skip
5,talk,19,2,12,Skip
5,talk,20,2,9,VOTE Agent[03]
5,talk,21,3,7,Skip
5,talk,22,3,9,REQUEST ANY (VOTE Agent[03])
5,talk,23,3,12,Skip
5,talk,24,3,14,Skip
5,talk,25,3,1,Over
5,talk,26,3,6,Over
5,talk,27,3,8,Over
5,talk,28,4,1,Over
5,talk,29,4,12,Over
5,talk,30,4,8,Over
5,talk,31,4,7,Over
5,talk,32,4,14,Over
5,talk,33,4,9,Skip
5,talk,34,4,6,Over
5,talk,35,5,9,Skip
5,talk,36,5,8,Over
5,talk,37,5,7,Over
5,talk,38,5,14,Over
5,talk,39,5,6,Over
5,talk,40,5,12,Over
5,talk,41,5,1,Over
5,talk,42,6,8,Over
5,talk,43,6,6,Over
5,talk,44,6,14,Over
5,talk,45,6,9,Over
5,talk,46,6,1,Over
5,talk,47,6,12,Over
5,talk,48,6,7,Over
5,vote,1,7
5,vote,6,9
5,vote,7,6
5,vote,8,9
5,vote,9,14
5,vote,12,6
5,vote,14,9
5,execute,9,WEREWOLF
5,whisper,0,0,7,Skip
5,whisper,1,0,12,ATTACK Agent[08]
5,whisper,2,1,7,Skip
5,whisper,3,1,12,Skip
5,whisper,4,2,7,Over
5,whisper,5,2,12,Skip
5,whisper,6,3,12,Over
5,whisper,7,3,7,Over
5,attackVote,7,8
5,attackVote,12,8
5,attack,8,true
6,status,1,VILLAGER,ALIVE,Tomato6
6,status,2,VILLAGER,DEAD,Tomato7
6,status,3,MEDIUM,DEAD,Takeda11
6,status,4,VILLAGER,DEAD,OKAMI
6,status,5,POSSESSED,DEAD,HALU
6,status,6,VILLAGER,ALIVE,sample_py
6,status,7,WEREWOLF,ALIVE,TOKU3
6,status,8,VILLAGER,DEAD,sample_py
6,status,9,WEREWOLF,DEAD,SampleJava13
6,status,10,BODYGUARD,DEAD,HALU
6,status,11,VILLAGER,DEAD,SampleJava5
6,status,12,WEREWOLF,ALIVE,Tomato4
6,status,13,SEER,DEAD,TOKU1
6,status,14,VILLAGER,ALIVE,SampleJava14
6,status,15,VILLAGER,DEAD,TOKU8
6,talk,0,0,7,DIVINED Agent[01] WEREWOLF
6,talk,1,0,12,DIVINED Agent[14] HUMAN
6,talk,2,0,6,VOTE Agent[07]
6,talk,3,0,1,VOTE Agent[07]
6,talk,4,0,14,VOTE Agent[07]
6,talk,5,1,12,VOTE Agent[07]
6,talk,6,1,14,REQUEST ANY (VOTE Agent[07])
6,talk,7,1,7,VOTE Agent[06]
6,talk,8,1,1,Skip
6,talk,9,1,6,Skip
6,talk,10,2,7,VOTE Agent[06]
6,talk,11,2,6,Skip
6,talk,12,2,12,VOTE Agent[06]
6,talk,13,2,14,Skip
6,talk,14,2,1,Skip
6,talk,15,3,12,Skip
6,talk,16,3,14,Skip
6,talk,17,3,7,VOTE Agent[06]
6,talk,18,3,6,Over
6,talk,19,3,1,Over
6,talk,20,4,6,Over
6,talk,21,4,14,Over
6,talk,22,4,7,VOTE Agent[06]
6,talk,23,4,12,Skip
6,talk,24,4,1,Over
6,talk,25,5,1,Over
6,talk,26,5,7,VOTE Agent[06]
6,talk,27,5,14,Over
6,talk,28,5,12,Over
6,talk,29,5,6,Over
6,talk,30,6,14,Over
6,talk,31,6,12,Over
6,talk,32,6,6,Over
6,talk,33,6,7,VOTE Agent[06]
6,talk,34,6,1,Over
6,talk,35,7,1,Over
6,talk,36,7,6,Over
6,talk,37,7,7,VOTE Agent[06]
6,talk,38,7,14,Over
6,talk,39,7,12,Over
6,talk,40,8,6,Over
6,talk,41,8,12,Over
6,talk,42,8,14,Over
6,talk,43,8,7,VOTE Agent[06]
6,talk,44,8,1,Over
6,talk,45,9,12,Over
6,talk,46,9,14,Over
6,talk,47,9,7,VOTE Agent[06]
6,talk,48,9,6,Over
6,talk,49,9,1,Over
6,talk,50,10,14,Over
6,talk,51,10,12,Over
6,talk,52,10,6,Over
6,talk,53,10,7,Over
6,talk,54,10,1,Over
6,vote,1,7
6,vote,6,7
6,vote,7,6
6,vote,12,6
6,vote,14,6
6,execute,6,VILLAGER
6,whisper,0,0,7,Skip
6,whisper,1,0,12,ATTACK Agent[14]
6,whisper,2,1,7,Skip
6,whisper,3,1,12,Skip
6,whisper,4,2,12,Skip
6,whisper,5,2,7,Over
6,whisper,6,3,7,Over
6,whisper,7,3,12,Over
6,attackVote,7,14
6,attackVote,12,14
6,attack,14,true
7,status,1,VILLAGER,ALIVE,Tomato6
7,status,2,VILLAGER,DEAD,Tomato7
7,status,3,MEDIUM,DEAD,Takeda11
7,status,4,VILLAGER,DEAD,OKAMI
7,status,5,POSSESSED,DEAD,HALU
7,status,6,VILLAGER,DEAD,sample_py
7,status,7,WEREWOLF,ALIVE,TOKU3
7,status,8,VILLAGER,DEAD,sample_py
7,status,9,WEREWOLF,DEAD,SampleJava13
7,status,10,BODYGUARD,DEAD,HALU
7,status,11,VILLAGER,DEAD,SampleJava5
7,status,12,WEREWOLF,ALIVE,Tomato4
7,status,13,SEER,DEAD,TOKU1
7,status,14,VILLAGER,DEAD,SampleJava14
7,status,15,VILLAGER,DEAD,TOKU8
7,result,1,2,WEREWOLF
