0,status,1,VILLAGER,ALIVE,TOKU13
0,status,2,VILLAGER,ALIVE,SampleJava9
0,status,3,WEREWOLF,ALIVE,Tomato4
0,status,4,VILLAGER,ALIVE,sample_py
0,status,5,MEDIUM,ALIVE,HALU
0,status,6,VILLAGER,ALIVE,sample_py
0,status,7,POSSESSED,ALIVE,HALU
0,status,8,VILLAGER,ALIVE,sample_py
0,status,9,BODYGUARD,ALIVE,sample_py
0,status,10,WEREWOLF,ALIVE,Tomato3
0,status,11,VILLAGER,ALIVE,SampleJava5
0,status,12,WEREWOLF,ALIVE,HALU
0,status,13,SEER,ALIVE,SampleJava14
0,status,14,VILLAGER,ALIVE,OKAMI
0,status,15,VILLAGER,ALIVE,Tomato1
0,whisper,0,0,12,COMINGOUT Agent[12] VILLAGER
0,whisper,1,0,10,COMINGOUT Agent[10] VILLAGER
0,whisper,2,0,3,COMINGOUT Agent[03] VILLAGER
0,whisper,3,1,12,Skip
0,whisper,4,1,3,Skip
0,whisper,5,1,10,Skip
0,whisper,6,2,10,Skip
0,whisper,7,2,3,COMINGOUT Agent[03] SEER
0,whisper,8,2,12,Skip
0,whisper,9,3,10,Over
0,whisper,10,3,12,Over
0,whisper,11,3,3,Skip
0,whisper,12,4,12,Over
0,whisper,13,4,3,Skip
0,whisper,14,4,10,Over
0,whisper,15,5,3,Over
0,whisper,16,5,12,Over
0,whisper,17,5,10,Over
0,divine,13,1,HUMAN
1,status,1,VILLAGER,ALIVE,TOKU13
1,status,2,VILLAGER,ALIVE,SampleJava9
1,status,3,WEREWOLF,ALIVE,Tomato4
1,status,4,VILLAGER,ALIVE,sample_py
1,status,5,MEDIUM,ALIVE,HALU
1,status,6,VILLAGER,ALIVE,sample_py
1,status,7,POSSESSED,ALIVE,HALU
1,status,8,VILLAGER,ALIVE,sample_py
1,status,9,BODYGUARD,ALIVE,sample_py
1,status,10,WEREWOLF,ALIVE,Tomato3
1,status,11,VILLAGER,ALIVE,SampleJava5
1,status,12,WEREWOLF,ALIVE,HALU
1,status,13,SEER,ALIVE,SampleJava14
1,status,14,VILLAGER,ALIVE,OKAMI
1,status,15,VILLAGER,ALIVE,Tomato1
1,talk,0,0,1,VOTE Agent[15]
1,talk,1,0,5,VOTE Agent[01]
1,talk,2,0,9,VOTE Agent[04]
1,talk,3,0,13,COMINGOUT Agent[13] SEER
1,talk,4,0,11,VOTE Agent[08]
1,talk,5,0,6,VOTE Agent[04]
1,talk,6,0,8,VOTE Agent[01]
1,talk,7,0,4,VOTE Agent[06]
1,talk,8,0,2,VOTE Agent[13]
1,talk,9,0,3,COMINGOUT Agent[03] SEER
1,talk,10,0,14,VOTE Agent[04]
1,talk,11,0,7,COMINGOUT Agent[07] SEER
1,talk,12,0,15,VOTE Agent[04]
1,talk,13,0,10,VOTE Agent[04]
1,talk,14,0,12,VOTE Agent[02]
1,talk,15,1,4,Skip
1,talk,16,1,6,Skip
1,talk,17,1,9,Skip
1,talk,18,1,12,VOTE Agent[11]
1,talk,19,1,15,Skip
1,talk,20,1,14,COMINGOUT Agent[14] VILLAGER
1,talk,21,1,10,Skip
1,talk,22,1,1,VOTE Agent[03]
1,talk,23,1,13,DAY 1 (DIVINED Agent[01] HUMAN)
1,talk,24,1,11,REQUEST ANY (VOTE Agent[08])
1,talk,25,1,8,Skip
1,talk,26,1,3,DIVINED Agent[08] HUMAN
1,talk,27,1,2,REQUEST ANY (VOTE Agent[13])
1,talk,28,1,5,COMINGOUT Agent[05] MEDIUM
1,talk,29,1,7,DIVINED Agent[13] WEREWOLF
1,talk,30,2,1,Skip
1,talk,31,2,15,VOTE Agent[13]
1,talk,32,2,2,Skip
1,talk,33,2,9,VOTE Agent[13]
1,talk,34,2,5,VOTE Agent[13]
1,talk,35,2,14,VOTE Agent[03]
1,talk,36,2,8,VOTE Agent[13]
1,talk,37,2,7,VOTE Agent[13]
1,talk,38,2,11,Skip
1,talk,39,2,12,VOTE Agent[13]
1,talk,40,2,4,VOTE Agent[13]
1,talk,41,2,13,DIVINED Agent[01] HUMAN
1,talk,42,2,10,VOTE Agent[13]
1,talk,43,2,3,VOTE Agent[13]
1,talk,44,2,6,VOTE Agent[13]
1,talk,45,3,1,VOTE Agent[13]
1,talk,46,3,11,Skip
1,talk,47,3,12,VOTE Agent[13]
1,talk,48,3,7,VOTE Agent[13]
1,talk,49,3,5,VOTE Agent[07]
1,talk,50,3,8,Skip
1,talk,51,3,4,Skip
1,talk,52,3,3,Skip
1,talk,53,3,2,Skip
1,talk,54,3,14,VOTE Agent[07]
1,talk,55,3,13,VOTE Agent[07]
1,talk,56,3,6,Skip
1,talk,57,3,10,Skip
1,talk,58,3,9,Skip
1,talk,59,3,15,Skip
1,talk,60,4,15,Skip
1,talk,61,4,5,VOTE Agent[13]
1,talk,62,4,1,Skip
1,talk,63,4,6,Skip
1,talk,64,4,4,Skip
1,talk,65,4,14,VOTE Agent[07]
1,talk,66,4,13,REQUEST ANY (VOTE Agent[07])
1,talk,67,4,8,Skip
1,talk,68,4,7,VOTE Agent[13]
1,talk,69,4,9,Skip
1,talk,70,4,3,Skip
1,talk,71,4,10,Skip
1,talk,72,4,2,Over
1,talk,73,4,11,Over
1,talk,74,4,12,VOTE Agent[13]
1,talk,75,5,1,Skip
1,talk,76,5,8,Over
1,talk,77,5,7,VOTE Agent[13]
1,talk,78,5,4,Over
1,talk,79,5,15,Over
1,talk,80,5,6,Over
1,talk,81,5,11,Over
1,talk,82,5,2,Over
1,talk,83,5,10,Over
1,talk,84,5,5,VOTE Agent[07]
1,talk,85,5,12,VOTE Agent[13]
1,talk,86,5,13,Skip
1,talk,87,5,14,VOTE Agent[07]
1,talk,88,5,9,Over
1,talk,89,5,3,Over
1,talk,90,6,10,Over
1,talk,91,6,7,VOTE Agent[13]
1,talk,92,6,4,Over
1,talk,93,6,14,VOTE Agent[07]
1,talk,94,6,11,Over
1,talk,95,6,12,VOTE Agent[13]
1,talk,96,6,3,Over
1,talk,97,6,2,Over
1,talk,98,6,1,Over
1,talk,99,6,13,Skip
1,talk,100,6,8,Over
1,talk,101,6,9,Over
1,talk,102,6,5,VOTE Agent[13]
1,talk,103,6,6,Over
1,talk,104,6,15,Over
1,talk,105,7,8,Over
1,talk,106,7,1,Over
1,talk,107,7,3,Over
1,talk,108,7,6,Over
1,talk,109,7,4,Over
1,talk,110,7,13,Over
1,talk,111,7,7,VOTE Agent[13]
1,talk,112,7,9,Over
1,talk,113,7,11,Over
1,talk,114,7,2,Over
1,talk,115,7,5,VOTE Agent[07]
1,talk,116,7,12,VOTE Agent[13]
1,talk,117,7,10,Over
1,talk,118,7,15,Over
1,talk,119,7,14,VOTE Agent[07]
1,talk,120,8,12,VOTE Agent[13]
1,talk,121,8,7,VOTE Agent[13]
1,talk,122,8,13,Over
1,talk,123,8,1,Over
1,talk,124,8,10,Over
1,talk,125,8,15,Over
1,talk,126,8,14,VOTE Agent[07]
1,talk,127,8,11,Over
1,talk,128,8,4,Over
1,talk,129,8,2,Over
1,talk,130,8,9,Over
1,talk,131,8,5,VOTE Agent[07]
1,talk,132,8,8,Over
1,talk,133,8,6,Over
1,talk,134,8,3,Over
1,talk,135,9,2,Over
1,talk,136,9,10,Over
1,talk,137,9,1,Over
1,talk,138,9,5,Over
1,talk,139,9,13,Over
1,talk,140,9,11,Over
1,talk,141,9,15,Over
1,talk,142,9,12,Over
1,talk,143,9,8,Over
1,talk,144,9,4,Over
1,talk,145,9,7,Over
1,talk,146,9,9,Over
1,talk,147,9,14,Over
1,talk,148,9,3,Over
1,talk,149,9,6,Over
1,vote,1,13
1,vote,2,7
1,vote,3,13
1,vote,4,13
1,vote,5,7
1,vote,6,13
1,vote,7,13
1,vote,8,13
1,vote,9,13
1,vote,10,13
1,vote,11,13
1,vote,12,13
1,vote,13,7
1,vote,14,7
1,vote,15,13
1,execute,13,SEER
1,whisper,0,0,3,ESTIMATE Agent[07] POSSESSED
1,whisper,1,0,12,ATTACK Agent[13]
1,whisper,2,0,10,ESTIMATE Agent[07] POSSESSED
1,whisper,3,1,10,ATTACK Agent[05]
1,whisper,4,1,12,Skip
1,whisper,5,1,3,ATTACK Agent[05]
1,whisper,6,2,12,Skip
1,whisper,7,2,3,Skip
1,whisper,8,2,10,Skip
1,whisper,9,3,3,Skip
1,whisper,10,3,10,Skip
1,whisper,11,3,12,Over
1,whisper,12,4,12,Over
1,whisper,13,4,10,Over
1,whisper,14,4,3,Over
1,guard,9,7,POSSESSED
1,attackVote,3,5
1,attackVote,10,5
1,attackVote,12,7
1,attack,5,true
2,status,1,VILLAGER,ALIVE,TOKU13
2,status,2,VILLAGER,ALIVE,SampleJava9
2,status,3,WEREWOLF,ALIVE,Tomato4
2,status,4,VILLAGER,ALIVE,sample_py
2,status,5,MEDIUM,DEAD,HALU
2,status,6,VILLAGER,ALIVE,sample_py
2,status,7,POSSESSED,ALIVE,HALU
2,status,8,VILLAGER,ALIVE,sample_py
2,status,9,BODYGUARD,ALIVE,sample_py
2,status,10,WEREWOLF,ALIVE,Tomato3
2,status,11,VILLAGER,ALIVE,SampleJava5
2,status,12,WEREWOLF,ALIVE,HALU
2,status,13,SEER,DEAD,SampleJava14
2,status,14,VILLAGER,ALIVE,OKAMI
2,status,15,VILLAGER,ALIVE,Tomato1
2,talk,0,0,3,DIVINED Agent[14] HUMAN
2,talk,1,0,7,DIVINED Agent[08] WEREWOLF
2,talk,2,0,9,VOTE Agent[08]
2,talk,3,0,8,VOTE Agent[07]
2,talk,4,0,12,VOTE Agent[08]
2,talk,5,0,2,VOTE Agent[01]
2,talk,6,0,6,VOTE Agent[08]
2,talk,7,0,14,VOTE Agent[07]
2,talk,8,0,1,VOTE Agent[03]
2,talk,9,0,4,VOTE Agent[08]
2,talk,10,0,10,VOTE Agent[08]
2,talk,11,0,15,VOTE Agent[08]
2,talk,12,0,11,VOTE Agent[06]
2,talk,13,1,10,Skip
2,talk,14,1,6,Skip
2,talk,15,1,2,REQUEST ANY (VOTE Agent[01])
2,talk,16,1,14,COMINGOUT Agent[14] VILLAGER
2,talk,17,1,12,VOTE Agent[08]
2,talk,18,1,11,REQUEST ANY (VOTE Agent[06])
2,talk,19,1,15,Skip
2,talk,20,1,9,Skip
2,talk,21,1,8,Skip
2,talk,22,1,1,Skip
2,talk,23,1,7,VOTE Agent[08]
2,talk,24,1,3,VOTE Agent[01]
2,talk,25,1,4,Skip
2,talk,26,2,7,VOTE Agent[03]
2,talk,27,2,8,Skip
2,talk,28,2,12,VOTE Agent[08]
2,talk,29,2,6,Skip
2,talk,30,2,9,Skip
2,talk,31,2,4,Skip
2,talk,32,2,14,VOTE Agent[07]
2,talk,33,2,1,Skip
2,talk,34,2,2,Skip
2,talk,35,2,15,Skip
2,talk,36,2,11,Skip
2,talk,37,2,10,Skip
2,talk,38,2,3,Skip
2,talk,39,3,15,Over
2,talk,40,3,10,Over
2,talk,41,3,4,Over
2,talk,42,3,14,VOTE Agent[07]
2,talk,43,3,3,Skip
2,talk,44,3,12,VOTE Agent[08]
2,talk,45,3,8,Over
2,talk,46,3,9,Over
2,talk,47,3,11,Skip
2,talk,48,3,2,Skip
2,talk,49,3,7,VOTE Agent[03]
2,talk,50,3,1,Over
2,talk,51,3,6,Over
2,talk,52,4,1,Over
2,talk,53,4,9,Over
2,talk,54,4,3,Over
2,talk,55,4,6,Over
2,talk,56,4,14,VOTE Agent[07]
2,talk,57,4,4,Over
2,talk,58,4,12,VOTE Agent[08]
2,talk,59,4,11,Over
2,talk,60,4,7,VOTE Agent[03]
2,talk,61,4,10,Over
2,talk,62,4,8,Over
2,talk,63,4,15,Over
2,talk,64,4,2,Over
2,talk,65,5,9,Over
2,talk,66,5,7,VOTE Agent[03]
2,talk,67,5,2,Over
2,talk,68,5,14,VOTE Agent[07]
2,talk,69,5,8,Over
2,talk,70,5,3,Over
2,talk,71,5,6,Over
2,talk,72,5,11,Over
2,talk,73,5,1,Over
2,talk,74,5,10,Over
2,talk,75,5,15,Over
2,talk,76,5,12,VOTE Agent[08]
2,talk,77,5,4,Over
2,talk,78,6,3,Over
2,talk,79,6,1,Over
2,talk,80,6,7,VOTE Agent[03]
2,talk,81,6,4,Over
2,talk,82,6,8,Over
2,talk,83,6,10,Over
2,talk,84,6,14,VOTE Agent[07]
2,talk,85,6,9,Over
2,talk,86,6,15,Over
2,talk,87,6,11,Over
2,talk,88,6,2,Over
2,talk,89,6,12,VOTE Agent[08]
2,talk,90,6,6,Over
2,talk,91,7,1,Over
2,talk,92,7,12,VOTE Agent[08]
2,talk,93,7,14,VOTE Agent[07]
2,talk,94,7,9,Over
2,talk,95,7,6,Over
2,talk,96,7,2,Over
2,talk,97,7,7,VOTE Agent[03]
2,talk,98,7,10,Over
2,talk,99,7,11,Over
2,talk,100,7,8,Over
2,talk,101,7,3,Over
2,talk,102,7,15,Over
2,talk,103,7,4,Over
2,talk,104,8,4,Over
2,talk,105,8,2,Over
2,talk,106,8,3,Over
2,talk,107,8,11,Over
2,talk,108,8,7,VOTE Agent[03]
2,talk,109,8,9,Over
2,talk,110,8,12,VOTE Agent[08]
2,talk,111,8,8,Over
2,talk,112,8,15,Over
2,talk,113,8,10,Over
2,talk,114,8,14,VOTE Agent[07]
2,talk,115,8,6,Over
2,talk,116,8,1,Over
2,talk,117,9,3,Over
2,talk,118,9,7,Over
2,talk,119,9,12,Over
2,talk,120,9,14,Over
2,talk,121,9,4,Over
2,talk,122,9,10,Over
2,talk,123,9,1,Over
2,talk,124,9,2,Over
2,talk,125,9,11,Over
2,talk,126,9,15,Over
2,talk,127,9,8,Over
2,talk,128,9,6,Over
2,talk,129,9,9,Over
2,vote,1,3
2,vote,2,6
2,vote,3,1
2,vote,4,8
2,vote,6,8
2,vote,7,3
2,vote,8,7
2,vote,9,8
2,vote,10,8
2,vote,11,1
2,vote,12,8
2,vote,14,7
2,vote,15,8
2,execute,8,VILLAGER
2,whisper,0,0,3,ATTACK Agent[06]
2,whisper,1,0,12,ATTACK Agent[05]
2,whisper,2,0,10,ATTACK Agent[14]
2,whisper,3,1,3,Skip
2,whisper,4,1,12,Skip
2,whisper,5,1,10,Skip
2,whisper,6,2,12,Skip
2,whisper,7,2,10,Skip
2,whisper,8,2,3,Skip
2,whisper,9,3,3,Over
2,whisper,10,3,12,Over
2,whisper,11,3,10,Over
2,guard,9,7,POSSESSED
2,attackVote,3,6
2,attackVote,10,14
2,attackVote,3,6
2,attackVote,10,14
2,attack,14,true
3,status,1,VILLAGER,ALIVE,TOKU13
3,status,2,VILLAGER,ALIVE,SampleJava9
3,status,3,WEREWOLF,ALIVE,Tomato4
3,status,4,VILLAGER,ALIVE,sample_py
3,status,5,MEDIUM,DEAD,HALU
3,status,6,VILLAGER,ALIVE,sample_py
3,status,7,POSSESSED,ALIVE,HALU
3,status,8,VILLAGER,DEAD,sample_py
3,status,9,BODYGUARD,ALIVE,sample_py
3,status,10,WEREWOLF,ALIVE,Tomato3
3,status,11,VILLAGER,ALIVE,SampleJava5
3,status,12,WEREWOLF,ALIVE,HALU
3,status,13,SEER,DEAD,SampleJava14
3,status,14,VILLAGER,DEAD,OKAMI
3,status,15,VILLAGER,ALIVE,Tomato1
3,talk,0,0,12,VOTE Agent[04]
3,talk,1,0,1,VOTE Agent[03]
3,talk,2,0,4,VOTE Agent[06]
3,talk,3,0,3,DIVINED Agent[06] HUMAN
3,talk,4,0,2,VOTE Agent[07]
3,talk,5,0,7,DIVINED Agent[01] WEREWOLF
3,talk,6,0,9,VOTE Agent[01]
3,talk,7,0,6,VOTE Agent[01]
3,talk,8,0,11,VOTE Agent[10]
3,talk,9,0,15,VOTE Agent[03]
3,talk,10,0,10,VOTE Agent[01]
3,talk,11,1,9,Skip
3,talk,12,1,11,REQUEST ANY (VOTE Agent[10])
3,talk,13,1,10,Skip
3,talk,14,1,7,VOTE Agent[01]
3,talk,15,1,3,VOTE Agent[01]
3,talk,16,1,15,Skip
3,talk,17,1,4,VOTE Agent[01]
3,talk,18,1,2,REQUEST ANY (VOTE Agent[07])
3,talk,19,1,12,VOTE Agent[01]
3,talk,20,1,1,VOTE Agent[03]
3,talk,21,1,6,Skip
3,talk,22,2,11,Skip
3,talk,23,2,1,VOTE Agent[03]
3,talk,24,2,12,VOTE Agent[01]
3,talk,25,2,2,Skip
3,talk,26,2,15,Skip
3,talk,27,2,9,Skip
3,talk,28,2,3,Skip
3,talk,29,2,7,VOTE Agent[01]
3,talk,30,2,6,Skip
3,talk,31,2,4,Skip
3,talk,32,2,10,Skip
3,talk,33,3,4,Skip
3,talk,34,3,7,VOTE Agent[01]
3,talk,35,3,6,Over
3,talk,36,3,12,VOTE Agent[01]
3,talk,37,3,15,Over
3,talk,38,3,3,Skip
3,talk,39,3,1,VOTE Agent[03]
3,talk,40,3,2,Skip
3,talk,41,3,11,Skip
3,talk,42,3,10,Over
3,talk,43,3,9,Over
3,talk,44,4,1,VOTE Agent[03]
3,talk,45,4,10,Over
3,talk,46,4,11,Over
3,talk,47,4,4,Over
3,talk,48,4,9,Over
3,talk,49,4,2,Over
3,talk,50,4,15,Over
3,talk,51,4,6,Over
3,talk,52,4,3,Over
3,talk,53,4,12,VOTE Agent[01]
3,talk,54,4,7,VOTE Agent[01]
3,talk,55,5,6,Over
3,talk,56,5,1,VOTE Agent[03]
3,talk,57,5,3,Over
3,talk,58,5,15,Over
3,talk,59,5,9,Over
3,talk,60,5,12,VOTE Agent[01]
3,talk,61,5,7,VOTE Agent[01]
3,talk,62,5,4,Over
3,talk,63,5,10,Over
3,talk,64,5,2,Over
3,talk,65,5,11,Over
3,talk,66,6,4,Over
3,talk,67,6,3,Over
3,talk,68,6,1,VOTE Agent[03]
3,talk,69,6,10,Over
3,talk,70,6,2,Over
3,talk,71,6,15,Over
3,talk,72,6,7,VOTE Agent[01]
3,talk,73,6,11,Over
3,talk,74,6,12,VOTE Agent[01]
3,talk,75,6,9,Over
3,talk,76,6,6,Over
3,talk,77,7,7,VOTE Agent[01]
3,talk,78,7,9,Over
3,talk,79,7,11,Over
3,talk,80,7,6,Over
3,talk,81,7,4,Over
3,talk,82,7,15,Over
3,talk,83,7,12,VOTE Agent[01]
3,talk,84,7,3,Over
3,talk,85,7,1,VOTE Agent[03]
3,talk,86,7,2,Over
3,talk,87,7,10,Over
3,talk,88,8,7,VOTE Agent[01]
3,talk,89,8,1,VOTE Agent[03]
3,talk,90,8,15,Over
3,talk,91,8,9,Over
3,talk,92,8,11,Over
3,talk,93,8,12,VOTE Agent[01]
3,talk,94,8,10,Over
3,talk,95,8,3,Over
3,talk,96,8,4,Over
3,talk,97,8,2,Over
3,talk,98,8,6,Over
3,talk,99,9,4,Over
3,talk,100,9,12,Over
3,talk,101,9,3,Over
3,talk,102,9,7,Over
3,talk,103,9,9,Over
3,talk,104,9,6,Over
3,talk,105,9,11,Over
3,talk,106,9,2,Over
3,talk,107,9,10,Over
3,talk,108,9,1,VOTE Agent[03]
3,talk,109,9,15,Over
3,talk,110,10,4,Over
3,talk,111,10,7,Over
3,talk,112,10,11,Over
3,talk,113,10,12,Over
3,talk,114,10,1,Over
3,talk,115,10,3,Over
3,talk,116,10,6,Over
3,talk,117,10,2,Over
3,talk,118,10,9,Over
3,talk,119,10,15,Over
3,talk,120,10,10,Over
3,vote,1,3
3,vote,2,10
3,vote,3,1
3,vote,4,1
3,vote,6,1
3,vote,7,1
3,vote,9,1
3,vote,10,1
3,vote,11,7
3,vote,12,1
3,vote,15,3
3,execute,1,VILLAGER
3,whisper,0,0,10,ATTACK Agent[06]
3,whisper,1,0,3,ATTACK Agent[06]
3,whisper,2,0,12,ATTACK Agent[05]
3,whisper,3,1,10,Skip
3,whisper,4,1,3,Skip
3,whisper,5,1,12,Skip
3,whisper,6,2,3,Skip
3,whisper,7,2,10,Skip
3,whisper,8,2,12,Skip
3,whisper,9,3,10,Over
3,whisper,10,3,12,Over
3,whisper,11,3,3,Over
3,guard,9,7,POSSESSED
3,attackVote,3,6
3,attackVote,10,6
3,attack,6,true
4,status,1,VILLAGER,DEAD,TOKU13
4,status,2,VILLAGER,ALIVE,SampleJava9
4,status,3,WEREWOLF,ALIVE,Tomato4
4,status,4,VILLAGER,ALIVE,sample_py
4,status,5,MEDIUM,DEAD,HALU
4,status,6,VILLAGER,DEAD,sample_py
4,status,7,POSSESSED,ALIVE,HALU
4,status,8,VILLAGER,DEAD,sample_py
4,status,9,BODYGUARD,ALIVE,sample_py
4,status,10,WEREWOLF,ALIVE,Tomato3
4,status,11,VILLAGER,ALIVE,SampleJava5
4,status,12,WEREWOLF,ALIVE,HALU
4,status,13,SEER,DEAD,SampleJava14
4,status,14,VILLAGER,DEAD,OKAMI
4,status,15,VILLAGER,ALIVE,Tomato1
4,talk,0,0,10,VOTE Agent[09]
4,talk,1,0,12,VOTE Agent[02]
4,talk,2,0,7,DIVINED Agent[10] WEREWOLF
4,talk,3,0,11,VOTE Agent[02]
4,talk,4,0,2,VOTE Agent[12]
4,talk,5,0,3,DIVINED Agent[10] WEREWOLF
4,talk,6,0,15,VOTE Agent[03]
4,talk,7,0,4,VOTE Agent[10]
4,talk,8,0,9,VOTE Agent[10]
4,talk,9,1,4,Skip
4,talk,10,1,12,VOTE Agent[11]
4,talk,11,1,2,REQUEST ANY (VOTE Agent[12])
4,talk,12,1,9,Skip
4,talk,13,1,15,Skip
4,talk,14,1,11,REQUEST ANY (VOTE Agent[02])
4,talk,15,1,3,VOTE Agent[09]
4,talk,16,1,7,VOTE Agent[03]
4,talk,17,1,10,Skip
4,talk,18,2,11,Skip
4,talk,19,2,15,Skip
4,talk,20,2,12,VOTE Agent[11]
4,talk,21,2,3,Skip
4,talk,22,2,9,Skip
4,talk,23,2,7,VOTE Agent[03]
4,talk,24,2,4,Skip
4,talk,25,2,2,Skip
4,talk,26,2,10,Skip
4,talk,27,3,12,VOTE Agent[09]
4,talk,28,3,15,Over
4,talk,29,3,7,VOTE Agent[10]
4,talk,30,3,4,Over
4,talk,31,3,3,Skip
4,talk,32,3,10,Over
4,talk,33,3,2,Skip
4,talk,34,3,9,Over
4,talk,35,3,11,Skip
4,talk,36,4,12,VOTE Agent[11]
4,talk,37,4,9,Over
4,talk,38,4,4,Over
4,talk,39,4,11,Over
4,talk,40,4,3,Over
4,talk,41,4,7,VOTE Agent[10]
4,talk,42,4,2,Over
4,talk,43,4,10,Over
4,talk,44,4,15,Over
4,talk,45,5,15,Over
4,talk,46,5,10,Over
4,talk,47,5,4,Over
4,talk,48,5,9,Over
4,talk,49,5,3,Over
4,talk,50,5,7,VOTE Agent[10]
4,talk,51,5,12,VOTE Agent[11]
4,talk,52,5,11,Over
4,talk,53,5,2,Over
4,talk,54,6,9,Over
4,talk,55,6,11,Over
4,talk,56,6,12,VOTE Agent[11]
4,talk,57,6,2,Over
4,talk,58,6,4,Over
4,talk,59,6,7,VOTE Agent[10]
4,talk,60,6,15,Over
4,talk,61,6,10,Over
4,talk,62,6,3,Over
4,talk,63,7,4,Over
4,talk,64,7,10,Over
4,talk,65,7,3,Over
4,talk,66,7,2,Over
4,talk,67,7,11,Over
4,talk,68,7,7,VOTE Agent[10]
4,talk,69,7,15,Over
4,talk,70,7,9,Over
4,talk,71,7,12,VOTE Agent[11]
4,talk,72,8,10,Over
4,talk,73,8,15,Over
4,talk,74,8,9,Over
4,talk,75,8,4,Over
4,talk,76,8,3,Over
4,talk,77,8,12,VOTE Agent[11]
4,talk,78,8,7,VOTE Agent[10]
4,talk,79,8,11,Over
4,talk,80,8,2,Over
4,talk,81,9,4,Over
4,talk,82,9,9,Over
4,talk,83,9,11,Over
4,talk,84,9,12,Over
4,talk,85,9,3,Over
4,talk,86,9,2,Over
4,talk,87,9,10,Over
4,talk,88,9,15,Over
4,talk,89,9,7,Over
4,vote,2,12
4,vote,3,9
4,vote,4,10
4,vote,7,10
4,vote,9,10
4,vote,10,9
4,vote,11,12
4,vote,12,11
4,vote,15,3
4,execute,10,WEREWOLF
4,whisper,0,0,12,ATTACK Agent[05]
4,whisper,1,0,3,ATTACK Agent[11]
4,whisper,2,1,12,Skip
4,whisper,3,1,3,Skip
4,whisper,4,2,3,Skip
4,whisper,5,2,12,Skip
4,whisper,6,3,12,Over
4,whisper,7,3,3,Over
4,guard,9,7,POSSESSED
4,attackVote,3,11
4,attack,11,true
5,status,1,VILLAGER,DEAD,TOKU13
5,status,2,VILLAGER,ALIVE,SampleJava9
5,status,3,WEREWOLF,ALIVE,Tomato4
5,status,4,VILLAGER,ALIVE,sample_py
5,status,5,MEDIUM,DEAD,HALU
5,status,6,VILLAGER,DEAD,sample_py
5,status,7,POSSESSED,ALIVE,HALU
5,status,8,VILLAGER,DEAD,sample_py
5,status,9,BODYGUARD,ALIVE,sample_py
5,status,10,WEREWOLF,DEAD,Tomato3
5,status,11,VILLAGER,DEAD,SampleJava5
5,status,12,WEREWOLF,ALIVE,HALU
5,status,13,SEER,DEAD,SampleJava14
5,status,14,VILLAGER,DEAD,OKAMI
5,status,15,VILLAGER,ALIVE,Tomato1
5,talk,0,0,4,VOTE Agent[12]
5,talk,1,0,3,DIVINED Agent[02] HUMAN
5,talk,2,0,15,VOTE Agent[03]
5,talk,3,0,9,VOTE Agent[02]
5,talk,4,0,12,VOTE Agent[15]
5,talk,5,0,7,COMINGOUT Agent[07] POSSESSED
5,talk,6,0,2,VOTE Agent[12]
5,talk,7,1,3,VOTE Agent[15]
5,talk,8,1,7,VOTE Agent[03]
5,talk,9,1,9,Skip
5,talk,10,1,4,Skip
5,talk,11,1,12,VOTE Agent[09]
5,talk,12,1,15,Skip
5,talk,13,1,2,REQUEST ANY (VOTE Agent[12])
5,talk,14,2,4,Skip
5,talk,15,2,9,Skip
5,talk,16,2,15,Skip
5,talk,17,2,2,Skip
5,talk,18,2,12,VOTE Agent[15]
5,talk,19,2,7,VOTE Agent[12]
5,talk,20,2,3,VOTE Agent[02]
5,talk,21,3,2,Skip
5,talk,22,3,9,Over
5,talk,23,3,3,Skip
5,talk,24,3,4,Over
5,talk,25,3,12,VOTE Agent[02]
5,talk,26,3,15,Over
5,talk,27,3,7,VOTE Agent[12]
5,talk,28,4,15,Over
5,talk,29,4,4,Over
5,talk,30,4,2,Over
5,talk,31,4,12,VOTE Agent[02]
5,talk,32,4,3,Skip
5,talk,33,4,7,VOTE Agent[12]
5,talk,34,4,9,Over
5,talk,35,5,9,Over
5,talk,36,5,3,Over
5,talk,37,5,12,VOTE Agent[04]
5,talk,38,5,7,VOTE Agent[12]
5,talk,39,5,2,Over
5,talk,40,5,4,Over
5,talk,41,5,15,Over
5,talk,42,6,2,Over
5,talk,43,6,9,Over
5,talk,44,6,4,Over
5,talk,45,6,15,Over
5,talk,46,6,7,VOTE Agent[12]
5,talk,47,6,12,VOTE Agent[02]
5,talk,48,6,3,Over
5,talk,49,7,4,Over
5,talk,50,7,15,Over
5,talk,51,7,9,Over
5,talk,52,7,2,Over
5,talk,53,7,7,VOTE Agent[12]
5,talk,54,7,12,VOTE Agent[02]
5,talk,55,7,3,Over
5,talk,56,8,3,Over
5,talk,57,8,15,Over
5,talk,58,8,4,Over
5,talk,59,8,12,VOTE Agent[15]
5,talk,60,8,2,Over
5,talk,61,8,9,Over
5,talk,62,8,7,VOTE Agent[12]
5,talk,63,9,15,Over
5,talk,64,9,12,Over
5,talk,65,9,3,Over
5,talk,66,9,4,Over
5,talk,67,9,9,Over
5,talk,68,9,7,VOTE Agent[12]
5,talk,69,9,2,Over
5,talk,70,10,9,Over
5,talk,71,10,7,Over
5,talk,72,10,2,Over
5,talk,73,10,12,Over
5,talk,74,10,15,Over
5,talk,75,10,4,Over
5,talk,76,10,3,Over
5,vote,2,3
5,vote,3,2
5,vote,4,12
5,vote,7,12
5,vote,9,2
5,vote,12,9
5,vote,15,3
5,vote,2,3
5,vote,3,2
5,vote,4,12
5,vote,7,12
5,vote,9,2
5,vote,12,15
5,vote,15,3
5,execute,2,VILLAGER
5,whisper,0,0,3,ATTACK Agent[04]
5,whisper,1,0,12,ATTACK Agent[05]
5,whisper,2,1,3,Skip
5,whisper,3,1,12,Skip
5,whisper,4,2,12,Skip
5,whisper,5,2,3,Skip
5,whisper,6,3,12,Over
5,whisper,7,3,3,Over
5,guard,9,7,POSSESSED
5,attackVote,3,4
5,attack,4,true
6,status,1,VILLAGER,DEAD,TOKU13
6,status,2,VILLAGER,DEAD,SampleJava9
6,status,3,WEREWOLF,ALIVE,Tomato4
6,status,4,VILLAGER,DEAD,sample_py
6,status,5,MEDIUM,DEAD,HALU
6,status,6,VILLAGER,DEAD,sample_py
6,status,7,POSSESSED,ALIVE,HALU
6,status,8,VILLAGER,DEAD,sample_py
6,status,9,BODYGUARD,ALIVE,sample_py
6,status,10,WEREWOLF,DEAD,Tomato3
6,status,11,VILLAGER,DEAD,SampleJava5
6,status,12,WEREWOLF,ALIVE,HALU
6,status,13,SEER,DEAD,SampleJava14
6,status,14,VILLAGER,DEAD,OKAMI
6,status,15,VILLAGER,ALIVE,Tomato1
6,talk,0,0,9,VOTE Agent[15]
6,talk,1,0,3,DIVINED Agent[07] HUMAN
6,talk,2,0,12,VOTE Agent[09]
6,talk,3,0,15,VOTE Agent[03]
6,talk,4,0,7,COMINGOUT Agent[07] POSSESSED
6,talk,5,1,3,COMINGOUT Agent[03] WEREWOLF
6,talk,6,1,9,Skip
6,talk,7,1,12,VOTE Agent[09]
6,talk,8,1,15,Skip
6,talk,9,1,7,VOTE Agent[09]
6,talk,10,2,9,Skip
6,talk,11,2,12,VOTE Agent[15]
6,talk,12,2,7,VOTE Agent[15]
6,talk,13,2,3,VOTE Agent[09]
6,talk,14,2,15,Skip
6,talk,15,3,9,Over
6,talk,16,3,7,VOTE Agent[15]
6,talk,17,3,12,VOTE Agent[15]
6,talk,18,3,3,COMINGOUT Agent[03] WEREWOLF
6,talk,19,3,15,Over
6,talk,20,4,12,VOTE Agent[15]
6,talk,21,4,7,VOTE Agent[03]
6,talk,22,4,3,VOTE Agent[15]
6,talk,23,4,9,Over
6,talk,24,4,15,Over
6,talk,25,5,7,VOTE Agent[03]
6,talk,26,5,3,COMINGOUT Agent[03] WEREWOLF
6,talk,27,5,12,VOTE Agent[09]
6,talk,28,5,9,Over
6,talk,29,5,15,Over
6,talk,30,6,7,VOTE Agent[03]
6,talk,31,6,3,COMINGOUT Agent[03] WEREWOLF
6,talk,32,6,12,VOTE Agent[09]
6,talk,33,6,15,Over
6,talk,34,6,9,Over
6,talk,35,7,12,VOTE Agent[09]
6,talk,36,7,7,VOTE Agent[12]
6,talk,37,7,9,Over
6,talk,38,7,15,Over
6,talk,39,7,3,VOTE Agent[09]
6,talk,40,8,3,COMINGOUT Agent[03] WEREWOLF
6,talk,41,8,7,VOTE Agent[03]
6,talk,42,8,15,Over
6,talk,43,8,9,Over
6,talk,44,8,12,VOTE Agent[15]
6,talk,45,9,15,Over
6,talk,46,9,3,COMINGOUT Agent[03] WEREWOLF
6,talk,47,9,9,Over
6,talk,48,9,7,VOTE Agent[12]
6,talk,49,9,12,Over
6,talk,50,10,7,Over
6,talk,51,10,3,Over
6,talk,52,10,15,Over
6,talk,53,10,12,Over
6,talk,54,10,9,Over
6,vote,3,9
6,vote,7,12
6,vote,9,15
6,vote,12,7
6,vote,15,3
6,vote,3,9
6,vote,7,12
6,vote,9,15
6,vote,12,9
6,vote,15,3
6,execute,9,BODYGUARD
6,whisper,0,0,3,ATTACK Agent[15]
6,whisper,1,0,12,ATTACK Agent[05]
6,whisper,2,1,3,Skip
6,whisper,3,1,12,Skip
6,whisper,4,2,3,Skip
6,whisper,5,2,12,Skip
6,whisper,6,3,12,Over
6,whisper,7,3,3,Over
6,attackVote,3,15
6,attack,15,true
7,status,1,VILLAGER,DEAD,TOKU13
7,status,2,VILLAGER,DEAD,SampleJava9
7,status,3,WEREWOLF,ALIVE,Tomato4
7,status,4,VILLAGER,DEAD,sample_py
7,status,5,MEDIUM,DEAD,HALU
7,status,6,VILLAGER,DEAD,sample_py
7,status,7,POSSESSED,ALIVE,HALU
7,status,8,VILLAGER,DEAD,sample_py
7,status,9,BODYGUARD,DEAD,sample_py
7,status,10,WEREWOLF,DEAD,Tomato3
7,status,11,VILLAGER,DEAD,SampleJava5
7,status,12,WEREWOLF,ALIVE,HALU
7,status,13,SEER,DEAD,SampleJava14
7,status,14,VILLAGER,DEAD,OKAMI
7,status,15,VILLAGER,DEAD,Tomato1
7,result,1,2,WEREWOLF
