0,status,1,POSSESSED,ALIVE,OKAMI
0,status,2,WEREWOLF,ALIVE,Takeda2
0,status,3,VILLAGER,ALIVE,OKAMI
0,status,4,VILLAGER,ALIVE,Tomato1
0,status,5,SEER,ALIVE,OKAMI
0,divine,5,3,HUMAN
1,status,1,POSSESSED,ALIVE,OKAMI
1,status,2,WEREWOLF,ALIVE,Takeda2
1,status,3,VILLAGER,ALIVE,OKAMI
1,status,4,VILLAGER,ALIVE,Tomato1
1,status,5,SEER,ALIVE,OKAMI
1,talk,0,0,5,COMINGOUT Agent[05] SEER
1,talk,1,0,2,COMINGOUT Agent[02] SEER
1,talk,2,0,4,Skip
1,talk,3,0,3,VOTE Agent[01]
1,talk,4,0,1,COMINGOUT Agent[01] SEER
1,talk,5,1,5,DIVINED Agent[04] WEREWOLF
1,talk,6,1,3,VOTE Agent[01]
1,talk,7,1,4,VOTE Agent[02]
1,talk,8,1,1,DIVINED Agent[03] HUMAN
1,talk,9,1,2,DIVINED Agent[01] WEREWOLF
1,talk,10,2,1,VOTE Agent[02]
1,talk,11,2,4,VOTE Agent[01]
1,talk,12,2,2,VOTE Agent[01]
1,talk,13,2,3,VOTE Agent[02]
1,talk,14,2,5,VOTE Agent[01]
1,talk,15,3,3,VOTE Agent[02]
1,talk,16,3,5,VOTE Agent[01]
1,talk,17,3,1,VOTE Agent[02]
1,talk,18,3,2,Skip
1,talk,19,3,4,Skip
1,talk,20,4,4,Skip
1,talk,21,4,1,VOTE Agent[02]
1,talk,22,4,5,VOTE Agent[01]
1,talk,23,4,2,Skip
1,talk,24,4,3,VOTE Agent[02]
1,talk,25,5,1,Over
1,talk,26,5,3,VOTE Agent[02]
1,talk,27,5,5,Over
1,talk,28,5,2,Over
1,talk,29,5,4,Over
1,talk,30,6,1,Over
1,talk,31,6,3,Over
1,talk,32,6,5,Over
1,talk,33,6,2,Over
1,talk,34,6,4,Over
1,vote,1,4
1,vote,2,1
1,vote,3,2
1,vote,4,2
1,vote,5,1
1,vote,1,4
1,vote,2,1
1,vote,3,1
1,vote,4,2
1,vote,5,1
1,execute,1,POSSESSED
1,divine,5,2,WEREWOLF
1,attackVote,2,4
1,attack,4,true
2,status,1,POSSESSED,DEAD,OKAMI
2,status,2,WEREWOLF,ALIVE,Takeda2
2,status,3,VILLAGER,ALIVE,OKAMI
2,status,4,VILLAGER,DEAD,Tomato1
2,status,5,SEER,ALIVE,OKAMI
2,talk,0,0,2,DIVINED Agent[05] WEREWOLF
2,talk,1,0,5,COMINGOUT Agent[05] POSSESSED
2,talk,2,0,3,COMINGOUT Agent[03] POSSESSED
2,talk,3,1,2,VOTE Agent[05]
2,talk,4,1,3,VOTE Agent[02]
2,talk,5,1,5,VOTE Agent[01]
2,talk,6,2,2,VOTE Agent[05]
2,talk,7,2,5,VOTE Agent[01]
2,talk,8,2,3,VOTE Agent[02]
2,talk,9,3,3,Over
2,talk,10,3,2,VOTE Agent[05]
2,talk,11,3,5,Over
2,talk,12,4,2,VOTE Agent[05]
2,talk,13,4,3,Over
2,talk,14,4,5,Over
2,talk,15,5,2,VOTE Agent[05]
2,talk,16,5,3,Over
2,talk,17,5,5,Over
2,talk,18,6,5,Over
2,talk,19,6,2,VOTE Agent[05]
2,talk,20,6,3,Over
2,talk,21,7,3,Over
2,talk,22,7,2,VOTE Agent[05]
2,talk,23,7,5,Over
2,talk,24,8,5,Over
2,talk,25,8,2,VOTE Agent[05]
2,talk,26,8,3,Over
2,talk,27,9,2,VOTE Agent[05]
2,talk,28,9,3,Over
2,talk,29,9,5,Over
2,talk,30,10,5,Over
2,talk,31,10,2,Over
2,talk,32,10,3,Over
2,vote,2,3
2,vote,3,2
2,vote,5,2
2,execute,2,WEREWOLF
2,divine,5,3,HUMAN
3,status,1,POSSESSED,DEAD,OKAMI
3,status,2,WEREWOLF,DEAD,Takeda2
3,status,3,VILLAGER,ALIVE,OKAMI
3,status,4,VILLAGER,DEAD,Tomato1
3,status,5,SEER,ALIVE,OKAMI
3,result,2,0,VILLAGER
