0,status,1,BODYGUARD,ALIVE,Takeda13
0,status,2,VILLAGER,ALIVE,sample_py
0,status,3,WEREWOLF,ALIVE,HALU
0,status,4,WEREWOLF,ALIVE,sample_py
0,status,5,VILLAGER,ALIVE,HALU
0,status,6,VILLAGER,ALIVE,TOKU11
0,status,7,VILLAGER,ALIVE,Takeda12
0,status,8,WEREWOLF,ALIVE,SampleJava0
0,status,9,POSSESSED,ALIVE,Takeda3
0,status,10,MEDIUM,ALIVE,SampleJava4
0,status,11,VILLAGER,ALIVE,SampleJava7
0,status,12,VILLAGER,ALIVE,TOKU5
0,status,13,VILLAGER,ALIVE,sample_py
0,status,14,VILLAGER,ALIVE,SampleJava2
0,status,15,SEER,ALIVE,SampleJava6
0,whisper,0,0,3,COMINGOUT Agent[03] SEER
0,whisper,1,0,4,COMINGOUT Agent[04] SEER
0,whisper,2,0,8,COMINGOUT Agent[08] SEER
0,whisper,3,1,3,COMINGOUT Agent[03] VILLAGER
0,whisper,4,1,8,COMINGOUT Agent[08] MEDIUM
0,whisper,5,1,4,COMINGOUT Agent[04] SEER
0,whisper,6,2,4,COMINGOUT Agent[04] SEER
0,whisper,7,2,8,Skip
0,whisper,8,2,3,Skip
0,whisper,9,3,8,Skip
0,whisper,10,3,3,Skip
0,whisper,11,3,4,COMINGOUT Agent[04] SEER
0,whisper,12,4,4,COMINGOUT Agent[04] SEER
0,whisper,13,4,3,Over
0,whisper,14,4,8,Over
0,whisper,15,5,8,Over
0,whisper,16,5,3,Over
0,whisper,17,5,4,COMINGOUT Agent[04] SEER
0,whisper,18,6,8,Over
0,whisper,19,6,4,COMINGOUT Agent[04] SEER
0,whisper,20,6,3,Over
0,whisper,21,7,4,COMINGOUT Agent[04] SEER
0,whisper,22,7,8,Over
0,whisper,23,7,3,Over
0,whisper,24,8,4,COMINGOUT Agent[04] SEER
0,whisper,25,8,8,Over
0,whisper,26,8,3,Over
0,whisper,27,9,8,Over
0,whisper,28,9,4,COMINGOUT Agent[04] SEER
0,whisper,29,9,3,Over
0,whisper,30,10,3,Over
0,whisper,31,10,4,Over
0,whisper,32,10,8,Over
0,divine,15,6,HUMAN
1,status,1,BODYGUARD,ALIVE,Takeda13
1,status,2,VILLAGER,ALIVE,sample_py
1,status,3,WEREWOLF,ALIVE,HALU
1,status,4,WEREWOLF,ALIVE,sample_py
1,status,5,VILLAGER,ALIVE,HALU
1,status,6,VILLAGER,ALIVE,TOKU11
1,status,7,VILLAGER,ALIVE,Takeda12
1,status,8,WEREWOLF,ALIVE,SampleJava0
1,status,9,POSSESSED,ALIVE,Takeda3
1,status,10,MEDIUM,ALIVE,SampleJava4
1,status,11,VILLAGER,ALIVE,SampleJava7
1,status,12,VILLAGER,ALIVE,TOKU5
1,status,13,VILLAGER,ALIVE,sample_py
1,status,14,VILLAGER,ALIVE,SampleJava2
1,status,15,SEER,ALIVE,SampleJava6
1,talk,0,0,2,VOTE Agent[11]
1,talk,1,0,10,VOTE Agent[14]
1,talk,2,0,3,VOTE Agent[10]
1,talk,3,0,8,VOTE Agent[15]
1,talk,4,0,6,VOTE Agent[15]
1,talk,5,0,7,VOTE Agent[15]
1,talk,6,0,1,VOTE Agent[15]
1,talk,7,0,4,VOTE Agent[07]
1,talk,8,0,15,VOTE Agent[14]
1,talk,9,0,9,COMINGOUT Agent[09] SEER
1,talk,10,0,5,VOTE Agent[03]
1,talk,11,0,11,VOTE Agent[08]
1,talk,12,0,14,VOTE Agent[10]
1,talk,13,0,12,VOTE Agent[15]
1,talk,14,0,13,VOTE Agent[15]
1,talk,15,1,6,Skip
1,talk,16,1,14,REQUEST ANY (VOTE Agent[10])
1,talk,17,1,11,REQUEST ANY (VOTE Agent[08])
1,talk,18,1,2,Skip
1,talk,19,1,10,REQUEST ANY (VOTE Agent[14])
1,talk,20,1,5,VOTE Agent[11]
1,talk,21,1,15,REQUEST ANY (VOTE Agent[14])
1,talk,22,1,1,Skip
1,talk,23,1,3,VOTE Agent[05]
1,talk,24,1,7,Skip
1,talk,25,1,4,VOTE Agent[09]
1,talk,26,1,8,REQUEST ANY (VOTE Agent[15])
1,talk,27,1,13,Skip
1,talk,28,1,12,Skip
1,talk,29,1,9,DIVINED Agent[07] WEREWOLF
1,talk,30,2,2,VOTE Agent[07]
1,talk,31,2,4,Skip
1,talk,32,2,13,VOTE Agent[07]
1,talk,33,2,7,VOTE Agent[03]
1,talk,34,2,15,COMINGOUT Agent[15] SEER
1,talk,35,2,12,Skip
1,talk,36,2,6,Skip
1,talk,37,2,5,VOTE Agent[07]
1,talk,38,2,9,VOTE Agent[07]
1,talk,39,2,1,Skip
1,talk,40,2,14,Skip
1,talk,41,2,10,Skip
1,talk,42,2,11,Skip
1,talk,43,2,8,Skip
1,talk,44,2,3,VOTE Agent[07]
1,talk,45,3,8,Skip
1,talk,46,3,3,VOTE Agent[07]
1,talk,47,3,2,Skip
1,talk,48,3,5,VOTE Agent[07]
1,talk,49,3,11,Skip
1,talk,50,3,1,Over
1,talk,51,3,13,Skip
1,talk,52,3,10,Skip
1,talk,53,3,4,Skip
1,talk,54,3,9,Skip
1,talk,55,3,6,Over
1,talk,56,3,14,Skip
1,talk,57,3,15,DAY 1 (DIVINED Agent[06] HUMAN)
1,talk,58,3,7,Skip
1,talk,59,3,12,VOTE Agent[03]
1,talk,60,4,4,Over
1,talk,61,4,11,Over
1,talk,62,4,13,Skip
1,talk,63,4,12,Skip
1,talk,64,4,2,Skip
1,talk,65,4,14,Over
1,talk,66,4,15,DIVINED Agent[06] HUMAN
1,talk,67,4,3,VOTE Agent[07]
1,talk,68,4,1,Over
1,talk,69,4,10,Over
1,talk,70,4,5,VOTE Agent[07]
1,talk,71,4,8,Over
1,talk,72,4,7,Skip
1,talk,73,4,9,Skip
1,talk,74,4,6,Over
1,talk,75,5,11,Over
1,talk,76,5,9,Over
1,talk,77,5,10,Over
1,talk,78,5,15,BECAUSE (AND (COMINGOUT Agent[15] SEER) (Agent[09] COMINGOUT Agent[09] SEER)) (XOR (ESTIMATE Agent[09] WEREWOLF) (ESTIMATE Agent[09] POSSESSED))
1,talk,79,5,4,Over
1,talk,80,5,8,Over
1,talk,81,5,7,Over
1,talk,82,5,13,Over
1,talk,83,5,5,VOTE Agent[07]
1,talk,84,5,2,Over
1,talk,85,5,6,Over
1,talk,86,5,12,Skip
1,talk,87,5,14,Over
1,talk,88,5,3,VOTE Agent[07]
1,talk,89,5,1,VOTE Agent[05]
1,talk,90,6,1,Skip
1,talk,91,6,12,Over
1,talk,92,6,15,BECAUSE (XOR (ESTIMATE Agent[09] WEREWOLF) (ESTIMATE Agent[09] POSSESSED)) (AND (VOTE Agent[09]) (REQUEST ANY (VOTE Agent[09])))
1,talk,93,6,6,Over
1,talk,94,6,13,Over
1,talk,95,6,5,VOTE Agent[07]
1,talk,96,6,2,Over
1,talk,97,6,7,Over
1,talk,98,6,8,Over
1,talk,99,6,11,Over
1,talk,100,6,9,Over
1,talk,101,6,3,VOTE Agent[07]
1,talk,102,6,14,Over
1,talk,103,6,10,Over
1,talk,104,6,4,Over
1,talk,105,7,15,VOTE Agent[09]
1,talk,106,7,10,Over
1,talk,107,7,6,Over
1,talk,108,7,1,Skip
1,talk,109,7,4,Over
1,talk,110,7,7,Over
1,talk,111,7,11,Over
1,talk,112,7,8,Over
1,talk,113,7,14,Over
1,talk,114,7,5,VOTE Agent[07]
1,talk,115,7,9,Over
1,talk,116,7,3,VOTE Agent[07]
1,talk,117,7,2,Over
1,talk,118,7,12,Over
1,talk,119,7,13,Over
1,talk,120,8,2,Over
1,talk,121,8,11,Over
1,talk,122,8,9,Over
1,talk,123,8,14,Over
1,talk,124,8,7,Over
1,talk,125,8,12,Over
1,talk,126,8,13,Over
1,talk,127,8,5,VOTE Agent[07]
1,talk,128,8,8,Over
1,talk,129,8,3,VOTE Agent[07]
1,talk,130,8,1,Over
1,talk,131,8,10,Over
1,talk,132,8,15,REQUEST ANY (VOTE Agent[09])
1,talk,133,8,4,Over
1,talk,134,8,6,Over
1,talk,135,9,10,Over
1,talk,136,9,13,Over
1,talk,137,9,14,Over
1,talk,138,9,11,Over
1,talk,139,9,12,Over
1,talk,140,9,1,Over
1,talk,141,9,15,Skip
1,talk,142,9,8,Over
1,talk,143,9,4,Over
1,talk,144,9,6,Over
1,talk,145,9,5,Over
1,talk,146,9,7,Over
1,talk,147,9,2,Over
1,talk,148,9,3,Over
1,talk,149,9,9,Over
1,talk,150,10,9,Over
1,talk,151,10,13,Over
1,talk,152,10,7,Over
1,talk,153,10,8,Over
1,talk,154,10,15,Skip
1,talk,155,10,2,Over
1,talk,156,10,3,Over
1,talk,157,10,6,Over
1,talk,158,10,4,Over
1,talk,159,10,14,Over
1,talk,160,10,12,Over
1,talk,161,10,10,Over
1,talk,162,10,5,Over
1,talk,163,10,11,Over
1,talk,164,10,1,VOTE Agent[03]
1,talk,165,11,12,Over
1,talk,166,11,3,Over
1,talk,167,11,7,Over
1,talk,168,11,4,Over
1,talk,169,11,9,Over
1,talk,170,11,6,VOTE Agent[03]
1,talk,171,11,8,Over
1,talk,172,11,13,Over
1,talk,173,11,10,Over
1,talk,174,11,1,VOTE Agent[05]
1,talk,175,11,15,Over
1,talk,176,11,2,Over
1,talk,177,11,11,Over
1,talk,178,11,14,Over
1,talk,179,11,5,Over
1,talk,180,12,9,Over
1,talk,181,12,2,Over
1,talk,182,12,13,Over
1,talk,183,12,14,Over
1,talk,184,12,8,Over
1,talk,185,12,12,Over
1,talk,186,12,4,Over
1,talk,187,12,7,Over
1,talk,188,12,1,VOTE Agent[03]
1,talk,189,12,5,Over
1,talk,190,12,15,Over
1,talk,191,12,6,Skip
1,talk,192,12,11,Over
1,talk,193,12,10,Over
1,talk,194,12,3,Over
1,talk,195,13,3,Over
1,talk,196,13,10,Over
1,talk,197,13,6,Skip
1,talk,198,13,13,Over
1,talk,199,13,12,Over
1,talk,200,13,4,Over
1,talk,201,13,7,Over
1,talk,202,13,2,Over
1,talk,203,13,1,Skip
1,talk,204,13,9,Over
1,talk,205,13,15,Over
1,talk,206,13,5,Over
1,talk,207,13,11,Over
1,talk,208,13,14,Over
1,talk,209,13,8,Over
1,talk,210,14,8,Over
1,talk,211,14,11,Over
1,talk,212,14,10,Over
1,talk,213,14,3,Over
1,talk,214,14,4,Over
1,talk,215,14,1,Skip
1,talk,216,14,7,Over
1,talk,217,14,2,Over
1,talk,218,14,9,Over
1,talk,219,14,13,Over
1,talk,220,14,6,Over
1,talk,221,14,14,Over
1,talk,222,14,12,Over
1,talk,223,14,15,Over
1,talk,224,14,5,Over
1,talk,225,15,8,Over
1,talk,226,15,2,Over
1,talk,227,15,6,Over
1,talk,228,15,1,Over
1,talk,229,15,3,Over
1,talk,230,15,7,Over
1,talk,231,15,4,Over
1,talk,232,15,14,Over
1,talk,233,15,13,Over
1,talk,234,15,15,Over
1,talk,235,15,5,Over
1,talk,236,15,12,Over
1,talk,237,15,11,Over
1,talk,238,15,10,Over
1,talk,239,15,9,Over
1,vote,1,3
1,vote,2,7
1,vote,3,7
1,vote,4,9
1,vote,5,7
1,vote,6,3
1,vote,7,3
1,vote,8,15
1,vote,9,14
1,vote,10,9
1,vote,11,10
1,vote,12,3
1,vote,13,7
1,vote,14,8
1,vote,15,9
1,vote,1,3
1,vote,2,7
1,vote,3,7
1,vote,4,9
1,vote,5,7
1,vote,6,5
1,vote,7,3
1,vote,8,3
1,vote,9,11
1,vote,10,3
1,vote,11,3
1,vote,12,3
1,vote,13,7
1,vote,14,3
1,vote,15,3
1,execute,3,WEREWOLF
1,divine,15,9,HUMAN
1,whisper,0,0,8,BECAUSE (AND (NOT (COMINGOUT Agent[09] WEREWOLF)) (NOT (COMINGOUT Agent[07] WEREWOLF)) (DAY 1 (Agent[09] DIVINED Agent[07] WEREWOLF))) (ESTIMATE Agent[09] POSSESSED)
1,whisper,1,0,4,ATTACK Agent[09]
1,whisper,2,1,8,BECAUSE (Agent[15] COMINGOUT Agent[15] SEER) (ATTACK Agent[15])
1,whisper,3,1,4,Skip
1,whisper,4,2,4,Skip
1,whisper,5,2,8,ATTACK Agent[15]
1,whisper,6,3,4,Over
1,whisper,7,3,8,Skip
1,whisper,8,4,8,Skip
1,whisper,9,4,4,Over
1,whisper,10,5,4,Over
1,whisper,11,5,8,Over
1,guard,1,9,POSSESSED
1,attackVote,4,9
1,attackVote,8,15
1,attackVote,4,9
1,attackVote,8,15
1,attack,15,true
2,status,1,BODYGUARD,ALIVE,Takeda13
2,status,2,VILLAGER,ALIVE,sample_py
2,status,3,WEREWOLF,DEAD,HALU
2,status,4,WEREWOLF,ALIVE,sample_py
2,status,5,VILLAGER,ALIVE,HALU
2,status,6,VILLAGER,ALIVE,TOKU11
2,status,7,VILLAGER,ALIVE,Takeda12
2,status,8,WEREWOLF,ALIVE,SampleJava0
2,status,9,POSSESSED,ALIVE,Takeda3
2,status,10,MEDIUM,ALIVE,SampleJava4
2,status,11,VILLAGER,ALIVE,SampleJava7
2,status,12,VILLAGER,ALIVE,TOKU5
2,status,13,VILLAGER,ALIVE,sample_py
2,status,14,VILLAGER,ALIVE,SampleJava2
2,status,15,SEER,DEAD,SampleJava6
2,talk,0,0,7,VOTE Agent[05]
2,talk,1,0,11,VOTE Agent[05]
2,talk,2,0,4,COMINGOUT Agent[04] SEER
2,talk,3,0,8,VOTE Agent[15]
2,talk,4,0,2,VOTE Agent[07]
2,talk,5,0,1,VOTE Agent[05]
2,talk,6,0,14,VOTE Agent[11]
2,talk,7,0,10,COMINGOUT Agent[10] MEDIUM
2,talk,8,0,5,VOTE Agent[07]
2,talk,9,0,12,VOTE Agent[05]
2,talk,10,0,9,DIVINED Agent[05] HUMAN
2,talk,11,0,13,VOTE Agent[07]
2,talk,12,0,6,VOTE Agent[05]
2,talk,13,1,13,Skip
2,talk,14,1,5,VOTE Agent[07]
2,talk,15,1,6,VOTE Agent[04]
2,talk,16,1,1,VOTE Agent[04]
2,talk,17,1,7,VOTE Agent[04]
2,talk,18,1,4,DIVINED Agent[08] HUMAN
2,talk,19,1,14,REQUEST ANY (VOTE Agent[11])
2,talk,20,1,11,REQUEST ANY (VOTE Agent[05])
2,talk,21,1,8,REQUEST ANY (VOTE Agent[15])
2,talk,22,1,2,Skip
2,talk,23,1,12,VOTE Agent[04]
2,talk,24,1,9,VOTE Agent[07]
2,talk,25,1,10,DAY 2 (IDENTIFIED Agent[03] WEREWOLF)
2,talk,26,2,12,Skip
2,talk,27,2,4,DIVINED Agent[12] WEREWOLF
2,talk,28,2,6,Skip
2,talk,29,2,10,IDENTIFIED Agent[03] WEREWOLF
2,talk,30,2,11,Skip
2,talk,31,2,1,Skip
2,talk,32,2,7,Skip
2,talk,33,2,8,COMINGOUT Agent[08] MEDIUM
2,talk,34,2,5,VOTE Agent[11]
2,talk,35,2,13,Skip
2,talk,36,2,9,Skip
2,talk,37,2,14,Skip
2,talk,38,2,2,Skip
2,talk,39,3,5,VOTE Agent[11]
2,talk,40,3,14,Skip
2,talk,41,3,11,Skip
2,talk,42,3,2,Over
2,talk,43,3,8,DAY 2 (IDENTIFIED Agent[03] HUMAN)
2,talk,44,3,9,Skip
2,talk,45,3,1,Skip
2,talk,46,3,13,Over
2,talk,47,3,6,Skip
2,talk,48,3,10,BECAUSE (AND (COMINGOUT Agent[10] MEDIUM) (Agent[08] COMINGOUT Agent[08] MEDIUM)) (XOR (ESTIMATE Agent[08] WEREWOLF) (ESTIMATE Agent[08] POSSESSED))
2,talk,49,3,12,Skip
2,talk,50,3,7,Skip
2,talk,51,3,4,VOTE Agent[12]
2,talk,52,4,11,Over
2,talk,53,4,5,VOTE Agent[11]
2,talk,54,4,9,Over
2,talk,55,4,13,Over
2,talk,56,4,2,Over
2,talk,57,4,4,Skip
2,talk,58,4,7,Over
2,talk,59,4,10,BECAUSE (XOR (ESTIMATE Agent[08] WEREWOLF) (ESTIMATE Agent[08] POSSESSED)) (AND (VOTE Agent[08]) (REQUEST ANY (VOTE Agent[08])))
2,talk,60,4,1,Over
2,talk,61,4,14,Over
2,talk,62,4,6,Over
2,talk,63,4,8,IDENTIFIED Agent[03] HUMAN
2,talk,64,4,12,Over
2,talk,65,5,5,VOTE Agent[11]
2,talk,66,5,8,Skip
2,talk,67,5,9,Over
2,talk,68,5,2,Over
2,talk,69,5,4,Skip
2,talk,70,5,11,Over
2,talk,71,5,14,Over
2,talk,72,5,6,Over
2,talk,73,5,7,Over
2,talk,74,5,1,Over
2,talk,75,5,13,Over
2,talk,76,5,12,Over
2,talk,77,5,10,VOTE Agent[08]
2,talk,78,6,8,Skip
2,talk,79,6,7,Over
2,talk,80,6,10,REQUEST ANY (VOTE Agent[08])
2,talk,81,6,5,VOTE Agent[11]
2,talk,82,6,9,Over
2,talk,83,6,12,Over
2,talk,84,6,11,Over
2,talk,85,6,13,Over
2,talk,86,6,14,Over
2,talk,87,6,4,Over
2,talk,88,6,1,Over
2,talk,89,6,6,Over
2,talk,90,6,2,Over
2,talk,91,7,13,Over
2,talk,92,7,8,Over
2,talk,93,7,2,Over
2,talk,94,7,7,Over
2,talk,95,7,10,Skip
2,talk,96,7,5,VOTE Agent[11]
2,talk,97,7,1,Over
2,talk,98,7,14,Over
2,talk,99,7,6,Over
2,talk,100,7,12,Over
2,talk,101,7,11,Over
2,talk,102,7,4,Over
2,talk,103,7,9,Over
2,talk,104,8,7,Over
2,talk,105,8,6,Over
2,talk,106,8,11,Over
2,talk,107,8,4,Over
2,talk,108,8,2,Over
2,talk,109,8,5,VOTE Agent[11]
2,talk,110,8,9,Over
2,talk,111,8,1,Over
2,talk,112,8,10,Skip
2,talk,113,8,8,Over
2,talk,114,8,13,Over
2,talk,115,8,14,Over
2,talk,116,8,12,Over
2,talk,117,9,14,Over
2,talk,118,9,6,Over
2,talk,119,9,4,Over
2,talk,120,9,9,Over
2,talk,121,9,2,Over
2,talk,122,9,7,Over
2,talk,123,9,5,Over
2,talk,124,9,10,Over
2,talk,125,9,1,Over
2,talk,126,9,8,Over
2,talk,127,9,11,Over
2,talk,128,9,13,Over
2,talk,129,9,12,Over
2,vote,1,4
2,vote,2,7
2,vote,4,12
2,vote,5,11
2,vote,6,4
2,vote,7,4
2,vote,8,11
2,vote,9,7
2,vote,10,8
2,vote,11,8
2,vote,12,4
2,vote,13,7
2,vote,14,8
2,execute,4,WEREWOLF
2,guard,1,11,VILLAGER
2,attackVote,8,10
2,attack,10,true
3,status,1,BODYGUARD,ALIVE,Takeda13
3,status,2,VILLAGER,ALIVE,sample_py
3,status,3,WEREWOLF,DEAD,HALU
3,status,4,WEREWOLF,DEAD,sample_py
3,status,5,VILLAGER,ALIVE,HALU
3,status,6,VILLAGER,ALIVE,TOKU11
3,status,7,VILLAGER,ALIVE,Takeda12
3,status,8,WEREWOLF,ALIVE,SampleJava0
3,status,9,POSSESSED,ALIVE,Takeda3
3,status,10,MEDIUM,DEAD,SampleJava4
3,status,11,VILLAGER,ALIVE,SampleJava7
3,status,12,VILLAGER,ALIVE,TOKU5
3,status,13,VILLAGER,ALIVE,sample_py
3,status,14,VILLAGER,ALIVE,SampleJava2
3,status,15,SEER,DEAD,SampleJava6
3,talk,0,0,1,VOTE Agent[08]
3,talk,1,0,14,VOTE Agent[11]
3,talk,2,0,12,VOTE Agent[08]
3,talk,3,0,11,VOTE Agent[01]
3,talk,4,0,2,VOTE Agent[07]
3,talk,5,0,5,VOTE Agent[11]
3,talk,6,0,9,DIVINED Agent[06] WEREWOLF
3,talk,7,0,13,VOTE Agent[12]
3,talk,8,0,6,VOTE Agent[08]
3,talk,9,0,8,DAY 3 (IDENTIFIED Agent[04] HUMAN)
3,talk,10,0,7,VOTE Agent[08]
3,talk,11,1,2,Skip
3,talk,12,1,8,IDENTIFIED Agent[04] HUMAN
3,talk,13,1,6,Skip
3,talk,14,1,14,REQUEST ANY (VOTE Agent[11])
3,talk,15,1,5,VOTE Agent[11]
3,talk,16,1,1,Skip
3,talk,17,1,7,Skip
3,talk,18,1,13,Skip
3,talk,19,1,11,REQUEST ANY (VOTE Agent[01])
3,talk,20,1,12,Skip
3,talk,21,1,9,VOTE Agent[07]
3,talk,22,2,11,Skip
3,talk,23,2,14,Skip
3,talk,24,2,5,VOTE Agent[11]
3,talk,25,2,7,Skip
3,talk,26,2,6,Skip
3,talk,27,2,8,VOTE Agent[07]
3,talk,28,2,1,Skip
3,talk,29,2,13,Skip
3,talk,30,2,2,Skip
3,talk,31,2,12,Skip
3,talk,32,2,9,Skip
3,talk,33,3,1,Over
3,talk,34,3,9,Skip
3,talk,35,3,13,Over
3,talk,36,3,12,Over
3,talk,37,3,5,VOTE Agent[11]
3,talk,38,3,2,Over
3,talk,39,3,7,Over
3,talk,40,3,8,REQUEST ANY (VOTE Agent[07])
3,talk,41,3,6,Over
3,talk,42,3,11,Skip
3,talk,43,3,14,Skip
3,talk,44,4,7,Over
3,talk,45,4,8,Skip
3,talk,46,4,12,Over
3,talk,47,4,14,Over
3,talk,48,4,11,Over
3,talk,49,4,9,Over
3,talk,50,4,2,Over
3,talk,51,4,1,Over
3,talk,52,4,6,Over
3,talk,53,4,5,VOTE Agent[11]
3,talk,54,4,13,Over
3,talk,55,5,5,VOTE Agent[11]
3,talk,56,5,14,Over
3,talk,57,5,9,Over
3,talk,58,5,13,Over
3,talk,59,5,1,Over
3,talk,60,5,6,Over
3,talk,61,5,12,Over
3,talk,62,5,8,Skip
3,talk,63,5,11,Over
3,talk,64,5,2,Over
3,talk,65,5,7,Over
3,talk,66,6,6,Over
3,talk,67,6,7,Over
3,talk,68,6,13,Over
3,talk,69,6,12,Over
3,talk,70,6,5,VOTE Agent[11]
3,talk,71,6,14,Over
3,talk,72,6,8,Over
3,talk,73,6,1,Over
3,talk,74,6,9,Over
3,talk,75,6,11,Over
3,talk,76,6,2,Over
3,talk,77,7,1,Over
3,talk,78,7,5,VOTE Agent[11]
3,talk,79,7,6,Over
3,talk,80,7,9,Over
3,talk,81,7,8,Over
3,talk,82,7,14,Over
3,talk,83,7,11,Over
3,talk,84,7,2,Over
3,talk,85,7,12,Over
3,talk,86,7,7,Over
3,talk,87,7,13,Over
3,talk,88,8,7,Over
3,talk,89,8,8,Over
3,talk,90,8,9,Over
3,talk,91,8,13,Over
3,talk,92,8,6,Over
3,talk,93,8,2,Over
3,talk,94,8,12,Over
3,talk,95,8,5,VOTE Agent[11]
3,talk,96,8,1,Over
3,talk,97,8,14,Over
3,talk,98,8,11,Over
3,talk,99,9,7,Over
3,talk,100,9,11,Over
3,talk,101,9,9,Over
3,talk,102,9,1,Over
3,talk,103,9,13,Over
3,talk,104,9,14,Over
3,talk,105,9,8,Over
3,talk,106,9,2,Over
3,talk,107,9,12,Over
3,talk,108,9,6,Over
3,talk,109,9,5,Over
3,vote,1,8
3,vote,2,7
3,vote,5,11
3,vote,6,8
3,vote,7,8
3,vote,8,7
3,vote,9,7
3,vote,11,7
3,vote,12,8
3,vote,13,12
3,vote,14,7
3,execute,7,VILLAGER
3,guard,1,11,VILLAGER
3,attackVote,8,12
3,attack,12,true
4,status,1,BODYGUARD,ALIVE,Takeda13
4,status,2,VILLAGER,ALIVE,sample_py
4,status,3,WEREWOLF,DEAD,HALU
4,status,4,WEREWOLF,DEAD,sample_py
4,status,5,VILLAGER,ALIVE,HALU
4,status,6,VILLAGER,ALIVE,TOKU11
4,status,7,VILLAGER,DEAD,Takeda12
4,status,8,WEREWOLF,ALIVE,SampleJava0
4,status,9,POSSESSED,ALIVE,Takeda3
4,status,10,MEDIUM,DEAD,SampleJava4
4,status,11,VILLAGER,ALIVE,SampleJava7
4,status,12,VILLAGER,DEAD,TOKU5
4,status,13,VILLAGER,ALIVE,sample_py
4,status,14,VILLAGER,ALIVE,SampleJava2
4,status,15,SEER,DEAD,SampleJava6
4,talk,0,0,5,VOTE Agent[06]
4,talk,1,0,2,VOTE Agent[06]
4,talk,2,0,6,VOTE Agent[08]
4,talk,3,0,11,VOTE Agent[02]
4,talk,4,0,8,DAY 4 (IDENTIFIED Agent[07] WEREWOLF)
4,talk,5,0,1,VOTE Agent[08]
4,talk,6,0,9,DIVINED Agent[02] WEREWOLF
4,talk,7,0,13,VOTE Agent[06]
4,talk,8,0,14,VOTE Agent[09]
4,talk,9,1,9,VOTE Agent[06]
4,talk,10,1,6,Skip
4,talk,11,1,13,Skip
4,talk,12,1,1,Skip
4,talk,13,1,8,IDENTIFIED Agent[07] WEREWOLF
4,talk,14,1,11,REQUEST ANY (VOTE Agent[02])
4,talk,15,1,2,VOTE Agent[09]
4,talk,16,1,5,VOTE Agent[02]
4,talk,17,1,14,REQUEST ANY (VOTE Agent[09])
4,talk,18,2,11,Skip
4,talk,19,2,1,Skip
4,talk,20,2,14,Skip
4,talk,21,2,9,VOTE Agent[02]
4,talk,22,2,13,Skip
4,talk,23,2,8,VOTE Agent[15]
4,talk,24,2,5,VOTE Agent[02]
4,talk,25,2,2,Skip
4,talk,26,2,6,Skip
4,talk,27,3,8,REQUEST ANY (VOTE Agent[15])
4,talk,28,3,2,Skip
4,talk,29,3,14,Skip
4,talk,30,3,5,VOTE Agent[02]
4,talk,31,3,9,Skip
4,talk,32,3,13,Over
4,talk,33,3,6,Over
4,talk,34,3,11,Skip
4,talk,35,3,1,Over
4,talk,36,4,8,Skip
4,talk,37,4,5,VOTE Agent[06]
4,talk,38,4,13,Over
4,talk,39,4,2,Over
4,talk,40,4,14,Over
4,talk,41,4,9,Skip
4,talk,42,4,6,Over
4,talk,43,4,11,Over
4,talk,44,4,1,Over
4,talk,45,5,8,Skip
4,talk,46,5,1,Over
4,talk,47,5,11,Over
4,talk,48,5,13,Over
4,talk,49,5,9,Over
4,talk,50,5,5,VOTE Agent[06]
4,talk,51,5,14,Over
4,talk,52,5,2,Over
4,talk,53,5,6,Over
4,talk,54,6,9,Over
4,talk,55,6,8,Over
4,talk,56,6,11,Over
4,talk,57,6,6,Over
4,talk,58,6,1,Over
4,talk,59,6,2,Over
4,talk,60,6,14,Over
4,talk,61,6,13,Over
4,talk,62,6,5,VOTE Agent[02]
4,talk,63,7,14,Over
4,talk,64,7,2,Over
4,talk,65,7,1,Over
4,talk,66,7,5,VOTE Agent[06]
4,talk,67,7,8,Over
4,talk,68,7,13,Over
4,talk,69,7,6,Over
4,talk,70,7,9,Over
4,talk,71,7,11,Over
4,talk,72,8,8,Over
4,talk,73,8,2,Over
4,talk,74,8,6,Over
4,talk,75,8,5,VOTE Agent[02]
4,talk,76,8,13,Over
4,talk,77,8,11,Over
4,talk,78,8,9,Over
4,talk,79,8,14,Over
4,talk,80,8,1,Over
4,talk,81,9,14,Over
4,talk,82,9,11,Over
4,talk,83,9,5,Over
4,talk,84,9,9,Over
4,talk,85,9,13,Over
4,talk,86,9,1,Over
4,talk,87,9,2,Over
4,talk,88,9,8,Over
4,talk,89,9,6,Over
4,vote,1,8
4,vote,2,9
4,vote,5,2
4,vote,6,8
4,vote,8,11
4,vote,9,2
4,vote,11,9
4,vote,13,6
4,vote,14,2
4,execute,2,VILLAGER
4,guard,1,11,VILLAGER
4,attackVote,8,5
4,attack,5,true
5,status,1,BODYGUARD,ALIVE,Takeda13
5,status,2,VILLAGER,DEAD,sample_py
5,status,3,WEREWOLF,DEAD,HALU
5,status,4,WEREWOLF,DEAD,sample_py
5,status,5,VILLAGER,DEAD,HALU
5,status,6,VILLAGER,ALIVE,TOKU11
5,status,7,VILLAGER,DEAD,Takeda12
5,status,8,WEREWOLF,ALIVE,SampleJava0
5,status,9,POSSESSED,ALIVE,Takeda3
5,status,10,MEDIUM,DEAD,SampleJava4
5,status,11,VILLAGER,ALIVE,SampleJava7
5,status,12,VILLAGER,DEAD,TOKU5
5,status,13,VILLAGER,ALIVE,sample_py
5,status,14,VILLAGER,ALIVE,SampleJava2
5,status,15,SEER,DEAD,SampleJava6
5,talk,0,0,9,DIVINED Agent[13] WEREWOLF
5,talk,1,0,11,VOTE Agent[13]
5,talk,2,0,13,VOTE Agent[09]
5,talk,3,0,6,VOTE Agent[08]
5,talk,4,0,14,VOTE Agent[08]
5,talk,5,0,1,VOTE Agent[08]
5,talk,6,0,8,DAY 5 (IDENTIFIED Agent[02] WEREWOLF)
5,talk,7,1,6,Skip
5,talk,8,1,14,REQUEST ANY (VOTE Agent[08])
5,talk,9,1,13,Skip
5,talk,10,1,9,VOTE Agent[06]
5,talk,11,1,11,REQUEST ANY (VOTE Agent[13])
5,talk,12,1,1,Skip
5,talk,13,1,8,IDENTIFIED Agent[02] WEREWOLF
5,talk,14,2,13,Skip
5,talk,15,2,9,Skip
5,talk,16,2,8,VOTE Agent[07]
5,talk,17,2,14,Skip
5,talk,18,2,1,Skip
5,talk,19,2,6,Skip
5,talk,20,2,11,Skip
5,talk,21,3,1,Over
5,talk,22,3,13,Over
5,talk,23,3,8,REQUEST ANY (VOTE Agent[07])
5,talk,24,3,9,Skip
5,talk,25,3,14,Skip
5,talk,26,3,6,Over
5,talk,27,3,11,Skip
5,talk,28,4,14,Over
5,talk,29,4,9,Over
5,talk,30,4,6,Over
5,talk,31,4,11,Over
5,talk,32,4,13,Over
5,talk,33,4,1,Over
5,talk,34,4,8,Skip
5,talk,35,5,6,Over
5,talk,36,5,13,Over
5,talk,37,5,9,Over
5,talk,38,5,14,Over
5,talk,39,5,11,Over
5,talk,40,5,8,Skip
5,talk,41,5,1,Over
5,talk,42,6,1,Over
5,talk,43,6,9,Over
5,talk,44,6,11,Over
5,talk,45,6,6,Over
5,talk,46,6,14,Over
5,talk,47,6,8,Over
5,talk,48,6,13,Over
5,vote,1,8
5,vote,6,8
5,vote,8,11
5,vote,9,1
5,vote,11,6
5,vote,13,9
5,vote,14,6
5,vote,1,8
5,vote,6,8
5,vote,8,6
5,vote,9,6
5,vote,11,6
5,vote,13,9
5,vote,14,6
5,execute,6,VILLAGER
5,guard,1,11,VILLAGER
5,attackVote,8,1
5,attack,1,true
6,status,1,BODYGUARD,DEAD,Takeda13
6,status,2,VILLAGER,DEAD,sample_py
6,status,3,WEREWOLF,DEAD,HALU
6,status,4,WEREWOLF,DEAD,sample_py
6,status,5,VILLAGER,DEAD,HALU
6,status,6,VILLAGER,DEAD,TOKU11
6,status,7,VILLAGER,DEAD,Takeda12
6,status,8,WEREWOLF,ALIVE,SampleJava0
6,status,9,POSSESSED,ALIVE,Takeda3
6,status,10,MEDIUM,DEAD,SampleJava4
6,status,11,VILLAGER,ALIVE,SampleJava7
6,status,12,VILLAGER,DEAD,TOKU5
6,status,13,VILLAGER,ALIVE,sample_py
6,status,14,VILLAGER,ALIVE,SampleJava2
6,status,15,SEER,DEAD,SampleJava6
6,talk,0,0,9,DIVINED Agent[11] WEREWOLF
6,talk,1,0,8,DAY 6 (IDENTIFIED Agent[06] HUMAN)
6,talk,2,0,13,VOTE Agent[09]
6,talk,3,0,14,VOTE Agent[09]
6,talk,4,0,11,BECAUSE (AND (COMINGOUT Agent[11] VILLAGER) (DAY 6 (Agent[09] DIVINED Agent[11] WEREWOLF))) (XOR (ESTIMATE Agent[09] WEREWOLF) (ESTIMATE Agent[09] POSSESSED))
6,talk,5,1,13,Skip
6,talk,6,1,11,BECAUSE (XOR (ESTIMATE Agent[09] WEREWOLF) (ESTIMATE Agent[09] POSSESSED)) (AND (VOTE Agent[09]) (REQUEST ANY (VOTE Agent[09])))
6,talk,7,1,9,VOTE Agent[11]
6,talk,8,1,8,IDENTIFIED Agent[06] HUMAN
6,talk,9,1,14,REQUEST ANY (VOTE Agent[09])
6,talk,10,2,9,Skip
6,talk,11,2,14,Skip
6,talk,12,2,13,Skip
6,talk,13,2,11,VOTE Agent[09]
6,talk,14,2,8,VOTE Agent[10]
6,talk,15,3,9,Skip
6,talk,16,3,13,Over
6,talk,17,3,14,Skip
6,talk,18,3,8,REQUEST ANY (VOTE Agent[10])
6,talk,19,3,11,REQUEST ANY (VOTE Agent[09])
6,talk,20,4,14,Over
6,talk,21,4,9,Over
6,talk,22,4,8,Skip
6,talk,23,4,13,Over
6,talk,24,4,11,Skip
6,talk,25,5,9,Over
6,talk,26,5,13,Over
6,talk,27,5,11,Skip
6,talk,28,5,8,Skip
6,talk,29,5,14,Over
6,talk,30,6,9,Over
6,talk,31,6,8,Over
6,talk,32,6,14,Over
6,talk,33,6,13,Over
6,talk,34,6,11,Over
6,vote,8,13
6,vote,9,11
6,vote,11,9
6,vote,13,9
6,vote,14,9
6,execute,9,POSSESSED
6,attackVote,8,11
6,attack,11,true
7,status,1,BODYGUARD,DEAD,Takeda13
7,status,2,VILLAGER,DEAD,sample_py
7,status,3,WEREWOLF,DEAD,HALU
7,status,4,WEREWOLF,DEAD,sample_py
7,status,5,VILLAGER,DEAD,HALU
7,status,6,VILLAGER,DEAD,TOKU11
7,status,7,VILLAGER,DEAD,Takeda12
7,status,8,WEREWOLF,ALIVE,SampleJava0
7,status,9,POSSESSED,DEAD,Takeda3
7,status,10,MEDIUM,DEAD,SampleJava4
7,status,11,VILLAGER,DEAD,SampleJava7
7,status,12,VILLAGER,DEAD,TOKU5
7,status,13,VILLAGER,ALIVE,sample_py
7,status,14,VILLAGER,ALIVE,SampleJava2
7,status,15,SEER,DEAD,SampleJava6
7,talk,0,0,8,DAY 7 (IDENTIFIED Agent[09] HUMAN)
7,talk,1,0,13,VOTE Agent[08]
7,talk,2,0,14,VOTE Agent[13]
7,talk,3,1,8,IDENTIFIED Agent[09] HUMAN
7,talk,4,1,14,REQUEST ANY (VOTE Agent[13])
7,talk,5,1,13,Skip
7,talk,6,2,14,Skip
7,talk,7,2,8,VOTE Agent[10]
7,talk,8,2,13,Skip
7,talk,9,3,14,Skip
7,talk,10,3,13,Over
7,talk,11,3,8,REQUEST ANY (VOTE Agent[10])
7,talk,12,4,13,Over
7,talk,13,4,8,Skip
7,talk,14,4,14,Over
7,talk,15,5,13,Over
7,talk,16,5,8,Skip
7,talk,17,5,14,Over
7,talk,18,6,13,Over
7,talk,19,6,14,Over
7,talk,20,6,8,Over
7,vote,8,14
7,vote,13,8
7,vote,14,13
7,vote,8,13
7,vote,13,8
7,vote,14,8
7,execute,8,WEREWOLF
8,status,1,BODYGUARD,DEAD,Takeda13
8,status,2,VILLAGER,DEAD,sample_py
8,status,3,WEREWOLF,DEAD,HALU
8,status,4,WEREWOLF,DEAD,sample_py
8,status,5,VILLAGER,DEAD,HALU
8,status,6,VILLAGER,DEAD,TOKU11
8,status,7,VILLAGER,DEAD,Takeda12
8,status,8,WEREWOLF,DEAD,SampleJava0
8,status,9,POSSESSED,DEAD,Takeda3
8,status,10,MEDIUM,DEAD,SampleJava4
8,status,11,VILLAGER,DEAD,SampleJava7
8,status,12,VILLAGER,DEAD,TOKU5
8,status,13,VILLAGER,ALIVE,sample_py
8,status,14,VILLAGER,ALIVE,SampleJava2
8,status,15,SEER,DEAD,SampleJava6
8,result,2,0,VILLAGER
