0,status,1,VILLAGER,ALIVE,Takeda11
0,status,2,VILLAGER,ALIVE,TOKU4
0,status,3,VILLAGER,ALIVE,SampleJava6
0,status,4,VILLAGER,ALIVE,sample_py
0,status,5,BODYGUARD,ALIVE,TOKU12
0,status,6,VILLAGER,ALIVE,HALU
0,status,7,VILLAGER,ALIVE,Takeda14
0,status,8,VILLAGER,ALIVE,TOKU2
0,status,9,WEREWOLF,ALIVE,Tomato3
0,status,10,POSSESSED,ALIVE,Tomato5
0,status,11,WEREWOLF,ALIVE,HALU
0,status,12,SEER,ALIVE,HALU
0,status,13,MEDIUM,ALIVE,sample_py
0,status,14,VILLAGER,ALIVE,Takeda0
0,status,15,WEREWOLF,ALIVE,Tomato10
0,whisper,0,0,15,COMINGOUT Agent[15] VILLAGER
0,whisper,1,0,9,COMINGOUT Agent[09] VILLAGER
0,whisper,2,0,11,COMINGOUT Agent[11] MEDIUM
0,whisper,3,1,11,Skip
0,whisper,4,1,9,Skip
0,whisper,5,1,15,COMINGOUT Agent[15] SEER
0,whisper,6,2,11,Skip
0,whisper,7,2,15,Skip
0,whisper,8,2,9,Skip
0,whisper,9,3,11,Over
0,whisper,10,3,9,Over
0,whisper,11,3,15,Skip
0,whisper,12,4,9,Over
0,whisper,13,4,15,Over
0,whisper,14,4,11,Over
0,divine,12,8,HUMAN
1,status,1,VILLAGER,ALIVE,Takeda11
1,status,2,VILLAGER,ALIVE,TOKU4
1,status,3,VILLAGER,ALIVE,SampleJava6
1,status,4,VILLAGER,ALIVE,sample_py
1,status,5,BODYGUARD,ALIVE,TOKU12
1,status,6,VILLAGER,ALIVE,HALU
1,status,7,VILLAGER,ALIVE,Takeda14
1,status,8,VILLAGER,ALIVE,TOKU2
1,status,9,WEREWOLF,ALIVE,Tomato3
1,status,10,POSSESSED,ALIVE,Tomato5
1,status,11,WEREWOLF,ALIVE,HALU
1,status,12,SEER,ALIVE,HALU
1,status,13,MEDIUM,ALIVE,sample_py
1,status,14,VILLAGER,ALIVE,Takeda0
1,status,15,WEREWOLF,ALIVE,Tomato10
1,talk,0,0,7,VOTE Agent[08]
1,talk,1,0,1,VOTE Agent[08]
1,talk,2,0,14,VOTE Agent[08]
1,talk,3,0,3,VOTE Agent[13]
1,talk,4,0,8,VOTE Agent[13]
1,talk,5,0,15,COMINGOUT Agent[15] SEER
1,talk,6,0,4,VOTE Agent[09]
1,talk,7,0,5,VOTE Agent[08]
1,talk,8,0,11,COMINGOUT Agent[11] MEDIUM
1,talk,9,0,10,COMINGOUT Agent[10] SEER
1,talk,10,0,13,VOTE Agent[11]
1,talk,11,0,6,VOTE Agent[05]
1,talk,12,0,12,COMINGOUT Agent[12] SEER
1,talk,13,0,2,VOTE Agent[03]
1,talk,14,0,9,VOTE Agent[08]
1,talk,15,1,6,VOTE Agent[09]
1,talk,16,1,14,VOTE Agent[10]
1,talk,17,1,5,VOTE Agent[15]
1,talk,18,1,1,VOTE Agent[10]
1,talk,19,1,15,DIVINED Agent[12] HUMAN
1,talk,20,1,9,Skip
1,talk,21,1,13,Skip
1,talk,22,1,8,VOTE Agent[10]
1,talk,23,1,2,VOTE Agent[15]
1,talk,24,1,4,Skip
1,talk,25,1,11,VOTE Agent[06]
1,talk,26,1,10,DIVINED Agent[12] HUMAN
1,talk,27,1,12,DIVINED Agent[08] HUMAN
1,talk,28,1,7,VOTE Agent[15]
1,talk,29,1,3,REQUEST ANY (VOTE Agent[13])
1,talk,30,2,15,VOTE Agent[09]
1,talk,31,2,6,VOTE Agent[15]
1,talk,32,2,12,VOTE Agent[15]
1,talk,33,2,10,VOTE Agent[15]
1,talk,34,2,7,Skip
1,talk,35,2,2,Skip
1,talk,36,2,1,VOTE Agent[15]
1,talk,37,2,5,Skip
1,talk,38,2,13,Skip
1,talk,39,2,14,Skip
1,talk,40,2,9,VOTE Agent[15]
1,talk,41,2,4,Skip
1,talk,42,2,11,VOTE Agent[02]
1,talk,43,2,3,Skip
1,talk,44,2,8,VOTE Agent[15]
1,talk,45,3,15,VOTE Agent[13]
1,talk,46,3,12,VOTE Agent[15]
1,talk,47,3,4,Over
1,talk,48,3,10,Skip
1,talk,49,3,14,VOTE Agent[15]
1,talk,50,3,13,Over
1,talk,51,3,6,VOTE Agent[15]
1,talk,52,3,8,Skip
1,talk,53,3,1,Skip
1,talk,54,3,3,Skip
1,talk,55,3,5,Skip
1,talk,56,3,7,Skip
1,talk,57,3,9,Skip
1,talk,58,3,2,Skip
1,talk,59,3,11,VOTE Agent[06]
1,talk,60,4,5,Over
1,talk,61,4,14,Skip
1,talk,62,4,7,Over
1,talk,63,4,10,Skip
1,talk,64,4,1,Skip
1,talk,65,4,11,VOTE Agent[06]
1,talk,66,4,2,Over
1,talk,67,4,3,Over
1,talk,68,4,4,Over
1,talk,69,4,12,VOTE Agent[15]
1,talk,70,4,8,Skip
1,talk,71,4,13,Over
1,talk,72,4,15,Skip
1,talk,73,4,6,VOTE Agent[12]
1,talk,74,4,9,Skip
1,talk,75,5,12,VOTE Agent[15]
1,talk,76,5,1,Over
1,talk,77,5,8,Over
1,talk,78,5,4,Over
1,talk,79,5,11,VOTE Agent[06]
1,talk,80,5,9,Over
1,talk,81,5,6,VOTE Agent[12]
1,talk,82,5,13,Over
1,talk,83,5,3,Over
1,talk,84,5,2,Over
1,talk,85,5,7,Over
1,talk,86,5,14,Skip
1,talk,87,5,5,Over
1,talk,88,5,15,Skip
1,talk,89,5,10,Over
1,talk,90,6,7,Over
1,talk,91,6,6,VOTE Agent[12]
1,talk,92,6,13,Over
1,talk,93,6,15,Over
1,talk,94,6,10,Over
1,talk,95,6,4,Over
1,talk,96,6,8,Over
1,talk,97,6,11,VOTE Agent[06]
1,talk,98,6,9,Over
1,talk,99,6,2,Over
1,talk,100,6,5,Over
1,talk,101,6,12,VOTE Agent[15]
1,talk,102,6,3,Over
1,talk,103,6,14,Over
1,talk,104,6,1,Over
1,talk,105,7,8,Over
1,talk,106,7,5,Over
1,talk,107,7,1,Over
1,talk,108,7,4,Over
1,talk,109,7,7,Over
1,talk,110,7,14,Over
1,talk,111,7,3,Over
1,talk,112,7,12,VOTE Agent[15]
1,talk,113,7,13,Over
1,talk,114,7,15,Over
1,talk,115,7,6,VOTE Agent[12]
1,talk,116,7,2,Over
1,talk,117,7,10,Over
1,talk,118,7,9,Over
1,talk,119,7,11,VOTE Agent[06]
1,talk,120,8,7,Over
1,talk,121,8,14,Over
1,talk,122,8,13,Over
1,talk,123,8,1,Over
1,talk,124,8,9,Over
1,talk,125,8,12,VOTE Agent[15]
1,talk,126,8,15,Over
1,talk,127,8,3,Over
1,talk,128,8,8,Over
1,talk,129,8,5,Over
1,talk,130,8,4,Over
1,talk,131,8,6,VOTE Agent[12]
1,talk,132,8,2,Over
1,talk,133,8,10,Over
1,talk,134,8,11,VOTE Agent[06]
1,talk,135,9,3,Over
1,talk,136,9,11,Over
1,talk,137,9,6,Over
1,talk,138,9,2,Over
1,talk,139,9,8,Over
1,talk,140,9,12,Over
1,talk,141,9,15,Over
1,talk,142,9,1,Over
1,talk,143,9,13,Over
1,talk,144,9,5,Over
1,talk,145,9,10,Over
1,talk,146,9,4,Over
1,talk,147,9,9,Over
1,talk,148,9,14,Over
1,talk,149,9,7,Over
1,vote,1,15
1,vote,2,15
1,vote,3,14
1,vote,4,9
1,vote,5,15
1,vote,6,12
1,vote,7,15
1,vote,8,15
1,vote,9,15
1,vote,10,15
1,vote,11,6
1,vote,12,15
1,vote,13,11
1,vote,14,15
1,vote,15,13
1,execute,15,WEREWOLF
1,divine,12,6,HUMAN
1,whisper,0,0,11,ATTACK Agent[12]
1,whisper,1,0,9,ATTACK Agent[12]
1,whisper,2,1,9,Skip
1,whisper,3,1,11,Skip
1,whisper,4,2,9,Skip
1,whisper,5,2,11,Skip
1,whisper,6,3,9,Over
1,whisper,7,3,11,Over
1,guard,5,12,SEER
1,attackVote,9,12
1,attackVote,11,10
1,attackVote,9,12
1,attackVote,11,10
1,attack,12,false
2,status,1,VILLAGER,ALIVE,Takeda11
2,status,2,VILLAGER,ALIVE,TOKU4
2,status,3,VILLAGER,ALIVE,SampleJava6
2,status,4,VILLAGER,ALIVE,sample_py
2,status,5,BODYGUARD,ALIVE,TOKU12
2,status,6,VILLAGER,ALIVE,HALU
2,status,7,VILLAGER,ALIVE,Takeda14
2,status,8,VILLAGER,ALIVE,TOKU2
2,status,9,WEREWOLF,ALIVE,Tomato3
2,status,10,POSSESSED,ALIVE,Tomato5
2,status,11,WEREWOLF,ALIVE,HALU
2,status,12,SEER,ALIVE,HALU
2,status,13,MEDIUM,ALIVE,sample_py
2,status,14,VILLAGER,ALIVE,Takeda0
2,status,15,WEREWOLF,DEAD,Tomato10
2,talk,0,0,1,VOTE Agent[11]
2,talk,1,0,3,VOTE Agent[05]
2,talk,2,0,7,VOTE Agent[11]
2,talk,3,0,6,VOTE Agent[12]
2,talk,4,0,14,VOTE Agent[11]
2,talk,5,0,5,VOTE Agent[11]
2,talk,6,0,2,VOTE Agent[11]
2,talk,7,0,13,COMINGOUT Agent[13] MEDIUM
2,talk,8,0,4,VOTE Agent[01]
2,talk,9,0,10,DIVINED Agent[05] WEREWOLF
2,talk,10,0,9,VOTE Agent[11]
2,talk,11,0,12,DIVINED Agent[06] HUMAN
2,talk,12,0,11,IDENTIFIED Agent[15] WEREWOLF
2,talk,13,0,8,VOTE Agent[11]
2,talk,14,1,4,VOTE Agent[05]
2,talk,15,1,13,IDENTIFIED Agent[15] WEREWOLF
2,talk,16,1,2,VOTE Agent[13]
2,talk,17,1,6,VOTE Agent[05]
2,talk,18,1,10,VOTE Agent[11]
2,talk,19,1,5,VOTE Agent[13]
2,talk,20,1,11,VOTE Agent[13]
2,talk,21,1,3,REQUEST ANY (VOTE Agent[05])
2,talk,22,1,14,VOTE Agent[13]
2,talk,23,1,12,VOTE Agent[10]
2,talk,24,1,9,Skip
2,talk,25,1,7,VOTE Agent[13]
2,talk,26,1,1,VOTE Agent[13]
2,talk,27,1,8,VOTE Agent[13]
2,talk,28,2,14,Skip
2,talk,29,2,12,VOTE Agent[10]
2,talk,30,2,5,Skip
2,talk,31,2,8,Skip
2,talk,32,2,2,Skip
2,talk,33,2,1,Skip
2,talk,34,2,13,VOTE Agent[11]
2,talk,35,2,3,Skip
2,talk,36,2,6,VOTE Agent[05]
2,talk,37,2,4,Skip
2,talk,38,2,7,Skip
2,talk,39,2,10,VOTE Agent[13]
2,talk,40,2,11,VOTE Agent[13]
2,talk,41,2,9,VOTE Agent[13]
2,talk,42,3,4,Skip
2,talk,43,3,5,Skip
2,talk,44,3,12,VOTE Agent[10]
2,talk,45,3,3,Skip
2,talk,46,3,9,Skip
2,talk,47,3,10,Skip
2,talk,48,3,8,Skip
2,talk,49,3,7,Skip
2,talk,50,3,13,Skip
2,talk,51,3,14,Skip
2,talk,52,3,2,Skip
2,talk,53,3,11,VOTE Agent[13]
2,talk,54,3,6,VOTE Agent[05]
2,talk,55,3,1,Skip
2,talk,56,4,7,Over
2,talk,57,4,6,VOTE Agent[05]
2,talk,58,4,10,Skip
2,talk,59,4,3,Over
2,talk,60,4,1,Over
2,talk,61,4,11,VOTE Agent[13]
2,talk,62,4,13,Skip
2,talk,63,4,2,Over
2,talk,64,4,12,VOTE Agent[10]
2,talk,65,4,5,Over
2,talk,66,4,8,Over
2,talk,67,4,9,Skip
2,talk,68,4,14,Over
2,talk,69,4,4,Over
2,talk,70,5,11,VOTE Agent[13]
2,talk,71,5,5,Over
2,talk,72,5,12,VOTE Agent[10]
2,talk,73,5,14,Over
2,talk,74,5,8,Over
2,talk,75,5,9,Over
2,talk,76,5,4,Over
2,talk,77,5,3,Over
2,talk,78,5,7,Over
2,talk,79,5,2,Over
2,talk,80,5,10,Over
2,talk,81,5,13,Over
2,talk,82,5,6,VOTE Agent[05]
2,talk,83,5,1,Over
2,talk,84,6,3,Over
2,talk,85,6,14,Over
2,talk,86,6,8,Over
2,talk,87,6,2,Over
2,talk,88,6,1,Over
2,talk,89,6,10,Over
2,talk,90,6,5,Over
2,talk,91,6,6,VOTE Agent[05]
2,talk,92,6,4,Over
2,talk,93,6,13,Over
2,talk,94,6,7,Over
2,talk,95,6,12,VOTE Agent[10]
2,talk,96,6,9,Over
2,talk,97,6,11,VOTE Agent[13]
2,talk,98,7,4,Over
2,talk,99,7,14,Over
2,talk,100,7,7,Over
2,talk,101,7,2,Over
2,talk,102,7,8,Over
2,talk,103,7,3,Over
2,talk,104,7,13,Over
2,talk,105,7,5,Over
2,talk,106,7,12,VOTE Agent[10]
2,talk,107,7,10,Over
2,talk,108,7,9,Over
2,talk,109,7,1,Over
2,talk,110,7,6,VOTE Agent[05]
2,talk,111,7,11,VOTE Agent[13]
2,talk,112,8,10,Over
2,talk,113,8,6,VOTE Agent[05]
2,talk,114,8,14,Over
2,talk,115,8,7,Over
2,talk,116,8,2,Over
2,talk,117,8,5,Over
2,talk,118,8,3,Over
2,talk,119,8,13,Over
2,talk,120,8,8,Over
2,talk,121,8,1,Over
2,talk,122,8,11,VOTE Agent[13]
2,talk,123,8,4,Over
2,talk,124,8,12,VOTE Agent[10]
2,talk,125,8,9,Over
2,talk,126,9,11,Over
2,talk,127,9,8,Over
2,talk,128,9,3,Over
2,talk,129,9,5,Over
2,talk,130,9,9,Over
2,talk,131,9,2,Over
2,talk,132,9,14,Over
2,talk,133,9,10,Over
2,talk,134,9,6,Over
2,talk,135,9,12,Over
2,talk,136,9,4,Over
2,talk,137,9,13,Over
2,talk,138,9,1,Over
2,talk,139,9,7,Over
2,vote,1,13
2,vote,2,13
2,vote,3,1
2,vote,4,5
2,vote,5,13
2,vote,6,5
2,vote,7,13
2,vote,8,13
2,vote,9,13
2,vote,10,13
2,vote,11,13
2,vote,12,10
2,vote,13,11
2,vote,14,13
2,execute,13,MEDIUM
2,divine,12,11,WEREWOLF
2,whisper,0,0,11,ATTACK Agent[12]
2,whisper,1,0,9,ATTACK Agent[12]
2,whisper,2,1,9,Skip
2,whisper,3,1,11,Skip
2,whisper,4,2,11,Skip
2,whisper,5,2,9,Skip
2,whisper,6,3,9,Over
2,whisper,7,3,11,Over
2,guard,5,12,SEER
2,attackVote,9,12
2,attackVote,11,12
2,attack,12,false
3,status,1,VILLAGER,ALIVE,Takeda11
3,status,2,VILLAGER,ALIVE,TOKU4
3,status,3,VILLAGER,ALIVE,SampleJava6
3,status,4,VILLAGER,ALIVE,sample_py
3,status,5,BODYGUARD,ALIVE,TOKU12
3,status,6,VILLAGER,ALIVE,HALU
3,status,7,VILLAGER,ALIVE,Takeda14
3,status,8,VILLAGER,ALIVE,TOKU2
3,status,9,WEREWOLF,ALIVE,Tomato3
3,status,10,POSSESSED,ALIVE,Tomato5
3,status,11,WEREWOLF,ALIVE,HALU
3,status,12,SEER,ALIVE,HALU
3,status,13,MEDIUM,DEAD,sample_py
3,status,14,VILLAGER,ALIVE,Takeda0
3,status,15,WEREWOLF,DEAD,Tomato10
3,talk,0,0,4,VOTE Agent[05]
3,talk,1,0,2,VOTE Agent[01]
3,talk,2,0,14,VOTE Agent[02]
3,talk,3,0,5,VOTE Agent[02]
3,talk,4,0,6,VOTE Agent[05]
3,talk,5,0,3,VOTE Agent[08]
3,talk,6,0,7,VOTE Agent[02]
3,talk,7,0,12,DIVINED Agent[11] WEREWOLF
3,talk,8,0,11,IDENTIFIED Agent[13] WEREWOLF
3,talk,9,0,8,VOTE Agent[02]
3,talk,10,0,1,VOTE Agent[02]
3,talk,11,0,10,DIVINED Agent[08] HUMAN
3,talk,12,0,9,VOTE Agent[02]
3,talk,13,1,2,VOTE Agent[05]
3,talk,14,1,1,Skip
3,talk,15,1,8,Skip
3,talk,16,1,7,Skip
3,talk,17,1,5,Skip
3,talk,18,1,4,Skip
3,talk,19,1,3,REQUEST ANY (VOTE Agent[08])
3,talk,20,1,11,VOTE Agent[05]
3,talk,21,1,10,VOTE Agent[02]
3,talk,22,1,14,Skip
3,talk,23,1,6,VOTE Agent[11]
3,talk,24,1,12,VOTE Agent[11]
3,talk,25,1,9,Skip
3,talk,26,2,10,Skip
3,talk,27,2,12,VOTE Agent[11]
3,talk,28,2,3,Skip
3,talk,29,2,8,Skip
3,talk,30,2,9,Skip
3,talk,31,2,2,VOTE Agent[05]
3,talk,32,2,14,Skip
3,talk,33,2,6,VOTE Agent[05]
3,talk,34,2,1,Skip
3,talk,35,2,5,Skip
3,talk,36,2,7,Skip
3,talk,37,2,11,VOTE Agent[05]
3,talk,38,2,4,Skip
3,talk,39,3,6,VOTE Agent[11]
3,talk,40,3,2,VOTE Agent[05]
3,talk,41,3,8,Over
3,talk,42,3,3,Skip
3,talk,43,3,4,Over
3,talk,44,3,11,VOTE Agent[05]
3,talk,45,3,7,Over
3,talk,46,3,1,Over
3,talk,47,3,9,Over
3,talk,48,3,14,Over
3,talk,49,3,5,Over
3,talk,50,3,10,Skip
3,talk,51,3,12,VOTE Agent[11]
3,talk,52,4,7,Over
3,talk,53,4,3,Over
3,talk,54,4,11,VOTE Agent[05]
3,talk,55,4,8,Over
3,talk,56,4,4,Over
3,talk,57,4,10,Over
3,talk,58,4,12,VOTE Agent[11]
3,talk,59,4,14,Over
3,talk,60,4,9,Over
3,talk,61,4,1,Over
3,talk,62,4,2,VOTE Agent[05]
3,talk,63,4,5,Over
3,talk,64,4,6,VOTE Agent[11]
3,talk,65,5,3,Over
3,talk,66,5,10,Over
3,talk,67,5,1,Over
3,talk,68,5,4,Over
3,talk,69,5,14,Over
3,talk,70,5,5,Over
3,talk,71,5,9,Over
3,talk,72,5,8,Over
3,talk,73,5,12,VOTE Agent[11]
3,talk,74,5,6,VOTE Agent[05]
3,talk,75,5,11,VOTE Agent[05]
3,talk,76,5,7,Over
3,talk,77,5,2,VOTE Agent[05]
3,talk,78,6,1,Over
3,talk,79,6,10,Over
3,talk,80,6,7,Over
3,talk,81,6,3,Over
3,talk,82,6,6,VOTE Agent[05]
3,talk,83,6,12,VOTE Agent[11]
3,talk,84,6,8,Over
3,talk,85,6,2,VOTE Agent[05]
3,talk,86,6,14,Over
3,talk,87,6,9,Over
3,talk,88,6,5,Over
3,talk,89,6,4,Over
3,talk,90,6,11,VOTE Agent[05]
3,talk,91,7,12,VOTE Agent[11]
3,talk,92,7,14,Over
3,talk,93,7,5,Over
3,talk,94,7,3,Over
3,talk,95,7,7,Over
3,talk,96,7,10,Over
3,talk,97,7,9,Over
3,talk,98,7,1,Over
3,talk,99,7,6,VOTE Agent[11]
3,talk,100,7,11,VOTE Agent[05]
3,talk,101,7,8,Over
3,talk,102,7,2,VOTE Agent[05]
3,talk,103,7,4,Over
3,talk,104,8,1,Over
3,talk,105,8,9,Over
3,talk,106,8,8,Over
3,talk,107,8,10,Over
3,talk,108,8,14,Over
3,talk,109,8,2,VOTE Agent[05]
3,talk,110,8,6,VOTE Agent[05]
3,talk,111,8,3,Over
3,talk,112,8,4,Over
3,talk,113,8,12,VOTE Agent[11]
3,talk,114,8,11,VOTE Agent[05]
3,talk,115,8,5,Over
3,talk,116,8,7,Over
3,talk,117,9,7,Over
3,talk,118,9,5,Over
3,talk,119,9,2,VOTE Agent[05]
3,talk,120,9,1,Over
3,talk,121,9,12,Over
3,talk,122,9,6,Over
3,talk,123,9,3,Over
3,talk,124,9,9,Over
3,talk,125,9,14,Over
3,talk,126,9,4,Over
3,talk,127,9,10,Over
3,talk,128,9,11,Over
3,talk,129,9,8,Over
3,talk,130,10,7,Over
3,talk,131,10,6,Over
3,talk,132,10,14,Over
3,talk,133,10,4,Over
3,talk,134,10,11,Over
3,talk,135,10,8,Over
3,talk,136,10,12,Over
3,talk,137,10,10,Over
3,talk,138,10,3,Over
3,talk,139,10,9,Over
3,talk,140,10,1,Over
3,talk,141,10,5,Over
3,talk,142,10,2,Over
3,vote,1,2
3,vote,2,5
3,vote,3,5
3,vote,4,5
3,vote,5,2
3,vote,6,5
3,vote,7,2
3,vote,8,2
3,vote,9,2
3,vote,10,2
3,vote,11,5
3,vote,12,11
3,vote,14,2
3,execute,2,VILLAGER
3,divine,12,5,HUMAN
3,whisper,0,0,11,ATTACK Agent[12]
3,whisper,1,0,9,ATTACK Agent[12]
3,whisper,2,1,9,Skip
3,whisper,3,1,11,Skip
3,whisper,4,2,9,Skip
3,whisper,5,2,11,Skip
3,whisper,6,3,9,Over
3,whisper,7,3,11,Over
3,guard,5,12,SEER
3,attackVote,9,12
3,attackVote,11,12
3,attack,12,false
4,status,1,VILLAGER,ALIVE,Takeda11
4,status,2,VILLAGER,DEAD,TOKU4
4,status,3,VILLAGER,ALIVE,SampleJava6
4,status,4,VILLAGER,ALIVE,sample_py
4,status,5,BODYGUARD,ALIVE,TOKU12
4,status,6,VILLAGER,ALIVE,HALU
4,status,7,VILLAGER,ALIVE,Takeda14
4,status,8,VILLAGER,ALIVE,TOKU2
4,status,9,WEREWOLF,ALIVE,Tomato3
4,status,10,POSSESSED,ALIVE,Tomato5
4,status,11,WEREWOLF,ALIVE,HALU
4,status,12,SEER,ALIVE,HALU
4,status,13,MEDIUM,DEAD,sample_py
4,status,14,VILLAGER,ALIVE,Takeda0
4,status,15,WEREWOLF,DEAD,Tomato10
4,talk,0,0,7,VOTE Agent[05]
4,talk,1,0,14,VOTE Agent[05]
4,talk,2,0,3,VOTE Agent[11]
4,talk,3,0,12,DIVINED Agent[05] HUMAN
4,talk,4,0,1,VOTE Agent[05]
4,talk,5,0,4,VOTE Agent[11]
4,talk,6,0,6,VOTE Agent[05]
4,talk,7,0,8,VOTE Agent[05]
4,talk,8,0,5,VOTE Agent[01]
4,talk,9,0,9,VOTE Agent[05]
4,talk,10,0,10,DIVINED Agent[14] WEREWOLF
4,talk,11,0,11,IDENTIFIED Agent[02] HUMAN
4,talk,12,1,9,Skip
4,talk,13,1,4,Skip
4,talk,14,1,14,VOTE Agent[01]
4,talk,15,1,5,Skip
4,talk,16,1,7,VOTE Agent[01]
4,talk,17,1,6,VOTE Agent[14]
4,talk,18,1,8,VOTE Agent[01]
4,talk,19,1,12,VOTE Agent[11]
4,talk,20,1,11,VOTE Agent[05]
4,talk,21,1,1,VOTE Agent[14]
4,talk,22,1,3,REQUEST ANY (VOTE Agent[11])
4,talk,23,1,10,VOTE Agent[01]
4,talk,24,2,9,VOTE Agent[01]
4,talk,25,2,1,VOTE Agent[07]
4,talk,26,2,12,VOTE Agent[11]
4,talk,27,2,8,VOTE Agent[07]
4,talk,28,2,7,Skip
4,talk,29,2,11,VOTE Agent[14]
4,talk,30,2,10,Skip
4,talk,31,2,6,VOTE Agent[11]
4,talk,32,2,4,Skip
4,talk,33,2,3,Skip
4,talk,34,2,14,VOTE Agent[07]
4,talk,35,2,5,VOTE Agent[07]
4,talk,36,3,4,Over
4,talk,37,3,11,VOTE Agent[05]
4,talk,38,3,6,VOTE Agent[05]
4,talk,39,3,9,VOTE Agent[07]
4,talk,40,3,7,Skip
4,talk,41,3,5,VOTE Agent[01]
4,talk,42,3,3,Skip
4,talk,43,3,14,VOTE Agent[01]
4,talk,44,3,10,Skip
4,talk,45,3,12,VOTE Agent[11]
4,talk,46,3,1,Skip
4,talk,47,3,8,VOTE Agent[01]
4,talk,48,4,1,Skip
4,talk,49,4,8,Skip
4,talk,50,4,4,Over
4,talk,51,4,6,VOTE Agent[11]
4,talk,52,4,9,VOTE Agent[01]
4,talk,53,4,14,Skip
4,talk,54,4,10,Over
4,talk,55,4,7,Over
4,talk,56,4,3,Over
4,talk,57,4,11,VOTE Agent[05]
4,talk,58,4,5,Skip
4,talk,59,4,12,VOTE Agent[11]
4,talk,60,5,11,VOTE Agent[05]
4,talk,61,5,12,VOTE Agent[11]
4,talk,62,5,14,Skip
4,talk,63,5,3,Over
4,talk,64,5,7,Over
4,talk,65,5,8,Skip
4,talk,66,5,10,Over
4,talk,67,5,9,Skip
4,talk,68,5,4,Over
4,talk,69,5,5,Skip
4,talk,70,5,6,VOTE Agent[11]
4,talk,71,5,1,VOTE Agent[07]
4,talk,72,6,10,Over
4,talk,73,6,14,Over
4,talk,74,6,8,Over
4,talk,75,6,5,Over
4,talk,76,6,7,Over
4,talk,77,6,3,Over
4,talk,78,6,11,VOTE Agent[14]
4,talk,79,6,1,VOTE Agent[07]
4,talk,80,6,4,Over
4,talk,81,6,12,VOTE Agent[11]
4,talk,82,6,9,Skip
4,talk,83,6,6,VOTE Agent[11]
4,talk,84,7,7,Over
4,talk,85,7,5,Over
4,talk,86,7,1,VOTE Agent[07]
4,talk,87,7,6,VOTE Agent[11]
4,talk,88,7,4,Over
4,talk,89,7,3,Over
4,talk,90,7,11,VOTE Agent[05]
4,talk,91,7,12,VOTE Agent[11]
4,talk,92,7,10,Over
4,talk,93,7,8,Over
4,talk,94,7,9,Over
4,talk,95,7,14,Over
4,talk,96,8,9,Over
4,talk,97,8,4,Over
4,talk,98,8,11,VOTE Agent[14]
4,talk,99,8,8,Over
4,talk,100,8,6,VOTE Agent[11]
4,talk,101,8,1,VOTE Agent[07]
4,talk,102,8,12,VOTE Agent[11]
4,talk,103,8,14,Over
4,talk,104,8,10,Over
4,talk,105,8,3,Over
4,talk,106,8,7,Over
4,talk,107,8,5,Over
4,talk,108,9,1,VOTE Agent[07]
4,talk,109,9,10,Over
4,talk,110,9,8,Over
4,talk,111,9,7,Over
4,talk,112,9,9,Over
4,talk,113,9,11,Over
4,talk,114,9,12,Over
4,talk,115,9,6,Over
4,talk,116,9,14,Over
4,talk,117,9,3,Over
4,talk,118,9,5,Over
4,talk,119,9,4,Over
4,talk,120,10,10,Over
4,talk,121,10,14,Over
4,talk,122,10,8,Over
4,talk,123,10,5,Over
4,talk,124,10,1,VOTE Agent[07]
4,talk,125,10,3,Over
4,talk,126,10,9,Over
4,talk,127,10,4,Over
4,talk,128,10,6,Over
4,talk,129,10,7,Over
4,talk,130,10,12,Over
4,talk,131,10,11,Over
4,talk,132,11,14,Over
4,talk,133,11,4,Over
4,talk,134,11,3,Over
4,talk,135,11,12,Over
4,talk,136,11,1,VOTE Agent[07]
4,talk,137,11,11,Over
4,talk,138,11,5,Over
4,talk,139,11,6,Over
4,talk,140,11,10,Over
4,talk,141,11,8,Over
4,talk,142,11,7,Over
4,talk,143,11,9,Over
4,talk,144,12,8,Over
4,talk,145,12,6,Over
4,talk,146,12,4,Over
4,talk,147,12,12,Over
4,talk,148,12,3,Over
4,talk,149,12,5,Over
4,talk,150,12,7,Over
4,talk,151,12,10,Over
4,talk,152,12,11,Over
4,talk,153,12,14,Over
4,talk,154,12,1,Over
4,talk,155,12,9,Over
4,vote,1,7
4,vote,3,5
4,vote,4,11
4,vote,5,1
4,vote,6,11
4,vote,7,1
4,vote,8,1
4,vote,9,1
4,vote,10,1
4,vote,11,14
4,vote,12,11
4,vote,14,1
4,execute,1,VILLAGER
4,divine,12,14,HUMAN
4,whisper,0,0,9,ATTACK Agent[12]
4,whisper,1,0,11,ATTACK Agent[12]
4,whisper,2,1,11,Skip
4,whisper,3,1,9,Skip
4,whisper,4,2,9,Skip
4,whisper,5,2,11,Skip
4,whisper,6,3,11,Over
4,whisper,7,3,9,Over
4,guard,5,12,SEER
4,attackVote,9,12
4,attackVote,11,12
4,attack,12,false
5,status,1,VILLAGER,DEAD,Takeda11
5,status,2,VILLAGER,DEAD,TOKU4
5,status,3,VILLAGER,ALIVE,SampleJava6
5,status,4,VILLAGER,ALIVE,sample_py
5,status,5,BODYGUARD,ALIVE,TOKU12
5,status,6,VILLAGER,ALIVE,HALU
5,status,7,VILLAGER,ALIVE,Takeda14
5,status,8,VILLAGER,ALIVE,TOKU2
5,status,9,WEREWOLF,ALIVE,Tomato3
5,status,10,POSSESSED,ALIVE,Tomato5
5,status,11,WEREWOLF,ALIVE,HALU
5,status,12,SEER,ALIVE,HALU
5,status,13,MEDIUM,DEAD,sample_py
5,status,14,VILLAGER,ALIVE,Takeda0
5,status,15,WEREWOLF,DEAD,Tomato10
5,talk,0,0,14,VOTE Agent[07]
5,talk,1,0,6,VOTE Agent[14]
5,talk,2,0,5,VOTE Agent[07]
5,talk,3,0,8,VOTE Agent[07]
5,talk,4,0,9,VOTE Agent[07]
5,talk,5,0,10,DIVINED Agent[07] HUMAN
5,talk,6,0,12,DIVINED Agent[14] HUMAN
5,talk,7,0,3,VOTE Agent[14]
5,talk,8,0,7,VOTE Agent[14]
5,talk,9,0,11,IDENTIFIED Agent[01] HUMAN
5,talk,10,0,4,VOTE Agent[05]
5,talk,11,1,12,VOTE Agent[11]
5,talk,12,1,3,REQUEST ANY (VOTE Agent[14])
5,talk,13,1,10,VOTE Agent[07]
5,talk,14,1,6,VOTE Agent[11]
5,talk,15,1,11,VOTE Agent[05]
5,talk,16,1,9,Skip
5,talk,17,1,14,Skip
5,talk,18,1,8,Skip
5,talk,19,1,5,Skip
5,talk,20,1,4,Skip
5,talk,21,1,7,VOTE Agent[05]
5,talk,22,2,10,Skip
5,talk,23,2,3,Skip
5,talk,24,2,6,VOTE Agent[14]
5,talk,25,2,8,VOTE Agent[05]
5,talk,26,2,5,Skip
5,talk,27,2,4,Skip
5,talk,28,2,12,VOTE Agent[11]
5,talk,29,2,11,VOTE Agent[05]
5,talk,30,2,14,VOTE Agent[05]
5,talk,31,2,9,VOTE Agent[05]
5,talk,32,2,7,Skip
5,talk,33,3,7,Skip
5,talk,34,3,10,VOTE Agent[05]
5,talk,35,3,14,Skip
5,talk,36,3,5,VOTE Agent[07]
5,talk,37,3,3,Skip
5,talk,38,3,11,VOTE Agent[05]
5,talk,39,3,8,Skip
5,talk,40,3,12,VOTE Agent[11]
5,talk,41,3,4,Over
5,talk,42,3,6,VOTE Agent[05]
5,talk,43,3,9,Skip
5,talk,44,4,10,Skip
5,talk,45,4,12,VOTE Agent[11]
5,talk,46,4,5,VOTE Agent[07]
5,talk,47,4,4,Over
5,talk,48,4,6,VOTE Agent[05]
5,talk,49,4,11,VOTE Agent[05]
5,talk,50,4,7,Over
5,talk,51,4,9,Skip
5,talk,52,4,8,Skip
5,talk,53,4,3,Over
5,talk,54,4,14,Skip
5,talk,55,5,11,VOTE Agent[05]
5,talk,56,5,8,Over
5,talk,57,5,5,VOTE Agent[07]
5,talk,58,5,4,Over
5,talk,59,5,9,Over
5,talk,60,5,6,VOTE Agent[05]
5,talk,61,5,10,Skip
5,talk,62,5,7,Over
5,talk,63,5,12,VOTE Agent[11]
5,talk,64,5,14,Over
5,talk,65,5,3,Over
5,talk,66,6,5,VOTE Agent[07]
5,talk,67,6,7,Over
5,talk,68,6,10,Over
5,talk,69,6,8,Over
5,talk,70,6,14,Over
5,talk,71,6,6,VOTE Agent[05]
5,talk,72,6,3,Over
5,talk,73,6,4,Over
5,talk,74,6,9,Over
5,talk,75,6,11,VOTE Agent[05]
5,talk,76,6,12,VOTE Agent[11]
5,talk,77,7,7,Over
5,talk,78,7,14,Over
5,talk,79,7,8,Over
5,talk,80,7,6,VOTE Agent[11]
5,talk,81,7,10,Over
5,talk,82,7,4,Over
5,talk,83,7,12,VOTE Agent[11]
5,talk,84,7,5,VOTE Agent[07]
5,talk,85,7,11,VOTE Agent[05]
5,talk,86,7,3,Over
5,talk,87,7,9,Over
5,talk,88,8,12,VOTE Agent[11]
5,talk,89,8,14,Over
5,talk,90,8,11,VOTE Agent[05]
5,talk,91,8,6,VOTE Agent[11]
5,talk,92,8,4,Over
5,talk,93,8,3,Over
5,talk,94,8,10,Over
5,talk,95,8,9,Over
5,talk,96,8,7,Over
5,talk,97,8,5,VOTE Agent[07]
5,talk,98,8,8,Over
5,talk,99,9,12,Over
5,talk,100,9,10,Over
5,talk,101,9,3,Over
5,talk,102,9,5,VOTE Agent[07]
5,talk,103,9,6,Over
5,talk,104,9,9,Over
5,talk,105,9,11,Over
5,talk,106,9,4,Over
5,talk,107,9,7,Over
5,talk,108,9,14,Over
5,talk,109,9,8,Over
5,talk,110,10,12,Over
5,talk,111,10,7,Over
5,talk,112,10,3,Over
5,talk,113,10,11,Over
5,talk,114,10,9,Over
5,talk,115,10,14,Over
5,talk,116,10,6,Over
5,talk,117,10,10,Over
5,talk,118,10,5,VOTE Agent[07]
5,talk,119,10,4,Over
5,talk,120,10,8,Over
5,talk,121,11,6,Over
5,talk,122,11,3,Over
5,talk,123,11,8,Over
5,talk,124,11,11,Over
5,talk,125,11,12,Over
5,talk,126,11,7,Over
5,talk,127,11,14,Over
5,talk,128,11,9,Over
5,talk,129,11,5,VOTE Agent[07]
5,talk,130,11,4,Over
5,talk,131,11,10,Over
5,talk,132,12,9,Over
5,talk,133,12,11,Over
5,talk,134,12,5,Over
5,talk,135,12,14,Over
5,talk,136,12,7,Over
5,talk,137,12,12,Over
5,talk,138,12,8,Over
5,talk,139,12,3,Over
5,talk,140,12,10,Over
5,talk,141,12,4,Over
5,talk,142,12,6,Over
5,vote,3,8
5,vote,4,5
5,vote,5,7
5,vote,6,5
5,vote,7,5
5,vote,8,5
5,vote,9,5
5,vote,10,5
5,vote,11,5
5,vote,12,11
5,vote,14,5
5,execute,5,BODYGUARD
5,divine,12,3,HUMAN
5,whisper,0,0,9,ATTACK Agent[12]
5,whisper,1,0,11,ATTACK Agent[12]
5,whisper,2,1,11,Skip
5,whisper,3,1,9,Skip
5,whisper,4,2,9,Skip
5,whisper,5,2,11,Skip
5,whisper,6,3,9,Over
5,whisper,7,3,11,Over
5,attackVote,9,12
5,attackVote,11,12
5,attack,12,true
6,status,1,VILLAGER,DEAD,Takeda11
6,status,2,VILLAGER,DEAD,TOKU4
6,status,3,VILLAGER,ALIVE,SampleJava6
6,status,4,VILLAGER,ALIVE,sample_py
6,status,5,BODYGUARD,DEAD,TOKU12
6,status,6,VILLAGER,ALIVE,HALU
6,status,7,VILLAGER,ALIVE,Takeda14
6,status,8,VILLAGER,ALIVE,TOKU2
6,status,9,WEREWOLF,ALIVE,Tomato3
6,status,10,POSSESSED,ALIVE,Tomato5
6,status,11,WEREWOLF,ALIVE,HALU
6,status,12,SEER,DEAD,HALU
6,status,13,MEDIUM,DEAD,sample_py
6,status,14,VILLAGER,ALIVE,Takeda0
6,status,15,WEREWOLF,DEAD,Tomato10
6,talk,0,0,11,IDENTIFIED Agent[05] WEREWOLF
6,talk,1,0,3,VOTE Agent[10]
6,talk,2,0,6,VOTE Agent[11]
6,talk,3,0,9,VOTE Agent[10]
6,talk,4,0,10,DIVINED Agent[06] HUMAN
6,talk,5,0,8,VOTE Agent[07]
6,talk,6,0,14,VOTE Agent[07]
6,talk,7,0,4,VOTE Agent[11]
6,talk,8,0,7,VOTE Agent[14]
6,talk,9,1,10,VOTE Agent[07]
6,talk,10,1,11,VOTE Agent[14]
6,talk,11,1,7,Skip
6,talk,12,1,9,VOTE Agent[07]
6,talk,13,1,14,Skip
6,talk,14,1,4,Skip
6,talk,15,1,8,Skip
6,talk,16,1,3,REQUEST ANY (VOTE Agent[10])
6,talk,17,1,6,VOTE Agent[11]
6,talk,18,2,9,Skip
6,talk,19,2,4,Skip
6,talk,20,2,8,Skip
6,talk,21,2,11,VOTE Agent[14]
6,talk,22,2,14,Skip
6,talk,23,2,10,Skip
6,talk,24,2,7,VOTE Agent[10]
6,talk,25,2,6,VOTE Agent[11]
6,talk,26,2,3,Skip
6,talk,27,3,3,Skip
6,talk,28,3,14,Over
6,talk,29,3,8,Over
6,talk,30,3,9,Skip
6,talk,31,3,4,Over
6,talk,32,3,11,VOTE Agent[14]
6,talk,33,3,10,Skip
6,talk,34,3,7,Skip
6,talk,35,3,6,VOTE Agent[11]
6,talk,36,4,11,VOTE Agent[14]
6,talk,37,4,14,Over
6,talk,38,4,3,Over
6,talk,39,4,8,VOTE Agent[10]
6,talk,40,4,4,Over
6,talk,41,4,9,Over
6,talk,42,4,6,VOTE Agent[11]
6,talk,43,4,7,Skip
6,talk,44,4,10,Over
6,talk,45,5,10,Over
6,talk,46,5,11,VOTE Agent[14]
6,talk,47,5,14,Over
6,talk,48,5,3,Over
6,talk,49,5,8,Skip
6,talk,50,5,9,Over
6,talk,51,5,4,Over
6,talk,52,5,7,Over
6,talk,53,5,6,VOTE Agent[11]
6,talk,54,6,4,Over
6,talk,55,6,14,Over
6,talk,56,6,11,VOTE Agent[14]
6,talk,57,6,3,Over
6,talk,58,6,6,VOTE Agent[11]
6,talk,59,6,8,Skip
6,talk,60,6,9,Over
6,talk,61,6,10,Over
6,talk,62,6,7,Over
6,talk,63,7,14,Over
6,talk,64,7,9,Over
6,talk,65,7,8,Over
6,talk,66,7,3,Over
6,talk,67,7,6,VOTE Agent[11]
6,talk,68,7,11,VOTE Agent[14]
6,talk,69,7,4,Over
6,talk,70,7,7,Over
6,talk,71,7,10,Over
6,talk,72,8,14,VOTE Agent[10]
6,talk,73,8,7,Over
6,talk,74,8,4,Over
6,talk,75,8,6,VOTE Agent[14]
6,talk,76,8,10,VOTE Agent[14]
6,talk,77,8,9,VOTE Agent[14]
6,talk,78,8,8,Over
6,talk,79,8,11,VOTE Agent[14]
6,talk,80,8,3,Over
6,talk,81,9,10,Skip
6,talk,82,9,11,Over
6,talk,83,9,9,Skip
6,talk,84,9,3,Over
6,talk,85,9,6,Over
6,talk,86,9,14,Skip
6,talk,87,9,7,Over
6,talk,88,9,8,Over
6,talk,89,9,4,Over
6,talk,90,10,9,Skip
6,talk,91,10,4,Over
6,talk,92,10,6,Over
6,talk,93,10,10,Skip
6,talk,94,10,7,Over
6,talk,95,10,14,Skip
6,talk,96,10,11,Over
6,talk,97,10,8,Over
6,talk,98,10,3,Over
6,talk,99,11,10,Over
6,talk,100,11,8,Over
6,talk,101,11,6,Over
6,talk,102,11,14,Over
6,talk,103,11,9,Over
6,talk,104,11,3,Over
6,talk,105,11,11,Over
6,talk,106,11,7,Over
6,talk,107,11,4,Over
6,vote,3,4
6,vote,4,11
6,vote,6,14
6,vote,7,10
6,vote,8,10
6,vote,9,14
6,vote,10,14
6,vote,11,14
6,vote,14,10
6,execute,14,VILLAGER
6,whisper,0,0,11,ATTACK Agent[05]
6,whisper,1,0,9,ATTACK Agent[10]
6,whisper,2,1,9,Skip
6,whisper,3,1,11,Skip
6,whisper,4,2,9,Skip
6,whisper,5,2,11,Skip
6,whisper,6,3,9,Over
6,whisper,7,3,11,Over
6,attackVote,9,10
6,attackVote,11,8
6,attackVote,9,10
6,attack,10,true
7,status,1,VILLAGER,DEAD,Takeda11
7,status,2,VILLAGER,DEAD,TOKU4
7,status,3,VILLAGER,ALIVE,SampleJava6
7,status,4,VILLAGER,ALIVE,sample_py
7,status,5,BODYGUARD,DEAD,TOKU12
7,status,6,VILLAGER,ALIVE,HALU
7,status,7,VILLAGER,ALIVE,Takeda14
7,status,8,VILLAGER,ALIVE,TOKU2
7,status,9,WEREWOLF,ALIVE,Tomato3
7,status,10,POSSESSED,DEAD,Tomato5
7,status,11,WEREWOLF,ALIVE,HALU
7,status,12,SEER,DEAD,HALU
7,status,13,MEDIUM,DEAD,sample_py
7,status,14,VILLAGER,DEAD,Takeda0
7,status,15,WEREWOLF,DEAD,Tomato10
7,talk,0,0,9,VOTE Agent[04]
7,talk,1,0,11,IDENTIFIED Agent[14] WEREWOLF
7,talk,2,0,4,VOTE Agent[11]
7,talk,3,0,6,VOTE Agent[09]
7,talk,4,0,8,VOTE Agent[07]
7,talk,5,0,7,VOTE Agent[09]
7,talk,6,0,3,VOTE Agent[07]
7,talk,7,1,4,Skip
7,talk,8,1,3,REQUEST ANY (VOTE Agent[07])
7,talk,9,1,8,Skip
7,talk,10,1,6,VOTE Agent[09]
7,talk,11,1,9,VOTE Agent[07]
7,talk,12,1,11,VOTE Agent[04]
7,talk,13,1,7,Skip
7,talk,14,2,3,Skip
7,talk,15,2,11,VOTE Agent[03]
7,talk,16,2,7,Skip
7,talk,17,2,9,Skip
7,talk,18,2,4,Skip
7,talk,19,2,8,Skip
7,talk,20,2,6,VOTE Agent[09]
7,talk,21,3,3,Skip
7,talk,22,3,7,VOTE Agent[08]
7,talk,23,3,9,Skip
7,talk,24,3,4,Over
7,talk,25,3,11,VOTE Agent[04]
7,talk,26,3,6,VOTE Agent[09]
7,talk,27,3,8,Over
7,talk,28,4,9,Over
7,talk,29,4,3,Over
7,talk,30,4,4,Over
7,talk,31,4,11,VOTE Agent[04]
7,talk,32,4,7,Skip
7,talk,33,4,6,VOTE Agent[09]
7,talk,34,4,8,Over
7,talk,35,5,8,Over
7,talk,36,5,3,Over
7,talk,37,5,4,Over
7,talk,38,5,11,VOTE Agent[04]
7,talk,39,5,6,VOTE Agent[09]
7,talk,40,5,7,Skip
7,talk,41,5,9,Over
7,talk,42,6,3,Over
7,talk,43,6,4,Over
7,talk,44,6,6,VOTE Agent[09]
7,talk,45,6,8,Over
7,talk,46,6,11,VOTE Agent[04]
7,talk,47,6,9,Over
7,talk,48,6,7,Over
7,talk,49,7,6,VOTE Agent[09]
7,talk,50,7,4,Over
7,talk,51,7,9,Over
7,talk,52,7,11,VOTE Agent[03]
7,talk,53,7,8,Over
7,talk,54,7,3,Over
7,talk,55,7,7,Over
7,talk,56,8,11,VOTE Agent[04]
7,talk,57,8,9,Over
7,talk,58,8,8,Over
7,talk,59,8,7,Over
7,talk,60,8,4,Over
7,talk,61,8,3,Over
7,talk,62,8,6,VOTE Agent[09]
7,talk,63,9,3,Over
7,talk,64,9,6,Over
7,talk,65,9,11,Over
7,talk,66,9,9,Over
7,talk,67,9,4,Over
7,talk,68,9,7,Over
7,talk,69,9,8,Over
7,vote,3,11
7,vote,4,11
7,vote,6,9
7,vote,7,8
7,vote,8,7
7,vote,9,7
7,vote,11,3
7,vote,3,7
7,vote,4,11
7,vote,6,9
7,vote,7,8
7,vote,8,7
7,vote,9,7
7,vote,11,3
7,execute,7,VILLAGER
7,whisper,0,0,11,ATTACK Agent[06]
7,whisper,1,0,9,ATTACK Agent[08]
7,whisper,2,1,9,Skip
7,whisper,3,1,11,Skip
7,whisper,4,2,9,Skip
7,whisper,5,2,11,Skip
7,whisper,6,3,9,Over
7,whisper,7,3,11,Over
7,attackVote,9,8
7,attack,8,true
8,status,1,VILLAGER,DEAD,Takeda11
8,status,2,VILLAGER,DEAD,TOKU4
8,status,3,VILLAGER,ALIVE,SampleJava6
8,status,4,VILLAGER,ALIVE,sample_py
8,status,5,BODYGUARD,DEAD,TOKU12
8,status,6,VILLAGER,ALIVE,HALU
8,status,7,VILLAGER,DEAD,Takeda14
8,status,8,VILLAGER,DEAD,TOKU2
8,status,9,WEREWOLF,ALIVE,Tomato3
8,status,10,POSSESSED,DEAD,Tomato5
8,status,11,WEREWOLF,ALIVE,HALU
8,status,12,SEER,DEAD,HALU
8,status,13,MEDIUM,DEAD,sample_py
8,status,14,VILLAGER,DEAD,Takeda0
8,status,15,WEREWOLF,DEAD,Tomato10
8,talk,0,0,6,VOTE Agent[09]
8,talk,1,0,3,VOTE Agent[04]
8,talk,2,0,4,VOTE Agent[11]
8,talk,3,0,9,VOTE Agent[04]
8,talk,4,0,11,IDENTIFIED Agent[07] HUMAN
8,talk,5,1,6,VOTE Agent[09]
8,talk,6,1,4,Skip
8,talk,7,1,11,VOTE Agent[03]
8,talk,8,1,3,REQUEST ANY (VOTE Agent[04])
8,talk,9,1,9,VOTE Agent[03]
8,talk,10,2,4,Skip
8,talk,11,2,3,Skip
8,talk,12,2,6,VOTE Agent[09]
8,talk,13,2,11,VOTE Agent[03]
8,talk,14,2,9,VOTE Agent[04]
8,talk,15,3,6,VOTE Agent[09]
8,talk,16,3,4,Over
8,talk,17,3,3,Skip
8,talk,18,3,11,VOTE Agent[04]
8,talk,19,3,9,Skip
8,talk,20,4,9,Skip
8,talk,21,4,6,VOTE Agent[09]
8,talk,22,4,3,Over
8,talk,23,4,4,Over
8,talk,24,4,11,VOTE Agent[03]
8,talk,25,5,3,Over
8,talk,26,5,11,VOTE Agent[04]
8,talk,27,5,4,Over
8,talk,28,5,6,VOTE Agent[09]
8,talk,29,5,9,Over
8,talk,30,6,3,Over
8,talk,31,6,6,VOTE Agent[09]
8,talk,32,6,11,VOTE Agent[04]
8,talk,33,6,9,Over
8,talk,34,6,4,Over
8,talk,35,7,6,VOTE Agent[09]
8,talk,36,7,4,Over
8,talk,37,7,9,Over
8,talk,38,7,11,VOTE Agent[03]
8,talk,39,7,3,Over
8,talk,40,8,4,Over
8,talk,41,8,11,VOTE Agent[04]
8,talk,42,8,9,Over
8,talk,43,8,6,VOTE Agent[09]
8,talk,44,8,3,Over
8,talk,45,9,4,Over
8,talk,46,9,3,Over
8,talk,47,9,9,Over
8,talk,48,9,11,Over
8,talk,49,9,6,Over
8,vote,3,9
8,vote,4,11
8,vote,6,9
8,vote,9,4
8,vote,11,4
8,vote,3,4
8,vote,4,11
8,vote,6,9
8,vote,9,4
8,vote,11,3
8,execute,4,VILLAGER
8,whisper,0,0,9,ATTACK Agent[03]
8,whisper,1,0,11,ATTACK Agent[08]
8,whisper,2,1,11,Skip
8,whisper,3,1,9,Skip
8,whisper,4,2,9,Skip
8,whisper,5,2,11,Skip
8,whisper,6,3,11,Over
8,whisper,7,3,9,Over
8,attackVote,9,3
8,attack,3,true
9,status,1,VILLAGER,DEAD,Takeda11
9,status,2,VILLAGER,DEAD,TOKU4
9,status,3,VILLAGER,DEAD,SampleJava6
9,status,4,VILLAGER,DEAD,sample_py
9,status,5,BODYGUARD,DEAD,TOKU12
9,status,6,VILLAGER,ALIVE,HALU
9,status,7,VILLAGER,DEAD,Takeda14
9,status,8,VILLAGER,DEAD,TOKU2
9,status,9,WEREWOLF,ALIVE,Tomato3
9,status,10,POSSESSED,DEAD,Tomato5
9,status,11,WEREWOLF,ALIVE,HALU
9,status,12,SEER,DEAD,HALU
9,status,13,MEDIUM,DEAD,sample_py
9,status,14,VILLAGER,DEAD,Takeda0
9,status,15,WEREWOLF,DEAD,Tomato10
9,result,1,2,WEREWOLF
