0,status,1,WEREWOLF,ALIVE,Takeda11
0,status,2,VILLAGER,ALIVE,TOKU4
0,status,3,VILLAGER,ALIVE,SampleJava6
0,status,4,WEREWOLF,ALIVE,sample_py
0,status,5,SEER,ALIVE,TOKU12
0,status,6,VILLAGER,ALIVE,HALU
0,status,7,VILLAGER,ALIVE,Takeda14
0,status,8,VILLAGER,ALIVE,TOKU2
0,status,9,POSSESSED,ALIVE,Tomato3
0,status,10,VILLAGER,ALIVE,Tomato5
0,status,11,BODYGUARD,ALIVE,HALU
0,status,12,VILLAGER,ALIVE,HALU
0,status,13,WEREWOLF,ALIVE,sample_py
0,status,14,MEDIUM,ALIVE,Takeda0
0,status,15,VILLAGER,ALIVE,Tomato10
0,whisper,0,0,1,Skip
0,whisper,1,0,13,COMINGOUT Agent[13] MEDIUM
0,whisper,2,0,4,COMINGOUT Agent[04] MEDIUM
0,whisper,3,1,1,Skip
0,whisper,4,1,13,COMINGOUT Agent[13] MEDIUM
0,whisper,5,1,4,COMINGOUT Agent[04] MEDIUM
0,whisper,6,2,4,COMINGOUT Agent[04] MEDIUM
0,whisper,7,2,13,COMINGOUT Agent[13] MEDIUM
0,whisper,8,2,1,Over
0,whisper,9,3,1,Over
0,whisper,10,3,4,COMINGOUT Agent[04] MEDIUM
0,whisper,11,3,13,COMINGOUT Agent[13] MEDIUM
0,whisper,12,4,4,COMINGOUT Agent[04] MEDIUM
0,whisper,13,4,1,Over
0,whisper,14,4,13,COMINGOUT Agent[13] MEDIUM
0,whisper,15,5,4,COMINGOUT Agent[04] MEDIUM
0,whisper,16,5,1,Over
0,whisper,17,5,13,COMINGOUT Agent[13] MEDIUM
0,whisper,18,6,4,COMINGOUT Agent[04] MEDIUM
0,whisper,19,6,13,COMINGOUT Agent[13] MEDIUM
0,whisper,20,6,1,Over
0,whisper,21,7,13,COMINGOUT Agent[13] MEDIUM
0,whisper,22,7,1,Over
0,whisper,23,7,4,COMINGOUT Agent[04] MEDIUM
0,whisper,24,8,1,Over
0,whisper,25,8,4,COMINGOUT Agent[04] MEDIUM
0,whisper,26,8,13,COMINGOUT Agent[13] MEDIUM
0,whisper,27,9,1,Over
0,whisper,28,9,4,COMINGOUT Agent[04] MEDIUM
0,whisper,29,9,13,COMINGOUT Agent[13] MEDIUM
0,whisper,30,10,13,Over
0,whisper,31,10,1,Over
0,whisper,32,10,4,Over
0,divine,5,13,WEREWOLF
1,status,1,WEREWOLF,ALIVE,Takeda11
1,status,2,VILLAGER,ALIVE,TOKU4
1,status,3,VILLAGER,ALIVE,SampleJava6
1,status,4,WEREWOLF,ALIVE,sample_py
1,status,5,SEER,ALIVE,TOKU12
1,status,6,VILLAGER,ALIVE,HALU
1,status,7,VILLAGER,ALIVE,Takeda14
1,status,8,VILLAGER,ALIVE,TOKU2
1,status,9,POSSESSED,ALIVE,Tomato3
1,status,10,VILLAGER,ALIVE,Tomato5
1,status,11,BODYGUARD,ALIVE,HALU
1,status,12,VILLAGER,ALIVE,HALU
1,status,13,WEREWOLF,ALIVE,sample_py
1,status,14,MEDIUM,ALIVE,Takeda0
1,status,15,VILLAGER,ALIVE,Tomato10
1,talk,0,0,12,VOTE Agent[06]
1,talk,1,0,5,COMINGOUT Agent[05] SEER
1,talk,2,0,7,VOTE Agent[06]
1,talk,3,0,10,VOTE Agent[06]
1,talk,4,0,11,VOTE Agent[10]
1,talk,5,0,8,VOTE Agent[06]
1,talk,6,0,3,VOTE Agent[08]
1,talk,7,0,13,VOTE Agent[07]
1,talk,8,0,4,COMINGOUT Agent[04] MEDIUM
1,talk,9,0,14,COMINGOUT Agent[14] MEDIUM
1,talk,10,0,6,VOTE Agent[13]
1,talk,11,0,1,COMINGOUT Agent[01] SEER
1,talk,12,0,15,VOTE Agent[06]
1,talk,13,0,9,COMINGOUT Agent[09] SEER
1,talk,14,0,2,VOTE Agent[12]
1,talk,15,1,10,Skip
1,talk,16,1,9,DIVINED Agent[12] WEREWOLF
1,talk,17,1,14,VOTE Agent[04]
1,talk,18,1,7,VOTE Agent[04]
1,talk,19,1,5,DIVINED Agent[13] WEREWOLF
1,talk,20,1,8,VOTE Agent[04]
1,talk,21,1,12,VOTE Agent[13]
1,talk,22,1,13,VOTE Agent[14]
1,talk,23,1,4,VOTE Agent[14]
1,talk,24,1,11,VOTE Agent[12]
1,talk,25,1,2,VOTE Agent[04]
1,talk,26,1,3,REQUEST ANY (VOTE Agent[08])
1,talk,27,1,1,DIVINED Agent[04] HUMAN
1,talk,28,1,6,VOTE Agent[09]
1,talk,29,1,15,VOTE Agent[04]
1,talk,30,2,5,VOTE Agent[13]
1,talk,31,2,3,Skip
1,talk,32,2,7,VOTE Agent[01]
1,talk,33,2,15,Skip
1,talk,34,2,6,VOTE Agent[05]
1,talk,35,2,2,Skip
1,talk,36,2,13,Skip
1,talk,37,2,10,VOTE Agent[04]
1,talk,38,2,4,Skip
1,talk,39,2,1,VOTE Agent[14]
1,talk,40,2,11,VOTE Agent[05]
1,talk,41,2,8,Skip
1,talk,42,2,14,Skip
1,talk,43,2,12,VOTE Agent[05]
1,talk,44,2,9,VOTE Agent[04]
1,talk,45,3,13,Skip
1,talk,46,3,11,VOTE Agent[01]
1,talk,47,3,8,Skip
1,talk,48,3,15,Skip
1,talk,49,3,9,Skip
1,talk,50,3,7,VOTE Agent[04]
1,talk,51,3,4,Skip
1,talk,52,3,1,Skip
1,talk,53,3,6,VOTE Agent[01]
1,talk,54,3,2,Skip
1,talk,55,3,12,VOTE Agent[01]
1,talk,56,3,10,Skip
1,talk,57,3,5,VOTE Agent[13]
1,talk,58,3,3,Skip
1,talk,59,3,14,Skip
1,talk,60,4,13,Over
1,talk,61,4,10,Skip
1,talk,62,4,6,VOTE Agent[05]
1,talk,63,4,3,Over
1,talk,64,4,7,Skip
1,talk,65,4,8,Over
1,talk,66,4,12,VOTE Agent[01]
1,talk,67,4,4,Over
1,talk,68,4,1,Skip
1,talk,69,4,11,VOTE Agent[01]
1,talk,70,4,15,Over
1,talk,71,4,14,Over
1,talk,72,4,9,Skip
1,talk,73,4,2,Over
1,talk,74,4,5,VOTE Agent[13]
1,talk,75,5,2,Over
1,talk,76,5,14,Over
1,talk,77,5,10,Over
1,talk,78,5,3,Over
1,talk,79,5,1,Over
1,talk,80,5,8,Over
1,talk,81,5,6,VOTE Agent[05]
1,talk,82,5,5,VOTE Agent[13]
1,talk,83,5,12,VOTE Agent[01]
1,talk,84,5,11,VOTE Agent[01]
1,talk,85,5,15,Over
1,talk,86,5,7,Skip
1,talk,87,5,9,Over
1,talk,88,5,4,Over
1,talk,89,5,13,Over
1,talk,90,6,7,Over
1,talk,91,6,9,Over
1,talk,92,6,12,VOTE Agent[01]
1,talk,93,6,4,Over
1,talk,94,6,8,Over
1,talk,95,6,5,VOTE Agent[13]
1,talk,96,6,1,Over
1,talk,97,6,3,Over
1,talk,98,6,2,Over
1,talk,99,6,6,VOTE Agent[01]
1,talk,100,6,14,Over
1,talk,101,6,15,Over
1,talk,102,6,10,Over
1,talk,103,6,11,VOTE Agent[05]
1,talk,104,6,13,Over
1,talk,105,7,15,Over
1,talk,106,7,11,VOTE Agent[01]
1,talk,107,7,14,Over
1,talk,108,7,8,Over
1,talk,109,7,12,VOTE Agent[01]
1,talk,110,7,5,VOTE Agent[13]
1,talk,111,7,7,Over
1,talk,112,7,1,Over
1,talk,113,7,10,Over
1,talk,114,7,2,Over
1,talk,115,7,6,VOTE Agent[05]
1,talk,116,7,3,Over
1,talk,117,7,13,Over
1,talk,118,7,9,Over
1,talk,119,7,4,Over
1,talk,120,8,7,Over
1,talk,121,8,11,VOTE Agent[01]
1,talk,122,8,6,VOTE Agent[05]
1,talk,123,8,14,Over
1,talk,124,8,8,Over
1,talk,125,8,9,Over
1,talk,126,8,4,Over
1,talk,127,8,15,Over
1,talk,128,8,1,Over
1,talk,129,8,2,Over
1,talk,130,8,13,Over
1,talk,131,8,3,Over
1,talk,132,8,5,VOTE Agent[13]
1,talk,133,8,12,VOTE Agent[01]
1,talk,134,8,10,Over
1,talk,135,9,7,Over
1,talk,136,9,13,Over
1,talk,137,9,4,Over
1,talk,138,9,15,Over
1,talk,139,9,5,VOTE Agent[13]
1,talk,140,9,9,Over
1,talk,141,9,12,Over
1,talk,142,9,6,Over
1,talk,143,9,8,Over
1,talk,144,9,14,Over
1,talk,145,9,1,Over
1,talk,146,9,2,Over
1,talk,147,9,3,Over
1,talk,148,9,11,Over
1,talk,149,9,10,Over
1,talk,150,10,9,Over
1,talk,151,10,6,Over
1,talk,152,10,2,Over
1,talk,153,10,8,Over
1,talk,154,10,11,Over
1,talk,155,10,1,Over
1,talk,156,10,14,Over
1,talk,157,10,3,Over
1,talk,158,10,4,Over
1,talk,159,10,12,Over
1,talk,160,10,15,Over
1,talk,161,10,10,Over
1,talk,162,10,5,Over
1,talk,163,10,7,Over
1,talk,164,10,13,Over
1,vote,1,14
1,vote,2,4
1,vote,3,10
1,vote,4,14
1,vote,5,13
1,vote,6,5
1,vote,7,4
1,vote,8,4
1,vote,9,4
1,vote,10,4
1,vote,11,5
1,vote,12,5
1,vote,13,14
1,vote,14,1
1,vote,15,4
1,execute,4,WEREWOLF
1,divine,5,1,WEREWOLF
1,whisper,0,0,13,ATTACK Agent[05]
1,whisper,1,0,1,Skip
1,whisper,2,1,13,Skip
1,whisper,3,1,1,Skip
1,whisper,4,2,13,Skip
1,whisper,5,2,1,Over
1,whisper,6,3,1,Over
1,whisper,7,3,13,Over
1,guard,11,9,POSSESSED
1,attackVote,1,12
1,attackVote,13,5
1,attackVote,1,12
1,attackVote,13,5
1,attack,5,true
2,status,1,WEREWOLF,ALIVE,Takeda11
2,status,2,VILLAGER,ALIVE,TOKU4
2,status,3,VILLAGER,ALIVE,SampleJava6
2,status,4,WEREWOLF,DEAD,sample_py
2,status,5,SEER,DEAD,TOKU12
2,status,6,VILLAGER,ALIVE,HALU
2,status,7,VILLAGER,ALIVE,Takeda14
2,status,8,VILLAGER,ALIVE,TOKU2
2,status,9,POSSESSED,ALIVE,Tomato3
2,status,10,VILLAGER,ALIVE,Tomato5
2,status,11,BODYGUARD,ALIVE,HALU
2,status,12,VILLAGER,ALIVE,HALU
2,status,13,WEREWOLF,ALIVE,sample_py
2,status,14,MEDIUM,ALIVE,Takeda0
2,status,15,VILLAGER,ALIVE,Tomato10
2,talk,0,0,9,DIVINED Agent[06] WEREWOLF
2,talk,1,0,11,VOTE Agent[01]
2,talk,2,0,3,VOTE Agent[11]
2,talk,3,0,2,VOTE Agent[01]
2,talk,4,0,8,VOTE Agent[01]
2,talk,5,0,10,VOTE Agent[01]
2,talk,6,0,6,VOTE Agent[09]
2,talk,7,0,13,VOTE Agent[14]
2,talk,8,0,1,DIVINED Agent[14] WEREWOLF
2,talk,9,0,15,VOTE Agent[01]
2,talk,10,0,14,IDENTIFIED Agent[04] WEREWOLF
2,talk,11,0,7,VOTE Agent[01]
2,talk,12,0,12,VOTE Agent[01]
2,talk,13,1,10,Skip
2,talk,14,1,3,REQUEST ANY (VOTE Agent[11])
2,talk,15,1,15,Skip
2,talk,16,1,11,VOTE Agent[01]
2,talk,17,1,1,VOTE Agent[14]
2,talk,18,1,14,VOTE Agent[01]
2,talk,19,1,2,Skip
2,talk,20,1,9,VOTE Agent[01]
2,talk,21,1,8,Skip
2,talk,22,1,13,Skip
2,talk,23,1,6,VOTE Agent[01]
2,talk,24,1,7,Skip
2,talk,25,1,12,VOTE Agent[01]
2,talk,26,2,12,VOTE Agent[01]
2,talk,27,2,10,Skip
2,talk,28,2,15,Skip
2,talk,29,2,7,Skip
2,talk,30,2,8,Skip
2,talk,31,2,1,VOTE Agent[14]
2,talk,32,2,9,Skip
2,talk,33,2,3,Skip
2,talk,34,2,13,Skip
2,talk,35,2,6,VOTE Agent[01]
2,talk,36,2,2,Skip
2,talk,37,2,11,VOTE Agent[01]
2,talk,38,2,14,Skip
2,talk,39,3,10,Over
2,talk,40,3,14,Skip
2,talk,41,3,11,VOTE Agent[01]
2,talk,42,3,15,Over
2,talk,43,3,9,Skip
2,talk,44,3,1,VOTE Agent[14]
2,talk,45,3,7,Over
2,talk,46,3,13,Over
2,talk,47,3,3,Skip
2,talk,48,3,8,Over
2,talk,49,3,2,Over
2,talk,50,3,6,VOTE Agent[01]
2,talk,51,3,12,VOTE Agent[01]
2,talk,52,4,11,VOTE Agent[01]
2,talk,53,4,12,VOTE Agent[01]
2,talk,54,4,14,Over
2,talk,55,4,15,Over
2,talk,56,4,9,Over
2,talk,57,4,1,VOTE Agent[14]
2,talk,58,4,7,Over
2,talk,59,4,13,Over
2,talk,60,4,6,VOTE Agent[01]
2,talk,61,4,2,Over
2,talk,62,4,3,Over
2,talk,63,4,8,Over
2,talk,64,4,10,Over
2,talk,65,5,14,Over
2,talk,66,5,1,VOTE Agent[14]
2,talk,67,5,10,Over
2,talk,68,5,15,Over
2,talk,69,5,7,Over
2,talk,70,5,13,Over
2,talk,71,5,6,VOTE Agent[01]
2,talk,72,5,8,Over
2,talk,73,5,3,Over
2,talk,74,5,9,Over
2,talk,75,5,11,VOTE Agent[01]
2,talk,76,5,2,Over
2,talk,77,5,12,VOTE Agent[01]
2,talk,78,6,13,Over
2,talk,79,6,15,Over
2,talk,80,6,2,Over
2,talk,81,6,10,Over
2,talk,82,6,1,VOTE Agent[14]
2,talk,83,6,6,VOTE Agent[01]
2,talk,84,6,8,Over
2,talk,85,6,12,VOTE Agent[01]
2,talk,86,6,3,Over
2,talk,87,6,14,Over
2,talk,88,6,7,Over
2,talk,89,6,11,VOTE Agent[01]
2,talk,90,6,9,Over
2,talk,91,7,14,Over
2,talk,92,7,11,VOTE Agent[01]
2,talk,93,7,10,Over
2,talk,94,7,12,VOTE Agent[01]
2,talk,95,7,9,Over
2,talk,96,7,1,VOTE Agent[14]
2,talk,97,7,8,Over
2,talk,98,7,6,VOTE Agent[01]
2,talk,99,7,3,Over
2,talk,100,7,2,Over
2,talk,101,7,15,Over
2,talk,102,7,7,Over
2,talk,103,7,13,Over
2,talk,104,8,14,Over
2,talk,105,8,15,Over
2,talk,106,8,6,VOTE Agent[01]
2,talk,107,8,3,Over
2,talk,108,8,2,Over
2,talk,109,8,12,VOTE Agent[01]
2,talk,110,8,10,Over
2,talk,111,8,8,Over
2,talk,112,8,11,VOTE Agent[01]
2,talk,113,8,13,Over
2,talk,114,8,7,Over
2,talk,115,8,9,Over
2,talk,116,8,1,VOTE Agent[14]
2,talk,117,9,6,Over
2,talk,118,9,8,Over
2,talk,119,9,2,Over
2,talk,120,9,7,Over
2,talk,121,9,13,Over
2,talk,122,9,10,Over
2,talk,123,9,1,VOTE Agent[14]
2,talk,124,9,15,Over
2,talk,125,9,9,Over
2,talk,126,9,11,Over
2,talk,127,9,12,Over
2,talk,128,9,14,Over
2,talk,129,9,3,Over
2,talk,130,10,7,Over
2,talk,131,10,13,Over
2,talk,132,10,11,Over
2,talk,133,10,1,Over
2,talk,134,10,10,Over
2,talk,135,10,15,Over
2,talk,136,10,12,Over
2,talk,137,10,2,Over
2,talk,138,10,9,Over
2,talk,139,10,8,Over
2,talk,140,10,3,Over
2,talk,141,10,14,Over
2,talk,142,10,6,Over
2,vote,1,14
2,vote,2,1
2,vote,3,10
2,vote,6,1
2,vote,7,1
2,vote,8,1
2,vote,9,1
2,vote,10,1
2,vote,11,1
2,vote,12,1
2,vote,13,14
2,vote,14,1
2,vote,15,1
2,execute,1,WEREWOLF
2,guard,11,9,POSSESSED
2,attack,3,true
3,status,1,WEREWOLF,DEAD,Takeda11
3,status,2,VILLAGER,ALIVE,TOKU4
3,status,3,VILLAGER,DEAD,SampleJava6
3,status,4,WEREWOLF,DEAD,sample_py
3,status,5,SEER,DEAD,TOKU12
3,status,6,VILLAGER,ALIVE,HALU
3,status,7,VILLAGER,ALIVE,Takeda14
3,status,8,VILLAGER,ALIVE,TOKU2
3,status,9,POSSESSED,ALIVE,Tomato3
3,status,10,VILLAGER,ALIVE,Tomato5
3,status,11,BODYGUARD,ALIVE,HALU
3,status,12,VILLAGER,ALIVE,HALU
3,status,13,WEREWOLF,ALIVE,sample_py
3,status,14,MEDIUM,ALIVE,Takeda0
3,status,15,VILLAGER,ALIVE,Tomato10
3,talk,0,0,14,IDENTIFIED Agent[01] WEREWOLF
3,talk,1,0,10,VOTE Agent[09]
3,talk,2,0,7,VOTE Agent[12]
3,talk,3,0,2,VOTE Agent[12]
3,talk,4,0,9,DIVINED Agent[07] HUMAN
3,talk,5,0,15,VOTE Agent[09]
3,talk,6,0,13,COMINGOUT Agent[13] MEDIUM
3,talk,7,0,12,VOTE Agent[09]
3,talk,8,0,11,VOTE Agent[09]
3,talk,9,0,6,VOTE Agent[09]
3,talk,10,0,8,VOTE Agent[12]
3,talk,11,1,8,VOTE Agent[13]
3,talk,12,1,7,VOTE Agent[13]
3,talk,13,1,12,VOTE Agent[09]
3,talk,14,1,9,VOTE Agent[12]
3,talk,15,1,6,VOTE Agent[09]
3,talk,16,1,2,VOTE Agent[13]
3,talk,17,1,13,IDENTIFIED Agent[04] HUMAN
3,talk,18,1,14,VOTE Agent[13]
3,talk,19,1,15,Skip
3,talk,20,1,11,VOTE Agent[09]
3,talk,21,1,10,Skip
3,talk,22,2,11,VOTE Agent[09]
3,talk,23,2,8,Skip
3,talk,24,2,14,Skip
3,talk,25,2,2,Skip
3,talk,26,2,12,VOTE Agent[09]
3,talk,27,2,9,Skip
3,talk,28,2,6,VOTE Agent[09]
3,talk,29,2,7,Skip
3,talk,30,2,10,Skip
3,talk,31,2,15,Skip
3,talk,32,2,13,IDENTIFIED Agent[01] HUMAN
3,talk,33,3,15,Over
3,talk,34,3,6,VOTE Agent[09]
3,talk,35,3,12,VOTE Agent[09]
3,talk,36,3,8,Skip
3,talk,37,3,2,Skip
3,talk,38,3,14,Skip
3,talk,39,3,9,Skip
3,talk,40,3,10,Over
3,talk,41,3,11,VOTE Agent[09]
3,talk,42,3,7,Skip
3,talk,43,3,13,VOTE Agent[14]
3,talk,44,4,13,Skip
3,talk,45,4,9,Over
3,talk,46,4,14,Over
3,talk,47,4,10,Over
3,talk,48,4,2,Over
3,talk,49,4,7,Over
3,talk,50,4,12,VOTE Agent[09]
3,talk,51,4,6,VOTE Agent[09]
3,talk,52,4,11,VOTE Agent[09]
3,talk,53,4,15,Over
3,talk,54,4,8,Over
3,talk,55,5,9,Over
3,talk,56,5,13,Skip
3,talk,57,5,7,Over
3,talk,58,5,14,Over
3,talk,59,5,2,Over
3,talk,60,5,10,Over
3,talk,61,5,11,VOTE Agent[09]
3,talk,62,5,6,VOTE Agent[09]
3,talk,63,5,12,VOTE Agent[09]
3,talk,64,5,15,Over
3,talk,65,5,8,Over
3,talk,66,6,2,Over
3,talk,67,6,12,VOTE Agent[09]
3,talk,68,6,6,VOTE Agent[09]
3,talk,69,6,11,VOTE Agent[09]
3,talk,70,6,14,Over
3,talk,71,6,9,Over
3,talk,72,6,8,Over
3,talk,73,6,13,Over
3,talk,74,6,15,Over
3,talk,75,6,10,Over
3,talk,76,6,7,Over
3,talk,77,7,9,Over
3,talk,78,7,13,Over
3,talk,79,7,7,Over
3,talk,80,7,6,VOTE Agent[09]
3,talk,81,7,11,VOTE Agent[09]
3,talk,82,7,14,Over
3,talk,83,7,2,Over
3,talk,84,7,8,Over
3,talk,85,7,15,Over
3,talk,86,7,12,VOTE Agent[09]
3,talk,87,7,10,Over
3,talk,88,8,11,VOTE Agent[09]
3,talk,89,8,6,VOTE Agent[09]
3,talk,90,8,7,Over
3,talk,91,8,2,Over
3,talk,92,8,8,Over
3,talk,93,8,15,Over
3,talk,94,8,9,Over
3,talk,95,8,14,Over
3,talk,96,8,12,VOTE Agent[09]
3,talk,97,8,13,Over
3,talk,98,8,10,Over
3,talk,99,9,10,Over
3,talk,100,9,7,Over
3,talk,101,9,12,Over
3,talk,102,9,6,Over
3,talk,103,9,15,Over
3,talk,104,9,13,Over
3,talk,105,9,9,Over
3,talk,106,9,8,Over
3,talk,107,9,14,Over
3,talk,108,9,11,Over
3,talk,109,9,2,Over
3,vote,2,13
3,vote,6,9
3,vote,7,13
3,vote,8,13
3,vote,9,12
3,vote,10,9
3,vote,11,9
3,vote,12,9
3,vote,13,14
3,vote,14,13
3,vote,15,9
3,execute,9,POSSESSED
3,guard,11,14,MEDIUM
3,attack,6,true
4,status,1,WEREWOLF,DEAD,Takeda11
4,status,2,VILLAGER,ALIVE,TOKU4
4,status,3,VILLAGER,DEAD,SampleJava6
4,status,4,WEREWOLF,DEAD,sample_py
4,status,5,SEER,DEAD,TOKU12
4,status,6,VILLAGER,DEAD,HALU
4,status,7,VILLAGER,ALIVE,Takeda14
4,status,8,VILLAGER,ALIVE,TOKU2
4,status,9,POSSESSED,DEAD,Tomato3
4,status,10,VILLAGER,ALIVE,Tomato5
4,status,11,BODYGUARD,ALIVE,HALU
4,status,12,VILLAGER,ALIVE,HALU
4,status,13,WEREWOLF,ALIVE,sample_py
4,status,14,MEDIUM,ALIVE,Takeda0
4,status,15,VILLAGER,ALIVE,Tomato10
4,talk,0,0,15,VOTE Agent[10]
4,talk,1,0,7,VOTE Agent[13]
4,talk,2,0,10,VOTE Agent[14]
4,talk,3,0,8,VOTE Agent[13]
4,talk,4,0,11,VOTE Agent[14]
4,talk,5,0,13,IDENTIFIED Agent[09] WEREWOLF
4,talk,6,0,14,IDENTIFIED Agent[09] HUMAN
4,talk,7,0,12,VOTE Agent[13]
4,talk,8,0,2,VOTE Agent[13]
4,talk,9,1,11,VOTE Agent[13]
4,talk,10,1,13,VOTE Agent[14]
4,talk,11,1,2,Skip
4,talk,12,1,12,VOTE Agent[13]
4,talk,13,1,10,Skip
4,talk,14,1,14,Skip
4,talk,15,1,8,Skip
4,talk,16,1,7,Skip
4,talk,17,1,15,Skip
4,talk,18,2,11,VOTE Agent[13]
4,talk,19,2,2,Skip
4,talk,20,2,10,Skip
4,talk,21,2,15,Skip
4,talk,22,2,14,Skip
4,talk,23,2,8,Skip
4,talk,24,2,12,VOTE Agent[13]
4,talk,25,2,7,Skip
4,talk,26,2,13,Skip
4,talk,27,3,10,Over
4,talk,28,3,14,Over
4,talk,29,3,2,Over
4,talk,30,3,13,Skip
4,talk,31,3,8,Over
4,talk,32,3,7,Over
4,talk,33,3,15,Over
4,talk,34,3,11,VOTE Agent[13]
4,talk,35,3,12,VOTE Agent[13]
4,talk,36,4,14,Over
4,talk,37,4,12,VOTE Agent[13]
4,talk,38,4,2,Over
4,talk,39,4,7,Over
4,talk,40,4,11,VOTE Agent[13]
4,talk,41,4,15,Over
4,talk,42,4,13,Over
4,talk,43,4,10,Over
4,talk,44,4,8,Over
4,talk,45,5,12,VOTE Agent[13]
4,talk,46,5,8,Over
4,talk,47,5,13,Over
4,talk,48,5,14,Over
4,talk,49,5,10,Over
4,talk,50,5,2,Over
4,talk,51,5,11,VOTE Agent[13]
4,talk,52,5,15,Over
4,talk,53,5,7,Over
4,talk,54,6,13,Over
4,talk,55,6,14,Over
4,talk,56,6,15,Over
4,talk,57,6,11,VOTE Agent[13]
4,talk,58,6,10,Over
4,talk,59,6,2,Over
4,talk,60,6,7,Over
4,talk,61,6,12,VOTE Agent[13]
4,talk,62,6,8,Over
4,talk,63,7,12,VOTE Agent[13]
4,talk,64,7,10,Over
4,talk,65,7,15,Over
4,talk,66,7,2,Over
4,talk,67,7,7,Over
4,talk,68,7,8,Over
4,talk,69,7,14,Over
4,talk,70,7,11,VOTE Agent[13]
4,talk,71,7,13,Over
4,talk,72,8,2,Over
4,talk,73,8,7,Over
4,talk,74,8,14,Over
4,talk,75,8,10,Over
4,talk,76,8,11,VOTE Agent[13]
4,talk,77,8,8,Over
4,talk,78,8,12,VOTE Agent[13]
4,talk,79,8,13,Over
4,talk,80,8,15,Over
4,talk,81,9,10,Over
4,talk,82,9,7,Over
4,talk,83,9,13,Over
4,talk,84,9,8,Over
4,talk,85,9,2,Over
4,talk,86,9,11,Over
4,talk,87,9,14,Over
4,talk,88,9,15,Over
4,talk,89,9,12,Over
4,vote,2,13
4,vote,7,13
4,vote,8,13
4,vote,10,14
4,vote,11,13
4,vote,12,13
4,vote,13,14
4,vote,14,13
4,vote,15,10
4,execute,13,WEREWOLF
4,guard,11,15,VILLAGER
5,status,1,WEREWOLF,DEAD,Takeda11
5,status,2,VILLAGER,ALIVE,TOKU4
5,status,3,VILLAGER,DEAD,SampleJava6
5,status,4,WEREWOLF,DEAD,sample_py
5,status,5,SEER,DEAD,TOKU12
5,status,6,VILLAGER,DEAD,HALU
5,status,7,VILLAGER,ALIVE,Takeda14
5,status,8,VILLAGER,ALIVE,TOKU2
5,status,9,POSSESSED,DEAD,Tomato3
5,status,10,VILLAGER,ALIVE,Tomato5
5,status,11,BODYGUARD,ALIVE,HALU
5,status,12,VILLAGER,ALIVE,HALU
5,status,13,WEREWOLF,DEAD,sample_py
5,status,14,MEDIUM,ALIVE,Takeda0
5,status,15,VILLAGER,ALIVE,Tomato10
5,result,8,0,VILLAGER
