0,status,1,VILLAGER,ALIVE,Tomato1
0,status,2,MEDIUM,ALIVE,TOKU12
0,status,3,WEREWOLF,ALIVE,TOKU7
0,status,4,VILLAGER,ALIVE,sample_py
0,status,5,VILLAGER,ALIVE,HALU
0,status,6,VILLAGER,ALIVE,Takeda3
0,status,7,POSSESSED,ALIVE,HALU
0,status,8,VILLAGER,ALIVE,Takeda6
0,status,9,BODYGUARD,ALIVE,SampleJava9
0,status,10,WEREWOLF,ALIVE,Takeda4
0,status,11,VILLAGER,ALIVE,SampleJava0
0,status,12,VILLAGER,ALIVE,SampleJava13
0,status,13,VILLAGER,ALIVE,HALU
0,status,14,SEER,ALIVE,sample_py
0,status,15,WEREWOLF,ALIVE,SampleJava11
0,whisper,0,0,3,Skip
0,whisper,1,0,15,COMINGOUT Agent[15] VILLAGER
0,whisper,2,0,10,Skip
0,whisper,3,1,15,Skip
0,whisper,4,1,10,Skip
0,whisper,5,1,3,Skip
0,whisper,6,2,10,Over
0,whisper,7,2,3,Over
0,whisper,8,2,15,Skip
0,whisper,9,3,10,Over
0,whisper,10,3,15,Over
0,whisper,11,3,3,Over
0,divine,14,7,HUMAN
1,status,1,VILLAGER,ALIVE,Tomato1
1,status,2,MEDIUM,ALIVE,TOKU12
1,status,3,WEREWOLF,ALIVE,TOKU7
1,status,4,VILLAGER,ALIVE,sample_py
1,status,5,VILLAGER,ALIVE,HALU
1,status,6,VILLAGER,ALIVE,Takeda3
1,status,7,POSSESSED,ALIVE,HALU
1,status,8,VILLAGER,ALIVE,Takeda6
1,status,9,BODYGUARD,ALIVE,SampleJava9
1,status,10,WEREWOLF,ALIVE,Takeda4
1,status,11,VILLAGER,ALIVE,SampleJava0
1,status,12,VILLAGER,ALIVE,SampleJava13
1,status,13,VILLAGER,ALIVE,HALU
1,status,14,SEER,ALIVE,sample_py
1,status,15,WEREWOLF,ALIVE,SampleJava11
1,talk,0,0,10,VOTE Agent[12]
1,talk,1,0,3,VOTE Agent[12]
1,talk,2,0,2,COMINGOUT Agent[02] MEDIUM
1,talk,3,0,12,VOTE Agent[03]
1,talk,4,0,15,VOTE Agent[09]
1,talk,5,0,7,COMINGOUT Agent[07] SEER
1,talk,6,0,1,VOTE Agent[12]
1,talk,7,0,5,VOTE Agent[01]
1,talk,8,0,11,VOTE Agent[15]
1,talk,9,0,14,VOTE Agent[07]
1,talk,10,0,9,VOTE Agent[05]
1,talk,11,0,8,VOTE Agent[12]
1,talk,12,0,13,VOTE Agent[14]
1,talk,13,0,4,VOTE Agent[11]
1,talk,14,0,6,VOTE Agent[12]
1,talk,15,1,7,DIVINED Agent[09] WEREWOLF
1,talk,16,1,3,Skip
1,talk,17,1,4,VOTE Agent[09]
1,talk,18,1,2,VOTE Agent[12]
1,talk,19,1,1,Skip
1,talk,20,1,9,REQUEST ANY (VOTE Agent[05])
1,talk,21,1,10,VOTE Agent[06]
1,talk,22,1,6,VOTE Agent[08]
1,talk,23,1,13,VOTE Agent[09]
1,talk,24,1,15,REQUEST ANY (VOTE Agent[09])
1,talk,25,1,14,Skip
1,talk,26,1,5,VOTE Agent[09]
1,talk,27,1,12,REQUEST ANY (VOTE Agent[03])
1,talk,28,1,11,REQUEST ANY (VOTE Agent[15])
1,talk,29,1,8,Skip
1,talk,30,2,14,Skip
1,talk,31,2,7,VOTE Agent[09]
1,talk,32,2,15,Skip
1,talk,33,2,9,BECAUSE (AND (COMINGOUT Agent[09] VILLAGER) (DAY 1 (Agent[07] DIVINED Agent[09] WEREWOLF))) (XOR (ESTIMATE Agent[07] WEREWOLF) (ESTIMATE Agent[07] POSSESSED))
1,talk,34,2,8,VOTE Agent[15]
1,talk,35,2,11,Skip
1,talk,36,2,2,VOTE Agent[10]
1,talk,37,2,13,VOTE Agent[09]
1,talk,38,2,5,VOTE Agent[09]
1,talk,39,2,10,Skip
1,talk,40,2,4,Skip
1,talk,41,2,3,VOTE Agent[05]
1,talk,42,2,12,Skip
1,talk,43,2,1,VOTE Agent[09]
1,talk,44,2,6,VOTE Agent[13]
1,talk,45,3,12,Skip
1,talk,46,3,9,BECAUSE (XOR (ESTIMATE Agent[07] WEREWOLF) (ESTIMATE Agent[07] POSSESSED)) (AND (VOTE Agent[07]) (REQUEST ANY (VOTE Agent[07])))
1,talk,47,3,15,Skip
1,talk,48,3,7,VOTE Agent[02]
1,talk,49,3,13,VOTE Agent[09]
1,talk,50,3,3,VOTE Agent[06]
1,talk,51,3,8,VOTE Agent[06]
1,talk,52,3,11,Skip
1,talk,53,3,5,VOTE Agent[09]
1,talk,54,3,6,VOTE Agent[05]
1,talk,55,3,4,Skip
1,talk,56,3,1,Skip
1,talk,57,3,10,Skip
1,talk,58,3,14,Over
1,talk,59,3,2,Skip
1,talk,60,4,10,Over
1,talk,61,4,1,Skip
1,talk,62,4,3,Skip
1,talk,63,4,6,Skip
1,talk,64,4,12,Over
1,talk,65,4,4,Over
1,talk,66,4,15,Over
1,talk,67,4,8,Skip
1,talk,68,4,9,VOTE Agent[07]
1,talk,69,4,2,VOTE Agent[06]
1,talk,70,4,7,VOTE Agent[02]
1,talk,71,4,13,VOTE Agent[09]
1,talk,72,4,11,Over
1,talk,73,4,14,Over
1,talk,74,4,5,VOTE Agent[09]
1,talk,75,5,9,REQUEST ANY (VOTE Agent[07])
1,talk,76,5,1,VOTE Agent[06]
1,talk,77,5,10,Over
1,talk,78,5,15,Over
1,talk,79,5,8,Skip
1,talk,80,5,12,Over
1,talk,81,5,3,Skip
1,talk,82,5,5,VOTE Agent[09]
1,talk,83,5,2,Skip
1,talk,84,5,7,VOTE Agent[09]
1,talk,85,5,6,Skip
1,talk,86,5,13,VOTE Agent[09]
1,talk,87,5,4,Over
1,talk,88,5,14,Over
1,talk,89,5,11,Over
1,talk,90,6,4,Over
1,talk,91,6,5,VOTE Agent[09]
1,talk,92,6,14,Over
1,talk,93,6,8,Over
1,talk,94,6,12,Over
1,talk,95,6,1,VOTE Agent[09]
1,talk,96,6,6,Over
1,talk,97,6,13,VOTE Agent[09]
1,talk,98,6,10,Over
1,talk,99,6,9,Skip
1,talk,100,6,15,Over
1,talk,101,6,11,Over
1,talk,102,6,7,VOTE Agent[09]
1,talk,103,6,3,Over
1,talk,104,6,2,Skip
1,talk,105,7,14,Over
1,talk,106,7,13,VOTE Agent[09]
1,talk,107,7,4,Over
1,talk,108,7,1,Skip
1,talk,109,7,7,VOTE Agent[09]
1,talk,110,7,3,Over
1,talk,111,7,2,Over
1,talk,112,7,15,Over
1,talk,113,7,9,Skip
1,talk,114,7,8,Over
1,talk,115,7,12,Over
1,talk,116,7,10,Over
1,talk,117,7,5,VOTE Agent[09]
1,talk,118,7,11,Over
1,talk,119,7,6,Over
1,talk,120,8,4,Over
1,talk,121,8,8,Over
1,talk,122,8,14,Over
1,talk,123,8,6,VOTE Agent[10]
1,talk,124,8,13,VOTE Agent[09]
1,talk,125,8,3,Over
1,talk,126,8,5,VOTE Agent[09]
1,talk,127,8,15,Over
1,talk,128,8,2,Over
1,talk,129,8,1,Skip
1,talk,130,8,11,Over
1,talk,131,8,10,Over
1,talk,132,8,9,Over
1,talk,133,8,12,Over
1,talk,134,8,7,VOTE Agent[09]
1,talk,135,9,14,Over
1,talk,136,9,3,Over
1,talk,137,9,1,Over
1,talk,138,9,5,Over
1,talk,139,9,15,Over
1,talk,140,9,11,Over
1,talk,141,9,10,Over
1,talk,142,9,7,Over
1,talk,143,9,2,Over
1,talk,144,9,12,Over
1,talk,145,9,4,Over
1,talk,146,9,6,Skip
1,talk,147,9,13,Over
1,talk,148,9,9,Over
1,talk,149,9,8,Over
1,talk,150,10,12,Over
1,talk,151,10,8,Over
1,talk,152,10,14,Over
1,talk,153,10,13,Over
1,talk,154,10,5,Over
1,talk,155,10,9,Over
1,talk,156,10,4,Over
1,talk,157,10,10,Over
1,talk,158,10,3,Over
1,talk,159,10,7,Over
1,talk,160,10,15,Over
1,talk,161,10,2,Over
1,talk,162,10,6,Skip
1,talk,163,10,1,Over
1,talk,164,10,11,Over
1,talk,165,11,8,Over
1,talk,166,11,3,Over
1,talk,167,11,11,Over
1,talk,168,11,5,Over
1,talk,169,11,9,Over
1,talk,170,11,7,Over
1,talk,171,11,1,Over
1,talk,172,11,13,Over
1,talk,173,11,2,Over
1,talk,174,11,12,Over
1,talk,175,11,14,Over
1,talk,176,11,10,Over
1,talk,177,11,15,Over
1,talk,178,11,4,Over
1,talk,179,11,6,VOTE Agent[14]
1,talk,180,12,15,Over
1,talk,181,12,8,Over
1,talk,182,12,10,Over
1,talk,183,12,5,Over
1,talk,184,12,6,Skip
1,talk,185,12,7,Over
1,talk,186,12,2,Over
1,talk,187,12,12,Over
1,talk,188,12,9,Over
1,talk,189,12,1,Over
1,talk,190,12,11,Over
1,talk,191,12,14,Over
1,talk,192,12,3,Over
1,talk,193,12,4,Over
1,talk,194,12,13,Over
1,talk,195,13,3,Over
1,talk,196,13,2,Over
1,talk,197,13,5,Over
1,talk,198,13,14,Over
1,talk,199,13,15,Over
1,talk,200,13,8,Over
1,talk,201,13,12,Over
1,talk,202,13,7,Over
1,talk,203,13,13,Over
1,talk,204,13,11,Over
1,talk,205,13,10,Over
1,talk,206,13,6,Skip
1,talk,207,13,4,Over
1,talk,208,13,1,Over
1,talk,209,13,9,Over
1,talk,210,14,7,Over
1,talk,211,14,6,Over
1,talk,212,14,15,Over
1,talk,213,14,13,Over
1,talk,214,14,4,Over
1,talk,215,14,1,Over
1,talk,216,14,3,Over
1,talk,217,14,14,Over
1,talk,218,14,11,Over
1,talk,219,14,8,Over
1,talk,220,14,2,Over
1,talk,221,14,9,Over
1,talk,222,14,12,Over
1,talk,223,14,10,Over
1,talk,224,14,5,Over
1,vote,1,9
1,vote,2,6
1,vote,3,6
1,vote,4,9
1,vote,5,9
1,vote,6,14
1,vote,7,9
1,vote,8,6
1,vote,9,7
1,vote,10,6
1,vote,11,7
1,vote,12,7
1,vote,13,9
1,vote,14,7
1,vote,15,9
1,execute,9,BODYGUARD
1,divine,14,12,HUMAN
1,whisper,0,0,10,Skip
1,whisper,1,0,15,BECAUSE (AND (NOT (COMINGOUT Agent[07] WEREWOLF)) (NOT (COMINGOUT Agent[09] WEREWOLF)) (DAY 1 (Agent[07] DIVINED Agent[09] WEREWOLF))) (ESTIMATE Agent[07] POSSESSED)
1,whisper,2,0,3,Skip
1,whisper,3,1,3,Skip
1,whisper,4,1,10,Skip
1,whisper,5,1,15,BECAUSE (Agent[02] COMINGOUT Agent[02] MEDIUM) (ATTACK Agent[02])
1,whisper,6,2,15,ATTACK Agent[02]
1,whisper,7,2,10,Over
1,whisper,8,2,3,Over
1,whisper,9,3,10,Over
1,whisper,10,3,3,Over
1,whisper,11,3,15,Skip
1,whisper,12,4,15,Skip
1,whisper,13,4,3,Over
1,whisper,14,4,10,Over
1,whisper,15,5,3,Over
1,whisper,16,5,10,Over
1,whisper,17,5,15,Over
1,attackVote,3,7
1,attackVote,10,2
1,attackVote,15,2
1,attack,2,true
2,status,1,VILLAGER,ALIVE,Tomato1
2,status,2,MEDIUM,DEAD,TOKU12
2,status,3,WEREWOLF,ALIVE,TOKU7
2,status,4,VILLAGER,ALIVE,sample_py
2,status,5,VILLAGER,ALIVE,HALU
2,status,6,VILLAGER,ALIVE,Takeda3
2,status,7,POSSESSED,ALIVE,HALU
2,status,8,VILLAGER,ALIVE,Takeda6
2,status,9,BODYGUARD,DEAD,SampleJava9
2,status,10,WEREWOLF,ALIVE,Takeda4
2,status,11,VILLAGER,ALIVE,SampleJava0
2,status,12,VILLAGER,ALIVE,SampleJava13
2,status,13,VILLAGER,ALIVE,HALU
2,status,14,SEER,ALIVE,sample_py
2,status,15,WEREWOLF,ALIVE,SampleJava11
2,talk,0,0,4,VOTE Agent[12]
2,talk,1,0,11,VOTE Agent[07]
2,talk,2,0,15,VOTE Agent[09]
2,talk,3,0,5,VOTE Agent[15]
2,talk,4,0,13,VOTE Agent[11]
2,talk,5,0,1,VOTE Agent[07]
2,talk,6,0,14,VOTE Agent[07]
2,talk,7,0,6,VOTE Agent[14]
2,talk,8,0,7,DIVINED Agent[15] WEREWOLF
2,talk,9,0,12,VOTE Agent[05]
2,talk,10,0,10,VOTE Agent[06]
2,talk,11,0,8,VOTE Agent[06]
2,talk,12,0,3,VOTE Agent[06]
2,talk,13,1,11,REQUEST ANY (VOTE Agent[07])
2,talk,14,1,5,VOTE Agent[15]
2,talk,15,1,6,VOTE Agent[10]
2,talk,16,1,14,Skip
2,talk,17,1,15,REQUEST ANY (VOTE Agent[09])
2,talk,18,1,7,VOTE Agent[15]
2,talk,19,1,10,Skip
2,talk,20,1,12,REQUEST ANY (VOTE Agent[05])
2,talk,21,1,13,VOTE Agent[15]
2,talk,22,1,3,Skip
2,talk,23,1,4,VOTE Agent[15]
2,talk,24,1,1,VOTE Agent[15]
2,talk,25,1,8,Skip
2,talk,26,2,14,Skip
2,talk,27,2,15,Skip
2,talk,28,2,5,VOTE Agent[15]
2,talk,29,2,11,Skip
2,talk,30,2,3,Skip
2,talk,31,2,6,Skip
2,talk,32,2,13,VOTE Agent[15]
2,talk,33,2,1,Skip
2,talk,34,2,4,Skip
2,talk,35,2,12,Skip
2,talk,36,2,8,Skip
2,talk,37,2,7,VOTE Agent[15]
2,talk,38,2,10,Skip
2,talk,39,3,5,VOTE Agent[15]
2,talk,40,3,6,Skip
2,talk,41,3,8,VOTE Agent[10]
2,talk,42,3,14,Over
2,talk,43,3,4,Skip
2,talk,44,3,3,Over
2,talk,45,3,10,Over
2,talk,46,3,11,Skip
2,talk,47,3,12,Skip
2,talk,48,3,15,Skip
2,talk,49,3,7,VOTE Agent[15]
2,talk,50,3,13,VOTE Agent[15]
2,talk,51,3,1,Skip
2,talk,52,4,12,Over
2,talk,53,4,6,Over
2,talk,54,4,11,Over
2,talk,55,4,8,Skip
2,talk,56,4,1,Over
2,talk,57,4,4,Over
2,talk,58,4,13,VOTE Agent[15]
2,talk,59,4,3,Over
2,talk,60,4,10,Over
2,talk,61,4,5,VOTE Agent[15]
2,talk,62,4,7,VOTE Agent[15]
2,talk,63,4,15,Over
2,talk,64,4,14,Over
2,talk,65,5,6,Over
2,talk,66,5,5,VOTE Agent[15]
2,talk,67,5,12,Over
2,talk,68,5,11,Over
2,talk,69,5,7,VOTE Agent[15]
2,talk,70,5,3,Over
2,talk,71,5,4,Over
2,talk,72,5,1,Over
2,talk,73,5,8,Skip
2,talk,74,5,13,VOTE Agent[15]
2,talk,75,5,14,Over
2,talk,76,5,10,Over
2,talk,77,5,15,Over
2,talk,78,6,11,Over
2,talk,79,6,10,Over
2,talk,80,6,13,VOTE Agent[15]
2,talk,81,6,7,VOTE Agent[15]
2,talk,82,6,5,VOTE Agent[15]
2,talk,83,6,8,Over
2,talk,84,6,4,Over
2,talk,85,6,3,Over
2,talk,86,6,1,Over
2,talk,87,6,12,Over
2,talk,88,6,6,Over
2,talk,89,6,15,Over
2,talk,90,6,14,Over
2,talk,91,7,8,Over
2,talk,92,7,1,Over
2,talk,93,7,11,Over
2,talk,94,7,12,Over
2,talk,95,7,13,VOTE Agent[15]
2,talk,96,7,7,VOTE Agent[15]
2,talk,97,7,3,Over
2,talk,98,7,14,Over
2,talk,99,7,15,Over
2,talk,100,7,10,Over
2,talk,101,7,6,Over
2,talk,102,7,4,Over
2,talk,103,7,5,VOTE Agent[15]
2,talk,104,8,12,Over
2,talk,105,8,4,Over
2,talk,106,8,5,VOTE Agent[15]
2,talk,107,8,13,VOTE Agent[15]
2,talk,108,8,8,Over
2,talk,109,8,14,Over
2,talk,110,8,10,Over
2,talk,111,8,7,VOTE Agent[15]
2,talk,112,8,15,Over
2,talk,113,8,1,Over
2,talk,114,8,3,Over
2,talk,115,8,11,Over
2,talk,116,8,6,Over
2,talk,117,9,3,Over
2,talk,118,9,5,Over
2,talk,119,9,1,Over
2,talk,120,9,15,Over
2,talk,121,9,4,Over
2,talk,122,9,13,Over
2,talk,123,9,14,Over
2,talk,124,9,11,Over
2,talk,125,9,8,Over
2,talk,126,9,10,Over
2,talk,127,9,7,Over
2,talk,128,9,12,Over
2,talk,129,9,6,Over
2,vote,1,15
2,vote,3,10
2,vote,4,15
2,vote,5,15
2,vote,6,10
2,vote,7,15
2,vote,8,10
2,vote,10,6
2,vote,11,5
2,vote,12,7
2,vote,13,15
2,vote,14,7
2,vote,15,8
2,execute,15,WEREWOLF
2,whisper,0,0,3,Skip
2,whisper,1,0,10,Skip
2,whisper,2,1,10,Skip
2,whisper,3,1,3,Skip
2,whisper,4,2,10,Over
2,whisper,5,2,3,Over
2,attackVote,3,7
2,attackVote,10,13
2,attackVote,3,7
2,attackVote,10,13
2,attack,13,true
3,status,1,VILLAGER,ALIVE,Tomato1
3,status,2,MEDIUM,DEAD,TOKU12
3,status,3,WEREWOLF,ALIVE,TOKU7
3,status,4,VILLAGER,ALIVE,sample_py
3,status,5,VILLAGER,ALIVE,HALU
3,status,6,VILLAGER,ALIVE,Takeda3
3,status,7,POSSESSED,ALIVE,HALU
3,status,8,VILLAGER,ALIVE,Takeda6
3,status,9,BODYGUARD,DEAD,SampleJava9
3,status,10,WEREWOLF,ALIVE,Takeda4
3,status,11,VILLAGER,ALIVE,SampleJava0
3,status,12,VILLAGER,ALIVE,SampleJava13
3,status,13,VILLAGER,DEAD,HALU
3,status,14,SEER,ALIVE,sample_py
3,status,15,WEREWOLF,DEAD,SampleJava11
3,talk,0,0,10,VOTE Agent[06]
3,talk,1,0,1,VOTE Agent[14]
3,talk,2,0,12,VOTE Agent[01]
3,talk,3,0,5,VOTE Agent[01]
3,talk,4,0,4,VOTE Agent[03]
3,talk,5,0,7,DIVINED Agent[01] WEREWOLF
3,talk,6,0,8,VOTE Agent[10]
3,talk,7,0,3,VOTE Agent[06]
3,talk,8,0,14,COMINGOUT Agent[14] SEER
3,talk,9,0,11,VOTE Agent[10]
3,talk,10,0,6,VOTE Agent[10]
3,talk,11,1,6,VOTE Agent[14]
3,talk,12,1,7,VOTE Agent[01]
3,talk,13,1,12,REQUEST ANY (VOTE Agent[01])
3,talk,14,1,5,VOTE Agent[01]
3,talk,15,1,1,Skip
3,talk,16,1,10,VOTE Agent[14]
3,talk,17,1,8,VOTE Agent[14]
3,talk,18,1,11,REQUEST ANY (VOTE Agent[10])
3,talk,19,1,4,VOTE Agent[01]
3,talk,20,1,14,DIVINED Agent[07] HUMAN
3,talk,21,1,3,VOTE Agent[14]
3,talk,22,2,6,Skip
3,talk,23,2,8,Skip
3,talk,24,2,12,Skip
3,talk,25,2,11,Skip
3,talk,26,2,10,Skip
3,talk,27,2,7,VOTE Agent[01]
3,talk,28,2,1,Skip
3,talk,29,2,4,Skip
3,talk,30,2,5,VOTE Agent[01]
3,talk,31,2,3,Skip
3,talk,32,2,14,DIVINED Agent[12] HUMAN
3,talk,33,3,4,Skip
3,talk,34,3,7,VOTE Agent[01]
3,talk,35,3,11,Skip
3,talk,36,3,3,Skip
3,talk,37,3,8,Skip
3,talk,38,3,14,VOTE Agent[07]
3,talk,39,3,12,Skip
3,talk,40,3,1,Over
3,talk,41,3,5,VOTE Agent[01]
3,talk,42,3,6,Skip
3,talk,43,3,10,Skip
3,talk,44,4,8,Over
3,talk,45,4,14,Skip
3,talk,46,4,11,Over
3,talk,47,4,6,Over
3,talk,48,4,3,Over
3,talk,49,4,10,Over
3,talk,50,4,7,VOTE Agent[01]
3,talk,51,4,12,Over
3,talk,52,4,5,VOTE Agent[01]
3,talk,53,4,4,Over
3,talk,54,4,1,Over
3,talk,55,5,12,Over
3,talk,56,5,7,VOTE Agent[01]
3,talk,57,5,6,Over
3,talk,58,5,3,Over
3,talk,59,5,11,Over
3,talk,60,5,14,Skip
3,talk,61,5,5,VOTE Agent[01]
3,talk,62,5,8,Over
3,talk,63,5,1,Over
3,talk,64,5,10,Over
3,talk,65,5,4,Over
3,talk,66,6,1,Over
3,talk,67,6,3,Over
3,talk,68,6,14,Over
3,talk,69,6,12,Over
3,talk,70,6,7,VOTE Agent[01]
3,talk,71,6,5,VOTE Agent[01]
3,talk,72,6,8,Over
3,talk,73,6,4,Over
3,talk,74,6,10,Over
3,talk,75,6,6,Over
3,talk,76,6,11,Over
3,talk,77,7,7,VOTE Agent[01]
3,talk,78,7,3,Over
3,talk,79,7,11,Over
3,talk,80,7,1,Over
3,talk,81,7,12,Over
3,talk,82,7,6,Over
3,talk,83,7,5,VOTE Agent[01]
3,talk,84,7,10,Over
3,talk,85,7,14,Over
3,talk,86,7,4,Over
3,talk,87,7,8,Over
3,talk,88,8,3,Over
3,talk,89,8,11,Over
3,talk,90,8,12,Over
3,talk,91,8,8,Over
3,talk,92,8,4,Over
3,talk,93,8,10,Over
3,talk,94,8,14,Over
3,talk,95,8,5,VOTE Agent[01]
3,talk,96,8,6,Over
3,talk,97,8,1,Over
3,talk,98,8,7,VOTE Agent[01]
3,talk,99,9,6,Over
3,talk,100,9,14,Over
3,talk,101,9,10,Over
3,talk,102,9,12,Over
3,talk,103,9,3,Over
3,talk,104,9,1,Over
3,talk,105,9,8,Over
3,talk,106,9,4,Over
3,talk,107,9,5,Over
3,talk,108,9,7,Over
3,talk,109,9,11,Over
3,vote,1,14
3,vote,3,14
3,vote,4,1
3,vote,5,1
3,vote,6,14
3,vote,7,1
3,vote,8,14
3,vote,10,14
3,vote,11,1
3,vote,12,10
3,vote,14,7
3,execute,14,SEER
3,whisper,0,0,3,Skip
3,whisper,1,0,10,Skip
3,whisper,2,1,3,Skip
3,whisper,3,1,10,Skip
3,whisper,4,2,3,Over
3,whisper,5,2,10,Over
3,attackVote,3,7
3,attackVote,10,5
3,attackVote,3,7
3,attackVote,10,5
3,attack,7,true
4,status,1,VILLAGER,ALIVE,Tomato1
4,status,2,MEDIUM,DEAD,TOKU12
4,status,3,WEREWOLF,ALIVE,TOKU7
4,status,4,VILLAGER,ALIVE,sample_py
4,status,5,VILLAGER,ALIVE,HALU
4,status,6,VILLAGER,ALIVE,Takeda3
4,status,7,POSSESSED,DEAD,HALU
4,status,8,VILLAGER,ALIVE,Takeda6
4,status,9,BODYGUARD,DEAD,SampleJava9
4,status,10,WEREWOLF,ALIVE,Takeda4
4,status,11,VILLAGER,ALIVE,SampleJava0
4,status,12,VILLAGER,ALIVE,SampleJava13
4,status,13,VILLAGER,DEAD,HALU
4,status,14,SEER,DEAD,sample_py
4,status,15,WEREWOLF,DEAD,SampleJava11
4,talk,0,0,3,VOTE Agent[04]
4,talk,1,0,11,VOTE Agent[12]
4,talk,2,0,12,VOTE Agent[04]
4,talk,3,0,6,VOTE Agent[10]
4,talk,4,0,1,VOTE Agent[11]
4,talk,5,0,4,VOTE Agent[01]
4,talk,6,0,8,VOTE Agent[10]
4,talk,7,0,5,VOTE Agent[01]
4,talk,8,0,10,VOTE Agent[04]
4,talk,9,1,8,Skip
4,talk,10,1,4,Skip
4,talk,11,1,12,REQUEST ANY (VOTE Agent[04])
4,talk,12,1,5,VOTE Agent[01]
4,talk,13,1,11,REQUEST ANY (VOTE Agent[12])
4,talk,14,1,6,Skip
4,talk,15,1,1,Skip
4,talk,16,1,10,VOTE Agent[06]
4,talk,17,1,3,VOTE Agent[06]
4,talk,18,2,4,Skip
4,talk,19,2,10,Skip
4,talk,20,2,1,Skip
4,talk,21,2,12,Skip
4,talk,22,2,6,Skip
4,talk,23,2,5,VOTE Agent[01]
4,talk,24,2,8,VOTE Agent[06]
4,talk,25,2,3,Skip
4,talk,26,2,11,Skip
4,talk,27,3,4,Over
4,talk,28,3,5,VOTE Agent[01]
4,talk,29,3,3,VOTE Agent[08]
4,talk,30,3,1,Over
4,talk,31,3,10,VOTE Agent[08]
4,talk,32,3,6,VOTE Agent[08]
4,talk,33,3,8,VOTE Agent[10]
4,talk,34,3,12,Skip
4,talk,35,3,11,Skip
4,talk,36,4,4,Over
4,talk,37,4,1,Over
4,talk,38,4,10,Skip
4,talk,39,4,8,Skip
4,talk,40,4,12,Over
4,talk,41,4,5,VOTE Agent[01]
4,talk,42,4,11,Over
4,talk,43,4,6,Skip
4,talk,44,4,3,Skip
4,talk,45,5,4,Over
4,talk,46,5,6,Skip
4,talk,47,5,1,Over
4,talk,48,5,10,Skip
4,talk,49,5,12,Over
4,talk,50,5,5,VOTE Agent[01]
4,talk,51,5,8,Skip
4,talk,52,5,11,Over
4,talk,53,5,3,Skip
4,talk,54,6,1,Over
4,talk,55,6,11,Over
4,talk,56,6,10,Over
4,talk,57,6,8,Over
4,talk,58,6,4,Over
4,talk,59,6,3,Over
4,talk,60,6,12,Over
4,talk,61,6,5,VOTE Agent[01]
4,talk,62,6,6,Over
4,talk,63,7,5,VOTE Agent[01]
4,talk,64,7,11,Over
4,talk,65,7,12,Over
4,talk,66,7,4,Over
4,talk,67,7,6,Over
4,talk,68,7,1,Over
4,talk,69,7,8,Over
4,talk,70,7,10,Over
4,talk,71,7,3,Over
4,talk,72,8,8,Over
4,talk,73,8,4,Over
4,talk,74,8,12,Over
4,talk,75,8,3,Over
4,talk,76,8,11,Over
4,talk,77,8,5,VOTE Agent[01]
4,talk,78,8,1,Over
4,talk,79,8,6,Over
4,talk,80,8,10,Over
4,talk,81,9,12,Over
4,talk,82,9,1,Over
4,talk,83,9,11,Over
4,talk,84,9,3,Over
4,talk,85,9,10,Over
4,talk,86,9,6,Over
4,talk,87,9,4,Over
4,talk,88,9,5,Over
4,talk,89,9,8,Over
4,vote,1,11
4,vote,3,8
4,vote,4,1
4,vote,5,1
4,vote,6,8
4,vote,8,10
4,vote,10,8
4,vote,11,4
4,vote,12,4
4,execute,8,VILLAGER
4,whisper,0,0,10,Skip
4,whisper,1,0,3,Skip
4,whisper,2,1,3,Skip
4,whisper,3,1,10,Skip
4,whisper,4,2,10,Over
4,whisper,5,2,3,Over
4,attackVote,3,5
4,attackVote,10,5
4,attack,5,true
5,status,1,VILLAGER,ALIVE,Tomato1
5,status,2,MEDIUM,DEAD,TOKU12
5,status,3,WEREWOLF,ALIVE,TOKU7
5,status,4,VILLAGER,ALIVE,sample_py
5,status,5,VILLAGER,DEAD,HALU
5,status,6,VILLAGER,ALIVE,Takeda3
5,status,7,POSSESSED,DEAD,HALU
5,status,8,VILLAGER,DEAD,Takeda6
5,status,9,BODYGUARD,DEAD,SampleJava9
5,status,10,WEREWOLF,ALIVE,Takeda4
5,status,11,VILLAGER,ALIVE,SampleJava0
5,status,12,VILLAGER,ALIVE,SampleJava13
5,status,13,VILLAGER,DEAD,HALU
5,status,14,SEER,DEAD,sample_py
5,status,15,WEREWOLF,DEAD,SampleJava11
5,talk,0,0,11,VOTE Agent[06]
5,talk,1,0,4,VOTE Agent[01]
5,talk,2,0,1,VOTE Agent[12]
5,talk,3,0,12,VOTE Agent[10]
5,talk,4,0,10,VOTE Agent[06]
5,talk,5,0,6,VOTE Agent[10]
5,talk,6,0,3,VOTE Agent[06]
5,talk,7,1,1,Skip
5,talk,8,1,11,REQUEST ANY (VOTE Agent[06])
5,talk,9,1,3,Skip
5,talk,10,1,10,Skip
5,talk,11,1,4,Skip
5,talk,12,1,6,Skip
5,talk,13,1,12,REQUEST ANY (VOTE Agent[10])
5,talk,14,2,10,Skip
5,talk,15,2,12,Skip
5,talk,16,2,4,Skip
5,talk,17,2,1,Skip
5,talk,18,2,11,Skip
5,talk,19,2,3,VOTE Agent[10]
5,talk,20,2,6,Skip
5,talk,21,3,3,Skip
5,talk,22,3,11,Skip
5,talk,23,3,4,Over
5,talk,24,3,6,Over
5,talk,25,3,10,Over
5,talk,26,3,1,Over
5,talk,27,3,12,Skip
5,talk,28,4,12,Over
5,talk,29,4,6,Over
5,talk,30,4,3,Skip
5,talk,31,4,1,Over
5,talk,32,4,4,Over
5,talk,33,4,10,Over
5,talk,34,4,11,Over
5,talk,35,5,11,Over
5,talk,36,5,3,Over
5,talk,37,5,10,Over
5,talk,38,5,12,Over
5,talk,39,5,4,Over
5,talk,40,5,6,Over
5,talk,41,5,1,Over
5,vote,1,12
5,vote,3,10
5,vote,4,1
5,vote,6,10
5,vote,10,6
5,vote,11,10
5,vote,12,6
5,execute,10,WEREWOLF
5,attackVote,3,6
5,attack,6,true
6,status,1,VILLAGER,ALIVE,Tomato1
6,status,2,MEDIUM,DEAD,TOKU12
6,status,3,WEREWOLF,ALIVE,TOKU7
6,status,4,VILLAGER,ALIVE,sample_py
6,status,5,VILLAGER,DEAD,HALU
6,status,6,VILLAGER,DEAD,Takeda3
6,status,7,POSSESSED,DEAD,HALU
6,status,8,VILLAGER,DEAD,Takeda6
6,status,9,BODYGUARD,DEAD,SampleJava9
6,status,10,WEREWOLF,DEAD,Takeda4
6,status,11,VILLAGER,ALIVE,SampleJava0
6,status,12,VILLAGER,ALIVE,SampleJava13
6,status,13,VILLAGER,DEAD,HALU
6,status,14,SEER,DEAD,sample_py
6,status,15,WEREWOLF,DEAD,SampleJava11
6,talk,0,0,4,VOTE Agent[01]
6,talk,1,0,1,VOTE Agent[12]
6,talk,2,0,3,VOTE Agent[04]
6,talk,3,0,12,VOTE Agent[01]
6,talk,4,0,11,VOTE Agent[04]
6,talk,5,1,3,VOTE Agent[11]
6,talk,6,1,4,Skip
6,talk,7,1,1,Skip
6,talk,8,1,12,REQUEST ANY (VOTE Agent[01])
6,talk,9,1,11,REQUEST ANY (VOTE Agent[04])
6,talk,10,2,3,Skip
6,talk,11,2,12,Skip
6,talk,12,2,4,Skip
6,talk,13,2,11,Skip
6,talk,14,2,1,Skip
6,talk,15,3,1,Over
6,talk,16,3,3,Skip
6,talk,17,3,11,Skip
6,talk,18,3,12,Skip
6,talk,19,3,4,Over
6,talk,20,4,1,Over
6,talk,21,4,4,Over
6,talk,22,4,3,Over
6,talk,23,4,11,Over
6,talk,24,4,12,Over
6,vote,1,12
6,vote,3,11
6,vote,4,1
6,vote,11,1
6,vote,12,4
6,execute,1,VILLAGER
6,attackVote,3,11
6,attack,11,true
7,status,1,VILLAGER,DEAD,Tomato1
7,status,2,MEDIUM,DEAD,TOKU12
7,status,3,WEREWOLF,ALIVE,TOKU7
7,status,4,VILLAGER,ALIVE,sample_py
7,status,5,VILLAGER,DEAD,HALU
7,status,6,VILLAGER,DEAD,Takeda3
7,status,7,POSSESSED,DEAD,HALU
7,status,8,VILLAGER,DEAD,Takeda6
7,status,9,BODYGUARD,DEAD,SampleJava9
7,status,10,WEREWOLF,DEAD,Takeda4
7,status,11,VILLAGER,DEAD,SampleJava0
7,status,12,VILLAGER,ALIVE,SampleJava13
7,status,13,VILLAGER,DEAD,HALU
7,status,14,SEER,DEAD,sample_py
7,status,15,WEREWOLF,DEAD,SampleJava11
7,talk,0,0,12,VOTE Agent[03]
7,talk,1,0,4,VOTE Agent[03]
7,talk,2,0,3,VOTE Agent[04]
7,talk,3,1,12,REQUEST ANY (VOTE Agent[03])
7,talk,4,1,4,Skip
7,talk,5,1,3,VOTE Agent[04]
7,talk,6,2,12,Skip
7,talk,7,2,3,VOTE Agent[04]
7,talk,8,2,4,Skip
7,talk,9,3,3,VOTE Agent[04]
7,talk,10,3,12,Skip
7,talk,11,3,4,Over
7,talk,12,4,12,Over
7,talk,13,4,4,Over
7,talk,14,4,3,VOTE Agent[04]
7,talk,15,5,3,VOTE Agent[04]
7,talk,16,5,4,Over
7,talk,17,5,12,Over
7,talk,18,6,3,VOTE Agent[04]
7,talk,19,6,12,Over
7,talk,20,6,4,Over
7,talk,21,7,4,Over
7,talk,22,7,3,VOTE Agent[04]
7,talk,23,7,12,Over
7,talk,24,8,4,Over
7,talk,25,8,12,Over
7,talk,26,8,3,VOTE Agent[04]
7,talk,27,9,12,Over
7,talk,28,9,3,VOTE Agent[04]
7,talk,29,9,4,Over
7,talk,30,10,4,Over
7,talk,31,10,3,Over
7,talk,32,10,12,Over
7,vote,3,4
7,vote,4,3
7,vote,12,3
7,execute,3,WEREWOLF
8,status,1,VILLAGER,DEAD,Tomato1
8,status,2,MEDIUM,DEAD,TOKU12
8,status,3,WEREWOLF,DEAD,TOKU7
8,status,4,VILLAGER,ALIVE,sample_py
8,status,5,VILLAGER,DEAD,HALU
8,status,6,VILLAGER,DEAD,Takeda3
8,status,7,POSSESSED,DEAD,HALU
8,status,8,VILLAGER,DEAD,Takeda6
8,status,9,BODYGUARD,DEAD,SampleJava9
8,status,10,WEREWOLF,DEAD,Takeda4
8,status,11,VILLAGER,DEAD,SampleJava0
8,status,12,VILLAGER,ALIVE,SampleJava13
8,status,13,VILLAGER,DEAD,HALU
8,status,14,SEER,DEAD,sample_py
8,status,15,WEREWOLF,DEAD,SampleJava11
8,result,2,0,VILLAGER
