0,status,1,MEDIUM,ALIVE,Tomato1
0,status,2,VILLAGER,ALIVE,TOKU12
0,status,3,WEREWOLF,ALIVE,TOKU7
0,status,4,VILLAGER,ALIVE,sample_py
0,status,5,VILLAGER,ALIVE,HALU
0,status,6,WEREWOLF,ALIVE,Takeda3
0,status,7,VILLAGER,ALIVE,HALU
0,status,8,BODYGUARD,ALIVE,Takeda6
0,status,9,POSSESSED,ALIVE,SampleJava9
0,status,10,SEER,ALIVE,Takeda4
0,status,11,VILLAGER,ALIVE,SampleJava0
0,status,12,WEREWOLF,ALIVE,SampleJava13
0,status,13,VILLAGER,ALIVE,HALU
0,status,14,VILLAGER,ALIVE,sample_py
0,status,15,VILLAGER,ALIVE,SampleJava11
0,whisper,0,0,3,Skip
0,whisper,1,0,12,COMINGOUT Agent[12] VILLAGER
0,whisper,2,0,6,Skip
0,whisper,3,1,12,Skip
0,whisper,4,1,3,Skip
0,whisper,5,1,6,Skip
0,whisper,6,2,6,Over
0,whisper,7,2,3,Over
0,whisper,8,2,12,Skip
0,whisper,9,3,6,Over
0,whisper,10,3,12,Over
0,whisper,11,3,3,Over
0,divine,10,1,HUMAN
1,status,1,MEDIUM,ALIVE,Tomato1
1,status,2,VILLAGER,ALIVE,TOKU12
1,status,3,WEREWOLF,ALIVE,TOKU7
1,status,4,VILLAGER,ALIVE,sample_py
1,status,5,VILLAGER,ALIVE,HALU
1,status,6,WEREWOLF,ALIVE,Takeda3
1,status,7,VILLAGER,ALIVE,HALU
1,status,8,BODYGUARD,ALIVE,Takeda6
1,status,9,POSSESSED,ALIVE,SampleJava9
1,status,10,SEER,ALIVE,Takeda4
1,status,11,VILLAGER,ALIVE,SampleJava0
1,status,12,WEREWOLF,ALIVE,SampleJava13
1,status,13,VILLAGER,ALIVE,HALU
1,status,14,VILLAGER,ALIVE,sample_py
1,status,15,VILLAGER,ALIVE,SampleJava11
1,talk,0,0,13,VOTE Agent[15]
1,talk,1,0,7,VOTE Agent[13]
1,talk,2,0,3,Skip
1,talk,3,0,1,COMINGOUT Agent[01] MEDIUM
1,talk,4,0,12,VOTE Agent[13]
1,talk,5,0,6,Skip
1,talk,6,0,9,VOTE Agent[10]
1,talk,7,0,2,VOTE Agent[13]
1,talk,8,0,14,VOTE Agent[03]
1,talk,9,0,8,VOTE Agent[13]
1,talk,10,0,11,VOTE Agent[15]
1,talk,11,0,10,COMINGOUT Agent[10] SEER
1,talk,12,0,15,VOTE Agent[05]
1,talk,13,0,5,VOTE Agent[11]
1,talk,14,0,4,VOTE Agent[08]
1,talk,15,1,4,Skip
1,talk,16,1,13,VOTE Agent[14]
1,talk,17,1,5,VOTE Agent[13]
1,talk,18,1,10,DIVINED Agent[01] HUMAN
1,talk,19,1,1,VOTE Agent[13]
1,talk,20,1,12,REQUEST ANY (VOTE Agent[13])
1,talk,21,1,8,VOTE Agent[03]
1,talk,22,1,6,VOTE Agent[07]
1,talk,23,1,9,REQUEST ANY (VOTE Agent[10])
1,talk,24,1,15,REQUEST ANY (VOTE Agent[05])
1,talk,25,1,3,VOTE Agent[13]
1,talk,26,1,7,VOTE Agent[05]
1,talk,27,1,14,Skip
1,talk,28,1,11,REQUEST ANY (VOTE Agent[15])
1,talk,29,1,2,Skip
1,talk,30,2,1,Skip
1,talk,31,2,14,Skip
1,talk,32,2,9,COMINGOUT Agent[09] SEER
1,talk,33,2,15,Skip
1,talk,34,2,13,VOTE Agent[05]
1,talk,35,2,2,VOTE Agent[09]
1,talk,36,2,7,VOTE Agent[05]
1,talk,37,2,6,VOTE Agent[13]
1,talk,38,2,4,Skip
1,talk,39,2,3,Skip
1,talk,40,2,8,Skip
1,talk,41,2,10,VOTE Agent[03]
1,talk,42,2,12,Skip
1,talk,43,2,5,VOTE Agent[02]
1,talk,44,2,11,Skip
1,talk,45,3,13,VOTE Agent[04]
1,talk,46,3,5,VOTE Agent[06]
1,talk,47,3,15,Skip
1,talk,48,3,7,VOTE Agent[13]
1,talk,49,3,9,DAY 1 (DIVINED Agent[10] WEREWOLF)
1,talk,50,3,2,VOTE Agent[03]
1,talk,51,3,8,Skip
1,talk,52,3,6,VOTE Agent[03]
1,talk,53,3,12,Skip
1,talk,54,3,14,Over
1,talk,55,3,1,VOTE Agent[10]
1,talk,56,3,3,VOTE Agent[14]
1,talk,57,3,10,VOTE Agent[03]
1,talk,58,3,11,Skip
1,talk,59,3,4,Over
1,talk,60,4,12,Over
1,talk,61,4,1,Skip
1,talk,62,4,15,Over
1,talk,63,4,6,Skip
1,talk,64,4,9,DIVINED Agent[10] WEREWOLF
1,talk,65,4,7,VOTE Agent[13]
1,talk,66,4,4,VOTE Agent[10]
1,talk,67,4,5,VOTE Agent[03]
1,talk,68,4,11,Over
1,talk,69,4,14,VOTE Agent[10]
1,talk,70,4,2,Skip
1,talk,71,4,3,Skip
1,talk,72,4,13,VOTE Agent[03]
1,talk,73,4,10,VOTE Agent[03]
1,talk,74,4,8,Over
1,talk,75,5,14,Skip
1,talk,76,5,6,Skip
1,talk,77,5,15,Over
1,talk,78,5,3,Skip
1,talk,79,5,7,VOTE Agent[11]
1,talk,80,5,1,Skip
1,talk,81,5,9,Skip
1,talk,82,5,2,Skip
1,talk,83,5,11,Over
1,talk,84,5,10,VOTE Agent[03]
1,talk,85,5,13,VOTE Agent[07]
1,talk,86,5,12,Over
1,talk,87,5,5,VOTE Agent[13]
1,talk,88,5,8,Over
1,talk,89,5,4,Skip
1,talk,90,6,15,Over
1,talk,91,6,13,VOTE Agent[07]
1,talk,92,6,4,Skip
1,talk,93,6,6,Over
1,talk,94,6,12,Over
1,talk,95,6,9,Skip
1,talk,96,6,1,Over
1,talk,97,6,5,VOTE Agent[03]
1,talk,98,6,14,Skip
1,talk,99,6,10,VOTE Agent[03]
1,talk,100,6,11,Over
1,talk,101,6,8,Over
1,talk,102,6,7,VOTE Agent[02]
1,talk,103,6,3,Over
1,talk,104,6,2,Over
1,talk,105,7,12,Over
1,talk,106,7,6,Over
1,talk,107,7,11,Over
1,talk,108,7,2,Over
1,talk,109,7,7,VOTE Agent[02]
1,talk,110,7,10,VOTE Agent[03]
1,talk,111,7,8,Over
1,talk,112,7,1,Over
1,talk,113,7,5,VOTE Agent[13]
1,talk,114,7,4,Over
1,talk,115,7,9,Over
1,talk,116,7,13,VOTE Agent[11]
1,talk,117,7,14,Over
1,talk,118,7,3,Over
1,talk,119,7,15,Over
1,talk,120,8,13,VOTE Agent[03]
1,talk,121,8,15,Over
1,talk,122,8,7,VOTE Agent[05]
1,talk,123,8,2,Over
1,talk,124,8,11,Over
1,talk,125,8,6,Over
1,talk,126,8,5,VOTE Agent[02]
1,talk,127,8,14,Over
1,talk,128,8,9,Over
1,talk,129,8,4,Over
1,talk,130,8,12,Over
1,talk,131,8,8,Over
1,talk,132,8,3,Over
1,talk,133,8,10,VOTE Agent[03]
1,talk,134,8,1,Over
1,talk,135,9,13,Over
1,talk,136,9,1,Over
1,talk,137,9,15,Over
1,talk,138,9,7,Over
1,talk,139,9,3,Over
1,talk,140,9,9,Over
1,talk,141,9,6,Over
1,talk,142,9,12,Over
1,talk,143,9,8,Over
1,talk,144,9,14,Over
1,talk,145,9,2,Over
1,talk,146,9,10,VOTE Agent[03]
1,talk,147,9,11,Over
1,talk,148,9,4,Over
1,talk,149,9,5,Over
1,talk,150,10,10,Over
1,talk,151,10,14,Over
1,talk,152,10,4,Over
1,talk,153,10,12,Over
1,talk,154,10,9,Over
1,talk,155,10,15,Over
1,talk,156,10,2,Over
1,talk,157,10,13,Over
1,talk,158,10,11,Over
1,talk,159,10,3,Over
1,talk,160,10,1,Over
1,talk,161,10,6,Over
1,talk,162,10,5,Over
1,talk,163,10,7,Over
1,talk,164,10,8,Over
1,vote,1,10
1,vote,2,3
1,vote,3,6
1,vote,4,10
1,vote,5,11
1,vote,6,3
1,vote,7,13
1,vote,8,3
1,vote,9,10
1,vote,10,3
1,vote,11,10
1,vote,12,13
1,vote,13,3
1,vote,14,10
1,vote,15,13
1,vote,1,10
1,vote,2,3
1,vote,3,6
1,vote,4,10
1,vote,5,2
1,vote,6,3
1,vote,7,13
1,vote,8,3
1,vote,9,3
1,vote,10,3
1,vote,11,3
1,vote,12,3
1,vote,13,3
1,vote,14,10
1,vote,15,3
1,execute,3,WEREWOLF
1,divine,10,6,WEREWOLF
1,whisper,0,0,12,BECAUSE (AND (NOT (COMINGOUT Agent[09] WEREWOLF)) (NOT (COMINGOUT Agent[10] WEREWOLF)) (DAY 1 (Agent[09] DIVINED Agent[10] WEREWOLF))) (ESTIMATE Agent[09] POSSESSED)
1,whisper,1,0,6,Skip
1,whisper,2,1,6,Skip
1,whisper,3,1,12,ATTACK Agent[01]
1,whisper,4,2,6,Over
1,whisper,5,2,12,Skip
1,whisper,6,3,6,Over
1,whisper,7,3,12,Skip
1,whisper,8,4,12,Over
1,whisper,9,4,6,Over
1,guard,8,10,SEER
1,attackVote,6,10
1,attackVote,12,1
1,attackVote,6,10
1,attackVote,12,1
1,attack,10,false
2,status,1,MEDIUM,ALIVE,Tomato1
2,status,2,VILLAGER,ALIVE,TOKU12
2,status,3,WEREWOLF,DEAD,TOKU7
2,status,4,VILLAGER,ALIVE,sample_py
2,status,5,VILLAGER,ALIVE,HALU
2,status,6,WEREWOLF,ALIVE,Takeda3
2,status,7,VILLAGER,ALIVE,HALU
2,status,8,BODYGUARD,ALIVE,Takeda6
2,status,9,POSSESSED,ALIVE,SampleJava9
2,status,10,SEER,ALIVE,Takeda4
2,status,11,VILLAGER,ALIVE,SampleJava0
2,status,12,WEREWOLF,ALIVE,SampleJava13
2,status,13,VILLAGER,ALIVE,HALU
2,status,14,VILLAGER,ALIVE,sample_py
2,status,15,VILLAGER,ALIVE,SampleJava11
2,talk,0,0,1,IDENTIFIED Agent[03] WEREWOLF
2,talk,1,0,10,DIVINED Agent[06] WEREWOLF
2,talk,2,0,15,VOTE Agent[10]
2,talk,3,0,11,VOTE Agent[13]
2,talk,4,0,5,VOTE Agent[06]
2,talk,5,0,7,VOTE Agent[06]
2,talk,6,0,8,VOTE Agent[06]
2,talk,7,0,13,VOTE Agent[06]
2,talk,8,0,14,VOTE Agent[06]
2,talk,9,0,9,DAY 2 (DIVINED Agent[07] HUMAN)
2,talk,10,0,2,VOTE Agent[06]
2,talk,11,0,4,VOTE Agent[06]
2,talk,12,0,6,VOTE Agent[14]
2,talk,13,0,12,VOTE Agent[13]
2,talk,14,1,15,REQUEST ANY (VOTE Agent[10])
2,talk,15,1,1,VOTE Agent[10]
2,talk,16,1,9,DIVINED Agent[07] HUMAN
2,talk,17,1,4,Skip
2,talk,18,1,8,Skip
2,talk,19,1,14,Skip
2,talk,20,1,2,Skip
2,talk,21,1,11,REQUEST ANY (VOTE Agent[13])
2,talk,22,1,5,VOTE Agent[06]
2,talk,23,1,13,VOTE Agent[06]
2,talk,24,1,10,VOTE Agent[06]
2,talk,25,1,7,VOTE Agent[06]
2,talk,26,1,12,REQUEST ANY (VOTE Agent[13])
2,talk,27,1,6,VOTE Agent[14]
2,talk,28,2,15,Skip
2,talk,29,2,1,Skip
2,talk,30,2,4,Skip
2,talk,31,2,12,Skip
2,talk,32,2,14,Skip
2,talk,33,2,5,VOTE Agent[06]
2,talk,34,2,9,BECAUSE (DAY 1 (DIVINED Agent[10] WEREWOLF)) (AND (VOTE Agent[10]) (REQUEST ANY (VOTE Agent[10])))
2,talk,35,2,6,VOTE Agent[14]
2,talk,36,2,7,VOTE Agent[06]
2,talk,37,2,8,Skip
2,talk,38,2,2,Skip
2,talk,39,2,10,VOTE Agent[06]
2,talk,40,2,13,VOTE Agent[06]
2,talk,41,2,11,Skip
2,talk,42,3,10,VOTE Agent[06]
2,talk,43,3,14,Over
2,talk,44,3,8,Over
2,talk,45,3,2,Over
2,talk,46,3,13,VOTE Agent[06]
2,talk,47,3,4,Over
2,talk,48,3,15,Skip
2,talk,49,3,12,Skip
2,talk,50,3,6,VOTE Agent[14]
2,talk,51,3,11,Skip
2,talk,52,3,9,VOTE Agent[10]
2,talk,53,3,7,VOTE Agent[06]
2,talk,54,3,5,VOTE Agent[06]
2,talk,55,3,1,Skip
2,talk,56,4,2,Over
2,talk,57,4,11,Over
2,talk,58,4,6,VOTE Agent[14]
2,talk,59,4,13,VOTE Agent[06]
2,talk,60,4,12,Over
2,talk,61,4,15,Over
2,talk,62,4,4,Over
2,talk,63,4,14,Over
2,talk,64,4,8,Over
2,talk,65,4,5,VOTE Agent[06]
2,talk,66,4,9,REQUEST ANY (VOTE Agent[10])
2,talk,67,4,7,VOTE Agent[06]
2,talk,68,4,1,Over
2,talk,69,4,10,VOTE Agent[06]
2,talk,70,5,1,Over
2,talk,71,5,14,Over
2,talk,72,5,11,Over
2,talk,73,5,5,VOTE Agent[06]
2,talk,74,5,8,Over
2,talk,75,5,12,Over
2,talk,76,5,6,VOTE Agent[14]
2,talk,77,5,15,Over
2,talk,78,5,13,VOTE Agent[06]
2,talk,79,5,10,VOTE Agent[06]
2,talk,80,5,4,Over
2,talk,81,5,7,VOTE Agent[06]
2,talk,82,5,2,Over
2,talk,83,5,9,Skip
2,talk,84,6,8,Over
2,talk,85,6,13,VOTE Agent[06]
2,talk,86,6,15,Over
2,talk,87,6,14,Over
2,talk,88,6,7,VOTE Agent[06]
2,talk,89,6,9,Skip
2,talk,90,6,5,VOTE Agent[06]
2,talk,91,6,6,VOTE Agent[14]
2,talk,92,6,1,Over
2,talk,93,6,4,Over
2,talk,94,6,11,Over
2,talk,95,6,2,Over
2,talk,96,6,12,Over
2,talk,97,6,10,VOTE Agent[06]
2,talk,98,7,14,Over
2,talk,99,7,11,Over
2,talk,100,7,4,Over
2,talk,101,7,2,Over
2,talk,102,7,5,VOTE Agent[06]
2,talk,103,7,1,Over
2,talk,104,7,9,Over
2,talk,105,7,6,VOTE Agent[14]
2,talk,106,7,13,VOTE Agent[06]
2,talk,107,7,7,VOTE Agent[06]
2,talk,108,7,10,VOTE Agent[06]
2,talk,109,7,12,Over
2,talk,110,7,8,Over
2,talk,111,7,15,Over
2,talk,112,8,1,Over
2,talk,113,8,13,VOTE Agent[06]
2,talk,114,8,6,VOTE Agent[14]
2,talk,115,8,7,VOTE Agent[06]
2,talk,116,8,4,Over
2,talk,117,8,14,Over
2,talk,118,8,12,Over
2,talk,119,8,8,Over
2,talk,120,8,2,Over
2,talk,121,8,10,VOTE Agent[06]
2,talk,122,8,15,Over
2,talk,123,8,11,Over
2,talk,124,8,5,VOTE Agent[06]
2,talk,125,8,9,Over
2,talk,126,9,6,VOTE Agent[14]
2,talk,127,9,10,VOTE Agent[06]
2,talk,128,9,1,Over
2,talk,129,9,2,Over
2,talk,130,9,9,Over
2,talk,131,9,5,Over
2,talk,132,9,4,Over
2,talk,133,9,13,Over
2,talk,134,9,7,Over
2,talk,135,9,14,Over
2,talk,136,9,11,Over
2,talk,137,9,8,Over
2,talk,138,9,15,Over
2,talk,139,9,12,Over
2,talk,140,10,8,Over
2,talk,141,10,10,Over
2,talk,142,10,2,Over
2,talk,143,10,4,Over
2,talk,144,10,15,Over
2,talk,145,10,6,Over
2,talk,146,10,1,Over
2,talk,147,10,11,Over
2,talk,148,10,13,Over
2,talk,149,10,5,Over
2,talk,150,10,14,Over
2,talk,151,10,12,Over
2,talk,152,10,9,Over
2,talk,153,10,7,Over
2,vote,1,10
2,vote,2,6
2,vote,4,6
2,vote,5,6
2,vote,6,14
2,vote,7,6
2,vote,8,6
2,vote,9,10
2,vote,10,6
2,vote,11,10
2,vote,12,13
2,vote,13,6
2,vote,14,6
2,vote,15,13
2,execute,6,WEREWOLF
2,divine,10,7,HUMAN
2,guard,8,10,SEER
2,attackVote,12,1
2,attack,1,true
3,status,1,MEDIUM,DEAD,Tomato1
3,status,2,VILLAGER,ALIVE,TOKU12
3,status,3,WEREWOLF,DEAD,TOKU7
3,status,4,VILLAGER,ALIVE,sample_py
3,status,5,VILLAGER,ALIVE,HALU
3,status,6,WEREWOLF,DEAD,Takeda3
3,status,7,VILLAGER,ALIVE,HALU
3,status,8,BODYGUARD,ALIVE,Takeda6
3,status,9,POSSESSED,ALIVE,SampleJava9
3,status,10,SEER,ALIVE,Takeda4
3,status,11,VILLAGER,ALIVE,SampleJava0
3,status,12,WEREWOLF,ALIVE,SampleJava13
3,status,13,VILLAGER,ALIVE,HALU
3,status,14,VILLAGER,ALIVE,sample_py
3,status,15,VILLAGER,ALIVE,SampleJava11
3,talk,0,0,12,VOTE Agent[13]
3,talk,1,0,4,VOTE Agent[10]
3,talk,2,0,9,DAY 3 (DIVINED Agent[13] HUMAN)
3,talk,3,0,2,VOTE Agent[07]
3,talk,4,0,7,VOTE Agent[04]
3,talk,5,0,11,VOTE Agent[09]
3,talk,6,0,14,VOTE Agent[10]
3,talk,7,0,10,DIVINED Agent[07] HUMAN
3,talk,8,0,13,VOTE Agent[11]
3,talk,9,0,8,VOTE Agent[07]
3,talk,10,0,5,VOTE Agent[14]
3,talk,11,0,15,VOTE Agent[07]
3,talk,12,1,11,REQUEST ANY (VOTE Agent[09])
3,talk,13,1,13,VOTE Agent[11]
3,talk,14,1,8,VOTE Agent[02]
3,talk,15,1,10,VOTE Agent[02]
3,talk,16,1,9,DIVINED Agent[13] HUMAN
3,talk,17,1,5,VOTE Agent[11]
3,talk,18,1,14,Skip
3,talk,19,1,2,VOTE Agent[15]
3,talk,20,1,12,REQUEST ANY (VOTE Agent[13])
3,talk,21,1,15,REQUEST ANY (VOTE Agent[07])
3,talk,22,1,4,Skip
3,talk,23,1,7,VOTE Agent[02]
3,talk,24,2,14,Skip
3,talk,25,2,8,Skip
3,talk,26,2,4,Skip
3,talk,27,2,11,Skip
3,talk,28,2,15,Skip
3,talk,29,2,10,VOTE Agent[02]
3,talk,30,2,9,BECAUSE (DAY 1 (DIVINED Agent[10] WEREWOLF)) (AND (VOTE Agent[10]) (REQUEST ANY (VOTE Agent[10])))
3,talk,31,2,2,Skip
3,talk,32,2,5,VOTE Agent[11]
3,talk,33,2,12,Skip
3,talk,34,2,7,VOTE Agent[02]
3,talk,35,2,13,VOTE Agent[15]
3,talk,36,3,10,VOTE Agent[02]
3,talk,37,3,13,VOTE Agent[11]
3,talk,38,3,15,Skip
3,talk,39,3,14,Over
3,talk,40,3,12,Skip
3,talk,41,3,11,Skip
3,talk,42,3,2,VOTE Agent[13]
3,talk,43,3,7,VOTE Agent[05]
3,talk,44,3,8,Skip
3,talk,45,3,9,VOTE Agent[10]
3,talk,46,3,5,VOTE Agent[02]
3,talk,47,3,4,Over
3,talk,48,4,8,Over
3,talk,49,4,7,VOTE Agent[11]
3,talk,50,4,15,Over
3,talk,51,4,13,VOTE Agent[15]
3,talk,52,4,10,VOTE Agent[02]
3,talk,53,4,9,REQUEST ANY (VOTE Agent[10])
3,talk,54,4,11,Over
3,talk,55,4,2,VOTE Agent[15]
3,talk,56,4,14,Over
3,talk,57,4,4,Over
3,talk,58,4,12,Over
3,talk,59,4,5,VOTE Agent[11]
3,talk,60,5,2,Skip
3,talk,61,5,4,Over
3,talk,62,5,11,Over
3,talk,63,5,7,VOTE Agent[05]
3,talk,64,5,14,Over
3,talk,65,5,5,VOTE Agent[15]
3,talk,66,5,12,Over
3,talk,67,5,15,Over
3,talk,68,5,8,Over
3,talk,69,5,9,Skip
3,talk,70,5,10,VOTE Agent[02]
3,talk,71,5,13,VOTE Agent[11]
3,talk,72,6,13,VOTE Agent[15]
3,talk,73,6,10,VOTE Agent[02]
3,talk,74,6,5,VOTE Agent[15]
3,talk,75,6,9,Skip
3,talk,76,6,15,Over
3,talk,77,6,7,VOTE Agent[02]
3,talk,78,6,2,Skip
3,talk,79,6,8,Over
3,talk,80,6,12,Over
3,talk,81,6,11,Over
3,talk,82,6,4,Over
3,talk,83,6,14,Over
3,talk,84,7,13,VOTE Agent[15]
3,talk,85,7,8,Over
3,talk,86,7,5,VOTE Agent[02]
3,talk,87,7,2,Over
3,talk,88,7,7,VOTE Agent[11]
3,talk,89,7,4,Over
3,talk,90,7,11,Over
3,talk,91,7,12,Over
3,talk,92,7,14,Over
3,talk,93,7,15,Over
3,talk,94,7,10,VOTE Agent[02]
3,talk,95,7,9,Over
3,talk,96,8,12,Over
3,talk,97,8,8,Over
3,talk,98,8,2,Over
3,talk,99,8,14,Over
3,talk,100,8,13,VOTE Agent[11]
3,talk,101,8,5,VOTE Agent[15]
3,talk,102,8,9,Over
3,talk,103,8,4,Over
3,talk,104,8,10,VOTE Agent[02]
3,talk,105,8,15,Over
3,talk,106,8,11,Over
3,talk,107,8,7,VOTE Agent[02]
3,talk,108,9,4,Over
3,talk,109,9,12,Over
3,talk,110,9,9,Over
3,talk,111,9,2,Over
3,talk,112,9,7,Over
3,talk,113,9,14,Over
3,talk,114,9,8,Over
3,talk,115,9,13,Over
3,talk,116,9,15,Over
3,talk,117,9,11,Over
3,talk,118,9,5,Over
3,talk,119,9,10,VOTE Agent[02]
3,talk,120,10,8,Over
3,talk,121,10,15,Over
3,talk,122,10,14,Over
3,talk,123,10,9,Over
3,talk,124,10,4,Over
3,talk,125,10,2,Over
3,talk,126,10,11,Over
3,talk,127,10,7,Over
3,talk,128,10,5,Over
3,talk,129,10,13,Over
3,talk,130,10,10,Over
3,talk,131,10,12,Over
3,vote,2,15
3,vote,4,10
3,vote,5,11
3,vote,7,2
3,vote,8,2
3,vote,9,10
3,vote,10,2
3,vote,11,7
3,vote,12,13
3,vote,13,15
3,vote,14,10
3,vote,15,13
3,vote,2,15
3,vote,4,10
3,vote,5,11
3,vote,7,2
3,vote,8,2
3,vote,9,2
3,vote,10,2
3,vote,11,2
3,vote,12,2
3,vote,13,15
3,vote,14,10
3,vote,15,2
3,execute,2,VILLAGER
3,divine,10,15,HUMAN
3,guard,8,10,SEER
3,attackVote,12,10
3,attack,10,false
4,status,1,MEDIUM,DEAD,Tomato1
4,status,2,VILLAGER,DEAD,TOKU12
4,status,3,WEREWOLF,DEAD,TOKU7
4,status,4,VILLAGER,ALIVE,sample_py
4,status,5,VILLAGER,ALIVE,HALU
4,status,6,WEREWOLF,DEAD,Takeda3
4,status,7,VILLAGER,ALIVE,HALU
4,status,8,BODYGUARD,ALIVE,Takeda6
4,status,9,POSSESSED,ALIVE,SampleJava9
4,status,10,SEER,ALIVE,Takeda4
4,status,11,VILLAGER,ALIVE,SampleJava0
4,status,12,WEREWOLF,ALIVE,SampleJava13
4,status,13,VILLAGER,ALIVE,HALU
4,status,14,VILLAGER,ALIVE,sample_py
4,status,15,VILLAGER,ALIVE,SampleJava11
4,talk,0,0,11,VOTE Agent[07]
4,talk,1,0,5,VOTE Agent[11]
4,talk,2,0,7,VOTE Agent[05]
4,talk,3,0,8,VOTE Agent[15]
4,talk,4,0,15,VOTE Agent[07]
4,talk,5,0,10,DIVINED Agent[15] HUMAN
4,talk,6,0,14,VOTE Agent[10]
4,talk,7,0,12,VOTE Agent[13]
4,talk,8,0,4,VOTE Agent[10]
4,talk,9,0,13,VOTE Agent[05]
4,talk,10,0,9,DAY 4 (DIVINED Agent[04] HUMAN)
4,talk,11,1,9,DIVINED Agent[04] HUMAN
4,talk,12,1,13,VOTE Agent[08]
4,talk,13,1,7,VOTE Agent[05]
4,talk,14,1,15,REQUEST ANY (VOTE Agent[07])
4,talk,15,1,4,Skip
4,talk,16,1,8,VOTE Agent[13]
4,talk,17,1,14,Skip
4,talk,18,1,12,REQUEST ANY (VOTE Agent[13])
4,talk,19,1,10,VOTE Agent[13]
4,talk,20,1,5,VOTE Agent[08]
4,talk,21,1,11,REQUEST ANY (VOTE Agent[07])
4,talk,22,2,12,Skip
4,talk,23,2,7,VOTE Agent[08]
4,talk,24,2,14,Skip
4,talk,25,2,10,VOTE Agent[13]
4,talk,26,2,11,Skip
4,talk,27,2,9,BECAUSE (DAY 1 (DIVINED Agent[10] WEREWOLF)) (AND (VOTE Agent[10]) (REQUEST ANY (VOTE Agent[10])))
4,talk,28,2,4,Skip
4,talk,29,2,5,VOTE Agent[11]
4,talk,30,2,8,Skip
4,talk,31,2,15,Skip
4,talk,32,2,13,VOTE Agent[05]
4,talk,33,3,15,Skip
4,talk,34,3,7,VOTE Agent[05]
4,talk,35,3,10,VOTE Agent[13]
4,talk,36,3,11,Skip
4,talk,37,3,13,VOTE Agent[05]
4,talk,38,3,8,Skip
4,talk,39,3,5,VOTE Agent[11]
4,talk,40,3,9,VOTE Agent[10]
4,talk,41,3,4,Over
4,talk,42,3,14,Over
4,talk,43,3,12,Skip
4,talk,44,4,13,VOTE Agent[08]
4,talk,45,4,5,VOTE Agent[11]
4,talk,46,4,7,VOTE Agent[08]
4,talk,47,4,10,VOTE Agent[13]
4,talk,48,4,4,Over
4,talk,49,4,8,Over
4,talk,50,4,14,Over
4,talk,51,4,12,Over
4,talk,52,4,11,Over
4,talk,53,4,15,Over
4,talk,54,4,9,REQUEST ANY (VOTE Agent[10])
4,talk,55,5,5,VOTE Agent[11]
4,talk,56,5,8,Over
4,talk,57,5,4,Over
4,talk,58,5,9,Skip
4,talk,59,5,13,VOTE Agent[11]
4,talk,60,5,10,VOTE Agent[13]
4,talk,61,5,15,Over
4,talk,62,5,12,Over
4,talk,63,5,11,Over
4,talk,64,5,7,VOTE Agent[08]
4,talk,65,5,14,Over
4,talk,66,6,7,VOTE Agent[08]
4,talk,67,6,5,VOTE Agent[08]
4,talk,68,6,13,VOTE Agent[05]
4,talk,69,6,4,Over
4,talk,70,6,14,Over
4,talk,71,6,12,Over
4,talk,72,6,8,Over
4,talk,73,6,15,Over
4,talk,74,6,11,Over
4,talk,75,6,9,Skip
4,talk,76,6,10,VOTE Agent[13]
4,talk,77,7,10,VOTE Agent[13]
4,talk,78,7,15,Over
4,talk,79,7,4,Over
4,talk,80,7,11,Over
4,talk,81,7,13,VOTE Agent[11]
4,talk,82,7,14,Over
4,talk,83,7,9,Over
4,talk,84,7,12,Over
4,talk,85,7,7,VOTE Agent[08]
4,talk,86,7,5,VOTE Agent[11]
4,talk,87,7,8,Over
4,talk,88,8,14,Over
4,talk,89,8,10,VOTE Agent[13]
4,talk,90,8,4,Over
4,talk,91,8,12,Over
4,talk,92,8,15,Over
4,talk,93,8,7,VOTE Agent[05]
4,talk,94,8,8,Over
4,talk,95,8,9,Over
4,talk,96,8,5,VOTE Agent[11]
4,talk,97,8,13,VOTE Agent[08]
4,talk,98,8,11,Over
4,talk,99,9,12,Over
4,talk,100,9,4,Over
4,talk,101,9,14,Over
4,talk,102,9,10,VOTE Agent[13]
4,talk,103,9,8,Over
4,talk,104,9,15,Over
4,talk,105,9,9,Over
4,talk,106,9,13,Over
4,talk,107,9,7,Over
4,talk,108,9,11,Over
4,talk,109,9,5,Over
4,talk,110,10,13,Over
4,talk,111,10,12,Over
4,talk,112,10,15,Over
4,talk,113,10,7,Over
4,talk,114,10,4,Over
4,talk,115,10,10,Over
4,talk,116,10,14,Over
4,talk,117,10,5,Over
4,talk,118,10,8,Over
4,talk,119,10,9,Over
4,talk,120,10,11,Over
4,vote,4,10
4,vote,5,11
4,vote,7,8
4,vote,8,13
4,vote,9,10
4,vote,10,13
4,vote,11,10
4,vote,12,13
4,vote,13,11
4,vote,14,10
4,vote,15,7
4,execute,10,SEER
4,guard,8,10,SEER
4,attackVote,12,13
4,attack,13,true
5,status,1,MEDIUM,DEAD,Tomato1
5,status,2,VILLAGER,DEAD,TOKU12
5,status,3,WEREWOLF,DEAD,TOKU7
5,status,4,VILLAGER,ALIVE,sample_py
5,status,5,VILLAGER,ALIVE,HALU
5,status,6,WEREWOLF,DEAD,Takeda3
5,status,7,VILLAGER,ALIVE,HALU
5,status,8,BODYGUARD,ALIVE,Takeda6
5,status,9,POSSESSED,ALIVE,SampleJava9
5,status,10,SEER,DEAD,Takeda4
5,status,11,VILLAGER,ALIVE,SampleJava0
5,status,12,WEREWOLF,ALIVE,SampleJava13
5,status,13,VILLAGER,DEAD,HALU
5,status,14,VILLAGER,ALIVE,sample_py
5,status,15,VILLAGER,ALIVE,SampleJava11
5,talk,0,0,14,VOTE Agent[07]
5,talk,1,0,9,DAY 5 (DIVINED Agent[12] HUMAN)
5,talk,2,0,11,VOTE Agent[07]
5,talk,3,0,7,VOTE Agent[08]
5,talk,4,0,4,VOTE Agent[05]
5,talk,5,0,12,VOTE Agent[13]
5,talk,6,0,15,VOTE Agent[11]
5,talk,7,0,5,VOTE Agent[11]
5,talk,8,0,8,VOTE Agent[05]
5,talk,9,1,8,Skip
5,talk,10,1,5,VOTE Agent[11]
5,talk,11,1,11,REQUEST ANY (VOTE Agent[07])
5,talk,12,1,15,REQUEST ANY (VOTE Agent[11])
5,talk,13,1,12,REQUEST ANY (VOTE Agent[13])
5,talk,14,1,14,Skip
5,talk,15,1,7,VOTE Agent[08]
5,talk,16,1,9,DIVINED Agent[12] HUMAN
5,talk,17,1,4,Skip
5,talk,18,2,8,Skip
5,talk,19,2,7,VOTE Agent[08]
5,talk,20,2,9,VOTE Agent[11]
5,talk,21,2,4,Skip
5,talk,22,2,14,Skip
5,talk,23,2,5,VOTE Agent[11]
5,talk,24,2,12,Skip
5,talk,25,2,11,Skip
5,talk,26,2,15,Skip
5,talk,27,3,15,Skip
5,talk,28,3,12,Skip
5,talk,29,3,9,REQUEST ANY (VOTE Agent[11])
5,talk,30,3,11,Skip
5,talk,31,3,4,Over
5,talk,32,3,8,Over
5,talk,33,3,7,VOTE Agent[08]
5,talk,34,3,5,VOTE Agent[11]
5,talk,35,3,14,Over
5,talk,36,4,9,Skip
5,talk,37,4,4,Over
5,talk,38,4,15,Over
5,talk,39,4,7,VOTE Agent[05]
5,talk,40,4,12,Over
5,talk,41,4,11,Over
5,talk,42,4,5,VOTE Agent[11]
5,talk,43,4,14,Over
5,talk,44,4,8,Over
5,talk,45,5,9,Skip
5,talk,46,5,12,Over
5,talk,47,5,11,Over
5,talk,48,5,7,VOTE Agent[05]
5,talk,49,5,5,VOTE Agent[11]
5,talk,50,5,14,Over
5,talk,51,5,15,Over
5,talk,52,5,8,Over
5,talk,53,5,4,Over
5,talk,54,6,8,Over
5,talk,55,6,12,Over
5,talk,56,6,15,Over
5,talk,57,6,7,VOTE Agent[05]
5,talk,58,6,4,Over
5,talk,59,6,5,VOTE Agent[11]
5,talk,60,6,14,Over
5,talk,61,6,9,Over
5,talk,62,6,11,Over
5,talk,63,7,11,Over
5,talk,64,7,8,Over
5,talk,65,7,15,Over
5,talk,66,7,7,VOTE Agent[05]
5,talk,67,7,9,Over
5,talk,68,7,5,VOTE Agent[11]
5,talk,69,7,12,Over
5,talk,70,7,14,Over
5,talk,71,7,4,Over
5,talk,72,8,12,Over
5,talk,73,8,14,Over
5,talk,74,8,8,Over
5,talk,75,8,7,VOTE Agent[05]
5,talk,76,8,5,VOTE Agent[11]
5,talk,77,8,9,Over
5,talk,78,8,15,Over
5,talk,79,8,11,Over
5,talk,80,8,4,Over
5,talk,81,9,12,Over
5,talk,82,9,8,Over
5,talk,83,9,7,Over
5,talk,84,9,14,Over
5,talk,85,9,9,Over
5,talk,86,9,5,Over
5,talk,87,9,11,Over
5,talk,88,9,4,Over
5,talk,89,9,15,Over
5,vote,4,5
5,vote,5,11
5,vote,7,5
5,vote,8,5
5,vote,9,15
5,vote,11,15
5,vote,12,7
5,vote,14,7
5,vote,15,11
5,execute,5,VILLAGER
5,guard,8,15,VILLAGER
5,attackVote,12,11
5,attack,11,true
6,status,1,MEDIUM,DEAD,Tomato1
6,status,2,VILLAGER,DEAD,TOKU12
6,status,3,WEREWOLF,DEAD,TOKU7
6,status,4,VILLAGER,ALIVE,sample_py
6,status,5,VILLAGER,DEAD,HALU
6,status,6,WEREWOLF,DEAD,Takeda3
6,status,7,VILLAGER,ALIVE,HALU
6,status,8,BODYGUARD,ALIVE,Takeda6
6,status,9,POSSESSED,ALIVE,SampleJava9
6,status,10,SEER,DEAD,Takeda4
6,status,11,VILLAGER,DEAD,SampleJava0
6,status,12,WEREWOLF,ALIVE,SampleJava13
6,status,13,VILLAGER,DEAD,HALU
6,status,14,VILLAGER,ALIVE,sample_py
6,status,15,VILLAGER,ALIVE,SampleJava11
6,talk,0,0,9,DAY 6 (DIVINED Agent[15] HUMAN)
6,talk,1,0,7,VOTE Agent[04]
6,talk,2,0,8,VOTE Agent[14]
6,talk,3,0,15,VOTE Agent[14]
6,talk,4,0,12,VOTE Agent[13]
6,talk,5,0,14,VOTE Agent[04]
6,talk,6,0,4,VOTE Agent[07]
6,talk,7,1,4,Skip
6,talk,8,1,7,VOTE Agent[08]
6,talk,9,1,15,REQUEST ANY (VOTE Agent[14])
6,talk,10,1,8,Skip
6,talk,11,1,14,Skip
6,talk,12,1,9,DIVINED Agent[15] HUMAN
6,talk,13,1,12,REQUEST ANY (VOTE Agent[13])
6,talk,14,2,7,VOTE Agent[04]
6,talk,15,2,14,Skip
6,talk,16,2,15,Skip
6,talk,17,2,8,Skip
6,talk,18,2,9,VOTE Agent[03]
6,talk,19,2,12,Skip
6,talk,20,2,4,Skip
6,talk,21,3,9,REQUEST ANY (VOTE Agent[03])
6,talk,22,3,14,Over
6,talk,23,3,4,Over
6,talk,24,3,7,VOTE Agent[08]
6,talk,25,3,8,Over
6,talk,26,3,15,Skip
6,talk,27,3,12,Skip
6,talk,28,4,15,Over
6,talk,29,4,12,Over
6,talk,30,4,7,VOTE Agent[08]
6,talk,31,4,4,Over
6,talk,32,4,14,Over
6,talk,33,4,9,VOTE Agent[05]
6,talk,34,4,8,Over
6,talk,35,5,12,Over
6,talk,36,5,8,Over
6,talk,37,5,7,VOTE Agent[04]
6,talk,38,5,9,REQUEST ANY (VOTE Agent[05])
6,talk,39,5,15,Over
6,talk,40,5,4,Over
6,talk,41,5,14,Over
6,talk,42,6,4,Over
6,talk,43,6,12,Over
6,talk,44,6,8,Over
6,talk,45,6,9,VOTE Agent[08]
6,talk,46,6,15,Over
6,talk,47,6,7,VOTE Agent[04]
6,talk,48,6,14,Over
6,talk,49,7,7,VOTE Agent[04]
6,talk,50,7,14,Over
6,talk,51,7,12,Over
6,talk,52,7,8,Over
6,talk,53,7,15,Over
6,talk,54,7,4,Over
6,talk,55,7,9,REQUEST ANY (VOTE Agent[08])
6,talk,56,8,14,Over
6,talk,57,8,8,Over
6,talk,58,8,4,Over
6,talk,59,8,7,VOTE Agent[04]
6,talk,60,8,15,Over
6,talk,61,8,12,Over
6,talk,62,8,9,Skip
6,talk,63,9,9,Skip
6,talk,64,9,15,Over
6,talk,65,9,4,Over
6,talk,66,9,8,Over
6,talk,67,9,7,Over
6,talk,68,9,14,Over
6,talk,69,9,12,Over
6,talk,70,10,15,Over
6,talk,71,10,9,Over
6,talk,72,10,4,Over
6,talk,73,10,14,Over
6,talk,74,10,12,Over
6,talk,75,10,7,Over
6,talk,76,10,8,Over
6,vote,4,7
6,vote,7,8
6,vote,8,14
6,vote,9,14
6,vote,12,4
6,vote,14,4
6,vote,15,4
6,execute,4,VILLAGER
6,guard,8,15,VILLAGER
6,attackVote,12,15
6,attack,15,false
7,status,1,MEDIUM,DEAD,Tomato1
7,status,2,VILLAGER,DEAD,TOKU12
7,status,3,WEREWOLF,DEAD,TOKU7
7,status,4,VILLAGER,DEAD,sample_py
7,status,5,VILLAGER,DEAD,HALU
7,status,6,WEREWOLF,DEAD,Takeda3
7,status,7,VILLAGER,ALIVE,HALU
7,status,8,BODYGUARD,ALIVE,Takeda6
7,status,9,POSSESSED,ALIVE,SampleJava9
7,status,10,SEER,DEAD,Takeda4
7,status,11,VILLAGER,DEAD,SampleJava0
7,status,12,WEREWOLF,ALIVE,SampleJava13
7,status,13,VILLAGER,DEAD,HALU
7,status,14,VILLAGER,ALIVE,sample_py
7,status,15,VILLAGER,ALIVE,SampleJava11
7,talk,0,0,9,DAY 7 (DIVINED Agent[08] HUMAN)
7,talk,1,0,15,VOTE Agent[09]
7,talk,2,0,7,VOTE Agent[15]
7,talk,3,0,8,VOTE Agent[14]
7,talk,4,0,12,VOTE Agent[13]
7,talk,5,0,14,VOTE Agent[12]
7,talk,6,1,12,REQUEST ANY (VOTE Agent[13])
7,talk,7,1,15,REQUEST ANY (VOTE Agent[09])
7,talk,8,1,8,Skip
7,talk,9,1,7,VOTE Agent[12]
7,talk,10,1,14,Skip
7,talk,11,1,9,DIVINED Agent[08] HUMAN
7,talk,12,2,15,Skip
7,talk,13,2,8,Skip
7,talk,14,2,12,Skip
7,talk,15,2,14,Skip
7,talk,16,2,7,VOTE Agent[12]
7,talk,17,2,9,VOTE Agent[06]
7,talk,18,3,12,Skip
7,talk,19,3,15,Skip
7,talk,20,3,9,REQUEST ANY (VOTE Agent[06])
7,talk,21,3,8,Over
7,talk,22,3,14,Over
7,talk,23,3,7,VOTE Agent[15]
7,talk,24,4,9,VOTE Agent[14]
7,talk,25,4,12,Over
7,talk,26,4,15,Over
7,talk,27,4,7,VOTE Agent[15]
7,talk,28,4,8,Over
7,talk,29,4,14,Over
7,talk,30,5,15,Over
7,talk,31,5,12,Over
7,talk,32,5,7,VOTE Agent[12]
7,talk,33,5,14,Over
7,talk,34,5,9,REQUEST ANY (VOTE Agent[14])
7,talk,35,5,8,Over
7,talk,36,6,15,Over
7,talk,37,6,12,Over
7,talk,38,6,7,VOTE Agent[12]
7,talk,39,6,9,Skip
7,talk,40,6,14,Over
7,talk,41,6,8,Over
7,talk,42,7,15,Over
7,talk,43,7,14,Over
7,talk,44,7,9,Skip
7,talk,45,7,12,Over
7,talk,46,7,8,Over
7,talk,47,7,7,VOTE Agent[12]
7,talk,48,8,12,Over
7,talk,49,8,14,Over
7,talk,50,8,9,Over
7,talk,51,8,7,VOTE Agent[15]
7,talk,52,8,15,Over
7,talk,53,8,8,Over
7,talk,54,9,8,Over
7,talk,55,9,9,Over
7,talk,56,9,7,Over
7,talk,57,9,14,Over
7,talk,58,9,12,Over
7,talk,59,9,15,Over
7,vote,7,12
7,vote,8,14
7,vote,9,8
7,vote,12,8
7,vote,14,12
7,vote,15,12
7,execute,12,WEREWOLF
7,guard,8,15,VILLAGER
8,status,1,MEDIUM,DEAD,Tomato1
8,status,2,VILLAGER,DEAD,TOKU12
8,status,3,WEREWOLF,DEAD,TOKU7
8,status,4,VILLAGER,DEAD,sample_py
8,status,5,VILLAGER,DEAD,HALU
8,status,6,WEREWOLF,DEAD,Takeda3
8,status,7,VILLAGER,ALIVE,HALU
8,status,8,BODYGUARD,ALIVE,Takeda6
8,status,9,POSSESSED,ALIVE,SampleJava9
8,status,10,SEER,DEAD,Takeda4
8,status,11,VILLAGER,DEAD,SampleJava0
8,status,12,WEREWOLF,DEAD,SampleJava13
8,status,13,VILLAGER,DEAD,HALU
8,status,14,VILLAGER,ALIVE,sample_py
8,status,15,VILLAGER,ALIVE,SampleJava11
8,result,5,0,VILLAGER
