0,status,1,VILLAGER,ALIVE,SampleJava5
0,status,2,MEDIUM,ALIVE,Tomato14
0,status,3,SEER,ALIVE,Tomato4
0,status,4,VILLAGER,ALIVE,OKAMI
0,status,5,VILLAGER,ALIVE,TOKU12
0,status,6,WEREWOLF,ALIVE,sample_py
0,status,7,BODYGUARD,ALIVE,Takeda7
0,status,8,VILLAGER,ALIVE,Takeda11
0,status,9,WEREWOLF,ALIVE,HALU
0,status,10,VILLAGER,ALIVE,SampleJava2
0,status,11,POSSESSED,ALIVE,Tomato0
0,status,12,WEREWOLF,ALIVE,Tomato6
0,status,13,VILLAGER,ALIVE,sample_py
0,status,14,VILLAGER,ALIVE,Takeda10
0,status,15,VILLAGER,ALIVE,HALU
0,whisper,0,0,6,COMINGOUT Agent[06] MEDIUM
0,whisper,1,0,12,COMINGOUT Agent[12] VILLAGER
0,whisper,2,0,9,COMINGOUT Agent[09] VILLAGER
0,whisper,3,1,9,Skip
0,whisper,4,1,12,Skip
0,whisper,5,1,6,COMINGOUT Agent[06] MEDIUM
0,whisper,6,2,12,COMINGOUT Agent[12] SEER
0,whisper,7,2,9,Skip
0,whisper,8,2,6,COMINGOUT Agent[06] MEDIUM
0,whisper,9,3,9,Over
0,whisper,10,3,6,COMINGOUT Agent[06] MEDIUM
0,whisper,11,3,12,Skip
0,whisper,12,4,12,Skip
0,whisper,13,4,6,COMINGOUT Agent[06] MEDIUM
0,whisper,14,4,9,Over
0,whisper,15,5,6,COMINGOUT Agent[06] MEDIUM
0,whisper,16,5,9,Over
0,whisper,17,5,12,Over
0,whisper,18,6,6,COMINGOUT Agent[06] MEDIUM
0,whisper,19,6,9,Over
0,whisper,20,6,12,Over
0,whisper,21,7,6,COMINGOUT Agent[06] MEDIUM
0,whisper,22,7,9,Over
0,whisper,23,7,12,Over
0,whisper,24,8,9,Over
0,whisper,25,8,6,COMINGOUT Agent[06] MEDIUM
0,whisper,26,8,12,Over
0,whisper,27,9,9,Over
0,whisper,28,9,12,Over
0,whisper,29,9,6,COMINGOUT Agent[06] MEDIUM
0,whisper,30,10,6,Over
0,whisper,31,10,12,Over
0,whisper,32,10,9,Over
0,divine,3,14,HUMAN
1,status,1,VILLAGER,ALIVE,SampleJava5
1,status,2,MEDIUM,ALIVE,Tomato14
1,status,3,SEER,ALIVE,Tomato4
1,status,4,VILLAGER,ALIVE,OKAMI
1,status,5,VILLAGER,ALIVE,TOKU12
1,status,6,WEREWOLF,ALIVE,sample_py
1,status,7,BODYGUARD,ALIVE,Takeda7
1,status,8,VILLAGER,ALIVE,Takeda11
1,status,9,WEREWOLF,ALIVE,HALU
1,status,10,VILLAGER,ALIVE,SampleJava2
1,status,11,POSSESSED,ALIVE,Tomato0
1,status,12,WEREWOLF,ALIVE,Tomato6
1,status,13,VILLAGER,ALIVE,sample_py
1,status,14,VILLAGER,ALIVE,Takeda10
1,status,15,VILLAGER,ALIVE,HALU
1,talk,0,0,7,VOTE Agent[09]
1,talk,1,0,14,VOTE Agent[09]
1,talk,2,0,8,VOTE Agent[09]
1,talk,3,0,9,VOTE Agent[04]
1,talk,4,0,11,COMINGOUT Agent[11] SEER
1,talk,5,0,12,COMINGOUT Agent[12] SEER
1,talk,6,0,4,VOTE Agent[09]
1,talk,7,0,2,COMINGOUT Agent[02] MEDIUM
1,talk,8,0,3,COMINGOUT Agent[03] SEER
1,talk,9,0,1,VOTE Agent[10]
1,talk,10,0,5,VOTE Agent[15]
1,talk,11,0,15,VOTE Agent[09]
1,talk,12,0,10,VOTE Agent[08]
1,talk,13,0,13,VOTE Agent[08]
1,talk,14,0,6,VOTE Agent[02]
1,talk,15,1,5,VOTE Agent[03]
1,talk,16,1,7,VOTE Agent[11]
1,talk,17,1,8,VOTE Agent[12]
1,talk,18,1,11,DIVINED Agent[15] HUMAN
1,talk,19,1,2,VOTE Agent[09]
1,talk,20,1,13,Skip
1,talk,21,1,4,COMINGOUT Agent[04] VILLAGER
1,talk,22,1,12,DIVINED Agent[01] HUMAN
1,talk,23,1,15,VOTE Agent[04]
1,talk,24,1,9,VOTE Agent[05]
1,talk,25,1,6,Skip
1,talk,26,1,10,REQUEST ANY (VOTE Agent[08])
1,talk,27,1,14,VOTE Agent[12]
1,talk,28,1,1,REQUEST ANY (VOTE Agent[10])
1,talk,29,1,3,DIVINED Agent[14] HUMAN
1,talk,30,2,4,VOTE Agent[03]
1,talk,31,2,2,VOTE Agent[12]
1,talk,32,2,1,Skip
1,talk,33,2,12,VOTE Agent[08]
1,talk,34,2,9,VOTE Agent[05]
1,talk,35,2,3,VOTE Agent[08]
1,talk,36,2,11,VOTE Agent[08]
1,talk,37,2,13,Skip
1,talk,38,2,14,VOTE Agent[03]
1,talk,39,2,10,Skip
1,talk,40,2,6,Skip
1,talk,41,2,8,VOTE Agent[11]
1,talk,42,2,7,Skip
1,talk,43,2,15,VOTE Agent[11]
1,talk,44,2,5,VOTE Agent[11]
1,talk,45,3,2,VOTE Agent[08]
1,talk,46,3,5,Skip
1,talk,47,3,11,Skip
1,talk,48,3,13,Over
1,talk,49,3,4,VOTE Agent[03]
1,talk,50,3,7,Skip
1,talk,51,3,9,VOTE Agent[05]
1,talk,52,3,10,Skip
1,talk,53,3,15,VOTE Agent[12]
1,talk,54,3,12,Skip
1,talk,55,3,6,Over
1,talk,56,3,14,Skip
1,talk,57,3,3,Skip
1,talk,58,3,8,Skip
1,talk,59,3,1,Skip
1,talk,60,4,15,VOTE Agent[03]
1,talk,61,4,2,Skip
1,talk,62,4,7,Over
1,talk,63,4,13,Over
1,talk,64,4,9,VOTE Agent[05]
1,talk,65,4,11,Skip
1,talk,66,4,5,Skip
1,talk,67,4,10,Over
1,talk,68,4,1,Over
1,talk,69,4,6,Over
1,talk,70,4,14,VOTE Agent[11]
1,talk,71,4,4,VOTE Agent[03]
1,talk,72,4,12,Skip
1,talk,73,4,8,Skip
1,talk,74,4,3,Skip
1,talk,75,5,6,Over
1,talk,76,5,15,VOTE Agent[03]
1,talk,77,5,2,Skip
1,talk,78,5,14,Skip
1,talk,79,5,8,Over
1,talk,80,5,9,VOTE Agent[05]
1,talk,81,5,12,Over
1,talk,82,5,13,Over
1,talk,83,5,1,Over
1,talk,84,5,3,Over
1,talk,85,5,4,VOTE Agent[03]
1,talk,86,5,7,Over
1,talk,87,5,10,Over
1,talk,88,5,11,Over
1,talk,89,5,5,Over
1,talk,90,6,3,Over
1,talk,91,6,4,VOTE Agent[03]
1,talk,92,6,13,Over
1,talk,93,6,15,VOTE Agent[11]
1,talk,94,6,12,Over
1,talk,95,6,9,VOTE Agent[05]
1,talk,96,6,1,Over
1,talk,97,6,7,Over
1,talk,98,6,11,Over
1,talk,99,6,8,Over
1,talk,100,6,14,Skip
1,talk,101,6,10,Over
1,talk,102,6,5,Over
1,talk,103,6,6,Over
1,talk,104,6,2,Over
1,talk,105,7,11,Over
1,talk,106,7,5,Over
1,talk,107,7,13,Over
1,talk,108,7,3,Over
1,talk,109,7,8,Over
1,talk,110,7,9,VOTE Agent[04]
1,talk,111,7,1,Over
1,talk,112,7,7,Over
1,talk,113,7,2,Over
1,talk,114,7,6,Over
1,talk,115,7,12,Over
1,talk,116,7,4,VOTE Agent[11]
1,talk,117,7,15,VOTE Agent[11]
1,talk,118,7,14,Over
1,talk,119,7,10,Over
1,talk,120,8,12,Over
1,talk,121,8,5,Over
1,talk,122,8,8,Over
1,talk,123,8,2,Over
1,talk,124,8,15,VOTE Agent[11]
1,talk,125,8,9,VOTE Agent[05]
1,talk,126,8,7,Over
1,talk,127,8,1,Over
1,talk,128,8,10,Over
1,talk,129,8,6,Over
1,talk,130,8,4,VOTE Agent[11]
1,talk,131,8,3,Over
1,talk,132,8,13,Over
1,talk,133,8,14,Over
1,talk,134,8,11,Over
1,talk,135,9,12,Over
1,talk,136,9,7,Over
1,talk,137,9,14,Over
1,talk,138,9,2,Over
1,talk,139,9,6,Over
1,talk,140,9,5,Over
1,talk,141,9,3,Over
1,talk,142,9,11,Over
1,talk,143,9,8,Over
1,talk,144,9,9,Over
1,talk,145,9,15,Over
1,talk,146,9,10,Over
1,talk,147,9,1,Over
1,talk,148,9,13,Over
1,talk,149,9,4,Over
1,vote,1,8
1,vote,2,8
1,vote,3,8
1,vote,4,11
1,vote,5,11
1,vote,6,2
1,vote,7,11
1,vote,8,11
1,vote,9,4
1,vote,10,6
1,vote,11,8
1,vote,12,8
1,vote,13,8
1,vote,14,11
1,vote,15,3
1,execute,8,VILLAGER
1,divine,3,12,WEREWOLF
1,whisper,0,0,9,ATTACK Agent[11]
1,whisper,1,0,6,ATTACK Agent[03]
1,whisper,2,0,12,ATTACK Agent[03]
1,whisper,3,1,6,Skip
1,whisper,4,1,12,Skip
1,whisper,5,1,9,Skip
1,whisper,6,2,6,Skip
1,whisper,7,2,9,Skip
1,whisper,8,2,12,Skip
1,whisper,9,3,9,Over
1,whisper,10,3,6,Over
1,whisper,11,3,12,Over
1,guard,7,12,WEREWOLF
1,attackVote,6,3
1,attackVote,9,11
1,attackVote,12,3
1,attack,3,true
2,status,1,VILLAGER,ALIVE,SampleJava5
2,status,2,MEDIUM,ALIVE,Tomato14
2,status,3,SEER,DEAD,Tomato4
2,status,4,VILLAGER,ALIVE,OKAMI
2,status,5,VILLAGER,ALIVE,TOKU12
2,status,6,WEREWOLF,ALIVE,sample_py
2,status,7,BODYGUARD,ALIVE,Takeda7
2,status,8,VILLAGER,DEAD,Takeda11
2,status,9,WEREWOLF,ALIVE,HALU
2,status,10,VILLAGER,ALIVE,SampleJava2
2,status,11,POSSESSED,ALIVE,Tomato0
2,status,12,WEREWOLF,ALIVE,Tomato6
2,status,13,VILLAGER,ALIVE,sample_py
2,status,14,VILLAGER,ALIVE,Takeda10
2,status,15,VILLAGER,ALIVE,HALU
2,talk,0,0,2,IDENTIFIED Agent[08] HUMAN
2,talk,1,0,14,VOTE Agent[11]
2,talk,2,0,15,VOTE Agent[12]
2,talk,3,0,1,VOTE Agent[04]
2,talk,4,0,11,DIVINED Agent[01] HUMAN
2,talk,5,0,7,VOTE Agent[11]
2,talk,6,0,6,COMINGOUT Agent[06] MEDIUM
2,talk,7,0,5,VOTE Agent[11]
2,talk,8,0,9,VOTE Agent[02]
2,talk,9,0,13,VOTE Agent[15]
2,talk,10,0,4,VOTE Agent[12]
2,talk,11,0,12,DIVINED Agent[14] HUMAN
2,talk,12,0,10,VOTE Agent[15]
2,talk,13,1,9,VOTE Agent[06]
2,talk,14,1,15,VOTE Agent[12]
2,talk,15,1,2,VOTE Agent[11]
2,talk,16,1,14,VOTE Agent[06]
2,talk,17,1,5,VOTE Agent[06]
2,talk,18,1,10,REQUEST ANY (VOTE Agent[15])
2,talk,19,1,1,REQUEST ANY (VOTE Agent[04])
2,talk,20,1,6,IDENTIFIED Agent[08] WEREWOLF
2,talk,21,1,12,VOTE Agent[06]
2,talk,22,1,7,VOTE Agent[12]
2,talk,23,1,4,COMINGOUT Agent[04] VILLAGER
2,talk,24,1,11,VOTE Agent[06]
2,talk,25,1,13,Skip
2,talk,26,2,12,Skip
2,talk,27,2,13,Skip
2,talk,28,2,4,VOTE Agent[11]
2,talk,29,2,5,VOTE Agent[02]
2,talk,30,2,14,VOTE Agent[11]
2,talk,31,2,7,Skip
2,talk,32,2,1,Skip
2,talk,33,2,2,VOTE Agent[06]
2,talk,34,2,6,VOTE Agent[02]
2,talk,35,2,15,VOTE Agent[12]
2,talk,36,2,10,Skip
2,talk,37,2,11,Skip
2,talk,38,2,9,VOTE Agent[02]
2,talk,39,3,12,Skip
2,talk,40,3,2,Skip
2,talk,41,3,7,VOTE Agent[02]
2,talk,42,3,4,VOTE Agent[12]
2,talk,43,3,10,Skip
2,talk,44,3,13,Over
2,talk,45,3,5,Skip
2,talk,46,3,9,VOTE Agent[02]
2,talk,47,3,11,Skip
2,talk,48,3,14,VOTE Agent[02]
2,talk,49,3,1,Skip
2,talk,50,3,15,VOTE Agent[12]
2,talk,51,3,6,Skip
2,talk,52,4,1,Over
2,talk,53,4,9,VOTE Agent[02]
2,talk,54,4,5,Skip
2,talk,55,4,14,Skip
2,talk,56,4,10,Over
2,talk,57,4,2,Skip
2,talk,58,4,7,Skip
2,talk,59,4,6,Skip
2,talk,60,4,13,Over
2,talk,61,4,12,VOTE Agent[02]
2,talk,62,4,11,VOTE Agent[02]
2,talk,63,4,15,VOTE Agent[11]
2,talk,64,4,4,VOTE Agent[11]
2,talk,65,5,7,Skip
2,talk,66,5,5,Over
2,talk,67,5,10,Over
2,talk,68,5,1,Over
2,talk,69,5,12,Skip
2,talk,70,5,2,VOTE Agent[15]
2,talk,71,5,13,Over
2,talk,72,5,4,VOTE Agent[11]
2,talk,73,5,11,Skip
2,talk,74,5,14,Skip
2,talk,75,5,9,VOTE Agent[02]
2,talk,76,5,6,Over
2,talk,77,5,15,VOTE Agent[11]
2,talk,78,6,9,VOTE Agent[02]
2,talk,79,6,15,VOTE Agent[12]
2,talk,80,6,11,Skip
2,talk,81,6,10,Over
2,talk,82,6,7,VOTE Agent[11]
2,talk,83,6,14,Over
2,talk,84,6,1,Over
2,talk,85,6,13,Over
2,talk,86,6,2,Skip
2,talk,87,6,4,VOTE Agent[11]
2,talk,88,6,5,Over
2,talk,89,6,6,Over
2,talk,90,6,12,Skip
2,talk,91,7,2,Skip
2,talk,92,7,12,Over
2,talk,93,7,7,Skip
2,talk,94,7,4,VOTE Agent[11]
2,talk,95,7,9,VOTE Agent[02]
2,talk,96,7,1,Over
2,talk,97,7,10,Over
2,talk,98,7,11,Over
2,talk,99,7,14,Over
2,talk,100,7,15,VOTE Agent[11]
2,talk,101,7,13,Over
2,talk,102,7,6,Over
2,talk,103,7,5,Over
2,talk,104,8,12,VOTE Agent[15]
2,talk,105,8,10,Over
2,talk,106,8,6,Over
2,talk,107,8,4,VOTE Agent[11]
2,talk,108,8,5,Over
2,talk,109,8,15,VOTE Agent[12]
2,talk,110,8,13,Over
2,talk,111,8,11,Over
2,talk,112,8,9,VOTE Agent[02]
2,talk,113,8,7,Skip
2,talk,114,8,14,Over
2,talk,115,8,1,Over
2,talk,116,8,2,Over
2,talk,117,9,12,Skip
2,talk,118,9,9,Over
2,talk,119,9,6,Over
2,talk,120,9,1,Over
2,talk,121,9,11,Over
2,talk,122,9,5,Over
2,talk,123,9,4,Over
2,talk,124,9,2,Over
2,talk,125,9,14,Over
2,talk,126,9,10,Over
2,talk,127,9,13,Over
2,talk,128,9,15,Over
2,talk,129,9,7,Over
2,talk,130,10,11,Over
2,talk,131,10,6,Over
2,talk,132,10,1,Over
2,talk,133,10,5,VOTE Agent[11]
2,talk,134,10,4,Over
2,talk,135,10,14,Over
2,talk,136,10,15,Over
2,talk,137,10,2,Over
2,talk,138,10,13,Over
2,talk,139,10,12,Skip
2,talk,140,10,7,Over
2,talk,141,10,10,Over
2,talk,142,10,9,Over
2,talk,143,11,14,Over
2,talk,144,11,12,Over
2,talk,145,11,1,Over
2,talk,146,11,11,Over
2,talk,147,11,4,Over
2,talk,148,11,13,Over
2,talk,149,11,7,Over
2,talk,150,11,2,Over
2,talk,151,11,6,Over
2,talk,152,11,5,Skip
2,talk,153,11,9,Over
2,talk,154,11,15,Over
2,talk,155,11,10,Over
2,talk,156,12,14,Over
2,talk,157,12,6,Over
2,talk,158,12,12,Over
2,talk,159,12,9,Over
2,talk,160,12,15,Over
2,talk,161,12,7,Over
2,talk,162,12,10,Over
2,talk,163,12,1,Over
2,talk,164,12,2,Over
2,talk,165,12,11,Over
2,talk,166,12,5,Skip
2,talk,167,12,13,Over
2,talk,168,12,4,Over
2,talk,169,13,11,Over
2,talk,170,13,14,VOTE Agent[11]
2,talk,171,13,2,Over
2,talk,172,13,5,Over
2,talk,173,13,1,Over
2,talk,174,13,9,Over
2,talk,175,13,15,Over
2,talk,176,13,4,Over
2,talk,177,13,13,Over
2,talk,178,13,6,Over
2,talk,179,13,10,Over
2,talk,180,13,12,Over
2,talk,181,13,7,Over
2,talk,182,14,2,Over
2,talk,183,14,7,Over
2,talk,184,14,6,Over
2,talk,185,14,9,Over
2,talk,186,14,4,Over
2,talk,187,14,11,VOTE Agent[04]
2,talk,188,14,1,Over
2,talk,189,14,12,Over
2,talk,190,14,14,Skip
2,talk,191,14,13,Over
2,talk,192,14,15,Over
2,talk,193,14,5,Over
2,talk,194,14,10,Over
2,talk,195,15,4,Over
2,talk,196,15,10,Over
2,talk,197,15,9,Over
2,talk,198,15,1,Over
2,talk,199,15,6,Over
2,talk,200,15,2,Over
2,talk,201,15,14,Skip
2,talk,202,15,11,Skip
2,talk,203,15,7,Over
2,talk,204,15,12,Over
2,talk,205,15,5,Over
2,talk,206,15,13,Over
2,talk,207,15,15,Over
2,talk,208,16,1,Over
2,talk,209,16,10,Over
2,talk,210,16,4,Over
2,talk,211,16,7,Over
2,talk,212,16,2,Over
2,talk,213,16,5,Over
2,talk,214,16,9,Over
2,talk,215,16,14,Over
2,talk,216,16,15,Over
2,talk,217,16,12,Over
2,talk,218,16,11,Skip
2,talk,219,16,6,Over
2,talk,220,16,13,Over
2,talk,221,17,9,Over
2,talk,222,17,4,Over
2,talk,223,17,11,Over
2,talk,224,17,7,Over
2,talk,225,17,1,Over
2,talk,226,17,6,Over
2,talk,227,17,14,Over
2,talk,228,17,13,Over
2,talk,229,17,5,Over
2,talk,230,17,2,Over
2,talk,231,17,15,Over
2,talk,232,17,10,Over
2,talk,233,17,12,Over
2,vote,1,15
2,vote,2,15
2,vote,4,12
2,vote,5,11
2,vote,6,2
2,vote,7,11
2,vote,9,2
2,vote,10,4
2,vote,11,4
2,vote,12,15
2,vote,13,15
2,vote,14,11
2,vote,15,11
2,vote,1,11
2,vote,2,15
2,vote,4,12
2,vote,5,11
2,vote,6,2
2,vote,7,11
2,vote,9,2
2,vote,10,11
2,vote,11,4
2,vote,12,15
2,vote,13,15
2,vote,14,11
2,vote,15,11
2,execute,11,POSSESSED
2,whisper,0,0,6,ATTACK Agent[04]
2,whisper,1,0,12,ATTACK Agent[02]
2,whisper,2,0,9,ATTACK Agent[02]
2,whisper,3,1,9,Skip
2,whisper,4,1,6,Skip
2,whisper,5,1,12,Skip
2,whisper,6,2,6,Skip
2,whisper,7,2,12,Skip
2,whisper,8,2,9,Skip
2,whisper,9,3,9,Over
2,whisper,10,3,12,Over
2,whisper,11,3,6,Over
2,guard,7,12,WEREWOLF
2,attackVote,6,4
2,attackVote,9,2
2,attackVote,12,2
2,attack,2,true
3,status,1,VILLAGER,ALIVE,SampleJava5
3,status,2,MEDIUM,DEAD,Tomato14
3,status,3,SEER,DEAD,Tomato4
3,status,4,VILLAGER,ALIVE,OKAMI
3,status,5,VILLAGER,ALIVE,TOKU12
3,status,6,WEREWOLF,ALIVE,sample_py
3,status,7,BODYGUARD,ALIVE,Takeda7
3,status,8,VILLAGER,DEAD,Takeda11
3,status,9,WEREWOLF,ALIVE,HALU
3,status,10,VILLAGER,ALIVE,SampleJava2
3,status,11,POSSESSED,DEAD,Tomato0
3,status,12,WEREWOLF,ALIVE,Tomato6
3,status,13,VILLAGER,ALIVE,sample_py
3,status,14,VILLAGER,ALIVE,Takeda10
3,status,15,VILLAGER,ALIVE,HALU
3,talk,0,0,1,VOTE Agent[15]
3,talk,1,0,5,VOTE Agent[12]
3,talk,2,0,12,DIVINED Agent[15] HUMAN
3,talk,3,0,4,VOTE Agent[12]
3,talk,4,0,15,VOTE Agent[12]
3,talk,5,0,6,IDENTIFIED Agent[11] WEREWOLF
3,talk,6,0,10,VOTE Agent[09]
3,talk,7,0,14,VOTE Agent[12]
3,talk,8,0,7,VOTE Agent[12]
3,talk,9,0,13,VOTE Agent[06]
3,talk,10,0,9,VOTE Agent[06]
3,talk,11,1,9,VOTE Agent[06]
3,talk,12,1,1,REQUEST ANY (VOTE Agent[15])
3,talk,13,1,15,VOTE Agent[12]
3,talk,14,1,14,Skip
3,talk,15,1,5,Skip
3,talk,16,1,13,Skip
3,talk,17,1,12,VOTE Agent[15]
3,talk,18,1,6,VOTE Agent[09]
3,talk,19,1,4,COMINGOUT Agent[04] VILLAGER
3,talk,20,1,10,REQUEST ANY (VOTE Agent[09])
3,talk,21,1,7,Skip
3,talk,22,2,5,Skip
3,talk,23,2,15,VOTE Agent[12]
3,talk,24,2,13,Skip
3,talk,25,2,1,Skip
3,talk,26,2,10,Skip
3,talk,27,2,14,Skip
3,talk,28,2,12,Skip
3,talk,29,2,4,VOTE Agent[12]
3,talk,30,2,6,Skip
3,talk,31,2,7,Skip
3,talk,32,2,9,VOTE Agent[06]
3,talk,33,3,7,Over
3,talk,34,3,6,Skip
3,talk,35,3,10,Skip
3,talk,36,3,4,VOTE Agent[12]
3,talk,37,3,12,Skip
3,talk,38,3,14,Over
3,talk,39,3,15,VOTE Agent[12]
3,talk,40,3,13,Over
3,talk,41,3,5,Over
3,talk,42,3,9,VOTE Agent[06]
3,talk,43,3,1,Skip
3,talk,44,4,10,Over
3,talk,45,4,15,VOTE Agent[12]
3,talk,46,4,1,Over
3,talk,47,4,12,Over
3,talk,48,4,6,Over
3,talk,49,4,4,VOTE Agent[12]
3,talk,50,4,13,Over
3,talk,51,4,7,Over
3,talk,52,4,9,VOTE Agent[06]
3,talk,53,4,5,Over
3,talk,54,4,14,Over
3,talk,55,5,1,Over
3,talk,56,5,13,Over
3,talk,57,5,4,VOTE Agent[12]
3,talk,58,5,14,Over
3,talk,59,5,6,Over
3,talk,60,5,15,VOTE Agent[12]
3,talk,61,5,10,Over
3,talk,62,5,12,Over
3,talk,63,5,7,Over
3,talk,64,5,5,Over
3,talk,65,5,9,VOTE Agent[06]
3,talk,66,6,15,VOTE Agent[12]
3,talk,67,6,4,VOTE Agent[12]
3,talk,68,6,1,Over
3,talk,69,6,7,Over
3,talk,70,6,5,Over
3,talk,71,6,12,Over
3,talk,72,6,9,VOTE Agent[06]
3,talk,73,6,13,Over
3,talk,74,6,6,Over
3,talk,75,6,14,Over
3,talk,76,6,10,Over
3,talk,77,7,7,Over
3,talk,78,7,9,VOTE Agent[06]
3,talk,79,7,6,Over
3,talk,80,7,13,Over
3,talk,81,7,12,Over
3,talk,82,7,5,Over
3,talk,83,7,14,Over
3,talk,84,7,10,Over
3,talk,85,7,15,VOTE Agent[12]
3,talk,86,7,1,Over
3,talk,87,7,4,VOTE Agent[12]
3,talk,88,8,4,VOTE Agent[12]
3,talk,89,8,1,Over
3,talk,90,8,14,Over
3,talk,91,8,9,VOTE Agent[06]
3,talk,92,8,7,Over
3,talk,93,8,13,Over
3,talk,94,8,12,Over
3,talk,95,8,5,Over
3,talk,96,8,6,Over
3,talk,97,8,10,Over
3,talk,98,8,15,VOTE Agent[12]
3,talk,99,9,9,Over
3,talk,100,9,14,Over
3,talk,101,9,4,Over
3,talk,102,9,13,Over
3,talk,103,9,15,Over
3,talk,104,9,1,Over
3,talk,105,9,10,Over
3,talk,106,9,6,Over
3,talk,107,9,12,Over
3,talk,108,9,5,Over
3,talk,109,9,7,Over
3,vote,1,9
3,vote,4,12
3,vote,5,12
3,vote,6,9
3,vote,7,12
3,vote,9,6
3,vote,10,15
3,vote,12,15
3,vote,13,6
3,vote,14,12
3,vote,15,12
3,execute,12,WEREWOLF
3,whisper,0,0,9,ATTACK Agent[02]
3,whisper,1,0,6,ATTACK Agent[04]
3,whisper,2,1,9,Skip
3,whisper,3,1,6,Skip
3,whisper,4,2,9,Skip
3,whisper,5,2,6,Skip
3,whisper,6,3,9,Over
3,whisper,7,3,6,Over
3,guard,7,1,VILLAGER
3,attackVote,6,4
3,attack,4,true
4,status,1,VILLAGER,ALIVE,SampleJava5
4,status,2,MEDIUM,DEAD,Tomato14
4,status,3,SEER,DEAD,Tomato4
4,status,4,VILLAGER,DEAD,OKAMI
4,status,5,VILLAGER,ALIVE,TOKU12
4,status,6,WEREWOLF,ALIVE,sample_py
4,status,7,BODYGUARD,ALIVE,Takeda7
4,status,8,VILLAGER,DEAD,Takeda11
4,status,9,WEREWOLF,ALIVE,HALU
4,status,10,VILLAGER,ALIVE,SampleJava2
4,status,11,POSSESSED,DEAD,Tomato0
4,status,12,WEREWOLF,DEAD,Tomato6
4,status,13,VILLAGER,ALIVE,sample_py
4,status,14,VILLAGER,ALIVE,Takeda10
4,status,15,VILLAGER,ALIVE,HALU
4,talk,0,0,7,VOTE Agent[09]
4,talk,1,0,5,VOTE Agent[07]
4,talk,2,0,9,VOTE Agent[06]
4,talk,3,0,6,IDENTIFIED Agent[12] HUMAN
4,talk,4,0,15,VOTE Agent[01]
4,talk,5,0,13,VOTE Agent[06]
4,talk,6,0,1,VOTE Agent[10]
4,talk,7,0,10,VOTE Agent[06]
4,talk,8,0,14,VOTE Agent[07]
4,talk,9,1,6,VOTE Agent[05]
4,talk,10,1,9,VOTE Agent[06]
4,talk,11,1,5,Skip
4,talk,12,1,15,VOTE Agent[01]
4,talk,13,1,7,Skip
4,talk,14,1,14,Skip
4,talk,15,1,10,REQUEST ANY (VOTE Agent[06])
4,talk,16,1,13,Skip
4,talk,17,1,1,REQUEST ANY (VOTE Agent[10])
4,talk,18,2,7,Skip
4,talk,19,2,6,Skip
4,talk,20,2,13,Skip
4,talk,21,2,15,VOTE Agent[01]
4,talk,22,2,1,Skip
4,talk,23,2,5,Skip
4,talk,24,2,14,Skip
4,talk,25,2,10,Skip
4,talk,26,2,9,VOTE Agent[06]
4,talk,27,3,14,Over
4,talk,28,3,5,Over
4,talk,29,3,1,Skip
4,talk,30,3,6,Skip
4,talk,31,3,13,Over
4,talk,32,3,9,VOTE Agent[06]
4,talk,33,3,7,Over
4,talk,34,3,10,Skip
4,talk,35,3,15,VOTE Agent[01]
4,talk,36,4,14,Over
4,talk,37,4,13,Over
4,talk,38,4,5,Over
4,talk,39,4,1,Over
4,talk,40,4,10,Over
4,talk,41,4,15,VOTE Agent[01]
4,talk,42,4,9,VOTE Agent[06]
4,talk,43,4,6,Over
4,talk,44,4,7,Over
4,talk,45,5,6,Over
4,talk,46,5,7,Over
4,talk,47,5,10,Over
4,talk,48,5,15,VOTE Agent[01]
4,talk,49,5,1,Over
4,talk,50,5,13,Over
4,talk,51,5,14,Over
4,talk,52,5,5,Over
4,talk,53,5,9,VOTE Agent[06]
4,talk,54,6,14,Over
4,talk,55,6,6,Over
4,talk,56,6,13,Over
4,talk,57,6,7,Over
4,talk,58,6,15,VOTE Agent[01]
4,talk,59,6,10,Over
4,talk,60,6,9,VOTE Agent[06]
4,talk,61,6,1,Over
4,talk,62,6,5,Over
4,talk,63,7,9,VOTE Agent[06]
4,talk,64,7,13,Over
4,talk,65,7,15,VOTE Agent[01]
4,talk,66,7,6,Over
4,talk,67,7,10,Over
4,talk,68,7,7,Over
4,talk,69,7,1,Over
4,talk,70,7,5,Over
4,talk,71,7,14,Over
4,talk,72,8,10,Over
4,talk,73,8,13,Over
4,talk,74,8,9,VOTE Agent[06]
4,talk,75,8,5,Over
4,talk,76,8,7,Over
4,talk,77,8,6,Over
4,talk,78,8,15,VOTE Agent[01]
4,talk,79,8,1,Over
4,talk,80,8,14,Over
4,talk,81,9,7,Over
4,talk,82,9,6,Over
4,talk,83,9,15,Over
4,talk,84,9,10,Over
4,talk,85,9,1,Over
4,talk,86,9,13,Over
4,talk,87,9,5,Over
4,talk,88,9,9,Over
4,talk,89,9,14,Over
4,vote,1,6
4,vote,5,7
4,vote,6,5
4,vote,7,9
4,vote,9,6
4,vote,10,9
4,vote,13,6
4,vote,14,7
4,vote,15,1
4,execute,6,WEREWOLF
4,guard,7,1,VILLAGER
4,attack,5,true
5,status,1,VILLAGER,ALIVE,SampleJava5
5,status,2,MEDIUM,DEAD,Tomato14
5,status,3,SEER,DEAD,Tomato4
5,status,4,VILLAGER,DEAD,OKAMI
5,status,5,VILLAGER,DEAD,TOKU12
5,status,6,WEREWOLF,DEAD,sample_py
5,status,7,BODYGUARD,ALIVE,Takeda7
5,status,8,VILLAGER,DEAD,Takeda11
5,status,9,WEREWOLF,ALIVE,HALU
5,status,10,VILLAGER,ALIVE,SampleJava2
5,status,11,POSSESSED,DEAD,Tomato0
5,status,12,WEREWOLF,DEAD,Tomato6
5,status,13,VILLAGER,ALIVE,sample_py
5,status,14,VILLAGER,ALIVE,Takeda10
5,status,15,VILLAGER,ALIVE,HALU
5,talk,0,0,7,VOTE Agent[09]
5,talk,1,0,10,VOTE Agent[14]
5,talk,2,0,1,VOTE Agent[13]
5,talk,3,0,9,VOTE Agent[10]
5,talk,4,0,15,VOTE Agent[09]
5,talk,5,0,13,VOTE Agent[09]
5,talk,6,0,14,VOTE Agent[07]
5,talk,7,1,7,Skip
5,talk,8,1,14,Skip
5,talk,9,1,13,Skip
5,talk,10,1,9,VOTE Agent[10]
5,talk,11,1,10,REQUEST ANY (VOTE Agent[14])
5,talk,12,1,1,REQUEST ANY (VOTE Agent[13])
5,talk,13,1,15,VOTE Agent[13]
5,talk,14,2,15,VOTE Agent[13]
5,talk,15,2,14,Skip
5,talk,16,2,7,Skip
5,talk,17,2,10,Skip
5,talk,18,2,1,Skip
5,talk,19,2,13,Skip
5,talk,20,2,9,VOTE Agent[10]
5,talk,21,3,7,Over
5,talk,22,3,13,Over
5,talk,23,3,15,VOTE Agent[09]
5,talk,24,3,10,Skip
5,talk,25,3,14,Over
5,talk,26,3,9,VOTE Agent[10]
5,talk,27,3,1,Skip
5,talk,28,4,1,Over
5,talk,29,4,13,Over
5,talk,30,4,7,Over
5,talk,31,4,15,VOTE Agent[09]
5,talk,32,4,10,Over
5,talk,33,4,9,VOTE Agent[10]
5,talk,34,4,14,Over
5,talk,35,5,7,Over
5,talk,36,5,15,VOTE Agent[09]
5,talk,37,5,14,Over
5,talk,38,5,1,Over
5,talk,39,5,13,Over
5,talk,40,5,9,VOTE Agent[10]
5,talk,41,5,10,Over
5,talk,42,6,1,Over
5,talk,43,6,9,VOTE Agent[10]
5,talk,44,6,10,Over
5,talk,45,6,13,Over
5,talk,46,6,15,VOTE Agent[09]
5,talk,47,6,7,Over
5,talk,48,6,14,Over
5,talk,49,7,9,VOTE Agent[10]
5,talk,50,7,15,VOTE Agent[09]
5,talk,51,7,7,Over
5,talk,52,7,13,Over
5,talk,53,7,14,Over
5,talk,54,7,1,Over
5,talk,55,7,10,Over
5,talk,56,8,7,Over
5,talk,57,8,13,Over
5,talk,58,8,9,VOTE Agent[10]
5,talk,59,8,1,Over
5,talk,60,8,15,VOTE Agent[09]
5,talk,61,8,10,Over
5,talk,62,8,14,Over
5,talk,63,9,9,Over
5,talk,64,9,14,Over
5,talk,65,9,10,Over
5,talk,66,9,13,Over
5,talk,67,9,7,Over
5,talk,68,9,1,Over
5,talk,69,9,15,Over
5,vote,1,14
5,vote,7,9
5,vote,9,10
5,vote,10,13
5,vote,13,9
5,vote,14,7
5,vote,15,9
5,execute,9,WEREWOLF
5,guard,7,1,VILLAGER
6,status,1,VILLAGER,ALIVE,SampleJava5
6,status,2,MEDIUM,DEAD,Tomato14
6,status,3,SEER,DEAD,Tomato4
6,status,4,VILLAGER,DEAD,OKAMI
6,status,5,VILLAGER,DEAD,TOKU12
6,status,6,WEREWOLF,DEAD,sample_py
6,status,7,BODYGUARD,ALIVE,Takeda7
6,status,8,VILLAGER,DEAD,Takeda11
6,status,9,WEREWOLF,DEAD,HALU
6,status,10,VILLAGER,ALIVE,SampleJava2
6,status,11,POSSESSED,DEAD,Tomato0
6,status,12,WEREWOLF,DEAD,Tomato6
6,status,13,VILLAGER,ALIVE,sample_py
6,status,14,VILLAGER,ALIVE,Takeda10
6,status,15,VILLAGER,ALIVE,HALU
6,result,6,0,VILLAGER
