0,status,1,WEREWOLF,ALIVE,SampleJava5
0,status,2,MEDIUM,ALIVE,Tomato14
0,status,3,VILLAGER,ALIVE,Tomato4
0,status,4,SEER,ALIVE,OKAMI
0,status,5,BODYGUARD,ALIVE,TOKU12
0,status,6,VILLAGER,ALIVE,sample_py
0,status,7,WEREWOLF,ALIVE,Takeda7
0,status,8,VILLAGER,ALIVE,Takeda11
0,status,9,VILLAGER,ALIVE,HALU
0,status,10,POSSESSED,ALIVE,SampleJava2
0,status,11,VILLAGER,ALIVE,Tomato0
0,status,12,VILLAGER,ALIVE,Tomato6
0,status,13,VILLAGER,ALIVE,sample_py
0,status,14,VILLAGER,ALIVE,Takeda10
0,status,15,WEREWOLF,ALIVE,HALU
0,whisper,0,0,7,Skip
0,whisper,1,0,1,COMINGOUT Agent[01] VILLAGER
0,whisper,2,0,15,COMINGOUT Agent[15] VILLAGER
0,whisper,3,1,15,Skip
0,whisper,4,1,1,Skip
0,whisper,5,1,7,Skip
0,whisper,6,2,7,Over
0,whisper,7,2,1,Skip
0,whisper,8,2,15,Skip
0,whisper,9,3,15,Over
0,whisper,10,3,1,Over
0,whisper,11,3,7,Over
0,divine,4,11,HUMAN
1,status,1,WEREWOLF,ALIVE,SampleJava5
1,status,2,MEDIUM,ALIVE,Tomato14
1,status,3,VILLAGER,ALIVE,Tomato4
1,status,4,SEER,ALIVE,OKAMI
1,status,5,BODYGUARD,ALIVE,TOKU12
1,status,6,VILLAGER,ALIVE,sample_py
1,status,7,WEREWOLF,ALIVE,Takeda7
1,status,8,VILLAGER,ALIVE,Takeda11
1,status,9,VILLAGER,ALIVE,HALU
1,status,10,POSSESSED,ALIVE,SampleJava2
1,status,11,VILLAGER,ALIVE,Tomato0
1,status,12,VILLAGER,ALIVE,Tomato6
1,status,13,VILLAGER,ALIVE,sample_py
1,status,14,VILLAGER,ALIVE,Takeda10
1,status,15,WEREWOLF,ALIVE,HALU
1,talk,0,0,2,COMINGOUT Agent[02] MEDIUM
1,talk,1,0,7,Skip
1,talk,2,0,1,VOTE Agent[10]
1,talk,3,0,13,VOTE Agent[01]
1,talk,4,0,15,VOTE Agent[13]
1,talk,5,0,10,VOTE Agent[14]
1,talk,6,0,6,VOTE Agent[09]
1,talk,7,0,8,VOTE Agent[14]
1,talk,8,0,11,VOTE Agent[14]
1,talk,9,0,9,VOTE Agent[11]
1,talk,10,0,12,VOTE Agent[14]
1,talk,11,0,4,VOTE Agent[11]
1,talk,12,0,5,VOTE Agent[14]
1,talk,13,0,3,VOTE Agent[14]
1,talk,14,0,14,VOTE Agent[11]
1,talk,15,1,8,Skip
1,talk,16,1,9,VOTE Agent[01]
1,talk,17,1,12,Skip
1,talk,18,1,11,Skip
1,talk,19,1,13,Skip
1,talk,20,1,14,VOTE Agent[07]
1,talk,21,1,2,VOTE Agent[14]
1,talk,22,1,4,VOTE Agent[01]
1,talk,23,1,1,REQUEST ANY (VOTE Agent[10])
1,talk,24,1,10,REQUEST ANY (VOTE Agent[14])
1,talk,25,1,7,VOTE Agent[14]
1,talk,26,1,3,Skip
1,talk,27,1,15,VOTE Agent[14]
1,talk,28,1,5,Skip
1,talk,29,1,6,Skip
1,talk,30,2,12,Skip
1,talk,31,2,2,Skip
1,talk,32,2,10,Skip
1,talk,33,2,4,VOTE Agent[01]
1,talk,34,2,1,Skip
1,talk,35,2,9,VOTE Agent[01]
1,talk,36,2,5,VOTE Agent[07]
1,talk,37,2,3,Skip
1,talk,38,2,15,VOTE Agent[06]
1,talk,39,2,13,Skip
1,talk,40,2,14,Skip
1,talk,41,2,7,VOTE Agent[04]
1,talk,42,2,11,Skip
1,talk,43,2,6,Skip
1,talk,44,2,8,VOTE Agent[07]
1,talk,45,3,12,Over
1,talk,46,3,6,Over
1,talk,47,3,2,Skip
1,talk,48,3,5,Skip
1,talk,49,3,14,Skip
1,talk,50,3,13,Over
1,talk,51,3,15,VOTE Agent[14]
1,talk,52,3,10,Skip
1,talk,53,3,4,VOTE Agent[07]
1,talk,54,3,1,Skip
1,talk,55,3,3,Over
1,talk,56,3,7,Skip
1,talk,57,3,9,VOTE Agent[01]
1,talk,58,3,11,Over
1,talk,59,3,8,VOTE Agent[04]
1,talk,60,4,1,Over
1,talk,61,4,13,Over
1,talk,62,4,9,VOTE Agent[01]
1,talk,63,4,10,Over
1,talk,64,4,6,Over
1,talk,65,4,5,VOTE Agent[04]
1,talk,66,4,12,Over
1,talk,67,4,2,Over
1,talk,68,4,3,Over
1,talk,69,4,15,VOTE Agent[05]
1,talk,70,4,8,Skip
1,talk,71,4,11,Over
1,talk,72,4,7,VOTE Agent[08]
1,talk,73,4,14,Over
1,talk,74,4,4,VOTE Agent[01]
1,talk,75,5,12,Over
1,talk,76,5,10,Over
1,talk,77,5,3,Over
1,talk,78,5,11,Over
1,talk,79,5,9,VOTE Agent[01]
1,talk,80,5,8,VOTE Agent[07]
1,talk,81,5,14,Over
1,talk,82,5,15,VOTE Agent[09]
1,talk,83,5,2,Over
1,talk,84,5,13,Over
1,talk,85,5,1,Over
1,talk,86,5,5,Skip
1,talk,87,5,7,VOTE Agent[04]
1,talk,88,5,4,VOTE Agent[04]
1,talk,89,5,6,Over
1,talk,90,6,8,Skip
1,talk,91,6,7,Skip
1,talk,92,6,1,Over
1,talk,93,6,3,Over
1,talk,94,6,9,VOTE Agent[01]
1,talk,95,6,14,Over
1,talk,96,6,6,Over
1,talk,97,6,10,Over
1,talk,98,6,12,Over
1,talk,99,6,15,VOTE Agent[09]
1,talk,100,6,13,Over
1,talk,101,6,4,VOTE Agent[07]
1,talk,102,6,2,Over
1,talk,103,6,5,Skip
1,talk,104,6,11,Over
1,talk,105,7,2,Over
1,talk,106,7,11,Over
1,talk,107,7,8,Skip
1,talk,108,7,9,VOTE Agent[01]
1,talk,109,7,13,Over
1,talk,110,7,12,Over
1,talk,111,7,1,Over
1,talk,112,7,4,VOTE Agent[01]
1,talk,113,7,3,Over
1,talk,114,7,7,Skip
1,talk,115,7,14,Over
1,talk,116,7,5,Over
1,talk,117,7,15,VOTE Agent[04]
1,talk,118,7,6,Over
1,talk,119,7,10,Over
1,talk,120,8,13,Over
1,talk,121,8,6,Over
1,talk,122,8,14,Over
1,talk,123,8,7,Over
1,talk,124,8,4,VOTE Agent[04]
1,talk,125,8,3,Over
1,talk,126,8,2,Over
1,talk,127,8,10,Over
1,talk,128,8,11,Over
1,talk,129,8,5,Over
1,talk,130,8,8,Over
1,talk,131,8,9,VOTE Agent[01]
1,talk,132,8,12,Over
1,talk,133,8,15,VOTE Agent[04]
1,talk,134,8,1,Over
1,talk,135,9,7,Over
1,talk,136,9,12,Over
1,talk,137,9,13,Over
1,talk,138,9,2,Over
1,talk,139,9,9,Over
1,talk,140,9,10,Over
1,talk,141,9,14,Over
1,talk,142,9,3,Over
1,talk,143,9,1,Over
1,talk,144,9,11,Over
1,talk,145,9,15,Over
1,talk,146,9,8,Over
1,talk,147,9,5,Over
1,talk,148,9,6,Over
1,talk,149,9,4,Over
1,vote,1,10
1,vote,2,14
1,vote,3,14
1,vote,4,2
1,vote,5,4
1,vote,6,9
1,vote,7,4
1,vote,8,7
1,vote,9,1
1,vote,10,13
1,vote,11,14
1,vote,12,14
1,vote,13,1
1,vote,14,7
1,vote,15,4
1,execute,14,VILLAGER
1,divine,4,7,WEREWOLF
1,whisper,0,0,7,Skip
1,whisper,1,0,1,BECAUSE (Agent[02] COMINGOUT Agent[02] MEDIUM) (ATTACK Agent[02])
1,whisper,2,0,15,ATTACK Agent[02]
1,whisper,3,1,1,ATTACK Agent[02]
1,whisper,4,1,15,Skip
1,whisper,5,1,7,Skip
1,whisper,6,2,1,Skip
1,whisper,7,2,15,Skip
1,whisper,8,2,7,Over
1,whisper,9,3,1,Skip
1,whisper,10,3,7,Over
1,whisper,11,3,15,Over
1,whisper,12,4,1,Over
1,whisper,13,4,15,Over
1,whisper,14,4,7,Over
1,guard,5,13,VILLAGER
1,attackVote,1,2
1,attackVote,7,13
1,attackVote,15,4
1,attackVote,1,2
1,attackVote,7,13
1,attackVote,15,6
1,attack,13,false
2,status,1,WEREWOLF,ALIVE,SampleJava5
2,status,2,MEDIUM,ALIVE,Tomato14
2,status,3,VILLAGER,ALIVE,Tomato4
2,status,4,SEER,ALIVE,OKAMI
2,status,5,BODYGUARD,ALIVE,TOKU12
2,status,6,VILLAGER,ALIVE,sample_py
2,status,7,WEREWOLF,ALIVE,Takeda7
2,status,8,VILLAGER,ALIVE,Takeda11
2,status,9,VILLAGER,ALIVE,HALU
2,status,10,POSSESSED,ALIVE,SampleJava2
2,status,11,VILLAGER,ALIVE,Tomato0
2,status,12,VILLAGER,ALIVE,Tomato6
2,status,13,VILLAGER,ALIVE,sample_py
2,status,14,VILLAGER,DEAD,Takeda10
2,status,15,WEREWOLF,ALIVE,HALU
2,talk,0,0,8,VOTE Agent[07]
2,talk,1,0,1,VOTE Agent[10]
2,talk,2,0,9,VOTE Agent[01]
2,talk,3,0,4,VOTE Agent[10]
2,talk,4,0,5,VOTE Agent[04]
2,talk,5,0,6,VOTE Agent[15]
2,talk,6,0,2,IDENTIFIED Agent[14] HUMAN
2,talk,7,0,11,VOTE Agent[10]
2,talk,8,0,13,VOTE Agent[15]
2,talk,9,0,12,VOTE Agent[10]
2,talk,10,0,15,VOTE Agent[08]
2,talk,11,0,7,VOTE Agent[04]
2,talk,12,0,3,VOTE Agent[10]
2,talk,13,0,10,VOTE Agent[13]
2,talk,14,1,3,Skip
2,talk,15,1,9,VOTE Agent[01]
2,talk,16,1,2,VOTE Agent[10]
2,talk,17,1,6,Skip
2,talk,18,1,12,Skip
2,talk,19,1,4,VOTE Agent[04]
2,talk,20,1,13,Skip
2,talk,21,1,8,Skip
2,talk,22,1,7,Skip
2,talk,23,1,11,Skip
2,talk,24,1,5,VOTE Agent[07]
2,talk,25,1,1,REQUEST ANY (VOTE Agent[10])
2,talk,26,1,15,VOTE Agent[09]
2,talk,27,1,10,REQUEST ANY (VOTE Agent[13])
2,talk,28,2,6,Skip
2,talk,29,2,15,VOTE Agent[09]
2,talk,30,2,10,Skip
2,talk,31,2,7,Skip
2,talk,32,2,1,Skip
2,talk,33,2,11,Skip
2,talk,34,2,4,VOTE Agent[07]
2,talk,35,2,5,Skip
2,talk,36,2,2,Skip
2,talk,37,2,13,Skip
2,talk,38,2,12,Skip
2,talk,39,2,3,Skip
2,talk,40,2,9,VOTE Agent[01]
2,talk,41,2,8,Skip
2,talk,42,3,15,VOTE Agent[04]
2,talk,43,3,3,Over
2,talk,44,3,9,VOTE Agent[01]
2,talk,45,3,12,Over
2,talk,46,3,10,Skip
2,talk,47,3,4,VOTE Agent[04]
2,talk,48,3,5,VOTE Agent[04]
2,talk,49,3,1,Skip
2,talk,50,3,7,Over
2,talk,51,3,2,Skip
2,talk,52,3,13,Over
2,talk,53,3,6,Over
2,talk,54,3,8,Over
2,talk,55,3,11,Over
2,talk,56,4,8,Over
2,talk,57,4,13,Over
2,talk,58,4,12,Over
2,talk,59,4,4,VOTE Agent[04]
2,talk,60,4,6,Over
2,talk,61,4,5,Skip
2,talk,62,4,10,Over
2,talk,63,4,9,VOTE Agent[01]
2,talk,64,4,1,Over
2,talk,65,4,2,Over
2,talk,66,4,11,Over
2,talk,67,4,15,VOTE Agent[04]
2,talk,68,4,3,Over
2,talk,69,4,7,Over
2,talk,70,5,12,Over
2,talk,71,5,5,Skip
2,talk,72,5,7,Over
2,talk,73,5,10,Over
2,talk,74,5,3,Over
2,talk,75,5,11,Over
2,talk,76,5,1,Over
2,talk,77,5,15,VOTE Agent[10]
2,talk,78,5,6,Over
2,talk,79,5,9,VOTE Agent[01]
2,talk,80,5,2,Over
2,talk,81,5,4,VOTE Agent[15]
2,talk,82,5,8,Over
2,talk,83,5,13,Over
2,talk,84,6,1,Over
2,talk,85,6,13,Over
2,talk,86,6,5,Over
2,talk,87,6,3,Over
2,talk,88,6,10,Over
2,talk,89,6,15,VOTE Agent[10]
2,talk,90,6,7,Over
2,talk,91,6,12,Over
2,talk,92,6,9,VOTE Agent[01]
2,talk,93,6,2,Over
2,talk,94,6,6,Over
2,talk,95,6,4,VOTE Agent[04]
2,talk,96,6,11,Over
2,talk,97,6,8,Over
2,talk,98,7,13,Over
2,talk,99,7,7,Over
2,talk,100,7,6,Over
2,talk,101,7,11,Over
2,talk,102,7,15,VOTE Agent[04]
2,talk,103,7,5,Over
2,talk,104,7,3,Over
2,talk,105,7,10,Over
2,talk,106,7,9,VOTE Agent[01]
2,talk,107,7,2,Over
2,talk,108,7,4,VOTE Agent[04]
2,talk,109,7,8,Over
2,talk,110,7,12,Over
2,talk,111,7,1,Over
2,talk,112,8,1,Over
2,talk,113,8,12,Over
2,talk,114,8,11,Over
2,talk,115,8,13,Over
2,talk,116,8,10,Over
2,talk,117,8,7,Over
2,talk,118,8,15,VOTE Agent[04]
2,talk,119,8,9,VOTE Agent[01]
2,talk,120,8,8,Over
2,talk,121,8,2,Over
2,talk,122,8,3,Over
2,talk,123,8,6,Over
2,talk,124,8,4,VOTE Agent[04]
2,talk,125,8,5,Over
2,talk,126,9,6,Over
2,talk,127,9,12,Over
2,talk,128,9,2,Over
2,talk,129,9,10,Over
2,talk,130,9,13,Over
2,talk,131,9,3,Over
2,talk,132,9,11,Over
2,talk,133,9,8,Over
2,talk,134,9,4,Over
2,talk,135,9,5,Over
2,talk,136,9,1,Over
2,talk,137,9,9,Over
2,talk,138,9,7,Over
2,talk,139,9,15,Over
2,vote,1,10
2,vote,2,10
2,vote,3,10
2,vote,4,1
2,vote,5,4
2,vote,6,15
2,vote,7,4
2,vote,8,7
2,vote,9,1
2,vote,10,6
2,vote,11,10
2,vote,12,10
2,vote,13,15
2,vote,15,4
2,execute,10,POSSESSED
2,divine,4,15,WEREWOLF
2,whisper,0,0,1,BECAUSE (Agent[02] COMINGOUT Agent[02] MEDIUM) (ATTACK Agent[02])
2,whisper,1,0,15,ATTACK Agent[02]
2,whisper,2,0,7,Skip
2,whisper,3,1,15,Skip
2,whisper,4,1,1,ATTACK Agent[02]
2,whisper,5,1,7,Skip
2,whisper,6,2,7,Over
2,whisper,7,2,1,Skip
2,whisper,8,2,15,Skip
2,whisper,9,3,1,Skip
2,whisper,10,3,15,Over
2,whisper,11,3,7,Over
2,whisper,12,4,15,Over
2,whisper,13,4,7,Over
2,whisper,14,4,1,Over
2,guard,5,6,VILLAGER
2,attackVote,1,2
2,attackVote,7,6
2,attackVote,15,2
2,attack,2,true
3,status,1,WEREWOLF,ALIVE,SampleJava5
3,status,2,MEDIUM,DEAD,Tomato14
3,status,3,VILLAGER,ALIVE,Tomato4
3,status,4,SEER,ALIVE,OKAMI
3,status,5,BODYGUARD,ALIVE,TOKU12
3,status,6,VILLAGER,ALIVE,sample_py
3,status,7,WEREWOLF,ALIVE,Takeda7
3,status,8,VILLAGER,ALIVE,Takeda11
3,status,9,VILLAGER,ALIVE,HALU
3,status,10,POSSESSED,DEAD,SampleJava2
3,status,11,VILLAGER,ALIVE,Tomato0
3,status,12,VILLAGER,ALIVE,Tomato6
3,status,13,VILLAGER,ALIVE,sample_py
3,status,14,VILLAGER,DEAD,Takeda10
3,status,15,WEREWOLF,ALIVE,HALU
3,talk,0,0,6,VOTE Agent[01]
3,talk,1,0,4,VOTE Agent[01]
3,talk,2,0,9,VOTE Agent[01]
3,talk,3,0,3,VOTE Agent[12]
3,talk,4,0,11,VOTE Agent[03]
3,talk,5,0,15,VOTE Agent[11]
3,talk,6,0,5,VOTE Agent[04]
3,talk,7,0,12,VOTE Agent[03]
3,talk,8,0,7,VOTE Agent[04]
3,talk,9,0,8,VOTE Agent[07]
3,talk,10,0,1,VOTE Agent[10]
3,talk,11,0,13,VOTE Agent[03]
3,talk,12,1,11,Skip
3,talk,13,1,6,Skip
3,talk,14,1,7,VOTE Agent[08]
3,talk,15,1,4,VOTE Agent[01]
3,talk,16,1,13,Skip
3,talk,17,1,8,Skip
3,talk,18,1,15,VOTE Agent[13]
3,talk,19,1,12,Skip
3,talk,20,1,1,REQUEST ANY (VOTE Agent[10])
3,talk,21,1,3,Skip
3,talk,22,1,9,VOTE Agent[01]
3,talk,23,1,5,VOTE Agent[07]
3,talk,24,2,6,Skip
3,talk,25,2,8,Skip
3,talk,26,2,1,Skip
3,talk,27,2,4,VOTE Agent[01]
3,talk,28,2,7,VOTE Agent[05]
3,talk,29,2,5,Skip
3,talk,30,2,9,VOTE Agent[01]
3,talk,31,2,15,VOTE Agent[09]
3,talk,32,2,11,Skip
3,talk,33,2,3,Skip
3,talk,34,2,13,Skip
3,talk,35,2,12,Skip
3,talk,36,3,1,Skip
3,talk,37,3,8,Over
3,talk,38,3,5,Skip
3,talk,39,3,6,Over
3,talk,40,3,12,Over
3,talk,41,3,4,VOTE Agent[07]
3,talk,42,3,9,VOTE Agent[01]
3,talk,43,3,15,VOTE Agent[09]
3,talk,44,3,11,VOTE Agent[12]
3,talk,45,3,3,Over
3,talk,46,3,7,Skip
3,talk,47,3,13,Over
3,talk,48,4,9,VOTE Agent[01]
3,talk,49,4,6,Over
3,talk,50,4,7,Skip
3,talk,51,4,3,Over
3,talk,52,4,15,VOTE Agent[04]
3,talk,53,4,13,Over
3,talk,54,4,1,Over
3,talk,55,4,8,Over
3,talk,56,4,5,Over
3,talk,57,4,11,VOTE Agent[03]
3,talk,58,4,12,Over
3,talk,59,4,4,VOTE Agent[07]
3,talk,60,5,1,Over
3,talk,61,5,9,VOTE Agent[01]
3,talk,62,5,6,Over
3,talk,63,5,3,Over
3,talk,64,5,15,VOTE Agent[11]
3,talk,65,5,7,Over
3,talk,66,5,4,VOTE Agent[07]
3,talk,67,5,12,Over
3,talk,68,5,11,Skip
3,talk,69,5,8,Over
3,talk,70,5,13,Over
3,talk,71,5,5,Over
3,talk,72,6,8,Over
3,talk,73,6,15,VOTE Agent[11]
3,talk,74,6,12,Over
3,talk,75,6,3,Over
3,talk,76,6,7,Over
3,talk,77,6,4,VOTE Agent[01]
3,talk,78,6,9,VOTE Agent[01]
3,talk,79,6,6,Over
3,talk,80,6,1,Over
3,talk,81,6,13,Over
3,talk,82,6,5,Over
3,talk,83,6,11,Skip
3,talk,84,7,4,VOTE Agent[07]
3,talk,85,7,8,Over
3,talk,86,7,1,Over
3,talk,87,7,6,Over
3,talk,88,7,9,VOTE Agent[01]
3,talk,89,7,5,Over
3,talk,90,7,7,Over
3,talk,91,7,3,Over
3,talk,92,7,11,Over
3,talk,93,7,12,Over
3,talk,94,7,15,VOTE Agent[11]
3,talk,95,7,13,Over
3,talk,96,8,13,Over
3,talk,97,8,15,VOTE Agent[11]
3,talk,98,8,9,VOTE Agent[01]
3,talk,99,8,4,VOTE Agent[07]
3,talk,100,8,1,Over
3,talk,101,8,6,Over
3,talk,102,8,5,Over
3,talk,103,8,12,Over
3,talk,104,8,11,VOTE Agent[12]
3,talk,105,8,7,Over
3,talk,106,8,8,Over
3,talk,107,8,3,Over
3,talk,108,9,7,Over
3,talk,109,9,1,Over
3,talk,110,9,3,Over
3,talk,111,9,6,Over
3,talk,112,9,15,Over
3,talk,113,9,11,VOTE Agent[03]
3,talk,114,9,4,Over
3,talk,115,9,8,Over
3,talk,116,9,9,Over
3,talk,117,9,5,Over
3,talk,118,9,12,Over
3,talk,119,9,13,Over
3,talk,120,10,6,Over
3,talk,121,10,9,Over
3,talk,122,10,13,Over
3,talk,123,10,8,Over
3,talk,124,10,11,Skip
3,talk,125,10,7,Over
3,talk,126,10,1,Over
3,talk,127,10,12,Over
3,talk,128,10,5,Over
3,talk,129,10,4,Over
3,talk,130,10,3,Over
3,talk,131,10,15,Over
3,talk,132,11,3,Over
3,talk,133,11,6,Over
3,talk,134,11,5,Over
3,talk,135,11,9,Over
3,talk,136,11,15,Over
3,talk,137,11,13,Over
3,talk,138,11,8,Over
3,talk,139,11,1,Over
3,talk,140,11,11,Skip
3,talk,141,11,12,Over
3,talk,142,11,7,Over
3,talk,143,11,4,Over
3,talk,144,12,15,Over
3,talk,145,12,1,Over
3,talk,146,12,7,Over
3,talk,147,12,12,Over
3,talk,148,12,11,VOTE Agent[12]
3,talk,149,12,3,Over
3,talk,150,12,5,Over
3,talk,151,12,9,Over
3,talk,152,12,8,Over
3,talk,153,12,13,Over
3,talk,154,12,6,Over
3,talk,155,12,4,Over
3,talk,156,13,1,Over
3,talk,157,13,7,Over
3,talk,158,13,6,Over
3,talk,159,13,3,Over
3,talk,160,13,8,Over
3,talk,161,13,5,Over
3,talk,162,13,11,VOTE Agent[03]
3,talk,163,13,4,Over
3,talk,164,13,13,Over
3,talk,165,13,9,Over
3,talk,166,13,12,Over
3,talk,167,13,15,Over
3,talk,168,14,15,Over
3,talk,169,14,3,Over
3,talk,170,14,4,Over
3,talk,171,14,1,Over
3,talk,172,14,12,Over
3,talk,173,14,6,Over
3,talk,174,14,7,Over
3,talk,175,14,9,Over
3,talk,176,14,8,Over
3,talk,177,14,11,Skip
3,talk,178,14,13,Over
3,talk,179,14,5,Over
3,talk,180,15,11,Skip
3,talk,181,15,5,Over
3,talk,182,15,6,Over
3,talk,183,15,15,Over
3,talk,184,15,12,Over
3,talk,185,15,1,Over
3,talk,186,15,4,Over
3,talk,187,15,8,Over
3,talk,188,15,13,Over
3,talk,189,15,3,Over
3,talk,190,15,7,Over
3,talk,191,15,9,Over
3,talk,192,16,1,Over
3,talk,193,16,5,Over
3,talk,194,16,8,Over
3,talk,195,16,7,Over
3,talk,196,16,15,Over
3,talk,197,16,3,Over
3,talk,198,16,13,Over
3,talk,199,16,9,Over
3,talk,200,16,12,Over
3,talk,201,16,6,Over
3,talk,202,16,4,Over
3,talk,203,16,11,Over
3,vote,1,7
3,vote,3,12
3,vote,4,7
3,vote,5,7
3,vote,6,1
3,vote,7,5
3,vote,8,7
3,vote,9,1
3,vote,11,3
3,vote,12,3
3,vote,13,3
3,vote,15,11
3,execute,7,WEREWOLF
3,divine,4,5,HUMAN
3,whisper,0,0,1,ATTACK Agent[08]
3,whisper,1,0,15,ATTACK Agent[02]
3,whisper,2,1,1,Skip
3,whisper,3,1,15,Skip
3,whisper,4,2,1,Skip
3,whisper,5,2,15,Skip
3,whisper,6,3,15,Over
3,whisper,7,3,1,Over
3,guard,5,4,SEER
3,attackVote,1,8
3,attack,8,true
4,status,1,WEREWOLF,ALIVE,SampleJava5
4,status,2,MEDIUM,DEAD,Tomato14
4,status,3,VILLAGER,ALIVE,Tomato4
4,status,4,SEER,ALIVE,OKAMI
4,status,5,BODYGUARD,ALIVE,TOKU12
4,status,6,VILLAGER,ALIVE,sample_py
4,status,7,WEREWOLF,DEAD,Takeda7
4,status,8,VILLAGER,DEAD,Takeda11
4,status,9,VILLAGER,ALIVE,HALU
4,status,10,POSSESSED,DEAD,SampleJava2
4,status,11,VILLAGER,ALIVE,Tomato0
4,status,12,VILLAGER,ALIVE,Tomato6
4,status,13,VILLAGER,ALIVE,sample_py
4,status,14,VILLAGER,DEAD,Takeda10
4,status,15,WEREWOLF,ALIVE,HALU
4,talk,0,0,13,VOTE Agent[15]
4,talk,1,0,11,VOTE Agent[03]
4,talk,2,0,12,VOTE Agent[03]
4,talk,3,0,6,VOTE Agent[01]
4,talk,4,0,4,VOTE Agent[01]
4,talk,5,0,9,VOTE Agent[01]
4,talk,6,0,15,VOTE Agent[09]
4,talk,7,0,3,VOTE Agent[12]
4,talk,8,0,1,VOTE Agent[10]
4,talk,9,0,5,VOTE Agent[15]
4,talk,10,1,6,Skip
4,talk,11,1,1,REQUEST ANY (VOTE Agent[10])
4,talk,12,1,15,VOTE Agent[09]
4,talk,13,1,5,Skip
4,talk,14,1,4,VOTE Agent[03]
4,talk,15,1,12,Skip
4,talk,16,1,3,Skip
4,talk,17,1,9,VOTE Agent[01]
4,talk,18,1,11,Skip
4,talk,19,1,13,Skip
4,talk,20,2,9,VOTE Agent[01]
4,talk,21,2,1,Skip
4,talk,22,2,4,VOTE Agent[15]
4,talk,23,2,12,Skip
4,talk,24,2,3,Skip
4,talk,25,2,11,Skip
4,talk,26,2,6,Skip
4,talk,27,2,5,Skip
4,talk,28,2,13,Skip
4,talk,29,2,15,VOTE Agent[03]
4,talk,30,3,5,VOTE Agent[04]
4,talk,31,3,6,Over
4,talk,32,3,1,Skip
4,talk,33,3,12,Over
4,talk,34,3,4,VOTE Agent[01]
4,talk,35,3,3,Over
4,talk,36,3,15,VOTE Agent[03]
4,talk,37,3,9,VOTE Agent[01]
4,talk,38,3,13,Over
4,talk,39,3,11,Over
4,talk,40,4,1,Over
4,talk,41,4,9,VOTE Agent[01]
4,talk,42,4,15,VOTE Agent[09]
4,talk,43,4,6,Over
4,talk,44,4,13,Over
4,talk,45,4,3,Over
4,talk,46,4,11,Over
4,talk,47,4,12,Over
4,talk,48,4,5,Skip
4,talk,49,4,4,VOTE Agent[01]
4,talk,50,5,1,Over
4,talk,51,5,3,Over
4,talk,52,5,9,VOTE Agent[01]
4,talk,53,5,4,VOTE Agent[03]
4,talk,54,5,11,Over
4,talk,55,5,13,Over
4,talk,56,5,6,Over
4,talk,57,5,15,VOTE Agent[04]
4,talk,58,5,5,Skip
4,talk,59,5,12,Over
4,talk,60,6,11,Over
4,talk,61,6,5,Over
4,talk,62,6,12,Over
4,talk,63,6,15,VOTE Agent[09]
4,talk,64,6,13,Over
4,talk,65,6,4,VOTE Agent[01]
4,talk,66,6,1,Over
4,talk,67,6,6,Over
4,talk,68,6,9,VOTE Agent[01]
4,talk,69,6,3,Over
4,talk,70,7,6,Over
4,talk,71,7,5,Over
4,talk,72,7,11,Over
4,talk,73,7,3,Over
4,talk,74,7,1,Over
4,talk,75,7,13,Over
4,talk,76,7,9,VOTE Agent[01]
4,talk,77,7,4,VOTE Agent[03]
4,talk,78,7,15,VOTE Agent[09]
4,talk,79,7,12,Over
4,talk,80,8,1,Over
4,talk,81,8,15,VOTE Agent[04]
4,talk,82,8,9,VOTE Agent[01]
4,talk,83,8,13,Over
4,talk,84,8,3,Over
4,talk,85,8,4,VOTE Agent[01]
4,talk,86,8,11,Over
4,talk,87,8,6,Over
4,talk,88,8,5,Over
4,talk,89,8,12,Over
4,talk,90,9,6,Over
4,talk,91,9,4,Over
4,talk,92,9,15,Over
4,talk,93,9,11,Over
4,talk,94,9,9,Over
4,talk,95,9,5,Over
4,talk,96,9,13,Over
4,talk,97,9,1,Over
4,talk,98,9,12,Over
4,talk,99,9,3,Over
4,vote,1,9
4,vote,3,12
4,vote,4,1
4,vote,5,4
4,vote,6,1
4,vote,9,1
4,vote,11,3
4,vote,12,3
4,vote,13,15
4,vote,15,4
4,execute,1,WEREWOLF
4,divine,4,15,WEREWOLF
4,guard,5,13,VILLAGER
4,attack,5,true
5,status,1,WEREWOLF,DEAD,SampleJava5
5,status,2,MEDIUM,DEAD,Tomato14
5,status,3,VILLAGER,ALIVE,Tomato4
5,status,4,SEER,ALIVE,OKAMI
5,status,5,BODYGUARD,DEAD,TOKU12
5,status,6,VILLAGER,ALIVE,sample_py
5,status,7,WEREWOLF,DEAD,Takeda7
5,status,8,VILLAGER,DEAD,Takeda11
5,status,9,VILLAGER,ALIVE,HALU
5,status,10,POSSESSED,DEAD,SampleJava2
5,status,11,VILLAGER,ALIVE,Tomato0
5,status,12,VILLAGER,ALIVE,Tomato6
5,status,13,VILLAGER,ALIVE,sample_py
5,status,14,VILLAGER,DEAD,Takeda10
5,status,15,WEREWOLF,ALIVE,HALU
5,talk,0,0,12,VOTE Agent[03]
5,talk,1,0,11,VOTE Agent[03]
5,talk,2,0,6,VOTE Agent[12]
5,talk,3,0,15,VOTE Agent[06]
5,talk,4,0,9,VOTE Agent[15]
5,talk,5,0,13,VOTE Agent[04]
5,talk,6,0,3,VOTE Agent[12]
5,talk,7,0,4,VOTE Agent[12]
5,talk,8,1,9,VOTE Agent[13]
5,talk,9,1,6,Skip
5,talk,10,1,15,VOTE Agent[13]
5,talk,11,1,3,Skip
5,talk,12,1,11,Skip
5,talk,13,1,12,Skip
5,talk,14,1,13,Skip
5,talk,15,1,4,VOTE Agent[03]
5,talk,16,2,11,Skip
5,talk,17,2,15,VOTE Agent[04]
5,talk,18,2,12,Skip
5,talk,19,2,9,VOTE Agent[04]
5,talk,20,2,3,Skip
5,talk,21,2,13,Skip
5,talk,22,2,6,Skip
5,talk,23,2,4,VOTE Agent[03]
5,talk,24,3,12,Over
5,talk,25,3,4,VOTE Agent[03]
5,talk,26,3,11,Over
5,talk,27,3,9,VOTE Agent[15]
5,talk,28,3,13,Over
5,talk,29,3,15,VOTE Agent[04]
5,talk,30,3,6,Over
5,talk,31,3,3,Over
5,talk,32,4,13,Over
5,talk,33,4,6,Over
5,talk,34,4,15,VOTE Agent[04]
5,talk,35,4,11,Over
5,talk,36,4,9,VOTE Agent[04]
5,talk,37,4,12,Over
5,talk,38,4,3,Over
5,talk,39,4,4,VOTE Agent[03]
5,talk,40,5,12,Over
5,talk,41,5,15,VOTE Agent[04]
5,talk,42,5,3,Over
5,talk,43,5,9,VOTE Agent[04]
5,talk,44,5,11,Over
5,talk,45,5,4,VOTE Agent[12]
5,talk,46,5,6,Over
5,talk,47,5,13,Over
5,talk,48,6,15,VOTE Agent[04]
5,talk,49,6,3,Over
5,talk,50,6,12,Over
5,talk,51,6,4,VOTE Agent[12]
5,talk,52,6,6,Over
5,talk,53,6,13,Over
5,talk,54,6,11,Over
5,talk,55,6,9,VOTE Agent[04]
5,talk,56,7,9,VOTE Agent[04]
5,talk,57,7,3,Over
5,talk,58,7,15,VOTE Agent[04]
5,talk,59,7,12,Over
5,talk,60,7,11,Over
5,talk,61,7,6,Over
5,talk,62,7,4,VOTE Agent[03]
5,talk,63,7,13,Over
5,talk,64,8,11,Over
5,talk,65,8,3,Over
5,talk,66,8,12,Over
5,talk,67,8,6,Over
5,talk,68,8,9,VOTE Agent[04]
5,talk,69,8,13,Over
5,talk,70,8,15,VOTE Agent[04]
5,talk,71,8,4,VOTE Agent[03]
5,talk,72,9,11,Over
5,talk,73,9,13,Over
5,talk,74,9,6,Over
5,talk,75,9,12,Over
5,talk,76,9,4,Over
5,talk,77,9,15,Over
5,talk,78,9,3,Over
5,talk,79,9,9,Over
5,vote,3,12
5,vote,4,12
5,vote,6,12
5,vote,9,4
5,vote,11,3
5,vote,12,3
5,vote,13,4
5,vote,15,4
5,vote,3,12
5,vote,4,3
5,vote,6,12
5,vote,9,4
5,vote,11,3
5,vote,12,3
5,vote,13,4
5,vote,15,4
5,execute,3,VILLAGER
5,divine,4,15,WEREWOLF
5,attack,12,true
6,status,1,WEREWOLF,DEAD,SampleJava5
6,status,2,MEDIUM,DEAD,Tomato14
6,status,3,VILLAGER,DEAD,Tomato4
6,status,4,SEER,ALIVE,OKAMI
6,status,5,BODYGUARD,DEAD,TOKU12
6,status,6,VILLAGER,ALIVE,sample_py
6,status,7,WEREWOLF,DEAD,Takeda7
6,status,8,VILLAGER,DEAD,Takeda11
6,status,9,VILLAGER,ALIVE,HALU
6,status,10,POSSESSED,DEAD,SampleJava2
6,status,11,VILLAGER,ALIVE,Tomato0
6,status,12,VILLAGER,DEAD,Tomato6
6,status,13,VILLAGER,ALIVE,sample_py
6,status,14,VILLAGER,DEAD,Takeda10
6,status,15,WEREWOLF,ALIVE,HALU
6,talk,0,0,9,VOTE Agent[04]
6,talk,1,0,11,VOTE Agent[13]
6,talk,2,0,13,VOTE Agent[09]
6,talk,3,0,4,VOTE Agent[09]
6,talk,4,0,6,VOTE Agent[13]
6,talk,5,0,15,VOTE Agent[09]
6,talk,6,1,9,VOTE Agent[11]
6,talk,7,1,11,Skip
6,talk,8,1,15,VOTE Agent[09]
6,talk,9,1,6,Skip
6,talk,10,1,4,VOTE Agent[09]
6,talk,11,1,13,Skip
6,talk,12,2,15,VOTE Agent[09]
6,talk,13,2,9,VOTE Agent[11]
6,talk,14,2,4,VOTE Agent[09]
6,talk,15,2,6,Skip
6,talk,16,2,13,Skip
6,talk,17,2,11,Skip
6,talk,18,3,15,VOTE Agent[09]
6,talk,19,3,11,Over
6,talk,20,3,6,Over
6,talk,21,3,9,VOTE Agent[04]
6,talk,22,3,4,VOTE Agent[09]
6,talk,23,3,13,Over
6,talk,24,4,11,Over
6,talk,25,4,6,Over
6,talk,26,4,15,VOTE Agent[09]
6,talk,27,4,9,VOTE Agent[04]
6,talk,28,4,4,VOTE Agent[13]
6,talk,29,4,13,Over
6,talk,30,5,13,Over
6,talk,31,5,15,VOTE Agent[09]
6,talk,32,5,11,Over
6,talk,33,5,9,VOTE Agent[04]
6,talk,34,5,4,VOTE Agent[13]
6,talk,35,5,6,Over
6,talk,36,6,6,Over
6,talk,37,6,4,VOTE Agent[09]
6,talk,38,6,13,Over
6,talk,39,6,15,VOTE Agent[09]
6,talk,40,6,9,VOTE Agent[04]
6,talk,41,6,11,Over
6,talk,42,7,15,VOTE Agent[09]
6,talk,43,7,9,VOTE Agent[04]
6,talk,44,7,6,Over
6,talk,45,7,13,Over
6,talk,46,7,11,Over
6,talk,47,7,4,VOTE Agent[09]
6,talk,48,8,13,Over
6,talk,49,8,15,VOTE Agent[09]
6,talk,50,8,6,Over
6,talk,51,8,4,VOTE Agent[09]
6,talk,52,8,11,Over
6,talk,53,8,9,VOTE Agent[04]
6,talk,54,9,15,Over
6,talk,55,9,11,Over
6,talk,56,9,13,Over
6,talk,57,9,6,Over
6,talk,58,9,4,Over
6,talk,59,9,9,Over
6,vote,4,9
6,vote,6,13
6,vote,9,4
6,vote,11,13
6,vote,13,9
6,vote,15,9
6,execute,9,VILLAGER
6,divine,4,11,HUMAN
6,attack,6,true
7,status,1,WEREWOLF,DEAD,SampleJava5
7,status,2,MEDIUM,DEAD,Tomato14
7,status,3,VILLAGER,DEAD,Tomato4
7,status,4,SEER,ALIVE,OKAMI
7,status,5,BODYGUARD,DEAD,TOKU12
7,status,6,VILLAGER,DEAD,sample_py
7,status,7,WEREWOLF,DEAD,Takeda7
7,status,8,VILLAGER,DEAD,Takeda11
7,status,9,VILLAGER,DEAD,HALU
7,status,10,POSSESSED,DEAD,SampleJava2
7,status,11,VILLAGER,ALIVE,Tomato0
7,status,12,VILLAGER,DEAD,Tomato6
7,status,13,VILLAGER,ALIVE,sample_py
7,status,14,VILLAGER,DEAD,Takeda10
7,status,15,WEREWOLF,ALIVE,HALU
7,talk,0,0,11,VOTE Agent[13]
7,talk,1,0,15,VOTE Agent[11]
7,talk,2,0,4,VOTE Agent[13]
7,talk,3,0,13,VOTE Agent[11]
7,talk,4,1,15,VOTE Agent[04]
7,talk,5,1,4,VOTE Agent[04]
7,talk,6,1,11,Skip
7,talk,7,1,13,Skip
7,talk,8,2,4,VOTE Agent[11]
7,talk,9,2,11,Skip
7,talk,10,2,13,Skip
7,talk,11,2,15,VOTE Agent[04]
7,talk,12,3,13,Over
7,talk,13,3,11,Over
7,talk,14,3,4,VOTE Agent[04]
7,talk,15,3,15,VOTE Agent[04]
7,talk,16,4,15,VOTE Agent[04]
7,talk,17,4,13,Over
7,talk,18,4,11,Over
7,talk,19,4,4,VOTE Agent[11]
7,talk,20,5,11,Over
7,talk,21,5,13,Over
7,talk,22,5,15,VOTE Agent[04]
7,talk,23,5,4,VOTE Agent[11]
7,talk,24,6,4,VOTE Agent[13]
7,talk,25,6,15,VOTE Agent[04]
7,talk,26,6,13,Over
7,talk,27,6,11,Over
7,talk,28,7,4,VOTE Agent[04]
7,talk,29,7,11,Over
7,talk,30,7,13,Over
7,talk,31,7,15,VOTE Agent[04]
7,talk,32,8,13,Over
7,talk,33,8,15,VOTE Agent[04]
7,talk,34,8,4,VOTE Agent[13]
7,talk,35,8,11,Over
7,talk,36,9,11,Over
7,talk,37,9,4,Over
7,talk,38,9,13,Over
7,talk,39,9,15,Over
7,vote,4,13
7,vote,11,13
7,vote,13,11
7,vote,15,4
7,execute,13,VILLAGER
7,divine,4,15,WEREWOLF
7,attack,4,true
8,status,1,WEREWOLF,DEAD,SampleJava5
8,status,2,MEDIUM,DEAD,Tomato14
8,status,3,VILLAGER,DEAD,Tomato4
8,status,4,SEER,DEAD,OKAMI
8,status,5,BODYGUARD,DEAD,TOKU12
8,status,6,VILLAGER,DEAD,sample_py
8,status,7,WEREWOLF,DEAD,Takeda7
8,status,8,VILLAGER,DEAD,Takeda11
8,status,9,VILLAGER,DEAD,HALU
8,status,10,POSSESSED,DEAD,SampleJava2
8,status,11,VILLAGER,ALIVE,Tomato0
8,status,12,VILLAGER,DEAD,Tomato6
8,status,13,VILLAGER,DEAD,sample_py
8,status,14,VILLAGER,DEAD,Takeda10
8,status,15,WEREWOLF,ALIVE,HALU
8,result,1,1,WEREWOLF
