0,status,1,VILLAGER,ALIVE,SampleJava10
0,status,2,VILLAGER,ALIVE,SampleJava6
0,status,3,VILLAGER,ALIVE,sample_py
0,status,4,VILLAGER,ALIVE,Tomato7
0,status,5,SEER,ALIVE,Takeda0
0,status,6,WEREWOLF,ALIVE,sample_py
0,status,7,VILLAGER,ALIVE,HALU
0,status,8,WEREWOLF,ALIVE,sample_py
0,status,9,VILLAGER,ALIVE,OKAMI
0,status,10,VILLAGER,ALIVE,SampleJava2
0,status,11,POSSESSED,ALIVE,HALU
0,status,12,MEDIUM,ALIVE,HALU
0,status,13,BODYGUARD,ALIVE,sample_py
0,status,14,WEREWOLF,ALIVE,SampleJava4
0,status,15,VILLAGER,ALIVE,HALU
0,whisper,0,0,8,COMINGOUT Agent[08] SEER
0,whisper,1,0,6,COMINGOUT Agent[06] VILLAGER
0,whisper,2,0,14,COMINGOUT Agent[14] SEER
0,whisper,3,1,6,COMINGOUT Agent[06] VILLAGER
0,whisper,4,1,8,COMINGOUT Agent[08] SEER
0,whisper,5,1,14,COMINGOUT Agent[14] VILLAGER
0,whisper,6,2,8,COMINGOUT Agent[08] SEER
0,whisper,7,2,6,COMINGOUT Agent[06] VILLAGER
0,whisper,8,2,14,Skip
0,whisper,9,3,14,Skip
0,whisper,10,3,8,COMINGOUT Agent[08] SEER
0,whisper,11,3,6,COMINGOUT Agent[06] VILLAGER
0,whisper,12,4,6,COMINGOUT Agent[06] VILLAGER
0,whisper,13,4,8,COMINGOUT Agent[08] SEER
0,whisper,14,4,14,Over
0,whisper,15,5,6,COMINGOUT Agent[06] VILLAGER
0,whisper,16,5,8,COMINGOUT Agent[08] SEER
0,whisper,17,5,14,Over
0,whisper,18,6,8,COMINGOUT Agent[08] SEER
0,whisper,19,6,14,Over
0,whisper,20,6,6,COMINGOUT Agent[06] VILLAGER
0,whisper,21,7,8,COMINGOUT Agent[08] SEER
0,whisper,22,7,14,Over
0,whisper,23,7,6,COMINGOUT Agent[06] VILLAGER
0,whisper,24,8,8,COMINGOUT Agent[08] SEER
0,whisper,25,8,6,COMINGOUT Agent[06] VILLAGER
0,whisper,26,8,14,Over
0,whisper,27,9,8,COMINGOUT Agent[08] SEER
0,whisper,28,9,6,COMINGOUT Agent[06] VILLAGER
0,whisper,29,9,14,Over
0,whisper,30,10,14,Over
0,whisper,31,10,8,Over
0,whisper,32,10,6,Over
0,divine,5,13,HUMAN
1,status,1,VILLAGER,ALIVE,SampleJava10
1,status,2,VILLAGER,ALIVE,SampleJava6
1,status,3,VILLAGER,ALIVE,sample_py
1,status,4,VILLAGER,ALIVE,Tomato7
1,status,5,SEER,ALIVE,Takeda0
1,status,6,WEREWOLF,ALIVE,sample_py
1,status,7,VILLAGER,ALIVE,HALU
1,status,8,WEREWOLF,ALIVE,sample_py
1,status,9,VILLAGER,ALIVE,OKAMI
1,status,10,VILLAGER,ALIVE,SampleJava2
1,status,11,POSSESSED,ALIVE,HALU
1,status,12,MEDIUM,ALIVE,HALU
1,status,13,BODYGUARD,ALIVE,sample_py
1,status,14,WEREWOLF,ALIVE,SampleJava4
1,status,15,VILLAGER,ALIVE,HALU
1,talk,0,0,1,VOTE Agent[14]
1,talk,1,0,9,VOTE Agent[14]
1,talk,2,0,7,VOTE Agent[09]
1,talk,3,0,11,COMINGOUT Agent[11] SEER
1,talk,4,0,5,COMINGOUT Agent[05] SEER
1,talk,5,0,2,VOTE Agent[11]
1,talk,6,0,14,VOTE Agent[05]
1,talk,7,0,6,VOTE Agent[09]
1,talk,8,0,3,VOTE Agent[04]
1,talk,9,0,4,VOTE Agent[09]
1,talk,10,0,12,VOTE Agent[04]
1,talk,11,0,13,VOTE Agent[15]
1,talk,12,0,10,VOTE Agent[01]
1,talk,13,0,8,VOTE Agent[11]
1,talk,14,0,15,VOTE Agent[04]
1,talk,15,1,11,DIVINED Agent[12] WEREWOLF
1,talk,16,1,3,VOTE Agent[12]
1,talk,17,1,7,VOTE Agent[12]
1,talk,18,1,14,REQUEST ANY (VOTE Agent[05])
1,talk,19,1,1,REQUEST ANY (VOTE Agent[14])
1,talk,20,1,13,VOTE Agent[12]
1,talk,21,1,9,COMINGOUT Agent[09] VILLAGER
1,talk,22,1,12,COMINGOUT Agent[12] MEDIUM
1,talk,23,1,4,VOTE Agent[12]
1,talk,24,1,8,Skip
1,talk,25,1,6,Skip
1,talk,26,1,5,DIVINED Agent[13] HUMAN
1,talk,27,1,10,REQUEST ANY (VOTE Agent[01])
1,talk,28,1,15,VOTE Agent[09]
1,talk,29,1,2,REQUEST ANY (VOTE Agent[11])
1,talk,30,2,10,Skip
1,talk,31,2,11,VOTE Agent[12]
1,talk,32,2,3,Skip
1,talk,33,2,1,Skip
1,talk,34,2,15,VOTE Agent[09]
1,talk,35,2,6,Skip
1,talk,36,2,14,Skip
1,talk,37,2,7,VOTE Agent[09]
1,talk,38,2,13,Skip
1,talk,39,2,8,Skip
1,talk,40,2,12,VOTE Agent[09]
1,talk,41,2,4,VOTE Agent[09]
1,talk,42,2,5,VOTE Agent[12]
1,talk,43,2,2,Skip
1,talk,44,2,9,VOTE Agent[14]
1,talk,45,3,15,VOTE Agent[09]
1,talk,46,3,6,Over
1,talk,47,3,8,Over
1,talk,48,3,7,VOTE Agent[09]
1,talk,49,3,14,Skip
1,talk,50,3,1,Skip
1,talk,51,3,13,Skip
1,talk,52,3,3,Skip
1,talk,53,3,12,VOTE Agent[09]
1,talk,54,3,2,Skip
1,talk,55,3,4,VOTE Agent[12]
1,talk,56,3,10,Skip
1,talk,57,3,9,VOTE Agent[14]
1,talk,58,3,5,VOTE Agent[12]
1,talk,59,3,11,VOTE Agent[12]
1,talk,60,4,11,VOTE Agent[12]
1,talk,61,4,6,Over
1,talk,62,4,10,Over
1,talk,63,4,3,Over
1,talk,64,4,8,Over
1,talk,65,4,4,Skip
1,talk,66,4,15,VOTE Agent[09]
1,talk,67,4,13,Over
1,talk,68,4,5,VOTE Agent[12]
1,talk,69,4,7,VOTE Agent[09]
1,talk,70,4,2,Over
1,talk,71,4,14,Over
1,talk,72,4,9,VOTE Agent[14]
1,talk,73,4,12,VOTE Agent[09]
1,talk,74,4,1,Over
1,talk,75,5,10,Over
1,talk,76,5,9,VOTE Agent[14]
1,talk,77,5,2,Over
1,talk,78,5,14,Over
1,talk,79,5,7,VOTE Agent[09]
1,talk,80,5,1,Over
1,talk,81,5,13,Over
1,talk,82,5,8,Over
1,talk,83,5,3,Over
1,talk,84,5,6,Over
1,talk,85,5,5,VOTE Agent[12]
1,talk,86,5,4,VOTE Agent[09]
1,talk,87,5,15,VOTE Agent[09]
1,talk,88,5,12,VOTE Agent[09]
1,talk,89,5,11,VOTE Agent[05]
1,talk,90,6,10,Over
1,talk,91,6,1,Over
1,talk,92,6,11,VOTE Agent[12]
1,talk,93,6,7,VOTE Agent[09]
1,talk,94,6,5,VOTE Agent[12]
1,talk,95,6,14,Over
1,talk,96,6,8,Over
1,talk,97,6,3,Over
1,talk,98,6,9,VOTE Agent[01]
1,talk,99,6,12,VOTE Agent[09]
1,talk,100,6,4,VOTE Agent[12]
1,talk,101,6,15,VOTE Agent[09]
1,talk,102,6,13,Over
1,talk,103,6,6,Over
1,talk,104,6,2,Over
1,talk,105,7,8,Over
1,talk,106,7,12,VOTE Agent[09]
1,talk,107,7,14,Over
1,talk,108,7,9,VOTE Agent[01]
1,talk,109,7,11,VOTE Agent[12]
1,talk,110,7,7,VOTE Agent[09]
1,talk,111,7,1,Over
1,talk,112,7,6,Over
1,talk,113,7,3,Over
1,talk,114,7,5,VOTE Agent[12]
1,talk,115,7,15,VOTE Agent[09]
1,talk,116,7,4,VOTE Agent[09]
1,talk,117,7,2,Over
1,talk,118,7,10,Over
1,talk,119,7,13,Over
1,talk,120,8,12,VOTE Agent[09]
1,talk,121,8,2,Over
1,talk,122,8,4,Skip
1,talk,123,8,13,Over
1,talk,124,8,15,VOTE Agent[09]
1,talk,125,8,1,Over
1,talk,126,8,14,Over
1,talk,127,8,8,Over
1,talk,128,8,11,VOTE Agent[12]
1,talk,129,8,6,Over
1,talk,130,8,10,Over
1,talk,131,8,3,Over
1,talk,132,8,5,VOTE Agent[12]
1,talk,133,8,7,VOTE Agent[09]
1,talk,134,8,9,VOTE Agent[14]
1,talk,135,9,13,Over
1,talk,136,9,8,Over
1,talk,137,9,14,Over
1,talk,138,9,3,Over
1,talk,139,9,1,Over
1,talk,140,9,2,Over
1,talk,141,9,6,Over
1,talk,142,9,4,Skip
1,talk,143,9,9,Over
1,talk,144,9,5,VOTE Agent[12]
1,talk,145,9,11,Over
1,talk,146,9,7,Over
1,talk,147,9,10,Over
1,talk,148,9,12,Over
1,talk,149,9,15,Over
1,talk,150,10,6,Over
1,talk,151,10,9,Over
1,talk,152,10,13,Over
1,talk,153,10,11,Over
1,talk,154,10,15,Over
1,talk,155,10,5,Over
1,talk,156,10,1,Over
1,talk,157,10,4,VOTE Agent[12]
1,talk,158,10,8,Over
1,talk,159,10,7,Over
1,talk,160,10,14,Over
1,talk,161,10,2,Over
1,talk,162,10,3,Over
1,talk,163,10,10,Over
1,talk,164,10,12,Over
1,talk,165,11,1,Over
1,talk,166,11,10,Over
1,talk,167,11,6,Over
1,talk,168,11,15,Over
1,talk,169,11,5,Over
1,talk,170,11,2,Over
1,talk,171,11,3,Over
1,talk,172,11,11,Over
1,talk,173,11,14,Over
1,talk,174,11,12,Over
1,talk,175,11,13,Over
1,talk,176,11,9,Over
1,talk,177,11,8,Over
1,talk,178,11,7,Over
1,talk,179,11,4,VOTE Agent[09]
1,talk,180,12,4,Skip
1,talk,181,12,15,Over
1,talk,182,12,11,Over
1,talk,183,12,6,Over
1,talk,184,12,1,Over
1,talk,185,12,3,Over
1,talk,186,12,7,Over
1,talk,187,12,8,Over
1,talk,188,12,5,Over
1,talk,189,12,9,Over
1,talk,190,12,14,Over
1,talk,191,12,13,Over
1,talk,192,12,10,Over
1,talk,193,12,2,Over
1,talk,194,12,12,Over
1,talk,195,13,2,Over
1,talk,196,13,15,Over
1,talk,197,13,14,Over
1,talk,198,13,8,Over
1,talk,199,13,12,Over
1,talk,200,13,5,Over
1,talk,201,13,4,VOTE Agent[12]
1,talk,202,13,10,Over
1,talk,203,13,11,Over
1,talk,204,13,3,Over
1,talk,205,13,6,Over
1,talk,206,13,9,Over
1,talk,207,13,1,Over
1,talk,208,13,13,Over
1,talk,209,13,7,Over
1,talk,210,14,4,Over
1,talk,211,14,12,Over
1,talk,212,14,9,Over
1,talk,213,14,1,Over
1,talk,214,14,3,Over
1,talk,215,14,14,Over
1,talk,216,14,11,Over
1,talk,217,14,6,Over
1,talk,218,14,5,Over
1,talk,219,14,2,Over
1,talk,220,14,13,Over
1,talk,221,14,15,Over
1,talk,222,14,8,Over
1,talk,223,14,7,Over
1,talk,224,14,10,Over
1,vote,1,11
1,vote,2,14
1,vote,3,12
1,vote,4,12
1,vote,5,12
1,vote,6,9
1,vote,7,9
1,vote,8,11
1,vote,9,14
1,vote,10,11
1,vote,11,12
1,vote,12,9
1,vote,13,12
1,vote,14,5
1,vote,15,9
1,execute,12,MEDIUM
1,divine,5,15,HUMAN
1,whisper,0,0,14,BECAUSE (AND (NOT (COMINGOUT Agent[11] WEREWOLF)) (NOT (COMINGOUT Agent[12] WEREWOLF)) (DAY 1 (Agent[11] DIVINED Agent[12] WEREWOLF))) (ESTIMATE Agent[11] POSSESSED)
1,whisper,1,0,8,ATTACK Agent[05]
1,whisper,2,0,6,ATTACK Agent[09]
1,whisper,3,1,8,Skip
1,whisper,4,1,6,Skip
1,whisper,5,1,14,ATTACK Agent[05]
1,whisper,6,2,8,Skip
1,whisper,7,2,6,Skip
1,whisper,8,2,14,Skip
1,whisper,9,3,6,Over
1,whisper,10,3,14,Skip
1,whisper,11,3,8,Over
1,whisper,12,4,14,Over
1,whisper,13,4,6,Over
1,whisper,14,4,8,Over
1,guard,13,11,POSSESSED
1,attackVote,6,9
1,attackVote,8,5
1,attackVote,14,5
1,attack,5,true
2,status,1,VILLAGER,ALIVE,SampleJava10
2,status,2,VILLAGER,ALIVE,SampleJava6
2,status,3,VILLAGER,ALIVE,sample_py
2,status,4,VILLAGER,ALIVE,Tomato7
2,status,5,SEER,DEAD,Takeda0
2,status,6,WEREWOLF,ALIVE,sample_py
2,status,7,VILLAGER,ALIVE,HALU
2,status,8,WEREWOLF,ALIVE,sample_py
2,status,9,VILLAGER,ALIVE,OKAMI
2,status,10,VILLAGER,ALIVE,SampleJava2
2,status,11,POSSESSED,ALIVE,HALU
2,status,12,MEDIUM,DEAD,HALU
2,status,13,BODYGUARD,ALIVE,sample_py
2,status,14,WEREWOLF,ALIVE,SampleJava4
2,status,15,VILLAGER,ALIVE,HALU
2,talk,0,0,9,VOTE Agent[02]
2,talk,1,0,8,COMINGOUT Agent[08] SEER
2,talk,2,0,14,VOTE Agent[05]
2,talk,3,0,15,VOTE Agent[09]
2,talk,4,0,10,VOTE Agent[07]
2,talk,5,0,3,VOTE Agent[14]
2,talk,6,0,6,VOTE Agent[09]
2,talk,7,0,11,DIVINED Agent[13] WEREWOLF
2,talk,8,0,2,VOTE Agent[10]
2,talk,9,0,13,VOTE Agent[11]
2,talk,10,0,7,VOTE Agent[09]
2,talk,11,0,4,VOTE Agent[09]
2,talk,12,0,1,VOTE Agent[13]
2,talk,13,1,1,REQUEST ANY (VOTE Agent[13])
2,talk,14,1,13,Skip
2,talk,15,1,7,VOTE Agent[09]
2,talk,16,1,14,REQUEST ANY (VOTE Agent[05])
2,talk,17,1,3,VOTE Agent[13]
2,talk,18,1,11,VOTE Agent[13]
2,talk,19,1,2,REQUEST ANY (VOTE Agent[10])
2,talk,20,1,8,DIVINED Agent[05] HUMAN
2,talk,21,1,15,VOTE Agent[11]
2,talk,22,1,4,VOTE Agent[13]
2,talk,23,1,6,Skip
2,talk,24,1,9,COMINGOUT Agent[09] VILLAGER
2,talk,25,1,10,REQUEST ANY (VOTE Agent[07])
2,talk,26,2,3,Skip
2,talk,27,2,7,VOTE Agent[08]
2,talk,28,2,6,Skip
2,talk,29,2,2,Skip
2,talk,30,2,13,Skip
2,talk,31,2,14,Skip
2,talk,32,2,9,VOTE Agent[08]
2,talk,33,2,15,VOTE Agent[08]
2,talk,34,2,4,Skip
2,talk,35,2,10,Skip
2,talk,36,2,1,Skip
2,talk,37,2,11,VOTE Agent[13]
2,talk,38,2,8,DIVINED Agent[09] HUMAN
2,talk,39,3,11,VOTE Agent[13]
2,talk,40,3,14,Skip
2,talk,41,3,1,Skip
2,talk,42,3,2,Skip
2,talk,43,3,8,VOTE Agent[11]
2,talk,44,3,7,VOTE Agent[08]
2,talk,45,3,3,Skip
2,talk,46,3,15,VOTE Agent[11]
2,talk,47,3,13,Over
2,talk,48,3,10,Skip
2,talk,49,3,6,Over
2,talk,50,3,9,VOTE Agent[08]
2,talk,51,3,4,VOTE Agent[11]
2,talk,52,4,2,Over
2,talk,53,4,13,Over
2,talk,54,4,8,Skip
2,talk,55,4,4,Skip
2,talk,56,4,14,Over
2,talk,57,4,6,Over
2,talk,58,4,15,VOTE Agent[11]
2,talk,59,4,3,Over
2,talk,60,4,7,VOTE Agent[11]
2,talk,61,4,10,Over
2,talk,62,4,11,VOTE Agent[13]
2,talk,63,4,9,VOTE Agent[11]
2,talk,64,4,1,Over
2,talk,65,5,9,VOTE Agent[11]
2,talk,66,5,15,VOTE Agent[11]
2,talk,67,5,3,Over
2,talk,68,5,13,Over
2,talk,69,5,7,VOTE Agent[11]
2,talk,70,5,14,Over
2,talk,71,5,6,Over
2,talk,72,5,10,Over
2,talk,73,5,1,Over
2,talk,74,5,11,VOTE Agent[13]
2,talk,75,5,8,Skip
2,talk,76,5,2,Over
2,talk,77,5,4,Skip
2,talk,78,6,3,Over
2,talk,79,6,11,VOTE Agent[13]
2,talk,80,6,9,VOTE Agent[11]
2,talk,81,6,1,Over
2,talk,82,6,2,Over
2,talk,83,6,8,Over
2,talk,84,6,6,Over
2,talk,85,6,14,Over
2,talk,86,6,7,VOTE Agent[11]
2,talk,87,6,13,Over
2,talk,88,6,15,VOTE Agent[11]
2,talk,89,6,10,Over
2,talk,90,6,4,Over
2,talk,91,7,14,Over
2,talk,92,7,10,Over
2,talk,93,7,6,Over
2,talk,94,7,8,Over
2,talk,95,7,13,Over
2,talk,96,7,9,VOTE Agent[11]
2,talk,97,7,4,Over
2,talk,98,7,2,Over
2,talk,99,7,11,VOTE Agent[13]
2,talk,100,7,15,VOTE Agent[11]
2,talk,101,7,7,VOTE Agent[11]
2,talk,102,7,3,Over
2,talk,103,7,1,Over
2,talk,104,8,8,Over
2,talk,105,8,13,Over
2,talk,106,8,10,Over
2,talk,107,8,3,Over
2,talk,108,8,15,VOTE Agent[11]
2,talk,109,8,2,Over
2,talk,110,8,9,VOTE Agent[11]
2,talk,111,8,6,Over
2,talk,112,8,4,Over
2,talk,113,8,7,VOTE Agent[11]
2,talk,114,8,1,Over
2,talk,115,8,14,Over
2,talk,116,8,11,VOTE Agent[13]
2,talk,117,9,11,Over
2,talk,118,9,1,Over
2,talk,119,9,10,Over
2,talk,120,9,2,Over
2,talk,121,9,6,Over
2,talk,122,9,9,Over
2,talk,123,9,13,Over
2,talk,124,9,7,Over
2,talk,125,9,15,Over
2,talk,126,9,3,Over
2,talk,127,9,8,Over
2,talk,128,9,14,Over
2,talk,129,9,4,Over
2,vote,1,11
2,vote,2,13
2,vote,3,13
2,vote,4,11
2,vote,6,9
2,vote,7,11
2,vote,8,11
2,vote,9,11
2,vote,10,9
2,vote,11,13
2,vote,13,11
2,vote,14,1
2,vote,15,11
2,execute,11,POSSESSED
2,whisper,0,0,8,ATTACK Agent[09]
2,whisper,1,0,14,BECAUSE (Agent[09] COMINGOUT Agent[09] VILLAGER) (ATTACK Agent[09])
2,whisper,2,0,6,ATTACK Agent[09]
2,whisper,3,1,6,Skip
2,whisper,4,1,8,Skip
2,whisper,5,1,14,ATTACK Agent[09]
2,whisper,6,2,8,Skip
2,whisper,7,2,6,Skip
2,whisper,8,2,14,Skip
2,whisper,9,3,8,Over
2,whisper,10,3,14,Skip
2,whisper,11,3,6,Over
2,whisper,12,4,8,Over
2,whisper,13,4,14,Over
2,whisper,14,4,6,Over
2,guard,13,8,WEREWOLF
2,attackVote,6,9
2,attackVote,8,9
2,attackVote,14,9
2,attack,9,true
3,status,1,VILLAGER,ALIVE,SampleJava10
3,status,2,VILLAGER,ALIVE,SampleJava6
3,status,3,VILLAGER,ALIVE,sample_py
3,status,4,VILLAGER,ALIVE,Tomato7
3,status,5,SEER,DEAD,Takeda0
3,status,6,WEREWOLF,ALIVE,sample_py
3,status,7,VILLAGER,ALIVE,HALU
3,status,8,WEREWOLF,ALIVE,sample_py
3,status,9,VILLAGER,DEAD,OKAMI
3,status,10,VILLAGER,ALIVE,SampleJava2
3,status,11,POSSESSED,DEAD,HALU
3,status,12,MEDIUM,DEAD,HALU
3,status,13,BODYGUARD,ALIVE,sample_py
3,status,14,WEREWOLF,ALIVE,SampleJava4
3,status,15,VILLAGER,ALIVE,HALU
3,talk,0,0,4,VOTE Agent[08]
3,talk,1,0,6,VOTE Agent[07]
3,talk,2,0,13,VOTE Agent[10]
3,talk,3,0,10,VOTE Agent[08]
3,talk,4,0,1,VOTE Agent[10]
3,talk,5,0,14,VOTE Agent[05]
3,talk,6,0,15,VOTE Agent[08]
3,talk,7,0,2,VOTE Agent[14]
3,talk,8,0,8,DIVINED Agent[14] HUMAN
3,talk,9,0,7,VOTE Agent[08]
3,talk,10,0,3,VOTE Agent[13]
3,talk,11,1,15,VOTE Agent[08]
3,talk,12,1,4,Skip
3,talk,13,1,13,Skip
3,talk,14,1,3,Skip
3,talk,15,1,2,REQUEST ANY (VOTE Agent[14])
3,talk,16,1,7,VOTE Agent[08]
3,talk,17,1,14,REQUEST ANY (VOTE Agent[05])
3,talk,18,1,8,VOTE Agent[10]
3,talk,19,1,1,REQUEST ANY (VOTE Agent[10])
3,talk,20,1,10,REQUEST ANY (VOTE Agent[08])
3,talk,21,1,6,Skip
3,talk,22,2,14,Skip
3,talk,23,2,2,Skip
3,talk,24,2,15,VOTE Agent[08]
3,talk,25,2,3,Skip
3,talk,26,2,10,Skip
3,talk,27,2,4,Skip
3,talk,28,2,8,Skip
3,talk,29,2,7,VOTE Agent[08]
3,talk,30,2,13,Skip
3,talk,31,2,1,Skip
3,talk,32,2,6,Skip
3,talk,33,3,10,Skip
3,talk,34,3,6,Over
3,talk,35,3,8,Skip
3,talk,36,3,1,Skip
3,talk,37,3,2,Skip
3,talk,38,3,7,VOTE Agent[08]
3,talk,39,3,4,Over
3,talk,40,3,15,VOTE Agent[08]
3,talk,41,3,14,Skip
3,talk,42,3,13,Over
3,talk,43,3,3,Over
3,talk,44,4,2,Over
3,talk,45,4,3,Over
3,talk,46,4,7,VOTE Agent[08]
3,talk,47,4,1,Over
3,talk,48,4,10,Over
3,talk,49,4,15,VOTE Agent[08]
3,talk,50,4,13,Over
3,talk,51,4,6,Over
3,talk,52,4,8,Over
3,talk,53,4,4,Over
3,talk,54,4,14,Over
3,talk,55,5,4,Over
3,talk,56,5,7,VOTE Agent[08]
3,talk,57,5,3,Over
3,talk,58,5,8,Over
3,talk,59,5,10,Over
3,talk,60,5,1,Over
3,talk,61,5,2,Over
3,talk,62,5,13,Over
3,talk,63,5,15,VOTE Agent[08]
3,talk,64,5,14,Over
3,talk,65,5,6,Over
3,talk,66,6,1,Over
3,talk,67,6,2,Over
3,talk,68,6,8,Over
3,talk,69,6,4,Over
3,talk,70,6,15,VOTE Agent[08]
3,talk,71,6,7,VOTE Agent[08]
3,talk,72,6,6,Over
3,talk,73,6,10,Over
3,talk,74,6,14,Over
3,talk,75,6,13,Over
3,talk,76,6,3,Over
3,talk,77,7,10,Over
3,talk,78,7,8,Over
3,talk,79,7,6,Over
3,talk,80,7,14,Over
3,talk,81,7,3,Over
3,talk,82,7,15,VOTE Agent[08]
3,talk,83,7,7,VOTE Agent[08]
3,talk,84,7,13,Over
3,talk,85,7,1,Over
3,talk,86,7,2,Over
3,talk,87,7,4,Over
3,talk,88,8,15,VOTE Agent[08]
3,talk,89,8,7,VOTE Agent[08]
3,talk,90,8,2,Over
3,talk,91,8,8,Over
3,talk,92,8,14,Over
3,talk,93,8,3,Over
3,talk,94,8,13,Over
3,talk,95,8,1,Over
3,talk,96,8,10,Over
3,talk,97,8,4,Over
3,talk,98,8,6,Over
3,talk,99,9,8,Over
3,talk,100,9,3,Over
3,talk,101,9,4,Over
3,talk,102,9,1,Over
3,talk,103,9,14,Over
3,talk,104,9,2,Over
3,talk,105,9,15,Over
3,talk,106,9,7,Over
3,talk,107,9,10,Over
3,talk,108,9,6,Over
3,talk,109,9,13,Over
3,vote,1,8
3,vote,2,6
3,vote,3,13
3,vote,4,8
3,vote,6,7
3,vote,7,8
3,vote,8,10
3,vote,10,13
3,vote,13,10
3,vote,14,4
3,vote,15,8
3,execute,8,WEREWOLF
3,whisper,0,0,6,ATTACK Agent[03]
3,whisper,1,0,14,ATTACK Agent[02]
3,whisper,2,1,14,Skip
3,whisper,3,1,6,Skip
3,whisper,4,2,14,Skip
3,whisper,5,2,6,Skip
3,whisper,6,3,14,Over
3,whisper,7,3,6,Over
3,guard,13,2,VILLAGER
3,attackVote,6,3
3,attackVote,14,2
3,attackVote,6,3
3,attackVote,14,2
3,attack,3,true
4,status,1,VILLAGER,ALIVE,SampleJava10
4,status,2,VILLAGER,ALIVE,SampleJava6
4,status,3,VILLAGER,DEAD,sample_py
4,status,4,VILLAGER,ALIVE,Tomato7
4,status,5,SEER,DEAD,Takeda0
4,status,6,WEREWOLF,ALIVE,sample_py
4,status,7,VILLAGER,ALIVE,HALU
4,status,8,WEREWOLF,DEAD,sample_py
4,status,9,VILLAGER,DEAD,OKAMI
4,status,10,VILLAGER,ALIVE,SampleJava2
4,status,11,POSSESSED,DEAD,HALU
4,status,12,MEDIUM,DEAD,HALU
4,status,13,BODYGUARD,ALIVE,sample_py
4,status,14,WEREWOLF,ALIVE,SampleJava4
4,status,15,VILLAGER,ALIVE,HALU
4,talk,0,0,4,VOTE Agent[10]
4,talk,1,0,1,VOTE Agent[14]
4,talk,2,0,2,VOTE Agent[10]
4,talk,3,0,6,VOTE Agent[10]
4,talk,4,0,13,VOTE Agent[06]
4,talk,5,0,15,VOTE Agent[01]
4,talk,6,0,7,VOTE Agent[06]
4,talk,7,0,14,VOTE Agent[05]
4,talk,8,0,10,VOTE Agent[15]
4,talk,9,1,1,REQUEST ANY (VOTE Agent[14])
4,talk,10,1,4,Skip
4,talk,11,1,10,REQUEST ANY (VOTE Agent[15])
4,talk,12,1,2,REQUEST ANY (VOTE Agent[10])
4,talk,13,1,13,Skip
4,talk,14,1,7,VOTE Agent[15]
4,talk,15,1,6,Skip
4,talk,16,1,15,VOTE Agent[07]
4,talk,17,1,14,REQUEST ANY (VOTE Agent[05])
4,talk,18,2,1,Skip
4,talk,19,2,14,Skip
4,talk,20,2,13,Skip
4,talk,21,2,10,Skip
4,talk,22,2,15,VOTE Agent[01]
4,talk,23,2,4,Skip
4,talk,24,2,2,Skip
4,talk,25,2,6,Skip
4,talk,26,2,7,VOTE Agent[02]
4,talk,27,3,15,VOTE Agent[02]
4,talk,28,3,10,Skip
4,talk,29,3,14,Skip
4,talk,30,3,4,Over
4,talk,31,3,6,Over
4,talk,32,3,13,Over
4,talk,33,3,7,VOTE Agent[02]
4,talk,34,3,2,Skip
4,talk,35,3,1,Skip
4,talk,36,4,13,Over
4,talk,37,4,4,Over
4,talk,38,4,7,VOTE Agent[01]
4,talk,39,4,1,Over
4,talk,40,4,15,VOTE Agent[01]
4,talk,41,4,14,Over
4,talk,42,4,6,Over
4,talk,43,4,2,Over
4,talk,44,4,10,Over
4,talk,45,5,15,VOTE Agent[02]
4,talk,46,5,6,Over
4,talk,47,5,2,Over
4,talk,48,5,4,Over
4,talk,49,5,1,Over
4,talk,50,5,13,Over
4,talk,51,5,10,Over
4,talk,52,5,14,Over
4,talk,53,5,7,VOTE Agent[02]
4,talk,54,6,10,Over
4,talk,55,6,13,Over
4,talk,56,6,6,Over
4,talk,57,6,14,Over
4,talk,58,6,1,Over
4,talk,59,6,2,Over
4,talk,60,6,4,Over
4,talk,61,6,7,VOTE Agent[15]
4,talk,62,6,15,VOTE Agent[01]
4,talk,63,7,7,VOTE Agent[02]
4,talk,64,7,15,VOTE Agent[01]
4,talk,65,7,14,Over
4,talk,66,7,1,Over
4,talk,67,7,4,Over
4,talk,68,7,13,Over
4,talk,69,7,6,Over
4,talk,70,7,10,Over
4,talk,71,7,2,Over
4,talk,72,8,10,Over
4,talk,73,8,15,VOTE Agent[02]
4,talk,74,8,2,Over
4,talk,75,8,7,VOTE Agent[01]
4,talk,76,8,13,Over
4,talk,77,8,4,Over
4,talk,78,8,6,Over
4,talk,79,8,14,Over
4,talk,80,8,1,Over
4,talk,81,9,15,Over
4,talk,82,9,4,Over
4,talk,83,9,2,Over
4,talk,84,9,10,Over
4,talk,85,9,13,Over
4,talk,86,9,6,Over
4,talk,87,9,7,Over
4,talk,88,9,1,Over
4,talk,89,9,14,Over
4,vote,1,10
4,vote,2,14
4,vote,4,10
4,vote,6,10
4,vote,7,1
4,vote,10,7
4,vote,13,6
4,vote,14,6
4,vote,15,1
4,execute,10,VILLAGER
4,whisper,0,0,6,ATTACK Agent[15]
4,whisper,1,0,14,ATTACK Agent[07]
4,whisper,2,1,6,Skip
4,whisper,3,1,14,Skip
4,whisper,4,2,6,Skip
4,whisper,5,2,14,Skip
4,whisper,6,3,6,Over
4,whisper,7,3,14,Over
4,guard,13,2,VILLAGER
4,attackVote,6,15
4,attackVote,14,7
4,attackVote,6,15
4,attackVote,14,7
4,attack,7,true
5,status,1,VILLAGER,ALIVE,SampleJava10
5,status,2,VILLAGER,ALIVE,SampleJava6
5,status,3,VILLAGER,DEAD,sample_py
5,status,4,VILLAGER,ALIVE,Tomato7
5,status,5,SEER,DEAD,Takeda0
5,status,6,WEREWOLF,ALIVE,sample_py
5,status,7,VILLAGER,DEAD,HALU
5,status,8,WEREWOLF,DEAD,sample_py
5,status,9,VILLAGER,DEAD,OKAMI
5,status,10,VILLAGER,DEAD,SampleJava2
5,status,11,POSSESSED,DEAD,HALU
5,status,12,MEDIUM,DEAD,HALU
5,status,13,BODYGUARD,ALIVE,sample_py
5,status,14,WEREWOLF,ALIVE,SampleJava4
5,status,15,VILLAGER,ALIVE,HALU
5,talk,0,0,14,VOTE Agent[05]
5,talk,1,0,4,VOTE Agent[01]
5,talk,2,0,2,VOTE Agent[15]
5,talk,3,0,13,VOTE Agent[15]
5,talk,4,0,1,VOTE Agent[06]
5,talk,5,0,6,VOTE Agent[15]
5,talk,6,0,15,VOTE Agent[04]
5,talk,7,1,15,VOTE Agent[04]
5,talk,8,1,1,REQUEST ANY (VOTE Agent[06])
5,talk,9,1,4,Skip
5,talk,10,1,14,REQUEST ANY (VOTE Agent[05])
5,talk,11,1,13,Skip
5,talk,12,1,6,Skip
5,talk,13,1,2,REQUEST ANY (VOTE Agent[15])
5,talk,14,2,13,Skip
5,talk,15,2,15,VOTE Agent[01]
5,talk,16,2,6,Skip
5,talk,17,2,4,Skip
5,talk,18,2,1,Skip
5,talk,19,2,14,Skip
5,talk,20,2,2,Skip
5,talk,21,3,1,Skip
5,talk,22,3,15,VOTE Agent[01]
5,talk,23,3,14,Skip
5,talk,24,3,4,Over
5,talk,25,3,2,Skip
5,talk,26,3,13,Over
5,talk,27,3,6,Over
5,talk,28,4,1,Over
5,talk,29,4,14,Over
5,talk,30,4,6,Over
5,talk,31,4,15,VOTE Agent[01]
5,talk,32,4,4,Over
5,talk,33,4,13,Over
5,talk,34,4,2,Over
5,talk,35,5,2,Over
5,talk,36,5,1,Over
5,talk,37,5,13,Over
5,talk,38,5,4,Over
5,talk,39,5,15,VOTE Agent[01]
5,talk,40,5,14,Over
5,talk,41,5,6,Over
5,talk,42,6,4,Over
5,talk,43,6,14,Over
5,talk,44,6,2,Over
5,talk,45,6,6,Over
5,talk,46,6,13,Over
5,talk,47,6,1,Over
5,talk,48,6,15,VOTE Agent[01]
5,talk,49,7,14,Over
5,talk,50,7,1,Over
5,talk,51,7,6,Over
5,talk,52,7,13,Over
5,talk,53,7,2,Over
5,talk,54,7,15,VOTE Agent[01]
5,talk,55,7,4,Over
5,talk,56,8,1,Over
5,talk,57,8,13,Over
5,talk,58,8,15,VOTE Agent[01]
5,talk,59,8,4,Over
5,talk,60,8,2,Over
5,talk,61,8,6,Over
5,talk,62,8,14,Over
5,talk,63,9,4,Over
5,talk,64,9,2,Over
5,talk,65,9,1,Over
5,talk,66,9,15,Over
5,talk,67,9,14,Over
5,talk,68,9,13,Over
5,talk,69,9,6,Over
5,vote,1,15
5,vote,2,1
5,vote,4,1
5,vote,6,15
5,vote,13,15
5,vote,14,1
5,vote,15,1
5,execute,1,VILLAGER
5,whisper,0,0,14,ATTACK Agent[04]
5,whisper,1,0,6,ATTACK Agent[04]
5,whisper,2,1,6,Skip
5,whisper,3,1,14,Skip
5,whisper,4,2,14,Skip
5,whisper,5,2,6,Skip
5,whisper,6,3,14,Over
5,whisper,7,3,6,Over
5,guard,13,2,VILLAGER
5,attackVote,6,4
5,attackVote,14,4
5,attack,4,true
6,status,1,VILLAGER,DEAD,SampleJava10
6,status,2,VILLAGER,ALIVE,SampleJava6
6,status,3,VILLAGER,DEAD,sample_py
6,status,4,VILLAGER,DEAD,Tomato7
6,status,5,SEER,DEAD,Takeda0
6,status,6,WEREWOLF,ALIVE,sample_py
6,status,7,VILLAGER,DEAD,HALU
6,status,8,WEREWOLF,DEAD,sample_py
6,status,9,VILLAGER,DEAD,OKAMI
6,status,10,VILLAGER,DEAD,SampleJava2
6,status,11,POSSESSED,DEAD,HALU
6,status,12,MEDIUM,DEAD,HALU
6,status,13,BODYGUARD,ALIVE,sample_py
6,status,14,WEREWOLF,ALIVE,SampleJava4
6,status,15,VILLAGER,ALIVE,HALU
6,talk,0,0,13,VOTE Agent[02]
6,talk,1,0,15,VOTE Agent[02]
6,talk,2,0,2,VOTE Agent[06]
6,talk,3,0,6,VOTE Agent[14]
6,talk,4,0,14,VOTE Agent[05]
6,talk,5,1,2,REQUEST ANY (VOTE Agent[06])
6,talk,6,1,13,Skip
6,talk,7,1,6,Skip
6,talk,8,1,14,REQUEST ANY (VOTE Agent[05])
6,talk,9,1,15,VOTE Agent[14]
6,talk,10,2,6,Skip
6,talk,11,2,14,Skip
6,talk,12,2,2,Skip
6,talk,13,2,13,Skip
6,talk,14,2,15,VOTE Agent[14]
6,talk,15,3,14,Skip
6,talk,16,3,13,Over
6,talk,17,3,2,Skip
6,talk,18,3,15,VOTE Agent[14]
6,talk,19,3,6,Over
6,talk,20,4,6,Over
6,talk,21,4,14,Over
6,talk,22,4,2,Over
6,talk,23,4,13,Over
6,talk,24,4,15,VOTE Agent[02]
6,talk,25,5,15,VOTE Agent[14]
6,talk,26,5,14,Over
6,talk,27,5,2,Over
6,talk,28,5,13,Over
6,talk,29,5,6,Over
6,talk,30,6,2,Over
6,talk,31,6,14,Over
6,talk,32,6,6,Over
6,talk,33,6,15,VOTE Agent[02]
6,talk,34,6,13,Over
6,talk,35,7,14,Over
6,talk,36,7,6,Over
6,talk,37,7,2,Over
6,talk,38,7,13,Over
6,talk,39,7,15,VOTE Agent[14]
6,talk,40,8,2,Over
6,talk,41,8,15,VOTE Agent[14]
6,talk,42,8,6,Over
6,talk,43,8,13,Over
6,talk,44,8,14,Over
6,talk,45,9,2,Over
6,talk,46,9,14,Over
6,talk,47,9,6,Over
6,talk,48,9,15,Over
6,talk,49,9,13,Over
6,vote,2,13
6,vote,6,14
6,vote,13,2
6,vote,14,6
6,vote,15,14
6,execute,14,WEREWOLF
6,guard,13,2,VILLAGER
6,attack,15,true
7,status,1,VILLAGER,DEAD,SampleJava10
7,status,2,VILLAGER,ALIVE,SampleJava6
7,status,3,VILLAGER,DEAD,sample_py
7,status,4,VILLAGER,DEAD,Tomato7
7,status,5,SEER,DEAD,Takeda0
7,status,6,WEREWOLF,ALIVE,sample_py
7,status,7,VILLAGER,DEAD,HALU
7,status,8,WEREWOLF,DEAD,sample_py
7,status,9,VILLAGER,DEAD,OKAMI
7,status,10,VILLAGER,DEAD,SampleJava2
7,status,11,POSSESSED,DEAD,HALU
7,status,12,MEDIUM,DEAD,HALU
7,status,13,BODYGUARD,ALIVE,sample_py
7,status,14,WEREWOLF,DEAD,SampleJava4
7,status,15,VILLAGER,DEAD,HALU
7,talk,0,0,6,VOTE Agent[02]
7,talk,1,0,13,VOTE Agent[06]
7,talk,2,0,2,VOTE Agent[06]
7,talk,3,1,13,Skip
7,talk,4,1,2,REQUEST ANY (VOTE Agent[06])
7,talk,5,1,6,Skip
7,talk,6,2,2,Skip
7,talk,7,2,13,Skip
7,talk,8,2,6,Skip
7,talk,9,3,13,Over
7,talk,10,3,2,Skip
7,talk,11,3,6,Over
7,talk,12,4,13,Over
7,talk,13,4,2,Over
7,talk,14,4,6,Over
7,vote,2,6
7,vote,6,2
7,vote,13,6
7,execute,6,WEREWOLF
7,guard,13,2,VILLAGER
8,status,1,VILLAGER,DEAD,SampleJava10
8,status,2,VILLAGER,ALIVE,SampleJava6
8,status,3,VILLAGER,DEAD,sample_py
8,status,4,VILLAGER,DEAD,Tomato7
8,status,5,SEER,DEAD,Takeda0
8,status,6,WEREWOLF,DEAD,sample_py
8,status,7,VILLAGER,DEAD,HALU
8,status,8,WEREWOLF,DEAD,sample_py
8,status,9,VILLAGER,DEAD,OKAMI
8,status,10,VILLAGER,DEAD,SampleJava2
8,status,11,POSSESSED,DEAD,HALU
8,status,12,MEDIUM,DEAD,HALU
8,status,13,BODYGUARD,ALIVE,sample_py
8,status,14,WEREWOLF,DEAD,SampleJava4
8,status,15,VILLAGER,DEAD,HALU
8,result,2,0,VILLAGER
