0,status,1,SEER,ALIVE,SampleJava10
0,status,2,VILLAGER,ALIVE,SampleJava6
0,status,3,WEREWOLF,ALIVE,sample_py
0,status,4,VILLAGER,ALIVE,Tomato7
0,status,5,VILLAGER,ALIVE,Takeda0
0,status,6,VILLAGER,ALIVE,sample_py
0,status,7,VILLAGER,ALIVE,HALU
0,status,8,BODYGUARD,ALIVE,sample_py
0,status,9,WEREWOLF,ALIVE,OKAMI
0,status,10,VILLAGER,ALIVE,SampleJava2
0,status,11,VILLAGER,ALIVE,HALU
0,status,12,WEREWOLF,ALIVE,HALU
0,status,13,POSSESSED,ALIVE,sample_py
0,status,14,VILLAGER,ALIVE,SampleJava4
0,status,15,MEDIUM,ALIVE,HALU
0,whisper,0,0,3,COMINGOUT Agent[03] MEDIUM
0,whisper,1,0,9,COMINGOUT Agent[09] MEDIUM
0,whisper,2,0,12,COMINGOUT Agent[12] MEDIUM
0,whisper,3,1,12,COMINGOUT Agent[12] VILLAGER
0,whisper,4,1,3,COMINGOUT Agent[03] MEDIUM
0,whisper,5,1,9,COMINGOUT Agent[09] VILLAGER
0,whisper,6,2,9,Skip
0,whisper,7,2,3,COMINGOUT Agent[03] MEDIUM
0,whisper,8,2,12,Skip
0,whisper,9,3,3,COMINGOUT Agent[03] MEDIUM
0,whisper,10,3,12,Skip
0,whisper,11,3,9,Skip
0,whisper,12,4,12,Over
0,whisper,13,4,3,COMINGOUT Agent[03] MEDIUM
0,whisper,14,4,9,Over
0,whisper,15,5,12,Over
0,whisper,16,5,9,Over
0,whisper,17,5,3,COMINGOUT Agent[03] MEDIUM
0,whisper,18,6,12,Over
0,whisper,19,6,9,Over
0,whisper,20,6,3,COMINGOUT Agent[03] MEDIUM
0,whisper,21,7,3,COMINGOUT Agent[03] MEDIUM
0,whisper,22,7,12,Over
0,whisper,23,7,9,Over
0,whisper,24,8,9,Over
0,whisper,25,8,3,COMINGOUT Agent[03] MEDIUM
0,whisper,26,8,12,Over
0,whisper,27,9,3,COMINGOUT Agent[03] MEDIUM
0,whisper,28,9,9,Over
0,whisper,29,9,12,Over
0,whisper,30,10,12,Over
0,whisper,31,10,9,Over
0,whisper,32,10,3,Over
0,divine,1,8,HUMAN
1,status,1,SEER,ALIVE,SampleJava10
1,status,2,VILLAGER,ALIVE,SampleJava6
1,status,3,WEREWOLF,ALIVE,sample_py
1,status,4,VILLAGER,ALIVE,Tomato7
1,status,5,VILLAGER,ALIVE,Takeda0
1,status,6,VILLAGER,ALIVE,sample_py
1,status,7,VILLAGER,ALIVE,HALU
1,status,8,BODYGUARD,ALIVE,sample_py
1,status,9,WEREWOLF,ALIVE,OKAMI
1,status,10,VILLAGER,ALIVE,SampleJava2
1,status,11,VILLAGER,ALIVE,HALU
1,status,12,WEREWOLF,ALIVE,HALU
1,status,13,POSSESSED,ALIVE,sample_py
1,status,14,VILLAGER,ALIVE,SampleJava4
1,status,15,MEDIUM,ALIVE,HALU
1,talk,0,0,10,VOTE Agent[03]
1,talk,1,0,4,VOTE Agent[03]
1,talk,2,0,11,VOTE Agent[04]
1,talk,3,0,7,VOTE Agent[04]
1,talk,4,0,15,VOTE Agent[04]
1,talk,5,0,5,VOTE Agent[04]
1,talk,6,0,9,VOTE Agent[04]
1,talk,7,0,3,COMINGOUT Agent[03] MEDIUM
1,talk,8,0,12,VOTE Agent[04]
1,talk,9,0,6,VOTE Agent[14]
1,talk,10,0,8,VOTE Agent[05]
1,talk,11,0,2,VOTE Agent[10]
1,talk,12,0,14,VOTE Agent[11]
1,talk,13,0,13,COMINGOUT Agent[13] SEER
1,talk,14,0,1,COMINGOUT Agent[01] SEER
1,talk,15,1,11,VOTE Agent[06]
1,talk,16,1,1,DAY 1 (DIVINED Agent[08] HUMAN)
1,talk,17,1,3,VOTE Agent[12]
1,talk,18,1,5,VOTE Agent[12]
1,talk,19,1,15,COMINGOUT Agent[15] MEDIUM
1,talk,20,1,12,VOTE Agent[03]
1,talk,21,1,4,VOTE Agent[12]
1,talk,22,1,10,REQUEST ANY (VOTE Agent[03])
1,talk,23,1,13,DIVINED Agent[01] HUMAN
1,talk,24,1,9,VOTE Agent[03]
1,talk,25,1,8,Skip
1,talk,26,1,6,Skip
1,talk,27,1,14,REQUEST ANY (VOTE Agent[11])
1,talk,28,1,7,VOTE Agent[12]
1,talk,29,1,2,REQUEST ANY (VOTE Agent[10])
1,talk,30,2,3,VOTE Agent[15]
1,talk,31,2,9,VOTE Agent[03]
1,talk,32,2,5,VOTE Agent[14]
1,talk,33,2,10,Skip
1,talk,34,2,14,Skip
1,talk,35,2,15,VOTE Agent[03]
1,talk,36,2,4,VOTE Agent[03]
1,talk,37,2,1,DIVINED Agent[08] HUMAN
1,talk,38,2,11,VOTE Agent[05]
1,talk,39,2,7,VOTE Agent[14]
1,talk,40,2,13,VOTE Agent[01]
1,talk,41,2,12,VOTE Agent[03]
1,talk,42,2,8,Skip
1,talk,43,2,6,Skip
1,talk,44,2,2,Skip
1,talk,45,3,4,Skip
1,talk,46,3,2,Skip
1,talk,47,3,6,Over
1,talk,48,3,11,VOTE Agent[12]
1,talk,49,3,15,VOTE Agent[03]
1,talk,50,3,8,Over
1,talk,51,3,5,VOTE Agent[03]
1,talk,52,3,13,Skip
1,talk,53,3,10,Skip
1,talk,54,3,3,Skip
1,talk,55,3,9,VOTE Agent[03]
1,talk,56,3,7,VOTE Agent[09]
1,talk,57,3,1,BECAUSE (AND (COMINGOUT Agent[01] SEER) (Agent[13] COMINGOUT Agent[13] SEER)) (XOR (ESTIMATE Agent[13] WEREWOLF) (ESTIMATE Agent[13] POSSESSED))
1,talk,58,3,14,Skip
1,talk,59,3,12,VOTE Agent[03]
1,talk,60,4,7,VOTE Agent[12]
1,talk,61,4,4,Skip
1,talk,62,4,5,VOTE Agent[15]
1,talk,63,4,11,VOTE Agent[12]
1,talk,64,4,13,Skip
1,talk,65,4,12,VOTE Agent[03]
1,talk,66,4,10,Over
1,talk,67,4,15,VOTE Agent[03]
1,talk,68,4,1,BECAUSE (XOR (ESTIMATE Agent[13] WEREWOLF) (ESTIMATE Agent[13] POSSESSED)) (AND (VOTE Agent[13]) (REQUEST ANY (VOTE Agent[13])))
1,talk,69,4,9,VOTE Agent[03]
1,talk,70,4,3,Skip
1,talk,71,4,14,Over
1,talk,72,4,6,Over
1,talk,73,4,8,Over
1,talk,74,4,2,Over
1,talk,75,5,4,Over
1,talk,76,5,10,Over
1,talk,77,5,7,VOTE Agent[01]
1,talk,78,5,15,VOTE Agent[03]
1,talk,79,5,5,VOTE Agent[03]
1,talk,80,5,1,VOTE Agent[13]
1,talk,81,5,9,VOTE Agent[03]
1,talk,82,5,11,VOTE Agent[01]
1,talk,83,5,6,Over
1,talk,84,5,8,Over
1,talk,85,5,3,Over
1,talk,86,5,12,VOTE Agent[03]
1,talk,87,5,14,Over
1,talk,88,5,13,Over
1,talk,89,5,2,Over
1,talk,90,6,14,Over
1,talk,91,6,12,VOTE Agent[15]
1,talk,92,6,10,Over
1,talk,93,6,13,Over
1,talk,94,6,15,VOTE Agent[03]
1,talk,95,6,9,VOTE Agent[03]
1,talk,96,6,2,Over
1,talk,97,6,4,Over
1,talk,98,6,1,REQUEST ANY (VOTE Agent[13])
1,talk,99,6,6,Over
1,talk,100,6,5,VOTE Agent[09]
1,talk,101,6,3,Over
1,talk,102,6,8,Over
1,talk,103,6,11,VOTE Agent[01]
1,talk,104,6,7,VOTE Agent[01]
1,talk,105,7,15,VOTE Agent[03]
1,talk,106,7,11,VOTE Agent[01]
1,talk,107,7,14,Over
1,talk,108,7,5,Skip
1,talk,109,7,12,VOTE Agent[15]
1,talk,110,7,6,Over
1,talk,111,7,4,VOTE Agent[01]
1,talk,112,7,10,Over
1,talk,113,7,9,VOTE Agent[15]
1,talk,114,7,2,Over
1,talk,115,7,8,Over
1,talk,116,7,3,Over
1,talk,117,7,1,Skip
1,talk,118,7,7,VOTE Agent[01]
1,talk,119,7,13,Over
1,talk,120,8,7,VOTE Agent[01]
1,talk,121,8,6,Over
1,talk,122,8,3,Over
1,talk,123,8,9,VOTE Agent[15]
1,talk,124,8,4,Skip
1,talk,125,8,8,Over
1,talk,126,8,5,Skip
1,talk,127,8,11,VOTE Agent[01]
1,talk,128,8,14,Over
1,talk,129,8,2,Over
1,talk,130,8,1,Skip
1,talk,131,8,10,Over
1,talk,132,8,12,VOTE Agent[15]
1,talk,133,8,13,Over
1,talk,134,8,15,VOTE Agent[03]
1,talk,135,9,2,Over
1,talk,136,9,10,Over
1,talk,137,9,7,Over
1,talk,138,9,11,Over
1,talk,139,9,15,Over
1,talk,140,9,13,Over
1,talk,141,9,4,VOTE Agent[15]
1,talk,142,9,6,Over
1,talk,143,9,9,Over
1,talk,144,9,8,Over
1,talk,145,9,12,Over
1,talk,146,9,3,Over
1,talk,147,9,1,Over
1,talk,148,9,14,Over
1,talk,149,9,5,Over
1,talk,150,10,1,Over
1,talk,151,10,3,Over
1,talk,152,10,8,Over
1,talk,153,10,10,Over
1,talk,154,10,5,Over
1,talk,155,10,9,Over
1,talk,156,10,7,Over
1,talk,157,10,4,Skip
1,talk,158,10,11,Over
1,talk,159,10,12,Over
1,talk,160,10,13,Over
1,talk,161,10,15,Over
1,talk,162,10,14,Over
1,talk,163,10,6,Over
1,talk,164,10,2,Over
1,talk,165,11,11,Over
1,talk,166,11,13,Over
1,talk,167,11,4,Skip
1,talk,168,11,5,Over
1,talk,169,11,10,Over
1,talk,170,11,3,Over
1,talk,171,11,7,Over
1,talk,172,11,15,Over
1,talk,173,11,1,Over
1,talk,174,11,6,Over
1,talk,175,11,14,Over
1,talk,176,11,8,Over
1,talk,177,11,9,Over
1,talk,178,11,12,Over
1,talk,179,11,2,Over
1,talk,180,12,8,Over
1,talk,181,12,5,VOTE Agent[15]
1,talk,182,12,13,Over
1,talk,183,12,1,Over
1,talk,184,12,10,Over
1,talk,185,12,9,Over
1,talk,186,12,6,Over
1,talk,187,12,14,Over
1,talk,188,12,12,Over
1,talk,189,12,11,Over
1,talk,190,12,15,Over
1,talk,191,12,7,Over
1,talk,192,12,3,Over
1,talk,193,12,2,Over
1,talk,194,12,4,Over
1,talk,195,13,11,Over
1,talk,196,13,10,Over
1,talk,197,13,6,Over
1,talk,198,13,5,Skip
1,talk,199,13,1,Over
1,talk,200,13,4,Over
1,talk,201,13,7,Over
1,talk,202,13,3,Over
1,talk,203,13,15,Over
1,talk,204,13,8,Over
1,talk,205,13,13,Over
1,talk,206,13,9,Over
1,talk,207,13,12,Over
1,talk,208,13,2,Over
1,talk,209,13,14,Over
1,talk,210,14,14,Over
1,talk,211,14,11,Over
1,talk,212,14,5,Skip
1,talk,213,14,12,Over
1,talk,214,14,3,Over
1,talk,215,14,6,Over
1,talk,216,14,1,Over
1,talk,217,14,4,Over
1,talk,218,14,15,Over
1,talk,219,14,8,Over
1,talk,220,14,13,Over
1,talk,221,14,9,Over
1,talk,222,14,7,Over
1,talk,223,14,2,Over
1,talk,224,14,10,Over
1,talk,225,15,12,Over
1,talk,226,15,3,Over
1,talk,227,15,8,Over
1,talk,228,15,15,Over
1,talk,229,15,6,Over
1,talk,230,15,14,Over
1,talk,231,15,1,Over
1,talk,232,15,2,Over
1,talk,233,15,7,Over
1,talk,234,15,10,Over
1,talk,235,15,5,Over
1,talk,236,15,13,Over
1,talk,237,15,9,Over
1,talk,238,15,11,Over
1,talk,239,15,4,Over
1,vote,1,13
1,vote,2,11
1,vote,3,15
1,vote,4,15
1,vote,5,15
1,vote,6,14
1,vote,7,1
1,vote,8,5
1,vote,9,15
1,vote,10,13
1,vote,11,1
1,vote,12,15
1,vote,13,1
1,vote,14,13
1,vote,15,3
1,execute,15,MEDIUM
1,divine,1,13,HUMAN
1,whisper,0,0,3,ATTACK Agent[01]
1,whisper,1,0,9,ATTACK Agent[01]
1,whisper,2,0,12,ATTACK Agent[01]
1,whisper,3,1,12,Skip
1,whisper,4,1,9,Skip
1,whisper,5,1,3,Skip
1,whisper,6,2,9,Skip
1,whisper,7,2,3,Skip
1,whisper,8,2,12,Skip
1,whisper,9,3,9,Over
1,whisper,10,3,3,Over
1,whisper,11,3,12,Over
1,guard,8,1,SEER
1,attackVote,3,1
1,attackVote,9,1
1,attackVote,12,1
1,attack,1,false
2,status,1,SEER,ALIVE,SampleJava10
2,status,2,VILLAGER,ALIVE,SampleJava6
2,status,3,WEREWOLF,ALIVE,sample_py
2,status,4,VILLAGER,ALIVE,Tomato7
2,status,5,VILLAGER,ALIVE,Takeda0
2,status,6,VILLAGER,ALIVE,sample_py
2,status,7,VILLAGER,ALIVE,HALU
2,status,8,BODYGUARD,ALIVE,sample_py
2,status,9,WEREWOLF,ALIVE,OKAMI
2,status,10,VILLAGER,ALIVE,SampleJava2
2,status,11,VILLAGER,ALIVE,HALU
2,status,12,WEREWOLF,ALIVE,HALU
2,status,13,POSSESSED,ALIVE,sample_py
2,status,14,VILLAGER,ALIVE,SampleJava4
2,status,15,MEDIUM,DEAD,HALU
2,talk,0,0,3,IDENTIFIED Agent[15] HUMAN
2,talk,1,0,2,VOTE Agent[11]
2,talk,2,0,13,DIVINED Agent[06] WEREWOLF
2,talk,3,0,5,VOTE Agent[09]
2,talk,4,0,4,VOTE Agent[11]
2,talk,5,0,6,VOTE Agent[13]
2,talk,6,0,12,VOTE Agent[03]
2,talk,7,0,1,DAY 2 (DIVINED Agent[13] HUMAN)
2,talk,8,0,11,VOTE Agent[01]
2,talk,9,0,8,VOTE Agent[06]
2,talk,10,0,9,VOTE Agent[03]
2,talk,11,0,7,VOTE Agent[01]
2,talk,12,0,10,VOTE Agent[05]
2,talk,13,0,14,VOTE Agent[08]
2,talk,14,1,10,REQUEST ANY (VOTE Agent[05])
2,talk,15,1,14,REQUEST ANY (VOTE Agent[08])
2,talk,16,1,1,DIVINED Agent[13] HUMAN
2,talk,17,1,13,VOTE Agent[06]
2,talk,18,1,3,VOTE Agent[05]
2,talk,19,1,9,VOTE Agent[03]
2,talk,20,1,8,Skip
2,talk,21,1,11,VOTE Agent[01]
2,talk,22,1,5,VOTE Agent[03]
2,talk,23,1,2,REQUEST ANY (VOTE Agent[11])
2,talk,24,1,7,VOTE Agent[01]
2,talk,25,1,12,VOTE Agent[03]
2,talk,26,1,6,Skip
2,talk,27,1,4,VOTE Agent[03]
2,talk,28,2,1,BECAUSE (AND (AND (COMINGOUT Agent[01] SEER) (Agent[13] COMINGOUT Agent[13] SEER)) (DAY 2 (DIVINED Agent[13] HUMAN))) (ESTIMATE Agent[13] POSSESSED)
2,talk,29,2,8,Skip
2,talk,30,2,7,VOTE Agent[01]
2,talk,31,2,10,Skip
2,talk,32,2,5,Skip
2,talk,33,2,12,VOTE Agent[03]
2,talk,34,2,9,VOTE Agent[03]
2,talk,35,2,13,Skip
2,talk,36,2,14,Skip
2,talk,37,2,6,Skip
2,talk,38,2,3,Skip
2,talk,39,2,4,Skip
2,talk,40,2,11,VOTE Agent[01]
2,talk,41,2,2,Skip
2,talk,42,3,9,VOTE Agent[03]
2,talk,43,3,10,Skip
2,talk,44,3,8,Over
2,talk,45,3,4,Skip
2,talk,46,3,5,Skip
2,talk,47,3,1,VOTE Agent[05]
2,talk,48,3,3,Skip
2,talk,49,3,6,Over
2,talk,50,3,14,Skip
2,talk,51,3,11,VOTE Agent[01]
2,talk,52,3,13,Skip
2,talk,53,3,12,VOTE Agent[03]
2,talk,54,3,7,VOTE Agent[01]
2,talk,55,3,2,Skip
2,talk,56,4,1,REQUEST ANY (VOTE Agent[05])
2,talk,57,4,14,Over
2,talk,58,4,6,Over
2,talk,59,4,11,VOTE Agent[01]
2,talk,60,4,4,Over
2,talk,61,4,10,Over
2,talk,62,4,7,VOTE Agent[01]
2,talk,63,4,5,Over
2,talk,64,4,12,VOTE Agent[03]
2,talk,65,4,9,VOTE Agent[03]
2,talk,66,4,13,Over
2,talk,67,4,2,Over
2,talk,68,4,8,Over
2,talk,69,4,3,Over
2,talk,70,5,1,Skip
2,talk,71,5,12,VOTE Agent[03]
2,talk,72,5,10,Over
2,talk,73,5,7,VOTE Agent[01]
2,talk,74,5,3,Over
2,talk,75,5,6,Over
2,talk,76,5,8,Over
2,talk,77,5,2,Over
2,talk,78,5,4,Over
2,talk,79,5,14,Over
2,talk,80,5,9,VOTE Agent[03]
2,talk,81,5,11,VOTE Agent[01]
2,talk,82,5,5,Over
2,talk,83,5,13,Over
2,talk,84,6,14,Over
2,talk,85,6,4,Over
2,talk,86,6,11,VOTE Agent[01]
2,talk,87,6,9,VOTE Agent[03]
2,talk,88,6,8,Over
2,talk,89,6,13,Over
2,talk,90,6,10,Over
2,talk,91,6,7,VOTE Agent[01]
2,talk,92,6,3,Over
2,talk,93,6,12,VOTE Agent[03]
2,talk,94,6,1,Skip
2,talk,95,6,5,Over
2,talk,96,6,2,Over
2,talk,97,6,6,Over
2,talk,98,7,14,Over
2,talk,99,7,7,VOTE Agent[01]
2,talk,100,7,8,Over
2,talk,101,7,13,Over
2,talk,102,7,4,Over
2,talk,103,7,1,Over
2,talk,104,7,2,Over
2,talk,105,7,12,VOTE Agent[03]
2,talk,106,7,9,VOTE Agent[03]
2,talk,107,7,11,VOTE Agent[01]
2,talk,108,7,3,Over
2,talk,109,7,5,Over
2,talk,110,7,10,Over
2,talk,111,7,6,Over
2,talk,112,8,1,Over
2,talk,113,8,12,VOTE Agent[03]
2,talk,114,8,10,Over
2,talk,115,8,5,Over
2,talk,116,8,3,Over
2,talk,117,8,8,Over
2,talk,118,8,11,VOTE Agent[01]
2,talk,119,8,4,VOTE Agent[05]
2,talk,120,8,2,Over
2,talk,121,8,13,Over
2,talk,122,8,7,VOTE Agent[01]
2,talk,123,8,6,Over
2,talk,124,8,14,Over
2,talk,125,8,9,VOTE Agent[03]
2,talk,126,9,11,Over
2,talk,127,9,4,Skip
2,talk,128,9,6,Over
2,talk,129,9,12,Over
2,talk,130,9,7,Over
2,talk,131,9,10,Over
2,talk,132,9,2,Over
2,talk,133,9,14,Over
2,talk,134,9,9,Over
2,talk,135,9,1,Over
2,talk,136,9,5,Over
2,talk,137,9,13,Over
2,talk,138,9,8,Over
2,talk,139,9,3,Over
2,talk,140,10,5,Over
2,talk,141,10,3,Over
2,talk,142,10,2,Over
2,talk,143,10,10,Over
2,talk,144,10,4,Skip
2,talk,145,10,1,Over
2,talk,146,10,8,Over
2,talk,147,10,12,Over
2,talk,148,10,13,Over
2,talk,149,10,14,Over
2,talk,150,10,9,Over
2,talk,151,10,6,Over
2,talk,152,10,11,Over
2,talk,153,10,7,Over
2,talk,154,11,11,Over
2,talk,155,11,3,Over
2,talk,156,11,2,Over
2,talk,157,11,1,Over
2,talk,158,11,10,Over
2,talk,159,11,6,Over
2,talk,160,11,9,Over
2,talk,161,11,4,VOTE Agent[03]
2,talk,162,11,8,Over
2,talk,163,11,5,Over
2,talk,164,11,13,Over
2,talk,165,11,7,Over
2,talk,166,11,12,Over
2,talk,167,11,14,Over
2,talk,168,12,7,Over
2,talk,169,12,13,Over
2,talk,170,12,10,Over
2,talk,171,12,8,Over
2,talk,172,12,6,Over
2,talk,173,12,12,Over
2,talk,174,12,5,Over
2,talk,175,12,3,Over
2,talk,176,12,11,Over
2,talk,177,12,4,Skip
2,talk,178,12,1,Over
2,talk,179,12,2,Over
2,talk,180,12,14,Over
2,talk,181,12,9,Over
2,talk,182,13,13,Over
2,talk,183,13,7,Over
2,talk,184,13,14,Over
2,talk,185,13,6,Over
2,talk,186,13,2,Over
2,talk,187,13,5,Over
2,talk,188,13,10,Over
2,talk,189,13,11,Over
2,talk,190,13,1,Over
2,talk,191,13,4,VOTE Agent[05]
2,talk,192,13,9,Over
2,talk,193,13,8,Over
2,talk,194,13,12,Over
2,talk,195,13,3,Over
2,talk,196,14,6,Over
2,talk,197,14,11,Over
2,talk,198,14,9,Over
2,talk,199,14,12,Over
2,talk,200,14,8,Over
2,talk,201,14,3,Over
2,talk,202,14,7,Over
2,talk,203,14,13,Over
2,talk,204,14,4,VOTE Agent[03]
2,talk,205,14,14,Over
2,talk,206,14,5,Over
2,talk,207,14,1,Over
2,talk,208,14,2,Over
2,talk,209,14,10,Over
2,talk,210,15,10,Over
2,talk,211,15,6,Over
2,talk,212,15,9,Over
2,talk,213,15,12,Over
2,talk,214,15,8,Over
2,talk,215,15,2,Over
2,talk,216,15,1,Over
2,talk,217,15,4,VOTE Agent[05]
2,talk,218,15,3,Over
2,talk,219,15,7,Over
2,talk,220,15,14,Over
2,talk,221,15,5,Over
2,talk,222,15,13,Over
2,talk,223,15,11,Over
2,talk,224,16,3,Over
2,talk,225,16,9,Over
2,talk,226,16,1,Over
2,talk,227,16,5,Over
2,talk,228,16,7,Over
2,talk,229,16,8,Over
2,talk,230,16,12,Over
2,talk,231,16,4,VOTE Agent[03]
2,talk,232,16,6,Over
2,talk,233,16,13,Over
2,talk,234,16,14,Over
2,talk,235,16,11,Over
2,talk,236,16,10,Over
2,talk,237,16,2,Over
2,talk,238,17,11,Over
2,talk,239,17,13,Over
2,talk,240,17,12,Over
2,talk,241,17,8,Over
2,talk,242,17,7,Over
2,talk,243,17,9,Over
2,talk,244,17,1,Over
2,talk,245,17,6,Over
2,talk,246,17,3,Over
2,talk,247,17,4,Skip
2,talk,248,17,10,Over
2,talk,249,17,5,Over
2,talk,250,17,2,Over
2,talk,251,17,14,Over
2,talk,252,18,1,Over
2,talk,253,18,9,Over
2,talk,254,18,10,Over
2,talk,255,18,5,Over
2,talk,256,18,2,Over
2,talk,257,18,13,Over
2,talk,258,18,8,Over
2,talk,259,18,6,Over
2,talk,260,18,12,Over
2,talk,261,18,11,Over
2,talk,262,18,3,Over
2,talk,263,18,14,Over
2,talk,264,18,4,Skip
2,talk,265,18,7,Over
2,talk,266,19,6,Over
2,talk,267,19,5,Over
2,talk,268,19,11,Over
2,talk,269,19,9,Over
2,talk,270,19,8,Over
2,talk,271,19,12,Over
2,talk,272,19,2,Over
2,talk,273,19,1,Over
2,talk,274,19,14,Over
2,talk,275,19,3,Over
2,talk,276,19,10,Over
2,talk,277,19,13,Over
2,talk,278,19,4,Over
2,talk,279,19,7,Over
2,vote,1,8
2,vote,2,5
2,vote,3,5
2,vote,4,3
2,vote,5,3
2,vote,6,13
2,vote,7,1
2,vote,8,6
2,vote,9,3
2,vote,10,5
2,vote,11,1
2,vote,12,3
2,vote,13,6
2,vote,14,5
2,vote,1,3
2,vote,2,3
2,vote,3,5
2,vote,4,3
2,vote,5,3
2,vote,6,13
2,vote,7,1
2,vote,8,6
2,vote,9,3
2,vote,10,3
2,vote,11,1
2,vote,12,3
2,vote,13,6
2,vote,14,3
2,execute,3,WEREWOLF
2,divine,1,12,WEREWOLF
2,whisper,0,0,12,ATTACK Agent[01]
2,whisper,1,0,9,ATTACK Agent[01]
2,whisper,2,1,12,Skip
2,whisper,3,1,9,Skip
2,whisper,4,2,12,Skip
2,whisper,5,2,9,Skip
2,whisper,6,3,9,Over
2,whisper,7,3,12,Over
2,guard,8,1,SEER
2,attackVote,9,1
2,attackVote,12,1
2,attack,1,false
3,status,1,SEER,ALIVE,SampleJava10
3,status,2,VILLAGER,ALIVE,SampleJava6
3,status,3,WEREWOLF,DEAD,sample_py
3,status,4,VILLAGER,ALIVE,Tomato7
3,status,5,VILLAGER,ALIVE,Takeda0
3,status,6,VILLAGER,ALIVE,sample_py
3,status,7,VILLAGER,ALIVE,HALU
3,status,8,BODYGUARD,ALIVE,sample_py
3,status,9,WEREWOLF,ALIVE,OKAMI
3,status,10,VILLAGER,ALIVE,SampleJava2
3,status,11,VILLAGER,ALIVE,HALU
3,status,12,WEREWOLF,ALIVE,HALU
3,status,13,POSSESSED,ALIVE,sample_py
3,status,14,VILLAGER,ALIVE,SampleJava4
3,status,15,MEDIUM,DEAD,HALU
3,talk,0,0,4,VOTE Agent[01]
3,talk,1,0,11,VOTE Agent[01]
3,talk,2,0,10,VOTE Agent[02]
3,talk,3,0,14,VOTE Agent[13]
3,talk,4,0,12,VOTE Agent[06]
3,talk,5,0,5,VOTE Agent[09]
3,talk,6,0,13,DIVINED Agent[07] WEREWOLF
3,talk,7,0,8,VOTE Agent[07]
3,talk,8,0,6,VOTE Agent[13]
3,talk,9,0,2,VOTE Agent[07]
3,talk,10,0,9,VOTE Agent[07]
3,talk,11,0,7,VOTE Agent[01]
3,talk,12,0,1,DAY 3 (DIVINED Agent[12] WEREWOLF)
3,talk,13,1,10,REQUEST ANY (VOTE Agent[02])
3,talk,14,1,13,VOTE Agent[07]
3,talk,15,1,7,VOTE Agent[01]
3,talk,16,1,12,VOTE Agent[07]
3,talk,17,1,8,Skip
3,talk,18,1,5,Skip
3,talk,19,1,6,Skip
3,talk,20,1,1,DIVINED Agent[12] WEREWOLF
3,talk,21,1,2,REQUEST ANY (VOTE Agent[07])
3,talk,22,1,14,REQUEST ANY (VOTE Agent[13])
3,talk,23,1,11,VOTE Agent[01]
3,talk,24,1,9,VOTE Agent[07]
3,talk,25,1,4,Skip
3,talk,26,2,1,BECAUSE (DAY 3 (DIVINED Agent[12] WEREWOLF)) (AND (VOTE Agent[12]) (REQUEST ANY (VOTE Agent[12])))
3,talk,27,2,8,Skip
3,talk,28,2,4,Skip
3,talk,29,2,6,VOTE Agent[12]
3,talk,30,2,7,VOTE Agent[01]
3,talk,31,2,5,Skip
3,talk,32,2,2,Skip
3,talk,33,2,13,Skip
3,talk,34,2,9,VOTE Agent[07]
3,talk,35,2,14,Skip
3,talk,36,2,12,VOTE Agent[07]
3,talk,37,2,10,Skip
3,talk,38,2,11,VOTE Agent[01]
3,talk,39,3,4,Over
3,talk,40,3,11,VOTE Agent[01]
3,talk,41,3,6,Skip
3,talk,42,3,8,Over
3,talk,43,3,7,VOTE Agent[01]
3,talk,44,3,10,Skip
3,talk,45,3,9,VOTE Agent[07]
3,talk,46,3,13,Skip
3,talk,47,3,1,VOTE Agent[12]
3,talk,48,3,14,Skip
3,talk,49,3,5,Over
3,talk,50,3,2,Skip
3,talk,51,3,12,VOTE Agent[07]
3,talk,52,4,13,Over
3,talk,53,4,1,REQUEST ANY (VOTE Agent[12])
3,talk,54,4,2,Over
3,talk,55,4,4,Over
3,talk,56,4,8,Over
3,talk,57,4,11,VOTE Agent[01]
3,talk,58,4,7,VOTE Agent[01]
3,talk,59,4,6,Skip
3,talk,60,4,5,Over
3,talk,61,4,10,Over
3,talk,62,4,12,VOTE Agent[07]
3,talk,63,4,14,Over
3,talk,64,4,9,VOTE Agent[07]
3,talk,65,5,8,Over
3,talk,66,5,10,Over
3,talk,67,5,1,Skip
3,talk,68,5,2,Over
3,talk,69,5,12,VOTE Agent[07]
3,talk,70,5,13,Over
3,talk,71,5,14,Over
3,talk,72,5,9,VOTE Agent[07]
3,talk,73,5,5,Over
3,talk,74,5,4,Over
3,talk,75,5,11,VOTE Agent[01]
3,talk,76,5,7,VOTE Agent[01]
3,talk,77,5,6,Over
3,talk,78,6,14,Over
3,talk,79,6,1,Skip
3,talk,80,6,12,VOTE Agent[07]
3,talk,81,6,9,VOTE Agent[07]
3,talk,82,6,4,Over
3,talk,83,6,13,Over
3,talk,84,6,10,Over
3,talk,85,6,2,Over
3,talk,86,6,5,Over
3,talk,87,6,7,VOTE Agent[01]
3,talk,88,6,8,Over
3,talk,89,6,6,Over
3,talk,90,6,11,VOTE Agent[01]
3,talk,91,7,13,Over
3,talk,92,7,9,VOTE Agent[07]
3,talk,93,7,7,VOTE Agent[01]
3,talk,94,7,4,Over
3,talk,95,7,5,Over
3,talk,96,7,14,Over
3,talk,97,7,12,VOTE Agent[07]
3,talk,98,7,1,Over
3,talk,99,7,11,VOTE Agent[01]
3,talk,100,7,8,Over
3,talk,101,7,10,Over
3,talk,102,7,2,Over
3,talk,103,7,6,Over
3,talk,104,8,8,Over
3,talk,105,8,13,Over
3,talk,106,8,2,Over
3,talk,107,8,1,Over
3,talk,108,8,6,Over
3,talk,109,8,7,VOTE Agent[01]
3,talk,110,8,14,Over
3,talk,111,8,11,VOTE Agent[01]
3,talk,112,8,10,Over
3,talk,113,8,12,VOTE Agent[06]
3,talk,114,8,9,VOTE Agent[07]
3,talk,115,8,5,Over
3,talk,116,8,4,Over
3,talk,117,9,5,Over
3,talk,118,9,10,Over
3,talk,119,9,12,Over
3,talk,120,9,8,Over
3,talk,121,9,9,Over
3,talk,122,9,11,Over
3,talk,123,9,6,Over
3,talk,124,9,7,Over
3,talk,125,9,2,Over
3,talk,126,9,1,Over
3,talk,127,9,14,Over
3,talk,128,9,13,Over
3,talk,129,9,4,Over
3,vote,1,12
3,vote,2,12
3,vote,4,1
3,vote,5,9
3,vote,6,12
3,vote,7,1
3,vote,8,7
3,vote,9,7
3,vote,10,13
3,vote,11,1
3,vote,12,7
3,vote,13,7
3,vote,14,12
3,vote,1,7
3,vote,2,7
3,vote,4,1
3,vote,5,9
3,vote,6,12
3,vote,7,1
3,vote,8,7
3,vote,9,7
3,vote,10,7
3,vote,11,1
3,vote,12,7
3,vote,13,7
3,vote,14,7
3,execute,7,VILLAGER
3,divine,1,4,HUMAN
3,whisper,0,0,9,ATTACK Agent[01]
3,whisper,1,0,12,ATTACK Agent[01]
3,whisper,2,1,9,Skip
3,whisper,3,1,12,Skip
3,whisper,4,2,9,Skip
3,whisper,5,2,12,Skip
3,whisper,6,3,9,Over
3,whisper,7,3,12,Over
3,guard,8,1,SEER
3,attackVote,9,1
3,attackVote,12,1
3,attack,1,false
4,status,1,SEER,ALIVE,SampleJava10
4,status,2,VILLAGER,ALIVE,SampleJava6
4,status,3,WEREWOLF,DEAD,sample_py
4,status,4,VILLAGER,ALIVE,Tomato7
4,status,5,VILLAGER,ALIVE,Takeda0
4,status,6,VILLAGER,ALIVE,sample_py
4,status,7,VILLAGER,DEAD,HALU
4,status,8,BODYGUARD,ALIVE,sample_py
4,status,9,WEREWOLF,ALIVE,OKAMI
4,status,10,VILLAGER,ALIVE,SampleJava2
4,status,11,VILLAGER,ALIVE,HALU
4,status,12,WEREWOLF,ALIVE,HALU
4,status,13,POSSESSED,ALIVE,sample_py
4,status,14,VILLAGER,ALIVE,SampleJava4
4,status,15,MEDIUM,DEAD,HALU
4,talk,0,0,10,VOTE Agent[01]
4,talk,1,0,11,VOTE Agent[01]
4,talk,2,0,6,VOTE Agent[12]
4,talk,3,0,8,VOTE Agent[06]
4,talk,4,0,13,DIVINED Agent[12] HUMAN
4,talk,5,0,4,VOTE Agent[01]
4,talk,6,0,1,DAY 4 (DIVINED Agent[04] HUMAN)
4,talk,7,0,5,VOTE Agent[09]
4,talk,8,0,2,VOTE Agent[13]
4,talk,9,0,9,VOTE Agent[06]
4,talk,10,0,12,VOTE Agent[06]
4,talk,11,0,14,VOTE Agent[11]
4,talk,12,1,4,Skip
4,talk,13,1,11,VOTE Agent[01]
4,talk,14,1,14,REQUEST ANY (VOTE Agent[11])
4,talk,15,1,6,Skip
4,talk,16,1,1,DIVINED Agent[04] HUMAN
4,talk,17,1,8,Skip
4,talk,18,1,9,VOTE Agent[06]
4,talk,19,1,10,REQUEST ANY (VOTE Agent[01])
4,talk,20,1,2,REQUEST ANY (VOTE Agent[13])
4,talk,21,1,13,VOTE Agent[06]
4,talk,22,1,5,Skip
4,talk,23,1,12,VOTE Agent[06]
4,talk,24,2,11,VOTE Agent[01]
4,talk,25,2,2,Skip
4,talk,26,2,14,Skip
4,talk,27,2,10,Skip
4,talk,28,2,5,Skip
4,talk,29,2,8,Skip
4,talk,30,2,12,VOTE Agent[06]
4,talk,31,2,6,Skip
4,talk,32,2,1,BECAUSE (DAY 3 (DIVINED Agent[12] WEREWOLF)) (AND (VOTE Agent[12]) (REQUEST ANY (VOTE Agent[12])))
4,talk,33,2,13,Skip
4,talk,34,2,4,Skip
4,talk,35,2,9,VOTE Agent[06]
4,talk,36,3,4,Over
4,talk,37,3,9,VOTE Agent[06]
4,talk,38,3,6,Over
4,talk,39,3,2,Skip
4,talk,40,3,12,VOTE Agent[06]
4,talk,41,3,10,Skip
4,talk,42,3,14,Skip
4,talk,43,3,13,Skip
4,talk,44,3,8,Over
4,talk,45,3,5,Over
4,talk,46,3,11,VOTE Agent[01]
4,talk,47,3,1,VOTE Agent[12]
4,talk,48,4,4,Over
4,talk,49,4,12,VOTE Agent[06]
4,talk,50,4,2,Over
4,talk,51,4,10,Over
4,talk,52,4,9,VOTE Agent[06]
4,talk,53,4,8,Over
4,talk,54,4,13,Over
4,talk,55,4,5,Over
4,talk,56,4,6,Over
4,talk,57,4,1,REQUEST ANY (VOTE Agent[12])
4,talk,58,4,11,VOTE Agent[01]
4,talk,59,4,14,Over
4,talk,60,5,10,Over
4,talk,61,5,11,VOTE Agent[01]
4,talk,62,5,12,VOTE Agent[06]
4,talk,63,5,2,Over
4,talk,64,5,9,VOTE Agent[06]
4,talk,65,5,13,Over
4,talk,66,5,14,Over
4,talk,67,5,4,Over
4,talk,68,5,6,Over
4,talk,69,5,1,Skip
4,talk,70,5,8,Over
4,talk,71,5,5,Over
4,talk,72,6,14,Over
4,talk,73,6,8,Over
4,talk,74,6,1,Skip
4,talk,75,6,2,Over
4,talk,76,6,12,VOTE Agent[06]
4,talk,77,6,6,Over
4,talk,78,6,5,Over
4,talk,79,6,4,Over
4,talk,80,6,10,Over
4,talk,81,6,13,Over
4,talk,82,6,11,VOTE Agent[01]
4,talk,83,6,9,VOTE Agent[06]
4,talk,84,7,11,VOTE Agent[01]
4,talk,85,7,6,Over
4,talk,86,7,12,VOTE Agent[06]
4,talk,87,7,10,Over
4,talk,88,7,4,Over
4,talk,89,7,13,Over
4,talk,90,7,5,Over
4,talk,91,7,9,VOTE Agent[06]
4,talk,92,7,2,Over
4,talk,93,7,8,Over
4,talk,94,7,1,Over
4,talk,95,7,14,Over
4,talk,96,8,2,Over
4,talk,97,8,11,VOTE Agent[01]
4,talk,98,8,10,Over
4,talk,99,8,4,Over
4,talk,100,8,5,Over
4,talk,101,8,6,Over
4,talk,102,8,1,Over
4,talk,103,8,13,Over
4,talk,104,8,12,VOTE Agent[06]
4,talk,105,8,8,Over
4,talk,106,8,14,Over
4,talk,107,8,9,VOTE Agent[06]
4,talk,108,9,2,Over
4,talk,109,9,8,Over
4,talk,110,9,9,Over
4,talk,111,9,12,Over
4,talk,112,9,4,Over
4,talk,113,9,6,Over
4,talk,114,9,11,Over
4,talk,115,9,1,Over
4,talk,116,9,13,Over
4,talk,117,9,14,Over
4,talk,118,9,10,Over
4,talk,119,9,5,Over
4,vote,1,12
4,vote,2,12
4,vote,4,1
4,vote,5,9
4,vote,6,12
4,vote,8,6
4,vote,9,6
4,vote,10,11
4,vote,11,1
4,vote,12,6
4,vote,13,6
4,vote,14,1
4,execute,6,VILLAGER
4,divine,1,9,WEREWOLF
4,whisper,0,0,12,ATTACK Agent[01]
4,whisper,1,0,9,ATTACK Agent[01]
4,whisper,2,1,12,Skip
4,whisper,3,1,9,Skip
4,whisper,4,2,9,Skip
4,whisper,5,2,12,Skip
4,whisper,6,3,12,Over
4,whisper,7,3,9,Over
4,guard,8,1,SEER
4,attackVote,9,1
4,attackVote,12,1
4,attack,1,false
5,status,1,SEER,ALIVE,SampleJava10
5,status,2,VILLAGER,ALIVE,SampleJava6
5,status,3,WEREWOLF,DEAD,sample_py
5,status,4,VILLAGER,ALIVE,Tomato7
5,status,5,VILLAGER,ALIVE,Takeda0
5,status,6,VILLAGER,DEAD,sample_py
5,status,7,VILLAGER,DEAD,HALU
5,status,8,BODYGUARD,ALIVE,sample_py
5,status,9,WEREWOLF,ALIVE,OKAMI
5,status,10,VILLAGER,ALIVE,SampleJava2
5,status,11,VILLAGER,ALIVE,HALU
5,status,12,WEREWOLF,ALIVE,HALU
5,status,13,POSSESSED,ALIVE,sample_py
5,status,14,VILLAGER,ALIVE,SampleJava4
5,status,15,MEDIUM,DEAD,HALU
5,talk,0,0,9,VOTE Agent[05]
5,talk,1,0,10,VOTE Agent[04]
5,talk,2,0,14,VOTE Agent[09]
5,talk,3,0,11,VOTE Agent[01]
5,talk,4,0,12,VOTE Agent[14]
5,talk,5,0,13,DIVINED Agent[10] HUMAN
5,talk,6,0,4,VOTE Agent[01]
5,talk,7,0,8,VOTE Agent[12]
5,talk,8,0,5,VOTE Agent[09]
5,talk,9,0,1,DAY 5 (DIVINED Agent[09] WEREWOLF)
5,talk,10,0,2,VOTE Agent[08]
5,talk,11,1,10,REQUEST ANY (VOTE Agent[04])
5,talk,12,1,2,REQUEST ANY (VOTE Agent[08])
5,talk,13,1,12,VOTE Agent[02]
5,talk,14,1,8,Skip
5,talk,15,1,14,REQUEST ANY (VOTE Agent[09])
5,talk,16,1,13,VOTE Agent[01]
5,talk,17,1,4,Skip
5,talk,18,1,1,DIVINED Agent[09] WEREWOLF
5,talk,19,1,5,Skip
5,talk,20,1,11,VOTE Agent[01]
5,talk,21,1,9,VOTE Agent[02]
5,talk,22,2,9,VOTE Agent[02]
5,talk,23,2,8,Skip
5,talk,24,2,10,Skip
5,talk,25,2,14,Skip
5,talk,26,2,2,Skip
5,talk,27,2,4,Skip
5,talk,28,2,1,BECAUSE (DAY 5 (DIVINED Agent[09] WEREWOLF)) (AND (VOTE Agent[09]) (REQUEST ANY (VOTE Agent[09])))
5,talk,29,2,13,Skip
5,talk,30,2,11,VOTE Agent[01]
5,talk,31,2,5,Skip
5,talk,32,2,12,VOTE Agent[11]
5,talk,33,3,2,Skip
5,talk,34,3,8,Over
5,talk,35,3,5,Over
5,talk,36,3,12,VOTE Agent[02]
5,talk,37,3,1,VOTE Agent[09]
5,talk,38,3,10,Skip
5,talk,39,3,14,Skip
5,talk,40,3,9,VOTE Agent[02]
5,talk,41,3,4,Over
5,talk,42,3,13,Skip
5,talk,43,3,11,VOTE Agent[01]
5,talk,44,4,1,REQUEST ANY (VOTE Agent[09])
5,talk,45,4,5,Over
5,talk,46,4,13,Over
5,talk,47,4,9,VOTE Agent[02]
5,talk,48,4,12,VOTE Agent[11]
5,talk,49,4,4,Over
5,talk,50,4,10,Over
5,talk,51,4,8,Over
5,talk,52,4,14,Over
5,talk,53,4,2,Over
5,talk,54,4,11,VOTE Agent[01]
5,talk,55,5,9,VOTE Agent[11]
5,talk,56,5,1,Skip
5,talk,57,5,8,Over
5,talk,58,5,10,Over
5,talk,59,5,5,Over
5,talk,60,5,13,Over
5,talk,61,5,4,Over
5,talk,62,5,11,VOTE Agent[01]
5,talk,63,5,2,Over
5,talk,64,5,14,Over
5,talk,65,5,12,VOTE Agent[02]
5,talk,66,6,14,Over
5,talk,67,6,2,Over
5,talk,68,6,12,VOTE Agent[02]
5,talk,69,6,8,Over
5,talk,70,6,10,Over
5,talk,71,6,11,VOTE Agent[01]
5,talk,72,6,13,Over
5,talk,73,6,9,VOTE Agent[02]
5,talk,74,6,1,Skip
5,talk,75,6,5,Over
5,talk,76,6,4,Over
5,talk,77,7,2,Over
5,talk,78,7,8,Over
5,talk,79,7,5,Over
5,talk,80,7,11,VOTE Agent[01]
5,talk,81,7,9,VOTE Agent[02]
5,talk,82,7,12,VOTE Agent[02]
5,talk,83,7,10,Over
5,talk,84,7,13,Over
5,talk,85,7,1,Over
5,talk,86,7,14,Over
5,talk,87,7,4,Over
5,talk,88,8,5,Over
5,talk,89,8,13,Over
5,talk,90,8,4,Over
5,talk,91,8,12,VOTE Agent[02]
5,talk,92,8,1,Over
5,talk,93,8,11,VOTE Agent[01]
5,talk,94,8,2,Over
5,talk,95,8,10,Over
5,talk,96,8,14,Over
5,talk,97,8,9,VOTE Agent[02]
5,talk,98,8,8,Over
5,talk,99,9,9,Over
5,talk,100,9,8,Over
5,talk,101,9,14,Over
5,talk,102,9,2,Over
5,talk,103,9,13,Over
5,talk,104,9,11,Over
5,talk,105,9,4,Over
5,talk,106,9,10,Over
5,talk,107,9,12,Over
5,talk,108,9,1,Over
5,talk,109,9,5,Over
5,vote,1,9
5,vote,2,4
5,vote,4,1
5,vote,5,9
5,vote,8,12
5,vote,9,2
5,vote,10,9
5,vote,11,1
5,vote,12,11
5,vote,13,1
5,vote,14,8
5,vote,1,9
5,vote,2,1
5,vote,4,1
5,vote,5,9
5,vote,8,12
5,vote,9,2
5,vote,10,1
5,vote,11,1
5,vote,12,11
5,vote,13,1
5,vote,14,1
5,execute,1,SEER
5,whisper,0,0,9,ATTACK Agent[01]
5,whisper,1,0,12,ATTACK Agent[01]
5,whisper,2,1,9,Skip
5,whisper,3,1,12,Skip
5,whisper,4,2,12,Skip
5,whisper,5,2,9,Skip
5,whisper,6,3,9,Over
5,whisper,7,3,12,Over
5,guard,8,13,POSSESSED
5,attackVote,9,4
5,attackVote,12,8
5,attackVote,9,8
5,attackVote,12,8
5,attack,8,true
6,status,1,SEER,DEAD,SampleJava10
6,status,2,VILLAGER,ALIVE,SampleJava6
6,status,3,WEREWOLF,DEAD,sample_py
6,status,4,VILLAGER,ALIVE,Tomato7
6,status,5,VILLAGER,ALIVE,Takeda0
6,status,6,VILLAGER,DEAD,sample_py
6,status,7,VILLAGER,DEAD,HALU
6,status,8,BODYGUARD,DEAD,sample_py
6,status,9,WEREWOLF,ALIVE,OKAMI
6,status,10,VILLAGER,ALIVE,SampleJava2
6,status,11,VILLAGER,ALIVE,HALU
6,status,12,WEREWOLF,ALIVE,HALU
6,status,13,POSSESSED,ALIVE,sample_py
6,status,14,VILLAGER,ALIVE,SampleJava4
6,status,15,MEDIUM,DEAD,HALU
6,talk,0,0,9,VOTE Agent[05]
6,talk,1,0,12,VOTE Agent[02]
6,talk,2,0,5,VOTE Agent[09]
6,talk,3,0,13,DIVINED Agent[05] HUMAN
6,talk,4,0,2,VOTE Agent[04]
6,talk,5,0,14,VOTE Agent[02]
6,talk,6,0,11,VOTE Agent[09]
6,talk,7,0,10,VOTE Agent[04]
6,talk,8,0,4,VOTE Agent[13]
6,talk,9,1,14,REQUEST ANY (VOTE Agent[02])
6,talk,10,1,2,REQUEST ANY (VOTE Agent[04])
6,talk,11,1,9,VOTE Agent[02]
6,talk,12,1,10,REQUEST ANY (VOTE Agent[04])
6,talk,13,1,4,Skip
6,talk,14,1,5,Skip
6,talk,15,1,12,VOTE Agent[11]
6,talk,16,1,11,VOTE Agent[04]
6,talk,17,1,13,VOTE Agent[14]
6,talk,18,2,5,Skip
6,talk,19,2,9,VOTE Agent[11]
6,talk,20,2,14,Skip
6,talk,21,2,2,Skip
6,talk,22,2,10,Skip
6,talk,23,2,12,VOTE Agent[11]
6,talk,24,2,11,VOTE Agent[04]
6,talk,25,2,13,Skip
6,talk,26,2,4,Skip
6,talk,27,3,13,Skip
6,talk,28,3,4,Over
6,talk,29,3,5,Over
6,talk,30,3,10,Skip
6,talk,31,3,11,VOTE Agent[04]
6,talk,32,3,14,Skip
6,talk,33,3,2,Skip
6,talk,34,3,9,VOTE Agent[11]
6,talk,35,3,12,VOTE Agent[11]
6,talk,36,4,9,VOTE Agent[14]
6,talk,37,4,11,VOTE Agent[04]
6,talk,38,4,13,Over
6,talk,39,4,10,Over
6,talk,40,4,4,Over
6,talk,41,4,2,Over
6,talk,42,4,5,Over
6,talk,43,4,14,Over
6,talk,44,4,12,VOTE Agent[11]
6,talk,45,5,13,Over
6,talk,46,5,9,VOTE Agent[14]
6,talk,47,5,5,Over
6,talk,48,5,10,Over
6,talk,49,5,12,VOTE Agent[11]
6,talk,50,5,4,Over
6,talk,51,5,2,Over
6,talk,52,5,14,Over
6,talk,53,5,11,VOTE Agent[04]
6,talk,54,6,9,VOTE Agent[14]
6,talk,55,6,10,Over
6,talk,56,6,4,Over
6,talk,57,6,11,VOTE Agent[04]
6,talk,58,6,5,Over
6,talk,59,6,2,Over
6,talk,60,6,13,Over
6,talk,61,6,12,VOTE Agent[11]
6,talk,62,6,14,Over
6,talk,63,7,5,Over
6,talk,64,7,9,VOTE Agent[11]
6,talk,65,7,13,Over
6,talk,66,7,12,VOTE Agent[11]
6,talk,67,7,14,Over
6,talk,68,7,10,Over
6,talk,69,7,2,Over
6,talk,70,7,4,Over
6,talk,71,7,11,VOTE Agent[04]
6,talk,72,8,10,Over
6,talk,73,8,9,VOTE Agent[11]
6,talk,74,8,4,Over
6,talk,75,8,13,Over
6,talk,76,8,12,VOTE Agent[11]
6,talk,77,8,14,Over
6,talk,78,8,5,Over
6,talk,79,8,11,VOTE Agent[04]
6,talk,80,8,2,Over
6,talk,81,9,11,Over
6,talk,82,9,4,Over
6,talk,83,9,10,Over
6,talk,84,9,13,Over
6,talk,85,9,5,Over
6,talk,86,9,12,Over
6,talk,87,9,2,Over
6,talk,88,9,9,Over
6,talk,89,9,14,Over
6,vote,2,4
6,vote,4,13
6,vote,5,9
6,vote,9,11
6,vote,10,4
6,vote,11,4
6,vote,12,11
6,vote,13,14
6,vote,14,4
6,execute,4,VILLAGER
6,whisper,0,0,9,ATTACK Agent[04]
6,whisper,1,0,12,ATTACK Agent[08]
6,whisper,2,1,12,Skip
6,whisper,3,1,9,Skip
6,whisper,4,2,9,Skip
6,whisper,5,2,12,Skip
6,whisper,6,3,12,Over
6,whisper,7,3,9,Over
6,attackVote,9,10
6,attackVote,12,5
6,attackVote,9,11
6,attackVote,12,5
6,attack,11,true
7,status,1,SEER,DEAD,SampleJava10
7,status,2,VILLAGER,ALIVE,SampleJava6
7,status,3,WEREWOLF,DEAD,sample_py
7,status,4,VILLAGER,DEAD,Tomato7
7,status,5,VILLAGER,ALIVE,Takeda0
7,status,6,VILLAGER,DEAD,sample_py
7,status,7,VILLAGER,DEAD,HALU
7,status,8,BODYGUARD,DEAD,sample_py
7,status,9,WEREWOLF,ALIVE,OKAMI
7,status,10,VILLAGER,ALIVE,SampleJava2
7,status,11,VILLAGER,DEAD,HALU
7,status,12,WEREWOLF,ALIVE,HALU
7,status,13,POSSESSED,ALIVE,sample_py
7,status,14,VILLAGER,ALIVE,SampleJava4
7,status,15,MEDIUM,DEAD,HALU
7,talk,0,0,9,VOTE Agent[02]
7,talk,1,0,10,VOTE Agent[14]
7,talk,2,0,14,VOTE Agent[13]
7,talk,3,0,12,VOTE Agent[14]
7,talk,4,0,13,DIVINED Agent[02] HUMAN
7,talk,5,0,5,VOTE Agent[09]
7,talk,6,0,2,VOTE Agent[05]
7,talk,7,1,2,REQUEST ANY (VOTE Agent[05])
7,talk,8,1,12,VOTE Agent[14]
7,talk,9,1,9,VOTE Agent[14]
7,talk,10,1,10,REQUEST ANY (VOTE Agent[14])
7,talk,11,1,14,REQUEST ANY (VOTE Agent[13])
7,talk,12,1,5,Skip
7,talk,13,1,13,VOTE Agent[12]
7,talk,14,2,13,Skip
7,talk,15,2,10,Skip
7,talk,16,2,2,Skip
7,talk,17,2,14,Skip
7,talk,18,2,9,VOTE Agent[14]
7,talk,19,2,5,Skip
7,talk,20,2,12,VOTE Agent[14]
7,talk,21,3,13,Skip
7,talk,22,3,9,VOTE Agent[14]
7,talk,23,3,14,Skip
7,talk,24,3,5,Over
7,talk,25,3,2,Skip
7,talk,26,3,12,VOTE Agent[14]
7,talk,27,3,10,Skip
7,talk,28,4,2,Over
7,talk,29,4,13,Over
7,talk,30,4,9,VOTE Agent[14]
7,talk,31,4,5,Over
7,talk,32,4,14,Over
7,talk,33,4,10,Over
7,talk,34,4,12,VOTE Agent[14]
7,talk,35,5,2,Over
7,talk,36,5,10,Over
7,talk,37,5,14,Over
7,talk,38,5,12,VOTE Agent[14]
7,talk,39,5,5,Over
7,talk,40,5,9,VOTE Agent[14]
7,talk,41,5,13,Over
7,talk,42,6,14,Over
7,talk,43,6,2,Over
7,talk,44,6,10,Over
7,talk,45,6,5,Over
7,talk,46,6,9,VOTE Agent[14]
7,talk,47,6,13,Over
7,talk,48,6,12,VOTE Agent[14]
7,talk,49,7,5,Over
7,talk,50,7,12,VOTE Agent[14]
7,talk,51,7,2,Over
7,talk,52,7,9,VOTE Agent[14]
7,talk,53,7,13,Over
7,talk,54,7,10,Over
7,talk,55,7,14,Over
7,talk,56,8,12,VOTE Agent[14]
7,talk,57,8,5,Over
7,talk,58,8,10,Over
7,talk,59,8,13,Over
7,talk,60,8,2,Over
7,talk,61,8,9,VOTE Agent[14]
7,talk,62,8,14,Over
7,talk,63,9,2,Over
7,talk,64,9,14,Over
7,talk,65,9,5,Over
7,talk,66,9,10,Over
7,talk,67,9,12,Over
7,talk,68,9,9,Over
7,talk,69,9,13,Over
7,vote,2,14
7,vote,5,9
7,vote,9,14
7,vote,10,5
7,vote,12,14
7,vote,13,12
7,vote,14,5
7,execute,14,VILLAGER
7,whisper,0,0,12,ATTACK Agent[02]
7,whisper,1,0,9,ATTACK Agent[02]
7,whisper,2,1,9,Skip
7,whisper,3,1,12,Skip
7,whisper,4,2,12,Skip
7,whisper,5,2,9,Skip
7,whisper,6,3,12,Over
7,whisper,7,3,9,Over
7,attackVote,9,10
7,attackVote,12,2
7,attackVote,9,10
7,attackVote,12,5
7,attack,5,true
8,status,1,SEER,DEAD,SampleJava10
8,status,2,VILLAGER,ALIVE,SampleJava6
8,status,3,WEREWOLF,DEAD,sample_py
8,status,4,VILLAGER,DEAD,Tomato7
8,status,5,VILLAGER,DEAD,Takeda0
8,status,6,VILLAGER,DEAD,sample_py
8,status,7,VILLAGER,DEAD,HALU
8,status,8,BODYGUARD,DEAD,sample_py
8,status,9,WEREWOLF,ALIVE,OKAMI
8,status,10,VILLAGER,ALIVE,SampleJava2
8,status,11,VILLAGER,DEAD,HALU
8,status,12,WEREWOLF,ALIVE,HALU
8,status,13,POSSESSED,ALIVE,sample_py
8,status,14,VILLAGER,DEAD,SampleJava4
8,status,15,MEDIUM,DEAD,HALU
8,talk,0,0,9,VOTE Agent[10]
8,talk,1,0,10,VOTE Agent[09]
8,talk,2,0,13,DIVINED Agent[09] WEREWOLF
8,talk,3,0,2,VOTE Agent[10]
8,talk,4,0,12,VOTE Agent[10]
8,talk,5,1,2,REQUEST ANY (VOTE Agent[10])
8,talk,6,1,13,VOTE Agent[09]
8,talk,7,1,10,REQUEST ANY (VOTE Agent[09])
8,talk,8,1,9,VOTE Agent[10]
8,talk,9,1,12,VOTE Agent[10]
8,talk,10,2,9,VOTE Agent[10]
8,talk,11,2,12,VOTE Agent[10]
8,talk,12,2,10,Skip
8,talk,13,2,2,Skip
8,talk,14,2,13,Skip
8,talk,15,3,2,Skip
8,talk,16,3,13,Skip
8,talk,17,3,12,VOTE Agent[10]
8,talk,18,3,9,VOTE Agent[10]
8,talk,19,3,10,Skip
8,talk,20,4,2,Over
8,talk,21,4,13,Over
8,talk,22,4,9,VOTE Agent[10]
8,talk,23,4,12,VOTE Agent[10]
8,talk,24,4,10,Over
8,talk,25,5,12,VOTE Agent[10]
8,talk,26,5,2,Over
8,talk,27,5,13,Over
8,talk,28,5,10,Over
8,talk,29,5,9,VOTE Agent[10]
8,talk,30,6,9,VOTE Agent[10]
8,talk,31,6,2,Over
8,talk,32,6,13,Over
8,talk,33,6,10,Over
8,talk,34,6,12,VOTE Agent[10]
8,talk,35,7,2,Over
8,talk,36,7,9,VOTE Agent[10]
8,talk,37,7,13,Over
8,talk,38,7,10,Over
8,talk,39,7,12,VOTE Agent[10]
8,talk,40,8,13,Over
8,talk,41,8,9,VOTE Agent[10]
8,talk,42,8,12,VOTE Agent[10]
8,talk,43,8,2,Over
8,talk,44,8,10,Over
8,talk,45,9,13,Over
8,talk,46,9,10,Over
8,talk,47,9,12,Over
8,talk,48,9,2,Over
8,talk,49,9,9,Over
8,vote,2,9
8,vote,9,10
8,vote,10,9
8,vote,12,10
8,vote,13,9
8,execute,9,WEREWOLF
8,attackVote,12,10
8,attack,10,true
9,status,1,SEER,DEAD,SampleJava10
9,status,2,VILLAGER,ALIVE,SampleJava6
9,status,3,WEREWOLF,DEAD,sample_py
9,status,4,VILLAGER,DEAD,Tomato7
9,status,5,VILLAGER,DEAD,Takeda0
9,status,6,VILLAGER,DEAD,sample_py
9,status,7,VILLAGER,DEAD,HALU
9,status,8,BODYGUARD,DEAD,sample_py
9,status,9,WEREWOLF,DEAD,OKAMI
9,status,10,VILLAGER,DEAD,SampleJava2
9,status,11,VILLAGER,DEAD,HALU
9,status,12,WEREWOLF,ALIVE,HALU
9,status,13,POSSESSED,ALIVE,sample_py
9,status,14,VILLAGER,DEAD,SampleJava4
9,status,15,MEDIUM,DEAD,HALU
9,talk,0,0,12,VOTE Agent[13]
9,talk,1,0,2,VOTE Agent[13]
9,talk,2,0,13,VOTE Agent[02]
9,talk,3,1,12,VOTE Agent[13]
9,talk,4,1,13,Skip
9,talk,5,1,2,REQUEST ANY (VOTE Agent[13])
9,talk,6,2,12,VOTE Agent[02]
9,talk,7,2,2,Skip
9,talk,8,2,13,Skip
9,talk,9,3,2,Skip
9,talk,10,3,12,VOTE Agent[02]
9,talk,11,3,13,Over
9,talk,12,4,2,Over
9,talk,13,4,12,VOTE Agent[02]
9,talk,14,4,13,Over
9,talk,15,5,13,Over
9,talk,16,5,12,VOTE Agent[02]
9,talk,17,5,2,Over
9,talk,18,6,2,Over
9,talk,19,6,13,Over
9,talk,20,6,12,VOTE Agent[02]
9,talk,21,7,2,Over
9,talk,22,7,12,VOTE Agent[02]
9,talk,23,7,13,Over
9,talk,24,8,13,Over
9,talk,25,8,2,Over
9,talk,26,8,12,VOTE Agent[02]
9,talk,27,9,13,Over
9,talk,28,9,12,Over
9,talk,29,9,2,Over
9,vote,2,12
9,vote,12,2
9,vote,13,2
9,execute,2,VILLAGER
9,attackVote,12,13
9,attack,13,true
10,status,1,SEER,DEAD,SampleJava10
10,status,2,VILLAGER,DEAD,SampleJava6
10,status,3,WEREWOLF,DEAD,sample_py
10,status,4,VILLAGER,DEAD,Tomato7
10,status,5,VILLAGER,DEAD,Takeda0
10,status,6,VILLAGER,DEAD,sample_py
10,status,7,VILLAGER,DEAD,HALU
10,status,8,BODYGUARD,DEAD,sample_py
10,status,9,WEREWOLF,DEAD,OKAMI
10,status,10,VILLAGER,DEAD,SampleJava2
10,status,11,VILLAGER,DEAD,HALU
10,status,12,WEREWOLF,ALIVE,HALU
10,status,13,POSSESSED,DEAD,sample_py
10,status,14,VILLAGER,DEAD,SampleJava4
10,status,15,MEDIUM,DEAD,HALU
10,result,0,1,WEREWOLF
