0,status,1,VILLAGER,ALIVE,OKAMI
0,status,2,VILLAGER,ALIVE,sample_py
0,status,3,BODYGUARD,ALIVE,TOKU7
0,status,4,WEREWOLF,ALIVE,Tomato5
0,status,5,SEER,ALIVE,OKAMI
0,status,6,MEDIUM,ALIVE,sample_py
0,status,7,VILLAGER,ALIVE,Tomato4
0,status,8,VILLAGER,ALIVE,HALU
0,status,9,POSSESSED,ALIVE,HALU
0,status,10,VILLAGER,ALIVE,sample_py
0,status,11,WEREWOLF,ALIVE,OKAMI
0,status,12,VILLAGER,ALIVE,HALU
0,status,13,VILLAGER,ALIVE,Takeda0
0,status,14,WEREWOLF,ALIVE,Takeda13
0,status,15,VILLAGER,ALIVE,HALU
0,whisper,0,0,14,Skip
0,whisper,1,0,11,COMINGOUT Agent[11] MEDIUM
0,whisper,2,0,4,COMINGOUT Agent[04] SEER
0,whisper,3,1,11,COMINGOUT Agent[11] VILLAGER
0,whisper,4,1,14,Skip
0,whisper,5,1,4,Skip
0,whisper,6,2,4,Skip
0,whisper,7,2,14,Over
0,whisper,8,2,11,Skip
0,whisper,9,3,14,Over
0,whisper,10,3,11,Skip
0,whisper,11,3,4,Over
0,whisper,12,4,14,Over
0,whisper,13,4,11,Over
0,whisper,14,4,4,Over
0,divine,5,12,HUMAN
1,status,1,VILLAGER,ALIVE,OKAMI
1,status,2,VILLAGER,ALIVE,sample_py
1,status,3,BODYGUARD,ALIVE,TOKU7
1,status,4,WEREWOLF,ALIVE,Tomato5
1,status,5,SEER,ALIVE,OKAMI
1,status,6,MEDIUM,ALIVE,sample_py
1,status,7,VILLAGER,ALIVE,Tomato4
1,status,8,VILLAGER,ALIVE,HALU
1,status,9,POSSESSED,ALIVE,HALU
1,status,10,VILLAGER,ALIVE,sample_py
1,status,11,WEREWOLF,ALIVE,OKAMI
1,status,12,VILLAGER,ALIVE,HALU
1,status,13,VILLAGER,ALIVE,Takeda0
1,status,14,WEREWOLF,ALIVE,Takeda13
1,status,15,VILLAGER,ALIVE,HALU
1,talk,0,0,7,VOTE Agent[14]
1,talk,1,0,2,VOTE Agent[13]
1,talk,2,0,6,VOTE Agent[02]
1,talk,3,0,11,VOTE Agent[13]
1,talk,4,0,13,VOTE Agent[14]
1,talk,5,0,9,COMINGOUT Agent[09] SEER
1,talk,6,0,8,VOTE Agent[13]
1,talk,7,0,10,VOTE Agent[14]
1,talk,8,0,14,Skip
1,talk,9,0,12,VOTE Agent[08]
1,talk,10,0,15,VOTE Agent[10]
1,talk,11,0,3,VOTE Agent[09]
1,talk,12,0,4,COMINGOUT Agent[04] SEER
1,talk,13,0,1,VOTE Agent[13]
1,talk,14,0,5,VOTE Agent[14]
1,talk,15,1,1,COMINGOUT Agent[01] VILLAGER
1,talk,16,1,13,Skip
1,talk,17,1,10,Skip
1,talk,18,1,7,Skip
1,talk,19,1,9,DIVINED Agent[15] WEREWOLF
1,talk,20,1,14,VOTE Agent[13]
1,talk,21,1,11,VOTE Agent[15]
1,talk,22,1,6,VOTE Agent[15]
1,talk,23,1,12,VOTE Agent[15]
1,talk,24,1,15,VOTE Agent[15]
1,talk,25,1,4,DIVINED Agent[14] HUMAN
1,talk,26,1,3,VOTE Agent[14]
1,talk,27,1,8,VOTE Agent[01]
1,talk,28,1,2,VOTE Agent[15]
1,talk,29,1,5,VOTE Agent[01]
1,talk,30,2,13,Skip
1,talk,31,2,12,VOTE Agent[15]
1,talk,32,2,1,VOTE Agent[15]
1,talk,33,2,2,Skip
1,talk,34,2,11,VOTE Agent[15]
1,talk,35,2,9,VOTE Agent[15]
1,talk,36,2,15,VOTE Agent[01]
1,talk,37,2,7,VOTE Agent[15]
1,talk,38,2,10,VOTE Agent[15]
1,talk,39,2,14,VOTE Agent[15]
1,talk,40,2,6,Skip
1,talk,41,2,5,VOTE Agent[01]
1,talk,42,2,4,VOTE Agent[15]
1,talk,43,2,3,VOTE Agent[05]
1,talk,44,2,8,VOTE Agent[01]
1,talk,45,3,1,VOTE Agent[15]
1,talk,46,3,13,Over
1,talk,47,3,2,Skip
1,talk,48,3,7,Skip
1,talk,49,3,6,Skip
1,talk,50,3,15,VOTE Agent[01]
1,talk,51,3,3,Skip
1,talk,52,3,10,Skip
1,talk,53,3,8,VOTE Agent[01]
1,talk,54,3,9,VOTE Agent[15]
1,talk,55,3,12,VOTE Agent[15]
1,talk,56,3,11,VOTE Agent[15]
1,talk,57,3,5,VOTE Agent[01]
1,talk,58,3,4,Skip
1,talk,59,3,14,Skip
1,talk,60,4,2,Over
1,talk,61,4,4,Skip
1,talk,62,4,13,Over
1,talk,63,4,10,Skip
1,talk,64,4,6,Over
1,talk,65,4,5,VOTE Agent[01]
1,talk,66,4,8,VOTE Agent[01]
1,talk,67,4,7,Skip
1,talk,68,4,14,Skip
1,talk,69,4,1,VOTE Agent[15]
1,talk,70,4,12,VOTE Agent[15]
1,talk,71,4,3,Skip
1,talk,72,4,11,VOTE Agent[15]
1,talk,73,4,15,VOTE Agent[01]
1,talk,74,4,9,VOTE Agent[15]
1,talk,75,5,2,Over
1,talk,76,5,7,Over
1,talk,77,5,4,Over
1,talk,78,5,3,Over
1,talk,79,5,6,Over
1,talk,80,5,11,VOTE Agent[15]
1,talk,81,5,15,VOTE Agent[01]
1,talk,82,5,1,VOTE Agent[15]
1,talk,83,5,10,Over
1,talk,84,5,9,VOTE Agent[15]
1,talk,85,5,12,VOTE Agent[15]
1,talk,86,5,13,Over
1,talk,87,5,8,VOTE Agent[01]
1,talk,88,5,14,Over
1,talk,89,5,5,VOTE Agent[01]
1,talk,90,6,8,VOTE Agent[01]
1,talk,91,6,14,Over
1,talk,92,6,6,Over
1,talk,93,6,3,Over
1,talk,94,6,4,Over
1,talk,95,6,1,VOTE Agent[15]
1,talk,96,6,11,VOTE Agent[15]
1,talk,97,6,10,Over
1,talk,98,6,13,Over
1,talk,99,6,7,Over
1,talk,100,6,5,VOTE Agent[01]
1,talk,101,6,12,VOTE Agent[15]
1,talk,102,6,15,VOTE Agent[01]
1,talk,103,6,2,Over
1,talk,104,6,9,VOTE Agent[15]
1,talk,105,7,15,VOTE Agent[01]
1,talk,106,7,13,Over
1,talk,107,7,1,VOTE Agent[15]
1,talk,108,7,12,VOTE Agent[15]
1,talk,109,7,4,Over
1,talk,110,7,6,Over
1,talk,111,7,11,VOTE Agent[15]
1,talk,112,7,8,VOTE Agent[01]
1,talk,113,7,10,Over
1,talk,114,7,7,Over
1,talk,115,7,14,Over
1,talk,116,7,3,Over
1,talk,117,7,9,VOTE Agent[15]
1,talk,118,7,2,Over
1,talk,119,7,5,VOTE Agent[01]
1,talk,120,8,4,Over
1,talk,121,8,7,Over
1,talk,122,8,3,Over
1,talk,123,8,1,VOTE Agent[15]
1,talk,124,8,10,Over
1,talk,125,8,13,VOTE Agent[04]
1,talk,126,8,15,VOTE Agent[01]
1,talk,127,8,9,VOTE Agent[15]
1,talk,128,8,6,Over
1,talk,129,8,11,VOTE Agent[15]
1,talk,130,8,8,VOTE Agent[01]
1,talk,131,8,12,VOTE Agent[15]
1,talk,132,8,2,Over
1,talk,133,8,5,VOTE Agent[01]
1,talk,134,8,14,Over
1,talk,135,9,10,Over
1,talk,136,9,12,Over
1,talk,137,9,9,Over
1,talk,138,9,4,Over
1,talk,139,9,13,Skip
1,talk,140,9,7,Over
1,talk,141,9,3,Over
1,talk,142,9,6,Over
1,talk,143,9,1,Over
1,talk,144,9,15,Over
1,talk,145,9,8,Over
1,talk,146,9,5,Over
1,talk,147,9,14,Over
1,talk,148,9,2,Over
1,talk,149,9,11,Over
1,talk,150,10,6,Over
1,talk,151,10,11,Over
1,talk,152,10,9,Over
1,talk,153,10,3,Over
1,talk,154,10,14,Over
1,talk,155,10,4,Over
1,talk,156,10,12,Over
1,talk,157,10,7,Over
1,talk,158,10,8,Over
1,talk,159,10,2,Over
1,talk,160,10,5,Over
1,talk,161,10,13,Skip
1,talk,162,10,1,Over
1,talk,163,10,10,Over
1,talk,164,10,15,Over
1,talk,165,11,5,Over
1,talk,166,11,6,Over
1,talk,167,11,8,Over
1,talk,168,11,12,Over
1,talk,169,11,11,Over
1,talk,170,11,2,Over
1,talk,171,11,10,Over
1,talk,172,11,1,Over
1,talk,173,11,7,Over
1,talk,174,11,15,Over
1,talk,175,11,14,Over
1,talk,176,11,9,Over
1,talk,177,11,3,Over
1,talk,178,11,4,Over
1,talk,179,11,13,Over
1,vote,1,15
1,vote,2,15
1,vote,3,15
1,vote,4,15
1,vote,5,1
1,vote,6,15
1,vote,7,15
1,vote,8,1
1,vote,9,15
1,vote,10,15
1,vote,11,15
1,vote,12,15
1,vote,13,15
1,vote,14,15
1,vote,15,1
1,execute,15,VILLAGER
1,divine,5,3,HUMAN
1,whisper,0,0,4,ATTACK Agent[09]
1,whisper,1,0,14,Skip
1,whisper,2,0,11,ATTACK Agent[09]
1,whisper,3,1,14,Skip
1,whisper,4,1,4,Skip
1,whisper,5,1,11,Skip
1,whisper,6,2,14,Over
1,whisper,7,2,4,Skip
1,whisper,8,2,11,Skip
1,whisper,9,3,4,Over
1,whisper,10,3,14,Over
1,whisper,11,3,11,Over
1,guard,3,13,VILLAGER
1,attackVote,4,9
1,attackVote,11,9
1,attackVote,14,5
1,attack,9,true
2,status,1,VILLAGER,ALIVE,OKAMI
2,status,2,VILLAGER,ALIVE,sample_py
2,status,3,BODYGUARD,ALIVE,TOKU7
2,status,4,WEREWOLF,ALIVE,Tomato5
2,status,5,SEER,ALIVE,OKAMI
2,status,6,MEDIUM,ALIVE,sample_py
2,status,7,VILLAGER,ALIVE,Tomato4
2,status,8,VILLAGER,ALIVE,HALU
2,status,9,POSSESSED,DEAD,HALU
2,status,10,VILLAGER,ALIVE,sample_py
2,status,11,WEREWOLF,ALIVE,OKAMI
2,status,12,VILLAGER,ALIVE,HALU
2,status,13,VILLAGER,ALIVE,Takeda0
2,status,14,WEREWOLF,ALIVE,Takeda13
2,status,15,VILLAGER,DEAD,HALU
2,talk,0,0,6,VOTE Agent[02]
2,talk,1,0,11,VOTE Agent[02]
2,talk,2,0,1,VOTE Agent[02]
2,talk,3,0,14,VOTE Agent[05]
2,talk,4,0,8,VOTE Agent[01]
2,talk,5,0,7,VOTE Agent[02]
2,talk,6,0,5,VOTE Agent[01]
2,talk,7,0,10,VOTE Agent[08]
2,talk,8,0,3,VOTE Agent[04]
2,talk,9,0,4,DIVINED Agent[13] HUMAN
2,talk,10,0,2,VOTE Agent[10]
2,talk,11,0,12,VOTE Agent[05]
2,talk,12,0,13,VOTE Agent[04]
2,talk,13,1,2,Skip
2,talk,14,1,1,COMINGOUT Agent[01] VILLAGER
2,talk,15,1,6,Skip
2,talk,16,1,3,Skip
2,talk,17,1,14,Skip
2,talk,18,1,8,VOTE Agent[01]
2,talk,19,1,10,Skip
2,talk,20,1,4,VOTE Agent[02]
2,talk,21,1,7,Skip
2,talk,22,1,11,VOTE Agent[02]
2,talk,23,1,12,VOTE Agent[11]
2,talk,24,1,13,Skip
2,talk,25,1,5,VOTE Agent[01]
2,talk,26,2,10,Skip
2,talk,27,2,13,Skip
2,talk,28,2,2,Skip
2,talk,29,2,8,VOTE Agent[01]
2,talk,30,2,14,Skip
2,talk,31,2,3,Skip
2,talk,32,2,1,VOTE Agent[11]
2,talk,33,2,4,Skip
2,talk,34,2,12,VOTE Agent[01]
2,talk,35,2,11,VOTE Agent[01]
2,talk,36,2,6,Skip
2,talk,37,2,5,VOTE Agent[01]
2,talk,38,2,7,VOTE Agent[01]
2,talk,39,3,2,Over
2,talk,40,3,13,Over
2,talk,41,3,4,VOTE Agent[01]
2,talk,42,3,1,VOTE Agent[05]
2,talk,43,3,5,VOTE Agent[01]
2,talk,44,3,12,VOTE Agent[10]
2,talk,45,3,10,Over
2,talk,46,3,3,Over
2,talk,47,3,7,Skip
2,talk,48,3,8,VOTE Agent[01]
2,talk,49,3,11,VOTE Agent[01]
2,talk,50,3,14,Over
2,talk,51,3,6,Over
2,talk,52,4,2,Over
2,talk,53,4,8,VOTE Agent[01]
2,talk,54,4,7,Skip
2,talk,55,4,13,Over
2,talk,56,4,1,VOTE Agent[08]
2,talk,57,4,5,VOTE Agent[01]
2,talk,58,4,6,Over
2,talk,59,4,3,Over
2,talk,60,4,4,Skip
2,talk,61,4,14,Over
2,talk,62,4,10,Over
2,talk,63,4,12,VOTE Agent[11]
2,talk,64,4,11,VOTE Agent[01]
2,talk,65,5,6,Over
2,talk,66,5,10,Over
2,talk,67,5,13,Over
2,talk,68,5,4,Skip
2,talk,69,5,5,VOTE Agent[01]
2,talk,70,5,8,VOTE Agent[01]
2,talk,71,5,2,Over
2,talk,72,5,3,Over
2,talk,73,5,14,Over
2,talk,74,5,12,VOTE Agent[11]
2,talk,75,5,1,VOTE Agent[05]
2,talk,76,5,11,VOTE Agent[01]
2,talk,77,5,7,Over
2,talk,78,6,10,Over
2,talk,79,6,12,VOTE Agent[01]
2,talk,80,6,1,VOTE Agent[02]
2,talk,81,6,5,VOTE Agent[01]
2,talk,82,6,7,Over
2,talk,83,6,8,VOTE Agent[01]
2,talk,84,6,11,VOTE Agent[01]
2,talk,85,6,4,Over
2,talk,86,6,13,Over
2,talk,87,6,14,Over
2,talk,88,6,3,Over
2,talk,89,6,2,Over
2,talk,90,6,6,Over
2,talk,91,7,1,VOTE Agent[08]
2,talk,92,7,10,Over
2,talk,93,7,8,VOTE Agent[01]
2,talk,94,7,2,Over
2,talk,95,7,11,VOTE Agent[01]
2,talk,96,7,14,Over
2,talk,97,7,6,Over
2,talk,98,7,12,VOTE Agent[11]
2,talk,99,7,5,VOTE Agent[01]
2,talk,100,7,13,Over
2,talk,101,7,4,Over
2,talk,102,7,3,Over
2,talk,103,7,7,Over
2,talk,104,8,2,Over
2,talk,105,8,5,VOTE Agent[01]
2,talk,106,8,3,Over
2,talk,107,8,8,VOTE Agent[01]
2,talk,108,8,4,Over
2,talk,109,8,12,VOTE Agent[08]
2,talk,110,8,7,Over
2,talk,111,8,1,VOTE Agent[05]
2,talk,112,8,14,Over
2,talk,113,8,6,Over
2,talk,114,8,11,VOTE Agent[01]
2,talk,115,8,10,Over
2,talk,116,8,13,Over
2,talk,117,9,11,Over
2,talk,118,9,4,Over
2,talk,119,9,3,Over
2,talk,120,9,1,Over
2,talk,121,9,6,Over
2,talk,122,9,5,Over
2,talk,123,9,8,Over
2,talk,124,9,14,Over
2,talk,125,9,2,Over
2,talk,126,9,12,Over
2,talk,127,9,7,Over
2,talk,128,9,13,VOTE Agent[14]
2,talk,129,9,10,Over
2,talk,130,10,6,Over
2,talk,131,10,7,Over
2,talk,132,10,1,Over
2,talk,133,10,14,Over
2,talk,134,10,8,Over
2,talk,135,10,4,Over
2,talk,136,10,11,Over
2,talk,137,10,13,Skip
2,talk,138,10,5,Over
2,talk,139,10,10,Over
2,talk,140,10,12,Over
2,talk,141,10,3,Over
2,talk,142,10,2,Over
2,talk,143,11,12,Over
2,talk,144,11,10,Over
2,talk,145,11,11,Over
2,talk,146,11,3,Over
2,talk,147,11,5,Over
2,talk,148,11,2,Over
2,talk,149,11,8,Over
2,talk,150,11,13,Skip
2,talk,151,11,6,Over
2,talk,152,11,7,Over
2,talk,153,11,14,Over
2,talk,154,11,4,Over
2,talk,155,11,1,Over
2,talk,156,12,7,Over
2,talk,157,12,1,Over
2,talk,158,12,6,Over
2,talk,159,12,14,Over
2,talk,160,12,12,Over
2,talk,161,12,5,Over
2,talk,162,12,8,Over
2,talk,163,12,10,Over
2,talk,164,12,3,Over
2,talk,165,12,2,Over
2,talk,166,12,11,Over
2,talk,167,12,4,Over
2,talk,168,12,13,Over
2,vote,1,5
2,vote,2,10
2,vote,3,4
2,vote,4,1
2,vote,5,1
2,vote,6,2
2,vote,7,1
2,vote,8,1
2,vote,10,8
2,vote,11,1
2,vote,12,11
2,vote,13,14
2,vote,14,11
2,execute,1,VILLAGER
2,divine,5,11,WEREWOLF
2,whisper,0,0,14,Skip
2,whisper,1,0,4,ATTACK Agent[13]
2,whisper,2,0,11,ATTACK Agent[06]
2,whisper,3,1,11,Skip
2,whisper,4,1,14,Skip
2,whisper,5,1,4,Skip
2,whisper,6,2,11,Skip
2,whisper,7,2,14,Over
2,whisper,8,2,4,Skip
2,whisper,9,3,4,Over
2,whisper,10,3,11,Over
2,whisper,11,3,14,Over
2,guard,3,5,SEER
2,attackVote,4,13
2,attackVote,11,12
2,attackVote,14,5
2,attackVote,4,13
2,attackVote,11,3
2,attackVote,14,5
2,attack,13,true
3,status,1,VILLAGER,DEAD,OKAMI
3,status,2,VILLAGER,ALIVE,sample_py
3,status,3,BODYGUARD,ALIVE,TOKU7
3,status,4,WEREWOLF,ALIVE,Tomato5
3,status,5,SEER,ALIVE,OKAMI
3,status,6,MEDIUM,ALIVE,sample_py
3,status,7,VILLAGER,ALIVE,Tomato4
3,status,8,VILLAGER,ALIVE,HALU
3,status,9,POSSESSED,DEAD,HALU
3,status,10,VILLAGER,ALIVE,sample_py
3,status,11,WEREWOLF,ALIVE,OKAMI
3,status,12,VILLAGER,ALIVE,HALU
3,status,13,VILLAGER,DEAD,Takeda0
3,status,14,WEREWOLF,ALIVE,Takeda13
3,status,15,VILLAGER,DEAD,HALU
3,talk,0,0,7,VOTE Agent[04]
3,talk,1,0,14,VOTE Agent[05]
3,talk,2,0,12,VOTE Agent[07]
3,talk,3,0,5,VOTE Agent[11]
3,talk,4,0,4,DIVINED Agent[12] HUMAN
3,talk,5,0,6,COMINGOUT Agent[06] MEDIUM
3,talk,6,0,2,VOTE Agent[06]
3,talk,7,0,8,VOTE Agent[07]
3,talk,8,0,11,VOTE Agent[07]
3,talk,9,0,3,VOTE Agent[04]
3,talk,10,0,10,VOTE Agent[03]
3,talk,11,1,4,VOTE Agent[07]
3,talk,12,1,11,VOTE Agent[07]
3,talk,13,1,12,VOTE Agent[03]
3,talk,14,1,3,Skip
3,talk,15,1,8,VOTE Agent[11]
3,talk,16,1,2,Skip
3,talk,17,1,6,IDENTIFIED Agent[15] HUMAN
3,talk,18,1,7,Skip
3,talk,19,1,5,VOTE Agent[11]
3,talk,20,1,10,Skip
3,talk,21,1,14,Skip
3,talk,22,2,14,Skip
3,talk,23,2,10,Skip
3,talk,24,2,3,VOTE Agent[14]
3,talk,25,2,2,Skip
3,talk,26,2,11,VOTE Agent[03]
3,talk,27,2,5,VOTE Agent[11]
3,talk,28,2,6,IDENTIFIED Agent[01] HUMAN
3,talk,29,2,12,VOTE Agent[03]
3,talk,30,2,4,VOTE Agent[03]
3,talk,31,2,8,VOTE Agent[05]
3,talk,32,2,7,Skip
3,talk,33,3,11,VOTE Agent[03]
3,talk,34,3,6,VOTE Agent[12]
3,talk,35,3,4,Skip
3,talk,36,3,12,VOTE Agent[03]
3,talk,37,3,8,VOTE Agent[11]
3,talk,38,3,2,Over
3,talk,39,3,5,VOTE Agent[11]
3,talk,40,3,10,Over
3,talk,41,3,7,Over
3,talk,42,3,14,VOTE Agent[08]
3,talk,43,3,3,VOTE Agent[04]
3,talk,44,4,11,VOTE Agent[03]
3,talk,45,4,14,Skip
3,talk,46,4,10,Over
3,talk,47,4,5,VOTE Agent[11]
3,talk,48,4,4,Skip
3,talk,49,4,2,Over
3,talk,50,4,7,Over
3,talk,51,4,12,VOTE Agent[11]
3,talk,52,4,3,Skip
3,talk,53,4,6,Skip
3,talk,54,4,8,VOTE Agent[03]
3,talk,55,5,12,VOTE Agent[03]
3,talk,56,5,3,Skip
3,talk,57,5,5,VOTE Agent[11]
3,talk,58,5,4,Over
3,talk,59,5,10,Over
3,talk,60,5,2,Over
3,talk,61,5,7,Over
3,talk,62,5,14,Skip
3,talk,63,5,8,VOTE Agent[05]
3,talk,64,5,11,VOTE Agent[03]
3,talk,65,5,6,Skip
3,talk,66,6,4,Over
3,talk,67,6,11,VOTE Agent[03]
3,talk,68,6,10,Over
3,talk,69,6,3,Over
3,talk,70,6,12,VOTE Agent[03]
3,talk,71,6,5,VOTE Agent[11]
3,talk,72,6,14,Over
3,talk,73,6,2,Over
3,talk,74,6,6,Over
3,talk,75,6,7,Over
3,talk,76,6,8,VOTE Agent[11]
3,talk,77,7,10,Over
3,talk,78,7,12,VOTE Agent[03]
3,talk,79,7,14,Over
3,talk,80,7,8,VOTE Agent[11]
3,talk,81,7,5,VOTE Agent[11]
3,talk,82,7,4,Over
3,talk,83,7,11,VOTE Agent[03]
3,talk,84,7,7,Over
3,talk,85,7,2,Over
3,talk,86,7,3,Over
3,talk,87,7,6,Over
3,talk,88,8,4,Over
3,talk,89,8,7,Over
3,talk,90,8,3,Over
3,talk,91,8,14,Over
3,talk,92,8,5,VOTE Agent[11]
3,talk,93,8,11,VOTE Agent[03]
3,talk,94,8,6,Over
3,talk,95,8,8,VOTE Agent[11]
3,talk,96,8,12,VOTE Agent[03]
3,talk,97,8,10,Over
3,talk,98,8,2,Over
3,talk,99,9,12,Over
3,talk,100,9,10,Over
3,talk,101,9,11,Over
3,talk,102,9,8,Over
3,talk,103,9,3,Over
3,talk,104,9,14,Over
3,talk,105,9,6,Over
3,talk,106,9,5,Over
3,talk,107,9,4,Over
3,talk,108,9,7,Over
3,talk,109,9,2,Over
3,vote,2,6
3,vote,3,4
3,vote,4,3
3,vote,5,11
3,vote,6,12
3,vote,7,4
3,vote,8,11
3,vote,10,3
3,vote,11,3
3,vote,12,3
3,vote,14,4
3,execute,3,BODYGUARD
3,divine,5,11,WEREWOLF
3,whisper,0,0,4,ATTACK Agent[06]
3,whisper,1,0,14,Skip
3,whisper,2,0,11,ATTACK Agent[08]
3,whisper,3,1,11,Skip
3,whisper,4,1,4,Skip
3,whisper,5,1,14,Skip
3,whisper,6,2,4,Skip
3,whisper,7,2,14,Over
3,whisper,8,2,11,Skip
3,whisper,9,3,11,Over
3,whisper,10,3,4,Over
3,whisper,11,3,14,Over
3,attackVote,4,6
3,attackVote,11,10
3,attackVote,14,5
3,attackVote,4,6
3,attackVote,11,10
3,attackVote,14,5
3,attack,5,true
4,status,1,VILLAGER,DEAD,OKAMI
4,status,2,VILLAGER,ALIVE,sample_py
4,status,3,BODYGUARD,DEAD,TOKU7
4,status,4,WEREWOLF,ALIVE,Tomato5
4,status,5,SEER,DEAD,OKAMI
4,status,6,MEDIUM,ALIVE,sample_py
4,status,7,VILLAGER,ALIVE,Tomato4
4,status,8,VILLAGER,ALIVE,HALU
4,status,9,POSSESSED,DEAD,HALU
4,status,10,VILLAGER,ALIVE,sample_py
4,status,11,WEREWOLF,ALIVE,OKAMI
4,status,12,VILLAGER,ALIVE,HALU
4,status,13,VILLAGER,DEAD,Takeda0
4,status,14,WEREWOLF,ALIVE,Takeda13
4,status,15,VILLAGER,DEAD,HALU
4,talk,0,0,14,VOTE Agent[04]
4,talk,1,0,2,VOTE Agent[07]
4,talk,2,0,12,VOTE Agent[02]
4,talk,3,0,7,VOTE Agent[04]
4,talk,4,0,6,IDENTIFIED Agent[03] HUMAN
4,talk,5,0,4,DIVINED Agent[08] HUMAN
4,talk,6,0,10,VOTE Agent[07]
4,talk,7,0,11,VOTE Agent[07]
4,talk,8,0,8,VOTE Agent[07]
4,talk,9,1,8,VOTE Agent[07]
4,talk,10,1,2,Skip
4,talk,11,1,4,VOTE Agent[07]
4,talk,12,1,7,Skip
4,talk,13,1,12,VOTE Agent[07]
4,talk,14,1,6,VOTE Agent[02]
4,talk,15,1,10,Skip
4,talk,16,1,14,VOTE Agent[07]
4,talk,17,1,11,VOTE Agent[07]
4,talk,18,2,7,Skip
4,talk,19,2,10,Skip
4,talk,20,2,14,Skip
4,talk,21,2,4,Skip
4,talk,22,2,12,VOTE Agent[07]
4,talk,23,2,8,VOTE Agent[07]
4,talk,24,2,2,Skip
4,talk,25,2,6,Skip
4,talk,26,2,11,VOTE Agent[07]
4,talk,27,3,14,Skip
4,talk,28,3,7,Over
4,talk,29,3,4,Skip
4,talk,30,3,2,Over
4,talk,31,3,11,VOTE Agent[07]
4,talk,32,3,6,Skip
4,talk,33,3,10,Over
4,talk,34,3,8,VOTE Agent[11]
4,talk,35,3,12,VOTE Agent[07]
4,talk,36,4,12,VOTE Agent[07]
4,talk,37,4,8,VOTE Agent[07]
4,talk,38,4,14,Over
4,talk,39,4,6,Over
4,talk,40,4,4,Over
4,talk,41,4,7,Over
4,talk,42,4,10,Over
4,talk,43,4,11,VOTE Agent[07]
4,talk,44,4,2,Over
4,talk,45,5,6,Over
4,talk,46,5,2,Over
4,talk,47,5,8,VOTE Agent[07]
4,talk,48,5,11,VOTE Agent[07]
4,talk,49,5,10,Over
4,talk,50,5,12,VOTE Agent[11]
4,talk,51,5,7,Over
4,talk,52,5,4,Over
4,talk,53,5,14,Over
4,talk,54,6,10,Over
4,talk,55,6,2,Over
4,talk,56,6,14,Over
4,talk,57,6,7,Over
4,talk,58,6,4,Over
4,talk,59,6,6,Over
4,talk,60,6,11,VOTE Agent[07]
4,talk,61,6,8,VOTE Agent[07]
4,talk,62,6,12,VOTE Agent[07]
4,talk,63,7,7,Over
4,talk,64,7,14,Over
4,talk,65,7,11,VOTE Agent[07]
4,talk,66,7,2,Over
4,talk,67,7,6,Over
4,talk,68,7,4,Over
4,talk,69,7,12,VOTE Agent[11]
4,talk,70,7,10,Over
4,talk,71,7,8,VOTE Agent[07]
4,talk,72,8,14,Over
4,talk,73,8,12,VOTE Agent[07]
4,talk,74,8,2,Over
4,talk,75,8,11,VOTE Agent[07]
4,talk,76,8,7,Over
4,talk,77,8,8,VOTE Agent[11]
4,talk,78,8,4,Over
4,talk,79,8,10,Over
4,talk,80,8,6,Over
4,talk,81,9,6,Over
4,talk,82,9,10,Over
4,talk,83,9,12,Over
4,talk,84,9,14,Over
4,talk,85,9,8,Over
4,talk,86,9,7,Over
4,talk,87,9,4,Over
4,talk,88,9,11,Over
4,talk,89,9,2,Over
4,vote,2,7
4,vote,4,7
4,vote,6,2
4,vote,7,4
4,vote,8,11
4,vote,10,7
4,vote,11,7
4,vote,12,7
4,vote,14,7
4,execute,7,VILLAGER
4,whisper,0,0,11,ATTACK Agent[07]
4,whisper,1,0,14,Skip
4,whisper,2,0,4,ATTACK Agent[06]
4,whisper,3,1,11,Skip
4,whisper,4,1,14,Skip
4,whisper,5,1,4,Skip
4,whisper,6,2,4,Skip
4,whisper,7,2,14,Over
4,whisper,8,2,11,Skip
4,whisper,9,3,14,Over
4,whisper,10,3,4,Over
4,whisper,11,3,11,Over
4,attackVote,4,6
4,attackVote,11,12
4,attackVote,14,6
4,attack,6,true
5,status,1,VILLAGER,DEAD,OKAMI
5,status,2,VILLAGER,ALIVE,sample_py
5,status,3,BODYGUARD,DEAD,TOKU7
5,status,4,WEREWOLF,ALIVE,Tomato5
5,status,5,SEER,DEAD,OKAMI
5,status,6,MEDIUM,DEAD,sample_py
5,status,7,VILLAGER,DEAD,Tomato4
5,status,8,VILLAGER,ALIVE,HALU
5,status,9,POSSESSED,DEAD,HALU
5,status,10,VILLAGER,ALIVE,sample_py
5,status,11,WEREWOLF,ALIVE,OKAMI
5,status,12,VILLAGER,ALIVE,HALU
5,status,13,VILLAGER,DEAD,Takeda0
5,status,14,WEREWOLF,ALIVE,Takeda13
5,status,15,VILLAGER,DEAD,HALU
5,talk,0,0,12,VOTE Agent[10]
5,talk,1,0,4,DIVINED Agent[11] WEREWOLF
5,talk,2,0,11,VOTE Agent[10]
5,talk,3,0,14,VOTE Agent[08]
5,talk,4,0,8,VOTE Agent[11]
5,talk,5,0,2,VOTE Agent[11]
5,talk,6,0,10,VOTE Agent[11]
5,talk,7,1,10,Skip
5,talk,8,1,8,VOTE Agent[10]
5,talk,9,1,14,Skip
5,talk,10,1,11,VOTE Agent[10]
5,talk,11,1,12,VOTE Agent[14]
5,talk,12,1,4,VOTE Agent[10]
5,talk,13,1,2,Skip
5,talk,14,2,2,Skip
5,talk,15,2,14,Skip
5,talk,16,2,8,VOTE Agent[10]
5,talk,17,2,4,Skip
5,talk,18,2,10,Skip
5,talk,19,2,12,VOTE Agent[14]
5,talk,20,2,11,VOTE Agent[10]
5,talk,21,3,2,Over
5,talk,22,3,8,VOTE Agent[10]
5,talk,23,3,14,Over
5,talk,24,3,12,VOTE Agent[14]
5,talk,25,3,10,Over
5,talk,26,3,11,VOTE Agent[10]
5,talk,27,3,4,Skip
5,talk,28,4,4,Over
5,talk,29,4,12,VOTE Agent[11]
5,talk,30,4,8,VOTE Agent[11]
5,talk,31,4,2,Over
5,talk,32,4,10,Over
5,talk,33,4,14,VOTE Agent[11]
5,talk,34,4,11,VOTE Agent[10]
5,talk,35,5,11,VOTE Agent[10]
5,talk,36,5,14,Skip
5,talk,37,5,12,VOTE Agent[11]
5,talk,38,5,10,Over
5,talk,39,5,8,VOTE Agent[11]
5,talk,40,5,2,Over
5,talk,41,5,4,Over
5,talk,42,6,8,VOTE Agent[12]
5,talk,43,6,4,VOTE Agent[12]
5,talk,44,6,10,Over
5,talk,45,6,14,Skip
5,talk,46,6,12,VOTE Agent[11]
5,talk,47,6,11,VOTE Agent[02]
5,talk,48,6,2,Over
5,talk,49,7,8,VOTE Agent[12]
5,talk,50,7,14,Over
5,talk,51,7,4,Skip
5,talk,52,7,10,Over
5,talk,53,7,2,Over
5,talk,54,7,11,VOTE Agent[10]
5,talk,55,7,12,VOTE Agent[14]
5,talk,56,8,14,VOTE Agent[08]
5,talk,57,8,12,VOTE Agent[14]
5,talk,58,8,10,Over
5,talk,59,8,2,Over
5,talk,60,8,8,VOTE Agent[11]
5,talk,61,8,4,VOTE Agent[08]
5,talk,62,8,11,VOTE Agent[02]
5,talk,63,9,11,Over
5,talk,64,9,12,Over
5,talk,65,9,8,Over
5,talk,66,9,2,Over
5,talk,67,9,14,Skip
5,talk,68,9,10,Over
5,talk,69,9,4,VOTE Agent[02]
5,talk,70,10,8,Over
5,talk,71,10,10,Over
5,talk,72,10,2,Over
5,talk,73,10,4,VOTE Agent[08]
5,talk,74,10,11,Over
5,talk,75,10,14,Skip
5,talk,76,10,12,Over
5,talk,77,11,8,Over
5,talk,78,11,14,Over
5,talk,79,11,4,Skip
5,talk,80,11,12,Over
5,talk,81,11,11,Over
5,talk,82,11,2,Over
5,talk,83,11,10,Over
5,talk,84,12,8,Over
5,talk,85,12,2,Over
5,talk,86,12,14,Over
5,talk,87,12,11,Over
5,talk,88,12,12,Over
5,talk,89,12,10,Over
5,talk,90,12,4,Skip
5,talk,91,13,2,Over
5,talk,92,13,11,Over
5,talk,93,13,8,Over
5,talk,94,13,12,Over
5,talk,95,13,4,Over
5,talk,96,13,10,Over
5,talk,97,13,14,Over
5,vote,2,11
5,vote,4,8
5,vote,8,4
5,vote,10,11
5,vote,11,2
5,vote,12,11
5,vote,14,4
5,execute,11,WEREWOLF
5,whisper,0,0,14,Skip
5,whisper,1,0,4,ATTACK Agent[12]
5,whisper,2,1,4,Skip
5,whisper,3,1,14,Skip
5,whisper,4,2,14,Over
5,whisper,5,2,4,Skip
5,whisper,6,3,4,Over
5,whisper,7,3,14,Over
5,attackVote,4,12
5,attackVote,14,12
5,attack,12,true
6,status,1,VILLAGER,DEAD,OKAMI
6,status,2,VILLAGER,ALIVE,sample_py
6,status,3,BODYGUARD,DEAD,TOKU7
6,status,4,WEREWOLF,ALIVE,Tomato5
6,status,5,SEER,DEAD,OKAMI
6,status,6,MEDIUM,DEAD,sample_py
6,status,7,VILLAGER,DEAD,Tomato4
6,status,8,VILLAGER,ALIVE,HALU
6,status,9,POSSESSED,DEAD,HALU
6,status,10,VILLAGER,ALIVE,sample_py
6,status,11,WEREWOLF,DEAD,OKAMI
6,status,12,VILLAGER,DEAD,HALU
6,status,13,VILLAGER,DEAD,Takeda0
6,status,14,WEREWOLF,ALIVE,Takeda13
6,status,15,VILLAGER,DEAD,HALU
6,talk,0,0,8,VOTE Agent[02]
6,talk,1,0,2,VOTE Agent[08]
6,talk,2,0,14,VOTE Agent[08]
6,talk,3,0,4,DIVINED Agent[10] HUMAN
6,talk,4,0,10,VOTE Agent[08]
6,talk,5,1,10,Skip
6,talk,6,1,8,VOTE Agent[02]
6,talk,7,1,2,Skip
6,talk,8,1,14,Skip
6,talk,9,1,4,VOTE Agent[08]
6,talk,10,2,2,Skip
6,talk,11,2,10,Skip
6,talk,12,2,14,Skip
6,talk,13,2,8,VOTE Agent[10]
6,talk,14,2,4,Skip
6,talk,15,3,14,Over
6,talk,16,3,10,Over
6,talk,17,3,8,VOTE Agent[02]
6,talk,18,3,2,Over
6,talk,19,3,4,Skip
6,talk,20,4,14,Over
6,talk,21,4,2,Over
6,talk,22,4,4,Over
6,talk,23,4,8,VOTE Agent[10]
6,talk,24,4,10,Over
6,talk,25,5,8,VOTE Agent[02]
6,talk,26,5,14,Over
6,talk,27,5,2,Over
6,talk,28,5,4,Over
6,talk,29,5,10,Over
6,talk,30,6,10,Over
6,talk,31,6,8,VOTE Agent[02]
6,talk,32,6,4,Over
6,talk,33,6,14,Over
6,talk,34,6,2,Over
6,talk,35,7,2,Over
6,talk,36,7,8,VOTE Agent[10]
6,talk,37,7,10,Over
6,talk,38,7,4,Over
6,talk,39,7,14,Over
6,talk,40,8,8,VOTE Agent[02]
6,talk,41,8,2,Over
6,talk,42,8,4,Over
6,talk,43,8,14,Over
6,talk,44,8,10,Over
6,talk,45,9,4,Over
6,talk,46,9,8,Over
6,talk,47,9,10,Over
6,talk,48,9,14,Over
6,talk,49,9,2,Over
6,vote,2,8
6,vote,4,8
6,vote,8,2
6,vote,10,8
6,vote,14,8
6,execute,8,VILLAGER
6,whisper,0,0,4,ATTACK Agent[10]
6,whisper,1,0,14,Skip
6,whisper,2,1,14,Skip
6,whisper,3,1,4,Skip
6,whisper,4,2,4,Skip
6,whisper,5,2,14,Over
6,whisper,6,3,14,Over
6,whisper,7,3,4,Over
6,attackVote,4,10
6,attackVote,14,10
6,attack,10,true
7,status,1,VILLAGER,DEAD,OKAMI
7,status,2,VILLAGER,ALIVE,sample_py
7,status,3,BODYGUARD,DEAD,TOKU7
7,status,4,WEREWOLF,ALIVE,Tomato5
7,status,5,SEER,DEAD,OKAMI
7,status,6,MEDIUM,DEAD,sample_py
7,status,7,VILLAGER,DEAD,Tomato4
7,status,8,VILLAGER,DEAD,HALU
7,status,9,POSSESSED,DEAD,HALU
7,status,10,VILLAGER,DEAD,sample_py
7,status,11,WEREWOLF,DEAD,OKAMI
7,status,12,VILLAGER,DEAD,HALU
7,status,13,VILLAGER,DEAD,Takeda0
7,status,14,WEREWOLF,ALIVE,Takeda13
7,status,15,VILLAGER,DEAD,HALU
7,result,1,2,WEREWOLF
