0,status,1,VILLAGER,ALIVE,HALU
0,status,2,VILLAGER,ALIVE,Tomato11
0,status,3,VILLAGER,ALIVE,TOKU12
0,status,4,VILLAGER,ALIVE,OKAMI
0,status,5,VILLAGER,ALIVE,TOKU0
0,status,6,WEREWOLF,ALIVE,Tomato4
0,status,7,WEREWOLF,ALIVE,sample_py
0,status,8,VILLAGER,ALIVE,sample_py
0,status,9,VILLAGER,ALIVE,sample_py
0,status,10,MEDIUM,ALIVE,Takeda1
0,status,11,SEER,ALIVE,Takeda2
0,status,12,BODYGUARD,ALIVE,TOKU10
0,status,13,POSSESSED,ALIVE,Tomato9
0,status,14,VILLAGER,ALIVE,OKAMI
0,status,15,WEREWOLF,ALIVE,TOKU6
0,whisper,0,0,6,COMINGOUT Agent[06] VILLAGER
0,whisper,1,0,7,COMINGOUT Agent[07] SEER
0,whisper,2,0,15,Skip
0,whisper,3,1,15,Skip
0,whisper,4,1,7,COMINGOUT Agent[07] SEER
0,whisper,5,1,6,Skip
0,whisper,6,2,15,Over
0,whisper,7,2,7,COMINGOUT Agent[07] SEER
0,whisper,8,2,6,Skip
0,whisper,9,3,7,COMINGOUT Agent[07] SEER
0,whisper,10,3,15,Over
0,whisper,11,3,6,Over
0,whisper,12,4,7,COMINGOUT Agent[07] SEER
0,whisper,13,4,6,Over
0,whisper,14,4,15,Over
0,whisper,15,5,7,COMINGOUT Agent[07] SEER
0,whisper,16,5,6,Over
0,whisper,17,5,15,Over
0,whisper,18,6,15,Over
0,whisper,19,6,7,COMINGOUT Agent[07] SEER
0,whisper,20,6,6,Over
0,whisper,21,7,7,COMINGOUT Agent[07] SEER
0,whisper,22,7,6,Over
0,whisper,23,7,15,Over
0,whisper,24,8,7,COMINGOUT Agent[07] SEER
0,whisper,25,8,15,Over
0,whisper,26,8,6,Over
0,whisper,27,9,7,COMINGOUT Agent[07] SEER
0,whisper,28,9,6,Over
0,whisper,29,9,15,Over
0,whisper,30,10,15,Over
0,whisper,31,10,7,Over
0,whisper,32,10,6,Over
0,divine,11,12,HUMAN
1,status,1,VILLAGER,ALIVE,HALU
1,status,2,VILLAGER,ALIVE,Tomato11
1,status,3,VILLAGER,ALIVE,TOKU12
1,status,4,VILLAGER,ALIVE,OKAMI
1,status,5,VILLAGER,ALIVE,TOKU0
1,status,6,WEREWOLF,ALIVE,Tomato4
1,status,7,WEREWOLF,ALIVE,sample_py
1,status,8,VILLAGER,ALIVE,sample_py
1,status,9,VILLAGER,ALIVE,sample_py
1,status,10,MEDIUM,ALIVE,Takeda1
1,status,11,SEER,ALIVE,Takeda2
1,status,12,BODYGUARD,ALIVE,TOKU10
1,status,13,POSSESSED,ALIVE,Tomato9
1,status,14,VILLAGER,ALIVE,OKAMI
1,status,15,WEREWOLF,ALIVE,TOKU6
1,talk,0,0,15,VOTE Agent[09]
1,talk,1,0,10,COMINGOUT Agent[10] MEDIUM
1,talk,2,0,6,VOTE Agent[09]
1,talk,3,0,1,VOTE Agent[06]
1,talk,4,0,12,VOTE Agent[09]
1,talk,5,0,11,COMINGOUT Agent[11] SEER
1,talk,6,0,3,VOTE Agent[11]
1,talk,7,0,5,VOTE Agent[11]
1,talk,8,0,13,COMINGOUT Agent[13] SEER
1,talk,9,0,7,VOTE Agent[11]
1,talk,10,0,8,VOTE Agent[15]
1,talk,11,0,2,VOTE Agent[11]
1,talk,12,0,4,VOTE Agent[09]
1,talk,13,0,14,VOTE Agent[09]
1,talk,14,0,9,VOTE Agent[07]
1,talk,15,1,4,COMINGOUT Agent[04] VILLAGER
1,talk,16,1,7,Skip
1,talk,17,1,6,Skip
1,talk,18,1,9,Skip
1,talk,19,1,11,DIVINED Agent[12] HUMAN
1,talk,20,1,2,VOTE Agent[09]
1,talk,21,1,5,VOTE Agent[04]
1,talk,22,1,10,VOTE Agent[09]
1,talk,23,1,3,VOTE Agent[14]
1,talk,24,1,14,COMINGOUT Agent[14] VILLAGER
1,talk,25,1,15,VOTE Agent[03]
1,talk,26,1,1,VOTE Agent[14]
1,talk,27,1,13,DIVINED Agent[10] WEREWOLF
1,talk,28,1,12,VOTE Agent[08]
1,talk,29,1,8,VOTE Agent[10]
1,talk,30,2,7,Skip
1,talk,31,2,5,VOTE Agent[08]
1,talk,32,2,9,VOTE Agent[10]
1,talk,33,2,3,VOTE Agent[08]
1,talk,34,2,12,VOTE Agent[15]
1,talk,35,2,6,Skip
1,talk,36,2,13,VOTE Agent[09]
1,talk,37,2,11,VOTE Agent[15]
1,talk,38,2,14,VOTE Agent[04]
1,talk,39,2,1,VOTE Agent[14]
1,talk,40,2,4,VOTE Agent[14]
1,talk,41,2,10,VOTE Agent[05]
1,talk,42,2,15,Skip
1,talk,43,2,2,Skip
1,talk,44,2,8,Skip
1,talk,45,3,14,VOTE Agent[04]
1,talk,46,3,1,VOTE Agent[14]
1,talk,47,3,15,Skip
1,talk,48,3,7,Over
1,talk,49,3,12,VOTE Agent[05]
1,talk,50,3,11,VOTE Agent[15]
1,talk,51,3,2,Skip
1,talk,52,3,8,Skip
1,talk,53,3,13,Skip
1,talk,54,3,5,VOTE Agent[07]
1,talk,55,3,10,Skip
1,talk,56,3,9,Skip
1,talk,57,3,4,VOTE Agent[14]
1,talk,58,3,3,VOTE Agent[05]
1,talk,59,3,6,Over
1,talk,60,4,13,Skip
1,talk,61,4,11,VOTE Agent[15]
1,talk,62,4,12,VOTE Agent[10]
1,talk,63,4,15,VOTE Agent[10]
1,talk,64,4,14,VOTE Agent[04]
1,talk,65,4,10,Skip
1,talk,66,4,5,VOTE Agent[03]
1,talk,67,4,4,VOTE Agent[14]
1,talk,68,4,1,VOTE Agent[14]
1,talk,69,4,3,Skip
1,talk,70,4,2,VOTE Agent[10]
1,talk,71,4,6,VOTE Agent[10]
1,talk,72,4,7,Over
1,talk,73,4,8,Over
1,talk,74,4,9,Skip
1,talk,75,5,13,VOTE Agent[10]
1,talk,76,5,12,VOTE Agent[05]
1,talk,77,5,3,Skip
1,talk,78,5,9,Over
1,talk,79,5,7,Over
1,talk,80,5,2,Skip
1,talk,81,5,14,VOTE Agent[04]
1,talk,82,5,5,Skip
1,talk,83,5,1,VOTE Agent[14]
1,talk,84,5,4,VOTE Agent[14]
1,talk,85,5,8,Over
1,talk,86,5,11,VOTE Agent[15]
1,talk,87,5,10,Over
1,talk,88,5,15,Skip
1,talk,89,5,6,Skip
1,talk,90,6,1,VOTE Agent[14]
1,talk,91,6,2,Skip
1,talk,92,6,3,Over
1,talk,93,6,10,VOTE Agent[15]
1,talk,94,6,11,VOTE Agent[15]
1,talk,95,6,13,Skip
1,talk,96,6,12,Skip
1,talk,97,6,8,Over
1,talk,98,6,4,VOTE Agent[14]
1,talk,99,6,14,VOTE Agent[04]
1,talk,100,6,9,Over
1,talk,101,6,6,Skip
1,talk,102,6,15,Skip
1,talk,103,6,5,Skip
1,talk,104,6,7,Over
1,talk,105,7,9,Over
1,talk,106,7,6,Over
1,talk,107,7,8,Over
1,talk,108,7,5,Over
1,talk,109,7,12,Skip
1,talk,110,7,7,Over
1,talk,111,7,3,VOTE Agent[15]
1,talk,112,7,10,Skip
1,talk,113,7,14,VOTE Agent[04]
1,talk,114,7,13,Skip
1,talk,115,7,4,VOTE Agent[14]
1,talk,116,7,2,Over
1,talk,117,7,1,VOTE Agent[14]
1,talk,118,7,15,Over
1,talk,119,7,11,VOTE Agent[15]
1,talk,120,8,6,Over
1,talk,121,8,2,Over
1,talk,122,8,14,VOTE Agent[04]
1,talk,123,8,12,Over
1,talk,124,8,3,Skip
1,talk,125,8,11,VOTE Agent[15]
1,talk,126,8,5,Over
1,talk,127,8,8,Over
1,talk,128,8,13,Over
1,talk,129,8,9,Over
1,talk,130,8,1,VOTE Agent[14]
1,talk,131,8,15,Over
1,talk,132,8,4,VOTE Agent[14]
1,talk,133,8,10,Skip
1,talk,134,8,7,Over
1,talk,135,9,11,VOTE Agent[15]
1,talk,136,9,1,Over
1,talk,137,9,15,Over
1,talk,138,9,12,VOTE Agent[10]
1,talk,139,9,3,Skip
1,talk,140,9,5,VOTE Agent[15]
1,talk,141,9,9,Over
1,talk,142,9,14,Over
1,talk,143,9,7,Over
1,talk,144,9,13,Over
1,talk,145,9,8,Over
1,talk,146,9,2,Over
1,talk,147,9,10,Over
1,talk,148,9,6,Over
1,talk,149,9,4,Over
1,talk,150,10,13,Over
1,talk,151,10,4,Over
1,talk,152,10,6,Over
1,talk,153,10,15,Over
1,talk,154,10,11,Over
1,talk,155,10,14,Over
1,talk,156,10,10,Over
1,talk,157,10,3,Over
1,talk,158,10,8,Over
1,talk,159,10,9,Over
1,talk,160,10,7,Over
1,talk,161,10,1,Over
1,talk,162,10,5,Skip
1,talk,163,10,12,Skip
1,talk,164,10,2,Over
1,talk,165,11,2,Over
1,talk,166,11,14,Over
1,talk,167,11,10,Over
1,talk,168,11,3,Over
1,talk,169,11,8,Over
1,talk,170,11,7,Over
1,talk,171,11,15,Over
1,talk,172,11,4,Over
1,talk,173,11,11,Over
1,talk,174,11,13,Over
1,talk,175,11,6,Over
1,talk,176,11,9,Over
1,talk,177,11,1,Over
1,talk,178,11,5,Skip
1,talk,179,11,12,Skip
1,talk,180,12,2,Over
1,talk,181,12,11,Over
1,talk,182,12,15,Over
1,talk,183,12,8,Over
1,talk,184,12,6,Over
1,talk,185,12,3,Over
1,talk,186,12,5,Over
1,talk,187,12,7,Over
1,talk,188,12,4,Over
1,talk,189,12,13,Over
1,talk,190,12,14,Over
1,talk,191,12,10,Over
1,talk,192,12,9,Over
1,talk,193,12,1,Over
1,talk,194,12,12,Over
1,vote,1,14
1,vote,2,10
1,vote,3,10
1,vote,4,14
1,vote,5,10
1,vote,6,10
1,vote,7,11
1,vote,8,10
1,vote,9,10
1,vote,10,15
1,vote,11,15
1,vote,12,10
1,vote,13,10
1,vote,14,4
1,vote,15,10
1,execute,10,MEDIUM
1,divine,11,15,WEREWOLF
1,whisper,0,0,15,Skip
1,whisper,1,0,6,ATTACK Agent[11]
1,whisper,2,0,7,ATTACK Agent[11]
1,whisper,3,1,6,Skip
1,whisper,4,1,15,Skip
1,whisper,5,1,7,Skip
1,whisper,6,2,6,Skip
1,whisper,7,2,15,Over
1,whisper,8,2,7,Skip
1,whisper,9,3,15,Over
1,whisper,10,3,7,Over
1,whisper,11,3,6,Over
1,guard,12,11,SEER
1,attackVote,6,11
1,attackVote,7,11
1,attackVote,15,13
1,attack,11,false
2,status,1,VILLAGER,ALIVE,HALU
2,status,2,VILLAGER,ALIVE,Tomato11
2,status,3,VILLAGER,ALIVE,TOKU12
2,status,4,VILLAGER,ALIVE,OKAMI
2,status,5,VILLAGER,ALIVE,TOKU0
2,status,6,WEREWOLF,ALIVE,Tomato4
2,status,7,WEREWOLF,ALIVE,sample_py
2,status,8,VILLAGER,ALIVE,sample_py
2,status,9,VILLAGER,ALIVE,sample_py
2,status,10,MEDIUM,DEAD,Takeda1
2,status,11,SEER,ALIVE,Takeda2
2,status,12,BODYGUARD,ALIVE,TOKU10
2,status,13,POSSESSED,ALIVE,Tomato9
2,status,14,VILLAGER,ALIVE,OKAMI
2,status,15,WEREWOLF,ALIVE,TOKU6
2,talk,0,0,2,VOTE Agent[13]
2,talk,1,0,9,VOTE Agent[14]
2,talk,2,0,4,VOTE Agent[14]
2,talk,3,0,8,VOTE Agent[02]
2,talk,4,0,14,VOTE Agent[04]
2,talk,5,0,13,DIVINED Agent[08] WEREWOLF
2,talk,6,0,3,VOTE Agent[15]
2,talk,7,0,5,VOTE Agent[15]
2,talk,8,0,11,DIVINED Agent[15] WEREWOLF
2,talk,9,0,1,VOTE Agent[15]
2,talk,10,0,7,VOTE Agent[13]
2,talk,11,0,6,VOTE Agent[15]
2,talk,12,0,12,VOTE Agent[15]
2,talk,13,0,15,VOTE Agent[05]
2,talk,14,1,1,VOTE Agent[15]
2,talk,15,1,14,COMINGOUT Agent[14] VILLAGER
2,talk,16,1,4,COMINGOUT Agent[04] VILLAGER
2,talk,17,1,13,VOTE Agent[15]
2,talk,18,1,3,Skip
2,talk,19,1,12,Skip
2,talk,20,1,11,VOTE Agent[15]
2,talk,21,1,5,Skip
2,talk,22,1,2,VOTE Agent[15]
2,talk,23,1,7,Skip
2,talk,24,1,15,VOTE Agent[05]
2,talk,25,1,9,VOTE Agent[08]
2,talk,26,1,8,VOTE Agent[15]
2,talk,27,1,6,Skip
2,talk,28,2,3,Skip
2,talk,29,2,2,Skip
2,talk,30,2,13,Skip
2,talk,31,2,7,Skip
2,talk,32,2,1,VOTE Agent[15]
2,talk,33,2,5,Skip
2,talk,34,2,11,VOTE Agent[15]
2,talk,35,2,14,VOTE Agent[15]
2,talk,36,2,6,Skip
2,talk,37,2,4,VOTE Agent[15]
2,talk,38,2,9,Skip
2,talk,39,2,8,Skip
2,talk,40,2,12,Skip
2,talk,41,2,15,VOTE Agent[05]
2,talk,42,3,6,Over
2,talk,43,3,7,Over
2,talk,44,3,2,Skip
2,talk,45,3,11,VOTE Agent[15]
2,talk,46,3,3,Over
2,talk,47,3,14,VOTE Agent[15]
2,talk,48,3,8,Skip
2,talk,49,3,5,Over
2,talk,50,3,4,VOTE Agent[15]
2,talk,51,3,1,VOTE Agent[15]
2,talk,52,3,12,Over
2,talk,53,3,15,VOTE Agent[05]
2,talk,54,3,9,Skip
2,talk,55,3,13,Skip
2,talk,56,4,6,Over
2,talk,57,4,13,Over
2,talk,58,4,3,Over
2,talk,59,4,1,VOTE Agent[15]
2,talk,60,4,14,VOTE Agent[15]
2,talk,61,4,12,Over
2,talk,62,4,15,VOTE Agent[05]
2,talk,63,4,2,Over
2,talk,64,4,7,Over
2,talk,65,4,4,VOTE Agent[15]
2,talk,66,4,11,VOTE Agent[15]
2,talk,67,4,8,Over
2,talk,68,4,5,Over
2,talk,69,4,9,Over
2,talk,70,5,5,Over
2,talk,71,5,1,VOTE Agent[15]
2,talk,72,5,8,Over
2,talk,73,5,6,Over
2,talk,74,5,14,VOTE Agent[15]
2,talk,75,5,13,Over
2,talk,76,5,11,VOTE Agent[15]
2,talk,77,5,12,Over
2,talk,78,5,3,Over
2,talk,79,5,7,Over
2,talk,80,5,2,Over
2,talk,81,5,9,Over
2,talk,82,5,4,VOTE Agent[15]
2,talk,83,5,15,VOTE Agent[05]
2,talk,84,6,9,Over
2,talk,85,6,1,VOTE Agent[15]
2,talk,86,6,13,Over
2,talk,87,6,6,Over
2,talk,88,6,14,VOTE Agent[15]
2,talk,89,6,7,Over
2,talk,90,6,5,Over
2,talk,91,6,15,VOTE Agent[05]
2,talk,92,6,4,VOTE Agent[15]
2,talk,93,6,3,Over
2,talk,94,6,12,Over
2,talk,95,6,11,VOTE Agent[15]
2,talk,96,6,2,Over
2,talk,97,6,8,Over
2,talk,98,7,9,Over
2,talk,99,7,13,Over
2,talk,100,7,12,Over
2,talk,101,7,7,Over
2,talk,102,7,5,Over
2,talk,103,7,3,Over
2,talk,104,7,15,VOTE Agent[05]
2,talk,105,7,2,Over
2,talk,106,7,14,VOTE Agent[15]
2,talk,107,7,11,VOTE Agent[15]
2,talk,108,7,1,VOTE Agent[15]
2,talk,109,7,8,Over
2,talk,110,7,4,VOTE Agent[15]
2,talk,111,7,6,Over
2,talk,112,8,1,VOTE Agent[15]
2,talk,113,8,9,Over
2,talk,114,8,8,Over
2,talk,115,8,5,Over
2,talk,116,8,14,VOTE Agent[15]
2,talk,117,8,2,Over
2,talk,118,8,12,Over
2,talk,119,8,13,Over
2,talk,120,8,7,Over
2,talk,121,8,15,VOTE Agent[05]
2,talk,122,8,4,VOTE Agent[15]
2,talk,123,8,3,Over
2,talk,124,8,6,Over
2,talk,125,8,11,VOTE Agent[15]
2,talk,126,9,6,Over
2,talk,127,9,3,Over
2,talk,128,9,7,Over
2,talk,129,9,2,Over
2,talk,130,9,11,VOTE Agent[15]
2,talk,131,9,4,Over
2,talk,132,9,1,Over
2,talk,133,9,9,Over
2,talk,134,9,12,Over
2,talk,135,9,15,VOTE Agent[05]
2,talk,136,9,14,Over
2,talk,137,9,8,Over
2,talk,138,9,5,Over
2,talk,139,9,13,Over
2,talk,140,10,11,Over
2,talk,141,10,13,Over
2,talk,142,10,5,Over
2,talk,143,10,8,Over
2,talk,144,10,3,Over
2,talk,145,10,15,Over
2,talk,146,10,7,Over
2,talk,147,10,6,Over
2,talk,148,10,4,Over
2,talk,149,10,9,Over
2,talk,150,10,2,Over
2,talk,151,10,14,Over
2,talk,152,10,1,Over
2,talk,153,10,12,Over
2,vote,1,15
2,vote,2,15
2,vote,3,15
2,vote,4,15
2,vote,5,15
2,vote,6,15
2,vote,7,13
2,vote,8,15
2,vote,9,8
2,vote,11,15
2,vote,12,15
2,vote,13,15
2,vote,14,15
2,vote,15,5
2,execute,15,WEREWOLF
2,divine,11,5,HUMAN
2,whisper,0,0,6,ATTACK Agent[04]
2,whisper,1,0,7,ATTACK Agent[04]
2,whisper,2,1,6,Skip
2,whisper,3,1,7,Skip
2,whisper,4,2,7,Skip
2,whisper,5,2,6,Skip
2,whisper,6,3,6,Over
2,whisper,7,3,7,Over
2,guard,12,11,SEER
2,attackVote,6,4
2,attackVote,7,4
2,attack,4,true
3,status,1,VILLAGER,ALIVE,HALU
3,status,2,VILLAGER,ALIVE,Tomato11
3,status,3,VILLAGER,ALIVE,TOKU12
3,status,4,VILLAGER,DEAD,OKAMI
3,status,5,VILLAGER,ALIVE,TOKU0
3,status,6,WEREWOLF,ALIVE,Tomato4
3,status,7,WEREWOLF,ALIVE,sample_py
3,status,8,VILLAGER,ALIVE,sample_py
3,status,9,VILLAGER,ALIVE,sample_py
3,status,10,MEDIUM,DEAD,Takeda1
3,status,11,SEER,ALIVE,Takeda2
3,status,12,BODYGUARD,ALIVE,TOKU10
3,status,13,POSSESSED,ALIVE,Tomato9
3,status,14,VILLAGER,ALIVE,OKAMI
3,status,15,WEREWOLF,DEAD,TOKU6
3,talk,0,0,14,VOTE Agent[01]
3,talk,1,0,13,DIVINED Agent[05] HUMAN
3,talk,2,0,2,VOTE Agent[13]
3,talk,3,0,9,VOTE Agent[08]
3,talk,4,0,7,COMINGOUT Agent[07] SEER
3,talk,5,0,12,VOTE Agent[05]
3,talk,6,0,6,VOTE Agent[05]
3,talk,7,0,1,VOTE Agent[14]
3,talk,8,0,8,VOTE Agent[13]
3,talk,9,0,3,VOTE Agent[05]
3,talk,10,0,11,DIVINED Agent[05] HUMAN
3,talk,11,0,5,VOTE Agent[03]
3,talk,12,1,12,VOTE Agent[07]
3,talk,13,1,14,COMINGOUT Agent[14] VILLAGER
3,talk,14,1,2,Skip
3,talk,15,1,9,Skip
3,talk,16,1,13,VOTE Agent[05]
3,talk,17,1,6,Skip
3,talk,18,1,11,VOTE Agent[07]
3,talk,19,1,7,DIVINED Agent[15] HUMAN
3,talk,20,1,5,VOTE Agent[07]
3,talk,21,1,3,VOTE Agent[07]
3,talk,22,1,1,VOTE Agent[13]
3,talk,23,1,8,Skip
3,talk,24,2,2,Skip
3,talk,25,2,6,VOTE Agent[13]
3,talk,26,2,14,VOTE Agent[07]
3,talk,27,2,5,Skip
3,talk,28,2,12,Skip
3,talk,29,2,3,Skip
3,talk,30,2,8,Skip
3,talk,31,2,1,VOTE Agent[13]
3,talk,32,2,13,VOTE Agent[08]
3,talk,33,2,7,DIVINED Agent[06] HUMAN
3,talk,34,2,11,VOTE Agent[07]
3,talk,35,2,9,Skip
3,talk,36,3,3,Skip
3,talk,37,3,5,Skip
3,talk,38,3,2,Over
3,talk,39,3,13,Skip
3,talk,40,3,1,VOTE Agent[11]
3,talk,41,3,7,DIVINED Agent[02] HUMAN
3,talk,42,3,9,Over
3,talk,43,3,8,Over
3,talk,44,3,12,Skip
3,talk,45,3,11,VOTE Agent[07]
3,talk,46,3,14,VOTE Agent[13]
3,talk,47,3,6,Skip
3,talk,48,4,9,Over
3,talk,49,4,2,Over
3,talk,50,4,12,Over
3,talk,51,4,3,Over
3,talk,52,4,7,VOTE Agent[13]
3,talk,53,4,8,Over
3,talk,54,4,5,Over
3,talk,55,4,11,VOTE Agent[07]
3,talk,56,4,1,VOTE Agent[07]
3,talk,57,4,14,VOTE Agent[13]
3,talk,58,4,6,Skip
3,talk,59,4,13,Skip
3,talk,60,5,8,Over
3,talk,61,5,1,VOTE Agent[13]
3,talk,62,5,13,Over
3,talk,63,5,14,VOTE Agent[07]
3,talk,64,5,11,VOTE Agent[07]
3,talk,65,5,2,Over
3,talk,66,5,9,Over
3,talk,67,5,3,Over
3,talk,68,5,6,Over
3,talk,69,5,7,Skip
3,talk,70,5,5,Over
3,talk,71,5,12,Over
3,talk,72,6,2,Over
3,talk,73,6,9,Over
3,talk,74,6,8,Over
3,talk,75,6,3,Over
3,talk,76,6,6,Over
3,talk,77,6,12,Over
3,talk,78,6,5,Over
3,talk,79,6,1,VOTE Agent[11]
3,talk,80,6,14,VOTE Agent[07]
3,talk,81,6,13,Over
3,talk,82,6,11,VOTE Agent[07]
3,talk,83,6,7,Skip
3,talk,84,7,2,Over
3,talk,85,7,7,Over
3,talk,86,7,9,Over
3,talk,87,7,14,VOTE Agent[13]
3,talk,88,7,3,Over
3,talk,89,7,8,Over
3,talk,90,7,1,VOTE Agent[11]
3,talk,91,7,13,Over
3,talk,92,7,12,Over
3,talk,93,7,11,VOTE Agent[07]
3,talk,94,7,5,Over
3,talk,95,7,6,Over
3,talk,96,8,14,VOTE Agent[07]
3,talk,97,8,1,VOTE Agent[13]
3,talk,98,8,6,Over
3,talk,99,8,11,VOTE Agent[07]
3,talk,100,8,13,Over
3,talk,101,8,7,Over
3,talk,102,8,9,Over
3,talk,103,8,3,Over
3,talk,104,8,5,Over
3,talk,105,8,8,Over
3,talk,106,8,12,Over
3,talk,107,8,2,Over
3,talk,108,9,12,Over
3,talk,109,9,13,Over
3,talk,110,9,3,Over
3,talk,111,9,5,Over
3,talk,112,9,7,Over
3,talk,113,9,14,Over
3,talk,114,9,1,Over
3,talk,115,9,11,VOTE Agent[07]
3,talk,116,9,9,Over
3,talk,117,9,8,Over
3,talk,118,9,2,Over
3,talk,119,9,6,Over
3,talk,120,10,12,Over
3,talk,121,10,2,Over
3,talk,122,10,9,Over
3,talk,123,10,13,Over
3,talk,124,10,11,Over
3,talk,125,10,14,Over
3,talk,126,10,1,Over
3,talk,127,10,7,Over
3,talk,128,10,5,Over
3,talk,129,10,3,Over
3,talk,130,10,8,Over
3,talk,131,10,6,Over
3,vote,1,11
3,vote,2,13
3,vote,3,7
3,vote,5,7
3,vote,6,13
3,vote,7,13
3,vote,8,13
3,vote,9,8
3,vote,11,7
3,vote,12,7
3,vote,13,8
3,vote,14,7
3,execute,7,WEREWOLF
3,divine,11,3,HUMAN
3,guard,12,11,SEER
3,attack,12,true
4,status,1,VILLAGER,ALIVE,HALU
4,status,2,VILLAGER,ALIVE,Tomato11
4,status,3,VILLAGER,ALIVE,TOKU12
4,status,4,VILLAGER,DEAD,OKAMI
4,status,5,VILLAGER,ALIVE,TOKU0
4,status,6,WEREWOLF,ALIVE,Tomato4
4,status,7,WEREWOLF,DEAD,sample_py
4,status,8,VILLAGER,ALIVE,sample_py
4,status,9,VILLAGER,ALIVE,sample_py
4,status,10,MEDIUM,DEAD,Takeda1
4,status,11,SEER,ALIVE,Takeda2
4,status,12,BODYGUARD,DEAD,TOKU10
4,status,13,POSSESSED,ALIVE,Tomato9
4,status,14,VILLAGER,ALIVE,OKAMI
4,status,15,WEREWOLF,DEAD,TOKU6
4,talk,0,0,2,VOTE Agent[13]
4,talk,1,0,14,VOTE Agent[13]
4,talk,2,0,5,VOTE Agent[03]
4,talk,3,0,11,DIVINED Agent[03] HUMAN
4,talk,4,0,8,VOTE Agent[13]
4,talk,5,0,9,VOTE Agent[08]
4,talk,6,0,1,VOTE Agent[13]
4,talk,7,0,13,DIVINED Agent[01] HUMAN
4,talk,8,0,6,VOTE Agent[13]
4,talk,9,0,3,VOTE Agent[01]
4,talk,10,1,1,VOTE Agent[11]
4,talk,11,1,14,COMINGOUT Agent[14] VILLAGER
4,talk,12,1,13,VOTE Agent[08]
4,talk,13,1,11,VOTE Agent[01]
4,talk,14,1,6,Skip
4,talk,15,1,3,Skip
4,talk,16,1,9,Skip
4,talk,17,1,2,Skip
4,talk,18,1,5,VOTE Agent[01]
4,talk,19,1,8,Skip
4,talk,20,2,9,Skip
4,talk,21,2,14,VOTE Agent[11]
4,talk,22,2,13,VOTE Agent[01]
4,talk,23,2,3,Skip
4,talk,24,2,11,VOTE Agent[01]
4,talk,25,2,8,Skip
4,talk,26,2,5,Skip
4,talk,27,2,1,VOTE Agent[13]
4,talk,28,2,2,Skip
4,talk,29,2,6,VOTE Agent[01]
4,talk,30,3,3,Over
4,talk,31,3,1,VOTE Agent[13]
4,talk,32,3,13,Skip
4,talk,33,3,2,Over
4,talk,34,3,5,Skip
4,talk,35,3,14,VOTE Agent[13]
4,talk,36,3,6,Skip
4,talk,37,3,9,Over
4,talk,38,3,8,Over
4,talk,39,3,11,VOTE Agent[01]
4,talk,40,4,13,Skip
4,talk,41,4,11,VOTE Agent[01]
4,talk,42,4,3,Over
4,talk,43,4,14,VOTE Agent[13]
4,talk,44,4,6,Skip
4,talk,45,4,2,Over
4,talk,46,4,9,Over
4,talk,47,4,1,VOTE Agent[13]
4,talk,48,4,5,Over
4,talk,49,4,8,Over
4,talk,50,5,13,Over
4,talk,51,5,2,Over
4,talk,52,5,5,Over
4,talk,53,5,9,Over
4,talk,54,5,11,VOTE Agent[01]
4,talk,55,5,6,Over
4,talk,56,5,1,VOTE Agent[13]
4,talk,57,5,14,VOTE Agent[13]
4,talk,58,5,8,Over
4,talk,59,5,3,Over
4,talk,60,6,3,Over
4,talk,61,6,9,Over
4,talk,62,6,6,Over
4,talk,63,6,8,Over
4,talk,64,6,13,Over
4,talk,65,6,5,Over
4,talk,66,6,11,VOTE Agent[01]
4,talk,67,6,1,VOTE Agent[13]
4,talk,68,6,14,VOTE Agent[13]
4,talk,69,6,2,Over
4,talk,70,7,2,Over
4,talk,71,7,6,Over
4,talk,72,7,5,Over
4,talk,73,7,1,VOTE Agent[13]
4,talk,74,7,3,Over
4,talk,75,7,13,Over
4,talk,76,7,11,VOTE Agent[01]
4,talk,77,7,8,Over
4,talk,78,7,9,Over
4,talk,79,7,14,VOTE Agent[13]
4,talk,80,8,8,Over
4,talk,81,8,5,Over
4,talk,82,8,6,Over
4,talk,83,8,2,Over
4,talk,84,8,11,VOTE Agent[01]
4,talk,85,8,14,VOTE Agent[13]
4,talk,86,8,9,Over
4,talk,87,8,3,Over
4,talk,88,8,1,VOTE Agent[13]
4,talk,89,8,13,Over
4,talk,90,9,5,Over
4,talk,91,9,14,Over
4,talk,92,9,13,Over
4,talk,93,9,11,VOTE Agent[01]
4,talk,94,9,6,Over
4,talk,95,9,8,Over
4,talk,96,9,3,Over
4,talk,97,9,1,Over
4,talk,98,9,2,Over
4,talk,99,9,9,Over
4,talk,100,10,9,Over
4,talk,101,10,3,Over
4,talk,102,10,5,Over
4,talk,103,10,11,Over
4,talk,104,10,8,Over
4,talk,105,10,2,Over
4,talk,106,10,1,Over
4,talk,107,10,6,Over
4,talk,108,10,14,Over
4,talk,109,10,13,Over
4,vote,1,13
4,vote,2,13
4,vote,3,1
4,vote,5,1
4,vote,6,1
4,vote,8,13
4,vote,9,8
4,vote,11,1
4,vote,13,1
4,vote,14,13
4,execute,1,VILLAGER
4,divine,11,8,HUMAN
4,attack,2,true
5,status,1,VILLAGER,DEAD,HALU
5,status,2,VILLAGER,DEAD,Tomato11
5,status,3,VILLAGER,ALIVE,TOKU12
5,status,4,VILLAGER,DEAD,OKAMI
5,status,5,VILLAGER,ALIVE,TOKU0
5,status,6,WEREWOLF,ALIVE,Tomato4
5,status,7,WEREWOLF,DEAD,sample_py
5,status,8,VILLAGER,ALIVE,sample_py
5,status,9,VILLAGER,ALIVE,sample_py
5,status,10,MEDIUM,DEAD,Takeda1
5,status,11,SEER,ALIVE,Takeda2
5,status,12,BODYGUARD,DEAD,TOKU10
5,status,13,POSSESSED,ALIVE,Tomato9
5,status,14,VILLAGER,ALIVE,OKAMI
5,status,15,WEREWOLF,DEAD,TOKU6
5,talk,0,0,14,VOTE Agent[13]
5,talk,1,0,3,VOTE Agent[08]
5,talk,2,0,6,VOTE Agent[08]
5,talk,3,0,8,VOTE Agent[13]
5,talk,4,0,11,DIVINED Agent[08] HUMAN
5,talk,5,0,13,DIVINED Agent[09] HUMAN
5,talk,6,0,5,VOTE Agent[08]
5,talk,7,0,9,VOTE Agent[08]
5,talk,8,1,8,Skip
5,talk,9,1,14,COMINGOUT Agent[14] VILLAGER
5,talk,10,1,3,VOTE Agent[09]
5,talk,11,1,6,Skip
5,talk,12,1,5,VOTE Agent[09]
5,talk,13,1,13,VOTE Agent[09]
5,talk,14,1,9,Skip
5,talk,15,1,11,VOTE Agent[09]
5,talk,16,2,3,Skip
5,talk,17,2,8,Skip
5,talk,18,2,9,Skip
5,talk,19,2,14,VOTE Agent[13]
5,talk,20,2,5,Skip
5,talk,21,2,6,VOTE Agent[09]
5,talk,22,2,11,VOTE Agent[09]
5,talk,23,2,13,Skip
5,talk,24,3,6,Skip
5,talk,25,3,14,VOTE Agent[13]
5,talk,26,3,5,Skip
5,talk,27,3,3,Skip
5,talk,28,3,9,Over
5,talk,29,3,8,Over
5,talk,30,3,13,Skip
5,talk,31,3,11,VOTE Agent[09]
5,talk,32,4,13,Over
5,talk,33,4,5,Over
5,talk,34,4,3,Over
5,talk,35,4,8,Over
5,talk,36,4,9,Over
5,talk,37,4,11,VOTE Agent[09]
5,talk,38,4,14,VOTE Agent[13]
5,talk,39,4,6,Skip
5,talk,40,5,13,Over
5,talk,41,5,14,VOTE Agent[13]
5,talk,42,5,11,VOTE Agent[09]
5,talk,43,5,9,Over
5,talk,44,5,3,Over
5,talk,45,5,8,Over
5,talk,46,5,6,Over
5,talk,47,5,5,Over
5,talk,48,6,13,Over
5,talk,49,6,3,Over
5,talk,50,6,11,VOTE Agent[09]
5,talk,51,6,8,Over
5,talk,52,6,5,Over
5,talk,53,6,9,Over
5,talk,54,6,6,Over
5,talk,55,6,14,VOTE Agent[13]
5,talk,56,7,9,Over
5,talk,57,7,6,Over
5,talk,58,7,13,Over
5,talk,59,7,11,VOTE Agent[09]
5,talk,60,7,5,Over
5,talk,61,7,3,Over
5,talk,62,7,14,VOTE Agent[13]
5,talk,63,7,8,Over
5,talk,64,8,6,Over
5,talk,65,8,8,Over
5,talk,66,8,11,VOTE Agent[09]
5,talk,67,8,14,VOTE Agent[13]
5,talk,68,8,3,Over
5,talk,69,8,13,Over
5,talk,70,8,5,Over
5,talk,71,8,9,Over
5,talk,72,9,8,Over
5,talk,73,9,3,Over
5,talk,74,9,13,Over
5,talk,75,9,14,Over
5,talk,76,9,11,VOTE Agent[09]
5,talk,77,9,5,Over
5,talk,78,9,6,Over
5,talk,79,9,9,Over
5,talk,80,10,3,Over
5,talk,81,10,9,Over
5,talk,82,10,13,Over
5,talk,83,10,6,Over
5,talk,84,10,14,Over
5,talk,85,10,8,Over
5,talk,86,10,11,Over
5,talk,87,10,5,Over
5,vote,3,9
5,vote,5,9
5,vote,6,9
5,vote,8,13
5,vote,9,8
5,vote,11,9
5,vote,13,9
5,vote,14,13
5,execute,9,VILLAGER
5,divine,11,6,WEREWOLF
5,attack,11,true
6,status,1,VILLAGER,DEAD,HALU
6,status,2,VILLAGER,DEAD,Tomato11
6,status,3,VILLAGER,ALIVE,TOKU12
6,status,4,VILLAGER,DEAD,OKAMI
6,status,5,VILLAGER,ALIVE,TOKU0
6,status,6,WEREWOLF,ALIVE,Tomato4
6,status,7,WEREWOLF,DEAD,sample_py
6,status,8,VILLAGER,ALIVE,sample_py
6,status,9,VILLAGER,DEAD,sample_py
6,status,10,MEDIUM,DEAD,Takeda1
6,status,11,SEER,DEAD,Takeda2
6,status,12,BODYGUARD,DEAD,TOKU10
6,status,13,POSSESSED,ALIVE,Tomato9
6,status,14,VILLAGER,ALIVE,OKAMI
6,status,15,WEREWOLF,DEAD,TOKU6
6,talk,0,0,13,DIVINED Agent[03] HUMAN
6,talk,1,0,3,VOTE Agent[06]
6,talk,2,0,8,VOTE Agent[13]
6,talk,3,0,6,VOTE Agent[13]
6,talk,4,0,5,VOTE Agent[06]
6,talk,5,0,14,VOTE Agent[06]
6,talk,6,1,8,Skip
6,talk,7,1,5,Skip
6,talk,8,1,14,COMINGOUT Agent[14] VILLAGER
6,talk,9,1,6,Skip
6,talk,10,1,13,COMINGOUT Agent[13] POSSESSED
6,talk,11,1,3,Skip
6,talk,12,2,8,Skip
6,talk,13,2,5,Skip
6,talk,14,2,6,VOTE Agent[08]
6,talk,15,2,13,VOTE Agent[13]
6,talk,16,2,3,Skip
6,talk,17,2,14,VOTE Agent[06]
6,talk,18,3,5,Over
6,talk,19,3,3,Over
6,talk,20,3,6,Skip
6,talk,21,3,8,Over
6,talk,22,3,13,COMINGOUT Agent[13] POSSESSED
6,talk,23,3,14,VOTE Agent[13]
6,talk,24,4,5,Over
6,talk,25,4,3,Over
6,talk,26,4,14,VOTE Agent[06]
6,talk,27,4,13,COMINGOUT Agent[13] POSSESSED
6,talk,28,4,6,VOTE Agent[13]
6,talk,29,4,8,Over
6,talk,30,5,8,Over
6,talk,31,5,6,Skip
6,talk,32,5,14,VOTE Agent[06]
6,talk,33,5,5,Over
6,talk,34,5,3,Over
6,talk,35,5,13,COMINGOUT Agent[13] POSSESSED
6,talk,36,6,8,Over
6,talk,37,6,5,Over
6,talk,38,6,13,COMINGOUT Agent[13] POSSESSED
6,talk,39,6,3,Over
6,talk,40,6,14,VOTE Agent[06]
6,talk,41,6,6,Skip
6,talk,42,7,5,Over
6,talk,43,7,13,COMINGOUT Agent[13] POSSESSED
6,talk,44,7,8,Over
6,talk,45,7,6,Over
6,talk,46,7,14,VOTE Agent[06]
6,talk,47,7,3,Over
6,talk,48,8,6,Over
6,talk,49,8,5,Over
6,talk,50,8,14,VOTE Agent[06]
6,talk,51,8,13,COMINGOUT Agent[13] POSSESSED
6,talk,52,8,3,Over
6,talk,53,8,8,Over
6,talk,54,9,13,COMINGOUT Agent[13] POSSESSED
6,talk,55,9,14,Over
6,talk,56,9,8,Over
6,talk,57,9,6,Over
6,talk,58,9,5,Over
6,talk,59,9,3,Over
6,talk,60,10,3,Over
6,talk,61,10,6,Over
6,talk,62,10,8,Over
6,talk,63,10,13,Over
6,talk,64,10,14,Over
6,talk,65,10,5,Over
6,vote,3,6
6,vote,5,6
6,vote,6,13
6,vote,8,13
6,vote,13,5
6,vote,14,6
6,execute,6,WEREWOLF
7,status,1,VILLAGER,DEAD,HALU
7,status,2,VILLAGER,DEAD,Tomato11
7,status,3,VILLAGER,ALIVE,TOKU12
7,status,4,VILLAGER,DEAD,OKAMI
7,status,5,VILLAGER,ALIVE,TOKU0
7,status,6,WEREWOLF,DEAD,Tomato4
7,status,7,WEREWOLF,DEAD,sample_py
7,status,8,VILLAGER,ALIVE,sample_py
7,status,9,VILLAGER,DEAD,sample_py
7,status,10,MEDIUM,DEAD,Takeda1
7,status,11,SEER,DEAD,Takeda2
7,status,12,BODYGUARD,DEAD,TOKU10
7,status,13,POSSESSED,ALIVE,Tomato9
7,status,14,VILLAGER,ALIVE,OKAMI
7,status,15,WEREWOLF,DEAD,TOKU6
7,result,5,0,VILLAGER
