0,status,1,POSSESSED,ALIVE,HALU
0,status,2,VILLAGER,ALIVE,Tomato11
0,status,3,BODYGUARD,ALIVE,TOKU12
0,status,4,VILLAGER,ALIVE,OKAMI
0,status,5,VILLAGER,ALIVE,TOKU0
0,status,6,WEREWOLF,ALIVE,Tomato4
0,status,7,VILLAGER,ALIVE,sample_py
0,status,8,SEER,ALIVE,sample_py
0,status,9,MEDIUM,ALIVE,sample_py
0,status,10,VILLAGER,ALIVE,Takeda1
0,status,11,WEREWOLF,ALIVE,Takeda2
0,status,12,WEREWOLF,ALIVE,TOKU10
0,status,13,VILLAGER,ALIVE,Tomato9
0,status,14,VILLAGER,ALIVE,OKAMI
0,status,15,VILLAGER,ALIVE,TOKU6
0,whisper,0,0,12,Skip
0,whisper,1,0,11,Skip
0,whisper,2,0,6,COMINGOUT Agent[06] SEER
0,whisper,3,1,11,Skip
0,whisper,4,1,12,Skip
0,whisper,5,1,6,Skip
0,whisper,6,2,6,Skip
0,whisper,7,2,11,Over
0,whisper,8,2,12,Over
0,whisper,9,3,6,Over
0,whisper,10,3,12,Over
0,whisper,11,3,11,Over
0,divine,8,2,HUMAN
1,status,1,POSSESSED,ALIVE,HALU
1,status,2,VILLAGER,ALIVE,Tomato11
1,status,3,BODYGUARD,ALIVE,TOKU12
1,status,4,VILLAGER,ALIVE,OKAMI
1,status,5,VILLAGER,ALIVE,TOKU0
1,status,6,WEREWOLF,ALIVE,Tomato4
1,status,7,VILLAGER,ALIVE,sample_py
1,status,8,SEER,ALIVE,sample_py
1,status,9,MEDIUM,ALIVE,sample_py
1,status,10,VILLAGER,ALIVE,Takeda1
1,status,11,WEREWOLF,ALIVE,Takeda2
1,status,12,WEREWOLF,ALIVE,TOKU10
1,status,13,VILLAGER,ALIVE,Tomato9
1,status,14,VILLAGER,ALIVE,OKAMI
1,status,15,VILLAGER,ALIVE,TOKU6
1,talk,0,0,4,VOTE Agent[10]
1,talk,1,0,6,COMINGOUT Agent[06] SEER
1,talk,2,0,8,VOTE Agent[06]
1,talk,3,0,12,Skip
1,talk,4,0,10,VOTE Agent[06]
1,talk,5,0,13,VOTE Agent[06]
1,talk,6,0,2,VOTE Agent[06]
1,talk,7,0,14,VOTE Agent[10]
1,talk,8,0,1,COMINGOUT Agent[01] SEER
1,talk,9,0,7,VOTE Agent[02]
1,talk,10,0,15,VOTE Agent[06]
1,talk,11,0,9,VOTE Agent[15]
1,talk,12,0,3,VOTE Agent[06]
1,talk,13,0,5,VOTE Agent[06]
1,talk,14,0,11,Skip
1,talk,15,1,8,Skip
1,talk,16,1,15,VOTE Agent[12]
1,talk,17,1,12,VOTE Agent[02]
1,talk,18,1,5,Skip
1,talk,19,1,10,VOTE Agent[12]
1,talk,20,1,11,VOTE Agent[14]
1,talk,21,1,2,Skip
1,talk,22,1,3,Skip
1,talk,23,1,4,COMINGOUT Agent[04] VILLAGER
1,talk,24,1,9,Skip
1,talk,25,1,14,COMINGOUT Agent[14] VILLAGER
1,talk,26,1,6,DIVINED Agent[08] HUMAN
1,talk,27,1,1,DIVINED Agent[11] WEREWOLF
1,talk,28,1,7,VOTE Agent[11]
1,talk,29,1,13,Skip
1,talk,30,2,15,Skip
1,talk,31,2,13,Skip
1,talk,32,2,5,VOTE Agent[12]
1,talk,33,2,9,VOTE Agent[11]
1,talk,34,2,7,Skip
1,talk,35,2,3,VOTE Agent[12]
1,talk,36,2,4,VOTE Agent[14]
1,talk,37,2,6,VOTE Agent[12]
1,talk,38,2,10,Skip
1,talk,39,2,1,VOTE Agent[11]
1,talk,40,2,12,VOTE Agent[03]
1,talk,41,2,2,VOTE Agent[12]
1,talk,42,2,14,VOTE Agent[04]
1,talk,43,2,11,VOTE Agent[07]
1,talk,44,2,8,Skip
1,talk,45,3,11,VOTE Agent[12]
1,talk,46,3,9,Skip
1,talk,47,3,13,VOTE Agent[12]
1,talk,48,3,6,Skip
1,talk,49,3,7,Skip
1,talk,50,3,5,Skip
1,talk,51,3,12,VOTE Agent[15]
1,talk,52,3,14,VOTE Agent[04]
1,talk,53,3,2,Skip
1,talk,54,3,8,Over
1,talk,55,3,4,VOTE Agent[14]
1,talk,56,3,10,Skip
1,talk,57,3,15,Skip
1,talk,58,3,3,Skip
1,talk,59,3,1,VOTE Agent[11]
1,talk,60,4,12,VOTE Agent[15]
1,talk,61,4,8,Over
1,talk,62,4,5,Skip
1,talk,63,4,11,Skip
1,talk,64,4,14,VOTE Agent[04]
1,talk,65,4,1,VOTE Agent[11]
1,talk,66,4,10,Over
1,talk,67,4,13,Skip
1,talk,68,4,7,Over
1,talk,69,4,15,Over
1,talk,70,4,3,Skip
1,talk,71,4,9,Skip
1,talk,72,4,4,VOTE Agent[14]
1,talk,73,4,2,Skip
1,talk,74,4,6,Skip
1,talk,75,5,2,Over
1,talk,76,5,9,Over
1,talk,77,5,13,Skip
1,talk,78,5,10,Over
1,talk,79,5,4,VOTE Agent[14]
1,talk,80,5,8,Over
1,talk,81,5,15,Over
1,talk,82,5,6,Over
1,talk,83,5,1,VOTE Agent[11]
1,talk,84,5,11,Skip
1,talk,85,5,12,VOTE Agent[03]
1,talk,86,5,5,Over
1,talk,87,5,7,Over
1,talk,88,5,14,VOTE Agent[04]
1,talk,89,5,3,Over
1,talk,90,6,3,Over
1,talk,91,6,13,Over
1,talk,92,6,12,VOTE Agent[03]
1,talk,93,6,6,Over
1,talk,94,6,10,Over
1,talk,95,6,2,Over
1,talk,96,6,14,VOTE Agent[04]
1,talk,97,6,1,VOTE Agent[11]
1,talk,98,6,11,Over
1,talk,99,6,8,Over
1,talk,100,6,7,Over
1,talk,101,6,9,Over
1,talk,102,6,5,Over
1,talk,103,6,15,Over
1,talk,104,6,4,VOTE Agent[14]
1,talk,105,7,14,VOTE Agent[04]
1,talk,106,7,5,Over
1,talk,107,7,4,VOTE Agent[14]
1,talk,108,7,15,Over
1,talk,109,7,6,Over
1,talk,110,7,12,VOTE Agent[03]
1,talk,111,7,1,VOTE Agent[11]
1,talk,112,7,7,Over
1,talk,113,7,9,Over
1,talk,114,7,10,Over
1,talk,115,7,13,Over
1,talk,116,7,3,Over
1,talk,117,7,11,Over
1,talk,118,7,8,Over
1,talk,119,7,2,Over
1,talk,120,8,9,Over
1,talk,121,8,13,Over
1,talk,122,8,15,Over
1,talk,123,8,4,VOTE Agent[14]
1,talk,124,8,11,Over
1,talk,125,8,3,Over
1,talk,126,8,7,Over
1,talk,127,8,10,Over
1,talk,128,8,12,VOTE Agent[03]
1,talk,129,8,1,VOTE Agent[11]
1,talk,130,8,14,VOTE Agent[04]
1,talk,131,8,8,Over
1,talk,132,8,5,Over
1,talk,133,8,6,Over
1,talk,134,8,2,Over
1,talk,135,9,13,Over
1,talk,136,9,14,Over
1,talk,137,9,7,Over
1,talk,138,9,1,Over
1,talk,139,9,2,Over
1,talk,140,9,5,Over
1,talk,141,9,6,Over
1,talk,142,9,4,Over
1,talk,143,9,9,Over
1,talk,144,9,15,Over
1,talk,145,9,11,Over
1,talk,146,9,8,Over
1,talk,147,9,10,Over
1,talk,148,9,3,Over
1,talk,149,9,12,VOTE Agent[03]
1,talk,150,10,4,Over
1,talk,151,10,9,Over
1,talk,152,10,1,Over
1,talk,153,10,10,Over
1,talk,154,10,11,Over
1,talk,155,10,15,Over
1,talk,156,10,3,Over
1,talk,157,10,14,Over
1,talk,158,10,12,VOTE Agent[03]
1,talk,159,10,13,Over
1,talk,160,10,5,Over
1,talk,161,10,6,Over
1,talk,162,10,8,Over
1,talk,163,10,2,Over
1,talk,164,10,7,Over
1,talk,165,11,3,Over
1,talk,166,11,2,Over
1,talk,167,11,1,Over
1,talk,168,11,4,Over
1,talk,169,11,11,Over
1,talk,170,11,5,Over
1,talk,171,11,8,Over
1,talk,172,11,13,Over
1,talk,173,11,9,Over
1,talk,174,11,15,Over
1,talk,175,11,6,Over
1,talk,176,11,14,Over
1,talk,177,11,10,Over
1,talk,178,11,12,Over
1,talk,179,11,7,Over
1,vote,1,11
1,vote,2,12
1,vote,3,12
1,vote,4,14
1,vote,5,12
1,vote,6,12
1,vote,7,11
1,vote,8,6
1,vote,9,11
1,vote,10,12
1,vote,11,12
1,vote,12,3
1,vote,13,12
1,vote,14,4
1,vote,15,12
1,execute,12,WEREWOLF
1,divine,8,6,WEREWOLF
1,whisper,0,0,11,Skip
1,whisper,1,0,6,ATTACK Agent[01]
1,whisper,2,1,11,Skip
1,whisper,3,1,6,Skip
1,whisper,4,2,11,Over
1,whisper,5,2,6,Skip
1,whisper,6,3,6,Over
1,whisper,7,3,11,Over
1,guard,3,6,WEREWOLF
1,attackVote,6,1
1,attackVote,11,8
1,attackVote,6,1
1,attackVote,11,8
1,attack,1,true
2,status,1,POSSESSED,DEAD,HALU
2,status,2,VILLAGER,ALIVE,Tomato11
2,status,3,BODYGUARD,ALIVE,TOKU12
2,status,4,VILLAGER,ALIVE,OKAMI
2,status,5,VILLAGER,ALIVE,TOKU0
2,status,6,WEREWOLF,ALIVE,Tomato4
2,status,7,VILLAGER,ALIVE,sample_py
2,status,8,SEER,ALIVE,sample_py
2,status,9,MEDIUM,ALIVE,sample_py
2,status,10,VILLAGER,ALIVE,Takeda1
2,status,11,WEREWOLF,ALIVE,Takeda2
2,status,12,WEREWOLF,DEAD,TOKU10
2,status,13,VILLAGER,ALIVE,Tomato9
2,status,14,VILLAGER,ALIVE,OKAMI
2,status,15,VILLAGER,ALIVE,TOKU6
2,talk,0,0,2,VOTE Agent[05]
2,talk,1,0,8,COMINGOUT Agent[08] SEER
2,talk,2,0,11,VOTE Agent[03]
2,talk,3,0,4,VOTE Agent[14]
2,talk,4,0,14,VOTE Agent[04]
2,talk,5,0,6,DIVINED Agent[04] HUMAN
2,talk,6,0,7,VOTE Agent[11]
2,talk,7,0,9,COMINGOUT Agent[09] MEDIUM
2,talk,8,0,13,VOTE Agent[14]
2,talk,9,0,3,VOTE Agent[15]
2,talk,10,0,5,VOTE Agent[03]
2,talk,11,0,15,VOTE Agent[03]
2,talk,12,0,10,VOTE Agent[03]
2,talk,13,1,9,IDENTIFIED Agent[12] WEREWOLF
2,talk,14,1,14,COMINGOUT Agent[14] VILLAGER
2,talk,15,1,4,COMINGOUT Agent[04] VILLAGER
2,talk,16,1,3,VOTE Agent[11]
2,talk,17,1,10,VOTE Agent[08]
2,talk,18,1,2,VOTE Agent[03]
2,talk,19,1,11,Skip
2,talk,20,1,5,VOTE Agent[08]
2,talk,21,1,6,VOTE Agent[03]
2,talk,22,1,13,VOTE Agent[03]
2,talk,23,1,15,VOTE Agent[08]
2,talk,24,1,7,Skip
2,talk,25,1,8,DIVINED Agent[02] HUMAN
2,talk,26,2,7,Skip
2,talk,27,2,13,VOTE Agent[08]
2,talk,28,2,4,VOTE Agent[08]
2,talk,29,2,14,VOTE Agent[08]
2,talk,30,2,9,VOTE Agent[11]
2,talk,31,2,3,VOTE Agent[06]
2,talk,32,2,10,VOTE Agent[06]
2,talk,33,2,11,Skip
2,talk,34,2,15,Skip
2,talk,35,2,2,VOTE Agent[08]
2,talk,36,2,6,VOTE Agent[11]
2,talk,37,2,5,VOTE Agent[06]
2,talk,38,2,8,DIVINED Agent[06] WEREWOLF
2,talk,39,3,9,Skip
2,talk,40,3,5,Skip
2,talk,41,3,11,Over
2,talk,42,3,4,VOTE Agent[06]
2,talk,43,3,14,VOTE Agent[08]
2,talk,44,3,6,VOTE Agent[03]
2,talk,45,3,8,VOTE Agent[06]
2,talk,46,3,7,Over
2,talk,47,3,15,VOTE Agent[06]
2,talk,48,3,13,VOTE Agent[06]
2,talk,49,3,10,Skip
2,talk,50,3,3,Skip
2,talk,51,3,2,VOTE Agent[06]
2,talk,52,4,10,Skip
2,talk,53,4,2,Skip
2,talk,54,4,14,VOTE Agent[06]
2,talk,55,4,13,Skip
2,talk,56,4,4,VOTE Agent[06]
2,talk,57,4,9,Skip
2,talk,58,4,5,Skip
2,talk,59,4,11,VOTE Agent[06]
2,talk,60,4,15,Skip
2,talk,61,4,6,VOTE Agent[11]
2,talk,62,4,7,Over
2,talk,63,4,3,Skip
2,talk,64,4,8,Skip
2,talk,65,5,6,Skip
2,talk,66,5,13,Skip
2,talk,67,5,5,Over
2,talk,68,5,10,Over
2,talk,69,5,9,Over
2,talk,70,5,11,Skip
2,talk,71,5,8,Skip
2,talk,72,5,7,Over
2,talk,73,5,3,Over
2,talk,74,5,2,Skip
2,talk,75,5,14,VOTE Agent[06]
2,talk,76,5,15,Skip
2,talk,77,5,4,VOTE Agent[06]
2,talk,78,6,6,Skip
2,talk,79,6,9,Over
2,talk,80,6,10,Over
2,talk,81,6,11,Skip
2,talk,82,6,14,VOTE Agent[06]
2,talk,83,6,15,Over
2,talk,84,6,2,Over
2,talk,85,6,5,Over
2,talk,86,6,4,VOTE Agent[06]
2,talk,87,6,7,Over
2,talk,88,6,8,Over
2,talk,89,6,13,Over
2,talk,90,6,3,Over
2,talk,91,7,3,Over
2,talk,92,7,13,Over
2,talk,93,7,5,Over
2,talk,94,7,7,Over
2,talk,95,7,6,Over
2,talk,96,7,4,VOTE Agent[06]
2,talk,97,7,11,Over
2,talk,98,7,8,Over
2,talk,99,7,15,Over
2,talk,100,7,14,VOTE Agent[06]
2,talk,101,7,9,Over
2,talk,102,7,10,Over
2,talk,103,7,2,Over
2,talk,104,8,4,VOTE Agent[06]
2,talk,105,8,13,Over
2,talk,106,8,6,Over
2,talk,107,8,8,Over
2,talk,108,8,10,Over
2,talk,109,8,15,Over
2,talk,110,8,7,Over
2,talk,111,8,14,VOTE Agent[06]
2,talk,112,8,3,Over
2,talk,113,8,9,Over
2,talk,114,8,11,Over
2,talk,115,8,2,Over
2,talk,116,8,5,Over
2,talk,117,9,15,Over
2,talk,118,9,2,Over
2,talk,119,9,3,Over
2,talk,120,9,7,Over
2,talk,121,9,5,Over
2,talk,122,9,11,Over
2,talk,123,9,4,Over
2,talk,124,9,14,Over
2,talk,125,9,10,Over
2,talk,126,9,6,Over
2,talk,127,9,8,Over
2,talk,128,9,13,Over
2,talk,129,9,9,Over
2,vote,2,6
2,vote,3,6
2,vote,4,6
2,vote,5,6
2,vote,6,11
2,vote,7,11
2,vote,8,6
2,vote,9,11
2,vote,10,6
2,vote,11,6
2,vote,13,6
2,vote,14,6
2,vote,15,6
2,execute,6,WEREWOLF
2,divine,8,14,HUMAN
2,guard,3,8,SEER
2,attackVote,11,8
2,attack,8,false
3,status,1,POSSESSED,DEAD,HALU
3,status,2,VILLAGER,ALIVE,Tomato11
3,status,3,BODYGUARD,ALIVE,TOKU12
3,status,4,VILLAGER,ALIVE,OKAMI
3,status,5,VILLAGER,ALIVE,TOKU0
3,status,6,WEREWOLF,DEAD,Tomato4
3,status,7,VILLAGER,ALIVE,sample_py
3,status,8,SEER,ALIVE,sample_py
3,status,9,MEDIUM,ALIVE,sample_py
3,status,10,VILLAGER,ALIVE,Takeda1
3,status,11,WEREWOLF,ALIVE,Takeda2
3,status,12,WEREWOLF,DEAD,TOKU10
3,status,13,VILLAGER,ALIVE,Tomato9
3,status,14,VILLAGER,ALIVE,OKAMI
3,status,15,VILLAGER,ALIVE,TOKU6
3,talk,0,0,11,VOTE Agent[03]
3,talk,1,0,13,VOTE Agent[08]
3,talk,2,0,8,DIVINED Agent[14] HUMAN
3,talk,3,0,5,VOTE Agent[03]
3,talk,4,0,10,VOTE Agent[03]
3,talk,5,0,3,VOTE Agent[11]
3,talk,6,0,14,VOTE Agent[08]
3,talk,7,0,2,VOTE Agent[08]
3,talk,8,0,15,VOTE Agent[03]
3,talk,9,0,4,VOTE Agent[08]
3,talk,10,0,7,VOTE Agent[11]
3,talk,11,0,9,IDENTIFIED Agent[06] WEREWOLF
3,talk,12,1,14,COMINGOUT Agent[14] VILLAGER
3,talk,13,1,7,Skip
3,talk,14,1,5,Skip
3,talk,15,1,2,Skip
3,talk,16,1,9,VOTE Agent[11]
3,talk,17,1,13,Skip
3,talk,18,1,15,Skip
3,talk,19,1,11,Skip
3,talk,20,1,10,Skip
3,talk,21,1,3,Skip
3,talk,22,1,8,VOTE Agent[09]
3,talk,23,1,4,COMINGOUT Agent[04] VILLAGER
3,talk,24,2,8,Skip
3,talk,25,2,15,Skip
3,talk,26,2,11,Skip
3,talk,27,2,3,Skip
3,talk,28,2,13,Skip
3,talk,29,2,7,Skip
3,talk,30,2,4,VOTE Agent[14]
3,talk,31,2,9,Skip
3,talk,32,2,2,Skip
3,talk,33,2,10,Skip
3,talk,34,2,5,Skip
3,talk,35,2,14,VOTE Agent[04]
3,talk,36,3,3,Over
3,talk,37,3,9,Skip
3,talk,38,3,10,Over
3,talk,39,3,15,Over
3,talk,40,3,5,Over
3,talk,41,3,8,Skip
3,talk,42,3,11,Over
3,talk,43,3,4,VOTE Agent[14]
3,talk,44,3,2,Over
3,talk,45,3,14,VOTE Agent[04]
3,talk,46,3,13,Over
3,talk,47,3,7,Over
3,talk,48,4,14,VOTE Agent[04]
3,talk,49,4,5,Over
3,talk,50,4,7,Over
3,talk,51,4,3,Over
3,talk,52,4,2,Over
3,talk,53,4,10,Over
3,talk,54,4,15,Over
3,talk,55,4,8,Over
3,talk,56,4,13,Over
3,talk,57,4,9,Over
3,talk,58,4,11,Over
3,talk,59,4,4,VOTE Agent[14]
3,talk,60,5,13,Over
3,talk,61,5,7,Over
3,talk,62,5,8,Over
3,talk,63,5,14,VOTE Agent[04]
3,talk,64,5,5,Over
3,talk,65,5,4,VOTE Agent[14]
3,talk,66,5,11,Over
3,talk,67,5,2,Over
3,talk,68,5,9,Over
3,talk,69,5,10,Over
3,talk,70,5,15,Over
3,talk,71,5,3,Over
3,talk,72,6,3,Over
3,talk,73,6,2,Over
3,talk,74,6,8,Over
3,talk,75,6,13,Over
3,talk,76,6,5,Over
3,talk,77,6,15,Over
3,talk,78,6,7,Over
3,talk,79,6,10,Over
3,talk,80,6,11,Over
3,talk,81,6,14,VOTE Agent[04]
3,talk,82,6,4,VOTE Agent[14]
3,talk,83,6,9,Over
3,talk,84,7,14,VOTE Agent[04]
3,talk,85,7,7,Over
3,talk,86,7,2,Over
3,talk,87,7,10,Over
3,talk,88,7,9,Over
3,talk,89,7,3,Over
3,talk,90,7,4,VOTE Agent[14]
3,talk,91,7,5,Over
3,talk,92,7,11,Over
3,talk,93,7,15,Over
3,talk,94,7,8,Over
3,talk,95,7,13,Over
3,talk,96,8,2,Over
3,talk,97,8,7,Over
3,talk,98,8,3,Over
3,talk,99,8,8,Over
3,talk,100,8,9,Over
3,talk,101,8,15,Over
3,talk,102,8,14,VOTE Agent[04]
3,talk,103,8,4,VOTE Agent[14]
3,talk,104,8,10,Over
3,talk,105,8,11,Over
3,talk,106,8,13,Over
3,talk,107,8,5,Over
3,talk,108,9,8,Over
3,talk,109,9,4,Over
3,talk,110,9,9,Over
3,talk,111,9,5,Over
3,talk,112,9,3,Over
3,talk,113,9,7,Over
3,talk,114,9,14,Over
3,talk,115,9,11,Over
3,talk,116,9,10,Over
3,talk,117,9,2,Over
3,talk,118,9,15,Over
3,talk,119,9,13,Over
3,vote,2,8
3,vote,3,11
3,vote,4,14
3,vote,5,3
3,vote,7,11
3,vote,8,9
3,vote,9,11
3,vote,10,3
3,vote,11,3
3,vote,13,8
3,vote,14,4
3,vote,15,3
3,execute,3,BODYGUARD
3,divine,8,7,HUMAN
3,attackVote,11,8
3,attack,8,true
4,status,1,POSSESSED,DEAD,HALU
4,status,2,VILLAGER,ALIVE,Tomato11
4,status,3,BODYGUARD,DEAD,TOKU12
4,status,4,VILLAGER,ALIVE,OKAMI
4,status,5,VILLAGER,ALIVE,TOKU0
4,status,6,WEREWOLF,DEAD,Tomato4
4,status,7,VILLAGER,ALIVE,sample_py
4,status,8,SEER,DEAD,sample_py
4,status,9,MEDIUM,ALIVE,sample_py
4,status,10,VILLAGER,ALIVE,Takeda1
4,status,11,WEREWOLF,ALIVE,Takeda2
4,status,12,WEREWOLF,DEAD,TOKU10
4,status,13,VILLAGER,ALIVE,Tomato9
4,status,14,VILLAGER,ALIVE,OKAMI
4,status,15,VILLAGER,ALIVE,TOKU6
4,talk,0,0,11,VOTE Agent[05]
4,talk,1,0,10,VOTE Agent[11]
4,talk,2,0,5,VOTE Agent[11]
4,talk,3,0,14,VOTE Agent[04]
4,talk,4,0,4,VOTE Agent[14]
4,talk,5,0,2,VOTE Agent[13]
4,talk,6,0,9,IDENTIFIED Agent[03] HUMAN
4,talk,7,0,15,VOTE Agent[11]
4,talk,8,0,13,VOTE Agent[02]
4,talk,9,0,7,VOTE Agent[11]
4,talk,10,1,4,COMINGOUT Agent[04] VILLAGER
4,talk,11,1,2,Skip
4,talk,12,1,13,Skip
4,talk,13,1,10,Skip
4,talk,14,1,15,Skip
4,talk,15,1,14,COMINGOUT Agent[14] VILLAGER
4,talk,16,1,5,Skip
4,talk,17,1,9,VOTE Agent[11]
4,talk,18,1,7,Skip
4,talk,19,1,11,VOTE Agent[05]
4,talk,20,2,4,VOTE Agent[14]
4,talk,21,2,14,VOTE Agent[04]
4,talk,22,2,7,Skip
4,talk,23,2,15,VOTE Agent[05]
4,talk,24,2,11,Skip
4,talk,25,2,9,Skip
4,talk,26,2,5,VOTE Agent[15]
4,talk,27,2,13,Skip
4,talk,28,2,2,Skip
4,talk,29,2,10,VOTE Agent[05]
4,talk,30,3,5,Skip
4,talk,31,3,15,Skip
4,talk,32,3,13,Over
4,talk,33,3,11,Skip
4,talk,34,3,2,Over
4,talk,35,3,9,Skip
4,talk,36,3,7,Over
4,talk,37,3,14,VOTE Agent[04]
4,talk,38,3,10,Skip
4,talk,39,3,4,VOTE Agent[14]
4,talk,40,4,11,Over
4,talk,41,4,2,Over
4,talk,42,4,5,Skip
4,talk,43,4,4,VOTE Agent[14]
4,talk,44,4,7,Over
4,talk,45,4,14,VOTE Agent[04]
4,talk,46,4,15,Skip
4,talk,47,4,9,Over
4,talk,48,4,10,Skip
4,talk,49,4,13,Over
4,talk,50,5,11,Over
4,talk,51,5,4,VOTE Agent[14]
4,talk,52,5,15,Over
4,talk,53,5,2,Over
4,talk,54,5,7,Over
4,talk,55,5,14,VOTE Agent[04]
4,talk,56,5,9,Over
4,talk,57,5,13,Over
4,talk,58,5,5,Over
4,talk,59,5,10,Over
4,talk,60,6,9,Over
4,talk,61,6,5,Over
4,talk,62,6,2,Over
4,talk,63,6,14,VOTE Agent[04]
4,talk,64,6,10,Over
4,talk,65,6,11,Over
4,talk,66,6,13,Over
4,talk,67,6,4,VOTE Agent[14]
4,talk,68,6,15,Over
4,talk,69,6,7,Over
4,talk,70,7,15,Over
4,talk,71,7,5,Over
4,talk,72,7,14,VOTE Agent[04]
4,talk,73,7,7,Over
4,talk,74,7,13,Over
4,talk,75,7,4,VOTE Agent[14]
4,talk,76,7,11,Over
4,talk,77,7,9,Over
4,talk,78,7,10,Over
4,talk,79,7,2,Over
4,talk,80,8,5,Over
4,talk,81,8,4,VOTE Agent[14]
4,talk,82,8,13,Over
4,talk,83,8,10,Over
4,talk,84,8,15,Over
4,talk,85,8,14,VOTE Agent[04]
4,talk,86,8,9,Over
4,talk,87,8,7,Over
4,talk,88,8,11,Over
4,talk,89,8,2,Over
4,talk,90,9,9,Over
4,talk,91,9,11,Over
4,talk,92,9,7,Over
4,talk,93,9,4,Over
4,talk,94,9,14,Over
4,talk,95,9,15,Over
4,talk,96,9,13,Over
4,talk,97,9,5,Over
4,talk,98,9,2,Over
4,talk,99,9,10,Over
4,vote,2,13
4,vote,4,14
4,vote,5,15
4,vote,7,11
4,vote,9,11
4,vote,10,5
4,vote,11,5
4,vote,13,2
4,vote,14,4
4,vote,15,5
4,execute,5,VILLAGER
4,attackVote,11,10
4,attack,10,true
5,status,1,POSSESSED,DEAD,HALU
5,status,2,VILLAGER,ALIVE,Tomato11
5,status,3,BODYGUARD,DEAD,TOKU12
5,status,4,VILLAGER,ALIVE,OKAMI
5,status,5,VILLAGER,DEAD,TOKU0
5,status,6,WEREWOLF,DEAD,Tomato4
5,status,7,VILLAGER,ALIVE,sample_py
5,status,8,SEER,DEAD,sample_py
5,status,9,MEDIUM,ALIVE,sample_py
5,status,10,VILLAGER,DEAD,Takeda1
5,status,11,WEREWOLF,ALIVE,Takeda2
5,status,12,WEREWOLF,DEAD,TOKU10
5,status,13,VILLAGER,ALIVE,Tomato9
5,status,14,VILLAGER,ALIVE,OKAMI
5,status,15,VILLAGER,ALIVE,TOKU6
5,talk,0,0,4,VOTE Agent[14]
5,talk,1,0,11,VOTE Agent[15]
5,talk,2,0,7,VOTE Agent[11]
5,talk,3,0,9,IDENTIFIED Agent[05] HUMAN
5,talk,4,0,15,VOTE Agent[11]
5,talk,5,0,14,VOTE Agent[04]
5,talk,6,0,2,VOTE Agent[13]
5,talk,7,0,13,VOTE Agent[02]
5,talk,8,1,2,Skip
5,talk,9,1,9,VOTE Agent[11]
5,talk,10,1,7,Skip
5,talk,11,1,14,COMINGOUT Agent[14] VILLAGER
5,talk,12,1,13,Skip
5,talk,13,1,4,COMINGOUT Agent[04] VILLAGER
5,talk,14,1,15,Skip
5,talk,15,1,11,Skip
5,talk,16,2,13,Skip
5,talk,17,2,2,Skip
5,talk,18,2,7,Skip
5,talk,19,2,9,Skip
5,talk,20,2,4,VOTE Agent[14]
5,talk,21,2,14,VOTE Agent[04]
5,talk,22,2,15,Skip
5,talk,23,2,11,Skip
5,talk,24,3,2,Over
5,talk,25,3,4,VOTE Agent[14]
5,talk,26,3,14,VOTE Agent[04]
5,talk,27,3,15,Over
5,talk,28,3,11,Over
5,talk,29,3,13,Over
5,talk,30,3,7,Over
5,talk,31,3,9,Skip
5,talk,32,4,15,Over
5,talk,33,4,11,Over
5,talk,34,4,4,VOTE Agent[14]
5,talk,35,4,9,Over
5,talk,36,4,7,Over
5,talk,37,4,2,Over
5,talk,38,4,13,Over
5,talk,39,4,14,VOTE Agent[04]
5,talk,40,5,14,VOTE Agent[04]
5,talk,41,5,9,Over
5,talk,42,5,15,Over
5,talk,43,5,11,Over
5,talk,44,5,4,VOTE Agent[14]
5,talk,45,5,7,Over
5,talk,46,5,13,Over
5,talk,47,5,2,Over
5,talk,48,6,4,VOTE Agent[14]
5,talk,49,6,11,Over
5,talk,50,6,15,Over
5,talk,51,6,7,Over
5,talk,52,6,9,Over
5,talk,53,6,2,Over
5,talk,54,6,13,Over
5,talk,55,6,14,VOTE Agent[04]
5,talk,56,7,13,Over
5,talk,57,7,14,VOTE Agent[04]
5,talk,58,7,2,Over
5,talk,59,7,9,Over
5,talk,60,7,15,Over
5,talk,61,7,4,VOTE Agent[14]
5,talk,62,7,7,Over
5,talk,63,7,11,Over
5,talk,64,8,14,VOTE Agent[04]
5,talk,65,8,11,Over
5,talk,66,8,15,Over
5,talk,67,8,4,VOTE Agent[14]
5,talk,68,8,2,Over
5,talk,69,8,13,Over
5,talk,70,8,7,Over
5,talk,71,8,9,Over
5,talk,72,9,2,Over
5,talk,73,9,4,Over
5,talk,74,9,13,Over
5,talk,75,9,7,Over
5,talk,76,9,14,Over
5,talk,77,9,11,Over
5,talk,78,9,9,Over
5,talk,79,9,15,Over
5,vote,2,13
5,vote,4,14
5,vote,7,11
5,vote,9,11
5,vote,11,15
5,vote,13,2
5,vote,14,4
5,vote,15,11
5,execute,11,WEREWOLF
6,status,1,POSSESSED,DEAD,HALU
6,status,2,VILLAGER,ALIVE,Tomato11
6,status,3,BODYGUARD,DEAD,TOKU12
6,status,4,VILLAGER,ALIVE,OKAMI
6,status,5,VILLAGER,DEAD,TOKU0
6,status,6,WEREWOLF,DEAD,Tomato4
6,status,7,VILLAGER,ALIVE,sample_py
6,status,8,SEER,DEAD,sample_py
6,status,9,MEDIUM,ALIVE,sample_py
6,status,10,VILLAGER,DEAD,Takeda1
6,status,11,WEREWOLF,DEAD,Takeda2
6,status,12,WEREWOLF,DEAD,TOKU10
6,status,13,VILLAGER,ALIVE,Tomato9
6,status,14,VILLAGER,ALIVE,OKAMI
6,status,15,VILLAGER,ALIVE,TOKU6
6,result,7,0,VILLAGER
