0,status,1,VILLAGER,ALIVE,sample_py
0,status,2,VILLAGER,ALIVE,sample_py
0,status,3,VILLAGER,ALIVE,HALU
0,status,4,VILLAGER,ALIVE,SampleJava14
0,status,5,BODYGUARD,ALIVE,SampleJava8
0,status,6,WEREWOLF,ALIVE,OKAMI
0,status,7,VILLAGER,ALIVE,OKAMI
0,status,8,WEREWOLF,ALIVE,OKAMI
0,status,9,WEREWOLF,ALIVE,sample_py
0,status,10,VILLAGER,ALIVE,Takeda5
0,status,11,VILLAGER,ALIVE,Tomato2
0,status,12,POSSESSED,ALIVE,Takeda4
0,status,13,SEER,ALIVE,HALU
0,status,14,VILLAGER,ALIVE,Tomato7
0,status,15,MEDIUM,ALIVE,TOKU9
0,whisper,0,0,6,COMINGOUT Agent[06] MEDIUM
0,whisper,1,0,9,COMINGOUT Agent[09] SEER
0,whisper,2,0,8,COMINGOUT Agent[08] MEDIUM
0,whisper,3,1,9,COMINGOUT Agent[09] SEER
0,whisper,4,1,8,COMINGOUT Agent[08] VILLAGER
0,whisper,5,1,6,COMINGOUT Agent[06] VILLAGER
0,whisper,6,2,9,COMINGOUT Agent[09] SEER
0,whisper,7,2,8,Skip
0,whisper,8,2,6,Skip
0,whisper,9,3,8,Skip
0,whisper,10,3,9,COMINGOUT Agent[09] SEER
0,whisper,11,3,6,Skip
0,whisper,12,4,9,COMINGOUT Agent[09] SEER
0,whisper,13,4,8,Over
0,whisper,14,4,6,Over
0,whisper,15,5,8,Over
0,whisper,16,5,9,COMINGOUT Agent[09] SEER
0,whisper,17,5,6,Over
0,whisper,18,6,6,Over
0,whisper,19,6,8,Over
0,whisper,20,6,9,COMINGOUT Agent[09] SEER
0,whisper,21,7,9,COMINGOUT Agent[09] SEER
0,whisper,22,7,6,Over
0,whisper,23,7,8,Over
0,whisper,24,8,8,Over
0,whisper,25,8,9,COMINGOUT Agent[09] SEER
0,whisper,26,8,6,Over
0,whisper,27,9,6,Over
0,whisper,28,9,9,COMINGOUT Agent[09] SEER
0,whisper,29,9,8,Over
0,whisper,30,10,6,Over
0,whisper,31,10,9,Over
0,whisper,32,10,8,Over
0,divine,13,3,HUMAN
1,status,1,VILLAGER,ALIVE,sample_py
1,status,2,VILLAGER,ALIVE,sample_py
1,status,3,VILLAGER,ALIVE,HALU
1,status,4,VILLAGER,ALIVE,SampleJava14
1,status,5,BODYGUARD,ALIVE,SampleJava8
1,status,6,WEREWOLF,ALIVE,OKAMI
1,status,7,VILLAGER,ALIVE,OKAMI
1,status,8,WEREWOLF,ALIVE,OKAMI
1,status,9,WEREWOLF,ALIVE,sample_py
1,status,10,VILLAGER,ALIVE,Takeda5
1,status,11,VILLAGER,ALIVE,Tomato2
1,status,12,POSSESSED,ALIVE,Takeda4
1,status,13,SEER,ALIVE,HALU
1,status,14,VILLAGER,ALIVE,Tomato7
1,status,15,MEDIUM,ALIVE,TOKU9
1,talk,0,0,2,VOTE Agent[09]
1,talk,1,0,9,COMINGOUT Agent[09] SEER
1,talk,2,0,3,VOTE Agent[02]
1,talk,3,0,4,VOTE Agent[12]
1,talk,4,0,15,COMINGOUT Agent[15] MEDIUM
1,talk,5,0,5,VOTE Agent[11]
1,talk,6,0,8,VOTE Agent[02]
1,talk,7,0,1,VOTE Agent[12]
1,talk,8,0,11,VOTE Agent[02]
1,talk,9,0,14,VOTE Agent[02]
1,talk,10,0,13,COMINGOUT Agent[13] SEER
1,talk,11,0,10,VOTE Agent[09]
1,talk,12,0,7,VOTE Agent[09]
1,talk,13,0,12,COMINGOUT Agent[12] SEER
1,talk,14,0,6,VOTE Agent[02]
1,talk,15,1,3,VOTE Agent[07]
1,talk,16,1,9,DIVINED Agent[06] HUMAN
1,talk,17,1,1,Skip
1,talk,18,1,7,COMINGOUT Agent[07] VILLAGER
1,talk,19,1,2,Skip
1,talk,20,1,4,REQUEST ANY (VOTE Agent[12])
1,talk,21,1,6,VOTE Agent[02]
1,talk,22,1,10,Skip
1,talk,23,1,11,Skip
1,talk,24,1,14,Skip
1,talk,25,1,5,REQUEST ANY (VOTE Agent[11])
1,talk,26,1,12,DIVINED Agent[14] WEREWOLF
1,talk,27,1,8,VOTE Agent[14]
1,talk,28,1,15,VOTE Agent[09]
1,talk,29,1,13,DIVINED Agent[03] HUMAN
1,talk,30,2,9,VOTE Agent[12]
1,talk,31,2,1,VOTE Agent[14]
1,talk,32,2,6,VOTE Agent[14]
1,talk,33,2,11,VOTE Agent[09]
1,talk,34,2,15,Skip
1,talk,35,2,5,Skip
1,talk,36,2,7,VOTE Agent[12]
1,talk,37,2,12,VOTE Agent[14]
1,talk,38,2,2,VOTE Agent[14]
1,talk,39,2,3,VOTE Agent[13]
1,talk,40,2,14,VOTE Agent[09]
1,talk,41,2,10,VOTE Agent[12]
1,talk,42,2,13,VOTE Agent[05]
1,talk,43,2,4,Skip
1,talk,44,2,8,VOTE Agent[14]
1,talk,45,3,8,VOTE Agent[14]
1,talk,46,3,15,Skip
1,talk,47,3,2,Skip
1,talk,48,3,11,VOTE Agent[12]
1,talk,49,3,10,VOTE Agent[09]
1,talk,50,3,14,VOTE Agent[12]
1,talk,51,3,12,Skip
1,talk,52,3,4,Skip
1,talk,53,3,7,VOTE Agent[09]
1,talk,54,3,13,VOTE Agent[05]
1,talk,55,3,6,VOTE Agent[14]
1,talk,56,3,5,Skip
1,talk,57,3,9,Skip
1,talk,58,3,1,Skip
1,talk,59,3,3,VOTE Agent[13]
1,talk,60,4,13,VOTE Agent[07]
1,talk,61,4,5,Over
1,talk,62,4,11,Skip
1,talk,63,4,10,Skip
1,talk,64,4,6,VOTE Agent[14]
1,talk,65,4,12,Skip
1,talk,66,4,7,VOTE Agent[09]
1,talk,67,4,8,VOTE Agent[14]
1,talk,68,4,1,Skip
1,talk,69,4,15,Over
1,talk,70,4,9,Skip
1,talk,71,4,4,Over
1,talk,72,4,14,Skip
1,talk,73,4,2,Skip
1,talk,74,4,3,VOTE Agent[13]
1,talk,75,5,6,VOTE Agent[14]
1,talk,76,5,3,VOTE Agent[13]
1,talk,77,5,11,Skip
1,talk,78,5,2,Over
1,talk,79,5,4,Over
1,talk,80,5,7,VOTE Agent[09]
1,talk,81,5,1,Over
1,talk,82,5,9,Over
1,talk,83,5,5,Over
1,talk,84,5,10,Skip
1,talk,85,5,14,Skip
1,talk,86,5,12,Over
1,talk,87,5,8,VOTE Agent[14]
1,talk,88,5,15,Over
1,talk,89,5,13,VOTE Agent[05]
1,talk,90,6,13,VOTE Agent[05]
1,talk,91,6,11,Over
1,talk,92,6,6,VOTE Agent[14]
1,talk,93,6,5,Over
1,talk,94,6,15,Over
1,talk,95,6,14,Over
1,talk,96,6,8,VOTE Agent[14]
1,talk,97,6,12,Over
1,talk,98,6,9,Over
1,talk,99,6,1,Over
1,talk,100,6,2,Over
1,talk,101,6,4,Over
1,talk,102,6,7,VOTE Agent[09]
1,talk,103,6,3,VOTE Agent[13]
1,talk,104,6,10,Over
1,talk,105,7,11,Over
1,talk,106,7,2,Over
1,talk,107,7,6,VOTE Agent[14]
1,talk,108,7,15,Over
1,talk,109,7,3,VOTE Agent[13]
1,talk,110,7,5,Over
1,talk,111,7,4,Over
1,talk,112,7,1,Over
1,talk,113,7,8,VOTE Agent[14]
1,talk,114,7,12,Over
1,talk,115,7,7,VOTE Agent[09]
1,talk,116,7,13,VOTE Agent[07]
1,talk,117,7,10,Over
1,talk,118,7,9,Over
1,talk,119,7,14,Over
1,talk,120,8,7,VOTE Agent[09]
1,talk,121,8,11,VOTE Agent[14]
1,talk,122,8,5,Over
1,talk,123,8,6,VOTE Agent[14]
1,talk,124,8,14,VOTE Agent[09]
1,talk,125,8,3,VOTE Agent[13]
1,talk,126,8,4,Over
1,talk,127,8,10,Over
1,talk,128,8,13,VOTE Agent[05]
1,talk,129,8,15,Over
1,talk,130,8,1,Over
1,talk,131,8,9,Over
1,talk,132,8,2,Over
1,talk,133,8,12,Over
1,talk,134,8,8,VOTE Agent[14]
1,talk,135,9,15,Over
1,talk,136,9,9,Over
1,talk,137,9,2,Over
1,talk,138,9,5,Over
1,talk,139,9,4,Over
1,talk,140,9,13,Over
1,talk,141,9,7,Over
1,talk,142,9,10,Over
1,talk,143,9,6,Over
1,talk,144,9,8,Over
1,talk,145,9,14,VOTE Agent[12]
1,talk,146,9,11,Skip
1,talk,147,9,3,Over
1,talk,148,9,12,Over
1,talk,149,9,1,Over
1,talk,150,10,10,Over
1,talk,151,10,3,Over
1,talk,152,10,6,Over
1,talk,153,10,12,Over
1,talk,154,10,9,Over
1,talk,155,10,8,Over
1,talk,156,10,13,Over
1,talk,157,10,4,Over
1,talk,158,10,15,Over
1,talk,159,10,5,Over
1,talk,160,10,14,Skip
1,talk,161,10,2,Over
1,talk,162,10,7,Over
1,talk,163,10,1,Over
1,talk,164,10,11,Skip
1,talk,165,11,11,Over
1,talk,166,11,6,Over
1,talk,167,11,14,Skip
1,talk,168,11,15,Over
1,talk,169,11,2,Over
1,talk,170,11,12,Over
1,talk,171,11,3,Over
1,talk,172,11,13,Over
1,talk,173,11,7,Over
1,talk,174,11,5,Over
1,talk,175,11,8,Over
1,talk,176,11,1,Over
1,talk,177,11,10,Over
1,talk,178,11,9,Over
1,talk,179,11,4,Over
1,talk,180,12,14,VOTE Agent[09]
1,talk,181,12,10,Over
1,talk,182,12,9,Over
1,talk,183,12,1,Over
1,talk,184,12,5,Over
1,talk,185,12,8,Over
1,talk,186,12,13,Over
1,talk,187,12,12,Over
1,talk,188,12,2,Over
1,talk,189,12,11,Over
1,talk,190,12,3,Over
1,talk,191,12,4,Over
1,talk,192,12,6,Over
1,talk,193,12,7,Over
1,talk,194,12,15,Over
1,talk,195,13,1,Over
1,talk,196,13,15,Over
1,talk,197,13,14,Skip
1,talk,198,13,8,Over
1,talk,199,13,10,Over
1,talk,200,13,9,Over
1,talk,201,13,5,Over
1,talk,202,13,7,Over
1,talk,203,13,12,Over
1,talk,204,13,2,Over
1,talk,205,13,6,Over
1,talk,206,13,11,Over
1,talk,207,13,13,Over
1,talk,208,13,4,Over
1,talk,209,13,3,Over
1,talk,210,14,10,Over
1,talk,211,14,1,Over
1,talk,212,14,4,Over
1,talk,213,14,15,Over
1,talk,214,14,11,Over
1,talk,215,14,13,Over
1,talk,216,14,6,Over
1,talk,217,14,3,Over
1,talk,218,14,5,Over
1,talk,219,14,8,Over
1,talk,220,14,12,Over
1,talk,221,14,9,Over
1,talk,222,14,2,Over
1,talk,223,14,7,Over
1,talk,224,14,14,Skip
1,talk,225,15,6,Over
1,talk,226,15,13,Over
1,talk,227,15,1,Over
1,talk,228,15,14,Over
1,talk,229,15,11,VOTE Agent[09]
1,talk,230,15,8,Over
1,talk,231,15,12,Over
1,talk,232,15,10,Over
1,talk,233,15,15,Over
1,talk,234,15,3,Over
1,talk,235,15,4,Over
1,talk,236,15,5,Over
1,talk,237,15,9,Over
1,talk,238,15,2,Over
1,talk,239,15,7,Over
1,talk,240,16,13,Over
1,talk,241,16,4,Over
1,talk,242,16,10,Over
1,talk,243,16,6,Over
1,talk,244,16,7,Over
1,talk,245,16,12,Over
1,talk,246,16,15,Over
1,talk,247,16,2,Over
1,talk,248,16,1,Over
1,talk,249,16,14,Over
1,talk,250,16,5,Over
1,talk,251,16,11,Skip
1,talk,252,16,9,Over
1,talk,253,16,3,Over
1,talk,254,16,8,Over
1,talk,255,17,3,Over
1,talk,256,17,8,Over
1,talk,257,17,6,Over
1,talk,258,17,14,Over
1,talk,259,17,9,Over
1,talk,260,17,7,Over
1,talk,261,17,5,Over
1,talk,262,17,2,Over
1,talk,263,17,15,Over
1,talk,264,17,10,Over
1,talk,265,17,12,Over
1,talk,266,17,13,Over
1,talk,267,17,11,Skip
1,talk,268,17,4,Over
1,talk,269,17,1,Over
1,talk,270,18,6,Over
1,talk,271,18,8,Over
1,talk,272,18,2,Over
1,talk,273,18,12,Over
1,talk,274,18,10,Over
1,talk,275,18,13,Over
1,talk,276,18,9,Over
1,talk,277,18,15,Over
1,talk,278,18,5,Over
1,talk,279,18,11,Over
1,talk,280,18,4,Over
1,talk,281,18,14,Over
1,talk,282,18,7,Over
1,talk,283,18,1,Over
1,talk,284,18,3,Over
1,vote,1,14
1,vote,2,14
1,vote,3,13
1,vote,4,11
1,vote,5,12
1,vote,6,14
1,vote,7,12
1,vote,8,14
1,vote,9,12
1,vote,10,9
1,vote,11,9
1,vote,12,9
1,vote,13,5
1,vote,14,9
1,vote,15,9
1,execute,9,WEREWOLF
1,divine,13,14,HUMAN
1,whisper,0,0,8,ATTACK Agent[13]
1,whisper,1,0,6,ATTACK Agent[13]
1,whisper,2,1,8,Skip
1,whisper,3,1,6,Skip
1,whisper,4,2,6,Skip
1,whisper,5,2,8,Skip
1,whisper,6,3,8,Over
1,whisper,7,3,6,Over
1,guard,5,12,POSSESSED
1,attackVote,6,13
1,attackVote,8,13
1,attack,13,true
2,status,1,VILLAGER,ALIVE,sample_py
2,status,2,VILLAGER,ALIVE,sample_py
2,status,3,VILLAGER,ALIVE,HALU
2,status,4,VILLAGER,ALIVE,SampleJava14
2,status,5,BODYGUARD,ALIVE,SampleJava8
2,status,6,WEREWOLF,ALIVE,OKAMI
2,status,7,VILLAGER,ALIVE,OKAMI
2,status,8,WEREWOLF,ALIVE,OKAMI
2,status,9,WEREWOLF,DEAD,sample_py
2,status,10,VILLAGER,ALIVE,Takeda5
2,status,11,VILLAGER,ALIVE,Tomato2
2,status,12,POSSESSED,ALIVE,Takeda4
2,status,13,SEER,DEAD,HALU
2,status,14,VILLAGER,ALIVE,Tomato7
2,status,15,MEDIUM,ALIVE,TOKU9
2,talk,0,0,5,VOTE Agent[06]
2,talk,1,0,4,VOTE Agent[14]
2,talk,2,0,12,DIVINED Agent[06] HUMAN
2,talk,3,0,10,VOTE Agent[06]
2,talk,4,0,7,VOTE Agent[12]
2,talk,5,0,6,VOTE Agent[14]
2,talk,6,0,14,VOTE Agent[06]
2,talk,7,0,11,VOTE Agent[06]
2,talk,8,0,1,VOTE Agent[14]
2,talk,9,0,8,VOTE Agent[14]
2,talk,10,0,15,IDENTIFIED Agent[09] WEREWOLF
2,talk,11,0,2,VOTE Agent[14]
2,talk,12,0,3,VOTE Agent[07]
2,talk,13,1,6,VOTE Agent[14]
2,talk,14,1,2,Skip
2,talk,15,1,3,VOTE Agent[07]
2,talk,16,1,1,Skip
2,talk,17,1,4,REQUEST ANY (VOTE Agent[14])
2,talk,18,1,8,VOTE Agent[14]
2,talk,19,1,10,Skip
2,talk,20,1,7,COMINGOUT Agent[07] VILLAGER
2,talk,21,1,11,VOTE Agent[14]
2,talk,22,1,15,VOTE Agent[06]
2,talk,23,1,14,Skip
2,talk,24,1,5,REQUEST ANY (VOTE Agent[06])
2,talk,25,1,12,VOTE Agent[14]
2,talk,26,2,7,VOTE Agent[05]
2,talk,27,2,6,VOTE Agent[14]
2,talk,28,2,8,VOTE Agent[14]
2,talk,29,2,11,Skip
2,talk,30,2,10,Skip
2,talk,31,2,14,Skip
2,talk,32,2,4,Skip
2,talk,33,2,5,Skip
2,talk,34,2,1,Skip
2,talk,35,2,2,Skip
2,talk,36,2,3,VOTE Agent[05]
2,talk,37,2,12,Skip
2,talk,38,2,15,Skip
2,talk,39,3,7,VOTE Agent[05]
2,talk,40,3,10,Over
2,talk,41,3,8,VOTE Agent[14]
2,talk,42,3,2,Over
2,talk,43,3,4,Skip
2,talk,44,3,12,Skip
2,talk,45,3,1,Over
2,talk,46,3,14,Over
2,talk,47,3,15,Skip
2,talk,48,3,5,Skip
2,talk,49,3,3,VOTE Agent[05]
2,talk,50,3,6,VOTE Agent[14]
2,talk,51,3,11,VOTE Agent[06]
2,talk,52,4,2,Over
2,talk,53,4,5,Over
2,talk,54,4,1,Over
2,talk,55,4,10,Over
2,talk,56,4,11,Skip
2,talk,57,4,3,VOTE Agent[07]
2,talk,58,4,7,VOTE Agent[05]
2,talk,59,4,12,Over
2,talk,60,4,6,VOTE Agent[14]
2,talk,61,4,8,VOTE Agent[14]
2,talk,62,4,15,Over
2,talk,63,4,14,Over
2,talk,64,4,4,Over
2,talk,65,5,7,VOTE Agent[05]
2,talk,66,5,8,VOTE Agent[14]
2,talk,67,5,2,Over
2,talk,68,5,6,VOTE Agent[14]
2,talk,69,5,12,Over
2,talk,70,5,4,Over
2,talk,71,5,1,Over
2,talk,72,5,10,Over
2,talk,73,5,11,Skip
2,talk,74,5,3,VOTE Agent[07]
2,talk,75,5,14,Over
2,talk,76,5,15,Over
2,talk,77,5,5,Over
2,talk,78,6,12,Over
2,talk,79,6,6,VOTE Agent[14]
2,talk,80,6,8,VOTE Agent[14]
2,talk,81,6,15,Over
2,talk,82,6,4,Over
2,talk,83,6,1,Over
2,talk,84,6,14,Over
2,talk,85,6,5,Over
2,talk,86,6,3,VOTE Agent[07]
2,talk,87,6,7,VOTE Agent[05]
2,talk,88,6,11,Over
2,talk,89,6,2,Over
2,talk,90,6,10,Over
2,talk,91,7,15,Over
2,talk,92,7,1,Over
2,talk,93,7,11,Over
2,talk,94,7,6,VOTE Agent[14]
2,talk,95,7,8,VOTE Agent[14]
2,talk,96,7,3,VOTE Agent[07]
2,talk,97,7,10,Over
2,talk,98,7,12,Over
2,talk,99,7,4,Over
2,talk,100,7,5,Over
2,talk,101,7,7,VOTE Agent[05]
2,talk,102,7,2,Over
2,talk,103,7,14,Over
2,talk,104,8,10,Over
2,talk,105,8,8,VOTE Agent[14]
2,talk,106,8,2,Over
2,talk,107,8,15,Over
2,talk,108,8,6,VOTE Agent[14]
2,talk,109,8,4,Over
2,talk,110,8,12,Over
2,talk,111,8,3,VOTE Agent[07]
2,talk,112,8,11,Over
2,talk,113,8,7,VOTE Agent[05]
2,talk,114,8,14,Over
2,talk,115,8,5,Over
2,talk,116,8,1,Over
2,talk,117,9,6,Over
2,talk,118,9,7,Over
2,talk,119,9,5,Over
2,talk,120,9,15,Over
2,talk,121,9,1,Over
2,talk,122,9,3,Over
2,talk,123,9,11,Over
2,talk,124,9,14,Over
2,talk,125,9,8,Over
2,talk,126,9,2,Over
2,talk,127,9,12,Over
2,talk,128,9,4,Over
2,talk,129,9,10,Over
2,vote,1,14
2,vote,2,14
2,vote,3,7
2,vote,4,6
2,vote,5,14
2,vote,6,14
2,vote,7,5
2,vote,8,14
2,vote,10,6
2,vote,11,6
2,vote,12,14
2,vote,14,6
2,vote,15,6
2,execute,14,VILLAGER
2,whisper,0,0,6,ATTACK Agent[03]
2,whisper,1,0,8,ATTACK Agent[03]
2,whisper,2,1,8,Skip
2,whisper,3,1,6,Skip
2,whisper,4,2,6,Skip
2,whisper,5,2,8,Skip
2,whisper,6,3,8,Over
2,whisper,7,3,6,Over
2,guard,5,12,POSSESSED
2,attackVote,6,3
2,attackVote,8,3
2,attack,3,true
3,status,1,VILLAGER,ALIVE,sample_py
3,status,2,VILLAGER,ALIVE,sample_py
3,status,3,VILLAGER,DEAD,HALU
3,status,4,VILLAGER,ALIVE,SampleJava14
3,status,5,BODYGUARD,ALIVE,SampleJava8
3,status,6,WEREWOLF,ALIVE,OKAMI
3,status,7,VILLAGER,ALIVE,OKAMI
3,status,8,WEREWOLF,ALIVE,OKAMI
3,status,9,WEREWOLF,DEAD,sample_py
3,status,10,VILLAGER,ALIVE,Takeda5
3,status,11,VILLAGER,ALIVE,Tomato2
3,status,12,POSSESSED,ALIVE,Takeda4
3,status,13,SEER,DEAD,HALU
3,status,14,VILLAGER,DEAD,Tomato7
3,status,15,MEDIUM,ALIVE,TOKU9
3,talk,0,0,7,VOTE Agent[05]
3,talk,1,0,15,IDENTIFIED Agent[14] HUMAN
3,talk,2,0,4,VOTE Agent[15]
3,talk,3,0,1,VOTE Agent[12]
3,talk,4,0,5,VOTE Agent[11]
3,talk,5,0,8,VOTE Agent[11]
3,talk,6,0,12,DIVINED Agent[01] WEREWOLF
3,talk,7,0,2,VOTE Agent[01]
3,talk,8,0,10,VOTE Agent[06]
3,talk,9,0,11,VOTE Agent[12]
3,talk,10,0,6,VOTE Agent[11]
3,talk,11,1,5,REQUEST ANY (VOTE Agent[11])
3,talk,12,1,12,VOTE Agent[01]
3,talk,13,1,10,Skip
3,talk,14,1,1,Skip
3,talk,15,1,15,Skip
3,talk,16,1,4,REQUEST ANY (VOTE Agent[15])
3,talk,17,1,2,Skip
3,talk,18,1,11,Skip
3,talk,19,1,6,VOTE Agent[11]
3,talk,20,1,8,VOTE Agent[11]
3,talk,21,1,7,COMINGOUT Agent[07] VILLAGER
3,talk,22,2,7,VOTE Agent[05]
3,talk,23,2,15,Skip
3,talk,24,2,6,VOTE Agent[11]
3,talk,25,2,10,Skip
3,talk,26,2,12,Skip
3,talk,27,2,11,Skip
3,talk,28,2,8,VOTE Agent[11]
3,talk,29,2,2,Skip
3,talk,30,2,4,Skip
3,talk,31,2,5,Skip
3,talk,32,2,1,Skip
3,talk,33,3,4,Skip
3,talk,34,3,1,Over
3,talk,35,3,10,Over
3,talk,36,3,7,VOTE Agent[05]
3,talk,37,3,6,VOTE Agent[11]
3,talk,38,3,15,Over
3,talk,39,3,8,VOTE Agent[11]
3,talk,40,3,5,Skip
3,talk,41,3,12,Skip
3,talk,42,3,2,Over
3,talk,43,3,11,Over
3,talk,44,4,7,VOTE Agent[05]
3,talk,45,4,2,Over
3,talk,46,4,10,Over
3,talk,47,4,5,Over
3,talk,48,4,1,Over
3,talk,49,4,4,Over
3,talk,50,4,6,VOTE Agent[11]
3,talk,51,4,8,VOTE Agent[11]
3,talk,52,4,15,Over
3,talk,53,4,11,Over
3,talk,54,4,12,Over
3,talk,55,5,7,VOTE Agent[05]
3,talk,56,5,12,Over
3,talk,57,5,2,Over
3,talk,58,5,6,VOTE Agent[11]
3,talk,59,5,11,Over
3,talk,60,5,5,Over
3,talk,61,5,8,VOTE Agent[11]
3,talk,62,5,1,Over
3,talk,63,5,10,Over
3,talk,64,5,4,Over
3,talk,65,5,15,Over
3,talk,66,6,11,Over
3,talk,67,6,10,Over
3,talk,68,6,2,Over
3,talk,69,6,7,VOTE Agent[05]
3,talk,70,6,6,VOTE Agent[11]
3,talk,71,6,1,Over
3,talk,72,6,12,Over
3,talk,73,6,4,Over
3,talk,74,6,15,Over
3,talk,75,6,5,Over
3,talk,76,6,8,VOTE Agent[11]
3,talk,77,7,5,Over
3,talk,78,7,10,Over
3,talk,79,7,6,VOTE Agent[11]
3,talk,80,7,11,Over
3,talk,81,7,8,VOTE Agent[11]
3,talk,82,7,7,VOTE Agent[05]
3,talk,83,7,15,Over
3,talk,84,7,2,Over
3,talk,85,7,1,Over
3,talk,86,7,4,Over
3,talk,87,7,12,Over
3,talk,88,8,6,VOTE Agent[11]
3,talk,89,8,4,Over
3,talk,90,8,7,VOTE Agent[05]
3,talk,91,8,12,Over
3,talk,92,8,1,Over
3,talk,93,8,10,Over
3,talk,94,8,2,Over
3,talk,95,8,8,VOTE Agent[11]
3,talk,96,8,15,Over
3,talk,97,8,5,Over
3,talk,98,8,11,Over
3,talk,99,9,1,Over
3,talk,100,9,4,Over
3,talk,101,9,15,Over
3,talk,102,9,5,Over
3,talk,103,9,8,Over
3,talk,104,9,6,Over
3,talk,105,9,10,Over
3,talk,106,9,11,Over
3,talk,107,9,7,Over
3,talk,108,9,2,Over
3,talk,109,9,12,Over
3,vote,1,12
3,vote,2,1
3,vote,4,11
3,vote,5,15
3,vote,6,11
3,vote,7,5
3,vote,8,11
3,vote,10,6
3,vote,11,12
3,vote,12,11
3,vote,15,6
3,execute,11,VILLAGER
3,whisper,0,0,8,ATTACK Agent[01]
3,whisper,1,0,6,ATTACK Agent[04]
3,whisper,2,1,6,Skip
3,whisper,3,1,8,Skip
3,whisper,4,2,8,Skip
3,whisper,5,2,6,Skip
3,whisper,6,3,8,Over
3,whisper,7,3,6,Over
3,guard,5,12,POSSESSED
3,attackVote,6,2
3,attackVote,8,5
3,attackVote,6,4
3,attackVote,8,2
3,attack,2,true
4,status,1,VILLAGER,ALIVE,sample_py
4,status,2,VILLAGER,DEAD,sample_py
4,status,3,VILLAGER,DEAD,HALU
4,status,4,VILLAGER,ALIVE,SampleJava14
4,status,5,BODYGUARD,ALIVE,SampleJava8
4,status,6,WEREWOLF,ALIVE,OKAMI
4,status,7,VILLAGER,ALIVE,OKAMI
4,status,8,WEREWOLF,ALIVE,OKAMI
4,status,9,WEREWOLF,DEAD,sample_py
4,status,10,VILLAGER,ALIVE,Takeda5
4,status,11,VILLAGER,DEAD,Tomato2
4,status,12,POSSESSED,ALIVE,Takeda4
4,status,13,SEER,DEAD,HALU
4,status,14,VILLAGER,DEAD,Tomato7
4,status,15,MEDIUM,ALIVE,TOKU9
4,talk,0,0,8,VOTE Agent[10]
4,talk,1,0,1,VOTE Agent[12]
4,talk,2,0,10,VOTE Agent[06]
4,talk,3,0,5,VOTE Agent[06]
4,talk,4,0,15,IDENTIFIED Agent[11] HUMAN
4,talk,5,0,12,DIVINED Agent[04] WEREWOLF
4,talk,6,0,4,BECAUSE (AND (COMINGOUT Agent[04] VILLAGER) (DAY 4 (Agent[12] DIVINED Agent[04] WEREWOLF))) (XOR (ESTIMATE Agent[12] WEREWOLF) (ESTIMATE Agent[12] POSSESSED))
4,talk,7,0,6,VOTE Agent[10]
4,talk,8,0,7,VOTE Agent[05]
4,talk,9,1,1,Skip
4,talk,10,1,10,Skip
4,talk,11,1,5,REQUEST ANY (VOTE Agent[06])
4,talk,12,1,6,VOTE Agent[10]
4,talk,13,1,7,COMINGOUT Agent[07] VILLAGER
4,talk,14,1,12,VOTE Agent[04]
4,talk,15,1,15,Skip
4,talk,16,1,4,BECAUSE (XOR (ESTIMATE Agent[12] WEREWOLF) (ESTIMATE Agent[12] POSSESSED)) (AND (VOTE Agent[12]) (REQUEST ANY (VOTE Agent[12])))
4,talk,17,1,8,VOTE Agent[05]
4,talk,18,2,15,Skip
4,talk,19,2,6,VOTE Agent[05]
4,talk,20,2,1,Skip
4,talk,21,2,4,VOTE Agent[12]
4,talk,22,2,10,Skip
4,talk,23,2,12,Skip
4,talk,24,2,7,VOTE Agent[05]
4,talk,25,2,8,VOTE Agent[05]
4,talk,26,2,5,Skip
4,talk,27,3,4,REQUEST ANY (VOTE Agent[12])
4,talk,28,3,15,Over
4,talk,29,3,8,VOTE Agent[05]
4,talk,30,3,7,VOTE Agent[05]
4,talk,31,3,1,Over
4,talk,32,3,10,Over
4,talk,33,3,6,VOTE Agent[05]
4,talk,34,3,5,Skip
4,talk,35,3,12,Skip
4,talk,36,4,10,Over
4,talk,37,4,4,Skip
4,talk,38,4,6,VOTE Agent[05]
4,talk,39,4,1,Over
4,talk,40,4,15,Over
4,talk,41,4,7,VOTE Agent[05]
4,talk,42,4,12,Over
4,talk,43,4,8,VOTE Agent[05]
4,talk,44,4,5,Over
4,talk,45,5,15,Over
4,talk,46,5,5,Over
4,talk,47,5,12,Over
4,talk,48,5,7,VOTE Agent[05]
4,talk,49,5,8,VOTE Agent[05]
4,talk,50,5,6,VOTE Agent[05]
4,talk,51,5,4,Skip
4,talk,52,5,1,Over
4,talk,53,5,10,Over
4,talk,54,6,8,VOTE Agent[05]
4,talk,55,6,12,Over
4,talk,56,6,7,VOTE Agent[05]
4,talk,57,6,4,Over
4,talk,58,6,1,Over
4,talk,59,6,15,Over
4,talk,60,6,6,VOTE Agent[05]
4,talk,61,6,10,Over
4,talk,62,6,5,Over
4,talk,63,7,5,Over
4,talk,64,7,4,Over
4,talk,65,7,7,VOTE Agent[05]
4,talk,66,7,10,Over
4,talk,67,7,12,Over
4,talk,68,7,15,Over
4,talk,69,7,8,VOTE Agent[05]
4,talk,70,7,6,VOTE Agent[05]
4,talk,71,7,1,Over
4,talk,72,8,7,VOTE Agent[05]
4,talk,73,8,8,VOTE Agent[05]
4,talk,74,8,1,Over
4,talk,75,8,12,Over
4,talk,76,8,10,Over
4,talk,77,8,4,Over
4,talk,78,8,5,Over
4,talk,79,8,6,VOTE Agent[05]
4,talk,80,8,15,Over
4,talk,81,9,1,Over
4,talk,82,9,10,Over
4,talk,83,9,12,Over
4,talk,84,9,4,Over
4,talk,85,9,5,Over
4,talk,86,9,8,Over
4,talk,87,9,15,Over
4,talk,88,9,6,Over
4,talk,89,9,7,Over
4,vote,1,12
4,vote,4,12
4,vote,5,12
4,vote,6,5
4,vote,7,5
4,vote,8,5
4,vote,10,6
4,vote,12,5
4,vote,15,6
4,execute,5,BODYGUARD
4,whisper,0,0,8,ATTACK Agent[04]
4,whisper,1,0,6,ATTACK Agent[10]
4,whisper,2,1,8,Skip
4,whisper,3,1,6,Skip
4,whisper,4,2,8,Skip
4,whisper,5,2,6,Skip
4,whisper,6,3,8,Over
4,whisper,7,3,6,Over
4,attackVote,6,7
4,attackVote,8,4
4,attackVote,6,1
4,attackVote,8,10
4,attack,1,true
5,status,1,VILLAGER,DEAD,sample_py
5,status,2,VILLAGER,DEAD,sample_py
5,status,3,VILLAGER,DEAD,HALU
5,status,4,VILLAGER,ALIVE,SampleJava14
5,status,5,BODYGUARD,DEAD,SampleJava8
5,status,6,WEREWOLF,ALIVE,OKAMI
5,status,7,VILLAGER,ALIVE,OKAMI
5,status,8,WEREWOLF,ALIVE,OKAMI
5,status,9,WEREWOLF,DEAD,sample_py
5,status,10,VILLAGER,ALIVE,Takeda5
5,status,11,VILLAGER,DEAD,Tomato2
5,status,12,POSSESSED,ALIVE,Takeda4
5,status,13,SEER,DEAD,HALU
5,status,14,VILLAGER,DEAD,Tomato7
5,status,15,MEDIUM,ALIVE,TOKU9
5,talk,0,0,15,IDENTIFIED Agent[05] HUMAN
5,talk,1,0,6,VOTE Agent[10]
5,talk,2,0,10,VOTE Agent[06]
5,talk,3,0,4,BECAUSE (AND (COMINGOUT Agent[04] VILLAGER) (DAY 4 (Agent[12] DIVINED Agent[04] WEREWOLF))) (XOR (ESTIMATE Agent[12] WEREWOLF) (ESTIMATE Agent[12] POSSESSED))
5,talk,4,0,12,DIVINED Agent[10] WEREWOLF
5,talk,5,0,8,VOTE Agent[07]
5,talk,6,0,7,VOTE Agent[06]
5,talk,7,1,8,VOTE Agent[07]
5,talk,8,1,6,VOTE Agent[07]
5,talk,9,1,10,Skip
5,talk,10,1,4,BECAUSE (XOR (ESTIMATE Agent[12] WEREWOLF) (ESTIMATE Agent[12] POSSESSED)) (AND (VOTE Agent[12]) (REQUEST ANY (VOTE Agent[12])))
5,talk,11,1,12,VOTE Agent[10]
5,talk,12,1,7,COMINGOUT Agent[07] VILLAGER
5,talk,13,1,15,Skip
5,talk,14,2,12,Skip
5,talk,15,2,6,VOTE Agent[07]
5,talk,16,2,10,Skip
5,talk,17,2,4,VOTE Agent[12]
5,talk,18,2,15,Skip
5,talk,19,2,7,VOTE Agent[12]
5,talk,20,2,8,VOTE Agent[07]
5,talk,21,3,8,VOTE Agent[07]
5,talk,22,3,6,VOTE Agent[07]
5,talk,23,3,12,Skip
5,talk,24,3,15,Over
5,talk,25,3,4,REQUEST ANY (VOTE Agent[12])
5,talk,26,3,7,VOTE Agent[12]
5,talk,27,3,10,Over
5,talk,28,4,8,VOTE Agent[07]
5,talk,29,4,10,Over
5,talk,30,4,4,Skip
5,talk,31,4,12,Over
5,talk,32,4,15,Over
5,talk,33,4,6,VOTE Agent[07]
5,talk,34,4,7,VOTE Agent[06]
5,talk,35,5,15,Over
5,talk,36,5,12,Over
5,talk,37,5,6,VOTE Agent[07]
5,talk,38,5,8,VOTE Agent[07]
5,talk,39,5,4,Skip
5,talk,40,5,10,Over
5,talk,41,5,7,VOTE Agent[12]
5,talk,42,6,8,VOTE Agent[07]
5,talk,43,6,15,Over
5,talk,44,6,10,Over
5,talk,45,6,12,Over
5,talk,46,6,4,Over
5,talk,47,6,6,VOTE Agent[07]
5,talk,48,6,7,VOTE Agent[12]
5,talk,49,7,12,Over
5,talk,50,7,10,Over
5,talk,51,7,7,VOTE Agent[06]
5,talk,52,7,4,Over
5,talk,53,7,6,VOTE Agent[07]
5,talk,54,7,8,VOTE Agent[07]
5,talk,55,7,15,Over
5,talk,56,8,12,Over
5,talk,57,8,6,VOTE Agent[07]
5,talk,58,8,7,VOTE Agent[06]
5,talk,59,8,8,VOTE Agent[07]
5,talk,60,8,4,Over
5,talk,61,8,10,Over
5,talk,62,8,15,Over
5,talk,63,9,12,Over
5,talk,64,9,8,Over
5,talk,65,9,15,Over
5,talk,66,9,7,Over
5,talk,67,9,6,Over
5,talk,68,9,4,Over
5,talk,69,9,10,Over
5,vote,4,12
5,vote,6,7
5,vote,7,12
5,vote,8,7
5,vote,10,6
5,vote,12,7
5,vote,15,6
5,execute,7,VILLAGER
5,whisper,0,0,8,ATTACK Agent[07]
5,whisper,1,0,6,ATTACK Agent[10]
5,whisper,2,1,6,Skip
5,whisper,3,1,8,Skip
5,whisper,4,2,6,Skip
5,whisper,5,2,8,Skip
5,whisper,6,3,8,Over
5,whisper,7,3,6,Over
5,attackVote,6,4
5,attackVote,8,4
5,attack,4,true
6,status,1,VILLAGER,DEAD,sample_py
6,status,2,VILLAGER,DEAD,sample_py
6,status,3,VILLAGER,DEAD,HALU
6,status,4,VILLAGER,DEAD,SampleJava14
6,status,5,BODYGUARD,DEAD,SampleJava8
6,status,6,WEREWOLF,ALIVE,OKAMI
6,status,7,VILLAGER,DEAD,OKAMI
6,status,8,WEREWOLF,ALIVE,OKAMI
6,status,9,WEREWOLF,DEAD,sample_py
6,status,10,VILLAGER,ALIVE,Takeda5
6,status,11,VILLAGER,DEAD,Tomato2
6,status,12,POSSESSED,ALIVE,Takeda4
6,status,13,SEER,DEAD,HALU
6,status,14,VILLAGER,DEAD,Tomato7
6,status,15,MEDIUM,ALIVE,TOKU9
6,talk,0,0,6,VOTE Agent[15]
6,talk,1,0,8,VOTE Agent[15]
6,talk,2,0,15,IDENTIFIED Agent[07] HUMAN
6,talk,3,0,12,DIVINED Agent[08] WEREWOLF
6,talk,4,0,10,VOTE Agent[06]
6,talk,5,1,12,VOTE Agent[08]
6,talk,6,1,15,Skip
6,talk,7,1,10,Skip
6,talk,8,1,8,VOTE Agent[15]
6,talk,9,1,6,VOTE Agent[15]
6,talk,10,2,10,Skip
6,talk,11,2,6,VOTE Agent[15]
6,talk,12,2,12,Skip
6,talk,13,2,15,Skip
6,talk,14,2,8,VOTE Agent[15]
6,talk,15,3,15,Over
6,talk,16,3,12,Skip
6,talk,17,3,8,VOTE Agent[15]
6,talk,18,3,10,Over
6,talk,19,3,6,VOTE Agent[15]
6,talk,20,4,12,Over
6,talk,21,4,8,VOTE Agent[15]
6,talk,22,4,6,VOTE Agent[15]
6,talk,23,4,15,Over
6,talk,24,4,10,Over
6,talk,25,5,15,Over
6,talk,26,5,12,Over
6,talk,27,5,6,VOTE Agent[15]
6,talk,28,5,8,VOTE Agent[15]
6,talk,29,5,10,Over
6,talk,30,6,8,VOTE Agent[15]
6,talk,31,6,15,Over
6,talk,32,6,10,Over
6,talk,33,6,6,VOTE Agent[15]
6,talk,34,6,12,Over
6,talk,35,7,6,VOTE Agent[15]
6,talk,36,7,12,Over
6,talk,37,7,10,Over
6,talk,38,7,15,Over
6,talk,39,7,8,VOTE Agent[15]
6,talk,40,8,15,Over
6,talk,41,8,12,Over
6,talk,42,8,6,VOTE Agent[15]
6,talk,43,8,8,VOTE Agent[15]
6,talk,44,8,10,Over
6,talk,45,9,12,Over
6,talk,46,9,8,Over
6,talk,47,9,6,Over
6,talk,48,9,15,Over
6,talk,49,9,10,Over
6,vote,6,15
6,vote,8,15
6,vote,10,6
6,vote,12,15
6,vote,15,6
6,execute,15,MEDIUM
6,whisper,0,0,6,ATTACK Agent[10]
6,whisper,1,0,8,ATTACK Agent[10]
6,whisper,2,1,8,Skip
6,whisper,3,1,6,Skip
6,whisper,4,2,8,Skip
6,whisper,5,2,6,Skip
6,whisper,6,3,8,Over
6,whisper,7,3,6,Over
6,attackVote,6,10
6,attackVote,8,10
6,attack,10,true
7,status,1,VILLAGER,DEAD,sample_py
7,status,2,VILLAGER,DEAD,sample_py
7,status,3,VILLAGER,DEAD,HALU
7,status,4,VILLAGER,DEAD,SampleJava14
7,status,5,BODYGUARD,DEAD,SampleJava8
7,status,6,WEREWOLF,ALIVE,OKAMI
7,status,7,VILLAGER,DEAD,OKAMI
7,status,8,WEREWOLF,ALIVE,OKAMI
7,status,9,WEREWOLF,DEAD,sample_py
7,status,10,VILLAGER,DEAD,Takeda5
7,status,11,VILLAGER,DEAD,Tomato2
7,status,12,POSSESSED,ALIVE,Takeda4
7,status,13,SEER,DEAD,HALU
7,status,14,VILLAGER,DEAD,Tomato7
7,status,15,MEDIUM,DEAD,TOKU9
7,result,1,2,WEREWOLF
