0,status,1,VILLAGER,ALIVE,OKAMI
0,status,2,BODYGUARD,ALIVE,Takeda8
0,status,3,WEREWOLF,ALIVE,sample_py
0,status,4,WEREWOLF,ALIVE,SampleJava13
0,status,5,WEREWOLF,ALIVE,Takeda4
0,status,6,VILLAGER,ALIVE,OKAMI
0,status,7,MEDIUM,ALIVE,sample_py
0,status,8,SEER,ALIVE,SampleJava12
0,status,9,VILLAGER,ALIVE,sample_py
0,status,10,POSSESSED,ALIVE,OKAMI
0,status,11,VILLAGER,ALIVE,HALU
0,status,12,VILLAGER,ALIVE,Takeda2
0,status,13,VILLAGER,ALIVE,OKAMI
0,status,14,VILLAGER,ALIVE,sample_py
0,status,15,VILLAGER,ALIVE,TOKU10
0,whisper,0,0,4,COMINGOUT Agent[04] SEER
0,whisper,1,0,5,Skip
0,whisper,2,0,3,COMINGOUT Agent[03] MEDIUM
0,whisper,3,1,5,Skip
0,whisper,4,1,4,Skip
0,whisper,5,1,3,COMINGOUT Agent[03] MEDIUM
0,whisper,6,2,4,Skip
0,whisper,7,2,3,COMINGOUT Agent[03] MEDIUM
0,whisper,8,2,5,Over
0,whisper,9,3,4,Over
0,whisper,10,3,5,Over
0,whisper,11,3,3,COMINGOUT Agent[03] MEDIUM
0,whisper,12,4,4,Over
0,whisper,13,4,5,Over
0,whisper,14,4,3,COMINGOUT Agent[03] MEDIUM
0,whisper,15,5,3,COMINGOUT Agent[03] MEDIUM
0,whisper,16,5,5,Over
0,whisper,17,5,4,Over
0,whisper,18,6,5,Over
0,whisper,19,6,3,COMINGOUT Agent[03] MEDIUM
0,whisper,20,6,4,Over
0,whisper,21,7,5,Over
0,whisper,22,7,3,COMINGOUT Agent[03] MEDIUM
0,whisper,23,7,4,Over
0,whisper,24,8,3,COMINGOUT Agent[03] MEDIUM
0,whisper,25,8,4,Over
0,whisper,26,8,5,Over
0,whisper,27,9,3,COMINGOUT Agent[03] MEDIUM
0,whisper,28,9,4,Over
0,whisper,29,9,5,Over
0,whisper,30,10,4,Over
0,whisper,31,10,5,Over
0,whisper,32,10,3,Over
0,divine,8,12,HUMAN
1,status,1,VILLAGER,ALIVE,OKAMI
1,status,2,BODYGUARD,ALIVE,Takeda8
1,status,3,WEREWOLF,ALIVE,sample_py
1,status,4,WEREWOLF,ALIVE,SampleJava13
1,status,5,WEREWOLF,ALIVE,Takeda4
1,status,6,VILLAGER,ALIVE,OKAMI
1,status,7,MEDIUM,ALIVE,sample_py
1,status,8,SEER,ALIVE,SampleJava12
1,status,9,VILLAGER,ALIVE,sample_py
1,status,10,POSSESSED,ALIVE,OKAMI
1,status,11,VILLAGER,ALIVE,HALU
1,status,12,VILLAGER,ALIVE,Takeda2
1,status,13,VILLAGER,ALIVE,OKAMI
1,status,14,VILLAGER,ALIVE,sample_py
1,status,15,VILLAGER,ALIVE,TOKU10
1,talk,0,0,9,VOTE Agent[10]
1,talk,1,0,3,COMINGOUT Agent[03] MEDIUM
1,talk,2,0,2,VOTE Agent[10]
1,talk,3,0,13,VOTE Agent[10]
1,talk,4,0,15,VOTE Agent[10]
1,talk,5,0,7,VOTE Agent[03]
1,talk,6,0,1,VOTE Agent[03]
1,talk,7,0,12,VOTE Agent[10]
1,talk,8,0,11,VOTE Agent[01]
1,talk,9,0,6,VOTE Agent[03]
1,talk,10,0,10,COMINGOUT Agent[10] VILLAGER
1,talk,11,0,14,VOTE Agent[03]
1,talk,12,0,4,VOTE Agent[10]
1,talk,13,0,8,COMINGOUT Agent[08] SEER
1,talk,14,0,5,COMINGOUT Agent[05] SEER
1,talk,15,1,10,Over
1,talk,16,1,9,Skip
1,talk,17,1,5,DIVINED Agent[03] HUMAN
1,talk,18,1,12,VOTE Agent[08]
1,talk,19,1,7,Skip
1,talk,20,1,2,VOTE Agent[03]
1,talk,21,1,1,COMINGOUT Agent[01] VILLAGER
1,talk,22,1,8,DAY 1 (DIVINED Agent[12] HUMAN)
1,talk,23,1,14,Skip
1,talk,24,1,3,VOTE Agent[05]
1,talk,25,1,4,REQUEST ANY (VOTE Agent[10])
1,talk,26,1,6,COMINGOUT Agent[06] VILLAGER
1,talk,27,1,13,COMINGOUT Agent[13] VILLAGER
1,talk,28,1,15,VOTE Agent[02]
1,talk,29,1,11,VOTE Agent[10]
1,talk,30,2,14,Skip
1,talk,31,2,12,Skip
1,talk,32,2,7,Skip
1,talk,33,2,11,VOTE Agent[10]
1,talk,34,2,15,VOTE Agent[08]
1,talk,35,2,1,VOTE Agent[13]
1,talk,36,2,6,VOTE Agent[10]
1,talk,37,2,9,Skip
1,talk,38,2,2,VOTE Agent[08]
1,talk,39,2,4,COMINGOUT Agent[04] SEER
1,talk,40,2,10,DIVINED Agent[08] WEREWOLF
1,talk,41,2,13,VOTE Agent[08]
1,talk,42,2,8,DIVINED Agent[12] HUMAN
1,talk,43,2,5,VOTE Agent[08]
1,talk,44,2,3,Skip
1,talk,45,3,1,VOTE Agent[13]
1,talk,46,3,5,Skip
1,talk,47,3,13,VOTE Agent[08]
1,talk,48,3,2,VOTE Agent[04]
1,talk,49,3,7,Over
1,talk,50,3,14,VOTE Agent[08]
1,talk,51,3,4,DAY 1 (DIVINED Agent[10] WEREWOLF)
1,talk,52,3,6,VOTE Agent[10]
1,talk,53,3,8,BECAUSE (AND (COMINGOUT Agent[08] SEER) (Agent[05] COMINGOUT Agent[05] SEER)) (XOR (ESTIMATE Agent[05] WEREWOLF) (ESTIMATE Agent[05] POSSESSED))
1,talk,54,3,3,Skip
1,talk,55,3,11,VOTE Agent[10]
1,talk,56,3,9,VOTE Agent[08]
1,talk,57,3,10,VOTE Agent[08]
1,talk,58,3,15,VOTE Agent[04]
1,talk,59,3,12,VOTE Agent[04]
1,talk,60,4,5,Skip
1,talk,61,4,1,VOTE Agent[13]
1,talk,62,4,4,DIVINED Agent[10] WEREWOLF
1,talk,63,4,13,VOTE Agent[10]
1,talk,64,4,8,BECAUSE (XOR (ESTIMATE Agent[05] WEREWOLF) (ESTIMATE Agent[05] POSSESSED)) (AND (VOTE Agent[05]) (REQUEST ANY (VOTE Agent[05])))
1,talk,65,4,9,Skip
1,talk,66,4,12,Skip
1,talk,67,4,10,VOTE Agent[08]
1,talk,68,4,3,Over
1,talk,69,4,2,Skip
1,talk,70,4,14,Skip
1,talk,71,4,15,Skip
1,talk,72,4,6,VOTE Agent[10]
1,talk,73,4,11,VOTE Agent[08]
1,talk,74,4,7,Over
1,talk,75,5,6,VOTE Agent[10]
1,talk,76,5,15,Skip
1,talk,77,5,8,VOTE Agent[05]
1,talk,78,5,11,VOTE Agent[08]
1,talk,79,5,12,Skip
1,talk,80,5,4,Skip
1,talk,81,5,13,VOTE Agent[10]
1,talk,82,5,2,Skip
1,talk,83,5,10,VOTE Agent[08]
1,talk,84,5,14,Skip
1,talk,85,5,3,Over
1,talk,86,5,9,Skip
1,talk,87,5,5,Over
1,talk,88,5,7,Over
1,talk,89,5,1,VOTE Agent[08]
1,talk,90,6,12,Over
1,talk,91,6,11,VOTE Agent[08]
1,talk,92,6,14,Over
1,talk,93,6,5,Over
1,talk,94,6,6,VOTE Agent[10]
1,talk,95,6,15,Over
1,talk,96,6,4,Skip
1,talk,97,6,1,VOTE Agent[08]
1,talk,98,6,8,REQUEST ANY (VOTE Agent[05])
1,talk,99,6,13,VOTE Agent[10]
1,talk,100,6,9,Over
1,talk,101,6,3,Over
1,talk,102,6,7,Over
1,talk,103,6,10,VOTE Agent[08]
1,talk,104,6,2,Over
1,talk,105,7,7,Over
1,talk,106,7,5,Over
1,talk,107,7,1,VOTE Agent[08]
1,talk,108,7,14,Over
1,talk,109,7,12,Over
1,talk,110,7,8,Skip
1,talk,111,7,3,Over
1,talk,112,7,15,Over
1,talk,113,7,9,Over
1,talk,114,7,4,Over
1,talk,115,7,6,VOTE Agent[10]
1,talk,116,7,2,Over
1,talk,117,7,13,VOTE Agent[10]
1,talk,118,7,11,VOTE Agent[08]
1,talk,119,7,10,VOTE Agent[08]
1,talk,120,8,1,VOTE Agent[08]
1,talk,121,8,12,Over
1,talk,122,8,15,Over
1,talk,123,8,3,Over
1,talk,124,8,14,Over
1,talk,125,8,13,VOTE Agent[05]
1,talk,126,8,9,Over
1,talk,127,8,7,Over
1,talk,128,8,6,VOTE Agent[10]
1,talk,129,8,2,Over
1,talk,130,8,11,VOTE Agent[10]
1,talk,131,8,5,Over
1,talk,132,8,10,VOTE Agent[08]
1,talk,133,8,8,Skip
1,talk,134,8,4,Over
1,talk,135,9,2,Over
1,talk,136,9,13,Over
1,talk,137,9,14,Over
1,talk,138,9,9,Over
1,talk,139,9,4,Over
1,talk,140,9,15,Over
1,talk,141,9,3,Over
1,talk,142,9,10,Over
1,talk,143,9,6,Over
1,talk,144,9,5,Over
1,talk,145,9,7,Over
1,talk,146,9,12,Over
1,talk,147,9,1,Over
1,talk,148,9,11,Over
1,talk,149,9,8,Over
1,vote,1,8
1,vote,2,4
1,vote,3,5
1,vote,4,10
1,vote,5,8
1,vote,6,10
1,vote,7,3
1,vote,8,5
1,vote,9,8
1,vote,10,8
1,vote,11,10
1,vote,12,4
1,vote,13,10
1,vote,14,8
1,vote,15,4
1,execute,8,SEER
1,whisper,0,0,5,Skip
1,whisper,1,0,4,BECAUSE (AND (NOT (COMINGOUT Agent[10] WEREWOLF)) (NOT (COMINGOUT Agent[08] WEREWOLF)) (DAY 1 (Agent[10] DIVINED Agent[08] WEREWOLF))) (ESTIMATE Agent[10] POSSESSED)
1,whisper,2,0,3,ATTACK Agent[01]
1,whisper,3,1,4,BECAUSE (Agent[13] COMINGOUT Agent[13] VILLAGER) (ATTACK Agent[13])
1,whisper,4,1,5,Skip
1,whisper,5,1,3,Skip
1,whisper,6,2,5,Over
1,whisper,7,2,4,ATTACK Agent[13]
1,whisper,8,2,3,Skip
1,whisper,9,3,3,Over
1,whisper,10,3,4,Skip
1,whisper,11,3,5,Over
1,whisper,12,4,4,Skip
1,whisper,13,4,3,Over
1,whisper,14,4,5,Over
1,whisper,15,5,3,Over
1,whisper,16,5,4,Over
1,whisper,17,5,5,Over
1,guard,2,5,WEREWOLF
1,attackVote,3,1
1,attackVote,4,13
1,attackVote,5,11
1,attackVote,3,1
1,attackVote,4,13
1,attackVote,5,11
1,attack,11,true
2,status,1,VILLAGER,ALIVE,OKAMI
2,status,2,BODYGUARD,ALIVE,Takeda8
2,status,3,WEREWOLF,ALIVE,sample_py
2,status,4,WEREWOLF,ALIVE,SampleJava13
2,status,5,WEREWOLF,ALIVE,Takeda4
2,status,6,VILLAGER,ALIVE,OKAMI
2,status,7,MEDIUM,ALIVE,sample_py
2,status,8,SEER,DEAD,SampleJava12
2,status,9,VILLAGER,ALIVE,sample_py
2,status,10,POSSESSED,ALIVE,OKAMI
2,status,11,VILLAGER,DEAD,HALU
2,status,12,VILLAGER,ALIVE,Takeda2
2,status,13,VILLAGER,ALIVE,OKAMI
2,status,14,VILLAGER,ALIVE,sample_py
2,status,15,VILLAGER,ALIVE,TOKU10
2,talk,0,0,9,VOTE Agent[10]
2,talk,1,0,2,VOTE Agent[04]
2,talk,2,0,13,VOTE Agent[10]
2,talk,3,0,12,VOTE Agent[04]
2,talk,4,0,5,DIVINED Agent[04] HUMAN
2,talk,5,0,15,VOTE Agent[04]
2,talk,6,0,7,VOTE Agent[03]
2,talk,7,0,6,VOTE Agent[10]
2,talk,8,0,10,DIVINED Agent[12] WEREWOLF
2,talk,9,0,1,VOTE Agent[10]
2,talk,10,0,3,IDENTIFIED Agent[08] HUMAN
2,talk,11,0,14,VOTE Agent[10]
2,talk,12,0,4,DAY 2 (DIVINED Agent[13] WEREWOLF)
2,talk,13,1,3,VOTE Agent[02]
2,talk,14,1,6,COMINGOUT Agent[06] VILLAGER
2,talk,15,1,2,VOTE Agent[03]
2,talk,16,1,1,COMINGOUT Agent[01] VILLAGER
2,talk,17,1,12,Skip
2,talk,18,1,5,VOTE Agent[15]
2,talk,19,1,9,Skip
2,talk,20,1,14,Skip
2,talk,21,1,15,Skip
2,talk,22,1,7,Skip
2,talk,23,1,13,COMINGOUT Agent[13] VILLAGER
2,talk,24,1,10,VOTE Agent[12]
2,talk,25,1,4,DIVINED Agent[13] WEREWOLF
2,talk,26,2,5,Skip
2,talk,27,2,12,Skip
2,talk,28,2,6,VOTE Agent[04]
2,talk,29,2,2,Skip
2,talk,30,2,14,Skip
2,talk,31,2,4,BECAUSE (DAY 2 (DIVINED Agent[13] WEREWOLF)) (AND (VOTE Agent[13]) (REQUEST ANY (VOTE Agent[13])))
2,talk,32,2,13,VOTE Agent[10]
2,talk,33,2,15,Skip
2,talk,34,2,7,Skip
2,talk,35,2,9,Skip
2,talk,36,2,3,Skip
2,talk,37,2,1,VOTE Agent[10]
2,talk,38,2,10,VOTE Agent[12]
2,talk,39,3,10,VOTE Agent[12]
2,talk,40,3,4,VOTE Agent[13]
2,talk,41,3,15,Over
2,talk,42,3,6,VOTE Agent[04]
2,talk,43,3,5,Skip
2,talk,44,3,9,Over
2,talk,45,3,7,Over
2,talk,46,3,14,Over
2,talk,47,3,3,Skip
2,talk,48,3,12,Over
2,talk,49,3,1,VOTE Agent[10]
2,talk,50,3,2,Skip
2,talk,51,3,13,VOTE Agent[10]
2,talk,52,4,1,VOTE Agent[10]
2,talk,53,4,3,Over
2,talk,54,4,4,REQUEST ANY (VOTE Agent[13])
2,talk,55,4,6,VOTE Agent[04]
2,talk,56,4,2,Over
2,talk,57,4,14,Over
2,talk,58,4,15,Over
2,talk,59,4,13,VOTE Agent[04]
2,talk,60,4,10,VOTE Agent[04]
2,talk,61,4,9,Over
2,talk,62,4,12,Over
2,talk,63,4,7,Over
2,talk,64,4,5,Over
2,talk,65,5,6,VOTE Agent[10]
2,talk,66,5,7,Over
2,talk,67,5,1,VOTE Agent[10]
2,talk,68,5,10,VOTE Agent[12]
2,talk,69,5,13,VOTE Agent[04]
2,talk,70,5,14,Over
2,talk,71,5,5,Over
2,talk,72,5,2,Over
2,talk,73,5,9,Over
2,talk,74,5,4,Skip
2,talk,75,5,3,Over
2,talk,76,5,12,Over
2,talk,77,5,15,Over
2,talk,78,6,1,VOTE Agent[10]
2,talk,79,6,6,VOTE Agent[04]
2,talk,80,6,4,Skip
2,talk,81,6,7,Over
2,talk,82,6,10,VOTE Agent[04]
2,talk,83,6,3,Over
2,talk,84,6,12,Over
2,talk,85,6,15,Over
2,talk,86,6,2,Over
2,talk,87,6,13,VOTE Agent[10]
2,talk,88,6,14,Over
2,talk,89,6,9,Over
2,talk,90,6,5,VOTE Agent[10]
2,talk,91,7,12,Over
2,talk,92,7,4,Over
2,talk,93,7,1,VOTE Agent[10]
2,talk,94,7,7,Over
2,talk,95,7,10,VOTE Agent[12]
2,talk,96,7,13,VOTE Agent[04]
2,talk,97,7,14,Over
2,talk,98,7,6,VOTE Agent[04]
2,talk,99,7,9,Over
2,talk,100,7,3,Over
2,talk,101,7,5,Skip
2,talk,102,7,15,Over
2,talk,103,7,2,Over
2,talk,104,8,6,VOTE Agent[04]
2,talk,105,8,1,VOTE Agent[10]
2,talk,106,8,12,Over
2,talk,107,8,15,Over
2,talk,108,8,7,Over
2,talk,109,8,3,Over
2,talk,110,8,5,Skip
2,talk,111,8,10,VOTE Agent[04]
2,talk,112,8,2,Over
2,talk,113,8,4,Over
2,talk,114,8,13,VOTE Agent[04]
2,talk,115,8,9,Over
2,talk,116,8,14,Over
2,talk,117,9,3,Over
2,talk,118,9,9,Over
2,talk,119,9,12,Over
2,talk,120,9,6,Over
2,talk,121,9,1,Over
2,talk,122,9,13,Over
2,talk,123,9,14,Over
2,talk,124,9,4,Over
2,talk,125,9,5,Over
2,talk,126,9,2,Over
2,talk,127,9,10,Over
2,talk,128,9,15,VOTE Agent[03]
2,talk,129,9,7,Over
2,talk,130,10,4,Over
2,talk,131,10,3,Over
2,talk,132,10,13,Over
2,talk,133,10,1,Over
2,talk,134,10,5,Over
2,talk,135,10,15,Skip
2,talk,136,10,6,Over
2,talk,137,10,10,Over
2,talk,138,10,9,Over
2,talk,139,10,12,Over
2,talk,140,10,14,Over
2,talk,141,10,7,Over
2,talk,142,10,2,Over
2,talk,143,11,9,Over
2,talk,144,11,10,Over
2,talk,145,11,6,Over
2,talk,146,11,15,Skip
2,talk,147,11,12,Over
2,talk,148,11,14,Over
2,talk,149,11,7,Over
2,talk,150,11,2,Over
2,talk,151,11,13,Over
2,talk,152,11,3,Over
2,talk,153,11,1,Over
2,talk,154,11,4,Over
2,talk,155,11,5,Over
2,talk,156,12,4,Over
2,talk,157,12,1,Over
2,talk,158,12,2,Over
2,talk,159,12,6,Over
2,talk,160,12,14,Over
2,talk,161,12,15,Over
2,talk,162,12,12,VOTE Agent[03]
2,talk,163,12,3,Over
2,talk,164,12,13,Over
2,talk,165,12,5,Over
2,talk,166,12,9,Over
2,talk,167,12,10,Over
2,talk,168,12,7,Over
2,talk,169,13,15,Over
2,talk,170,13,7,Over
2,talk,171,13,5,Over
2,talk,172,13,14,Over
2,talk,173,13,3,Over
2,talk,174,13,2,Over
2,talk,175,13,13,Over
2,talk,176,13,4,Over
2,talk,177,13,6,Over
2,talk,178,13,12,Skip
2,talk,179,13,9,Over
2,talk,180,13,1,Over
2,talk,181,13,10,Over
2,talk,182,14,14,Over
2,talk,183,14,1,Over
2,talk,184,14,15,Over
2,talk,185,14,9,Over
2,talk,186,14,7,Over
2,talk,187,14,12,Skip
2,talk,188,14,4,Over
2,talk,189,14,6,Over
2,talk,190,14,5,Over
2,talk,191,14,10,Over
2,talk,192,14,13,Over
2,talk,193,14,2,Over
2,talk,194,14,3,Over
2,talk,195,15,4,Over
2,talk,196,15,1,Over
2,talk,197,15,3,Over
2,talk,198,15,6,Over
2,talk,199,15,10,Over
2,talk,200,15,13,Over
2,talk,201,15,14,Over
2,talk,202,15,7,Over
2,talk,203,15,9,Over
2,talk,204,15,12,Over
2,talk,205,15,15,Over
2,talk,206,15,2,Over
2,talk,207,15,5,Over
2,vote,1,10
2,vote,2,3
2,vote,3,2
2,vote,4,13
2,vote,5,10
2,vote,6,4
2,vote,7,3
2,vote,9,10
2,vote,10,3
2,vote,12,3
2,vote,13,4
2,vote,14,10
2,vote,15,3
2,execute,3,WEREWOLF
2,whisper,0,0,5,Skip
2,whisper,1,0,4,BECAUSE (Agent[13] COMINGOUT Agent[13] VILLAGER) (ATTACK Agent[13])
2,whisper,2,1,4,ATTACK Agent[13]
2,whisper,3,1,5,Skip
2,whisper,4,2,5,Over
2,whisper,5,2,4,Skip
2,whisper,6,3,5,Over
2,whisper,7,3,4,Skip
2,whisper,8,4,5,Over
2,whisper,9,4,4,Over
2,guard,2,13,VILLAGER
2,attackVote,4,13
2,attackVote,5,14
2,attackVote,4,13
2,attackVote,5,14
2,attack,13,false
3,status,1,VILLAGER,ALIVE,OKAMI
3,status,2,BODYGUARD,ALIVE,Takeda8
3,status,3,WEREWOLF,DEAD,sample_py
3,status,4,WEREWOLF,ALIVE,SampleJava13
3,status,5,WEREWOLF,ALIVE,Takeda4
3,status,6,VILLAGER,ALIVE,OKAMI
3,status,7,MEDIUM,ALIVE,sample_py
3,status,8,SEER,DEAD,SampleJava12
3,status,9,VILLAGER,ALIVE,sample_py
3,status,10,POSSESSED,ALIVE,OKAMI
3,status,11,VILLAGER,DEAD,HALU
3,status,12,VILLAGER,ALIVE,Takeda2
3,status,13,VILLAGER,ALIVE,OKAMI
3,status,14,VILLAGER,ALIVE,sample_py
3,status,15,VILLAGER,ALIVE,TOKU10
3,talk,0,0,10,DIVINED Agent[04] HUMAN
3,talk,1,0,12,VOTE Agent[04]
3,talk,2,0,14,VOTE Agent[12]
3,talk,3,0,6,VOTE Agent[04]
3,talk,4,0,4,DAY 3 (DIVINED Agent[12] WEREWOLF)
3,talk,5,0,15,VOTE Agent[04]
3,talk,6,0,7,COMINGOUT Agent[07] MEDIUM
3,talk,7,0,1,VOTE Agent[04]
3,talk,8,0,5,DIVINED Agent[10] WEREWOLF
3,talk,9,0,9,VOTE Agent[10]
3,talk,10,0,2,VOTE Agent[05]
3,talk,11,0,13,VOTE Agent[05]
3,talk,12,1,6,COMINGOUT Agent[06] VILLAGER
3,talk,13,1,2,Skip
3,talk,14,1,5,VOTE Agent[10]
3,talk,15,1,12,Skip
3,talk,16,1,14,Skip
3,talk,17,1,9,Skip
3,talk,18,1,10,VOTE Agent[04]
3,talk,19,1,13,COMINGOUT Agent[13] VILLAGER
3,talk,20,1,1,COMINGOUT Agent[01] VILLAGER
3,talk,21,1,4,DIVINED Agent[12] WEREWOLF
3,talk,22,1,15,Skip
3,talk,23,1,7,IDENTIFIED Agent[08] HUMAN
3,talk,24,2,6,VOTE Agent[10]
3,talk,25,2,9,Skip
3,talk,26,2,14,Skip
3,talk,27,2,5,Skip
3,talk,28,2,13,VOTE Agent[10]
3,talk,29,2,10,VOTE Agent[12]
3,talk,30,2,7,IDENTIFIED Agent[03] WEREWOLF
3,talk,31,2,4,BECAUSE (DAY 2 (DIVINED Agent[13] WEREWOLF)) (AND (VOTE Agent[13]) (REQUEST ANY (VOTE Agent[13])))
3,talk,32,2,2,VOTE Agent[04]
3,talk,33,2,15,Skip
3,talk,34,2,12,Skip
3,talk,35,2,1,VOTE Agent[04]
3,talk,36,3,12,Over
3,talk,37,3,5,Skip
3,talk,38,3,13,VOTE Agent[10]
3,talk,39,3,9,Over
3,talk,40,3,4,VOTE Agent[13]
3,talk,41,3,2,Skip
3,talk,42,3,14,Over
3,talk,43,3,15,Over
3,talk,44,3,1,VOTE Agent[04]
3,talk,45,3,6,VOTE Agent[10]
3,talk,46,3,7,VOTE Agent[10]
3,talk,47,3,10,VOTE Agent[12]
3,talk,48,4,14,Over
3,talk,49,4,1,VOTE Agent[04]
3,talk,50,4,5,Over
3,talk,51,4,4,REQUEST ANY (VOTE Agent[13])
3,talk,52,4,2,Skip
3,talk,53,4,12,Over
3,talk,54,4,7,Skip
3,talk,55,4,15,Over
3,talk,56,4,9,Over
3,talk,57,4,6,VOTE Agent[04]
3,talk,58,4,13,VOTE Agent[10]
3,talk,59,4,10,VOTE Agent[04]
3,talk,60,5,12,Over
3,talk,61,5,2,Over
3,talk,62,5,4,Skip
3,talk,63,5,9,Over
3,talk,64,5,15,Over
3,talk,65,5,5,VOTE Agent[04]
3,talk,66,5,14,Over
3,talk,67,5,1,VOTE Agent[10]
3,talk,68,5,13,VOTE Agent[10]
3,talk,69,5,10,VOTE Agent[04]
3,talk,70,5,6,VOTE Agent[10]
3,talk,71,5,7,Skip
3,talk,72,6,12,Over
3,talk,73,6,7,Over
3,talk,74,6,4,Skip
3,talk,75,6,10,VOTE Agent[12]
3,talk,76,6,6,VOTE Agent[10]
3,talk,77,6,2,Over
3,talk,78,6,1,VOTE Agent[10]
3,talk,79,6,9,Over
3,talk,80,6,5,VOTE Agent[10]
3,talk,81,6,14,Over
3,talk,82,6,15,Over
3,talk,83,6,13,VOTE Agent[04]
3,talk,84,7,7,Over
3,talk,85,7,5,Skip
3,talk,86,7,14,Over
3,talk,87,7,9,Over
3,talk,88,7,2,Over
3,talk,89,7,10,VOTE Agent[12]
3,talk,90,7,12,Over
3,talk,91,7,6,VOTE Agent[10]
3,talk,92,7,13,VOTE Agent[04]
3,talk,93,7,4,Over
3,talk,94,7,1,VOTE Agent[04]
3,talk,95,7,15,Over
3,talk,96,8,6,VOTE Agent[10]
3,talk,97,8,2,Over
3,talk,98,8,12,Over
3,talk,99,8,10,VOTE Agent[04]
3,talk,100,8,9,Over
3,talk,101,8,14,Over
3,talk,102,8,4,Over
3,talk,103,8,15,Over
3,talk,104,8,5,VOTE Agent[04]
3,talk,105,8,13,VOTE Agent[10]
3,talk,106,8,7,Over
3,talk,107,8,1,VOTE Agent[10]
3,talk,108,9,9,Over
3,talk,109,9,4,Over
3,talk,110,9,2,Over
3,talk,111,9,12,Over
3,talk,112,9,14,Over
3,talk,113,9,5,VOTE Agent[10]
3,talk,114,9,10,Over
3,talk,115,9,6,Over
3,talk,116,9,7,Over
3,talk,117,9,13,Over
3,talk,118,9,15,Over
3,talk,119,9,1,Over
3,talk,120,10,7,Over
3,talk,121,10,13,Over
3,talk,122,10,10,Over
3,talk,123,10,14,Over
3,talk,124,10,1,Over
3,talk,125,10,6,Over
3,talk,126,10,4,Over
3,talk,127,10,12,Over
3,talk,128,10,2,Over
3,talk,129,10,15,Over
3,talk,130,10,5,Skip
3,talk,131,10,9,Over
3,talk,132,11,5,Skip
3,talk,133,11,2,Over
3,talk,134,11,13,Over
3,talk,135,11,12,Over
3,talk,136,11,7,Over
3,talk,137,11,6,Over
3,talk,138,11,14,Over
3,talk,139,11,15,Over
3,talk,140,11,9,Over
3,talk,141,11,1,Over
3,talk,142,11,4,Over
3,talk,143,11,10,Over
3,talk,144,12,1,Over
3,talk,145,12,5,Over
3,talk,146,12,10,Over
3,talk,147,12,12,Over
3,talk,148,12,14,Over
3,talk,149,12,7,Over
3,talk,150,12,6,Over
3,talk,151,12,2,Over
3,talk,152,12,15,Over
3,talk,153,12,13,Over
3,talk,154,12,9,Over
3,talk,155,12,4,Over
3,vote,1,4
3,vote,2,10
3,vote,4,13
3,vote,5,10
3,vote,6,4
3,vote,7,10
3,vote,9,10
3,vote,10,12
3,vote,12,10
3,vote,13,4
3,vote,14,12
3,vote,15,10
3,execute,10,POSSESSED
3,whisper,0,0,4,ATTACK Agent[07]
3,whisper,1,0,5,Skip
3,whisper,2,1,5,Skip
3,whisper,3,1,4,Skip
3,whisper,4,2,4,Skip
3,whisper,5,2,5,Over
3,whisper,6,3,4,Over
3,whisper,7,3,5,Over
3,guard,2,13,VILLAGER
3,attackVote,4,7
3,attackVote,5,14
3,attackVote,4,7
3,attackVote,5,14
3,attack,7,true
4,status,1,VILLAGER,ALIVE,OKAMI
4,status,2,BODYGUARD,ALIVE,Takeda8
4,status,3,WEREWOLF,DEAD,sample_py
4,status,4,WEREWOLF,ALIVE,SampleJava13
4,status,5,WEREWOLF,ALIVE,Takeda4
4,status,6,VILLAGER,ALIVE,OKAMI
4,status,7,MEDIUM,DEAD,sample_py
4,status,8,SEER,DEAD,SampleJava12
4,status,9,VILLAGER,ALIVE,sample_py
4,status,10,POSSESSED,DEAD,OKAMI
4,status,11,VILLAGER,DEAD,HALU
4,status,12,VILLAGER,ALIVE,Takeda2
4,status,13,VILLAGER,ALIVE,OKAMI
4,status,14,VILLAGER,ALIVE,sample_py
4,status,15,VILLAGER,ALIVE,TOKU10
4,talk,0,0,5,DIVINED Agent[02] WEREWOLF
4,talk,1,0,4,DAY 4 (DIVINED Agent[01] HUMAN)
4,talk,2,0,13,VOTE Agent[04]
4,talk,3,0,6,VOTE Agent[04]
4,talk,4,0,1,VOTE Agent[04]
4,talk,5,0,2,VOTE Agent[04]
4,talk,6,0,14,VOTE Agent[02]
4,talk,7,0,15,VOTE Agent[04]
4,talk,8,0,12,VOTE Agent[04]
4,talk,9,0,9,VOTE Agent[02]
4,talk,10,1,4,DIVINED Agent[01] HUMAN
4,talk,11,1,14,Skip
4,talk,12,1,6,COMINGOUT Agent[06] VILLAGER
4,talk,13,1,13,COMINGOUT Agent[13] VILLAGER
4,talk,14,1,15,Skip
4,talk,15,1,1,COMINGOUT Agent[01] VILLAGER
4,talk,16,1,5,VOTE Agent[04]
4,talk,17,1,9,Skip
4,talk,18,1,12,Skip
4,talk,19,1,2,Skip
4,talk,20,2,14,Skip
4,talk,21,2,4,BECAUSE (DAY 3 (DIVINED Agent[12] WEREWOLF)) (AND (VOTE Agent[12]) (REQUEST ANY (VOTE Agent[12])))
4,talk,22,2,9,Skip
4,talk,23,2,1,VOTE Agent[04]
4,talk,24,2,12,Skip
4,talk,25,2,5,Skip
4,talk,26,2,6,VOTE Agent[04]
4,talk,27,2,13,VOTE Agent[04]
4,talk,28,2,2,Skip
4,talk,29,2,15,Skip
4,talk,30,3,1,VOTE Agent[04]
4,talk,31,3,13,VOTE Agent[04]
4,talk,32,3,14,Over
4,talk,33,3,4,VOTE Agent[12]
4,talk,34,3,6,VOTE Agent[04]
4,talk,35,3,5,Skip
4,talk,36,3,9,Over
4,talk,37,3,15,Over
4,talk,38,3,12,Over
4,talk,39,3,2,Over
4,talk,40,4,6,VOTE Agent[04]
4,talk,41,4,14,Over
4,talk,42,4,12,Over
4,talk,43,4,2,Over
4,talk,44,4,15,Over
4,talk,45,4,9,Over
4,talk,46,4,1,VOTE Agent[04]
4,talk,47,4,4,REQUEST ANY (VOTE Agent[12])
4,talk,48,4,5,Over
4,talk,49,4,13,VOTE Agent[04]
4,talk,50,5,13,VOTE Agent[04]
4,talk,51,5,9,Over
4,talk,52,5,15,Over
4,talk,53,5,1,VOTE Agent[04]
4,talk,54,5,14,Over
4,talk,55,5,4,Skip
4,talk,56,5,12,Over
4,talk,57,5,2,Over
4,talk,58,5,6,VOTE Agent[04]
4,talk,59,5,5,Over
4,talk,60,6,12,Over
4,talk,61,6,9,Over
4,talk,62,6,2,Over
4,talk,63,6,14,Over
4,talk,64,6,4,Skip
4,talk,65,6,5,Over
4,talk,66,6,13,VOTE Agent[04]
4,talk,67,6,1,VOTE Agent[04]
4,talk,68,6,15,Over
4,talk,69,6,6,VOTE Agent[04]
4,talk,70,7,13,VOTE Agent[04]
4,talk,71,7,14,Over
4,talk,72,7,6,VOTE Agent[04]
4,talk,73,7,9,Over
4,talk,74,7,12,Over
4,talk,75,7,2,Over
4,talk,76,7,15,Over
4,talk,77,7,4,Over
4,talk,78,7,5,Over
4,talk,79,7,1,VOTE Agent[04]
4,talk,80,8,5,Over
4,talk,81,8,12,Over
4,talk,82,8,13,VOTE Agent[04]
4,talk,83,8,2,Over
4,talk,84,8,14,Over
4,talk,85,8,15,Over
4,talk,86,8,1,VOTE Agent[04]
4,talk,87,8,9,Over
4,talk,88,8,4,Over
4,talk,89,8,6,VOTE Agent[04]
4,talk,90,9,12,Over
4,talk,91,9,9,Over
4,talk,92,9,6,Over
4,talk,93,9,2,Over
4,talk,94,9,1,Over
4,talk,95,9,5,Over
4,talk,96,9,15,Over
4,talk,97,9,13,Over
4,talk,98,9,14,Over
4,talk,99,9,4,Over
4,vote,1,4
4,vote,2,4
4,vote,4,12
4,vote,5,4
4,vote,6,4
4,vote,9,2
4,vote,12,4
4,vote,13,4
4,vote,14,2
4,vote,15,4
4,execute,4,WEREWOLF
4,guard,2,13,VILLAGER
4,attackVote,5,14
4,attack,14,true
5,status,1,VILLAGER,ALIVE,OKAMI
5,status,2,BODYGUARD,ALIVE,Takeda8
5,status,3,WEREWOLF,DEAD,sample_py
5,status,4,WEREWOLF,DEAD,SampleJava13
5,status,5,WEREWOLF,ALIVE,Takeda4
5,status,6,VILLAGER,ALIVE,OKAMI
5,status,7,MEDIUM,DEAD,sample_py
5,status,8,SEER,DEAD,SampleJava12
5,status,9,VILLAGER,ALIVE,sample_py
5,status,10,POSSESSED,DEAD,OKAMI
5,status,11,VILLAGER,DEAD,HALU
5,status,12,VILLAGER,ALIVE,Takeda2
5,status,13,VILLAGER,ALIVE,OKAMI
5,status,14,VILLAGER,DEAD,sample_py
5,status,15,VILLAGER,ALIVE,TOKU10
5,talk,0,0,2,VOTE Agent[05]
5,talk,1,0,1,VOTE Agent[05]
5,talk,2,0,6,VOTE Agent[05]
5,talk,3,0,9,VOTE Agent[13]
5,talk,4,0,15,VOTE Agent[02]
5,talk,5,0,12,VOTE Agent[02]
5,talk,6,0,13,VOTE Agent[05]
5,talk,7,0,5,DIVINED Agent[15] WEREWOLF
5,talk,8,1,2,Skip
5,talk,9,1,5,VOTE Agent[02]
5,talk,10,1,1,COMINGOUT Agent[01] VILLAGER
5,talk,11,1,12,Skip
5,talk,12,1,13,COMINGOUT Agent[13] VILLAGER
5,talk,13,1,15,Skip
5,talk,14,1,6,COMINGOUT Agent[06] VILLAGER
5,talk,15,1,9,Skip
5,talk,16,2,2,Skip
5,talk,17,2,12,Skip
5,talk,18,2,1,VOTE Agent[05]
5,talk,19,2,13,VOTE Agent[05]
5,talk,20,2,15,Skip
5,talk,21,2,6,VOTE Agent[05]
5,talk,22,2,9,Skip
5,talk,23,2,5,VOTE Agent[02]
5,talk,24,3,5,VOTE Agent[02]
5,talk,25,3,6,VOTE Agent[05]
5,talk,26,3,2,Over
5,talk,27,3,15,Over
5,talk,28,3,9,Over
5,talk,29,3,12,Over
5,talk,30,3,13,VOTE Agent[05]
5,talk,31,3,1,VOTE Agent[05]
5,talk,32,4,15,Over
5,talk,33,4,9,Over
5,talk,34,4,6,VOTE Agent[05]
5,talk,35,4,13,VOTE Agent[05]
5,talk,36,4,1,VOTE Agent[05]
5,talk,37,4,12,Over
5,talk,38,4,2,Over
5,talk,39,4,5,VOTE Agent[02]
5,talk,40,5,2,Over
5,talk,41,5,6,VOTE Agent[05]
5,talk,42,5,13,VOTE Agent[05]
5,talk,43,5,12,Over
5,talk,44,5,9,Over
5,talk,45,5,1,VOTE Agent[05]
5,talk,46,5,5,VOTE Agent[02]
5,talk,47,5,15,Over
5,talk,48,6,13,VOTE Agent[05]
5,talk,49,6,2,Over
5,talk,50,6,12,Over
5,talk,51,6,1,VOTE Agent[05]
5,talk,52,6,15,Over
5,talk,53,6,5,VOTE Agent[02]
5,talk,54,6,6,VOTE Agent[05]
5,talk,55,6,9,Over
5,talk,56,7,2,Over
5,talk,57,7,6,VOTE Agent[05]
5,talk,58,7,5,VOTE Agent[02]
5,talk,59,7,15,Over
5,talk,60,7,12,Over
5,talk,61,7,9,Over
5,talk,62,7,1,VOTE Agent[05]
5,talk,63,7,13,VOTE Agent[05]
5,talk,64,8,6,VOTE Agent[05]
5,talk,65,8,1,VOTE Agent[05]
5,talk,66,8,15,Over
5,talk,67,8,5,VOTE Agent[02]
5,talk,68,8,2,Over
5,talk,69,8,12,Over
5,talk,70,8,9,Over
5,talk,71,8,13,VOTE Agent[05]
5,talk,72,9,1,Over
5,talk,73,9,6,Over
5,talk,74,9,5,VOTE Agent[02]
5,talk,75,9,2,Over
5,talk,76,9,9,Over
5,talk,77,9,13,Over
5,talk,78,9,12,Over
5,talk,79,9,15,Over
5,talk,80,10,6,Over
5,talk,81,10,2,Over
5,talk,82,10,5,Over
5,talk,83,10,9,Over
5,talk,84,10,12,Over
5,talk,85,10,1,Over
5,talk,86,10,15,Over
5,talk,87,10,13,Over
5,vote,1,5
5,vote,2,5
5,vote,5,2
5,vote,6,5
5,vote,9,13
5,vote,12,5
5,vote,13,5
5,vote,15,5
5,execute,5,WEREWOLF
5,guard,2,13,VILLAGER
6,status,1,VILLAGER,ALIVE,OKAMI
6,status,2,BODYGUARD,ALIVE,Takeda8
6,status,3,WEREWOLF,DEAD,sample_py
6,status,4,WEREWOLF,DEAD,SampleJava13
6,status,5,WEREWOLF,DEAD,Takeda4
6,status,6,VILLAGER,ALIVE,OKAMI
6,status,7,MEDIUM,DEAD,sample_py
6,status,8,SEER,DEAD,SampleJava12
6,status,9,VILLAGER,ALIVE,sample_py
6,status,10,POSSESSED,DEAD,OKAMI
6,status,11,VILLAGER,DEAD,HALU
6,status,12,VILLAGER,ALIVE,Takeda2
6,status,13,VILLAGER,ALIVE,OKAMI
6,status,14,VILLAGER,DEAD,sample_py
6,status,15,VILLAGER,ALIVE,TOKU10
6,result,7,0,VILLAGER
