0,status,1,VILLAGER,ALIVE,OKAMI
0,status,2,MEDIUM,ALIVE,sample_py
0,status,3,VILLAGER,ALIVE,Takeda8
0,status,4,POSSESSED,ALIVE,Takeda1
0,status,5,VILLAGER,ALIVE,TOKU11
0,status,6,VILLAGER,ALIVE,Takeda10
0,status,7,WEREWOLF,ALIVE,Tomato0
0,status,8,VILLAGER,ALIVE,OKAMI
0,status,9,VILLAGER,ALIVE,Takeda7
0,status,10,WEREWOLF,ALIVE,Takeda13
0,status,11,BODYGUARD,ALIVE,sample_py
0,status,12,SEER,ALIVE,sample_py
0,status,13,VILLAGER,ALIVE,TOKU9
0,status,14,VILLAGER,ALIVE,TOKU6
0,status,15,WEREWOLF,ALIVE,SampleJava5
0,whisper,0,0,10,Skip
0,whisper,1,0,15,COMINGOUT Agent[15] VILLAGER
0,whisper,2,0,7,COMINGOUT Agent[07] SEER
0,whisper,3,1,10,Skip
0,whisper,4,1,7,Skip
0,whisper,5,1,15,Skip
0,whisper,6,2,15,Skip
0,whisper,7,2,10,Over
0,whisper,8,2,7,Skip
0,whisper,9,3,7,Over
0,whisper,10,3,10,Over
0,whisper,11,3,15,Over
0,divine,12,2,HUMAN
1,status,1,VILLAGER,ALIVE,OKAMI
1,status,2,MEDIUM,ALIVE,sample_py
1,status,3,VILLAGER,ALIVE,Takeda8
1,status,4,POSSESSED,ALIVE,Takeda1
1,status,5,VILLAGER,ALIVE,TOKU11
1,status,6,VILLAGER,ALIVE,Takeda10
1,status,7,WEREWOLF,ALIVE,Tomato0
1,status,8,VILLAGER,ALIVE,OKAMI
1,status,9,VILLAGER,ALIVE,Takeda7
1,status,10,WEREWOLF,ALIVE,Takeda13
1,status,11,BODYGUARD,ALIVE,sample_py
1,status,12,SEER,ALIVE,sample_py
1,status,13,VILLAGER,ALIVE,TOKU9
1,status,14,VILLAGER,ALIVE,TOKU6
1,status,15,WEREWOLF,ALIVE,SampleJava5
1,talk,0,0,3,VOTE Agent[08]
1,talk,1,0,13,VOTE Agent[08]
1,talk,2,0,11,VOTE Agent[07]
1,talk,3,0,1,VOTE Agent[07]
1,talk,4,0,14,VOTE Agent[07]
1,talk,5,0,4,COMINGOUT Agent[04] SEER
1,talk,6,0,15,VOTE Agent[10]
1,talk,7,0,8,VOTE Agent[10]
1,talk,8,0,10,VOTE Agent[07]
1,talk,9,0,6,VOTE Agent[07]
1,talk,10,0,7,COMINGOUT Agent[07] SEER
1,talk,11,0,5,VOTE Agent[07]
1,talk,12,0,9,VOTE Agent[07]
1,talk,13,0,12,VOTE Agent[04]
1,talk,14,0,2,VOTE Agent[01]
1,talk,15,1,10,VOTE Agent[08]
1,talk,16,1,3,VOTE Agent[05]
1,talk,17,1,9,Skip
1,talk,18,1,2,Skip
1,talk,19,1,5,VOTE Agent[08]
1,talk,20,1,7,DIVINED Agent[14] HUMAN
1,talk,21,1,6,VOTE Agent[03]
1,talk,22,1,13,VOTE Agent[05]
1,talk,23,1,11,Skip
1,talk,24,1,4,DIVINED Agent[12] WEREWOLF
1,talk,25,1,1,COMINGOUT Agent[01] VILLAGER
1,talk,26,1,8,COMINGOUT Agent[08] VILLAGER
1,talk,27,1,12,Skip
1,talk,28,1,15,REQUEST ANY (VOTE Agent[10])
1,talk,29,1,14,VOTE Agent[09]
1,talk,30,2,7,VOTE Agent[08]
1,talk,31,2,11,VOTE Agent[12]
1,talk,32,2,10,VOTE Agent[05]
1,talk,33,2,3,VOTE Agent[14]
1,talk,34,2,8,VOTE Agent[01]
1,talk,35,2,1,VOTE Agent[08]
1,talk,36,2,14,VOTE Agent[05]
1,talk,37,2,15,Skip
1,talk,38,2,12,Skip
1,talk,39,2,9,VOTE Agent[06]
1,talk,40,2,6,Skip
1,talk,41,2,4,VOTE Agent[12]
1,talk,42,2,2,VOTE Agent[12]
1,talk,43,2,13,Skip
1,talk,44,2,5,VOTE Agent[13]
1,talk,45,3,6,Skip
1,talk,46,3,3,VOTE Agent[13]
1,talk,47,3,12,Over
1,talk,48,3,2,Skip
1,talk,49,3,10,VOTE Agent[06]
1,talk,50,3,1,VOTE Agent[08]
1,talk,51,3,7,VOTE Agent[12]
1,talk,52,3,5,VOTE Agent[03]
1,talk,53,3,14,VOTE Agent[13]
1,talk,54,3,13,VOTE Agent[03]
1,talk,55,3,11,Skip
1,talk,56,3,8,VOTE Agent[01]
1,talk,57,3,9,VOTE Agent[03]
1,talk,58,3,15,Skip
1,talk,59,3,4,Skip
1,talk,60,4,3,Skip
1,talk,61,4,7,VOTE Agent[03]
1,talk,62,4,4,Skip
1,talk,63,4,14,Skip
1,talk,64,4,13,Skip
1,talk,65,4,1,VOTE Agent[08]
1,talk,66,4,15,Over
1,talk,67,4,9,Skip
1,talk,68,4,12,Over
1,talk,69,4,2,Skip
1,talk,70,4,11,Skip
1,talk,71,4,8,VOTE Agent[01]
1,talk,72,4,10,VOTE Agent[13]
1,talk,73,4,6,Over
1,talk,74,4,5,Skip
1,talk,75,5,11,Over
1,talk,76,5,14,Skip
1,talk,77,5,12,Over
1,talk,78,5,2,Over
1,talk,79,5,1,VOTE Agent[08]
1,talk,80,5,8,VOTE Agent[01]
1,talk,81,5,13,Skip
1,talk,82,5,10,VOTE Agent[03]
1,talk,83,5,5,Skip
1,talk,84,5,6,VOTE Agent[13]
1,talk,85,5,4,Over
1,talk,86,5,7,Skip
1,talk,87,5,15,Over
1,talk,88,5,9,VOTE Agent[13]
1,talk,89,5,3,Skip
1,talk,90,6,6,Skip
1,talk,91,6,12,Over
1,talk,92,6,11,Over
1,talk,93,6,15,Over
1,talk,94,6,10,VOTE Agent[13]
1,talk,95,6,5,VOTE Agent[13]
1,talk,96,6,14,Over
1,talk,97,6,13,Over
1,talk,98,6,9,Skip
1,talk,99,6,1,VOTE Agent[08]
1,talk,100,6,4,Over
1,talk,101,6,2,Over
1,talk,102,6,3,Over
1,talk,103,6,7,VOTE Agent[13]
1,talk,104,6,8,VOTE Agent[01]
1,talk,105,7,4,Over
1,talk,106,7,7,Skip
1,talk,107,7,8,VOTE Agent[01]
1,talk,108,7,13,Over
1,talk,109,7,1,VOTE Agent[08]
1,talk,110,7,12,Over
1,talk,111,7,6,Skip
1,talk,112,7,3,Over
1,talk,113,7,15,Over
1,talk,114,7,9,Skip
1,talk,115,7,14,Over
1,talk,116,7,2,Over
1,talk,117,7,11,Over
1,talk,118,7,5,Skip
1,talk,119,7,10,VOTE Agent[03]
1,talk,120,8,15,Over
1,talk,121,8,10,Skip
1,talk,122,8,14,Over
1,talk,123,8,4,Over
1,talk,124,8,2,Over
1,talk,125,8,5,Skip
1,talk,126,8,6,Over
1,talk,127,8,3,Over
1,talk,128,8,7,Skip
1,talk,129,8,12,Over
1,talk,130,8,11,Over
1,talk,131,8,8,VOTE Agent[01]
1,talk,132,8,13,Over
1,talk,133,8,9,Over
1,talk,134,8,1,VOTE Agent[08]
1,talk,135,9,4,Over
1,talk,136,9,1,Over
1,talk,137,9,12,Over
1,talk,138,9,14,Over
1,talk,139,9,6,Over
1,talk,140,9,15,Over
1,talk,141,9,9,Over
1,talk,142,9,5,VOTE Agent[03]
1,talk,143,9,13,Over
1,talk,144,9,7,Over
1,talk,145,9,10,Skip
1,talk,146,9,2,Over
1,talk,147,9,8,Over
1,talk,148,9,3,Over
1,talk,149,9,11,Over
1,talk,150,10,9,Over
1,talk,151,10,13,Over
1,talk,152,10,15,Over
1,talk,153,10,5,Skip
1,talk,154,10,6,Over
1,talk,155,10,14,Over
1,talk,156,10,12,Over
1,talk,157,10,4,Over
1,talk,158,10,3,Over
1,talk,159,10,11,Over
1,talk,160,10,7,Over
1,talk,161,10,2,Over
1,talk,162,10,8,Over
1,talk,163,10,1,Over
1,talk,164,10,10,Over
1,talk,165,11,6,Over
1,talk,166,11,4,Over
1,talk,167,11,8,Over
1,talk,168,11,5,VOTE Agent[13]
1,talk,169,11,10,Over
1,talk,170,11,13,Over
1,talk,171,11,2,Over
1,talk,172,11,11,Over
1,talk,173,11,12,Over
1,talk,174,11,15,Over
1,talk,175,11,1,Over
1,talk,176,11,3,Over
1,talk,177,11,14,Over
1,talk,178,11,7,Over
1,talk,179,11,9,Over
1,talk,180,12,8,Over
1,talk,181,12,14,Over
1,talk,182,12,12,Over
1,talk,183,12,9,Over
1,talk,184,12,15,Over
1,talk,185,12,5,Skip
1,talk,186,12,1,Over
1,talk,187,12,13,Over
1,talk,188,12,6,Over
1,talk,189,12,3,Over
1,talk,190,12,2,Over
1,talk,191,12,11,Over
1,talk,192,12,10,Over
1,talk,193,12,4,Over
1,talk,194,12,7,Over
1,talk,195,13,9,Over
1,talk,196,13,10,Over
1,talk,197,13,5,VOTE Agent[03]
1,talk,198,13,8,Over
1,talk,199,13,12,Over
1,talk,200,13,6,Over
1,talk,201,13,11,Over
1,talk,202,13,2,Over
1,talk,203,13,13,Over
1,talk,204,13,4,Over
1,talk,205,13,15,Over
1,talk,206,13,3,Over
1,talk,207,13,14,Over
1,talk,208,13,1,Over
1,talk,209,13,7,Over
1,talk,210,14,2,Over
1,talk,211,14,6,Over
1,talk,212,14,9,Over
1,talk,213,14,10,Over
1,talk,214,14,5,Skip
1,talk,215,14,15,Over
1,talk,216,14,3,Over
1,talk,217,14,1,Over
1,talk,218,14,8,Over
1,talk,219,14,7,Over
1,talk,220,14,13,Over
1,talk,221,14,11,Over
1,talk,222,14,4,Over
1,talk,223,14,12,Over
1,talk,224,14,14,Over
1,talk,225,15,8,Over
1,talk,226,15,1,Over
1,talk,227,15,11,Over
1,talk,228,15,2,Over
1,talk,229,15,3,Over
1,talk,230,15,12,Over
1,talk,231,15,7,Over
1,talk,232,15,9,VOTE Agent[03]
1,talk,233,15,14,Over
1,talk,234,15,13,Over
1,talk,235,15,5,Skip
1,talk,236,15,6,Over
1,talk,237,15,15,Over
1,talk,238,15,10,Over
1,talk,239,15,4,Over
1,talk,240,16,7,VOTE Agent[03]
1,talk,241,16,6,Over
1,talk,242,16,5,Over
1,talk,243,16,12,Over
1,talk,244,16,9,VOTE Agent[13]
1,talk,245,16,2,Over
1,talk,246,16,15,Over
1,talk,247,16,14,Over
1,talk,248,16,11,Over
1,talk,249,16,13,Over
1,talk,250,16,4,Over
1,talk,251,16,8,Over
1,talk,252,16,10,VOTE Agent[13]
1,talk,253,16,3,Over
1,talk,254,16,1,Over
1,talk,255,17,1,Over
1,talk,256,17,12,Over
1,talk,257,17,5,Over
1,talk,258,17,9,VOTE Agent[03]
1,talk,259,17,14,Over
1,talk,260,17,13,Over
1,talk,261,17,2,Over
1,talk,262,17,4,Over
1,talk,263,17,8,Over
1,talk,264,17,7,VOTE Agent[13]
1,talk,265,17,10,VOTE Agent[03]
1,talk,266,17,3,Over
1,talk,267,17,6,Over
1,talk,268,17,11,Over
1,talk,269,17,15,Over
1,talk,270,18,12,Over
1,talk,271,18,14,Over
1,talk,272,18,11,Over
1,talk,273,18,6,Over
1,talk,274,18,10,Over
1,talk,275,18,2,Over
1,talk,276,18,3,Over
1,talk,277,18,9,VOTE Agent[13]
1,talk,278,18,8,Over
1,talk,279,18,5,Over
1,talk,280,18,4,Over
1,talk,281,18,15,Over
1,talk,282,18,1,Over
1,talk,283,18,13,Over
1,talk,284,18,7,Skip
1,talk,285,19,6,Over
1,talk,286,19,13,Over
1,talk,287,19,11,Over
1,talk,288,19,8,Over
1,talk,289,19,9,VOTE Agent[03]
1,talk,290,19,4,Over
1,talk,291,19,3,Over
1,talk,292,19,14,Over
1,talk,293,19,10,Over
1,talk,294,19,12,Over
1,talk,295,19,1,Over
1,talk,296,19,5,Over
1,talk,297,19,15,Over
1,talk,298,19,2,Over
1,talk,299,19,7,VOTE Agent[03]
1,vote,1,8
1,vote,2,12
1,vote,3,13
1,vote,4,3
1,vote,5,3
1,vote,6,13
1,vote,7,3
1,vote,8,1
1,vote,9,3
1,vote,10,13
1,vote,11,12
1,vote,12,4
1,vote,13,3
1,vote,14,13
1,vote,15,10
1,execute,3,VILLAGER
1,divine,12,14,HUMAN
1,whisper,0,0,7,ATTACK Agent[04]
1,whisper,1,0,15,BECAUSE (AND (NOT (COMINGOUT Agent[04] WEREWOLF)) (NOT (COMINGOUT Agent[12] WEREWOLF)) (DAY 1 (Agent[04] DIVINED Agent[12] WEREWOLF))) (ESTIMATE Agent[04] POSSESSED)
1,whisper,2,0,10,Skip
1,whisper,3,1,15,BECAUSE (Agent[08] COMINGOUT Agent[08] VILLAGER) (ATTACK Agent[08])
1,whisper,4,1,10,Skip
1,whisper,5,1,7,Skip
1,whisper,6,2,15,ATTACK Agent[08]
1,whisper,7,2,10,Over
1,whisper,8,2,7,Skip
1,whisper,9,3,10,Over
1,whisper,10,3,7,Over
1,whisper,11,3,15,Skip
1,whisper,12,4,7,Over
1,whisper,13,4,15,Skip
1,whisper,14,4,10,Over
1,whisper,15,5,7,Over
1,whisper,16,5,15,Over
1,whisper,17,5,10,Over
1,guard,11,7,WEREWOLF
1,attackVote,7,4
1,attackVote,10,14
1,attackVote,15,8
1,attackVote,7,4
1,attackVote,10,14
1,attackVote,15,8
1,attack,8,true
2,status,1,VILLAGER,ALIVE,OKAMI
2,status,2,MEDIUM,ALIVE,sample_py
2,status,3,VILLAGER,DEAD,Takeda8
2,status,4,POSSESSED,ALIVE,Takeda1
2,status,5,VILLAGER,ALIVE,TOKU11
2,status,6,VILLAGER,ALIVE,Takeda10
2,status,7,WEREWOLF,ALIVE,Tomato0
2,status,8,VILLAGER,DEAD,OKAMI
2,status,9,VILLAGER,ALIVE,Takeda7
2,status,10,WEREWOLF,ALIVE,Takeda13
2,status,11,BODYGUARD,ALIVE,sample_py
2,status,12,SEER,ALIVE,sample_py
2,status,13,VILLAGER,ALIVE,TOKU9
2,status,14,VILLAGER,ALIVE,TOKU6
2,status,15,WEREWOLF,ALIVE,SampleJava5
2,talk,0,0,12,VOTE Agent[04]
2,talk,1,0,13,VOTE Agent[05]
2,talk,2,0,2,VOTE Agent[12]
2,talk,3,0,9,VOTE Agent[13]
2,talk,4,0,5,VOTE Agent[13]
2,talk,5,0,11,VOTE Agent[12]
2,talk,6,0,10,VOTE Agent[13]
2,talk,7,0,4,DIVINED Agent[13] HUMAN
2,talk,8,0,6,VOTE Agent[13]
2,talk,9,0,1,VOTE Agent[12]
2,talk,10,0,7,DIVINED Agent[13] HUMAN
2,talk,11,0,15,VOTE Agent[10]
2,talk,12,0,14,VOTE Agent[13]
2,talk,13,1,15,REQUEST ANY (VOTE Agent[10])
2,talk,14,1,6,VOTE Agent[05]
2,talk,15,1,9,VOTE Agent[05]
2,talk,16,1,4,VOTE Agent[12]
2,talk,17,1,12,Skip
2,talk,18,1,2,Skip
2,talk,19,1,11,Skip
2,talk,20,1,1,COMINGOUT Agent[01] VILLAGER
2,talk,21,1,10,VOTE Agent[05]
2,talk,22,1,7,VOTE Agent[05]
2,talk,23,1,5,VOTE Agent[09]
2,talk,24,1,13,Skip
2,talk,25,1,14,VOTE Agent[05]
2,talk,26,2,4,Skip
2,talk,27,2,9,VOTE Agent[06]
2,talk,28,2,5,VOTE Agent[06]
2,talk,29,2,11,Skip
2,talk,30,2,1,VOTE Agent[12]
2,talk,31,2,6,Skip
2,talk,32,2,14,VOTE Agent[06]
2,talk,33,2,7,VOTE Agent[12]
2,talk,34,2,12,Skip
2,talk,35,2,10,VOTE Agent[06]
2,talk,36,2,15,Skip
2,talk,37,2,13,VOTE Agent[06]
2,talk,38,2,2,Skip
2,talk,39,3,9,Skip
2,talk,40,3,15,Skip
2,talk,41,3,14,Skip
2,talk,42,3,7,VOTE Agent[06]
2,talk,43,3,2,Over
2,talk,44,3,13,Skip
2,talk,45,3,5,Skip
2,talk,46,3,4,Skip
2,talk,47,3,1,VOTE Agent[12]
2,talk,48,3,11,Over
2,talk,49,3,6,Skip
2,talk,50,3,10,Skip
2,talk,51,3,12,Over
2,talk,52,4,1,VOTE Agent[12]
2,talk,53,4,4,Over
2,talk,54,4,11,Over
2,talk,55,4,14,Skip
2,talk,56,4,7,Skip
2,talk,57,4,12,Over
2,talk,58,4,15,Over
2,talk,59,4,13,Skip
2,talk,60,4,5,Skip
2,talk,61,4,9,Skip
2,talk,62,4,6,Over
2,talk,63,4,10,Skip
2,talk,64,4,2,Over
2,talk,65,5,2,Over
2,talk,66,5,11,Over
2,talk,67,5,14,Over
2,talk,68,5,6,Over
2,talk,69,5,15,Over
2,talk,70,5,10,Over
2,talk,71,5,7,Skip
2,talk,72,5,1,VOTE Agent[12]
2,talk,73,5,5,Over
2,talk,74,5,13,Over
2,talk,75,5,12,Over
2,talk,76,5,9,Over
2,talk,77,5,4,Over
2,talk,78,6,14,Over
2,talk,79,6,13,Over
2,talk,80,6,5,Over
2,talk,81,6,6,Over
2,talk,82,6,2,Over
2,talk,83,6,15,Over
2,talk,84,6,11,Over
2,talk,85,6,12,Over
2,talk,86,6,9,Over
2,talk,87,6,4,Over
2,talk,88,6,10,Over
2,talk,89,6,7,Over
2,talk,90,6,1,VOTE Agent[12]
2,talk,91,7,2,Over
2,talk,92,7,9,Over
2,talk,93,7,15,Over
2,talk,94,7,11,Over
2,talk,95,7,6,Over
2,talk,96,7,5,Over
2,talk,97,7,12,Over
2,talk,98,7,10,Over
2,talk,99,7,7,Over
2,talk,100,7,4,Over
2,talk,101,7,13,Over
2,talk,102,7,14,Over
2,talk,103,7,1,VOTE Agent[12]
2,talk,104,8,2,Over
2,talk,105,8,1,VOTE Agent[12]
2,talk,106,8,5,Over
2,talk,107,8,12,Over
2,talk,108,8,11,Over
2,talk,109,8,9,Over
2,talk,110,8,7,Over
2,talk,111,8,6,Over
2,talk,112,8,4,Over
2,talk,113,8,10,Over
2,talk,114,8,13,Over
2,talk,115,8,15,Over
2,talk,116,8,14,Over
2,talk,117,9,14,Over
2,talk,118,9,5,Over
2,talk,119,9,1,Over
2,talk,120,9,15,Over
2,talk,121,9,10,Over
2,talk,122,9,6,Over
2,talk,123,9,7,Over
2,talk,124,9,9,Over
2,talk,125,9,12,Over
2,talk,126,9,13,Over
2,talk,127,9,11,Over
2,talk,128,9,4,Over
2,talk,129,9,2,Over
2,vote,1,12
2,vote,2,12
2,vote,4,5
2,vote,5,6
2,vote,6,5
2,vote,7,6
2,vote,9,6
2,vote,10,6
2,vote,11,12
2,vote,12,4
2,vote,13,6
2,vote,14,6
2,vote,15,10
2,execute,6,VILLAGER
2,whisper,0,0,10,Skip
2,whisper,1,0,7,ATTACK Agent[04]
2,whisper,2,0,15,BECAUSE (Agent[01] COMINGOUT Agent[01] VILLAGER) (ATTACK Agent[01])
2,whisper,3,1,10,Skip
2,whisper,4,1,7,Skip
2,whisper,5,1,15,ATTACK Agent[01]
2,whisper,6,2,7,Skip
2,whisper,7,2,15,Skip
2,whisper,8,2,10,Over
2,whisper,9,3,15,Skip
2,whisper,10,3,10,Over
2,whisper,11,3,7,Over
2,whisper,12,4,7,Over
2,whisper,13,4,10,Over
2,whisper,14,4,15,Over
2,guard,11,7,WEREWOLF
2,attackVote,7,4
2,attackVote,10,14
2,attackVote,15,1
2,attackVote,7,4
2,attackVote,10,14
2,attackVote,15,1
2,attack,1,true
3,status,1,VILLAGER,DEAD,OKAMI
3,status,2,MEDIUM,ALIVE,sample_py
3,status,3,VILLAGER,DEAD,Takeda8
3,status,4,POSSESSED,ALIVE,Takeda1
3,status,5,VILLAGER,ALIVE,TOKU11
3,status,6,VILLAGER,DEAD,Takeda10
3,status,7,WEREWOLF,ALIVE,Tomato0
3,status,8,VILLAGER,DEAD,OKAMI
3,status,9,VILLAGER,ALIVE,Takeda7
3,status,10,WEREWOLF,ALIVE,Takeda13
3,status,11,BODYGUARD,ALIVE,sample_py
3,status,12,SEER,ALIVE,sample_py
3,status,13,VILLAGER,ALIVE,TOKU9
3,status,14,VILLAGER,ALIVE,TOKU6
3,status,15,WEREWOLF,ALIVE,SampleJava5
3,talk,0,0,7,DIVINED Agent[15] WEREWOLF
3,talk,1,0,9,VOTE Agent[05]
3,talk,2,0,15,VOTE Agent[07]
3,talk,3,0,13,VOTE Agent[05]
3,talk,4,0,4,DIVINED Agent[02] WEREWOLF
3,talk,5,0,5,VOTE Agent[15]
3,talk,6,0,12,COMINGOUT Agent[12] SEER
3,talk,7,0,2,COMINGOUT Agent[02] MEDIUM
3,talk,8,0,10,VOTE Agent[05]
3,talk,9,0,14,VOTE Agent[05]
3,talk,10,0,11,VOTE Agent[12]
3,talk,11,1,4,VOTE Agent[02]
3,talk,12,1,7,VOTE Agent[05]
3,talk,13,1,2,IDENTIFIED Agent[03] HUMAN
3,talk,14,1,13,VOTE Agent[02]
3,talk,15,1,9,VOTE Agent[02]
3,talk,16,1,12,DIVINED Agent[02] HUMAN
3,talk,17,1,14,VOTE Agent[02]
3,talk,18,1,11,Skip
3,talk,19,1,5,VOTE Agent[02]
3,talk,20,1,15,REQUEST ANY (VOTE Agent[07])
3,talk,21,1,10,VOTE Agent[02]
3,talk,22,2,9,Skip
3,talk,23,2,5,VOTE Agent[07]
3,talk,24,2,13,Skip
3,talk,25,2,12,DIVINED Agent[14] HUMAN
3,talk,26,2,7,VOTE Agent[02]
3,talk,27,2,11,Skip
3,talk,28,2,14,Skip
3,talk,29,2,15,Skip
3,talk,30,2,10,Skip
3,talk,31,2,4,Skip
3,talk,32,2,2,IDENTIFIED Agent[06] HUMAN
3,talk,33,3,9,Skip
3,talk,34,3,2,VOTE Agent[15]
3,talk,35,3,12,VOTE Agent[04]
3,talk,36,3,5,VOTE Agent[02]
3,talk,37,3,13,Skip
3,talk,38,3,4,Skip
3,talk,39,3,7,Skip
3,talk,40,3,11,Over
3,talk,41,3,14,Skip
3,talk,42,3,10,Skip
3,talk,43,3,15,Skip
3,talk,44,4,4,Over
3,talk,45,4,5,Skip
3,talk,46,4,11,Over
3,talk,47,4,14,Over
3,talk,48,4,15,Over
3,talk,49,4,9,Over
3,talk,50,4,7,Skip
3,talk,51,4,2,Skip
3,talk,52,4,12,Skip
3,talk,53,4,13,Over
3,talk,54,4,10,Over
3,talk,55,5,15,Over
3,talk,56,5,10,Over
3,talk,57,5,5,VOTE Agent[14]
3,talk,58,5,2,Skip
3,talk,59,5,7,Over
3,talk,60,5,11,Over
3,talk,61,5,13,Over
3,talk,62,5,14,Over
3,talk,63,5,4,Over
3,talk,64,5,9,Over
3,talk,65,5,12,Skip
3,talk,66,6,11,Over
3,talk,67,6,2,Over
3,talk,68,6,12,Over
3,talk,69,6,7,Over
3,talk,70,6,4,Over
3,talk,71,6,9,Over
3,talk,72,6,5,Skip
3,talk,73,6,13,Over
3,talk,74,6,10,Over
3,talk,75,6,15,Over
3,talk,76,6,14,Over
3,talk,77,7,4,Over
3,talk,78,7,11,Over
3,talk,79,7,7,Over
3,talk,80,7,10,Over
3,talk,81,7,9,VOTE Agent[14]
3,talk,82,7,12,Over
3,talk,83,7,2,Over
3,talk,84,7,13,Over
3,talk,85,7,5,Skip
3,talk,86,7,15,Over
3,talk,87,7,14,Over
3,talk,88,8,12,Over
3,talk,89,8,13,Over
3,talk,90,8,5,Over
3,talk,91,8,10,Over
3,talk,92,8,9,Skip
3,talk,93,8,7,Over
3,talk,94,8,4,Over
3,talk,95,8,14,Over
3,talk,96,8,11,Over
3,talk,97,8,2,Over
3,talk,98,8,15,Over
3,talk,99,9,12,Over
3,talk,100,9,15,Over
3,talk,101,9,10,Over
3,talk,102,9,2,Over
3,talk,103,9,13,Over
3,talk,104,9,7,Over
3,talk,105,9,11,Over
3,talk,106,9,9,Skip
3,talk,107,9,5,Over
3,talk,108,9,4,Over
3,talk,109,9,14,Over
3,talk,110,10,10,Over
3,talk,111,10,9,Over
3,talk,112,10,13,Over
3,talk,113,10,14,Over
3,talk,114,10,4,Over
3,talk,115,10,7,Over
3,talk,116,10,15,Over
3,talk,117,10,2,Over
3,talk,118,10,12,Over
3,talk,119,10,11,Over
3,talk,120,10,5,Over
3,vote,2,15
3,vote,4,15
3,vote,5,14
3,vote,7,2
3,vote,9,14
3,vote,10,2
3,vote,11,12
3,vote,12,4
3,vote,13,2
3,vote,14,2
3,vote,15,7
3,execute,2,MEDIUM
3,divine,12,10,WEREWOLF
3,whisper,0,0,15,BECAUSE (Agent[12] COMINGOUT Agent[12] SEER) (ATTACK Agent[12])
3,whisper,1,0,10,Skip
3,whisper,2,0,7,ATTACK Agent[04]
3,whisper,3,1,10,Skip
3,whisper,4,1,7,Skip
3,whisper,5,1,15,ATTACK Agent[12]
3,whisper,6,2,7,Skip
3,whisper,7,2,10,Over
3,whisper,8,2,15,Skip
3,whisper,9,3,10,Over
3,whisper,10,3,15,Skip
3,whisper,11,3,7,Over
3,whisper,12,4,15,Over
3,whisper,13,4,10,Over
3,whisper,14,4,7,Over
3,guard,11,7,WEREWOLF
3,attackVote,7,4
3,attackVote,10,14
3,attackVote,15,12
3,attackVote,7,4
3,attackVote,10,14
3,attackVote,15,12
3,attack,4,true
4,status,1,VILLAGER,DEAD,OKAMI
4,status,2,MEDIUM,DEAD,sample_py
4,status,3,VILLAGER,DEAD,Takeda8
4,status,4,POSSESSED,DEAD,Takeda1
4,status,5,VILLAGER,ALIVE,TOKU11
4,status,6,VILLAGER,DEAD,Takeda10
4,status,7,WEREWOLF,ALIVE,Tomato0
4,status,8,VILLAGER,DEAD,OKAMI
4,status,9,VILLAGER,ALIVE,Takeda7
4,status,10,WEREWOLF,ALIVE,Takeda13
4,status,11,BODYGUARD,ALIVE,sample_py
4,status,12,SEER,ALIVE,sample_py
4,status,13,VILLAGER,ALIVE,TOKU9
4,status,14,VILLAGER,ALIVE,TOKU6
4,status,15,WEREWOLF,ALIVE,SampleJava5
4,talk,0,0,11,VOTE Agent[12]
4,talk,1,0,5,VOTE Agent[14]
4,talk,2,0,10,VOTE Agent[12]
4,talk,3,0,7,DIVINED Agent[10] WEREWOLF
4,talk,4,0,15,VOTE Agent[10]
4,talk,5,0,14,VOTE Agent[12]
4,talk,6,0,12,DIVINED Agent[10] WEREWOLF
4,talk,7,0,9,VOTE Agent[14]
4,talk,8,0,13,VOTE Agent[12]
4,talk,9,1,7,VOTE Agent[12]
4,talk,10,1,15,REQUEST ANY (VOTE Agent[10])
4,talk,11,1,5,Skip
4,talk,12,1,13,Skip
4,talk,13,1,10,Skip
4,talk,14,1,11,Skip
4,talk,15,1,14,Skip
4,talk,16,1,9,Skip
4,talk,17,1,12,VOTE Agent[10]
4,talk,18,2,13,Skip
4,talk,19,2,7,Skip
4,talk,20,2,10,Skip
4,talk,21,2,15,Skip
4,talk,22,2,9,Skip
4,talk,23,2,14,Skip
4,talk,24,2,5,Skip
4,talk,25,2,12,Skip
4,talk,26,2,11,Skip
4,talk,27,3,7,Skip
4,talk,28,3,10,Over
4,talk,29,3,15,Skip
4,talk,30,3,11,Over
4,talk,31,3,12,Skip
4,talk,32,3,14,VOTE Agent[09]
4,talk,33,3,9,Over
4,talk,34,3,13,VOTE Agent[09]
4,talk,35,3,5,Over
4,talk,36,4,12,Over
4,talk,37,4,14,Skip
4,talk,38,4,7,Over
4,talk,39,4,11,Over
4,talk,40,4,15,Over
4,talk,41,4,13,Skip
4,talk,42,4,10,VOTE Agent[09]
4,talk,43,4,5,Over
4,talk,44,4,9,Over
4,talk,45,5,9,Over
4,talk,46,5,15,Over
4,talk,47,5,5,Over
4,talk,48,5,11,Over
4,talk,49,5,13,Skip
4,talk,50,5,14,Skip
4,talk,51,5,10,Skip
4,talk,52,5,7,VOTE Agent[09]
4,talk,53,5,12,Over
4,talk,54,6,15,Over
4,talk,55,6,5,Over
4,talk,56,6,13,VOTE Agent[14]
4,talk,57,6,7,VOTE Agent[14]
4,talk,58,6,10,Skip
4,talk,59,6,12,Over
4,talk,60,6,11,Over
4,talk,61,6,9,Over
4,talk,62,6,14,Over
4,talk,63,7,13,Skip
4,talk,64,7,7,Skip
4,talk,65,7,14,Over
4,talk,66,7,9,Over
4,talk,67,7,10,VOTE Agent[14]
4,talk,68,7,12,Over
4,talk,69,7,5,Over
4,talk,70,7,11,Over
4,talk,71,7,15,Over
4,talk,72,8,11,Over
4,talk,73,8,13,Skip
4,talk,74,8,14,VOTE Agent[09]
4,talk,75,8,12,Over
4,talk,76,8,7,Skip
4,talk,77,8,15,Over
4,talk,78,8,10,Skip
4,talk,79,8,9,Over
4,talk,80,8,5,Over
4,talk,81,9,7,Over
4,talk,82,9,15,Over
4,talk,83,9,11,Over
4,talk,84,9,14,VOTE Agent[09]
4,talk,85,9,5,Over
4,talk,86,9,13,Over
4,talk,87,9,10,Skip
4,talk,88,9,12,Over
4,talk,89,9,9,Over
4,talk,90,10,10,Over
4,talk,91,10,13,Over
4,talk,92,10,14,VOTE Agent[09]
4,talk,93,10,11,Over
4,talk,94,10,15,Over
4,talk,95,10,5,Over
4,talk,96,10,7,Over
4,talk,97,10,12,Over
4,talk,98,10,9,Over
4,talk,99,11,12,Over
4,talk,100,11,7,Over
4,talk,101,11,5,Over
4,talk,102,11,11,Over
4,talk,103,11,15,Over
4,talk,104,11,13,Over
4,talk,105,11,14,VOTE Agent[09]
4,talk,106,11,9,Over
4,talk,107,11,10,Over
4,talk,108,12,15,Over
4,talk,109,12,14,VOTE Agent[09]
4,talk,110,12,10,Over
4,talk,111,12,11,Over
4,talk,112,12,7,Over
4,talk,113,12,12,Over
4,talk,114,12,5,Over
4,talk,115,12,9,Over
4,talk,116,12,13,Over
4,talk,117,13,7,Over
4,talk,118,13,10,Over
4,talk,119,13,5,Over
4,talk,120,13,11,Over
4,talk,121,13,12,Over
4,talk,122,13,13,Over
4,talk,123,13,15,Over
4,talk,124,13,9,Over
4,talk,125,13,14,VOTE Agent[09]
4,talk,126,14,14,VOTE Agent[09]
4,talk,127,14,13,Over
4,talk,128,14,9,Over
4,talk,129,14,11,Over
4,talk,130,14,15,Over
4,talk,131,14,7,Over
4,talk,132,14,10,Over
4,talk,133,14,12,Over
4,talk,134,14,5,Over
4,talk,135,15,11,Over
4,talk,136,15,9,Over
4,talk,137,15,12,Over
4,talk,138,15,14,VOTE Agent[09]
4,talk,139,15,15,Over
4,talk,140,15,13,Over
4,talk,141,15,5,Over
4,talk,142,15,7,Over
4,talk,143,15,10,Over
4,talk,144,16,10,Over
4,talk,145,16,9,Over
4,talk,146,16,15,Over
4,talk,147,16,12,Over
4,talk,148,16,14,Over
4,talk,149,16,13,Over
4,talk,150,16,7,Over
4,talk,151,16,11,Over
4,talk,152,16,5,Over
4,vote,5,14
4,vote,7,14
4,vote,9,14
4,vote,10,14
4,vote,11,12
4,vote,12,10
4,vote,13,14
4,vote,14,9
4,vote,15,10
4,execute,14,VILLAGER
4,divine,12,15,WEREWOLF
4,whisper,0,0,15,BECAUSE (Agent[12] COMINGOUT Agent[12] SEER) (ATTACK Agent[12])
4,whisper,1,0,10,Skip
4,whisper,2,0,7,ATTACK Agent[12]
4,whisper,3,1,10,Skip
4,whisper,4,1,15,ATTACK Agent[12]
4,whisper,5,1,7,Skip
4,whisper,6,2,10,Over
4,whisper,7,2,7,Skip
4,whisper,8,2,15,Skip
4,whisper,9,3,15,Skip
4,whisper,10,3,10,Over
4,whisper,11,3,7,Over
4,whisper,12,4,10,Over
4,whisper,13,4,7,Over
4,whisper,14,4,15,Over
4,guard,11,7,WEREWOLF
4,attackVote,7,12
4,attackVote,10,13
4,attackVote,15,12
4,attack,12,true
5,status,1,VILLAGER,DEAD,OKAMI
5,status,2,MEDIUM,DEAD,sample_py
5,status,3,VILLAGER,DEAD,Takeda8
5,status,4,POSSESSED,DEAD,Takeda1
5,status,5,VILLAGER,ALIVE,TOKU11
5,status,6,VILLAGER,DEAD,Takeda10
5,status,7,WEREWOLF,ALIVE,Tomato0
5,status,8,VILLAGER,DEAD,OKAMI
5,status,9,VILLAGER,ALIVE,Takeda7
5,status,10,WEREWOLF,ALIVE,Takeda13
5,status,11,BODYGUARD,ALIVE,sample_py
5,status,12,SEER,DEAD,sample_py
5,status,13,VILLAGER,ALIVE,TOKU9
5,status,14,VILLAGER,DEAD,TOKU6
5,status,15,WEREWOLF,ALIVE,SampleJava5
5,talk,0,0,9,VOTE Agent[07]
5,talk,1,0,15,VOTE Agent[07]
5,talk,2,0,11,VOTE Agent[10]
5,talk,3,0,13,VOTE Agent[07]
5,talk,4,0,7,DIVINED Agent[11] HUMAN
5,talk,5,0,5,VOTE Agent[07]
5,talk,6,0,10,VOTE Agent[07]
5,talk,7,1,10,Skip
5,talk,8,1,7,VOTE Agent[10]
5,talk,9,1,13,Skip
5,talk,10,1,9,Skip
5,talk,11,1,5,Skip
5,talk,12,1,11,Skip
5,talk,13,1,15,REQUEST ANY (VOTE Agent[07])
5,talk,14,2,13,Skip
5,talk,15,2,15,Skip
5,talk,16,2,10,Skip
5,talk,17,2,7,Skip
5,talk,18,2,9,Skip
5,talk,19,2,11,Skip
5,talk,20,2,5,Skip
5,talk,21,3,9,Over
5,talk,22,3,15,Skip
5,talk,23,3,5,Over
5,talk,24,3,7,Skip
5,talk,25,3,13,Over
5,talk,26,3,10,Over
5,talk,27,3,11,Over
5,talk,28,4,5,Over
5,talk,29,4,13,Over
5,talk,30,4,10,Over
5,talk,31,4,7,Over
5,talk,32,4,11,Over
5,talk,33,4,15,Over
5,talk,34,4,9,Over
5,vote,5,7
5,vote,7,10
5,vote,9,7
5,vote,10,7
5,vote,11,10
5,vote,13,7
5,vote,15,7
5,execute,7,WEREWOLF
5,whisper,0,0,15,ATTACK Agent[13]
5,whisper,1,0,10,Skip
5,whisper,2,1,15,Skip
5,whisper,3,1,10,Skip
5,whisper,4,2,10,Over
5,whisper,5,2,15,Skip
5,whisper,6,3,15,Over
5,whisper,7,3,10,Over
5,guard,11,5,VILLAGER
5,attackVote,10,13
5,attackVote,15,13
5,attack,13,true
6,status,1,VILLAGER,DEAD,OKAMI
6,status,2,MEDIUM,DEAD,sample_py
6,status,3,VILLAGER,DEAD,Takeda8
6,status,4,POSSESSED,DEAD,Takeda1
6,status,5,VILLAGER,ALIVE,TOKU11
6,status,6,VILLAGER,DEAD,Takeda10
6,status,7,WEREWOLF,DEAD,Tomato0
6,status,8,VILLAGER,DEAD,OKAMI
6,status,9,VILLAGER,ALIVE,Takeda7
6,status,10,WEREWOLF,ALIVE,Takeda13
6,status,11,BODYGUARD,ALIVE,sample_py
6,status,12,SEER,DEAD,sample_py
6,status,13,VILLAGER,DEAD,TOKU9
6,status,14,VILLAGER,DEAD,TOKU6
6,status,15,WEREWOLF,ALIVE,SampleJava5
6,talk,0,0,5,VOTE Agent[09]
6,talk,1,0,9,VOTE Agent[05]
6,talk,2,0,10,VOTE Agent[09]
6,talk,3,0,15,VOTE Agent[07]
6,talk,4,0,11,VOTE Agent[15]
6,talk,5,1,5,Skip
6,talk,6,1,15,REQUEST ANY (VOTE Agent[07])
6,talk,7,1,11,Skip
6,talk,8,1,10,Skip
6,talk,9,1,9,Skip
6,talk,10,2,5,Skip
6,talk,11,2,10,Skip
6,talk,12,2,11,Skip
6,talk,13,2,15,Skip
6,talk,14,2,9,Skip
6,talk,15,3,5,Over
6,talk,16,3,11,Over
6,talk,17,3,10,Over
6,talk,18,3,15,Skip
6,talk,19,3,9,Over
6,talk,20,4,15,Over
6,talk,21,4,11,Over
6,talk,22,4,5,Over
6,talk,23,4,9,Over
6,talk,24,4,10,Over
6,vote,5,9
6,vote,9,5
6,vote,10,9
6,vote,11,15
6,vote,15,5
6,vote,5,9
6,vote,9,5
6,vote,10,9
6,vote,11,15
6,vote,15,5
6,execute,5,VILLAGER
6,whisper,0,0,10,Skip
6,whisper,1,0,15,ATTACK Agent[11]
6,whisper,2,1,10,Skip
6,whisper,3,1,15,Skip
6,whisper,4,2,10,Over
6,whisper,5,2,15,Skip
6,whisper,6,3,15,Over
6,whisper,7,3,10,Over
6,guard,11,15,WEREWOLF
6,attackVote,10,11
6,attackVote,15,11
6,attack,11,true
7,status,1,VILLAGER,DEAD,OKAMI
7,status,2,MEDIUM,DEAD,sample_py
7,status,3,VILLAGER,DEAD,Takeda8
7,status,4,POSSESSED,DEAD,Takeda1
7,status,5,VILLAGER,DEAD,TOKU11
7,status,6,VILLAGER,DEAD,Takeda10
7,status,7,WEREWOLF,DEAD,Tomato0
7,status,8,VILLAGER,DEAD,OKAMI
7,status,9,VILLAGER,ALIVE,Takeda7
7,status,10,WEREWOLF,ALIVE,Takeda13
7,status,11,BODYGUARD,DEAD,sample_py
7,status,12,SEER,DEAD,sample_py
7,status,13,VILLAGER,DEAD,TOKU9
7,status,14,VILLAGER,DEAD,TOKU6
7,status,15,WEREWOLF,ALIVE,SampleJava5
7,result,1,2,WEREWOLF
