0,status,1,POSSESSED,ALIVE,OKAMI
0,status,2,VILLAGER,ALIVE,sample_py
0,status,3,MEDIUM,ALIVE,Takeda8
0,status,4,VILLAGER,ALIVE,Takeda1
0,status,5,WEREWOLF,ALIVE,TOKU11
0,status,6,VILLAGER,ALIVE,Takeda10
0,status,7,VILLAGER,ALIVE,Tomato0
0,status,8,VILLAGER,ALIVE,OKAMI
0,status,9,VILLAGER,ALIVE,Takeda7
0,status,10,WEREWOLF,ALIVE,Takeda13
0,status,11,VILLAGER,ALIVE,sample_py
0,status,12,BODYGUARD,ALIVE,sample_py
0,status,13,VILLAGER,ALIVE,TOKU9
0,status,14,WEREWOLF,ALIVE,TOKU6
0,status,15,SEER,ALIVE,SampleJava5
0,whisper,0,0,14,Skip
0,whisper,1,0,5,Skip
0,whisper,2,0,10,Skip
0,whisper,3,1,5,Skip
0,whisper,4,1,14,Skip
0,whisper,5,1,10,Skip
0,whisper,6,2,10,Over
0,whisper,7,2,5,Over
0,whisper,8,2,14,Over
0,divine,15,2,HUMAN
1,status,1,POSSESSED,ALIVE,OKAMI
1,status,2,VILLAGER,ALIVE,sample_py
1,status,3,MEDIUM,ALIVE,Takeda8
1,status,4,VILLAGER,ALIVE,Takeda1
1,status,5,WEREWOLF,ALIVE,TOKU11
1,status,6,VILLAGER,ALIVE,Takeda10
1,status,7,VILLAGER,ALIVE,Tomato0
1,status,8,VILLAGER,ALIVE,OKAMI
1,status,9,VILLAGER,ALIVE,Takeda7
1,status,10,WEREWOLF,ALIVE,Takeda13
1,status,11,VILLAGER,ALIVE,sample_py
1,status,12,BODYGUARD,ALIVE,sample_py
1,status,13,VILLAGER,ALIVE,TOKU9
1,status,14,WEREWOLF,ALIVE,TOKU6
1,status,15,SEER,ALIVE,SampleJava5
1,talk,0,0,7,VOTE Agent[09]
1,talk,1,0,6,VOTE Agent[09]
1,talk,2,0,15,COMINGOUT Agent[15] SEER
1,talk,3,0,2,VOTE Agent[12]
1,talk,4,0,5,VOTE Agent[09]
1,talk,5,0,13,VOTE Agent[09]
1,talk,6,0,10,VOTE Agent[09]
1,talk,7,0,8,VOTE Agent[12]
1,talk,8,0,9,VOTE Agent[12]
1,talk,9,0,14,VOTE Agent[09]
1,talk,10,0,11,VOTE Agent[07]
1,talk,11,0,12,VOTE Agent[05]
1,talk,12,0,3,COMINGOUT Agent[03] MEDIUM
1,talk,13,0,1,COMINGOUT Agent[01] VILLAGER
1,talk,14,0,4,VOTE Agent[09]
1,talk,15,1,15,DAY 1 (DIVINED Agent[02] HUMAN)
1,talk,16,1,3,VOTE Agent[10]
1,talk,17,1,1,Over
1,talk,18,1,10,Skip
1,talk,19,1,9,VOTE Agent[06]
1,talk,20,1,7,Skip
1,talk,21,1,8,COMINGOUT Agent[08] VILLAGER
1,talk,22,1,4,VOTE Agent[13]
1,talk,23,1,13,Skip
1,talk,24,1,14,VOTE Agent[13]
1,talk,25,1,11,Skip
1,talk,26,1,2,Skip
1,talk,27,1,5,Skip
1,talk,28,1,6,VOTE Agent[14]
1,talk,29,1,12,Skip
1,talk,30,2,11,Skip
1,talk,31,2,2,Skip
1,talk,32,2,3,Skip
1,talk,33,2,15,DIVINED Agent[02] HUMAN
1,talk,34,2,1,DIVINED Agent[10] WEREWOLF
1,talk,35,2,7,Skip
1,talk,36,2,8,VOTE Agent[01]
1,talk,37,2,14,Skip
1,talk,38,2,4,VOTE Agent[15]
1,talk,39,2,6,VOTE Agent[10]
1,talk,40,2,9,VOTE Agent[10]
1,talk,41,2,5,VOTE Agent[13]
1,talk,42,2,12,VOTE Agent[10]
1,talk,43,2,10,VOTE Agent[13]
1,talk,44,2,13,VOTE Agent[10]
1,talk,45,3,9,Skip
1,talk,46,3,4,VOTE Agent[10]
1,talk,47,3,1,VOTE Agent[10]
1,talk,48,3,6,Skip
1,talk,49,3,11,VOTE Agent[10]
1,talk,50,3,5,VOTE Agent[10]
1,talk,51,3,3,Skip
1,talk,52,3,13,Skip
1,talk,53,3,15,VOTE Agent[03]
1,talk,54,3,10,VOTE Agent[13]
1,talk,55,3,8,VOTE Agent[01]
1,talk,56,3,7,VOTE Agent[10]
1,talk,57,3,12,Skip
1,talk,58,3,2,VOTE Agent[10]
1,talk,59,3,14,VOTE Agent[10]
1,talk,60,4,9,Skip
1,talk,61,4,3,Over
1,talk,62,4,4,Skip
1,talk,63,4,12,Skip
1,talk,64,4,2,Skip
1,talk,65,4,10,VOTE Agent[13]
1,talk,66,4,6,Skip
1,talk,67,4,11,Skip
1,talk,68,4,7,Skip
1,talk,69,4,5,Skip
1,talk,70,4,13,Skip
1,talk,71,4,1,VOTE Agent[10]
1,talk,72,4,14,Skip
1,talk,73,4,8,VOTE Agent[01]
1,talk,74,4,15,REQUEST ANY (VOTE Agent[03])
1,talk,75,5,7,Skip
1,talk,76,5,4,Skip
1,talk,77,5,3,Over
1,talk,78,5,1,VOTE Agent[10]
1,talk,79,5,11,Skip
1,talk,80,5,9,Over
1,talk,81,5,2,Skip
1,talk,82,5,6,Over
1,talk,83,5,14,Skip
1,talk,84,5,10,VOTE Agent[13]
1,talk,85,5,15,Skip
1,talk,86,5,13,Over
1,talk,87,5,12,Over
1,talk,88,5,8,VOTE Agent[01]
1,talk,89,5,5,Skip
1,talk,90,6,6,Over
1,talk,91,6,12,Over
1,talk,92,6,2,Over
1,talk,93,6,4,Over
1,talk,94,6,7,Over
1,talk,95,6,1,VOTE Agent[10]
1,talk,96,6,8,VOTE Agent[01]
1,talk,97,6,11,Over
1,talk,98,6,5,Over
1,talk,99,6,9,Over
1,talk,100,6,10,VOTE Agent[13]
1,talk,101,6,14,Over
1,talk,102,6,15,Skip
1,talk,103,6,3,Over
1,talk,104,6,13,Over
1,talk,105,7,12,Over
1,talk,106,7,9,Over
1,talk,107,7,11,Over
1,talk,108,7,13,Over
1,talk,109,7,1,VOTE Agent[10]
1,talk,110,7,8,VOTE Agent[01]
1,talk,111,7,10,VOTE Agent[13]
1,talk,112,7,7,Over
1,talk,113,7,2,Over
1,talk,114,7,6,Over
1,talk,115,7,14,Over
1,talk,116,7,3,Over
1,talk,117,7,5,Over
1,talk,118,7,4,Over
1,talk,119,7,15,Over
1,talk,120,8,10,VOTE Agent[13]
1,talk,121,8,5,Over
1,talk,122,8,8,VOTE Agent[01]
1,talk,123,8,11,Over
1,talk,124,8,12,Over
1,talk,125,8,13,Over
1,talk,126,8,7,Over
1,talk,127,8,4,Over
1,talk,128,8,14,Over
1,talk,129,8,9,Over
1,talk,130,8,6,Over
1,talk,131,8,3,Over
1,talk,132,8,15,Over
1,talk,133,8,1,VOTE Agent[10]
1,talk,134,8,2,Over
1,talk,135,9,10,VOTE Agent[13]
1,talk,136,9,5,Over
1,talk,137,9,7,Over
1,talk,138,9,11,Over
1,talk,139,9,8,Over
1,talk,140,9,4,Over
1,talk,141,9,6,Over
1,talk,142,9,1,Over
1,talk,143,9,12,Over
1,talk,144,9,13,Over
1,talk,145,9,9,Over
1,talk,146,9,2,Over
1,talk,147,9,3,Over
1,talk,148,9,15,Over
1,talk,149,9,14,Over
1,talk,150,10,8,Over
1,talk,151,10,11,Over
1,talk,152,10,10,VOTE Agent[13]
1,talk,153,10,7,Over
1,talk,154,10,13,Over
1,talk,155,10,4,Over
1,talk,156,10,9,Over
1,talk,157,10,6,Over
1,talk,158,10,1,Over
1,talk,159,10,14,Over
1,talk,160,10,12,Over
1,talk,161,10,15,Over
1,talk,162,10,5,Over
1,talk,163,10,3,Over
1,talk,164,10,2,Over
1,talk,165,11,4,Over
1,talk,166,11,1,Over
1,talk,167,11,8,Over
1,talk,168,11,13,Over
1,talk,169,11,7,Over
1,talk,170,11,15,Over
1,talk,171,11,9,Over
1,talk,172,11,6,Over
1,talk,173,11,14,Over
1,talk,174,11,5,Over
1,talk,175,11,10,Over
1,talk,176,11,12,Over
1,talk,177,11,11,Over
1,talk,178,11,2,Over
1,talk,179,11,3,Over
1,vote,1,10
1,vote,2,10
1,vote,3,10
1,vote,4,10
1,vote,5,10
1,vote,6,10
1,vote,7,10
1,vote,8,1
1,vote,9,10
1,vote,10,13
1,vote,11,10
1,vote,12,10
1,vote,13,10
1,vote,14,10
1,vote,15,9
1,execute,10,WEREWOLF
1,divine,15,5,WEREWOLF
1,whisper,0,0,5,Skip
1,whisper,1,0,14,Skip
1,whisper,2,1,14,Skip
1,whisper,3,1,5,Skip
1,whisper,4,2,14,Over
1,whisper,5,2,5,Over
1,guard,12,1,POSSESSED
1,attackVote,5,15
1,attackVote,14,15
1,attack,15,true
2,status,1,POSSESSED,ALIVE,OKAMI
2,status,2,VILLAGER,ALIVE,sample_py
2,status,3,MEDIUM,ALIVE,Takeda8
2,status,4,VILLAGER,ALIVE,Takeda1
2,status,5,WEREWOLF,ALIVE,TOKU11
2,status,6,VILLAGER,ALIVE,Takeda10
2,status,7,VILLAGER,ALIVE,Tomato0
2,status,8,VILLAGER,ALIVE,OKAMI
2,status,9,VILLAGER,ALIVE,Takeda7
2,status,10,WEREWOLF,DEAD,Takeda13
2,status,11,VILLAGER,ALIVE,sample_py
2,status,12,BODYGUARD,ALIVE,sample_py
2,status,13,VILLAGER,ALIVE,TOKU9
2,status,14,WEREWOLF,ALIVE,TOKU6
2,status,15,SEER,DEAD,SampleJava5
2,talk,0,0,8,VOTE Agent[01]
2,talk,1,0,14,VOTE Agent[13]
2,talk,2,0,13,VOTE Agent[14]
2,talk,3,0,6,VOTE Agent[13]
2,talk,4,0,5,VOTE Agent[13]
2,talk,5,0,9,VOTE Agent[13]
2,talk,6,0,1,DIVINED Agent[02] WEREWOLF
2,talk,7,0,3,IDENTIFIED Agent[10] WEREWOLF
2,talk,8,0,12,VOTE Agent[02]
2,talk,9,0,11,VOTE Agent[02]
2,talk,10,0,2,VOTE Agent[01]
2,talk,11,0,4,VOTE Agent[13]
2,talk,12,0,7,VOTE Agent[13]
2,talk,13,1,4,Skip
2,talk,14,1,8,COMINGOUT Agent[08] VILLAGER
2,talk,15,1,13,Skip
2,talk,16,1,1,VOTE Agent[02]
2,talk,17,1,11,Skip
2,talk,18,1,12,Skip
2,talk,19,1,6,Skip
2,talk,20,1,2,Skip
2,talk,21,1,14,Skip
2,talk,22,1,3,VOTE Agent[13]
2,talk,23,1,9,Skip
2,talk,24,1,5,Skip
2,talk,25,1,7,Skip
2,talk,26,2,7,Skip
2,talk,27,2,12,Skip
2,talk,28,2,11,Skip
2,talk,29,2,6,Skip
2,talk,30,2,13,VOTE Agent[14]
2,talk,31,2,1,VOTE Agent[02]
2,talk,32,2,5,Skip
2,talk,33,2,3,Skip
2,talk,34,2,4,Skip
2,talk,35,2,14,Skip
2,talk,36,2,9,Skip
2,talk,37,2,8,VOTE Agent[01]
2,talk,38,2,2,Skip
2,talk,39,3,1,VOTE Agent[02]
2,talk,40,3,4,VOTE Agent[14]
2,talk,41,3,12,Over
2,talk,42,3,2,Over
2,talk,43,3,13,Skip
2,talk,44,3,6,VOTE Agent[14]
2,talk,45,3,3,VOTE Agent[14]
2,talk,46,3,14,Over
2,talk,47,3,11,Over
2,talk,48,3,9,VOTE Agent[14]
2,talk,49,3,8,VOTE Agent[01]
2,talk,50,3,7,VOTE Agent[14]
2,talk,51,3,5,Over
2,talk,52,4,1,VOTE Agent[02]
2,talk,53,4,14,Over
2,talk,54,4,4,Skip
2,talk,55,4,3,Skip
2,talk,56,4,12,Over
2,talk,57,4,5,Over
2,talk,58,4,7,Skip
2,talk,59,4,6,Skip
2,talk,60,4,9,Skip
2,talk,61,4,13,Skip
2,talk,62,4,2,Over
2,talk,63,4,8,VOTE Agent[01]
2,talk,64,4,11,Over
2,talk,65,5,8,VOTE Agent[01]
2,talk,66,5,7,Skip
2,talk,67,5,6,Skip
2,talk,68,5,1,VOTE Agent[02]
2,talk,69,5,2,Over
2,talk,70,5,12,Over
2,talk,71,5,5,Over
2,talk,72,5,9,Skip
2,talk,73,5,11,Over
2,talk,74,5,3,Skip
2,talk,75,5,4,Skip
2,talk,76,5,13,Over
2,talk,77,5,14,Over
2,talk,78,6,12,Over
2,talk,79,6,7,Over
2,talk,80,6,6,Over
2,talk,81,6,13,Over
2,talk,82,6,4,Over
2,talk,83,6,9,Over
2,talk,84,6,2,Over
2,talk,85,6,3,Over
2,talk,86,6,14,Over
2,talk,87,6,1,VOTE Agent[02]
2,talk,88,6,5,Over
2,talk,89,6,8,VOTE Agent[01]
2,talk,90,6,11,Over
2,talk,91,7,13,Over
2,talk,92,7,7,Over
2,talk,93,7,11,Over
2,talk,94,7,8,VOTE Agent[01]
2,talk,95,7,6,Over
2,talk,96,7,1,VOTE Agent[02]
2,talk,97,7,12,Over
2,talk,98,7,9,Over
2,talk,99,7,3,Over
2,talk,100,7,2,Over
2,talk,101,7,5,Over
2,talk,102,7,4,Over
2,talk,103,7,14,Over
2,talk,104,8,6,Over
2,talk,105,8,9,Over
2,talk,106,8,5,Over
2,talk,107,8,7,Over
2,talk,108,8,13,Over
2,talk,109,8,1,VOTE Agent[02]
2,talk,110,8,4,Over
2,talk,111,8,11,Over
2,talk,112,8,8,VOTE Agent[01]
2,talk,113,8,2,Over
2,talk,114,8,12,Over
2,talk,115,8,14,Over
2,talk,116,8,3,Over
2,talk,117,9,14,Over
2,talk,118,9,9,Over
2,talk,119,9,12,Over
2,talk,120,9,2,Over
2,talk,121,9,4,Over
2,talk,122,9,11,Over
2,talk,123,9,13,Over
2,talk,124,9,1,Over
2,talk,125,9,6,Over
2,talk,126,9,3,Over
2,talk,127,9,8,Over
2,talk,128,9,5,Over
2,talk,129,9,7,Over
2,vote,1,2
2,vote,2,1
2,vote,3,14
2,vote,4,14
2,vote,5,14
2,vote,6,14
2,vote,7,14
2,vote,8,1
2,vote,9,14
2,vote,11,2
2,vote,12,2
2,vote,13,14
2,vote,14,13
2,execute,14,WEREWOLF
2,guard,12,1,POSSESSED
2,attackVote,5,13
2,attack,13,true
3,status,1,POSSESSED,ALIVE,OKAMI
3,status,2,VILLAGER,ALIVE,sample_py
3,status,3,MEDIUM,ALIVE,Takeda8
3,status,4,VILLAGER,ALIVE,Takeda1
3,status,5,WEREWOLF,ALIVE,TOKU11
3,status,6,VILLAGER,ALIVE,Takeda10
3,status,7,VILLAGER,ALIVE,Tomato0
3,status,8,VILLAGER,ALIVE,OKAMI
3,status,9,VILLAGER,ALIVE,Takeda7
3,status,10,WEREWOLF,DEAD,Takeda13
3,status,11,VILLAGER,ALIVE,sample_py
3,status,12,BODYGUARD,ALIVE,sample_py
3,status,13,VILLAGER,DEAD,TOKU9
3,status,14,WEREWOLF,DEAD,TOKU6
3,status,15,SEER,DEAD,SampleJava5
3,talk,0,0,12,VOTE Agent[02]
3,talk,1,0,5,VOTE Agent[09]
3,talk,2,0,1,DIVINED Agent[12] HUMAN
3,talk,3,0,8,VOTE Agent[01]
3,talk,4,0,7,VOTE Agent[03]
3,talk,5,0,11,VOTE Agent[02]
3,talk,6,0,3,IDENTIFIED Agent[14] WEREWOLF
3,talk,7,0,9,VOTE Agent[05]
3,talk,8,0,6,VOTE Agent[09]
3,talk,9,0,2,VOTE Agent[01]
3,talk,10,0,4,VOTE Agent[09]
3,talk,11,1,4,Skip
3,talk,12,1,9,Skip
3,talk,13,1,2,Skip
3,talk,14,1,12,Skip
3,talk,15,1,7,Skip
3,talk,16,1,3,VOTE Agent[09]
3,talk,17,1,8,COMINGOUT Agent[08] VILLAGER
3,talk,18,1,5,Skip
3,talk,19,1,6,Skip
3,talk,20,1,11,Skip
3,talk,21,1,1,VOTE Agent[02]
3,talk,22,2,4,VOTE Agent[05]
3,talk,23,2,12,Skip
3,talk,24,2,8,VOTE Agent[01]
3,talk,25,2,5,VOTE Agent[06]
3,talk,26,2,9,Skip
3,talk,27,2,3,VOTE Agent[05]
3,talk,28,2,11,Skip
3,talk,29,2,6,VOTE Agent[05]
3,talk,30,2,1,VOTE Agent[02]
3,talk,31,2,7,Skip
3,talk,32,2,2,Skip
3,talk,33,3,5,VOTE Agent[09]
3,talk,34,3,11,Over
3,talk,35,3,12,Over
3,talk,36,3,9,Over
3,talk,37,3,2,Over
3,talk,38,3,8,VOTE Agent[01]
3,talk,39,3,7,Over
3,talk,40,3,3,Skip
3,talk,41,3,4,Skip
3,talk,42,3,6,Skip
3,talk,43,3,1,VOTE Agent[02]
3,talk,44,4,9,Over
3,talk,45,4,6,Skip
3,talk,46,4,4,Skip
3,talk,47,4,1,VOTE Agent[02]
3,talk,48,4,5,Skip
3,talk,49,4,12,Over
3,talk,50,4,11,Over
3,talk,51,4,3,Skip
3,talk,52,4,8,VOTE Agent[01]
3,talk,53,4,7,Over
3,talk,54,4,2,Over
3,talk,55,5,9,Over
3,talk,56,5,6,Over
3,talk,57,5,7,Over
3,talk,58,5,12,Over
3,talk,59,5,2,Over
3,talk,60,5,1,VOTE Agent[02]
3,talk,61,5,5,Skip
3,talk,62,5,4,Over
3,talk,63,5,11,Over
3,talk,64,5,8,VOTE Agent[01]
3,talk,65,5,3,Over
3,talk,66,6,1,VOTE Agent[02]
3,talk,67,6,4,Over
3,talk,68,6,5,Over
3,talk,69,6,2,Over
3,talk,70,6,6,Over
3,talk,71,6,3,Over
3,talk,72,6,9,Over
3,talk,73,6,7,Over
3,talk,74,6,12,Over
3,talk,75,6,11,Over
3,talk,76,6,8,VOTE Agent[01]
3,talk,77,7,7,Over
3,talk,78,7,6,Over
3,talk,79,7,1,VOTE Agent[02]
3,talk,80,7,9,Over
3,talk,81,7,12,Over
3,talk,82,7,11,Over
3,talk,83,7,4,Over
3,talk,84,7,8,VOTE Agent[01]
3,talk,85,7,2,Over
3,talk,86,7,5,Over
3,talk,87,7,3,Over
3,talk,88,8,12,Over
3,talk,89,8,11,Over
3,talk,90,8,1,VOTE Agent[02]
3,talk,91,8,6,Over
3,talk,92,8,4,Over
3,talk,93,8,8,VOTE Agent[01]
3,talk,94,8,5,Over
3,talk,95,8,3,Over
3,talk,96,8,2,Over
3,talk,97,8,7,Over
3,talk,98,8,9,Over
3,talk,99,9,5,Over
3,talk,100,9,9,Over
3,talk,101,9,2,Over
3,talk,102,9,3,Over
3,talk,103,9,1,Over
3,talk,104,9,6,Over
3,talk,105,9,4,Over
3,talk,106,9,7,Over
3,talk,107,9,12,Over
3,talk,108,9,8,Over
3,talk,109,9,11,Over
3,vote,1,2
3,vote,2,1
3,vote,3,5
3,vote,4,5
3,vote,5,9
3,vote,6,5
3,vote,7,3
3,vote,8,1
3,vote,9,5
3,vote,11,2
3,vote,12,2
3,execute,5,WEREWOLF
3,guard,12,1,POSSESSED
4,status,1,POSSESSED,ALIVE,OKAMI
4,status,2,VILLAGER,ALIVE,sample_py
4,status,3,MEDIUM,ALIVE,Takeda8
4,status,4,VILLAGER,ALIVE,Takeda1
4,status,5,WEREWOLF,DEAD,TOKU11
4,status,6,VILLAGER,ALIVE,Takeda10
4,status,7,VILLAGER,ALIVE,Tomato0
4,status,8,VILLAGER,ALIVE,OKAMI
4,status,9,VILLAGER,ALIVE,Takeda7
4,status,10,WEREWOLF,DEAD,Takeda13
4,status,11,VILLAGER,ALIVE,sample_py
4,status,12,BODYGUARD,ALIVE,sample_py
4,status,13,VILLAGER,DEAD,TOKU9
4,status,14,WEREWOLF,DEAD,TOKU6
4,status,15,SEER,DEAD,SampleJava5
4,result,10,0,VILLAGER
