0,status,1,WEREWOLF,ALIVE,OKAMI
0,status,2,MEDIUM,ALIVE,sample_py
0,status,3,WEREWOLF,ALIVE,Takeda8
0,status,4,POSSESSED,ALIVE,Takeda1
0,status,5,VILLAGER,ALIVE,TOKU11
0,status,6,VILLAGER,ALIVE,Takeda10
0,status,7,VILLAGER,ALIVE,Tomato0
0,status,8,VILLAGER,ALIVE,OKAMI
0,status,9,WEREWOLF,ALIVE,Takeda7
0,status,10,VILLAGER,ALIVE,Takeda13
0,status,11,BODYGUARD,ALIVE,sample_py
0,status,12,VILLAGER,ALIVE,sample_py
0,status,13,SEER,ALIVE,TOKU9
0,status,14,VILLAGER,ALIVE,TOKU6
0,status,15,VILLAGER,ALIVE,SampleJava5
0,whisper,0,0,3,Skip
0,whisper,1,0,1,COMINGOUT Agent[01] MEDIUM
0,whisper,2,0,9,Skip
0,whisper,3,1,3,Skip
0,whisper,4,1,1,Skip
0,whisper,5,1,9,Skip
0,whisper,6,2,1,Skip
0,whisper,7,2,3,Over
0,whisper,8,2,9,Over
0,whisper,9,3,1,Over
0,whisper,10,3,3,Over
0,whisper,11,3,9,Over
0,divine,13,3,WEREWOLF
1,status,1,WEREWOLF,ALIVE,OKAMI
1,status,2,MEDIUM,ALIVE,sample_py
1,status,3,WEREWOLF,ALIVE,Takeda8
1,status,4,POSSESSED,ALIVE,Takeda1
1,status,5,VILLAGER,ALIVE,TOKU11
1,status,6,VILLAGER,ALIVE,Takeda10
1,status,7,VILLAGER,ALIVE,Tomato0
1,status,8,VILLAGER,ALIVE,OKAMI
1,status,9,WEREWOLF,ALIVE,Takeda7
1,status,10,VILLAGER,ALIVE,Takeda13
1,status,11,BODYGUARD,ALIVE,sample_py
1,status,12,VILLAGER,ALIVE,sample_py
1,status,13,SEER,ALIVE,TOKU9
1,status,14,VILLAGER,ALIVE,TOKU6
1,status,15,VILLAGER,ALIVE,SampleJava5
1,talk,0,0,11,VOTE Agent[08]
1,talk,1,0,10,VOTE Agent[08]
1,talk,2,0,14,VOTE Agent[08]
1,talk,3,0,1,COMINGOUT Agent[01] MEDIUM
1,talk,4,0,5,VOTE Agent[08]
1,talk,5,0,9,Skip
1,talk,6,0,2,VOTE Agent[01]
1,talk,7,0,15,VOTE Agent[04]
1,talk,8,0,4,COMINGOUT Agent[04] SEER
1,talk,9,0,8,VOTE Agent[04]
1,talk,10,0,12,VOTE Agent[08]
1,talk,11,0,7,VOTE Agent[08]
1,talk,12,0,13,COMINGOUT Agent[13] SEER
1,talk,13,0,6,VOTE Agent[04]
1,talk,14,0,3,Skip
1,talk,15,1,9,VOTE Agent[05]
1,talk,16,1,12,Skip
1,talk,17,1,13,DIVINED Agent[03] WEREWOLF
1,talk,18,1,10,VOTE Agent[01]
1,talk,19,1,8,COMINGOUT Agent[08] VILLAGER
1,talk,20,1,5,Skip
1,talk,21,1,15,REQUEST ANY (VOTE Agent[04])
1,talk,22,1,3,VOTE Agent[12]
1,talk,23,1,11,VOTE Agent[03]
1,talk,24,1,7,VOTE Agent[04]
1,talk,25,1,14,VOTE Agent[05]
1,talk,26,1,6,VOTE Agent[01]
1,talk,27,1,1,VOTE Agent[08]
1,talk,28,1,2,Skip
1,talk,29,1,4,DIVINED Agent[07] WEREWOLF
1,talk,30,2,11,Skip
1,talk,31,2,14,VOTE Agent[01]
1,talk,32,2,3,VOTE Agent[14]
1,talk,33,2,15,Skip
1,talk,34,2,2,Skip
1,talk,35,2,13,VOTE Agent[03]
1,talk,36,2,6,Skip
1,talk,37,2,10,Skip
1,talk,38,2,1,VOTE Agent[07]
1,talk,39,2,8,VOTE Agent[07]
1,talk,40,2,7,VOTE Agent[01]
1,talk,41,2,12,VOTE Agent[03]
1,talk,42,2,9,Skip
1,talk,43,2,4,VOTE Agent[07]
1,talk,44,2,5,VOTE Agent[01]
1,talk,45,3,5,Skip
1,talk,46,3,3,VOTE Agent[05]
1,talk,47,3,6,Skip
1,talk,48,3,14,Skip
1,talk,49,3,4,VOTE Agent[01]
1,talk,50,3,7,Skip
1,talk,51,3,2,Over
1,talk,52,3,1,VOTE Agent[07]
1,talk,53,3,10,Skip
1,talk,54,3,11,Skip
1,talk,55,3,13,VOTE Agent[01]
1,talk,56,3,8,VOTE Agent[07]
1,talk,57,3,9,VOTE Agent[01]
1,talk,58,3,15,Skip
1,talk,59,3,12,Skip
1,talk,60,4,8,VOTE Agent[07]
1,talk,61,4,5,Skip
1,talk,62,4,1,VOTE Agent[07]
1,talk,63,4,4,Skip
1,talk,64,4,12,Skip
1,talk,65,4,3,VOTE Agent[01]
1,talk,66,4,9,Skip
1,talk,67,4,10,Over
1,talk,68,4,15,Over
1,talk,69,4,6,Over
1,talk,70,4,7,Skip
1,talk,71,4,11,Over
1,talk,72,4,14,Skip
1,talk,73,4,13,VOTE Agent[01]
1,talk,74,4,2,Over
1,talk,75,5,2,Over
1,talk,76,5,12,Over
1,talk,77,5,8,VOTE Agent[07]
1,talk,78,5,14,Over
1,talk,79,5,4,Skip
1,talk,80,5,13,VOTE Agent[01]
1,talk,81,5,15,Over
1,talk,82,5,9,Skip
1,talk,83,5,5,Over
1,talk,84,5,11,Over
1,talk,85,5,1,VOTE Agent[07]
1,talk,86,5,6,Over
1,talk,87,5,10,Over
1,talk,88,5,7,Over
1,talk,89,5,3,Skip
1,talk,90,6,7,Over
1,talk,91,6,2,Over
1,talk,92,6,5,Over
1,talk,93,6,10,Over
1,talk,94,6,1,VOTE Agent[07]
1,talk,95,6,3,Skip
1,talk,96,6,8,VOTE Agent[07]
1,talk,97,6,6,Over
1,talk,98,6,12,Over
1,talk,99,6,4,Over
1,talk,100,6,14,Over
1,talk,101,6,13,VOTE Agent[01]
1,talk,102,6,15,Over
1,talk,103,6,11,Over
1,talk,104,6,9,Over
1,talk,105,7,1,VOTE Agent[07]
1,talk,106,7,14,Over
1,talk,107,7,10,Over
1,talk,108,7,11,Over
1,talk,109,7,8,VOTE Agent[07]
1,talk,110,7,15,Over
1,talk,111,7,4,Over
1,talk,112,7,5,Over
1,talk,113,7,12,Over
1,talk,114,7,2,Over
1,talk,115,7,9,Over
1,talk,116,7,6,Over
1,talk,117,7,3,Over
1,talk,118,7,7,Over
1,talk,119,7,13,VOTE Agent[01]
1,talk,120,8,10,Over
1,talk,121,8,13,VOTE Agent[01]
1,talk,122,8,14,Over
1,talk,123,8,1,VOTE Agent[07]
1,talk,124,8,12,Over
1,talk,125,8,11,Over
1,talk,126,8,2,Over
1,talk,127,8,5,Over
1,talk,128,8,3,Over
1,talk,129,8,15,Over
1,talk,130,8,4,Over
1,talk,131,8,7,Over
1,talk,132,8,6,Over
1,talk,133,8,8,VOTE Agent[07]
1,talk,134,8,9,Over
1,talk,135,9,11,Over
1,talk,136,9,5,Over
1,talk,137,9,14,Over
1,talk,138,9,6,Over
1,talk,139,9,7,Over
1,talk,140,9,9,Over
1,talk,141,9,12,Over
1,talk,142,9,3,Over
1,talk,143,9,1,Over
1,talk,144,9,4,Over
1,talk,145,9,10,Over
1,talk,146,9,2,Over
1,talk,147,9,8,Over
1,talk,148,9,13,VOTE Agent[01]
1,talk,149,9,15,Over
1,talk,150,10,5,Over
1,talk,151,10,13,Over
1,talk,152,10,2,Over
1,talk,153,10,4,Over
1,talk,154,10,14,Over
1,talk,155,10,1,Over
1,talk,156,10,10,Over
1,talk,157,10,7,Over
1,talk,158,10,8,Over
1,talk,159,10,12,Over
1,talk,160,10,3,Over
1,talk,161,10,15,Over
1,talk,162,10,6,Over
1,talk,163,10,9,Over
1,talk,164,10,11,Over
1,vote,1,7
1,vote,2,1
1,vote,3,1
1,vote,4,7
1,vote,5,1
1,vote,6,1
1,vote,7,1
1,vote,8,7
1,vote,9,1
1,vote,10,1
1,vote,11,3
1,vote,12,3
1,vote,13,1
1,vote,14,1
1,vote,15,6
1,execute,1,WEREWOLF
1,divine,13,5,HUMAN
1,whisper,0,0,3,Skip
1,whisper,1,0,9,Skip
1,whisper,2,1,9,Skip
1,whisper,3,1,3,Skip
1,whisper,4,2,9,Over
1,whisper,5,2,3,Over
1,guard,11,4,POSSESSED
1,attackVote,3,15
1,attackVote,9,15
1,attack,15,true
2,status,1,WEREWOLF,DEAD,OKAMI
2,status,2,MEDIUM,ALIVE,sample_py
2,status,3,WEREWOLF,ALIVE,Takeda8
2,status,4,POSSESSED,ALIVE,Takeda1
2,status,5,VILLAGER,ALIVE,TOKU11
2,status,6,VILLAGER,ALIVE,Takeda10
2,status,7,VILLAGER,ALIVE,Tomato0
2,status,8,VILLAGER,ALIVE,OKAMI
2,status,9,WEREWOLF,ALIVE,Takeda7
2,status,10,VILLAGER,ALIVE,Takeda13
2,status,11,BODYGUARD,ALIVE,sample_py
2,status,12,VILLAGER,ALIVE,sample_py
2,status,13,SEER,ALIVE,TOKU9
2,status,14,VILLAGER,ALIVE,TOKU6
2,status,15,VILLAGER,DEAD,SampleJava5
2,talk,0,0,5,VOTE Agent[03]
2,talk,1,0,12,VOTE Agent[03]
2,talk,2,0,14,VOTE Agent[05]
2,talk,3,0,9,VOTE Agent[05]
2,talk,4,0,13,DIVINED Agent[05] HUMAN
2,talk,5,0,2,COMINGOUT Agent[02] MEDIUM
2,talk,6,0,8,VOTE Agent[03]
2,talk,7,0,11,VOTE Agent[07]
2,talk,8,0,6,VOTE Agent[05]
2,talk,9,0,7,VOTE Agent[05]
2,talk,10,0,3,VOTE Agent[05]
2,talk,11,0,4,DIVINED Agent[05] HUMAN
2,talk,12,0,10,VOTE Agent[05]
2,talk,13,1,8,COMINGOUT Agent[08] VILLAGER
2,talk,14,1,11,Skip
2,talk,15,1,13,VOTE Agent[03]
2,talk,16,1,2,IDENTIFIED Agent[01] WEREWOLF
2,talk,17,1,12,Skip
2,talk,18,1,6,VOTE Agent[14]
2,talk,19,1,4,VOTE Agent[07]
2,talk,20,1,14,VOTE Agent[11]
2,talk,21,1,9,VOTE Agent[14]
2,talk,22,1,3,VOTE Agent[14]
2,talk,23,1,10,VOTE Agent[03]
2,talk,24,1,5,Skip
2,talk,25,1,7,VOTE Agent[03]
2,talk,26,2,12,Skip
2,talk,27,2,10,Skip
2,talk,28,2,2,VOTE Agent[07]
2,talk,29,2,3,VOTE Agent[06]
2,talk,30,2,5,Skip
2,talk,31,2,11,Skip
2,talk,32,2,7,Skip
2,talk,33,2,14,VOTE Agent[06]
2,talk,34,2,13,VOTE Agent[03]
2,talk,35,2,9,Skip
2,talk,36,2,6,Skip
2,talk,37,2,8,VOTE Agent[07]
2,talk,38,2,4,Skip
2,talk,39,3,5,Over
2,talk,40,3,10,VOTE Agent[06]
2,talk,41,3,4,Skip
2,talk,42,3,11,Over
2,talk,43,3,7,VOTE Agent[06]
2,talk,44,3,2,Skip
2,talk,45,3,14,VOTE Agent[03]
2,talk,46,3,3,Skip
2,talk,47,3,13,VOTE Agent[03]
2,talk,48,3,8,VOTE Agent[07]
2,talk,49,3,12,Over
2,talk,50,3,6,Skip
2,talk,51,3,9,VOTE Agent[06]
2,talk,52,4,3,Skip
2,talk,53,4,9,Skip
2,talk,54,4,10,Skip
2,talk,55,4,12,Over
2,talk,56,4,4,Over
2,talk,57,4,8,VOTE Agent[07]
2,talk,58,4,6,VOTE Agent[03]
2,talk,59,4,11,Over
2,talk,60,4,13,VOTE Agent[03]
2,talk,61,4,5,VOTE Agent[06]
2,talk,62,4,2,Skip
2,talk,63,4,14,Skip
2,talk,64,4,7,VOTE Agent[03]
2,talk,65,5,4,Over
2,talk,66,5,8,VOTE Agent[07]
2,talk,67,5,9,Skip
2,talk,68,5,5,VOTE Agent[03]
2,talk,69,5,12,Over
2,talk,70,5,2,Over
2,talk,71,5,10,Skip
2,talk,72,5,14,Skip
2,talk,73,5,11,Over
2,talk,74,5,6,Skip
2,talk,75,5,7,Skip
2,talk,76,5,3,Over
2,talk,77,5,13,VOTE Agent[03]
2,talk,78,6,5,VOTE Agent[06]
2,talk,79,6,4,Over
2,talk,80,6,13,VOTE Agent[03]
2,talk,81,6,12,Over
2,talk,82,6,6,Skip
2,talk,83,6,10,VOTE Agent[14]
2,talk,84,6,2,Over
2,talk,85,6,7,Skip
2,talk,86,6,14,Over
2,talk,87,6,9,Over
2,talk,88,6,3,VOTE Agent[14]
2,talk,89,6,11,Over
2,talk,90,6,8,VOTE Agent[07]
2,talk,91,7,10,Skip
2,talk,92,7,8,VOTE Agent[07]
2,talk,93,7,14,Over
2,talk,94,7,9,Over
2,talk,95,7,2,Over
2,talk,96,7,13,VOTE Agent[03]
2,talk,97,7,6,Over
2,talk,98,7,7,Over
2,talk,99,7,12,Over
2,talk,100,7,3,Skip
2,talk,101,7,5,Skip
2,talk,102,7,4,Over
2,talk,103,7,11,Over
2,talk,104,8,10,Skip
2,talk,105,8,2,Over
2,talk,106,8,12,Over
2,talk,107,8,13,VOTE Agent[03]
2,talk,108,8,4,Over
2,talk,109,8,5,Skip
2,talk,110,8,6,Over
2,talk,111,8,7,Over
2,talk,112,8,9,Over
2,talk,113,8,8,VOTE Agent[07]
2,talk,114,8,14,VOTE Agent[06]
2,talk,115,8,11,Over
2,talk,116,8,3,Skip
2,talk,117,9,13,VOTE Agent[03]
2,talk,118,9,6,Over
2,talk,119,9,8,Over
2,talk,120,9,9,Over
2,talk,121,9,12,Over
2,talk,122,9,14,VOTE Agent[03]
2,talk,123,9,11,Over
2,talk,124,9,5,Over
2,talk,125,9,7,Over
2,talk,126,9,4,Over
2,talk,127,9,2,Over
2,talk,128,9,3,Over
2,talk,129,9,10,Over
2,talk,130,10,10,Over
2,talk,131,10,6,Over
2,talk,132,10,14,Skip
2,talk,133,10,7,Over
2,talk,134,10,9,Over
2,talk,135,10,11,Over
2,talk,136,10,2,Over
2,talk,137,10,5,Over
2,talk,138,10,8,Over
2,talk,139,10,13,Over
2,talk,140,10,3,VOTE Agent[06]
2,talk,141,10,4,Over
2,talk,142,10,12,Over
2,talk,143,11,3,Skip
2,talk,144,11,6,Over
2,talk,145,11,13,Over
2,talk,146,11,14,VOTE Agent[06]
2,talk,147,11,7,VOTE Agent[06]
2,talk,148,11,8,Over
2,talk,149,11,2,Over
2,talk,150,11,12,Over
2,talk,151,11,11,Over
2,talk,152,11,10,VOTE Agent[03]
2,talk,153,11,5,Over
2,talk,154,11,4,Over
2,talk,155,11,9,Over
2,talk,156,12,2,Over
2,talk,157,12,9,Over
2,talk,158,12,14,Skip
2,talk,159,12,8,Over
2,talk,160,12,13,Over
2,talk,161,12,11,Over
2,talk,162,12,3,Skip
2,talk,163,12,6,Over
2,talk,164,12,7,Skip
2,talk,165,12,12,Over
2,talk,166,12,4,Over
2,talk,167,12,10,Skip
2,talk,168,12,5,Over
2,talk,169,13,2,Over
2,talk,170,13,5,Over
2,talk,171,13,4,Over
2,talk,172,13,11,Over
2,talk,173,13,13,Over
2,talk,174,13,10,Skip
2,talk,175,13,14,Skip
2,talk,176,13,8,Over
2,talk,177,13,7,VOTE Agent[03]
2,talk,178,13,3,Over
2,talk,179,13,6,Over
2,talk,180,13,12,Over
2,talk,181,13,9,Over
2,talk,182,14,6,Over
2,talk,183,14,7,Skip
2,talk,184,14,5,Over
2,talk,185,14,8,Over
2,talk,186,14,3,Over
2,talk,187,14,9,Over
2,talk,188,14,14,VOTE Agent[03]
2,talk,189,14,11,Over
2,talk,190,14,2,Over
2,talk,191,14,13,Over
2,talk,192,14,12,Over
2,talk,193,14,4,Over
2,talk,194,14,10,Over
2,talk,195,15,7,Skip
2,talk,196,15,11,Over
2,talk,197,15,12,Over
2,talk,198,15,6,Over
2,talk,199,15,14,Skip
2,talk,200,15,13,Over
2,talk,201,15,8,Over
2,talk,202,15,9,Over
2,talk,203,15,5,VOTE Agent[03]
2,talk,204,15,10,Over
2,talk,205,15,4,Over
2,talk,206,15,3,VOTE Agent[06]
2,talk,207,15,2,Over
2,talk,208,16,3,VOTE Agent[06]
2,talk,209,16,9,VOTE Agent[03]
2,talk,210,16,8,Over
2,talk,211,16,13,Over
2,talk,212,16,10,Over
2,talk,213,16,5,VOTE Agent[06]
2,talk,214,16,7,Over
2,talk,215,16,12,Over
2,talk,216,16,4,Over
2,talk,217,16,14,Skip
2,talk,218,16,11,Over
2,talk,219,16,2,Over
2,talk,220,16,6,Over
2,talk,221,17,3,VOTE Agent[06]
2,talk,222,17,7,Over
2,talk,223,17,14,Over
2,talk,224,17,11,Over
2,talk,225,17,8,Over
2,talk,226,17,10,Over
2,talk,227,17,13,Over
2,talk,228,17,12,Over
2,talk,229,17,9,Skip
2,talk,230,17,5,Skip
2,talk,231,17,6,Over
2,talk,232,17,4,Over
2,talk,233,17,2,Over
2,talk,234,18,3,VOTE Agent[06]
2,talk,235,18,12,Over
2,talk,236,18,5,Skip
2,talk,237,18,7,Over
2,talk,238,18,10,Over
2,talk,239,18,6,Over
2,talk,240,18,2,Over
2,talk,241,18,4,Over
2,talk,242,18,11,Over
2,talk,243,18,8,Over
2,talk,244,18,13,Over
2,talk,245,18,9,Skip
2,talk,246,18,14,Over
2,talk,247,19,2,Over
2,talk,248,19,10,Over
2,talk,249,19,8,Over
2,talk,250,19,12,Over
2,talk,251,19,3,VOTE Agent[06]
2,talk,252,19,5,Over
2,talk,253,19,13,Over
2,talk,254,19,14,Over
2,talk,255,19,7,Over
2,talk,256,19,11,Over
2,talk,257,19,4,Over
2,talk,258,19,9,Over
2,talk,259,19,6,Over
2,vote,2,7
2,vote,3,6
2,vote,4,6
2,vote,5,3
2,vote,6,3
2,vote,7,3
2,vote,8,7
2,vote,9,3
2,vote,10,3
2,vote,11,7
2,vote,12,3
2,vote,13,3
2,vote,14,3
2,execute,3,WEREWOLF
2,divine,13,6,HUMAN
2,guard,11,4,POSSESSED
2,attackVote,9,2
2,attack,2,true
3,status,1,WEREWOLF,DEAD,OKAMI
3,status,2,MEDIUM,DEAD,sample_py
3,status,3,WEREWOLF,DEAD,Takeda8
3,status,4,POSSESSED,ALIVE,Takeda1
3,status,5,VILLAGER,ALIVE,TOKU11
3,status,6,VILLAGER,ALIVE,Takeda10
3,status,7,VILLAGER,ALIVE,Tomato0
3,status,8,VILLAGER,ALIVE,OKAMI
3,status,9,WEREWOLF,ALIVE,Takeda7
3,status,10,VILLAGER,ALIVE,Takeda13
3,status,11,BODYGUARD,ALIVE,sample_py
3,status,12,VILLAGER,ALIVE,sample_py
3,status,13,SEER,ALIVE,TOKU9
3,status,14,VILLAGER,ALIVE,TOKU6
3,status,15,VILLAGER,DEAD,SampleJava5
3,talk,0,0,9,VOTE Agent[06]
3,talk,1,0,14,VOTE Agent[06]
3,talk,2,0,11,VOTE Agent[07]
3,talk,3,0,5,VOTE Agent[06]
3,talk,4,0,4,DIVINED Agent[12] WEREWOLF
3,talk,5,0,13,DIVINED Agent[06] HUMAN
3,talk,6,0,8,VOTE Agent[07]
3,talk,7,0,6,VOTE Agent[14]
3,talk,8,0,7,VOTE Agent[04]
3,talk,9,0,10,VOTE Agent[06]
3,talk,10,0,12,VOTE Agent[04]
3,talk,11,1,8,COMINGOUT Agent[08] VILLAGER
3,talk,12,1,14,VOTE Agent[10]
3,talk,13,1,9,VOTE Agent[10]
3,talk,14,1,11,Skip
3,talk,15,1,12,Skip
3,talk,16,1,7,Skip
3,talk,17,1,6,VOTE Agent[10]
3,talk,18,1,5,VOTE Agent[10]
3,talk,19,1,10,VOTE Agent[14]
3,talk,20,1,4,VOTE Agent[07]
3,talk,21,1,13,VOTE Agent[10]
3,talk,22,2,13,VOTE Agent[10]
3,talk,23,2,14,Skip
3,talk,24,2,11,Skip
3,talk,25,2,7,Skip
3,talk,26,2,5,Skip
3,talk,27,2,10,Skip
3,talk,28,2,4,Skip
3,talk,29,2,8,VOTE Agent[07]
3,talk,30,2,6,Skip
3,talk,31,2,9,Skip
3,talk,32,2,12,Skip
3,talk,33,3,14,Skip
3,talk,34,3,9,Skip
3,talk,35,3,7,Over
3,talk,36,3,13,VOTE Agent[10]
3,talk,37,3,12,Over
3,talk,38,3,6,Skip
3,talk,39,3,11,Over
3,talk,40,3,5,Skip
3,talk,41,3,8,VOTE Agent[07]
3,talk,42,3,10,Skip
3,talk,43,3,4,Skip
3,talk,44,4,10,Over
3,talk,45,4,7,Over
3,talk,46,4,9,Over
3,talk,47,4,13,VOTE Agent[10]
3,talk,48,4,5,Over
3,talk,49,4,6,Over
3,talk,50,4,11,Over
3,talk,51,4,4,Over
3,talk,52,4,8,VOTE Agent[07]
3,talk,53,4,12,Over
3,talk,54,4,14,Over
3,talk,55,5,13,VOTE Agent[10]
3,talk,56,5,7,Over
3,talk,57,5,6,Over
3,talk,58,5,14,Over
3,talk,59,5,4,Over
3,talk,60,5,9,Over
3,talk,61,5,10,Over
3,talk,62,5,5,Over
3,talk,63,5,11,Over
3,talk,64,5,8,VOTE Agent[07]
3,talk,65,5,12,Over
3,talk,66,6,4,Over
3,talk,67,6,8,VOTE Agent[07]
3,talk,68,6,6,Over
3,talk,69,6,12,Over
3,talk,70,6,10,Over
3,talk,71,6,13,VOTE Agent[10]
3,talk,72,6,9,Over
3,talk,73,6,7,Over
3,talk,74,6,5,Over
3,talk,75,6,14,Over
3,talk,76,6,11,Over
3,talk,77,7,11,Over
3,talk,78,7,4,Over
3,talk,79,7,7,Over
3,talk,80,7,14,Over
3,talk,81,7,10,Over
3,talk,82,7,9,Over
3,talk,83,7,6,Over
3,talk,84,7,5,Over
3,talk,85,7,8,VOTE Agent[07]
3,talk,86,7,13,VOTE Agent[10]
3,talk,87,7,12,Over
3,talk,88,8,8,VOTE Agent[07]
3,talk,89,8,12,Over
3,talk,90,8,7,Over
3,talk,91,8,14,Over
3,talk,92,8,11,Over
3,talk,93,8,10,Over
3,talk,94,8,5,Over
3,talk,95,8,9,Over
3,talk,96,8,4,Over
3,talk,97,8,6,Over
3,talk,98,8,13,VOTE Agent[10]
3,talk,99,9,8,Over
3,talk,100,9,7,Over
3,talk,101,9,10,Over
3,talk,102,9,9,Over
3,talk,103,9,14,Over
3,talk,104,9,13,VOTE Agent[10]
3,talk,105,9,11,Over
3,talk,106,9,12,Over
3,talk,107,9,4,Over
3,talk,108,9,5,Over
3,talk,109,9,6,Over
3,talk,110,10,10,Over
3,talk,111,10,11,Over
3,talk,112,10,12,Over
3,talk,113,10,14,Over
3,talk,114,10,7,Over
3,talk,115,10,13,Over
3,talk,116,10,5,Over
3,talk,117,10,8,Over
3,talk,118,10,4,Over
3,talk,119,10,9,Over
3,talk,120,10,6,Over
3,vote,4,14
3,vote,5,10
3,vote,6,10
3,vote,7,4
3,vote,8,7
3,vote,9,10
3,vote,10,14
3,vote,11,7
3,vote,12,4
3,vote,13,10
3,vote,14,10
3,execute,10,VILLAGER
3,divine,13,14,HUMAN
3,guard,11,4,POSSESSED
3,attackVote,9,13
3,attack,13,true
4,status,1,WEREWOLF,DEAD,OKAMI
4,status,2,MEDIUM,DEAD,sample_py
4,status,3,WEREWOLF,DEAD,Takeda8
4,status,4,POSSESSED,ALIVE,Takeda1
4,status,5,VILLAGER,ALIVE,TOKU11
4,status,6,VILLAGER,ALIVE,Takeda10
4,status,7,VILLAGER,ALIVE,Tomato0
4,status,8,VILLAGER,ALIVE,OKAMI
4,status,9,WEREWOLF,ALIVE,Takeda7
4,status,10,VILLAGER,DEAD,Takeda13
4,status,11,BODYGUARD,ALIVE,sample_py
4,status,12,VILLAGER,ALIVE,sample_py
4,status,13,SEER,DEAD,TOKU9
4,status,14,VILLAGER,ALIVE,TOKU6
4,status,15,VILLAGER,DEAD,SampleJava5
4,talk,0,0,5,VOTE Agent[14]
4,talk,1,0,6,VOTE Agent[14]
4,talk,2,0,12,VOTE Agent[04]
4,talk,3,0,7,VOTE Agent[04]
4,talk,4,0,4,DIVINED Agent[06] WEREWOLF
4,talk,5,0,11,VOTE Agent[12]
4,talk,6,0,9,VOTE Agent[14]
4,talk,7,0,8,VOTE Agent[12]
4,talk,8,0,14,VOTE Agent[09]
4,talk,9,1,4,VOTE Agent[06]
4,talk,10,1,6,Skip
4,talk,11,1,7,Skip
4,talk,12,1,5,Skip
4,talk,13,1,8,COMINGOUT Agent[08] VILLAGER
4,talk,14,1,11,Skip
4,talk,15,1,9,Skip
4,talk,16,1,14,Skip
4,talk,17,1,12,Skip
4,talk,18,2,14,Skip
4,talk,19,2,5,Skip
4,talk,20,2,9,Skip
4,talk,21,2,12,Skip
4,talk,22,2,6,Skip
4,talk,23,2,8,VOTE Agent[06]
4,talk,24,2,4,Skip
4,talk,25,2,7,Skip
4,talk,26,2,11,Skip
4,talk,27,3,4,Skip
4,talk,28,3,5,Over
4,talk,29,3,11,Over
4,talk,30,3,12,Over
4,talk,31,3,9,Over
4,talk,32,3,8,VOTE Agent[06]
4,talk,33,3,6,Over
4,talk,34,3,14,Over
4,talk,35,3,7,Over
4,talk,36,4,5,Over
4,talk,37,4,11,Over
4,talk,38,4,14,Over
4,talk,39,4,4,Over
4,talk,40,4,12,Over
4,talk,41,4,6,Over
4,talk,42,4,7,Over
4,talk,43,4,8,VOTE Agent[12]
4,talk,44,4,9,Over
4,talk,45,5,8,VOTE Agent[06]
4,talk,46,5,9,Over
4,talk,47,5,5,Over
4,talk,48,5,7,Over
4,talk,49,5,6,Over
4,talk,50,5,11,Over
4,talk,51,5,14,Over
4,talk,52,5,4,Over
4,talk,53,5,12,Over
4,talk,54,6,6,Over
4,talk,55,6,8,VOTE Agent[12]
4,talk,56,6,12,Over
4,talk,57,6,4,Over
4,talk,58,6,7,Over
4,talk,59,6,5,Over
4,talk,60,6,9,Over
4,talk,61,6,11,Over
4,talk,62,6,14,Over
4,talk,63,7,5,Over
4,talk,64,7,6,Over
4,talk,65,7,4,Over
4,talk,66,7,14,Over
4,talk,67,7,11,Over
4,talk,68,7,9,Over
4,talk,69,7,12,Over
4,talk,70,7,7,Over
4,talk,71,7,8,VOTE Agent[12]
4,talk,72,8,7,Over
4,talk,73,8,9,Over
4,talk,74,8,14,Over
4,talk,75,8,6,Over
4,talk,76,8,12,Over
4,talk,77,8,11,Over
4,talk,78,8,4,Over
4,talk,79,8,5,Over
4,talk,80,8,8,VOTE Agent[06]
4,talk,81,9,14,Over
4,talk,82,9,4,Over
4,talk,83,9,7,Over
4,talk,84,9,8,Over
4,talk,85,9,11,Over
4,talk,86,9,5,Over
4,talk,87,9,12,Over
4,talk,88,9,6,Over
4,talk,89,9,9,Over
4,vote,4,9
4,vote,5,14
4,vote,6,14
4,vote,7,4
4,vote,8,12
4,vote,9,14
4,vote,11,12
4,vote,12,4
4,vote,14,9
4,execute,14,VILLAGER
4,guard,11,4,POSSESSED
4,attackVote,9,7
4,attack,7,true
5,status,1,WEREWOLF,DEAD,OKAMI
5,status,2,MEDIUM,DEAD,sample_py
5,status,3,WEREWOLF,DEAD,Takeda8
5,status,4,POSSESSED,ALIVE,Takeda1
5,status,5,VILLAGER,ALIVE,TOKU11
5,status,6,VILLAGER,ALIVE,Takeda10
5,status,7,VILLAGER,DEAD,Tomato0
5,status,8,VILLAGER,ALIVE,OKAMI
5,status,9,WEREWOLF,ALIVE,Takeda7
5,status,10,VILLAGER,DEAD,Takeda13
5,status,11,BODYGUARD,ALIVE,sample_py
5,status,12,VILLAGER,ALIVE,sample_py
5,status,13,SEER,DEAD,TOKU9
5,status,14,VILLAGER,DEAD,TOKU6
5,status,15,VILLAGER,DEAD,SampleJava5
5,talk,0,0,9,VOTE Agent[11]
5,talk,1,0,12,VOTE Agent[04]
5,talk,2,0,6,VOTE Agent[09]
5,talk,3,0,4,DIVINED Agent[11] WEREWOLF
5,talk,4,0,11,VOTE Agent[04]
5,talk,5,0,8,VOTE Agent[09]
5,talk,6,0,5,VOTE Agent[09]
5,talk,7,1,4,VOTE Agent[06]
5,talk,8,1,8,COMINGOUT Agent[08] VILLAGER
5,talk,9,1,12,Skip
5,talk,10,1,9,Skip
5,talk,11,1,11,Skip
5,talk,12,1,5,Skip
5,talk,13,1,6,Skip
5,talk,14,2,12,Skip
5,talk,15,2,11,Skip
5,talk,16,2,8,VOTE Agent[06]
5,talk,17,2,5,Skip
5,talk,18,2,4,Skip
5,talk,19,2,6,Skip
5,talk,20,2,9,Skip
5,talk,21,3,5,Over
5,talk,22,3,9,Over
5,talk,23,3,8,VOTE Agent[06]
5,talk,24,3,11,Over
5,talk,25,3,12,Over
5,talk,26,3,4,Skip
5,talk,27,3,6,Over
5,talk,28,4,9,Over
5,talk,29,4,11,Over
5,talk,30,4,8,VOTE Agent[06]
5,talk,31,4,6,Over
5,talk,32,4,4,Over
5,talk,33,4,12,Over
5,talk,34,4,5,Over
5,talk,35,5,11,Over
5,talk,36,5,4,Over
5,talk,37,5,12,Over
5,talk,38,5,8,VOTE Agent[06]
5,talk,39,5,5,Over
5,talk,40,5,9,Over
5,talk,41,5,6,Over
5,talk,42,6,11,Over
5,talk,43,6,9,Over
5,talk,44,6,12,Over
5,talk,45,6,4,Over
5,talk,46,6,5,Over
5,talk,47,6,8,VOTE Agent[06]
5,talk,48,6,6,Over
5,talk,49,7,11,Over
5,talk,50,7,4,Over
5,talk,51,7,8,VOTE Agent[06]
5,talk,52,7,12,Over
5,talk,53,7,5,Over
5,talk,54,7,9,Over
5,talk,55,7,6,Over
5,talk,56,8,4,Over
5,talk,57,8,6,Over
5,talk,58,8,11,Over
5,talk,59,8,8,VOTE Agent[06]
5,talk,60,8,9,Over
5,talk,61,8,5,Over
5,talk,62,8,12,Over
5,talk,63,9,4,Over
5,talk,64,9,9,Over
5,talk,65,9,11,Over
5,talk,66,9,12,Over
5,talk,67,9,8,Over
5,talk,68,9,5,Over
5,talk,69,9,6,Over
5,vote,4,11
5,vote,5,9
5,vote,6,9
5,vote,8,6
5,vote,9,11
5,vote,11,4
5,vote,12,4
5,vote,4,11
5,vote,5,9
5,vote,6,9
5,vote,8,6
5,vote,9,11
5,vote,11,4
5,vote,12,4
5,execute,9,WEREWOLF
5,guard,11,4,POSSESSED
6,status,1,WEREWOLF,DEAD,OKAMI
6,status,2,MEDIUM,DEAD,sample_py
6,status,3,WEREWOLF,DEAD,Takeda8
6,status,4,POSSESSED,ALIVE,Takeda1
6,status,5,VILLAGER,ALIVE,TOKU11
6,status,6,VILLAGER,ALIVE,Takeda10
6,status,7,VILLAGER,DEAD,Tomato0
6,status,8,VILLAGER,ALIVE,OKAMI
6,status,9,WEREWOLF,DEAD,Takeda7
6,status,10,VILLAGER,DEAD,Takeda13
6,status,11,BODYGUARD,ALIVE,sample_py
6,status,12,VILLAGER,ALIVE,sample_py
6,status,13,SEER,DEAD,TOKU9
6,status,14,VILLAGER,DEAD,TOKU6
6,status,15,VILLAGER,DEAD,SampleJava5
6,result,6,0,VILLAGER
