0,status,1,WEREWOLF,ALIVE,OKAMI
0,status,2,VILLAGER,ALIVE,sample_py
0,status,3,WEREWOLF,ALIVE,Takeda8
0,status,4,VILLAGER,ALIVE,Takeda1
0,status,5,VILLAGER,ALIVE,TOKU11
0,status,6,VILLAGER,ALIVE,Takeda10
0,status,7,VILLAGER,ALIVE,Tomato0
0,status,8,WEREWOLF,ALIVE,OKAMI
0,status,9,VILLAGER,ALIVE,Takeda7
0,status,10,VILLAGER,ALIVE,Takeda13
0,status,11,SEER,ALIVE,sample_py
0,status,12,MEDIUM,ALIVE,sample_py
0,status,13,POSSESSED,ALIVE,TOKU9
0,status,14,BODYGUARD,ALIVE,TOKU6
0,status,15,VILLAGER,ALIVE,SampleJava5
0,whisper,0,0,3,Skip
0,whisper,1,0,1,COMINGOUT Agent[01] VILLAGER
0,whisper,2,0,8,COMINGOUT Agent[08] MEDIUM
0,whisper,3,1,3,Skip
0,whisper,4,1,1,Skip
0,whisper,5,1,8,Skip
0,whisper,6,2,8,Skip
0,whisper,7,2,1,Skip
0,whisper,8,2,3,Over
0,whisper,9,3,8,Over
0,whisper,10,3,3,Over
0,whisper,11,3,1,Over
0,divine,11,1,WEREWOLF
1,status,1,WEREWOLF,ALIVE,OKAMI
1,status,2,VILLAGER,ALIVE,sample_py
1,status,3,WEREWOLF,ALIVE,Takeda8
1,status,4,VILLAGER,ALIVE,Takeda1
1,status,5,VILLAGER,ALIVE,TOKU11
1,status,6,VILLAGER,ALIVE,Takeda10
1,status,7,VILLAGER,ALIVE,Tomato0
1,status,8,WEREWOLF,ALIVE,OKAMI
1,status,9,VILLAGER,ALIVE,Takeda7
1,status,10,VILLAGER,ALIVE,Takeda13
1,status,11,SEER,ALIVE,sample_py
1,status,12,MEDIUM,ALIVE,sample_py
1,status,13,POSSESSED,ALIVE,TOKU9
1,status,14,BODYGUARD,ALIVE,TOKU6
1,status,15,VILLAGER,ALIVE,SampleJava5
1,talk,0,0,8,COMINGOUT Agent[08] MEDIUM
1,talk,1,0,12,VOTE Agent[08]
1,talk,2,0,6,VOTE Agent[08]
1,talk,3,0,10,VOTE Agent[08]
1,talk,4,0,5,VOTE Agent[08]
1,talk,5,0,9,VOTE Agent[08]
1,talk,6,0,11,COMINGOUT Agent[11] SEER
1,talk,7,0,3,Skip
1,talk,8,0,13,COMINGOUT Agent[13] SEER
1,talk,9,0,2,VOTE Agent[10]
1,talk,10,0,15,VOTE Agent[04]
1,talk,11,0,7,VOTE Agent[08]
1,talk,12,0,4,VOTE Agent[07]
1,talk,13,0,1,VOTE Agent[07]
1,talk,14,0,14,VOTE Agent[08]
1,talk,15,1,10,VOTE Agent[04]
1,talk,16,1,2,Skip
1,talk,17,1,7,Skip
1,talk,18,1,12,Skip
1,talk,19,1,5,Skip
1,talk,20,1,1,VOTE Agent[04]
1,talk,21,1,11,DIVINED Agent[01] WEREWOLF
1,talk,22,1,13,DIVINED Agent[07] WEREWOLF
1,talk,23,1,15,REQUEST ANY (VOTE Agent[04])
1,talk,24,1,14,Skip
1,talk,25,1,3,VOTE Agent[15]
1,talk,26,1,4,VOTE Agent[03]
1,talk,27,1,6,VOTE Agent[03]
1,talk,28,1,9,VOTE Agent[03]
1,talk,29,1,8,VOTE Agent[07]
1,talk,30,2,1,VOTE Agent[07]
1,talk,31,2,13,VOTE Agent[07]
1,talk,32,2,6,VOTE Agent[01]
1,talk,33,2,4,Skip
1,talk,34,2,15,Skip
1,talk,35,2,3,VOTE Agent[08]
1,talk,36,2,9,Skip
1,talk,37,2,8,VOTE Agent[07]
1,talk,38,2,14,Skip
1,talk,39,2,11,VOTE Agent[01]
1,talk,40,2,10,VOTE Agent[01]
1,talk,41,2,2,VOTE Agent[01]
1,talk,42,2,12,Skip
1,talk,43,2,7,Skip
1,talk,44,2,5,Skip
1,talk,45,3,4,VOTE Agent[08]
1,talk,46,3,2,Skip
1,talk,47,3,11,Skip
1,talk,48,3,14,Over
1,talk,49,3,9,VOTE Agent[08]
1,talk,50,3,6,VOTE Agent[08]
1,talk,51,3,7,Over
1,talk,52,3,10,VOTE Agent[08]
1,talk,53,3,13,Skip
1,talk,54,3,1,VOTE Agent[07]
1,talk,55,3,8,VOTE Agent[07]
1,talk,56,3,5,Over
1,talk,57,3,3,Skip
1,talk,58,3,15,Skip
1,talk,59,3,12,Over
1,talk,60,4,15,Over
1,talk,61,4,6,Skip
1,talk,62,4,13,Skip
1,talk,63,4,2,Skip
1,talk,64,4,5,Over
1,talk,65,4,9,Skip
1,talk,66,4,4,Skip
1,talk,67,4,11,Skip
1,talk,68,4,1,VOTE Agent[07]
1,talk,69,4,12,Over
1,talk,70,4,7,Over
1,talk,71,4,14,Over
1,talk,72,4,8,VOTE Agent[07]
1,talk,73,4,3,Skip
1,talk,74,4,10,Skip
1,talk,75,5,12,Over
1,talk,76,5,8,VOTE Agent[07]
1,talk,77,5,15,Over
1,talk,78,5,11,Over
1,talk,79,5,6,Skip
1,talk,80,5,14,Over
1,talk,81,5,3,Over
1,talk,82,5,4,Skip
1,talk,83,5,7,Over
1,talk,84,5,13,Over
1,talk,85,5,10,Skip
1,talk,86,5,9,Skip
1,talk,87,5,5,Over
1,talk,88,5,2,Over
1,talk,89,5,1,VOTE Agent[07]
1,talk,90,6,8,VOTE Agent[07]
1,talk,91,6,11,Over
1,talk,92,6,15,Over
1,talk,93,6,12,Over
1,talk,94,6,13,Over
1,talk,95,6,6,Over
1,talk,96,6,7,Over
1,talk,97,6,4,Over
1,talk,98,6,14,Over
1,talk,99,6,2,Over
1,talk,100,6,9,Over
1,talk,101,6,10,Over
1,talk,102,6,3,Over
1,talk,103,6,5,Over
1,talk,104,6,1,VOTE Agent[07]
1,talk,105,7,10,Over
1,talk,106,7,9,Over
1,talk,107,7,12,Over
1,talk,108,7,1,VOTE Agent[07]
1,talk,109,7,15,Over
1,talk,110,7,8,VOTE Agent[07]
1,talk,111,7,7,Over
1,talk,112,7,5,Over
1,talk,113,7,13,Over
1,talk,114,7,11,Over
1,talk,115,7,6,Over
1,talk,116,7,14,Over
1,talk,117,7,4,Over
1,talk,118,7,3,Over
1,talk,119,7,2,Over
1,talk,120,8,3,Over
1,talk,121,8,10,Over
1,talk,122,8,7,Over
1,talk,123,8,12,Over
1,talk,124,8,8,VOTE Agent[07]
1,talk,125,8,5,Over
1,talk,126,8,6,Over
1,talk,127,8,14,Over
1,talk,128,8,4,Over
1,talk,129,8,11,Over
1,talk,130,8,9,Over
1,talk,131,8,1,VOTE Agent[07]
1,talk,132,8,13,Over
1,talk,133,8,2,Over
1,talk,134,8,15,Over
1,talk,135,9,9,Over
1,talk,136,9,5,Over
1,talk,137,9,1,Over
1,talk,138,9,2,Over
1,talk,139,9,11,Over
1,talk,140,9,3,Over
1,talk,141,9,15,Over
1,talk,142,9,6,Over
1,talk,143,9,12,Over
1,talk,144,9,13,Over
1,talk,145,9,10,Over
1,talk,146,9,8,Over
1,talk,147,9,7,Over
1,talk,148,9,4,Over
1,talk,149,9,14,Over
1,vote,1,7
1,vote,2,1
1,vote,3,8
1,vote,4,8
1,vote,5,8
1,vote,6,8
1,vote,7,8
1,vote,8,7
1,vote,9,8
1,vote,10,8
1,vote,11,1
1,vote,12,8
1,vote,13,7
1,vote,14,8
1,vote,15,1
1,execute,8,WEREWOLF
1,divine,11,14,HUMAN
1,whisper,0,0,3,Skip
1,whisper,1,0,1,ATTACK Agent[11]
1,whisper,2,1,3,Skip
1,whisper,3,1,1,Skip
1,whisper,4,2,1,Skip
1,whisper,5,2,3,Over
1,whisper,6,3,3,Over
1,whisper,7,3,1,Over
1,guard,14,11,SEER
1,attackVote,1,11
1,attackVote,3,2
1,attackVote,1,11
1,attackVote,3,2
1,attack,11,false
2,status,1,WEREWOLF,ALIVE,OKAMI
2,status,2,VILLAGER,ALIVE,sample_py
2,status,3,WEREWOLF,ALIVE,Takeda8
2,status,4,VILLAGER,ALIVE,Takeda1
2,status,5,VILLAGER,ALIVE,TOKU11
2,status,6,VILLAGER,ALIVE,Takeda10
2,status,7,VILLAGER,ALIVE,Tomato0
2,status,8,WEREWOLF,DEAD,OKAMI
2,status,9,VILLAGER,ALIVE,Takeda7
2,status,10,VILLAGER,ALIVE,Takeda13
2,status,11,SEER,ALIVE,sample_py
2,status,12,MEDIUM,ALIVE,sample_py
2,status,13,POSSESSED,ALIVE,TOKU9
2,status,14,BODYGUARD,ALIVE,TOKU6
2,status,15,VILLAGER,ALIVE,SampleJava5
2,talk,0,0,7,VOTE Agent[09]
2,talk,1,0,14,VOTE Agent[01]
2,talk,2,0,15,VOTE Agent[05]
2,talk,3,0,12,COMINGOUT Agent[12] MEDIUM
2,talk,4,0,13,DIVINED Agent[03] HUMAN
2,talk,5,0,2,VOTE Agent[07]
2,talk,6,0,4,VOTE Agent[03]
2,talk,7,0,6,VOTE Agent[03]
2,talk,8,0,3,VOTE Agent[01]
2,talk,9,0,10,VOTE Agent[03]
2,talk,10,0,9,VOTE Agent[03]
2,talk,11,0,1,VOTE Agent[12]
2,talk,12,0,5,VOTE Agent[03]
2,talk,13,0,11,DIVINED Agent[14] HUMAN
2,talk,14,1,1,VOTE Agent[12]
2,talk,15,1,13,VOTE Agent[07]
2,talk,16,1,7,VOTE Agent[03]
2,talk,17,1,15,REQUEST ANY (VOTE Agent[05])
2,talk,18,1,12,IDENTIFIED Agent[08] WEREWOLF
2,talk,19,1,2,Skip
2,talk,20,1,6,Skip
2,talk,21,1,3,VOTE Agent[10]
2,talk,22,1,4,Skip
2,talk,23,1,10,Skip
2,talk,24,1,14,Skip
2,talk,25,1,11,VOTE Agent[01]
2,talk,26,1,5,Skip
2,talk,27,1,9,Skip
2,talk,28,2,5,Skip
2,talk,29,2,11,Skip
2,talk,30,2,6,Skip
2,talk,31,2,14,Skip
2,talk,32,2,3,Skip
2,talk,33,2,12,VOTE Agent[07]
2,talk,34,2,10,Skip
2,talk,35,2,1,VOTE Agent[12]
2,talk,36,2,15,Skip
2,talk,37,2,9,Skip
2,talk,38,2,4,Skip
2,talk,39,2,13,Skip
2,talk,40,2,2,Skip
2,talk,41,2,7,Skip
2,talk,42,3,11,Skip
2,talk,43,3,10,Over
2,talk,44,3,5,Over
2,talk,45,3,12,Skip
2,talk,46,3,3,Skip
2,talk,47,3,6,Over
2,talk,48,3,13,Skip
2,talk,49,3,14,Over
2,talk,50,3,1,VOTE Agent[12]
2,talk,51,3,9,Over
2,talk,52,3,4,Over
2,talk,53,3,7,Skip
2,talk,54,3,15,Skip
2,talk,55,3,2,Over
2,talk,56,4,6,Over
2,talk,57,4,5,Over
2,talk,58,4,11,Over
2,talk,59,4,13,Over
2,talk,60,4,2,Over
2,talk,61,4,12,Skip
2,talk,62,4,3,Over
2,talk,63,4,10,Over
2,talk,64,4,7,Over
2,talk,65,4,14,Over
2,talk,66,4,4,Over
2,talk,67,4,15,Over
2,talk,68,4,1,VOTE Agent[12]
2,talk,69,4,9,Over
2,talk,70,5,6,Over
2,talk,71,5,2,Over
2,talk,72,5,11,Over
2,talk,73,5,5,Over
2,talk,74,5,7,Over
2,talk,75,5,14,Over
2,talk,76,5,9,Over
2,talk,77,5,12,Over
2,talk,78,5,13,Over
2,talk,79,5,15,Over
2,talk,80,5,3,Over
2,talk,81,5,10,Over
2,talk,82,5,4,Over
2,talk,83,5,1,VOTE Agent[12]
2,talk,84,6,9,Over
2,talk,85,6,5,Over
2,talk,86,6,12,Over
2,talk,87,6,13,Over
2,talk,88,6,14,Over
2,talk,89,6,7,Over
2,talk,90,6,11,Over
2,talk,91,6,4,Over
2,talk,92,6,3,Over
2,talk,93,6,10,Over
2,talk,94,6,2,Over
2,talk,95,6,1,VOTE Agent[12]
2,talk,96,6,6,Over
2,talk,97,6,15,Over
2,talk,98,7,3,Over
2,talk,99,7,9,Over
2,talk,100,7,14,Over
2,talk,101,7,13,Over
2,talk,102,7,7,Over
2,talk,103,7,2,Over
2,talk,104,7,12,Over
2,talk,105,7,6,Over
2,talk,106,7,1,VOTE Agent[12]
2,talk,107,7,11,Over
2,talk,108,7,5,Over
2,talk,109,7,4,Over
2,talk,110,7,10,Over
2,talk,111,7,15,Over
2,talk,112,8,6,Over
2,talk,113,8,5,Over
2,talk,114,8,7,Over
2,talk,115,8,13,Over
2,talk,116,8,12,Over
2,talk,117,8,14,Over
2,talk,118,8,4,Over
2,talk,119,8,11,Over
2,talk,120,8,2,Over
2,talk,121,8,3,Over
2,talk,122,8,15,Over
2,talk,123,8,1,VOTE Agent[12]
2,talk,124,8,9,Over
2,talk,125,8,10,Over
2,talk,126,9,3,Over
2,talk,127,9,1,Over
2,talk,128,9,2,Over
2,talk,129,9,12,Over
2,talk,130,9,9,Over
2,talk,131,9,15,Over
2,talk,132,9,7,Over
2,talk,133,9,6,Over
2,talk,134,9,13,Over
2,talk,135,9,11,Over
2,talk,136,9,5,Over
2,talk,137,9,14,Over
2,talk,138,9,4,Over
2,talk,139,9,10,Over
2,vote,1,12
2,vote,2,7
2,vote,3,1
2,vote,4,3
2,vote,5,3
2,vote,6,3
2,vote,7,3
2,vote,9,3
2,vote,10,3
2,vote,11,1
2,vote,12,7
2,vote,13,10
2,vote,14,1
2,vote,15,3
2,execute,3,WEREWOLF
2,divine,11,7,HUMAN
2,guard,14,11,SEER
2,attackVote,1,12
2,attack,12,true
3,status,1,WEREWOLF,ALIVE,OKAMI
3,status,2,VILLAGER,ALIVE,sample_py
3,status,3,WEREWOLF,DEAD,Takeda8
3,status,4,VILLAGER,ALIVE,Takeda1
3,status,5,VILLAGER,ALIVE,TOKU11
3,status,6,VILLAGER,ALIVE,Takeda10
3,status,7,VILLAGER,ALIVE,Tomato0
3,status,8,WEREWOLF,DEAD,OKAMI
3,status,9,VILLAGER,ALIVE,Takeda7
3,status,10,VILLAGER,ALIVE,Takeda13
3,status,11,SEER,ALIVE,sample_py
3,status,12,MEDIUM,DEAD,sample_py
3,status,13,POSSESSED,ALIVE,TOKU9
3,status,14,BODYGUARD,ALIVE,TOKU6
3,status,15,VILLAGER,ALIVE,SampleJava5
3,talk,0,0,10,VOTE Agent[01]
3,talk,1,0,6,VOTE Agent[01]
3,talk,2,0,4,VOTE Agent[01]
3,talk,3,0,13,DIVINED Agent[14] WEREWOLF
3,talk,4,0,11,DIVINED Agent[07] HUMAN
3,talk,5,0,5,VOTE Agent[01]
3,talk,6,0,9,VOTE Agent[01]
3,talk,7,0,14,VOTE Agent[01]
3,talk,8,0,2,VOTE Agent[14]
3,talk,9,0,15,VOTE Agent[14]
3,talk,10,0,7,VOTE Agent[13]
3,talk,11,0,1,VOTE Agent[14]
3,talk,12,1,9,Skip
3,talk,13,1,4,Skip
3,talk,14,1,10,Skip
3,talk,15,1,6,Skip
3,talk,16,1,11,VOTE Agent[01]
3,talk,17,1,5,Skip
3,talk,18,1,7,Skip
3,talk,19,1,14,Skip
3,talk,20,1,15,REQUEST ANY (VOTE Agent[14])
3,talk,21,1,1,VOTE Agent[14]
3,talk,22,1,13,VOTE Agent[07]
3,talk,23,1,2,Skip
3,talk,24,2,7,Skip
3,talk,25,2,5,Skip
3,talk,26,2,4,Skip
3,talk,27,2,9,Skip
3,talk,28,2,2,Skip
3,talk,29,2,15,Skip
3,talk,30,2,14,Skip
3,talk,31,2,11,Skip
3,talk,32,2,10,Skip
3,talk,33,2,1,VOTE Agent[14]
3,talk,34,2,13,Skip
3,talk,35,2,6,Skip
3,talk,36,3,15,Skip
3,talk,37,3,5,Over
3,talk,38,3,7,Over
3,talk,39,3,10,Over
3,talk,40,3,9,Over
3,talk,41,3,14,Over
3,talk,42,3,4,Over
3,talk,43,3,6,Over
3,talk,44,3,1,VOTE Agent[14]
3,talk,45,3,2,Over
3,talk,46,3,11,Skip
3,talk,47,3,13,VOTE Agent[14]
3,talk,48,4,14,Over
3,talk,49,4,4,Over
3,talk,50,4,11,Over
3,talk,51,4,7,Over
3,talk,52,4,2,Over
3,talk,53,4,15,Over
3,talk,54,4,10,Over
3,talk,55,4,6,Over
3,talk,56,4,9,Over
3,talk,57,4,13,Skip
3,talk,58,4,5,Over
3,talk,59,4,1,VOTE Agent[14]
3,talk,60,5,6,Over
3,talk,61,5,14,Over
3,talk,62,5,10,Over
3,talk,63,5,7,Over
3,talk,64,5,15,Over
3,talk,65,5,2,Over
3,talk,66,5,4,Over
3,talk,67,5,13,Skip
3,talk,68,5,9,Over
3,talk,69,5,5,Over
3,talk,70,5,11,Over
3,talk,71,5,1,VOTE Agent[14]
3,talk,72,6,13,VOTE Agent[07]
3,talk,73,6,1,VOTE Agent[14]
3,talk,74,6,10,Over
3,talk,75,6,15,Over
3,talk,76,6,14,Over
3,talk,77,6,5,Over
3,talk,78,6,4,Over
3,talk,79,6,2,Over
3,talk,80,6,7,Over
3,talk,81,6,11,Over
3,talk,82,6,9,Over
3,talk,83,6,6,Over
3,talk,84,7,10,Over
3,talk,85,7,4,Over
3,talk,86,7,6,Over
3,talk,87,7,14,Over
3,talk,88,7,9,Over
3,talk,89,7,5,Over
3,talk,90,7,13,VOTE Agent[14]
3,talk,91,7,11,Over
3,talk,92,7,2,Over
3,talk,93,7,15,Over
3,talk,94,7,1,VOTE Agent[14]
3,talk,95,7,7,Over
3,talk,96,8,7,Over
3,talk,97,8,6,Over
3,talk,98,8,2,Over
3,talk,99,8,5,Over
3,talk,100,8,11,Over
3,talk,101,8,14,Over
3,talk,102,8,9,Over
3,talk,103,8,15,Over
3,talk,104,8,1,VOTE Agent[14]
3,talk,105,8,13,Skip
3,talk,106,8,10,Over
3,talk,107,8,4,Over
3,talk,108,9,9,Over
3,talk,109,9,6,Over
3,talk,110,9,4,Over
3,talk,111,9,2,Over
3,talk,112,9,1,Over
3,talk,113,9,7,Over
3,talk,114,9,10,Over
3,talk,115,9,5,Over
3,talk,116,9,11,Over
3,talk,117,9,14,Over
3,talk,118,9,15,Over
3,talk,119,9,13,Skip
3,talk,120,10,14,Over
3,talk,121,10,11,Over
3,talk,122,10,15,Over
3,talk,123,10,13,Over
3,talk,124,10,1,Over
3,talk,125,10,10,Over
3,talk,126,10,6,Over
3,talk,127,10,5,Over
3,talk,128,10,4,Over
3,talk,129,10,2,Over
3,talk,130,10,7,Over
3,talk,131,10,9,Over
3,vote,1,14
3,vote,2,14
3,vote,4,1
3,vote,5,1
3,vote,6,1
3,vote,7,13
3,vote,9,1
3,vote,10,1
3,vote,11,1
3,vote,13,14
3,vote,14,1
3,vote,15,10
3,execute,1,WEREWOLF
3,divine,11,2,HUMAN
3,guard,14,11,SEER
4,status,1,WEREWOLF,DEAD,OKAMI
4,status,2,VILLAGER,ALIVE,sample_py
4,status,3,WEREWOLF,DEAD,Takeda8
4,status,4,VILLAGER,ALIVE,Takeda1
4,status,5,VILLAGER,ALIVE,TOKU11
4,status,6,VILLAGER,ALIVE,Takeda10
4,status,7,VILLAGER,ALIVE,Tomato0
4,status,8,WEREWOLF,DEAD,OKAMI
4,status,9,VILLAGER,ALIVE,Takeda7
4,status,10,VILLAGER,ALIVE,Takeda13
4,status,11,SEER,ALIVE,sample_py
4,status,12,MEDIUM,DEAD,sample_py
4,status,13,POSSESSED,ALIVE,TOKU9
4,status,14,BODYGUARD,ALIVE,TOKU6
4,status,15,VILLAGER,ALIVE,SampleJava5
4,result,11,0,VILLAGER
