0,status,1,MEDIUM,ALIVE,OKAMI
0,status,2,POSSESSED,ALIVE,sample_py
0,status,3,VILLAGER,ALIVE,Takeda8
0,status,4,VILLAGER,ALIVE,Takeda1
0,status,5,VILLAGER,ALIVE,TOKU11
0,status,6,VILLAGER,ALIVE,Takeda10
0,status,7,SEER,ALIVE,Tomato0
0,status,8,WEREWOLF,ALIVE,OKAMI
0,status,9,BODYGUARD,ALIVE,Takeda7
0,status,10,VILLAGER,ALIVE,Takeda13
0,status,11,WEREWOLF,ALIVE,sample_py
0,status,12,VILLAGER,ALIVE,sample_py
0,status,13,VILLAGER,ALIVE,TOKU9
0,status,14,WEREWOLF,ALIVE,TOKU6
0,status,15,VILLAGER,ALIVE,SampleJava5
0,whisper,0,0,8,COMINGOUT Agent[08] MEDIUM
0,whisper,1,0,14,Skip
0,whisper,2,0,11,COMINGOUT Agent[11] SEER
0,whisper,3,1,11,COMINGOUT Agent[11] SEER
0,whisper,4,1,14,Skip
0,whisper,5,1,8,COMINGOUT Agent[08] VILLAGER
0,whisper,6,2,8,Skip
0,whisper,7,2,14,Over
0,whisper,8,2,11,COMINGOUT Agent[11] SEER
0,whisper,9,3,8,Skip
0,whisper,10,3,11,COMINGOUT Agent[11] SEER
0,whisper,11,3,14,Over
0,whisper,12,4,11,COMINGOUT Agent[11] SEER
0,whisper,13,4,8,Over
0,whisper,14,4,14,Over
0,whisper,15,5,11,COMINGOUT Agent[11] SEER
0,whisper,16,5,8,Over
0,whisper,17,5,14,Over
0,whisper,18,6,11,COMINGOUT Agent[11] SEER
0,whisper,19,6,14,Over
0,whisper,20,6,8,Over
0,whisper,21,7,11,COMINGOUT Agent[11] SEER
0,whisper,22,7,14,Over
0,whisper,23,7,8,Over
0,whisper,24,8,11,COMINGOUT Agent[11] SEER
0,whisper,25,8,8,Over
0,whisper,26,8,14,Over
0,whisper,27,9,14,Over
0,whisper,28,9,11,COMINGOUT Agent[11] SEER
0,whisper,29,9,8,Over
0,whisper,30,10,14,Over
0,whisper,31,10,11,Over
0,whisper,32,10,8,Over
0,divine,7,1,HUMAN
1,status,1,MEDIUM,ALIVE,OKAMI
1,status,2,POSSESSED,ALIVE,sample_py
1,status,3,VILLAGER,ALIVE,Takeda8
1,status,4,VILLAGER,ALIVE,Takeda1
1,status,5,VILLAGER,ALIVE,TOKU11
1,status,6,VILLAGER,ALIVE,Takeda10
1,status,7,SEER,ALIVE,Tomato0
1,status,8,WEREWOLF,ALIVE,OKAMI
1,status,9,BODYGUARD,ALIVE,Takeda7
1,status,10,VILLAGER,ALIVE,Takeda13
1,status,11,WEREWOLF,ALIVE,sample_py
1,status,12,VILLAGER,ALIVE,sample_py
1,status,13,VILLAGER,ALIVE,TOKU9
1,status,14,WEREWOLF,ALIVE,TOKU6
1,status,15,VILLAGER,ALIVE,SampleJava5
1,talk,0,0,4,VOTE Agent[01]
1,talk,1,0,13,VOTE Agent[01]
1,talk,2,0,5,VOTE Agent[01]
1,talk,3,0,12,VOTE Agent[03]
1,talk,4,0,2,COMINGOUT Agent[02] SEER
1,talk,5,0,9,VOTE Agent[01]
1,talk,6,0,10,VOTE Agent[01]
1,talk,7,0,7,COMINGOUT Agent[07] SEER
1,talk,8,0,8,VOTE Agent[01]
1,talk,9,0,6,VOTE Agent[01]
1,talk,10,0,11,COMINGOUT Agent[11] SEER
1,talk,11,0,3,VOTE Agent[06]
1,talk,12,0,15,VOTE Agent[11]
1,talk,13,0,1,Over
1,talk,14,0,14,COMINGOUT Agent[14] SEER
1,talk,15,1,9,VOTE Agent[07]
1,talk,16,1,5,VOTE Agent[07]
1,talk,17,1,6,VOTE Agent[14]
1,talk,18,1,2,DIVINED Agent[06] WEREWOLF
1,talk,19,1,3,VOTE Agent[11]
1,talk,20,1,10,VOTE Agent[02]
1,talk,21,1,13,VOTE Agent[02]
1,talk,22,1,7,DIVINED Agent[01] HUMAN
1,talk,23,1,4,VOTE Agent[07]
1,talk,24,1,12,VOTE Agent[06]
1,talk,25,1,15,REQUEST ANY (VOTE Agent[11])
1,talk,26,1,8,VOTE Agent[06]
1,talk,27,1,14,DIVINED Agent[07] WEREWOLF
1,talk,28,1,11,DIVINED Agent[01] HUMAN
1,talk,29,1,1,Over
1,talk,30,2,7,VOTE Agent[11]
1,talk,31,2,14,VOTE Agent[07]
1,talk,32,2,11,VOTE Agent[07]
1,talk,33,2,6,VOTE Agent[07]
1,talk,34,2,12,Skip
1,talk,35,2,15,Skip
1,talk,36,2,5,VOTE Agent[02]
1,talk,37,2,8,VOTE Agent[07]
1,talk,38,2,4,Skip
1,talk,39,2,9,Skip
1,talk,40,2,1,Over
1,talk,41,2,2,VOTE Agent[06]
1,talk,42,2,13,VOTE Agent[07]
1,talk,43,2,3,VOTE Agent[07]
1,talk,44,2,10,Skip
1,talk,45,3,5,Skip
1,talk,46,3,11,Skip
1,talk,47,3,4,Skip
1,talk,48,3,9,Skip
1,talk,49,3,1,Over
1,talk,50,3,8,VOTE Agent[07]
1,talk,51,3,12,Skip
1,talk,52,3,3,Skip
1,talk,53,3,15,Skip
1,talk,54,3,2,Skip
1,talk,55,3,10,Skip
1,talk,56,3,6,VOTE Agent[02]
1,talk,57,3,13,VOTE Agent[02]
1,talk,58,3,14,Skip
1,talk,59,3,7,VOTE Agent[02]
1,talk,60,4,2,Skip
1,talk,61,4,14,Skip
1,talk,62,4,1,Over
1,talk,63,4,15,Over
1,talk,64,4,6,Skip
1,talk,65,4,4,Over
1,talk,66,4,5,Skip
1,talk,67,4,11,Skip
1,talk,68,4,8,VOTE Agent[07]
1,talk,69,4,10,Over
1,talk,70,4,7,Skip
1,talk,71,4,12,Over
1,talk,72,4,3,Skip
1,talk,73,4,9,Over
1,talk,74,4,13,Skip
1,talk,75,5,9,Over
1,talk,76,5,7,Skip
1,talk,77,5,15,Over
1,talk,78,5,8,VOTE Agent[07]
1,talk,79,5,4,Over
1,talk,80,5,11,Over
1,talk,81,5,5,Over
1,talk,82,5,14,Over
1,talk,83,5,1,Over
1,talk,84,5,12,Over
1,talk,85,5,10,Over
1,talk,86,5,2,Over
1,talk,87,5,13,Skip
1,talk,88,5,6,VOTE Agent[07]
1,talk,89,5,3,Over
1,talk,90,6,8,VOTE Agent[07]
1,talk,91,6,7,Over
1,talk,92,6,2,Over
1,talk,93,6,12,Over
1,talk,94,6,6,VOTE Agent[02]
1,talk,95,6,11,Over
1,talk,96,6,5,Over
1,talk,97,6,13,Over
1,talk,98,6,10,Over
1,talk,99,6,4,Over
1,talk,100,6,15,Over
1,talk,101,6,14,Over
1,talk,102,6,9,Over
1,talk,103,6,3,Over
1,talk,104,6,1,Over
1,talk,105,7,4,Over
1,talk,106,7,5,Over
1,talk,107,7,8,VOTE Agent[07]
1,talk,108,7,12,Over
1,talk,109,7,15,Over
1,talk,110,7,1,Over
1,talk,111,7,3,Over
1,talk,112,7,6,Skip
1,talk,113,7,13,Over
1,talk,114,7,11,Over
1,talk,115,7,9,VOTE Agent[08]
1,talk,116,7,10,Over
1,talk,117,7,2,Over
1,talk,118,7,7,Over
1,talk,119,7,14,Over
1,talk,120,8,9,Skip
1,talk,121,8,2,Over
1,talk,122,8,13,Over
1,talk,123,8,3,Over
1,talk,124,8,14,Over
1,talk,125,8,5,Over
1,talk,126,8,1,Over
1,talk,127,8,8,VOTE Agent[07]
1,talk,128,8,7,Over
1,talk,129,8,15,Over
1,talk,130,8,10,Over
1,talk,131,8,12,Over
1,talk,132,8,11,Over
1,talk,133,8,4,Over
1,talk,134,8,6,Skip
1,talk,135,9,10,Over
1,talk,136,9,14,Over
1,talk,137,9,2,Over
1,talk,138,9,3,Over
1,talk,139,9,7,Over
1,talk,140,9,9,Skip
1,talk,141,9,13,Over
1,talk,142,9,5,Over
1,talk,143,9,8,Over
1,talk,144,9,12,Over
1,talk,145,9,4,Over
1,talk,146,9,11,Over
1,talk,147,9,6,Over
1,talk,148,9,15,Over
1,talk,149,9,1,Over
1,talk,150,10,3,Over
1,talk,151,10,8,Over
1,talk,152,10,1,Over
1,talk,153,10,15,Over
1,talk,154,10,4,Over
1,talk,155,10,14,Over
1,talk,156,10,12,Over
1,talk,157,10,10,Over
1,talk,158,10,11,Over
1,talk,159,10,2,Over
1,talk,160,10,9,Over
1,talk,161,10,6,Over
1,talk,162,10,5,Over
1,talk,163,10,13,Over
1,talk,164,10,7,Over
1,vote,1,5
1,vote,2,6
1,vote,3,7
1,vote,4,7
1,vote,5,2
1,vote,6,2
1,vote,7,2
1,vote,8,7
1,vote,9,8
1,vote,10,2
1,vote,11,7
1,vote,12,6
1,vote,13,2
1,vote,14,7
1,vote,15,11
1,vote,1,4
1,vote,2,6
1,vote,3,7
1,vote,4,7
1,vote,5,2
1,vote,6,2
1,vote,7,2
1,vote,8,7
1,vote,9,8
1,vote,10,2
1,vote,11,7
1,vote,12,6
1,vote,13,2
1,vote,14,7
1,vote,15,2
1,execute,2,POSSESSED
1,divine,7,14,WEREWOLF
1,whisper,0,0,11,ATTACK Agent[07]
1,whisper,1,0,8,ATTACK Agent[07]
1,whisper,2,0,14,Skip
1,whisper,3,1,11,Skip
1,whisper,4,1,8,Skip
1,whisper,5,1,14,Skip
1,whisper,6,2,8,Skip
1,whisper,7,2,11,Skip
1,whisper,8,2,14,Over
1,whisper,9,3,11,Over
1,whisper,10,3,8,Over
1,whisper,11,3,14,Over
1,guard,9,14,WEREWOLF
1,attackVote,8,7
1,attackVote,11,7
1,attackVote,14,7
1,attack,7,true
2,status,1,MEDIUM,ALIVE,OKAMI
2,status,2,POSSESSED,DEAD,sample_py
2,status,3,VILLAGER,ALIVE,Takeda8
2,status,4,VILLAGER,ALIVE,Takeda1
2,status,5,VILLAGER,ALIVE,TOKU11
2,status,6,VILLAGER,ALIVE,Takeda10
2,status,7,SEER,DEAD,Tomato0
2,status,8,WEREWOLF,ALIVE,OKAMI
2,status,9,BODYGUARD,ALIVE,Takeda7
2,status,10,VILLAGER,ALIVE,Takeda13
2,status,11,WEREWOLF,ALIVE,sample_py
2,status,12,VILLAGER,ALIVE,sample_py
2,status,13,VILLAGER,ALIVE,TOKU9
2,status,14,WEREWOLF,ALIVE,TOKU6
2,status,15,VILLAGER,ALIVE,SampleJava5
2,talk,0,0,6,VOTE Agent[11]
2,talk,1,0,11,DIVINED Agent[12] WEREWOLF
2,talk,2,0,12,VOTE Agent[06]
2,talk,3,0,8,VOTE Agent[06]
2,talk,4,0,10,VOTE Agent[11]
2,talk,5,0,3,VOTE Agent[11]
2,talk,6,0,14,DIVINED Agent[08] HUMAN
2,talk,7,0,13,VOTE Agent[11]
2,talk,8,0,4,VOTE Agent[11]
2,talk,9,0,9,VOTE Agent[11]
2,talk,10,0,1,Skip
2,talk,11,0,15,BECAUSE (AND (ANY ATTACKED Agent[07]) (DAY 1 (Agent[14] DIVINED Agent[07] WEREWOLF))) (XOR (ESTIMATE Agent[14] WEREWOLF) (ESTIMATE Agent[14] POSSESSED))
2,talk,12,0,5,VOTE Agent[11]
2,talk,13,1,11,VOTE Agent[12]
2,talk,14,1,8,VOTE Agent[12]
2,talk,15,1,4,Skip
2,talk,16,1,1,Over
2,talk,17,1,10,Skip
2,talk,18,1,12,Skip
2,talk,19,1,13,Skip
2,talk,20,1,9,Skip
2,talk,21,1,6,Skip
2,talk,22,1,3,Skip
2,talk,23,1,14,VOTE Agent[11]
2,talk,24,1,5,Skip
2,talk,25,1,15,BECAUSE (XOR (ESTIMATE Agent[14] WEREWOLF) (ESTIMATE Agent[14] POSSESSED)) (AND (VOTE Agent[14]) (REQUEST ANY (VOTE Agent[14])))
2,talk,26,2,8,VOTE Agent[12]
2,talk,27,2,15,VOTE Agent[14]
2,talk,28,2,1,Over
2,talk,29,2,14,Skip
2,talk,30,2,9,VOTE Agent[08]
2,talk,31,2,13,Skip
2,talk,32,2,3,Skip
2,talk,33,2,4,Skip
2,talk,34,2,10,Skip
2,talk,35,2,5,Skip
2,talk,36,2,11,Skip
2,talk,37,2,6,Skip
2,talk,38,2,12,Skip
2,talk,39,3,8,VOTE Agent[12]
2,talk,40,3,10,Over
2,talk,41,3,13,Over
2,talk,42,3,12,Over
2,talk,43,3,15,REQUEST ANY (VOTE Agent[14])
2,talk,44,3,4,Over
2,talk,45,3,6,Over
2,talk,46,3,14,Skip
2,talk,47,3,1,Over
2,talk,48,3,5,Over
2,talk,49,3,11,Skip
2,talk,50,3,9,Skip
2,talk,51,3,3,Over
2,talk,52,4,3,Over
2,talk,53,4,1,Over
2,talk,54,4,14,Over
2,talk,55,4,10,Over
2,talk,56,4,9,Skip
2,talk,57,4,4,Over
2,talk,58,4,13,Over
2,talk,59,4,5,Over
2,talk,60,4,8,VOTE Agent[12]
2,talk,61,4,11,Over
2,talk,62,4,12,Over
2,talk,63,4,6,Over
2,talk,64,4,15,Skip
2,talk,65,5,1,Over
2,talk,66,5,12,Over
2,talk,67,5,6,Over
2,talk,68,5,4,Over
2,talk,69,5,8,VOTE Agent[12]
2,talk,70,5,13,Over
2,talk,71,5,3,Over
2,talk,72,5,10,Over
2,talk,73,5,14,Over
2,talk,74,5,5,Over
2,talk,75,5,11,Over
2,talk,76,5,15,Skip
2,talk,77,5,9,Over
2,talk,78,6,6,Over
2,talk,79,6,3,Over
2,talk,80,6,15,Over
2,talk,81,6,11,Over
2,talk,82,6,14,Over
2,talk,83,6,1,Over
2,talk,84,6,8,VOTE Agent[06]
2,talk,85,6,5,Over
2,talk,86,6,13,Over
2,talk,87,6,10,Over
2,talk,88,6,4,Over
2,talk,89,6,12,Over
2,talk,90,6,9,Over
2,talk,91,7,8,VOTE Agent[12]
2,talk,92,7,1,Over
2,talk,93,7,10,Over
2,talk,94,7,9,Over
2,talk,95,7,14,Over
2,talk,96,7,6,Over
2,talk,97,7,3,Over
2,talk,98,7,5,Over
2,talk,99,7,12,Over
2,talk,100,7,11,Over
2,talk,101,7,4,Over
2,talk,102,7,13,Over
2,talk,103,7,15,Over
2,talk,104,8,5,Over
2,talk,105,8,6,Over
2,talk,106,8,9,Over
2,talk,107,8,11,Over
2,talk,108,8,8,VOTE Agent[12]
2,talk,109,8,15,Over
2,talk,110,8,10,Over
2,talk,111,8,13,Over
2,talk,112,8,14,Over
2,talk,113,8,3,Over
2,talk,114,8,1,Over
2,talk,115,8,12,Over
2,talk,116,8,4,Over
2,talk,117,9,15,Over
2,talk,118,9,3,Over
2,talk,119,9,5,Over
2,talk,120,9,9,Over
2,talk,121,9,14,Over
2,talk,122,9,11,Over
2,talk,123,9,10,Over
2,talk,124,9,12,Over
2,talk,125,9,13,Over
2,talk,126,9,4,Over
2,talk,127,9,1,Over
2,talk,128,9,6,Over
2,talk,129,9,8,Over
2,vote,1,15
2,vote,3,11
2,vote,4,11
2,vote,5,11
2,vote,6,11
2,vote,8,6
2,vote,9,11
2,vote,10,11
2,vote,11,12
2,vote,12,6
2,vote,13,11
2,vote,14,11
2,vote,15,14
2,execute,11,WEREWOLF
2,whisper,0,0,8,ATTACK Agent[01]
2,whisper,1,0,14,Skip
2,whisper,2,1,8,Skip
2,whisper,3,1,14,Skip
2,whisper,4,2,8,Skip
2,whisper,5,2,14,Over
2,whisper,6,3,8,Over
2,whisper,7,3,14,Over
2,guard,9,15,VILLAGER
2,attackVote,8,1
2,attackVote,14,15
2,attackVote,8,1
2,attackVote,14,15
2,attack,15,false
3,status,1,MEDIUM,ALIVE,OKAMI
3,status,2,POSSESSED,DEAD,sample_py
3,status,3,VILLAGER,ALIVE,Takeda8
3,status,4,VILLAGER,ALIVE,Takeda1
3,status,5,VILLAGER,ALIVE,TOKU11
3,status,6,VILLAGER,ALIVE,Takeda10
3,status,7,SEER,DEAD,Tomato0
3,status,8,WEREWOLF,ALIVE,OKAMI
3,status,9,BODYGUARD,ALIVE,Takeda7
3,status,10,VILLAGER,ALIVE,Takeda13
3,status,11,WEREWOLF,DEAD,sample_py
3,status,12,VILLAGER,ALIVE,sample_py
3,status,13,VILLAGER,ALIVE,TOKU9
3,status,14,WEREWOLF,ALIVE,TOKU6
3,status,15,VILLAGER,ALIVE,SampleJava5
3,talk,0,0,8,VOTE Agent[12]
3,talk,1,0,15,BECAUSE (AND (ANY ATTACKED Agent[07]) (DAY 1 (Agent[14] DIVINED Agent[07] WEREWOLF))) (XOR (ESTIMATE Agent[14] WEREWOLF) (ESTIMATE Agent[14] POSSESSED))
3,talk,2,0,13,VOTE Agent[08]
3,talk,3,0,12,VOTE Agent[06]
3,talk,4,0,9,VOTE Agent[08]
3,talk,5,0,14,DIVINED Agent[15] WEREWOLF
3,talk,6,0,10,VOTE Agent[08]
3,talk,7,0,1,ESTIMATE Agent[11] WEREWOLF
3,talk,8,0,4,VOTE Agent[08]
3,talk,9,0,3,VOTE Agent[08]
3,talk,10,0,6,VOTE Agent[08]
3,talk,11,0,5,VOTE Agent[08]
3,talk,12,1,3,VOTE Agent[15]
3,talk,13,1,9,Skip
3,talk,14,1,14,VOTE Agent[08]
3,talk,15,1,13,VOTE Agent[15]
3,talk,16,1,6,VOTE Agent[15]
3,talk,17,1,12,Skip
3,talk,18,1,8,VOTE Agent[06]
3,talk,19,1,4,VOTE Agent[15]
3,talk,20,1,1,Over
3,talk,21,1,15,BECAUSE (XOR (ESTIMATE Agent[14] WEREWOLF) (ESTIMATE Agent[14] POSSESSED)) (AND (VOTE Agent[14]) (REQUEST ANY (VOTE Agent[14])))
3,talk,22,1,10,VOTE Agent[15]
3,talk,23,1,5,VOTE Agent[15]
3,talk,24,2,5,Skip
3,talk,25,2,1,Over
3,talk,26,2,4,Skip
3,talk,27,2,8,VOTE Agent[06]
3,talk,28,2,13,Skip
3,talk,29,2,3,Skip
3,talk,30,2,14,VOTE Agent[15]
3,talk,31,2,12,Skip
3,talk,32,2,15,VOTE Agent[14]
3,talk,33,2,10,Skip
3,talk,34,2,9,Skip
3,talk,35,2,6,Skip
3,talk,36,3,14,Skip
3,talk,37,3,1,Over
3,talk,38,3,10,Skip
3,talk,39,3,3,Skip
3,talk,40,3,13,Skip
3,talk,41,3,8,VOTE Agent[06]
3,talk,42,3,6,Skip
3,talk,43,3,9,Over
3,talk,44,3,5,Skip
3,talk,45,3,15,REQUEST ANY (VOTE Agent[14])
3,talk,46,3,4,Skip
3,talk,47,3,12,Over
3,talk,48,4,10,Over
3,talk,49,4,1,Over
3,talk,50,4,4,Over
3,talk,51,4,15,Skip
3,talk,52,4,14,Skip
3,talk,53,4,6,Over
3,talk,54,4,9,Over
3,talk,55,4,5,Over
3,talk,56,4,13,Over
3,talk,57,4,8,VOTE Agent[06]
3,talk,58,4,12,Over
3,talk,59,4,3,Over
3,talk,60,5,13,Over
3,talk,61,5,15,Skip
3,talk,62,5,1,Over
3,talk,63,5,5,Over
3,talk,64,5,3,Over
3,talk,65,5,14,Over
3,talk,66,5,4,Over
3,talk,67,5,9,Over
3,talk,68,5,6,Over
3,talk,69,5,12,Over
3,talk,70,5,10,Over
3,talk,71,5,8,VOTE Agent[06]
3,talk,72,6,12,Over
3,talk,73,6,15,Over
3,talk,74,6,4,Over
3,talk,75,6,3,Over
3,talk,76,6,5,Over
3,talk,77,6,10,Over
3,talk,78,6,14,Over
3,talk,79,6,1,Over
3,talk,80,6,6,Over
3,talk,81,6,9,Over
3,talk,82,6,13,Over
3,talk,83,6,8,VOTE Agent[06]
3,talk,84,7,3,Over
3,talk,85,7,13,Over
3,talk,86,7,12,Over
3,talk,87,7,5,Over
3,talk,88,7,9,Over
3,talk,89,7,8,VOTE Agent[06]
3,talk,90,7,15,Over
3,talk,91,7,6,Over
3,talk,92,7,4,Over
3,talk,93,7,1,Over
3,talk,94,7,14,Over
3,talk,95,7,10,Over
3,talk,96,8,3,Over
3,talk,97,8,12,Over
3,talk,98,8,15,Over
3,talk,99,8,14,Over
3,talk,100,8,10,Over
3,talk,101,8,1,Over
3,talk,102,8,9,Over
3,talk,103,8,6,Over
3,talk,104,8,8,VOTE Agent[06]
3,talk,105,8,13,Over
3,talk,106,8,5,Over
3,talk,107,8,4,Over
3,talk,108,9,4,Over
3,talk,109,9,13,Over
3,talk,110,9,6,Over
3,talk,111,9,1,Over
3,talk,112,9,5,Over
3,talk,113,9,15,Over
3,talk,114,9,9,Over
3,talk,115,9,8,Over
3,talk,116,9,14,Over
3,talk,117,9,10,Over
3,talk,118,9,3,Over
3,talk,119,9,12,Over
3,vote,1,5
3,vote,3,15
3,vote,4,15
3,vote,5,15
3,vote,6,15
3,vote,8,6
3,vote,9,15
3,vote,10,15
3,vote,12,6
3,vote,13,15
3,vote,14,15
3,vote,15,14
3,execute,15,VILLAGER
3,whisper,0,0,8,ATTACK Agent[01]
3,whisper,1,0,14,Skip
3,whisper,2,1,14,Skip
3,whisper,3,1,8,Skip
3,whisper,4,2,14,Over
3,whisper,5,2,8,Skip
3,whisper,6,3,14,Over
3,whisper,7,3,8,Over
3,guard,9,15,VILLAGER
3,attackVote,8,1
3,attackVote,14,6
3,attackVote,8,1
3,attackVote,14,6
3,attack,1,true
4,status,1,MEDIUM,DEAD,OKAMI
4,status,2,POSSESSED,DEAD,sample_py
4,status,3,VILLAGER,ALIVE,Takeda8
4,status,4,VILLAGER,ALIVE,Takeda1
4,status,5,VILLAGER,ALIVE,TOKU11
4,status,6,VILLAGER,ALIVE,Takeda10
4,status,7,SEER,DEAD,Tomato0
4,status,8,WEREWOLF,ALIVE,OKAMI
4,status,9,BODYGUARD,ALIVE,Takeda7
4,status,10,VILLAGER,ALIVE,Takeda13
4,status,11,WEREWOLF,DEAD,sample_py
4,status,12,VILLAGER,ALIVE,sample_py
4,status,13,VILLAGER,ALIVE,TOKU9
4,status,14,WEREWOLF,ALIVE,TOKU6
4,status,15,VILLAGER,DEAD,SampleJava5
4,talk,0,0,13,VOTE Agent[08]
4,talk,1,0,8,VOTE Agent[06]
4,talk,2,0,6,VOTE Agent[08]
4,talk,3,0,12,VOTE Agent[06]
4,talk,4,0,10,VOTE Agent[08]
4,talk,5,0,3,VOTE Agent[08]
4,talk,6,0,4,VOTE Agent[08]
4,talk,7,0,5,VOTE Agent[08]
4,talk,8,0,9,VOTE Agent[08]
4,talk,9,0,14,DIVINED Agent[04] WEREWOLF
4,talk,10,1,8,VOTE Agent[06]
4,talk,11,1,10,Skip
4,talk,12,1,14,VOTE Agent[08]
4,talk,13,1,3,Skip
4,talk,14,1,9,Skip
4,talk,15,1,6,Skip
4,talk,16,1,4,Skip
4,talk,17,1,12,Skip
4,talk,18,1,5,Skip
4,talk,19,1,13,Skip
4,talk,20,2,6,Skip
4,talk,21,2,12,Skip
4,talk,22,2,4,Skip
4,talk,23,2,3,Skip
4,talk,24,2,9,Skip
4,talk,25,2,8,VOTE Agent[06]
4,talk,26,2,13,Skip
4,talk,27,2,10,Skip
4,talk,28,2,5,Skip
4,talk,29,2,14,Skip
4,talk,30,3,12,Over
4,talk,31,3,14,Skip
4,talk,32,3,5,Over
4,talk,33,3,6,Over
4,talk,34,3,10,Over
4,talk,35,3,3,Over
4,talk,36,3,9,Over
4,talk,37,3,13,Over
4,talk,38,3,4,Over
4,talk,39,3,8,VOTE Agent[06]
4,talk,40,4,6,Over
4,talk,41,4,5,Over
4,talk,42,4,13,Over
4,talk,43,4,9,Over
4,talk,44,4,12,Over
4,talk,45,4,4,Over
4,talk,46,4,10,Over
4,talk,47,4,8,VOTE Agent[06]
4,talk,48,4,3,Over
4,talk,49,4,14,Over
4,talk,50,5,6,Over
4,talk,51,5,12,Over
4,talk,52,5,10,Over
4,talk,53,5,13,Over
4,talk,54,5,14,Over
4,talk,55,5,9,Over
4,talk,56,5,3,Over
4,talk,57,5,5,Over
4,talk,58,5,4,Over
4,talk,59,5,8,VOTE Agent[06]
4,talk,60,6,13,Over
4,talk,61,6,5,Over
4,talk,62,6,8,VOTE Agent[06]
4,talk,63,6,4,Over
4,talk,64,6,12,Over
4,talk,65,6,3,Over
4,talk,66,6,14,Over
4,talk,67,6,10,Over
4,talk,68,6,6,Over
4,talk,69,6,9,Over
4,talk,70,7,6,Over
4,talk,71,7,8,VOTE Agent[06]
4,talk,72,7,10,Over
4,talk,73,7,5,Over
4,talk,74,7,9,Over
4,talk,75,7,13,Over
4,talk,76,7,14,Over
4,talk,77,7,12,Over
4,talk,78,7,4,Over
4,talk,79,7,3,Over
4,talk,80,8,9,Over
4,talk,81,8,13,Over
4,talk,82,8,5,Over
4,talk,83,8,4,Over
4,talk,84,8,10,Over
4,talk,85,8,12,Over
4,talk,86,8,8,VOTE Agent[06]
4,talk,87,8,3,Over
4,talk,88,8,14,Over
4,talk,89,8,6,Over
4,talk,90,9,6,Over
4,talk,91,9,8,Over
4,talk,92,9,10,Over
4,talk,93,9,14,Over
4,talk,94,9,4,Over
4,talk,95,9,12,Over
4,talk,96,9,9,Over
4,talk,97,9,13,Over
4,talk,98,9,3,Over
4,talk,99,9,5,Over
4,vote,3,8
4,vote,4,8
4,vote,5,8
4,vote,6,8
4,vote,8,6
4,vote,9,8
4,vote,10,8
4,vote,12,6
4,vote,13,8
4,vote,14,8
4,execute,8,WEREWOLF
4,guard,9,6,VILLAGER
4,attackVote,14,6
4,attack,6,false
5,status,1,MEDIUM,DEAD,OKAMI
5,status,2,POSSESSED,DEAD,sample_py
5,status,3,VILLAGER,ALIVE,Takeda8
5,status,4,VILLAGER,ALIVE,Takeda1
5,status,5,VILLAGER,ALIVE,TOKU11
5,status,6,VILLAGER,ALIVE,Takeda10
5,status,7,SEER,DEAD,Tomato0
5,status,8,WEREWOLF,DEAD,OKAMI
5,status,9,BODYGUARD,ALIVE,Takeda7
5,status,10,VILLAGER,ALIVE,Takeda13
5,status,11,WEREWOLF,DEAD,sample_py
5,status,12,VILLAGER,ALIVE,sample_py
5,status,13,VILLAGER,ALIVE,TOKU9
5,status,14,WEREWOLF,ALIVE,TOKU6
5,status,15,VILLAGER,DEAD,SampleJava5
5,talk,0,0,5,VOTE Agent[04]
5,talk,1,0,14,DIVINED Agent[03] WEREWOLF
5,talk,2,0,13,VOTE Agent[04]
5,talk,3,0,6,VOTE Agent[04]
5,talk,4,0,10,VOTE Agent[04]
5,talk,5,0,3,VOTE Agent[04]
5,talk,6,0,4,VOTE Agent[03]
5,talk,7,0,9,VOTE Agent[14]
5,talk,8,0,12,VOTE Agent[03]
5,talk,9,1,5,Skip
5,talk,10,1,9,Skip
5,talk,11,1,6,Skip
5,talk,12,1,12,Skip
5,talk,13,1,10,Skip
5,talk,14,1,13,Skip
5,talk,15,1,4,VOTE Agent[03]
5,talk,16,1,14,VOTE Agent[04]
5,talk,17,1,3,Skip
5,talk,18,2,14,Skip
5,talk,19,2,9,Skip
5,talk,20,2,5,Skip
5,talk,21,2,10,Skip
5,talk,22,2,3,Skip
5,talk,23,2,12,Skip
5,talk,24,2,4,VOTE Agent[13]
5,talk,25,2,13,Skip
5,talk,26,2,6,Skip
5,talk,27,3,3,VOTE Agent[13]
5,talk,28,3,10,VOTE Agent[13]
5,talk,29,3,9,Over
5,talk,30,3,12,Over
5,talk,31,3,14,VOTE Agent[03]
5,talk,32,3,13,VOTE Agent[03]
5,talk,33,3,6,VOTE Agent[13]
5,talk,34,3,4,Skip
5,talk,35,3,5,VOTE Agent[13]
5,talk,36,4,14,VOTE Agent[13]
5,talk,37,4,5,Skip
5,talk,38,4,12,Over
5,talk,39,4,3,Skip
5,talk,40,4,4,Skip
5,talk,41,4,10,Skip
5,talk,42,4,6,Skip
5,talk,43,4,9,Over
5,talk,44,4,13,VOTE Agent[03]
5,talk,45,5,12,Over
5,talk,46,5,5,Skip
5,talk,47,5,3,Skip
5,talk,48,5,4,Over
5,talk,49,5,13,VOTE Agent[03]
5,talk,50,5,9,Over
5,talk,51,5,10,Skip
5,talk,52,5,14,Skip
5,talk,53,5,6,Skip
5,talk,54,6,6,Over
5,talk,55,6,4,Over
5,talk,56,6,12,Over
5,talk,57,6,9,Over
5,talk,58,6,14,Skip
5,talk,59,6,13,VOTE Agent[03]
5,talk,60,6,3,Over
5,talk,61,6,10,Over
5,talk,62,6,5,Over
5,talk,63,7,14,Over
5,talk,64,7,13,VOTE Agent[03]
5,talk,65,7,5,Over
5,talk,66,7,10,Over
5,talk,67,7,3,Over
5,talk,68,7,9,Over
5,talk,69,7,4,Over
5,talk,70,7,12,Over
5,talk,71,7,6,Over
5,talk,72,8,14,Over
5,talk,73,8,3,Over
5,talk,74,8,10,Over
5,talk,75,8,5,Over
5,talk,76,8,4,Over
5,talk,77,8,13,VOTE Agent[03]
5,talk,78,8,9,Over
5,talk,79,8,6,Over
5,talk,80,8,12,Over
5,talk,81,9,14,Over
5,talk,82,9,12,Over
5,talk,83,9,13,VOTE Agent[03]
5,talk,84,9,10,Over
5,talk,85,9,3,Over
5,talk,86,9,4,Over
5,talk,87,9,5,Over
5,talk,88,9,6,Over
5,talk,89,9,9,Over
5,talk,90,10,13,VOTE Agent[03]
5,talk,91,10,5,Over
5,talk,92,10,10,Over
5,talk,93,10,12,Over
5,talk,94,10,14,Over
5,talk,95,10,9,Over
5,talk,96,10,4,Over
5,talk,97,10,6,Over
5,talk,98,10,3,Over
5,talk,99,11,10,Over
5,talk,100,11,6,Over
5,talk,101,11,5,Over
5,talk,102,11,4,Over
5,talk,103,11,13,VOTE Agent[03]
5,talk,104,11,3,Over
5,talk,105,11,9,Over
5,talk,106,11,12,Over
5,talk,107,11,14,Over
5,talk,108,12,3,Over
5,talk,109,12,14,Over
5,talk,110,12,13,Over
5,talk,111,12,5,Over
5,talk,112,12,9,Over
5,talk,113,12,6,Over
5,talk,114,12,12,Over
5,talk,115,12,4,Over
5,talk,116,12,10,Over
5,vote,3,13
5,vote,4,13
5,vote,5,13
5,vote,6,13
5,vote,9,13
5,vote,10,13
5,vote,12,3
5,vote,13,3
5,vote,14,13
5,execute,13,VILLAGER
5,guard,9,6,VILLAGER
5,attackVote,14,6
5,attack,6,false
6,status,1,MEDIUM,DEAD,OKAMI
6,status,2,POSSESSED,DEAD,sample_py
6,status,3,VILLAGER,ALIVE,Takeda8
6,status,4,VILLAGER,ALIVE,Takeda1
6,status,5,VILLAGER,ALIVE,TOKU11
6,status,6,VILLAGER,ALIVE,Takeda10
6,status,7,SEER,DEAD,Tomato0
6,status,8,WEREWOLF,DEAD,OKAMI
6,status,9,BODYGUARD,ALIVE,Takeda7
6,status,10,VILLAGER,ALIVE,Takeda13
6,status,11,WEREWOLF,DEAD,sample_py
6,status,12,VILLAGER,ALIVE,sample_py
6,status,13,VILLAGER,DEAD,TOKU9
6,status,14,WEREWOLF,ALIVE,TOKU6
6,status,15,VILLAGER,DEAD,SampleJava5
6,talk,0,0,9,VOTE Agent[14]
6,talk,1,0,10,VOTE Agent[03]
6,talk,2,0,3,VOTE Agent[05]
6,talk,3,0,4,VOTE Agent[03]
6,talk,4,0,5,VOTE Agent[03]
6,talk,5,0,12,VOTE Agent[06]
6,talk,6,0,14,DIVINED Agent[05] WEREWOLF
6,talk,7,0,6,VOTE Agent[03]
6,talk,8,1,6,Skip
6,talk,9,1,12,Skip
6,talk,10,1,9,Skip
6,talk,11,1,4,Skip
6,talk,12,1,10,Skip
6,talk,13,1,3,VOTE Agent[04]
6,talk,14,1,5,Skip
6,talk,15,1,14,VOTE Agent[03]
6,talk,16,2,12,Skip
6,talk,17,2,10,Skip
6,talk,18,2,4,Skip
6,talk,19,2,3,VOTE Agent[04]
6,talk,20,2,5,Skip
6,talk,21,2,9,VOTE Agent[03]
6,talk,22,2,6,Skip
6,talk,23,2,14,Skip
6,talk,24,3,4,Over
6,talk,25,3,10,Over
6,talk,26,3,14,Skip
6,talk,27,3,5,Over
6,talk,28,3,9,Skip
6,talk,29,3,6,Over
6,talk,30,3,12,Over
6,talk,31,3,3,VOTE Agent[09]
6,talk,32,4,4,Over
6,talk,33,4,10,Over
6,talk,34,4,14,Over
6,talk,35,4,6,Over
6,talk,36,4,12,Over
6,talk,37,4,9,Skip
6,talk,38,4,5,Over
6,talk,39,4,3,VOTE Agent[09]
6,talk,40,5,5,Over
6,talk,41,5,4,Over
6,talk,42,5,14,Over
6,talk,43,5,10,Over
6,talk,44,5,9,Over
6,talk,45,5,6,Over
6,talk,46,5,3,VOTE Agent[09]
6,talk,47,5,12,Over
6,talk,48,6,3,VOTE Agent[09]
6,talk,49,6,5,Over
6,talk,50,6,10,Over
6,talk,51,6,4,Over
6,talk,52,6,6,Over
6,talk,53,6,14,Over
6,talk,54,6,12,Over
6,talk,55,6,9,Over
6,talk,56,7,14,Over
6,talk,57,7,12,Over
6,talk,58,7,10,Over
6,talk,59,7,4,Over
6,talk,60,7,6,Over
6,talk,61,7,5,Over
6,talk,62,7,3,VOTE Agent[09]
6,talk,63,7,9,Over
6,talk,64,8,10,Over
6,talk,65,8,5,Over
6,talk,66,8,3,VOTE Agent[09]
6,talk,67,8,9,Over
6,talk,68,8,4,Over
6,talk,69,8,6,Over
6,talk,70,8,14,Over
6,talk,71,8,12,Over
6,talk,72,9,12,Over
6,talk,73,9,10,Over
6,talk,74,9,6,Over
6,talk,75,9,5,Over
6,talk,76,9,3,VOTE Agent[09]
6,talk,77,9,9,Over
6,talk,78,9,4,Over
6,talk,79,9,14,Over
6,talk,80,10,4,Over
6,talk,81,10,10,Over
6,talk,82,10,9,Over
6,talk,83,10,14,Over
6,talk,84,10,5,Over
6,talk,85,10,12,Over
6,talk,86,10,6,Over
6,talk,87,10,3,Over
6,vote,3,9
6,vote,4,3
6,vote,5,3
6,vote,6,3
6,vote,9,3
6,vote,10,3
6,vote,12,6
6,vote,14,3
6,execute,3,VILLAGER
6,guard,9,12,VILLAGER
6,attackVote,14,6
6,attack,6,true
7,status,1,MEDIUM,DEAD,OKAMI
7,status,2,POSSESSED,DEAD,sample_py
7,status,3,VILLAGER,DEAD,Takeda8
7,status,4,VILLAGER,ALIVE,Takeda1
7,status,5,VILLAGER,ALIVE,TOKU11
7,status,6,VILLAGER,DEAD,Takeda10
7,status,7,SEER,DEAD,Tomato0
7,status,8,WEREWOLF,DEAD,OKAMI
7,status,9,BODYGUARD,ALIVE,Takeda7
7,status,10,VILLAGER,ALIVE,Takeda13
7,status,11,WEREWOLF,DEAD,sample_py
7,status,12,VILLAGER,ALIVE,sample_py
7,status,13,VILLAGER,DEAD,TOKU9
7,status,14,WEREWOLF,ALIVE,TOKU6
7,status,15,VILLAGER,DEAD,SampleJava5
7,talk,0,0,5,VOTE Agent[09]
7,talk,1,0,4,VOTE Agent[09]
7,talk,2,0,10,VOTE Agent[09]
7,talk,3,0,12,VOTE Agent[05]
7,talk,4,0,9,VOTE Agent[14]
7,talk,5,0,14,DIVINED Agent[09] WEREWOLF
7,talk,6,1,10,Skip
7,talk,7,1,5,Skip
7,talk,8,1,12,Skip
7,talk,9,1,9,VOTE Agent[04]
7,talk,10,1,14,VOTE Agent[09]
7,talk,11,1,4,Skip
7,talk,12,2,5,Skip
7,talk,13,2,14,Skip
7,talk,14,2,12,Skip
7,talk,15,2,9,VOTE Agent[04]
7,talk,16,2,10,Skip
7,talk,17,2,4,Skip
7,talk,18,3,12,Over
7,talk,19,3,4,Over
7,talk,20,3,9,VOTE Agent[04]
7,talk,21,3,5,Over
7,talk,22,3,10,Over
7,talk,23,3,14,Skip
7,talk,24,4,9,VOTE Agent[04]
7,talk,25,4,5,Over
7,talk,26,4,12,Over
7,talk,27,4,4,Over
7,talk,28,4,10,Over
7,talk,29,4,14,Over
7,talk,30,5,12,Over
7,talk,31,5,10,Over
7,talk,32,5,4,Over
7,talk,33,5,9,VOTE Agent[04]
7,talk,34,5,14,Over
7,talk,35,5,5,Over
7,talk,36,6,10,Over
7,talk,37,6,14,Over
7,talk,38,6,4,Over
7,talk,39,6,12,Over
7,talk,40,6,9,VOTE Agent[04]
7,talk,41,6,5,Over
7,talk,42,7,4,Over
7,talk,43,7,10,Over
7,talk,44,7,9,VOTE Agent[04]
7,talk,45,7,14,Over
7,talk,46,7,12,Over
7,talk,47,7,5,Over
7,talk,48,8,14,Over
7,talk,49,8,10,Over
7,talk,50,8,9,VOTE Agent[04]
7,talk,51,8,12,Over
7,talk,52,8,4,Over
7,talk,53,8,5,Over
7,talk,54,9,12,Over
7,talk,55,9,10,Over
7,talk,56,9,9,VOTE Agent[04]
7,talk,57,9,5,Over
7,talk,58,9,4,Over
7,talk,59,9,14,Over
7,talk,60,10,10,Over
7,talk,61,10,5,Over
7,talk,62,10,14,Over
7,talk,63,10,4,Over
7,talk,64,10,12,Over
7,talk,65,10,9,Over
7,vote,4,9
7,vote,5,9
7,vote,9,4
7,vote,10,9
7,vote,12,5
7,vote,14,9
7,execute,9,BODYGUARD
7,attackVote,14,12
7,attack,12,true
8,status,1,MEDIUM,DEAD,OKAMI
8,status,2,POSSESSED,DEAD,sample_py
8,status,3,VILLAGER,DEAD,Takeda8
8,status,4,VILLAGER,ALIVE,Takeda1
8,status,5,VILLAGER,ALIVE,TOKU11
8,status,6,VILLAGER,DEAD,Takeda10
8,status,7,SEER,DEAD,Tomato0
8,status,8,WEREWOLF,DEAD,OKAMI
8,status,9,BODYGUARD,DEAD,Takeda7
8,status,10,VILLAGER,ALIVE,Takeda13
8,status,11,WEREWOLF,DEAD,sample_py
8,status,12,VILLAGER,DEAD,sample_py
8,status,13,VILLAGER,DEAD,TOKU9
8,status,14,WEREWOLF,ALIVE,TOKU6
8,status,15,VILLAGER,DEAD,SampleJava5
8,talk,0,0,5,VOTE Agent[04]
8,talk,1,0,10,VOTE Agent[04]
8,talk,2,0,4,VOTE Agent[10]
8,talk,3,0,14,DIVINED Agent[10] WEREWOLF
8,talk,4,1,5,Skip
8,talk,5,1,4,VOTE Agent[10]
8,talk,6,1,14,VOTE Agent[04]
8,talk,7,1,10,Skip
8,talk,8,2,10,Skip
8,talk,9,2,4,VOTE Agent[10]
8,talk,10,2,5,Skip
8,talk,11,2,14,Skip
8,talk,12,3,5,Over
8,talk,13,3,10,Over
8,talk,14,3,14,Skip
8,talk,15,3,4,VOTE Agent[10]
8,talk,16,4,10,Over
8,talk,17,4,14,Over
8,talk,18,4,4,VOTE Agent[10]
8,talk,19,4,5,Over
8,talk,20,5,4,VOTE Agent[10]
8,talk,21,5,10,Over
8,talk,22,5,5,Over
8,talk,23,5,14,Over
8,talk,24,6,14,Over
8,talk,25,6,5,Over
8,talk,26,6,10,Over
8,talk,27,6,4,VOTE Agent[10]
8,talk,28,7,5,Over
8,talk,29,7,4,VOTE Agent[10]
8,talk,30,7,14,Over
8,talk,31,7,10,Over
8,talk,32,8,4,VOTE Agent[10]
8,talk,33,8,10,Over
8,talk,34,8,5,Over
8,talk,35,8,14,Over
8,talk,36,9,5,Over
8,talk,37,9,10,Over
8,talk,38,9,4,VOTE Agent[10]
8,talk,39,9,14,Over
8,talk,40,10,5,Over
8,talk,41,10,10,Over
8,talk,42,10,14,Over
8,talk,43,10,4,Over
8,vote,4,10
8,vote,5,4
8,vote,10,4
8,vote,14,4
8,execute,4,VILLAGER
8,attackVote,14,5
8,attack,5,true
9,status,1,MEDIUM,DEAD,OKAMI
9,status,2,POSSESSED,DEAD,sample_py
9,status,3,VILLAGER,DEAD,Takeda8
9,status,4,VILLAGER,DEAD,Takeda1
9,status,5,VILLAGER,DEAD,TOKU11
9,status,6,VILLAGER,DEAD,Takeda10
9,status,7,SEER,DEAD,Tomato0
9,status,8,WEREWOLF,DEAD,OKAMI
9,status,9,BODYGUARD,DEAD,Takeda7
9,status,10,VILLAGER,ALIVE,Takeda13
9,status,11,WEREWOLF,DEAD,sample_py
9,status,12,VILLAGER,DEAD,sample_py
9,status,13,VILLAGER,DEAD,TOKU9
9,status,14,WEREWOLF,ALIVE,TOKU6
9,status,15,VILLAGER,DEAD,SampleJava5
9,result,1,1,WEREWOLF
