0,status,1,MEDIUM,ALIVE,Takeda11
0,status,2,VILLAGER,ALIVE,Tomato13
0,status,3,SEER,ALIVE,Tomato6
0,status,4,VILLAGER,ALIVE,Tomato2
0,status,5,VILLAGER,ALIVE,HALU
0,status,6,VILLAGER,ALIVE,HALU
0,status,7,VILLAGER,ALIVE,sample_py
0,status,8,WEREWOLF,ALIVE,HALU
0,status,9,VILLAGER,ALIVE,Takeda9
0,status,10,VILLAGER,ALIVE,sample_py
0,status,11,BODYGUARD,ALIVE,sample_py
0,status,12,WEREWOLF,ALIVE,HALU
0,status,13,WEREWOLF,ALIVE,Tomato14
0,status,14,POSSESSED,ALIVE,TOKU1
0,status,15,VILLAGER,ALIVE,Takeda3
0,whisper,0,0,12,COMINGOUT Agent[12] MEDIUM
0,whisper,1,0,13,COMINGOUT Agent[13] SEER
0,whisper,2,0,8,COMINGOUT Agent[08] MEDIUM
0,whisper,3,1,8,COMINGOUT Agent[08] VILLAGER
0,whisper,4,1,13,Skip
0,whisper,5,1,12,COMINGOUT Agent[12] VILLAGER
0,whisper,6,2,13,Skip
0,whisper,7,2,8,Skip
0,whisper,8,2,12,Skip
0,whisper,9,3,12,Skip
0,whisper,10,3,13,Over
0,whisper,11,3,8,Skip
0,whisper,12,4,8,Over
0,whisper,13,4,12,Over
0,whisper,14,4,13,Over
0,divine,3,10,HUMAN
1,status,1,MEDIUM,ALIVE,Takeda11
1,status,2,VILLAGER,ALIVE,Tomato13
1,status,3,SEER,ALIVE,Tomato6
1,status,4,VILLAGER,ALIVE,Tomato2
1,status,5,VILLAGER,ALIVE,HALU
1,status,6,VILLAGER,ALIVE,HALU
1,status,7,VILLAGER,ALIVE,sample_py
1,status,8,WEREWOLF,ALIVE,HALU
1,status,9,VILLAGER,ALIVE,Takeda9
1,status,10,VILLAGER,ALIVE,sample_py
1,status,11,BODYGUARD,ALIVE,sample_py
1,status,12,WEREWOLF,ALIVE,HALU
1,status,13,WEREWOLF,ALIVE,Tomato14
1,status,14,POSSESSED,ALIVE,TOKU1
1,status,15,VILLAGER,ALIVE,Takeda3
1,talk,0,0,10,VOTE Agent[09]
1,talk,1,0,11,VOTE Agent[14]
1,talk,2,0,3,COMINGOUT Agent[03] SEER
1,talk,3,0,14,COMINGOUT Agent[14] SEER
1,talk,4,0,5,VOTE Agent[11]
1,talk,5,0,9,VOTE Agent[14]
1,talk,6,0,1,COMINGOUT Agent[01] MEDIUM
1,talk,7,0,8,VOTE Agent[05]
1,talk,8,0,6,VOTE Agent[05]
1,talk,9,0,13,COMINGOUT Agent[13] SEER
1,talk,10,0,15,VOTE Agent[13]
1,talk,11,0,4,VOTE Agent[14]
1,talk,12,0,7,VOTE Agent[03]
1,talk,13,0,12,VOTE Agent[15]
1,talk,14,0,2,VOTE Agent[14]
1,talk,15,1,12,VOTE Agent[05]
1,talk,16,1,9,VOTE Agent[11]
1,talk,17,1,11,Skip
1,talk,18,1,3,DIVINED Agent[10] HUMAN
1,talk,19,1,8,VOTE Agent[07]
1,talk,20,1,7,Skip
1,talk,21,1,5,VOTE Agent[08]
1,talk,22,1,1,VOTE Agent[13]
1,talk,23,1,6,VOTE Agent[02]
1,talk,24,1,4,Skip
1,talk,25,1,13,DIVINED Agent[06] HUMAN
1,talk,26,1,10,Skip
1,talk,27,1,2,Skip
1,talk,28,1,14,DIVINED Agent[10] WEREWOLF
1,talk,29,1,15,Skip
1,talk,30,2,12,VOTE Agent[10]
1,talk,31,2,4,Skip
1,talk,32,2,11,VOTE Agent[10]
1,talk,33,2,13,VOTE Agent[14]
1,talk,34,2,7,VOTE Agent[10]
1,talk,35,2,5,VOTE Agent[13]
1,talk,36,2,3,VOTE Agent[10]
1,talk,37,2,10,VOTE Agent[14]
1,talk,38,2,15,Skip
1,talk,39,2,6,VOTE Agent[03]
1,talk,40,2,9,VOTE Agent[13]
1,talk,41,2,8,VOTE Agent[10]
1,talk,42,2,14,VOTE Agent[10]
1,talk,43,2,2,VOTE Agent[10]
1,talk,44,2,1,Skip
1,talk,45,3,14,Skip
1,talk,46,3,10,Skip
1,talk,47,3,1,Skip
1,talk,48,3,3,Skip
1,talk,49,3,11,Skip
1,talk,50,3,13,VOTE Agent[10]
1,talk,51,3,7,Skip
1,talk,52,3,12,VOTE Agent[10]
1,talk,53,3,15,Over
1,talk,54,3,8,VOTE Agent[10]
1,talk,55,3,2,Skip
1,talk,56,3,9,VOTE Agent[03]
1,talk,57,3,6,VOTE Agent[13]
1,talk,58,3,4,VOTE Agent[10]
1,talk,59,3,5,VOTE Agent[14]
1,talk,60,4,10,Skip
1,talk,61,4,7,Skip
1,talk,62,4,13,Skip
1,talk,63,4,9,VOTE Agent[13]
1,talk,64,4,14,Skip
1,talk,65,4,6,VOTE Agent[03]
1,talk,66,4,5,VOTE Agent[13]
1,talk,67,4,4,Skip
1,talk,68,4,15,Over
1,talk,69,4,12,VOTE Agent[10]
1,talk,70,4,1,Over
1,talk,71,4,3,Skip
1,talk,72,4,11,Skip
1,talk,73,4,8,VOTE Agent[10]
1,talk,74,4,2,Skip
1,talk,75,5,6,VOTE Agent[03]
1,talk,76,5,5,VOTE Agent[13]
1,talk,77,5,12,VOTE Agent[10]
1,talk,78,5,7,Over
1,talk,79,5,1,Over
1,talk,80,5,11,Over
1,talk,81,5,8,VOTE Agent[10]
1,talk,82,5,15,Over
1,talk,83,5,10,Over
1,talk,84,5,3,Over
1,talk,85,5,14,Over
1,talk,86,5,4,Skip
1,talk,87,5,9,Skip
1,talk,88,5,2,Over
1,talk,89,5,13,Skip
1,talk,90,6,1,Over
1,talk,91,6,15,Over
1,talk,92,6,5,VOTE Agent[13]
1,talk,93,6,6,VOTE Agent[13]
1,talk,94,6,2,Over
1,talk,95,6,3,Over
1,talk,96,6,12,VOTE Agent[10]
1,talk,97,6,14,Over
1,talk,98,6,13,Over
1,talk,99,6,7,Over
1,talk,100,6,4,Over
1,talk,101,6,9,Skip
1,talk,102,6,8,VOTE Agent[10]
1,talk,103,6,10,Over
1,talk,104,6,11,Over
1,talk,105,7,6,VOTE Agent[14]
1,talk,106,7,8,VOTE Agent[10]
1,talk,107,7,11,Over
1,talk,108,7,13,Over
1,talk,109,7,1,Over
1,talk,110,7,15,Over
1,talk,111,7,10,Over
1,talk,112,7,5,VOTE Agent[14]
1,talk,113,7,4,Over
1,talk,114,7,14,Over
1,talk,115,7,3,Over
1,talk,116,7,2,Over
1,talk,117,7,12,VOTE Agent[10]
1,talk,118,7,7,Over
1,talk,119,7,9,Over
1,talk,120,8,11,Over
1,talk,121,8,2,Over
1,talk,122,8,3,Over
1,talk,123,8,12,VOTE Agent[10]
1,talk,124,8,9,Over
1,talk,125,8,4,Over
1,talk,126,8,10,Over
1,talk,127,8,15,Over
1,talk,128,8,14,Over
1,talk,129,8,1,Over
1,talk,130,8,8,VOTE Agent[10]
1,talk,131,8,6,VOTE Agent[14]
1,talk,132,8,13,Over
1,talk,133,8,5,VOTE Agent[13]
1,talk,134,8,7,Over
1,talk,135,9,2,Over
1,talk,136,9,7,Over
1,talk,137,9,11,Over
1,talk,138,9,9,Over
1,talk,139,9,4,Over
1,talk,140,9,6,Over
1,talk,141,9,14,Over
1,talk,142,9,8,Over
1,talk,143,9,1,Over
1,talk,144,9,5,Over
1,talk,145,9,12,Over
1,talk,146,9,13,Over
1,talk,147,9,15,Over
1,talk,148,9,10,Over
1,talk,149,9,3,Over
1,vote,1,13
1,vote,2,10
1,vote,3,10
1,vote,4,10
1,vote,5,14
1,vote,6,3
1,vote,7,10
1,vote,8,10
1,vote,9,10
1,vote,10,14
1,vote,11,10
1,vote,12,10
1,vote,13,10
1,vote,14,10
1,vote,15,10
1,execute,10,VILLAGER
1,divine,3,13,WEREWOLF
1,whisper,0,0,13,ATTACK Agent[14]
1,whisper,1,0,8,ATTACK Agent[13]
1,whisper,2,0,12,ATTACK Agent[13]
1,whisper,3,1,13,Skip
1,whisper,4,1,8,Skip
1,whisper,5,1,12,Skip
1,whisper,6,2,12,Skip
1,whisper,7,2,8,Skip
1,whisper,8,2,13,Skip
1,whisper,9,3,12,Over
1,whisper,10,3,13,Over
1,whisper,11,3,8,Over
1,guard,11,14,POSSESSED
1,attackVote,8,3
1,attackVote,12,3
1,attackVote,13,14
1,attack,3,true
2,status,1,MEDIUM,ALIVE,Takeda11
2,status,2,VILLAGER,ALIVE,Tomato13
2,status,3,SEER,DEAD,Tomato6
2,status,4,VILLAGER,ALIVE,Tomato2
2,status,5,VILLAGER,ALIVE,HALU
2,status,6,VILLAGER,ALIVE,HALU
2,status,7,VILLAGER,ALIVE,sample_py
2,status,8,WEREWOLF,ALIVE,HALU
2,status,9,VILLAGER,ALIVE,Takeda9
2,status,10,VILLAGER,DEAD,sample_py
2,status,11,BODYGUARD,ALIVE,sample_py
2,status,12,WEREWOLF,ALIVE,HALU
2,status,13,WEREWOLF,ALIVE,Tomato14
2,status,14,POSSESSED,ALIVE,TOKU1
2,status,15,VILLAGER,ALIVE,Takeda3
2,talk,0,0,1,IDENTIFIED Agent[10] HUMAN
2,talk,1,0,11,VOTE Agent[05]
2,talk,2,0,15,VOTE Agent[13]
2,talk,3,0,13,DIVINED Agent[11] HUMAN
2,talk,4,0,7,VOTE Agent[11]
2,talk,5,0,4,VOTE Agent[13]
2,talk,6,0,12,VOTE Agent[04]
2,talk,7,0,5,VOTE Agent[13]
2,talk,8,0,14,DIVINED Agent[12] HUMAN
2,talk,9,0,9,VOTE Agent[13]
2,talk,10,0,2,VOTE Agent[13]
2,talk,11,0,8,VOTE Agent[02]
2,talk,12,0,6,VOTE Agent[14]
2,talk,13,1,7,Skip
2,talk,14,1,12,VOTE Agent[07]
2,talk,15,1,4,Skip
2,talk,16,1,8,VOTE Agent[07]
2,talk,17,1,13,VOTE Agent[07]
2,talk,18,1,2,VOTE Agent[07]
2,talk,19,1,15,Skip
2,talk,20,1,5,VOTE Agent[14]
2,talk,21,1,6,VOTE Agent[13]
2,talk,22,1,9,Skip
2,talk,23,1,11,Skip
2,talk,24,1,1,Skip
2,talk,25,1,14,VOTE Agent[01]
2,talk,26,2,4,VOTE Agent[07]
2,talk,27,2,11,Skip
2,talk,28,2,14,Skip
2,talk,29,2,12,VOTE Agent[04]
2,talk,30,2,15,Skip
2,talk,31,2,9,Skip
2,talk,32,2,2,Skip
2,talk,33,2,13,Skip
2,talk,34,2,7,Skip
2,talk,35,2,1,Skip
2,talk,36,2,6,VOTE Agent[14]
2,talk,37,2,8,VOTE Agent[07]
2,talk,38,2,5,VOTE Agent[14]
2,talk,39,3,9,Over
2,talk,40,3,7,Over
2,talk,41,3,14,Skip
2,talk,42,3,15,Over
2,talk,43,3,2,Skip
2,talk,44,3,4,Skip
2,talk,45,3,11,Over
2,talk,46,3,6,VOTE Agent[14]
2,talk,47,3,5,VOTE Agent[14]
2,talk,48,3,13,Skip
2,talk,49,3,8,VOTE Agent[07]
2,talk,50,3,1,Over
2,talk,51,3,12,VOTE Agent[07]
2,talk,52,4,11,Over
2,talk,53,4,4,Skip
2,talk,54,4,1,Over
2,talk,55,4,8,VOTE Agent[05]
2,talk,56,4,2,Over
2,talk,57,4,14,Over
2,talk,58,4,6,VOTE Agent[14]
2,talk,59,4,7,Over
2,talk,60,4,5,VOTE Agent[14]
2,talk,61,4,13,Over
2,talk,62,4,15,Over
2,talk,63,4,9,Over
2,talk,64,4,12,VOTE Agent[05]
2,talk,65,5,13,VOTE Agent[05]
2,talk,66,5,9,Over
2,talk,67,5,2,VOTE Agent[05]
2,talk,68,5,12,VOTE Agent[05]
2,talk,69,5,8,VOTE Agent[05]
2,talk,70,5,7,Over
2,talk,71,5,6,VOTE Agent[14]
2,talk,72,5,5,VOTE Agent[14]
2,talk,73,5,11,Over
2,talk,74,5,1,Over
2,talk,75,5,15,Over
2,talk,76,5,14,Over
2,talk,77,5,4,VOTE Agent[05]
2,talk,78,6,4,Skip
2,talk,79,6,5,VOTE Agent[14]
2,talk,80,6,2,Skip
2,talk,81,6,14,Over
2,talk,82,6,13,Skip
2,talk,83,6,7,Over
2,talk,84,6,15,Over
2,talk,85,6,8,VOTE Agent[05]
2,talk,86,6,9,Over
2,talk,87,6,1,Over
2,talk,88,6,6,VOTE Agent[14]
2,talk,89,6,12,VOTE Agent[07]
2,talk,90,6,11,Over
2,talk,91,7,15,Over
2,talk,92,7,6,VOTE Agent[14]
2,talk,93,7,9,Over
2,talk,94,7,14,Over
2,talk,95,7,5,VOTE Agent[14]
2,talk,96,7,13,Skip
2,talk,97,7,2,Skip
2,talk,98,7,7,Over
2,talk,99,7,11,Over
2,talk,100,7,8,VOTE Agent[07]
2,talk,101,7,4,Skip
2,talk,102,7,12,VOTE Agent[05]
2,talk,103,7,1,Over
2,talk,104,8,9,Over
2,talk,105,8,13,Over
2,talk,106,8,6,VOTE Agent[14]
2,talk,107,8,5,VOTE Agent[14]
2,talk,108,8,8,VOTE Agent[05]
2,talk,109,8,15,Over
2,talk,110,8,11,Over
2,talk,111,8,12,VOTE Agent[05]
2,talk,112,8,14,Over
2,talk,113,8,4,Over
2,talk,114,8,1,Over
2,talk,115,8,2,Over
2,talk,116,8,7,Over
2,talk,117,9,15,Over
2,talk,118,9,13,Over
2,talk,119,9,1,Over
2,talk,120,9,7,Over
2,talk,121,9,5,Over
2,talk,122,9,6,Over
2,talk,123,9,12,Over
2,talk,124,9,2,Over
2,talk,125,9,9,Over
2,talk,126,9,8,Over
2,talk,127,9,11,Over
2,talk,128,9,4,Over
2,talk,129,9,14,Over
2,vote,1,13
2,vote,2,5
2,vote,4,5
2,vote,5,14
2,vote,6,14
2,vote,7,11
2,vote,8,7
2,vote,9,13
2,vote,11,5
2,vote,12,7
2,vote,13,5
2,vote,14,5
2,vote,15,13
2,execute,5,VILLAGER
2,whisper,0,0,13,ATTACK Agent[14]
2,whisper,1,0,8,ATTACK Agent[13]
2,whisper,2,0,12,ATTACK Agent[13]
2,whisper,3,1,13,Skip
2,whisper,4,1,8,Skip
2,whisper,5,1,12,Skip
2,whisper,6,2,8,Skip
2,whisper,7,2,13,Skip
2,whisper,8,2,12,Skip
2,whisper,9,3,8,Over
2,whisper,10,3,13,Over
2,whisper,11,3,12,Over
2,guard,11,14,POSSESSED
2,attackVote,13,14
2,attack,14,false
3,status,1,MEDIUM,ALIVE,Takeda11
3,status,2,VILLAGER,ALIVE,Tomato13
3,status,3,SEER,DEAD,Tomato6
3,status,4,VILLAGER,ALIVE,Tomato2
3,status,5,VILLAGER,DEAD,HALU
3,status,6,VILLAGER,ALIVE,HALU
3,status,7,VILLAGER,ALIVE,sample_py
3,status,8,WEREWOLF,ALIVE,HALU
3,status,9,VILLAGER,ALIVE,Takeda9
3,status,10,VILLAGER,DEAD,sample_py
3,status,11,BODYGUARD,ALIVE,sample_py
3,status,12,WEREWOLF,ALIVE,HALU
3,status,13,WEREWOLF,ALIVE,Tomato14
3,status,14,POSSESSED,ALIVE,TOKU1
3,status,15,VILLAGER,ALIVE,Takeda3
3,talk,0,0,13,DIVINED Agent[15] HUMAN
3,talk,1,0,12,VOTE Agent[02]
3,talk,2,0,8,VOTE Agent[02]
3,talk,3,0,1,IDENTIFIED Agent[05] HUMAN
3,talk,4,0,2,VOTE Agent[13]
3,talk,5,0,11,VOTE Agent[04]
3,talk,6,0,14,DIVINED Agent[04] WEREWOLF
3,talk,7,0,6,VOTE Agent[14]
3,talk,8,0,15,VOTE Agent[13]
3,talk,9,0,7,VOTE Agent[04]
3,talk,10,0,9,VOTE Agent[13]
3,talk,11,0,4,VOTE Agent[13]
3,talk,12,1,9,Skip
3,talk,13,1,14,VOTE Agent[04]
3,talk,14,1,12,VOTE Agent[09]
3,talk,15,1,8,VOTE Agent[02]
3,talk,16,1,7,Skip
3,talk,17,1,1,Skip
3,talk,18,1,4,Skip
3,talk,19,1,11,Skip
3,talk,20,1,2,Skip
3,talk,21,1,13,VOTE Agent[04]
3,talk,22,1,15,Skip
3,talk,23,1,6,VOTE Agent[13]
3,talk,24,2,13,Skip
3,talk,25,2,15,Skip
3,talk,26,2,1,Skip
3,talk,27,2,4,Skip
3,talk,28,2,8,VOTE Agent[09]
3,talk,29,2,12,VOTE Agent[02]
3,talk,30,2,9,Skip
3,talk,31,2,6,VOTE Agent[13]
3,talk,32,2,7,Skip
3,talk,33,2,14,Skip
3,talk,34,2,2,Skip
3,talk,35,2,11,Skip
3,talk,36,3,4,Over
3,talk,37,3,12,VOTE Agent[02]
3,talk,38,3,8,VOTE Agent[02]
3,talk,39,3,1,Over
3,talk,40,3,14,Skip
3,talk,41,3,13,Skip
3,talk,42,3,7,Over
3,talk,43,3,15,Over
3,talk,44,3,9,Over
3,talk,45,3,6,VOTE Agent[13]
3,talk,46,3,11,Over
3,talk,47,3,2,Over
3,talk,48,4,8,VOTE Agent[09]
3,talk,49,4,14,Over
3,talk,50,4,9,Over
3,talk,51,4,11,Over
3,talk,52,4,6,VOTE Agent[13]
3,talk,53,4,4,Over
3,talk,54,4,12,VOTE Agent[02]
3,talk,55,4,2,Over
3,talk,56,4,7,Over
3,talk,57,4,13,Over
3,talk,58,4,15,Over
3,talk,59,4,1,Over
3,talk,60,5,7,Over
3,talk,61,5,13,Over
3,talk,62,5,15,Over
3,talk,63,5,14,Over
3,talk,64,5,2,Over
3,talk,65,5,8,VOTE Agent[02]
3,talk,66,5,4,Over
3,talk,67,5,9,Over
3,talk,68,5,6,VOTE Agent[13]
3,talk,69,5,11,Over
3,talk,70,5,12,VOTE Agent[07]
3,talk,71,5,1,Over
3,talk,72,6,15,Over
3,talk,73,6,1,Over
3,talk,74,6,6,VOTE Agent[13]
3,talk,75,6,12,VOTE Agent[02]
3,talk,76,6,13,Over
3,talk,77,6,4,Over
3,talk,78,6,14,Over
3,talk,79,6,2,Over
3,talk,80,6,9,Over
3,talk,81,6,11,Over
3,talk,82,6,8,VOTE Agent[02]
3,talk,83,6,7,Over
3,talk,84,7,2,Over
3,talk,85,7,11,Over
3,talk,86,7,14,Over
3,talk,87,7,1,Over
3,talk,88,7,6,VOTE Agent[13]
3,talk,89,7,13,Over
3,talk,90,7,12,VOTE Agent[02]
3,talk,91,7,9,Over
3,talk,92,7,4,Over
3,talk,93,7,8,VOTE Agent[02]
3,talk,94,7,15,Over
3,talk,95,7,7,Over
3,talk,96,8,4,Over
3,talk,97,8,15,Over
3,talk,98,8,12,VOTE Agent[02]
3,talk,99,8,14,Over
3,talk,100,8,2,Over
3,talk,101,8,7,Over
3,talk,102,8,6,VOTE Agent[13]
3,talk,103,8,11,Over
3,talk,104,8,13,Over
3,talk,105,8,9,Over
3,talk,106,8,8,VOTE Agent[02]
3,talk,107,8,1,Over
3,talk,108,9,9,Over
3,talk,109,9,15,Over
3,talk,110,9,6,Over
3,talk,111,9,8,Over
3,talk,112,9,2,Over
3,talk,113,9,4,Over
3,talk,114,9,7,Over
3,talk,115,9,12,Over
3,talk,116,9,14,Over
3,talk,117,9,11,Over
3,talk,118,9,13,Over
3,talk,119,9,1,Over
3,vote,1,13
3,vote,2,13
3,vote,4,13
3,vote,6,13
3,vote,7,4
3,vote,8,9
3,vote,9,13
3,vote,11,4
3,vote,12,7
3,vote,13,4
3,vote,14,4
3,vote,15,13
3,execute,13,WEREWOLF
3,whisper,0,0,12,ATTACK Agent[13]
3,whisper,1,0,8,ATTACK Agent[13]
3,whisper,2,1,12,Skip
3,whisper,3,1,8,Skip
3,whisper,4,2,12,Skip
3,whisper,5,2,8,Skip
3,whisper,6,3,8,Over
3,whisper,7,3,12,Over
3,guard,11,14,POSSESSED
3,attackVote,8,15
3,attackVote,12,15
3,attack,15,true
4,status,1,MEDIUM,ALIVE,Takeda11
4,status,2,VILLAGER,ALIVE,Tomato13
4,status,3,SEER,DEAD,Tomato6
4,status,4,VILLAGER,ALIVE,Tomato2
4,status,5,VILLAGER,DEAD,HALU
4,status,6,VILLAGER,ALIVE,HALU
4,status,7,VILLAGER,ALIVE,sample_py
4,status,8,WEREWOLF,ALIVE,HALU
4,status,9,VILLAGER,ALIVE,Takeda9
4,status,10,VILLAGER,DEAD,sample_py
4,status,11,BODYGUARD,ALIVE,sample_py
4,status,12,WEREWOLF,ALIVE,HALU
4,status,13,WEREWOLF,DEAD,Tomato14
4,status,14,POSSESSED,ALIVE,TOKU1
4,status,15,VILLAGER,DEAD,Takeda3
4,talk,0,0,14,DIVINED Agent[11] WEREWOLF
4,talk,1,0,1,IDENTIFIED Agent[13] WEREWOLF
4,talk,2,0,12,VOTE Agent[02]
4,talk,3,0,4,VOTE Agent[14]
4,talk,4,0,6,VOTE Agent[04]
4,talk,5,0,8,VOTE Agent[07]
4,talk,6,0,7,VOTE Agent[11]
4,talk,7,0,9,VOTE Agent[12]
4,talk,8,0,11,VOTE Agent[14]
4,talk,9,0,2,VOTE Agent[14]
4,talk,10,1,11,Skip
4,talk,11,1,7,Skip
4,talk,12,1,8,VOTE Agent[02]
4,talk,13,1,2,Skip
4,talk,14,1,1,VOTE Agent[12]
4,talk,15,1,14,VOTE Agent[04]
4,talk,16,1,12,VOTE Agent[02]
4,talk,17,1,9,Skip
4,talk,18,1,4,Skip
4,talk,19,1,6,VOTE Agent[12]
4,talk,20,2,4,Skip
4,talk,21,2,14,Skip
4,talk,22,2,7,Skip
4,talk,23,2,2,Skip
4,talk,24,2,6,VOTE Agent[12]
4,talk,25,2,9,Skip
4,talk,26,2,12,VOTE Agent[07]
4,talk,27,2,8,VOTE Agent[07]
4,talk,28,2,11,Skip
4,talk,29,2,1,Skip
4,talk,30,3,2,Over
4,talk,31,3,1,Skip
4,talk,32,3,6,VOTE Agent[08]
4,talk,33,3,14,Skip
4,talk,34,3,9,Over
4,talk,35,3,12,VOTE Agent[07]
4,talk,36,3,8,VOTE Agent[02]
4,talk,37,3,11,Over
4,talk,38,3,4,Over
4,talk,39,3,7,Over
4,talk,40,4,7,Over
4,talk,41,4,2,Over
4,talk,42,4,6,VOTE Agent[08]
4,talk,43,4,12,VOTE Agent[07]
4,talk,44,4,8,VOTE Agent[07]
4,talk,45,4,4,Over
4,talk,46,4,11,Over
4,talk,47,4,1,Over
4,talk,48,4,14,Over
4,talk,49,4,9,Over
4,talk,50,5,1,Over
4,talk,51,5,9,Over
4,talk,52,5,12,VOTE Agent[02]
4,talk,53,5,14,Over
4,talk,54,5,6,VOTE Agent[07]
4,talk,55,5,4,Over
4,talk,56,5,2,Over
4,talk,57,5,8,VOTE Agent[02]
4,talk,58,5,11,Over
4,talk,59,5,7,Over
4,talk,60,6,1,Over
4,talk,61,6,7,Over
4,talk,62,6,4,Over
4,talk,63,6,6,VOTE Agent[02]
4,talk,64,6,8,VOTE Agent[02]
4,talk,65,6,12,VOTE Agent[02]
4,talk,66,6,2,Over
4,talk,67,6,9,Over
4,talk,68,6,14,Over
4,talk,69,6,11,Over
4,talk,70,7,14,Over
4,talk,71,7,6,VOTE Agent[02]
4,talk,72,7,7,Over
4,talk,73,7,9,Over
4,talk,74,7,4,Over
4,talk,75,7,8,VOTE Agent[07]
4,talk,76,7,11,Over
4,talk,77,7,1,Over
4,talk,78,7,12,VOTE Agent[07]
4,talk,79,7,2,Over
4,talk,80,8,8,VOTE Agent[07]
4,talk,81,8,1,Over
4,talk,82,8,6,VOTE Agent[08]
4,talk,83,8,11,Over
4,talk,84,8,4,Over
4,talk,85,8,14,Over
4,talk,86,8,7,Over
4,talk,87,8,2,Over
4,talk,88,8,12,VOTE Agent[02]
4,talk,89,8,9,Over
4,talk,90,9,1,Over
4,talk,91,9,2,Over
4,talk,92,9,6,Over
4,talk,93,9,4,Over
4,talk,94,9,12,Over
4,talk,95,9,9,Over
4,talk,96,9,14,Over
4,talk,97,9,7,Over
4,talk,98,9,11,Over
4,talk,99,9,8,Over
4,vote,1,12
4,vote,2,14
4,vote,4,14
4,vote,6,8
4,vote,7,11
4,vote,8,2
4,vote,9,12
4,vote,11,14
4,vote,12,7
4,vote,14,2
4,execute,14,POSSESSED
4,whisper,0,0,8,ATTACK Agent[15]
4,whisper,1,0,12,ATTACK Agent[10]
4,whisper,2,1,12,Skip
4,whisper,3,1,8,Skip
4,whisper,4,2,8,Skip
4,whisper,5,2,12,Skip
4,whisper,6,3,8,Over
4,whisper,7,3,12,Over
4,guard,11,1,MEDIUM
4,attackVote,8,6
4,attack,6,true
5,status,1,MEDIUM,ALIVE,Takeda11
5,status,2,VILLAGER,ALIVE,Tomato13
5,status,3,SEER,DEAD,Tomato6
5,status,4,VILLAGER,ALIVE,Tomato2
5,status,5,VILLAGER,DEAD,HALU
5,status,6,VILLAGER,DEAD,HALU
5,status,7,VILLAGER,ALIVE,sample_py
5,status,8,WEREWOLF,ALIVE,HALU
5,status,9,VILLAGER,ALIVE,Takeda9
5,status,10,VILLAGER,DEAD,sample_py
5,status,11,BODYGUARD,ALIVE,sample_py
5,status,12,WEREWOLF,ALIVE,HALU
5,status,13,WEREWOLF,DEAD,Tomato14
5,status,14,POSSESSED,DEAD,TOKU1
5,status,15,VILLAGER,DEAD,Takeda3
5,talk,0,0,9,VOTE Agent[12]
5,talk,1,0,12,VOTE Agent[02]
5,talk,2,0,11,VOTE Agent[04]
5,talk,3,0,7,VOTE Agent[11]
5,talk,4,0,2,VOTE Agent[01]
5,talk,5,0,4,VOTE Agent[01]
5,talk,6,0,1,IDENTIFIED Agent[14] HUMAN
5,talk,7,0,8,VOTE Agent[07]
5,talk,8,1,7,Skip
5,talk,9,1,8,VOTE Agent[07]
5,talk,10,1,9,Skip
5,talk,11,1,4,Skip
5,talk,12,1,1,Skip
5,talk,13,1,2,Skip
5,talk,14,1,11,Skip
5,talk,15,1,12,VOTE Agent[07]
5,talk,16,2,2,Skip
5,talk,17,2,11,Skip
5,talk,18,2,7,Skip
5,talk,19,2,4,Skip
5,talk,20,2,9,Skip
5,talk,21,2,8,VOTE Agent[09]
5,talk,22,2,1,Skip
5,talk,23,2,12,VOTE Agent[07]
5,talk,24,3,2,Over
5,talk,25,3,1,Over
5,talk,26,3,4,Over
5,talk,27,3,12,VOTE Agent[07]
5,talk,28,3,8,VOTE Agent[07]
5,talk,29,3,7,Over
5,talk,30,3,9,Over
5,talk,31,3,11,Over
5,talk,32,4,11,Over
5,talk,33,4,7,Over
5,talk,34,4,4,Over
5,talk,35,4,8,VOTE Agent[07]
5,talk,36,4,9,Over
5,talk,37,4,2,Over
5,talk,38,4,12,VOTE Agent[07]
5,talk,39,4,1,Over
5,talk,40,5,11,Over
5,talk,41,5,9,Over
5,talk,42,5,2,Over
5,talk,43,5,8,VOTE Agent[09]
5,talk,44,5,12,VOTE Agent[07]
5,talk,45,5,7,Over
5,talk,46,5,1,Over
5,talk,47,5,4,Over
5,talk,48,6,12,VOTE Agent[07]
5,talk,49,6,7,Over
5,talk,50,6,4,Over
5,talk,51,6,1,Over
5,talk,52,6,8,VOTE Agent[07]
5,talk,53,6,11,Over
5,talk,54,6,9,Over
5,talk,55,6,2,Over
5,talk,56,7,4,Over
5,talk,57,7,9,Over
5,talk,58,7,11,Over
5,talk,59,7,8,VOTE Agent[07]
5,talk,60,7,7,Over
5,talk,61,7,1,Over
5,talk,62,7,2,Over
5,talk,63,7,12,VOTE Agent[07]
5,talk,64,8,11,Over
5,talk,65,8,9,Over
5,talk,66,8,1,Over
5,talk,67,8,4,Over
5,talk,68,8,12,VOTE Agent[07]
5,talk,69,8,2,Over
5,talk,70,8,7,Over
5,talk,71,8,8,VOTE Agent[07]
5,talk,72,9,9,Over
5,talk,73,9,7,Over
5,talk,74,9,8,Over
5,talk,75,9,4,Over
5,talk,76,9,11,Over
5,talk,77,9,12,Over
5,talk,78,9,1,Over
5,talk,79,9,2,Over
5,vote,1,12
5,vote,2,1
5,vote,4,1
5,vote,7,11
5,vote,8,9
5,vote,9,12
5,vote,11,4
5,vote,12,7
5,vote,1,12
5,vote,2,1
5,vote,4,1
5,vote,7,11
5,vote,8,7
5,vote,9,12
5,vote,11,4
5,vote,12,7
5,execute,1,MEDIUM
5,whisper,0,0,12,ATTACK Agent[11]
5,whisper,1,0,8,ATTACK Agent[06]
5,whisper,2,1,8,Skip
5,whisper,3,1,12,Skip
5,whisper,4,2,12,Skip
5,whisper,5,2,8,Skip
5,whisper,6,3,8,Over
5,whisper,7,3,12,Over
5,guard,11,12,WEREWOLF
5,attack,11,true
6,status,1,MEDIUM,DEAD,Takeda11
6,status,2,VILLAGER,ALIVE,Tomato13
6,status,3,SEER,DEAD,Tomato6
6,status,4,VILLAGER,ALIVE,Tomato2
6,status,5,VILLAGER,DEAD,HALU
6,status,6,VILLAGER,DEAD,HALU
6,status,7,VILLAGER,ALIVE,sample_py
6,status,8,WEREWOLF,ALIVE,HALU
6,status,9,VILLAGER,ALIVE,Takeda9
6,status,10,VILLAGER,DEAD,sample_py
6,status,11,BODYGUARD,DEAD,sample_py
6,status,12,WEREWOLF,ALIVE,HALU
6,status,13,WEREWOLF,DEAD,Tomato14
6,status,14,POSSESSED,DEAD,TOKU1
6,status,15,VILLAGER,DEAD,Takeda3
6,talk,0,0,8,VOTE Agent[09]
6,talk,1,0,9,VOTE Agent[12]
6,talk,2,0,12,VOTE Agent[09]
6,talk,3,0,2,VOTE Agent[04]
6,talk,4,0,4,VOTE Agent[02]
6,talk,5,0,7,VOTE Agent[04]
6,talk,6,1,8,VOTE Agent[09]
6,talk,7,1,12,VOTE Agent[07]
6,talk,8,1,4,Skip
6,talk,9,1,7,Skip
6,talk,10,1,2,Skip
6,talk,11,1,9,Skip
6,talk,12,2,4,Skip
6,talk,13,2,7,Skip
6,talk,14,2,9,Skip
6,talk,15,2,12,VOTE Agent[07]
6,talk,16,2,2,Skip
6,talk,17,2,8,VOTE Agent[09]
6,talk,18,3,4,Over
6,talk,19,3,12,VOTE Agent[07]
6,talk,20,3,2,Over
6,talk,21,3,8,VOTE Agent[07]
6,talk,22,3,9,Over
6,talk,23,3,7,Over
6,talk,24,4,12,VOTE Agent[07]
6,talk,25,4,7,Over
6,talk,26,4,9,Over
6,talk,27,4,4,Over
6,talk,28,4,8,VOTE Agent[09]
6,talk,29,4,2,Over
6,talk,30,5,4,Over
6,talk,31,5,12,VOTE Agent[07]
6,talk,32,5,9,Over
6,talk,33,5,7,Over
6,talk,34,5,8,VOTE Agent[07]
6,talk,35,5,2,Over
6,talk,36,6,4,Over
6,talk,37,6,9,Over
6,talk,38,6,8,VOTE Agent[09]
6,talk,39,6,7,Over
6,talk,40,6,2,Over
6,talk,41,6,12,VOTE Agent[07]
6,talk,42,7,8,VOTE Agent[09]
6,talk,43,7,7,Over
6,talk,44,7,4,Over
6,talk,45,7,12,VOTE Agent[07]
6,talk,46,7,2,Over
6,talk,47,7,9,Over
6,talk,48,8,4,Over
6,talk,49,8,7,Over
6,talk,50,8,12,VOTE Agent[07]
6,talk,51,8,2,Over
6,talk,52,8,8,VOTE Agent[09]
6,talk,53,8,9,Over
6,talk,54,9,9,Over
6,talk,55,9,12,Over
6,talk,56,9,2,Over
6,talk,57,9,7,Over
6,talk,58,9,4,Over
6,talk,59,9,8,Over
6,vote,2,4
6,vote,4,2
6,vote,7,4
6,vote,8,7
6,vote,9,12
6,vote,12,7
6,vote,2,4
6,vote,4,2
6,vote,7,4
6,vote,8,9
6,vote,9,12
6,vote,12,7
6,execute,4,VILLAGER
6,whisper,0,0,8,ATTACK Agent[07]
6,whisper,1,0,12,ATTACK Agent[04]
6,whisper,2,1,8,Skip
6,whisper,3,1,12,Skip
6,whisper,4,2,8,Skip
6,whisper,5,2,12,Skip
6,whisper,6,3,12,Over
6,whisper,7,3,8,Over
6,attackVote,8,9
6,attackVote,12,9
6,attack,9,true
7,status,1,MEDIUM,DEAD,Takeda11
7,status,2,VILLAGER,ALIVE,Tomato13
7,status,3,SEER,DEAD,Tomato6
7,status,4,VILLAGER,DEAD,Tomato2
7,status,5,VILLAGER,DEAD,HALU
7,status,6,VILLAGER,DEAD,HALU
7,status,7,VILLAGER,ALIVE,sample_py
7,status,8,WEREWOLF,ALIVE,HALU
7,status,9,VILLAGER,DEAD,Takeda9
7,status,10,VILLAGER,DEAD,sample_py
7,status,11,BODYGUARD,DEAD,sample_py
7,status,12,WEREWOLF,ALIVE,HALU
7,status,13,WEREWOLF,DEAD,Tomato14
7,status,14,POSSESSED,DEAD,TOKU1
7,status,15,VILLAGER,DEAD,Takeda3
7,result,2,2,WEREWOLF
