0,status,1,VILLAGER,ALIVE,Takeda11
0,status,2,SEER,ALIVE,Tomato13
0,status,3,VILLAGER,ALIVE,Tomato6
0,status,4,VILLAGER,ALIVE,Tomato2
0,status,5,VILLAGER,ALIVE,HALU
0,status,6,VILLAGER,ALIVE,HALU
0,status,7,VILLAGER,ALIVE,sample_py
0,status,8,BODYGUARD,ALIVE,HALU
0,status,9,POSSESSED,ALIVE,Takeda9
0,status,10,WEREWOLF,ALIVE,sample_py
0,status,11,MEDIUM,ALIVE,sample_py
0,status,12,VILLAGER,ALIVE,HALU
0,status,13,WEREWOLF,ALIVE,Tomato14
0,status,14,WEREWOLF,ALIVE,TOKU1
0,status,15,VILLAGER,ALIVE,Takeda3
0,whisper,0,0,13,COMINGOUT Agent[13] VILLAGER
0,whisper,1,0,10,COMINGOUT Agent[10] MEDIUM
0,whisper,2,0,14,Skip
0,whisper,3,1,10,COMINGOUT Agent[10] MEDIUM
0,whisper,4,1,14,Skip
0,whisper,5,1,13,COMINGOUT Agent[13] SEER
0,whisper,6,2,10,COMINGOUT Agent[10] MEDIUM
0,whisper,7,2,13,Skip
0,whisper,8,2,14,Over
0,whisper,9,3,14,Over
0,whisper,10,3,13,Skip
0,whisper,11,3,10,COMINGOUT Agent[10] MEDIUM
0,whisper,12,4,10,COMINGOUT Agent[10] MEDIUM
0,whisper,13,4,14,Over
0,whisper,14,4,13,Over
0,whisper,15,5,13,Over
0,whisper,16,5,10,COMINGOUT Agent[10] MEDIUM
0,whisper,17,5,14,Over
0,whisper,18,6,13,Over
0,whisper,19,6,14,Over
0,whisper,20,6,10,COMINGOUT Agent[10] MEDIUM
0,whisper,21,7,13,Over
0,whisper,22,7,14,Over
0,whisper,23,7,10,COMINGOUT Agent[10] MEDIUM
0,whisper,24,8,10,COMINGOUT Agent[10] MEDIUM
0,whisper,25,8,14,Over
0,whisper,26,8,13,Over
0,whisper,27,9,10,COMINGOUT Agent[10] MEDIUM
0,whisper,28,9,13,Over
0,whisper,29,9,14,Over
0,whisper,30,10,14,Over
0,whisper,31,10,10,Over
0,whisper,32,10,13,Over
0,divine,2,12,HUMAN
1,status,1,VILLAGER,ALIVE,Takeda11
1,status,2,SEER,ALIVE,Tomato13
1,status,3,VILLAGER,ALIVE,Tomato6
1,status,4,VILLAGER,ALIVE,Tomato2
1,status,5,VILLAGER,ALIVE,HALU
1,status,6,VILLAGER,ALIVE,HALU
1,status,7,VILLAGER,ALIVE,sample_py
1,status,8,BODYGUARD,ALIVE,HALU
1,status,9,POSSESSED,ALIVE,Takeda9
1,status,10,WEREWOLF,ALIVE,sample_py
1,status,11,MEDIUM,ALIVE,sample_py
1,status,12,VILLAGER,ALIVE,HALU
1,status,13,WEREWOLF,ALIVE,Tomato14
1,status,14,WEREWOLF,ALIVE,TOKU1
1,status,15,VILLAGER,ALIVE,Takeda3
1,talk,0,0,8,VOTE Agent[05]
1,talk,1,0,9,COMINGOUT Agent[09] SEER
1,talk,2,0,15,VOTE Agent[05]
1,talk,3,0,1,VOTE Agent[05]
1,talk,4,0,10,VOTE Agent[04]
1,talk,5,0,5,VOTE Agent[10]
1,talk,6,0,11,VOTE Agent[07]
1,talk,7,0,14,COMINGOUT Agent[14] SEER
1,talk,8,0,4,VOTE Agent[05]
1,talk,9,0,2,COMINGOUT Agent[02] SEER
1,talk,10,0,3,VOTE Agent[05]
1,talk,11,0,6,VOTE Agent[10]
1,talk,12,0,7,VOTE Agent[12]
1,talk,13,0,12,VOTE Agent[10]
1,talk,14,0,13,COMINGOUT Agent[13] SEER
1,talk,15,1,2,DIVINED Agent[12] HUMAN
1,talk,16,1,13,DIVINED Agent[11] HUMAN
1,talk,17,1,12,VOTE Agent[10]
1,talk,18,1,5,VOTE Agent[10]
1,talk,19,1,4,Skip
1,talk,20,1,15,VOTE Agent[13]
1,talk,21,1,14,DIVINED Agent[02] WEREWOLF
1,talk,22,1,1,VOTE Agent[13]
1,talk,23,1,11,VOTE Agent[02]
1,talk,24,1,9,DIVINED Agent[11] WEREWOLF
1,talk,25,1,6,VOTE Agent[14]
1,talk,26,1,7,VOTE Agent[11]
1,talk,27,1,8,VOTE Agent[13]
1,talk,28,1,3,VOTE Agent[02]
1,talk,29,1,10,Skip
1,talk,30,2,10,Skip
1,talk,31,2,9,VOTE Agent[11]
1,talk,32,2,15,VOTE Agent[02]
1,talk,33,2,3,Skip
1,talk,34,2,4,VOTE Agent[02]
1,talk,35,2,6,VOTE Agent[09]
1,talk,36,2,5,VOTE Agent[09]
1,talk,37,2,2,VOTE Agent[13]
1,talk,38,2,11,Skip
1,talk,39,2,14,VOTE Agent[02]
1,talk,40,2,1,Skip
1,talk,41,2,13,VOTE Agent[02]
1,talk,42,2,8,VOTE Agent[09]
1,talk,43,2,7,Skip
1,talk,44,2,12,VOTE Agent[09]
1,talk,45,3,14,Skip
1,talk,46,3,7,Skip
1,talk,47,3,10,Over
1,talk,48,3,3,Skip
1,talk,49,3,9,Skip
1,talk,50,3,4,Skip
1,talk,51,3,11,Skip
1,talk,52,3,5,VOTE Agent[02]
1,talk,53,3,2,VOTE Agent[09]
1,talk,54,3,8,VOTE Agent[09]
1,talk,55,3,13,Skip
1,talk,56,3,15,Skip
1,talk,57,3,6,VOTE Agent[02]
1,talk,58,3,1,Skip
1,talk,59,3,12,VOTE Agent[02]
1,talk,60,4,7,Over
1,talk,61,4,3,Over
1,talk,62,4,9,Skip
1,talk,63,4,11,Over
1,talk,64,4,5,VOTE Agent[09]
1,talk,65,4,15,Skip
1,talk,66,4,14,Skip
1,talk,67,4,10,Over
1,talk,68,4,13,Skip
1,talk,69,4,6,VOTE Agent[02]
1,talk,70,4,8,VOTE Agent[02]
1,talk,71,4,2,VOTE Agent[11]
1,talk,72,4,1,Over
1,talk,73,4,4,Skip
1,talk,74,4,12,VOTE Agent[02]
1,talk,75,5,2,Skip
1,talk,76,5,15,Over
1,talk,77,5,4,Over
1,talk,78,5,7,Over
1,talk,79,5,12,VOTE Agent[02]
1,talk,80,5,13,Over
1,talk,81,5,10,Over
1,talk,82,5,8,VOTE Agent[02]
1,talk,83,5,1,VOTE Agent[02]
1,talk,84,5,6,VOTE Agent[02]
1,talk,85,5,14,Over
1,talk,86,5,5,VOTE Agent[02]
1,talk,87,5,11,Over
1,talk,88,5,9,Over
1,talk,89,5,3,Over
1,talk,90,6,11,Over
1,talk,91,6,14,Over
1,talk,92,6,15,Over
1,talk,93,6,6,VOTE Agent[02]
1,talk,94,6,7,Over
1,talk,95,6,5,VOTE Agent[02]
1,talk,96,6,9,Over
1,talk,97,6,10,Over
1,talk,98,6,3,Over
1,talk,99,6,4,Over
1,talk,100,6,12,VOTE Agent[02]
1,talk,101,6,8,VOTE Agent[02]
1,talk,102,6,1,Skip
1,talk,103,6,13,Over
1,talk,104,6,2,Skip
1,talk,105,7,5,VOTE Agent[02]
1,talk,106,7,6,VOTE Agent[02]
1,talk,107,7,2,Over
1,talk,108,7,8,VOTE Agent[02]
1,talk,109,7,14,Over
1,talk,110,7,9,Over
1,talk,111,7,1,Skip
1,talk,112,7,7,Over
1,talk,113,7,13,Over
1,talk,114,7,12,VOTE Agent[02]
1,talk,115,7,15,Over
1,talk,116,7,4,Over
1,talk,117,7,3,Over
1,talk,118,7,11,Over
1,talk,119,7,10,Over
1,talk,120,8,5,VOTE Agent[02]
1,talk,121,8,6,VOTE Agent[02]
1,talk,122,8,9,Over
1,talk,123,8,10,Over
1,talk,124,8,3,Over
1,talk,125,8,14,Over
1,talk,126,8,8,VOTE Agent[02]
1,talk,127,8,2,Over
1,talk,128,8,7,Over
1,talk,129,8,1,Over
1,talk,130,8,4,Over
1,talk,131,8,11,Over
1,talk,132,8,15,Over
1,talk,133,8,13,Over
1,talk,134,8,12,VOTE Agent[02]
1,talk,135,9,4,Over
1,talk,136,9,14,Over
1,talk,137,9,13,Over
1,talk,138,9,6,Over
1,talk,139,9,2,Over
1,talk,140,9,1,Over
1,talk,141,9,15,Over
1,talk,142,9,8,Over
1,talk,143,9,11,Over
1,talk,144,9,5,Over
1,talk,145,9,9,Over
1,talk,146,9,12,Over
1,talk,147,9,10,Over
1,talk,148,9,7,Over
1,talk,149,9,3,Over
1,vote,1,2
1,vote,2,11
1,vote,3,2
1,vote,4,2
1,vote,5,2
1,vote,6,2
1,vote,7,11
1,vote,8,2
1,vote,9,11
1,vote,10,4
1,vote,11,2
1,vote,12,2
1,vote,13,2
1,vote,14,2
1,vote,15,2
1,execute,2,SEER
1,whisper,0,0,14,Skip
1,whisper,1,0,10,ATTACK Agent[09]
1,whisper,2,0,13,ATTACK Agent[09]
1,whisper,3,1,14,Skip
1,whisper,4,1,13,Skip
1,whisper,5,1,10,Skip
1,whisper,6,2,10,Skip
1,whisper,7,2,14,Over
1,whisper,8,2,13,Skip
1,whisper,9,3,14,Over
1,whisper,10,3,10,Over
1,whisper,11,3,13,Over
1,guard,8,9,POSSESSED
1,attackVote,10,9
1,attackVote,13,9
1,attackVote,14,9
1,attack,9,false
2,status,1,VILLAGER,ALIVE,Takeda11
2,status,2,SEER,DEAD,Tomato13
2,status,3,VILLAGER,ALIVE,Tomato6
2,status,4,VILLAGER,ALIVE,Tomato2
2,status,5,VILLAGER,ALIVE,HALU
2,status,6,VILLAGER,ALIVE,HALU
2,status,7,VILLAGER,ALIVE,sample_py
2,status,8,BODYGUARD,ALIVE,HALU
2,status,9,POSSESSED,ALIVE,Takeda9
2,status,10,WEREWOLF,ALIVE,sample_py
2,status,11,MEDIUM,ALIVE,sample_py
2,status,12,VILLAGER,ALIVE,HALU
2,status,13,WEREWOLF,ALIVE,Tomato14
2,status,14,WEREWOLF,ALIVE,TOKU1
2,status,15,VILLAGER,ALIVE,Takeda3
2,talk,0,0,4,VOTE Agent[14]
2,talk,1,0,12,VOTE Agent[09]
2,talk,2,0,1,VOTE Agent[13]
2,talk,3,0,9,DIVINED Agent[12] HUMAN
2,talk,4,0,6,VOTE Agent[13]
2,talk,5,0,11,VOTE Agent[09]
2,talk,6,0,5,VOTE Agent[13]
2,talk,7,0,7,VOTE Agent[11]
2,talk,8,0,13,DIVINED Agent[06] HUMAN
2,talk,9,0,10,COMINGOUT Agent[10] MEDIUM
2,talk,10,0,3,VOTE Agent[13]
2,talk,11,0,14,DIVINED Agent[13] HUMAN
2,talk,12,0,15,VOTE Agent[13]
2,talk,13,0,8,VOTE Agent[09]
2,talk,14,1,5,VOTE Agent[13]
2,talk,15,1,15,Skip
2,talk,16,1,1,Skip
2,talk,17,1,14,VOTE Agent[09]
2,talk,18,1,3,Skip
2,talk,19,1,9,VOTE Agent[11]
2,talk,20,1,11,VOTE Agent[10]
2,talk,21,1,7,Skip
2,talk,22,1,13,VOTE Agent[09]
2,talk,23,1,6,VOTE Agent[09]
2,talk,24,1,10,IDENTIFIED Agent[02] HUMAN
2,talk,25,1,8,VOTE Agent[09]
2,talk,26,1,12,VOTE Agent[09]
2,talk,27,1,4,VOTE Agent[09]
2,talk,28,2,13,Skip
2,talk,29,2,7,Skip
2,talk,30,2,6,VOTE Agent[09]
2,talk,31,2,8,VOTE Agent[09]
2,talk,32,2,10,VOTE Agent[05]
2,talk,33,2,14,Skip
2,talk,34,2,9,Skip
2,talk,35,2,4,Skip
2,talk,36,2,15,Skip
2,talk,37,2,1,Skip
2,talk,38,2,12,VOTE Agent[09]
2,talk,39,2,5,VOTE Agent[09]
2,talk,40,2,11,Skip
2,talk,41,2,3,VOTE Agent[09]
2,talk,42,3,10,Skip
2,talk,43,3,5,VOTE Agent[09]
2,talk,44,3,7,Over
2,talk,45,3,12,VOTE Agent[09]
2,talk,46,3,6,VOTE Agent[09]
2,talk,47,3,9,Skip
2,talk,48,3,15,Over
2,talk,49,3,4,Skip
2,talk,50,3,3,Skip
2,talk,51,3,11,Skip
2,talk,52,3,14,Skip
2,talk,53,3,13,Skip
2,talk,54,3,8,VOTE Agent[09]
2,talk,55,3,1,Over
2,talk,56,4,7,Over
2,talk,57,4,15,Over
2,talk,58,4,4,Over
2,talk,59,4,14,Over
2,talk,60,4,3,Skip
2,talk,61,4,12,VOTE Agent[09]
2,talk,62,4,5,VOTE Agent[09]
2,talk,63,4,9,Over
2,talk,64,4,6,VOTE Agent[09]
2,talk,65,4,1,Over
2,talk,66,4,8,VOTE Agent[09]
2,talk,67,4,13,Over
2,talk,68,4,11,Over
2,talk,69,4,10,Skip
2,talk,70,5,14,Over
2,talk,71,5,13,Over
2,talk,72,5,1,Over
2,talk,73,5,10,Over
2,talk,74,5,12,VOTE Agent[09]
2,talk,75,5,6,VOTE Agent[09]
2,talk,76,5,5,VOTE Agent[09]
2,talk,77,5,9,Over
2,talk,78,5,4,Over
2,talk,79,5,7,Over
2,talk,80,5,3,Over
2,talk,81,5,8,VOTE Agent[09]
2,talk,82,5,15,Over
2,talk,83,5,11,Over
2,talk,84,6,11,Over
2,talk,85,6,14,Over
2,talk,86,6,13,Over
2,talk,87,6,9,Over
2,talk,88,6,10,Over
2,talk,89,6,7,Over
2,talk,90,6,8,VOTE Agent[09]
2,talk,91,6,5,VOTE Agent[09]
2,talk,92,6,15,Over
2,talk,93,6,12,VOTE Agent[09]
2,talk,94,6,4,Over
2,talk,95,6,3,Over
2,talk,96,6,6,VOTE Agent[09]
2,talk,97,6,1,Over
2,talk,98,7,8,VOTE Agent[09]
2,talk,99,7,7,Over
2,talk,100,7,11,Over
2,talk,101,7,4,Over
2,talk,102,7,1,Over
2,talk,103,7,13,Over
2,talk,104,7,5,VOTE Agent[09]
2,talk,105,7,15,Over
2,talk,106,7,9,Over
2,talk,107,7,12,VOTE Agent[09]
2,talk,108,7,14,Over
2,talk,109,7,6,VOTE Agent[09]
2,talk,110,7,10,Over
2,talk,111,7,3,Over
2,talk,112,8,12,VOTE Agent[09]
2,talk,113,8,11,Over
2,talk,114,8,8,VOTE Agent[09]
2,talk,115,8,9,Over
2,talk,116,8,13,Over
2,talk,117,8,1,Over
2,talk,118,8,14,Over
2,talk,119,8,5,VOTE Agent[09]
2,talk,120,8,10,Over
2,talk,121,8,3,Over
2,talk,122,8,7,Over
2,talk,123,8,4,Over
2,talk,124,8,15,Over
2,talk,125,8,6,VOTE Agent[09]
2,talk,126,9,14,Over
2,talk,127,9,12,Over
2,talk,128,9,8,Over
2,talk,129,9,7,Over
2,talk,130,9,13,Over
2,talk,131,9,9,Over
2,talk,132,9,6,Over
2,talk,133,9,1,Over
2,talk,134,9,4,Over
2,talk,135,9,15,Over
2,talk,136,9,10,Over
2,talk,137,9,5,Over
2,talk,138,9,3,Over
2,talk,139,9,11,Over
2,vote,1,9
2,vote,3,9
2,vote,4,9
2,vote,5,9
2,vote,6,9
2,vote,7,11
2,vote,8,9
2,vote,9,10
2,vote,10,5
2,vote,11,10
2,vote,12,9
2,vote,13,9
2,vote,14,9
2,vote,15,9
2,execute,9,POSSESSED
2,whisper,0,0,14,Skip
2,whisper,1,0,10,ATTACK Agent[15]
2,whisper,2,0,13,ATTACK Agent[11]
2,whisper,3,1,14,Skip
2,whisper,4,1,10,Skip
2,whisper,5,1,13,Skip
2,whisper,6,2,10,Skip
2,whisper,7,2,13,Skip
2,whisper,8,2,14,Over
2,whisper,9,3,10,Over
2,whisper,10,3,13,Over
2,whisper,11,3,14,Over
2,guard,8,10,WEREWOLF
2,attackVote,10,15
2,attackVote,13,11
2,attackVote,14,11
2,attack,11,true
3,status,1,VILLAGER,ALIVE,Takeda11
3,status,2,SEER,DEAD,Tomato13
3,status,3,VILLAGER,ALIVE,Tomato6
3,status,4,VILLAGER,ALIVE,Tomato2
3,status,5,VILLAGER,ALIVE,HALU
3,status,6,VILLAGER,ALIVE,HALU
3,status,7,VILLAGER,ALIVE,sample_py
3,status,8,BODYGUARD,ALIVE,HALU
3,status,9,POSSESSED,DEAD,Takeda9
3,status,10,WEREWOLF,ALIVE,sample_py
3,status,11,MEDIUM,DEAD,sample_py
3,status,12,VILLAGER,ALIVE,HALU
3,status,13,WEREWOLF,ALIVE,Tomato14
3,status,14,WEREWOLF,ALIVE,TOKU1
3,status,15,VILLAGER,ALIVE,Takeda3
3,talk,0,0,14,DIVINED Agent[10] HUMAN
3,talk,1,0,1,VOTE Agent[13]
3,talk,2,0,15,VOTE Agent[13]
3,talk,3,0,5,VOTE Agent[13]
3,talk,4,0,4,VOTE Agent[14]
3,talk,5,0,7,VOTE Agent[06]
3,talk,6,0,12,VOTE Agent[14]
3,talk,7,0,8,VOTE Agent[14]
3,talk,8,0,10,IDENTIFIED Agent[09] HUMAN
3,talk,9,0,6,VOTE Agent[14]
3,talk,10,0,3,VOTE Agent[14]
3,talk,11,0,13,DIVINED Agent[15] HUMAN
3,talk,12,1,14,VOTE Agent[01]
3,talk,13,1,7,Skip
3,talk,14,1,13,VOTE Agent[06]
3,talk,15,1,1,Skip
3,talk,16,1,3,Skip
3,talk,17,1,12,VOTE Agent[13]
3,talk,18,1,5,VOTE Agent[13]
3,talk,19,1,10,VOTE Agent[15]
3,talk,20,1,15,VOTE Agent[14]
3,talk,21,1,8,VOTE Agent[14]
3,talk,22,1,4,Skip
3,talk,23,1,6,VOTE Agent[14]
3,talk,24,2,10,Skip
3,talk,25,2,1,VOTE Agent[10]
3,talk,26,2,14,VOTE Agent[12]
3,talk,27,2,15,VOTE Agent[10]
3,talk,28,2,6,VOTE Agent[14]
3,talk,29,2,4,Skip
3,talk,30,2,13,Skip
3,talk,31,2,8,VOTE Agent[13]
3,talk,32,2,5,VOTE Agent[13]
3,talk,33,2,7,Skip
3,talk,34,2,3,Skip
3,talk,35,2,12,VOTE Agent[13]
3,talk,36,3,13,Skip
3,talk,37,3,5,VOTE Agent[13]
3,talk,38,3,14,VOTE Agent[05]
3,talk,39,3,15,Skip
3,talk,40,3,8,VOTE Agent[13]
3,talk,41,3,12,VOTE Agent[13]
3,talk,42,3,4,Over
3,talk,43,3,1,Skip
3,talk,44,3,3,Over
3,talk,45,3,6,VOTE Agent[14]
3,talk,46,3,10,Skip
3,talk,47,3,7,Over
3,talk,48,4,7,Over
3,talk,49,4,8,VOTE Agent[13]
3,talk,50,4,15,Skip
3,talk,51,4,14,Skip
3,talk,52,4,10,Over
3,talk,53,4,12,VOTE Agent[13]
3,talk,54,4,5,VOTE Agent[13]
3,talk,55,4,4,Over
3,talk,56,4,3,Over
3,talk,57,4,6,VOTE Agent[14]
3,talk,58,4,13,Over
3,talk,59,4,1,Skip
3,talk,60,5,15,Over
3,talk,61,5,14,Skip
3,talk,62,5,10,Over
3,talk,63,5,13,Over
3,talk,64,5,3,Over
3,talk,65,5,1,Over
3,talk,66,5,5,VOTE Agent[13]
3,talk,67,5,6,VOTE Agent[14]
3,talk,68,5,4,Over
3,talk,69,5,12,VOTE Agent[13]
3,talk,70,5,7,Over
3,talk,71,5,8,VOTE Agent[13]
3,talk,72,6,12,VOTE Agent[13]
3,talk,73,6,5,VOTE Agent[13]
3,talk,74,6,15,Over
3,talk,75,6,10,Over
3,talk,76,6,1,Over
3,talk,77,6,3,Over
3,talk,78,6,14,VOTE Agent[12]
3,talk,79,6,13,Over
3,talk,80,6,8,VOTE Agent[13]
3,talk,81,6,6,VOTE Agent[14]
3,talk,82,6,4,Over
3,talk,83,6,7,Over
3,talk,84,7,10,Over
3,talk,85,7,1,Over
3,talk,86,7,3,VOTE Agent[13]
3,talk,87,7,6,VOTE Agent[14]
3,talk,88,7,4,VOTE Agent[13]
3,talk,89,7,15,Over
3,talk,90,7,5,VOTE Agent[13]
3,talk,91,7,14,Skip
3,talk,92,7,12,VOTE Agent[13]
3,talk,93,7,13,Over
3,talk,94,7,7,Over
3,talk,95,7,8,VOTE Agent[13]
3,talk,96,8,3,Skip
3,talk,97,8,15,Over
3,talk,98,8,6,VOTE Agent[14]
3,talk,99,8,10,Over
3,talk,100,8,4,Skip
3,talk,101,8,13,Over
3,talk,102,8,14,Skip
3,talk,103,8,8,VOTE Agent[13]
3,talk,104,8,1,Over
3,talk,105,8,7,Over
3,talk,106,8,12,VOTE Agent[13]
3,talk,107,8,5,VOTE Agent[13]
3,talk,108,9,5,Over
3,talk,109,9,6,Over
3,talk,110,9,1,Over
3,talk,111,9,3,Skip
3,talk,112,9,7,Over
3,talk,113,9,8,Over
3,talk,114,9,13,Over
3,talk,115,9,4,Skip
3,talk,116,9,12,Over
3,talk,117,9,14,VOTE Agent[05]
3,talk,118,9,15,Over
3,talk,119,9,10,Over
3,talk,120,10,5,Over
3,talk,121,10,7,Over
3,talk,122,10,15,Over
3,talk,123,10,1,Over
3,talk,124,10,4,Over
3,talk,125,10,12,Over
3,talk,126,10,14,Skip
3,talk,127,10,8,Over
3,talk,128,10,13,Over
3,talk,129,10,10,Over
3,talk,130,10,6,Over
3,talk,131,10,3,Over
3,talk,132,11,8,Over
3,talk,133,11,4,Over
3,talk,134,11,3,Over
3,talk,135,11,12,Over
3,talk,136,11,1,Over
3,talk,137,11,15,Over
3,talk,138,11,5,Over
3,talk,139,11,7,Over
3,talk,140,11,10,Over
3,talk,141,11,13,Over
3,talk,142,11,6,Over
3,talk,143,11,14,Skip
3,talk,144,12,12,Over
3,talk,145,12,13,Over
3,talk,146,12,14,Over
3,talk,147,12,3,Over
3,talk,148,12,10,Over
3,talk,149,12,15,Over
3,talk,150,12,7,Over
3,talk,151,12,5,Over
3,talk,152,12,8,Over
3,talk,153,12,6,Over
3,talk,154,12,4,Over
3,talk,155,12,1,Over
3,vote,1,10
3,vote,3,13
3,vote,4,13
3,vote,5,13
3,vote,6,14
3,vote,7,6
3,vote,8,13
3,vote,10,15
3,vote,12,13
3,vote,13,6
3,vote,14,5
3,vote,15,10
3,execute,13,WEREWOLF
3,whisper,0,0,10,ATTACK Agent[04]
3,whisper,1,0,14,Skip
3,whisper,2,1,14,Skip
3,whisper,3,1,10,Skip
3,whisper,4,2,10,Skip
3,whisper,5,2,14,Over
3,whisper,6,3,14,Over
3,whisper,7,3,10,Over
3,guard,8,10,WEREWOLF
3,attackVote,10,4
3,attackVote,14,6
3,attackVote,10,4
3,attackVote,14,6
3,attack,4,true
4,status,1,VILLAGER,ALIVE,Takeda11
4,status,2,SEER,DEAD,Tomato13
4,status,3,VILLAGER,ALIVE,Tomato6
4,status,4,VILLAGER,DEAD,Tomato2
4,status,5,VILLAGER,ALIVE,HALU
4,status,6,VILLAGER,ALIVE,HALU
4,status,7,VILLAGER,ALIVE,sample_py
4,status,8,BODYGUARD,ALIVE,HALU
4,status,9,POSSESSED,DEAD,Takeda9
4,status,10,WEREWOLF,ALIVE,sample_py
4,status,11,MEDIUM,DEAD,sample_py
4,status,12,VILLAGER,ALIVE,HALU
4,status,13,WEREWOLF,DEAD,Tomato14
4,status,14,WEREWOLF,ALIVE,TOKU1
4,status,15,VILLAGER,ALIVE,Takeda3
4,talk,0,0,7,VOTE Agent[12]
4,talk,1,0,15,VOTE Agent[10]
4,talk,2,0,3,VOTE Agent[14]
4,talk,3,0,10,IDENTIFIED Agent[13] HUMAN
4,talk,4,0,1,VOTE Agent[10]
4,talk,5,0,8,VOTE Agent[14]
4,talk,6,0,14,DIVINED Agent[05] WEREWOLF
4,talk,7,0,6,VOTE Agent[14]
4,talk,8,0,12,VOTE Agent[14]
4,talk,9,0,5,VOTE Agent[14]
4,talk,10,1,5,VOTE Agent[14]
4,talk,11,1,12,VOTE Agent[14]
4,talk,12,1,7,VOTE Agent[05]
4,talk,13,1,6,VOTE Agent[14]
4,talk,14,1,10,VOTE Agent[12]
4,talk,15,1,1,Skip
4,talk,16,1,14,VOTE Agent[05]
4,talk,17,1,15,Skip
4,talk,18,1,8,VOTE Agent[14]
4,talk,19,1,3,Skip
4,talk,20,2,3,Skip
4,talk,21,2,12,VOTE Agent[14]
4,talk,22,2,10,Skip
4,talk,23,2,15,Skip
4,talk,24,2,8,VOTE Agent[14]
4,talk,25,2,5,VOTE Agent[14]
4,talk,26,2,7,Skip
4,talk,27,2,14,VOTE Agent[05]
4,talk,28,2,6,VOTE Agent[14]
4,talk,29,2,1,Skip
4,talk,30,3,7,Skip
4,talk,31,3,6,VOTE Agent[14]
4,talk,32,3,10,Skip
4,talk,33,3,12,VOTE Agent[14]
4,talk,34,3,5,VOTE Agent[14]
4,talk,35,3,3,Over
4,talk,36,3,8,VOTE Agent[14]
4,talk,37,3,1,Over
4,talk,38,3,14,VOTE Agent[05]
4,talk,39,3,15,Over
4,talk,40,4,14,VOTE Agent[05]
4,talk,41,4,5,VOTE Agent[14]
4,talk,42,4,12,VOTE Agent[14]
4,talk,43,4,7,Over
4,talk,44,4,15,Over
4,talk,45,4,1,Over
4,talk,46,4,6,VOTE Agent[14]
4,talk,47,4,3,Over
4,talk,48,4,10,Over
4,talk,49,4,8,VOTE Agent[14]
4,talk,50,5,3,Over
4,talk,51,5,5,VOTE Agent[14]
4,talk,52,5,10,Over
4,talk,53,5,6,VOTE Agent[14]
4,talk,54,5,12,VOTE Agent[14]
4,talk,55,5,1,Over
4,talk,56,5,15,Over
4,talk,57,5,14,VOTE Agent[05]
4,talk,58,5,8,VOTE Agent[14]
4,talk,59,5,7,Over
4,talk,60,6,5,VOTE Agent[14]
4,talk,61,6,12,VOTE Agent[14]
4,talk,62,6,8,VOTE Agent[14]
4,talk,63,6,3,Over
4,talk,64,6,14,VOTE Agent[05]
4,talk,65,6,10,Over
4,talk,66,6,15,Over
4,talk,67,6,6,VOTE Agent[14]
4,talk,68,6,1,Over
4,talk,69,6,7,Over
4,talk,70,7,8,VOTE Agent[14]
4,talk,71,7,14,VOTE Agent[05]
4,talk,72,7,5,VOTE Agent[14]
4,talk,73,7,3,Over
4,talk,74,7,7,Over
4,talk,75,7,10,Over
4,talk,76,7,6,VOTE Agent[14]
4,talk,77,7,15,Over
4,talk,78,7,1,Over
4,talk,79,7,12,VOTE Agent[14]
4,talk,80,8,12,VOTE Agent[14]
4,talk,81,8,6,VOTE Agent[14]
4,talk,82,8,5,VOTE Agent[14]
4,talk,83,8,3,Over
4,talk,84,8,14,VOTE Agent[05]
4,talk,85,8,15,Over
4,talk,86,8,10,Over
4,talk,87,8,1,Over
4,talk,88,8,7,Over
4,talk,89,8,8,VOTE Agent[14]
4,talk,90,9,1,Over
4,talk,91,9,10,Over
4,talk,92,9,6,Over
4,talk,93,9,15,Over
4,talk,94,9,5,Over
4,talk,95,9,14,VOTE Agent[05]
4,talk,96,9,7,Over
4,talk,97,9,3,Over
4,talk,98,9,12,Over
4,talk,99,9,8,Over
4,talk,100,10,1,Over
4,talk,101,10,6,Over
4,talk,102,10,10,Over
4,talk,103,10,8,Over
4,talk,104,10,15,Over
4,talk,105,10,3,Over
4,talk,106,10,7,Over
4,talk,107,10,5,Over
4,talk,108,10,14,Over
4,talk,109,10,12,Over
4,vote,1,14
4,vote,3,14
4,vote,5,14
4,vote,6,14
4,vote,7,5
4,vote,8,14
4,vote,10,12
4,vote,12,14
4,vote,14,5
4,vote,15,14
4,execute,14,WEREWOLF
4,guard,8,10,WEREWOLF
4,attack,8,true
5,status,1,VILLAGER,ALIVE,Takeda11
5,status,2,SEER,DEAD,Tomato13
5,status,3,VILLAGER,ALIVE,Tomato6
5,status,4,VILLAGER,DEAD,Tomato2
5,status,5,VILLAGER,ALIVE,HALU
5,status,6,VILLAGER,ALIVE,HALU
5,status,7,VILLAGER,ALIVE,sample_py
5,status,8,BODYGUARD,DEAD,HALU
5,status,9,POSSESSED,DEAD,Takeda9
5,status,10,WEREWOLF,ALIVE,sample_py
5,status,11,MEDIUM,DEAD,sample_py
5,status,12,VILLAGER,ALIVE,HALU
5,status,13,WEREWOLF,DEAD,Tomato14
5,status,14,WEREWOLF,DEAD,TOKU1
5,status,15,VILLAGER,ALIVE,Takeda3
5,talk,0,0,10,IDENTIFIED Agent[14] HUMAN
5,talk,1,0,3,VOTE Agent[10]
5,talk,2,0,6,VOTE Agent[03]
5,talk,3,0,5,VOTE Agent[03]
5,talk,4,0,15,VOTE Agent[10]
5,talk,5,0,12,VOTE Agent[05]
5,talk,6,0,7,VOTE Agent[05]
5,talk,7,0,1,VOTE Agent[10]
5,talk,8,1,12,VOTE Agent[05]
5,talk,9,1,15,Skip
5,talk,10,1,3,Skip
5,talk,11,1,7,Skip
5,talk,12,1,5,VOTE Agent[01]
5,talk,13,1,6,VOTE Agent[01]
5,talk,14,1,10,VOTE Agent[05]
5,talk,15,1,1,Skip
5,talk,16,2,15,Skip
5,talk,17,2,7,Skip
5,talk,18,2,3,Skip
5,talk,19,2,10,Skip
5,talk,20,2,1,Skip
5,talk,21,2,12,VOTE Agent[01]
5,talk,22,2,5,VOTE Agent[01]
5,talk,23,2,6,VOTE Agent[01]
5,talk,24,3,1,Over
5,talk,25,3,15,Over
5,talk,26,3,10,Skip
5,talk,27,3,6,VOTE Agent[05]
5,talk,28,3,7,Over
5,talk,29,3,12,VOTE Agent[05]
5,talk,30,3,3,Over
5,talk,31,3,5,VOTE Agent[01]
5,talk,32,4,15,Over
5,talk,33,4,3,Over
5,talk,34,4,12,VOTE Agent[01]
5,talk,35,4,6,VOTE Agent[01]
5,talk,36,4,10,Over
5,talk,37,4,5,VOTE Agent[01]
5,talk,38,4,1,Over
5,talk,39,4,7,Over
5,talk,40,5,12,VOTE Agent[01]
5,talk,41,5,7,Over
5,talk,42,5,5,VOTE Agent[01]
5,talk,43,5,1,Over
5,talk,44,5,6,VOTE Agent[01]
5,talk,45,5,15,Over
5,talk,46,5,3,Over
5,talk,47,5,10,Over
5,talk,48,6,5,VOTE Agent[01]
5,talk,49,6,6,VOTE Agent[01]
5,talk,50,6,1,Over
5,talk,51,6,12,VOTE Agent[01]
5,talk,52,6,3,Over
5,talk,53,6,15,Over
5,talk,54,6,7,Over
5,talk,55,6,10,Over
5,talk,56,7,1,Over
5,talk,57,7,3,Over
5,talk,58,7,15,Over
5,talk,59,7,10,Over
5,talk,60,7,5,VOTE Agent[01]
5,talk,61,7,6,VOTE Agent[01]
5,talk,62,7,7,Over
5,talk,63,7,12,VOTE Agent[01]
5,talk,64,8,12,VOTE Agent[05]
5,talk,65,8,15,Over
5,talk,66,8,1,Over
5,talk,67,8,6,VOTE Agent[05]
5,talk,68,8,7,Over
5,talk,69,8,5,VOTE Agent[01]
5,talk,70,8,10,Over
5,talk,71,8,3,Over
5,talk,72,9,10,Over
5,talk,73,9,7,Over
5,talk,74,9,15,Over
5,talk,75,9,1,Over
5,talk,76,9,5,Over
5,talk,77,9,3,Over
5,talk,78,9,12,Over
5,talk,79,9,6,Over
5,vote,1,5
5,vote,3,10
5,vote,5,1
5,vote,6,1
5,vote,7,5
5,vote,10,5
5,vote,12,1
5,vote,15,5
5,execute,5,VILLAGER
5,attack,12,true
6,status,1,VILLAGER,ALIVE,Takeda11
6,status,2,SEER,DEAD,Tomato13
6,status,3,VILLAGER,ALIVE,Tomato6
6,status,4,VILLAGER,DEAD,Tomato2
6,status,5,VILLAGER,DEAD,HALU
6,status,6,VILLAGER,ALIVE,HALU
6,status,7,VILLAGER,ALIVE,sample_py
6,status,8,BODYGUARD,DEAD,HALU
6,status,9,POSSESSED,DEAD,Takeda9
6,status,10,WEREWOLF,ALIVE,sample_py
6,status,11,MEDIUM,DEAD,sample_py
6,status,12,VILLAGER,DEAD,HALU
6,status,13,WEREWOLF,DEAD,Tomato14
6,status,14,WEREWOLF,DEAD,TOKU1
6,status,15,VILLAGER,ALIVE,Takeda3
6,talk,0,0,10,IDENTIFIED Agent[05] HUMAN
6,talk,1,0,3,VOTE Agent[10]
6,talk,2,0,7,VOTE Agent[06]
6,talk,3,0,6,VOTE Agent[10]
6,talk,4,0,1,VOTE Agent[10]
6,talk,5,0,15,VOTE Agent[10]
6,talk,6,1,3,Skip
6,talk,7,1,15,Skip
6,talk,8,1,6,VOTE Agent[15]
6,talk,9,1,7,Skip
6,talk,10,1,10,VOTE Agent[07]
6,talk,11,1,1,Skip
6,talk,12,2,6,VOTE Agent[15]
6,talk,13,2,7,Skip
6,talk,14,2,10,Skip
6,talk,15,2,15,Skip
6,talk,16,2,1,Skip
6,talk,17,2,3,Skip
6,talk,18,3,10,Skip
6,talk,19,3,6,VOTE Agent[10]
6,talk,20,3,7,Over
6,talk,21,3,15,Over
6,talk,22,3,3,Over
6,talk,23,3,1,Over
6,talk,24,4,1,Over
6,talk,25,4,10,Over
6,talk,26,4,15,Over
6,talk,27,4,7,Over
6,talk,28,4,3,Over
6,talk,29,4,6,VOTE Agent[10]
6,talk,30,5,7,Over
6,talk,31,5,6,VOTE Agent[10]
6,talk,32,5,1,Over
6,talk,33,5,15,Over
6,talk,34,5,10,Over
6,talk,35,5,3,Over
6,talk,36,6,7,Over
6,talk,37,6,6,VOTE Agent[10]
6,talk,38,6,3,Over
6,talk,39,6,1,Over
6,talk,40,6,15,Over
6,talk,41,6,10,Over
6,talk,42,7,1,Over
6,talk,43,7,7,Over
6,talk,44,7,10,Over
6,talk,45,7,6,VOTE Agent[10]
6,talk,46,7,15,Over
6,talk,47,7,3,Over
6,talk,48,8,15,Over
6,talk,49,8,10,Over
6,talk,50,8,1,Over
6,talk,51,8,7,Over
6,talk,52,8,6,VOTE Agent[10]
6,talk,53,8,3,Over
6,talk,54,9,1,Over
6,talk,55,9,10,Over
6,talk,56,9,6,Over
6,talk,57,9,7,Over
6,talk,58,9,15,Over
6,talk,59,9,3,Over
6,vote,1,10
6,vote,3,10
6,vote,6,10
6,vote,7,6
6,vote,10,7
6,vote,15,10
6,execute,10,WEREWOLF
7,status,1,VILLAGER,ALIVE,Takeda11
7,status,2,SEER,DEAD,Tomato13
7,status,3,VILLAGER,ALIVE,Tomato6
7,status,4,VILLAGER,DEAD,Tomato2
7,status,5,VILLAGER,DEAD,HALU
7,status,6,VILLAGER,ALIVE,HALU
7,status,7,VILLAGER,ALIVE,sample_py
7,status,8,BODYGUARD,DEAD,HALU
7,status,9,POSSESSED,DEAD,Takeda9
7,status,10,WEREWOLF,DEAD,sample_py
7,status,11,MEDIUM,DEAD,sample_py
7,status,12,VILLAGER,DEAD,HALU
7,status,13,WEREWOLF,DEAD,Tomato14
7,status,14,WEREWOLF,DEAD,TOKU1
7,status,15,VILLAGER,ALIVE,Takeda3
7,result,5,0,VILLAGER
