0,status,1,MEDIUM,ALIVE,sample_py
0,status,2,VILLAGER,ALIVE,Takeda12
0,status,3,BODYGUARD,ALIVE,TOKU11
0,status,4,VILLAGER,ALIVE,Tomato1
0,status,5,WEREWOLF,ALIVE,Tomato10
0,status,6,VILLAGER,ALIVE,Takeda4
0,status,7,VILLAGER,ALIVE,Tomato2
0,status,8,VILLAGER,ALIVE,Takeda6
0,status,9,VILLAGER,ALIVE,SampleJava3
0,status,10,VILLAGER,ALIVE,OKAMI
0,status,11,SEER,ALIVE,TOKU5
0,status,12,WEREWOLF,ALIVE,HALU
0,status,13,POSSESSED,ALIVE,TOKU8
0,status,14,VILLAGER,ALIVE,Tomato14
0,status,15,WEREWOLF,ALIVE,TOKU9
0,whisper,0,0,5,COMINGOUT Agent[05] VILLAGER
0,whisper,1,0,15,Skip
0,whisper,2,0,12,COMINGOUT Agent[12] MEDIUM
0,whisper,3,1,5,Skip
0,whisper,4,1,15,Skip
0,whisper,5,1,12,Skip
0,whisper,6,2,12,Skip
0,whisper,7,2,5,COMINGOUT Agent[05] SEER
0,whisper,8,2,15,Over
0,whisper,9,3,5,Skip
0,whisper,10,3,12,Over
0,whisper,11,3,15,Over
0,whisper,12,4,15,Over
0,whisper,13,4,12,Over
0,whisper,14,4,5,Skip
0,whisper,15,5,12,Over
0,whisper,16,5,15,Over
0,whisper,17,5,5,Over
0,divine,11,5,WEREWOLF
1,status,1,MEDIUM,ALIVE,sample_py
1,status,2,VILLAGER,ALIVE,Takeda12
1,status,3,BODYGUARD,ALIVE,TOKU11
1,status,4,VILLAGER,ALIVE,Tomato1
1,status,5,WEREWOLF,ALIVE,Tomato10
1,status,6,VILLAGER,ALIVE,Takeda4
1,status,7,VILLAGER,ALIVE,Tomato2
1,status,8,VILLAGER,ALIVE,Takeda6
1,status,9,VILLAGER,ALIVE,SampleJava3
1,status,10,VILLAGER,ALIVE,OKAMI
1,status,11,SEER,ALIVE,TOKU5
1,status,12,WEREWOLF,ALIVE,HALU
1,status,13,POSSESSED,ALIVE,TOKU8
1,status,14,VILLAGER,ALIVE,Tomato14
1,status,15,WEREWOLF,ALIVE,TOKU9
1,talk,0,0,15,VOTE Agent[13]
1,talk,1,0,12,COMINGOUT Agent[12] MEDIUM
1,talk,2,0,10,VOTE Agent[13]
1,talk,3,0,13,COMINGOUT Agent[13] SEER
1,talk,4,0,1,VOTE Agent[12]
1,talk,5,0,2,VOTE Agent[13]
1,talk,6,0,8,VOTE Agent[13]
1,talk,7,0,4,VOTE Agent[13]
1,talk,8,0,9,VOTE Agent[12]
1,talk,9,0,14,VOTE Agent[13]
1,talk,10,0,11,COMINGOUT Agent[11] SEER
1,talk,11,0,5,COMINGOUT Agent[05] SEER
1,talk,12,0,3,VOTE Agent[12]
1,talk,13,0,7,VOTE Agent[13]
1,talk,14,0,6,VOTE Agent[12]
1,talk,15,1,9,REQUEST ANY (VOTE Agent[12])
1,talk,16,1,6,VOTE Agent[13]
1,talk,17,1,14,Skip
1,talk,18,1,8,VOTE Agent[15]
1,talk,19,1,13,DIVINED Agent[04] WEREWOLF
1,talk,20,1,7,Skip
1,talk,21,1,15,VOTE Agent[06]
1,talk,22,1,2,VOTE Agent[05]
1,talk,23,1,10,COMINGOUT Agent[10] VILLAGER
1,talk,24,1,3,VOTE Agent[05]
1,talk,25,1,5,DIVINED Agent[10] HUMAN
1,talk,26,1,11,DIVINED Agent[05] WEREWOLF
1,talk,27,1,1,Skip
1,talk,28,1,12,VOTE Agent[04]
1,talk,29,1,4,VOTE Agent[05]
1,talk,30,2,7,VOTE Agent[05]
1,talk,31,2,13,VOTE Agent[04]
1,talk,32,2,4,Skip
1,talk,33,2,2,VOTE Agent[13]
1,talk,34,2,10,VOTE Agent[05]
1,talk,35,2,14,VOTE Agent[05]
1,talk,36,2,8,VOTE Agent[13]
1,talk,37,2,6,Skip
1,talk,38,2,3,VOTE Agent[12]
1,talk,39,2,12,VOTE Agent[04]
1,talk,40,2,15,VOTE Agent[13]
1,talk,41,2,5,VOTE Agent[13]
1,talk,42,2,1,Skip
1,talk,43,2,11,VOTE Agent[05]
1,talk,44,2,9,Skip
1,talk,45,3,1,Over
1,talk,46,3,8,VOTE Agent[12]
1,talk,47,3,6,VOTE Agent[08]
1,talk,48,3,15,VOTE Agent[08]
1,talk,49,3,7,Skip
1,talk,50,3,11,VOTE Agent[05]
1,talk,51,3,12,VOTE Agent[04]
1,talk,52,3,9,Skip
1,talk,53,3,10,VOTE Agent[13]
1,talk,54,3,14,Skip
1,talk,55,3,4,Skip
1,talk,56,3,3,VOTE Agent[08]
1,talk,57,3,2,VOTE Agent[12]
1,talk,58,3,13,Skip
1,talk,59,3,5,VOTE Agent[12]
1,talk,60,4,13,Skip
1,talk,61,4,14,Skip
1,talk,62,4,10,VOTE Agent[05]
1,talk,63,4,6,Skip
1,talk,64,4,5,Skip
1,talk,65,4,9,Over
1,talk,66,4,1,Over
1,talk,67,4,3,Skip
1,talk,68,4,2,Skip
1,talk,69,4,8,Skip
1,talk,70,4,7,Skip
1,talk,71,4,4,Over
1,talk,72,4,11,VOTE Agent[05]
1,talk,73,4,12,VOTE Agent[04]
1,talk,74,4,15,Skip
1,talk,75,5,5,Skip
1,talk,76,5,12,VOTE Agent[04]
1,talk,77,5,4,Over
1,talk,78,5,10,VOTE Agent[05]
1,talk,79,5,7,Over
1,talk,80,5,3,Skip
1,talk,81,5,8,Skip
1,talk,82,5,2,Skip
1,talk,83,5,1,Over
1,talk,84,5,6,Skip
1,talk,85,5,14,Over
1,talk,86,5,15,Skip
1,talk,87,5,9,Over
1,talk,88,5,11,VOTE Agent[05]
1,talk,89,5,13,Over
1,talk,90,6,14,Over
1,talk,91,6,8,VOTE Agent[13]
1,talk,92,6,15,Over
1,talk,93,6,1,Over
1,talk,94,6,13,Over
1,talk,95,6,5,Over
1,talk,96,6,4,Over
1,talk,97,6,12,VOTE Agent[04]
1,talk,98,6,2,VOTE Agent[08]
1,talk,99,6,9,Over
1,talk,100,6,3,Over
1,talk,101,6,6,Over
1,talk,102,6,7,Over
1,talk,103,6,10,VOTE Agent[13]
1,talk,104,6,11,VOTE Agent[05]
1,talk,105,7,3,Over
1,talk,106,7,13,Over
1,talk,107,7,8,VOTE Agent[12]
1,talk,108,7,7,Over
1,talk,109,7,6,Over
1,talk,110,7,11,VOTE Agent[05]
1,talk,111,7,14,Over
1,talk,112,7,9,Over
1,talk,113,7,2,Skip
1,talk,114,7,1,Over
1,talk,115,7,4,Over
1,talk,116,7,10,VOTE Agent[05]
1,talk,117,7,15,Over
1,talk,118,7,5,Over
1,talk,119,7,12,VOTE Agent[04]
1,talk,120,8,13,Over
1,talk,121,8,3,Over
1,talk,122,8,4,Over
1,talk,123,8,15,Over
1,talk,124,8,14,Over
1,talk,125,8,9,Over
1,talk,126,8,12,VOTE Agent[04]
1,talk,127,8,2,Skip
1,talk,128,8,8,Skip
1,talk,129,8,11,VOTE Agent[05]
1,talk,130,8,5,VOTE Agent[08]
1,talk,131,8,7,Over
1,talk,132,8,6,Over
1,talk,133,8,10,VOTE Agent[05]
1,talk,134,8,1,Over
1,talk,135,9,4,Over
1,talk,136,9,11,VOTE Agent[05]
1,talk,137,9,7,Over
1,talk,138,9,8,Skip
1,talk,139,9,12,Over
1,talk,140,9,10,Over
1,talk,141,9,14,Over
1,talk,142,9,13,Over
1,talk,143,9,6,Over
1,talk,144,9,9,Over
1,talk,145,9,15,Over
1,talk,146,9,1,Over
1,talk,147,9,3,Over
1,talk,148,9,2,Over
1,talk,149,9,5,Skip
1,talk,150,10,15,Over
1,talk,151,10,6,Over
1,talk,152,10,9,Over
1,talk,153,10,11,Over
1,talk,154,10,7,Over
1,talk,155,10,3,Over
1,talk,156,10,10,Over
1,talk,157,10,2,Over
1,talk,158,10,13,Over
1,talk,159,10,5,Skip
1,talk,160,10,1,Over
1,talk,161,10,12,Over
1,talk,162,10,4,Over
1,talk,163,10,14,Over
1,talk,164,10,8,Over
1,talk,165,11,15,Over
1,talk,166,11,10,Over
1,talk,167,11,5,Over
1,talk,168,11,7,Over
1,talk,169,11,11,Over
1,talk,170,11,12,Over
1,talk,171,11,3,Over
1,talk,172,11,6,Over
1,talk,173,11,1,Over
1,talk,174,11,8,Over
1,talk,175,11,2,Over
1,talk,176,11,13,Over
1,talk,177,11,4,Over
1,talk,178,11,14,Over
1,talk,179,11,9,Over
1,vote,1,12
1,vote,2,8
1,vote,3,8
1,vote,4,5
1,vote,5,8
1,vote,6,8
1,vote,7,5
1,vote,8,12
1,vote,9,10
1,vote,10,5
1,vote,11,5
1,vote,12,4
1,vote,13,5
1,vote,14,5
1,vote,15,8
1,execute,5,WEREWOLF
1,divine,11,8,HUMAN
1,whisper,0,0,12,ATTACK Agent[11]
1,whisper,1,0,15,Skip
1,whisper,2,1,12,Skip
1,whisper,3,1,15,Skip
1,whisper,4,2,15,Over
1,whisper,5,2,12,Skip
1,whisper,6,3,15,Over
1,whisper,7,3,12,Over
1,guard,3,5,WEREWOLF
1,attackVote,12,11
1,attackVote,15,13
1,attackVote,12,11
1,attackVote,15,13
1,attack,11,true
2,status,1,MEDIUM,ALIVE,sample_py
2,status,2,VILLAGER,ALIVE,Takeda12
2,status,3,BODYGUARD,ALIVE,TOKU11
2,status,4,VILLAGER,ALIVE,Tomato1
2,status,5,WEREWOLF,DEAD,Tomato10
2,status,6,VILLAGER,ALIVE,Takeda4
2,status,7,VILLAGER,ALIVE,Tomato2
2,status,8,VILLAGER,ALIVE,Takeda6
2,status,9,VILLAGER,ALIVE,SampleJava3
2,status,10,VILLAGER,ALIVE,OKAMI
2,status,11,SEER,DEAD,TOKU5
2,status,12,WEREWOLF,ALIVE,HALU
2,status,13,POSSESSED,ALIVE,TOKU8
2,status,14,VILLAGER,ALIVE,Tomato14
2,status,15,WEREWOLF,ALIVE,TOKU9
2,talk,0,0,1,COMINGOUT Agent[01] MEDIUM
2,talk,1,0,3,VOTE Agent[13]
2,talk,2,0,9,VOTE Agent[07]
2,talk,3,0,12,IDENTIFIED Agent[05] WEREWOLF
2,talk,4,0,7,VOTE Agent[13]
2,talk,5,0,8,VOTE Agent[13]
2,talk,6,0,13,DIVINED Agent[08] HUMAN
2,talk,7,0,10,VOTE Agent[13]
2,talk,8,0,15,VOTE Agent[13]
2,talk,9,0,2,VOTE Agent[13]
2,talk,10,0,4,VOTE Agent[13]
2,talk,11,0,14,VOTE Agent[13]
2,talk,12,0,6,VOTE Agent[13]
2,talk,13,1,6,VOTE Agent[01]
2,talk,14,1,2,VOTE Agent[01]
2,talk,15,1,1,IDENTIFIED Agent[05] WEREWOLF
2,talk,16,1,9,REQUEST ANY (VOTE Agent[07])
2,talk,17,1,13,VOTE Agent[04]
2,talk,18,1,12,VOTE Agent[01]
2,talk,19,1,3,VOTE Agent[01]
2,talk,20,1,15,VOTE Agent[08]
2,talk,21,1,4,Skip
2,talk,22,1,14,Skip
2,talk,23,1,7,Skip
2,talk,24,1,8,VOTE Agent[01]
2,talk,25,1,10,COMINGOUT Agent[10] VILLAGER
2,talk,26,2,7,VOTE Agent[01]
2,talk,27,2,1,VOTE Agent[12]
2,talk,28,2,8,VOTE Agent[09]
2,talk,29,2,4,VOTE Agent[01]
2,talk,30,2,14,VOTE Agent[01]
2,talk,31,2,6,Skip
2,talk,32,2,2,VOTE Agent[08]
2,talk,33,2,12,VOTE Agent[01]
2,talk,34,2,13,Skip
2,talk,35,2,3,Skip
2,talk,36,2,15,Skip
2,talk,37,2,9,Skip
2,talk,38,2,10,VOTE Agent[04]
2,talk,39,3,4,Skip
2,talk,40,3,8,Skip
2,talk,41,3,3,Skip
2,talk,42,3,7,Skip
2,talk,43,3,14,Skip
2,talk,44,3,15,VOTE Agent[09]
2,talk,45,3,13,Skip
2,talk,46,3,12,VOTE Agent[01]
2,talk,47,3,2,VOTE Agent[12]
2,talk,48,3,10,VOTE Agent[04]
2,talk,49,3,9,Skip
2,talk,50,3,1,Skip
2,talk,51,3,6,Skip
2,talk,52,4,14,Skip
2,talk,53,4,6,VOTE Agent[09]
2,talk,54,4,10,VOTE Agent[04]
2,talk,55,4,1,Skip
2,talk,56,4,12,VOTE Agent[01]
2,talk,57,4,4,Skip
2,talk,58,4,3,Over
2,talk,59,4,15,Skip
2,talk,60,4,7,Skip
2,talk,61,4,9,Over
2,talk,62,4,13,Over
2,talk,63,4,8,Skip
2,talk,64,4,2,Skip
2,talk,65,5,2,Skip
2,talk,66,5,4,Over
2,talk,67,5,6,Skip
2,talk,68,5,3,VOTE Agent[08]
2,talk,69,5,15,Skip
2,talk,70,5,13,Over
2,talk,71,5,1,Over
2,talk,72,5,10,VOTE Agent[04]
2,talk,73,5,8,Over
2,talk,74,5,9,Over
2,talk,75,5,14,Over
2,talk,76,5,7,Over
2,talk,77,5,12,VOTE Agent[01]
2,talk,78,6,3,VOTE Agent[12]
2,talk,79,6,2,Over
2,talk,80,6,15,Over
2,talk,81,6,13,Over
2,talk,82,6,6,VOTE Agent[12]
2,talk,83,6,12,VOTE Agent[01]
2,talk,84,6,10,VOTE Agent[04]
2,talk,85,6,8,Over
2,talk,86,6,1,Over
2,talk,87,6,7,VOTE Agent[12]
2,talk,88,6,4,VOTE Agent[12]
2,talk,89,6,9,Over
2,talk,90,6,14,VOTE Agent[12]
2,talk,91,7,2,Over
2,talk,92,7,7,Skip
2,talk,93,7,3,Skip
2,talk,94,7,9,Over
2,talk,95,7,8,Over
2,talk,96,7,13,Over
2,talk,97,7,12,VOTE Agent[01]
2,talk,98,7,1,Over
2,talk,99,7,10,VOTE Agent[04]
2,talk,100,7,14,Skip
2,talk,101,7,4,Skip
2,talk,102,7,15,VOTE Agent[12]
2,talk,103,7,6,Skip
2,talk,104,8,1,Over
2,talk,105,8,4,Skip
2,talk,106,8,9,Over
2,talk,107,8,6,Skip
2,talk,108,8,12,VOTE Agent[01]
2,talk,109,8,13,Over
2,talk,110,8,7,Skip
2,talk,111,8,15,Skip
2,talk,112,8,8,Over
2,talk,113,8,14,Skip
2,talk,114,8,3,Skip
2,talk,115,8,2,Over
2,talk,116,8,10,VOTE Agent[04]
2,talk,117,9,1,Over
2,talk,118,9,8,Over
2,talk,119,9,15,Skip
2,talk,120,9,6,Over
2,talk,121,9,2,Over
2,talk,122,9,3,Over
2,talk,123,9,4,Over
2,talk,124,9,9,Over
2,talk,125,9,10,Over
2,talk,126,9,12,Over
2,talk,127,9,13,Over
2,talk,128,9,14,Over
2,talk,129,9,7,Over
2,talk,130,10,12,Over
2,talk,131,10,6,Over
2,talk,132,10,14,Over
2,talk,133,10,8,Over
2,talk,134,10,15,Over
2,talk,135,10,4,Over
2,talk,136,10,7,Over
2,talk,137,10,13,Over
2,talk,138,10,1,Over
2,talk,139,10,9,Over
2,talk,140,10,2,Over
2,talk,141,10,3,Over
2,talk,142,10,10,Over
2,vote,1,12
2,vote,2,12
2,vote,3,12
2,vote,4,12
2,vote,6,12
2,vote,7,12
2,vote,8,12
2,vote,9,3
2,vote,10,4
2,vote,12,1
2,vote,13,1
2,vote,14,12
2,vote,15,12
2,execute,12,WEREWOLF
2,guard,3,13,POSSESSED
2,attackVote,15,13
2,attack,13,false
3,status,1,MEDIUM,ALIVE,sample_py
3,status,2,VILLAGER,ALIVE,Takeda12
3,status,3,BODYGUARD,ALIVE,TOKU11
3,status,4,VILLAGER,ALIVE,Tomato1
3,status,5,WEREWOLF,DEAD,Tomato10
3,status,6,VILLAGER,ALIVE,Takeda4
3,status,7,VILLAGER,ALIVE,Tomato2
3,status,8,VILLAGER,ALIVE,Takeda6
3,status,9,VILLAGER,ALIVE,SampleJava3
3,status,10,VILLAGER,ALIVE,OKAMI
3,status,11,SEER,DEAD,TOKU5
3,status,12,WEREWOLF,DEAD,HALU
3,status,13,POSSESSED,ALIVE,TOKU8
3,status,14,VILLAGER,ALIVE,Tomato14
3,status,15,WEREWOLF,ALIVE,TOKU9
3,talk,0,0,14,VOTE Agent[13]
3,talk,1,0,8,VOTE Agent[09]
3,talk,2,0,3,VOTE Agent[09]
3,talk,3,0,6,VOTE Agent[09]
3,talk,4,0,10,VOTE Agent[04]
3,talk,5,0,15,VOTE Agent[09]
3,talk,6,0,13,DIVINED Agent[07] WEREWOLF
3,talk,7,0,9,VOTE Agent[01]
3,talk,8,0,2,VOTE Agent[09]
3,talk,9,0,1,IDENTIFIED Agent[12] WEREWOLF
3,talk,10,0,7,VOTE Agent[13]
3,talk,11,0,4,VOTE Agent[13]
3,talk,12,1,8,Skip
3,talk,13,1,13,VOTE Agent[04]
3,talk,14,1,4,Skip
3,talk,15,1,2,Skip
3,talk,16,1,14,Skip
3,talk,17,1,9,REQUEST ANY (VOTE Agent[01])
3,talk,18,1,10,COMINGOUT Agent[10] VILLAGER
3,talk,19,1,7,Skip
3,talk,20,1,3,Skip
3,talk,21,1,15,Skip
3,talk,22,1,1,VOTE Agent[04]
3,talk,23,1,6,Skip
3,talk,24,2,6,Skip
3,talk,25,2,2,Skip
3,talk,26,2,8,Skip
3,talk,27,2,15,Skip
3,talk,28,2,7,Skip
3,talk,29,2,9,Skip
3,talk,30,2,3,Skip
3,talk,31,2,10,VOTE Agent[04]
3,talk,32,2,13,VOTE Agent[07]
3,talk,33,2,4,Skip
3,talk,34,2,14,Skip
3,talk,35,2,1,Skip
3,talk,36,3,9,Skip
3,talk,37,3,10,VOTE Agent[04]
3,talk,38,3,2,Over
3,talk,39,3,15,Over
3,talk,40,3,4,Over
3,talk,41,3,6,Over
3,talk,42,3,7,Over
3,talk,43,3,13,VOTE Agent[04]
3,talk,44,3,1,Skip
3,talk,45,3,8,Over
3,talk,46,3,3,Over
3,talk,47,3,14,Over
3,talk,48,4,15,Over
3,talk,49,4,8,Over
3,talk,50,4,2,Over
3,talk,51,4,4,Over
3,talk,52,4,13,Skip
3,talk,53,4,10,VOTE Agent[04]
3,talk,54,4,6,Over
3,talk,55,4,1,Over
3,talk,56,4,9,Over
3,talk,57,4,14,Over
3,talk,58,4,7,Over
3,talk,59,4,3,Over
3,talk,60,5,6,Over
3,talk,61,5,1,Over
3,talk,62,5,2,Over
3,talk,63,5,15,Over
3,talk,64,5,8,Over
3,talk,65,5,3,Over
3,talk,66,5,7,Over
3,talk,67,5,9,Over
3,talk,68,5,10,VOTE Agent[04]
3,talk,69,5,13,Skip
3,talk,70,5,14,Over
3,talk,71,5,4,Over
3,talk,72,6,14,Over
3,talk,73,6,9,Over
3,talk,74,6,4,Over
3,talk,75,6,3,Over
3,talk,76,6,7,Over
3,talk,77,6,2,Over
3,talk,78,6,10,VOTE Agent[04]
3,talk,79,6,8,Over
3,talk,80,6,6,Over
3,talk,81,6,15,Over
3,talk,82,6,1,Over
3,talk,83,6,13,Over
3,talk,84,7,10,VOTE Agent[04]
3,talk,85,7,3,Over
3,talk,86,7,4,Over
3,talk,87,7,1,Over
3,talk,88,7,15,Over
3,talk,89,7,6,Over
3,talk,90,7,9,Over
3,talk,91,7,2,Over
3,talk,92,7,8,Over
3,talk,93,7,14,Over
3,talk,94,7,13,Over
3,talk,95,7,7,Over
3,talk,96,8,7,Over
3,talk,97,8,2,Over
3,talk,98,8,9,Over
3,talk,99,8,13,Over
3,talk,100,8,15,Over
3,talk,101,8,6,Over
3,talk,102,8,3,Over
3,talk,103,8,8,Over
3,talk,104,8,1,Over
3,talk,105,8,4,Over
3,talk,106,8,14,Over
3,talk,107,8,10,VOTE Agent[04]
3,talk,108,9,13,Over
3,talk,109,9,15,Over
3,talk,110,9,14,Over
3,talk,111,9,6,Over
3,talk,112,9,1,Over
3,talk,113,9,10,Over
3,talk,114,9,3,Over
3,talk,115,9,2,Over
3,talk,116,9,4,Over
3,talk,117,9,8,Over
3,talk,118,9,7,Over
3,talk,119,9,9,Over
3,vote,1,4
3,vote,2,9
3,vote,3,9
3,vote,4,13
3,vote,6,9
3,vote,7,13
3,vote,8,9
3,vote,9,14
3,vote,10,4
3,vote,13,1
3,vote,14,13
3,vote,15,9
3,execute,9,VILLAGER
3,guard,3,10,VILLAGER
3,attackVote,15,13
3,attack,13,true
4,status,1,MEDIUM,ALIVE,sample_py
4,status,2,VILLAGER,ALIVE,Takeda12
4,status,3,BODYGUARD,ALIVE,TOKU11
4,status,4,VILLAGER,ALIVE,Tomato1
4,status,5,WEREWOLF,DEAD,Tomato10
4,status,6,VILLAGER,ALIVE,Takeda4
4,status,7,VILLAGER,ALIVE,Tomato2
4,status,8,VILLAGER,ALIVE,Takeda6
4,status,9,VILLAGER,DEAD,SampleJava3
4,status,10,VILLAGER,ALIVE,OKAMI
4,status,11,SEER,DEAD,TOKU5
4,status,12,WEREWOLF,DEAD,HALU
4,status,13,POSSESSED,DEAD,TOKU8
4,status,14,VILLAGER,ALIVE,Tomato14
4,status,15,WEREWOLF,ALIVE,TOKU9
4,talk,0,0,4,VOTE Agent[14]
4,talk,1,0,3,VOTE Agent[08]
4,talk,2,0,10,VOTE Agent[04]
4,talk,3,0,14,VOTE Agent[04]
4,talk,4,0,15,VOTE Agent[08]
4,talk,5,0,8,VOTE Agent[03]
4,talk,6,0,2,VOTE Agent[08]
4,talk,7,0,7,VOTE Agent[04]
4,talk,8,0,6,VOTE Agent[08]
4,talk,9,0,1,IDENTIFIED Agent[09] HUMAN
4,talk,10,1,15,Skip
4,talk,11,1,6,Skip
4,talk,12,1,8,Skip
4,talk,13,1,4,Skip
4,talk,14,1,7,Skip
4,talk,15,1,3,Skip
4,talk,16,1,10,COMINGOUT Agent[10] VILLAGER
4,talk,17,1,14,Skip
4,talk,18,1,2,Skip
4,talk,19,1,1,VOTE Agent[04]
4,talk,20,2,10,VOTE Agent[04]
4,talk,21,2,7,Skip
4,talk,22,2,15,VOTE Agent[03]
4,talk,23,2,6,VOTE Agent[03]
4,talk,24,2,4,Skip
4,talk,25,2,1,Skip
4,talk,26,2,3,Skip
4,talk,27,2,8,Skip
4,talk,28,2,2,VOTE Agent[03]
4,talk,29,2,14,Skip
4,talk,30,3,15,Skip
4,talk,31,3,3,Over
4,talk,32,3,10,VOTE Agent[04]
4,talk,33,3,7,Over
4,talk,34,3,14,Over
4,talk,35,3,1,Skip
4,talk,36,3,2,Skip
4,talk,37,3,8,Over
4,talk,38,3,4,Over
4,talk,39,3,6,Skip
4,talk,40,4,15,Skip
4,talk,41,4,6,Skip
4,talk,42,4,10,VOTE Agent[04]
4,talk,43,4,3,Over
4,talk,44,4,7,Over
4,talk,45,4,2,Skip
4,talk,46,4,4,Over
4,talk,47,4,14,Over
4,talk,48,4,1,Over
4,talk,49,4,8,Over
4,talk,50,5,14,Over
4,talk,51,5,15,Over
4,talk,52,5,4,Over
4,talk,53,5,10,VOTE Agent[04]
4,talk,54,5,2,Over
4,talk,55,5,1,Over
4,talk,56,5,8,Over
4,talk,57,5,7,Over
4,talk,58,5,6,Over
4,talk,59,5,3,Over
4,talk,60,6,15,Over
4,talk,61,6,1,Over
4,talk,62,6,3,Over
4,talk,63,6,8,Over
4,talk,64,6,4,Over
4,talk,65,6,7,Over
4,talk,66,6,10,VOTE Agent[04]
4,talk,67,6,6,Over
4,talk,68,6,2,Over
4,talk,69,6,14,Over
4,talk,70,7,14,Over
4,talk,71,7,6,Over
4,talk,72,7,1,Over
4,talk,73,7,10,VOTE Agent[04]
4,talk,74,7,7,VOTE Agent[14]
4,talk,75,7,3,Over
4,talk,76,7,8,Over
4,talk,77,7,2,Over
4,talk,78,7,4,Over
4,talk,79,7,15,Over
4,talk,80,8,3,Over
4,talk,81,8,8,Over
4,talk,82,8,1,Over
4,talk,83,8,2,Over
4,talk,84,8,4,Over
4,talk,85,8,14,Over
4,talk,86,8,15,Over
4,talk,87,8,7,VOTE Agent[04]
4,talk,88,8,6,Over
4,talk,89,8,10,VOTE Agent[04]
4,talk,90,9,6,Over
4,talk,91,9,4,Over
4,talk,92,9,2,Over
4,talk,93,9,7,Skip
4,talk,94,9,1,Over
4,talk,95,9,10,Over
4,talk,96,9,8,Over
4,talk,97,9,15,Over
4,talk,98,9,14,Over
4,talk,99,9,3,Over
4,talk,100,10,8,Over
4,talk,101,10,1,Over
4,talk,102,10,4,Over
4,talk,103,10,6,Over
4,talk,104,10,2,Over
4,talk,105,10,3,Over
4,talk,106,10,15,Over
4,talk,107,10,10,Over
4,talk,108,10,14,Over
4,talk,109,10,7,Skip
4,talk,110,11,2,Over
4,talk,111,11,14,Over
4,talk,112,11,3,Over
4,talk,113,11,4,Over
4,talk,114,11,7,Over
4,talk,115,11,15,Over
4,talk,116,11,8,Over
4,talk,117,11,1,Over
4,talk,118,11,6,Over
4,talk,119,11,10,Over
4,vote,1,4
4,vote,2,3
4,vote,3,8
4,vote,4,14
4,vote,6,3
4,vote,7,4
4,vote,8,3
4,vote,10,4
4,vote,14,4
4,vote,15,3
4,vote,1,4
4,vote,2,3
4,vote,3,8
4,vote,4,14
4,vote,6,3
4,vote,7,4
4,vote,8,3
4,vote,10,4
4,vote,14,4
4,vote,15,3
4,execute,4,VILLAGER
4,guard,3,10,VILLAGER
4,attackVote,15,10
4,attack,10,false
5,status,1,MEDIUM,ALIVE,sample_py
5,status,2,VILLAGER,ALIVE,Takeda12
5,status,3,BODYGUARD,ALIVE,TOKU11
5,status,4,VILLAGER,DEAD,Tomato1
5,status,5,WEREWOLF,DEAD,Tomato10
5,status,6,VILLAGER,ALIVE,Takeda4
5,status,7,VILLAGER,ALIVE,Tomato2
5,status,8,VILLAGER,ALIVE,Takeda6
5,status,9,VILLAGER,DEAD,SampleJava3
5,status,10,VILLAGER,ALIVE,OKAMI
5,status,11,SEER,DEAD,TOKU5
5,status,12,WEREWOLF,DEAD,HALU
5,status,13,POSSESSED,DEAD,TOKU8
5,status,14,VILLAGER,ALIVE,Tomato14
5,status,15,WEREWOLF,ALIVE,TOKU9
5,talk,0,0,15,VOTE Agent[03]
5,talk,1,0,7,VOTE Agent[14]
5,talk,2,0,14,VOTE Agent[07]
5,talk,3,0,3,VOTE Agent[08]
5,talk,4,0,6,VOTE Agent[03]
5,talk,5,0,10,VOTE Agent[07]
5,talk,6,0,2,VOTE Agent[03]
5,talk,7,0,8,VOTE Agent[03]
5,talk,8,0,1,IDENTIFIED Agent[04] HUMAN
5,talk,9,1,1,VOTE Agent[07]
5,talk,10,1,2,Skip
5,talk,11,1,15,Skip
5,talk,12,1,10,COMINGOUT Agent[10] VILLAGER
5,talk,13,1,14,Skip
5,talk,14,1,6,Skip
5,talk,15,1,3,Skip
5,talk,16,1,7,Skip
5,talk,17,1,8,Skip
5,talk,18,2,15,Skip
5,talk,19,2,1,Skip
5,talk,20,2,14,Skip
5,talk,21,2,6,Skip
5,talk,22,2,2,Skip
5,talk,23,2,8,Skip
5,talk,24,2,10,VOTE Agent[07]
5,talk,25,2,7,Skip
5,talk,26,2,3,Skip
5,talk,27,3,10,VOTE Agent[07]
5,talk,28,3,14,Over
5,talk,29,3,7,Over
5,talk,30,3,2,Over
5,talk,31,3,15,Over
5,talk,32,3,6,Over
5,talk,33,3,8,Over
5,talk,34,3,3,Over
5,talk,35,3,1,Skip
5,talk,36,4,14,Over
5,talk,37,4,6,Over
5,talk,38,4,7,Over
5,talk,39,4,2,Over
5,talk,40,4,8,Over
5,talk,41,4,10,VOTE Agent[07]
5,talk,42,4,3,Over
5,talk,43,4,15,Over
5,talk,44,4,1,Over
5,talk,45,5,6,Over
5,talk,46,5,2,Over
5,talk,47,5,7,Over
5,talk,48,5,1,Over
5,talk,49,5,3,Over
5,talk,50,5,15,Over
5,talk,51,5,8,Over
5,talk,52,5,10,VOTE Agent[07]
5,talk,53,5,14,Over
5,talk,54,6,3,Over
5,talk,55,6,8,Over
5,talk,56,6,6,Over
5,talk,57,6,7,Over
5,talk,58,6,10,VOTE Agent[07]
5,talk,59,6,14,Over
5,talk,60,6,2,Over
5,talk,61,6,15,Over
5,talk,62,6,1,Over
5,talk,63,7,7,Over
5,talk,64,7,3,Over
5,talk,65,7,15,Over
5,talk,66,7,8,Over
5,talk,67,7,1,Over
5,talk,68,7,10,VOTE Agent[07]
5,talk,69,7,14,Over
5,talk,70,7,6,Over
5,talk,71,7,2,Over
5,talk,72,8,8,Over
5,talk,73,8,10,VOTE Agent[07]
5,talk,74,8,3,Over
5,talk,75,8,7,Over
5,talk,76,8,1,Over
5,talk,77,8,15,Over
5,talk,78,8,6,Over
5,talk,79,8,14,Over
5,talk,80,8,2,Over
5,talk,81,9,2,Over
5,talk,82,9,10,Over
5,talk,83,9,8,Over
5,talk,84,9,15,Over
5,talk,85,9,1,Over
5,talk,86,9,7,Over
5,talk,87,9,14,Over
5,talk,88,9,3,Over
5,talk,89,9,6,Over
5,vote,1,7
5,vote,2,3
5,vote,3,8
5,vote,6,3
5,vote,7,14
5,vote,8,3
5,vote,10,7
5,vote,14,7
5,vote,15,3
5,execute,3,BODYGUARD
5,attackVote,15,10
5,attack,10,true
6,status,1,MEDIUM,ALIVE,sample_py
6,status,2,VILLAGER,ALIVE,Takeda12
6,status,3,BODYGUARD,DEAD,TOKU11
6,status,4,VILLAGER,DEAD,Tomato1
6,status,5,WEREWOLF,DEAD,Tomato10
6,status,6,VILLAGER,ALIVE,Takeda4
6,status,7,VILLAGER,ALIVE,Tomato2
6,status,8,VILLAGER,ALIVE,Takeda6
6,status,9,VILLAGER,DEAD,SampleJava3
6,status,10,VILLAGER,DEAD,OKAMI
6,status,11,SEER,DEAD,TOKU5
6,status,12,WEREWOLF,DEAD,HALU
6,status,13,POSSESSED,DEAD,TOKU8
6,status,14,VILLAGER,ALIVE,Tomato14
6,status,15,WEREWOLF,ALIVE,TOKU9
6,talk,0,0,2,VOTE Agent[08]
6,talk,1,0,7,VOTE Agent[14]
6,talk,2,0,14,VOTE Agent[07]
6,talk,3,0,8,VOTE Agent[15]
6,talk,4,0,1,IDENTIFIED Agent[03] HUMAN
6,talk,5,0,15,VOTE Agent[08]
6,talk,6,0,6,VOTE Agent[08]
6,talk,7,1,1,VOTE Agent[07]
6,talk,8,1,2,Skip
6,talk,9,1,14,Skip
6,talk,10,1,7,Skip
6,talk,11,1,8,Skip
6,talk,12,1,6,Skip
6,talk,13,1,15,Skip
6,talk,14,2,14,Skip
6,talk,15,2,15,Skip
6,talk,16,2,2,Skip
6,talk,17,2,7,Skip
6,talk,18,2,1,Skip
6,talk,19,2,8,Skip
6,talk,20,2,6,Skip
6,talk,21,3,6,Over
6,talk,22,3,15,Over
6,talk,23,3,8,Over
6,talk,24,3,1,Skip
6,talk,25,3,7,Over
6,talk,26,3,2,Over
6,talk,27,3,14,Over
6,talk,28,4,7,Over
6,talk,29,4,14,Over
6,talk,30,4,2,Over
6,talk,31,4,8,Over
6,talk,32,4,15,Over
6,talk,33,4,1,Over
6,talk,34,4,6,Over
6,vote,1,7
6,vote,2,8
6,vote,6,8
6,vote,7,14
6,vote,8,15
6,vote,14,7
6,vote,15,8
6,execute,8,VILLAGER
6,attackVote,15,6
6,attack,6,true
7,status,1,MEDIUM,ALIVE,sample_py
7,status,2,VILLAGER,ALIVE,Takeda12
7,status,3,BODYGUARD,DEAD,TOKU11
7,status,4,VILLAGER,DEAD,Tomato1
7,status,5,WEREWOLF,DEAD,Tomato10
7,status,6,VILLAGER,DEAD,Takeda4
7,status,7,VILLAGER,ALIVE,Tomato2
7,status,8,VILLAGER,DEAD,Takeda6
7,status,9,VILLAGER,DEAD,SampleJava3
7,status,10,VILLAGER,DEAD,OKAMI
7,status,11,SEER,DEAD,TOKU5
7,status,12,WEREWOLF,DEAD,HALU
7,status,13,POSSESSED,DEAD,TOKU8
7,status,14,VILLAGER,ALIVE,Tomato14
7,status,15,WEREWOLF,ALIVE,TOKU9
7,talk,0,0,15,VOTE Agent[02]
7,talk,1,0,7,VOTE Agent[14]
7,talk,2,0,1,IDENTIFIED Agent[08] HUMAN
7,talk,3,0,14,VOTE Agent[07]
7,talk,4,0,2,VOTE Agent[15]
7,talk,5,1,1,VOTE Agent[07]
7,talk,6,1,2,Skip
7,talk,7,1,15,Skip
7,talk,8,1,7,Skip
7,talk,9,1,14,Skip
7,talk,10,2,7,Skip
7,talk,11,2,2,Skip
7,talk,12,2,15,Skip
7,talk,13,2,14,Skip
7,talk,14,2,1,Skip
7,talk,15,3,1,Skip
7,talk,16,3,14,Over
7,talk,17,3,15,Over
7,talk,18,3,2,Over
7,talk,19,3,7,Over
7,talk,20,4,2,Over
7,talk,21,4,1,Over
7,talk,22,4,15,Over
7,talk,23,4,14,Over
7,talk,24,4,7,Over
7,vote,1,7
7,vote,2,15
7,vote,7,14
7,vote,14,7
7,vote,15,2
7,execute,7,VILLAGER
7,attackVote,15,1
7,attack,1,true
8,status,1,MEDIUM,DEAD,sample_py
8,status,2,VILLAGER,ALIVE,Takeda12
8,status,3,BODYGUARD,DEAD,TOKU11
8,status,4,VILLAGER,DEAD,Tomato1
8,status,5,WEREWOLF,DEAD,Tomato10
8,status,6,VILLAGER,DEAD,Takeda4
8,status,7,VILLAGER,DEAD,Tomato2
8,status,8,VILLAGER,DEAD,Takeda6
8,status,9,VILLAGER,DEAD,SampleJava3
8,status,10,VILLAGER,DEAD,OKAMI
8,status,11,SEER,DEAD,TOKU5
8,status,12,WEREWOLF,DEAD,HALU
8,status,13,POSSESSED,DEAD,TOKU8
8,status,14,VILLAGER,ALIVE,Tomato14
8,status,15,WEREWOLF,ALIVE,TOKU9
8,talk,0,0,2,VOTE Agent[15]
8,talk,1,0,14,VOTE Agent[15]
8,talk,2,0,15,VOTE Agent[02]
8,talk,3,1,14,Skip
8,talk,4,1,15,VOTE Agent[02]
8,talk,5,1,2,Skip
8,talk,6,2,14,Skip
8,talk,7,2,2,Skip
8,talk,8,2,15,VOTE Agent[02]
8,talk,9,3,14,Over
8,talk,10,3,2,Over
8,talk,11,3,15,VOTE Agent[02]
8,talk,12,4,2,Over
8,talk,13,4,15,VOTE Agent[02]
8,talk,14,4,14,Over
8,talk,15,5,14,Over
8,talk,16,5,2,Over
8,talk,17,5,15,VOTE Agent[02]
8,talk,18,6,15,VOTE Agent[02]
8,talk,19,6,2,Over
8,talk,20,6,14,Over
8,talk,21,7,15,VOTE Agent[02]
8,talk,22,7,14,Over
8,talk,23,7,2,Over
8,talk,24,8,14,Over
8,talk,25,8,15,VOTE Agent[02]
8,talk,26,8,2,Over
8,talk,27,9,2,Over
8,talk,28,9,14,Over
8,talk,29,9,15,VOTE Agent[02]
8,talk,30,10,14,Over
8,talk,31,10,15,Over
8,talk,32,10,2,Over
8,vote,2,15
8,vote,14,15
8,vote,15,2
8,execute,15,WEREWOLF
9,status,1,MEDIUM,DEAD,sample_py
9,status,2,VILLAGER,ALIVE,Takeda12
9,status,3,BODYGUARD,DEAD,TOKU11
9,status,4,VILLAGER,DEAD,Tomato1
9,status,5,WEREWOLF,DEAD,Tomato10
9,status,6,VILLAGER,DEAD,Takeda4
9,status,7,VILLAGER,DEAD,Tomato2
9,status,8,VILLAGER,DEAD,Takeda6
9,status,9,VILLAGER,DEAD,SampleJava3
9,status,10,VILLAGER,DEAD,OKAMI
9,status,11,SEER,DEAD,TOKU5
9,status,12,WEREWOLF,DEAD,HALU
9,status,13,POSSESSED,DEAD,TOKU8
9,status,14,VILLAGER,ALIVE,Tomato14
9,status,15,WEREWOLF,DEAD,TOKU9
9,result,2,0,VILLAGER
