0,status,1,VILLAGER,ALIVE,sample_py
0,status,2,WEREWOLF,ALIVE,Takeda12
0,status,3,VILLAGER,ALIVE,TOKU11
0,status,4,POSSESSED,ALIVE,Tomato1
0,status,5,WEREWOLF,ALIVE,Tomato10
0,status,6,WEREWOLF,ALIVE,Takeda4
0,status,7,BODYGUARD,ALIVE,Tomato2
0,status,8,VILLAGER,ALIVE,Takeda6
0,status,9,SEER,ALIVE,SampleJava3
0,status,10,MEDIUM,ALIVE,OKAMI
0,status,11,VILLAGER,ALIVE,TOKU5
0,status,12,VILLAGER,ALIVE,HALU
0,status,13,VILLAGER,ALIVE,TOKU8
0,status,14,VILLAGER,ALIVE,Tomato14
0,status,15,VILLAGER,ALIVE,TOKU9
0,whisper,0,0,5,COMINGOUT Agent[05] VILLAGER
0,whisper,1,0,6,Skip
0,whisper,2,0,2,Skip
0,whisper,3,1,2,Skip
0,whisper,4,1,5,COMINGOUT Agent[05] SEER
0,whisper,5,1,6,Skip
0,whisper,6,2,2,Over
0,whisper,7,2,5,Skip
0,whisper,8,2,6,Over
0,whisper,9,3,2,Over
0,whisper,10,3,5,Skip
0,whisper,11,3,6,Over
0,whisper,12,4,2,Over
0,whisper,13,4,5,Over
0,whisper,14,4,6,Over
0,divine,9,15,HUMAN
1,status,1,VILLAGER,ALIVE,sample_py
1,status,2,WEREWOLF,ALIVE,Takeda12
1,status,3,VILLAGER,ALIVE,TOKU11
1,status,4,POSSESSED,ALIVE,Tomato1
1,status,5,WEREWOLF,ALIVE,Tomato10
1,status,6,WEREWOLF,ALIVE,Takeda4
1,status,7,BODYGUARD,ALIVE,Tomato2
1,status,8,VILLAGER,ALIVE,Takeda6
1,status,9,SEER,ALIVE,SampleJava3
1,status,10,MEDIUM,ALIVE,OKAMI
1,status,11,VILLAGER,ALIVE,TOKU5
1,status,12,VILLAGER,ALIVE,HALU
1,status,13,VILLAGER,ALIVE,TOKU8
1,status,14,VILLAGER,ALIVE,Tomato14
1,status,15,VILLAGER,ALIVE,TOKU9
1,talk,0,0,11,VOTE Agent[12]
1,talk,1,0,6,VOTE Agent[12]
1,talk,2,0,5,COMINGOUT Agent[05] SEER
1,talk,3,0,12,VOTE Agent[05]
1,talk,4,0,13,VOTE Agent[05]
1,talk,5,0,3,VOTE Agent[05]
1,talk,6,0,9,COMINGOUT Agent[09] SEER
1,talk,7,0,7,VOTE Agent[05]
1,talk,8,0,2,VOTE Agent[09]
1,talk,9,0,15,VOTE Agent[05]
1,talk,10,0,1,VOTE Agent[15]
1,talk,11,0,4,COMINGOUT Agent[04] SEER
1,talk,12,0,8,VOTE Agent[05]
1,talk,13,0,14,VOTE Agent[05]
1,talk,14,0,10,Over
1,talk,15,1,12,VOTE Agent[01]
1,talk,16,1,11,VOTE Agent[15]
1,talk,17,1,6,Skip
1,talk,18,1,9,DAY 1 (DIVINED Agent[15] HUMAN)
1,talk,19,1,4,DIVINED Agent[09] HUMAN
1,talk,20,1,14,Skip
1,talk,21,1,2,VOTE Agent[05]
1,talk,22,1,13,VOTE Agent[04]
1,talk,23,1,3,VOTE Agent[04]
1,talk,24,1,10,Over
1,talk,25,1,15,Skip
1,talk,26,1,1,Skip
1,talk,27,1,8,Skip
1,talk,28,1,7,Skip
1,talk,29,1,5,DIVINED Agent[09] HUMAN
1,talk,30,2,1,Skip
1,talk,31,2,8,Skip
1,talk,32,2,10,Over
1,talk,33,2,5,VOTE Agent[04]
1,talk,34,2,2,VOTE Agent[15]
1,talk,35,2,12,VOTE Agent[05]
1,talk,36,2,3,VOTE Agent[06]
1,talk,37,2,11,VOTE Agent[04]
1,talk,38,2,15,VOTE Agent[06]
1,talk,39,2,9,DIVINED Agent[15] HUMAN
1,talk,40,2,7,VOTE Agent[04]
1,talk,41,2,13,Skip
1,talk,42,2,6,VOTE Agent[13]
1,talk,43,2,4,VOTE Agent[15]
1,talk,44,2,14,VOTE Agent[04]
1,talk,45,3,5,Skip
1,talk,46,3,11,VOTE Agent[06]
1,talk,47,3,1,Over
1,talk,48,3,15,Skip
1,talk,49,3,10,Over
1,talk,50,3,8,Over
1,talk,51,3,7,Skip
1,talk,52,3,14,Skip
1,talk,53,3,3,VOTE Agent[04]
1,talk,54,3,6,VOTE Agent[08]
1,talk,55,3,2,VOTE Agent[04]
1,talk,56,3,4,Skip
1,talk,57,3,13,Skip
1,talk,58,3,12,VOTE Agent[04]
1,talk,59,3,9,BECAUSE (AND (COMINGOUT Agent[09] SEER) (Agent[05] COMINGOUT Agent[05] SEER)) (XOR (ESTIMATE Agent[05] WEREWOLF) (ESTIMATE Agent[05] POSSESSED))
1,talk,60,4,13,Over
1,talk,61,4,4,Skip
1,talk,62,4,8,Over
1,talk,63,4,12,VOTE Agent[04]
1,talk,64,4,6,Skip
1,talk,65,4,15,Skip
1,talk,66,4,14,Skip
1,talk,67,4,11,Skip
1,talk,68,4,5,Skip
1,talk,69,4,2,Skip
1,talk,70,4,9,BECAUSE (XOR (ESTIMATE Agent[05] WEREWOLF) (ESTIMATE Agent[05] POSSESSED)) (AND (VOTE Agent[05]) (REQUEST ANY (VOTE Agent[05])))
1,talk,71,4,7,Skip
1,talk,72,4,1,Over
1,talk,73,4,3,Skip
1,talk,74,4,10,Over
1,talk,75,5,2,VOTE Agent[08]
1,talk,76,5,3,VOTE Agent[06]
1,talk,77,5,12,VOTE Agent[04]
1,talk,78,5,13,Over
1,talk,79,5,9,VOTE Agent[05]
1,talk,80,5,11,Skip
1,talk,81,5,10,Over
1,talk,82,5,8,VOTE Agent[06]
1,talk,83,5,14,Over
1,talk,84,5,1,Over
1,talk,85,5,6,Skip
1,talk,86,5,7,Over
1,talk,87,5,5,VOTE Agent[06]
1,talk,88,5,15,Over
1,talk,89,5,4,VOTE Agent[06]
1,talk,90,6,7,VOTE Agent[06]
1,talk,91,6,6,Over
1,talk,92,6,5,Skip
1,talk,93,6,8,Skip
1,talk,94,6,13,VOTE Agent[06]
1,talk,95,6,1,Over
1,talk,96,6,14,VOTE Agent[06]
1,talk,97,6,4,Skip
1,talk,98,6,3,Skip
1,talk,99,6,11,Over
1,talk,100,6,10,Over
1,talk,101,6,12,VOTE Agent[04]
1,talk,102,6,15,Over
1,talk,103,6,9,REQUEST ANY (VOTE Agent[05])
1,talk,104,6,2,VOTE Agent[06]
1,talk,105,7,6,VOTE Agent[08]
1,talk,106,7,1,Over
1,talk,107,7,5,Skip
1,talk,108,7,3,Skip
1,talk,109,7,2,Skip
1,talk,110,7,15,Over
1,talk,111,7,14,Skip
1,talk,112,7,11,Over
1,talk,113,7,4,Skip
1,talk,114,7,7,Skip
1,talk,115,7,13,Skip
1,talk,116,7,10,Over
1,talk,117,7,12,VOTE Agent[09]
1,talk,118,7,9,Skip
1,talk,119,7,8,Skip
1,talk,120,8,14,Skip
1,talk,121,8,15,Over
1,talk,122,8,10,Over
1,talk,123,8,8,Over
1,talk,124,8,11,Over
1,talk,125,8,6,VOTE Agent[08]
1,talk,126,8,9,Skip
1,talk,127,8,12,VOTE Agent[04]
1,talk,128,8,7,Skip
1,talk,129,8,5,Over
1,talk,130,8,4,Over
1,talk,131,8,13,Skip
1,talk,132,8,1,Over
1,talk,133,8,3,Over
1,talk,134,8,2,Skip
1,talk,135,9,13,Over
1,talk,136,9,5,Over
1,talk,137,9,8,Over
1,talk,138,9,6,VOTE Agent[08]
1,talk,139,9,2,Over
1,talk,140,9,3,Over
1,talk,141,9,14,Over
1,talk,142,9,7,Over
1,talk,143,9,4,Over
1,talk,144,9,11,Over
1,talk,145,9,12,Over
1,talk,146,9,1,Over
1,talk,147,9,15,Over
1,talk,148,9,9,Over
1,talk,149,9,10,Over
1,talk,150,10,2,Over
1,talk,151,10,5,Over
1,talk,152,10,4,Over
1,talk,153,10,10,Over
1,talk,154,10,15,Over
1,talk,155,10,13,Over
1,talk,156,10,1,Over
1,talk,157,10,9,Over
1,talk,158,10,7,Over
1,talk,159,10,8,Over
1,talk,160,10,11,Over
1,talk,161,10,6,VOTE Agent[08]
1,talk,162,10,12,Over
1,talk,163,10,14,Over
1,talk,164,10,3,Over
1,talk,165,11,4,Over
1,talk,166,11,11,Over
1,talk,167,11,7,Over
1,talk,168,11,6,VOTE Agent[08]
1,talk,169,11,8,Over
1,talk,170,11,12,Over
1,talk,171,11,15,Over
1,talk,172,11,1,Over
1,talk,173,11,14,Over
1,talk,174,11,2,Over
1,talk,175,11,13,Over
1,talk,176,11,9,Over
1,talk,177,11,10,Over
1,talk,178,11,3,Over
1,talk,179,11,5,Over
1,talk,180,12,12,Over
1,talk,181,12,10,Over
1,talk,182,12,6,VOTE Agent[08]
1,talk,183,12,4,Over
1,talk,184,12,14,Over
1,talk,185,12,9,Over
1,talk,186,12,15,Over
1,talk,187,12,2,Over
1,talk,188,12,8,Over
1,talk,189,12,7,Over
1,talk,190,12,3,Over
1,talk,191,12,1,Over
1,talk,192,12,11,Over
1,talk,193,12,5,Over
1,talk,194,12,13,Over
1,talk,195,13,4,Over
1,talk,196,13,10,Over
1,talk,197,13,9,Over
1,talk,198,13,14,Over
1,talk,199,13,3,Over
1,talk,200,13,8,Over
1,talk,201,13,6,VOTE Agent[08]
1,talk,202,13,5,Over
1,talk,203,13,15,Over
1,talk,204,13,12,Over
1,talk,205,13,2,Over
1,talk,206,13,7,Over
1,talk,207,13,13,Over
1,talk,208,13,1,Over
1,talk,209,13,11,Over
1,talk,210,14,10,Over
1,talk,211,14,4,Over
1,talk,212,14,13,Over
1,talk,213,14,11,Over
1,talk,214,14,9,Over
1,talk,215,14,15,Over
1,talk,216,14,14,Over
1,talk,217,14,1,Over
1,talk,218,14,5,Over
1,talk,219,14,12,Over
1,talk,220,14,6,Over
1,talk,221,14,2,Over
1,talk,222,14,3,Over
1,talk,223,14,7,Over
1,talk,224,14,8,Over
1,vote,1,15
1,vote,2,6
1,vote,3,6
1,vote,4,6
1,vote,5,6
1,vote,6,8
1,vote,7,6
1,vote,8,6
1,vote,9,5
1,vote,10,1
1,vote,11,6
1,vote,12,4
1,vote,13,6
1,vote,14,6
1,vote,15,6
1,execute,6,WEREWOLF
1,divine,9,5,WEREWOLF
1,whisper,0,0,2,Skip
1,whisper,1,0,5,ATTACK Agent[09]
1,whisper,2,1,5,Skip
1,whisper,3,1,2,Skip
1,whisper,4,2,5,Skip
1,whisper,5,2,2,Over
1,whisper,6,3,5,Over
1,whisper,7,3,2,Over
1,guard,7,10,MEDIUM
1,attackVote,2,9
1,attackVote,5,9
1,attack,9,true
2,status,1,VILLAGER,ALIVE,sample_py
2,status,2,WEREWOLF,ALIVE,Takeda12
2,status,3,VILLAGER,ALIVE,TOKU11
2,status,4,POSSESSED,ALIVE,Tomato1
2,status,5,WEREWOLF,ALIVE,Tomato10
2,status,6,WEREWOLF,DEAD,Takeda4
2,status,7,BODYGUARD,ALIVE,Tomato2
2,status,8,VILLAGER,ALIVE,Takeda6
2,status,9,SEER,DEAD,SampleJava3
2,status,10,MEDIUM,ALIVE,OKAMI
2,status,11,VILLAGER,ALIVE,TOKU5
2,status,12,VILLAGER,ALIVE,HALU
2,status,13,VILLAGER,ALIVE,TOKU8
2,status,14,VILLAGER,ALIVE,Tomato14
2,status,15,VILLAGER,ALIVE,TOKU9
2,talk,0,0,7,VOTE Agent[02]
2,talk,1,0,2,VOTE Agent[04]
2,talk,2,0,1,VOTE Agent[07]
2,talk,3,0,5,DIVINED Agent[12] HUMAN
2,talk,4,0,15,VOTE Agent[04]
2,talk,5,0,14,VOTE Agent[04]
2,talk,6,0,12,VOTE Agent[04]
2,talk,7,0,10,ESTIMATE Agent[06] WEREWOLF
2,talk,8,0,4,DIVINED Agent[12] WEREWOLF
2,talk,9,0,8,VOTE Agent[04]
2,talk,10,0,3,VOTE Agent[04]
2,talk,11,0,11,VOTE Agent[04]
2,talk,12,0,13,VOTE Agent[04]
2,talk,13,1,3,Skip
2,talk,14,1,12,VOTE Agent[05]
2,talk,15,1,14,Skip
2,talk,16,1,15,Skip
2,talk,17,1,10,Over
2,talk,18,1,11,Skip
2,talk,19,1,7,VOTE Agent[04]
2,talk,20,1,1,VOTE Agent[12]
2,talk,21,1,8,Skip
2,talk,22,1,13,Skip
2,talk,23,1,5,VOTE Agent[04]
2,talk,24,1,2,Skip
2,talk,25,1,4,VOTE Agent[05]
2,talk,26,2,8,Skip
2,talk,27,2,7,Skip
2,talk,28,2,12,VOTE Agent[04]
2,talk,29,2,11,Skip
2,talk,30,2,10,Over
2,talk,31,2,14,Skip
2,talk,32,2,1,Skip
2,talk,33,2,4,VOTE Agent[12]
2,talk,34,2,2,Skip
2,talk,35,2,13,Skip
2,talk,36,2,15,Skip
2,talk,37,2,3,Skip
2,talk,38,2,5,Skip
2,talk,39,3,3,Over
2,talk,40,3,15,Over
2,talk,41,3,5,Skip
2,talk,42,3,14,Over
2,talk,43,3,7,Skip
2,talk,44,3,4,Skip
2,talk,45,3,13,Over
2,talk,46,3,11,Over
2,talk,47,3,12,VOTE Agent[04]
2,talk,48,3,2,Over
2,talk,49,3,1,Skip
2,talk,50,3,10,Over
2,talk,51,3,8,Over
2,talk,52,4,5,Over
2,talk,53,4,15,Over
2,talk,54,4,14,Over
2,talk,55,4,3,Over
2,talk,56,4,8,Over
2,talk,57,4,1,Over
2,talk,58,4,10,Over
2,talk,59,4,2,Over
2,talk,60,4,4,Skip
2,talk,61,4,12,VOTE Agent[04]
2,talk,62,4,11,Over
2,talk,63,4,7,Over
2,talk,64,4,13,Over
2,talk,65,5,2,Over
2,talk,66,5,4,Over
2,talk,67,5,3,Over
2,talk,68,5,5,Over
2,talk,69,5,7,Over
2,talk,70,5,10,Over
2,talk,71,5,13,Over
2,talk,72,5,12,VOTE Agent[04]
2,talk,73,5,1,Over
2,talk,74,5,8,Over
2,talk,75,5,11,Over
2,talk,76,5,14,Over
2,talk,77,5,15,Over
2,talk,78,6,11,Over
2,talk,79,6,7,Over
2,talk,80,6,10,Over
2,talk,81,6,1,Over
2,talk,82,6,8,Over
2,talk,83,6,4,Over
2,talk,84,6,12,VOTE Agent[04]
2,talk,85,6,2,Over
2,talk,86,6,14,Over
2,talk,87,6,5,Over
2,talk,88,6,13,Over
2,talk,89,6,3,Over
2,talk,90,6,15,Over
2,talk,91,7,8,Over
2,talk,92,7,2,Over
2,talk,93,7,5,Over
2,talk,94,7,7,Over
2,talk,95,7,12,VOTE Agent[04]
2,talk,96,7,15,Over
2,talk,97,7,11,Over
2,talk,98,7,13,Over
2,talk,99,7,3,Over
2,talk,100,7,1,Over
2,talk,101,7,4,Over
2,talk,102,7,14,Over
2,talk,103,7,10,Over
2,talk,104,8,7,Over
2,talk,105,8,3,Over
2,talk,106,8,13,Over
2,talk,107,8,2,Over
2,talk,108,8,5,Over
2,talk,109,8,15,Over
2,talk,110,8,1,Over
2,talk,111,8,11,Over
2,talk,112,8,4,Over
2,talk,113,8,10,Over
2,talk,114,8,12,VOTE Agent[04]
2,talk,115,8,8,Over
2,talk,116,8,14,Over
2,talk,117,9,3,Over
2,talk,118,9,14,Over
2,talk,119,9,13,Over
2,talk,120,9,10,Over
2,talk,121,9,7,Over
2,talk,122,9,12,Over
2,talk,123,9,11,Over
2,talk,124,9,2,Over
2,talk,125,9,1,Over
2,talk,126,9,15,Over
2,talk,127,9,8,Over
2,talk,128,9,4,Over
2,talk,129,9,5,Over
2,vote,1,12
2,vote,2,4
2,vote,3,4
2,vote,4,12
2,vote,5,4
2,vote,7,4
2,vote,8,4
2,vote,10,1
2,vote,11,4
2,vote,12,4
2,vote,13,4
2,vote,14,4
2,vote,15,4
2,execute,4,POSSESSED
2,whisper,0,0,2,Skip
2,whisper,1,0,5,ATTACK Agent[12]
2,whisper,2,1,5,Skip
2,whisper,3,1,2,Skip
2,whisper,4,2,5,Skip
2,whisper,5,2,2,Over
2,whisper,6,3,2,Over
2,whisper,7,3,5,Over
2,guard,7,10,MEDIUM
2,attackVote,2,12
2,attackVote,5,12
2,attack,12,true
3,status,1,VILLAGER,ALIVE,sample_py
3,status,2,WEREWOLF,ALIVE,Takeda12
3,status,3,VILLAGER,ALIVE,TOKU11
3,status,4,POSSESSED,DEAD,Tomato1
3,status,5,WEREWOLF,ALIVE,Tomato10
3,status,6,WEREWOLF,DEAD,Takeda4
3,status,7,BODYGUARD,ALIVE,Tomato2
3,status,8,VILLAGER,ALIVE,Takeda6
3,status,9,SEER,DEAD,SampleJava3
3,status,10,MEDIUM,ALIVE,OKAMI
3,status,11,VILLAGER,ALIVE,TOKU5
3,status,12,VILLAGER,DEAD,HALU
3,status,13,VILLAGER,ALIVE,TOKU8
3,status,14,VILLAGER,ALIVE,Tomato14
3,status,15,VILLAGER,ALIVE,TOKU9
3,talk,0,0,1,VOTE Agent[10]
3,talk,1,0,8,VOTE Agent[15]
3,talk,2,0,14,VOTE Agent[05]
3,talk,3,0,7,VOTE Agent[05]
3,talk,4,0,11,VOTE Agent[15]
3,talk,5,0,5,DIVINED Agent[02] HUMAN
3,talk,6,0,3,VOTE Agent[15]
3,talk,7,0,15,VOTE Agent[08]
3,talk,8,0,10,Skip
3,talk,9,0,2,VOTE Agent[15]
3,talk,10,0,13,VOTE Agent[15]
3,talk,11,1,3,VOTE Agent[08]
3,talk,12,1,7,Skip
3,talk,13,1,14,Skip
3,talk,14,1,1,Skip
3,talk,15,1,10,Over
3,talk,16,1,11,VOTE Agent[08]
3,talk,17,1,5,VOTE Agent[15]
3,talk,18,1,13,Skip
3,talk,19,1,8,Skip
3,talk,20,1,15,Skip
3,talk,21,1,2,Skip
3,talk,22,2,1,Skip
3,talk,23,2,8,VOTE Agent[02]
3,talk,24,2,3,Skip
3,talk,25,2,15,Skip
3,talk,26,2,13,VOTE Agent[08]
3,talk,27,2,10,Over
3,talk,28,2,5,VOTE Agent[08]
3,talk,29,2,11,Skip
3,talk,30,2,2,VOTE Agent[08]
3,talk,31,2,14,Skip
3,talk,32,2,7,Skip
3,talk,33,3,5,Skip
3,talk,34,3,14,Over
3,talk,35,3,7,Over
3,talk,36,3,13,Skip
3,talk,37,3,1,Over
3,talk,38,3,15,Over
3,talk,39,3,8,VOTE Agent[02]
3,talk,40,3,3,Skip
3,talk,41,3,2,Skip
3,talk,42,3,11,Skip
3,talk,43,3,10,Over
3,talk,44,4,14,Over
3,talk,45,4,13,Skip
3,talk,46,4,11,Over
3,talk,47,4,15,Over
3,talk,48,4,7,Over
3,talk,49,4,2,Skip
3,talk,50,4,10,Over
3,talk,51,4,1,Over
3,talk,52,4,5,Skip
3,talk,53,4,8,VOTE Agent[02]
3,talk,54,4,3,Over
3,talk,55,5,2,Over
3,talk,56,5,11,Over
3,talk,57,5,8,VOTE Agent[02]
3,talk,58,5,13,Over
3,talk,59,5,3,Over
3,talk,60,5,14,Over
3,talk,61,5,1,Over
3,talk,62,5,10,Over
3,talk,63,5,7,Over
3,talk,64,5,15,Over
3,talk,65,5,5,Over
3,talk,66,6,13,Over
3,talk,67,6,1,Over
3,talk,68,6,7,Over
3,talk,69,6,2,Over
3,talk,70,6,8,VOTE Agent[02]
3,talk,71,6,15,Over
3,talk,72,6,11,Over
3,talk,73,6,14,Over
3,talk,74,6,10,Over
3,talk,75,6,3,Over
3,talk,76,6,5,Over
3,talk,77,7,7,Over
3,talk,78,7,14,Over
3,talk,79,7,5,Over
3,talk,80,7,1,Over
3,talk,81,7,10,Over
3,talk,82,7,2,Over
3,talk,83,7,3,Over
3,talk,84,7,15,Over
3,talk,85,7,13,Over
3,talk,86,7,8,VOTE Agent[02]
3,talk,87,7,11,Over
3,talk,88,8,5,Over
3,talk,89,8,8,VOTE Agent[02]
3,talk,90,8,2,Over
3,talk,91,8,13,Over
3,talk,92,8,7,Over
3,talk,93,8,15,Over
3,talk,94,8,10,Over
3,talk,95,8,3,Over
3,talk,96,8,14,Over
3,talk,97,8,1,Over
3,talk,98,8,11,Over
3,talk,99,9,8,VOTE Agent[02]
3,talk,100,9,14,Over
3,talk,101,9,11,Over
3,talk,102,9,5,Over
3,talk,103,9,1,Over
3,talk,104,9,10,Over
3,talk,105,9,7,Over
3,talk,106,9,3,Over
3,talk,107,9,15,Over
3,talk,108,9,13,Over
3,talk,109,9,2,Over
3,talk,110,10,5,Over
3,talk,111,10,15,Over
3,talk,112,10,11,Over
3,talk,113,10,10,Over
3,talk,114,10,2,Over
3,talk,115,10,13,Over
3,talk,116,10,3,Over
3,talk,117,10,8,VOTE Agent[02]
3,talk,118,10,14,Over
3,talk,119,10,7,Over
3,talk,120,10,1,Over
3,talk,121,11,14,Over
3,talk,122,11,3,Over
3,talk,123,11,7,Over
3,talk,124,11,2,Over
3,talk,125,11,5,Over
3,talk,126,11,13,Over
3,talk,127,11,11,Over
3,talk,128,11,10,Over
3,talk,129,11,8,Over
3,talk,130,11,15,Over
3,talk,131,11,1,Over
3,vote,1,10
3,vote,2,8
3,vote,3,8
3,vote,5,8
3,vote,7,5
3,vote,8,2
3,vote,10,1
3,vote,11,8
3,vote,13,8
3,vote,14,5
3,vote,15,8
3,execute,8,VILLAGER
3,whisper,0,0,2,Skip
3,whisper,1,0,5,ATTACK Agent[13]
3,whisper,2,1,5,Skip
3,whisper,3,1,2,Skip
3,whisper,4,2,2,Over
3,whisper,5,2,5,Skip
3,whisper,6,3,2,Over
3,whisper,7,3,5,Over
3,guard,7,10,MEDIUM
3,attackVote,2,7
3,attackVote,5,13
3,attackVote,2,7
3,attackVote,5,13
3,attack,7,true
4,status,1,VILLAGER,ALIVE,sample_py
4,status,2,WEREWOLF,ALIVE,Takeda12
4,status,3,VILLAGER,ALIVE,TOKU11
4,status,4,POSSESSED,DEAD,Tomato1
4,status,5,WEREWOLF,ALIVE,Tomato10
4,status,6,WEREWOLF,DEAD,Takeda4
4,status,7,BODYGUARD,DEAD,Tomato2
4,status,8,VILLAGER,DEAD,Takeda6
4,status,9,SEER,DEAD,SampleJava3
4,status,10,MEDIUM,ALIVE,OKAMI
4,status,11,VILLAGER,ALIVE,TOKU5
4,status,12,VILLAGER,DEAD,HALU
4,status,13,VILLAGER,ALIVE,TOKU8
4,status,14,VILLAGER,ALIVE,Tomato14
4,status,15,VILLAGER,ALIVE,TOKU9
4,talk,0,0,15,VOTE Agent[02]
4,talk,1,0,14,VOTE Agent[05]
4,talk,2,0,13,VOTE Agent[02]
4,talk,3,0,2,VOTE Agent[15]
4,talk,4,0,5,DIVINED Agent[10] HUMAN
4,talk,5,0,1,VOTE Agent[15]
4,talk,6,0,11,VOTE Agent[02]
4,talk,7,0,10,Skip
4,talk,8,0,3,VOTE Agent[02]
4,talk,9,1,1,Skip
4,talk,10,1,2,VOTE Agent[11]
4,talk,11,1,3,Skip
4,talk,12,1,10,Over
4,talk,13,1,11,Skip
4,talk,14,1,14,Skip
4,talk,15,1,15,Skip
4,talk,16,1,5,VOTE Agent[15]
4,talk,17,1,13,Skip
4,talk,18,2,5,VOTE Agent[11]
4,talk,19,2,10,Over
4,talk,20,2,13,Skip
4,talk,21,2,3,Skip
4,talk,22,2,15,Skip
4,talk,23,2,2,Skip
4,talk,24,2,14,Skip
4,talk,25,2,1,Skip
4,talk,26,2,11,Skip
4,talk,27,3,14,Over
4,talk,28,3,15,Over
4,talk,29,3,13,Over
4,talk,30,3,11,Over
4,talk,31,3,3,Over
4,talk,32,3,2,Skip
4,talk,33,3,10,Over
4,talk,34,3,1,Over
4,talk,35,3,5,Skip
4,talk,36,4,14,Over
4,talk,37,4,10,Over
4,talk,38,4,5,Skip
4,talk,39,4,3,Over
4,talk,40,4,2,Over
4,talk,41,4,13,Over
4,talk,42,4,1,Over
4,talk,43,4,11,Over
4,talk,44,4,15,Over
4,talk,45,5,2,Over
4,talk,46,5,1,Over
4,talk,47,5,15,Over
4,talk,48,5,11,Over
4,talk,49,5,5,Over
4,talk,50,5,14,Over
4,talk,51,5,10,Over
4,talk,52,5,3,Over
4,talk,53,5,13,Over
4,vote,1,15
4,vote,2,5
4,vote,3,2
4,vote,5,11
4,vote,10,1
4,vote,11,2
4,vote,13,2
4,vote,14,5
4,vote,15,2
4,execute,2,WEREWOLF
4,attack,13,true
5,status,1,VILLAGER,ALIVE,sample_py
5,status,2,WEREWOLF,DEAD,Takeda12
5,status,3,VILLAGER,ALIVE,TOKU11
5,status,4,POSSESSED,DEAD,Tomato1
5,status,5,WEREWOLF,ALIVE,Tomato10
5,status,6,WEREWOLF,DEAD,Takeda4
5,status,7,BODYGUARD,DEAD,Tomato2
5,status,8,VILLAGER,DEAD,Takeda6
5,status,9,SEER,DEAD,SampleJava3
5,status,10,MEDIUM,ALIVE,OKAMI
5,status,11,VILLAGER,ALIVE,TOKU5
5,status,12,VILLAGER,DEAD,HALU
5,status,13,VILLAGER,DEAD,TOKU8
5,status,14,VILLAGER,ALIVE,Tomato14
5,status,15,VILLAGER,ALIVE,TOKU9
5,talk,0,0,14,VOTE Agent[05]
5,talk,1,0,3,VOTE Agent[05]
5,talk,2,0,15,VOTE Agent[05]
5,talk,3,0,5,DIVINED Agent[11] HUMAN
5,talk,4,0,1,VOTE Agent[03]
5,talk,5,0,10,ESTIMATE Agent[02] WEREWOLF
5,talk,6,0,11,VOTE Agent[05]
5,talk,7,1,5,VOTE Agent[03]
5,talk,8,1,15,VOTE Agent[11]
5,talk,9,1,1,Skip
5,talk,10,1,3,VOTE Agent[11]
5,talk,11,1,11,VOTE Agent[03]
5,talk,12,1,10,Over
5,talk,13,1,14,Skip
5,talk,14,2,10,Over
5,talk,15,2,5,Skip
5,talk,16,2,15,Skip
5,talk,17,2,11,Skip
5,talk,18,2,3,Skip
5,talk,19,2,14,Skip
5,talk,20,2,1,Skip
5,talk,21,3,15,Skip
5,talk,22,3,10,Over
5,talk,23,3,11,Skip
5,talk,24,3,1,Over
5,talk,25,3,14,Over
5,talk,26,3,5,Skip
5,talk,27,3,3,Skip
5,talk,28,4,3,Over
5,talk,29,4,14,Over
5,talk,30,4,10,Over
5,talk,31,4,15,Over
5,talk,32,4,1,Over
5,talk,33,4,11,Over
5,talk,34,4,5,Over
5,vote,1,3
5,vote,3,11
5,vote,5,3
5,vote,10,1
5,vote,11,3
5,vote,14,5
5,vote,15,11
5,execute,3,VILLAGER
5,attack,15,true
6,status,1,VILLAGER,ALIVE,sample_py
6,status,2,WEREWOLF,DEAD,Takeda12
6,status,3,VILLAGER,DEAD,TOKU11
6,status,4,POSSESSED,DEAD,Tomato1
6,status,5,WEREWOLF,ALIVE,Tomato10
6,status,6,WEREWOLF,DEAD,Takeda4
6,status,7,BODYGUARD,DEAD,Tomato2
6,status,8,VILLAGER,DEAD,Takeda6
6,status,9,SEER,DEAD,SampleJava3
6,status,10,MEDIUM,ALIVE,OKAMI
6,status,11,VILLAGER,ALIVE,TOKU5
6,status,12,VILLAGER,DEAD,HALU
6,status,13,VILLAGER,DEAD,TOKU8
6,status,14,VILLAGER,ALIVE,Tomato14
6,status,15,VILLAGER,DEAD,TOKU9
6,talk,0,0,5,DIVINED Agent[01] HUMAN
6,talk,1,0,11,VOTE Agent[01]
6,talk,2,0,1,VOTE Agent[14]
6,talk,3,0,10,Skip
6,talk,4,0,14,VOTE Agent[05]
6,talk,5,1,1,Skip
6,talk,6,1,10,Over
6,talk,7,1,11,Skip
6,talk,8,1,5,VOTE Agent[14]
6,talk,9,1,14,Skip
6,talk,10,2,11,Skip
6,talk,11,2,5,Skip
6,talk,12,2,10,Over
6,talk,13,2,1,Skip
6,talk,14,2,14,Skip
6,talk,15,3,10,Over
6,talk,16,3,11,Over
6,talk,17,3,5,Skip
6,talk,18,3,14,Over
6,talk,19,3,1,Over
6,talk,20,4,5,VOTE Agent[01]
6,talk,21,4,14,Over
6,talk,22,4,11,Over
6,talk,23,4,1,Over
6,talk,24,4,10,Over
6,talk,25,5,10,Over
6,talk,26,5,14,Over
6,talk,27,5,1,Over
6,talk,28,5,5,Skip
6,talk,29,5,11,Over
6,talk,30,6,14,Over
6,talk,31,6,10,Over
6,talk,32,6,5,Skip
6,talk,33,6,11,Over
6,talk,34,6,1,Over
6,talk,35,7,14,Over
6,talk,36,7,1,Over
6,talk,37,7,10,Over
6,talk,38,7,5,Over
6,talk,39,7,11,Over
6,vote,1,14
6,vote,5,1
6,vote,10,5
6,vote,11,1
6,vote,14,5
6,vote,1,14
6,vote,5,1
6,vote,10,5
6,vote,11,1
6,vote,14,5
6,execute,1,VILLAGER
6,attack,10,true
7,status,1,VILLAGER,DEAD,sample_py
7,status,2,WEREWOLF,DEAD,Takeda12
7,status,3,VILLAGER,DEAD,TOKU11
7,status,4,POSSESSED,DEAD,Tomato1
7,status,5,WEREWOLF,ALIVE,Tomato10
7,status,6,WEREWOLF,DEAD,Takeda4
7,status,7,BODYGUARD,DEAD,Tomato2
7,status,8,VILLAGER,DEAD,Takeda6
7,status,9,SEER,DEAD,SampleJava3
7,status,10,MEDIUM,DEAD,OKAMI
7,status,11,VILLAGER,ALIVE,TOKU5
7,status,12,VILLAGER,DEAD,HALU
7,status,13,VILLAGER,DEAD,TOKU8
7,status,14,VILLAGER,ALIVE,Tomato14
7,status,15,VILLAGER,DEAD,TOKU9
7,talk,0,0,14,VOTE Agent[05]
7,talk,1,0,11,VOTE Agent[05]
7,talk,2,0,5,DIVINED Agent[14] HUMAN
7,talk,3,1,11,Skip
7,talk,4,1,14,Skip
7,talk,5,1,5,VOTE Agent[11]
7,talk,6,2,5,Skip
7,talk,7,2,11,Skip
7,talk,8,2,14,Skip
7,talk,9,3,11,Over
7,talk,10,3,5,Skip
7,talk,11,3,14,Over
7,talk,12,4,11,Over
7,talk,13,4,14,Over
7,talk,14,4,5,Over
7,vote,5,11
7,vote,11,5
7,vote,14,5
7,execute,5,WEREWOLF
8,status,1,VILLAGER,DEAD,sample_py
8,status,2,WEREWOLF,DEAD,Takeda12
8,status,3,VILLAGER,DEAD,TOKU11
8,status,4,POSSESSED,DEAD,Tomato1
8,status,5,WEREWOLF,DEAD,Tomato10
8,status,6,WEREWOLF,DEAD,Takeda4
8,status,7,BODYGUARD,DEAD,Tomato2
8,status,8,VILLAGER,DEAD,Takeda6
8,status,9,SEER,DEAD,SampleJava3
8,status,10,MEDIUM,DEAD,OKAMI
8,status,11,VILLAGER,ALIVE,TOKU5
8,status,12,VILLAGER,DEAD,HALU
8,status,13,VILLAGER,DEAD,TOKU8
8,status,14,VILLAGER,ALIVE,Tomato14
8,status,15,VILLAGER,DEAD,TOKU9
8,result,2,0,VILLAGER
