0,status,1,VILLAGER,ALIVE,OKAMI
0,status,2,WEREWOLF,ALIVE,HALU
0,status,3,MEDIUM,ALIVE,HALU
0,status,4,WEREWOLF,ALIVE,sample_py
0,status,5,VILLAGER,ALIVE,TOKU0
0,status,6,VILLAGER,ALIVE,Tomato5
0,status,7,BODYGUARD,ALIVE,SampleJava13
0,status,8,WEREWOLF,ALIVE,sample_py
0,status,9,VILLAGER,ALIVE,TOKU10
0,status,10,VILLAGER,ALIVE,TOKU12
0,status,11,VILLAGER,ALIVE,Tomato11
0,status,12,VILLAGER,ALIVE,TOKU7
0,status,13,POSSESSED,ALIVE,TOKU4
0,status,14,VILLAGER,ALIVE,TOKU2
0,status,15,SEER,ALIVE,HALU
0,whisper,0,0,2,COMINGOUT Agent[02] MEDIUM
0,whisper,1,0,8,COMINGOUT Agent[08] VILLAGER
0,whisper,2,0,4,COMINGOUT Agent[04] VILLAGER
0,whisper,3,1,4,COMINGOUT Agent[04] VILLAGER
0,whisper,4,1,2,Skip
0,whisper,5,1,8,COMINGOUT Agent[08] VILLAGER
0,whisper,6,2,8,COMINGOUT Agent[08] VILLAGER
0,whisper,7,2,2,Skip
0,whisper,8,2,4,COMINGOUT Agent[04] VILLAGER
0,whisper,9,3,4,COMINGOUT Agent[04] VILLAGER
0,whisper,10,3,2,Over
0,whisper,11,3,8,COMINGOUT Agent[08] VILLAGER
0,whisper,12,4,2,Over
0,whisper,13,4,8,COMINGOUT Agent[08] VILLAGER
0,whisper,14,4,4,COMINGOUT Agent[04] VILLAGER
0,whisper,15,5,2,Over
0,whisper,16,5,4,COMINGOUT Agent[04] VILLAGER
0,whisper,17,5,8,COMINGOUT Agent[08] VILLAGER
0,whisper,18,6,4,COMINGOUT Agent[04] VILLAGER
0,whisper,19,6,2,Over
0,whisper,20,6,8,COMINGOUT Agent[08] VILLAGER
0,whisper,21,7,4,COMINGOUT Agent[04] VILLAGER
0,whisper,22,7,2,Over
0,whisper,23,7,8,COMINGOUT Agent[08] VILLAGER
0,whisper,24,8,8,COMINGOUT Agent[08] VILLAGER
0,whisper,25,8,4,COMINGOUT Agent[04] VILLAGER
0,whisper,26,8,2,Over
0,whisper,27,9,2,Over
0,whisper,28,9,4,COMINGOUT Agent[04] VILLAGER
0,whisper,29,9,8,COMINGOUT Agent[08] VILLAGER
0,whisper,30,10,4,Over
0,whisper,31,10,8,Over
0,whisper,32,10,2,Over
0,divine,15,12,HUMAN
1,status,1,VILLAGER,ALIVE,OKAMI
1,status,2,WEREWOLF,ALIVE,HALU
1,status,3,MEDIUM,ALIVE,HALU
1,status,4,WEREWOLF,ALIVE,sample_py
1,status,5,VILLAGER,ALIVE,TOKU0
1,status,6,VILLAGER,ALIVE,Tomato5
1,status,7,BODYGUARD,ALIVE,SampleJava13
1,status,8,WEREWOLF,ALIVE,sample_py
1,status,9,VILLAGER,ALIVE,TOKU10
1,status,10,VILLAGER,ALIVE,TOKU12
1,status,11,VILLAGER,ALIVE,Tomato11
1,status,12,VILLAGER,ALIVE,TOKU7
1,status,13,POSSESSED,ALIVE,TOKU4
1,status,14,VILLAGER,ALIVE,TOKU2
1,status,15,SEER,ALIVE,HALU
1,talk,0,0,13,COMINGOUT Agent[13] SEER
1,talk,1,0,4,VOTE Agent[01]
1,talk,2,0,9,VOTE Agent[01]
1,talk,3,0,12,VOTE Agent[01]
1,talk,4,0,11,VOTE Agent[01]
1,talk,5,0,7,VOTE Agent[15]
1,talk,6,0,10,VOTE Agent[01]
1,talk,7,0,5,VOTE Agent[01]
1,talk,8,0,14,VOTE Agent[01]
1,talk,9,0,3,VOTE Agent[07]
1,talk,10,0,8,VOTE Agent[10]
1,talk,11,0,2,COMINGOUT Agent[02] MEDIUM
1,talk,12,0,6,VOTE Agent[01]
1,talk,13,0,1,VOTE Agent[10]
1,talk,14,0,15,COMINGOUT Agent[15] SEER
1,talk,15,1,3,COMINGOUT Agent[03] MEDIUM
1,talk,16,1,1,COMINGOUT Agent[01] VILLAGER
1,talk,17,1,6,Skip
1,talk,18,1,13,DIVINED Agent[12] WEREWOLF
1,talk,19,1,10,VOTE Agent[03]
1,talk,20,1,2,VOTE Agent[03]
1,talk,21,1,5,VOTE Agent[03]
1,talk,22,1,8,VOTE Agent[01]
1,talk,23,1,4,Skip
1,talk,24,1,7,REQUEST ANY (VOTE Agent[15])
1,talk,25,1,14,VOTE Agent[03]
1,talk,26,1,11,Skip
1,talk,27,1,15,DIVINED Agent[12] HUMAN
1,talk,28,1,12,Skip
1,talk,29,1,9,VOTE Agent[03]
1,talk,30,2,13,VOTE Agent[12]
1,talk,31,2,10,Skip
1,talk,32,2,4,Skip
1,talk,33,2,6,Skip
1,talk,34,2,7,Skip
1,talk,35,2,14,Skip
1,talk,36,2,12,VOTE Agent[03]
1,talk,37,2,8,Skip
1,talk,38,2,3,VOTE Agent[02]
1,talk,39,2,15,VOTE Agent[01]
1,talk,40,2,1,VOTE Agent[12]
1,talk,41,2,2,VOTE Agent[03]
1,talk,42,2,5,Skip
1,talk,43,2,11,VOTE Agent[03]
1,talk,44,2,9,Skip
1,talk,45,3,14,Skip
1,talk,46,3,10,Skip
1,talk,47,3,8,Skip
1,talk,48,3,4,Over
1,talk,49,3,2,VOTE Agent[03]
1,talk,50,3,13,Skip
1,talk,51,3,1,VOTE Agent[12]
1,talk,52,3,11,Skip
1,talk,53,3,7,Skip
1,talk,54,3,15,VOTE Agent[01]
1,talk,55,3,9,Skip
1,talk,56,3,6,VOTE Agent[03]
1,talk,57,3,3,VOTE Agent[02]
1,talk,58,3,12,Skip
1,talk,59,3,5,Skip
1,talk,60,4,6,Skip
1,talk,61,4,5,Over
1,talk,62,4,9,Over
1,talk,63,4,14,Over
1,talk,64,4,4,Over
1,talk,65,4,1,VOTE Agent[12]
1,talk,66,4,15,VOTE Agent[01]
1,talk,67,4,13,Skip
1,talk,68,4,2,VOTE Agent[03]
1,talk,69,4,10,Over
1,talk,70,4,12,Skip
1,talk,71,4,7,Over
1,talk,72,4,3,VOTE Agent[02]
1,talk,73,4,11,Skip
1,talk,74,4,8,Over
1,talk,75,5,13,Over
1,talk,76,5,6,Skip
1,talk,77,5,1,VOTE Agent[12]
1,talk,78,5,8,Over
1,talk,79,5,10,Over
1,talk,80,5,15,VOTE Agent[01]
1,talk,81,5,3,VOTE Agent[02]
1,talk,82,5,14,Over
1,talk,83,5,12,Over
1,talk,84,5,4,Over
1,talk,85,5,11,Over
1,talk,86,5,5,Over
1,talk,87,5,9,Over
1,talk,88,5,2,VOTE Agent[03]
1,talk,89,5,7,Over
1,talk,90,6,1,VOTE Agent[12]
1,talk,91,6,4,Over
1,talk,92,6,15,VOTE Agent[01]
1,talk,93,6,12,Over
1,talk,94,6,9,Over
1,talk,95,6,6,Over
1,talk,96,6,10,Over
1,talk,97,6,3,VOTE Agent[02]
1,talk,98,6,7,Over
1,talk,99,6,5,Over
1,talk,100,6,14,Over
1,talk,101,6,11,Over
1,talk,102,6,13,Over
1,talk,103,6,2,VOTE Agent[03]
1,talk,104,6,8,Over
1,talk,105,7,12,Over
1,talk,106,7,6,Over
1,talk,107,7,14,Over
1,talk,108,7,2,VOTE Agent[03]
1,talk,109,7,1,VOTE Agent[12]
1,talk,110,7,15,VOTE Agent[01]
1,talk,111,7,9,Over
1,talk,112,7,5,Over
1,talk,113,7,7,Over
1,talk,114,7,11,Over
1,talk,115,7,10,Over
1,talk,116,7,13,Over
1,talk,117,7,3,VOTE Agent[02]
1,talk,118,7,8,Over
1,talk,119,7,4,Over
1,talk,120,8,2,VOTE Agent[03]
1,talk,121,8,7,Over
1,talk,122,8,13,Over
1,talk,123,8,10,Over
1,talk,124,8,9,Over
1,talk,125,8,11,Over
1,talk,126,8,8,Over
1,talk,127,8,4,Over
1,talk,128,8,15,VOTE Agent[01]
1,talk,129,8,1,VOTE Agent[12]
1,talk,130,8,14,Over
1,talk,131,8,5,Over
1,talk,132,8,3,VOTE Agent[02]
1,talk,133,8,12,Over
1,talk,134,8,6,Over
1,talk,135,9,4,Over
1,talk,136,9,15,Over
1,talk,137,9,7,Over
1,talk,138,9,11,Over
1,talk,139,9,12,Over
1,talk,140,9,6,Over
1,talk,141,9,9,Over
1,talk,142,9,14,Over
1,talk,143,9,2,Over
1,talk,144,9,10,Over
1,talk,145,9,3,Over
1,talk,146,9,8,Over
1,talk,147,9,13,Over
1,talk,148,9,1,Over
1,talk,149,9,5,Over
1,vote,1,12
1,vote,2,3
1,vote,3,2
1,vote,4,1
1,vote,5,3
1,vote,6,3
1,vote,7,6
1,vote,8,1
1,vote,9,3
1,vote,10,3
1,vote,11,3
1,vote,12,3
1,vote,13,2
1,vote,14,3
1,vote,15,1
1,execute,3,MEDIUM
1,divine,15,2,WEREWOLF
1,whisper,0,0,2,ATTACK Agent[15]
1,whisper,1,0,4,ATTACK Agent[15]
1,whisper,2,0,8,ATTACK Agent[01]
1,whisper,3,1,4,Skip
1,whisper,4,1,8,Skip
1,whisper,5,1,2,Skip
1,whisper,6,2,2,Skip
1,whisper,7,2,4,Skip
1,whisper,8,2,8,Skip
1,whisper,9,3,2,Over
1,whisper,10,3,4,Over
1,whisper,11,3,8,Over
1,guard,7,13,POSSESSED
1,attackVote,2,15
1,attackVote,4,15
1,attackVote,8,1
1,attack,15,true
2,status,1,VILLAGER,ALIVE,OKAMI
2,status,2,WEREWOLF,ALIVE,HALU
2,status,3,MEDIUM,DEAD,HALU
2,status,4,WEREWOLF,ALIVE,sample_py
2,status,5,VILLAGER,ALIVE,TOKU0
2,status,6,VILLAGER,ALIVE,Tomato5
2,status,7,BODYGUARD,ALIVE,SampleJava13
2,status,8,WEREWOLF,ALIVE,sample_py
2,status,9,VILLAGER,ALIVE,TOKU10
2,status,10,VILLAGER,ALIVE,TOKU12
2,status,11,VILLAGER,ALIVE,Tomato11
2,status,12,VILLAGER,ALIVE,TOKU7
2,status,13,POSSESSED,ALIVE,TOKU4
2,status,14,VILLAGER,ALIVE,TOKU2
2,status,15,SEER,DEAD,HALU
2,talk,0,0,5,VOTE Agent[12]
2,talk,1,0,7,VOTE Agent[01]
2,talk,2,0,11,VOTE Agent[12]
2,talk,3,0,9,VOTE Agent[12]
2,talk,4,0,6,VOTE Agent[12]
2,talk,5,0,13,DIVINED Agent[09] HUMAN
2,talk,6,0,4,VOTE Agent[01]
2,talk,7,0,1,VOTE Agent[12]
2,talk,8,0,8,VOTE Agent[01]
2,talk,9,0,12,VOTE Agent[09]
2,talk,10,0,2,IDENTIFIED Agent[03] WEREWOLF
2,talk,11,0,10,VOTE Agent[12]
2,talk,12,0,14,VOTE Agent[12]
2,talk,13,1,1,COMINGOUT Agent[01] VILLAGER
2,talk,14,1,13,VOTE Agent[12]
2,talk,15,1,9,Skip
2,talk,16,1,7,REQUEST ANY (VOTE Agent[01])
2,talk,17,1,11,Skip
2,talk,18,1,4,Skip
2,talk,19,1,8,Skip
2,talk,20,1,2,VOTE Agent[12]
2,talk,21,1,10,Skip
2,talk,22,1,14,Skip
2,talk,23,1,6,Skip
2,talk,24,1,5,Skip
2,talk,25,1,12,VOTE Agent[09]
2,talk,26,2,5,Skip
2,talk,27,2,2,VOTE Agent[12]
2,talk,28,2,6,Skip
2,talk,29,2,1,VOTE Agent[12]
2,talk,30,2,4,Skip
2,talk,31,2,11,Skip
2,talk,32,2,9,Skip
2,talk,33,2,12,VOTE Agent[09]
2,talk,34,2,8,Skip
2,talk,35,2,13,Skip
2,talk,36,2,7,Skip
2,talk,37,2,14,Skip
2,talk,38,2,10,Skip
2,talk,39,3,2,VOTE Agent[12]
2,talk,40,3,11,Over
2,talk,41,3,14,Over
2,talk,42,3,4,Over
2,talk,43,3,6,Over
2,talk,44,3,13,Skip
2,talk,45,3,9,Over
2,talk,46,3,8,Over
2,talk,47,3,5,Over
2,talk,48,3,7,Skip
2,talk,49,3,10,Over
2,talk,50,3,1,VOTE Agent[12]
2,talk,51,3,12,VOTE Agent[09]
2,talk,52,4,9,Over
2,talk,53,4,11,Over
2,talk,54,4,1,VOTE Agent[12]
2,talk,55,4,14,Over
2,talk,56,4,12,VOTE Agent[09]
2,talk,57,4,8,Over
2,talk,58,4,2,VOTE Agent[12]
2,talk,59,4,10,Over
2,talk,60,4,7,Over
2,talk,61,4,4,Over
2,talk,62,4,13,Over
2,talk,63,4,5,Over
2,talk,64,4,6,Over
2,talk,65,5,8,Over
2,talk,66,5,12,VOTE Agent[09]
2,talk,67,5,1,VOTE Agent[12]
2,talk,68,5,11,Over
2,talk,69,5,2,VOTE Agent[12]
2,talk,70,5,10,Over
2,talk,71,5,4,Over
2,talk,72,5,6,Over
2,talk,73,5,9,Over
2,talk,74,5,5,Over
2,talk,75,5,14,Over
2,talk,76,5,7,Over
2,talk,77,5,13,Over
2,talk,78,6,1,VOTE Agent[12]
2,talk,79,6,7,Over
2,talk,80,6,2,VOTE Agent[12]
2,talk,81,6,6,Over
2,talk,82,6,11,Over
2,talk,83,6,12,VOTE Agent[09]
2,talk,84,6,10,Over
2,talk,85,6,5,Over
2,talk,86,6,14,Over
2,talk,87,6,9,Over
2,talk,88,6,8,Over
2,talk,89,6,13,Over
2,talk,90,6,4,Over
2,talk,91,7,4,Over
2,talk,92,7,11,Over
2,talk,93,7,6,Over
2,talk,94,7,12,VOTE Agent[09]
2,talk,95,7,9,Over
2,talk,96,7,1,VOTE Agent[12]
2,talk,97,7,10,Over
2,talk,98,7,7,Over
2,talk,99,7,14,Over
2,talk,100,7,2,VOTE Agent[12]
2,talk,101,7,8,Over
2,talk,102,7,13,Over
2,talk,103,7,5,Over
2,talk,104,8,2,VOTE Agent[12]
2,talk,105,8,12,VOTE Agent[09]
2,talk,106,8,13,Over
2,talk,107,8,5,Over
2,talk,108,8,14,Over
2,talk,109,8,6,Over
2,talk,110,8,9,Over
2,talk,111,8,1,VOTE Agent[12]
2,talk,112,8,8,Over
2,talk,113,8,7,Over
2,talk,114,8,10,Over
2,talk,115,8,4,Over
2,talk,116,8,11,Over
2,talk,117,9,2,Over
2,talk,118,9,10,Over
2,talk,119,9,14,Over
2,talk,120,9,5,Over
2,talk,121,9,9,Over
2,talk,122,9,4,Over
2,talk,123,9,8,Over
2,talk,124,9,13,Over
2,talk,125,9,11,Over
2,talk,126,9,7,Over
2,talk,127,9,1,Over
2,talk,128,9,12,VOTE Agent[09]
2,talk,129,9,6,Over
2,talk,130,10,2,Over
2,talk,131,10,14,Over
2,talk,132,10,10,Over
2,talk,133,10,7,Over
2,talk,134,10,11,Over
2,talk,135,10,1,Over
2,talk,136,10,13,Over
2,talk,137,10,12,Over
2,talk,138,10,5,Over
2,talk,139,10,6,Over
2,talk,140,10,8,Over
2,talk,141,10,9,Over
2,talk,142,10,4,Over
2,vote,1,12
2,vote,2,12
2,vote,4,1
2,vote,5,12
2,vote,6,12
2,vote,7,2
2,vote,8,1
2,vote,9,12
2,vote,10,12
2,vote,11,12
2,vote,12,9
2,vote,13,12
2,vote,14,12
2,execute,12,VILLAGER
2,whisper,0,0,4,ATTACK Agent[01]
2,whisper,1,0,8,ATTACK Agent[01]
2,whisper,2,0,2,ATTACK Agent[12]
2,whisper,3,1,8,Skip
2,whisper,4,1,4,Skip
2,whisper,5,1,2,Skip
2,whisper,6,2,4,Skip
2,whisper,7,2,2,Skip
2,whisper,8,2,8,Skip
2,whisper,9,3,2,Over
2,whisper,10,3,8,Over
2,whisper,11,3,4,Over
2,guard,7,13,POSSESSED
2,attackVote,2,10
2,attackVote,4,1
2,attackVote,8,1
2,attack,1,true
3,status,1,VILLAGER,DEAD,OKAMI
3,status,2,WEREWOLF,ALIVE,HALU
3,status,3,MEDIUM,DEAD,HALU
3,status,4,WEREWOLF,ALIVE,sample_py
3,status,5,VILLAGER,ALIVE,TOKU0
3,status,6,VILLAGER,ALIVE,Tomato5
3,status,7,BODYGUARD,ALIVE,SampleJava13
3,status,8,WEREWOLF,ALIVE,sample_py
3,status,9,VILLAGER,ALIVE,TOKU10
3,status,10,VILLAGER,ALIVE,TOKU12
3,status,11,VILLAGER,ALIVE,Tomato11
3,status,12,VILLAGER,DEAD,TOKU7
3,status,13,POSSESSED,ALIVE,TOKU4
3,status,14,VILLAGER,ALIVE,TOKU2
3,status,15,SEER,DEAD,HALU
3,talk,0,0,4,VOTE Agent[11]
3,talk,1,0,2,IDENTIFIED Agent[12] WEREWOLF
3,talk,2,0,6,VOTE Agent[13]
3,talk,3,0,9,VOTE Agent[05]
3,talk,4,0,11,VOTE Agent[06]
3,talk,5,0,8,VOTE Agent[14]
3,talk,6,0,7,VOTE Agent[09]
3,talk,7,0,5,VOTE Agent[06]
3,talk,8,0,13,DIVINED Agent[04] WEREWOLF
3,talk,9,0,10,VOTE Agent[05]
3,talk,10,0,14,VOTE Agent[05]
3,talk,11,1,11,Skip
3,talk,12,1,13,VOTE Agent[04]
3,talk,13,1,2,VOTE Agent[06]
3,talk,14,1,7,REQUEST ANY (VOTE Agent[09])
3,talk,15,1,4,Skip
3,talk,16,1,5,VOTE Agent[10]
3,talk,17,1,10,Skip
3,talk,18,1,9,Skip
3,talk,19,1,6,Skip
3,talk,20,1,14,Skip
3,talk,21,1,8,Skip
3,talk,22,2,10,Skip
3,talk,23,2,11,Skip
3,talk,24,2,4,Skip
3,talk,25,2,7,Skip
3,talk,26,2,8,Skip
3,talk,27,2,13,Skip
3,talk,28,2,14,Skip
3,talk,29,2,5,Skip
3,talk,30,2,9,Skip
3,talk,31,2,6,Skip
3,talk,32,2,2,VOTE Agent[14]
3,talk,33,3,5,Skip
3,talk,34,3,4,Over
3,talk,35,3,7,Skip
3,talk,36,3,14,Over
3,talk,37,3,11,Over
3,talk,38,3,9,Over
3,talk,39,3,6,Over
3,talk,40,3,13,Skip
3,talk,41,3,8,Over
3,talk,42,3,2,VOTE Agent[05]
3,talk,43,3,10,Over
3,talk,44,4,2,VOTE Agent[05]
3,talk,45,4,10,Over
3,talk,46,4,4,Over
3,talk,47,4,6,Over
3,talk,48,4,13,Over
3,talk,49,4,11,Over
3,talk,50,4,7,Over
3,talk,51,4,9,Over
3,talk,52,4,5,Over
3,talk,53,4,8,Over
3,talk,54,4,14,Over
3,talk,55,5,6,Over
3,talk,56,5,5,Over
3,talk,57,5,11,Over
3,talk,58,5,7,Over
3,talk,59,5,13,Over
3,talk,60,5,10,Over
3,talk,61,5,9,Over
3,talk,62,5,2,VOTE Agent[06]
3,talk,63,5,14,Over
3,talk,64,5,8,Over
3,talk,65,5,4,Over
3,talk,66,6,4,Over
3,talk,67,6,10,Over
3,talk,68,6,13,Over
3,talk,69,6,11,Over
3,talk,70,6,2,VOTE Agent[06]
3,talk,71,6,7,Over
3,talk,72,6,6,Over
3,talk,73,6,9,Over
3,talk,74,6,8,Over
3,talk,75,6,14,Over
3,talk,76,6,5,Over
3,talk,77,7,11,Over
3,talk,78,7,2,VOTE Agent[07]
3,talk,79,7,8,Over
3,talk,80,7,13,Over
3,talk,81,7,14,Over
3,talk,82,7,10,Over
3,talk,83,7,5,Over
3,talk,84,7,9,Over
3,talk,85,7,7,Over
3,talk,86,7,4,Over
3,talk,87,7,6,Over
3,talk,88,8,14,Over
3,talk,89,8,4,Over
3,talk,90,8,9,Over
3,talk,91,8,11,Over
3,talk,92,8,5,Over
3,talk,93,8,8,Over
3,talk,94,8,10,Over
3,talk,95,8,7,Over
3,talk,96,8,6,Over
3,talk,97,8,13,Over
3,talk,98,8,2,VOTE Agent[06]
3,talk,99,9,9,Over
3,talk,100,9,5,Over
3,talk,101,9,6,Over
3,talk,102,9,14,Over
3,talk,103,9,2,Over
3,talk,104,9,7,Over
3,talk,105,9,10,Over
3,talk,106,9,13,Over
3,talk,107,9,4,Over
3,talk,108,9,11,Over
3,talk,109,9,8,Over
3,vote,2,7
3,vote,4,11
3,vote,5,10
3,vote,6,13
3,vote,7,6
3,vote,8,14
3,vote,9,5
3,vote,10,5
3,vote,11,6
3,vote,13,10
3,vote,14,5
3,execute,5,VILLAGER
3,whisper,0,0,8,ATTACK Agent[13]
3,whisper,1,0,4,ATTACK Agent[13]
3,whisper,2,0,2,ATTACK Agent[11]
3,whisper,3,1,4,Skip
3,whisper,4,1,2,Skip
3,whisper,5,1,8,Skip
3,whisper,6,2,8,Skip
3,whisper,7,2,4,Skip
3,whisper,8,2,2,Skip
3,whisper,9,3,4,Over
3,whisper,10,3,8,Over
3,whisper,11,3,2,Over
3,guard,7,13,POSSESSED
3,attackVote,2,9
3,attackVote,4,13
3,attackVote,8,13
3,attack,13,false
4,status,1,VILLAGER,DEAD,OKAMI
4,status,2,WEREWOLF,ALIVE,HALU
4,status,3,MEDIUM,DEAD,HALU
4,status,4,WEREWOLF,ALIVE,sample_py
4,status,5,VILLAGER,DEAD,TOKU0
4,status,6,VILLAGER,ALIVE,Tomato5
4,status,7,BODYGUARD,ALIVE,SampleJava13
4,status,8,WEREWOLF,ALIVE,sample_py
4,status,9,VILLAGER,ALIVE,TOKU10
4,status,10,VILLAGER,ALIVE,TOKU12
4,status,11,VILLAGER,ALIVE,Tomato11
4,status,12,VILLAGER,DEAD,TOKU7
4,status,13,POSSESSED,ALIVE,TOKU4
4,status,14,VILLAGER,ALIVE,TOKU2
4,status,15,SEER,DEAD,HALU
4,talk,0,0,7,VOTE Agent[11]
4,talk,1,0,4,VOTE Agent[11]
4,talk,2,0,9,VOTE Agent[10]
4,talk,3,0,6,VOTE Agent[13]
4,talk,4,0,8,VOTE Agent[10]
4,talk,5,0,13,DIVINED Agent[08] WEREWOLF
4,talk,6,0,14,VOTE Agent[10]
4,talk,7,0,10,VOTE Agent[06]
4,talk,8,0,11,VOTE Agent[06]
4,talk,9,0,2,IDENTIFIED Agent[05] HUMAN
4,talk,10,1,4,Skip
4,talk,11,1,2,VOTE Agent[14]
4,talk,12,1,6,Skip
4,talk,13,1,13,VOTE Agent[08]
4,talk,14,1,10,Skip
4,talk,15,1,7,REQUEST ANY (VOTE Agent[11])
4,talk,16,1,8,Skip
4,talk,17,1,11,Skip
4,talk,18,1,9,Skip
4,talk,19,1,14,Skip
4,talk,20,2,13,Skip
4,talk,21,2,6,Skip
4,talk,22,2,7,Skip
4,talk,23,2,11,Skip
4,talk,24,2,14,Skip
4,talk,25,2,4,Skip
4,talk,26,2,2,VOTE Agent[11]
4,talk,27,2,8,Skip
4,talk,28,2,10,VOTE Agent[07]
4,talk,29,2,9,Skip
4,talk,30,3,13,Skip
4,talk,31,3,8,Over
4,talk,32,3,7,Skip
4,talk,33,3,11,Over
4,talk,34,3,6,Over
4,talk,35,3,14,Over
4,talk,36,3,2,VOTE Agent[06]
4,talk,37,3,10,VOTE Agent[11]
4,talk,38,3,4,Over
4,talk,39,3,9,Over
4,talk,40,4,13,Over
4,talk,41,4,14,Over
4,talk,42,4,9,Over
4,talk,43,4,4,Over
4,talk,44,4,6,Over
4,talk,45,4,10,Skip
4,talk,46,4,2,VOTE Agent[10]
4,talk,47,4,11,Over
4,talk,48,4,7,Over
4,talk,49,4,8,Over
4,talk,50,5,6,Over
4,talk,51,5,7,Over
4,talk,52,5,4,Over
4,talk,53,5,13,Over
4,talk,54,5,10,Skip
4,talk,55,5,8,Over
4,talk,56,5,11,Over
4,talk,57,5,2,VOTE Agent[10]
4,talk,58,5,14,Over
4,talk,59,5,9,Over
4,talk,60,6,6,Over
4,talk,61,6,13,Over
4,talk,62,6,7,Over
4,talk,63,6,4,Over
4,talk,64,6,11,Over
4,talk,65,6,10,Over
4,talk,66,6,9,Over
4,talk,67,6,2,VOTE Agent[10]
4,talk,68,6,8,Over
4,talk,69,6,14,Over
4,talk,70,7,6,Over
4,talk,71,7,7,Over
4,talk,72,7,4,Over
4,talk,73,7,8,Over
4,talk,74,7,14,Over
4,talk,75,7,2,VOTE Agent[10]
4,talk,76,7,13,Over
4,talk,77,7,9,Over
4,talk,78,7,10,Over
4,talk,79,7,11,Over
4,talk,80,8,4,Over
4,talk,81,8,13,Over
4,talk,82,8,10,Over
4,talk,83,8,6,Over
4,talk,84,8,2,VOTE Agent[10]
4,talk,85,8,7,Over
4,talk,86,8,11,Over
4,talk,87,8,8,Over
4,talk,88,8,14,Over
4,talk,89,8,9,Over
4,talk,90,9,11,Over
4,talk,91,9,9,Over
4,talk,92,9,2,Over
4,talk,93,9,10,Over
4,talk,94,9,8,Over
4,talk,95,9,14,Over
4,talk,96,9,7,Over
4,talk,97,9,13,Over
4,talk,98,9,4,Over
4,talk,99,9,6,Over
4,vote,2,10
4,vote,4,11
4,vote,6,13
4,vote,7,8
4,vote,8,10
4,vote,9,10
4,vote,10,11
4,vote,11,6
4,vote,13,10
4,vote,14,10
4,execute,10,VILLAGER
4,whisper,0,0,8,ATTACK Agent[13]
4,whisper,1,0,4,ATTACK Agent[13]
4,whisper,2,0,2,ATTACK Agent[07]
4,whisper,3,1,8,Skip
4,whisper,4,1,4,Skip
4,whisper,5,1,2,Skip
4,whisper,6,2,8,Skip
4,whisper,7,2,4,Skip
4,whisper,8,2,2,Skip
4,whisper,9,3,8,Over
4,whisper,10,3,2,Over
4,whisper,11,3,4,Over
4,guard,7,13,POSSESSED
4,attackVote,2,9
4,attackVote,4,13
4,attackVote,8,13
4,attack,13,false
5,status,1,VILLAGER,DEAD,OKAMI
5,status,2,WEREWOLF,ALIVE,HALU
5,status,3,MEDIUM,DEAD,HALU
5,status,4,WEREWOLF,ALIVE,sample_py
5,status,5,VILLAGER,DEAD,TOKU0
5,status,6,VILLAGER,ALIVE,Tomato5
5,status,7,BODYGUARD,ALIVE,SampleJava13
5,status,8,WEREWOLF,ALIVE,sample_py
5,status,9,VILLAGER,ALIVE,TOKU10
5,status,10,VILLAGER,DEAD,TOKU12
5,status,11,VILLAGER,ALIVE,Tomato11
5,status,12,VILLAGER,DEAD,TOKU7
5,status,13,POSSESSED,ALIVE,TOKU4
5,status,14,VILLAGER,ALIVE,TOKU2
5,status,15,SEER,DEAD,HALU
5,talk,0,0,13,DIVINED Agent[06] WEREWOLF
5,talk,1,0,11,VOTE Agent[06]
5,talk,2,0,4,VOTE Agent[09]
5,talk,3,0,6,VOTE Agent[13]
5,talk,4,0,7,VOTE Agent[08]
5,talk,5,0,8,VOTE Agent[04]
5,talk,6,0,2,IDENTIFIED Agent[10] HUMAN
5,talk,7,0,9,VOTE Agent[11]
5,talk,8,0,14,VOTE Agent[11]
5,talk,9,1,4,Skip
5,talk,10,1,7,REQUEST ANY (VOTE Agent[08])
5,talk,11,1,11,Skip
5,talk,12,1,9,Skip
5,talk,13,1,8,Skip
5,talk,14,1,13,VOTE Agent[06]
5,talk,15,1,6,Skip
5,talk,16,1,2,VOTE Agent[06]
5,talk,17,1,14,Skip
5,talk,18,2,9,VOTE Agent[07]
5,talk,19,2,4,Skip
5,talk,20,2,8,Skip
5,talk,21,2,13,Skip
5,talk,22,2,6,Skip
5,talk,23,2,7,Skip
5,talk,24,2,11,Skip
5,talk,25,2,2,VOTE Agent[06]
5,talk,26,2,14,VOTE Agent[07]
5,talk,27,3,2,VOTE Agent[06]
5,talk,28,3,11,Over
5,talk,29,3,9,VOTE Agent[14]
5,talk,30,3,8,Over
5,talk,31,3,13,Skip
5,talk,32,3,14,Skip
5,talk,33,3,6,Over
5,talk,34,3,7,Skip
5,talk,35,3,4,Over
5,talk,36,4,2,VOTE Agent[06]
5,talk,37,4,13,Over
5,talk,38,4,9,Skip
5,talk,39,4,8,Over
5,talk,40,4,6,Over
5,talk,41,4,14,Skip
5,talk,42,4,7,Over
5,talk,43,4,11,Over
5,talk,44,4,4,Over
5,talk,45,5,7,Over
5,talk,46,5,11,Over
5,talk,47,5,8,Over
5,talk,48,5,14,Over
5,talk,49,5,6,Over
5,talk,50,5,2,VOTE Agent[06]
5,talk,51,5,4,Over
5,talk,52,5,9,Skip
5,talk,53,5,13,Over
5,talk,54,6,11,Over
5,talk,55,6,6,Over
5,talk,56,6,13,Over
5,talk,57,6,7,Over
5,talk,58,6,14,Over
5,talk,59,6,8,Over
5,talk,60,6,9,Over
5,talk,61,6,2,VOTE Agent[06]
5,talk,62,6,4,Over
5,talk,63,7,8,Over
5,talk,64,7,14,Over
5,talk,65,7,9,Over
5,talk,66,7,2,VOTE Agent[06]
5,talk,67,7,4,Over
5,talk,68,7,6,Over
5,talk,69,7,7,Over
5,talk,70,7,13,Over
5,talk,71,7,11,Over
5,talk,72,8,13,Over
5,talk,73,8,4,Over
5,talk,74,8,7,Over
5,talk,75,8,2,VOTE Agent[06]
5,talk,76,8,9,Over
5,talk,77,8,8,Over
5,talk,78,8,6,Over
5,talk,79,8,11,Over
5,talk,80,8,14,Over
5,talk,81,9,4,Over
5,talk,82,9,9,Over
5,talk,83,9,6,Over
5,talk,84,9,14,Over
5,talk,85,9,7,Over
5,talk,86,9,11,Over
5,talk,87,9,2,Over
5,talk,88,9,8,Over
5,talk,89,9,13,Over
5,vote,2,6
5,vote,4,9
5,vote,6,13
5,vote,7,9
5,vote,8,4
5,vote,9,14
5,vote,11,6
5,vote,13,14
5,vote,14,7
5,vote,2,6
5,vote,4,9
5,vote,6,13
5,vote,7,6
5,vote,8,4
5,vote,9,14
5,vote,11,6
5,vote,13,14
5,vote,14,7
5,execute,6,VILLAGER
5,whisper,0,0,4,ATTACK Agent[13]
5,whisper,1,0,2,ATTACK Agent[14]
5,whisper,2,0,8,ATTACK Agent[13]
5,whisper,3,1,8,Skip
5,whisper,4,1,4,Skip
5,whisper,5,1,2,Skip
5,whisper,6,2,8,Skip
5,whisper,7,2,4,Skip
5,whisper,8,2,2,Skip
5,whisper,9,3,4,Over
5,whisper,10,3,8,Over
5,whisper,11,3,2,Over
5,guard,7,13,POSSESSED
5,attackVote,2,7
5,attackVote,4,13
5,attackVote,8,13
5,attack,13,false
6,status,1,VILLAGER,DEAD,OKAMI
6,status,2,WEREWOLF,ALIVE,HALU
6,status,3,MEDIUM,DEAD,HALU
6,status,4,WEREWOLF,ALIVE,sample_py
6,status,5,VILLAGER,DEAD,TOKU0
6,status,6,VILLAGER,DEAD,Tomato5
6,status,7,BODYGUARD,ALIVE,SampleJava13
6,status,8,WEREWOLF,ALIVE,sample_py
6,status,9,VILLAGER,ALIVE,TOKU10
6,status,10,VILLAGER,DEAD,TOKU12
6,status,11,VILLAGER,ALIVE,Tomato11
6,status,12,VILLAGER,DEAD,TOKU7
6,status,13,POSSESSED,ALIVE,TOKU4
6,status,14,VILLAGER,ALIVE,TOKU2
6,status,15,SEER,DEAD,HALU
6,talk,0,0,13,DIVINED Agent[11] WEREWOLF
6,talk,1,0,11,VOTE Agent[13]
6,talk,2,0,9,VOTE Agent[14]
6,talk,3,0,2,IDENTIFIED Agent[06] WEREWOLF
6,talk,4,0,7,VOTE Agent[08]
6,talk,5,0,8,VOTE Agent[07]
6,talk,6,0,14,VOTE Agent[07]
6,talk,7,0,4,VOTE Agent[14]
6,talk,8,1,4,Skip
6,talk,9,1,9,Skip
6,talk,10,1,2,VOTE Agent[11]
6,talk,11,1,11,Skip
6,talk,12,1,7,REQUEST ANY (VOTE Agent[08])
6,talk,13,1,13,VOTE Agent[11]
6,talk,14,1,8,Skip
6,talk,15,1,14,Skip
6,talk,16,2,8,Skip
6,talk,17,2,13,Skip
6,talk,18,2,2,VOTE Agent[11]
6,talk,19,2,11,Skip
6,talk,20,2,9,Skip
6,talk,21,2,7,Skip
6,talk,22,2,14,Skip
6,talk,23,2,4,Skip
6,talk,24,3,9,VOTE Agent[13]
6,talk,25,3,7,Skip
6,talk,26,3,8,Over
6,talk,27,3,2,VOTE Agent[11]
6,talk,28,3,14,VOTE Agent[13]
6,talk,29,3,13,Skip
6,talk,30,3,4,Over
6,talk,31,3,11,Over
6,talk,32,4,11,Over
6,talk,33,4,7,Over
6,talk,34,4,9,Skip
6,talk,35,4,8,Over
6,talk,36,4,4,Over
6,talk,37,4,13,Over
6,talk,38,4,2,VOTE Agent[11]
6,talk,39,4,14,Skip
6,talk,40,5,2,VOTE Agent[11]
6,talk,41,5,7,Over
6,talk,42,5,4,Over
6,talk,43,5,11,Over
6,talk,44,5,9,Skip
6,talk,45,5,13,Over
6,talk,46,5,14,Skip
6,talk,47,5,8,Over
6,talk,48,6,14,Over
6,talk,49,6,11,Over
6,talk,50,6,7,Over
6,talk,51,6,4,Over
6,talk,52,6,8,Over
6,talk,53,6,9,Over
6,talk,54,6,2,VOTE Agent[11]
6,talk,55,6,13,Over
6,talk,56,7,14,Over
6,talk,57,7,2,VOTE Agent[11]
6,talk,58,7,4,Over
6,talk,59,7,7,Over
6,talk,60,7,9,Over
6,talk,61,7,8,Over
6,talk,62,7,11,Over
6,talk,63,7,13,Over
6,talk,64,8,8,Over
6,talk,65,8,11,Over
6,talk,66,8,9,Over
6,talk,67,8,7,Over
6,talk,68,8,14,Over
6,talk,69,8,13,Over
6,talk,70,8,4,Over
6,talk,71,8,2,VOTE Agent[11]
6,talk,72,9,14,Over
6,talk,73,9,8,Over
6,talk,74,9,7,Over
6,talk,75,9,9,Over
6,talk,76,9,2,Over
6,talk,77,9,4,Over
6,talk,78,9,13,Over
6,talk,79,9,11,Over
6,vote,2,11
6,vote,4,14
6,vote,7,2
6,vote,8,7
6,vote,9,13
6,vote,11,13
6,vote,13,8
6,vote,14,13
6,execute,13,POSSESSED
6,whisper,0,0,4,ATTACK Agent[09]
6,whisper,1,0,2,ATTACK Agent[14]
6,whisper,2,0,8,ATTACK Agent[09]
6,whisper,3,1,4,Skip
6,whisper,4,1,8,Skip
6,whisper,5,1,2,Skip
6,whisper,6,2,8,Skip
6,whisper,7,2,4,Skip
6,whisper,8,2,2,Skip
6,whisper,9,3,2,Over
6,whisper,10,3,8,Over
6,whisper,11,3,4,Over
6,guard,7,2,WEREWOLF
6,attackVote,2,9
6,attackVote,4,9
6,attackVote,8,9
6,attack,9,true
7,status,1,VILLAGER,DEAD,OKAMI
7,status,2,WEREWOLF,ALIVE,HALU
7,status,3,MEDIUM,DEAD,HALU
7,status,4,WEREWOLF,ALIVE,sample_py
7,status,5,VILLAGER,DEAD,TOKU0
7,status,6,VILLAGER,DEAD,Tomato5
7,status,7,BODYGUARD,ALIVE,SampleJava13
7,status,8,WEREWOLF,ALIVE,sample_py
7,status,9,VILLAGER,DEAD,TOKU10
7,status,10,VILLAGER,DEAD,TOKU12
7,status,11,VILLAGER,ALIVE,Tomato11
7,status,12,VILLAGER,DEAD,TOKU7
7,status,13,POSSESSED,DEAD,TOKU4
7,status,14,VILLAGER,ALIVE,TOKU2
7,status,15,SEER,DEAD,HALU
7,result,3,3,WEREWOLF
