0,status,1,VILLAGER,ALIVE,OKAMI
0,status,2,VILLAGER,ALIVE,HALU
0,status,3,VILLAGER,ALIVE,HALU
0,status,4,WEREWOLF,ALIVE,sample_py
0,status,5,WEREWOLF,ALIVE,TOKU0
0,status,6,BODYGUARD,ALIVE,Tomato5
0,status,7,WEREWOLF,ALIVE,SampleJava13
0,status,8,SEER,ALIVE,sample_py
0,status,9,VILLAGER,ALIVE,TOKU10
0,status,10,POSSESSED,ALIVE,TOKU12
0,status,11,VILLAGER,ALIVE,Tomato11
0,status,12,VILLAGER,ALIVE,TOKU7
0,status,13,MEDIUM,ALIVE,TOKU4
0,status,14,VILLAGER,ALIVE,TOKU2
0,status,15,VILLAGER,ALIVE,HALU
0,whisper,0,0,5,Skip
0,whisper,1,0,4,COMINGOUT Agent[04] MEDIUM
0,whisper,2,0,7,COMINGOUT Agent[07] VILLAGER
0,whisper,3,1,4,COMINGOUT Agent[04] MEDIUM
0,whisper,4,1,7,Skip
0,whisper,5,1,5,Skip
0,whisper,6,2,5,Over
0,whisper,7,2,4,COMINGOUT Agent[04] MEDIUM
0,whisper,8,2,7,Skip
0,whisper,9,3,4,COMINGOUT Agent[04] MEDIUM
0,whisper,10,3,5,Over
0,whisper,11,3,7,Over
0,whisper,12,4,4,COMINGOUT Agent[04] MEDIUM
0,whisper,13,4,7,Over
0,whisper,14,4,5,Over
0,whisper,15,5,5,Over
0,whisper,16,5,7,Over
0,whisper,17,5,4,COMINGOUT Agent[04] MEDIUM
0,whisper,18,6,4,COMINGOUT Agent[04] MEDIUM
0,whisper,19,6,7,Over
0,whisper,20,6,5,Over
0,whisper,21,7,4,COMINGOUT Agent[04] MEDIUM
0,whisper,22,7,5,Over
0,whisper,23,7,7,Over
0,whisper,24,8,7,Over
0,whisper,25,8,4,COMINGOUT Agent[04] MEDIUM
0,whisper,26,8,5,Over
0,whisper,27,9,7,Over
0,whisper,28,9,5,Over
0,whisper,29,9,4,COMINGOUT Agent[04] MEDIUM
0,whisper,30,10,5,Over
0,whisper,31,10,4,Over
0,whisper,32,10,7,Over
0,divine,8,14,HUMAN
1,status,1,VILLAGER,ALIVE,OKAMI
1,status,2,VILLAGER,ALIVE,HALU
1,status,3,VILLAGER,ALIVE,HALU
1,status,4,WEREWOLF,ALIVE,sample_py
1,status,5,WEREWOLF,ALIVE,TOKU0
1,status,6,BODYGUARD,ALIVE,Tomato5
1,status,7,WEREWOLF,ALIVE,SampleJava13
1,status,8,SEER,ALIVE,sample_py
1,status,9,VILLAGER,ALIVE,TOKU10
1,status,10,POSSESSED,ALIVE,TOKU12
1,status,11,VILLAGER,ALIVE,Tomato11
1,status,12,VILLAGER,ALIVE,TOKU7
1,status,13,MEDIUM,ALIVE,TOKU4
1,status,14,VILLAGER,ALIVE,TOKU2
1,status,15,VILLAGER,ALIVE,HALU
1,talk,0,0,2,VOTE Agent[12]
1,talk,1,0,10,COMINGOUT Agent[10] SEER
1,talk,2,0,13,COMINGOUT Agent[13] MEDIUM
1,talk,3,0,7,VOTE Agent[06]
1,talk,4,0,12,VOTE Agent[06]
1,talk,5,0,9,VOTE Agent[06]
1,talk,6,0,11,VOTE Agent[06]
1,talk,7,0,15,VOTE Agent[02]
1,talk,8,0,14,VOTE Agent[06]
1,talk,9,0,6,VOTE Agent[02]
1,talk,10,0,3,VOTE Agent[02]
1,talk,11,0,8,VOTE Agent[10]
1,talk,12,0,1,VOTE Agent[02]
1,talk,13,0,5,VOTE Agent[06]
1,talk,14,0,4,COMINGOUT Agent[04] MEDIUM
1,talk,15,1,2,VOTE Agent[08]
1,talk,16,1,13,VOTE Agent[04]
1,talk,17,1,8,Skip
1,talk,18,1,5,VOTE Agent[03]
1,talk,19,1,11,VOTE Agent[02]
1,talk,20,1,7,REQUEST ANY (VOTE Agent[06])
1,talk,21,1,1,COMINGOUT Agent[01] VILLAGER
1,talk,22,1,15,VOTE Agent[01]
1,talk,23,1,14,Skip
1,talk,24,1,9,Skip
1,talk,25,1,6,Skip
1,talk,26,1,4,VOTE Agent[13]
1,talk,27,1,10,DIVINED Agent[02] WEREWOLF
1,talk,28,1,3,VOTE Agent[02]
1,talk,29,1,12,VOTE Agent[02]
1,talk,30,2,5,VOTE Agent[04]
1,talk,31,2,3,VOTE Agent[02]
1,talk,32,2,10,VOTE Agent[02]
1,talk,33,2,8,Skip
1,talk,34,2,13,Skip
1,talk,35,2,15,VOTE Agent[02]
1,talk,36,2,12,VOTE Agent[04]
1,talk,37,2,4,Skip
1,talk,38,2,7,Skip
1,talk,39,2,6,Skip
1,talk,40,2,2,VOTE Agent[02]
1,talk,41,2,9,VOTE Agent[04]
1,talk,42,2,14,VOTE Agent[12]
1,talk,43,2,11,Skip
1,talk,44,2,1,VOTE Agent[02]
1,talk,45,3,5,Skip
1,talk,46,3,6,Over
1,talk,47,3,7,Skip
1,talk,48,3,1,VOTE Agent[02]
1,talk,49,3,11,Skip
1,talk,50,3,12,Skip
1,talk,51,3,13,Skip
1,talk,52,3,8,Over
1,talk,53,3,3,VOTE Agent[02]
1,talk,54,3,15,VOTE Agent[02]
1,talk,55,3,4,Skip
1,talk,56,3,10,Skip
1,talk,57,3,9,Skip
1,talk,58,3,14,VOTE Agent[04]
1,talk,59,3,2,VOTE Agent[02]
1,talk,60,4,7,Over
1,talk,61,4,1,VOTE Agent[02]
1,talk,62,4,10,Skip
1,talk,63,4,12,Skip
1,talk,64,4,9,Skip
1,talk,65,4,11,Over
1,talk,66,4,6,Over
1,talk,67,4,15,VOTE Agent[02]
1,talk,68,4,3,VOTE Agent[02]
1,talk,69,4,8,Over
1,talk,70,4,13,Over
1,talk,71,4,2,VOTE Agent[02]
1,talk,72,4,4,Over
1,talk,73,4,14,Skip
1,talk,74,4,5,Skip
1,talk,75,5,12,Over
1,talk,76,5,13,Over
1,talk,77,5,11,Over
1,talk,78,5,5,Over
1,talk,79,5,14,Skip
1,talk,80,5,4,Over
1,talk,81,5,15,VOTE Agent[02]
1,talk,82,5,10,Over
1,talk,83,5,9,Over
1,talk,84,5,6,Over
1,talk,85,5,3,VOTE Agent[02]
1,talk,86,5,2,VOTE Agent[02]
1,talk,87,5,7,Over
1,talk,88,5,8,Over
1,talk,89,5,1,VOTE Agent[02]
1,talk,90,6,5,Over
1,talk,91,6,6,Over
1,talk,92,6,7,Over
1,talk,93,6,14,Over
1,talk,94,6,10,Over
1,talk,95,6,1,VOTE Agent[02]
1,talk,96,6,15,VOTE Agent[02]
1,talk,97,6,4,Over
1,talk,98,6,11,Over
1,talk,99,6,9,Over
1,talk,100,6,2,VOTE Agent[02]
1,talk,101,6,3,VOTE Agent[02]
1,talk,102,6,13,Over
1,talk,103,6,12,Over
1,talk,104,6,8,Over
1,talk,105,7,13,Over
1,talk,106,7,9,Over
1,talk,107,7,7,Over
1,talk,108,7,6,Over
1,talk,109,7,5,Over
1,talk,110,7,10,Over
1,talk,111,7,14,Over
1,talk,112,7,8,Over
1,talk,113,7,3,VOTE Agent[02]
1,talk,114,7,4,Over
1,talk,115,7,1,VOTE Agent[02]
1,talk,116,7,15,VOTE Agent[02]
1,talk,117,7,12,Over
1,talk,118,7,2,VOTE Agent[02]
1,talk,119,7,11,Over
1,talk,120,8,5,Over
1,talk,121,8,10,Over
1,talk,122,8,15,VOTE Agent[02]
1,talk,123,8,8,Over
1,talk,124,8,4,Over
1,talk,125,8,11,Over
1,talk,126,8,13,Over
1,talk,127,8,3,VOTE Agent[02]
1,talk,128,8,1,VOTE Agent[02]
1,talk,129,8,7,Over
1,talk,130,8,12,Over
1,talk,131,8,2,VOTE Agent[02]
1,talk,132,8,14,Over
1,talk,133,8,9,Over
1,talk,134,8,6,Over
1,talk,135,9,12,Over
1,talk,136,9,9,Over
1,talk,137,9,1,Over
1,talk,138,9,6,Over
1,talk,139,9,8,Over
1,talk,140,9,11,Over
1,talk,141,9,10,Over
1,talk,142,9,7,Over
1,talk,143,9,5,Over
1,talk,144,9,3,Over
1,talk,145,9,14,Over
1,talk,146,9,15,Over
1,talk,147,9,13,Over
1,talk,148,9,2,Over
1,talk,149,9,4,Over
1,vote,1,2
1,vote,2,7
1,vote,3,2
1,vote,4,13
1,vote,5,4
1,vote,6,2
1,vote,7,6
1,vote,8,10
1,vote,9,4
1,vote,10,13
1,vote,11,2
1,vote,12,4
1,vote,13,4
1,vote,14,4
1,vote,15,2
1,vote,1,2
1,vote,2,11
1,vote,3,2
1,vote,4,13
1,vote,5,4
1,vote,6,2
1,vote,7,2
1,vote,8,10
1,vote,9,4
1,vote,10,13
1,vote,11,2
1,vote,12,4
1,vote,13,4
1,vote,14,4
1,vote,15,2
1,execute,2,VILLAGER
1,divine,8,6,HUMAN
1,whisper,0,0,7,BECAUSE (AND (NOT (COMINGOUT Agent[10] WEREWOLF)) (NOT (COMINGOUT Agent[02] WEREWOLF)) (DAY 1 (Agent[10] DIVINED Agent[02] WEREWOLF))) (ESTIMATE Agent[10] POSSESSED)
1,whisper,1,0,5,Skip
1,whisper,2,0,4,ATTACK Agent[10]
1,whisper,3,1,5,Skip
1,whisper,4,1,7,BECAUSE (Agent[13] COMINGOUT Agent[13] MEDIUM) (ATTACK Agent[13])
1,whisper,5,1,4,Skip
1,whisper,6,2,5,Over
1,whisper,7,2,7,ATTACK Agent[13]
1,whisper,8,2,4,Skip
1,whisper,9,3,4,Over
1,whisper,10,3,5,Over
1,whisper,11,3,7,Skip
1,whisper,12,4,4,Over
1,whisper,13,4,5,Over
1,whisper,14,4,7,Skip
1,whisper,15,5,4,Over
1,whisper,16,5,5,Over
1,whisper,17,5,7,Over
1,guard,6,4,WEREWOLF
1,attackVote,4,10
1,attackVote,5,10
1,attackVote,7,13
1,attack,10,true
2,status,1,VILLAGER,ALIVE,OKAMI
2,status,2,VILLAGER,DEAD,HALU
2,status,3,VILLAGER,ALIVE,HALU
2,status,4,WEREWOLF,ALIVE,sample_py
2,status,5,WEREWOLF,ALIVE,TOKU0
2,status,6,BODYGUARD,ALIVE,Tomato5
2,status,7,WEREWOLF,ALIVE,SampleJava13
2,status,8,SEER,ALIVE,sample_py
2,status,9,VILLAGER,ALIVE,TOKU10
2,status,10,POSSESSED,DEAD,TOKU12
2,status,11,VILLAGER,ALIVE,Tomato11
2,status,12,VILLAGER,ALIVE,TOKU7
2,status,13,MEDIUM,ALIVE,TOKU4
2,status,14,VILLAGER,ALIVE,TOKU2
2,status,15,VILLAGER,ALIVE,HALU
2,talk,0,0,5,VOTE Agent[04]
2,talk,1,0,12,VOTE Agent[04]
2,talk,2,0,11,VOTE Agent[04]
2,talk,3,0,8,VOTE Agent[15]
2,talk,4,0,7,VOTE Agent[13]
2,talk,5,0,1,VOTE Agent[15]
2,talk,6,0,4,IDENTIFIED Agent[02] HUMAN
2,talk,7,0,9,VOTE Agent[04]
2,talk,8,0,13,IDENTIFIED Agent[02] HUMAN
2,talk,9,0,15,VOTE Agent[07]
2,talk,10,0,6,VOTE Agent[04]
2,talk,11,0,14,VOTE Agent[04]
2,talk,12,0,3,VOTE Agent[14]
2,talk,13,1,14,Skip
2,talk,14,1,11,Skip
2,talk,15,1,15,VOTE Agent[07]
2,talk,16,1,9,Skip
2,talk,17,1,7,REQUEST ANY (VOTE Agent[13])
2,talk,18,1,1,COMINGOUT Agent[01] VILLAGER
2,talk,19,1,3,VOTE Agent[03]
2,talk,20,1,13,Skip
2,talk,21,1,5,Skip
2,talk,22,1,8,Skip
2,talk,23,1,4,VOTE Agent[13]
2,talk,24,1,6,Skip
2,talk,25,1,12,Skip
2,talk,26,2,1,VOTE Agent[13]
2,talk,27,2,11,Skip
2,talk,28,2,7,Skip
2,talk,29,2,8,Skip
2,talk,30,2,3,VOTE Agent[03]
2,talk,31,2,15,VOTE Agent[15]
2,talk,32,2,4,Skip
2,talk,33,2,13,Skip
2,talk,34,2,12,Skip
2,talk,35,2,14,Skip
2,talk,36,2,5,VOTE Agent[09]
2,talk,37,2,6,Skip
2,talk,38,2,9,Skip
2,talk,39,3,12,Over
2,talk,40,3,3,VOTE Agent[01]
2,talk,41,3,9,Over
2,talk,42,3,4,Skip
2,talk,43,3,6,Over
2,talk,44,3,7,Skip
2,talk,45,3,8,Over
2,talk,46,3,14,Over
2,talk,47,3,11,Over
2,talk,48,3,13,Over
2,talk,49,3,1,VOTE Agent[15]
2,talk,50,3,5,VOTE Agent[04]
2,talk,51,3,15,VOTE Agent[05]
2,talk,52,4,14,Over
2,talk,53,4,12,Over
2,talk,54,4,6,Over
2,talk,55,4,5,Skip
2,talk,56,4,7,Over
2,talk,57,4,15,VOTE Agent[15]
2,talk,58,4,1,VOTE Agent[13]
2,talk,59,4,13,Over
2,talk,60,4,11,Over
2,talk,61,4,8,Over
2,talk,62,4,3,VOTE Agent[05]
2,talk,63,4,4,Over
2,talk,64,4,9,Over
2,talk,65,5,13,Over
2,talk,66,5,3,VOTE Agent[15]
2,talk,67,5,7,Over
2,talk,68,5,15,VOTE Agent[05]
2,talk,69,5,5,Skip
2,talk,70,5,8,Over
2,talk,71,5,1,VOTE Agent[15]
2,talk,72,5,6,Over
2,talk,73,5,11,Over
2,talk,74,5,14,Over
2,talk,75,5,12,Over
2,talk,76,5,4,Over
2,talk,77,5,9,Over
2,talk,78,6,6,Over
2,talk,79,6,9,Over
2,talk,80,6,14,Over
2,talk,81,6,8,Over
2,talk,82,6,4,Over
2,talk,83,6,12,Over
2,talk,84,6,13,Over
2,talk,85,6,3,VOTE Agent[01]
2,talk,86,6,5,Over
2,talk,87,6,7,Over
2,talk,88,6,1,VOTE Agent[13]
2,talk,89,6,15,VOTE Agent[05]
2,talk,90,6,11,Over
2,talk,91,7,15,VOTE Agent[15]
2,talk,92,7,9,Over
2,talk,93,7,8,Over
2,talk,94,7,6,Over
2,talk,95,7,5,Over
2,talk,96,7,12,Over
2,talk,97,7,1,VOTE Agent[13]
2,talk,98,7,11,Over
2,talk,99,7,3,VOTE Agent[05]
2,talk,100,7,4,Over
2,talk,101,7,13,Over
2,talk,102,7,14,Over
2,talk,103,7,7,Over
2,talk,104,8,7,Over
2,talk,105,8,13,Over
2,talk,106,8,3,VOTE Agent[05]
2,talk,107,8,4,Over
2,talk,108,8,8,Over
2,talk,109,8,6,Over
2,talk,110,8,11,Over
2,talk,111,8,12,Over
2,talk,112,8,15,VOTE Agent[05]
2,talk,113,8,5,Over
2,talk,114,8,9,Over
2,talk,115,8,14,Over
2,talk,116,8,1,VOTE Agent[13]
2,talk,117,9,12,Over
2,talk,118,9,5,Over
2,talk,119,9,9,Over
2,talk,120,9,3,Over
2,talk,121,9,14,Over
2,talk,122,9,7,Over
2,talk,123,9,15,Over
2,talk,124,9,11,Over
2,talk,125,9,8,Over
2,talk,126,9,13,Over
2,talk,127,9,4,Over
2,talk,128,9,1,Over
2,talk,129,9,6,Over
2,vote,1,5
2,vote,3,5
2,vote,4,13
2,vote,5,4
2,vote,6,4
2,vote,7,13
2,vote,8,15
2,vote,9,4
2,vote,11,4
2,vote,12,4
2,vote,13,4
2,vote,14,4
2,vote,15,4
2,execute,4,WEREWOLF
2,divine,8,13,HUMAN
2,whisper,0,0,5,Skip
2,whisper,1,0,7,ATTACK Agent[01]
2,whisper,2,1,7,Skip
2,whisper,3,1,5,Skip
2,whisper,4,2,5,Over
2,whisper,5,2,7,Skip
2,whisper,6,3,5,Over
2,whisper,7,3,7,Over
2,guard,6,13,MEDIUM
2,attackVote,5,15
2,attackVote,7,1
2,attackVote,5,15
2,attackVote,7,1
2,attack,1,true
3,status,1,VILLAGER,DEAD,OKAMI
3,status,2,VILLAGER,DEAD,HALU
3,status,3,VILLAGER,ALIVE,HALU
3,status,4,WEREWOLF,DEAD,sample_py
3,status,5,WEREWOLF,ALIVE,TOKU0
3,status,6,BODYGUARD,ALIVE,Tomato5
3,status,7,WEREWOLF,ALIVE,SampleJava13
3,status,8,SEER,ALIVE,sample_py
3,status,9,VILLAGER,ALIVE,TOKU10
3,status,10,POSSESSED,DEAD,TOKU12
3,status,11,VILLAGER,ALIVE,Tomato11
3,status,12,VILLAGER,ALIVE,TOKU7
3,status,13,MEDIUM,ALIVE,TOKU4
3,status,14,VILLAGER,ALIVE,TOKU2
3,status,15,VILLAGER,ALIVE,HALU
3,talk,0,0,5,VOTE Agent[09]
3,talk,1,0,7,VOTE Agent[06]
3,talk,2,0,11,VOTE Agent[06]
3,talk,3,0,6,VOTE Agent[13]
3,talk,4,0,15,VOTE Agent[05]
3,talk,5,0,3,VOTE Agent[06]
3,talk,6,0,8,COMINGOUT Agent[08] SEER
3,talk,7,0,13,IDENTIFIED Agent[04] WEREWOLF
3,talk,8,0,9,VOTE Agent[05]
3,talk,9,0,14,VOTE Agent[05]
3,talk,10,0,12,VOTE Agent[05]
3,talk,11,1,5,Skip
3,talk,12,1,9,Skip
3,talk,13,1,6,Skip
3,talk,14,1,15,VOTE Agent[03]
3,talk,15,1,11,Skip
3,talk,16,1,8,DIVINED Agent[14] HUMAN
3,talk,17,1,3,VOTE Agent[06]
3,talk,18,1,13,VOTE Agent[05]
3,talk,19,1,12,Skip
3,talk,20,1,7,REQUEST ANY (VOTE Agent[06])
3,talk,21,1,14,Skip
3,talk,22,2,7,Skip
3,talk,23,2,5,Skip
3,talk,24,2,13,Skip
3,talk,25,2,6,Skip
3,talk,26,2,15,VOTE Agent[06]
3,talk,27,2,12,Skip
3,talk,28,2,14,Skip
3,talk,29,2,3,VOTE Agent[06]
3,talk,30,2,9,Skip
3,talk,31,2,11,Skip
3,talk,32,2,8,DIVINED Agent[06] HUMAN
3,talk,33,3,3,VOTE Agent[06]
3,talk,34,3,8,DIVINED Agent[13] HUMAN
3,talk,35,3,12,Over
3,talk,36,3,14,Over
3,talk,37,3,9,Over
3,talk,38,3,13,Skip
3,talk,39,3,6,Over
3,talk,40,3,11,Over
3,talk,41,3,7,Skip
3,talk,42,3,5,Over
3,talk,43,3,15,VOTE Agent[06]
3,talk,44,4,8,VOTE Agent[07]
3,talk,45,4,6,Over
3,talk,46,4,7,Over
3,talk,47,4,3,VOTE Agent[05]
3,talk,48,4,9,Over
3,talk,49,4,13,Over
3,talk,50,4,14,Over
3,talk,51,4,5,Over
3,talk,52,4,11,Over
3,talk,53,4,12,Over
3,talk,54,4,15,VOTE Agent[06]
3,talk,55,5,15,VOTE Agent[05]
3,talk,56,5,12,Over
3,talk,57,5,14,Over
3,talk,58,5,3,VOTE Agent[05]
3,talk,59,5,6,Over
3,talk,60,5,11,Over
3,talk,61,5,7,Over
3,talk,62,5,13,Over
3,talk,63,5,8,Skip
3,talk,64,5,9,Over
3,talk,65,5,5,VOTE Agent[09]
3,talk,66,6,7,Over
3,talk,67,6,8,Skip
3,talk,68,6,6,Over
3,talk,69,6,9,Over
3,talk,70,6,12,Over
3,talk,71,6,5,VOTE Agent[09]
3,talk,72,6,3,VOTE Agent[15]
3,talk,73,6,15,VOTE Agent[03]
3,talk,74,6,14,Over
3,talk,75,6,11,Over
3,talk,76,6,13,Over
3,talk,77,7,9,Over
3,talk,78,7,11,Over
3,talk,79,7,5,Skip
3,talk,80,7,14,Over
3,talk,81,7,13,Over
3,talk,82,7,12,Over
3,talk,83,7,3,VOTE Agent[15]
3,talk,84,7,7,Over
3,talk,85,7,8,Over
3,talk,86,7,15,VOTE Agent[06]
3,talk,87,7,6,Over
3,talk,88,8,15,VOTE Agent[06]
3,talk,89,8,13,Over
3,talk,90,8,12,Over
3,talk,91,8,6,Over
3,talk,92,8,7,Over
3,talk,93,8,8,Over
3,talk,94,8,3,VOTE Agent[15]
3,talk,95,8,5,Skip
3,talk,96,8,11,Over
3,talk,97,8,14,Over
3,talk,98,8,9,Over
3,talk,99,9,6,Over
3,talk,100,9,7,Over
3,talk,101,9,9,Over
3,talk,102,9,14,Over
3,talk,103,9,12,Over
3,talk,104,9,11,Over
3,talk,105,9,5,Over
3,talk,106,9,13,Over
3,talk,107,9,8,Over
3,talk,108,9,3,Over
3,talk,109,9,15,Over
3,vote,3,15
3,vote,5,9
3,vote,6,13
3,vote,7,6
3,vote,8,7
3,vote,9,5
3,vote,11,6
3,vote,12,5
3,vote,13,5
3,vote,14,5
3,vote,15,5
3,execute,5,WEREWOLF
3,divine,8,3,HUMAN
3,guard,6,13,MEDIUM
3,attackVote,7,13
3,attack,13,false
4,status,1,VILLAGER,DEAD,OKAMI
4,status,2,VILLAGER,DEAD,HALU
4,status,3,VILLAGER,ALIVE,HALU
4,status,4,WEREWOLF,DEAD,sample_py
4,status,5,WEREWOLF,DEAD,TOKU0
4,status,6,BODYGUARD,ALIVE,Tomato5
4,status,7,WEREWOLF,ALIVE,SampleJava13
4,status,8,SEER,ALIVE,sample_py
4,status,9,VILLAGER,ALIVE,TOKU10
4,status,10,POSSESSED,DEAD,TOKU12
4,status,11,VILLAGER,ALIVE,Tomato11
4,status,12,VILLAGER,ALIVE,TOKU7
4,status,13,MEDIUM,ALIVE,TOKU4
4,status,14,VILLAGER,ALIVE,TOKU2
4,status,15,VILLAGER,ALIVE,HALU
4,talk,0,0,14,VOTE Agent[09]
4,talk,1,0,12,VOTE Agent[09]
4,talk,2,0,15,VOTE Agent[12]
4,talk,3,0,9,VOTE Agent[03]
4,talk,4,0,8,DIVINED Agent[03] HUMAN
4,talk,5,0,3,VOTE Agent[15]
4,talk,6,0,13,IDENTIFIED Agent[05] WEREWOLF
4,talk,7,0,7,VOTE Agent[06]
4,talk,8,0,11,VOTE Agent[06]
4,talk,9,0,6,VOTE Agent[13]
4,talk,10,1,9,VOTE Agent[12]
4,talk,11,1,8,VOTE Agent[09]
4,talk,12,1,7,REQUEST ANY (VOTE Agent[06])
4,talk,13,1,11,Skip
4,talk,14,1,15,VOTE Agent[06]
4,talk,15,1,6,Skip
4,talk,16,1,13,VOTE Agent[09]
4,talk,17,1,14,Skip
4,talk,18,1,3,VOTE Agent[15]
4,talk,19,1,12,Skip
4,talk,20,2,9,Skip
4,talk,21,2,14,VOTE Agent[12]
4,talk,22,2,7,Skip
4,talk,23,2,3,VOTE Agent[06]
4,talk,24,2,12,VOTE Agent[15]
4,talk,25,2,11,Skip
4,talk,26,2,6,Skip
4,talk,27,2,8,Skip
4,talk,28,2,13,VOTE Agent[12]
4,talk,29,2,15,VOTE Agent[06]
4,talk,30,3,12,Skip
4,talk,31,3,8,Skip
4,talk,32,3,7,Skip
4,talk,33,3,14,Skip
4,talk,34,3,3,VOTE Agent[06]
4,talk,35,3,13,Skip
4,talk,36,3,6,Over
4,talk,37,3,9,Skip
4,talk,38,3,11,Over
4,talk,39,3,15,VOTE Agent[06]
4,talk,40,4,6,Over
4,talk,41,4,3,VOTE Agent[15]
4,talk,42,4,15,VOTE Agent[09]
4,talk,43,4,12,Skip
4,talk,44,4,7,Over
4,talk,45,4,14,Skip
4,talk,46,4,9,Over
4,talk,47,4,13,Skip
4,talk,48,4,11,Over
4,talk,49,4,8,Over
4,talk,50,5,13,Over
4,talk,51,5,15,VOTE Agent[06]
4,talk,52,5,3,VOTE Agent[06]
4,talk,53,5,6,VOTE Agent[08]
4,talk,54,5,7,Over
4,talk,55,5,9,Over
4,talk,56,5,8,Over
4,talk,57,5,12,Over
4,talk,58,5,14,Over
4,talk,59,5,11,Over
4,talk,60,6,3,VOTE Agent[15]
4,talk,61,6,7,Over
4,talk,62,6,15,VOTE Agent[09]
4,talk,63,6,12,Over
4,talk,64,6,14,Over
4,talk,65,6,8,Over
4,talk,66,6,9,Over
4,talk,67,6,13,Over
4,talk,68,6,6,Skip
4,talk,69,6,11,Over
4,talk,70,7,7,Over
4,talk,71,7,6,Skip
4,talk,72,7,15,VOTE Agent[09]
4,talk,73,7,9,Over
4,talk,74,7,12,Over
4,talk,75,7,8,Over
4,talk,76,7,13,Over
4,talk,77,7,3,VOTE Agent[15]
4,talk,78,7,14,Over
4,talk,79,7,11,Over
4,talk,80,8,15,VOTE Agent[09]
4,talk,81,8,6,Over
4,talk,82,8,8,Over
4,talk,83,8,11,Over
4,talk,84,8,14,Over
4,talk,85,8,3,VOTE Agent[15]
4,talk,86,8,7,Over
4,talk,87,8,13,Over
4,talk,88,8,12,Over
4,talk,89,8,9,Over
4,talk,90,9,15,Over
4,talk,91,9,7,Over
4,talk,92,9,13,Over
4,talk,93,9,12,Over
4,talk,94,9,8,Over
4,talk,95,9,3,Over
4,talk,96,9,11,Over
4,talk,97,9,6,Over
4,talk,98,9,14,Over
4,talk,99,9,9,Over
4,vote,3,15
4,vote,6,8
4,vote,7,6
4,vote,8,9
4,vote,9,12
4,vote,11,6
4,vote,12,15
4,vote,13,12
4,vote,14,12
4,vote,15,9
4,execute,12,VILLAGER
4,guard,6,13,MEDIUM
4,attackVote,7,13
4,attack,13,false
5,status,1,VILLAGER,DEAD,OKAMI
5,status,2,VILLAGER,DEAD,HALU
5,status,3,VILLAGER,ALIVE,HALU
5,status,4,WEREWOLF,DEAD,sample_py
5,status,5,WEREWOLF,DEAD,TOKU0
5,status,6,BODYGUARD,ALIVE,Tomato5
5,status,7,WEREWOLF,ALIVE,SampleJava13
5,status,8,SEER,ALIVE,sample_py
5,status,9,VILLAGER,ALIVE,TOKU10
5,status,10,POSSESSED,DEAD,TOKU12
5,status,11,VILLAGER,ALIVE,Tomato11
5,status,12,VILLAGER,DEAD,TOKU7
5,status,13,MEDIUM,ALIVE,TOKU4
5,status,14,VILLAGER,ALIVE,TOKU2
5,status,15,VILLAGER,ALIVE,HALU
5,talk,0,0,9,VOTE Agent[15]
5,talk,1,0,7,VOTE Agent[06]
5,talk,2,0,3,VOTE Agent[07]
5,talk,3,0,8,VOTE Agent[15]
5,talk,4,0,6,VOTE Agent[08]
5,talk,5,0,14,VOTE Agent[15]
5,talk,6,0,13,IDENTIFIED Agent[12] HUMAN
5,talk,7,0,15,VOTE Agent[06]
5,talk,8,0,11,VOTE Agent[06]
5,talk,9,1,7,REQUEST ANY (VOTE Agent[06])
5,talk,10,1,11,Skip
5,talk,11,1,6,Skip
5,talk,12,1,8,Skip
5,talk,13,1,9,Skip
5,talk,14,1,3,VOTE Agent[07]
5,talk,15,1,13,VOTE Agent[15]
5,talk,16,1,14,Skip
5,talk,17,1,15,VOTE Agent[06]
5,talk,18,2,13,VOTE Agent[09]
5,talk,19,2,11,Skip
5,talk,20,2,14,VOTE Agent[09]
5,talk,21,2,6,Skip
5,talk,22,2,8,Skip
5,talk,23,2,7,Skip
5,talk,24,2,9,Skip
5,talk,25,2,3,VOTE Agent[15]
5,talk,26,2,15,VOTE Agent[06]
5,talk,27,3,13,Skip
5,talk,28,3,8,Over
5,talk,29,3,11,Over
5,talk,30,3,3,VOTE Agent[06]
5,talk,31,3,7,Skip
5,talk,32,3,15,VOTE Agent[06]
5,talk,33,3,14,Skip
5,talk,34,3,9,Over
5,talk,35,3,6,Over
5,talk,36,4,7,Over
5,talk,37,4,11,Over
5,talk,38,4,6,Over
5,talk,39,4,15,VOTE Agent[06]
5,talk,40,4,3,VOTE Agent[15]
5,talk,41,4,8,Over
5,talk,42,4,13,Skip
5,talk,43,4,14,Skip
5,talk,44,4,9,Over
5,talk,45,5,8,Over
5,talk,46,5,7,Over
5,talk,47,5,9,Over
5,talk,48,5,13,Over
5,talk,49,5,14,Over
5,talk,50,5,6,Over
5,talk,51,5,3,VOTE Agent[06]
5,talk,52,5,15,VOTE Agent[06]
5,talk,53,5,11,Over
5,talk,54,6,9,Over
5,talk,55,6,6,Over
5,talk,56,6,8,Over
5,talk,57,6,15,VOTE Agent[06]
5,talk,58,6,11,Over
5,talk,59,6,13,Over
5,talk,60,6,14,Over
5,talk,61,6,7,Over
5,talk,62,6,3,VOTE Agent[15]
5,talk,63,7,3,VOTE Agent[15]
5,talk,64,7,15,VOTE Agent[06]
5,talk,65,7,11,Over
5,talk,66,7,14,Over
5,talk,67,7,8,Over
5,talk,68,7,6,Over
5,talk,69,7,7,Over
5,talk,70,7,9,Over
5,talk,71,7,13,Over
5,talk,72,8,15,VOTE Agent[06]
5,talk,73,8,14,Over
5,talk,74,8,11,Over
5,talk,75,8,13,Over
5,talk,76,8,6,Over
5,talk,77,8,3,VOTE Agent[15]
5,talk,78,8,7,Over
5,talk,79,8,8,Over
5,talk,80,8,9,Over
5,talk,81,9,9,Over
5,talk,82,9,7,Over
5,talk,83,9,8,Over
5,talk,84,9,14,Over
5,talk,85,9,6,Over
5,talk,86,9,11,Over
5,talk,87,9,15,Over
5,talk,88,9,3,Over
5,talk,89,9,13,Over
5,vote,3,15
5,vote,6,8
5,vote,7,6
5,vote,8,15
5,vote,9,15
5,vote,11,6
5,vote,13,9
5,vote,14,9
5,vote,15,6
5,vote,3,6
5,vote,6,8
5,vote,7,6
5,vote,8,15
5,vote,9,15
5,vote,11,6
5,vote,13,9
5,vote,14,9
5,vote,15,6
5,execute,6,BODYGUARD
5,attackVote,7,13
5,attack,13,true
6,status,1,VILLAGER,DEAD,OKAMI
6,status,2,VILLAGER,DEAD,HALU
6,status,3,VILLAGER,ALIVE,HALU
6,status,4,WEREWOLF,DEAD,sample_py
6,status,5,WEREWOLF,DEAD,TOKU0
6,status,6,BODYGUARD,DEAD,Tomato5
6,status,7,WEREWOLF,ALIVE,SampleJava13
6,status,8,SEER,ALIVE,sample_py
6,status,9,VILLAGER,ALIVE,TOKU10
6,status,10,POSSESSED,DEAD,TOKU12
6,status,11,VILLAGER,ALIVE,Tomato11
6,status,12,VILLAGER,DEAD,TOKU7
6,status,13,MEDIUM,DEAD,TOKU4
6,status,14,VILLAGER,ALIVE,TOKU2
6,status,15,VILLAGER,ALIVE,HALU
6,talk,0,0,7,VOTE Agent[13]
6,talk,1,0,15,VOTE Agent[07]
6,talk,2,0,3,VOTE Agent[07]
6,talk,3,0,11,VOTE Agent[08]
6,talk,4,0,9,VOTE Agent[15]
6,talk,5,0,14,VOTE Agent[09]
6,talk,6,0,8,VOTE Agent[15]
6,talk,7,1,7,REQUEST ANY (VOTE Agent[13])
6,talk,8,1,9,VOTE Agent[08]
6,talk,9,1,14,Skip
6,talk,10,1,15,VOTE Agent[03]
6,talk,11,1,8,Skip
6,talk,12,1,3,VOTE Agent[07]
6,talk,13,1,11,Skip
6,talk,14,2,3,VOTE Agent[07]
6,talk,15,2,9,Skip
6,talk,16,2,14,VOTE Agent[08]
6,talk,17,2,15,VOTE Agent[07]
6,talk,18,2,8,Skip
6,talk,19,2,11,Skip
6,talk,20,2,7,Skip
6,talk,21,3,8,Over
6,talk,22,3,14,Skip
6,talk,23,3,7,Skip
6,talk,24,3,11,Over
6,talk,25,3,3,VOTE Agent[15]
6,talk,26,3,9,Skip
6,talk,27,3,15,VOTE Agent[07]
6,talk,28,4,9,Over
6,talk,29,4,15,VOTE Agent[07]
6,talk,30,4,7,Over
6,talk,31,4,14,Skip
6,talk,32,4,8,Over
6,talk,33,4,3,VOTE Agent[07]
6,talk,34,4,11,Over
6,talk,35,5,14,Over
6,talk,36,5,15,VOTE Agent[07]
6,talk,37,5,3,VOTE Agent[15]
6,talk,38,5,7,Over
6,talk,39,5,8,Over
6,talk,40,5,9,Over
6,talk,41,5,11,Over
6,talk,42,6,3,VOTE Agent[15]
6,talk,43,6,8,Over
6,talk,44,6,15,VOTE Agent[07]
6,talk,45,6,7,Over
6,talk,46,6,9,Over
6,talk,47,6,14,Over
6,talk,48,6,11,Over
6,talk,49,7,3,VOTE Agent[07]
6,talk,50,7,15,VOTE Agent[03]
6,talk,51,7,7,Over
6,talk,52,7,9,Over
6,talk,53,7,14,Over
6,talk,54,7,8,Over
6,talk,55,7,11,Over
6,talk,56,8,3,VOTE Agent[07]
6,talk,57,8,9,Over
6,talk,58,8,15,VOTE Agent[07]
6,talk,59,8,8,Over
6,talk,60,8,11,Over
6,talk,61,8,7,Over
6,talk,62,8,14,Over
6,talk,63,9,14,Over
6,talk,64,9,9,Over
6,talk,65,9,15,Over
6,talk,66,9,11,Over
6,talk,67,9,7,Over
6,talk,68,9,3,Over
6,talk,69,9,8,Over
6,vote,3,7
6,vote,7,8
6,vote,8,15
6,vote,9,8
6,vote,11,8
6,vote,14,8
6,vote,15,7
6,execute,8,SEER
6,attackVote,7,3
6,attack,3,true
7,status,1,VILLAGER,DEAD,OKAMI
7,status,2,VILLAGER,DEAD,HALU
7,status,3,VILLAGER,DEAD,HALU
7,status,4,WEREWOLF,DEAD,sample_py
7,status,5,WEREWOLF,DEAD,TOKU0
7,status,6,BODYGUARD,DEAD,Tomato5
7,status,7,WEREWOLF,ALIVE,SampleJava13
7,status,8,SEER,DEAD,sample_py
7,status,9,VILLAGER,ALIVE,TOKU10
7,status,10,POSSESSED,DEAD,TOKU12
7,status,11,VILLAGER,ALIVE,Tomato11
7,status,12,VILLAGER,DEAD,TOKU7
7,status,13,MEDIUM,DEAD,TOKU4
7,status,14,VILLAGER,ALIVE,TOKU2
7,status,15,VILLAGER,ALIVE,HALU
7,talk,0,0,11,VOTE Agent[07]
7,talk,1,0,7,VOTE Agent[13]
7,talk,2,0,15,VOTE Agent[07]
7,talk,3,0,9,VOTE Agent[07]
7,talk,4,0,14,VOTE Agent[09]
7,talk,5,1,14,Skip
7,talk,6,1,7,REQUEST ANY (VOTE Agent[13])
7,talk,7,1,15,VOTE Agent[07]
7,talk,8,1,11,Skip
7,talk,9,1,9,Skip
7,talk,10,2,7,Skip
7,talk,11,2,15,VOTE Agent[07]
7,talk,12,2,14,Skip
7,talk,13,2,9,Skip
7,talk,14,2,11,Skip
7,talk,15,3,9,Over
7,talk,16,3,11,Over
7,talk,17,3,15,VOTE Agent[07]
7,talk,18,3,7,Skip
7,talk,19,3,14,Over
7,talk,20,4,14,Over
7,talk,21,4,9,Over
7,talk,22,4,7,Over
7,talk,23,4,11,Over
7,talk,24,4,15,VOTE Agent[07]
7,talk,25,5,11,Over
7,talk,26,5,7,Over
7,talk,27,5,9,Over
7,talk,28,5,15,VOTE Agent[07]
7,talk,29,5,14,Over
7,talk,30,6,9,Over
7,talk,31,6,7,Over
7,talk,32,6,11,Over
7,talk,33,6,14,Over
7,talk,34,6,15,VOTE Agent[07]
7,talk,35,7,11,Over
7,talk,36,7,14,Over
7,talk,37,7,15,VOTE Agent[07]
7,talk,38,7,7,Over
7,talk,39,7,9,Over
7,talk,40,8,7,Over
7,talk,41,8,15,VOTE Agent[07]
7,talk,42,8,14,Over
7,talk,43,8,11,Over
7,talk,44,8,9,Over
7,talk,45,9,9,Over
7,talk,46,9,11,Over
7,talk,47,9,14,Over
7,talk,48,9,7,Over
7,talk,49,9,15,Over
7,vote,7,9
7,vote,9,7
7,vote,11,7
7,vote,14,7
7,vote,15,7
7,execute,7,WEREWOLF
8,status,1,VILLAGER,DEAD,OKAMI
8,status,2,VILLAGER,DEAD,HALU
8,status,3,VILLAGER,DEAD,HALU
8,status,4,WEREWOLF,DEAD,sample_py
8,status,5,WEREWOLF,DEAD,TOKU0
8,status,6,BODYGUARD,DEAD,Tomato5
8,status,7,WEREWOLF,DEAD,SampleJava13
8,status,8,SEER,DEAD,sample_py
8,status,9,VILLAGER,ALIVE,TOKU10
8,status,10,POSSESSED,DEAD,TOKU12
8,status,11,VILLAGER,ALIVE,Tomato11
8,status,12,VILLAGER,DEAD,TOKU7
8,status,13,MEDIUM,DEAD,TOKU4
8,status,14,VILLAGER,ALIVE,TOKU2
8,status,15,VILLAGER,ALIVE,HALU
8,result,4,0,VILLAGER
