0,status,1,VILLAGER,ALIVE,OKAMI
0,status,2,BODYGUARD,ALIVE,HALU
0,status,3,VILLAGER,ALIVE,HALU
0,status,4,WEREWOLF,ALIVE,sample_py
0,status,5,VILLAGER,ALIVE,TOKU0
0,status,6,WEREWOLF,ALIVE,Tomato5
0,status,7,VILLAGER,ALIVE,SampleJava13
0,status,8,VILLAGER,ALIVE,sample_py
0,status,9,SEER,ALIVE,TOKU10
0,status,10,VILLAGER,ALIVE,TOKU12
0,status,11,VILLAGER,ALIVE,Tomato11
0,status,12,WEREWOLF,ALIVE,TOKU7
0,status,13,POSSESSED,ALIVE,TOKU4
0,status,14,MEDIUM,ALIVE,TOKU2
0,status,15,VILLAGER,ALIVE,HALU
0,whisper,0,0,12,Skip
0,whisper,1,0,4,COMINGOUT Agent[04] VILLAGER
0,whisper,2,0,6,COMINGOUT Agent[06] SEER
0,whisper,3,1,6,Skip
0,whisper,4,1,12,Skip
0,whisper,5,1,4,COMINGOUT Agent[04] VILLAGER
0,whisper,6,2,12,Over
0,whisper,7,2,4,COMINGOUT Agent[04] VILLAGER
0,whisper,8,2,6,Skip
0,whisper,9,3,4,COMINGOUT Agent[04] VILLAGER
0,whisper,10,3,6,Over
0,whisper,11,3,12,Over
0,whisper,12,4,12,Over
0,whisper,13,4,4,COMINGOUT Agent[04] VILLAGER
0,whisper,14,4,6,Over
0,whisper,15,5,6,Over
0,whisper,16,5,4,COMINGOUT Agent[04] VILLAGER
0,whisper,17,5,12,Over
0,whisper,18,6,6,Over
0,whisper,19,6,4,COMINGOUT Agent[04] VILLAGER
0,whisper,20,6,12,Over
0,whisper,21,7,6,Over
0,whisper,22,7,4,COMINGOUT Agent[04] VILLAGER
0,whisper,23,7,12,Over
0,whisper,24,8,4,COMINGOUT Agent[04] VILLAGER
0,whisper,25,8,6,Over
0,whisper,26,8,12,Over
0,whisper,27,9,12,Over
0,whisper,28,9,4,COMINGOUT Agent[04] VILLAGER
0,whisper,29,9,6,Over
0,whisper,30,10,6,Over
0,whisper,31,10,12,Over
0,whisper,32,10,4,Over
0,divine,9,3,HUMAN
1,status,1,VILLAGER,ALIVE,OKAMI
1,status,2,BODYGUARD,ALIVE,HALU
1,status,3,VILLAGER,ALIVE,HALU
1,status,4,WEREWOLF,ALIVE,sample_py
1,status,5,VILLAGER,ALIVE,TOKU0
1,status,6,WEREWOLF,ALIVE,Tomato5
1,status,7,VILLAGER,ALIVE,SampleJava13
1,status,8,VILLAGER,ALIVE,sample_py
1,status,9,SEER,ALIVE,TOKU10
1,status,10,VILLAGER,ALIVE,TOKU12
1,status,11,VILLAGER,ALIVE,Tomato11
1,status,12,WEREWOLF,ALIVE,TOKU7
1,status,13,POSSESSED,ALIVE,TOKU4
1,status,14,MEDIUM,ALIVE,TOKU2
1,status,15,VILLAGER,ALIVE,HALU
1,talk,0,0,9,COMINGOUT Agent[09] SEER
1,talk,1,0,2,VOTE Agent[07]
1,talk,2,0,14,COMINGOUT Agent[14] MEDIUM
1,talk,3,0,3,VOTE Agent[02]
1,talk,4,0,1,VOTE Agent[02]
1,talk,5,0,12,VOTE Agent[14]
1,talk,6,0,15,VOTE Agent[12]
1,talk,7,0,6,COMINGOUT Agent[06] SEER
1,talk,8,0,4,VOTE Agent[08]
1,talk,9,0,13,COMINGOUT Agent[13] SEER
1,talk,10,0,7,VOTE Agent[10]
1,talk,11,0,11,VOTE Agent[02]
1,talk,12,0,5,VOTE Agent[06]
1,talk,13,0,8,VOTE Agent[11]
1,talk,14,0,10,VOTE Agent[14]
1,talk,15,1,3,VOTE Agent[05]
1,talk,16,1,11,VOTE Agent[14]
1,talk,17,1,1,COMINGOUT Agent[01] VILLAGER
1,talk,18,1,14,VOTE Agent[06]
1,talk,19,1,5,Skip
1,talk,20,1,12,VOTE Agent[07]
1,talk,21,1,13,DIVINED Agent[05] WEREWOLF
1,talk,22,1,9,DIVINED Agent[03] HUMAN
1,talk,23,1,4,VOTE Agent[01]
1,talk,24,1,7,REQUEST ANY (VOTE Agent[10])
1,talk,25,1,15,VOTE Agent[01]
1,talk,26,1,8,VOTE Agent[05]
1,talk,27,1,6,DIVINED Agent[10] HUMAN
1,talk,28,1,10,VOTE Agent[13]
1,talk,29,1,2,VOTE Agent[13]
1,talk,30,2,10,VOTE Agent[06]
1,talk,31,2,14,Skip
1,talk,32,2,5,Skip
1,talk,33,2,2,VOTE Agent[13]
1,talk,34,2,9,VOTE Agent[06]
1,talk,35,2,12,Skip
1,talk,36,2,7,Skip
1,talk,37,2,1,VOTE Agent[13]
1,talk,38,2,11,VOTE Agent[06]
1,talk,39,2,13,VOTE Agent[05]
1,talk,40,2,6,VOTE Agent[05]
1,talk,41,2,4,Skip
1,talk,42,2,3,VOTE Agent[06]
1,talk,43,2,15,VOTE Agent[06]
1,talk,44,2,8,Skip
1,talk,45,3,13,Skip
1,talk,46,3,15,VOTE Agent[06]
1,talk,47,3,8,Skip
1,talk,48,3,5,Over
1,talk,49,3,7,Skip
1,talk,50,3,14,Skip
1,talk,51,3,2,VOTE Agent[06]
1,talk,52,3,4,Skip
1,talk,53,3,6,Skip
1,talk,54,3,11,Skip
1,talk,55,3,12,VOTE Agent[06]
1,talk,56,3,1,VOTE Agent[06]
1,talk,57,3,9,VOTE Agent[06]
1,talk,58,3,10,Skip
1,talk,59,3,3,VOTE Agent[06]
1,talk,60,4,1,VOTE Agent[06]
1,talk,61,4,10,Skip
1,talk,62,4,13,Skip
1,talk,63,4,8,Over
1,talk,64,4,11,Skip
1,talk,65,4,6,Skip
1,talk,66,4,15,VOTE Agent[06]
1,talk,67,4,14,Over
1,talk,68,4,2,VOTE Agent[06]
1,talk,69,4,5,Over
1,talk,70,4,9,VOTE Agent[06]
1,talk,71,4,3,VOTE Agent[06]
1,talk,72,4,4,Over
1,talk,73,4,7,Over
1,talk,74,4,12,Skip
1,talk,75,5,9,VOTE Agent[06]
1,talk,76,5,5,Over
1,talk,77,5,14,Over
1,talk,78,5,10,Over
1,talk,79,5,8,Over
1,talk,80,5,1,VOTE Agent[06]
1,talk,81,5,3,VOTE Agent[06]
1,talk,82,5,2,VOTE Agent[06]
1,talk,83,5,4,Over
1,talk,84,5,12,Skip
1,talk,85,5,13,Over
1,talk,86,5,15,VOTE Agent[06]
1,talk,87,5,11,Over
1,talk,88,5,7,Over
1,talk,89,5,6,Over
1,talk,90,6,8,Over
1,talk,91,6,12,Over
1,talk,92,6,9,VOTE Agent[06]
1,talk,93,6,4,Over
1,talk,94,6,7,Over
1,talk,95,6,2,VOTE Agent[09]
1,talk,96,6,3,VOTE Agent[09]
1,talk,97,6,5,Over
1,talk,98,6,10,Over
1,talk,99,6,1,VOTE Agent[09]
1,talk,100,6,6,Over
1,talk,101,6,13,Over
1,talk,102,6,14,Over
1,talk,103,6,15,VOTE Agent[06]
1,talk,104,6,11,VOTE Agent[09]
1,talk,105,7,2,VOTE Agent[06]
1,talk,106,7,3,VOTE Agent[06]
1,talk,107,7,12,Over
1,talk,108,7,8,Over
1,talk,109,7,10,Over
1,talk,110,7,5,Over
1,talk,111,7,13,Over
1,talk,112,7,11,VOTE Agent[06]
1,talk,113,7,15,VOTE Agent[06]
1,talk,114,7,7,Over
1,talk,115,7,9,VOTE Agent[06]
1,talk,116,7,4,Over
1,talk,117,7,14,Over
1,talk,118,7,1,VOTE Agent[06]
1,talk,119,7,6,Over
1,talk,120,8,14,Over
1,talk,121,8,7,Over
1,talk,122,8,8,Over
1,talk,123,8,6,Over
1,talk,124,8,15,VOTE Agent[06]
1,talk,125,8,9,VOTE Agent[06]
1,talk,126,8,3,VOTE Agent[09]
1,talk,127,8,13,Over
1,talk,128,8,11,Skip
1,talk,129,8,10,Over
1,talk,130,8,1,VOTE Agent[09]
1,talk,131,8,5,Over
1,talk,132,8,2,VOTE Agent[06]
1,talk,133,8,4,Over
1,talk,134,8,12,Over
1,talk,135,9,12,Over
1,talk,136,9,13,Over
1,talk,137,9,7,Over
1,talk,138,9,11,Skip
1,talk,139,9,14,Over
1,talk,140,9,15,Over
1,talk,141,9,2,Over
1,talk,142,9,10,Over
1,talk,143,9,6,Over
1,talk,144,9,4,Over
1,talk,145,9,9,VOTE Agent[06]
1,talk,146,9,1,Over
1,talk,147,9,5,Over
1,talk,148,9,3,Over
1,talk,149,9,8,Over
1,talk,150,10,15,Over
1,talk,151,10,3,Over
1,talk,152,10,14,Over
1,talk,153,10,7,Over
1,talk,154,10,8,Over
1,talk,155,10,13,Over
1,talk,156,10,10,Over
1,talk,157,10,6,Over
1,talk,158,10,12,Over
1,talk,159,10,1,Over
1,talk,160,10,9,Over
1,talk,161,10,5,Over
1,talk,162,10,4,Over
1,talk,163,10,11,VOTE Agent[05]
1,talk,164,10,2,Over
1,talk,165,11,8,Over
1,talk,166,11,1,Over
1,talk,167,11,14,Over
1,talk,168,11,5,Over
1,talk,169,11,4,Over
1,talk,170,11,12,Over
1,talk,171,11,11,Skip
1,talk,172,11,9,Over
1,talk,173,11,7,Over
1,talk,174,11,13,Over
1,talk,175,11,3,Over
1,talk,176,11,2,Over
1,talk,177,11,6,Over
1,talk,178,11,15,Over
1,talk,179,11,10,Over
1,talk,180,12,3,Over
1,talk,181,12,7,Over
1,talk,182,12,9,Over
1,talk,183,12,5,Over
1,talk,184,12,11,Skip
1,talk,185,12,8,Over
1,talk,186,12,15,Over
1,talk,187,12,6,Over
1,talk,188,12,2,Over
1,talk,189,12,14,Over
1,talk,190,12,10,Over
1,talk,191,12,4,Over
1,talk,192,12,13,Over
1,talk,193,12,1,Over
1,talk,194,12,12,Over
1,talk,195,13,14,Over
1,talk,196,13,15,Over
1,talk,197,13,3,Over
1,talk,198,13,13,Over
1,talk,199,13,8,Over
1,talk,200,13,9,Over
1,talk,201,13,4,Over
1,talk,202,13,12,Over
1,talk,203,13,5,Over
1,talk,204,13,7,Over
1,talk,205,13,6,Over
1,talk,206,13,10,Over
1,talk,207,13,11,Over
1,talk,208,13,1,Over
1,talk,209,13,2,Over
1,vote,1,9
1,vote,2,9
1,vote,3,9
1,vote,4,1
1,vote,5,6
1,vote,6,5
1,vote,7,3
1,vote,8,5
1,vote,9,6
1,vote,10,6
1,vote,11,5
1,vote,12,6
1,vote,13,5
1,vote,14,6
1,vote,15,9
1,execute,6,WEREWOLF
1,divine,9,10,HUMAN
1,whisper,0,0,4,ATTACK Agent[09]
1,whisper,1,0,12,Skip
1,whisper,2,1,12,Skip
1,whisper,3,1,4,Skip
1,whisper,4,2,4,Skip
1,whisper,5,2,12,Over
1,whisper,6,3,12,Over
1,whisper,7,3,4,Over
1,guard,2,14,MEDIUM
1,attackVote,4,9
1,attackVote,12,13
1,attackVote,4,9
1,attackVote,12,13
1,attack,13,true
2,status,1,VILLAGER,ALIVE,OKAMI
2,status,2,BODYGUARD,ALIVE,HALU
2,status,3,VILLAGER,ALIVE,HALU
2,status,4,WEREWOLF,ALIVE,sample_py
2,status,5,VILLAGER,ALIVE,TOKU0
2,status,6,WEREWOLF,DEAD,Tomato5
2,status,7,VILLAGER,ALIVE,SampleJava13
2,status,8,VILLAGER,ALIVE,sample_py
2,status,9,SEER,ALIVE,TOKU10
2,status,10,VILLAGER,ALIVE,TOKU12
2,status,11,VILLAGER,ALIVE,Tomato11
2,status,12,WEREWOLF,ALIVE,TOKU7
2,status,13,POSSESSED,DEAD,TOKU4
2,status,14,MEDIUM,ALIVE,TOKU2
2,status,15,VILLAGER,ALIVE,HALU
2,talk,0,0,3,VOTE Agent[09]
2,talk,1,0,12,VOTE Agent[10]
2,talk,2,0,10,VOTE Agent[08]
2,talk,3,0,2,VOTE Agent[09]
2,talk,4,0,8,VOTE Agent[05]
2,talk,5,0,14,IDENTIFIED Agent[06] WEREWOLF
2,talk,6,0,15,VOTE Agent[01]
2,talk,7,0,1,VOTE Agent[05]
2,talk,8,0,5,VOTE Agent[10]
2,talk,9,0,9,DIVINED Agent[10] HUMAN
2,talk,10,0,11,VOTE Agent[10]
2,talk,11,0,7,VOTE Agent[04]
2,talk,12,0,4,VOTE Agent[01]
2,talk,13,1,2,VOTE Agent[01]
2,talk,14,1,11,VOTE Agent[01]
2,talk,15,1,3,VOTE Agent[01]
2,talk,16,1,9,VOTE Agent[04]
2,talk,17,1,12,VOTE Agent[07]
2,talk,18,1,5,VOTE Agent[12]
2,talk,19,1,15,VOTE Agent[01]
2,talk,20,1,8,Skip
2,talk,21,1,4,Skip
2,talk,22,1,14,VOTE Agent[04]
2,talk,23,1,10,VOTE Agent[07]
2,talk,24,1,1,COMINGOUT Agent[01] VILLAGER
2,talk,25,1,7,REQUEST ANY (VOTE Agent[04])
2,talk,26,2,12,VOTE Agent[11]
2,talk,27,2,10,VOTE Agent[11]
2,talk,28,2,11,Skip
2,talk,29,2,3,VOTE Agent[01]
2,talk,30,2,14,VOTE Agent[11]
2,talk,31,2,4,Skip
2,talk,32,2,2,VOTE Agent[01]
2,talk,33,2,1,VOTE Agent[05]
2,talk,34,2,8,Skip
2,talk,35,2,5,VOTE Agent[11]
2,talk,36,2,7,Skip
2,talk,37,2,9,VOTE Agent[11]
2,talk,38,2,15,VOTE Agent[01]
2,talk,39,3,12,Skip
2,talk,40,3,11,Skip
2,talk,41,3,7,Skip
2,talk,42,3,14,VOTE Agent[12]
2,talk,43,3,15,VOTE Agent[01]
2,talk,44,3,1,VOTE Agent[05]
2,talk,45,3,9,VOTE Agent[12]
2,talk,46,3,3,VOTE Agent[01]
2,talk,47,3,10,VOTE Agent[12]
2,talk,48,3,8,Over
2,talk,49,3,2,VOTE Agent[01]
2,talk,50,3,4,Over
2,talk,51,3,5,VOTE Agent[12]
2,talk,52,4,7,Over
2,talk,53,4,14,Skip
2,talk,54,4,4,Over
2,talk,55,4,12,Skip
2,talk,56,4,11,VOTE Agent[12]
2,talk,57,4,10,Skip
2,talk,58,4,3,VOTE Agent[01]
2,talk,59,4,5,Skip
2,talk,60,4,2,VOTE Agent[01]
2,talk,61,4,9,VOTE Agent[12]
2,talk,62,4,15,VOTE Agent[01]
2,talk,63,4,1,VOTE Agent[05]
2,talk,64,4,8,Over
2,talk,65,5,4,Over
2,talk,66,5,12,Over
2,talk,67,5,7,Over
2,talk,68,5,10,Skip
2,talk,69,5,5,Skip
2,talk,70,5,11,VOTE Agent[01]
2,talk,71,5,9,VOTE Agent[12]
2,talk,72,5,15,VOTE Agent[01]
2,talk,73,5,8,Over
2,talk,74,5,2,VOTE Agent[01]
2,talk,75,5,14,Skip
2,talk,76,5,3,VOTE Agent[01]
2,talk,77,5,1,VOTE Agent[05]
2,talk,78,6,14,Over
2,talk,79,6,1,VOTE Agent[05]
2,talk,80,6,9,VOTE Agent[12]
2,talk,81,6,2,VOTE Agent[01]
2,talk,82,6,10,Over
2,talk,83,6,5,Over
2,talk,84,6,8,Over
2,talk,85,6,7,Over
2,talk,86,6,12,Over
2,talk,87,6,11,VOTE Agent[12]
2,talk,88,6,3,VOTE Agent[01]
2,talk,89,6,15,VOTE Agent[01]
2,talk,90,6,4,Over
2,talk,91,7,9,VOTE Agent[12]
2,talk,92,7,3,VOTE Agent[01]
2,talk,93,7,10,Over
2,talk,94,7,11,Skip
2,talk,95,7,12,Over
2,talk,96,7,2,VOTE Agent[01]
2,talk,97,7,14,Over
2,talk,98,7,5,Over
2,talk,99,7,7,Over
2,talk,100,7,15,VOTE Agent[01]
2,talk,101,7,1,VOTE Agent[05]
2,talk,102,7,8,Over
2,talk,103,7,4,Over
2,talk,104,8,1,VOTE Agent[05]
2,talk,105,8,9,VOTE Agent[12]
2,talk,106,8,3,VOTE Agent[01]
2,talk,107,8,12,Over
2,talk,108,8,7,Over
2,talk,109,8,2,VOTE Agent[01]
2,talk,110,8,8,Over
2,talk,111,8,10,Over
2,talk,112,8,5,Over
2,talk,113,8,14,Over
2,talk,114,8,15,VOTE Agent[01]
2,talk,115,8,11,VOTE Agent[01]
2,talk,116,8,4,Over
2,talk,117,9,4,Over
2,talk,118,9,9,VOTE Agent[12]
2,talk,119,9,10,Over
2,talk,120,9,11,Skip
2,talk,121,9,2,Over
2,talk,122,9,3,Over
2,talk,123,9,5,Over
2,talk,124,9,1,Over
2,talk,125,9,7,Over
2,talk,126,9,8,Over
2,talk,127,9,12,Over
2,talk,128,9,14,Over
2,talk,129,9,15,Over
2,talk,130,10,12,Over
2,talk,131,10,3,Over
2,talk,132,10,15,Over
2,talk,133,10,8,Over
2,talk,134,10,10,Over
2,talk,135,10,1,Over
2,talk,136,10,4,Over
2,talk,137,10,14,Over
2,talk,138,10,5,Over
2,talk,139,10,9,Over
2,talk,140,10,11,VOTE Agent[12]
2,talk,141,10,2,Over
2,talk,142,10,7,Over
2,talk,143,11,1,Over
2,talk,144,11,5,Over
2,talk,145,11,10,Over
2,talk,146,11,2,Over
2,talk,147,11,7,Over
2,talk,148,11,15,Over
2,talk,149,11,11,VOTE Agent[01]
2,talk,150,11,9,Over
2,talk,151,11,3,Over
2,talk,152,11,12,Over
2,talk,153,11,14,Over
2,talk,154,11,4,Over
2,talk,155,11,8,Over
2,talk,156,12,4,Over
2,talk,157,12,14,Over
2,talk,158,12,9,Over
2,talk,159,12,7,Over
2,talk,160,12,12,Over
2,talk,161,12,10,Over
2,talk,162,12,2,Over
2,talk,163,12,8,Over
2,talk,164,12,1,Over
2,talk,165,12,15,Over
2,talk,166,12,5,Over
2,talk,167,12,3,Over
2,talk,168,12,11,VOTE Agent[12]
2,talk,169,13,7,Over
2,talk,170,13,4,Over
2,talk,171,13,3,Over
2,talk,172,13,14,Over
2,talk,173,13,11,VOTE Agent[01]
2,talk,174,13,15,Over
2,talk,175,13,1,Over
2,talk,176,13,12,Over
2,talk,177,13,5,Over
2,talk,178,13,9,Over
2,talk,179,13,8,Over
2,talk,180,13,10,Over
2,talk,181,13,2,Over
2,talk,182,14,12,Over
2,talk,183,14,5,Over
2,talk,184,14,14,Over
2,talk,185,14,15,Over
2,talk,186,14,3,Over
2,talk,187,14,2,Over
2,talk,188,14,8,Over
2,talk,189,14,11,Over
2,talk,190,14,10,Over
2,talk,191,14,4,Over
2,talk,192,14,9,Over
2,talk,193,14,1,Over
2,talk,194,14,7,Over
2,vote,1,5
2,vote,2,1
2,vote,3,1
2,vote,4,1
2,vote,5,12
2,vote,7,8
2,vote,8,5
2,vote,9,12
2,vote,10,12
2,vote,11,1
2,vote,12,11
2,vote,14,12
2,vote,15,1
2,execute,1,VILLAGER
2,divine,9,12,WEREWOLF
2,whisper,0,0,12,Skip
2,whisper,1,0,4,ATTACK Agent[14]
2,whisper,2,1,12,Skip
2,whisper,3,1,4,Skip
2,whisper,4,2,4,Skip
2,whisper,5,2,12,Over
2,whisper,6,3,12,Over
2,whisper,7,3,4,Over
2,guard,2,14,MEDIUM
2,attackVote,4,14
2,attackVote,12,9
2,attackVote,4,14
2,attackVote,12,9
2,attack,14,false
3,status,1,VILLAGER,DEAD,OKAMI
3,status,2,BODYGUARD,ALIVE,HALU
3,status,3,VILLAGER,ALIVE,HALU
3,status,4,WEREWOLF,ALIVE,sample_py
3,status,5,VILLAGER,ALIVE,TOKU0
3,status,6,WEREWOLF,DEAD,Tomato5
3,status,7,VILLAGER,ALIVE,SampleJava13
3,status,8,VILLAGER,ALIVE,sample_py
3,status,9,SEER,ALIVE,TOKU10
3,status,10,VILLAGER,ALIVE,TOKU12
3,status,11,VILLAGER,ALIVE,Tomato11
3,status,12,WEREWOLF,ALIVE,TOKU7
3,status,13,POSSESSED,DEAD,TOKU4
3,status,14,MEDIUM,ALIVE,TOKU2
3,status,15,VILLAGER,ALIVE,HALU
3,talk,0,0,9,DIVINED Agent[12] WEREWOLF
3,talk,1,0,11,VOTE Agent[04]
3,talk,2,0,3,VOTE Agent[05]
3,talk,3,0,8,VOTE Agent[12]
3,talk,4,0,10,VOTE Agent[12]
3,talk,5,0,15,VOTE Agent[05]
3,talk,6,0,14,IDENTIFIED Agent[01] HUMAN
3,talk,7,0,5,VOTE Agent[12]
3,talk,8,0,7,VOTE Agent[04]
3,talk,9,0,2,VOTE Agent[05]
3,talk,10,0,4,VOTE Agent[07]
3,talk,11,0,12,VOTE Agent[11]
3,talk,12,1,12,Skip
3,talk,13,1,8,Skip
3,talk,14,1,9,VOTE Agent[12]
3,talk,15,1,3,VOTE Agent[12]
3,talk,16,1,4,Skip
3,talk,17,1,2,VOTE Agent[12]
3,talk,18,1,14,Skip
3,talk,19,1,15,VOTE Agent[12]
3,talk,20,1,7,REQUEST ANY (VOTE Agent[04])
3,talk,21,1,10,Skip
3,talk,22,1,11,Skip
3,talk,23,1,5,Skip
3,talk,24,2,11,Skip
3,talk,25,2,15,VOTE Agent[12]
3,talk,26,2,10,Skip
3,talk,27,2,2,VOTE Agent[12]
3,talk,28,2,3,VOTE Agent[12]
3,talk,29,2,5,Skip
3,talk,30,2,4,Skip
3,talk,31,2,12,VOTE Agent[15]
3,talk,32,2,8,Skip
3,talk,33,2,7,Skip
3,talk,34,2,9,VOTE Agent[12]
3,talk,35,2,14,Skip
3,talk,36,3,10,Over
3,talk,37,3,9,VOTE Agent[12]
3,talk,38,3,3,VOTE Agent[12]
3,talk,39,3,11,Over
3,talk,40,3,15,VOTE Agent[12]
3,talk,41,3,8,Over
3,talk,42,3,5,Over
3,talk,43,3,4,Over
3,talk,44,3,12,VOTE Agent[15]
3,talk,45,3,2,VOTE Agent[12]
3,talk,46,3,7,Skip
3,talk,47,3,14,Over
3,talk,48,4,4,Over
3,talk,49,4,11,Over
3,talk,50,4,10,Over
3,talk,51,4,5,Over
3,talk,52,4,12,VOTE Agent[15]
3,talk,53,4,8,Over
3,talk,54,4,9,VOTE Agent[12]
3,talk,55,4,15,VOTE Agent[12]
3,talk,56,4,7,Over
3,talk,57,4,2,VOTE Agent[12]
3,talk,58,4,3,VOTE Agent[12]
3,talk,59,4,14,Over
3,talk,60,5,9,VOTE Agent[12]
3,talk,61,5,15,VOTE Agent[12]
3,talk,62,5,11,Over
3,talk,63,5,3,VOTE Agent[12]
3,talk,64,5,8,Over
3,talk,65,5,10,Over
3,talk,66,5,2,VOTE Agent[12]
3,talk,67,5,12,VOTE Agent[15]
3,talk,68,5,7,Over
3,talk,69,5,5,Over
3,talk,70,5,4,Over
3,talk,71,5,14,Over
3,talk,72,6,11,Over
3,talk,73,6,4,Over
3,talk,74,6,7,Over
3,talk,75,6,10,Over
3,talk,76,6,8,Over
3,talk,77,6,14,Over
3,talk,78,6,3,VOTE Agent[12]
3,talk,79,6,12,VOTE Agent[15]
3,talk,80,6,15,VOTE Agent[12]
3,talk,81,6,9,VOTE Agent[12]
3,talk,82,6,5,Over
3,talk,83,6,2,VOTE Agent[12]
3,talk,84,7,3,VOTE Agent[12]
3,talk,85,7,8,Over
3,talk,86,7,2,VOTE Agent[12]
3,talk,87,7,5,Over
3,talk,88,7,7,Over
3,talk,89,7,4,Over
3,talk,90,7,12,VOTE Agent[15]
3,talk,91,7,15,VOTE Agent[12]
3,talk,92,7,10,Over
3,talk,93,7,11,Over
3,talk,94,7,9,VOTE Agent[12]
3,talk,95,7,14,Over
3,talk,96,8,2,VOTE Agent[12]
3,talk,97,8,15,VOTE Agent[12]
3,talk,98,8,4,Over
3,talk,99,8,12,VOTE Agent[15]
3,talk,100,8,8,Over
3,talk,101,8,10,Over
3,talk,102,8,14,Over
3,talk,103,8,9,VOTE Agent[12]
3,talk,104,8,3,VOTE Agent[12]
3,talk,105,8,7,Over
3,talk,106,8,11,Over
3,talk,107,8,5,Over
3,talk,108,9,3,Over
3,talk,109,9,2,Over
3,talk,110,9,15,Over
3,talk,111,9,10,Over
3,talk,112,9,5,Over
3,talk,113,9,8,Over
3,talk,114,9,11,Over
3,talk,115,9,14,Over
3,talk,116,9,4,Over
3,talk,117,9,7,Over
3,talk,118,9,12,VOTE Agent[15]
3,talk,119,9,9,VOTE Agent[12]
3,talk,120,10,10,Over
3,talk,121,10,8,Over
3,talk,122,10,7,Over
3,talk,123,10,3,Over
3,talk,124,10,5,Over
3,talk,125,10,9,Over
3,talk,126,10,4,Over
3,talk,127,10,11,Over
3,talk,128,10,2,Over
3,talk,129,10,15,Over
3,talk,130,10,14,Over
3,talk,131,10,12,VOTE Agent[15]
3,talk,132,11,9,Over
3,talk,133,11,8,Over
3,talk,134,11,7,Over
3,talk,135,11,3,Over
3,talk,136,11,2,Over
3,talk,137,11,12,Over
3,talk,138,11,10,Over
3,talk,139,11,4,Over
3,talk,140,11,5,Over
3,talk,141,11,15,Over
3,talk,142,11,11,Over
3,talk,143,11,14,Over
3,vote,2,12
3,vote,3,12
3,vote,4,7
3,vote,5,12
3,vote,7,14
3,vote,8,12
3,vote,9,12
3,vote,10,12
3,vote,11,4
3,vote,12,15
3,vote,14,12
3,vote,15,12
3,execute,12,WEREWOLF
3,divine,9,15,HUMAN
3,guard,2,14,MEDIUM
3,attack,9,true
4,status,1,VILLAGER,DEAD,OKAMI
4,status,2,BODYGUARD,ALIVE,HALU
4,status,3,VILLAGER,ALIVE,HALU
4,status,4,WEREWOLF,ALIVE,sample_py
4,status,5,VILLAGER,ALIVE,TOKU0
4,status,6,WEREWOLF,DEAD,Tomato5
4,status,7,VILLAGER,ALIVE,SampleJava13
4,status,8,VILLAGER,ALIVE,sample_py
4,status,9,SEER,DEAD,TOKU10
4,status,10,VILLAGER,ALIVE,TOKU12
4,status,11,VILLAGER,ALIVE,Tomato11
4,status,12,WEREWOLF,DEAD,TOKU7
4,status,13,POSSESSED,DEAD,TOKU4
4,status,14,MEDIUM,ALIVE,TOKU2
4,status,15,VILLAGER,ALIVE,HALU
4,talk,0,0,10,VOTE Agent[15]
4,talk,1,0,2,VOTE Agent[05]
4,talk,2,0,3,VOTE Agent[05]
4,talk,3,0,4,VOTE Agent[15]
4,talk,4,0,8,VOTE Agent[05]
4,talk,5,0,11,VOTE Agent[04]
4,talk,6,0,14,IDENTIFIED Agent[12] WEREWOLF
4,talk,7,0,5,VOTE Agent[15]
4,talk,8,0,15,VOTE Agent[05]
4,talk,9,0,7,VOTE Agent[03]
4,talk,10,1,5,Skip
4,talk,11,1,11,Skip
4,talk,12,1,8,Skip
4,talk,13,1,14,VOTE Agent[15]
4,talk,14,1,7,REQUEST ANY (VOTE Agent[03])
4,talk,15,1,10,Skip
4,talk,16,1,4,Skip
4,talk,17,1,2,VOTE Agent[05]
4,talk,18,1,15,VOTE Agent[05]
4,talk,19,1,3,VOTE Agent[05]
4,talk,20,2,11,Skip
4,talk,21,2,7,Skip
4,talk,22,2,10,Skip
4,talk,23,2,8,Skip
4,talk,24,2,14,Skip
4,talk,25,2,3,VOTE Agent[05]
4,talk,26,2,4,Skip
4,talk,27,2,5,Skip
4,talk,28,2,2,VOTE Agent[05]
4,talk,29,2,15,VOTE Agent[05]
4,talk,30,3,10,Over
4,talk,31,3,2,VOTE Agent[05]
4,talk,32,3,4,Over
4,talk,33,3,8,Over
4,talk,34,3,14,Skip
4,talk,35,3,11,Over
4,talk,36,3,5,Over
4,talk,37,3,7,Skip
4,talk,38,3,3,VOTE Agent[05]
4,talk,39,3,15,VOTE Agent[05]
4,talk,40,4,11,Over
4,talk,41,4,4,Over
4,talk,42,4,8,Over
4,talk,43,4,15,VOTE Agent[05]
4,talk,44,4,2,VOTE Agent[05]
4,talk,45,4,14,Over
4,talk,46,4,10,Over
4,talk,47,4,3,VOTE Agent[05]
4,talk,48,4,5,Over
4,talk,49,4,7,Over
4,talk,50,5,3,VOTE Agent[05]
4,talk,51,5,5,Over
4,talk,52,5,11,Over
4,talk,53,5,15,VOTE Agent[05]
4,talk,54,5,10,Over
4,talk,55,5,2,VOTE Agent[05]
4,talk,56,5,7,Over
4,talk,57,5,14,Over
4,talk,58,5,4,Over
4,talk,59,5,8,Over
4,talk,60,6,3,VOTE Agent[05]
4,talk,61,6,11,Over
4,talk,62,6,4,Over
4,talk,63,6,8,Over
4,talk,64,6,14,Over
4,talk,65,6,5,Over
4,talk,66,6,10,Over
4,talk,67,6,15,VOTE Agent[05]
4,talk,68,6,7,Over
4,talk,69,6,2,VOTE Agent[05]
4,talk,70,7,4,Over
4,talk,71,7,10,Over
4,talk,72,7,8,Over
4,talk,73,7,7,Over
4,talk,74,7,3,VOTE Agent[05]
4,talk,75,7,5,Over
4,talk,76,7,14,Over
4,talk,77,7,2,VOTE Agent[05]
4,talk,78,7,11,Over
4,talk,79,7,15,VOTE Agent[05]
4,talk,80,8,8,Over
4,talk,81,8,7,Over
4,talk,82,8,3,VOTE Agent[05]
4,talk,83,8,4,Over
4,talk,84,8,10,Over
4,talk,85,8,14,Over
4,talk,86,8,15,VOTE Agent[05]
4,talk,87,8,11,Over
4,talk,88,8,2,VOTE Agent[05]
4,talk,89,8,5,Over
4,talk,90,9,4,Over
4,talk,91,9,14,Over
4,talk,92,9,7,Over
4,talk,93,9,3,Over
4,talk,94,9,5,Over
4,talk,95,9,15,Over
4,talk,96,9,8,Over
4,talk,97,9,2,Over
4,talk,98,9,11,Over
4,talk,99,9,10,Over
4,vote,2,5
4,vote,3,5
4,vote,4,15
4,vote,5,15
4,vote,7,10
4,vote,8,5
4,vote,10,15
4,vote,11,4
4,vote,14,15
4,vote,15,5
4,vote,2,5
4,vote,3,5
4,vote,4,15
4,vote,5,15
4,vote,7,5
4,vote,8,5
4,vote,10,15
4,vote,11,4
4,vote,14,15
4,vote,15,5
4,execute,5,VILLAGER
4,guard,2,14,MEDIUM
4,attack,7,true
5,status,1,VILLAGER,DEAD,OKAMI
5,status,2,BODYGUARD,ALIVE,HALU
5,status,3,VILLAGER,ALIVE,HALU
5,status,4,WEREWOLF,ALIVE,sample_py
5,status,5,VILLAGER,DEAD,TOKU0
5,status,6,WEREWOLF,DEAD,Tomato5
5,status,7,VILLAGER,DEAD,SampleJava13
5,status,8,VILLAGER,ALIVE,sample_py
5,status,9,SEER,DEAD,TOKU10
5,status,10,VILLAGER,ALIVE,TOKU12
5,status,11,VILLAGER,ALIVE,Tomato11
5,status,12,WEREWOLF,DEAD,TOKU7
5,status,13,POSSESSED,DEAD,TOKU4
5,status,14,MEDIUM,ALIVE,TOKU2
5,status,15,VILLAGER,ALIVE,HALU
5,talk,0,0,10,VOTE Agent[15]
5,talk,1,0,3,VOTE Agent[11]
5,talk,2,0,11,VOTE Agent[04]
5,talk,3,0,2,VOTE Agent[11]
5,talk,4,0,14,IDENTIFIED Agent[05] HUMAN
5,talk,5,0,8,VOTE Agent[03]
5,talk,6,0,4,VOTE Agent[15]
5,talk,7,0,15,VOTE Agent[11]
5,talk,8,1,10,Skip
5,talk,9,1,8,Skip
5,talk,10,1,3,VOTE Agent[15]
5,talk,11,1,2,VOTE Agent[15]
5,talk,12,1,4,Skip
5,talk,13,1,15,VOTE Agent[11]
5,talk,14,1,11,Skip
5,talk,15,1,14,Skip
5,talk,16,2,8,Skip
5,talk,17,2,15,VOTE Agent[11]
5,talk,18,2,14,Skip
5,talk,19,2,3,VOTE Agent[02]
5,talk,20,2,2,VOTE Agent[11]
5,talk,21,2,4,Skip
5,talk,22,2,10,Skip
5,talk,23,2,11,Skip
5,talk,24,3,3,VOTE Agent[11]
5,talk,25,3,4,Over
5,talk,26,3,10,Over
5,talk,27,3,11,Over
5,talk,28,3,15,VOTE Agent[11]
5,talk,29,3,14,Over
5,talk,30,3,2,VOTE Agent[08]
5,talk,31,3,8,Over
5,talk,32,4,4,Over
5,talk,33,4,8,Over
5,talk,34,4,2,VOTE Agent[15]
5,talk,35,4,11,Over
5,talk,36,4,10,Over
5,talk,37,4,3,VOTE Agent[15]
5,talk,38,4,15,VOTE Agent[08]
5,talk,39,4,14,Over
5,talk,40,5,15,VOTE Agent[08]
5,talk,41,5,8,Over
5,talk,42,5,3,VOTE Agent[11]
5,talk,43,5,14,Over
5,talk,44,5,4,Over
5,talk,45,5,10,Over
5,talk,46,5,2,VOTE Agent[15]
5,talk,47,5,11,Over
5,talk,48,6,3,VOTE Agent[11]
5,talk,49,6,4,Over
5,talk,50,6,14,Over
5,talk,51,6,11,Over
5,talk,52,6,2,VOTE Agent[11]
5,talk,53,6,10,Over
5,talk,54,6,15,VOTE Agent[11]
5,talk,55,6,8,Over
5,talk,56,7,15,VOTE Agent[08]
5,talk,57,7,8,Over
5,talk,58,7,14,Over
5,talk,59,7,11,Over
5,talk,60,7,4,Over
5,talk,61,7,3,VOTE Agent[02]
5,talk,62,7,10,Over
5,talk,63,7,2,VOTE Agent[08]
5,talk,64,8,4,Over
5,talk,65,8,11,Over
5,talk,66,8,8,Over
5,talk,67,8,15,VOTE Agent[11]
5,talk,68,8,3,VOTE Agent[15]
5,talk,69,8,2,VOTE Agent[08]
5,talk,70,8,10,Over
5,talk,71,8,14,Over
5,talk,72,9,3,Over
5,talk,73,9,11,Over
5,talk,74,9,15,Over
5,talk,75,9,10,Over
5,talk,76,9,14,Over
5,talk,77,9,8,Over
5,talk,78,9,2,Over
5,talk,79,9,4,Over
5,vote,2,15
5,vote,3,2
5,vote,4,15
5,vote,8,3
5,vote,10,15
5,vote,11,4
5,vote,14,15
5,vote,15,2
5,execute,15,VILLAGER
5,guard,2,14,MEDIUM
5,attack,11,true
6,status,1,VILLAGER,DEAD,OKAMI
6,status,2,BODYGUARD,ALIVE,HALU
6,status,3,VILLAGER,ALIVE,HALU
6,status,4,WEREWOLF,ALIVE,sample_py
6,status,5,VILLAGER,DEAD,TOKU0
6,status,6,WEREWOLF,DEAD,Tomato5
6,status,7,VILLAGER,DEAD,SampleJava13
6,status,8,VILLAGER,ALIVE,sample_py
6,status,9,SEER,DEAD,TOKU10
6,status,10,VILLAGER,ALIVE,TOKU12
6,status,11,VILLAGER,DEAD,Tomato11
6,status,12,WEREWOLF,DEAD,TOKU7
6,status,13,POSSESSED,DEAD,TOKU4
6,status,14,MEDIUM,ALIVE,TOKU2
6,status,15,VILLAGER,DEAD,HALU
6,talk,0,0,2,VOTE Agent[10]
6,talk,1,0,14,IDENTIFIED Agent[15] HUMAN
6,talk,2,0,10,VOTE Agent[02]
6,talk,3,0,4,VOTE Agent[08]
6,talk,4,0,3,VOTE Agent[04]
6,talk,5,0,8,VOTE Agent[02]
6,talk,6,1,3,VOTE Agent[02]
6,talk,7,1,2,VOTE Agent[04]
6,talk,8,1,14,VOTE Agent[02]
6,talk,9,1,8,Skip
6,talk,10,1,10,Skip
6,talk,11,1,4,Skip
6,talk,12,2,10,Skip
6,talk,13,2,14,Skip
6,talk,14,2,8,Skip
6,talk,15,2,3,VOTE Agent[14]
6,talk,16,2,4,Skip
6,talk,17,2,2,VOTE Agent[04]
6,talk,18,3,2,VOTE Agent[04]
6,talk,19,3,10,Over
6,talk,20,3,8,Over
6,talk,21,3,4,Over
6,talk,22,3,3,VOTE Agent[04]
6,talk,23,3,14,Skip
6,talk,24,4,4,Over
6,talk,25,4,8,Over
6,talk,26,4,2,VOTE Agent[04]
6,talk,27,4,10,Over
6,talk,28,4,3,VOTE Agent[14]
6,talk,29,4,14,Over
6,talk,30,5,3,VOTE Agent[04]
6,talk,31,5,2,VOTE Agent[04]
6,talk,32,5,14,Over
6,talk,33,5,4,Over
6,talk,34,5,8,Over
6,talk,35,5,10,Over
6,talk,36,6,4,Over
6,talk,37,6,10,Over
6,talk,38,6,14,Over
6,talk,39,6,3,VOTE Agent[04]
6,talk,40,6,2,VOTE Agent[04]
6,talk,41,6,8,Over
6,talk,42,7,8,Over
6,talk,43,7,14,Over
6,talk,44,7,2,VOTE Agent[04]
6,talk,45,7,3,VOTE Agent[14]
6,talk,46,7,4,Over
6,talk,47,7,10,Over
6,talk,48,8,3,VOTE Agent[04]
6,talk,49,8,10,Over
6,talk,50,8,2,VOTE Agent[04]
6,talk,51,8,8,Over
6,talk,52,8,4,Over
6,talk,53,8,14,Over
6,talk,54,9,3,Over
6,talk,55,9,10,Over
6,talk,56,9,14,Over
6,talk,57,9,8,Over
6,talk,58,9,4,Over
6,talk,59,9,2,Over
6,vote,2,4
6,vote,3,14
6,vote,4,8
6,vote,8,2
6,vote,10,2
6,vote,14,2
6,execute,2,BODYGUARD
6,attack,14,true
7,status,1,VILLAGER,DEAD,OKAMI
7,status,2,BODYGUARD,DEAD,HALU
7,status,3,VILLAGER,ALIVE,HALU
7,status,4,WEREWOLF,ALIVE,sample_py
7,status,5,VILLAGER,DEAD,TOKU0
7,status,6,WEREWOLF,DEAD,Tomato5
7,status,7,VILLAGER,DEAD,SampleJava13
7,status,8,VILLAGER,ALIVE,sample_py
7,status,9,SEER,DEAD,TOKU10
7,status,10,VILLAGER,ALIVE,TOKU12
7,status,11,VILLAGER,DEAD,Tomato11
7,status,12,WEREWOLF,DEAD,TOKU7
7,status,13,POSSESSED,DEAD,TOKU4
7,status,14,MEDIUM,DEAD,TOKU2
7,status,15,VILLAGER,DEAD,HALU
7,talk,0,0,3,VOTE Agent[10]
7,talk,1,0,10,VOTE Agent[04]
7,talk,2,0,4,VOTE Agent[10]
7,talk,3,0,8,VOTE Agent[10]
7,talk,4,1,10,VOTE Agent[04]
7,talk,5,1,8,Skip
7,talk,6,1,4,Skip
7,talk,7,1,3,VOTE Agent[10]
7,talk,8,2,10,VOTE Agent[04]
7,talk,9,2,3,VOTE Agent[10]
7,talk,10,2,8,Skip
7,talk,11,2,4,Skip
7,talk,12,3,10,VOTE Agent[04]
7,talk,13,3,4,Over
7,talk,14,3,3,VOTE Agent[10]
7,talk,15,3,8,Over
7,talk,16,4,4,Over
7,talk,17,4,8,Over
7,talk,18,4,3,VOTE Agent[10]
7,talk,19,4,10,VOTE Agent[04]
7,talk,20,5,10,VOTE Agent[04]
7,talk,21,5,3,VOTE Agent[10]
7,talk,22,5,4,Over
7,talk,23,5,8,Over
7,talk,24,6,3,VOTE Agent[10]
7,talk,25,6,8,Over
7,talk,26,6,10,VOTE Agent[04]
7,talk,27,6,4,Over
7,talk,28,7,8,Over
7,talk,29,7,4,Over
7,talk,30,7,10,VOTE Agent[04]
7,talk,31,7,3,VOTE Agent[10]
7,talk,32,8,4,Over
7,talk,33,8,8,Over
7,talk,34,8,3,VOTE Agent[10]
7,talk,35,8,10,VOTE Agent[04]
7,talk,36,9,4,Over
7,talk,37,9,3,Over
7,talk,38,9,8,Over
7,talk,39,9,10,VOTE Agent[04]
7,talk,40,10,3,Over
7,talk,41,10,4,Over
7,talk,42,10,10,Over
7,talk,43,10,8,Over
7,vote,3,10
7,vote,4,10
7,vote,8,10
7,vote,10,4
7,execute,10,VILLAGER
7,attack,8,true
8,status,1,VILLAGER,DEAD,OKAMI
8,status,2,BODYGUARD,DEAD,HALU
8,status,3,VILLAGER,ALIVE,HALU
8,status,4,WEREWOLF,ALIVE,sample_py
8,status,5,VILLAGER,DEAD,TOKU0
8,status,6,WEREWOLF,DEAD,Tomato5
8,status,7,VILLAGER,DEAD,SampleJava13
8,status,8,VILLAGER,DEAD,sample_py
8,status,9,SEER,DEAD,TOKU10
8,status,10,VILLAGER,DEAD,TOKU12
8,status,11,VILLAGER,DEAD,Tomato11
8,status,12,WEREWOLF,DEAD,TOKU7
8,status,13,POSSESSED,DEAD,TOKU4
8,status,14,MEDIUM,DEAD,TOKU2
8,status,15,VILLAGER,DEAD,HALU
8,result,1,1,WEREWOLF
