0,status,1,WEREWOLF,ALIVE,OKAMI
0,status,2,WEREWOLF,ALIVE,HALU
0,status,3,BODYGUARD,ALIVE,HALU
0,status,4,POSSESSED,ALIVE,sample_py
0,status,5,VILLAGER,ALIVE,TOKU0
0,status,6,VILLAGER,ALIVE,Tomato5
0,status,7,WEREWOLF,ALIVE,SampleJava13
0,status,8,VILLAGER,ALIVE,sample_py
0,status,9,MEDIUM,ALIVE,TOKU10
0,status,10,VILLAGER,ALIVE,TOKU12
0,status,11,SEER,ALIVE,Tomato11
0,status,12,VILLAGER,ALIVE,TOKU7
0,status,13,VILLAGER,ALIVE,TOKU4
0,status,14,VILLAGER,ALIVE,TOKU2
0,status,15,VILLAGER,ALIVE,HALU
0,whisper,0,0,2,COMINGOUT Agent[02] VILLAGER
0,whisper,1,0,7,COMINGOUT Agent[07] MEDIUM
0,whisper,2,0,1,COMINGOUT Agent[01] MEDIUM
0,whisper,3,1,7,COMINGOUT Agent[07] VILLAGER
0,whisper,4,1,2,Skip
0,whisper,5,1,1,COMINGOUT Agent[01] VILLAGER
0,whisper,6,2,7,Skip
0,whisper,7,2,2,Skip
0,whisper,8,2,1,Skip
0,whisper,9,3,7,Skip
0,whisper,10,3,2,Over
0,whisper,11,3,1,Skip
0,whisper,12,4,1,Over
0,whisper,13,4,2,Over
0,whisper,14,4,7,Over
0,divine,11,12,HUMAN
1,status,1,WEREWOLF,ALIVE,OKAMI
1,status,2,WEREWOLF,ALIVE,HALU
1,status,3,BODYGUARD,ALIVE,HALU
1,status,4,POSSESSED,ALIVE,sample_py
1,status,5,VILLAGER,ALIVE,TOKU0
1,status,6,VILLAGER,ALIVE,Tomato5
1,status,7,WEREWOLF,ALIVE,SampleJava13
1,status,8,VILLAGER,ALIVE,sample_py
1,status,9,MEDIUM,ALIVE,TOKU10
1,status,10,VILLAGER,ALIVE,TOKU12
1,status,11,SEER,ALIVE,Tomato11
1,status,12,VILLAGER,ALIVE,TOKU7
1,status,13,VILLAGER,ALIVE,TOKU4
1,status,14,VILLAGER,ALIVE,TOKU2
1,status,15,VILLAGER,ALIVE,HALU
1,talk,0,0,15,VOTE Agent[13]
1,talk,1,0,2,VOTE Agent[15]
1,talk,2,0,1,VOTE Agent[15]
1,talk,3,0,14,VOTE Agent[15]
1,talk,4,0,13,VOTE Agent[15]
1,talk,5,0,5,VOTE Agent[15]
1,talk,6,0,3,VOTE Agent[15]
1,talk,7,0,10,VOTE Agent[15]
1,talk,8,0,11,COMINGOUT Agent[11] SEER
1,talk,9,0,9,COMINGOUT Agent[09] MEDIUM
1,talk,10,0,12,VOTE Agent[13]
1,talk,11,0,4,COMINGOUT Agent[04] SEER
1,talk,12,0,7,VOTE Agent[13]
1,talk,13,0,8,VOTE Agent[01]
1,talk,14,0,6,VOTE Agent[15]
1,talk,15,1,13,Skip
1,talk,16,1,3,VOTE Agent[08]
1,talk,17,1,11,DIVINED Agent[12] HUMAN
1,talk,18,1,1,VOTE Agent[15]
1,talk,19,1,12,Skip
1,talk,20,1,15,VOTE Agent[08]
1,talk,21,1,8,Skip
1,talk,22,1,10,VOTE Agent[06]
1,talk,23,1,5,Skip
1,talk,24,1,7,REQUEST ANY (VOTE Agent[13])
1,talk,25,1,14,VOTE Agent[05]
1,talk,26,1,6,Skip
1,talk,27,1,2,VOTE Agent[08]
1,talk,28,1,4,DIVINED Agent[07] WEREWOLF
1,talk,29,1,9,VOTE Agent[15]
1,talk,30,2,1,VOTE Agent[15]
1,talk,31,2,4,VOTE Agent[07]
1,talk,32,2,9,VOTE Agent[01]
1,talk,33,2,6,Skip
1,talk,34,2,15,VOTE Agent[07]
1,talk,35,2,10,VOTE Agent[03]
1,talk,36,2,8,VOTE Agent[07]
1,talk,37,2,14,VOTE Agent[01]
1,talk,38,2,2,VOTE Agent[10]
1,talk,39,2,7,Skip
1,talk,40,2,12,VOTE Agent[01]
1,talk,41,2,5,Skip
1,talk,42,2,11,VOTE Agent[15]
1,talk,43,2,3,VOTE Agent[07]
1,talk,44,2,13,VOTE Agent[01]
1,talk,45,3,6,VOTE Agent[07]
1,talk,46,3,9,Skip
1,talk,47,3,7,Skip
1,talk,48,3,2,VOTE Agent[10]
1,talk,49,3,3,VOTE Agent[07]
1,talk,50,3,8,Skip
1,talk,51,3,4,Skip
1,talk,52,3,15,VOTE Agent[07]
1,talk,53,3,11,VOTE Agent[07]
1,talk,54,3,12,Skip
1,talk,55,3,13,Skip
1,talk,56,3,14,Skip
1,talk,57,3,1,VOTE Agent[13]
1,talk,58,3,5,VOTE Agent[01]
1,talk,59,3,10,VOTE Agent[01]
1,talk,60,4,11,VOTE Agent[01]
1,talk,61,4,1,VOTE Agent[10]
1,talk,62,4,5,Skip
1,talk,63,4,9,Skip
1,talk,64,4,7,Over
1,talk,65,4,10,Skip
1,talk,66,4,8,Skip
1,talk,67,4,12,Skip
1,talk,68,4,14,Skip
1,talk,69,4,4,Skip
1,talk,70,4,6,VOTE Agent[01]
1,talk,71,4,2,VOTE Agent[10]
1,talk,72,4,13,Skip
1,talk,73,4,3,VOTE Agent[07]
1,talk,74,4,15,VOTE Agent[07]
1,talk,75,5,7,Over
1,talk,76,5,14,Over
1,talk,77,5,10,Skip
1,talk,78,5,4,Over
1,talk,79,5,9,Over
1,talk,80,5,11,Skip
1,talk,81,5,6,Skip
1,talk,82,5,3,VOTE Agent[07]
1,talk,83,5,13,Over
1,talk,84,5,8,Over
1,talk,85,5,1,VOTE Agent[10]
1,talk,86,5,5,Skip
1,talk,87,5,15,VOTE Agent[07]
1,talk,88,5,2,VOTE Agent[10]
1,talk,89,5,12,Over
1,talk,90,6,14,Over
1,talk,91,6,3,VOTE Agent[07]
1,talk,92,6,2,VOTE Agent[10]
1,talk,93,6,6,Skip
1,talk,94,6,13,Over
1,talk,95,6,8,Over
1,talk,96,6,5,Over
1,talk,97,6,12,Over
1,talk,98,6,11,Skip
1,talk,99,6,4,Over
1,talk,100,6,9,Over
1,talk,101,6,15,VOTE Agent[07]
1,talk,102,6,10,Over
1,talk,103,6,7,Over
1,talk,104,6,1,VOTE Agent[10]
1,talk,105,7,10,Over
1,talk,106,7,12,Over
1,talk,107,7,1,VOTE Agent[10]
1,talk,108,7,9,Over
1,talk,109,7,15,VOTE Agent[07]
1,talk,110,7,4,Over
1,talk,111,7,2,VOTE Agent[10]
1,talk,112,7,5,Over
1,talk,113,7,6,Over
1,talk,114,7,3,VOTE Agent[07]
1,talk,115,7,13,Over
1,talk,116,7,14,Over
1,talk,117,7,11,Over
1,talk,118,7,8,Over
1,talk,119,7,7,Over
1,talk,120,8,3,VOTE Agent[07]
1,talk,121,8,15,VOTE Agent[07]
1,talk,122,8,9,Over
1,talk,123,8,11,Over
1,talk,124,8,12,Over
1,talk,125,8,13,Over
1,talk,126,8,1,VOTE Agent[13]
1,talk,127,8,6,Over
1,talk,128,8,7,Over
1,talk,129,8,4,Over
1,talk,130,8,5,Over
1,talk,131,8,2,VOTE Agent[10]
1,talk,132,8,8,Over
1,talk,133,8,14,Over
1,talk,134,8,10,Over
1,talk,135,9,9,Over
1,talk,136,9,10,Over
1,talk,137,9,12,Over
1,talk,138,9,3,Over
1,talk,139,9,6,Over
1,talk,140,9,13,Over
1,talk,141,9,11,Over
1,talk,142,9,14,Over
1,talk,143,9,15,Over
1,talk,144,9,7,Over
1,talk,145,9,4,Over
1,talk,146,9,5,Over
1,talk,147,9,1,Over
1,talk,148,9,2,Over
1,talk,149,9,8,Over
1,vote,1,13
1,vote,2,10
1,vote,3,7
1,vote,4,7
1,vote,5,1
1,vote,6,1
1,vote,7,13
1,vote,8,7
1,vote,9,1
1,vote,10,1
1,vote,11,1
1,vote,12,1
1,vote,13,1
1,vote,14,1
1,vote,15,7
1,execute,1,WEREWOLF
1,divine,11,4,HUMAN
1,whisper,0,0,7,ATTACK Agent[04]
1,whisper,1,0,2,ATTACK Agent[04]
1,whisper,2,1,2,Skip
1,whisper,3,1,7,Skip
1,whisper,4,2,7,Skip
1,whisper,5,2,2,Skip
1,whisper,6,3,2,Over
1,whisper,7,3,7,Over
1,guard,3,11,SEER
1,attackVote,2,11
1,attackVote,7,4
1,attackVote,2,11
1,attackVote,7,4
1,attack,11,false
2,status,1,WEREWOLF,DEAD,OKAMI
2,status,2,WEREWOLF,ALIVE,HALU
2,status,3,BODYGUARD,ALIVE,HALU
2,status,4,POSSESSED,ALIVE,sample_py
2,status,5,VILLAGER,ALIVE,TOKU0
2,status,6,VILLAGER,ALIVE,Tomato5
2,status,7,WEREWOLF,ALIVE,SampleJava13
2,status,8,VILLAGER,ALIVE,sample_py
2,status,9,MEDIUM,ALIVE,TOKU10
2,status,10,VILLAGER,ALIVE,TOKU12
2,status,11,SEER,ALIVE,Tomato11
2,status,12,VILLAGER,ALIVE,TOKU7
2,status,13,VILLAGER,ALIVE,TOKU4
2,status,14,VILLAGER,ALIVE,TOKU2
2,status,15,VILLAGER,ALIVE,HALU
2,talk,0,0,2,VOTE Agent[14]
2,talk,1,0,14,VOTE Agent[10]
2,talk,2,0,10,VOTE Agent[13]
2,talk,3,0,9,IDENTIFIED Agent[01] WEREWOLF
2,talk,4,0,7,VOTE Agent[13]
2,talk,5,0,12,VOTE Agent[10]
2,talk,6,0,15,VOTE Agent[07]
2,talk,7,0,8,VOTE Agent[07]
2,talk,8,0,5,VOTE Agent[10]
2,talk,9,0,4,DIVINED Agent[08] HUMAN
2,talk,10,0,13,VOTE Agent[10]
2,talk,11,0,3,VOTE Agent[07]
2,talk,12,0,11,DIVINED Agent[04] HUMAN
2,talk,13,0,6,VOTE Agent[10]
2,talk,14,1,5,Skip
2,talk,15,1,3,VOTE Agent[07]
2,talk,16,1,8,Skip
2,talk,17,1,15,VOTE Agent[07]
2,talk,18,1,2,VOTE Agent[06]
2,talk,19,1,6,Skip
2,talk,20,1,13,Skip
2,talk,21,1,9,VOTE Agent[10]
2,talk,22,1,14,Skip
2,talk,23,1,4,VOTE Agent[07]
2,talk,24,1,11,VOTE Agent[10]
2,talk,25,1,12,Skip
2,talk,26,1,7,REQUEST ANY (VOTE Agent[13])
2,talk,27,1,10,VOTE Agent[13]
2,talk,28,2,8,Skip
2,talk,29,2,11,Skip
2,talk,30,2,13,Skip
2,talk,31,2,10,VOTE Agent[13]
2,talk,32,2,15,VOTE Agent[07]
2,talk,33,2,12,Skip
2,talk,34,2,14,Skip
2,talk,35,2,5,Skip
2,talk,36,2,2,VOTE Agent[15]
2,talk,37,2,4,Skip
2,talk,38,2,6,Skip
2,talk,39,2,9,Skip
2,talk,40,2,3,VOTE Agent[07]
2,talk,41,2,7,Skip
2,talk,42,3,7,Skip
2,talk,43,3,11,Skip
2,talk,44,3,13,Over
2,talk,45,3,2,VOTE Agent[03]
2,talk,46,3,9,Skip
2,talk,47,3,8,Over
2,talk,48,3,10,VOTE Agent[13]
2,talk,49,3,5,Over
2,talk,50,3,12,Over
2,talk,51,3,4,Skip
2,talk,52,3,6,Over
2,talk,53,3,3,VOTE Agent[07]
2,talk,54,3,15,VOTE Agent[07]
2,talk,55,3,14,Over
2,talk,56,4,4,Over
2,talk,57,4,14,Over
2,talk,58,4,6,Over
2,talk,59,4,8,Over
2,talk,60,4,10,VOTE Agent[13]
2,talk,61,4,5,Over
2,talk,62,4,13,Over
2,talk,63,4,15,VOTE Agent[07]
2,talk,64,4,3,VOTE Agent[07]
2,talk,65,4,11,Over
2,talk,66,4,2,VOTE Agent[10]
2,talk,67,4,9,Over
2,talk,68,4,7,Over
2,talk,69,4,12,Over
2,talk,70,5,2,VOTE Agent[03]
2,talk,71,5,11,Over
2,talk,72,5,9,Over
2,talk,73,5,15,VOTE Agent[07]
2,talk,74,5,13,Over
2,talk,75,5,10,VOTE Agent[13]
2,talk,76,5,3,VOTE Agent[07]
2,talk,77,5,12,Over
2,talk,78,5,8,Over
2,talk,79,5,7,Over
2,talk,80,5,6,Over
2,talk,81,5,5,Over
2,talk,82,5,14,Over
2,talk,83,5,4,Over
2,talk,84,6,13,Over
2,talk,85,6,8,Over
2,talk,86,6,4,Over
2,talk,87,6,3,VOTE Agent[07]
2,talk,88,6,6,Over
2,talk,89,6,2,VOTE Agent[10]
2,talk,90,6,7,Over
2,talk,91,6,5,Over
2,talk,92,6,14,Over
2,talk,93,6,10,VOTE Agent[13]
2,talk,94,6,11,Over
2,talk,95,6,15,VOTE Agent[07]
2,talk,96,6,9,Over
2,talk,97,6,12,Over
2,talk,98,7,2,VOTE Agent[15]
2,talk,99,7,3,VOTE Agent[07]
2,talk,100,7,8,Over
2,talk,101,7,5,Over
2,talk,102,7,15,VOTE Agent[07]
2,talk,103,7,14,Over
2,talk,104,7,13,Over
2,talk,105,7,12,Over
2,talk,106,7,6,Over
2,talk,107,7,9,Over
2,talk,108,7,7,Over
2,talk,109,7,10,VOTE Agent[13]
2,talk,110,7,11,Over
2,talk,111,7,4,Over
2,talk,112,8,3,VOTE Agent[07]
2,talk,113,8,7,Over
2,talk,114,8,9,Over
2,talk,115,8,4,Over
2,talk,116,8,6,Over
2,talk,117,8,10,VOTE Agent[13]
2,talk,118,8,11,Over
2,talk,119,8,14,Over
2,talk,120,8,12,Over
2,talk,121,8,2,VOTE Agent[10]
2,talk,122,8,5,Over
2,talk,123,8,15,VOTE Agent[07]
2,talk,124,8,8,Over
2,talk,125,8,13,Over
2,talk,126,9,6,Over
2,talk,127,9,3,Over
2,talk,128,9,11,Over
2,talk,129,9,8,Over
2,talk,130,9,2,Over
2,talk,131,9,15,Over
2,talk,132,9,4,Over
2,talk,133,9,12,Over
2,talk,134,9,10,VOTE Agent[13]
2,talk,135,9,13,Over
2,talk,136,9,5,Over
2,talk,137,9,7,Over
2,talk,138,9,14,Over
2,talk,139,9,9,Over
2,talk,140,10,6,Over
2,talk,141,10,9,Over
2,talk,142,10,15,Over
2,talk,143,10,11,Over
2,talk,144,10,7,Over
2,talk,145,10,8,Over
2,talk,146,10,14,Over
2,talk,147,10,12,Over
2,talk,148,10,2,Over
2,talk,149,10,10,Over
2,talk,150,10,3,Over
2,talk,151,10,5,Over
2,talk,152,10,13,Over
2,talk,153,10,4,Over
2,vote,2,10
2,vote,3,7
2,vote,4,7
2,vote,5,10
2,vote,6,10
2,vote,7,13
2,vote,8,7
2,vote,9,10
2,vote,10,13
2,vote,11,10
2,vote,12,10
2,vote,13,10
2,vote,14,10
2,vote,15,7
2,execute,10,VILLAGER
2,divine,11,9,HUMAN
2,whisper,0,0,2,ATTACK Agent[09]
2,whisper,1,0,7,BECAUSE (Agent[11] COMINGOUT Agent[11] SEER) (ATTACK Agent[11])
2,whisper,2,1,2,Skip
2,whisper,3,1,7,ATTACK Agent[11]
2,whisper,4,2,2,Skip
2,whisper,5,2,7,Skip
2,whisper,6,3,7,Skip
2,whisper,7,3,2,Over
2,whisper,8,4,7,Over
2,whisper,9,4,2,Over
2,guard,3,4,POSSESSED
2,attackVote,2,9
2,attackVote,7,11
2,attackVote,2,9
2,attackVote,7,11
2,attack,11,true
3,status,1,WEREWOLF,DEAD,OKAMI
3,status,2,WEREWOLF,ALIVE,HALU
3,status,3,BODYGUARD,ALIVE,HALU
3,status,4,POSSESSED,ALIVE,sample_py
3,status,5,VILLAGER,ALIVE,TOKU0
3,status,6,VILLAGER,ALIVE,Tomato5
3,status,7,WEREWOLF,ALIVE,SampleJava13
3,status,8,VILLAGER,ALIVE,sample_py
3,status,9,MEDIUM,ALIVE,TOKU10
3,status,10,VILLAGER,DEAD,TOKU12
3,status,11,SEER,DEAD,Tomato11
3,status,12,VILLAGER,ALIVE,TOKU7
3,status,13,VILLAGER,ALIVE,TOKU4
3,status,14,VILLAGER,ALIVE,TOKU2
3,status,15,VILLAGER,ALIVE,HALU
3,talk,0,0,8,VOTE Agent[07]
3,talk,1,0,5,VOTE Agent[13]
3,talk,2,0,7,BECAUSE (AND (COMINGOUT Agent[07] VILLAGER) (DAY 1 (Agent[04] DIVINED Agent[07] WEREWOLF))) (XOR (ESTIMATE Agent[04] WEREWOLF) (ESTIMATE Agent[04] POSSESSED))
3,talk,3,0,4,DIVINED Agent[15] HUMAN
3,talk,4,0,3,VOTE Agent[07]
3,talk,5,0,9,IDENTIFIED Agent[10] HUMAN
3,talk,6,0,14,VOTE Agent[13]
3,talk,7,0,2,VOTE Agent[14]
3,talk,8,0,13,VOTE Agent[03]
3,talk,9,0,12,VOTE Agent[13]
3,talk,10,0,15,VOTE Agent[07]
3,talk,11,0,6,VOTE Agent[09]
3,talk,12,1,3,VOTE Agent[07]
3,talk,13,1,4,VOTE Agent[07]
3,talk,14,1,5,VOTE Agent[07]
3,talk,15,1,8,Skip
3,talk,16,1,6,Skip
3,talk,17,1,7,BECAUSE (XOR (ESTIMATE Agent[04] WEREWOLF) (ESTIMATE Agent[04] POSSESSED)) (AND (VOTE Agent[04]) (REQUEST ANY (VOTE Agent[04])))
3,talk,18,1,13,VOTE Agent[07]
3,talk,19,1,9,VOTE Agent[07]
3,talk,20,1,12,VOTE Agent[07]
3,talk,21,1,2,VOTE Agent[06]
3,talk,22,1,14,VOTE Agent[07]
3,talk,23,1,15,VOTE Agent[07]
3,talk,24,2,6,Skip
3,talk,25,2,5,Skip
3,talk,26,2,3,VOTE Agent[07]
3,talk,27,2,9,Skip
3,talk,28,2,4,Skip
3,talk,29,2,13,Skip
3,talk,30,2,7,VOTE Agent[04]
3,talk,31,2,14,Skip
3,talk,32,2,2,VOTE Agent[03]
3,talk,33,2,15,VOTE Agent[07]
3,talk,34,2,12,Skip
3,talk,35,2,8,Skip
3,talk,36,3,2,VOTE Agent[06]
3,talk,37,3,9,Skip
3,talk,38,3,13,Skip
3,talk,39,3,5,Skip
3,talk,40,3,8,Over
3,talk,41,3,12,Skip
3,talk,42,3,7,REQUEST ANY (VOTE Agent[04])
3,talk,43,3,15,VOTE Agent[07]
3,talk,44,3,4,Skip
3,talk,45,3,14,Skip
3,talk,46,3,6,Over
3,talk,47,3,3,VOTE Agent[07]
3,talk,48,4,3,VOTE Agent[07]
3,talk,49,4,12,Over
3,talk,50,4,8,Over
3,talk,51,4,6,Over
3,talk,52,4,2,VOTE Agent[03]
3,talk,53,4,13,Over
3,talk,54,4,4,Over
3,talk,55,4,7,Skip
3,talk,56,4,15,VOTE Agent[07]
3,talk,57,4,5,Over
3,talk,58,4,9,Over
3,talk,59,4,14,Over
3,talk,60,5,8,Over
3,talk,61,5,15,VOTE Agent[07]
3,talk,62,5,14,Over
3,talk,63,5,5,Over
3,talk,64,5,12,Over
3,talk,65,5,2,VOTE Agent[06]
3,talk,66,5,3,VOTE Agent[07]
3,talk,67,5,13,Over
3,talk,68,5,4,Over
3,talk,69,5,6,Over
3,talk,70,5,7,Skip
3,talk,71,5,9,Over
3,talk,72,6,15,VOTE Agent[07]
3,talk,73,6,5,Over
3,talk,74,6,4,Over
3,talk,75,6,12,Over
3,talk,76,6,14,Over
3,talk,77,6,8,Over
3,talk,78,6,13,Over
3,talk,79,6,6,Over
3,talk,80,6,3,VOTE Agent[07]
3,talk,81,6,7,Over
3,talk,82,6,2,VOTE Agent[03]
3,talk,83,6,9,Over
3,talk,84,7,5,Over
3,talk,85,7,8,Over
3,talk,86,7,2,VOTE Agent[03]
3,talk,87,7,13,Over
3,talk,88,7,6,Over
3,talk,89,7,14,Over
3,talk,90,7,4,Over
3,talk,91,7,9,Over
3,talk,92,7,7,Over
3,talk,93,7,15,VOTE Agent[07]
3,talk,94,7,3,VOTE Agent[07]
3,talk,95,7,12,Over
3,talk,96,8,8,Over
3,talk,97,8,6,Over
3,talk,98,8,2,VOTE Agent[03]
3,talk,99,8,4,Over
3,talk,100,8,7,Over
3,talk,101,8,3,VOTE Agent[07]
3,talk,102,8,5,Over
3,talk,103,8,15,VOTE Agent[07]
3,talk,104,8,9,Over
3,talk,105,8,13,Over
3,talk,106,8,12,Over
3,talk,107,8,14,Over
3,talk,108,9,7,Over
3,talk,109,9,12,Over
3,talk,110,9,6,Over
3,talk,111,9,14,Over
3,talk,112,9,2,Over
3,talk,113,9,3,Over
3,talk,114,9,13,Over
3,talk,115,9,8,Over
3,talk,116,9,9,Over
3,talk,117,9,5,Over
3,talk,118,9,15,Over
3,talk,119,9,4,Over
3,vote,2,6
3,vote,3,7
3,vote,4,7
3,vote,5,7
3,vote,6,9
3,vote,7,4
3,vote,8,7
3,vote,9,7
3,vote,12,7
3,vote,13,7
3,vote,14,7
3,vote,15,7
3,execute,7,WEREWOLF
3,guard,3,4,POSSESSED
3,attackVote,2,9
3,attack,9,true
4,status,1,WEREWOLF,DEAD,OKAMI
4,status,2,WEREWOLF,ALIVE,HALU
4,status,3,BODYGUARD,ALIVE,HALU
4,status,4,POSSESSED,ALIVE,sample_py
4,status,5,VILLAGER,ALIVE,TOKU0
4,status,6,VILLAGER,ALIVE,Tomato5
4,status,7,WEREWOLF,DEAD,SampleJava13
4,status,8,VILLAGER,ALIVE,sample_py
4,status,9,MEDIUM,DEAD,TOKU10
4,status,10,VILLAGER,DEAD,TOKU12
4,status,11,SEER,DEAD,Tomato11
4,status,12,VILLAGER,ALIVE,TOKU7
4,status,13,VILLAGER,ALIVE,TOKU4
4,status,14,VILLAGER,ALIVE,TOKU2
4,status,15,VILLAGER,ALIVE,HALU
4,talk,0,0,14,VOTE Agent[13]
4,talk,1,0,8,VOTE Agent[13]
4,talk,2,0,4,DIVINED Agent[05] WEREWOLF
4,talk,3,0,3,VOTE Agent[05]
4,talk,4,0,15,VOTE Agent[05]
4,talk,5,0,6,VOTE Agent[08]
4,talk,6,0,5,VOTE Agent[13]
4,talk,7,0,12,VOTE Agent[13]
4,talk,8,0,2,VOTE Agent[05]
4,talk,9,0,13,VOTE Agent[14]
4,talk,10,1,6,Skip
4,talk,11,1,2,VOTE Agent[05]
4,talk,12,1,13,Skip
4,talk,13,1,3,VOTE Agent[05]
4,talk,14,1,12,Skip
4,talk,15,1,14,Skip
4,talk,16,1,5,Skip
4,talk,17,1,8,VOTE Agent[05]
4,talk,18,1,15,VOTE Agent[05]
4,talk,19,1,4,VOTE Agent[05]
4,talk,20,2,4,Skip
4,talk,21,2,2,VOTE Agent[05]
4,talk,22,2,8,Skip
4,talk,23,2,12,Skip
4,talk,24,2,3,VOTE Agent[05]
4,talk,25,2,13,Skip
4,talk,26,2,14,Skip
4,talk,27,2,6,Skip
4,talk,28,2,5,VOTE Agent[13]
4,talk,29,2,15,VOTE Agent[05]
4,talk,30,3,2,VOTE Agent[05]
4,talk,31,3,5,VOTE Agent[13]
4,talk,32,3,12,Over
4,talk,33,3,14,Over
4,talk,34,3,15,VOTE Agent[05]
4,talk,35,3,6,Over
4,talk,36,3,13,Over
4,talk,37,3,3,VOTE Agent[05]
4,talk,38,3,4,Skip
4,talk,39,3,8,Skip
4,talk,40,4,6,Over
4,talk,41,4,13,Over
4,talk,42,4,15,VOTE Agent[05]
4,talk,43,4,3,VOTE Agent[05]
4,talk,44,4,8,Over
4,talk,45,4,14,Over
4,talk,46,4,2,VOTE Agent[05]
4,talk,47,4,12,Over
4,talk,48,4,4,Over
4,talk,49,4,5,VOTE Agent[13]
4,talk,50,5,14,Over
4,talk,51,5,4,Over
4,talk,52,5,2,VOTE Agent[05]
4,talk,53,5,5,VOTE Agent[13]
4,talk,54,5,13,Over
4,talk,55,5,8,Over
4,talk,56,5,15,VOTE Agent[05]
4,talk,57,5,3,VOTE Agent[05]
4,talk,58,5,12,Over
4,talk,59,5,6,Over
4,talk,60,6,4,Over
4,talk,61,6,15,VOTE Agent[05]
4,talk,62,6,3,VOTE Agent[05]
4,talk,63,6,5,VOTE Agent[13]
4,talk,64,6,8,Over
4,talk,65,6,2,VOTE Agent[05]
4,talk,66,6,12,Over
4,talk,67,6,13,Over
4,talk,68,6,14,Over
4,talk,69,6,6,Over
4,talk,70,7,4,Over
4,talk,71,7,2,VOTE Agent[05]
4,talk,72,7,15,VOTE Agent[05]
4,talk,73,7,5,VOTE Agent[13]
4,talk,74,7,8,Over
4,talk,75,7,3,VOTE Agent[05]
4,talk,76,7,12,Over
4,talk,77,7,13,Over
4,talk,78,7,14,Over
4,talk,79,7,6,Over
4,talk,80,8,2,VOTE Agent[05]
4,talk,81,8,6,Over
4,talk,82,8,4,Over
4,talk,83,8,5,VOTE Agent[13]
4,talk,84,8,8,Over
4,talk,85,8,3,VOTE Agent[05]
4,talk,86,8,12,Over
4,talk,87,8,15,VOTE Agent[05]
4,talk,88,8,14,Over
4,talk,89,8,13,Over
4,talk,90,9,5,VOTE Agent[13]
4,talk,91,9,8,Over
4,talk,92,9,4,Over
4,talk,93,9,6,Over
4,talk,94,9,15,Over
4,talk,95,9,13,Over
4,talk,96,9,14,Over
4,talk,97,9,3,Over
4,talk,98,9,2,Over
4,talk,99,9,12,Over
4,talk,100,10,5,VOTE Agent[13]
4,talk,101,10,14,Over
4,talk,102,10,15,Over
4,talk,103,10,6,Over
4,talk,104,10,8,Over
4,talk,105,10,13,Over
4,talk,106,10,4,Over
4,talk,107,10,12,Over
4,talk,108,10,2,Over
4,talk,109,10,3,Over
4,talk,110,11,13,Over
4,talk,111,11,6,Over
4,talk,112,11,15,Over
4,talk,113,11,8,Over
4,talk,114,11,12,Over
4,talk,115,11,14,Over
4,talk,116,11,4,Over
4,talk,117,11,3,Over
4,talk,118,11,5,Over
4,talk,119,11,2,Over
4,vote,2,5
4,vote,3,5
4,vote,4,5
4,vote,5,13
4,vote,6,8
4,vote,8,5
4,vote,12,5
4,vote,13,5
4,vote,14,5
4,vote,15,5
4,execute,5,VILLAGER
4,guard,3,4,POSSESSED
4,attack,4,false
5,status,1,WEREWOLF,DEAD,OKAMI
5,status,2,WEREWOLF,ALIVE,HALU
5,status,3,BODYGUARD,ALIVE,HALU
5,status,4,POSSESSED,ALIVE,sample_py
5,status,5,VILLAGER,DEAD,TOKU0
5,status,6,VILLAGER,ALIVE,Tomato5
5,status,7,WEREWOLF,DEAD,SampleJava13
5,status,8,VILLAGER,ALIVE,sample_py
5,status,9,MEDIUM,DEAD,TOKU10
5,status,10,VILLAGER,DEAD,TOKU12
5,status,11,SEER,DEAD,Tomato11
5,status,12,VILLAGER,ALIVE,TOKU7
5,status,13,VILLAGER,ALIVE,TOKU4
5,status,14,VILLAGER,ALIVE,TOKU2
5,status,15,VILLAGER,ALIVE,HALU
5,talk,0,0,15,VOTE Agent[14]
5,talk,1,0,12,VOTE Agent[13]
5,talk,2,0,3,VOTE Agent[02]
5,talk,3,0,4,DIVINED Agent[12] HUMAN
5,talk,4,0,13,VOTE Agent[14]
5,talk,5,0,8,VOTE Agent[15]
5,talk,6,0,14,VOTE Agent[13]
5,talk,7,0,6,VOTE Agent[13]
5,talk,8,0,2,VOTE Agent[13]
5,talk,9,1,13,VOTE Agent[15]
5,talk,10,1,14,Skip
5,talk,11,1,4,VOTE Agent[13]
5,talk,12,1,3,VOTE Agent[13]
5,talk,13,1,2,VOTE Agent[13]
5,talk,14,1,8,Skip
5,talk,15,1,6,Skip
5,talk,16,1,15,VOTE Agent[03]
5,talk,17,1,12,Skip
5,talk,18,2,14,Skip
5,talk,19,2,3,VOTE Agent[02]
5,talk,20,2,4,Skip
5,talk,21,2,8,Skip
5,talk,22,2,6,VOTE Agent[08]
5,talk,23,2,13,Skip
5,talk,24,2,2,VOTE Agent[13]
5,talk,25,2,12,Skip
5,talk,26,2,15,VOTE Agent[02]
5,talk,27,3,4,Skip
5,talk,28,3,12,Over
5,talk,29,3,15,VOTE Agent[13]
5,talk,30,3,6,Skip
5,talk,31,3,2,VOTE Agent[13]
5,talk,32,3,8,Over
5,talk,33,3,14,Over
5,talk,34,3,3,VOTE Agent[02]
5,talk,35,3,13,VOTE Agent[15]
5,talk,36,4,13,VOTE Agent[15]
5,talk,37,4,3,VOTE Agent[06]
5,talk,38,4,2,VOTE Agent[13]
5,talk,39,4,12,Over
5,talk,40,4,14,Over
5,talk,41,4,6,Skip
5,talk,42,4,4,Over
5,talk,43,4,15,VOTE Agent[02]
5,talk,44,4,8,Over
5,talk,45,5,15,VOTE Agent[02]
5,talk,46,5,13,Skip
5,talk,47,5,4,Over
5,talk,48,5,3,VOTE Agent[02]
5,talk,49,5,12,Over
5,talk,50,5,14,Over
5,talk,51,5,6,Over
5,talk,52,5,8,Over
5,talk,53,5,2,VOTE Agent[13]
5,talk,54,6,14,Over
5,talk,55,6,13,Skip
5,talk,56,6,6,Over
5,talk,57,6,4,Over
5,talk,58,6,15,VOTE Agent[13]
5,talk,59,6,2,VOTE Agent[13]
5,talk,60,6,12,Over
5,talk,61,6,3,VOTE Agent[06]
5,talk,62,6,8,Over
5,talk,63,7,13,VOTE Agent[15]
5,talk,64,7,6,Over
5,talk,65,7,14,Over
5,talk,66,7,15,VOTE Agent[13]
5,talk,67,7,8,Over
5,talk,68,7,12,Over
5,talk,69,7,3,VOTE Agent[06]
5,talk,70,7,4,Over
5,talk,71,7,2,VOTE Agent[13]
5,talk,72,8,6,Over
5,talk,73,8,8,Over
5,talk,74,8,12,Over
5,talk,75,8,13,VOTE Agent[15]
5,talk,76,8,2,VOTE Agent[13]
5,talk,77,8,3,VOTE Agent[06]
5,talk,78,8,4,Over
5,talk,79,8,14,Over
5,talk,80,8,15,VOTE Agent[06]
5,talk,81,9,4,Over
5,talk,82,9,14,Over
5,talk,83,9,13,Skip
5,talk,84,9,8,Over
5,talk,85,9,3,Over
5,talk,86,9,6,Over
5,talk,87,9,15,Over
5,talk,88,9,12,Over
5,talk,89,9,2,Over
5,talk,90,10,13,Skip
5,talk,91,10,2,Over
5,talk,92,10,14,Over
5,talk,93,10,12,Over
5,talk,94,10,8,Over
5,talk,95,10,4,Over
5,talk,96,10,15,Over
5,talk,97,10,3,Over
5,talk,98,10,6,Over
5,talk,99,11,4,Over
5,talk,100,11,2,Over
5,talk,101,11,13,Over
5,talk,102,11,15,Over
5,talk,103,11,8,Over
5,talk,104,11,12,Over
5,talk,105,11,3,Over
5,talk,106,11,6,Over
5,talk,107,11,14,Over
5,vote,2,13
5,vote,3,6
5,vote,4,13
5,vote,6,8
5,vote,8,15
5,vote,12,13
5,vote,13,15
5,vote,14,13
5,vote,15,13
5,execute,13,VILLAGER
5,guard,3,4,POSSESSED
5,attack,12,true
6,status,1,WEREWOLF,DEAD,OKAMI
6,status,2,WEREWOLF,ALIVE,HALU
6,status,3,BODYGUARD,ALIVE,HALU
6,status,4,POSSESSED,ALIVE,sample_py
6,status,5,VILLAGER,DEAD,TOKU0
6,status,6,VILLAGER,ALIVE,Tomato5
6,status,7,WEREWOLF,DEAD,SampleJava13
6,status,8,VILLAGER,ALIVE,sample_py
6,status,9,MEDIUM,DEAD,TOKU10
6,status,10,VILLAGER,DEAD,TOKU12
6,status,11,SEER,DEAD,Tomato11
6,status,12,VILLAGER,DEAD,TOKU7
6,status,13,VILLAGER,DEAD,TOKU4
6,status,14,VILLAGER,ALIVE,TOKU2
6,status,15,VILLAGER,ALIVE,HALU
6,talk,0,0,2,VOTE Agent[14]
6,talk,1,0,3,VOTE Agent[02]
6,talk,2,0,15,VOTE Agent[02]
6,talk,3,0,6,VOTE Agent[08]
6,talk,4,0,14,VOTE Agent[15]
6,talk,5,0,4,DIVINED Agent[06] HUMAN
6,talk,6,0,8,VOTE Agent[15]
6,talk,7,1,8,Skip
6,talk,8,1,3,VOTE Agent[02]
6,talk,9,1,2,VOTE Agent[14]
6,talk,10,1,15,VOTE Agent[02]
6,talk,11,1,6,Skip
6,talk,12,1,4,VOTE Agent[14]
6,talk,13,1,14,Skip
6,talk,14,2,3,VOTE Agent[15]
6,talk,15,2,6,Skip
6,talk,16,2,8,Skip
6,talk,17,2,14,Skip
6,talk,18,2,15,VOTE Agent[04]
6,talk,19,2,4,Skip
6,talk,20,2,2,VOTE Agent[03]
6,talk,21,3,2,VOTE Agent[03]
6,talk,22,3,14,Over
6,talk,23,3,8,Over
6,talk,24,3,6,Over
6,talk,25,3,4,Skip
6,talk,26,3,15,VOTE Agent[04]
6,talk,27,3,3,VOTE Agent[15]
6,talk,28,4,3,VOTE Agent[15]
6,talk,29,4,6,Over
6,talk,30,4,2,VOTE Agent[03]
6,talk,31,4,14,Over
6,talk,32,4,4,Over
6,talk,33,4,15,VOTE Agent[04]
6,talk,34,4,8,Over
6,talk,35,5,3,VOTE Agent[15]
6,talk,36,5,6,Over
6,talk,37,5,14,Over
6,talk,38,5,8,Over
6,talk,39,5,15,VOTE Agent[04]
6,talk,40,5,2,VOTE Agent[03]
6,talk,41,5,4,Over
6,talk,42,6,15,VOTE Agent[04]
6,talk,43,6,6,Over
6,talk,44,6,4,Over
6,talk,45,6,8,Over
6,talk,46,6,2,VOTE Agent[03]
6,talk,47,6,3,VOTE Agent[15]
6,talk,48,6,14,Over
6,talk,49,7,3,VOTE Agent[15]
6,talk,50,7,14,Over
6,talk,51,7,4,Over
6,talk,52,7,2,VOTE Agent[03]
6,talk,53,7,6,Over
6,talk,54,7,15,VOTE Agent[04]
6,talk,55,7,8,Over
6,talk,56,8,15,VOTE Agent[02]
6,talk,57,8,4,Over
6,talk,58,8,2,VOTE Agent[03]
6,talk,59,8,14,Over
6,talk,60,8,6,Over
6,talk,61,8,3,VOTE Agent[15]
6,talk,62,8,8,Over
6,talk,63,9,2,Over
6,talk,64,9,3,Over
6,talk,65,9,14,Over
6,talk,66,9,15,Over
6,talk,67,9,4,Over
6,talk,68,9,6,Over
6,talk,69,9,8,Over
6,vote,2,3
6,vote,3,15
6,vote,4,14
6,vote,6,8
6,vote,8,15
6,vote,14,15
6,vote,15,2
6,execute,15,VILLAGER
6,guard,3,4,POSSESSED
6,attack,4,false
7,status,1,WEREWOLF,DEAD,OKAMI
7,status,2,WEREWOLF,ALIVE,HALU
7,status,3,BODYGUARD,ALIVE,HALU
7,status,4,POSSESSED,ALIVE,sample_py
7,status,5,VILLAGER,DEAD,TOKU0
7,status,6,VILLAGER,ALIVE,Tomato5
7,status,7,WEREWOLF,DEAD,SampleJava13
7,status,8,VILLAGER,ALIVE,sample_py
7,status,9,MEDIUM,DEAD,TOKU10
7,status,10,VILLAGER,DEAD,TOKU12
7,status,11,SEER,DEAD,Tomato11
7,status,12,VILLAGER,DEAD,TOKU7
7,status,13,VILLAGER,DEAD,TOKU4
7,status,14,VILLAGER,ALIVE,TOKU2
7,status,15,VILLAGER,DEAD,HALU
7,talk,0,0,6,VOTE Agent[08]
7,talk,1,0,2,VOTE Agent[14]
7,talk,2,0,3,VOTE Agent[14]
7,talk,3,0,4,DIVINED Agent[03] HUMAN
7,talk,4,0,8,VOTE Agent[03]
7,talk,5,0,14,VOTE Agent[03]
7,talk,6,1,2,VOTE Agent[14]
7,talk,7,1,3,VOTE Agent[14]
7,talk,8,1,14,Skip
7,talk,9,1,6,Skip
7,talk,10,1,8,Skip
7,talk,11,1,4,VOTE Agent[14]
7,talk,12,2,8,Skip
7,talk,13,2,14,VOTE Agent[03]
7,talk,14,2,6,Skip
7,talk,15,2,4,Skip
7,talk,16,2,3,VOTE Agent[14]
7,talk,17,2,2,VOTE Agent[14]
7,talk,18,3,4,Skip
7,talk,19,3,3,VOTE Agent[14]
7,talk,20,3,6,Over
7,talk,21,3,14,VOTE Agent[03]
7,talk,22,3,2,VOTE Agent[14]
7,talk,23,3,8,Over
7,talk,24,4,3,VOTE Agent[14]
7,talk,25,4,14,VOTE Agent[03]
7,talk,26,4,6,Over
7,talk,27,4,2,VOTE Agent[14]
7,talk,28,4,8,Over
7,talk,29,4,4,Over
7,talk,30,5,2,VOTE Agent[14]
7,talk,31,5,8,Over
7,talk,32,5,3,VOTE Agent[14]
7,talk,33,5,4,Over
7,talk,34,5,14,VOTE Agent[03]
7,talk,35,5,6,Over
7,talk,36,6,2,VOTE Agent[14]
7,talk,37,6,3,VOTE Agent[14]
7,talk,38,6,4,Over
7,talk,39,6,14,VOTE Agent[03]
7,talk,40,6,8,Over
7,talk,41,6,6,Over
7,talk,42,7,2,VOTE Agent[14]
7,talk,43,7,14,VOTE Agent[03]
7,talk,44,7,6,Over
7,talk,45,7,3,VOTE Agent[14]
7,talk,46,7,4,Over
7,talk,47,7,8,Over
7,talk,48,8,8,Over
7,talk,49,8,2,VOTE Agent[14]
7,talk,50,8,4,Over
7,talk,51,8,6,Over
7,talk,52,8,3,VOTE Agent[14]
7,talk,53,8,14,VOTE Agent[03]
7,talk,54,9,4,Over
7,talk,55,9,14,VOTE Agent[03]
7,talk,56,9,8,Over
7,talk,57,9,3,Over
7,talk,58,9,2,Over
7,talk,59,9,6,Over
7,talk,60,10,8,Over
7,talk,61,10,3,Over
7,talk,62,10,6,Over
7,talk,63,10,14,VOTE Agent[03]
7,talk,64,10,2,Over
7,talk,65,10,4,Over
7,talk,66,11,6,Over
7,talk,67,11,3,Over
7,talk,68,11,8,Over
7,talk,69,11,4,Over
7,talk,70,11,14,Over
7,talk,71,11,2,Over
7,vote,2,14
7,vote,3,14
7,vote,4,14
7,vote,6,8
7,vote,8,3
7,vote,14,3
7,execute,14,VILLAGER
7,guard,3,4,POSSESSED
7,attack,6,true
8,status,1,WEREWOLF,DEAD,OKAMI
8,status,2,WEREWOLF,ALIVE,HALU
8,status,3,BODYGUARD,ALIVE,HALU
8,status,4,POSSESSED,ALIVE,sample_py
8,status,5,VILLAGER,DEAD,TOKU0
8,status,6,VILLAGER,DEAD,Tomato5
8,status,7,WEREWOLF,DEAD,SampleJava13
8,status,8,VILLAGER,ALIVE,sample_py
8,status,9,MEDIUM,DEAD,TOKU10
8,status,10,VILLAGER,DEAD,TOKU12
8,status,11,SEER,DEAD,Tomato11
8,status,12,VILLAGER,DEAD,TOKU7
8,status,13,VILLAGER,DEAD,TOKU4
8,status,14,VILLAGER,DEAD,TOKU2
8,status,15,VILLAGER,DEAD,HALU
8,talk,0,0,8,VOTE Agent[03]
8,talk,1,0,2,VOTE Agent[08]
8,talk,2,0,3,VOTE Agent[02]
8,talk,3,0,4,DIVINED Agent[02] WEREWOLF
8,talk,4,1,4,VOTE Agent[02]
8,talk,5,1,3,VOTE Agent[02]
8,talk,6,1,8,VOTE Agent[02]
8,talk,7,1,2,VOTE Agent[08]
8,talk,8,2,3,VOTE Agent[02]
8,talk,9,2,8,Skip
8,talk,10,2,2,VOTE Agent[08]
8,talk,11,2,4,Skip
8,talk,12,3,3,VOTE Agent[02]
8,talk,13,3,2,VOTE Agent[08]
8,talk,14,3,8,Skip
8,talk,15,3,4,Skip
8,talk,16,4,3,VOTE Agent[02]
8,talk,17,4,4,Over
8,talk,18,4,8,Over
8,talk,19,4,2,VOTE Agent[08]
8,talk,20,5,8,Over
8,talk,21,5,3,VOTE Agent[02]
8,talk,22,5,4,Over
8,talk,23,5,2,VOTE Agent[08]
8,talk,24,6,8,Over
8,talk,25,6,2,VOTE Agent[08]
8,talk,26,6,3,VOTE Agent[02]
8,talk,27,6,4,Over
8,talk,28,7,8,Over
8,talk,29,7,2,VOTE Agent[08]
8,talk,30,7,4,Over
8,talk,31,7,3,VOTE Agent[02]
8,talk,32,8,3,VOTE Agent[02]
8,talk,33,8,2,VOTE Agent[08]
8,talk,34,8,8,Over
8,talk,35,8,4,Over
8,talk,36,9,8,Over
8,talk,37,9,4,Over
8,talk,38,9,2,Over
8,talk,39,9,3,Over
8,vote,2,8
8,vote,3,2
8,vote,4,2
8,vote,8,2
8,execute,2,WEREWOLF
8,guard,3,4,POSSESSED
9,status,1,WEREWOLF,DEAD,OKAMI
9,status,2,WEREWOLF,DEAD,HALU
9,status,3,BODYGUARD,ALIVE,HALU
9,status,4,POSSESSED,ALIVE,sample_py
9,status,5,VILLAGER,DEAD,TOKU0
9,status,6,VILLAGER,DEAD,Tomato5
9,status,7,WEREWOLF,DEAD,SampleJava13
9,status,8,VILLAGER,ALIVE,sample_py
9,status,9,MEDIUM,DEAD,TOKU10
9,status,10,VILLAGER,DEAD,TOKU12
9,status,11,SEER,DEAD,Tomato11
9,status,12,VILLAGER,DEAD,TOKU7
9,status,13,VILLAGER,DEAD,TOKU4
9,status,14,VILLAGER,DEAD,TOKU2
9,status,15,VILLAGER,DEAD,HALU
9,result,3,0,VILLAGER
