0,status,1,WEREWOLF,ALIVE,Tomato9
0,status,2,VILLAGER,ALIVE,TOKU5
0,status,3,VILLAGER,ALIVE,HALU
0,status,4,MEDIUM,ALIVE,TOKU14
0,status,5,VILLAGER,ALIVE,HALU
0,status,6,VILLAGER,ALIVE,Tomato2
0,status,7,SEER,ALIVE,TOKU8
0,status,8,VILLAGER,ALIVE,HALU
0,status,9,BODYGUARD,ALIVE,Takeda10
0,status,10,WEREWOLF,ALIVE,SampleJava6
0,status,11,WEREWOLF,ALIVE,Takeda12
0,status,12,VILLAGER,ALIVE,SampleJava0
0,status,13,POSSESSED,ALIVE,sample_py
0,status,14,VILLAGER,ALIVE,Takeda1
0,status,15,VILLAGER,ALIVE,sample_py
0,whisper,0,0,1,COMINGOUT Agent[01] SEER
0,whisper,1,0,10,COMINGOUT Agent[10] VILLAGER
0,whisper,2,0,11,Skip
0,whisper,3,1,1,Skip
0,whisper,4,1,11,Skip
0,whisper,5,1,10,Skip
0,whisper,6,2,1,Skip
0,whisper,7,2,11,Over
0,whisper,8,2,10,Skip
0,whisper,9,3,1,Over
0,whisper,10,3,11,Over
0,whisper,11,3,10,Over
0,divine,7,8,HUMAN
1,status,1,WEREWOLF,ALIVE,Tomato9
1,status,2,VILLAGER,ALIVE,TOKU5
1,status,3,VILLAGER,ALIVE,HALU
1,status,4,MEDIUM,ALIVE,TOKU14
1,status,5,VILLAGER,ALIVE,HALU
1,status,6,VILLAGER,ALIVE,Tomato2
1,status,7,SEER,ALIVE,TOKU8
1,status,8,VILLAGER,ALIVE,HALU
1,status,9,BODYGUARD,ALIVE,Takeda10
1,status,10,WEREWOLF,ALIVE,SampleJava6
1,status,11,WEREWOLF,ALIVE,Takeda12
1,status,12,VILLAGER,ALIVE,SampleJava0
1,status,13,POSSESSED,ALIVE,sample_py
1,status,14,VILLAGER,ALIVE,Takeda1
1,status,15,VILLAGER,ALIVE,sample_py
1,talk,0,0,15,VOTE Agent[08]
1,talk,1,0,7,COMINGOUT Agent[07] SEER
1,talk,2,0,8,VOTE Agent[01]
1,talk,3,0,12,VOTE Agent[13]
1,talk,4,0,13,COMINGOUT Agent[13] SEER
1,talk,5,0,2,VOTE Agent[13]
1,talk,6,0,11,VOTE Agent[13]
1,talk,7,0,3,VOTE Agent[08]
1,talk,8,0,6,VOTE Agent[13]
1,talk,9,0,9,VOTE Agent[13]
1,talk,10,0,5,VOTE Agent[09]
1,talk,11,0,14,VOTE Agent[13]
1,talk,12,0,10,VOTE Agent[14]
1,talk,13,0,4,COMINGOUT Agent[04] MEDIUM
1,talk,14,0,1,COMINGOUT Agent[01] SEER
1,talk,15,1,9,VOTE Agent[01]
1,talk,16,1,4,VOTE Agent[01]
1,talk,17,1,1,DIVINED Agent[07] HUMAN
1,talk,18,1,11,VOTE Agent[14]
1,talk,19,1,14,VOTE Agent[05]
1,talk,20,1,2,VOTE Agent[01]
1,talk,21,1,8,VOTE Agent[05]
1,talk,22,1,12,REQUEST ANY (VOTE Agent[13])
1,talk,23,1,15,Skip
1,talk,24,1,6,VOTE Agent[01]
1,talk,25,1,10,REQUEST ANY (VOTE Agent[14])
1,talk,26,1,5,VOTE Agent[10]
1,talk,27,1,3,VOTE Agent[12]
1,talk,28,1,13,DIVINED Agent[09] WEREWOLF
1,talk,29,1,7,DIVINED Agent[08] HUMAN
1,talk,30,2,14,VOTE Agent[01]
1,talk,31,2,5,VOTE Agent[01]
1,talk,32,2,3,VOTE Agent[07]
1,talk,33,2,10,Skip
1,talk,34,2,12,Skip
1,talk,35,2,15,VOTE Agent[09]
1,talk,36,2,7,VOTE Agent[01]
1,talk,37,2,1,VOTE Agent[14]
1,talk,38,2,6,Skip
1,talk,39,2,13,VOTE Agent[09]
1,talk,40,2,2,Skip
1,talk,41,2,11,VOTE Agent[09]
1,talk,42,2,9,Skip
1,talk,43,2,4,Skip
1,talk,44,2,8,VOTE Agent[07]
1,talk,45,3,10,Skip
1,talk,46,3,2,Skip
1,talk,47,3,13,Skip
1,talk,48,3,12,Skip
1,talk,49,3,3,VOTE Agent[01]
1,talk,50,3,7,VOTE Agent[01]
1,talk,51,3,1,VOTE Agent[09]
1,talk,52,3,15,Skip
1,talk,53,3,6,Skip
1,talk,54,3,4,Skip
1,talk,55,3,9,Skip
1,talk,56,3,14,Skip
1,talk,57,3,5,VOTE Agent[07]
1,talk,58,3,11,Skip
1,talk,59,3,8,VOTE Agent[07]
1,talk,60,4,5,VOTE Agent[07]
1,talk,61,4,8,VOTE Agent[07]
1,talk,62,4,4,Over
1,talk,63,4,14,Skip
1,talk,64,4,3,VOTE Agent[07]
1,talk,65,4,6,Over
1,talk,66,4,9,Over
1,talk,67,4,11,VOTE Agent[01]
1,talk,68,4,12,Over
1,talk,69,4,15,Skip
1,talk,70,4,7,VOTE Agent[01]
1,talk,71,4,13,Skip
1,talk,72,4,10,Over
1,talk,73,4,1,Skip
1,talk,74,4,2,Over
1,talk,75,5,11,Skip
1,talk,76,5,7,VOTE Agent[01]
1,talk,77,5,4,Over
1,talk,78,5,13,Over
1,talk,79,5,5,VOTE Agent[07]
1,talk,80,5,14,Over
1,talk,81,5,3,VOTE Agent[07]
1,talk,82,5,8,VOTE Agent[07]
1,talk,83,5,10,Over
1,talk,84,5,2,Over
1,talk,85,5,9,Over
1,talk,86,5,15,Over
1,talk,87,5,1,Skip
1,talk,88,5,12,Over
1,talk,89,5,6,Over
1,talk,90,6,10,Over
1,talk,91,6,2,Over
1,talk,92,6,4,Over
1,talk,93,6,13,Over
1,talk,94,6,14,Over
1,talk,95,6,1,Over
1,talk,96,6,8,VOTE Agent[07]
1,talk,97,6,15,Over
1,talk,98,6,12,Over
1,talk,99,6,9,Over
1,talk,100,6,5,VOTE Agent[07]
1,talk,101,6,3,VOTE Agent[07]
1,talk,102,6,7,VOTE Agent[01]
1,talk,103,6,6,Over
1,talk,104,6,11,Skip
1,talk,105,7,12,Over
1,talk,106,7,5,VOTE Agent[07]
1,talk,107,7,3,VOTE Agent[07]
1,talk,108,7,9,Over
1,talk,109,7,6,Over
1,talk,110,7,10,Over
1,talk,111,7,13,Over
1,talk,112,7,7,VOTE Agent[01]
1,talk,113,7,1,Over
1,talk,114,7,4,Over
1,talk,115,7,2,Over
1,talk,116,7,11,Over
1,talk,117,7,8,VOTE Agent[07]
1,talk,118,7,15,Over
1,talk,119,7,14,Over
1,talk,120,8,6,Over
1,talk,121,8,7,VOTE Agent[01]
1,talk,122,8,1,Over
1,talk,123,8,11,Over
1,talk,124,8,5,VOTE Agent[07]
1,talk,125,8,9,Over
1,talk,126,8,8,VOTE Agent[07]
1,talk,127,8,13,Over
1,talk,128,8,10,Over
1,talk,129,8,4,Over
1,talk,130,8,2,Over
1,talk,131,8,12,Over
1,talk,132,8,15,Over
1,talk,133,8,3,VOTE Agent[07]
1,talk,134,8,14,Over
1,talk,135,9,6,Over
1,talk,136,9,5,Over
1,talk,137,9,13,Over
1,talk,138,9,11,Over
1,talk,139,9,3,Over
1,talk,140,9,12,Over
1,talk,141,9,8,Over
1,talk,142,9,10,Over
1,talk,143,9,15,Over
1,talk,144,9,1,Over
1,talk,145,9,7,VOTE Agent[01]
1,talk,146,9,9,Over
1,talk,147,9,14,Over
1,talk,148,9,4,Over
1,talk,149,9,2,Over
1,talk,150,10,2,Over
1,talk,151,10,3,Over
1,talk,152,10,15,Over
1,talk,153,10,9,Over
1,talk,154,10,5,Over
1,talk,155,10,13,Over
1,talk,156,10,12,Over
1,talk,157,10,10,Over
1,talk,158,10,8,Over
1,talk,159,10,7,Over
1,talk,160,10,1,Over
1,talk,161,10,4,Over
1,talk,162,10,6,Over
1,talk,163,10,11,Over
1,talk,164,10,14,Over
1,vote,1,9
1,vote,2,1
1,vote,3,7
1,vote,4,1
1,vote,5,7
1,vote,6,1
1,vote,7,1
1,vote,8,7
1,vote,9,1
1,vote,10,14
1,vote,11,1
1,vote,12,14
1,vote,13,9
1,vote,14,1
1,vote,15,9
1,execute,1,WEREWOLF
1,divine,7,2,HUMAN
1,whisper,0,0,11,Skip
1,whisper,1,0,10,BECAUSE (AND (NOT (COMINGOUT Agent[13] WEREWOLF)) (NOT (COMINGOUT Agent[09] WEREWOLF)) (DAY 1 (Agent[13] DIVINED Agent[09] WEREWOLF))) (ESTIMATE Agent[13] POSSESSED)
1,whisper,2,1,10,BECAUSE (Agent[07] COMINGOUT Agent[07] SEER) (ATTACK Agent[07])
1,whisper,3,1,11,Skip
1,whisper,4,2,11,Over
1,whisper,5,2,10,ATTACK Agent[07]
1,whisper,6,3,11,Over
1,whisper,7,3,10,Skip
1,whisper,8,4,10,Skip
1,whisper,9,4,11,Over
1,whisper,10,5,11,Over
1,whisper,11,5,10,Over
1,guard,9,7,SEER
1,attackVote,10,7
1,attackVote,11,7
1,attack,7,false
2,status,1,WEREWOLF,DEAD,Tomato9
2,status,2,VILLAGER,ALIVE,TOKU5
2,status,3,VILLAGER,ALIVE,HALU
2,status,4,MEDIUM,ALIVE,TOKU14
2,status,5,VILLAGER,ALIVE,HALU
2,status,6,VILLAGER,ALIVE,Tomato2
2,status,7,SEER,ALIVE,TOKU8
2,status,8,VILLAGER,ALIVE,HALU
2,status,9,BODYGUARD,ALIVE,Takeda10
2,status,10,WEREWOLF,ALIVE,SampleJava6
2,status,11,WEREWOLF,ALIVE,Takeda12
2,status,12,VILLAGER,ALIVE,SampleJava0
2,status,13,POSSESSED,ALIVE,sample_py
2,status,14,VILLAGER,ALIVE,Takeda1
2,status,15,VILLAGER,ALIVE,sample_py
2,talk,0,0,12,VOTE Agent[14]
2,talk,1,0,15,VOTE Agent[09]
2,talk,2,0,3,VOTE Agent[07]
2,talk,3,0,8,VOTE Agent[07]
2,talk,4,0,9,VOTE Agent[02]
2,talk,5,0,14,VOTE Agent[02]
2,talk,6,0,7,DIVINED Agent[02] HUMAN
2,talk,7,0,10,VOTE Agent[14]
2,talk,8,0,11,VOTE Agent[02]
2,talk,9,0,4,IDENTIFIED Agent[01] WEREWOLF
2,talk,10,0,6,VOTE Agent[02]
2,talk,11,0,5,VOTE Agent[09]
2,talk,12,0,2,VOTE Agent[11]
2,talk,13,0,13,DIVINED Agent[11] WEREWOLF
2,talk,14,1,12,REQUEST ANY (VOTE Agent[14])
2,talk,15,1,14,VOTE Agent[11]
2,talk,16,1,9,VOTE Agent[11]
2,talk,17,1,3,VOTE Agent[09]
2,talk,18,1,5,VOTE Agent[09]
2,talk,19,1,4,VOTE Agent[11]
2,talk,20,1,6,VOTE Agent[11]
2,talk,21,1,7,VOTE Agent[11]
2,talk,22,1,2,Skip
2,talk,23,1,15,Skip
2,talk,24,1,8,VOTE Agent[09]
2,talk,25,1,10,REQUEST ANY (VOTE Agent[14])
2,talk,26,1,13,VOTE Agent[09]
2,talk,27,1,11,VOTE Agent[14]
2,talk,28,2,4,VOTE Agent[14]
2,talk,29,2,14,Skip
2,talk,30,2,13,Skip
2,talk,31,2,9,VOTE Agent[14]
2,talk,32,2,7,VOTE Agent[14]
2,talk,33,2,10,Skip
2,talk,34,2,15,Skip
2,talk,35,2,11,Skip
2,talk,36,2,12,Skip
2,talk,37,2,8,VOTE Agent[11]
2,talk,38,2,2,VOTE Agent[14]
2,talk,39,2,3,VOTE Agent[11]
2,talk,40,2,5,VOTE Agent[11]
2,talk,41,2,6,VOTE Agent[14]
2,talk,42,3,15,Over
2,talk,43,3,8,VOTE Agent[11]
2,talk,44,3,7,VOTE Agent[11]
2,talk,45,3,14,VOTE Agent[11]
2,talk,46,3,13,Skip
2,talk,47,3,4,VOTE Agent[11]
2,talk,48,3,3,VOTE Agent[11]
2,talk,49,3,11,Skip
2,talk,50,3,10,Skip
2,talk,51,3,6,VOTE Agent[11]
2,talk,52,3,12,Skip
2,talk,53,3,2,VOTE Agent[11]
2,talk,54,3,5,VOTE Agent[09]
2,talk,55,3,9,VOTE Agent[11]
2,talk,56,4,7,VOTE Agent[11]
2,talk,57,4,8,VOTE Agent[11]
2,talk,58,4,2,Skip
2,talk,59,4,9,Skip
2,talk,60,4,14,Skip
2,talk,61,4,15,Over
2,talk,62,4,10,Over
2,talk,63,4,4,Skip
2,talk,64,4,6,Skip
2,talk,65,4,12,Over
2,talk,66,4,3,VOTE Agent[11]
2,talk,67,4,5,VOTE Agent[11]
2,talk,68,4,13,Over
2,talk,69,4,11,VOTE Agent[14]
2,talk,70,5,2,Skip
2,talk,71,5,13,Over
2,talk,72,5,12,Over
2,talk,73,5,8,VOTE Agent[11]
2,talk,74,5,7,VOTE Agent[11]
2,talk,75,5,5,VOTE Agent[11]
2,talk,76,5,9,Skip
2,talk,77,5,15,Over
2,talk,78,5,10,Over
2,talk,79,5,3,VOTE Agent[11]
2,talk,80,5,14,Skip
2,talk,81,5,4,Skip
2,talk,82,5,6,Skip
2,talk,83,5,11,VOTE Agent[14]
2,talk,84,6,13,Over
2,talk,85,6,5,VOTE Agent[11]
2,talk,86,6,12,Over
2,talk,87,6,10,Over
2,talk,88,6,4,Over
2,talk,89,6,11,VOTE Agent[14]
2,talk,90,6,14,Over
2,talk,91,6,3,VOTE Agent[11]
2,talk,92,6,7,VOTE Agent[11]
2,talk,93,6,8,VOTE Agent[11]
2,talk,94,6,2,Over
2,talk,95,6,15,Over
2,talk,96,6,9,Over
2,talk,97,6,6,Over
2,talk,98,7,13,Over
2,talk,99,7,5,VOTE Agent[11]
2,talk,100,7,7,VOTE Agent[11]
2,talk,101,7,12,Over
2,talk,102,7,10,Over
2,talk,103,7,3,VOTE Agent[11]
2,talk,104,7,4,Over
2,talk,105,7,15,Over
2,talk,106,7,6,Over
2,talk,107,7,11,VOTE Agent[14]
2,talk,108,7,9,Over
2,talk,109,7,14,Over
2,talk,110,7,2,Over
2,talk,111,7,8,VOTE Agent[11]
2,talk,112,8,8,VOTE Agent[11]
2,talk,113,8,13,Over
2,talk,114,8,12,Over
2,talk,115,8,5,VOTE Agent[11]
2,talk,116,8,2,Over
2,talk,117,8,10,Over
2,talk,118,8,6,Over
2,talk,119,8,4,Over
2,talk,120,8,15,Over
2,talk,121,8,7,VOTE Agent[11]
2,talk,122,8,9,Over
2,talk,123,8,3,VOTE Agent[11]
2,talk,124,8,11,VOTE Agent[14]
2,talk,125,8,14,Over
2,talk,126,9,3,Over
2,talk,127,9,8,Over
2,talk,128,9,12,Over
2,talk,129,9,11,VOTE Agent[14]
2,talk,130,9,15,Over
2,talk,131,9,13,Over
2,talk,132,9,9,Over
2,talk,133,9,2,Over
2,talk,134,9,7,VOTE Agent[11]
2,talk,135,9,5,Over
2,talk,136,9,4,Over
2,talk,137,9,6,Over
2,talk,138,9,14,Over
2,talk,139,9,10,Over
2,talk,140,10,11,VOTE Agent[14]
2,talk,141,10,12,Over
2,talk,142,10,13,Over
2,talk,143,10,4,Over
2,talk,144,10,7,Over
2,talk,145,10,5,Over
2,talk,146,10,14,Over
2,talk,147,10,3,Over
2,talk,148,10,8,Over
2,talk,149,10,9,Over
2,talk,150,10,6,Over
2,talk,151,10,10,Over
2,talk,152,10,2,Over
2,talk,153,10,15,Over
2,talk,154,11,15,Over
2,talk,155,11,3,Over
2,talk,156,11,10,Over
2,talk,157,11,8,Over
2,talk,158,11,2,Over
2,talk,159,11,13,Over
2,talk,160,11,5,Over
2,talk,161,11,14,Over
2,talk,162,11,11,VOTE Agent[14]
2,talk,163,11,7,Over
2,talk,164,11,6,Over
2,talk,165,11,9,Over
2,talk,166,11,4,Over
2,talk,167,11,12,Over
2,talk,168,12,9,Over
2,talk,169,12,5,Over
2,talk,170,12,7,Over
2,talk,171,12,10,Over
2,talk,172,12,12,Over
2,talk,173,12,11,Over
2,talk,174,12,13,Over
2,talk,175,12,3,Over
2,talk,176,12,15,Over
2,talk,177,12,8,Over
2,talk,178,12,6,Over
2,talk,179,12,2,Over
2,talk,180,12,14,Over
2,talk,181,12,4,Over
2,vote,2,11
2,vote,3,11
2,vote,4,11
2,vote,5,11
2,vote,6,11
2,vote,7,11
2,vote,8,11
2,vote,9,11
2,vote,10,14
2,vote,11,14
2,vote,12,14
2,vote,13,9
2,vote,14,11
2,vote,15,9
2,execute,11,WEREWOLF
2,divine,7,14,HUMAN
2,guard,9,7,SEER
2,attackVote,10,7
2,attack,7,false
3,status,1,WEREWOLF,DEAD,Tomato9
3,status,2,VILLAGER,ALIVE,TOKU5
3,status,3,VILLAGER,ALIVE,HALU
3,status,4,MEDIUM,ALIVE,TOKU14
3,status,5,VILLAGER,ALIVE,HALU
3,status,6,VILLAGER,ALIVE,Tomato2
3,status,7,SEER,ALIVE,TOKU8
3,status,8,VILLAGER,ALIVE,HALU
3,status,9,BODYGUARD,ALIVE,Takeda10
3,status,10,WEREWOLF,ALIVE,SampleJava6
3,status,11,WEREWOLF,DEAD,Takeda12
3,status,12,VILLAGER,ALIVE,SampleJava0
3,status,13,POSSESSED,ALIVE,sample_py
3,status,14,VILLAGER,ALIVE,Takeda1
3,status,15,VILLAGER,ALIVE,sample_py
3,talk,0,0,3,VOTE Agent[09]
3,talk,1,0,6,VOTE Agent[13]
3,talk,2,0,7,DIVINED Agent[14] HUMAN
3,talk,3,0,5,VOTE Agent[09]
3,talk,4,0,2,VOTE Agent[14]
3,talk,5,0,8,VOTE Agent[09]
3,talk,6,0,14,VOTE Agent[03]
3,talk,7,0,13,DIVINED Agent[07] HUMAN
3,talk,8,0,12,VOTE Agent[07]
3,talk,9,0,9,VOTE Agent[14]
3,talk,10,0,4,IDENTIFIED Agent[11] WEREWOLF
3,talk,11,0,15,VOTE Agent[09]
3,talk,12,0,10,VOTE Agent[14]
3,talk,13,1,3,VOTE Agent[09]
3,talk,14,1,10,REQUEST ANY (VOTE Agent[14])
3,talk,15,1,2,VOTE Agent[03]
3,talk,16,1,5,VOTE Agent[09]
3,talk,17,1,15,Skip
3,talk,18,1,6,Skip
3,talk,19,1,9,VOTE Agent[03]
3,talk,20,1,7,VOTE Agent[03]
3,talk,21,1,8,VOTE Agent[09]
3,talk,22,1,14,Skip
3,talk,23,1,4,VOTE Agent[03]
3,talk,24,1,12,REQUEST ANY (VOTE Agent[07])
3,talk,25,1,13,VOTE Agent[09]
3,talk,26,2,2,Skip
3,talk,27,2,13,Skip
3,talk,28,2,15,Skip
3,talk,29,2,8,VOTE Agent[09]
3,talk,30,2,9,Skip
3,talk,31,2,3,VOTE Agent[09]
3,talk,32,2,10,Skip
3,talk,33,2,7,VOTE Agent[03]
3,talk,34,2,5,VOTE Agent[09]
3,talk,35,2,4,Skip
3,talk,36,2,14,Skip
3,talk,37,2,12,Skip
3,talk,38,2,6,Skip
3,talk,39,3,14,Over
3,talk,40,3,15,Over
3,talk,41,3,7,VOTE Agent[03]
3,talk,42,3,10,Skip
3,talk,43,3,3,VOTE Agent[09]
3,talk,44,3,6,Over
3,talk,45,3,4,Skip
3,talk,46,3,9,Skip
3,talk,47,3,12,Skip
3,talk,48,3,13,Skip
3,talk,49,3,2,Skip
3,talk,50,3,5,VOTE Agent[09]
3,talk,51,3,8,VOTE Agent[09]
3,talk,52,4,13,Over
3,talk,53,4,7,VOTE Agent[03]
3,talk,54,4,8,VOTE Agent[09]
3,talk,55,4,6,Over
3,talk,56,4,12,Over
3,talk,57,4,3,VOTE Agent[09]
3,talk,58,4,9,Over
3,talk,59,4,10,Over
3,talk,60,4,15,Over
3,talk,61,4,4,Over
3,talk,62,4,14,Over
3,talk,63,4,2,Over
3,talk,64,4,5,VOTE Agent[09]
3,talk,65,5,2,Over
3,talk,66,5,13,Over
3,talk,67,5,5,VOTE Agent[09]
3,talk,68,5,9,Over
3,talk,69,5,3,VOTE Agent[09]
3,talk,70,5,6,Over
3,talk,71,5,15,Over
3,talk,72,5,4,Over
3,talk,73,5,7,VOTE Agent[03]
3,talk,74,5,12,Over
3,talk,75,5,10,Over
3,talk,76,5,14,Over
3,talk,77,5,8,VOTE Agent[09]
3,talk,78,6,2,Over
3,talk,79,6,9,Over
3,talk,80,6,13,Over
3,talk,81,6,12,Over
3,talk,82,6,3,VOTE Agent[09]
3,talk,83,6,15,Over
3,talk,84,6,7,VOTE Agent[03]
3,talk,85,6,4,Over
3,talk,86,6,8,VOTE Agent[09]
3,talk,87,6,10,Over
3,talk,88,6,5,VOTE Agent[09]
3,talk,89,6,6,Over
3,talk,90,6,14,Over
3,talk,91,7,7,VOTE Agent[03]
3,talk,92,7,6,Over
3,talk,93,7,15,Over
3,talk,94,7,8,VOTE Agent[09]
3,talk,95,7,12,Over
3,talk,96,7,10,Over
3,talk,97,7,14,Over
3,talk,98,7,13,Over
3,talk,99,7,2,Over
3,talk,100,7,3,VOTE Agent[09]
3,talk,101,7,4,Over
3,talk,102,7,9,Over
3,talk,103,7,5,VOTE Agent[09]
3,talk,104,8,5,VOTE Agent[09]
3,talk,105,8,9,Over
3,talk,106,8,4,Over
3,talk,107,8,7,VOTE Agent[03]
3,talk,108,8,14,Over
3,talk,109,8,6,Over
3,talk,110,8,12,Over
3,talk,111,8,13,Over
3,talk,112,8,8,VOTE Agent[09]
3,talk,113,8,3,VOTE Agent[09]
3,talk,114,8,10,Over
3,talk,115,8,15,Over
3,talk,116,8,2,Over
3,talk,117,9,3,Over
3,talk,118,9,7,VOTE Agent[03]
3,talk,119,9,6,Over
3,talk,120,9,9,Over
3,talk,121,9,10,Over
3,talk,122,9,15,Over
3,talk,123,9,14,Over
3,talk,124,9,4,Over
3,talk,125,9,13,Over
3,talk,126,9,5,Over
3,talk,127,9,2,Over
3,talk,128,9,8,Over
3,talk,129,9,12,Over
3,talk,130,10,14,Over
3,talk,131,10,6,Over
3,talk,132,10,9,Over
3,talk,133,10,13,Over
3,talk,134,10,5,Over
3,talk,135,10,7,Over
3,talk,136,10,8,Over
3,talk,137,10,2,Over
3,talk,138,10,12,Over
3,talk,139,10,15,Over
3,talk,140,10,10,Over
3,talk,141,10,3,Over
3,talk,142,10,4,Over
3,vote,2,3
3,vote,3,9
3,vote,4,3
3,vote,5,9
3,vote,6,13
3,vote,7,3
3,vote,8,9
3,vote,9,3
3,vote,10,14
3,vote,12,14
3,vote,13,9
3,vote,14,3
3,vote,15,9
3,vote,2,3
3,vote,3,9
3,vote,4,3
3,vote,5,9
3,vote,6,13
3,vote,7,3
3,vote,8,9
3,vote,9,3
3,vote,10,3
3,vote,12,3
3,vote,13,9
3,vote,14,3
3,vote,15,9
3,execute,3,VILLAGER
3,divine,7,5,HUMAN
3,guard,9,7,SEER
3,attackVote,10,7
3,attack,7,false
4,status,1,WEREWOLF,DEAD,Tomato9
4,status,2,VILLAGER,ALIVE,TOKU5
4,status,3,VILLAGER,DEAD,HALU
4,status,4,MEDIUM,ALIVE,TOKU14
4,status,5,VILLAGER,ALIVE,HALU
4,status,6,VILLAGER,ALIVE,Tomato2
4,status,7,SEER,ALIVE,TOKU8
4,status,8,VILLAGER,ALIVE,HALU
4,status,9,BODYGUARD,ALIVE,Takeda10
4,status,10,WEREWOLF,ALIVE,SampleJava6
4,status,11,WEREWOLF,DEAD,Takeda12
4,status,12,VILLAGER,ALIVE,SampleJava0
4,status,13,POSSESSED,ALIVE,sample_py
4,status,14,VILLAGER,ALIVE,Takeda1
4,status,15,VILLAGER,ALIVE,sample_py
4,talk,0,0,9,VOTE Agent[05]
4,talk,1,0,2,VOTE Agent[05]
4,talk,2,0,6,VOTE Agent[13]
4,talk,3,0,15,VOTE Agent[09]
4,talk,4,0,14,VOTE Agent[05]
4,talk,5,0,12,VOTE Agent[14]
4,talk,6,0,7,DIVINED Agent[05] HUMAN
4,talk,7,0,10,VOTE Agent[14]
4,talk,8,0,5,VOTE Agent[09]
4,talk,9,0,13,DIVINED Agent[12] HUMAN
4,talk,10,0,4,IDENTIFIED Agent[03] HUMAN
4,talk,11,0,8,VOTE Agent[09]
4,talk,12,1,9,VOTE Agent[12]
4,talk,13,1,12,REQUEST ANY (VOTE Agent[14])
4,talk,14,1,5,VOTE Agent[09]
4,talk,15,1,2,VOTE Agent[09]
4,talk,16,1,4,VOTE Agent[09]
4,talk,17,1,7,VOTE Agent[09]
4,talk,18,1,14,VOTE Agent[09]
4,talk,19,1,13,VOTE Agent[09]
4,talk,20,1,15,Skip
4,talk,21,1,6,Skip
4,talk,22,1,10,REQUEST ANY (VOTE Agent[14])
4,talk,23,1,8,VOTE Agent[09]
4,talk,24,2,6,Skip
4,talk,25,2,12,Skip
4,talk,26,2,14,Skip
4,talk,27,2,2,Skip
4,talk,28,2,4,Skip
4,talk,29,2,13,Skip
4,talk,30,2,8,VOTE Agent[09]
4,talk,31,2,15,Skip
4,talk,32,2,7,VOTE Agent[12]
4,talk,33,2,5,VOTE Agent[09]
4,talk,34,2,9,VOTE Agent[12]
4,talk,35,2,10,Skip
4,talk,36,3,14,VOTE Agent[12]
4,talk,37,3,10,Skip
4,talk,38,3,13,Skip
4,talk,39,3,9,VOTE Agent[12]
4,talk,40,3,5,VOTE Agent[09]
4,talk,41,3,6,Over
4,talk,42,3,15,Over
4,talk,43,3,7,VOTE Agent[12]
4,talk,44,3,4,VOTE Agent[12]
4,talk,45,3,2,VOTE Agent[12]
4,talk,46,3,12,Skip
4,talk,47,3,8,VOTE Agent[09]
4,talk,48,4,14,Skip
4,talk,49,4,4,Skip
4,talk,50,4,13,Over
4,talk,51,4,9,Skip
4,talk,52,4,12,Over
4,talk,53,4,10,Over
4,talk,54,4,6,Over
4,talk,55,4,7,VOTE Agent[12]
4,talk,56,4,2,Skip
4,talk,57,4,8,VOTE Agent[09]
4,talk,58,4,15,Over
4,talk,59,4,5,VOTE Agent[09]
4,talk,60,5,8,VOTE Agent[09]
4,talk,61,5,12,Over
4,talk,62,5,5,VOTE Agent[09]
4,talk,63,5,7,VOTE Agent[12]
4,talk,64,5,15,Over
4,talk,65,5,6,Over
4,talk,66,5,14,Skip
4,talk,67,5,9,Skip
4,talk,68,5,4,Skip
4,talk,69,5,2,Skip
4,talk,70,5,10,Over
4,talk,71,5,13,Over
4,talk,72,6,14,Over
4,talk,73,6,10,Over
4,talk,74,6,9,Over
4,talk,75,6,7,VOTE Agent[12]
4,talk,76,6,6,Over
4,talk,77,6,2,Over
4,talk,78,6,5,VOTE Agent[09]
4,talk,79,6,4,Over
4,talk,80,6,13,Over
4,talk,81,6,12,Over
4,talk,82,6,15,Over
4,talk,83,6,8,VOTE Agent[09]
4,talk,84,7,8,VOTE Agent[09]
4,talk,85,7,15,Over
4,talk,86,7,2,Over
4,talk,87,7,13,Over
4,talk,88,7,10,Over
4,talk,89,7,7,VOTE Agent[12]
4,talk,90,7,12,Over
4,talk,91,7,5,VOTE Agent[09]
4,talk,92,7,6,Over
4,talk,93,7,14,Over
4,talk,94,7,4,Over
4,talk,95,7,9,Over
4,talk,96,8,13,Over
4,talk,97,8,15,Over
4,talk,98,8,7,VOTE Agent[12]
4,talk,99,8,5,VOTE Agent[09]
4,talk,100,8,4,Over
4,talk,101,8,14,Over
4,talk,102,8,2,Over
4,talk,103,8,8,VOTE Agent[09]
4,talk,104,8,12,Over
4,talk,105,8,9,Over
4,talk,106,8,10,Over
4,talk,107,8,6,Over
4,talk,108,9,7,VOTE Agent[12]
4,talk,109,9,6,Over
4,talk,110,9,13,Over
4,talk,111,9,15,Over
4,talk,112,9,14,Over
4,talk,113,9,10,Over
4,talk,114,9,9,Over
4,talk,115,9,2,Over
4,talk,116,9,4,Over
4,talk,117,9,12,Over
4,talk,118,9,5,Over
4,talk,119,9,8,Over
4,talk,120,10,4,Over
4,talk,121,10,13,Over
4,talk,122,10,2,Over
4,talk,123,10,9,Over
4,talk,124,10,8,Over
4,talk,125,10,12,Over
4,talk,126,10,15,Over
4,talk,127,10,10,Over
4,talk,128,10,6,Over
4,talk,129,10,5,Over
4,talk,130,10,14,Over
4,talk,131,10,7,Over
4,vote,2,12
4,vote,4,12
4,vote,5,9
4,vote,6,13
4,vote,7,12
4,vote,8,9
4,vote,9,12
4,vote,10,14
4,vote,12,14
4,vote,13,9
4,vote,14,12
4,vote,15,9
4,execute,12,VILLAGER
4,divine,7,9,HUMAN
4,guard,9,7,SEER
4,attackVote,10,4
4,attack,4,true
5,status,1,WEREWOLF,DEAD,Tomato9
5,status,2,VILLAGER,ALIVE,TOKU5
5,status,3,VILLAGER,DEAD,HALU
5,status,4,MEDIUM,DEAD,TOKU14
5,status,5,VILLAGER,ALIVE,HALU
5,status,6,VILLAGER,ALIVE,Tomato2
5,status,7,SEER,ALIVE,TOKU8
5,status,8,VILLAGER,ALIVE,HALU
5,status,9,BODYGUARD,ALIVE,Takeda10
5,status,10,WEREWOLF,ALIVE,SampleJava6
5,status,11,WEREWOLF,DEAD,Takeda12
5,status,12,VILLAGER,DEAD,SampleJava0
5,status,13,POSSESSED,ALIVE,sample_py
5,status,14,VILLAGER,ALIVE,Takeda1
5,status,15,VILLAGER,ALIVE,sample_py
5,talk,0,0,6,VOTE Agent[13]
5,talk,1,0,13,DIVINED Agent[08] WEREWOLF
5,talk,2,0,8,VOTE Agent[06]
5,talk,3,0,5,VOTE Agent[08]
5,talk,4,0,15,VOTE Agent[08]
5,talk,5,0,14,VOTE Agent[09]
5,talk,6,0,10,VOTE Agent[14]
5,talk,7,0,7,DIVINED Agent[09] HUMAN
5,talk,8,0,2,VOTE Agent[09]
5,talk,9,0,9,VOTE Agent[10]
5,talk,10,1,9,Skip
5,talk,11,1,8,VOTE Agent[06]
5,talk,12,1,14,VOTE Agent[10]
5,talk,13,1,7,VOTE Agent[10]
5,talk,14,1,2,VOTE Agent[10]
5,talk,15,1,6,Skip
5,talk,16,1,5,VOTE Agent[08]
5,talk,17,1,13,VOTE Agent[09]
5,talk,18,1,10,REQUEST ANY (VOTE Agent[14])
5,talk,19,1,15,Skip
5,talk,20,2,2,Skip
5,talk,21,2,15,Skip
5,talk,22,2,13,Skip
5,talk,23,2,6,Skip
5,talk,24,2,7,VOTE Agent[10]
5,talk,25,2,8,VOTE Agent[06]
5,talk,26,2,14,Skip
5,talk,27,2,9,Skip
5,talk,28,2,10,Skip
5,talk,29,2,5,VOTE Agent[08]
5,talk,30,3,13,Skip
5,talk,31,3,2,Skip
5,talk,32,3,15,Over
5,talk,33,3,6,Over
5,talk,34,3,14,Skip
5,talk,35,3,5,VOTE Agent[08]
5,talk,36,3,9,Over
5,talk,37,3,8,VOTE Agent[06]
5,talk,38,3,7,VOTE Agent[10]
5,talk,39,3,10,Skip
5,talk,40,4,5,VOTE Agent[08]
5,talk,41,4,7,VOTE Agent[10]
5,talk,42,4,10,Over
5,talk,43,4,9,Over
5,talk,44,4,8,VOTE Agent[10]
5,talk,45,4,15,Over
5,talk,46,4,2,Over
5,talk,47,4,13,Over
5,talk,48,4,14,Over
5,talk,49,4,6,Over
5,talk,50,5,2,Over
5,talk,51,5,5,VOTE Agent[08]
5,talk,52,5,8,VOTE Agent[10]
5,talk,53,5,15,Over
5,talk,54,5,14,Over
5,talk,55,5,10,Over
5,talk,56,5,6,Over
5,talk,57,5,9,Over
5,talk,58,5,7,VOTE Agent[10]
5,talk,59,5,13,Over
5,talk,60,6,5,VOTE Agent[08]
5,talk,61,6,9,Over
5,talk,62,6,14,Over
5,talk,63,6,10,Over
5,talk,64,6,15,Over
5,talk,65,6,6,Over
5,talk,66,6,13,Over
5,talk,67,6,2,Over
5,talk,68,6,8,VOTE Agent[06]
5,talk,69,6,7,VOTE Agent[10]
5,talk,70,7,13,Over
5,talk,71,7,7,VOTE Agent[10]
5,talk,72,7,9,Over
5,talk,73,7,2,Over
5,talk,74,7,8,VOTE Agent[10]
5,talk,75,7,5,VOTE Agent[08]
5,talk,76,7,14,Over
5,talk,77,7,10,Over
5,talk,78,7,15,Over
5,talk,79,7,6,Over
5,talk,80,8,14,Over
5,talk,81,8,2,Over
5,talk,82,8,10,Over
5,talk,83,8,15,Over
5,talk,84,8,13,Over
5,talk,85,8,5,VOTE Agent[08]
5,talk,86,8,8,VOTE Agent[06]
5,talk,87,8,9,Over
5,talk,88,8,7,VOTE Agent[10]
5,talk,89,8,6,Over
5,talk,90,9,7,VOTE Agent[10]
5,talk,91,9,9,Over
5,talk,92,9,5,Over
5,talk,93,9,15,Over
5,talk,94,9,6,Over
5,talk,95,9,2,Over
5,talk,96,9,10,Over
5,talk,97,9,14,Over
5,talk,98,9,13,Over
5,talk,99,9,8,Over
5,talk,100,10,8,Over
5,talk,101,10,7,Over
5,talk,102,10,13,Over
5,talk,103,10,5,Over
5,talk,104,10,9,Over
5,talk,105,10,14,Over
5,talk,106,10,10,Over
5,talk,107,10,15,Over
5,talk,108,10,2,Over
5,talk,109,10,6,Over
5,vote,2,10
5,vote,5,8
5,vote,6,13
5,vote,7,10
5,vote,8,10
5,vote,9,10
5,vote,10,14
5,vote,13,9
5,vote,14,10
5,vote,15,8
5,execute,10,WEREWOLF
5,divine,7,6,HUMAN
5,guard,9,7,SEER
6,status,1,WEREWOLF,DEAD,Tomato9
6,status,2,VILLAGER,ALIVE,TOKU5
6,status,3,VILLAGER,DEAD,HALU
6,status,4,MEDIUM,DEAD,TOKU14
6,status,5,VILLAGER,ALIVE,HALU
6,status,6,VILLAGER,ALIVE,Tomato2
6,status,7,SEER,ALIVE,TOKU8
6,status,8,VILLAGER,ALIVE,HALU
6,status,9,BODYGUARD,ALIVE,Takeda10
6,status,10,WEREWOLF,DEAD,SampleJava6
6,status,11,WEREWOLF,DEAD,Takeda12
6,status,12,VILLAGER,DEAD,SampleJava0
6,status,13,POSSESSED,ALIVE,sample_py
6,status,14,VILLAGER,ALIVE,Takeda1
6,status,15,VILLAGER,ALIVE,sample_py
6,result,9,0,VILLAGER
