0,status,1,VILLAGER,ALIVE,Tomato9
0,status,2,VILLAGER,ALIVE,TOKU5
0,status,3,VILLAGER,ALIVE,HALU
0,status,4,POSSESSED,ALIVE,TOKU14
0,status,5,VILLAGER,ALIVE,HALU
0,status,6,SEER,ALIVE,Tomato2
0,status,7,WEREWOLF,ALIVE,TOKU8
0,status,8,VILLAGER,ALIVE,HALU
0,status,9,WEREWOLF,ALIVE,Takeda10
0,status,10,WEREWOLF,ALIVE,SampleJava6
0,status,11,VILLAGER,ALIVE,Takeda12
0,status,12,VILLAGER,ALIVE,SampleJava0
0,status,13,MEDIUM,ALIVE,sample_py
0,status,14,BODYGUARD,ALIVE,Takeda1
0,status,15,VILLAGER,ALIVE,sample_py
0,whisper,0,0,9,Skip
0,whisper,1,0,10,COMINGOUT Agent[10] SEER
0,whisper,2,0,7,Skip
0,whisper,3,1,9,Skip
0,whisper,4,1,10,Skip
0,whisper,5,1,7,Skip
0,whisper,6,2,9,Over
0,whisper,7,2,10,Skip
0,whisper,8,2,7,Over
0,whisper,9,3,10,Over
0,whisper,10,3,9,Over
0,whisper,11,3,7,Over
0,divine,6,11,HUMAN
1,status,1,VILLAGER,ALIVE,Tomato9
1,status,2,VILLAGER,ALIVE,TOKU5
1,status,3,VILLAGER,ALIVE,HALU
1,status,4,POSSESSED,ALIVE,TOKU14
1,status,5,VILLAGER,ALIVE,HALU
1,status,6,SEER,ALIVE,Tomato2
1,status,7,WEREWOLF,ALIVE,TOKU8
1,status,8,VILLAGER,ALIVE,HALU
1,status,9,WEREWOLF,ALIVE,Takeda10
1,status,10,WEREWOLF,ALIVE,SampleJava6
1,status,11,VILLAGER,ALIVE,Takeda12
1,status,12,VILLAGER,ALIVE,SampleJava0
1,status,13,MEDIUM,ALIVE,sample_py
1,status,14,BODYGUARD,ALIVE,Takeda1
1,status,15,VILLAGER,ALIVE,sample_py
1,talk,0,0,6,COMINGOUT Agent[06] SEER
1,talk,1,0,8,VOTE Agent[03]
1,talk,2,0,15,VOTE Agent[11]
1,talk,3,0,13,VOTE Agent[14]
1,talk,4,0,9,Skip
1,talk,5,0,7,Skip
1,talk,6,0,12,VOTE Agent[03]
1,talk,7,0,1,VOTE Agent[03]
1,talk,8,0,14,VOTE Agent[03]
1,talk,9,0,2,VOTE Agent[03]
1,talk,10,0,5,VOTE Agent[15]
1,talk,11,0,3,VOTE Agent[15]
1,talk,12,0,11,VOTE Agent[03]
1,talk,13,0,4,COMINGOUT Agent[04] SEER
1,talk,14,0,10,COMINGOUT Agent[10] SEER
1,talk,15,1,5,VOTE Agent[13]
1,talk,16,1,14,VOTE Agent[07]
1,talk,17,1,9,VOTE Agent[06]
1,talk,18,1,13,Skip
1,talk,19,1,2,VOTE Agent[10]
1,talk,20,1,1,Skip
1,talk,21,1,15,Skip
1,talk,22,1,4,DIVINED Agent[02] WEREWOLF
1,talk,23,1,8,VOTE Agent[02]
1,talk,24,1,3,VOTE Agent[02]
1,talk,25,1,10,DAY 1 (DIVINED Agent[11] HUMAN)
1,talk,26,1,6,DIVINED Agent[11] HUMAN
1,talk,27,1,11,VOTE Agent[10]
1,talk,28,1,7,VOTE Agent[09]
1,talk,29,1,12,REQUEST ANY (VOTE Agent[03])
1,talk,30,2,12,Skip
1,talk,31,2,9,Skip
1,talk,32,2,3,VOTE Agent[06]
1,talk,33,2,11,VOTE Agent[07]
1,talk,34,2,14,VOTE Agent[09]
1,talk,35,2,7,VOTE Agent[06]
1,talk,36,2,2,VOTE Agent[06]
1,talk,37,2,6,VOTE Agent[03]
1,talk,38,2,10,DIVINED Agent[11] HUMAN
1,talk,39,2,8,VOTE Agent[06]
1,talk,40,2,15,VOTE Agent[02]
1,talk,41,2,13,VOTE Agent[02]
1,talk,42,2,4,VOTE Agent[02]
1,talk,43,2,1,VOTE Agent[06]
1,talk,44,2,5,VOTE Agent[04]
1,talk,45,3,7,Skip
1,talk,46,3,1,Skip
1,talk,47,3,13,Skip
1,talk,48,3,6,VOTE Agent[02]
1,talk,49,3,11,VOTE Agent[06]
1,talk,50,3,8,VOTE Agent[06]
1,talk,51,3,9,Skip
1,talk,52,3,2,Skip
1,talk,53,3,15,Skip
1,talk,54,3,4,Skip
1,talk,55,3,3,VOTE Agent[06]
1,talk,56,3,14,VOTE Agent[06]
1,talk,57,3,10,VOTE Agent[06]
1,talk,58,3,12,Skip
1,talk,59,3,5,VOTE Agent[10]
1,talk,60,4,3,VOTE Agent[10]
1,talk,61,4,7,Skip
1,talk,62,4,15,Skip
1,talk,63,4,13,Skip
1,talk,64,4,10,REQUEST ANY (VOTE Agent[06])
1,talk,65,4,1,Skip
1,talk,66,4,6,Skip
1,talk,67,4,9,Over
1,talk,68,4,14,Skip
1,talk,69,4,2,Skip
1,talk,70,4,8,VOTE Agent[10]
1,talk,71,4,12,Over
1,talk,72,4,5,VOTE Agent[10]
1,talk,73,4,4,Skip
1,talk,74,4,11,Skip
1,talk,75,5,14,Skip
1,talk,76,5,10,Skip
1,talk,77,5,7,Over
1,talk,78,5,6,Skip
1,talk,79,5,4,Over
1,talk,80,5,5,VOTE Agent[10]
1,talk,81,5,1,VOTE Agent[02]
1,talk,82,5,8,VOTE Agent[06]
1,talk,83,5,13,Over
1,talk,84,5,3,VOTE Agent[10]
1,talk,85,5,9,Over
1,talk,86,5,11,Skip
1,talk,87,5,2,Over
1,talk,88,5,12,Over
1,talk,89,5,15,Over
1,talk,90,6,8,VOTE Agent[06]
1,talk,91,6,13,Over
1,talk,92,6,7,Over
1,talk,93,6,5,VOTE Agent[06]
1,talk,94,6,12,Over
1,talk,95,6,4,Over
1,talk,96,6,11,Over
1,talk,97,6,3,VOTE Agent[06]
1,talk,98,6,9,Over
1,talk,99,6,6,Over
1,talk,100,6,1,VOTE Agent[06]
1,talk,101,6,14,Over
1,talk,102,6,2,Over
1,talk,103,6,10,Skip
1,talk,104,6,15,Over
1,talk,105,7,11,Over
1,talk,106,7,13,Over
1,talk,107,7,10,Over
1,talk,108,7,15,Over
1,talk,109,7,5,VOTE Agent[06]
1,talk,110,7,12,Over
1,talk,111,7,8,VOTE Agent[06]
1,talk,112,7,3,VOTE Agent[04]
1,talk,113,7,4,Over
1,talk,114,7,7,Over
1,talk,115,7,9,Over
1,talk,116,7,2,Over
1,talk,117,7,6,Over
1,talk,118,7,1,Skip
1,talk,119,7,14,Over
1,talk,120,8,7,Over
1,talk,121,8,14,Over
1,talk,122,8,15,Over
1,talk,123,8,12,Over
1,talk,124,8,9,Over
1,talk,125,8,2,Over
1,talk,126,8,10,Over
1,talk,127,8,8,VOTE Agent[06]
1,talk,128,8,11,Over
1,talk,129,8,3,VOTE Agent[10]
1,talk,130,8,4,Over
1,talk,131,8,1,VOTE Agent[02]
1,talk,132,8,5,VOTE Agent[06]
1,talk,133,8,6,Over
1,talk,134,8,13,Over
1,talk,135,9,10,Over
1,talk,136,9,14,Over
1,talk,137,9,6,Over
1,talk,138,9,11,Over
1,talk,139,9,9,Over
1,talk,140,9,13,Over
1,talk,141,9,15,Over
1,talk,142,9,4,Over
1,talk,143,9,5,Over
1,talk,144,9,3,Over
1,talk,145,9,2,Over
1,talk,146,9,1,Skip
1,talk,147,9,7,Over
1,talk,148,9,12,Over
1,talk,149,9,8,Over
1,talk,150,10,11,Over
1,talk,151,10,8,Over
1,talk,152,10,3,Over
1,talk,153,10,14,Over
1,talk,154,10,13,Over
1,talk,155,10,5,Over
1,talk,156,10,9,Over
1,talk,157,10,1,Skip
1,talk,158,10,12,Over
1,talk,159,10,7,Over
1,talk,160,10,2,Over
1,talk,161,10,15,Over
1,talk,162,10,10,Over
1,talk,163,10,6,Over
1,talk,164,10,4,Over
1,talk,165,11,11,Over
1,talk,166,11,6,Over
1,talk,167,11,10,Over
1,talk,168,11,14,Over
1,talk,169,11,1,Over
1,talk,170,11,13,Over
1,talk,171,11,9,Over
1,talk,172,11,2,Over
1,talk,173,11,12,Over
1,talk,174,11,3,Over
1,talk,175,11,8,Over
1,talk,176,11,7,Over
1,talk,177,11,15,Over
1,talk,178,11,4,Over
1,talk,179,11,5,Over
1,vote,1,2
1,vote,2,6
1,vote,3,6
1,vote,4,2
1,vote,5,6
1,vote,6,2
1,vote,7,6
1,vote,8,6
1,vote,9,6
1,vote,10,6
1,vote,11,6
1,vote,12,6
1,vote,13,2
1,vote,14,6
1,vote,15,2
1,execute,6,SEER
1,whisper,0,0,9,Skip
1,whisper,1,0,7,Skip
1,whisper,2,0,10,BECAUSE (AND (NOT (COMINGOUT Agent[04] WEREWOLF)) (NOT (COMINGOUT Agent[02] WEREWOLF)) (DAY 1 (Agent[04] DIVINED Agent[02] WEREWOLF))) (ESTIMATE Agent[04] POSSESSED)
1,whisper,3,1,7,Skip
1,whisper,4,1,9,Skip
1,whisper,5,1,10,ATTACK Agent[03]
1,whisper,6,2,7,Over
1,whisper,7,2,10,Skip
1,whisper,8,2,9,Over
1,whisper,9,3,9,Over
1,whisper,10,3,7,Over
1,whisper,11,3,10,Skip
1,whisper,12,4,10,Over
1,whisper,13,4,9,Over
1,whisper,14,4,7,Over
1,guard,14,10,WEREWOLF
1,attackVote,7,4
1,attackVote,9,12
1,attackVote,10,3
1,attackVote,7,4
1,attackVote,9,12
1,attackVote,10,3
1,attack,12,true
2,status,1,VILLAGER,ALIVE,Tomato9
2,status,2,VILLAGER,ALIVE,TOKU5
2,status,3,VILLAGER,ALIVE,HALU
2,status,4,POSSESSED,ALIVE,TOKU14
2,status,5,VILLAGER,ALIVE,HALU
2,status,6,SEER,DEAD,Tomato2
2,status,7,WEREWOLF,ALIVE,TOKU8
2,status,8,VILLAGER,ALIVE,HALU
2,status,9,WEREWOLF,ALIVE,Takeda10
2,status,10,WEREWOLF,ALIVE,SampleJava6
2,status,11,VILLAGER,ALIVE,Takeda12
2,status,12,VILLAGER,DEAD,SampleJava0
2,status,13,MEDIUM,ALIVE,sample_py
2,status,14,BODYGUARD,ALIVE,Takeda1
2,status,15,VILLAGER,ALIVE,sample_py
2,talk,0,0,8,VOTE Agent[04]
2,talk,1,0,10,DAY 2 (DIVINED Agent[01] WEREWOLF)
2,talk,2,0,3,VOTE Agent[04]
2,talk,3,0,5,VOTE Agent[10]
2,talk,4,0,15,VOTE Agent[02]
2,talk,5,0,7,VOTE Agent[09]
2,talk,6,0,1,VOTE Agent[04]
2,talk,7,0,14,VOTE Agent[07]
2,talk,8,0,4,DIVINED Agent[07] HUMAN
2,talk,9,0,13,VOTE Agent[02]
2,talk,10,0,2,VOTE Agent[07]
2,talk,11,0,11,VOTE Agent[07]
2,talk,12,0,9,VOTE Agent[07]
2,talk,13,1,13,Skip
2,talk,14,1,2,Skip
2,talk,15,1,11,Skip
2,talk,16,1,7,Skip
2,talk,17,1,1,VOTE Agent[07]
2,talk,18,1,15,Skip
2,talk,19,1,14,Skip
2,talk,20,1,4,VOTE Agent[02]
2,talk,21,1,3,VOTE Agent[04]
2,talk,22,1,5,VOTE Agent[04]
2,talk,23,1,9,Skip
2,talk,24,1,8,VOTE Agent[04]
2,talk,25,1,10,DIVINED Agent[01] WEREWOLF
2,talk,26,2,3,VOTE Agent[04]
2,talk,27,2,7,Skip
2,talk,28,2,2,Skip
2,talk,29,2,13,Skip
2,talk,30,2,4,Skip
2,talk,31,2,11,Skip
2,talk,32,2,1,Skip
2,talk,33,2,14,Skip
2,talk,34,2,5,VOTE Agent[04]
2,talk,35,2,8,VOTE Agent[04]
2,talk,36,2,15,Skip
2,talk,37,2,9,Skip
2,talk,38,2,10,BECAUSE (DAY 2 (DIVINED Agent[01] WEREWOLF)) (AND (VOTE Agent[01]) (REQUEST ANY (VOTE Agent[01])))
2,talk,39,3,1,Skip
2,talk,40,3,14,Over
2,talk,41,3,15,Over
2,talk,42,3,5,VOTE Agent[10]
2,talk,43,3,7,Over
2,talk,44,3,8,VOTE Agent[04]
2,talk,45,3,11,Over
2,talk,46,3,9,Over
2,talk,47,3,10,VOTE Agent[01]
2,talk,48,3,3,VOTE Agent[10]
2,talk,49,3,4,Skip
2,talk,50,3,13,Over
2,talk,51,3,2,Over
2,talk,52,4,10,REQUEST ANY (VOTE Agent[01])
2,talk,53,4,9,Over
2,talk,54,4,2,Over
2,talk,55,4,14,Over
2,talk,56,4,1,Over
2,talk,57,4,7,Over
2,talk,58,4,13,Over
2,talk,59,4,11,Over
2,talk,60,4,8,VOTE Agent[10]
2,talk,61,4,5,VOTE Agent[04]
2,talk,62,4,15,Over
2,talk,63,4,3,VOTE Agent[10]
2,talk,64,4,4,Over
2,talk,65,5,10,Skip
2,talk,66,5,1,Over
2,talk,67,5,14,Over
2,talk,68,5,15,Over
2,talk,69,5,9,Over
2,talk,70,5,4,Over
2,talk,71,5,2,Over
2,talk,72,5,7,Over
2,talk,73,5,13,Over
2,talk,74,5,8,VOTE Agent[04]
2,talk,75,5,5,VOTE Agent[10]
2,talk,76,5,11,Over
2,talk,77,5,3,VOTE Agent[10]
2,talk,78,6,10,Skip
2,talk,79,6,14,Over
2,talk,80,6,5,VOTE Agent[04]
2,talk,81,6,2,Over
2,talk,82,6,1,Over
2,talk,83,6,7,Over
2,talk,84,6,3,VOTE Agent[10]
2,talk,85,6,9,Over
2,talk,86,6,11,Over
2,talk,87,6,15,Over
2,talk,88,6,13,Over
2,talk,89,6,8,VOTE Agent[10]
2,talk,90,6,4,Over
2,talk,91,7,1,Over
2,talk,92,7,10,Over
2,talk,93,7,2,Over
2,talk,94,7,9,Over
2,talk,95,7,5,VOTE Agent[04]
2,talk,96,7,13,Over
2,talk,97,7,4,Over
2,talk,98,7,11,Over
2,talk,99,7,14,Over
2,talk,100,7,8,VOTE Agent[10]
2,talk,101,7,3,VOTE Agent[10]
2,talk,102,7,7,Over
2,talk,103,7,15,Over
2,talk,104,8,10,Over
2,talk,105,8,11,Over
2,talk,106,8,1,Over
2,talk,107,8,15,Over
2,talk,108,8,2,Over
2,talk,109,8,9,Over
2,talk,110,8,5,VOTE Agent[04]
2,talk,111,8,8,VOTE Agent[10]
2,talk,112,8,13,Over
2,talk,113,8,3,VOTE Agent[04]
2,talk,114,8,4,Over
2,talk,115,8,7,Over
2,talk,116,8,14,Over
2,talk,117,9,10,Over
2,talk,118,9,2,Over
2,talk,119,9,3,Over
2,talk,120,9,7,Over
2,talk,121,9,13,Over
2,talk,122,9,15,Over
2,talk,123,9,8,Over
2,talk,124,9,14,Over
2,talk,125,9,5,Over
2,talk,126,9,11,Over
2,talk,127,9,9,Over
2,talk,128,9,4,Over
2,talk,129,9,1,Over
2,vote,1,7
2,vote,2,7
2,vote,3,10
2,vote,4,9
2,vote,5,10
2,vote,7,9
2,vote,8,10
2,vote,9,7
2,vote,10,1
2,vote,11,7
2,vote,13,2
2,vote,14,7
2,vote,15,2
2,execute,7,WEREWOLF
2,whisper,0,0,10,ATTACK Agent[08]
2,whisper,1,0,9,Skip
2,whisper,2,1,9,Skip
2,whisper,3,1,10,Skip
2,whisper,4,2,9,Over
2,whisper,5,2,10,Skip
2,whisper,6,3,9,Over
2,whisper,7,3,10,Over
2,guard,14,10,WEREWOLF
2,attackVote,9,1
2,attackVote,10,8
2,attackVote,9,1
2,attackVote,10,8
2,attack,1,true
3,status,1,VILLAGER,DEAD,Tomato9
3,status,2,VILLAGER,ALIVE,TOKU5
3,status,3,VILLAGER,ALIVE,HALU
3,status,4,POSSESSED,ALIVE,TOKU14
3,status,5,VILLAGER,ALIVE,HALU
3,status,6,SEER,DEAD,Tomato2
3,status,7,WEREWOLF,DEAD,TOKU8
3,status,8,VILLAGER,ALIVE,HALU
3,status,9,WEREWOLF,ALIVE,Takeda10
3,status,10,WEREWOLF,ALIVE,SampleJava6
3,status,11,VILLAGER,ALIVE,Takeda12
3,status,12,VILLAGER,DEAD,SampleJava0
3,status,13,MEDIUM,ALIVE,sample_py
3,status,14,BODYGUARD,ALIVE,Takeda1
3,status,15,VILLAGER,ALIVE,sample_py
3,talk,0,0,9,VOTE Agent[02]
3,talk,1,0,2,VOTE Agent[09]
3,talk,2,0,8,VOTE Agent[10]
3,talk,3,0,15,VOTE Agent[02]
3,talk,4,0,3,VOTE Agent[04]
3,talk,5,0,14,VOTE Agent[09]
3,talk,6,0,10,DAY 3 (DIVINED Agent[02] WEREWOLF)
3,talk,7,0,11,VOTE Agent[09]
3,talk,8,0,4,DIVINED Agent[11] WEREWOLF
3,talk,9,0,13,COMINGOUT Agent[13] MEDIUM
3,talk,10,0,5,VOTE Agent[10]
3,talk,11,1,3,VOTE Agent[10]
3,talk,12,1,8,VOTE Agent[10]
3,talk,13,1,9,Skip
3,talk,14,1,4,VOTE Agent[02]
3,talk,15,1,10,DIVINED Agent[02] WEREWOLF
3,talk,16,1,2,Skip
3,talk,17,1,11,Skip
3,talk,18,1,15,Skip
3,talk,19,1,13,IDENTIFIED Agent[06] HUMAN
3,talk,20,1,5,VOTE Agent[04]
3,talk,21,1,14,VOTE Agent[10]
3,talk,22,2,4,Skip
3,talk,23,2,14,Skip
3,talk,24,2,10,BECAUSE (DAY 3 (DIVINED Agent[02] WEREWOLF)) (AND (VOTE Agent[02]) (REQUEST ANY (VOTE Agent[02])))
3,talk,25,2,2,VOTE Agent[10]
3,talk,26,2,5,VOTE Agent[10]
3,talk,27,2,15,Skip
3,talk,28,2,9,VOTE Agent[05]
3,talk,29,2,13,IDENTIFIED Agent[07] WEREWOLF
3,talk,30,2,8,VOTE Agent[10]
3,talk,31,2,11,VOTE Agent[10]
3,talk,32,2,3,VOTE Agent[10]
3,talk,33,3,10,VOTE Agent[02]
3,talk,34,3,4,Skip
3,talk,35,3,13,VOTE Agent[02]
3,talk,36,3,5,VOTE Agent[04]
3,talk,37,3,15,Over
3,talk,38,3,3,VOTE Agent[04]
3,talk,39,3,2,Skip
3,talk,40,3,8,VOTE Agent[10]
3,talk,41,3,14,Skip
3,talk,42,3,9,VOTE Agent[10]
3,talk,43,3,11,Skip
3,talk,44,4,4,Over
3,talk,45,4,5,VOTE Agent[10]
3,talk,46,4,3,VOTE Agent[10]
3,talk,47,4,13,Skip
3,talk,48,4,8,VOTE Agent[10]
3,talk,49,4,11,Skip
3,talk,50,4,15,Over
3,talk,51,4,10,REQUEST ANY (VOTE Agent[02])
3,talk,52,4,14,Over
3,talk,53,4,9,Skip
3,talk,54,4,2,Skip
3,talk,55,5,10,Skip
3,talk,56,5,15,Over
3,talk,57,5,9,Skip
3,talk,58,5,14,Over
3,talk,59,5,2,Over
3,talk,60,5,8,VOTE Agent[10]
3,talk,61,5,5,VOTE Agent[10]
3,talk,62,5,11,Over
3,talk,63,5,3,VOTE Agent[10]
3,talk,64,5,13,Skip
3,talk,65,5,4,Over
3,talk,66,6,4,Over
3,talk,67,6,15,Over
3,talk,68,6,9,Over
3,talk,69,6,3,VOTE Agent[10]
3,talk,70,6,14,Over
3,talk,71,6,2,Over
3,talk,72,6,8,VOTE Agent[10]
3,talk,73,6,11,Over
3,talk,74,6,5,VOTE Agent[10]
3,talk,75,6,10,Skip
3,talk,76,6,13,Over
3,talk,77,7,11,Over
3,talk,78,7,10,Over
3,talk,79,7,4,Over
3,talk,80,7,9,Over
3,talk,81,7,8,VOTE Agent[10]
3,talk,82,7,3,VOTE Agent[10]
3,talk,83,7,15,Over
3,talk,84,7,14,Over
3,talk,85,7,5,VOTE Agent[10]
3,talk,86,7,13,Over
3,talk,87,7,2,Over
3,talk,88,8,15,Over
3,talk,89,8,3,VOTE Agent[10]
3,talk,90,8,13,Over
3,talk,91,8,10,Over
3,talk,92,8,9,Over
3,talk,93,8,5,VOTE Agent[10]
3,talk,94,8,8,VOTE Agent[10]
3,talk,95,8,2,Over
3,talk,96,8,11,Over
3,talk,97,8,14,Over
3,talk,98,8,4,Over
3,talk,99,9,4,Over
3,talk,100,9,2,Over
3,talk,101,9,11,Over
3,talk,102,9,13,Over
3,talk,103,9,15,Over
3,talk,104,9,10,Over
3,talk,105,9,9,Over
3,talk,106,9,14,Over
3,talk,107,9,3,Over
3,talk,108,9,8,Over
3,talk,109,9,5,Over
3,vote,2,10
3,vote,3,10
3,vote,4,2
3,vote,5,10
3,vote,8,10
3,vote,9,10
3,vote,10,2
3,vote,11,10
3,vote,13,2
3,vote,14,10
3,vote,15,2
3,execute,10,WEREWOLF
3,guard,14,15,VILLAGER
3,attackVote,9,15
3,attack,15,false
4,status,1,VILLAGER,DEAD,Tomato9
4,status,2,VILLAGER,ALIVE,TOKU5
4,status,3,VILLAGER,ALIVE,HALU
4,status,4,POSSESSED,ALIVE,TOKU14
4,status,5,VILLAGER,ALIVE,HALU
4,status,6,SEER,DEAD,Tomato2
4,status,7,WEREWOLF,DEAD,TOKU8
4,status,8,VILLAGER,ALIVE,HALU
4,status,9,WEREWOLF,ALIVE,Takeda10
4,status,10,WEREWOLF,DEAD,SampleJava6
4,status,11,VILLAGER,ALIVE,Takeda12
4,status,12,VILLAGER,DEAD,SampleJava0
4,status,13,MEDIUM,ALIVE,sample_py
4,status,14,BODYGUARD,ALIVE,Takeda1
4,status,15,VILLAGER,ALIVE,sample_py
4,talk,0,0,11,VOTE Agent[09]
4,talk,1,0,15,VOTE Agent[11]
4,talk,2,0,13,IDENTIFIED Agent[10] WEREWOLF
4,talk,3,0,3,VOTE Agent[15]
4,talk,4,0,9,VOTE Agent[02]
4,talk,5,0,5,VOTE Agent[11]
4,talk,6,0,14,VOTE Agent[09]
4,talk,7,0,8,VOTE Agent[14]
4,talk,8,0,2,VOTE Agent[09]
4,talk,9,0,4,DIVINED Agent[15] WEREWOLF
4,talk,10,1,8,VOTE Agent[05]
4,talk,11,1,14,Skip
4,talk,12,1,5,VOTE Agent[02]
4,talk,13,1,11,Skip
4,talk,14,1,3,VOTE Agent[08]
4,talk,15,1,15,VOTE Agent[02]
4,talk,16,1,9,Skip
4,talk,17,1,13,VOTE Agent[02]
4,talk,18,1,2,Skip
4,talk,19,1,4,VOTE Agent[11]
4,talk,20,2,5,VOTE Agent[02]
4,talk,21,2,9,Skip
4,talk,22,2,13,Skip
4,talk,23,2,15,Skip
4,talk,24,2,8,VOTE Agent[03]
4,talk,25,2,11,Skip
4,talk,26,2,3,VOTE Agent[05]
4,talk,27,2,14,Skip
4,talk,28,2,4,Skip
4,talk,29,2,2,Skip
4,talk,30,3,2,Over
4,talk,31,3,13,Skip
4,talk,32,3,4,Skip
4,talk,33,3,15,Skip
4,talk,34,3,14,Over
4,talk,35,3,5,VOTE Agent[02]
4,talk,36,3,8,VOTE Agent[02]
4,talk,37,3,11,Over
4,talk,38,3,3,VOTE Agent[02]
4,talk,39,3,9,Over
4,talk,40,4,9,Over
4,talk,41,4,2,VOTE Agent[09]
4,talk,42,4,8,VOTE Agent[02]
4,talk,43,4,11,Over
4,talk,44,4,14,Over
4,talk,45,4,3,VOTE Agent[02]
4,talk,46,4,4,Over
4,talk,47,4,15,Over
4,talk,48,4,5,VOTE Agent[02]
4,talk,49,4,13,Over
4,talk,50,5,11,Over
4,talk,51,5,5,VOTE Agent[02]
4,talk,52,5,14,Over
4,talk,53,5,3,VOTE Agent[08]
4,talk,54,5,13,Over
4,talk,55,5,15,Over
4,talk,56,5,9,Over
4,talk,57,5,2,VOTE Agent[09]
4,talk,58,5,4,Over
4,talk,59,5,8,VOTE Agent[02]
4,talk,60,6,15,Over
4,talk,61,6,14,Over
4,talk,62,6,3,VOTE Agent[02]
4,talk,63,6,11,Over
4,talk,64,6,4,Over
4,talk,65,6,8,VOTE Agent[02]
4,talk,66,6,13,Over
4,talk,67,6,9,Over
4,talk,68,6,2,VOTE Agent[09]
4,talk,69,6,5,VOTE Agent[02]
4,talk,70,7,2,VOTE Agent[09]
4,talk,71,7,5,VOTE Agent[02]
4,talk,72,7,8,VOTE Agent[05]
4,talk,73,7,4,Over
4,talk,74,7,3,VOTE Agent[02]
4,talk,75,7,9,Over
4,talk,76,7,11,Over
4,talk,77,7,13,Over
4,talk,78,7,15,Over
4,talk,79,7,14,Over
4,talk,80,8,3,VOTE Agent[02]
4,talk,81,8,4,Over
4,talk,82,8,8,VOTE Agent[02]
4,talk,83,8,2,VOTE Agent[09]
4,talk,84,8,5,VOTE Agent[02]
4,talk,85,8,15,Over
4,talk,86,8,9,Over
4,talk,87,8,13,Over
4,talk,88,8,14,Over
4,talk,89,8,11,Over
4,talk,90,9,2,VOTE Agent[09]
4,talk,91,9,8,Over
4,talk,92,9,9,Over
4,talk,93,9,15,Over
4,talk,94,9,5,Over
4,talk,95,9,14,Over
4,talk,96,9,4,Over
4,talk,97,9,11,Over
4,talk,98,9,3,Over
4,talk,99,9,13,Over
4,talk,100,10,11,Over
4,talk,101,10,5,Over
4,talk,102,10,13,Over
4,talk,103,10,14,Over
4,talk,104,10,9,Over
4,talk,105,10,3,Over
4,talk,106,10,15,Over
4,talk,107,10,2,VOTE Agent[09]
4,talk,108,10,8,Over
4,talk,109,10,4,Over
4,talk,110,11,15,Over
4,talk,111,11,14,Over
4,talk,112,11,5,Over
4,talk,113,11,2,VOTE Agent[09]
4,talk,114,11,9,Over
4,talk,115,11,4,Over
4,talk,116,11,11,Over
4,talk,117,11,3,Over
4,talk,118,11,8,Over
4,talk,119,11,13,Over
4,talk,120,12,4,Over
4,talk,121,12,5,Over
4,talk,122,12,8,Over
4,talk,123,12,3,Over
4,talk,124,12,15,Over
4,talk,125,12,2,VOTE Agent[09]
4,talk,126,12,14,Over
4,talk,127,12,13,Over
4,talk,128,12,11,Over
4,talk,129,12,9,Over
4,talk,130,13,4,Over
4,talk,131,13,11,Over
4,talk,132,13,3,Over
4,talk,133,13,2,Over
4,talk,134,13,9,Over
4,talk,135,13,14,Over
4,talk,136,13,8,Over
4,talk,137,13,5,Over
4,talk,138,13,15,Over
4,talk,139,13,13,Over
4,vote,2,9
4,vote,3,2
4,vote,4,2
4,vote,5,2
4,vote,8,2
4,vote,9,2
4,vote,11,2
4,vote,13,2
4,vote,14,2
4,vote,15,2
4,execute,2,VILLAGER
4,guard,14,15,VILLAGER
4,attackVote,9,15
4,attack,15,false
5,status,1,VILLAGER,DEAD,Tomato9
5,status,2,VILLAGER,DEAD,TOKU5
5,status,3,VILLAGER,ALIVE,HALU
5,status,4,POSSESSED,ALIVE,TOKU14
5,status,5,VILLAGER,ALIVE,HALU
5,status,6,SEER,DEAD,Tomato2
5,status,7,WEREWOLF,DEAD,TOKU8
5,status,8,VILLAGER,ALIVE,HALU
5,status,9,WEREWOLF,ALIVE,Takeda10
5,status,10,WEREWOLF,DEAD,SampleJava6
5,status,11,VILLAGER,ALIVE,Takeda12
5,status,12,VILLAGER,DEAD,SampleJava0
5,status,13,MEDIUM,ALIVE,sample_py
5,status,14,BODYGUARD,ALIVE,Takeda1
5,status,15,VILLAGER,ALIVE,sample_py
5,talk,0,0,5,VOTE Agent[11]
5,talk,1,0,3,VOTE Agent[05]
5,talk,2,0,13,IDENTIFIED Agent[02] HUMAN
5,talk,3,0,15,VOTE Agent[04]
5,talk,4,0,4,DIVINED Agent[14] WEREWOLF
5,talk,5,0,9,VOTE Agent[03]
5,talk,6,0,14,VOTE Agent[09]
5,talk,7,0,8,VOTE Agent[15]
5,talk,8,0,11,VOTE Agent[09]
5,talk,9,1,5,VOTE Agent[09]
5,talk,10,1,13,VOTE Agent[11]
5,talk,11,1,11,Skip
5,talk,12,1,14,Skip
5,talk,13,1,15,Skip
5,talk,14,1,9,Skip
5,talk,15,1,4,VOTE Agent[11]
5,talk,16,1,8,VOTE Agent[09]
5,talk,17,1,3,VOTE Agent[15]
5,talk,18,2,15,Skip
5,talk,19,2,3,VOTE Agent[15]
5,talk,20,2,5,VOTE Agent[15]
5,talk,21,2,11,Skip
5,talk,22,2,4,Skip
5,talk,23,2,8,VOTE Agent[15]
5,talk,24,2,9,Skip
5,talk,25,2,13,Skip
5,talk,26,2,14,Skip
5,talk,27,3,15,Over
5,talk,28,3,13,Skip
5,talk,29,3,11,Over
5,talk,30,3,14,Over
5,talk,31,3,3,VOTE Agent[15]
5,talk,32,3,9,Over
5,talk,33,3,8,VOTE Agent[15]
5,talk,34,3,4,Skip
5,talk,35,3,5,VOTE Agent[15]
5,talk,36,4,9,Over
5,talk,37,4,4,Over
5,talk,38,4,5,VOTE Agent[09]
5,talk,39,4,14,Over
5,talk,40,4,8,VOTE Agent[09]
5,talk,41,4,11,Over
5,talk,42,4,13,Over
5,talk,43,4,15,Over
5,talk,44,4,3,VOTE Agent[08]
5,talk,45,5,14,Over
5,talk,46,5,15,Over
5,talk,47,5,8,VOTE Agent[15]
5,talk,48,5,3,VOTE Agent[15]
5,talk,49,5,11,Over
5,talk,50,5,4,Over
5,talk,51,5,9,Over
5,talk,52,5,5,VOTE Agent[09]
5,talk,53,5,13,Over
5,talk,54,6,8,VOTE Agent[09]
5,talk,55,6,15,Over
5,talk,56,6,14,Over
5,talk,57,6,3,VOTE Agent[15]
5,talk,58,6,9,Over
5,talk,59,6,11,Over
5,talk,60,6,4,Over
5,talk,61,6,13,Over
5,talk,62,6,5,VOTE Agent[09]
5,talk,63,7,15,Over
5,talk,64,7,4,Over
5,talk,65,7,5,VOTE Agent[15]
5,talk,66,7,11,Over
5,talk,67,7,13,Over
5,talk,68,7,8,VOTE Agent[15]
5,talk,69,7,9,Over
5,talk,70,7,3,VOTE Agent[05]
5,talk,71,7,14,Over
5,talk,72,8,11,Over
5,talk,73,8,4,Over
5,talk,74,8,9,Over
5,talk,75,8,14,Over
5,talk,76,8,13,Over
5,talk,77,8,3,VOTE Agent[15]
5,talk,78,8,8,VOTE Agent[09]
5,talk,79,8,15,Over
5,talk,80,8,5,VOTE Agent[15]
5,talk,81,9,3,Over
5,talk,82,9,14,Over
5,talk,83,9,11,Over
5,talk,84,9,9,Over
5,talk,85,9,8,Over
5,talk,86,9,4,Over
5,talk,87,9,15,Over
5,talk,88,9,13,Over
5,talk,89,9,5,Over
5,vote,3,15
5,vote,4,3
5,vote,5,3
5,vote,8,3
5,vote,9,3
5,vote,11,9
5,vote,13,11
5,vote,14,9
5,vote,15,4
5,execute,3,VILLAGER
5,guard,14,15,VILLAGER
5,attackVote,9,15
5,attack,15,false
6,status,1,VILLAGER,DEAD,Tomato9
6,status,2,VILLAGER,DEAD,TOKU5
6,status,3,VILLAGER,DEAD,HALU
6,status,4,POSSESSED,ALIVE,TOKU14
6,status,5,VILLAGER,ALIVE,HALU
6,status,6,SEER,DEAD,Tomato2
6,status,7,WEREWOLF,DEAD,TOKU8
6,status,8,VILLAGER,ALIVE,HALU
6,status,9,WEREWOLF,ALIVE,Takeda10
6,status,10,WEREWOLF,DEAD,SampleJava6
6,status,11,VILLAGER,ALIVE,Takeda12
6,status,12,VILLAGER,DEAD,SampleJava0
6,status,13,MEDIUM,ALIVE,sample_py
6,status,14,BODYGUARD,ALIVE,Takeda1
6,status,15,VILLAGER,ALIVE,sample_py
6,talk,0,0,13,IDENTIFIED Agent[03] HUMAN
6,talk,1,0,15,VOTE Agent[04]
6,talk,2,0,11,VOTE Agent[09]
6,talk,3,0,5,VOTE Agent[15]
6,talk,4,0,14,VOTE Agent[09]
6,talk,5,0,9,VOTE Agent[05]
6,talk,6,0,4,DIVINED Agent[08] WEREWOLF
6,talk,7,0,8,VOTE Agent[15]
6,talk,8,1,13,VOTE Agent[15]
6,talk,9,1,15,Skip
6,talk,10,1,9,Skip
6,talk,11,1,11,Skip
6,talk,12,1,14,Skip
6,talk,13,1,8,VOTE Agent[09]
6,talk,14,1,4,VOTE Agent[11]
6,talk,15,1,5,VOTE Agent[15]
6,talk,16,2,4,Skip
6,talk,17,2,5,VOTE Agent[08]
6,talk,18,2,13,Skip
6,talk,19,2,11,Skip
6,talk,20,2,8,VOTE Agent[15]
6,talk,21,2,14,Skip
6,talk,22,2,15,Skip
6,talk,23,2,9,Skip
6,talk,24,3,8,VOTE Agent[15]
6,talk,25,3,11,Over
6,talk,26,3,15,Over
6,talk,27,3,13,Skip
6,talk,28,3,5,VOTE Agent[15]
6,talk,29,3,14,Over
6,talk,30,3,9,Over
6,talk,31,3,4,Skip
6,talk,32,4,9,Over
6,talk,33,4,5,VOTE Agent[08]
6,talk,34,4,8,VOTE Agent[09]
6,talk,35,4,14,Over
6,talk,36,4,11,Over
6,talk,37,4,15,Over
6,talk,38,4,4,Over
6,talk,39,4,13,Over
6,talk,40,5,5,VOTE Agent[08]
6,talk,41,5,11,Over
6,talk,42,5,15,Over
6,talk,43,5,13,Over
6,talk,44,5,14,Over
6,talk,45,5,9,Over
6,talk,46,5,4,Over
6,talk,47,5,8,VOTE Agent[05]
6,talk,48,6,11,Over
6,talk,49,6,5,VOTE Agent[15]
6,talk,50,6,15,Over
6,talk,51,6,4,Over
6,talk,52,6,9,Over
6,talk,53,6,14,Over
6,talk,54,6,8,VOTE Agent[15]
6,talk,55,6,13,Over
6,talk,56,7,15,Over
6,talk,57,7,5,VOTE Agent[15]
6,talk,58,7,9,Over
6,talk,59,7,14,Over
6,talk,60,7,11,Over
6,talk,61,7,8,VOTE Agent[05]
6,talk,62,7,13,Over
6,talk,63,7,4,Over
6,talk,64,8,14,Over
6,talk,65,8,15,Over
6,talk,66,8,13,Over
6,talk,67,8,8,VOTE Agent[05]
6,talk,68,8,11,Over
6,talk,69,8,4,Over
6,talk,70,8,5,VOTE Agent[15]
6,talk,71,8,9,Over
6,talk,72,9,4,Over
6,talk,73,9,9,Over
6,talk,74,9,13,Over
6,talk,75,9,8,Over
6,talk,76,9,15,Over
6,talk,77,9,11,Over
6,talk,78,9,14,Over
6,talk,79,9,5,Over
6,vote,4,5
6,vote,5,8
6,vote,8,5
6,vote,9,5
6,vote,11,9
6,vote,13,15
6,vote,14,9
6,vote,15,4
6,execute,5,VILLAGER
6,guard,14,15,VILLAGER
6,attackVote,9,15
6,attack,15,false
7,status,1,VILLAGER,DEAD,Tomato9
7,status,2,VILLAGER,DEAD,TOKU5
7,status,3,VILLAGER,DEAD,HALU
7,status,4,POSSESSED,ALIVE,TOKU14
7,status,5,VILLAGER,DEAD,HALU
7,status,6,SEER,DEAD,Tomato2
7,status,7,WEREWOLF,DEAD,TOKU8
7,status,8,VILLAGER,ALIVE,HALU
7,status,9,WEREWOLF,ALIVE,Takeda10
7,status,10,WEREWOLF,DEAD,SampleJava6
7,status,11,VILLAGER,ALIVE,Takeda12
7,status,12,VILLAGER,DEAD,SampleJava0
7,status,13,MEDIUM,ALIVE,sample_py
7,status,14,BODYGUARD,ALIVE,Takeda1
7,status,15,VILLAGER,ALIVE,sample_py
7,talk,0,0,15,VOTE Agent[04]
7,talk,1,0,8,VOTE Agent[04]
7,talk,2,0,11,VOTE Agent[09]
7,talk,3,0,4,DIVINED Agent[09] WEREWOLF
7,talk,4,0,9,VOTE Agent[08]
7,talk,5,0,13,IDENTIFIED Agent[05] HUMAN
7,talk,6,0,14,VOTE Agent[09]
7,talk,7,1,13,VOTE Agent[08]
7,talk,8,1,11,Skip
7,talk,9,1,8,VOTE Agent[09]
7,talk,10,1,9,Skip
7,talk,11,1,4,VOTE Agent[11]
7,talk,12,1,14,Skip
7,talk,13,1,15,Skip
7,talk,14,2,15,Skip
7,talk,15,2,9,Skip
7,talk,16,2,14,Skip
7,talk,17,2,13,Skip
7,talk,18,2,4,VOTE Agent[09]
7,talk,19,2,8,VOTE Agent[04]
7,talk,20,2,11,Skip
7,talk,21,3,8,VOTE Agent[04]
7,talk,22,3,9,Over
7,talk,23,3,14,Over
7,talk,24,3,15,Over
7,talk,25,3,11,Over
7,talk,26,3,13,Skip
7,talk,27,3,4,Skip
7,talk,28,4,11,Over
7,talk,29,4,15,Over
7,talk,30,4,14,Over
7,talk,31,4,4,Skip
7,talk,32,4,9,Over
7,talk,33,4,8,VOTE Agent[04]
7,talk,34,4,13,Over
7,talk,35,5,11,Over
7,talk,36,5,15,Over
7,talk,37,5,4,Over
7,talk,38,5,9,Over
7,talk,39,5,8,VOTE Agent[04]
7,talk,40,5,14,Over
7,talk,41,5,13,Over
7,talk,42,6,8,VOTE Agent[04]
7,talk,43,6,15,Over
7,talk,44,6,13,Over
7,talk,45,6,14,Over
7,talk,46,6,4,Over
7,talk,47,6,9,Over
7,talk,48,6,11,Over
7,talk,49,7,13,Over
7,talk,50,7,14,Over
7,talk,51,7,4,Over
7,talk,52,7,9,Over
7,talk,53,7,11,Over
7,talk,54,7,8,VOTE Agent[04]
7,talk,55,7,15,Over
7,talk,56,8,8,VOTE Agent[04]
7,talk,57,8,15,Over
7,talk,58,8,4,Over
7,talk,59,8,13,Over
7,talk,60,8,9,Over
7,talk,61,8,14,Over
7,talk,62,8,11,Over
7,talk,63,9,8,Over
7,talk,64,9,15,Over
7,talk,65,9,9,Over
7,talk,66,9,11,Over
7,talk,67,9,13,Over
7,talk,68,9,4,Over
7,talk,69,9,14,Over
7,vote,4,8
7,vote,8,4
7,vote,9,8
7,vote,11,9
7,vote,13,8
7,vote,14,9
7,vote,15,4
7,execute,8,VILLAGER
7,guard,14,15,VILLAGER
7,attackVote,9,15
7,attack,15,false
8,status,1,VILLAGER,DEAD,Tomato9
8,status,2,VILLAGER,DEAD,TOKU5
8,status,3,VILLAGER,DEAD,HALU
8,status,4,POSSESSED,ALIVE,TOKU14
8,status,5,VILLAGER,DEAD,HALU
8,status,6,SEER,DEAD,Tomato2
8,status,7,WEREWOLF,DEAD,TOKU8
8,status,8,VILLAGER,DEAD,HALU
8,status,9,WEREWOLF,ALIVE,Takeda10
8,status,10,WEREWOLF,DEAD,SampleJava6
8,status,11,VILLAGER,ALIVE,Takeda12
8,status,12,VILLAGER,DEAD,SampleJava0
8,status,13,MEDIUM,ALIVE,sample_py
8,status,14,BODYGUARD,ALIVE,Takeda1
8,status,15,VILLAGER,ALIVE,sample_py
8,talk,0,0,11,VOTE Agent[09]
8,talk,1,0,13,IDENTIFIED Agent[08] HUMAN
8,talk,2,0,9,VOTE Agent[14]
8,talk,3,0,15,VOTE Agent[04]
8,talk,4,0,4,DIVINED Agent[13] WEREWOLF
8,talk,5,0,14,VOTE Agent[09]
8,talk,6,1,14,Skip
8,talk,7,1,11,Skip
8,talk,8,1,15,Skip
8,talk,9,1,4,VOTE Agent[09]
8,talk,10,1,9,VOTE Agent[14]
8,talk,11,1,13,VOTE Agent[04]
8,talk,12,2,15,Skip
8,talk,13,2,4,Skip
8,talk,14,2,13,Skip
8,talk,15,2,14,Skip
8,talk,16,2,9,VOTE Agent[14]
8,talk,17,2,11,Skip
8,talk,18,3,14,Over
8,talk,19,3,15,Over
8,talk,20,3,11,Over
8,talk,21,3,4,Skip
8,talk,22,3,13,Skip
8,talk,23,3,9,VOTE Agent[14]
8,talk,24,4,15,Over
8,talk,25,4,14,Over
8,talk,26,4,13,Over
8,talk,27,4,11,Over
8,talk,28,4,9,VOTE Agent[14]
8,talk,29,4,4,Over
8,talk,30,5,15,Over
8,talk,31,5,4,Over
8,talk,32,5,13,Over
8,talk,33,5,11,Over
8,talk,34,5,14,Over
8,talk,35,5,9,VOTE Agent[14]
8,talk,36,6,11,Over
8,talk,37,6,13,Over
8,talk,38,6,9,VOTE Agent[14]
8,talk,39,6,14,Over
8,talk,40,6,15,Over
8,talk,41,6,4,Over
8,talk,42,7,15,Over
8,talk,43,7,4,Over
8,talk,44,7,14,Over
8,talk,45,7,9,VOTE Agent[14]
8,talk,46,7,13,Over
8,talk,47,7,11,Over
8,talk,48,8,4,Over
8,talk,49,8,13,Over
8,talk,50,8,11,Over
8,talk,51,8,9,VOTE Agent[14]
8,talk,52,8,14,Over
8,talk,53,8,15,Over
8,talk,54,9,9,VOTE Agent[14]
8,talk,55,9,13,Over
8,talk,56,9,4,Over
8,talk,57,9,11,Over
8,talk,58,9,14,Over
8,talk,59,9,15,Over
8,talk,60,10,4,Over
8,talk,61,10,11,Over
8,talk,62,10,9,Over
8,talk,63,10,14,Over
8,talk,64,10,13,Over
8,talk,65,10,15,Over
8,vote,4,14
8,vote,9,14
8,vote,11,9
8,vote,13,4
8,vote,14,9
8,vote,15,4
8,vote,4,14
8,vote,9,14
8,vote,11,9
8,vote,13,4
8,vote,14,9
8,vote,15,4
8,execute,9,WEREWOLF
8,guard,14,15,VILLAGER
9,status,1,VILLAGER,DEAD,Tomato9
9,status,2,VILLAGER,DEAD,TOKU5
9,status,3,VILLAGER,DEAD,HALU
9,status,4,POSSESSED,ALIVE,TOKU14
9,status,5,VILLAGER,DEAD,HALU
9,status,6,SEER,DEAD,Tomato2
9,status,7,WEREWOLF,DEAD,TOKU8
9,status,8,VILLAGER,DEAD,HALU
9,status,9,WEREWOLF,DEAD,Takeda10
9,status,10,WEREWOLF,DEAD,SampleJava6
9,status,11,VILLAGER,ALIVE,Takeda12
9,status,12,VILLAGER,DEAD,SampleJava0
9,status,13,MEDIUM,ALIVE,sample_py
9,status,14,BODYGUARD,ALIVE,Takeda1
9,status,15,VILLAGER,ALIVE,sample_py
9,result,5,0,VILLAGER
