0,status,1,MEDIUM,ALIVE,Tomato9
0,status,2,VILLAGER,ALIVE,TOKU5
0,status,3,SEER,ALIVE,HALU
0,status,4,POSSESSED,ALIVE,TOKU14
0,status,5,VILLAGER,ALIVE,HALU
0,status,6,VILLAGER,ALIVE,Tomato2
0,status,7,VILLAGER,ALIVE,TOKU8
0,status,8,VILLAGER,ALIVE,HALU
0,status,9,VILLAGER,ALIVE,Takeda10
0,status,10,VILLAGER,ALIVE,SampleJava6
0,status,11,VILLAGER,ALIVE,Takeda12
0,status,12,WEREWOLF,ALIVE,SampleJava0
0,status,13,WEREWOLF,ALIVE,sample_py
0,status,14,WEREWOLF,ALIVE,Takeda1
0,status,15,BODYGUARD,ALIVE,sample_py
0,whisper,0,0,12,COMINGOUT Agent[12] VILLAGER
0,whisper,1,0,14,Skip
0,whisper,2,0,13,COMINGOUT Agent[13] MEDIUM
0,whisper,3,1,14,Skip
0,whisper,4,1,13,COMINGOUT Agent[13] MEDIUM
0,whisper,5,1,12,Skip
0,whisper,6,2,13,COMINGOUT Agent[13] MEDIUM
0,whisper,7,2,12,Skip
0,whisper,8,2,14,Over
0,whisper,9,3,12,Over
0,whisper,10,3,13,COMINGOUT Agent[13] MEDIUM
0,whisper,11,3,14,Over
0,whisper,12,4,12,Over
0,whisper,13,4,14,Over
0,whisper,14,4,13,COMINGOUT Agent[13] MEDIUM
0,whisper,15,5,13,COMINGOUT Agent[13] MEDIUM
0,whisper,16,5,14,Over
0,whisper,17,5,12,Over
0,whisper,18,6,14,Over
0,whisper,19,6,13,COMINGOUT Agent[13] MEDIUM
0,whisper,20,6,12,Over
0,whisper,21,7,13,COMINGOUT Agent[13] MEDIUM
0,whisper,22,7,12,Over
0,whisper,23,7,14,Over
0,whisper,24,8,14,Over
0,whisper,25,8,13,COMINGOUT Agent[13] MEDIUM
0,whisper,26,8,12,Over
0,whisper,27,9,12,Over
0,whisper,28,9,13,COMINGOUT Agent[13] MEDIUM
0,whisper,29,9,14,Over
0,whisper,30,10,14,Over
0,whisper,31,10,13,Over
0,whisper,32,10,12,Over
0,divine,3,6,HUMAN
1,status,1,MEDIUM,ALIVE,Tomato9
1,status,2,VILLAGER,ALIVE,TOKU5
1,status,3,SEER,ALIVE,HALU
1,status,4,POSSESSED,ALIVE,TOKU14
1,status,5,VILLAGER,ALIVE,HALU
1,status,6,VILLAGER,ALIVE,Tomato2
1,status,7,VILLAGER,ALIVE,TOKU8
1,status,8,VILLAGER,ALIVE,HALU
1,status,9,VILLAGER,ALIVE,Takeda10
1,status,10,VILLAGER,ALIVE,SampleJava6
1,status,11,VILLAGER,ALIVE,Takeda12
1,status,12,WEREWOLF,ALIVE,SampleJava0
1,status,13,WEREWOLF,ALIVE,sample_py
1,status,14,WEREWOLF,ALIVE,Takeda1
1,status,15,BODYGUARD,ALIVE,sample_py
1,talk,0,0,14,COMINGOUT Agent[14] SEER
1,talk,1,0,5,VOTE Agent[03]
1,talk,2,0,3,COMINGOUT Agent[03] SEER
1,talk,3,0,8,VOTE Agent[05]
1,talk,4,0,11,VOTE Agent[03]
1,talk,5,0,10,VOTE Agent[05]
1,talk,6,0,1,COMINGOUT Agent[01] MEDIUM
1,talk,7,0,15,VOTE Agent[10]
1,talk,8,0,2,VOTE Agent[14]
1,talk,9,0,4,COMINGOUT Agent[04] SEER
1,talk,10,0,9,VOTE Agent[14]
1,talk,11,0,7,VOTE Agent[04]
1,talk,12,0,13,VOTE Agent[01]
1,talk,13,0,6,VOTE Agent[14]
1,talk,14,0,12,VOTE Agent[08]
1,talk,15,1,8,VOTE Agent[11]
1,talk,16,1,14,DIVINED Agent[04] WEREWOLF
1,talk,17,1,13,Skip
1,talk,18,1,7,VOTE Agent[09]
1,talk,19,1,10,REQUEST ANY (VOTE Agent[05])
1,talk,20,1,11,VOTE Agent[14]
1,talk,21,1,15,VOTE Agent[04]
1,talk,22,1,2,VOTE Agent[13]
1,talk,23,1,3,DIVINED Agent[06] HUMAN
1,talk,24,1,5,VOTE Agent[04]
1,talk,25,1,1,VOTE Agent[04]
1,talk,26,1,6,VOTE Agent[04]
1,talk,27,1,9,VOTE Agent[04]
1,talk,28,1,4,DIVINED Agent[06] WEREWOLF
1,talk,29,1,12,REQUEST ANY (VOTE Agent[08])
1,talk,30,2,15,Skip
1,talk,31,2,4,VOTE Agent[06]
1,talk,32,2,3,VOTE Agent[04]
1,talk,33,2,2,VOTE Agent[14]
1,talk,34,2,6,Skip
1,talk,35,2,7,VOTE Agent[14]
1,talk,36,2,12,Skip
1,talk,37,2,9,VOTE Agent[14]
1,talk,38,2,13,Skip
1,talk,39,2,10,Skip
1,talk,40,2,8,VOTE Agent[04]
1,talk,41,2,5,VOTE Agent[04]
1,talk,42,2,11,Skip
1,talk,43,2,1,Skip
1,talk,44,2,14,VOTE Agent[04]
1,talk,45,3,9,Skip
1,talk,46,3,2,Skip
1,talk,47,3,3,VOTE Agent[04]
1,talk,48,3,6,Skip
1,talk,49,3,1,Skip
1,talk,50,3,11,Skip
1,talk,51,3,14,Skip
1,talk,52,3,7,Skip
1,talk,53,3,5,VOTE Agent[03]
1,talk,54,3,8,VOTE Agent[03]
1,talk,55,3,10,Skip
1,talk,56,3,13,Over
1,talk,57,3,15,Skip
1,talk,58,3,12,Skip
1,talk,59,3,4,Skip
1,talk,60,4,13,Over
1,talk,61,4,10,Over
1,talk,62,4,12,Over
1,talk,63,4,11,Over
1,talk,64,4,6,Over
1,talk,65,4,14,Skip
1,talk,66,4,8,VOTE Agent[04]
1,talk,67,4,9,Skip
1,talk,68,4,3,VOTE Agent[04]
1,talk,69,4,7,Skip
1,talk,70,4,5,VOTE Agent[03]
1,talk,71,4,1,Over
1,talk,72,4,4,Skip
1,talk,73,4,2,Skip
1,talk,74,4,15,Over
1,talk,75,5,9,Over
1,talk,76,5,4,Over
1,talk,77,5,10,Over
1,talk,78,5,7,Over
1,talk,79,5,15,Over
1,talk,80,5,14,Over
1,talk,81,5,2,Over
1,talk,82,5,6,Over
1,talk,83,5,11,Over
1,talk,84,5,3,VOTE Agent[04]
1,talk,85,5,8,VOTE Agent[04]
1,talk,86,5,1,Over
1,talk,87,5,5,VOTE Agent[04]
1,talk,88,5,13,Over
1,talk,89,5,12,Over
1,talk,90,6,2,Over
1,talk,91,6,8,VOTE Agent[04]
1,talk,92,6,9,Over
1,talk,93,6,3,VOTE Agent[04]
1,talk,94,6,1,Over
1,talk,95,6,4,Over
1,talk,96,6,13,Over
1,talk,97,6,14,Over
1,talk,98,6,5,VOTE Agent[04]
1,talk,99,6,11,Over
1,talk,100,6,7,Over
1,talk,101,6,12,Over
1,talk,102,6,6,Over
1,talk,103,6,10,Over
1,talk,104,6,15,Over
1,talk,105,7,15,Over
1,talk,106,7,8,VOTE Agent[04]
1,talk,107,7,12,Over
1,talk,108,7,13,Over
1,talk,109,7,14,Over
1,talk,110,7,5,VOTE Agent[04]
1,talk,111,7,7,Over
1,talk,112,7,6,Over
1,talk,113,7,3,VOTE Agent[04]
1,talk,114,7,11,Over
1,talk,115,7,2,Over
1,talk,116,7,10,Over
1,talk,117,7,9,Over
1,talk,118,7,4,Over
1,talk,119,7,1,Over
1,talk,120,8,2,Over
1,talk,121,8,3,VOTE Agent[04]
1,talk,122,8,6,Over
1,talk,123,8,15,Over
1,talk,124,8,14,Over
1,talk,125,8,11,Over
1,talk,126,8,1,Over
1,talk,127,8,13,Over
1,talk,128,8,10,Over
1,talk,129,8,5,VOTE Agent[04]
1,talk,130,8,8,VOTE Agent[04]
1,talk,131,8,4,Over
1,talk,132,8,7,Over
1,talk,133,8,12,Over
1,talk,134,8,9,Over
1,talk,135,9,3,Over
1,talk,136,9,13,Over
1,talk,137,9,12,Over
1,talk,138,9,1,Over
1,talk,139,9,11,Over
1,talk,140,9,7,Over
1,talk,141,9,15,Over
1,talk,142,9,8,Over
1,talk,143,9,10,Over
1,talk,144,9,9,Over
1,talk,145,9,14,Over
1,talk,146,9,5,Over
1,talk,147,9,2,Over
1,talk,148,9,4,Over
1,talk,149,9,6,Over
1,vote,1,4
1,vote,2,14
1,vote,3,4
1,vote,4,14
1,vote,5,4
1,vote,6,4
1,vote,7,14
1,vote,8,4
1,vote,9,14
1,vote,10,8
1,vote,11,14
1,vote,12,8
1,vote,13,1
1,vote,14,4
1,vote,15,4
1,execute,4,POSSESSED
1,divine,3,8,HUMAN
1,whisper,0,0,13,ATTACK Agent[01]
1,whisper,1,0,12,BECAUSE (AND (NOT (COMINGOUT Agent[04] WEREWOLF)) (NOT (COMINGOUT Agent[06] WEREWOLF)) (DAY 1 (Agent[04] DIVINED Agent[06] WEREWOLF))) (ESTIMATE Agent[04] POSSESSED)
1,whisper,2,0,14,Skip
1,whisper,3,1,14,Skip
1,whisper,4,1,13,Skip
1,whisper,5,1,12,ATTACK Agent[01]
1,whisper,6,2,14,Over
1,whisper,7,2,12,Skip
1,whisper,8,2,13,Skip
1,whisper,9,3,12,Skip
1,whisper,10,3,13,Over
1,whisper,11,3,14,Over
1,whisper,12,4,14,Over
1,whisper,13,4,12,Over
1,whisper,14,4,13,Over
1,guard,15,14,WEREWOLF
1,attackVote,12,1
1,attackVote,13,1
1,attackVote,14,3
1,attack,1,true
2,status,1,MEDIUM,DEAD,Tomato9
2,status,2,VILLAGER,ALIVE,TOKU5
2,status,3,SEER,ALIVE,HALU
2,status,4,POSSESSED,DEAD,TOKU14
2,status,5,VILLAGER,ALIVE,HALU
2,status,6,VILLAGER,ALIVE,Tomato2
2,status,7,VILLAGER,ALIVE,TOKU8
2,status,8,VILLAGER,ALIVE,HALU
2,status,9,VILLAGER,ALIVE,Takeda10
2,status,10,VILLAGER,ALIVE,SampleJava6
2,status,11,VILLAGER,ALIVE,Takeda12
2,status,12,WEREWOLF,ALIVE,SampleJava0
2,status,13,WEREWOLF,ALIVE,sample_py
2,status,14,WEREWOLF,ALIVE,Takeda1
2,status,15,BODYGUARD,ALIVE,sample_py
2,talk,0,0,2,VOTE Agent[14]
2,talk,1,0,9,VOTE Agent[14]
2,talk,2,0,10,VOTE Agent[06]
2,talk,3,0,3,DIVINED Agent[08] HUMAN
2,talk,4,0,14,DIVINED Agent[13] HUMAN
2,talk,5,0,13,VOTE Agent[08]
2,talk,6,0,5,VOTE Agent[03]
2,talk,7,0,15,VOTE Agent[06]
2,talk,8,0,6,VOTE Agent[14]
2,talk,9,0,8,VOTE Agent[03]
2,talk,10,0,11,VOTE Agent[14]
2,talk,11,0,12,VOTE Agent[08]
2,talk,12,0,7,VOTE Agent[14]
2,talk,13,1,2,VOTE Agent[13]
2,talk,14,1,14,VOTE Agent[05]
2,talk,15,1,10,REQUEST ANY (VOTE Agent[06])
2,talk,16,1,9,VOTE Agent[13]
2,talk,17,1,6,Skip
2,talk,18,1,8,VOTE Agent[14]
2,talk,19,1,15,Skip
2,talk,20,1,12,REQUEST ANY (VOTE Agent[08])
2,talk,21,1,7,VOTE Agent[13]
2,talk,22,1,11,VOTE Agent[13]
2,talk,23,1,3,VOTE Agent[14]
2,talk,24,1,5,VOTE Agent[03]
2,talk,25,1,13,Skip
2,talk,26,2,15,Skip
2,talk,27,2,10,Skip
2,talk,28,2,7,VOTE Agent[14]
2,talk,29,2,3,VOTE Agent[14]
2,talk,30,2,6,Skip
2,talk,31,2,8,VOTE Agent[03]
2,talk,32,2,11,VOTE Agent[14]
2,talk,33,2,14,VOTE Agent[11]
2,talk,34,2,9,VOTE Agent[14]
2,talk,35,2,5,VOTE Agent[14]
2,talk,36,2,13,Skip
2,talk,37,2,12,Skip
2,talk,38,2,2,VOTE Agent[14]
2,talk,39,3,11,Skip
2,talk,40,3,5,VOTE Agent[14]
2,talk,41,3,7,Skip
2,talk,42,3,13,Over
2,talk,43,3,6,Over
2,talk,44,3,15,Over
2,talk,45,3,9,Skip
2,talk,46,3,2,Skip
2,talk,47,3,3,VOTE Agent[14]
2,talk,48,3,12,Skip
2,talk,49,3,10,Skip
2,talk,50,3,8,VOTE Agent[03]
2,talk,51,3,14,VOTE Agent[07]
2,talk,52,4,5,VOTE Agent[03]
2,talk,53,4,7,Skip
2,talk,54,4,10,Over
2,talk,55,4,9,Skip
2,talk,56,4,11,Skip
2,talk,57,4,15,Over
2,talk,58,4,2,Skip
2,talk,59,4,3,VOTE Agent[14]
2,talk,60,4,12,Over
2,talk,61,4,6,Over
2,talk,62,4,8,VOTE Agent[03]
2,talk,63,4,14,Skip
2,talk,64,4,13,Over
2,talk,65,5,2,Over
2,talk,66,5,12,Over
2,talk,67,5,3,VOTE Agent[14]
2,talk,68,5,8,VOTE Agent[03]
2,talk,69,5,15,Over
2,talk,70,5,6,Over
2,talk,71,5,14,Skip
2,talk,72,5,7,Over
2,talk,73,5,10,Over
2,talk,74,5,5,VOTE Agent[03]
2,talk,75,5,13,Over
2,talk,76,5,11,Over
2,talk,77,5,9,Over
2,talk,78,6,7,Over
2,talk,79,6,5,VOTE Agent[03]
2,talk,80,6,12,Over
2,talk,81,6,11,Over
2,talk,82,6,10,Over
2,talk,83,6,8,VOTE Agent[03]
2,talk,84,6,6,Over
2,talk,85,6,2,Over
2,talk,86,6,13,Over
2,talk,87,6,9,Over
2,talk,88,6,15,Over
2,talk,89,6,3,VOTE Agent[14]
2,talk,90,6,14,Over
2,talk,91,7,13,Over
2,talk,92,7,14,Over
2,talk,93,7,8,VOTE Agent[03]
2,talk,94,7,6,Over
2,talk,95,7,5,VOTE Agent[03]
2,talk,96,7,11,Over
2,talk,97,7,12,Over
2,talk,98,7,2,Over
2,talk,99,7,10,Over
2,talk,100,7,15,Over
2,talk,101,7,7,Over
2,talk,102,7,9,Over
2,talk,103,7,3,VOTE Agent[14]
2,talk,104,8,5,VOTE Agent[03]
2,talk,105,8,13,Over
2,talk,106,8,11,Over
2,talk,107,8,15,Over
2,talk,108,8,7,Over
2,talk,109,8,6,Over
2,talk,110,8,8,VOTE Agent[03]
2,talk,111,8,14,Over
2,talk,112,8,2,Over
2,talk,113,8,3,VOTE Agent[14]
2,talk,114,8,10,Over
2,talk,115,8,9,Over
2,talk,116,8,12,Over
2,talk,117,9,10,Over
2,talk,118,9,2,Over
2,talk,119,9,11,Over
2,talk,120,9,12,Over
2,talk,121,9,6,Over
2,talk,122,9,14,Over
2,talk,123,9,5,Over
2,talk,124,9,8,Over
2,talk,125,9,15,Over
2,talk,126,9,3,Over
2,talk,127,9,9,Over
2,talk,128,9,7,Over
2,talk,129,9,13,Over
2,vote,2,14
2,vote,3,14
2,vote,5,3
2,vote,6,14
2,vote,7,14
2,vote,8,3
2,vote,9,14
2,vote,10,8
2,vote,11,14
2,vote,12,8
2,vote,13,8
2,vote,14,7
2,vote,15,6
2,execute,14,WEREWOLF
2,divine,3,5,HUMAN
2,whisper,0,0,13,ATTACK Agent[03]
2,whisper,1,0,12,BECAUSE (Agent[03] COMINGOUT Agent[03] SEER) (ATTACK Agent[03])
2,whisper,2,1,12,ATTACK Agent[03]
2,whisper,3,1,13,Skip
2,whisper,4,2,13,Skip
2,whisper,5,2,12,Skip
2,whisper,6,3,13,Over
2,whisper,7,3,12,Skip
2,whisper,8,4,13,Over
2,whisper,9,4,12,Over
2,guard,15,3,SEER
2,attackVote,12,3
2,attackVote,13,3
2,attack,3,false
3,status,1,MEDIUM,DEAD,Tomato9
3,status,2,VILLAGER,ALIVE,TOKU5
3,status,3,SEER,ALIVE,HALU
3,status,4,POSSESSED,DEAD,TOKU14
3,status,5,VILLAGER,ALIVE,HALU
3,status,6,VILLAGER,ALIVE,Tomato2
3,status,7,VILLAGER,ALIVE,TOKU8
3,status,8,VILLAGER,ALIVE,HALU
3,status,9,VILLAGER,ALIVE,Takeda10
3,status,10,VILLAGER,ALIVE,SampleJava6
3,status,11,VILLAGER,ALIVE,Takeda12
3,status,12,WEREWOLF,ALIVE,SampleJava0
3,status,13,WEREWOLF,ALIVE,sample_py
3,status,14,WEREWOLF,DEAD,Takeda1
3,status,15,BODYGUARD,ALIVE,sample_py
3,talk,0,0,10,VOTE Agent[09]
3,talk,1,0,12,VOTE Agent[08]
3,talk,2,0,11,VOTE Agent[07]
3,talk,3,0,9,VOTE Agent[07]
3,talk,4,0,7,VOTE Agent[11]
3,talk,5,0,2,VOTE Agent[07]
3,talk,6,0,5,VOTE Agent[03]
3,talk,7,0,6,VOTE Agent[03]
3,talk,8,0,13,COMINGOUT Agent[13] MEDIUM
3,talk,9,0,15,VOTE Agent[06]
3,talk,10,0,3,DIVINED Agent[05] HUMAN
3,talk,11,0,8,VOTE Agent[03]
3,talk,12,1,5,VOTE Agent[03]
3,talk,13,1,2,VOTE Agent[13]
3,talk,14,1,10,REQUEST ANY (VOTE Agent[09])
3,talk,15,1,6,Skip
3,talk,16,1,11,VOTE Agent[13]
3,talk,17,1,13,IDENTIFIED Agent[04] HUMAN
3,talk,18,1,15,Skip
3,talk,19,1,12,REQUEST ANY (VOTE Agent[08])
3,talk,20,1,9,VOTE Agent[13]
3,talk,21,1,3,VOTE Agent[02]
3,talk,22,1,8,VOTE Agent[03]
3,talk,23,1,7,VOTE Agent[13]
3,talk,24,2,7,Skip
3,talk,25,2,5,VOTE Agent[03]
3,talk,26,2,15,Skip
3,talk,27,2,2,Skip
3,talk,28,2,8,VOTE Agent[03]
3,talk,29,2,6,Skip
3,talk,30,2,9,Skip
3,talk,31,2,13,IDENTIFIED Agent[14] HUMAN
3,talk,32,2,10,Skip
3,talk,33,2,12,Skip
3,talk,34,2,11,Skip
3,talk,35,2,3,VOTE Agent[02]
3,talk,36,3,3,VOTE Agent[02]
3,talk,37,3,5,VOTE Agent[03]
3,talk,38,3,11,Skip
3,talk,39,3,9,Skip
3,talk,40,3,2,Skip
3,talk,41,3,7,Skip
3,talk,42,3,15,Over
3,talk,43,3,6,Over
3,talk,44,3,8,VOTE Agent[03]
3,talk,45,3,10,Skip
3,talk,46,3,12,Skip
3,talk,47,3,13,VOTE Agent[15]
3,talk,48,4,11,Over
3,talk,49,4,2,Over
3,talk,50,4,15,Over
3,talk,51,4,7,Over
3,talk,52,4,5,VOTE Agent[03]
3,talk,53,4,13,Skip
3,talk,54,4,10,Over
3,talk,55,4,6,Over
3,talk,56,4,12,Over
3,talk,57,4,9,Over
3,talk,58,4,3,VOTE Agent[12]
3,talk,59,4,8,VOTE Agent[03]
3,talk,60,5,9,Over
3,talk,61,5,6,Over
3,talk,62,5,15,Over
3,talk,63,5,11,Over
3,talk,64,5,3,VOTE Agent[13]
3,talk,65,5,10,Over
3,talk,66,5,2,Over
3,talk,67,5,7,Over
3,talk,68,5,12,Over
3,talk,69,5,8,VOTE Agent[03]
3,talk,70,5,5,VOTE Agent[03]
3,talk,71,5,13,Skip
3,talk,72,6,6,Over
3,talk,73,6,7,Over
3,talk,74,6,9,Over
3,talk,75,6,8,VOTE Agent[03]
3,talk,76,6,13,Over
3,talk,77,6,3,VOTE Agent[13]
3,talk,78,6,12,Over
3,talk,79,6,2,Over
3,talk,80,6,15,Over
3,talk,81,6,10,Over
3,talk,82,6,11,Over
3,talk,83,6,5,VOTE Agent[03]
3,talk,84,7,7,Over
3,talk,85,7,5,VOTE Agent[03]
3,talk,86,7,13,Over
3,talk,87,7,8,VOTE Agent[03]
3,talk,88,7,6,Over
3,talk,89,7,12,Over
3,talk,90,7,15,Over
3,talk,91,7,10,Over
3,talk,92,7,9,Over
3,talk,93,7,3,VOTE Agent[02]
3,talk,94,7,2,Over
3,talk,95,7,11,Over
3,talk,96,8,13,Over
3,talk,97,8,10,Over
3,talk,98,8,11,Over
3,talk,99,8,6,Over
3,talk,100,8,3,VOTE Agent[07]
3,talk,101,8,15,Over
3,talk,102,8,12,Over
3,talk,103,8,8,VOTE Agent[03]
3,talk,104,8,2,Over
3,talk,105,8,5,VOTE Agent[03]
3,talk,106,8,9,Over
3,talk,107,8,7,Over
3,talk,108,9,13,Over
3,talk,109,9,3,Over
3,talk,110,9,9,Over
3,talk,111,9,6,Over
3,talk,112,9,7,Over
3,talk,113,9,15,Over
3,talk,114,9,10,Over
3,talk,115,9,5,Over
3,talk,116,9,11,Over
3,talk,117,9,8,Over
3,talk,118,9,2,Over
3,talk,119,9,12,Over
3,vote,2,13
3,vote,3,13
3,vote,5,3
3,vote,6,3
3,vote,7,13
3,vote,8,3
3,vote,9,13
3,vote,10,8
3,vote,11,13
3,vote,12,8
3,vote,13,15
3,vote,15,6
3,execute,13,WEREWOLF
3,divine,3,7,HUMAN
3,guard,15,3,SEER
3,attackVote,12,3
3,attack,3,false
4,status,1,MEDIUM,DEAD,Tomato9
4,status,2,VILLAGER,ALIVE,TOKU5
4,status,3,SEER,ALIVE,HALU
4,status,4,POSSESSED,DEAD,TOKU14
4,status,5,VILLAGER,ALIVE,HALU
4,status,6,VILLAGER,ALIVE,Tomato2
4,status,7,VILLAGER,ALIVE,TOKU8
4,status,8,VILLAGER,ALIVE,HALU
4,status,9,VILLAGER,ALIVE,Takeda10
4,status,10,VILLAGER,ALIVE,SampleJava6
4,status,11,VILLAGER,ALIVE,Takeda12
4,status,12,WEREWOLF,ALIVE,SampleJava0
4,status,13,WEREWOLF,DEAD,sample_py
4,status,14,WEREWOLF,DEAD,Takeda1
4,status,15,BODYGUARD,ALIVE,sample_py
4,talk,0,0,9,VOTE Agent[07]
4,talk,1,0,5,VOTE Agent[03]
4,talk,2,0,10,VOTE Agent[02]
4,talk,3,0,8,VOTE Agent[03]
4,talk,4,0,2,VOTE Agent[07]
4,talk,5,0,11,VOTE Agent[07]
4,talk,6,0,3,DIVINED Agent[07] HUMAN
4,talk,7,0,6,VOTE Agent[03]
4,talk,8,0,15,VOTE Agent[06]
4,talk,9,0,7,VOTE Agent[02]
4,talk,10,0,12,VOTE Agent[08]
4,talk,11,1,3,VOTE Agent[15]
4,talk,12,1,8,VOTE Agent[03]
4,talk,13,1,11,VOTE Agent[02]
4,talk,14,1,12,REQUEST ANY (VOTE Agent[08])
4,talk,15,1,15,Skip
4,talk,16,1,6,Skip
4,talk,17,1,5,VOTE Agent[03]
4,talk,18,1,2,VOTE Agent[11]
4,talk,19,1,9,VOTE Agent[11]
4,talk,20,1,7,VOTE Agent[11]
4,talk,21,1,10,REQUEST ANY (VOTE Agent[02])
4,talk,22,2,2,Skip
4,talk,23,2,9,VOTE Agent[02]
4,talk,24,2,6,Skip
4,talk,25,2,7,VOTE Agent[02]
4,talk,26,2,5,VOTE Agent[03]
4,talk,27,2,8,VOTE Agent[03]
4,talk,28,2,11,Skip
4,talk,29,2,3,VOTE Agent[15]
4,talk,30,2,10,Skip
4,talk,31,2,15,Skip
4,talk,32,2,12,Skip
4,talk,33,3,15,Over
4,talk,34,3,3,VOTE Agent[11]
4,talk,35,3,8,VOTE Agent[03]
4,talk,36,3,7,Skip
4,talk,37,3,10,Skip
4,talk,38,3,9,Skip
4,talk,39,3,2,Skip
4,talk,40,3,6,Over
4,talk,41,3,11,Skip
4,talk,42,3,12,Skip
4,talk,43,3,5,VOTE Agent[03]
4,talk,44,4,3,VOTE Agent[12]
4,talk,45,4,11,Over
4,talk,46,4,9,Skip
4,talk,47,4,7,Skip
4,talk,48,4,12,Over
4,talk,49,4,8,VOTE Agent[03]
4,talk,50,4,5,VOTE Agent[03]
4,talk,51,4,15,Over
4,talk,52,4,10,Over
4,talk,53,4,2,Over
4,talk,54,4,6,Over
4,talk,55,5,5,VOTE Agent[03]
4,talk,56,5,10,Over
4,talk,57,5,3,VOTE Agent[15]
4,talk,58,5,8,VOTE Agent[03]
4,talk,59,5,15,Over
4,talk,60,5,6,Over
4,talk,61,5,7,Over
4,talk,62,5,9,Over
4,talk,63,5,11,Over
4,talk,64,5,2,Over
4,talk,65,5,12,Over
4,talk,66,6,15,Over
4,talk,67,6,3,VOTE Agent[12]
4,talk,68,6,10,Over
4,talk,69,6,8,VOTE Agent[03]
4,talk,70,6,9,Over
4,talk,71,6,7,Over
4,talk,72,6,6,Over
4,talk,73,6,5,VOTE Agent[03]
4,talk,74,6,2,Over
4,talk,75,6,11,Over
4,talk,76,6,12,Over
4,talk,77,7,6,Over
4,talk,78,7,15,Over
4,talk,79,7,8,VOTE Agent[03]
4,talk,80,7,9,Over
4,talk,81,7,2,Over
4,talk,82,7,11,Over
4,talk,83,7,12,Over
4,talk,84,7,7,Over
4,talk,85,7,5,VOTE Agent[03]
4,talk,86,7,3,VOTE Agent[11]
4,talk,87,7,10,Over
4,talk,88,8,10,Over
4,talk,89,8,15,Over
4,talk,90,8,12,Over
4,talk,91,8,8,VOTE Agent[03]
4,talk,92,8,2,Over
4,talk,93,8,9,Over
4,talk,94,8,5,VOTE Agent[03]
4,talk,95,8,3,VOTE Agent[12]
4,talk,96,8,11,Over
4,talk,97,8,7,Over
4,talk,98,8,6,Over
4,talk,99,9,3,Over
4,talk,100,9,11,Over
4,talk,101,9,12,Over
4,talk,102,9,7,Over
4,talk,103,9,9,Over
4,talk,104,9,6,Over
4,talk,105,9,10,Over
4,talk,106,9,2,Over
4,talk,107,9,5,Over
4,talk,108,9,8,Over
4,talk,109,9,15,Over
4,vote,2,11
4,vote,3,11
4,vote,5,3
4,vote,6,3
4,vote,7,2
4,vote,8,3
4,vote,9,2
4,vote,10,8
4,vote,11,2
4,vote,12,8
4,vote,15,6
4,vote,2,11
4,vote,3,12
4,vote,5,3
4,vote,6,3
4,vote,7,2
4,vote,8,3
4,vote,9,2
4,vote,10,2
4,vote,11,2
4,vote,12,2
4,vote,15,6
4,execute,2,VILLAGER
4,divine,3,15,HUMAN
4,guard,15,3,SEER
4,attackVote,12,3
4,attack,3,false
5,status,1,MEDIUM,DEAD,Tomato9
5,status,2,VILLAGER,DEAD,TOKU5
5,status,3,SEER,ALIVE,HALU
5,status,4,POSSESSED,DEAD,TOKU14
5,status,5,VILLAGER,ALIVE,HALU
5,status,6,VILLAGER,ALIVE,Tomato2
5,status,7,VILLAGER,ALIVE,TOKU8
5,status,8,VILLAGER,ALIVE,HALU
5,status,9,VILLAGER,ALIVE,Takeda10
5,status,10,VILLAGER,ALIVE,SampleJava6
5,status,11,VILLAGER,ALIVE,Takeda12
5,status,12,WEREWOLF,ALIVE,SampleJava0
5,status,13,WEREWOLF,DEAD,sample_py
5,status,14,WEREWOLF,DEAD,Takeda1
5,status,15,BODYGUARD,ALIVE,sample_py
5,talk,0,0,6,VOTE Agent[03]
5,talk,1,0,12,VOTE Agent[08]
5,talk,2,0,5,VOTE Agent[03]
5,talk,3,0,9,VOTE Agent[11]
5,talk,4,0,3,DIVINED Agent[15] HUMAN
5,talk,5,0,11,VOTE Agent[09]
5,talk,6,0,7,VOTE Agent[11]
5,talk,7,0,15,VOTE Agent[06]
5,talk,8,0,10,VOTE Agent[06]
5,talk,9,0,8,VOTE Agent[03]
5,talk,10,1,12,REQUEST ANY (VOTE Agent[08])
5,talk,11,1,9,Skip
5,talk,12,1,15,Skip
5,talk,13,1,11,Skip
5,talk,14,1,8,VOTE Agent[03]
5,talk,15,1,3,VOTE Agent[10]
5,talk,16,1,7,Skip
5,talk,17,1,6,Skip
5,talk,18,1,10,REQUEST ANY (VOTE Agent[06])
5,talk,19,1,5,VOTE Agent[03]
5,talk,20,2,3,VOTE Agent[12]
5,talk,21,2,8,VOTE Agent[03]
5,talk,22,2,12,Skip
5,talk,23,2,9,Skip
5,talk,24,2,5,VOTE Agent[03]
5,talk,25,2,7,Skip
5,talk,26,2,11,Skip
5,talk,27,2,6,Skip
5,talk,28,2,15,Skip
5,talk,29,2,10,Skip
5,talk,30,3,12,Skip
5,talk,31,3,3,VOTE Agent[12]
5,talk,32,3,7,Over
5,talk,33,3,9,Over
5,talk,34,3,10,Skip
5,talk,35,3,11,Over
5,talk,36,3,15,Over
5,talk,37,3,8,VOTE Agent[03]
5,talk,38,3,6,Over
5,talk,39,3,5,VOTE Agent[03]
5,talk,40,4,5,VOTE Agent[03]
5,talk,41,4,9,Over
5,talk,42,4,6,Over
5,talk,43,4,11,Over
5,talk,44,4,3,VOTE Agent[12]
5,talk,45,4,7,Over
5,talk,46,4,12,Over
5,talk,47,4,15,Over
5,talk,48,4,10,Over
5,talk,49,4,8,VOTE Agent[03]
5,talk,50,5,8,VOTE Agent[03]
5,talk,51,5,3,VOTE Agent[12]
5,talk,52,5,10,Over
5,talk,53,5,5,VOTE Agent[03]
5,talk,54,5,7,Over
5,talk,55,5,6,Over
5,talk,56,5,12,Over
5,talk,57,5,15,Over
5,talk,58,5,11,Over
5,talk,59,5,9,Over
5,talk,60,6,9,Over
5,talk,61,6,15,Over
5,talk,62,6,12,Over
5,talk,63,6,8,VOTE Agent[03]
5,talk,64,6,7,Over
5,talk,65,6,10,Over
5,talk,66,6,11,Over
5,talk,67,6,6,Over
5,talk,68,6,3,VOTE Agent[11]
5,talk,69,6,5,VOTE Agent[03]
5,talk,70,7,5,VOTE Agent[03]
5,talk,71,7,7,Over
5,talk,72,7,8,VOTE Agent[03]
5,talk,73,7,10,Over
5,talk,74,7,12,Over
5,talk,75,7,6,Over
5,talk,76,7,9,Over
5,talk,77,7,15,Over
5,talk,78,7,3,VOTE Agent[12]
5,talk,79,7,11,Over
5,talk,80,8,8,VOTE Agent[03]
5,talk,81,8,3,VOTE Agent[11]
5,talk,82,8,7,Over
5,talk,83,8,5,VOTE Agent[03]
5,talk,84,8,6,Over
5,talk,85,8,15,Over
5,talk,86,8,10,Over
5,talk,87,8,12,Over
5,talk,88,8,9,Over
5,talk,89,8,11,Over
5,talk,90,9,12,Over
5,talk,91,9,3,Over
5,talk,92,9,6,Over
5,talk,93,9,7,Over
5,talk,94,9,5,Over
5,talk,95,9,11,Over
5,talk,96,9,15,Over
5,talk,97,9,9,Over
5,talk,98,9,10,Over
5,talk,99,9,8,Over
5,vote,3,10
5,vote,5,3
5,vote,6,3
5,vote,7,11
5,vote,8,3
5,vote,9,11
5,vote,10,8
5,vote,11,9
5,vote,12,8
5,vote,15,6
5,execute,3,SEER
5,guard,15,8,VILLAGER
5,attackVote,12,15
5,attack,15,true
6,status,1,MEDIUM,DEAD,Tomato9
6,status,2,VILLAGER,DEAD,TOKU5
6,status,3,SEER,DEAD,HALU
6,status,4,POSSESSED,DEAD,TOKU14
6,status,5,VILLAGER,ALIVE,HALU
6,status,6,VILLAGER,ALIVE,Tomato2
6,status,7,VILLAGER,ALIVE,TOKU8
6,status,8,VILLAGER,ALIVE,HALU
6,status,9,VILLAGER,ALIVE,Takeda10
6,status,10,VILLAGER,ALIVE,SampleJava6
6,status,11,VILLAGER,ALIVE,Takeda12
6,status,12,WEREWOLF,ALIVE,SampleJava0
6,status,13,WEREWOLF,DEAD,sample_py
6,status,14,WEREWOLF,DEAD,Takeda1
6,status,15,BODYGUARD,DEAD,sample_py
6,talk,0,0,5,VOTE Agent[06]
6,talk,1,0,11,VOTE Agent[09]
6,talk,2,0,10,VOTE Agent[11]
6,talk,3,0,12,VOTE Agent[08]
6,talk,4,0,8,VOTE Agent[06]
6,talk,5,0,9,VOTE Agent[11]
6,talk,6,0,7,VOTE Agent[11]
6,talk,7,0,6,VOTE Agent[12]
6,talk,8,1,6,Skip
6,talk,9,1,7,Skip
6,talk,10,1,11,Skip
6,talk,11,1,9,Skip
6,talk,12,1,12,REQUEST ANY (VOTE Agent[08])
6,talk,13,1,5,VOTE Agent[06]
6,talk,14,1,8,VOTE Agent[06]
6,talk,15,1,10,REQUEST ANY (VOTE Agent[11])
6,talk,16,2,12,Skip
6,talk,17,2,8,VOTE Agent[06]
6,talk,18,2,6,Skip
6,talk,19,2,11,Skip
6,talk,20,2,9,Skip
6,talk,21,2,10,Skip
6,talk,22,2,5,VOTE Agent[06]
6,talk,23,2,7,Skip
6,talk,24,3,10,Skip
6,talk,25,3,9,Over
6,talk,26,3,6,Over
6,talk,27,3,5,VOTE Agent[06]
6,talk,28,3,8,VOTE Agent[06]
6,talk,29,3,12,Skip
6,talk,30,3,11,Over
6,talk,31,3,7,Over
6,talk,32,4,9,Over
6,talk,33,4,11,Over
6,talk,34,4,12,Over
6,talk,35,4,8,VOTE Agent[06]
6,talk,36,4,7,Over
6,talk,37,4,10,Over
6,talk,38,4,5,VOTE Agent[06]
6,talk,39,4,6,Over
6,talk,40,5,6,Over
6,talk,41,5,9,Over
6,talk,42,5,10,Over
6,talk,43,5,7,Over
6,talk,44,5,5,VOTE Agent[06]
6,talk,45,5,11,Over
6,talk,46,5,12,Over
6,talk,47,5,8,VOTE Agent[06]
6,talk,48,6,10,Over
6,talk,49,6,11,Over
6,talk,50,6,7,Over
6,talk,51,6,8,VOTE Agent[06]
6,talk,52,6,5,VOTE Agent[06]
6,talk,53,6,9,Over
6,talk,54,6,12,Over
6,talk,55,6,6,Over
6,talk,56,7,5,VOTE Agent[06]
6,talk,57,7,12,Over
6,talk,58,7,6,Over
6,talk,59,7,11,Over
6,talk,60,7,7,Over
6,talk,61,7,10,Over
6,talk,62,7,9,Over
6,talk,63,7,8,VOTE Agent[06]
6,talk,64,8,10,Over
6,talk,65,8,6,Over
6,talk,66,8,12,Over
6,talk,67,8,7,Over
6,talk,68,8,8,VOTE Agent[06]
6,talk,69,8,5,VOTE Agent[06]
6,talk,70,8,11,Over
6,talk,71,8,9,Over
6,talk,72,9,11,Over
6,talk,73,9,9,Over
6,talk,74,9,8,Over
6,talk,75,9,5,Over
6,talk,76,9,10,Over
6,talk,77,9,6,Over
6,talk,78,9,12,Over
6,talk,79,9,7,Over
6,vote,5,6
6,vote,6,12
6,vote,7,11
6,vote,8,6
6,vote,9,11
6,vote,10,8
6,vote,11,9
6,vote,12,8
6,vote,5,6
6,vote,6,12
6,vote,7,11
6,vote,8,6
6,vote,9,11
6,vote,10,6
6,vote,11,9
6,vote,12,6
6,execute,6,VILLAGER
6,attackVote,12,8
6,attack,8,true
7,status,1,MEDIUM,DEAD,Tomato9
7,status,2,VILLAGER,DEAD,TOKU5
7,status,3,SEER,DEAD,HALU
7,status,4,POSSESSED,DEAD,TOKU14
7,status,5,VILLAGER,ALIVE,HALU
7,status,6,VILLAGER,DEAD,Tomato2
7,status,7,VILLAGER,ALIVE,TOKU8
7,status,8,VILLAGER,DEAD,HALU
7,status,9,VILLAGER,ALIVE,Takeda10
7,status,10,VILLAGER,ALIVE,SampleJava6
7,status,11,VILLAGER,ALIVE,Takeda12
7,status,12,WEREWOLF,ALIVE,SampleJava0
7,status,13,WEREWOLF,DEAD,sample_py
7,status,14,WEREWOLF,DEAD,Takeda1
7,status,15,BODYGUARD,DEAD,sample_py
7,talk,0,0,5,VOTE Agent[10]
7,talk,1,0,11,VOTE Agent[09]
7,talk,2,0,12,VOTE Agent[08]
7,talk,3,0,9,VOTE Agent[11]
7,talk,4,0,10,VOTE Agent[09]
7,talk,5,0,7,VOTE Agent[11]
7,talk,6,1,7,Skip
7,talk,7,1,12,REQUEST ANY (VOTE Agent[08])
7,talk,8,1,10,REQUEST ANY (VOTE Agent[09])
7,talk,9,1,5,VOTE Agent[12]
7,talk,10,1,9,Skip
7,talk,11,1,11,Skip
7,talk,12,2,9,Skip
7,talk,13,2,5,VOTE Agent[10]
7,talk,14,2,10,Skip
7,talk,15,2,7,Skip
7,talk,16,2,12,Skip
7,talk,17,2,11,Skip
7,talk,18,3,11,Over
7,talk,19,3,7,Over
7,talk,20,3,10,Skip
7,talk,21,3,12,Skip
7,talk,22,3,9,Over
7,talk,23,3,5,VOTE Agent[10]
7,talk,24,4,12,Over
7,talk,25,4,9,Over
7,talk,26,4,7,Over
7,talk,27,4,11,Over
7,talk,28,4,5,VOTE Agent[12]
7,talk,29,4,10,Over
7,talk,30,5,11,Over
7,talk,31,5,9,Over
7,talk,32,5,5,VOTE Agent[10]
7,talk,33,5,7,Over
7,talk,34,5,12,Over
7,talk,35,5,10,Over
7,talk,36,6,10,Over
7,talk,37,6,5,VOTE Agent[12]
7,talk,38,6,12,Over
7,talk,39,6,9,Over
7,talk,40,6,7,Over
7,talk,41,6,11,Over
7,talk,42,7,12,Over
7,talk,43,7,11,Over
7,talk,44,7,9,Over
7,talk,45,7,7,Over
7,talk,46,7,10,Over
7,talk,47,7,5,VOTE Agent[12]
7,talk,48,8,11,Over
7,talk,49,8,10,Over
7,talk,50,8,12,Over
7,talk,51,8,7,Over
7,talk,52,8,5,VOTE Agent[12]
7,talk,53,8,9,Over
7,talk,54,9,11,Over
7,talk,55,9,5,Over
7,talk,56,9,12,Over
7,talk,57,9,7,Over
7,talk,58,9,10,Over
7,talk,59,9,9,Over
7,vote,5,10
7,vote,7,11
7,vote,9,11
7,vote,10,5
7,vote,11,9
7,vote,12,11
7,execute,11,VILLAGER
7,attackVote,12,9
7,attack,9,true
8,status,1,MEDIUM,DEAD,Tomato9
8,status,2,VILLAGER,DEAD,TOKU5
8,status,3,SEER,DEAD,HALU
8,status,4,POSSESSED,DEAD,TOKU14
8,status,5,VILLAGER,ALIVE,HALU
8,status,6,VILLAGER,DEAD,Tomato2
8,status,7,VILLAGER,ALIVE,TOKU8
8,status,8,VILLAGER,DEAD,HALU
8,status,9,VILLAGER,DEAD,Takeda10
8,status,10,VILLAGER,ALIVE,SampleJava6
8,status,11,VILLAGER,DEAD,Takeda12
8,status,12,WEREWOLF,ALIVE,SampleJava0
8,status,13,WEREWOLF,DEAD,sample_py
8,status,14,WEREWOLF,DEAD,Takeda1
8,status,15,BODYGUARD,DEAD,sample_py
8,talk,0,0,10,VOTE Agent[05]
8,talk,1,0,7,VOTE Agent[05]
8,talk,2,0,5,VOTE Agent[12]
8,talk,3,0,12,VOTE Agent[08]
8,talk,4,1,12,REQUEST ANY (VOTE Agent[08])
8,talk,5,1,7,Skip
8,talk,6,1,5,VOTE Agent[12]
8,talk,7,1,10,REQUEST ANY (VOTE Agent[05])
8,talk,8,2,7,VOTE Agent[12]
8,talk,9,2,10,Skip
8,talk,10,2,5,VOTE Agent[12]
8,talk,11,2,12,Skip
8,talk,12,3,12,Skip
8,talk,13,3,10,Skip
8,talk,14,3,7,Skip
8,talk,15,3,5,VOTE Agent[12]
8,talk,16,4,10,Over
8,talk,17,4,7,Skip
8,talk,18,4,5,VOTE Agent[12]
8,talk,19,4,12,Over
8,talk,20,5,12,Over
8,talk,21,5,7,Over
8,talk,22,5,10,Over
8,talk,23,5,5,VOTE Agent[12]
8,talk,24,6,7,Over
8,talk,25,6,10,Over
8,talk,26,6,5,VOTE Agent[12]
8,talk,27,6,12,Over
8,talk,28,7,12,Over
8,talk,29,7,10,Over
8,talk,30,7,5,VOTE Agent[12]
8,talk,31,7,7,Over
8,talk,32,8,5,VOTE Agent[12]
8,talk,33,8,7,Over
8,talk,34,8,10,Over
8,talk,35,8,12,Over
8,talk,36,9,5,Over
8,talk,37,9,10,Over
8,talk,38,9,12,Over
8,talk,39,9,7,Over
8,vote,5,12
8,vote,7,12
8,vote,10,12
8,vote,12,7
8,execute,12,WEREWOLF
9,status,1,MEDIUM,DEAD,Tomato9
9,status,2,VILLAGER,DEAD,TOKU5
9,status,3,SEER,DEAD,HALU
9,status,4,POSSESSED,DEAD,TOKU14
9,status,5,VILLAGER,ALIVE,HALU
9,status,6,VILLAGER,DEAD,Tomato2
9,status,7,VILLAGER,ALIVE,TOKU8
9,status,8,VILLAGER,DEAD,HALU
9,status,9,VILLAGER,DEAD,Takeda10
9,status,10,VILLAGER,ALIVE,SampleJava6
9,status,11,VILLAGER,DEAD,Takeda12
9,status,12,WEREWOLF,DEAD,SampleJava0
9,status,13,WEREWOLF,DEAD,sample_py
9,status,14,WEREWOLF,DEAD,Takeda1
9,status,15,BODYGUARD,DEAD,sample_py
9,result,3,0,VILLAGER
