0,status,1,VILLAGER,ALIVE,SampleJava11
0,status,2,VILLAGER,ALIVE,OKAMI
0,status,3,VILLAGER,ALIVE,Takeda4
0,status,4,VILLAGER,ALIVE,TOKU5
0,status,5,WEREWOLF,ALIVE,Tomato9
0,status,6,POSSESSED,ALIVE,TOKU10
0,status,7,WEREWOLF,ALIVE,HALU
0,status,8,SEER,ALIVE,OKAMI
0,status,9,VILLAGER,ALIVE,Takeda8
0,status,10,VILLAGER,ALIVE,OKAMI
0,status,11,WEREWOLF,ALIVE,TOKU12
0,status,12,BODYGUARD,ALIVE,SampleJava0
0,status,13,VILLAGER,ALIVE,SampleJava7
0,status,14,VILLAGER,ALIVE,Takeda3
0,status,15,MEDIUM,ALIVE,sample_py
0,whisper,0,0,7,COMINGOUT Agent[07] MEDIUM
0,whisper,1,0,5,COMINGOUT Agent[05] SEER
0,whisper,2,0,11,Skip
0,whisper,3,1,5,Skip
0,whisper,4,1,7,COMINGOUT Agent[07] VILLAGER
0,whisper,5,1,11,Skip
0,whisper,6,2,5,Skip
0,whisper,7,2,11,Over
0,whisper,8,2,7,Skip
0,whisper,9,3,11,Over
0,whisper,10,3,5,Over
0,whisper,11,3,7,Skip
0,whisper,12,4,11,Over
0,whisper,13,4,5,Over
0,whisper,14,4,7,Over
0,divine,8,7,WEREWOLF
1,status,1,VILLAGER,ALIVE,SampleJava11
1,status,2,VILLAGER,ALIVE,OKAMI
1,status,3,VILLAGER,ALIVE,Takeda4
1,status,4,VILLAGER,ALIVE,TOKU5
1,status,5,WEREWOLF,ALIVE,Tomato9
1,status,6,POSSESSED,ALIVE,TOKU10
1,status,7,WEREWOLF,ALIVE,HALU
1,status,8,SEER,ALIVE,OKAMI
1,status,9,VILLAGER,ALIVE,Takeda8
1,status,10,VILLAGER,ALIVE,OKAMI
1,status,11,WEREWOLF,ALIVE,TOKU12
1,status,12,BODYGUARD,ALIVE,SampleJava0
1,status,13,VILLAGER,ALIVE,SampleJava7
1,status,14,VILLAGER,ALIVE,Takeda3
1,status,15,MEDIUM,ALIVE,sample_py
1,talk,0,0,10,VOTE Agent[04]
1,talk,1,0,6,COMINGOUT Agent[06] SEER
1,talk,2,0,5,COMINGOUT Agent[05] SEER
1,talk,3,0,1,VOTE Agent[06]
1,talk,4,0,9,VOTE Agent[06]
1,talk,5,0,3,VOTE Agent[06]
1,talk,6,0,14,VOTE Agent[06]
1,talk,7,0,15,VOTE Agent[06]
1,talk,8,0,4,VOTE Agent[06]
1,talk,9,0,8,VOTE Agent[04]
1,talk,10,0,13,VOTE Agent[15]
1,talk,11,0,2,VOTE Agent[04]
1,talk,12,0,12,VOTE Agent[13]
1,talk,13,0,11,COMINGOUT Agent[11] SEER
1,talk,14,0,7,VOTE Agent[04]
1,talk,15,1,10,COMINGOUT Agent[10] VILLAGER
1,talk,16,1,1,REQUEST ANY (VOTE Agent[06])
1,talk,17,1,2,COMINGOUT Agent[02] VILLAGER
1,talk,18,1,3,VOTE Agent[05]
1,talk,19,1,6,DIVINED Agent[07] WEREWOLF
1,talk,20,1,9,VOTE Agent[05]
1,talk,21,1,12,REQUEST ANY (VOTE Agent[13])
1,talk,22,1,15,VOTE Agent[07]
1,talk,23,1,13,REQUEST ANY (VOTE Agent[15])
1,talk,24,1,7,VOTE Agent[09]
1,talk,25,1,14,VOTE Agent[05]
1,talk,26,1,8,VOTE Agent[07]
1,talk,27,1,4,VOTE Agent[05]
1,talk,28,1,5,DIVINED Agent[03] HUMAN
1,talk,29,1,11,DIVINED Agent[05] HUMAN
1,talk,30,2,14,Skip
1,talk,31,2,1,Skip
1,talk,32,2,12,Skip
1,talk,33,2,2,VOTE Agent[06]
1,talk,34,2,7,VOTE Agent[12]
1,talk,35,2,8,VOTE Agent[07]
1,talk,36,2,4,Skip
1,talk,37,2,9,VOTE Agent[08]
1,talk,38,2,5,VOTE Agent[06]
1,talk,39,2,11,VOTE Agent[06]
1,talk,40,2,13,Skip
1,talk,41,2,6,VOTE Agent[07]
1,talk,42,2,3,VOTE Agent[08]
1,talk,43,2,15,Skip
1,talk,44,2,10,VOTE Agent[05]
1,talk,45,3,15,Skip
1,talk,46,3,12,Skip
1,talk,47,3,9,VOTE Agent[05]
1,talk,48,3,5,Skip
1,talk,49,3,13,Skip
1,talk,50,3,3,VOTE Agent[05]
1,talk,51,3,8,VOTE Agent[07]
1,talk,52,3,14,Skip
1,talk,53,3,10,VOTE Agent[05]
1,talk,54,3,1,Skip
1,talk,55,3,4,Skip
1,talk,56,3,2,VOTE Agent[06]
1,talk,57,3,11,Skip
1,talk,58,3,6,Skip
1,talk,59,3,7,VOTE Agent[10]
1,talk,60,4,7,VOTE Agent[02]
1,talk,61,4,3,Skip
1,talk,62,4,4,Over
1,talk,63,4,12,Over
1,talk,64,4,1,Over
1,talk,65,4,15,Over
1,talk,66,4,6,Skip
1,talk,67,4,9,Skip
1,talk,68,4,11,Skip
1,talk,69,4,5,Skip
1,talk,70,4,14,Over
1,talk,71,4,8,VOTE Agent[07]
1,talk,72,4,10,VOTE Agent[06]
1,talk,73,4,2,VOTE Agent[05]
1,talk,74,4,13,Over
1,talk,75,5,8,VOTE Agent[07]
1,talk,76,5,11,Over
1,talk,77,5,9,Skip
1,talk,78,5,4,Over
1,talk,79,5,1,Over
1,talk,80,5,2,VOTE Agent[05]
1,talk,81,5,15,Over
1,talk,82,5,6,Over
1,talk,83,5,14,Over
1,talk,84,5,7,VOTE Agent[10]
1,talk,85,5,12,Over
1,talk,86,5,5,VOTE Agent[07]
1,talk,87,5,10,VOTE Agent[06]
1,talk,88,5,3,Skip
1,talk,89,5,13,Over
1,talk,90,6,8,VOTE Agent[07]
1,talk,91,6,14,Over
1,talk,92,6,15,Over
1,talk,93,6,6,Over
1,talk,94,6,4,Over
1,talk,95,6,11,Over
1,talk,96,6,1,Over
1,talk,97,6,7,VOTE Agent[10]
1,talk,98,6,12,Over
1,talk,99,6,9,Over
1,talk,100,6,5,Skip
1,talk,101,6,3,Over
1,talk,102,6,2,VOTE Agent[06]
1,talk,103,6,10,VOTE Agent[06]
1,talk,104,6,13,Over
1,talk,105,7,11,Over
1,talk,106,7,6,Over
1,talk,107,7,1,Over
1,talk,108,7,15,Over
1,talk,109,7,7,VOTE Agent[10]
1,talk,110,7,4,Over
1,talk,111,7,13,Over
1,talk,112,7,9,Over
1,talk,113,7,14,Over
1,talk,114,7,5,VOTE Agent[06]
1,talk,115,7,12,Over
1,talk,116,7,10,VOTE Agent[06]
1,talk,117,7,8,VOTE Agent[07]
1,talk,118,7,3,Over
1,talk,119,7,2,VOTE Agent[06]
1,talk,120,8,3,Over
1,talk,121,8,8,VOTE Agent[07]
1,talk,122,8,10,VOTE Agent[05]
1,talk,123,8,15,Over
1,talk,124,8,11,Over
1,talk,125,8,9,Over
1,talk,126,8,14,Over
1,talk,127,8,1,Over
1,talk,128,8,13,Over
1,talk,129,8,5,VOTE Agent[07]
1,talk,130,8,6,Over
1,talk,131,8,7,VOTE Agent[02]
1,talk,132,8,2,VOTE Agent[06]
1,talk,133,8,12,Over
1,talk,134,8,4,Over
1,talk,135,9,10,Over
1,talk,136,9,2,Over
1,talk,137,9,3,Over
1,talk,138,9,5,VOTE Agent[06]
1,talk,139,9,9,Over
1,talk,140,9,11,Over
1,talk,141,9,7,Over
1,talk,142,9,12,Over
1,talk,143,9,4,Over
1,talk,144,9,13,Over
1,talk,145,9,14,Over
1,talk,146,9,15,Over
1,talk,147,9,8,Over
1,talk,148,9,1,Over
1,talk,149,9,6,Over
1,talk,150,10,7,Over
1,talk,151,10,9,Over
1,talk,152,10,4,Over
1,talk,153,10,6,Over
1,talk,154,10,3,Over
1,talk,155,10,8,Over
1,talk,156,10,14,Over
1,talk,157,10,13,Over
1,talk,158,10,10,Over
1,talk,159,10,12,Over
1,talk,160,10,2,Over
1,talk,161,10,1,Over
1,talk,162,10,5,Skip
1,talk,163,10,15,Over
1,talk,164,10,11,Over
1,talk,165,11,4,Over
1,talk,166,11,1,Over
1,talk,167,11,12,Over
1,talk,168,11,13,Over
1,talk,169,11,6,Over
1,talk,170,11,8,Over
1,talk,171,11,14,Over
1,talk,172,11,3,Over
1,talk,173,11,9,Over
1,talk,174,11,5,Skip
1,talk,175,11,2,Over
1,talk,176,11,7,Over
1,talk,177,11,10,Over
1,talk,178,11,11,Over
1,talk,179,11,15,Over
1,talk,180,12,6,Over
1,talk,181,12,3,Over
1,talk,182,12,7,Over
1,talk,183,12,11,Over
1,talk,184,12,9,Over
1,talk,185,12,2,Over
1,talk,186,12,12,Over
1,talk,187,12,10,Over
1,talk,188,12,8,Over
1,talk,189,12,14,Over
1,talk,190,12,15,Over
1,talk,191,12,13,Over
1,talk,192,12,4,Over
1,talk,193,12,5,VOTE Agent[07]
1,talk,194,12,1,Over
1,talk,195,13,13,Over
1,talk,196,13,2,Over
1,talk,197,13,8,Over
1,talk,198,13,14,Over
1,talk,199,13,1,Over
1,talk,200,13,10,Over
1,talk,201,13,7,Over
1,talk,202,13,9,Over
1,talk,203,13,12,Over
1,talk,204,13,4,Over
1,talk,205,13,3,Over
1,talk,206,13,15,Over
1,talk,207,13,5,Skip
1,talk,208,13,6,Over
1,talk,209,13,11,Over
1,talk,210,14,10,Over
1,talk,211,14,1,Over
1,talk,212,14,5,VOTE Agent[06]
1,talk,213,14,13,Over
1,talk,214,14,3,Over
1,talk,215,14,9,Over
1,talk,216,14,2,Over
1,talk,217,14,7,Over
1,talk,218,14,8,Over
1,talk,219,14,4,Over
1,talk,220,14,12,Over
1,talk,221,14,15,Over
1,talk,222,14,6,Over
1,talk,223,14,11,Over
1,talk,224,14,14,Over
1,talk,225,15,5,VOTE Agent[07]
1,talk,226,15,2,Over
1,talk,227,15,12,Over
1,talk,228,15,1,Over
1,talk,229,15,6,Over
1,talk,230,15,11,Over
1,talk,231,15,4,Over
1,talk,232,15,10,Over
1,talk,233,15,13,Over
1,talk,234,15,14,Over
1,talk,235,15,7,Over
1,talk,236,15,15,Over
1,talk,237,15,3,Over
1,talk,238,15,8,Over
1,talk,239,15,9,Over
1,talk,240,16,9,Over
1,talk,241,16,15,Over
1,talk,242,16,4,Over
1,talk,243,16,11,Over
1,talk,244,16,13,Over
1,talk,245,16,8,Over
1,talk,246,16,14,Over
1,talk,247,16,10,Over
1,talk,248,16,1,Over
1,talk,249,16,6,Over
1,talk,250,16,5,Over
1,talk,251,16,7,Over
1,talk,252,16,12,Over
1,talk,253,16,3,Over
1,talk,254,16,2,Over
1,vote,1,15
1,vote,2,6
1,vote,3,5
1,vote,4,5
1,vote,5,7
1,vote,6,9
1,vote,7,13
1,vote,8,7
1,vote,9,5
1,vote,10,6
1,vote,11,6
1,vote,12,6
1,vote,13,6
1,vote,14,5
1,vote,15,7
1,execute,6,POSSESSED
1,divine,8,10,HUMAN
1,whisper,0,0,7,ATTACK Agent[05]
1,whisper,1,0,5,ATTACK Agent[03]
1,whisper,2,0,11,Skip
1,whisper,3,1,11,Skip
1,whisper,4,1,7,Skip
1,whisper,5,1,5,Skip
1,whisper,6,2,5,Skip
1,whisper,7,2,7,Skip
1,whisper,8,2,11,Over
1,whisper,9,3,5,Over
1,whisper,10,3,7,Over
1,whisper,11,3,11,Over
1,guard,12,11,WEREWOLF
1,attackVote,5,3
1,attackVote,11,13
1,attackVote,5,3
1,attackVote,11,13
1,attack,13,true
2,status,1,VILLAGER,ALIVE,SampleJava11
2,status,2,VILLAGER,ALIVE,OKAMI
2,status,3,VILLAGER,ALIVE,Takeda4
2,status,4,VILLAGER,ALIVE,TOKU5
2,status,5,WEREWOLF,ALIVE,Tomato9
2,status,6,POSSESSED,DEAD,TOKU10
2,status,7,WEREWOLF,ALIVE,HALU
2,status,8,SEER,ALIVE,OKAMI
2,status,9,VILLAGER,ALIVE,Takeda8
2,status,10,VILLAGER,ALIVE,OKAMI
2,status,11,WEREWOLF,ALIVE,TOKU12
2,status,12,BODYGUARD,ALIVE,SampleJava0
2,status,13,VILLAGER,DEAD,SampleJava7
2,status,14,VILLAGER,ALIVE,Takeda3
2,status,15,MEDIUM,ALIVE,sample_py
2,talk,0,0,14,VOTE Agent[05]
2,talk,1,0,12,VOTE Agent[04]
2,talk,2,0,2,VOTE Agent[05]
2,talk,3,0,3,VOTE Agent[05]
2,talk,4,0,10,VOTE Agent[05]
2,talk,5,0,7,VOTE Agent[10]
2,talk,6,0,8,VOTE Agent[07]
2,talk,7,0,4,VOTE Agent[05]
2,talk,8,0,5,DIVINED Agent[14] HUMAN
2,talk,9,0,11,DIVINED Agent[08] WEREWOLF
2,talk,10,0,15,VOTE Agent[08]
2,talk,11,0,1,VOTE Agent[03]
2,talk,12,0,9,VOTE Agent[05]
2,talk,13,1,8,VOTE Agent[07]
2,talk,14,1,9,Skip
2,talk,15,1,14,Skip
2,talk,16,1,12,REQUEST ANY (VOTE Agent[04])
2,talk,17,1,7,VOTE Agent[08]
2,talk,18,1,5,VOTE Agent[08]
2,talk,19,1,4,Skip
2,talk,20,1,2,COMINGOUT Agent[02] VILLAGER
2,talk,21,1,10,COMINGOUT Agent[10] VILLAGER
2,talk,22,1,11,VOTE Agent[08]
2,talk,23,1,15,Skip
2,talk,24,1,3,Skip
2,talk,25,1,1,REQUEST ANY (VOTE Agent[03])
2,talk,26,2,15,Skip
2,talk,27,2,4,Skip
2,talk,28,2,1,Skip
2,talk,29,2,12,Skip
2,talk,30,2,2,VOTE Agent[05]
2,talk,31,2,11,Skip
2,talk,32,2,8,VOTE Agent[07]
2,talk,33,2,7,VOTE Agent[08]
2,talk,34,2,9,Skip
2,talk,35,2,14,Skip
2,talk,36,2,10,VOTE Agent[05]
2,talk,37,2,3,Skip
2,talk,38,2,5,Skip
2,talk,39,3,1,Skip
2,talk,40,3,7,VOTE Agent[08]
2,talk,41,3,3,Over
2,talk,42,3,9,Over
2,talk,43,3,14,Over
2,talk,44,3,4,Over
2,talk,45,3,5,Skip
2,talk,46,3,12,Skip
2,talk,47,3,10,VOTE Agent[05]
2,talk,48,3,8,VOTE Agent[07]
2,talk,49,3,15,Over
2,talk,50,3,2,VOTE Agent[05]
2,talk,51,3,11,Skip
2,talk,52,4,5,Over
2,talk,53,4,10,VOTE Agent[05]
2,talk,54,4,9,Over
2,talk,55,4,2,VOTE Agent[05]
2,talk,56,4,7,VOTE Agent[08]
2,talk,57,4,14,Over
2,talk,58,4,8,VOTE Agent[07]
2,talk,59,4,11,Over
2,talk,60,4,12,Over
2,talk,61,4,1,Over
2,talk,62,4,4,Over
2,talk,63,4,3,Over
2,talk,64,4,15,Over
2,talk,65,5,3,Over
2,talk,66,5,4,Over
2,talk,67,5,5,Over
2,talk,68,5,8,VOTE Agent[07]
2,talk,69,5,14,Over
2,talk,70,5,9,Over
2,talk,71,5,7,VOTE Agent[08]
2,talk,72,5,12,Over
2,talk,73,5,11,Over
2,talk,74,5,15,Over
2,talk,75,5,2,VOTE Agent[05]
2,talk,76,5,10,VOTE Agent[05]
2,talk,77,5,1,Over
2,talk,78,6,11,Over
2,talk,79,6,2,VOTE Agent[05]
2,talk,80,6,3,Over
2,talk,81,6,10,VOTE Agent[05]
2,talk,82,6,14,Over
2,talk,83,6,7,VOTE Agent[08]
2,talk,84,6,12,Over
2,talk,85,6,15,Over
2,talk,86,6,9,Over
2,talk,87,6,5,Over
2,talk,88,6,8,VOTE Agent[07]
2,talk,89,6,4,Over
2,talk,90,6,1,Over
2,talk,91,7,11,Over
2,talk,92,7,4,Over
2,talk,93,7,5,Over
2,talk,94,7,15,Over
2,talk,95,7,1,Over
2,talk,96,7,10,VOTE Agent[05]
2,talk,97,7,2,VOTE Agent[05]
2,talk,98,7,8,VOTE Agent[07]
2,talk,99,7,12,Over
2,talk,100,7,7,VOTE Agent[08]
2,talk,101,7,9,Over
2,talk,102,7,3,Over
2,talk,103,7,14,Over
2,talk,104,8,10,VOTE Agent[05]
2,talk,105,8,9,Over
2,talk,106,8,8,VOTE Agent[07]
2,talk,107,8,3,Over
2,talk,108,8,12,Over
2,talk,109,8,15,Over
2,talk,110,8,4,Over
2,talk,111,8,14,Over
2,talk,112,8,5,Over
2,talk,113,8,1,Over
2,talk,114,8,7,VOTE Agent[08]
2,talk,115,8,11,Over
2,talk,116,8,2,VOTE Agent[05]
2,talk,117,9,15,Over
2,talk,118,9,7,Over
2,talk,119,9,2,Over
2,talk,120,9,9,Over
2,talk,121,9,14,Over
2,talk,122,9,11,Over
2,talk,123,9,8,Over
2,talk,124,9,10,Over
2,talk,125,9,12,Over
2,talk,126,9,4,Over
2,talk,127,9,5,Over
2,talk,128,9,1,Over
2,talk,129,9,3,Over
2,vote,1,4
2,vote,2,5
2,vote,3,5
2,vote,4,5
2,vote,5,8
2,vote,7,8
2,vote,8,7
2,vote,9,5
2,vote,10,5
2,vote,11,8
2,vote,12,3
2,vote,14,5
2,vote,15,8
2,execute,5,WEREWOLF
2,divine,8,15,HUMAN
2,whisper,0,0,7,ATTACK Agent[05]
2,whisper,1,0,11,Skip
2,whisper,2,1,7,Skip
2,whisper,3,1,11,Skip
2,whisper,4,2,11,Over
2,whisper,5,2,7,Skip
2,whisper,6,3,7,Over
2,whisper,7,3,11,Over
2,guard,12,11,WEREWOLF
2,attackVote,7,3
2,attackVote,11,3
2,attack,3,true
3,status,1,VILLAGER,ALIVE,SampleJava11
3,status,2,VILLAGER,ALIVE,OKAMI
3,status,3,VILLAGER,DEAD,Takeda4
3,status,4,VILLAGER,ALIVE,TOKU5
3,status,5,WEREWOLF,DEAD,Tomato9
3,status,6,POSSESSED,DEAD,TOKU10
3,status,7,WEREWOLF,ALIVE,HALU
3,status,8,SEER,ALIVE,OKAMI
3,status,9,VILLAGER,ALIVE,Takeda8
3,status,10,VILLAGER,ALIVE,OKAMI
3,status,11,WEREWOLF,ALIVE,TOKU12
3,status,12,BODYGUARD,ALIVE,SampleJava0
3,status,13,VILLAGER,DEAD,SampleJava7
3,status,14,VILLAGER,ALIVE,Takeda3
3,status,15,MEDIUM,ALIVE,sample_py
3,talk,0,0,9,VOTE Agent[08]
3,talk,1,0,7,VOTE Agent[08]
3,talk,2,0,8,VOTE Agent[07]
3,talk,3,0,12,VOTE Agent[14]
3,talk,4,0,11,DIVINED Agent[07] HUMAN
3,talk,5,0,2,VOTE Agent[11]
3,talk,6,0,14,VOTE Agent[08]
3,talk,7,0,10,VOTE Agent[11]
3,talk,8,0,4,VOTE Agent[08]
3,talk,9,0,1,VOTE Agent[10]
3,talk,10,0,15,COMINGOUT Agent[15] MEDIUM
3,talk,11,1,8,VOTE Agent[07]
3,talk,12,1,1,REQUEST ANY (VOTE Agent[10])
3,talk,13,1,9,Skip
3,talk,14,1,14,Skip
3,talk,15,1,4,Skip
3,talk,16,1,10,COMINGOUT Agent[10] VILLAGER
3,talk,17,1,12,REQUEST ANY (VOTE Agent[14])
3,talk,18,1,11,VOTE Agent[08]
3,talk,19,1,7,VOTE Agent[08]
3,talk,20,1,15,IDENTIFIED Agent[06] HUMAN
3,talk,21,1,2,COMINGOUT Agent[02] VILLAGER
3,talk,22,2,12,Skip
3,talk,23,2,8,VOTE Agent[07]
3,talk,24,2,15,IDENTIFIED Agent[05] WEREWOLF
3,talk,25,2,9,Skip
3,talk,26,2,1,Skip
3,talk,27,2,7,VOTE Agent[12]
3,talk,28,2,14,Skip
3,talk,29,2,2,VOTE Agent[01]
3,talk,30,2,10,VOTE Agent[01]
3,talk,31,2,4,Skip
3,talk,32,2,11,Skip
3,talk,33,3,11,Skip
3,talk,34,3,10,VOTE Agent[01]
3,talk,35,3,8,VOTE Agent[07]
3,talk,36,3,9,Over
3,talk,37,3,14,Over
3,talk,38,3,2,VOTE Agent[01]
3,talk,39,3,4,Over
3,talk,40,3,12,Skip
3,talk,41,3,7,VOTE Agent[01]
3,talk,42,3,15,VOTE Agent[07]
3,talk,43,3,1,Skip
3,talk,44,4,8,VOTE Agent[07]
3,talk,45,4,10,VOTE Agent[01]
3,talk,46,4,15,Skip
3,talk,47,4,4,Over
3,talk,48,4,1,Over
3,talk,49,4,12,Over
3,talk,50,4,7,VOTE Agent[10]
3,talk,51,4,2,VOTE Agent[01]
3,talk,52,4,14,Over
3,talk,53,4,9,Over
3,talk,54,4,11,Over
3,talk,55,5,14,Over
3,talk,56,5,11,Over
3,talk,57,5,4,Over
3,talk,58,5,15,Skip
3,talk,59,5,2,VOTE Agent[01]
3,talk,60,5,12,Over
3,talk,61,5,8,VOTE Agent[07]
3,talk,62,5,7,VOTE Agent[02]
3,talk,63,5,10,VOTE Agent[01]
3,talk,64,5,9,Over
3,talk,65,5,1,Over
3,talk,66,6,9,Over
3,talk,67,6,2,VOTE Agent[01]
3,talk,68,6,8,VOTE Agent[07]
3,talk,69,6,10,VOTE Agent[01]
3,talk,70,6,11,Over
3,talk,71,6,15,Over
3,talk,72,6,12,Over
3,talk,73,6,1,Over
3,talk,74,6,7,VOTE Agent[10]
3,talk,75,6,14,Over
3,talk,76,6,4,Over
3,talk,77,7,7,VOTE Agent[10]
3,talk,78,7,10,VOTE Agent[01]
3,talk,79,7,8,VOTE Agent[07]
3,talk,80,7,2,VOTE Agent[01]
3,talk,81,7,15,Over
3,talk,82,7,9,Over
3,talk,83,7,1,Over
3,talk,84,7,14,Over
3,talk,85,7,12,Over
3,talk,86,7,11,Over
3,talk,87,7,4,Over
3,talk,88,8,1,Over
3,talk,89,8,8,VOTE Agent[07]
3,talk,90,8,4,Over
3,talk,91,8,9,Over
3,talk,92,8,10,VOTE Agent[01]
3,talk,93,8,11,Over
3,talk,94,8,2,VOTE Agent[01]
3,talk,95,8,12,Over
3,talk,96,8,14,Over
3,talk,97,8,7,VOTE Agent[02]
3,talk,98,8,15,Over
3,talk,99,9,7,Over
3,talk,100,9,9,Over
3,talk,101,9,8,Over
3,talk,102,9,15,Over
3,talk,103,9,4,Over
3,talk,104,9,11,Over
3,talk,105,9,2,Over
3,talk,106,9,14,Over
3,talk,107,9,10,Over
3,talk,108,9,1,Over
3,talk,109,9,12,Over
3,vote,1,14
3,vote,2,1
3,vote,4,8
3,vote,7,2
3,vote,8,7
3,vote,9,8
3,vote,10,1
3,vote,11,8
3,vote,12,10
3,vote,14,8
3,vote,15,7
3,execute,8,SEER
3,whisper,0,0,11,Skip
3,whisper,1,0,7,ATTACK Agent[03]
3,whisper,2,1,11,Skip
3,whisper,3,1,7,Skip
3,whisper,4,2,7,Skip
3,whisper,5,2,11,Over
3,whisper,6,3,11,Over
3,whisper,7,3,7,Over
3,guard,12,11,WEREWOLF
3,attackVote,7,14
3,attackVote,11,14
3,attack,14,true
4,status,1,VILLAGER,ALIVE,SampleJava11
4,status,2,VILLAGER,ALIVE,OKAMI
4,status,3,VILLAGER,DEAD,Takeda4
4,status,4,VILLAGER,ALIVE,TOKU5
4,status,5,WEREWOLF,DEAD,Tomato9
4,status,6,POSSESSED,DEAD,TOKU10
4,status,7,WEREWOLF,ALIVE,HALU
4,status,8,SEER,DEAD,OKAMI
4,status,9,VILLAGER,ALIVE,Takeda8
4,status,10,VILLAGER,ALIVE,OKAMI
4,status,11,WEREWOLF,ALIVE,TOKU12
4,status,12,BODYGUARD,ALIVE,SampleJava0
4,status,13,VILLAGER,DEAD,SampleJava7
4,status,14,VILLAGER,DEAD,Takeda3
4,status,15,MEDIUM,ALIVE,sample_py
4,talk,0,0,2,VOTE Agent[01]
4,talk,1,0,9,VOTE Agent[07]
4,talk,2,0,15,IDENTIFIED Agent[08] HUMAN
4,talk,3,0,12,VOTE Agent[11]
4,talk,4,0,7,VOTE Agent[12]
4,talk,5,0,10,VOTE Agent[01]
4,talk,6,0,4,VOTE Agent[07]
4,talk,7,0,11,DIVINED Agent[15] WEREWOLF
4,talk,8,0,1,VOTE Agent[10]
4,talk,9,1,10,COMINGOUT Agent[10] VILLAGER
4,talk,10,1,1,REQUEST ANY (VOTE Agent[10])
4,talk,11,1,7,VOTE Agent[12]
4,talk,12,1,15,VOTE Agent[07]
4,talk,13,1,2,COMINGOUT Agent[02] VILLAGER
4,talk,14,1,4,Skip
4,talk,15,1,9,Skip
4,talk,16,1,11,VOTE Agent[15]
4,talk,17,1,12,REQUEST ANY (VOTE Agent[11])
4,talk,18,2,4,Skip
4,talk,19,2,11,Skip
4,talk,20,2,9,Skip
4,talk,21,2,1,Skip
4,talk,22,2,7,VOTE Agent[01]
4,talk,23,2,2,VOTE Agent[01]
4,talk,24,2,15,Skip
4,talk,25,2,10,VOTE Agent[01]
4,talk,26,2,12,Skip
4,talk,27,3,15,Skip
4,talk,28,3,12,Skip
4,talk,29,3,11,Skip
4,talk,30,3,9,Over
4,talk,31,3,1,Skip
4,talk,32,3,2,VOTE Agent[01]
4,talk,33,3,10,VOTE Agent[01]
4,talk,34,3,4,Over
4,talk,35,3,7,VOTE Agent[12]
4,talk,36,4,10,VOTE Agent[01]
4,talk,37,4,1,Over
4,talk,38,4,15,Over
4,talk,39,4,4,Over
4,talk,40,4,7,VOTE Agent[10]
4,talk,41,4,9,Over
4,talk,42,4,11,Over
4,talk,43,4,2,VOTE Agent[01]
4,talk,44,4,12,Over
4,talk,45,5,11,Over
4,talk,46,5,10,VOTE Agent[01]
4,talk,47,5,1,Over
4,talk,48,5,7,VOTE Agent[10]
4,talk,49,5,9,Over
4,talk,50,5,15,Over
4,talk,51,5,2,VOTE Agent[01]
4,talk,52,5,4,Over
4,talk,53,5,12,Over
4,talk,54,6,4,Over
4,talk,55,6,1,Over
4,talk,56,6,10,VOTE Agent[01]
4,talk,57,6,15,Over
4,talk,58,6,2,VOTE Agent[01]
4,talk,59,6,9,Over
4,talk,60,6,7,VOTE Agent[02]
4,talk,61,6,12,Over
4,talk,62,6,11,Over
4,talk,63,7,7,VOTE Agent[12]
4,talk,64,7,9,Over
4,talk,65,7,2,VOTE Agent[01]
4,talk,66,7,4,Over
4,talk,67,7,12,Over
4,talk,68,7,11,Over
4,talk,69,7,10,VOTE Agent[01]
4,talk,70,7,1,Over
4,talk,71,7,15,Over
4,talk,72,8,1,Over
4,talk,73,8,12,Over
4,talk,74,8,2,VOTE Agent[01]
4,talk,75,8,7,VOTE Agent[02]
4,talk,76,8,11,Over
4,talk,77,8,4,Over
4,talk,78,8,15,Over
4,talk,79,8,10,VOTE Agent[01]
4,talk,80,8,9,Over
4,talk,81,9,4,Over
4,talk,82,9,2,Over
4,talk,83,9,9,Over
4,talk,84,9,12,Over
4,talk,85,9,15,Over
4,talk,86,9,1,Over
4,talk,87,9,7,Over
4,talk,88,9,11,Over
4,talk,89,9,10,Over
4,vote,1,11
4,vote,2,1
4,vote,4,7
4,vote,7,12
4,vote,9,7
4,vote,10,1
4,vote,11,15
4,vote,12,10
4,vote,15,7
4,execute,7,WEREWOLF
4,guard,12,11,WEREWOLF
4,attackVote,11,4
4,attack,4,true
5,status,1,VILLAGER,ALIVE,SampleJava11
5,status,2,VILLAGER,ALIVE,OKAMI
5,status,3,VILLAGER,DEAD,Takeda4
5,status,4,VILLAGER,DEAD,TOKU5
5,status,5,WEREWOLF,DEAD,Tomato9
5,status,6,POSSESSED,DEAD,TOKU10
5,status,7,WEREWOLF,DEAD,HALU
5,status,8,SEER,DEAD,OKAMI
5,status,9,VILLAGER,ALIVE,Takeda8
5,status,10,VILLAGER,ALIVE,OKAMI
5,status,11,WEREWOLF,ALIVE,TOKU12
5,status,12,BODYGUARD,ALIVE,SampleJava0
5,status,13,VILLAGER,DEAD,SampleJava7
5,status,14,VILLAGER,DEAD,Takeda3
5,status,15,MEDIUM,ALIVE,sample_py
5,talk,0,0,12,VOTE Agent[01]
5,talk,1,0,11,DIVINED Agent[09] WEREWOLF
5,talk,2,0,2,VOTE Agent[09]
5,talk,3,0,15,IDENTIFIED Agent[07] WEREWOLF
5,talk,4,0,10,VOTE Agent[09]
5,talk,5,0,9,VOTE Agent[01]
5,talk,6,0,1,VOTE Agent[10]
5,talk,7,1,10,COMINGOUT Agent[10] VILLAGER
5,talk,8,1,9,Skip
5,talk,9,1,2,COMINGOUT Agent[02] VILLAGER
5,talk,10,1,15,VOTE Agent[11]
5,talk,11,1,11,VOTE Agent[09]
5,talk,12,1,1,REQUEST ANY (VOTE Agent[10])
5,talk,13,1,12,REQUEST ANY (VOTE Agent[01])
5,talk,14,2,10,VOTE Agent[09]
5,talk,15,2,12,Skip
5,talk,16,2,2,VOTE Agent[09]
5,talk,17,2,9,Skip
5,talk,18,2,15,Skip
5,talk,19,2,11,Skip
5,talk,20,2,1,Skip
5,talk,21,3,10,VOTE Agent[09]
5,talk,22,3,2,VOTE Agent[09]
5,talk,23,3,12,Skip
5,talk,24,3,1,Skip
5,talk,25,3,9,Over
5,talk,26,3,15,Skip
5,talk,27,3,11,Skip
5,talk,28,4,2,VOTE Agent[09]
5,talk,29,4,15,Over
5,talk,30,4,1,Over
5,talk,31,4,12,Over
5,talk,32,4,11,Over
5,talk,33,4,10,VOTE Agent[09]
5,talk,34,4,9,Over
5,talk,35,5,11,Over
5,talk,36,5,2,VOTE Agent[09]
5,talk,37,5,9,Over
5,talk,38,5,10,VOTE Agent[09]
5,talk,39,5,12,Over
5,talk,40,5,15,Over
5,talk,41,5,1,Over
5,talk,42,6,12,Over
5,talk,43,6,10,VOTE Agent[09]
5,talk,44,6,11,Over
5,talk,45,6,15,Over
5,talk,46,6,2,VOTE Agent[09]
5,talk,47,6,9,Over
5,talk,48,6,1,Over
5,talk,49,7,2,VOTE Agent[09]
5,talk,50,7,9,Over
5,talk,51,7,11,Over
5,talk,52,7,15,Over
5,talk,53,7,10,VOTE Agent[09]
5,talk,54,7,1,Over
5,talk,55,7,12,Over
5,talk,56,8,2,VOTE Agent[09]
5,talk,57,8,11,Over
5,talk,58,8,10,VOTE Agent[09]
5,talk,59,8,1,Over
5,talk,60,8,15,Over
5,talk,61,8,9,Over
5,talk,62,8,12,Over
5,talk,63,9,2,Over
5,talk,64,9,1,Over
5,talk,65,9,11,Over
5,talk,66,9,10,Over
5,talk,67,9,15,Over
5,talk,68,9,9,Over
5,talk,69,9,12,Over
5,vote,1,15
5,vote,2,9
5,vote,9,1
5,vote,10,9
5,vote,11,9
5,vote,12,10
5,vote,15,11
5,execute,9,VILLAGER
5,guard,12,11,WEREWOLF
5,attackVote,11,1
5,attack,1,true
6,status,1,VILLAGER,DEAD,SampleJava11
6,status,2,VILLAGER,ALIVE,OKAMI
6,status,3,VILLAGER,DEAD,Takeda4
6,status,4,VILLAGER,DEAD,TOKU5
6,status,5,WEREWOLF,DEAD,Tomato9
6,status,6,POSSESSED,DEAD,TOKU10
6,status,7,WEREWOLF,DEAD,HALU
6,status,8,SEER,DEAD,OKAMI
6,status,9,VILLAGER,DEAD,Takeda8
6,status,10,VILLAGER,ALIVE,OKAMI
6,status,11,WEREWOLF,ALIVE,TOKU12
6,status,12,BODYGUARD,ALIVE,SampleJava0
6,status,13,VILLAGER,DEAD,SampleJava7
6,status,14,VILLAGER,DEAD,Takeda3
6,status,15,MEDIUM,ALIVE,sample_py
6,talk,0,0,2,VOTE Agent[15]
6,talk,1,0,10,VOTE Agent[15]
6,talk,2,0,11,DIVINED Agent[02] WEREWOLF
6,talk,3,0,12,VOTE Agent[10]
6,talk,4,0,15,IDENTIFIED Agent[09] HUMAN
6,talk,5,1,11,VOTE Agent[15]
6,talk,6,1,12,REQUEST ANY (VOTE Agent[10])
6,talk,7,1,10,COMINGOUT Agent[10] VILLAGER
6,talk,8,1,2,COMINGOUT Agent[02] VILLAGER
6,talk,9,1,15,VOTE Agent[11]
6,talk,10,2,2,VOTE Agent[11]
6,talk,11,2,12,Skip
6,talk,12,2,10,VOTE Agent[15]
6,talk,13,2,11,Skip
6,talk,14,2,15,Skip
6,talk,15,3,12,Skip
6,talk,16,3,2,VOTE Agent[11]
6,talk,17,3,10,VOTE Agent[15]
6,talk,18,3,15,Skip
6,talk,19,3,11,Skip
6,talk,20,4,15,Over
6,talk,21,4,11,Over
6,talk,22,4,2,VOTE Agent[10]
6,talk,23,4,12,Over
6,talk,24,4,10,VOTE Agent[15]
6,talk,25,5,12,Over
6,talk,26,5,2,VOTE Agent[10]
6,talk,27,5,10,VOTE Agent[11]
6,talk,28,5,11,Over
6,talk,29,5,15,Over
6,talk,30,6,15,Over
6,talk,31,6,11,Over
6,talk,32,6,2,VOTE Agent[15]
6,talk,33,6,12,Over
6,talk,34,6,10,VOTE Agent[11]
6,talk,35,7,15,Over
6,talk,36,7,12,Over
6,talk,37,7,10,VOTE Agent[11]
6,talk,38,7,2,VOTE Agent[15]
6,talk,39,7,11,Over
6,talk,40,8,2,VOTE Agent[10]
6,talk,41,8,10,VOTE Agent[11]
6,talk,42,8,15,Over
6,talk,43,8,12,Over
6,talk,44,8,11,Over
6,talk,45,9,10,Over
6,talk,46,9,11,Over
6,talk,47,9,12,Over
6,talk,48,9,2,Over
6,talk,49,9,15,Over
6,vote,2,10
6,vote,10,15
6,vote,11,15
6,vote,12,11
6,vote,15,11
6,vote,2,15
6,vote,10,15
6,vote,11,15
6,vote,12,11
6,vote,15,11
6,execute,15,MEDIUM
6,guard,12,11,WEREWOLF
6,attackVote,11,12
6,attack,12,true
7,status,1,VILLAGER,DEAD,SampleJava11
7,status,2,VILLAGER,ALIVE,OKAMI
7,status,3,VILLAGER,DEAD,Takeda4
7,status,4,VILLAGER,DEAD,TOKU5
7,status,5,WEREWOLF,DEAD,Tomato9
7,status,6,POSSESSED,DEAD,TOKU10
7,status,7,WEREWOLF,DEAD,HALU
7,status,8,SEER,DEAD,OKAMI
7,status,9,VILLAGER,DEAD,Takeda8
7,status,10,VILLAGER,ALIVE,OKAMI
7,status,11,WEREWOLF,ALIVE,TOKU12
7,status,12,BODYGUARD,DEAD,SampleJava0
7,status,13,VILLAGER,DEAD,SampleJava7
7,status,14,VILLAGER,DEAD,Takeda3
7,status,15,MEDIUM,DEAD,sample_py
7,talk,0,0,10,VOTE Agent[11]
7,talk,1,0,2,VOTE Agent[11]
7,talk,2,0,11,DIVINED Agent[10] WEREWOLF
7,talk,3,1,2,COMINGOUT Agent[02] VILLAGER
7,talk,4,1,10,COMINGOUT Agent[10] VILLAGER
7,talk,5,1,11,VOTE Agent[02]
7,talk,6,2,11,VOTE Agent[02]
7,talk,7,2,10,VOTE Agent[02]
7,talk,8,2,2,VOTE Agent[10]
7,talk,9,3,11,Skip
7,talk,10,3,10,VOTE Agent[02]
7,talk,11,3,2,VOTE Agent[11]
7,talk,12,4,10,VOTE Agent[02]
7,talk,13,4,2,VOTE Agent[11]
7,talk,14,4,11,Skip
7,talk,15,5,10,VOTE Agent[02]
7,talk,16,5,2,VOTE Agent[10]
7,talk,17,5,11,Over
7,talk,18,6,10,VOTE Agent[02]
7,talk,19,6,2,VOTE Agent[10]
7,talk,20,6,11,Over
7,talk,21,7,11,Over
7,talk,22,7,10,VOTE Agent[02]
7,talk,23,7,2,VOTE Agent[10]
7,talk,24,8,10,VOTE Agent[02]
7,talk,25,8,11,Over
7,talk,26,8,2,VOTE Agent[10]
7,talk,27,9,2,Over
7,talk,28,9,11,Over
7,talk,29,9,10,Over
7,vote,2,10
7,vote,10,2
7,vote,11,2
7,execute,2,VILLAGER
7,attackVote,11,10
7,attack,10,true
8,status,1,VILLAGER,DEAD,SampleJava11
8,status,2,VILLAGER,DEAD,OKAMI
8,status,3,VILLAGER,DEAD,Takeda4
8,status,4,VILLAGER,DEAD,TOKU5
8,status,5,WEREWOLF,DEAD,Tomato9
8,status,6,POSSESSED,DEAD,TOKU10
8,status,7,WEREWOLF,DEAD,HALU
8,status,8,SEER,DEAD,OKAMI
8,status,9,VILLAGER,DEAD,Takeda8
8,status,10,VILLAGER,DEAD,OKAMI
8,status,11,WEREWOLF,ALIVE,TOKU12
8,status,12,BODYGUARD,DEAD,SampleJava0
8,status,13,VILLAGER,DEAD,SampleJava7
8,status,14,VILLAGER,DEAD,Takeda3
8,status,15,MEDIUM,DEAD,sample_py
8,result,0,1,WEREWOLF
