0,status,1,VILLAGER,ALIVE,sample_py
0,status,2,BODYGUARD,ALIVE,OKAMI
0,status,3,POSSESSED,ALIVE,HALU
0,status,4,WEREWOLF,ALIVE,HALU
0,status,5,WEREWOLF,ALIVE,Tomato5
0,status,6,VILLAGER,ALIVE,TOKU10
0,status,7,VILLAGER,ALIVE,OKAMI
0,status,8,VILLAGER,ALIVE,TOKU11
0,status,9,VILLAGER,ALIVE,TOKU14
0,status,10,VILLAGER,ALIVE,sample_py
0,status,11,WEREWOLF,ALIVE,HALU
0,status,12,VILLAGER,ALIVE,OKAMI
0,status,13,MEDIUM,ALIVE,HALU
0,status,14,VILLAGER,ALIVE,TOKU0
0,status,15,SEER,ALIVE,HALU
0,whisper,0,0,11,COMINGOUT Agent[11] MEDIUM
0,whisper,1,0,4,COMINGOUT Agent[04] VILLAGER
0,whisper,2,0,5,COMINGOUT Agent[05] SEER
0,whisper,3,1,4,Skip
0,whisper,4,1,5,Skip
0,whisper,5,1,11,COMINGOUT Agent[11] VILLAGER
0,whisper,6,2,4,Skip
0,whisper,7,2,11,Skip
0,whisper,8,2,5,Skip
0,whisper,9,3,4,Over
0,whisper,10,3,5,Over
0,whisper,11,3,11,Skip
0,whisper,12,4,11,Over
0,whisper,13,4,5,Over
0,whisper,14,4,4,Over
0,divine,15,6,HUMAN
1,status,1,VILLAGER,ALIVE,sample_py
1,status,2,BODYGUARD,ALIVE,OKAMI
1,status,3,POSSESSED,ALIVE,HALU
1,status,4,WEREWOLF,ALIVE,HALU
1,status,5,WEREWOLF,ALIVE,Tomato5
1,status,6,VILLAGER,ALIVE,TOKU10
1,status,7,VILLAGER,ALIVE,OKAMI
1,status,8,VILLAGER,ALIVE,TOKU11
1,status,9,VILLAGER,ALIVE,TOKU14
1,status,10,VILLAGER,ALIVE,sample_py
1,status,11,WEREWOLF,ALIVE,HALU
1,status,12,VILLAGER,ALIVE,OKAMI
1,status,13,MEDIUM,ALIVE,HALU
1,status,14,VILLAGER,ALIVE,TOKU0
1,status,15,SEER,ALIVE,HALU
1,talk,0,0,3,COMINGOUT Agent[03] SEER
1,talk,1,0,12,VOTE Agent[09]
1,talk,2,0,4,VOTE Agent[12]
1,talk,3,0,13,VOTE Agent[04]
1,talk,4,0,11,VOTE Agent[13]
1,talk,5,0,15,COMINGOUT Agent[15] SEER
1,talk,6,0,2,VOTE Agent[09]
1,talk,7,0,9,VOTE Agent[03]
1,talk,8,0,7,VOTE Agent[12]
1,talk,9,0,10,VOTE Agent[05]
1,talk,10,0,5,COMINGOUT Agent[05] SEER
1,talk,11,0,8,VOTE Agent[05]
1,talk,12,0,6,VOTE Agent[05]
1,talk,13,0,1,VOTE Agent[05]
1,talk,14,0,14,VOTE Agent[05]
1,talk,15,1,4,VOTE Agent[14]
1,talk,16,1,15,DIVINED Agent[06] HUMAN
1,talk,17,1,3,DIVINED Agent[15] WEREWOLF
1,talk,18,1,10,VOTE Agent[15]
1,talk,19,1,5,DIVINED Agent[11] WEREWOLF
1,talk,20,1,9,VOTE Agent[05]
1,talk,21,1,13,COMINGOUT Agent[13] MEDIUM
1,talk,22,1,6,Skip
1,talk,23,1,8,VOTE Agent[15]
1,talk,24,1,11,VOTE Agent[15]
1,talk,25,1,12,COMINGOUT Agent[12] VILLAGER
1,talk,26,1,2,VOTE Agent[15]
1,talk,27,1,14,Skip
1,talk,28,1,1,VOTE Agent[15]
1,talk,29,1,7,COMINGOUT Agent[07] VILLAGER
1,talk,30,2,15,VOTE Agent[07]
1,talk,31,2,5,VOTE Agent[15]
1,talk,32,2,12,VOTE Agent[05]
1,talk,33,2,14,Skip
1,talk,34,2,2,VOTE Agent[05]
1,talk,35,2,10,Skip
1,talk,36,2,13,VOTE Agent[15]
1,talk,37,2,1,Skip
1,talk,38,2,7,VOTE Agent[05]
1,talk,39,2,8,Skip
1,talk,40,2,9,VOTE Agent[02]
1,talk,41,2,3,VOTE Agent[13]
1,talk,42,2,11,VOTE Agent[15]
1,talk,43,2,4,VOTE Agent[15]
1,talk,44,2,6,VOTE Agent[04]
1,talk,45,3,11,VOTE Agent[15]
1,talk,46,3,9,VOTE Agent[05]
1,talk,47,3,12,VOTE Agent[05]
1,talk,48,3,15,VOTE Agent[07]
1,talk,49,3,5,Skip
1,talk,50,3,8,Skip
1,talk,51,3,3,VOTE Agent[15]
1,talk,52,3,10,Skip
1,talk,53,3,4,VOTE Agent[15]
1,talk,54,3,7,VOTE Agent[05]
1,talk,55,3,14,VOTE Agent[02]
1,talk,56,3,13,VOTE Agent[15]
1,talk,57,3,6,VOTE Agent[05]
1,talk,58,3,1,Skip
1,talk,59,3,2,VOTE Agent[05]
1,talk,60,4,14,Skip
1,talk,61,4,10,Over
1,talk,62,4,1,Over
1,talk,63,4,4,VOTE Agent[15]
1,talk,64,4,3,VOTE Agent[15]
1,talk,65,4,9,VOTE Agent[02]
1,talk,66,4,15,VOTE Agent[07]
1,talk,67,4,12,VOTE Agent[05]
1,talk,68,4,8,Over
1,talk,69,4,11,VOTE Agent[15]
1,talk,70,4,2,VOTE Agent[05]
1,talk,71,4,13,VOTE Agent[15]
1,talk,72,4,7,VOTE Agent[05]
1,talk,73,4,5,Skip
1,talk,74,4,6,Skip
1,talk,75,5,2,VOTE Agent[05]
1,talk,76,5,3,VOTE Agent[15]
1,talk,77,5,7,VOTE Agent[05]
1,talk,78,5,1,Over
1,talk,79,5,14,VOTE Agent[05]
1,talk,80,5,4,VOTE Agent[15]
1,talk,81,5,9,Skip
1,talk,82,5,11,VOTE Agent[15]
1,talk,83,5,6,VOTE Agent[02]
1,talk,84,5,15,VOTE Agent[07]
1,talk,85,5,12,VOTE Agent[05]
1,talk,86,5,10,Over
1,talk,87,5,13,VOTE Agent[15]
1,talk,88,5,5,Over
1,talk,89,5,8,Over
1,talk,90,6,5,Over
1,talk,91,6,10,Over
1,talk,92,6,2,VOTE Agent[05]
1,talk,93,6,14,Skip
1,talk,94,6,13,VOTE Agent[15]
1,talk,95,6,12,VOTE Agent[05]
1,talk,96,6,7,VOTE Agent[05]
1,talk,97,6,8,Over
1,talk,98,6,9,Skip
1,talk,99,6,15,VOTE Agent[07]
1,talk,100,6,1,Over
1,talk,101,6,4,VOTE Agent[15]
1,talk,102,6,6,Skip
1,talk,103,6,11,VOTE Agent[15]
1,talk,104,6,3,VOTE Agent[15]
1,talk,105,7,10,Over
1,talk,106,7,7,VOTE Agent[05]
1,talk,107,7,12,VOTE Agent[05]
1,talk,108,7,3,VOTE Agent[15]
1,talk,109,7,5,Over
1,talk,110,7,4,VOTE Agent[15]
1,talk,111,7,11,VOTE Agent[15]
1,talk,112,7,1,Over
1,talk,113,7,9,Over
1,talk,114,7,15,VOTE Agent[07]
1,talk,115,7,6,Skip
1,talk,116,7,13,VOTE Agent[15]
1,talk,117,7,2,VOTE Agent[05]
1,talk,118,7,8,Over
1,talk,119,7,14,Skip
1,talk,120,8,14,Over
1,talk,121,8,10,Over
1,talk,122,8,8,Over
1,talk,123,8,4,VOTE Agent[15]
1,talk,124,8,3,VOTE Agent[15]
1,talk,125,8,12,VOTE Agent[05]
1,talk,126,8,6,Over
1,talk,127,8,13,VOTE Agent[15]
1,talk,128,8,11,VOTE Agent[15]
1,talk,129,8,2,VOTE Agent[05]
1,talk,130,8,5,Over
1,talk,131,8,7,VOTE Agent[05]
1,talk,132,8,1,Over
1,talk,133,8,9,Over
1,talk,134,8,15,VOTE Agent[07]
1,talk,135,9,2,Over
1,talk,136,9,12,Over
1,talk,137,9,11,Over
1,talk,138,9,15,Over
1,talk,139,9,6,Over
1,talk,140,9,8,Over
1,talk,141,9,10,Over
1,talk,142,9,5,Over
1,talk,143,9,9,Over
1,talk,144,9,3,Over
1,talk,145,9,1,Over
1,talk,146,9,14,VOTE Agent[02]
1,talk,147,9,7,Over
1,talk,148,9,4,Over
1,talk,149,9,13,Over
1,talk,150,10,14,Skip
1,talk,151,10,3,Over
1,talk,152,10,10,Over
1,talk,153,10,12,Over
1,talk,154,10,2,Over
1,talk,155,10,15,Over
1,talk,156,10,5,Over
1,talk,157,10,7,Over
1,talk,158,10,1,Over
1,talk,159,10,11,Over
1,talk,160,10,8,VOTE Agent[04]
1,talk,161,10,9,Over
1,talk,162,10,13,Over
1,talk,163,10,6,Over
1,talk,164,10,4,Over
1,talk,165,11,9,Over
1,talk,166,11,2,Over
1,talk,167,11,15,Over
1,talk,168,11,14,Skip
1,talk,169,11,11,Over
1,talk,170,11,3,Over
1,talk,171,11,6,Over
1,talk,172,11,10,Over
1,talk,173,11,7,Over
1,talk,174,11,12,Over
1,talk,175,11,1,Over
1,talk,176,11,5,Over
1,talk,177,11,8,Skip
1,talk,178,11,4,Over
1,talk,179,11,13,Over
1,talk,180,12,10,Over
1,talk,181,12,2,Over
1,talk,182,12,15,Over
1,talk,183,12,14,Over
1,talk,184,12,1,Over
1,talk,185,12,6,Over
1,talk,186,12,12,Over
1,talk,187,12,7,Over
1,talk,188,12,9,Over
1,talk,189,12,13,Over
1,talk,190,12,11,Over
1,talk,191,12,5,Over
1,talk,192,12,4,Over
1,talk,193,12,3,Over
1,talk,194,12,8,Skip
1,talk,195,13,11,Over
1,talk,196,13,9,Over
1,talk,197,13,15,Over
1,talk,198,13,14,Over
1,talk,199,13,8,Over
1,talk,200,13,1,Over
1,talk,201,13,10,Over
1,talk,202,13,4,Over
1,talk,203,13,6,Over
1,talk,204,13,3,Over
1,talk,205,13,13,Over
1,talk,206,13,12,Over
1,talk,207,13,7,Over
1,talk,208,13,5,Over
1,talk,209,13,2,Over
1,vote,1,15
1,vote,2,5
1,vote,3,15
1,vote,4,15
1,vote,5,15
1,vote,6,2
1,vote,7,5
1,vote,8,4
1,vote,9,2
1,vote,10,15
1,vote,11,15
1,vote,12,5
1,vote,13,15
1,vote,14,2
1,vote,15,7
1,execute,15,SEER
1,whisper,0,0,4,ATTACK Agent[15]
1,whisper,1,0,11,ATTACK Agent[05]
1,whisper,2,0,5,ESTIMATE Agent[03] POSSESSED
1,whisper,3,1,4,Skip
1,whisper,4,1,5,ATTACK Agent[13]
1,whisper,5,1,11,Skip
1,whisper,6,2,11,Skip
1,whisper,7,2,4,Skip
1,whisper,8,2,5,Skip
1,whisper,9,3,4,Over
1,whisper,10,3,11,Over
1,whisper,11,3,5,Skip
1,whisper,12,4,4,Over
1,whisper,13,4,5,Over
1,whisper,14,4,11,Over
1,guard,2,13,MEDIUM
1,attackVote,4,3
1,attackVote,5,13
1,attackVote,4,3
1,attackVote,5,13
1,attack,13,false
2,status,1,VILLAGER,ALIVE,sample_py
2,status,2,BODYGUARD,ALIVE,OKAMI
2,status,3,POSSESSED,ALIVE,HALU
2,status,4,WEREWOLF,ALIVE,HALU
2,status,5,WEREWOLF,ALIVE,Tomato5
2,status,6,VILLAGER,ALIVE,TOKU10
2,status,7,VILLAGER,ALIVE,OKAMI
2,status,8,VILLAGER,ALIVE,TOKU11
2,status,9,VILLAGER,ALIVE,TOKU14
2,status,10,VILLAGER,ALIVE,sample_py
2,status,11,WEREWOLF,ALIVE,HALU
2,status,12,VILLAGER,ALIVE,OKAMI
2,status,13,MEDIUM,ALIVE,HALU
2,status,14,VILLAGER,ALIVE,TOKU0
2,status,15,SEER,DEAD,HALU
2,talk,0,0,11,VOTE Agent[10]
2,talk,1,0,6,VOTE Agent[02]
2,talk,2,0,4,VOTE Agent[14]
2,talk,3,0,1,VOTE Agent[11]
2,talk,4,0,8,VOTE Agent[04]
2,talk,5,0,2,VOTE Agent[03]
2,talk,6,0,13,IDENTIFIED Agent[15] HUMAN
2,talk,7,0,9,VOTE Agent[02]
2,talk,8,0,5,DIVINED Agent[07] HUMAN
2,talk,9,0,10,VOTE Agent[11]
2,talk,10,0,12,VOTE Agent[03]
2,talk,11,0,3,DIVINED Agent[07] WEREWOLF
2,talk,12,0,7,VOTE Agent[03]
2,talk,13,0,14,VOTE Agent[02]
2,talk,14,1,1,Skip
2,talk,15,1,6,VOTE Agent[05]
2,talk,16,1,13,VOTE Agent[03]
2,talk,17,1,3,VOTE Agent[07]
2,talk,18,1,5,VOTE Agent[11]
2,talk,19,1,4,VOTE Agent[14]
2,talk,20,1,9,VOTE Agent[05]
2,talk,21,1,2,VOTE Agent[05]
2,talk,22,1,12,COMINGOUT Agent[12] VILLAGER
2,talk,23,1,14,VOTE Agent[05]
2,talk,24,1,10,Skip
2,talk,25,1,11,VOTE Agent[14]
2,talk,26,1,8,VOTE Agent[05]
2,talk,27,1,7,COMINGOUT Agent[07] VILLAGER
2,talk,28,2,10,Skip
2,talk,29,2,8,Skip
2,talk,30,2,3,VOTE Agent[07]
2,talk,31,2,12,VOTE Agent[03]
2,talk,32,2,7,VOTE Agent[03]
2,talk,33,2,4,VOTE Agent[08]
2,talk,34,2,6,Skip
2,talk,35,2,13,VOTE Agent[05]
2,talk,36,2,1,Skip
2,talk,37,2,9,Skip
2,talk,38,2,14,Skip
2,talk,39,2,5,Skip
2,talk,40,2,11,VOTE Agent[08]
2,talk,41,2,2,VOTE Agent[03]
2,talk,42,3,6,Skip
2,talk,43,3,2,VOTE Agent[03]
2,talk,44,3,5,VOTE Agent[08]
2,talk,45,3,3,VOTE Agent[05]
2,talk,46,3,12,VOTE Agent[03]
2,talk,47,3,7,VOTE Agent[03]
2,talk,48,3,11,VOTE Agent[08]
2,talk,49,3,1,Over
2,talk,50,3,13,VOTE Agent[05]
2,talk,51,3,9,Skip
2,talk,52,3,10,Over
2,talk,53,3,8,Skip
2,talk,54,3,4,VOTE Agent[14]
2,talk,55,3,14,Skip
2,talk,56,4,4,VOTE Agent[14]
2,talk,57,4,12,VOTE Agent[03]
2,talk,58,4,5,VOTE Agent[11]
2,talk,59,4,3,VOTE Agent[07]
2,talk,60,4,7,VOTE Agent[03]
2,talk,61,4,11,VOTE Agent[08]
2,talk,62,4,6,Over
2,talk,63,4,8,Over
2,talk,64,4,2,VOTE Agent[03]
2,talk,65,4,9,Over
2,talk,66,4,13,VOTE Agent[03]
2,talk,67,4,10,Over
2,talk,68,4,1,Over
2,talk,69,4,14,Over
2,talk,70,5,8,Over
2,talk,71,5,6,Over
2,talk,72,5,13,VOTE Agent[05]
2,talk,73,5,12,VOTE Agent[03]
2,talk,74,5,1,Over
2,talk,75,5,10,Over
2,talk,76,5,11,VOTE Agent[12]
2,talk,77,5,7,VOTE Agent[03]
2,talk,78,5,4,VOTE Agent[14]
2,talk,79,5,2,VOTE Agent[03]
2,talk,80,5,5,Skip
2,talk,81,5,3,VOTE Agent[07]
2,talk,82,5,9,Over
2,talk,83,5,14,Over
2,talk,84,6,10,Over
2,talk,85,6,2,VOTE Agent[03]
2,talk,86,6,3,VOTE Agent[07]
2,talk,87,6,8,Over
2,talk,88,6,14,Over
2,talk,89,6,11,VOTE Agent[02]
2,talk,90,6,13,VOTE Agent[03]
2,talk,91,6,5,Skip
2,talk,92,6,1,Over
2,talk,93,6,12,VOTE Agent[03]
2,talk,94,6,7,VOTE Agent[03]
2,talk,95,6,4,VOTE Agent[14]
2,talk,96,6,6,Over
2,talk,97,6,9,Over
2,talk,98,7,1,Over
2,talk,99,7,8,Over
2,talk,100,7,2,VOTE Agent[03]
2,talk,101,7,9,Over
2,talk,102,7,10,Over
2,talk,103,7,5,Over
2,talk,104,7,7,VOTE Agent[03]
2,talk,105,7,13,VOTE Agent[03]
2,talk,106,7,6,Over
2,talk,107,7,14,Over
2,talk,108,7,4,VOTE Agent[08]
2,talk,109,7,12,VOTE Agent[03]
2,talk,110,7,3,VOTE Agent[07]
2,talk,111,7,11,VOTE Agent[08]
2,talk,112,8,12,VOTE Agent[03]
2,talk,113,8,2,VOTE Agent[03]
2,talk,114,8,13,VOTE Agent[05]
2,talk,115,8,14,Over
2,talk,116,8,6,Over
2,talk,117,8,3,VOTE Agent[07]
2,talk,118,8,4,VOTE Agent[02]
2,talk,119,8,7,VOTE Agent[03]
2,talk,120,8,8,Over
2,talk,121,8,9,Over
2,talk,122,8,11,VOTE Agent[08]
2,talk,123,8,10,Over
2,talk,124,8,5,Over
2,talk,125,8,1,Over
2,talk,126,9,12,Over
2,talk,127,9,2,Over
2,talk,128,9,10,Over
2,talk,129,9,11,Over
2,talk,130,9,9,Over
2,talk,131,9,1,Over
2,talk,132,9,5,Over
2,talk,133,9,4,Over
2,talk,134,9,6,Over
2,talk,135,9,7,Over
2,talk,136,9,3,Over
2,talk,137,9,13,Over
2,talk,138,9,14,Over
2,talk,139,9,8,Over
2,vote,1,11
2,vote,2,3
2,vote,3,7
2,vote,4,8
2,vote,5,11
2,vote,6,5
2,vote,7,3
2,vote,8,5
2,vote,9,5
2,vote,10,11
2,vote,11,8
2,vote,12,3
2,vote,13,3
2,vote,14,5
2,vote,1,11
2,vote,2,3
2,vote,3,7
2,vote,4,12
2,vote,5,11
2,vote,6,5
2,vote,7,3
2,vote,8,5
2,vote,9,5
2,vote,10,11
2,vote,11,8
2,vote,12,3
2,vote,13,5
2,vote,14,5
2,execute,5,WEREWOLF
2,whisper,0,0,4,ATTACK Agent[13]
2,whisper,1,0,11,ATTACK Agent[05]
2,whisper,2,1,11,Skip
2,whisper,3,1,4,Skip
2,whisper,4,2,11,Skip
2,whisper,5,2,4,Skip
2,whisper,6,3,4,Over
2,whisper,7,3,11,Over
2,guard,2,13,MEDIUM
2,attackVote,4,13
2,attackVote,11,7
2,attackVote,4,13
2,attackVote,11,6
2,attack,13,false
3,status,1,VILLAGER,ALIVE,sample_py
3,status,2,BODYGUARD,ALIVE,OKAMI
3,status,3,POSSESSED,ALIVE,HALU
3,status,4,WEREWOLF,ALIVE,HALU
3,status,5,WEREWOLF,DEAD,Tomato5
3,status,6,VILLAGER,ALIVE,TOKU10
3,status,7,VILLAGER,ALIVE,OKAMI
3,status,8,VILLAGER,ALIVE,TOKU11
3,status,9,VILLAGER,ALIVE,TOKU14
3,status,10,VILLAGER,ALIVE,sample_py
3,status,11,WEREWOLF,ALIVE,HALU
3,status,12,VILLAGER,ALIVE,OKAMI
3,status,13,MEDIUM,ALIVE,HALU
3,status,14,VILLAGER,ALIVE,TOKU0
3,status,15,SEER,DEAD,HALU
3,talk,0,0,14,VOTE Agent[02]
3,talk,1,0,13,IDENTIFIED Agent[05] WEREWOLF
3,talk,2,0,12,VOTE Agent[11]
3,talk,3,0,8,VOTE Agent[02]
3,talk,4,0,2,VOTE Agent[07]
3,talk,5,0,6,VOTE Agent[02]
3,talk,6,0,1,VOTE Agent[07]
3,talk,7,0,10,VOTE Agent[11]
3,talk,8,0,9,VOTE Agent[02]
3,talk,9,0,4,VOTE Agent[10]
3,talk,10,0,7,VOTE Agent[12]
3,talk,11,0,3,DIVINED Agent[14] HUMAN
3,talk,12,0,11,VOTE Agent[01]
3,talk,13,1,6,Skip
3,talk,14,1,1,Skip
3,talk,15,1,9,Skip
3,talk,16,1,14,Skip
3,talk,17,1,8,Skip
3,talk,18,1,13,VOTE Agent[07]
3,talk,19,1,12,COMINGOUT Agent[12] VILLAGER
3,talk,20,1,10,Skip
3,talk,21,1,7,COMINGOUT Agent[07] VILLAGER
3,talk,22,1,11,VOTE Agent[09]
3,talk,23,1,2,VOTE Agent[07]
3,talk,24,1,3,VOTE Agent[07]
3,talk,25,1,4,VOTE Agent[10]
3,talk,26,2,7,VOTE Agent[12]
3,talk,27,2,9,Skip
3,talk,28,2,2,VOTE Agent[07]
3,talk,29,2,6,Skip
3,talk,30,2,8,Skip
3,talk,31,2,14,Skip
3,talk,32,2,12,VOTE Agent[11]
3,talk,33,2,3,VOTE Agent[07]
3,talk,34,2,4,VOTE Agent[12]
3,talk,35,2,11,VOTE Agent[09]
3,talk,36,2,13,VOTE Agent[07]
3,talk,37,2,10,Skip
3,talk,38,2,1,Skip
3,talk,39,3,4,VOTE Agent[12]
3,talk,40,3,11,VOTE Agent[09]
3,talk,41,3,7,VOTE Agent[12]
3,talk,42,3,1,Over
3,talk,43,3,13,VOTE Agent[07]
3,talk,44,3,8,Over
3,talk,45,3,3,VOTE Agent[07]
3,talk,46,3,6,Over
3,talk,47,3,10,Over
3,talk,48,3,12,VOTE Agent[11]
3,talk,49,3,2,VOTE Agent[07]
3,talk,50,3,14,Over
3,talk,51,3,9,Over
3,talk,52,4,6,Over
3,talk,53,4,12,VOTE Agent[11]
3,talk,54,4,1,Over
3,talk,55,4,9,Over
3,talk,56,4,7,VOTE Agent[12]
3,talk,57,4,13,VOTE Agent[07]
3,talk,58,4,2,VOTE Agent[07]
3,talk,59,4,10,Over
3,talk,60,4,4,VOTE Agent[12]
3,talk,61,4,8,Over
3,talk,62,4,11,VOTE Agent[02]
3,talk,63,4,14,Over
3,talk,64,4,3,VOTE Agent[07]
3,talk,65,5,6,Over
3,talk,66,5,10,Over
3,talk,67,5,14,Over
3,talk,68,5,8,Over
3,talk,69,5,2,VOTE Agent[07]
3,talk,70,5,7,VOTE Agent[12]
3,talk,71,5,3,VOTE Agent[07]
3,talk,72,5,4,VOTE Agent[12]
3,talk,73,5,9,Over
3,talk,74,5,11,VOTE Agent[01]
3,talk,75,5,12,VOTE Agent[11]
3,talk,76,5,1,Over
3,talk,77,5,13,VOTE Agent[07]
3,talk,78,6,6,Over
3,talk,79,6,10,Over
3,talk,80,6,1,Over
3,talk,81,6,11,VOTE Agent[02]
3,talk,82,6,9,Over
3,talk,83,6,7,VOTE Agent[12]
3,talk,84,6,4,VOTE Agent[12]
3,talk,85,6,14,Over
3,talk,86,6,12,VOTE Agent[11]
3,talk,87,6,8,Over
3,talk,88,6,13,VOTE Agent[07]
3,talk,89,6,3,VOTE Agent[07]
3,talk,90,6,2,VOTE Agent[07]
3,talk,91,7,12,VOTE Agent[11]
3,talk,92,7,6,Over
3,talk,93,7,7,VOTE Agent[12]
3,talk,94,7,3,VOTE Agent[07]
3,talk,95,7,2,VOTE Agent[07]
3,talk,96,7,1,Over
3,talk,97,7,14,Over
3,talk,98,7,13,VOTE Agent[07]
3,talk,99,7,4,VOTE Agent[12]
3,talk,100,7,8,Over
3,talk,101,7,11,VOTE Agent[09]
3,talk,102,7,10,Over
3,talk,103,7,9,Over
3,talk,104,8,4,VOTE Agent[12]
3,talk,105,8,2,VOTE Agent[07]
3,talk,106,8,9,Over
3,talk,107,8,11,VOTE Agent[02]
3,talk,108,8,8,Over
3,talk,109,8,13,VOTE Agent[07]
3,talk,110,8,6,Over
3,talk,111,8,10,Over
3,talk,112,8,12,VOTE Agent[11]
3,talk,113,8,14,Over
3,talk,114,8,7,VOTE Agent[12]
3,talk,115,8,3,VOTE Agent[07]
3,talk,116,8,1,Over
3,talk,117,9,1,Over
3,talk,118,9,2,Over
3,talk,119,9,8,Over
3,talk,120,9,4,Over
3,talk,121,9,14,Over
3,talk,122,9,10,Over
3,talk,123,9,11,Over
3,talk,124,9,6,Over
3,talk,125,9,3,Over
3,talk,126,9,7,Over
3,talk,127,9,12,Over
3,talk,128,9,13,Over
3,talk,129,9,9,Over
3,vote,1,7
3,vote,2,7
3,vote,3,7
3,vote,4,12
3,vote,6,2
3,vote,7,12
3,vote,8,2
3,vote,9,2
3,vote,10,11
3,vote,11,1
3,vote,12,11
3,vote,13,7
3,vote,14,2
3,vote,1,7
3,vote,2,7
3,vote,3,7
3,vote,4,12
3,vote,6,2
3,vote,7,12
3,vote,8,2
3,vote,9,2
3,vote,10,11
3,vote,11,2
3,vote,12,11
3,vote,13,7
3,vote,14,2
3,execute,2,BODYGUARD
3,whisper,0,0,11,ATTACK Agent[07]
3,whisper,1,0,4,ATTACK Agent[13]
3,whisper,2,1,4,Skip
3,whisper,3,1,11,Skip
3,whisper,4,2,4,Skip
3,whisper,5,2,11,Skip
3,whisper,6,3,4,Over
3,whisper,7,3,11,Over
3,attackVote,4,13
3,attackVote,11,6
3,attackVote,4,13
3,attackVote,11,6
3,attack,13,true
4,status,1,VILLAGER,ALIVE,sample_py
4,status,2,BODYGUARD,DEAD,OKAMI
4,status,3,POSSESSED,ALIVE,HALU
4,status,4,WEREWOLF,ALIVE,HALU
4,status,5,WEREWOLF,DEAD,Tomato5
4,status,6,VILLAGER,ALIVE,TOKU10
4,status,7,VILLAGER,ALIVE,OKAMI
4,status,8,VILLAGER,ALIVE,TOKU11
4,status,9,VILLAGER,ALIVE,TOKU14
4,status,10,VILLAGER,ALIVE,sample_py
4,status,11,WEREWOLF,ALIVE,HALU
4,status,12,VILLAGER,ALIVE,OKAMI
4,status,13,MEDIUM,DEAD,HALU
4,status,14,VILLAGER,ALIVE,TOKU0
4,status,15,SEER,DEAD,HALU
4,talk,0,0,8,VOTE Agent[11]
4,talk,1,0,6,VOTE Agent[11]
4,talk,2,0,7,VOTE Agent[12]
4,talk,3,0,14,VOTE Agent[11]
4,talk,4,0,11,VOTE Agent[09]
4,talk,5,0,9,VOTE Agent[11]
4,talk,6,0,3,DIVINED Agent[01] HUMAN
4,talk,7,0,10,VOTE Agent[07]
4,talk,8,0,12,VOTE Agent[11]
4,talk,9,0,4,VOTE Agent[12]
4,talk,10,0,1,VOTE Agent[07]
4,talk,11,1,14,Skip
4,talk,12,1,8,Skip
4,talk,13,1,1,Skip
4,talk,14,1,3,VOTE Agent[07]
4,talk,15,1,7,COMINGOUT Agent[07] VILLAGER
4,talk,16,1,4,VOTE Agent[12]
4,talk,17,1,12,COMINGOUT Agent[12] VILLAGER
4,talk,18,1,9,Skip
4,talk,19,1,11,VOTE Agent[08]
4,talk,20,1,6,Skip
4,talk,21,1,10,Skip
4,talk,22,2,7,VOTE Agent[12]
4,talk,23,2,10,Skip
4,talk,24,2,3,VOTE Agent[07]
4,talk,25,2,4,VOTE Agent[12]
4,talk,26,2,14,Skip
4,talk,27,2,8,Skip
4,talk,28,2,6,Skip
4,talk,29,2,11,VOTE Agent[10]
4,talk,30,2,1,Skip
4,talk,31,2,12,VOTE Agent[11]
4,talk,32,2,9,Skip
4,talk,33,3,14,Over
4,talk,34,3,10,Over
4,talk,35,3,1,Over
4,talk,36,3,3,VOTE Agent[07]
4,talk,37,3,7,VOTE Agent[12]
4,talk,38,3,11,VOTE Agent[09]
4,talk,39,3,9,Over
4,talk,40,3,6,Over
4,talk,41,3,8,Over
4,talk,42,3,12,VOTE Agent[11]
4,talk,43,3,4,VOTE Agent[12]
4,talk,44,4,9,Over
4,talk,45,4,8,Over
4,talk,46,4,7,VOTE Agent[12]
4,talk,47,4,12,VOTE Agent[11]
4,talk,48,4,10,Over
4,talk,49,4,3,VOTE Agent[07]
4,talk,50,4,6,Over
4,talk,51,4,11,VOTE Agent[12]
4,talk,52,4,4,VOTE Agent[12]
4,talk,53,4,1,Over
4,talk,54,4,14,Over
4,talk,55,5,1,Over
4,talk,56,5,9,Over
4,talk,57,5,7,VOTE Agent[12]
4,talk,58,5,12,VOTE Agent[11]
4,talk,59,5,6,Over
4,talk,60,5,11,VOTE Agent[10]
4,talk,61,5,8,Over
4,talk,62,5,14,Over
4,talk,63,5,3,VOTE Agent[07]
4,talk,64,5,10,Over
4,talk,65,5,4,VOTE Agent[12]
4,talk,66,6,12,VOTE Agent[11]
4,talk,67,6,7,VOTE Agent[12]
4,talk,68,6,14,Over
4,talk,69,6,8,Over
4,talk,70,6,11,VOTE Agent[09]
4,talk,71,6,4,VOTE Agent[12]
4,talk,72,6,10,Over
4,talk,73,6,1,Over
4,talk,74,6,3,VOTE Agent[07]
4,talk,75,6,9,Over
4,talk,76,6,6,Over
4,talk,77,7,8,Over
4,talk,78,7,9,Over
4,talk,79,7,4,VOTE Agent[12]
4,talk,80,7,3,VOTE Agent[07]
4,talk,81,7,1,Over
4,talk,82,7,6,Over
4,talk,83,7,10,Over
4,talk,84,7,11,VOTE Agent[10]
4,talk,85,7,12,VOTE Agent[11]
4,talk,86,7,7,VOTE Agent[12]
4,talk,87,7,14,Over
4,talk,88,8,8,Over
4,talk,89,8,14,Over
4,talk,90,8,12,VOTE Agent[11]
4,talk,91,8,6,Over
4,talk,92,8,4,VOTE Agent[12]
4,talk,93,8,7,VOTE Agent[12]
4,talk,94,8,9,Over
4,talk,95,8,3,VOTE Agent[07]
4,talk,96,8,10,Over
4,talk,97,8,11,VOTE Agent[09]
4,talk,98,8,1,Over
4,talk,99,9,4,Over
4,talk,100,9,9,Over
4,talk,101,9,12,Over
4,talk,102,9,8,Over
4,talk,103,9,3,Over
4,talk,104,9,10,Over
4,talk,105,9,7,Over
4,talk,106,9,14,Over
4,talk,107,9,6,Over
4,talk,108,9,1,Over
4,talk,109,9,11,Over
4,vote,1,7
4,vote,3,7
4,vote,4,12
4,vote,6,11
4,vote,7,12
4,vote,8,11
4,vote,9,11
4,vote,10,7
4,vote,11,10
4,vote,12,11
4,vote,14,11
4,execute,11,WEREWOLF
4,attack,12,true
5,status,1,VILLAGER,ALIVE,sample_py
5,status,2,BODYGUARD,DEAD,OKAMI
5,status,3,POSSESSED,ALIVE,HALU
5,status,4,WEREWOLF,ALIVE,HALU
5,status,5,WEREWOLF,DEAD,Tomato5
5,status,6,VILLAGER,ALIVE,TOKU10
5,status,7,VILLAGER,ALIVE,OKAMI
5,status,8,VILLAGER,ALIVE,TOKU11
5,status,9,VILLAGER,ALIVE,TOKU14
5,status,10,VILLAGER,ALIVE,sample_py
5,status,11,WEREWOLF,DEAD,HALU
5,status,12,VILLAGER,DEAD,OKAMI
5,status,13,MEDIUM,DEAD,HALU
5,status,14,VILLAGER,ALIVE,TOKU0
5,status,15,SEER,DEAD,HALU
5,talk,0,0,3,DIVINED Agent[06] HUMAN
5,talk,1,0,1,VOTE Agent[07]
5,talk,2,0,9,VOTE Agent[04]
5,talk,3,0,7,VOTE Agent[04]
5,talk,4,0,4,VOTE Agent[09]
5,talk,5,0,8,VOTE Agent[04]
5,talk,6,0,10,VOTE Agent[07]
5,talk,7,0,6,VOTE Agent[04]
5,talk,8,0,14,VOTE Agent[04]
5,talk,9,1,7,COMINGOUT Agent[07] VILLAGER
5,talk,10,1,9,Skip
5,talk,11,1,10,Skip
5,talk,12,1,6,Skip
5,talk,13,1,14,Skip
5,talk,14,1,8,Skip
5,talk,15,1,1,Skip
5,talk,16,1,4,VOTE Agent[10]
5,talk,17,1,3,VOTE Agent[07]
5,talk,18,2,10,Skip
5,talk,19,2,3,VOTE Agent[07]
5,talk,20,2,4,VOTE Agent[10]
5,talk,21,2,14,Skip
5,talk,22,2,1,Skip
5,talk,23,2,8,Skip
5,talk,24,2,9,Skip
5,talk,25,2,6,Skip
5,talk,26,2,7,VOTE Agent[10]
5,talk,27,3,9,Over
5,talk,28,3,1,Over
5,talk,29,3,10,Over
5,talk,30,3,8,Over
5,talk,31,3,4,VOTE Agent[09]
5,talk,32,3,7,VOTE Agent[09]
5,talk,33,3,14,Over
5,talk,34,3,6,Over
5,talk,35,3,3,VOTE Agent[07]
5,talk,36,4,14,Over
5,talk,37,4,4,VOTE Agent[10]
5,talk,38,4,3,VOTE Agent[07]
5,talk,39,4,1,Over
5,talk,40,4,7,VOTE Agent[10]
5,talk,41,4,8,Over
5,talk,42,4,6,Over
5,talk,43,4,10,Over
5,talk,44,4,9,Over
5,talk,45,5,14,Over
5,talk,46,5,9,Over
5,talk,47,5,8,Over
5,talk,48,5,6,Over
5,talk,49,5,1,Over
5,talk,50,5,4,VOTE Agent[08]
5,talk,51,5,3,VOTE Agent[07]
5,talk,52,5,10,Over
5,talk,53,5,7,VOTE Agent[08]
5,talk,54,6,1,Over
5,talk,55,6,14,Over
5,talk,56,6,9,Over
5,talk,57,6,8,Over
5,talk,58,6,10,Over
5,talk,59,6,7,VOTE Agent[08]
5,talk,60,6,4,VOTE Agent[08]
5,talk,61,6,6,Over
5,talk,62,6,3,VOTE Agent[07]
5,talk,63,7,1,Over
5,talk,64,7,7,VOTE Agent[08]
5,talk,65,7,4,VOTE Agent[09]
5,talk,66,7,10,Over
5,talk,67,7,6,Over
5,talk,68,7,3,VOTE Agent[07]
5,talk,69,7,14,Over
5,talk,70,7,9,Over
5,talk,71,7,8,Over
5,talk,72,8,7,VOTE Agent[09]
5,talk,73,8,10,Over
5,talk,74,8,1,Over
5,talk,75,8,8,Over
5,talk,76,8,4,VOTE Agent[10]
5,talk,77,8,6,Over
5,talk,78,8,3,VOTE Agent[07]
5,talk,79,8,9,Over
5,talk,80,8,14,Over
5,talk,81,9,14,Over
5,talk,82,9,4,Over
5,talk,83,9,6,Over
5,talk,84,9,9,Over
5,talk,85,9,1,Over
5,talk,86,9,8,Over
5,talk,87,9,3,Over
5,talk,88,9,7,Over
5,talk,89,9,10,Over
5,vote,1,7
5,vote,3,7
5,vote,4,8
5,vote,6,4
5,vote,7,10
5,vote,8,4
5,vote,9,4
5,vote,10,7
5,vote,14,4
5,execute,4,WEREWOLF
6,status,1,VILLAGER,ALIVE,sample_py
6,status,2,BODYGUARD,DEAD,OKAMI
6,status,3,POSSESSED,ALIVE,HALU
6,status,4,WEREWOLF,DEAD,HALU
6,status,5,WEREWOLF,DEAD,Tomato5
6,status,6,VILLAGER,ALIVE,TOKU10
6,status,7,VILLAGER,ALIVE,OKAMI
6,status,8,VILLAGER,ALIVE,TOKU11
6,status,9,VILLAGER,ALIVE,TOKU14
6,status,10,VILLAGER,ALIVE,sample_py
6,status,11,WEREWOLF,DEAD,HALU
6,status,12,VILLAGER,DEAD,OKAMI
6,status,13,MEDIUM,DEAD,HALU
6,status,14,VILLAGER,ALIVE,TOKU0
6,status,15,SEER,DEAD,HALU
6,result,8,0,VILLAGER
