0,status,1,VILLAGER,ALIVE,sample_py
0,status,2,VILLAGER,ALIVE,OKAMI
0,status,3,VILLAGER,ALIVE,HALU
0,status,4,POSSESSED,ALIVE,HALU
0,status,5,VILLAGER,ALIVE,Tomato5
0,status,6,SEER,ALIVE,TOKU10
0,status,7,WEREWOLF,ALIVE,OKAMI
0,status,8,VILLAGER,ALIVE,TOKU11
0,status,9,BODYGUARD,ALIVE,TOKU14
0,status,10,VILLAGER,ALIVE,sample_py
0,status,11,MEDIUM,ALIVE,HALU
0,status,12,VILLAGER,ALIVE,OKAMI
0,status,13,VILLAGER,ALIVE,HALU
0,status,14,WEREWOLF,ALIVE,TOKU0
0,status,15,WEREWOLF,ALIVE,HALU
0,whisper,0,0,14,Skip
0,whisper,1,0,15,COMINGOUT Agent[15] MEDIUM
0,whisper,2,0,7,COMINGOUT Agent[07] VILLAGER
0,whisper,3,1,14,Skip
0,whisper,4,1,15,Skip
0,whisper,5,1,7,Skip
0,whisper,6,2,15,Skip
0,whisper,7,2,7,Skip
0,whisper,8,2,14,Over
0,whisper,9,3,15,Over
0,whisper,10,3,7,Over
0,whisper,11,3,14,Over
0,divine,6,9,HUMAN
1,status,1,VILLAGER,ALIVE,sample_py
1,status,2,VILLAGER,ALIVE,OKAMI
1,status,3,VILLAGER,ALIVE,HALU
1,status,4,POSSESSED,ALIVE,HALU
1,status,5,VILLAGER,ALIVE,Tomato5
1,status,6,SEER,ALIVE,TOKU10
1,status,7,WEREWOLF,ALIVE,OKAMI
1,status,8,VILLAGER,ALIVE,TOKU11
1,status,9,BODYGUARD,ALIVE,TOKU14
1,status,10,VILLAGER,ALIVE,sample_py
1,status,11,MEDIUM,ALIVE,HALU
1,status,12,VILLAGER,ALIVE,OKAMI
1,status,13,VILLAGER,ALIVE,HALU
1,status,14,WEREWOLF,ALIVE,TOKU0
1,status,15,WEREWOLF,ALIVE,HALU
1,talk,0,0,7,VOTE Agent[03]
1,talk,1,0,15,COMINGOUT Agent[15] MEDIUM
1,talk,2,0,1,VOTE Agent[07]
1,talk,3,0,10,VOTE Agent[07]
1,talk,4,0,12,VOTE Agent[03]
1,talk,5,0,5,VOTE Agent[07]
1,talk,6,0,6,COMINGOUT Agent[06] SEER
1,talk,7,0,4,COMINGOUT Agent[04] SEER
1,talk,8,0,3,VOTE Agent[05]
1,talk,9,0,8,VOTE Agent[13]
1,talk,10,0,13,VOTE Agent[05]
1,talk,11,0,11,VOTE Agent[05]
1,talk,12,0,2,VOTE Agent[07]
1,talk,13,0,14,VOTE Agent[06]
1,talk,14,0,9,VOTE Agent[06]
1,talk,15,1,11,COMINGOUT Agent[11] MEDIUM
1,talk,16,1,7,VOTE Agent[11]
1,talk,17,1,6,DIVINED Agent[09] HUMAN
1,talk,18,1,4,DIVINED Agent[01] WEREWOLF
1,talk,19,1,8,VOTE Agent[15]
1,talk,20,1,5,Skip
1,talk,21,1,9,VOTE Agent[15]
1,talk,22,1,10,VOTE Agent[01]
1,talk,23,1,12,COMINGOUT Agent[12] VILLAGER
1,talk,24,1,13,VOTE Agent[01]
1,talk,25,1,1,VOTE Agent[04]
1,talk,26,1,3,VOTE Agent[01]
1,talk,27,1,2,COMINGOUT Agent[02] VILLAGER
1,talk,28,1,14,VOTE Agent[11]
1,talk,29,1,15,VOTE Agent[11]
1,talk,30,2,2,VOTE Agent[01]
1,talk,31,2,3,VOTE Agent[01]
1,talk,32,2,4,VOTE Agent[01]
1,talk,33,2,9,Skip
1,talk,34,2,6,VOTE Agent[07]
1,talk,35,2,10,Skip
1,talk,36,2,14,VOTE Agent[03]
1,talk,37,2,7,VOTE Agent[15]
1,talk,38,2,1,Skip
1,talk,39,2,12,VOTE Agent[02]
1,talk,40,2,8,Skip
1,talk,41,2,15,VOTE Agent[11]
1,talk,42,2,13,VOTE Agent[01]
1,talk,43,2,5,VOTE Agent[01]
1,talk,44,2,11,VOTE Agent[15]
1,talk,45,3,8,Skip
1,talk,46,3,15,VOTE Agent[11]
1,talk,47,3,1,Skip
1,talk,48,3,10,Skip
1,talk,49,3,11,VOTE Agent[15]
1,talk,50,3,7,VOTE Agent[15]
1,talk,51,3,5,Skip
1,talk,52,3,14,VOTE Agent[15]
1,talk,53,3,4,VOTE Agent[01]
1,talk,54,3,2,VOTE Agent[01]
1,talk,55,3,12,VOTE Agent[02]
1,talk,56,3,3,VOTE Agent[01]
1,talk,57,3,13,VOTE Agent[01]
1,talk,58,3,9,Skip
1,talk,59,3,6,VOTE Agent[15]
1,talk,60,4,12,VOTE Agent[02]
1,talk,61,4,8,Over
1,talk,62,4,13,VOTE Agent[01]
1,talk,63,4,9,Over
1,talk,64,4,10,Over
1,talk,65,4,14,Skip
1,talk,66,4,2,VOTE Agent[01]
1,talk,67,4,11,VOTE Agent[15]
1,talk,68,4,1,Over
1,talk,69,4,6,VOTE Agent[15]
1,talk,70,4,3,VOTE Agent[01]
1,talk,71,4,7,VOTE Agent[15]
1,talk,72,4,5,VOTE Agent[15]
1,talk,73,4,4,VOTE Agent[11]
1,talk,74,4,15,VOTE Agent[11]
1,talk,75,5,1,Over
1,talk,76,5,10,Over
1,talk,77,5,3,VOTE Agent[01]
1,talk,78,5,12,VOTE Agent[02]
1,talk,79,5,8,Over
1,talk,80,5,15,VOTE Agent[11]
1,talk,81,5,6,VOTE Agent[15]
1,talk,82,5,13,VOTE Agent[01]
1,talk,83,5,14,Skip
1,talk,84,5,5,Skip
1,talk,85,5,7,VOTE Agent[15]
1,talk,86,5,11,VOTE Agent[15]
1,talk,87,5,2,VOTE Agent[01]
1,talk,88,5,9,Over
1,talk,89,5,4,VOTE Agent[11]
1,talk,90,6,4,VOTE Agent[11]
1,talk,91,6,14,Over
1,talk,92,6,8,Over
1,talk,93,6,5,Skip
1,talk,94,6,9,Over
1,talk,95,6,15,VOTE Agent[11]
1,talk,96,6,3,VOTE Agent[01]
1,talk,97,6,7,VOTE Agent[15]
1,talk,98,6,1,Over
1,talk,99,6,13,VOTE Agent[01]
1,talk,100,6,2,VOTE Agent[01]
1,talk,101,6,6,VOTE Agent[15]
1,talk,102,6,12,VOTE Agent[02]
1,talk,103,6,11,VOTE Agent[15]
1,talk,104,6,10,Over
1,talk,105,7,5,Over
1,talk,106,7,15,VOTE Agent[11]
1,talk,107,7,1,Over
1,talk,108,7,8,Over
1,talk,109,7,7,VOTE Agent[15]
1,talk,110,7,9,VOTE Agent[07]
1,talk,111,7,12,VOTE Agent[02]
1,talk,112,7,13,VOTE Agent[01]
1,talk,113,7,3,VOTE Agent[01]
1,talk,114,7,2,VOTE Agent[01]
1,talk,115,7,6,VOTE Agent[15]
1,talk,116,7,4,VOTE Agent[01]
1,talk,117,7,11,VOTE Agent[15]
1,talk,118,7,14,Over
1,talk,119,7,10,Over
1,talk,120,8,6,VOTE Agent[15]
1,talk,121,8,9,Skip
1,talk,122,8,3,VOTE Agent[01]
1,talk,123,8,15,VOTE Agent[11]
1,talk,124,8,7,VOTE Agent[15]
1,talk,125,8,5,Over
1,talk,126,8,4,VOTE Agent[01]
1,talk,127,8,11,VOTE Agent[15]
1,talk,128,8,2,VOTE Agent[01]
1,talk,129,8,14,Over
1,talk,130,8,12,VOTE Agent[02]
1,talk,131,8,13,VOTE Agent[01]
1,talk,132,8,8,Over
1,talk,133,8,10,Over
1,talk,134,8,1,Over
1,talk,135,9,13,Over
1,talk,136,9,11,Over
1,talk,137,9,3,Over
1,talk,138,9,12,Over
1,talk,139,9,4,Over
1,talk,140,9,14,Over
1,talk,141,9,8,Over
1,talk,142,9,1,Over
1,talk,143,9,7,Over
1,talk,144,9,10,Over
1,talk,145,9,2,Over
1,talk,146,9,5,Over
1,talk,147,9,6,VOTE Agent[15]
1,talk,148,9,15,Over
1,talk,149,9,9,Skip
1,talk,150,10,5,VOTE Agent[01]
1,talk,151,10,3,Over
1,talk,152,10,13,Over
1,talk,153,10,12,Over
1,talk,154,10,4,Over
1,talk,155,10,8,Over
1,talk,156,10,2,Over
1,talk,157,10,10,Over
1,talk,158,10,15,Over
1,talk,159,10,14,Over
1,talk,160,10,11,Over
1,talk,161,10,1,Over
1,talk,162,10,6,Over
1,talk,163,10,7,Over
1,talk,164,10,9,Over
1,talk,165,11,14,Over
1,talk,166,11,4,Over
1,talk,167,11,13,Over
1,talk,168,11,12,Over
1,talk,169,11,9,Over
1,talk,170,11,5,VOTE Agent[15]
1,talk,171,11,11,Over
1,talk,172,11,1,Over
1,talk,173,11,10,Over
1,talk,174,11,15,Over
1,talk,175,11,6,Over
1,talk,176,11,8,Over
1,talk,177,11,3,Over
1,talk,178,11,2,Over
1,talk,179,11,7,Over
1,talk,180,12,6,Over
1,talk,181,12,7,Over
1,talk,182,12,4,Over
1,talk,183,12,2,Over
1,talk,184,12,3,Over
1,talk,185,12,15,Over
1,talk,186,12,8,Over
1,talk,187,12,11,Over
1,talk,188,12,12,Over
1,talk,189,12,9,Over
1,talk,190,12,10,Over
1,talk,191,12,14,Over
1,talk,192,12,13,Over
1,talk,193,12,5,VOTE Agent[01]
1,talk,194,12,1,Over
1,talk,195,13,9,Over
1,talk,196,13,8,Over
1,talk,197,13,6,Over
1,talk,198,13,4,Over
1,talk,199,13,11,Over
1,talk,200,13,7,Over
1,talk,201,13,14,Over
1,talk,202,13,12,Over
1,talk,203,13,13,Over
1,talk,204,13,15,Over
1,talk,205,13,5,VOTE Agent[15]
1,talk,206,13,1,Over
1,talk,207,13,3,Over
1,talk,208,13,10,Over
1,talk,209,13,2,Over
1,talk,210,14,6,Over
1,talk,211,14,3,Over
1,talk,212,14,13,Over
1,talk,213,14,1,Over
1,talk,214,14,11,Over
1,talk,215,14,8,Over
1,talk,216,14,14,Over
1,talk,217,14,2,Over
1,talk,218,14,5,Skip
1,talk,219,14,12,Over
1,talk,220,14,15,Over
1,talk,221,14,4,Over
1,talk,222,14,10,Over
1,talk,223,14,9,Over
1,talk,224,14,7,Over
1,talk,225,15,10,Over
1,talk,226,15,3,Over
1,talk,227,15,13,Over
1,talk,228,15,8,Over
1,talk,229,15,14,Over
1,talk,230,15,7,Over
1,talk,231,15,11,Over
1,talk,232,15,9,Over
1,talk,233,15,6,Over
1,talk,234,15,15,Over
1,talk,235,15,4,Over
1,talk,236,15,5,VOTE Agent[01]
1,talk,237,15,1,Over
1,talk,238,15,12,Over
1,talk,239,15,2,Over
1,talk,240,16,12,Over
1,talk,241,16,13,Over
1,talk,242,16,10,Over
1,talk,243,16,4,Over
1,talk,244,16,5,Skip
1,talk,245,16,7,Over
1,talk,246,16,11,Over
1,talk,247,16,9,Over
1,talk,248,16,8,Over
1,talk,249,16,3,Over
1,talk,250,16,15,Over
1,talk,251,16,6,Over
1,talk,252,16,2,Over
1,talk,253,16,14,Over
1,talk,254,16,1,Over
1,talk,255,17,15,Over
1,talk,256,17,2,Over
1,talk,257,17,7,Over
1,talk,258,17,3,Over
1,talk,259,17,8,Over
1,talk,260,17,13,Over
1,talk,261,17,6,Over
1,talk,262,17,9,Over
1,talk,263,17,14,Over
1,talk,264,17,4,Over
1,talk,265,17,10,Over
1,talk,266,17,1,Over
1,talk,267,17,12,Over
1,talk,268,17,11,Over
1,talk,269,17,5,VOTE Agent[15]
1,talk,270,18,13,Over
1,talk,271,18,10,Over
1,talk,272,18,7,Over
1,talk,273,18,2,Over
1,talk,274,18,4,Over
1,talk,275,18,12,Over
1,talk,276,18,1,Over
1,talk,277,18,15,Over
1,talk,278,18,9,Over
1,talk,279,18,8,Over
1,talk,280,18,14,Over
1,talk,281,18,3,Over
1,talk,282,18,11,Over
1,talk,283,18,6,Over
1,talk,284,18,5,VOTE Agent[01]
1,talk,285,19,2,Over
1,talk,286,19,14,Over
1,talk,287,19,4,Over
1,talk,288,19,15,Over
1,talk,289,19,12,Over
1,talk,290,19,8,Over
1,talk,291,19,1,Over
1,talk,292,19,7,Over
1,talk,293,19,9,Over
1,talk,294,19,5,Over
1,talk,295,19,3,Over
1,talk,296,19,10,Over
1,talk,297,19,13,Over
1,talk,298,19,11,Over
1,talk,299,19,6,Over
1,vote,1,4
1,vote,2,1
1,vote,3,1
1,vote,4,1
1,vote,5,1
1,vote,6,15
1,vote,7,15
1,vote,8,15
1,vote,9,7
1,vote,10,1
1,vote,11,15
1,vote,12,2
1,vote,13,1
1,vote,14,15
1,vote,15,11
1,execute,1,VILLAGER
1,divine,6,15,WEREWOLF
1,whisper,0,0,15,ATTACK Agent[06]
1,whisper,1,0,7,ATTACK Agent[06]
1,whisper,2,0,14,Skip
1,whisper,3,1,15,Skip
1,whisper,4,1,7,Skip
1,whisper,5,1,14,Skip
1,whisper,6,2,14,Over
1,whisper,7,2,7,Skip
1,whisper,8,2,15,Skip
1,whisper,9,3,7,Over
1,whisper,10,3,15,Over
1,whisper,11,3,14,Over
1,guard,9,6,SEER
1,attackVote,7,6
1,attackVote,14,6
1,attackVote,15,6
1,attack,6,false
2,status,1,VILLAGER,DEAD,sample_py
2,status,2,VILLAGER,ALIVE,OKAMI
2,status,3,VILLAGER,ALIVE,HALU
2,status,4,POSSESSED,ALIVE,HALU
2,status,5,VILLAGER,ALIVE,Tomato5
2,status,6,SEER,ALIVE,TOKU10
2,status,7,WEREWOLF,ALIVE,OKAMI
2,status,8,VILLAGER,ALIVE,TOKU11
2,status,9,BODYGUARD,ALIVE,TOKU14
2,status,10,VILLAGER,ALIVE,sample_py
2,status,11,MEDIUM,ALIVE,HALU
2,status,12,VILLAGER,ALIVE,OKAMI
2,status,13,VILLAGER,ALIVE,HALU
2,status,14,WEREWOLF,ALIVE,TOKU0
2,status,15,WEREWOLF,ALIVE,HALU
2,talk,0,0,2,VOTE Agent[07]
2,talk,1,0,10,VOTE Agent[13]
2,talk,2,0,6,DIVINED Agent[15] WEREWOLF
2,talk,3,0,5,VOTE Agent[13]
2,talk,4,0,9,VOTE Agent[07]
2,talk,5,0,11,IDENTIFIED Agent[01] HUMAN
2,talk,6,0,13,VOTE Agent[15]
2,talk,7,0,12,VOTE Agent[02]
2,talk,8,0,14,VOTE Agent[15]
2,talk,9,0,3,VOTE Agent[15]
2,talk,10,0,7,VOTE Agent[15]
2,talk,11,0,8,VOTE Agent[15]
2,talk,12,0,4,DIVINED Agent[09] WEREWOLF
2,talk,13,0,15,IDENTIFIED Agent[01] WEREWOLF
2,talk,14,1,15,VOTE Agent[11]
2,talk,15,1,7,VOTE Agent[15]
2,talk,16,1,9,VOTE Agent[11]
2,talk,17,1,11,VOTE Agent[15]
2,talk,18,1,3,VOTE Agent[09]
2,talk,19,1,2,COMINGOUT Agent[02] VILLAGER
2,talk,20,1,13,VOTE Agent[09]
2,talk,21,1,4,VOTE Agent[09]
2,talk,22,1,6,VOTE Agent[15]
2,talk,23,1,5,VOTE Agent[15]
2,talk,24,1,8,VOTE Agent[11]
2,talk,25,1,10,VOTE Agent[15]
2,talk,26,1,12,COMINGOUT Agent[12] VILLAGER
2,talk,27,1,14,VOTE Agent[11]
2,talk,28,2,11,VOTE Agent[15]
2,talk,29,2,10,Skip
2,talk,30,2,14,Skip
2,talk,31,2,5,VOTE Agent[11]
2,talk,32,2,9,Skip
2,talk,33,2,13,VOTE Agent[09]
2,talk,34,2,15,VOTE Agent[11]
2,talk,35,2,7,VOTE Agent[11]
2,talk,36,2,4,VOTE Agent[11]
2,talk,37,2,2,VOTE Agent[09]
2,talk,38,2,3,VOTE Agent[09]
2,talk,39,2,6,VOTE Agent[15]
2,talk,40,2,8,Skip
2,talk,41,2,12,VOTE Agent[02]
2,talk,42,3,7,VOTE Agent[11]
2,talk,43,3,13,VOTE Agent[09]
2,talk,44,3,10,Skip
2,talk,45,3,15,VOTE Agent[11]
2,talk,46,3,12,VOTE Agent[02]
2,talk,47,3,6,VOTE Agent[15]
2,talk,48,3,11,VOTE Agent[15]
2,talk,49,3,5,Skip
2,talk,50,3,9,Skip
2,talk,51,3,2,VOTE Agent[09]
2,talk,52,3,8,Skip
2,talk,53,3,4,VOTE Agent[15]
2,talk,54,3,3,VOTE Agent[15]
2,talk,55,3,14,Skip
2,talk,56,4,11,VOTE Agent[15]
2,talk,57,4,6,VOTE Agent[15]
2,talk,58,4,8,Over
2,talk,59,4,4,VOTE Agent[15]
2,talk,60,4,2,VOTE Agent[09]
2,talk,61,4,14,Over
2,talk,62,4,15,VOTE Agent[11]
2,talk,63,4,3,VOTE Agent[09]
2,talk,64,4,13,VOTE Agent[15]
2,talk,65,4,9,Over
2,talk,66,4,7,VOTE Agent[11]
2,talk,67,4,12,VOTE Agent[02]
2,talk,68,4,10,Over
2,talk,69,4,5,VOTE Agent[15]
2,talk,70,5,11,VOTE Agent[15]
2,talk,71,5,8,Over
2,talk,72,5,3,VOTE Agent[09]
2,talk,73,5,13,VOTE Agent[09]
2,talk,74,5,14,Over
2,talk,75,5,6,VOTE Agent[15]
2,talk,76,5,2,VOTE Agent[09]
2,talk,77,5,7,VOTE Agent[15]
2,talk,78,5,15,VOTE Agent[11]
2,talk,79,5,4,VOTE Agent[15]
2,talk,80,5,5,Skip
2,talk,81,5,10,Over
2,talk,82,5,12,VOTE Agent[02]
2,talk,83,5,9,Over
2,talk,84,6,12,VOTE Agent[02]
2,talk,85,6,14,Over
2,talk,86,6,2,VOTE Agent[09]
2,talk,87,6,8,Over
2,talk,88,6,11,VOTE Agent[15]
2,talk,89,6,5,Skip
2,talk,90,6,4,VOTE Agent[11]
2,talk,91,6,3,VOTE Agent[09]
2,talk,92,6,9,Over
2,talk,93,6,10,Over
2,talk,94,6,6,VOTE Agent[15]
2,talk,95,6,7,VOTE Agent[11]
2,talk,96,6,15,VOTE Agent[11]
2,talk,97,6,13,VOTE Agent[15]
2,talk,98,7,9,Over
2,talk,99,7,6,VOTE Agent[15]
2,talk,100,7,11,VOTE Agent[15]
2,talk,101,7,5,VOTE Agent[11]
2,talk,102,7,3,VOTE Agent[09]
2,talk,103,7,8,Over
2,talk,104,7,10,Over
2,talk,105,7,7,VOTE Agent[11]
2,talk,106,7,2,VOTE Agent[09]
2,talk,107,7,4,VOTE Agent[11]
2,talk,108,7,13,VOTE Agent[09]
2,talk,109,7,14,Over
2,talk,110,7,12,VOTE Agent[02]
2,talk,111,7,15,VOTE Agent[11]
2,talk,112,8,4,VOTE Agent[15]
2,talk,113,8,8,Over
2,talk,114,8,15,VOTE Agent[11]
2,talk,115,8,7,VOTE Agent[11]
2,talk,116,8,5,Skip
2,talk,117,8,3,VOTE Agent[09]
2,talk,118,8,10,Over
2,talk,119,8,11,VOTE Agent[15]
2,talk,120,8,2,VOTE Agent[09]
2,talk,121,8,13,VOTE Agent[09]
2,talk,122,8,14,Over
2,talk,123,8,9,Over
2,talk,124,8,6,VOTE Agent[15]
2,talk,125,8,12,VOTE Agent[02]
2,talk,126,9,11,Over
2,talk,127,9,12,Over
2,talk,128,9,5,Skip
2,talk,129,9,2,Over
2,talk,130,9,4,Over
2,talk,131,9,14,Over
2,talk,132,9,3,Over
2,talk,133,9,15,Over
2,talk,134,9,6,VOTE Agent[15]
2,talk,135,9,13,Over
2,talk,136,9,7,Over
2,talk,137,9,8,Over
2,talk,138,9,9,Over
2,talk,139,9,10,Over
2,talk,140,10,4,Over
2,talk,141,10,15,Over
2,talk,142,10,9,Over
2,talk,143,10,2,Over
2,talk,144,10,13,Over
2,talk,145,10,5,Over
2,talk,146,10,10,Over
2,talk,147,10,6,Over
2,talk,148,10,7,Over
2,talk,149,10,12,Over
2,talk,150,10,8,Over
2,talk,151,10,3,Over
2,talk,152,10,14,Over
2,talk,153,10,11,Over
2,vote,2,9
2,vote,3,9
2,vote,4,6
2,vote,5,11
2,vote,6,15
2,vote,7,11
2,vote,8,11
2,vote,9,11
2,vote,10,15
2,vote,11,15
2,vote,12,2
2,vote,13,9
2,vote,14,11
2,vote,15,11
2,execute,11,MEDIUM
2,divine,6,7,WEREWOLF
2,whisper,0,0,14,Skip
2,whisper,1,0,15,ATTACK Agent[06]
2,whisper,2,0,7,ATTACK Agent[11]
2,whisper,3,1,15,Skip
2,whisper,4,1,14,Skip
2,whisper,5,1,7,Skip
2,whisper,6,2,15,Skip
2,whisper,7,2,14,Over
2,whisper,8,2,7,Skip
2,whisper,9,3,15,Over
2,whisper,10,3,14,Over
2,whisper,11,3,7,Over
2,guard,9,6,SEER
2,attackVote,14,6
2,attackVote,15,6
2,attack,6,false
3,status,1,VILLAGER,DEAD,sample_py
3,status,2,VILLAGER,ALIVE,OKAMI
3,status,3,VILLAGER,ALIVE,HALU
3,status,4,POSSESSED,ALIVE,HALU
3,status,5,VILLAGER,ALIVE,Tomato5
3,status,6,SEER,ALIVE,TOKU10
3,status,7,WEREWOLF,ALIVE,OKAMI
3,status,8,VILLAGER,ALIVE,TOKU11
3,status,9,BODYGUARD,ALIVE,TOKU14
3,status,10,VILLAGER,ALIVE,sample_py
3,status,11,MEDIUM,DEAD,HALU
3,status,12,VILLAGER,ALIVE,OKAMI
3,status,13,VILLAGER,ALIVE,HALU
3,status,14,WEREWOLF,ALIVE,TOKU0
3,status,15,WEREWOLF,ALIVE,HALU
3,talk,0,0,5,VOTE Agent[04]
3,talk,1,0,8,VOTE Agent[07]
3,talk,2,0,10,VOTE Agent[15]
3,talk,3,0,4,DIVINED Agent[03] HUMAN
3,talk,4,0,12,VOTE Agent[02]
3,talk,5,0,3,VOTE Agent[15]
3,talk,6,0,14,VOTE Agent[08]
3,talk,7,0,9,VOTE Agent[07]
3,talk,8,0,7,VOTE Agent[15]
3,talk,9,0,15,IDENTIFIED Agent[11] WEREWOLF
3,talk,10,0,2,VOTE Agent[15]
3,talk,11,0,6,DIVINED Agent[07] WEREWOLF
3,talk,12,0,13,VOTE Agent[09]
3,talk,13,1,8,Skip
3,talk,14,1,5,Skip
3,talk,15,1,15,VOTE Agent[09]
3,talk,16,1,7,VOTE Agent[15]
3,talk,17,1,3,VOTE Agent[15]
3,talk,18,1,6,VOTE Agent[07]
3,talk,19,1,4,VOTE Agent[06]
3,talk,20,1,9,Skip
3,talk,21,1,12,COMINGOUT Agent[12] VILLAGER
3,talk,22,1,13,VOTE Agent[15]
3,talk,23,1,10,Skip
3,talk,24,1,14,Skip
3,talk,25,1,2,COMINGOUT Agent[02] VILLAGER
3,talk,26,2,5,Skip
3,talk,27,2,6,VOTE Agent[07]
3,talk,28,2,12,VOTE Agent[02]
3,talk,29,2,15,VOTE Agent[09]
3,talk,30,2,13,VOTE Agent[15]
3,talk,31,2,14,VOTE Agent[03]
3,talk,32,2,7,VOTE Agent[15]
3,talk,33,2,3,VOTE Agent[15]
3,talk,34,2,4,VOTE Agent[09]
3,talk,35,2,8,Skip
3,talk,36,2,10,Skip
3,talk,37,2,9,Skip
3,talk,38,2,2,VOTE Agent[07]
3,talk,39,3,3,VOTE Agent[15]
3,talk,40,3,7,VOTE Agent[15]
3,talk,41,3,9,Over
3,talk,42,3,13,VOTE Agent[07]
3,talk,43,3,4,VOTE Agent[09]
3,talk,44,3,6,VOTE Agent[07]
3,talk,45,3,12,VOTE Agent[02]
3,talk,46,3,10,Over
3,talk,47,3,5,Over
3,talk,48,3,8,Over
3,talk,49,3,14,VOTE Agent[07]
3,talk,50,3,15,VOTE Agent[09]
3,talk,51,3,2,VOTE Agent[15]
3,talk,52,4,6,VOTE Agent[07]
3,talk,53,4,8,Over
3,talk,54,4,5,Over
3,talk,55,4,9,Over
3,talk,56,4,13,VOTE Agent[15]
3,talk,57,4,2,VOTE Agent[15]
3,talk,58,4,3,VOTE Agent[15]
3,talk,59,4,15,VOTE Agent[09]
3,talk,60,4,12,VOTE Agent[02]
3,talk,61,4,7,VOTE Agent[15]
3,talk,62,4,10,Over
3,talk,63,4,14,Skip
3,talk,64,4,4,VOTE Agent[09]
3,talk,65,5,15,VOTE Agent[09]
3,talk,66,5,12,VOTE Agent[02]
3,talk,67,5,3,VOTE Agent[15]
3,talk,68,5,7,VOTE Agent[15]
3,talk,69,5,13,VOTE Agent[07]
3,talk,70,5,9,Over
3,talk,71,5,14,Skip
3,talk,72,5,8,Over
3,talk,73,5,2,VOTE Agent[15]
3,talk,74,5,4,VOTE Agent[09]
3,talk,75,5,5,Over
3,talk,76,5,6,VOTE Agent[07]
3,talk,77,5,10,Over
3,talk,78,6,15,VOTE Agent[09]
3,talk,79,6,5,Over
3,talk,80,6,10,Over
3,talk,81,6,3,VOTE Agent[15]
3,talk,82,6,6,VOTE Agent[07]
3,talk,83,6,13,VOTE Agent[15]
3,talk,84,6,4,VOTE Agent[09]
3,talk,85,6,7,VOTE Agent[15]
3,talk,86,6,12,VOTE Agent[02]
3,talk,87,6,2,VOTE Agent[07]
3,talk,88,6,14,Over
3,talk,89,6,9,Over
3,talk,90,6,8,Over
3,talk,91,7,14,Over
3,talk,92,7,9,Over
3,talk,93,7,4,VOTE Agent[09]
3,talk,94,7,15,VOTE Agent[09]
3,talk,95,7,5,Over
3,talk,96,7,3,VOTE Agent[07]
3,talk,97,7,12,VOTE Agent[02]
3,talk,98,7,8,Over
3,talk,99,7,10,Over
3,talk,100,7,7,VOTE Agent[15]
3,talk,101,7,2,VOTE Agent[15]
3,talk,102,7,6,VOTE Agent[07]
3,talk,103,7,13,VOTE Agent[15]
3,talk,104,8,5,Over
3,talk,105,8,8,Over
3,talk,106,8,12,VOTE Agent[02]
3,talk,107,8,4,VOTE Agent[09]
3,talk,108,8,10,Over
3,talk,109,8,15,VOTE Agent[09]
3,talk,110,8,13,VOTE Agent[15]
3,talk,111,8,6,VOTE Agent[07]
3,talk,112,8,3,VOTE Agent[15]
3,talk,113,8,9,Over
3,talk,114,8,7,VOTE Agent[15]
3,talk,115,8,2,VOTE Agent[15]
3,talk,116,8,14,Over
3,talk,117,9,13,Over
3,talk,118,9,4,Over
3,talk,119,9,6,VOTE Agent[07]
3,talk,120,9,8,Over
3,talk,121,9,14,Over
3,talk,122,9,5,Over
3,talk,123,9,9,Over
3,talk,124,9,10,Over
3,talk,125,9,3,Over
3,talk,126,9,7,Over
3,talk,127,9,12,Over
3,talk,128,9,2,Over
3,talk,129,9,15,Over
3,talk,130,10,7,Over
3,talk,131,10,12,Over
3,talk,132,10,2,Over
3,talk,133,10,14,Over
3,talk,134,10,15,Over
3,talk,135,10,4,Over
3,talk,136,10,9,Over
3,talk,137,10,13,Over
3,talk,138,10,8,Over
3,talk,139,10,6,Over
3,talk,140,10,10,Over
3,talk,141,10,5,Over
3,talk,142,10,3,Over
3,vote,2,7
3,vote,3,15
3,vote,4,9
3,vote,5,4
3,vote,6,7
3,vote,7,15
3,vote,8,7
3,vote,9,7
3,vote,10,15
3,vote,12,2
3,vote,13,15
3,vote,14,7
3,vote,15,9
3,execute,7,WEREWOLF
3,divine,6,14,WEREWOLF
3,whisper,0,0,15,ATTACK Agent[06]
3,whisper,1,0,14,Skip
3,whisper,2,1,15,Skip
3,whisper,3,1,14,Skip
3,whisper,4,2,14,Over
3,whisper,5,2,15,Skip
3,whisper,6,3,14,Over
3,whisper,7,3,15,Over
3,guard,9,6,SEER
3,attackVote,14,6
3,attackVote,15,6
3,attack,6,false
4,status,1,VILLAGER,DEAD,sample_py
4,status,2,VILLAGER,ALIVE,OKAMI
4,status,3,VILLAGER,ALIVE,HALU
4,status,4,POSSESSED,ALIVE,HALU
4,status,5,VILLAGER,ALIVE,Tomato5
4,status,6,SEER,ALIVE,TOKU10
4,status,7,WEREWOLF,DEAD,OKAMI
4,status,8,VILLAGER,ALIVE,TOKU11
4,status,9,BODYGUARD,ALIVE,TOKU14
4,status,10,VILLAGER,ALIVE,sample_py
4,status,11,MEDIUM,DEAD,HALU
4,status,12,VILLAGER,ALIVE,OKAMI
4,status,13,VILLAGER,ALIVE,HALU
4,status,14,WEREWOLF,ALIVE,TOKU0
4,status,15,WEREWOLF,ALIVE,HALU
4,talk,0,0,9,VOTE Agent[14]
4,talk,1,0,5,VOTE Agent[04]
4,talk,2,0,15,IDENTIFIED Agent[07] WEREWOLF
4,talk,3,0,8,VOTE Agent[14]
4,talk,4,0,14,VOTE Agent[03]
4,talk,5,0,2,VOTE Agent[09]
4,talk,6,0,10,VOTE Agent[09]
4,talk,7,0,4,DIVINED Agent[14] HUMAN
4,talk,8,0,13,VOTE Agent[09]
4,talk,9,0,3,VOTE Agent[15]
4,talk,10,0,12,VOTE Agent[02]
4,talk,11,0,6,DIVINED Agent[14] WEREWOLF
4,talk,12,1,12,COMINGOUT Agent[12] VILLAGER
4,talk,13,1,6,VOTE Agent[14]
4,talk,14,1,10,Skip
4,talk,15,1,13,VOTE Agent[14]
4,talk,16,1,3,VOTE Agent[15]
4,talk,17,1,14,Skip
4,talk,18,1,5,Skip
4,talk,19,1,4,VOTE Agent[09]
4,talk,20,1,2,COMINGOUT Agent[02] VILLAGER
4,talk,21,1,9,Skip
4,talk,22,1,8,VOTE Agent[03]
4,talk,23,1,15,VOTE Agent[09]
4,talk,24,2,10,Skip
4,talk,25,2,5,Skip
4,talk,26,2,13,VOTE Agent[15]
4,talk,27,2,14,VOTE Agent[08]
4,talk,28,2,6,VOTE Agent[14]
4,talk,29,2,3,VOTE Agent[14]
4,talk,30,2,12,VOTE Agent[02]
4,talk,31,2,15,VOTE Agent[09]
4,talk,32,2,8,VOTE Agent[14]
4,talk,33,2,2,VOTE Agent[09]
4,talk,34,2,9,VOTE Agent[08]
4,talk,35,2,4,VOTE Agent[09]
4,talk,36,3,12,VOTE Agent[02]
4,talk,37,3,14,Skip
4,talk,38,3,9,Skip
4,talk,39,3,13,VOTE Agent[09]
4,talk,40,3,4,VOTE Agent[09]
4,talk,41,3,2,VOTE Agent[14]
4,talk,42,3,5,Over
4,talk,43,3,3,VOTE Agent[09]
4,talk,44,3,8,Skip
4,talk,45,3,6,VOTE Agent[14]
4,talk,46,3,10,Over
4,talk,47,3,15,VOTE Agent[09]
4,talk,48,4,10,Over
4,talk,49,4,5,Over
4,talk,50,4,2,VOTE Agent[14]
4,talk,51,4,12,VOTE Agent[02]
4,talk,52,4,8,Skip
4,talk,53,4,4,VOTE Agent[15]
4,talk,54,4,13,VOTE Agent[15]
4,talk,55,4,14,Skip
4,talk,56,4,15,VOTE Agent[09]
4,talk,57,4,6,VOTE Agent[14]
4,talk,58,4,9,Skip
4,talk,59,4,3,VOTE Agent[15]
4,talk,60,5,4,VOTE Agent[15]
4,talk,61,5,15,VOTE Agent[09]
4,talk,62,5,9,Over
4,talk,63,5,3,VOTE Agent[15]
4,talk,64,5,13,VOTE Agent[15]
4,talk,65,5,2,VOTE Agent[14]
4,talk,66,5,14,Over
4,talk,67,5,6,VOTE Agent[14]
4,talk,68,5,12,VOTE Agent[02]
4,talk,69,5,10,Over
4,talk,70,5,8,Over
4,talk,71,5,5,Over
4,talk,72,6,10,Over
4,talk,73,6,5,Over
4,talk,74,6,15,VOTE Agent[09]
4,talk,75,6,2,VOTE Agent[14]
4,talk,76,6,6,VOTE Agent[14]
4,talk,77,6,9,Over
4,talk,78,6,8,Over
4,talk,79,6,4,VOTE Agent[06]
4,talk,80,6,3,VOTE Agent[15]
4,talk,81,6,13,VOTE Agent[09]
4,talk,82,6,14,Over
4,talk,83,6,12,VOTE Agent[02]
4,talk,84,7,2,VOTE Agent[14]
4,talk,85,7,6,VOTE Agent[14]
4,talk,86,7,13,VOTE Agent[09]
4,talk,87,7,9,Over
4,talk,88,7,15,VOTE Agent[09]
4,talk,89,7,5,Over
4,talk,90,7,8,Over
4,talk,91,7,4,VOTE Agent[15]
4,talk,92,7,10,Over
4,talk,93,7,3,VOTE Agent[15]
4,talk,94,7,14,Over
4,talk,95,7,12,VOTE Agent[02]
4,talk,96,8,2,VOTE Agent[14]
4,talk,97,8,6,VOTE Agent[14]
4,talk,98,8,10,Over
4,talk,99,8,9,Over
4,talk,100,8,4,VOTE Agent[06]
4,talk,101,8,14,Over
4,talk,102,8,13,VOTE Agent[15]
4,talk,103,8,3,VOTE Agent[09]
4,talk,104,8,5,Over
4,talk,105,8,8,Over
4,talk,106,8,15,VOTE Agent[09]
4,talk,107,8,12,VOTE Agent[02]
4,talk,108,9,6,VOTE Agent[14]
4,talk,109,9,12,Over
4,talk,110,9,3,Over
4,talk,111,9,10,Over
4,talk,112,9,14,Over
4,talk,113,9,9,Over
4,talk,114,9,2,Over
4,talk,115,9,8,Over
4,talk,116,9,13,Over
4,talk,117,9,5,Over
4,talk,118,9,15,Over
4,talk,119,9,4,Over
4,talk,120,10,8,Over
4,talk,121,10,10,Over
4,talk,122,10,13,Over
4,talk,123,10,4,Over
4,talk,124,10,2,Over
4,talk,125,10,3,Over
4,talk,126,10,12,Over
4,talk,127,10,15,Over
4,talk,128,10,9,Over
4,talk,129,10,14,Over
4,talk,130,10,5,Over
4,talk,131,10,6,Over
4,vote,2,14
4,vote,3,15
4,vote,4,15
4,vote,5,4
4,vote,6,14
4,vote,8,14
4,vote,9,8
4,vote,10,9
4,vote,12,2
4,vote,13,9
4,vote,14,8
4,vote,15,9
4,vote,2,14
4,vote,3,9
4,vote,4,6
4,vote,5,4
4,vote,6,14
4,vote,8,14
4,vote,9,8
4,vote,10,9
4,vote,12,2
4,vote,13,15
4,vote,14,8
4,vote,15,9
4,execute,9,BODYGUARD
4,divine,6,8,HUMAN
4,whisper,0,0,15,ATTACK Agent[06]
4,whisper,1,0,14,Skip
4,whisper,2,1,14,Skip
4,whisper,3,1,15,Skip
4,whisper,4,2,14,Over
4,whisper,5,2,15,Skip
4,whisper,6,3,14,Over
4,whisper,7,3,15,Over
4,attackVote,14,6
4,attackVote,15,6
4,attack,6,true
5,status,1,VILLAGER,DEAD,sample_py
5,status,2,VILLAGER,ALIVE,OKAMI
5,status,3,VILLAGER,ALIVE,HALU
5,status,4,POSSESSED,ALIVE,HALU
5,status,5,VILLAGER,ALIVE,Tomato5
5,status,6,SEER,DEAD,TOKU10
5,status,7,WEREWOLF,DEAD,OKAMI
5,status,8,VILLAGER,ALIVE,TOKU11
5,status,9,BODYGUARD,DEAD,TOKU14
5,status,10,VILLAGER,ALIVE,sample_py
5,status,11,MEDIUM,DEAD,HALU
5,status,12,VILLAGER,ALIVE,OKAMI
5,status,13,VILLAGER,ALIVE,HALU
5,status,14,WEREWOLF,ALIVE,TOKU0
5,status,15,WEREWOLF,ALIVE,HALU
5,talk,0,0,15,IDENTIFIED Agent[09] WEREWOLF
5,talk,1,0,2,VOTE Agent[15]
5,talk,2,0,4,DIVINED Agent[05] WEREWOLF
5,talk,3,0,5,VOTE Agent[04]
5,talk,4,0,3,VOTE Agent[05]
5,talk,5,0,8,VOTE Agent[14]
5,talk,6,0,13,VOTE Agent[05]
5,talk,7,0,10,VOTE Agent[05]
5,talk,8,0,12,VOTE Agent[02]
5,talk,9,0,14,VOTE Agent[08]
5,talk,10,1,5,Skip
5,talk,11,1,13,VOTE Agent[14]
5,talk,12,1,2,COMINGOUT Agent[02] VILLAGER
5,talk,13,1,8,Skip
5,talk,14,1,15,VOTE Agent[05]
5,talk,15,1,14,Skip
5,talk,16,1,3,VOTE Agent[14]
5,talk,17,1,10,Skip
5,talk,18,1,12,COMINGOUT Agent[12] VILLAGER
5,talk,19,1,4,VOTE Agent[15]
5,talk,20,2,10,Skip
5,talk,21,2,4,VOTE Agent[15]
5,talk,22,2,8,Skip
5,talk,23,2,2,VOTE Agent[05]
5,talk,24,2,3,VOTE Agent[14]
5,talk,25,2,13,VOTE Agent[14]
5,talk,26,2,14,Skip
5,talk,27,2,5,Skip
5,talk,28,2,15,VOTE Agent[05]
5,talk,29,2,12,VOTE Agent[02]
5,talk,30,3,13,VOTE Agent[05]
5,talk,31,3,8,Over
5,talk,32,3,3,VOTE Agent[14]
5,talk,33,3,5,Over
5,talk,34,3,2,VOTE Agent[14]
5,talk,35,3,12,VOTE Agent[02]
5,talk,36,3,14,Over
5,talk,37,3,4,VOTE Agent[05]
5,talk,38,3,15,VOTE Agent[05]
5,talk,39,3,10,Over
5,talk,40,4,13,VOTE Agent[15]
5,talk,41,4,10,Over
5,talk,42,4,15,VOTE Agent[05]
5,talk,43,4,3,VOTE Agent[15]
5,talk,44,4,5,Over
5,talk,45,4,4,VOTE Agent[15]
5,talk,46,4,14,Over
5,talk,47,4,2,VOTE Agent[05]
5,talk,48,4,12,VOTE Agent[02]
5,talk,49,4,8,Over
5,talk,50,5,14,Over
5,talk,51,5,8,Over
5,talk,52,5,5,Over
5,talk,53,5,12,VOTE Agent[02]
5,talk,54,5,3,VOTE Agent[05]
5,talk,55,5,2,VOTE Agent[15]
5,talk,56,5,4,VOTE Agent[05]
5,talk,57,5,13,VOTE Agent[05]
5,talk,58,5,15,VOTE Agent[05]
5,talk,59,5,10,Over
5,talk,60,6,10,Over
5,talk,61,6,5,Over
5,talk,62,6,8,Over
5,talk,63,6,12,VOTE Agent[02]
5,talk,64,6,3,VOTE Agent[14]
5,talk,65,6,4,VOTE Agent[15]
5,talk,66,6,2,VOTE Agent[14]
5,talk,67,6,14,Over
5,talk,68,6,13,VOTE Agent[14]
5,talk,69,6,15,VOTE Agent[05]
5,talk,70,7,14,Over
5,talk,71,7,2,VOTE Agent[05]
5,talk,72,7,3,VOTE Agent[14]
5,talk,73,7,15,VOTE Agent[05]
5,talk,74,7,8,Over
5,talk,75,7,13,VOTE Agent[05]
5,talk,76,7,5,Over
5,talk,77,7,4,VOTE Agent[05]
5,talk,78,7,10,Over
5,talk,79,7,12,VOTE Agent[02]
5,talk,80,8,13,VOTE Agent[05]
5,talk,81,8,10,Over
5,talk,82,8,15,VOTE Agent[05]
5,talk,83,8,8,Over
5,talk,84,8,12,VOTE Agent[02]
5,talk,85,8,14,VOTE Agent[05]
5,talk,86,8,5,Over
5,talk,87,8,3,VOTE Agent[05]
5,talk,88,8,2,VOTE Agent[14]
5,talk,89,8,4,VOTE Agent[05]
5,talk,90,9,3,Over
5,talk,91,9,10,Over
5,talk,92,9,4,Over
5,talk,93,9,13,Over
5,talk,94,9,8,Over
5,talk,95,9,12,Over
5,talk,96,9,5,Over
5,talk,97,9,14,Skip
5,talk,98,9,2,Over
5,talk,99,9,15,Over
5,talk,100,10,12,Over
5,talk,101,10,3,Over
5,talk,102,10,14,Skip
5,talk,103,10,8,Over
5,talk,104,10,13,Over
5,talk,105,10,10,Over
5,talk,106,10,15,Over
5,talk,107,10,4,Over
5,talk,108,10,2,Over
5,talk,109,10,5,Over
5,talk,110,11,13,Over
5,talk,111,11,4,Over
5,talk,112,11,5,Over
5,talk,113,11,3,Over
5,talk,114,11,8,Over
5,talk,115,11,15,Over
5,talk,116,11,10,Over
5,talk,117,11,12,Over
5,talk,118,11,14,Over
5,talk,119,11,2,Over
5,vote,2,14
5,vote,3,5
5,vote,4,5
5,vote,5,4
5,vote,8,5
5,vote,10,5
5,vote,12,2
5,vote,13,14
5,vote,14,5
5,vote,15,5
5,execute,5,VILLAGER
5,whisper,0,0,14,Skip
5,whisper,1,0,15,ATTACK Agent[03]
5,whisper,2,1,14,Skip
5,whisper,3,1,15,Skip
5,whisper,4,2,14,Over
5,whisper,5,2,15,Skip
5,whisper,6,3,15,Over
5,whisper,7,3,14,Over
5,attackVote,14,4
5,attackVote,15,2
5,attackVote,14,4
5,attackVote,15,8
5,attack,8,true
6,status,1,VILLAGER,DEAD,sample_py
6,status,2,VILLAGER,ALIVE,OKAMI
6,status,3,VILLAGER,ALIVE,HALU
6,status,4,POSSESSED,ALIVE,HALU
6,status,5,VILLAGER,DEAD,Tomato5
6,status,6,SEER,DEAD,TOKU10
6,status,7,WEREWOLF,DEAD,OKAMI
6,status,8,VILLAGER,DEAD,TOKU11
6,status,9,BODYGUARD,DEAD,TOKU14
6,status,10,VILLAGER,ALIVE,sample_py
6,status,11,MEDIUM,DEAD,HALU
6,status,12,VILLAGER,ALIVE,OKAMI
6,status,13,VILLAGER,ALIVE,HALU
6,status,14,WEREWOLF,ALIVE,TOKU0
6,status,15,WEREWOLF,ALIVE,HALU
6,talk,0,0,3,VOTE Agent[14]
6,talk,1,0,14,VOTE Agent[03]
6,talk,2,0,15,IDENTIFIED Agent[05] WEREWOLF
6,talk,3,0,4,DIVINED Agent[10] WEREWOLF
6,talk,4,0,2,VOTE Agent[14]
6,talk,5,0,12,VOTE Agent[02]
6,talk,6,0,13,VOTE Agent[14]
6,talk,7,0,10,VOTE Agent[14]
6,talk,8,1,15,VOTE Agent[10]
6,talk,9,1,2,COMINGOUT Agent[02] VILLAGER
6,talk,10,1,13,VOTE Agent[14]
6,talk,11,1,14,VOTE Agent[03]
6,talk,12,1,3,VOTE Agent[15]
6,talk,13,1,10,Skip
6,talk,14,1,12,COMINGOUT Agent[12] VILLAGER
6,talk,15,1,4,VOTE Agent[15]
6,talk,16,2,15,VOTE Agent[10]
6,talk,17,2,13,VOTE Agent[15]
6,talk,18,2,3,VOTE Agent[15]
6,talk,19,2,10,Skip
6,talk,20,2,4,VOTE Agent[15]
6,talk,21,2,14,Skip
6,talk,22,2,2,VOTE Agent[10]
6,talk,23,2,12,VOTE Agent[02]
6,talk,24,3,4,VOTE Agent[10]
6,talk,25,3,14,Skip
6,talk,26,3,10,Over
6,talk,27,3,2,VOTE Agent[15]
6,talk,28,3,3,VOTE Agent[15]
6,talk,29,3,13,VOTE Agent[14]
6,talk,30,3,15,VOTE Agent[10]
6,talk,31,3,12,VOTE Agent[02]
6,talk,32,4,10,Over
6,talk,33,4,14,Over
6,talk,34,4,12,VOTE Agent[02]
6,talk,35,4,4,VOTE Agent[15]
6,talk,36,4,2,VOTE Agent[15]
6,talk,37,4,3,VOTE Agent[15]
6,talk,38,4,15,VOTE Agent[10]
6,talk,39,4,13,VOTE Agent[14]
6,talk,40,5,14,Over
6,talk,41,5,4,VOTE Agent[15]
6,talk,42,5,2,VOTE Agent[15]
6,talk,43,5,12,VOTE Agent[02]
6,talk,44,5,15,VOTE Agent[10]
6,talk,45,5,13,VOTE Agent[14]
6,talk,46,5,3,VOTE Agent[15]
6,talk,47,5,10,Over
6,talk,48,6,12,VOTE Agent[02]
6,talk,49,6,3,VOTE Agent[15]
6,talk,50,6,10,Over
6,talk,51,6,4,VOTE Agent[15]
6,talk,52,6,2,VOTE Agent[15]
6,talk,53,6,15,VOTE Agent[10]
6,talk,54,6,14,Over
6,talk,55,6,13,VOTE Agent[14]
6,talk,56,7,3,VOTE Agent[15]
6,talk,57,7,14,Over
6,talk,58,7,10,Over
6,talk,59,7,13,VOTE Agent[15]
6,talk,60,7,2,VOTE Agent[14]
6,talk,61,7,12,VOTE Agent[02]
6,talk,62,7,15,VOTE Agent[10]
6,talk,63,7,4,VOTE Agent[15]
6,talk,64,8,14,Over
6,talk,65,8,3,VOTE Agent[15]
6,talk,66,8,4,VOTE Agent[15]
6,talk,67,8,10,Over
6,talk,68,8,13,VOTE Agent[15]
6,talk,69,8,15,VOTE Agent[10]
6,talk,70,8,2,VOTE Agent[14]
6,talk,71,8,12,VOTE Agent[02]
6,talk,72,9,2,Over
6,talk,73,9,15,Over
6,talk,74,9,12,Over
6,talk,75,9,13,Over
6,talk,76,9,14,Over
6,talk,77,9,10,Over
6,talk,78,9,4,Over
6,talk,79,9,3,Over
6,vote,2,10
6,vote,3,15
6,vote,4,15
6,vote,10,14
6,vote,12,2
6,vote,13,15
6,vote,14,3
6,vote,15,10
6,execute,15,WEREWOLF
6,attackVote,14,4
6,attack,4,true
7,status,1,VILLAGER,DEAD,sample_py
7,status,2,VILLAGER,ALIVE,OKAMI
7,status,3,VILLAGER,ALIVE,HALU
7,status,4,POSSESSED,DEAD,HALU
7,status,5,VILLAGER,DEAD,Tomato5
7,status,6,SEER,DEAD,TOKU10
7,status,7,WEREWOLF,DEAD,OKAMI
7,status,8,VILLAGER,DEAD,TOKU11
7,status,9,BODYGUARD,DEAD,TOKU14
7,status,10,VILLAGER,ALIVE,sample_py
7,status,11,MEDIUM,DEAD,HALU
7,status,12,VILLAGER,ALIVE,OKAMI
7,status,13,VILLAGER,ALIVE,HALU
7,status,14,WEREWOLF,ALIVE,TOKU0
7,status,15,WEREWOLF,DEAD,HALU
7,talk,0,0,13,VOTE Agent[03]
7,talk,1,0,10,VOTE Agent[14]
7,talk,2,0,2,VOTE Agent[03]
7,talk,3,0,12,VOTE Agent[03]
7,talk,4,0,14,VOTE Agent[03]
7,talk,5,0,3,VOTE Agent[13]
7,talk,6,1,13,VOTE Agent[03]
7,talk,7,1,12,COMINGOUT Agent[12] VILLAGER
7,talk,8,1,3,VOTE Agent[13]
7,talk,9,1,14,Skip
7,talk,10,1,2,COMINGOUT Agent[02] VILLAGER
7,talk,11,1,10,Skip
7,talk,12,2,10,Skip
7,talk,13,2,3,VOTE Agent[13]
7,talk,14,2,13,VOTE Agent[03]
7,talk,15,2,14,Skip
7,talk,16,2,2,VOTE Agent[13]
7,talk,17,2,12,VOTE Agent[13]
7,talk,18,3,12,VOTE Agent[13]
7,talk,19,3,13,VOTE Agent[03]
7,talk,20,3,2,VOTE Agent[03]
7,talk,21,3,10,Over
7,talk,22,3,14,Over
7,talk,23,3,3,VOTE Agent[13]
7,talk,24,4,14,Over
7,talk,25,4,12,VOTE Agent[13]
7,talk,26,4,2,VOTE Agent[03]
7,talk,27,4,10,Over
7,talk,28,4,3,VOTE Agent[13]
7,talk,29,4,13,VOTE Agent[03]
7,talk,30,5,12,VOTE Agent[13]
7,talk,31,5,3,VOTE Agent[13]
7,talk,32,5,10,Over
7,talk,33,5,13,VOTE Agent[03]
7,talk,34,5,2,VOTE Agent[13]
7,talk,35,5,14,VOTE Agent[13]
7,talk,36,6,2,VOTE Agent[03]
7,talk,37,6,3,VOTE Agent[13]
7,talk,38,6,10,Over
7,talk,39,6,14,Skip
7,talk,40,6,13,VOTE Agent[03]
7,talk,41,6,12,VOTE Agent[03]
7,talk,42,7,10,Over
7,talk,43,7,12,VOTE Agent[03]
7,talk,44,7,3,VOTE Agent[13]
7,talk,45,7,14,VOTE Agent[03]
7,talk,46,7,2,VOTE Agent[13]
7,talk,47,7,13,VOTE Agent[03]
7,talk,48,8,12,VOTE Agent[03]
7,talk,49,8,2,VOTE Agent[13]
7,talk,50,8,10,Over
7,talk,51,8,14,Skip
7,talk,52,8,13,VOTE Agent[03]
7,talk,53,8,3,VOTE Agent[13]
7,talk,54,9,14,Skip
7,talk,55,9,3,Over
7,talk,56,9,10,Over
7,talk,57,9,13,Over
7,talk,58,9,12,Over
7,talk,59,9,2,Over
7,talk,60,10,10,Over
7,talk,61,10,14,Over
7,talk,62,10,13,Over
7,talk,63,10,2,Over
7,talk,64,10,12,Over
7,talk,65,10,3,Over
7,vote,2,13
7,vote,3,13
7,vote,10,14
7,vote,12,3
7,vote,13,3
7,vote,14,3
7,execute,3,VILLAGER
7,attackVote,14,10
7,attack,10,true
8,status,1,VILLAGER,DEAD,sample_py
8,status,2,VILLAGER,ALIVE,OKAMI
8,status,3,VILLAGER,DEAD,HALU
8,status,4,POSSESSED,DEAD,HALU
8,status,5,VILLAGER,DEAD,Tomato5
8,status,6,SEER,DEAD,TOKU10
8,status,7,WEREWOLF,DEAD,OKAMI
8,status,8,VILLAGER,DEAD,TOKU11
8,status,9,BODYGUARD,DEAD,TOKU14
8,status,10,VILLAGER,DEAD,sample_py
8,status,11,MEDIUM,DEAD,HALU
8,status,12,VILLAGER,ALIVE,OKAMI
8,status,13,VILLAGER,ALIVE,HALU
8,status,14,WEREWOLF,ALIVE,TOKU0
8,status,15,WEREWOLF,DEAD,HALU
8,talk,0,0,2,VOTE Agent[13]
8,talk,1,0,12,VOTE Agent[13]
8,talk,2,0,13,VOTE Agent[14]
8,talk,3,0,14,VOTE Agent[13]
8,talk,4,1,13,VOTE Agent[14]
8,talk,5,1,2,COMINGOUT Agent[02] VILLAGER
8,talk,6,1,14,Skip
8,talk,7,1,12,COMINGOUT Agent[12] VILLAGER
8,talk,8,2,12,VOTE Agent[13]
8,talk,9,2,2,VOTE Agent[13]
8,talk,10,2,14,Skip
8,talk,11,2,13,VOTE Agent[14]
8,talk,12,3,12,VOTE Agent[13]
8,talk,13,3,2,VOTE Agent[13]
8,talk,14,3,13,VOTE Agent[14]
8,talk,15,3,14,Over
8,talk,16,4,13,VOTE Agent[12]
8,talk,17,4,14,Over
8,talk,18,4,12,VOTE Agent[13]
8,talk,19,4,2,VOTE Agent[13]
8,talk,20,5,12,VOTE Agent[13]
8,talk,21,5,14,Over
8,talk,22,5,2,VOTE Agent[13]
8,talk,23,5,13,VOTE Agent[14]
8,talk,24,6,12,VOTE Agent[13]
8,talk,25,6,13,VOTE Agent[14]
8,talk,26,6,2,VOTE Agent[13]
8,talk,27,6,14,Over
8,talk,28,7,2,VOTE Agent[13]
8,talk,29,7,12,VOTE Agent[13]
8,talk,30,7,13,VOTE Agent[14]
8,talk,31,7,14,Over
8,talk,32,8,2,VOTE Agent[13]
8,talk,33,8,12,VOTE Agent[13]
8,talk,34,8,14,Over
8,talk,35,8,13,VOTE Agent[12]
8,talk,36,9,13,Over
8,talk,37,9,14,Over
8,talk,38,9,12,Over
8,talk,39,9,2,Over
8,vote,2,13
8,vote,12,13
8,vote,13,14
8,vote,14,13
8,execute,13,VILLAGER
8,attackVote,14,2
8,attack,2,true
9,status,1,VILLAGER,DEAD,sample_py
9,status,2,VILLAGER,DEAD,OKAMI
9,status,3,VILLAGER,DEAD,HALU
9,status,4,POSSESSED,DEAD,HALU
9,status,5,VILLAGER,DEAD,Tomato5
9,status,6,SEER,DEAD,TOKU10
9,status,7,WEREWOLF,DEAD,OKAMI
9,status,8,VILLAGER,DEAD,TOKU11
9,status,9,BODYGUARD,DEAD,TOKU14
9,status,10,VILLAGER,DEAD,sample_py
9,status,11,MEDIUM,DEAD,HALU
9,status,12,VILLAGER,ALIVE,OKAMI
9,status,13,VILLAGER,DEAD,HALU
9,status,14,WEREWOLF,ALIVE,TOKU0
9,status,15,WEREWOLF,DEAD,HALU
9,result,1,1,WEREWOLF
