0,status,1,WEREWOLF,ALIVE,sample_py
0,status,2,VILLAGER,ALIVE,OKAMI
0,status,3,VILLAGER,ALIVE,HALU
0,status,4,VILLAGER,ALIVE,HALU
0,status,5,VILLAGER,ALIVE,Tomato5
0,status,6,VILLAGER,ALIVE,TOKU10
0,status,7,BODYGUARD,ALIVE,OKAMI
0,status,8,VILLAGER,ALIVE,TOKU11
0,status,9,POSSESSED,ALIVE,TOKU14
0,status,10,WEREWOLF,ALIVE,sample_py
0,status,11,VILLAGER,ALIVE,HALU
0,status,12,WEREWOLF,ALIVE,OKAMI
0,status,13,SEER,ALIVE,HALU
0,status,14,VILLAGER,ALIVE,TOKU0
0,status,15,MEDIUM,ALIVE,HALU
0,whisper,0,0,10,COMINGOUT Agent[10] VILLAGER
0,whisper,1,0,1,COMINGOUT Agent[01] SEER
0,whisper,2,0,12,COMINGOUT Agent[12] MEDIUM
0,whisper,3,1,12,COMINGOUT Agent[12] VILLAGER
0,whisper,4,1,10,COMINGOUT Agent[10] VILLAGER
0,whisper,5,1,1,COMINGOUT Agent[01] SEER
0,whisper,6,2,12,Skip
0,whisper,7,2,10,COMINGOUT Agent[10] VILLAGER
0,whisper,8,2,1,COMINGOUT Agent[01] SEER
0,whisper,9,3,1,COMINGOUT Agent[01] SEER
0,whisper,10,3,12,Skip
0,whisper,11,3,10,COMINGOUT Agent[10] VILLAGER
0,whisper,12,4,1,COMINGOUT Agent[01] SEER
0,whisper,13,4,10,COMINGOUT Agent[10] VILLAGER
0,whisper,14,4,12,Over
0,whisper,15,5,1,COMINGOUT Agent[01] SEER
0,whisper,16,5,10,COMINGOUT Agent[10] VILLAGER
0,whisper,17,5,12,Over
0,whisper,18,6,10,COMINGOUT Agent[10] VILLAGER
0,whisper,19,6,12,Over
0,whisper,20,6,1,COMINGOUT Agent[01] SEER
0,whisper,21,7,10,COMINGOUT Agent[10] VILLAGER
0,whisper,22,7,1,COMINGOUT Agent[01] SEER
0,whisper,23,7,12,Over
0,whisper,24,8,10,COMINGOUT Agent[10] VILLAGER
0,whisper,25,8,12,Over
0,whisper,26,8,1,COMINGOUT Agent[01] SEER
0,whisper,27,9,10,COMINGOUT Agent[10] VILLAGER
0,whisper,28,9,1,COMINGOUT Agent[01] SEER
0,whisper,29,9,12,Over
0,whisper,30,10,1,Over
0,whisper,31,10,12,Over
0,whisper,32,10,10,Over
0,divine,13,8,HUMAN
1,status,1,WEREWOLF,ALIVE,sample_py
1,status,2,VILLAGER,ALIVE,OKAMI
1,status,3,VILLAGER,ALIVE,HALU
1,status,4,VILLAGER,ALIVE,HALU
1,status,5,VILLAGER,ALIVE,Tomato5
1,status,6,VILLAGER,ALIVE,TOKU10
1,status,7,BODYGUARD,ALIVE,OKAMI
1,status,8,VILLAGER,ALIVE,TOKU11
1,status,9,POSSESSED,ALIVE,TOKU14
1,status,10,WEREWOLF,ALIVE,sample_py
1,status,11,VILLAGER,ALIVE,HALU
1,status,12,WEREWOLF,ALIVE,OKAMI
1,status,13,SEER,ALIVE,HALU
1,status,14,VILLAGER,ALIVE,TOKU0
1,status,15,MEDIUM,ALIVE,HALU
1,talk,0,0,12,VOTE Agent[05]
1,talk,1,0,14,VOTE Agent[05]
1,talk,2,0,3,VOTE Agent[14]
1,talk,3,0,15,VOTE Agent[14]
1,talk,4,0,5,VOTE Agent[14]
1,talk,5,0,4,VOTE Agent[14]
1,talk,6,0,10,VOTE Agent[15]
1,talk,7,0,13,COMINGOUT Agent[13] SEER
1,talk,8,0,1,COMINGOUT Agent[01] SEER
1,talk,9,0,9,COMINGOUT Agent[09] SEER
1,talk,10,0,6,VOTE Agent[08]
1,talk,11,0,11,VOTE Agent[04]
1,talk,12,0,8,VOTE Agent[13]
1,talk,13,0,7,VOTE Agent[05]
1,talk,14,0,2,VOTE Agent[05]
1,talk,15,1,12,VOTE Agent[14]
1,talk,16,1,1,DIVINED Agent[05] HUMAN
1,talk,17,1,14,VOTE Agent[13]
1,talk,18,1,4,VOTE Agent[06]
1,talk,19,1,3,VOTE Agent[04]
1,talk,20,1,10,Skip
1,talk,21,1,13,DIVINED Agent[08] HUMAN
1,talk,22,1,7,VOTE Agent[04]
1,talk,23,1,2,COMINGOUT Agent[02] VILLAGER
1,talk,24,1,5,VOTE Agent[04]
1,talk,25,1,6,VOTE Agent[01]
1,talk,26,1,9,DIVINED Agent[08] WEREWOLF
1,talk,27,1,8,VOTE Agent[01]
1,talk,28,1,15,COMINGOUT Agent[15] MEDIUM
1,talk,29,1,11,VOTE Agent[01]
1,talk,30,2,2,VOTE Agent[13]
1,talk,31,2,4,VOTE Agent[01]
1,talk,32,2,14,VOTE Agent[01]
1,talk,33,2,10,VOTE Agent[02]
1,talk,34,2,11,VOTE Agent[09]
1,talk,35,2,15,VOTE Agent[09]
1,talk,36,2,9,VOTE Agent[08]
1,talk,37,2,3,VOTE Agent[09]
1,talk,38,2,13,VOTE Agent[09]
1,talk,39,2,12,VOTE Agent[08]
1,talk,40,2,8,VOTE Agent[12]
1,talk,41,2,6,Skip
1,talk,42,2,1,VOTE Agent[09]
1,talk,43,2,5,VOTE Agent[09]
1,talk,44,2,7,VOTE Agent[01]
1,talk,45,3,11,VOTE Agent[09]
1,talk,46,3,4,VOTE Agent[13]
1,talk,47,3,2,VOTE Agent[01]
1,talk,48,3,14,VOTE Agent[12]
1,talk,49,3,9,Skip
1,talk,50,3,15,VOTE Agent[09]
1,talk,51,3,1,Skip
1,talk,52,3,10,Skip
1,talk,53,3,12,VOTE Agent[08]
1,talk,54,3,7,VOTE Agent[01]
1,talk,55,3,6,VOTE Agent[12]
1,talk,56,3,8,Skip
1,talk,57,3,5,Skip
1,talk,58,3,13,VOTE Agent[09]
1,talk,59,3,3,VOTE Agent[13]
1,talk,60,4,8,Skip
1,talk,61,4,14,VOTE Agent[01]
1,talk,62,4,7,VOTE Agent[01]
1,talk,63,4,4,VOTE Agent[13]
1,talk,64,4,6,Skip
1,talk,65,4,15,VOTE Agent[13]
1,talk,66,4,13,VOTE Agent[09]
1,talk,67,4,12,VOTE Agent[08]
1,talk,68,4,10,Skip
1,talk,69,4,11,VOTE Agent[13]
1,talk,70,4,3,VOTE Agent[13]
1,talk,71,4,1,Skip
1,talk,72,4,5,VOTE Agent[13]
1,talk,73,4,2,VOTE Agent[01]
1,talk,74,4,9,Skip
1,talk,75,5,4,VOTE Agent[13]
1,talk,76,5,12,VOTE Agent[08]
1,talk,77,5,14,Skip
1,talk,78,5,15,VOTE Agent[13]
1,talk,79,5,3,VOTE Agent[13]
1,talk,80,5,2,VOTE Agent[01]
1,talk,81,5,9,Over
1,talk,82,5,6,VOTE Agent[01]
1,talk,83,5,8,VOTE Agent[01]
1,talk,84,5,10,Over
1,talk,85,5,5,VOTE Agent[01]
1,talk,86,5,13,VOTE Agent[01]
1,talk,87,5,7,VOTE Agent[13]
1,talk,88,5,11,VOTE Agent[13]
1,talk,89,5,1,Over
1,talk,90,6,2,VOTE Agent[01]
1,talk,91,6,4,VOTE Agent[13]
1,talk,92,6,8,Skip
1,talk,93,6,12,VOTE Agent[08]
1,talk,94,6,14,Skip
1,talk,95,6,5,VOTE Agent[13]
1,talk,96,6,10,Over
1,talk,97,6,1,Over
1,talk,98,6,7,VOTE Agent[01]
1,talk,99,6,6,Skip
1,talk,100,6,15,VOTE Agent[13]
1,talk,101,6,11,VOTE Agent[13]
1,talk,102,6,3,VOTE Agent[13]
1,talk,103,6,9,Over
1,talk,104,6,13,VOTE Agent[01]
1,talk,105,7,9,Over
1,talk,106,7,7,VOTE Agent[13]
1,talk,107,7,13,VOTE Agent[09]
1,talk,108,7,1,Over
1,talk,109,7,12,VOTE Agent[08]
1,talk,110,7,5,Skip
1,talk,111,7,8,Skip
1,talk,112,7,15,VOTE Agent[13]
1,talk,113,7,3,VOTE Agent[13]
1,talk,114,7,11,VOTE Agent[13]
1,talk,115,7,4,VOTE Agent[13]
1,talk,116,7,10,Over
1,talk,117,7,6,Skip
1,talk,118,7,14,Over
1,talk,119,7,2,VOTE Agent[01]
1,talk,120,8,8,Over
1,talk,121,8,14,Over
1,talk,122,8,5,Skip
1,talk,123,8,15,VOTE Agent[13]
1,talk,124,8,1,Over
1,talk,125,8,4,VOTE Agent[13]
1,talk,126,8,10,Over
1,talk,127,8,2,VOTE Agent[01]
1,talk,128,8,13,VOTE Agent[01]
1,talk,129,8,9,Over
1,talk,130,8,3,VOTE Agent[13]
1,talk,131,8,7,VOTE Agent[13]
1,talk,132,8,11,VOTE Agent[13]
1,talk,133,8,12,VOTE Agent[08]
1,talk,134,8,6,Over
1,talk,135,9,13,Over
1,talk,136,9,6,Over
1,talk,137,9,2,Over
1,talk,138,9,8,Over
1,talk,139,9,15,Over
1,talk,140,9,11,Over
1,talk,141,9,1,Over
1,talk,142,9,5,VOTE Agent[01]
1,talk,143,9,10,Over
1,talk,144,9,7,Over
1,talk,145,9,3,Over
1,talk,146,9,12,Over
1,talk,147,9,14,Over
1,talk,148,9,4,Over
1,talk,149,9,9,Over
1,talk,150,10,6,Over
1,talk,151,10,1,Over
1,talk,152,10,11,Over
1,talk,153,10,13,Over
1,talk,154,10,9,Over
1,talk,155,10,15,Over
1,talk,156,10,5,Skip
1,talk,157,10,14,Over
1,talk,158,10,10,Over
1,talk,159,10,12,Over
1,talk,160,10,2,Over
1,talk,161,10,8,Over
1,talk,162,10,4,Over
1,talk,163,10,7,Over
1,talk,164,10,3,Over
1,talk,165,11,10,Over
1,talk,166,11,11,Over
1,talk,167,11,8,Over
1,talk,168,11,6,Over
1,talk,169,11,2,Over
1,talk,170,11,15,Over
1,talk,171,11,7,Over
1,talk,172,11,1,Over
1,talk,173,11,12,Over
1,talk,174,11,5,VOTE Agent[13]
1,talk,175,11,9,Over
1,talk,176,11,13,Over
1,talk,177,11,4,Over
1,talk,178,11,14,Over
1,talk,179,11,3,Over
1,talk,180,12,6,Over
1,talk,181,12,15,Over
1,talk,182,12,7,Over
1,talk,183,12,11,Over
1,talk,184,12,9,Over
1,talk,185,12,3,Over
1,talk,186,12,12,Over
1,talk,187,12,13,Over
1,talk,188,12,5,Skip
1,talk,189,12,10,Over
1,talk,190,12,4,Over
1,talk,191,12,8,Over
1,talk,192,12,1,Over
1,talk,193,12,2,Over
1,talk,194,12,14,Over
1,talk,195,13,15,Over
1,talk,196,13,13,Over
1,talk,197,13,11,Over
1,talk,198,13,2,Over
1,talk,199,13,10,Over
1,talk,200,13,1,Over
1,talk,201,13,7,Over
1,talk,202,13,5,Skip
1,talk,203,13,6,Over
1,talk,204,13,3,Over
1,talk,205,13,4,Over
1,talk,206,13,12,Over
1,talk,207,13,9,Over
1,talk,208,13,8,Over
1,talk,209,13,14,Over
1,talk,210,14,14,Over
1,talk,211,14,3,Over
1,talk,212,14,2,Over
1,talk,213,14,7,Over
1,talk,214,14,9,Over
1,talk,215,14,10,Over
1,talk,216,14,6,Over
1,talk,217,14,12,Over
1,talk,218,14,13,Over
1,talk,219,14,5,VOTE Agent[01]
1,talk,220,14,8,Over
1,talk,221,14,11,Over
1,talk,222,14,15,Over
1,talk,223,14,4,Over
1,talk,224,14,1,Over
1,talk,225,15,8,Over
1,talk,226,15,15,Over
1,talk,227,15,5,VOTE Agent[13]
1,talk,228,15,4,Over
1,talk,229,15,10,Over
1,talk,230,15,13,Over
1,talk,231,15,2,Over
1,talk,232,15,9,Over
1,talk,233,15,12,Over
1,talk,234,15,7,Over
1,talk,235,15,1,Over
1,talk,236,15,14,Over
1,talk,237,15,3,Over
1,talk,238,15,6,Over
1,talk,239,15,11,Over
1,talk,240,16,10,Over
1,talk,241,16,7,Over
1,talk,242,16,14,Over
1,talk,243,16,11,Over
1,talk,244,16,2,Over
1,talk,245,16,13,Over
1,talk,246,16,15,Over
1,talk,247,16,9,Over
1,talk,248,16,6,Over
1,talk,249,16,1,Over
1,talk,250,16,12,Over
1,talk,251,16,3,Over
1,talk,252,16,5,Over
1,talk,253,16,4,Over
1,talk,254,16,8,Over
1,vote,1,9
1,vote,2,1
1,vote,3,13
1,vote,4,13
1,vote,5,13
1,vote,6,1
1,vote,7,13
1,vote,8,1
1,vote,9,2
1,vote,10,2
1,vote,11,13
1,vote,12,8
1,vote,13,9
1,vote,14,1
1,vote,15,13
1,execute,13,SEER
1,whisper,0,0,1,ATTACK Agent[15]
1,whisper,1,0,12,ATTACK Agent[01]
1,whisper,2,0,10,ATTACK Agent[09]
1,whisper,3,1,12,Skip
1,whisper,4,1,10,Skip
1,whisper,5,1,1,Skip
1,whisper,6,2,1,Skip
1,whisper,7,2,10,Skip
1,whisper,8,2,12,Skip
1,whisper,9,3,1,Over
1,whisper,10,3,10,Over
1,whisper,11,3,12,Over
1,guard,7,15,MEDIUM
1,attackVote,1,15
1,attackVote,10,9
1,attackVote,1,15
1,attackVote,10,9
1,attack,9,true
2,status,1,WEREWOLF,ALIVE,sample_py
2,status,2,VILLAGER,ALIVE,OKAMI
2,status,3,VILLAGER,ALIVE,HALU
2,status,4,VILLAGER,ALIVE,HALU
2,status,5,VILLAGER,ALIVE,Tomato5
2,status,6,VILLAGER,ALIVE,TOKU10
2,status,7,BODYGUARD,ALIVE,OKAMI
2,status,8,VILLAGER,ALIVE,TOKU11
2,status,9,POSSESSED,DEAD,TOKU14
2,status,10,WEREWOLF,ALIVE,sample_py
2,status,11,VILLAGER,ALIVE,HALU
2,status,12,WEREWOLF,ALIVE,OKAMI
2,status,13,SEER,DEAD,HALU
2,status,14,VILLAGER,ALIVE,TOKU0
2,status,15,MEDIUM,ALIVE,HALU
2,talk,0,0,3,VOTE Agent[01]
2,talk,1,0,5,VOTE Agent[01]
2,talk,2,0,7,VOTE Agent[01]
2,talk,3,0,2,VOTE Agent[01]
2,talk,4,0,4,VOTE Agent[01]
2,talk,5,0,10,VOTE Agent[02]
2,talk,6,0,6,VOTE Agent[01]
2,talk,7,0,14,VOTE Agent[01]
2,talk,8,0,15,IDENTIFIED Agent[13] HUMAN
2,talk,9,0,11,VOTE Agent[01]
2,talk,10,0,8,VOTE Agent[01]
2,talk,11,0,1,DIVINED Agent[02] WEREWOLF
2,talk,12,0,12,VOTE Agent[02]
2,talk,13,1,15,VOTE Agent[01]
2,talk,14,1,4,VOTE Agent[01]
2,talk,15,1,1,VOTE Agent[02]
2,talk,16,1,11,VOTE Agent[01]
2,talk,17,1,5,Skip
2,talk,18,1,12,VOTE Agent[02]
2,talk,19,1,3,VOTE Agent[01]
2,talk,20,1,14,Skip
2,talk,21,1,2,COMINGOUT Agent[02] VILLAGER
2,talk,22,1,7,VOTE Agent[01]
2,talk,23,1,8,Skip
2,talk,24,1,10,Skip
2,talk,25,1,6,Skip
2,talk,26,2,3,VOTE Agent[01]
2,talk,27,2,2,VOTE Agent[01]
2,talk,28,2,1,Skip
2,talk,29,2,4,VOTE Agent[01]
2,talk,30,2,10,Skip
2,talk,31,2,6,Skip
2,talk,32,2,5,Skip
2,talk,33,2,7,VOTE Agent[01]
2,talk,34,2,11,VOTE Agent[01]
2,talk,35,2,14,Skip
2,talk,36,2,15,VOTE Agent[01]
2,talk,37,2,8,Skip
2,talk,38,2,12,VOTE Agent[02]
2,talk,39,3,6,Over
2,talk,40,3,4,VOTE Agent[01]
2,talk,41,3,11,VOTE Agent[01]
2,talk,42,3,3,VOTE Agent[01]
2,talk,43,3,8,Over
2,talk,44,3,10,Over
2,talk,45,3,5,Over
2,talk,46,3,14,Over
2,talk,47,3,7,VOTE Agent[01]
2,talk,48,3,2,VOTE Agent[01]
2,talk,49,3,15,VOTE Agent[01]
2,talk,50,3,1,Skip
2,talk,51,3,12,VOTE Agent[02]
2,talk,52,4,11,VOTE Agent[01]
2,talk,53,4,4,VOTE Agent[01]
2,talk,54,4,7,VOTE Agent[01]
2,talk,55,4,15,VOTE Agent[01]
2,talk,56,4,1,Over
2,talk,57,4,10,Over
2,talk,58,4,12,VOTE Agent[02]
2,talk,59,4,3,VOTE Agent[01]
2,talk,60,4,6,Over
2,talk,61,4,14,Over
2,talk,62,4,8,Over
2,talk,63,4,2,VOTE Agent[01]
2,talk,64,4,5,Over
2,talk,65,5,4,VOTE Agent[01]
2,talk,66,5,2,VOTE Agent[01]
2,talk,67,5,15,VOTE Agent[01]
2,talk,68,5,1,Over
2,talk,69,5,8,Over
2,talk,70,5,6,Over
2,talk,71,5,11,VOTE Agent[01]
2,talk,72,5,10,Over
2,talk,73,5,5,Over
2,talk,74,5,7,VOTE Agent[01]
2,talk,75,5,3,VOTE Agent[01]
2,talk,76,5,12,VOTE Agent[02]
2,talk,77,5,14,Over
2,talk,78,6,10,Over
2,talk,79,6,4,VOTE Agent[01]
2,talk,80,6,8,Over
2,talk,81,6,5,Over
2,talk,82,6,7,VOTE Agent[01]
2,talk,83,6,14,Over
2,talk,84,6,11,VOTE Agent[01]
2,talk,85,6,2,VOTE Agent[01]
2,talk,86,6,12,VOTE Agent[02]
2,talk,87,6,1,Over
2,talk,88,6,3,VOTE Agent[01]
2,talk,89,6,15,VOTE Agent[01]
2,talk,90,6,6,Over
2,talk,91,7,5,Over
2,talk,92,7,15,VOTE Agent[01]
2,talk,93,7,10,Over
2,talk,94,7,14,Over
2,talk,95,7,4,VOTE Agent[01]
2,talk,96,7,7,VOTE Agent[01]
2,talk,97,7,6,Over
2,talk,98,7,11,VOTE Agent[01]
2,talk,99,7,2,VOTE Agent[01]
2,talk,100,7,1,Over
2,talk,101,7,3,VOTE Agent[01]
2,talk,102,7,8,Over
2,talk,103,7,12,VOTE Agent[02]
2,talk,104,8,4,VOTE Agent[01]
2,talk,105,8,3,VOTE Agent[01]
2,talk,106,8,14,Over
2,talk,107,8,6,Over
2,talk,108,8,5,Over
2,talk,109,8,10,Over
2,talk,110,8,11,VOTE Agent[01]
2,talk,111,8,15,VOTE Agent[01]
2,talk,112,8,2,VOTE Agent[01]
2,talk,113,8,12,VOTE Agent[02]
2,talk,114,8,8,Over
2,talk,115,8,7,VOTE Agent[01]
2,talk,116,8,1,Over
2,talk,117,9,14,Over
2,talk,118,9,12,Over
2,talk,119,9,10,Over
2,talk,120,9,5,Over
2,talk,121,9,2,Over
2,talk,122,9,7,Over
2,talk,123,9,15,Over
2,talk,124,9,11,Over
2,talk,125,9,4,Over
2,talk,126,9,6,Over
2,talk,127,9,3,Over
2,talk,128,9,8,Over
2,talk,129,9,1,Over
2,vote,1,2
2,vote,2,1
2,vote,3,1
2,vote,4,1
2,vote,5,1
2,vote,6,1
2,vote,7,1
2,vote,8,1
2,vote,10,2
2,vote,11,1
2,vote,12,2
2,vote,14,1
2,vote,15,1
2,execute,1,WEREWOLF
2,whisper,0,0,12,ATTACK Agent[08]
2,whisper,1,0,10,ATTACK Agent[15]
2,whisper,2,1,12,Skip
2,whisper,3,1,10,Skip
2,whisper,4,2,12,Skip
2,whisper,5,2,10,Skip
2,whisper,6,3,10,Over
2,whisper,7,3,12,Over
2,guard,7,15,MEDIUM
2,attackVote,10,15
2,attackVote,12,8
2,attackVote,10,15
2,attackVote,12,8
2,attack,15,false
3,status,1,WEREWOLF,DEAD,sample_py
3,status,2,VILLAGER,ALIVE,OKAMI
3,status,3,VILLAGER,ALIVE,HALU
3,status,4,VILLAGER,ALIVE,HALU
3,status,5,VILLAGER,ALIVE,Tomato5
3,status,6,VILLAGER,ALIVE,TOKU10
3,status,7,BODYGUARD,ALIVE,OKAMI
3,status,8,VILLAGER,ALIVE,TOKU11
3,status,9,POSSESSED,DEAD,TOKU14
3,status,10,WEREWOLF,ALIVE,sample_py
3,status,11,VILLAGER,ALIVE,HALU
3,status,12,WEREWOLF,ALIVE,OKAMI
3,status,13,SEER,DEAD,HALU
3,status,14,VILLAGER,ALIVE,TOKU0
3,status,15,MEDIUM,ALIVE,HALU
3,talk,0,0,3,VOTE Agent[08]
3,talk,1,0,11,VOTE Agent[02]
3,talk,2,0,5,VOTE Agent[10]
3,talk,3,0,2,VOTE Agent[08]
3,talk,4,0,8,VOTE Agent[12]
3,talk,5,0,14,VOTE Agent[12]
3,talk,6,0,15,IDENTIFIED Agent[01] WEREWOLF
3,talk,7,0,10,VOTE Agent[02]
3,talk,8,0,4,VOTE Agent[02]
3,talk,9,0,12,VOTE Agent[02]
3,talk,10,0,7,VOTE Agent[08]
3,talk,11,0,6,VOTE Agent[12]
3,talk,12,1,11,VOTE Agent[08]
3,talk,13,1,8,Skip
3,talk,14,1,3,VOTE Agent[02]
3,talk,15,1,2,COMINGOUT Agent[02] VILLAGER
3,talk,16,1,5,Skip
3,talk,17,1,12,VOTE Agent[08]
3,talk,18,1,15,VOTE Agent[02]
3,talk,19,1,6,Skip
3,talk,20,1,10,Skip
3,talk,21,1,4,VOTE Agent[02]
3,talk,22,1,7,VOTE Agent[08]
3,talk,23,1,14,Skip
3,talk,24,2,8,Skip
3,talk,25,2,3,VOTE Agent[02]
3,talk,26,2,14,Skip
3,talk,27,2,15,VOTE Agent[08]
3,talk,28,2,5,Skip
3,talk,29,2,6,Skip
3,talk,30,2,2,VOTE Agent[08]
3,talk,31,2,7,VOTE Agent[02]
3,talk,32,2,11,VOTE Agent[02]
3,talk,33,2,10,Skip
3,talk,34,2,12,VOTE Agent[02]
3,talk,35,2,4,VOTE Agent[02]
3,talk,36,3,5,Over
3,talk,37,3,4,VOTE Agent[02]
3,talk,38,3,12,VOTE Agent[02]
3,talk,39,3,2,VOTE Agent[08]
3,talk,40,3,7,VOTE Agent[08]
3,talk,41,3,11,VOTE Agent[08]
3,talk,42,3,8,Over
3,talk,43,3,6,Over
3,talk,44,3,15,VOTE Agent[02]
3,talk,45,3,14,Over
3,talk,46,3,3,VOTE Agent[02]
3,talk,47,3,10,Over
3,talk,48,4,4,VOTE Agent[02]
3,talk,49,4,2,VOTE Agent[08]
3,talk,50,4,11,VOTE Agent[02]
3,talk,51,4,8,Over
3,talk,52,4,3,VOTE Agent[02]
3,talk,53,4,12,VOTE Agent[02]
3,talk,54,4,14,Over
3,talk,55,4,6,Over
3,talk,56,4,7,VOTE Agent[08]
3,talk,57,4,5,Over
3,talk,58,4,10,Over
3,talk,59,4,15,VOTE Agent[08]
3,talk,60,5,10,Over
3,talk,61,5,6,Over
3,talk,62,5,7,VOTE Agent[08]
3,talk,63,5,5,Over
3,talk,64,5,2,VOTE Agent[08]
3,talk,65,5,8,Over
3,talk,66,5,15,VOTE Agent[02]
3,talk,67,5,14,Over
3,talk,68,5,12,VOTE Agent[02]
3,talk,69,5,11,VOTE Agent[02]
3,talk,70,5,4,VOTE Agent[02]
3,talk,71,5,3,VOTE Agent[02]
3,talk,72,6,5,Over
3,talk,73,6,3,VOTE Agent[02]
3,talk,74,6,2,VOTE Agent[08]
3,talk,75,6,12,VOTE Agent[02]
3,talk,76,6,4,VOTE Agent[02]
3,talk,77,6,11,VOTE Agent[02]
3,talk,78,6,7,VOTE Agent[08]
3,talk,79,6,8,Over
3,talk,80,6,15,VOTE Agent[02]
3,talk,81,6,14,Over
3,talk,82,6,6,Over
3,talk,83,6,10,Over
3,talk,84,7,2,VOTE Agent[08]
3,talk,85,7,4,VOTE Agent[02]
3,talk,86,7,15,VOTE Agent[02]
3,talk,87,7,7,VOTE Agent[08]
3,talk,88,7,14,Over
3,talk,89,7,10,Over
3,talk,90,7,5,Over
3,talk,91,7,12,VOTE Agent[02]
3,talk,92,7,6,Over
3,talk,93,7,3,VOTE Agent[02]
3,talk,94,7,8,Over
3,talk,95,7,11,VOTE Agent[08]
3,talk,96,8,3,VOTE Agent[08]
3,talk,97,8,11,VOTE Agent[02]
3,talk,98,8,2,VOTE Agent[08]
3,talk,99,8,12,VOTE Agent[02]
3,talk,100,8,5,Over
3,talk,101,8,10,Over
3,talk,102,8,15,VOTE Agent[02]
3,talk,103,8,7,VOTE Agent[08]
3,talk,104,8,14,Over
3,talk,105,8,8,Over
3,talk,106,8,6,Over
3,talk,107,8,4,VOTE Agent[02]
3,talk,108,9,14,Over
3,talk,109,9,3,Over
3,talk,110,9,6,Over
3,talk,111,9,12,Over
3,talk,112,9,4,Over
3,talk,113,9,5,Over
3,talk,114,9,11,Over
3,talk,115,9,2,Over
3,talk,116,9,8,Over
3,talk,117,9,7,Over
3,talk,118,9,10,Over
3,talk,119,9,15,Over
3,vote,2,8
3,vote,3,2
3,vote,4,2
3,vote,5,10
3,vote,6,12
3,vote,7,8
3,vote,8,12
3,vote,10,2
3,vote,11,2
3,vote,12,2
3,vote,14,12
3,vote,15,8
3,execute,2,VILLAGER
3,whisper,0,0,10,ATTACK Agent[15]
3,whisper,1,0,12,ATTACK Agent[08]
3,whisper,2,1,12,Skip
3,whisper,3,1,10,Skip
3,whisper,4,2,12,Skip
3,whisper,5,2,10,Skip
3,whisper,6,3,12,Over
3,whisper,7,3,10,Over
3,guard,7,15,MEDIUM
3,attackVote,10,15
3,attackVote,12,8
3,attackVote,10,15
3,attackVote,12,8
3,attack,8,true
4,status,1,WEREWOLF,DEAD,sample_py
4,status,2,VILLAGER,DEAD,OKAMI
4,status,3,VILLAGER,ALIVE,HALU
4,status,4,VILLAGER,ALIVE,HALU
4,status,5,VILLAGER,ALIVE,Tomato5
4,status,6,VILLAGER,ALIVE,TOKU10
4,status,7,BODYGUARD,ALIVE,OKAMI
4,status,8,VILLAGER,DEAD,TOKU11
4,status,9,POSSESSED,DEAD,TOKU14
4,status,10,WEREWOLF,ALIVE,sample_py
4,status,11,VILLAGER,ALIVE,HALU
4,status,12,WEREWOLF,ALIVE,OKAMI
4,status,13,SEER,DEAD,HALU
4,status,14,VILLAGER,ALIVE,TOKU0
4,status,15,MEDIUM,ALIVE,HALU
4,talk,0,0,11,VOTE Agent[14]
4,talk,1,0,7,VOTE Agent[14]
4,talk,2,0,6,VOTE Agent[12]
4,talk,3,0,5,VOTE Agent[10]
4,talk,4,0,12,VOTE Agent[14]
4,talk,5,0,14,VOTE Agent[12]
4,talk,6,0,15,IDENTIFIED Agent[02] HUMAN
4,talk,7,0,10,VOTE Agent[03]
4,talk,8,0,4,VOTE Agent[05]
4,talk,9,0,3,VOTE Agent[05]
4,talk,10,1,7,VOTE Agent[05]
4,talk,11,1,4,VOTE Agent[14]
4,talk,12,1,14,Skip
4,talk,13,1,3,VOTE Agent[04]
4,talk,14,1,6,Skip
4,talk,15,1,5,Skip
4,talk,16,1,12,VOTE Agent[14]
4,talk,17,1,11,VOTE Agent[14]
4,talk,18,1,10,Skip
4,talk,19,1,15,VOTE Agent[03]
4,talk,20,2,7,VOTE Agent[03]
4,talk,21,2,3,VOTE Agent[05]
4,talk,22,2,6,Skip
4,talk,23,2,14,Skip
4,talk,24,2,12,VOTE Agent[03]
4,talk,25,2,5,Skip
4,talk,26,2,10,Skip
4,talk,27,2,15,VOTE Agent[11]
4,talk,28,2,11,VOTE Agent[05]
4,talk,29,2,4,VOTE Agent[12]
4,talk,30,3,12,VOTE Agent[03]
4,talk,31,3,15,VOTE Agent[05]
4,talk,32,3,5,Over
4,talk,33,3,6,Over
4,talk,34,3,10,Over
4,talk,35,3,11,VOTE Agent[03]
4,talk,36,3,4,VOTE Agent[05]
4,talk,37,3,7,VOTE Agent[03]
4,talk,38,3,3,VOTE Agent[05]
4,talk,39,3,14,Over
4,talk,40,4,6,Over
4,talk,41,4,3,VOTE Agent[11]
4,talk,42,4,7,VOTE Agent[05]
4,talk,43,4,4,VOTE Agent[11]
4,talk,44,4,14,Over
4,talk,45,4,15,VOTE Agent[04]
4,talk,46,4,5,Over
4,talk,47,4,10,Over
4,talk,48,4,12,VOTE Agent[11]
4,talk,49,4,11,VOTE Agent[05]
4,talk,50,5,10,Over
4,talk,51,5,7,VOTE Agent[12]
4,talk,52,5,5,Over
4,talk,53,5,4,VOTE Agent[11]
4,talk,54,5,3,VOTE Agent[07]
4,talk,55,5,11,VOTE Agent[03]
4,talk,56,5,6,Over
4,talk,57,5,15,VOTE Agent[03]
4,talk,58,5,12,VOTE Agent[03]
4,talk,59,5,14,Over
4,talk,60,6,11,VOTE Agent[07]
4,talk,61,6,12,VOTE Agent[07]
4,talk,62,6,10,Over
4,talk,63,6,14,Over
4,talk,64,6,4,VOTE Agent[12]
4,talk,65,6,7,VOTE Agent[03]
4,talk,66,6,5,Over
4,talk,67,6,15,VOTE Agent[11]
4,talk,68,6,6,Over
4,talk,69,6,3,VOTE Agent[05]
4,talk,70,7,14,Over
4,talk,71,7,7,VOTE Agent[11]
4,talk,72,7,12,VOTE Agent[11]
4,talk,73,7,5,Over
4,talk,74,7,11,VOTE Agent[03]
4,talk,75,7,4,VOTE Agent[12]
4,talk,76,7,15,VOTE Agent[11]
4,talk,77,7,6,Over
4,talk,78,7,10,Over
4,talk,79,7,3,VOTE Agent[11]
4,talk,80,8,12,VOTE Agent[11]
4,talk,81,8,4,VOTE Agent[11]
4,talk,82,8,11,VOTE Agent[04]
4,talk,83,8,10,Over
4,talk,84,8,3,VOTE Agent[11]
4,talk,85,8,15,VOTE Agent[03]
4,talk,86,8,5,Over
4,talk,87,8,7,VOTE Agent[12]
4,talk,88,8,6,Over
4,talk,89,8,14,Over
4,talk,90,9,10,Over
4,talk,91,9,7,Over
4,talk,92,9,11,Over
4,talk,93,9,14,Over
4,talk,94,9,6,Over
4,talk,95,9,15,Over
4,talk,96,9,12,Over
4,talk,97,9,3,Over
4,talk,98,9,4,Over
4,talk,99,9,5,Over
4,vote,3,5
4,vote,4,12
4,vote,5,10
4,vote,6,12
4,vote,7,12
4,vote,10,3
4,vote,11,3
4,vote,12,3
4,vote,14,12
4,vote,15,11
4,execute,12,WEREWOLF
4,guard,7,15,MEDIUM
4,attack,5,true
5,status,1,WEREWOLF,DEAD,sample_py
5,status,2,VILLAGER,DEAD,OKAMI
5,status,3,VILLAGER,ALIVE,HALU
5,status,4,VILLAGER,ALIVE,HALU
5,status,5,VILLAGER,DEAD,Tomato5
5,status,6,VILLAGER,ALIVE,TOKU10
5,status,7,BODYGUARD,ALIVE,OKAMI
5,status,8,VILLAGER,DEAD,TOKU11
5,status,9,POSSESSED,DEAD,TOKU14
5,status,10,WEREWOLF,ALIVE,sample_py
5,status,11,VILLAGER,ALIVE,HALU
5,status,12,WEREWOLF,DEAD,OKAMI
5,status,13,SEER,DEAD,HALU
5,status,14,VILLAGER,ALIVE,TOKU0
5,status,15,MEDIUM,ALIVE,HALU
5,talk,0,0,3,VOTE Agent[07]
5,talk,1,0,4,VOTE Agent[03]
5,talk,2,0,11,VOTE Agent[03]
5,talk,3,0,7,VOTE Agent[03]
5,talk,4,0,15,IDENTIFIED Agent[12] WEREWOLF
5,talk,5,0,10,VOTE Agent[14]
5,talk,6,0,6,VOTE Agent[04]
5,talk,7,0,14,VOTE Agent[04]
5,talk,8,1,6,Skip
5,talk,9,1,7,VOTE Agent[04]
5,talk,10,1,11,VOTE Agent[03]
5,talk,11,1,4,VOTE Agent[03]
5,talk,12,1,15,VOTE Agent[07]
5,talk,13,1,3,VOTE Agent[07]
5,talk,14,1,14,Skip
5,talk,15,1,10,Skip
5,talk,16,2,11,VOTE Agent[10]
5,talk,17,2,4,VOTE Agent[11]
5,talk,18,2,15,VOTE Agent[03]
5,talk,19,2,10,Skip
5,talk,20,2,7,VOTE Agent[10]
5,talk,21,2,3,VOTE Agent[04]
5,talk,22,2,14,Skip
5,talk,23,2,6,Skip
5,talk,24,3,7,VOTE Agent[11]
5,talk,25,3,15,VOTE Agent[07]
5,talk,26,3,6,Over
5,talk,27,3,4,VOTE Agent[10]
5,talk,28,3,10,Over
5,talk,29,3,11,VOTE Agent[04]
5,talk,30,3,3,VOTE Agent[07]
5,talk,31,3,14,Over
5,talk,32,4,11,VOTE Agent[10]
5,talk,33,4,4,VOTE Agent[07]
5,talk,34,4,6,Over
5,talk,35,4,7,VOTE Agent[14]
5,talk,36,4,14,Over
5,talk,37,4,10,Over
5,talk,38,4,15,VOTE Agent[11]
5,talk,39,4,3,VOTE Agent[04]
5,talk,40,5,10,Over
5,talk,41,5,15,VOTE Agent[11]
5,talk,42,5,3,VOTE Agent[04]
5,talk,43,5,11,VOTE Agent[07]
5,talk,44,5,4,VOTE Agent[07]
5,talk,45,5,14,Over
5,talk,46,5,6,Over
5,talk,47,5,7,VOTE Agent[14]
5,talk,48,6,14,Over
5,talk,49,6,3,VOTE Agent[11]
5,talk,50,6,15,VOTE Agent[11]
5,talk,51,6,4,VOTE Agent[07]
5,talk,52,6,11,VOTE Agent[03]
5,talk,53,6,7,VOTE Agent[11]
5,talk,54,6,6,Over
5,talk,55,6,10,Over
5,talk,56,7,15,VOTE Agent[11]
5,talk,57,7,4,VOTE Agent[07]
5,talk,58,7,7,VOTE Agent[11]
5,talk,59,7,3,VOTE Agent[11]
5,talk,60,7,6,Over
5,talk,61,7,14,Over
5,talk,62,7,11,VOTE Agent[03]
5,talk,63,7,10,Over
5,talk,64,8,15,VOTE Agent[03]
5,talk,65,8,7,VOTE Agent[03]
5,talk,66,8,3,VOTE Agent[11]
5,talk,67,8,14,Over
5,talk,68,8,11,VOTE Agent[03]
5,talk,69,8,4,VOTE Agent[03]
5,talk,70,8,6,Over
5,talk,71,8,10,Over
5,talk,72,9,11,Over
5,talk,73,9,10,Over
5,talk,74,9,7,Over
5,talk,75,9,15,Over
5,talk,76,9,3,Over
5,talk,77,9,4,Over
5,talk,78,9,6,Over
5,talk,79,9,14,Over
5,vote,3,11
5,vote,4,7
5,vote,6,3
5,vote,7,4
5,vote,10,14
5,vote,11,7
5,vote,14,3
5,vote,15,4
5,vote,3,11
5,vote,4,11
5,vote,6,3
5,vote,7,4
5,vote,10,14
5,vote,11,7
5,vote,14,3
5,vote,15,4
5,execute,4,VILLAGER
5,guard,7,15,MEDIUM
5,attack,6,true
6,status,1,WEREWOLF,DEAD,sample_py
6,status,2,VILLAGER,DEAD,OKAMI
6,status,3,VILLAGER,ALIVE,HALU
6,status,4,VILLAGER,DEAD,HALU
6,status,5,VILLAGER,DEAD,Tomato5
6,status,6,VILLAGER,DEAD,TOKU10
6,status,7,BODYGUARD,ALIVE,OKAMI
6,status,8,VILLAGER,DEAD,TOKU11
6,status,9,POSSESSED,DEAD,TOKU14
6,status,10,WEREWOLF,ALIVE,sample_py
6,status,11,VILLAGER,ALIVE,HALU
6,status,12,WEREWOLF,DEAD,OKAMI
6,status,13,SEER,DEAD,HALU
6,status,14,VILLAGER,ALIVE,TOKU0
6,status,15,MEDIUM,ALIVE,HALU
6,talk,0,0,11,VOTE Agent[07]
6,talk,1,0,10,VOTE Agent[11]
6,talk,2,0,15,IDENTIFIED Agent[04] HUMAN
6,talk,3,0,7,VOTE Agent[11]
6,talk,4,0,3,VOTE Agent[07]
6,talk,5,0,14,VOTE Agent[11]
6,talk,6,1,15,VOTE Agent[07]
6,talk,7,1,7,VOTE Agent[11]
6,talk,8,1,3,VOTE Agent[15]
6,talk,9,1,10,Skip
6,talk,10,1,11,VOTE Agent[15]
6,talk,11,1,14,Skip
6,talk,12,2,11,VOTE Agent[15]
6,talk,13,2,15,VOTE Agent[07]
6,talk,14,2,10,Skip
6,talk,15,2,14,Skip
6,talk,16,2,7,VOTE Agent[07]
6,talk,17,2,3,VOTE Agent[07]
6,talk,18,3,10,Over
6,talk,19,3,3,VOTE Agent[07]
6,talk,20,3,7,VOTE Agent[07]
6,talk,21,3,15,VOTE Agent[07]
6,talk,22,3,11,VOTE Agent[15]
6,talk,23,3,14,Over
6,talk,24,4,14,Over
6,talk,25,4,15,VOTE Agent[07]
6,talk,26,4,7,VOTE Agent[11]
6,talk,27,4,10,Over
6,talk,28,4,11,VOTE Agent[15]
6,talk,29,4,3,VOTE Agent[07]
6,talk,30,5,7,VOTE Agent[11]
6,talk,31,5,15,VOTE Agent[07]
6,talk,32,5,11,VOTE Agent[15]
6,talk,33,5,3,VOTE Agent[07]
6,talk,34,5,10,Over
6,talk,35,5,14,Over
6,talk,36,6,14,Over
6,talk,37,6,10,Over
6,talk,38,6,11,VOTE Agent[07]
6,talk,39,6,15,VOTE Agent[07]
6,talk,40,6,3,VOTE Agent[15]
6,talk,41,6,7,VOTE Agent[11]
6,talk,42,7,7,VOTE Agent[11]
6,talk,43,7,3,VOTE Agent[15]
6,talk,44,7,15,VOTE Agent[07]
6,talk,45,7,10,Over
6,talk,46,7,11,VOTE Agent[15]
6,talk,47,7,14,Over
6,talk,48,8,7,VOTE Agent[07]
6,talk,49,8,14,Over
6,talk,50,8,11,VOTE Agent[07]
6,talk,51,8,3,VOTE Agent[07]
6,talk,52,8,15,VOTE Agent[07]
6,talk,53,8,10,Over
6,talk,54,9,10,Over
6,talk,55,9,11,Over
6,talk,56,9,7,Over
6,talk,57,9,14,Over
6,talk,58,9,15,Over
6,talk,59,9,3,Over
6,vote,3,7
6,vote,7,11
6,vote,10,11
6,vote,11,15
6,vote,14,7
6,vote,15,7
6,execute,7,BODYGUARD
6,attack,3,true
7,status,1,WEREWOLF,DEAD,sample_py
7,status,2,VILLAGER,DEAD,OKAMI
7,status,3,VILLAGER,DEAD,HALU
7,status,4,VILLAGER,DEAD,HALU
7,status,5,VILLAGER,DEAD,Tomato5
7,status,6,VILLAGER,DEAD,TOKU10
7,status,7,BODYGUARD,DEAD,OKAMI
7,status,8,VILLAGER,DEAD,TOKU11
7,status,9,POSSESSED,DEAD,TOKU14
7,status,10,WEREWOLF,ALIVE,sample_py
7,status,11,VILLAGER,ALIVE,HALU
7,status,12,WEREWOLF,DEAD,OKAMI
7,status,13,SEER,DEAD,HALU
7,status,14,VILLAGER,ALIVE,TOKU0
7,status,15,MEDIUM,ALIVE,HALU
7,talk,0,0,11,VOTE Agent[15]
7,talk,1,0,10,VOTE Agent[14]
7,talk,2,0,15,IDENTIFIED Agent[07] HUMAN
7,talk,3,0,14,VOTE Agent[11]
7,talk,4,1,10,Skip
7,talk,5,1,11,VOTE Agent[15]
7,talk,6,1,14,Skip
7,talk,7,1,15,VOTE Agent[14]
7,talk,8,2,14,VOTE Agent[11]
7,talk,9,2,11,VOTE Agent[15]
7,talk,10,2,10,Skip
7,talk,11,2,15,VOTE Agent[14]
7,talk,12,3,15,VOTE Agent[14]
7,talk,13,3,10,Over
7,talk,14,3,11,VOTE Agent[15]
7,talk,15,3,14,VOTE Agent[11]
7,talk,16,4,15,VOTE Agent[14]
7,talk,17,4,10,Over
7,talk,18,4,14,VOTE Agent[11]
7,talk,19,4,11,VOTE Agent[15]
7,talk,20,5,11,VOTE Agent[15]
7,talk,21,5,15,VOTE Agent[14]
7,talk,22,5,14,VOTE Agent[11]
7,talk,23,5,10,Over
7,talk,24,6,11,VOTE Agent[15]
7,talk,25,6,15,VOTE Agent[14]
7,talk,26,6,10,Over
7,talk,27,6,14,VOTE Agent[11]
7,talk,28,7,11,VOTE Agent[15]
7,talk,29,7,10,Over
7,talk,30,7,14,VOTE Agent[11]
7,talk,31,7,15,VOTE Agent[14]
7,talk,32,8,14,VOTE Agent[11]
7,talk,33,8,11,VOTE Agent[15]
7,talk,34,8,15,VOTE Agent[14]
7,talk,35,8,10,Over
7,talk,36,9,14,VOTE Agent[11]
7,talk,37,9,11,Over
7,talk,38,9,10,Over
7,talk,39,9,15,Over
7,talk,40,10,14,VOTE Agent[11]
7,talk,41,10,15,Over
7,talk,42,10,10,Over
7,talk,43,10,11,Over
7,talk,44,11,10,Over
7,talk,45,11,11,Over
7,talk,46,11,14,Over
7,talk,47,11,15,Over
7,vote,10,14
7,vote,11,15
7,vote,14,11
7,vote,15,14
7,execute,14,VILLAGER
7,attack,11,true
8,status,1,WEREWOLF,DEAD,sample_py
8,status,2,VILLAGER,DEAD,OKAMI
8,status,3,VILLAGER,DEAD,HALU
8,status,4,VILLAGER,DEAD,HALU
8,status,5,VILLAGER,DEAD,Tomato5
8,status,6,VILLAGER,DEAD,TOKU10
8,status,7,BODYGUARD,DEAD,OKAMI
8,status,8,VILLAGER,DEAD,TOKU11
8,status,9,POSSESSED,DEAD,TOKU14
8,status,10,WEREWOLF,ALIVE,sample_py
8,status,11,VILLAGER,DEAD,HALU
8,status,12,WEREWOLF,DEAD,OKAMI
8,status,13,SEER,DEAD,HALU
8,status,14,VILLAGER,DEAD,TOKU0
8,status,15,MEDIUM,ALIVE,HALU
8,result,1,1,WEREWOLF
