0,status,1,WEREWOLF,ALIVE,Tomato4
0,status,2,VILLAGER,ALIVE,sample_py
0,status,3,SEER,ALIVE,SampleJava14
0,status,4,WEREWOLF,ALIVE,HALU
0,status,5,VILLAGER,ALIVE,OKAMI
0,status,6,VILLAGER,ALIVE,HALU
0,status,7,WEREWOLF,ALIVE,HALU
0,status,8,VILLAGER,ALIVE,OKAMI
0,status,9,MEDIUM,ALIVE,Takeda12
0,status,10,VILLAGER,ALIVE,OKAMI
0,status,11,BODYGUARD,ALIVE,TOKU0
0,status,12,POSSESSED,ALIVE,HALU
0,status,13,VILLAGER,ALIVE,sample_py
0,status,14,VILLAGER,ALIVE,Tomato7
0,status,15,VILLAGER,ALIVE,SampleJava2
0,whisper,0,0,1,COMINGOUT Agent[01] VILLAGER
0,whisper,1,0,7,COMINGOUT Agent[07] VILLAGER
0,whisper,2,0,4,COMINGOUT Agent[04] MEDIUM
0,whisper,3,1,1,Skip
0,whisper,4,1,7,Skip
0,whisper,5,1,4,Skip
0,whisper,6,2,4,Skip
0,whisper,7,2,1,Skip
0,whisper,8,2,7,Skip
0,whisper,9,3,4,Over
0,whisper,10,3,1,COMINGOUT Agent[01] SEER
0,whisper,11,3,7,Over
0,whisper,12,4,4,Over
0,whisper,13,4,7,Over
0,whisper,14,4,1,Skip
0,whisper,15,5,4,Over
0,whisper,16,5,7,Over
0,whisper,17,5,1,Skip
0,whisper,18,6,4,Over
0,whisper,19,6,1,Over
0,whisper,20,6,7,Over
0,divine,3,4,WEREWOLF
1,status,1,WEREWOLF,ALIVE,Tomato4
1,status,2,VILLAGER,ALIVE,sample_py
1,status,3,SEER,ALIVE,SampleJava14
1,status,4,WEREWOLF,ALIVE,HALU
1,status,5,VILLAGER,ALIVE,OKAMI
1,status,6,VILLAGER,ALIVE,HALU
1,status,7,WEREWOLF,ALIVE,HALU
1,status,8,VILLAGER,ALIVE,OKAMI
1,status,9,MEDIUM,ALIVE,Takeda12
1,status,10,VILLAGER,ALIVE,OKAMI
1,status,11,BODYGUARD,ALIVE,TOKU0
1,status,12,POSSESSED,ALIVE,HALU
1,status,13,VILLAGER,ALIVE,sample_py
1,status,14,VILLAGER,ALIVE,Tomato7
1,status,15,VILLAGER,ALIVE,SampleJava2
1,talk,0,0,3,COMINGOUT Agent[03] SEER
1,talk,1,0,12,COMINGOUT Agent[12] SEER
1,talk,2,0,10,VOTE Agent[01]
1,talk,3,0,2,VOTE Agent[14]
1,talk,4,0,11,VOTE Agent[14]
1,talk,5,0,7,VOTE Agent[10]
1,talk,6,0,14,VOTE Agent[10]
1,talk,7,0,6,VOTE Agent[10]
1,talk,8,0,9,COMINGOUT Agent[09] MEDIUM
1,talk,9,0,13,VOTE Agent[04]
1,talk,10,0,4,COMINGOUT Agent[04] MEDIUM
1,talk,11,0,1,COMINGOUT Agent[01] SEER
1,talk,12,0,8,VOTE Agent[14]
1,talk,13,0,15,VOTE Agent[02]
1,talk,14,0,5,VOTE Agent[10]
1,talk,15,1,8,COMINGOUT Agent[08] VILLAGER
1,talk,16,1,9,VOTE Agent[04]
1,talk,17,1,11,VOTE Agent[01]
1,talk,18,1,4,VOTE Agent[09]
1,talk,19,1,3,DAY 1 (DIVINED Agent[04] WEREWOLF)
1,talk,20,1,15,REQUEST ANY (VOTE Agent[02])
1,talk,21,1,7,VOTE Agent[04]
1,talk,22,1,12,DIVINED Agent[01] WEREWOLF
1,talk,23,1,6,VOTE Agent[04]
1,talk,24,1,13,VOTE Agent[01]
1,talk,25,1,14,VOTE Agent[01]
1,talk,26,1,10,COMINGOUT Agent[10] VILLAGER
1,talk,27,1,2,VOTE Agent[01]
1,talk,28,1,5,COMINGOUT Agent[05] VILLAGER
1,talk,29,1,1,DIVINED Agent[15] HUMAN
1,talk,30,2,11,Skip
1,talk,31,2,1,VOTE Agent[04]
1,talk,32,2,6,VOTE Agent[01]
1,talk,33,2,15,Skip
1,talk,34,2,8,VOTE Agent[01]
1,talk,35,2,10,VOTE Agent[01]
1,talk,36,2,7,VOTE Agent[04]
1,talk,37,2,14,Skip
1,talk,38,2,4,VOTE Agent[09]
1,talk,39,2,12,VOTE Agent[04]
1,talk,40,2,2,Skip
1,talk,41,2,9,Skip
1,talk,42,2,13,Skip
1,talk,43,2,3,DIVINED Agent[04] WEREWOLF
1,talk,44,2,5,VOTE Agent[01]
1,talk,45,3,7,VOTE Agent[04]
1,talk,46,3,8,VOTE Agent[01]
1,talk,47,3,6,VOTE Agent[12]
1,talk,48,3,4,VOTE Agent[09]
1,talk,49,3,13,Skip
1,talk,50,3,11,Skip
1,talk,51,3,1,Skip
1,talk,52,3,10,VOTE Agent[12]
1,talk,53,3,15,Skip
1,talk,54,3,3,BECAUSE (DAY 1 (DIVINED Agent[04] WEREWOLF)) (AND (VOTE Agent[04]) (REQUEST ANY (VOTE Agent[04])))
1,talk,55,3,14,Skip
1,talk,56,3,2,Skip
1,talk,57,3,5,VOTE Agent[12]
1,talk,58,3,9,Skip
1,talk,59,3,12,VOTE Agent[01]
1,talk,60,4,15,Over
1,talk,61,4,13,Over
1,talk,62,4,11,VOTE Agent[04]
1,talk,63,4,14,Over
1,talk,64,4,8,VOTE Agent[12]
1,talk,65,4,6,VOTE Agent[12]
1,talk,66,4,2,Over
1,talk,67,4,4,VOTE Agent[09]
1,talk,68,4,10,VOTE Agent[12]
1,talk,69,4,7,VOTE Agent[04]
1,talk,70,4,5,VOTE Agent[12]
1,talk,71,4,9,Over
1,talk,72,4,3,VOTE Agent[04]
1,talk,73,4,12,VOTE Agent[03]
1,talk,74,4,1,Skip
1,talk,75,5,6,VOTE Agent[03]
1,talk,76,5,8,VOTE Agent[03]
1,talk,77,5,11,Skip
1,talk,78,5,2,Over
1,talk,79,5,10,VOTE Agent[03]
1,talk,80,5,1,Over
1,talk,81,5,5,VOTE Agent[01]
1,talk,82,5,12,VOTE Agent[01]
1,talk,83,5,9,Over
1,talk,84,5,13,Over
1,talk,85,5,14,Over
1,talk,86,5,3,REQUEST ANY (VOTE Agent[04])
1,talk,87,5,15,Over
1,talk,88,5,4,VOTE Agent[09]
1,talk,89,5,7,VOTE Agent[04]
1,talk,90,6,2,Over
1,talk,91,6,8,VOTE Agent[03]
1,talk,92,6,6,VOTE Agent[12]
1,talk,93,6,5,VOTE Agent[03]
1,talk,94,6,12,VOTE Agent[01]
1,talk,95,6,14,Over
1,talk,96,6,7,VOTE Agent[04]
1,talk,97,6,13,Over
1,talk,98,6,1,Over
1,talk,99,6,10,VOTE Agent[03]
1,talk,100,6,3,Skip
1,talk,101,6,11,VOTE Agent[01]
1,talk,102,6,15,Over
1,talk,103,6,4,VOTE Agent[09]
1,talk,104,6,9,Over
1,talk,105,7,8,VOTE Agent[03]
1,talk,106,7,9,Over
1,talk,107,7,11,Skip
1,talk,108,7,7,VOTE Agent[04]
1,talk,109,7,5,VOTE Agent[03]
1,talk,110,7,14,Over
1,talk,111,7,15,Over
1,talk,112,7,6,VOTE Agent[01]
1,talk,113,7,10,VOTE Agent[03]
1,talk,114,7,13,Over
1,talk,115,7,4,VOTE Agent[09]
1,talk,116,7,1,Over
1,talk,117,7,2,Over
1,talk,118,7,3,Skip
1,talk,119,7,12,VOTE Agent[04]
1,talk,120,8,10,VOTE Agent[03]
1,talk,121,8,6,VOTE Agent[12]
1,talk,122,8,11,VOTE Agent[04]
1,talk,123,8,9,Over
1,talk,124,8,1,Over
1,talk,125,8,2,Over
1,talk,126,8,12,VOTE Agent[04]
1,talk,127,8,8,VOTE Agent[03]
1,talk,128,8,4,VOTE Agent[09]
1,talk,129,8,14,Over
1,talk,130,8,5,VOTE Agent[03]
1,talk,131,8,15,Over
1,talk,132,8,7,VOTE Agent[04]
1,talk,133,8,13,Over
1,talk,134,8,3,Over
1,talk,135,9,9,Over
1,talk,136,9,3,Over
1,talk,137,9,11,VOTE Agent[01]
1,talk,138,9,6,Over
1,talk,139,9,10,Over
1,talk,140,9,14,Over
1,talk,141,9,1,Over
1,talk,142,9,7,Over
1,talk,143,9,12,Over
1,talk,144,9,2,Over
1,talk,145,9,13,Over
1,talk,146,9,5,Over
1,talk,147,9,15,Over
1,talk,148,9,8,Over
1,talk,149,9,4,Over
1,talk,150,10,6,Over
1,talk,151,10,2,Over
1,talk,152,10,7,Over
1,talk,153,10,8,Over
1,talk,154,10,15,Over
1,talk,155,10,11,Skip
1,talk,156,10,4,Over
1,talk,157,10,1,Over
1,talk,158,10,9,Over
1,talk,159,10,14,Over
1,talk,160,10,12,Over
1,talk,161,10,10,Over
1,talk,162,10,3,Over
1,talk,163,10,13,Over
1,talk,164,10,5,Over
1,talk,165,11,10,Over
1,talk,166,11,9,Over
1,talk,167,11,14,Over
1,talk,168,11,12,Over
1,talk,169,11,8,Over
1,talk,170,11,13,Over
1,talk,171,11,2,Over
1,talk,172,11,6,Over
1,talk,173,11,7,Over
1,talk,174,11,3,Over
1,talk,175,11,11,Skip
1,talk,176,11,15,Over
1,talk,177,11,4,Over
1,talk,178,11,5,Over
1,talk,179,11,1,Over
1,talk,180,12,1,Over
1,talk,181,12,4,Over
1,talk,182,12,9,Over
1,talk,183,12,10,Over
1,talk,184,12,7,Over
1,talk,185,12,15,Over
1,talk,186,12,13,Over
1,talk,187,12,5,Over
1,talk,188,12,2,Over
1,talk,189,12,14,Over
1,talk,190,12,11,Over
1,talk,191,12,6,Over
1,talk,192,12,8,Over
1,talk,193,12,12,Over
1,talk,194,12,3,Over
1,vote,1,4
1,vote,2,1
1,vote,3,4
1,vote,4,9
1,vote,5,3
1,vote,6,12
1,vote,7,4
1,vote,8,3
1,vote,9,4
1,vote,10,3
1,vote,11,1
1,vote,12,1
1,vote,13,1
1,vote,14,1
1,vote,15,4
1,vote,1,4
1,vote,2,1
1,vote,3,1
1,vote,4,9
1,vote,5,3
1,vote,6,12
1,vote,7,4
1,vote,8,3
1,vote,9,4
1,vote,10,3
1,vote,11,1
1,vote,12,1
1,vote,13,1
1,vote,14,1
1,vote,15,1
1,execute,1,WEREWOLF
1,divine,3,13,HUMAN
1,whisper,0,0,4,ATTACK Agent[03]
1,whisper,1,0,7,ATTACK Agent[03]
1,whisper,2,1,7,Skip
1,whisper,3,1,4,Skip
1,whisper,4,2,7,Skip
1,whisper,5,2,4,Skip
1,whisper,6,3,7,Over
1,whisper,7,3,4,Over
1,guard,11,3,SEER
1,attackVote,4,3
1,attackVote,7,3
1,attack,3,false
2,status,1,WEREWOLF,DEAD,Tomato4
2,status,2,VILLAGER,ALIVE,sample_py
2,status,3,SEER,ALIVE,SampleJava14
2,status,4,WEREWOLF,ALIVE,HALU
2,status,5,VILLAGER,ALIVE,OKAMI
2,status,6,VILLAGER,ALIVE,HALU
2,status,7,WEREWOLF,ALIVE,HALU
2,status,8,VILLAGER,ALIVE,OKAMI
2,status,9,MEDIUM,ALIVE,Takeda12
2,status,10,VILLAGER,ALIVE,OKAMI
2,status,11,BODYGUARD,ALIVE,TOKU0
2,status,12,POSSESSED,ALIVE,HALU
2,status,13,VILLAGER,ALIVE,sample_py
2,status,14,VILLAGER,ALIVE,Tomato7
2,status,15,VILLAGER,ALIVE,SampleJava2
2,talk,0,0,15,VOTE Agent[02]
2,talk,1,0,2,VOTE Agent[04]
2,talk,2,0,11,VOTE Agent[04]
2,talk,3,0,7,VOTE Agent[04]
2,talk,4,0,9,IDENTIFIED Agent[01] WEREWOLF
2,talk,5,0,6,VOTE Agent[03]
2,talk,6,0,14,VOTE Agent[04]
2,talk,7,0,12,DIVINED Agent[15] WEREWOLF
2,talk,8,0,10,VOTE Agent[03]
2,talk,9,0,4,IDENTIFIED Agent[01] WEREWOLF
2,talk,10,0,5,VOTE Agent[03]
2,talk,11,0,13,VOTE Agent[04]
2,talk,12,0,3,DAY 2 (DIVINED Agent[13] HUMAN)
2,talk,13,0,8,VOTE Agent[03]
2,talk,14,1,15,REQUEST ANY (VOTE Agent[02])
2,talk,15,1,9,Skip
2,talk,16,1,11,Skip
2,talk,17,1,10,COMINGOUT Agent[10] VILLAGER
2,talk,18,1,13,Skip
2,talk,19,1,2,Skip
2,talk,20,1,12,VOTE Agent[15]
2,talk,21,1,6,VOTE Agent[05]
2,talk,22,1,4,VOTE Agent[09]
2,talk,23,1,8,COMINGOUT Agent[08] VILLAGER
2,talk,24,1,7,VOTE Agent[04]
2,talk,25,1,5,COMINGOUT Agent[05] VILLAGER
2,talk,26,1,14,Skip
2,talk,27,1,3,DIVINED Agent[13] HUMAN
2,talk,28,2,4,VOTE Agent[09]
2,talk,29,2,3,BECAUSE (DAY 1 (DIVINED Agent[04] WEREWOLF)) (AND (VOTE Agent[04]) (REQUEST ANY (VOTE Agent[04])))
2,talk,30,2,15,BECAUSE (AND (COMINGOUT Agent[15] VILLAGER) (DAY 2 (Agent[12] DIVINED Agent[15] WEREWOLF))) (XOR (ESTIMATE Agent[12] WEREWOLF) (ESTIMATE Agent[12] POSSESSED))
2,talk,31,2,5,VOTE Agent[03]
2,talk,32,2,13,Skip
2,talk,33,2,6,VOTE Agent[03]
2,talk,34,2,12,VOTE Agent[15]
2,talk,35,2,8,VOTE Agent[03]
2,talk,36,2,7,VOTE Agent[04]
2,talk,37,2,11,Skip
2,talk,38,2,2,Skip
2,talk,39,2,10,VOTE Agent[03]
2,talk,40,2,14,Skip
2,talk,41,2,9,Skip
2,talk,42,3,14,Over
2,talk,43,3,2,Over
2,talk,44,3,6,VOTE Agent[05]
2,talk,45,3,11,Over
2,talk,46,3,9,Over
2,talk,47,3,8,VOTE Agent[05]
2,talk,48,3,4,VOTE Agent[09]
2,talk,49,3,5,VOTE Agent[03]
2,talk,50,3,10,VOTE Agent[03]
2,talk,51,3,12,VOTE Agent[04]
2,talk,52,3,13,Over
2,talk,53,3,15,BECAUSE (XOR (ESTIMATE Agent[12] WEREWOLF) (ESTIMATE Agent[12] POSSESSED)) (AND (VOTE Agent[12]) (REQUEST ANY (VOTE Agent[12])))
2,talk,54,3,7,VOTE Agent[04]
2,talk,55,3,3,VOTE Agent[04]
2,talk,56,4,15,VOTE Agent[12]
2,talk,57,4,12,VOTE Agent[03]
2,talk,58,4,14,Over
2,talk,59,4,13,Over
2,talk,60,4,6,VOTE Agent[03]
2,talk,61,4,8,VOTE Agent[03]
2,talk,62,4,10,VOTE Agent[03]
2,talk,63,4,9,Over
2,talk,64,4,5,VOTE Agent[03]
2,talk,65,4,4,VOTE Agent[09]
2,talk,66,4,7,VOTE Agent[04]
2,talk,67,4,11,Over
2,talk,68,4,3,REQUEST ANY (VOTE Agent[04])
2,talk,69,4,2,Over
2,talk,70,5,5,VOTE Agent[03]
2,talk,71,5,11,Over
2,talk,72,5,8,VOTE Agent[03]
2,talk,73,5,10,VOTE Agent[03]
2,talk,74,5,3,Skip
2,talk,75,5,12,VOTE Agent[03]
2,talk,76,5,13,Over
2,talk,77,5,15,REQUEST ANY (VOTE Agent[12])
2,talk,78,5,14,VOTE Agent[03]
2,talk,79,5,9,Over
2,talk,80,5,4,VOTE Agent[09]
2,talk,81,5,2,Over
2,talk,82,5,6,VOTE Agent[03]
2,talk,83,5,7,VOTE Agent[04]
2,talk,84,6,4,VOTE Agent[09]
2,talk,85,6,12,VOTE Agent[04]
2,talk,86,6,7,VOTE Agent[04]
2,talk,87,6,6,VOTE Agent[03]
2,talk,88,6,9,Over
2,talk,89,6,3,Skip
2,talk,90,6,10,VOTE Agent[03]
2,talk,91,6,5,VOTE Agent[03]
2,talk,92,6,11,Over
2,talk,93,6,14,VOTE Agent[04]
2,talk,94,6,8,VOTE Agent[03]
2,talk,95,6,13,Over
2,talk,96,6,2,Over
2,talk,97,6,15,Skip
2,talk,98,7,12,VOTE Agent[15]
2,talk,99,7,7,VOTE Agent[04]
2,talk,100,7,4,VOTE Agent[09]
2,talk,101,7,14,Skip
2,talk,102,7,11,Over
2,talk,103,7,8,VOTE Agent[03]
2,talk,104,7,13,Over
2,talk,105,7,2,Over
2,talk,106,7,5,VOTE Agent[03]
2,talk,107,7,15,Skip
2,talk,108,7,6,VOTE Agent[05]
2,talk,109,7,10,VOTE Agent[05]
2,talk,110,7,9,Over
2,talk,111,7,3,Over
2,talk,112,8,11,Over
2,talk,113,8,13,Over
2,talk,114,8,9,Over
2,talk,115,8,12,VOTE Agent[04]
2,talk,116,8,5,VOTE Agent[03]
2,talk,117,8,7,VOTE Agent[04]
2,talk,118,8,15,Over
2,talk,119,8,2,Over
2,talk,120,8,6,VOTE Agent[05]
2,talk,121,8,10,VOTE Agent[05]
2,talk,122,8,3,Over
2,talk,123,8,14,Skip
2,talk,124,8,8,VOTE Agent[03]
2,talk,125,8,4,VOTE Agent[09]
2,talk,126,9,9,Over
2,talk,127,9,6,Over
2,talk,128,9,13,Over
2,talk,129,9,10,Over
2,talk,130,9,8,Over
2,talk,131,9,15,Over
2,talk,132,9,12,Over
2,talk,133,9,14,Over
2,talk,134,9,5,Over
2,talk,135,9,3,Over
2,talk,136,9,7,Over
2,talk,137,9,4,Over
2,talk,138,9,2,Over
2,talk,139,9,11,Over
2,vote,2,4
2,vote,3,4
2,vote,4,9
2,vote,5,3
2,vote,6,5
2,vote,7,4
2,vote,8,3
2,vote,9,4
2,vote,10,5
2,vote,11,4
2,vote,12,4
2,vote,13,4
2,vote,14,4
2,vote,15,12
2,execute,4,WEREWOLF
2,divine,3,11,HUMAN
2,guard,11,3,SEER
2,attackVote,7,9
2,attack,9,true
3,status,1,WEREWOLF,DEAD,Tomato4
3,status,2,VILLAGER,ALIVE,sample_py
3,status,3,SEER,ALIVE,SampleJava14
3,status,4,WEREWOLF,DEAD,HALU
3,status,5,VILLAGER,ALIVE,OKAMI
3,status,6,VILLAGER,ALIVE,HALU
3,status,7,WEREWOLF,ALIVE,HALU
3,status,8,VILLAGER,ALIVE,OKAMI
3,status,9,MEDIUM,DEAD,Takeda12
3,status,10,VILLAGER,ALIVE,OKAMI
3,status,11,BODYGUARD,ALIVE,TOKU0
3,status,12,POSSESSED,ALIVE,HALU
3,status,13,VILLAGER,ALIVE,sample_py
3,status,14,VILLAGER,ALIVE,Tomato7
3,status,15,VILLAGER,ALIVE,SampleJava2
3,talk,0,0,15,BECAUSE (AND (COMINGOUT Agent[15] VILLAGER) (DAY 2 (Agent[12] DIVINED Agent[15] WEREWOLF))) (XOR (ESTIMATE Agent[12] WEREWOLF) (ESTIMATE Agent[12] POSSESSED))
3,talk,1,0,7,VOTE Agent[15]
3,talk,2,0,3,DAY 3 (DIVINED Agent[11] HUMAN)
3,talk,3,0,14,VOTE Agent[03]
3,talk,4,0,2,VOTE Agent[15]
3,talk,5,0,8,VOTE Agent[03]
3,talk,6,0,10,VOTE Agent[03]
3,talk,7,0,12,DIVINED Agent[06] HUMAN
3,talk,8,0,6,VOTE Agent[03]
3,talk,9,0,13,VOTE Agent[15]
3,talk,10,0,5,VOTE Agent[03]
3,talk,11,0,11,VOTE Agent[15]
3,talk,12,1,13,Skip
3,talk,13,1,12,VOTE Agent[15]
3,talk,14,1,5,COMINGOUT Agent[05] VILLAGER
3,talk,15,1,2,Skip
3,talk,16,1,6,VOTE Agent[05]
3,talk,17,1,15,BECAUSE (XOR (ESTIMATE Agent[12] WEREWOLF) (ESTIMATE Agent[12] POSSESSED)) (AND (VOTE Agent[12]) (REQUEST ANY (VOTE Agent[12])))
3,talk,18,1,7,VOTE Agent[15]
3,talk,19,1,3,DIVINED Agent[11] HUMAN
3,talk,20,1,8,COMINGOUT Agent[08] VILLAGER
3,talk,21,1,10,COMINGOUT Agent[10] VILLAGER
3,talk,22,1,14,Skip
3,talk,23,1,11,Skip
3,talk,24,2,13,Skip
3,talk,25,2,3,BECAUSE (AND (COMINGOUT Agent[03] SEER) (Agent[12] COMINGOUT Agent[12] SEER)) (XOR (ESTIMATE Agent[12] WEREWOLF) (ESTIMATE Agent[12] POSSESSED))
3,talk,26,2,2,Skip
3,talk,27,2,8,VOTE Agent[05]
3,talk,28,2,6,VOTE Agent[05]
3,talk,29,2,5,VOTE Agent[03]
3,talk,30,2,12,VOTE Agent[15]
3,talk,31,2,7,VOTE Agent[15]
3,talk,32,2,15,VOTE Agent[12]
3,talk,33,2,10,VOTE Agent[05]
3,talk,34,2,14,Skip
3,talk,35,2,11,Skip
3,talk,36,3,10,VOTE Agent[05]
3,talk,37,3,3,BECAUSE (XOR (ESTIMATE Agent[12] WEREWOLF) (ESTIMATE Agent[12] POSSESSED)) (AND (VOTE Agent[12]) (REQUEST ANY (VOTE Agent[12])))
3,talk,38,3,12,VOTE Agent[15]
3,talk,39,3,15,REQUEST ANY (VOTE Agent[12])
3,talk,40,3,13,Over
3,talk,41,3,8,VOTE Agent[03]
3,talk,42,3,6,VOTE Agent[05]
3,talk,43,3,11,Over
3,talk,44,3,14,Over
3,talk,45,3,7,VOTE Agent[15]
3,talk,46,3,2,Over
3,talk,47,3,5,VOTE Agent[03]
3,talk,48,4,14,Over
3,talk,49,4,6,VOTE Agent[05]
3,talk,50,4,10,VOTE Agent[05]
3,talk,51,4,13,Over
3,talk,52,4,8,VOTE Agent[03]
3,talk,53,4,3,VOTE Agent[12]
3,talk,54,4,5,VOTE Agent[03]
3,talk,55,4,11,Over
3,talk,56,4,15,Skip
3,talk,57,4,7,VOTE Agent[15]
3,talk,58,4,2,Over
3,talk,59,4,12,VOTE Agent[15]
3,talk,60,5,13,Over
3,talk,61,5,12,VOTE Agent[15]
3,talk,62,5,7,VOTE Agent[15]
3,talk,63,5,15,Skip
3,talk,64,5,2,Over
3,talk,65,5,3,REQUEST ANY (VOTE Agent[12])
3,talk,66,5,14,Over
3,talk,67,5,6,VOTE Agent[05]
3,talk,68,5,10,VOTE Agent[05]
3,talk,69,5,11,Over
3,talk,70,5,5,VOTE Agent[03]
3,talk,71,5,8,VOTE Agent[05]
3,talk,72,6,11,Over
3,talk,73,6,6,VOTE Agent[03]
3,talk,74,6,12,VOTE Agent[15]
3,talk,75,6,13,Over
3,talk,76,6,8,VOTE Agent[05]
3,talk,77,6,7,VOTE Agent[15]
3,talk,78,6,14,Over
3,talk,79,6,10,VOTE Agent[05]
3,talk,80,6,15,Over
3,talk,81,6,2,Over
3,talk,82,6,3,Skip
3,talk,83,6,5,VOTE Agent[03]
3,talk,84,7,7,VOTE Agent[15]
3,talk,85,7,10,VOTE Agent[05]
3,talk,86,7,3,Skip
3,talk,87,7,5,VOTE Agent[03]
3,talk,88,7,6,VOTE Agent[05]
3,talk,89,7,12,VOTE Agent[15]
3,talk,90,7,13,Over
3,talk,91,7,11,Over
3,talk,92,7,2,Over
3,talk,93,7,8,VOTE Agent[03]
3,talk,94,7,14,Over
3,talk,95,7,15,Over
3,talk,96,8,12,VOTE Agent[15]
3,talk,97,8,8,VOTE Agent[03]
3,talk,98,8,13,Over
3,talk,99,8,11,Over
3,talk,100,8,3,Over
3,talk,101,8,10,VOTE Agent[05]
3,talk,102,8,7,VOTE Agent[15]
3,talk,103,8,5,VOTE Agent[03]
3,talk,104,8,2,Over
3,talk,105,8,14,Over
3,talk,106,8,6,VOTE Agent[03]
3,talk,107,8,15,Over
3,talk,108,9,10,Over
3,talk,109,9,11,Over
3,talk,110,9,5,Over
3,talk,111,9,15,Over
3,talk,112,9,13,Over
3,talk,113,9,6,Over
3,talk,114,9,3,Over
3,talk,115,9,2,Over
3,talk,116,9,8,Over
3,talk,117,9,7,Over
3,talk,118,9,14,Over
3,talk,119,9,12,Over
3,vote,2,15
3,vote,3,12
3,vote,5,3
3,vote,6,3
3,vote,7,15
3,vote,8,5
3,vote,10,3
3,vote,11,15
3,vote,12,15
3,vote,13,15
3,vote,14,3
3,vote,15,12
3,execute,15,VILLAGER
3,divine,3,12,HUMAN
3,guard,11,3,SEER
3,attack,2,true
4,status,1,WEREWOLF,DEAD,Tomato4
4,status,2,VILLAGER,DEAD,sample_py
4,status,3,SEER,ALIVE,SampleJava14
4,status,4,WEREWOLF,DEAD,HALU
4,status,5,VILLAGER,ALIVE,OKAMI
4,status,6,VILLAGER,ALIVE,HALU
4,status,7,WEREWOLF,ALIVE,HALU
4,status,8,VILLAGER,ALIVE,OKAMI
4,status,9,MEDIUM,DEAD,Takeda12
4,status,10,VILLAGER,ALIVE,OKAMI
4,status,11,BODYGUARD,ALIVE,TOKU0
4,status,12,POSSESSED,ALIVE,HALU
4,status,13,VILLAGER,ALIVE,sample_py
4,status,14,VILLAGER,ALIVE,Tomato7
4,status,15,VILLAGER,DEAD,SampleJava2
4,talk,0,0,6,VOTE Agent[05]
4,talk,1,0,3,DAY 4 (DIVINED Agent[12] HUMAN)
4,talk,2,0,7,VOTE Agent[14]
4,talk,3,0,12,DIVINED Agent[11] WEREWOLF
4,talk,4,0,5,VOTE Agent[08]
4,talk,5,0,11,VOTE Agent[07]
4,talk,6,0,8,VOTE Agent[05]
4,talk,7,0,10,VOTE Agent[05]
4,talk,8,0,13,VOTE Agent[11]
4,talk,9,0,14,VOTE Agent[03]
4,talk,10,1,6,VOTE Agent[05]
4,talk,11,1,5,COMINGOUT Agent[05] VILLAGER
4,talk,12,1,11,Skip
4,talk,13,1,13,Skip
4,talk,14,1,14,Skip
4,talk,15,1,8,COMINGOUT Agent[08] VILLAGER
4,talk,16,1,10,COMINGOUT Agent[10] VILLAGER
4,talk,17,1,3,DIVINED Agent[12] HUMAN
4,talk,18,1,12,VOTE Agent[11]
4,talk,19,1,7,VOTE Agent[11]
4,talk,20,2,8,VOTE Agent[03]
4,talk,21,2,13,Skip
4,talk,22,2,6,VOTE Agent[05]
4,talk,23,2,14,Skip
4,talk,24,2,7,VOTE Agent[11]
4,talk,25,2,5,VOTE Agent[03]
4,talk,26,2,10,VOTE Agent[05]
4,talk,27,2,11,Skip
4,talk,28,2,3,BECAUSE (AND (AND (COMINGOUT Agent[03] SEER) (Agent[12] COMINGOUT Agent[12] SEER)) (DAY 4 (DIVINED Agent[12] HUMAN))) (ESTIMATE Agent[12] POSSESSED)
4,talk,29,2,12,VOTE Agent[11]
4,talk,30,3,5,VOTE Agent[03]
4,talk,31,3,11,Over
4,talk,32,3,10,VOTE Agent[05]
4,talk,33,3,14,Over
4,talk,34,3,12,VOTE Agent[11]
4,talk,35,3,6,VOTE Agent[05]
4,talk,36,3,7,VOTE Agent[11]
4,talk,37,3,3,VOTE Agent[10]
4,talk,38,3,8,VOTE Agent[03]
4,talk,39,3,13,Over
4,talk,40,4,5,VOTE Agent[03]
4,talk,41,4,14,Over
4,talk,42,4,7,VOTE Agent[11]
4,talk,43,4,12,VOTE Agent[11]
4,talk,44,4,13,Over
4,talk,45,4,8,VOTE Agent[03]
4,talk,46,4,10,VOTE Agent[05]
4,talk,47,4,3,REQUEST ANY (VOTE Agent[10])
4,talk,48,4,11,Over
4,talk,49,4,6,VOTE Agent[05]
4,talk,50,5,10,VOTE Agent[05]
4,talk,51,5,13,Over
4,talk,52,5,5,VOTE Agent[03]
4,talk,53,5,3,Skip
4,talk,54,5,14,Over
4,talk,55,5,8,VOTE Agent[05]
4,talk,56,5,6,VOTE Agent[03]
4,talk,57,5,7,VOTE Agent[11]
4,talk,58,5,12,VOTE Agent[11]
4,talk,59,5,11,Over
4,talk,60,6,8,VOTE Agent[05]
4,talk,61,6,12,VOTE Agent[03]
4,talk,62,6,6,VOTE Agent[03]
4,talk,63,6,7,VOTE Agent[11]
4,talk,64,6,3,Skip
4,talk,65,6,5,VOTE Agent[03]
4,talk,66,6,10,VOTE Agent[05]
4,talk,67,6,14,Over
4,talk,68,6,11,Over
4,talk,69,6,13,Over
4,talk,70,7,7,VOTE Agent[11]
4,talk,71,7,8,VOTE Agent[05]
4,talk,72,7,13,Over
4,talk,73,7,5,VOTE Agent[03]
4,talk,74,7,3,Over
4,talk,75,7,14,Over
4,talk,76,7,6,VOTE Agent[03]
4,talk,77,7,11,Over
4,talk,78,7,12,VOTE Agent[11]
4,talk,79,7,10,VOTE Agent[05]
4,talk,80,8,8,VOTE Agent[05]
4,talk,81,8,7,VOTE Agent[11]
4,talk,82,8,13,Over
4,talk,83,8,11,Over
4,talk,84,8,14,Over
4,talk,85,8,12,VOTE Agent[11]
4,talk,86,8,10,VOTE Agent[05]
4,talk,87,8,6,VOTE Agent[05]
4,talk,88,8,5,VOTE Agent[03]
4,talk,89,8,3,Over
4,talk,90,9,11,Over
4,talk,91,9,6,Over
4,talk,92,9,5,Over
4,talk,93,9,3,Over
4,talk,94,9,7,Over
4,talk,95,9,10,Over
4,talk,96,9,13,Over
4,talk,97,9,14,Over
4,talk,98,9,8,Over
4,talk,99,9,12,Over
4,vote,3,11
4,vote,5,3
4,vote,6,3
4,vote,7,11
4,vote,8,3
4,vote,10,3
4,vote,11,7
4,vote,12,11
4,vote,13,11
4,vote,14,3
4,execute,3,SEER
4,guard,11,3,SEER
4,attack,6,true
5,status,1,WEREWOLF,DEAD,Tomato4
5,status,2,VILLAGER,DEAD,sample_py
5,status,3,SEER,DEAD,SampleJava14
5,status,4,WEREWOLF,DEAD,HALU
5,status,5,VILLAGER,ALIVE,OKAMI
5,status,6,VILLAGER,DEAD,HALU
5,status,7,WEREWOLF,ALIVE,HALU
5,status,8,VILLAGER,ALIVE,OKAMI
5,status,9,MEDIUM,DEAD,Takeda12
5,status,10,VILLAGER,ALIVE,OKAMI
5,status,11,BODYGUARD,ALIVE,TOKU0
5,status,12,POSSESSED,ALIVE,HALU
5,status,13,VILLAGER,ALIVE,sample_py
5,status,14,VILLAGER,ALIVE,Tomato7
5,status,15,VILLAGER,DEAD,SampleJava2
5,talk,0,0,10,VOTE Agent[05]
5,talk,1,0,12,DIVINED Agent[14] HUMAN
5,talk,2,0,7,VOTE Agent[11]
5,talk,3,0,14,VOTE Agent[12]
5,talk,4,0,11,VOTE Agent[07]
5,talk,5,0,8,VOTE Agent[05]
5,talk,6,0,5,VOTE Agent[08]
5,talk,7,0,13,VOTE Agent[11]
5,talk,8,1,14,Skip
5,talk,9,1,12,VOTE Agent[11]
5,talk,10,1,8,COMINGOUT Agent[08] VILLAGER
5,talk,11,1,10,COMINGOUT Agent[10] VILLAGER
5,talk,12,1,11,Skip
5,talk,13,1,13,Skip
5,talk,14,1,5,COMINGOUT Agent[05] VILLAGER
5,talk,15,1,7,VOTE Agent[11]
5,talk,16,2,14,Skip
5,talk,17,2,8,VOTE Agent[05]
5,talk,18,2,11,Skip
5,talk,19,2,10,VOTE Agent[05]
5,talk,20,2,7,VOTE Agent[11]
5,talk,21,2,5,VOTE Agent[08]
5,talk,22,2,12,VOTE Agent[11]
5,talk,23,2,13,Skip
5,talk,24,3,11,Over
5,talk,25,3,14,Over
5,talk,26,3,12,VOTE Agent[11]
5,talk,27,3,5,VOTE Agent[08]
5,talk,28,3,8,VOTE Agent[05]
5,talk,29,3,13,Over
5,talk,30,3,7,VOTE Agent[11]
5,talk,31,3,10,VOTE Agent[05]
5,talk,32,4,13,Over
5,talk,33,4,7,VOTE Agent[11]
5,talk,34,4,5,VOTE Agent[08]
5,talk,35,4,12,VOTE Agent[11]
5,talk,36,4,8,VOTE Agent[05]
5,talk,37,4,14,Over
5,talk,38,4,11,Over
5,talk,39,4,10,VOTE Agent[05]
5,talk,40,5,5,VOTE Agent[08]
5,talk,41,5,12,VOTE Agent[11]
5,talk,42,5,14,Over
5,talk,43,5,7,VOTE Agent[11]
5,talk,44,5,8,VOTE Agent[05]
5,talk,45,5,11,Over
5,talk,46,5,10,VOTE Agent[05]
5,talk,47,5,13,Over
5,talk,48,6,5,VOTE Agent[08]
5,talk,49,6,11,Over
5,talk,50,6,8,VOTE Agent[05]
5,talk,51,6,10,VOTE Agent[05]
5,talk,52,6,13,Over
5,talk,53,6,7,VOTE Agent[11]
5,talk,54,6,14,Over
5,talk,55,6,12,VOTE Agent[11]
5,talk,56,7,7,VOTE Agent[11]
5,talk,57,7,10,VOTE Agent[05]
5,talk,58,7,14,Over
5,talk,59,7,11,Over
5,talk,60,7,12,VOTE Agent[11]
5,talk,61,7,5,VOTE Agent[08]
5,talk,62,7,13,Over
5,talk,63,7,8,VOTE Agent[05]
5,talk,64,8,12,VOTE Agent[11]
5,talk,65,8,8,VOTE Agent[05]
5,talk,66,8,13,Over
5,talk,67,8,10,VOTE Agent[05]
5,talk,68,8,11,Over
5,talk,69,8,7,VOTE Agent[11]
5,talk,70,8,5,VOTE Agent[08]
5,talk,71,8,14,Over
5,talk,72,9,11,Over
5,talk,73,9,5,Over
5,talk,74,9,12,Over
5,talk,75,9,14,Over
5,talk,76,9,8,Over
5,talk,77,9,10,Over
5,talk,78,9,7,Over
5,talk,79,9,13,Over
5,vote,5,8
5,vote,7,11
5,vote,8,5
5,vote,10,5
5,vote,11,7
5,vote,12,11
5,vote,13,11
5,vote,14,12
5,execute,11,BODYGUARD
5,attack,10,true
6,status,1,WEREWOLF,DEAD,Tomato4
6,status,2,VILLAGER,DEAD,sample_py
6,status,3,SEER,DEAD,SampleJava14
6,status,4,WEREWOLF,DEAD,HALU
6,status,5,VILLAGER,ALIVE,OKAMI
6,status,6,VILLAGER,DEAD,HALU
6,status,7,WEREWOLF,ALIVE,HALU
6,status,8,VILLAGER,ALIVE,OKAMI
6,status,9,MEDIUM,DEAD,Takeda12
6,status,10,VILLAGER,DEAD,OKAMI
6,status,11,BODYGUARD,DEAD,TOKU0
6,status,12,POSSESSED,ALIVE,HALU
6,status,13,VILLAGER,ALIVE,sample_py
6,status,14,VILLAGER,ALIVE,Tomato7
6,status,15,VILLAGER,DEAD,SampleJava2
6,talk,0,0,12,COMINGOUT Agent[12] POSSESSED
6,talk,1,0,5,VOTE Agent[13]
6,talk,2,0,13,VOTE Agent[08]
6,talk,3,0,14,VOTE Agent[12]
6,talk,4,0,7,VOTE Agent[14]
6,talk,5,0,8,VOTE Agent[13]
6,talk,6,1,7,VOTE Agent[14]
6,talk,7,1,12,VOTE Agent[08]
6,talk,8,1,5,COMINGOUT Agent[05] VILLAGER
6,talk,9,1,13,Skip
6,talk,10,1,14,Skip
6,talk,11,1,8,COMINGOUT Agent[08] VILLAGER
6,talk,12,2,13,Skip
6,talk,13,2,14,Skip
6,talk,14,2,12,VOTE Agent[08]
6,talk,15,2,7,VOTE Agent[14]
6,talk,16,2,8,VOTE Agent[12]
6,talk,17,2,5,VOTE Agent[12]
6,talk,18,3,5,VOTE Agent[12]
6,talk,19,3,8,VOTE Agent[12]
6,talk,20,3,12,VOTE Agent[08]
6,talk,21,3,7,VOTE Agent[08]
6,talk,22,3,13,Over
6,talk,23,3,14,Over
6,talk,24,4,14,Over
6,talk,25,4,13,Over
6,talk,26,4,7,VOTE Agent[08]
6,talk,27,4,8,VOTE Agent[12]
6,talk,28,4,12,VOTE Agent[07]
6,talk,29,4,5,VOTE Agent[07]
6,talk,30,5,12,VOTE Agent[07]
6,talk,31,5,8,VOTE Agent[12]
6,talk,32,5,14,Over
6,talk,33,5,13,Over
6,talk,34,5,7,VOTE Agent[08]
6,talk,35,5,5,VOTE Agent[07]
6,talk,36,6,7,VOTE Agent[08]
6,talk,37,6,13,Over
6,talk,38,6,8,VOTE Agent[12]
6,talk,39,6,12,VOTE Agent[07]
6,talk,40,6,5,VOTE Agent[07]
6,talk,41,6,14,Over
6,talk,42,7,12,VOTE Agent[07]
6,talk,43,7,8,VOTE Agent[12]
6,talk,44,7,5,VOTE Agent[07]
6,talk,45,7,7,VOTE Agent[08]
6,talk,46,7,14,Over
6,talk,47,7,13,Over
6,talk,48,8,5,VOTE Agent[07]
6,talk,49,8,12,VOTE Agent[07]
6,talk,50,8,8,VOTE Agent[12]
6,talk,51,8,14,Over
6,talk,52,8,7,VOTE Agent[08]
6,talk,53,8,13,Over
6,talk,54,9,12,VOTE Agent[07]
6,talk,55,9,8,Over
6,talk,56,9,14,Over
6,talk,57,9,13,Over
6,talk,58,9,7,Over
6,talk,59,9,5,Over
6,talk,60,10,8,Over
6,talk,61,10,7,Over
6,talk,62,10,13,Over
6,talk,63,10,14,Over
6,talk,64,10,12,Over
6,talk,65,10,5,Over
6,vote,5,7
6,vote,7,8
6,vote,8,12
6,vote,12,7
6,vote,13,8
6,vote,14,12
6,vote,5,7
6,vote,7,8
6,vote,8,12
6,vote,12,7
6,vote,13,8
6,vote,14,12
6,execute,7,WEREWOLF
7,status,1,WEREWOLF,DEAD,Tomato4
7,status,2,VILLAGER,DEAD,sample_py
7,status,3,SEER,DEAD,SampleJava14
7,status,4,WEREWOLF,DEAD,HALU
7,status,5,VILLAGER,ALIVE,OKAMI
7,status,6,VILLAGER,DEAD,HALU
7,status,7,WEREWOLF,DEAD,HALU
7,status,8,VILLAGER,ALIVE,OKAMI
7,status,9,MEDIUM,DEAD,Takeda12
7,status,10,VILLAGER,DEAD,OKAMI
7,status,11,BODYGUARD,DEAD,TOKU0
7,status,12,POSSESSED,ALIVE,HALU
7,status,13,VILLAGER,ALIVE,sample_py
7,status,14,VILLAGER,ALIVE,Tomato7
7,status,15,VILLAGER,DEAD,SampleJava2
7,result,5,0,VILLAGER
