0,status,1,WEREWOLF,ALIVE,Tomato4
0,status,2,VILLAGER,ALIVE,sample_py
0,status,3,WEREWOLF,ALIVE,SampleJava14
0,status,4,WEREWOLF,ALIVE,HALU
0,status,5,VILLAGER,ALIVE,OKAMI
0,status,6,VILLAGER,ALIVE,HALU
0,status,7,VILLAGER,ALIVE,HALU
0,status,8,BODYGUARD,ALIVE,OKAMI
0,status,9,POSSESSED,ALIVE,Takeda12
0,status,10,VILLAGER,ALIVE,OKAMI
0,status,11,MEDIUM,ALIVE,TOKU0
0,status,12,VILLAGER,ALIVE,HALU
0,status,13,VILLAGER,ALIVE,sample_py
0,status,14,SEER,ALIVE,Tomato7
0,status,15,VILLAGER,ALIVE,SampleJava2
0,whisper,0,0,4,COMINGOUT Agent[04] MEDIUM
0,whisper,1,0,1,COMINGOUT Agent[01] SEER
0,whisper,2,0,3,COMINGOUT Agent[03] VILLAGER
0,whisper,3,1,1,Skip
0,whisper,4,1,4,COMINGOUT Agent[04] VILLAGER
0,whisper,5,1,3,Skip
0,whisper,6,2,3,Skip
0,whisper,7,2,1,Skip
0,whisper,8,2,4,Skip
0,whisper,9,3,4,Skip
0,whisper,10,3,1,Over
0,whisper,11,3,3,Over
0,whisper,12,4,3,Over
0,whisper,13,4,4,Over
0,whisper,14,4,1,Over
0,divine,14,15,HUMAN
1,status,1,WEREWOLF,ALIVE,Tomato4
1,status,2,VILLAGER,ALIVE,sample_py
1,status,3,WEREWOLF,ALIVE,SampleJava14
1,status,4,WEREWOLF,ALIVE,HALU
1,status,5,VILLAGER,ALIVE,OKAMI
1,status,6,VILLAGER,ALIVE,HALU
1,status,7,VILLAGER,ALIVE,HALU
1,status,8,BODYGUARD,ALIVE,OKAMI
1,status,9,POSSESSED,ALIVE,Takeda12
1,status,10,VILLAGER,ALIVE,OKAMI
1,status,11,MEDIUM,ALIVE,TOKU0
1,status,12,VILLAGER,ALIVE,HALU
1,status,13,VILLAGER,ALIVE,sample_py
1,status,14,SEER,ALIVE,Tomato7
1,status,15,VILLAGER,ALIVE,SampleJava2
1,talk,0,0,10,VOTE Agent[13]
1,talk,1,0,9,COMINGOUT Agent[09] SEER
1,talk,2,0,4,VOTE Agent[10]
1,talk,3,0,2,VOTE Agent[05]
1,talk,4,0,14,COMINGOUT Agent[14] SEER
1,talk,5,0,13,VOTE Agent[14]
1,talk,6,0,7,VOTE Agent[10]
1,talk,7,0,6,VOTE Agent[10]
1,talk,8,0,8,VOTE Agent[13]
1,talk,9,0,3,VOTE Agent[12]
1,talk,10,0,12,VOTE Agent[02]
1,talk,11,0,15,VOTE Agent[09]
1,talk,12,0,5,VOTE Agent[13]
1,talk,13,0,11,COMINGOUT Agent[11] MEDIUM
1,talk,14,0,1,COMINGOUT Agent[01] SEER
1,talk,15,1,11,VOTE Agent[14]
1,talk,16,1,12,VOTE Agent[11]
1,talk,17,1,1,DIVINED Agent[11] HUMAN
1,talk,18,1,3,REQUEST ANY (VOTE Agent[12])
1,talk,19,1,15,REQUEST ANY (VOTE Agent[09])
1,talk,20,1,13,Skip
1,talk,21,1,5,COMINGOUT Agent[05] VILLAGER
1,talk,22,1,6,VOTE Agent[05]
1,talk,23,1,7,VOTE Agent[05]
1,talk,24,1,8,VOTE Agent[05]
1,talk,25,1,14,DIVINED Agent[15] HUMAN
1,talk,26,1,10,COMINGOUT Agent[10] VILLAGER
1,talk,27,1,4,VOTE Agent[12]
1,talk,28,1,9,DIVINED Agent[04] WEREWOLF
1,talk,29,1,2,VOTE Agent[04]
1,talk,30,2,10,VOTE Agent[09]
1,talk,31,2,13,VOTE Agent[04]
1,talk,32,2,7,VOTE Agent[01]
1,talk,33,2,15,Skip
1,talk,34,2,3,Skip
1,talk,35,2,9,VOTE Agent[04]
1,talk,36,2,11,VOTE Agent[01]
1,talk,37,2,14,VOTE Agent[04]
1,talk,38,2,2,Skip
1,talk,39,2,12,VOTE Agent[14]
1,talk,40,2,4,VOTE Agent[12]
1,talk,41,2,8,VOTE Agent[01]
1,talk,42,2,6,VOTE Agent[14]
1,talk,43,2,1,VOTE Agent[04]
1,talk,44,2,5,VOTE Agent[14]
1,talk,45,3,13,Skip
1,talk,46,3,15,Skip
1,talk,47,3,14,Skip
1,talk,48,3,12,VOTE Agent[01]
1,talk,49,3,7,VOTE Agent[01]
1,talk,50,3,4,VOTE Agent[05]
1,talk,51,3,3,Skip
1,talk,52,3,2,Skip
1,talk,53,3,10,VOTE Agent[14]
1,talk,54,3,6,VOTE Agent[01]
1,talk,55,3,8,VOTE Agent[14]
1,talk,56,3,5,VOTE Agent[14]
1,talk,57,3,1,Skip
1,talk,58,3,9,Skip
1,talk,59,3,11,Skip
1,talk,60,4,13,Skip
1,talk,61,4,3,Over
1,talk,62,4,1,Skip
1,talk,63,4,2,Over
1,talk,64,4,9,Skip
1,talk,65,4,5,VOTE Agent[14]
1,talk,66,4,8,VOTE Agent[14]
1,talk,67,4,4,VOTE Agent[06]
1,talk,68,4,7,VOTE Agent[01]
1,talk,69,4,14,Skip
1,talk,70,4,15,Over
1,talk,71,4,12,VOTE Agent[01]
1,talk,72,4,6,VOTE Agent[01]
1,talk,73,4,11,Skip
1,talk,74,4,10,VOTE Agent[14]
1,talk,75,5,9,Over
1,talk,76,5,13,Over
1,talk,77,5,15,Over
1,talk,78,5,2,Over
1,talk,79,5,1,Over
1,talk,80,5,7,VOTE Agent[01]
1,talk,81,5,6,VOTE Agent[01]
1,talk,82,5,11,Over
1,talk,83,5,3,Over
1,talk,84,5,10,VOTE Agent[14]
1,talk,85,5,8,VOTE Agent[14]
1,talk,86,5,5,VOTE Agent[14]
1,talk,87,5,12,VOTE Agent[01]
1,talk,88,5,4,VOTE Agent[12]
1,talk,89,5,14,Over
1,talk,90,6,5,VOTE Agent[14]
1,talk,91,6,9,Over
1,talk,92,6,8,VOTE Agent[14]
1,talk,93,6,3,Over
1,talk,94,6,1,Over
1,talk,95,6,7,VOTE Agent[01]
1,talk,96,6,13,Over
1,talk,97,6,12,VOTE Agent[01]
1,talk,98,6,2,Over
1,talk,99,6,14,Over
1,talk,100,6,10,VOTE Agent[14]
1,talk,101,6,11,Over
1,talk,102,6,6,VOTE Agent[01]
1,talk,103,6,15,Over
1,talk,104,6,4,VOTE Agent[06]
1,talk,105,7,11,Over
1,talk,106,7,15,Over
1,talk,107,7,8,VOTE Agent[14]
1,talk,108,7,9,Over
1,talk,109,7,5,VOTE Agent[14]
1,talk,110,7,12,VOTE Agent[01]
1,talk,111,7,10,VOTE Agent[14]
1,talk,112,7,3,Over
1,talk,113,7,13,Over
1,talk,114,7,7,VOTE Agent[01]
1,talk,115,7,6,VOTE Agent[01]
1,talk,116,7,14,Over
1,talk,117,7,1,Over
1,talk,118,7,2,Over
1,talk,119,7,4,VOTE Agent[06]
1,talk,120,8,6,VOTE Agent[01]
1,talk,121,8,3,Over
1,talk,122,8,5,VOTE Agent[14]
1,talk,123,8,10,VOTE Agent[14]
1,talk,124,8,8,VOTE Agent[14]
1,talk,125,8,4,VOTE Agent[12]
1,talk,126,8,15,Over
1,talk,127,8,12,VOTE Agent[01]
1,talk,128,8,9,Over
1,talk,129,8,2,Over
1,talk,130,8,13,Over
1,talk,131,8,7,VOTE Agent[01]
1,talk,132,8,11,Over
1,talk,133,8,1,Over
1,talk,134,8,14,Over
1,talk,135,9,6,Over
1,talk,136,9,10,Over
1,talk,137,9,15,Over
1,talk,138,9,11,Over
1,talk,139,9,13,Over
1,talk,140,9,7,Over
1,talk,141,9,8,Over
1,talk,142,9,2,Over
1,talk,143,9,4,Over
1,talk,144,9,1,Over
1,talk,145,9,12,Over
1,talk,146,9,9,Over
1,talk,147,9,3,Over
1,talk,148,9,5,Over
1,talk,149,9,14,Over
1,vote,1,4
1,vote,2,4
1,vote,3,12
1,vote,4,12
1,vote,5,14
1,vote,6,1
1,vote,7,1
1,vote,8,14
1,vote,9,4
1,vote,10,14
1,vote,11,1
1,vote,12,1
1,vote,13,4
1,vote,14,4
1,vote,15,12
1,execute,4,WEREWOLF
1,divine,14,1,WEREWOLF
1,whisper,0,0,1,ATTACK Agent[09]
1,whisper,1,0,3,BECAUSE (Agent[14] COMINGOUT Agent[14] SEER) (ATTACK Agent[14])
1,whisper,2,1,1,Skip
1,whisper,3,1,3,ATTACK Agent[14]
1,whisper,4,2,1,Skip
1,whisper,5,2,3,Skip
1,whisper,6,3,3,Skip
1,whisper,7,3,1,Over
1,whisper,8,4,3,Over
1,whisper,9,4,1,Over
1,guard,8,11,MEDIUM
1,attackVote,1,9
1,attackVote,3,14
1,attackVote,1,9
1,attackVote,3,14
1,attack,9,true
2,status,1,WEREWOLF,ALIVE,Tomato4
2,status,2,VILLAGER,ALIVE,sample_py
2,status,3,WEREWOLF,ALIVE,SampleJava14
2,status,4,WEREWOLF,DEAD,HALU
2,status,5,VILLAGER,ALIVE,OKAMI
2,status,6,VILLAGER,ALIVE,HALU
2,status,7,VILLAGER,ALIVE,HALU
2,status,8,BODYGUARD,ALIVE,OKAMI
2,status,9,POSSESSED,DEAD,Takeda12
2,status,10,VILLAGER,ALIVE,OKAMI
2,status,11,MEDIUM,ALIVE,TOKU0
2,status,12,VILLAGER,ALIVE,HALU
2,status,13,VILLAGER,ALIVE,sample_py
2,status,14,SEER,ALIVE,Tomato7
2,status,15,VILLAGER,ALIVE,SampleJava2
2,talk,0,0,3,VOTE Agent[07]
2,talk,1,0,10,VOTE Agent[14]
2,talk,2,0,12,VOTE Agent[01]
2,talk,3,0,14,DIVINED Agent[01] WEREWOLF
2,talk,4,0,13,VOTE Agent[01]
2,talk,5,0,1,DIVINED Agent[15] HUMAN
2,talk,6,0,5,VOTE Agent[14]
2,talk,7,0,2,VOTE Agent[01]
2,talk,8,0,8,VOTE Agent[14]
2,talk,9,0,7,VOTE Agent[01]
2,talk,10,0,6,VOTE Agent[14]
2,talk,11,0,15,VOTE Agent[11]
2,talk,12,0,11,IDENTIFIED Agent[04] WEREWOLF
2,talk,13,1,15,REQUEST ANY (VOTE Agent[11])
2,talk,14,1,12,VOTE Agent[01]
2,talk,15,1,2,Skip
2,talk,16,1,6,VOTE Agent[01]
2,talk,17,1,3,REQUEST ANY (VOTE Agent[07])
2,talk,18,1,14,VOTE Agent[01]
2,talk,19,1,10,COMINGOUT Agent[10] VILLAGER
2,talk,20,1,11,Skip
2,talk,21,1,13,Skip
2,talk,22,1,7,VOTE Agent[14]
2,talk,23,1,5,COMINGOUT Agent[05] VILLAGER
2,talk,24,1,1,VOTE Agent[14]
2,talk,25,1,8,VOTE Agent[14]
2,talk,26,2,7,VOTE Agent[14]
2,talk,27,2,2,Skip
2,talk,28,2,8,VOTE Agent[14]
2,talk,29,2,13,Skip
2,talk,30,2,14,Skip
2,talk,31,2,3,Skip
2,talk,32,2,11,Skip
2,talk,33,2,15,Skip
2,talk,34,2,5,VOTE Agent[14]
2,talk,35,2,10,VOTE Agent[14]
2,talk,36,2,12,VOTE Agent[14]
2,talk,37,2,6,VOTE Agent[14]
2,talk,38,2,1,Skip
2,talk,39,3,7,VOTE Agent[14]
2,talk,40,3,14,Skip
2,talk,41,3,2,Over
2,talk,42,3,1,Skip
2,talk,43,3,11,Over
2,talk,44,3,5,VOTE Agent[01]
2,talk,45,3,8,VOTE Agent[01]
2,talk,46,3,10,VOTE Agent[14]
2,talk,47,3,3,Skip
2,talk,48,3,13,Over
2,talk,49,3,12,VOTE Agent[01]
2,talk,50,3,15,Skip
2,talk,51,3,6,VOTE Agent[14]
2,talk,52,4,11,Over
2,talk,53,4,8,VOTE Agent[14]
2,talk,54,4,15,Over
2,talk,55,4,14,Over
2,talk,56,4,12,VOTE Agent[01]
2,talk,57,4,10,VOTE Agent[14]
2,talk,58,4,7,VOTE Agent[01]
2,talk,59,4,2,Over
2,talk,60,4,1,Over
2,talk,61,4,13,Over
2,talk,62,4,3,Over
2,talk,63,4,5,VOTE Agent[14]
2,talk,64,4,6,VOTE Agent[01]
2,talk,65,5,13,Over
2,talk,66,5,14,Over
2,talk,67,5,15,Over
2,talk,68,5,7,VOTE Agent[14]
2,talk,69,5,8,VOTE Agent[14]
2,talk,70,5,10,VOTE Agent[14]
2,talk,71,5,12,VOTE Agent[14]
2,talk,72,5,3,Over
2,talk,73,5,5,VOTE Agent[01]
2,talk,74,5,11,Over
2,talk,75,5,1,Over
2,talk,76,5,6,VOTE Agent[14]
2,talk,77,5,2,Over
2,talk,78,6,15,Over
2,talk,79,6,13,Over
2,talk,80,6,2,Over
2,talk,81,6,1,Over
2,talk,82,6,3,Over
2,talk,83,6,11,Over
2,talk,84,6,5,VOTE Agent[01]
2,talk,85,6,14,Over
2,talk,86,6,8,VOTE Agent[01]
2,talk,87,6,6,VOTE Agent[14]
2,talk,88,6,7,VOTE Agent[01]
2,talk,89,6,12,VOTE Agent[01]
2,talk,90,6,10,VOTE Agent[14]
2,talk,91,7,5,VOTE Agent[14]
2,talk,92,7,14,Over
2,talk,93,7,6,VOTE Agent[14]
2,talk,94,7,10,VOTE Agent[14]
2,talk,95,7,15,Over
2,talk,96,7,8,VOTE Agent[14]
2,talk,97,7,1,Over
2,talk,98,7,7,VOTE Agent[01]
2,talk,99,7,3,Over
2,talk,100,7,11,Over
2,talk,101,7,13,Over
2,talk,102,7,12,VOTE Agent[01]
2,talk,103,7,2,Over
2,talk,104,8,2,Over
2,talk,105,8,5,VOTE Agent[14]
2,talk,106,8,13,Over
2,talk,107,8,15,Over
2,talk,108,8,10,VOTE Agent[14]
2,talk,109,8,3,Over
2,talk,110,8,11,Over
2,talk,111,8,7,VOTE Agent[01]
2,talk,112,8,14,Over
2,talk,113,8,1,Over
2,talk,114,8,12,VOTE Agent[14]
2,talk,115,8,8,VOTE Agent[01]
2,talk,116,8,6,VOTE Agent[14]
2,talk,117,9,2,Over
2,talk,118,9,5,Over
2,talk,119,9,6,Over
2,talk,120,9,1,Over
2,talk,121,9,12,Over
2,talk,122,9,15,Over
2,talk,123,9,7,Over
2,talk,124,9,10,Over
2,talk,125,9,11,Over
2,talk,126,9,8,Over
2,talk,127,9,14,Over
2,talk,128,9,3,Over
2,talk,129,9,13,Over
2,vote,1,14
2,vote,2,1
2,vote,3,7
2,vote,5,14
2,vote,6,1
2,vote,7,14
2,vote,8,1
2,vote,10,14
2,vote,11,1
2,vote,12,14
2,vote,13,1
2,vote,14,1
2,vote,15,7
2,execute,1,WEREWOLF
2,divine,14,3,WEREWOLF
2,guard,8,11,MEDIUM
2,attackVote,3,5
2,attack,5,true
3,status,1,WEREWOLF,DEAD,Tomato4
3,status,2,VILLAGER,ALIVE,sample_py
3,status,3,WEREWOLF,ALIVE,SampleJava14
3,status,4,WEREWOLF,DEAD,HALU
3,status,5,VILLAGER,DEAD,OKAMI
3,status,6,VILLAGER,ALIVE,HALU
3,status,7,VILLAGER,ALIVE,HALU
3,status,8,BODYGUARD,ALIVE,OKAMI
3,status,9,POSSESSED,DEAD,Takeda12
3,status,10,VILLAGER,ALIVE,OKAMI
3,status,11,MEDIUM,ALIVE,TOKU0
3,status,12,VILLAGER,ALIVE,HALU
3,status,13,VILLAGER,ALIVE,sample_py
3,status,14,SEER,ALIVE,Tomato7
3,status,15,VILLAGER,ALIVE,SampleJava2
3,talk,0,0,15,VOTE Agent[11]
3,talk,1,0,3,VOTE Agent[11]
3,talk,2,0,7,VOTE Agent[14]
3,talk,3,0,6,VOTE Agent[14]
3,talk,4,0,12,VOTE Agent[14]
3,talk,5,0,13,VOTE Agent[11]
3,talk,6,0,8,VOTE Agent[14]
3,talk,7,0,10,VOTE Agent[14]
3,talk,8,0,14,DIVINED Agent[03] WEREWOLF
3,talk,9,0,2,VOTE Agent[03]
3,talk,10,0,11,IDENTIFIED Agent[01] WEREWOLF
3,talk,11,1,10,COMINGOUT Agent[10] VILLAGER
3,talk,12,1,8,VOTE Agent[03]
3,talk,13,1,14,VOTE Agent[03]
3,talk,14,1,11,VOTE Agent[08]
3,talk,15,1,6,VOTE Agent[03]
3,talk,16,1,15,REQUEST ANY (VOTE Agent[11])
3,talk,17,1,3,REQUEST ANY (VOTE Agent[11])
3,talk,18,1,12,VOTE Agent[03]
3,talk,19,1,13,VOTE Agent[03]
3,talk,20,1,7,VOTE Agent[03]
3,talk,21,1,2,Skip
3,talk,22,2,6,VOTE Agent[03]
3,talk,23,2,3,BECAUSE (AND (COMINGOUT Agent[03] VILLAGER) (DAY 3 (Agent[14] DIVINED Agent[03] WEREWOLF))) (XOR (ESTIMATE Agent[14] WEREWOLF) (ESTIMATE Agent[14] POSSESSED))
3,talk,24,2,7,VOTE Agent[03]
3,talk,25,2,14,Skip
3,talk,26,2,13,Skip
3,talk,27,2,8,VOTE Agent[03]
3,talk,28,2,10,VOTE Agent[03]
3,talk,29,2,15,Skip
3,talk,30,2,12,VOTE Agent[03]
3,talk,31,2,2,Skip
3,talk,32,2,11,VOTE Agent[03]
3,talk,33,3,7,VOTE Agent[03]
3,talk,34,3,3,BECAUSE (XOR (ESTIMATE Agent[14] WEREWOLF) (ESTIMATE Agent[14] POSSESSED)) (AND (VOTE Agent[14]) (REQUEST ANY (VOTE Agent[14])))
3,talk,35,3,12,VOTE Agent[03]
3,talk,36,3,2,Over
3,talk,37,3,11,Skip
3,talk,38,3,6,VOTE Agent[03]
3,talk,39,3,8,VOTE Agent[03]
3,talk,40,3,14,Skip
3,talk,41,3,15,Skip
3,talk,42,3,10,VOTE Agent[03]
3,talk,43,3,13,Skip
3,talk,44,4,7,VOTE Agent[03]
3,talk,45,4,15,Over
3,talk,46,4,8,VOTE Agent[03]
3,talk,47,4,2,Over
3,talk,48,4,11,Skip
3,talk,49,4,14,Over
3,talk,50,4,3,VOTE Agent[14]
3,talk,51,4,10,VOTE Agent[03]
3,talk,52,4,12,VOTE Agent[03]
3,talk,53,4,6,VOTE Agent[03]
3,talk,54,4,13,Over
3,talk,55,5,6,VOTE Agent[03]
3,talk,56,5,7,VOTE Agent[03]
3,talk,57,5,2,Over
3,talk,58,5,13,Over
3,talk,59,5,12,VOTE Agent[03]
3,talk,60,5,15,Over
3,talk,61,5,8,VOTE Agent[03]
3,talk,62,5,14,Over
3,talk,63,5,10,VOTE Agent[03]
3,talk,64,5,11,Over
3,talk,65,5,3,REQUEST ANY (VOTE Agent[14])
3,talk,66,6,15,Over
3,talk,67,6,14,Over
3,talk,68,6,11,Over
3,talk,69,6,8,VOTE Agent[03]
3,talk,70,6,10,VOTE Agent[03]
3,talk,71,6,13,Over
3,talk,72,6,2,Over
3,talk,73,6,7,VOTE Agent[03]
3,talk,74,6,6,VOTE Agent[03]
3,talk,75,6,12,VOTE Agent[03]
3,talk,76,6,3,Skip
3,talk,77,7,8,VOTE Agent[03]
3,talk,78,7,10,VOTE Agent[03]
3,talk,79,7,15,Over
3,talk,80,7,14,Over
3,talk,81,7,12,VOTE Agent[03]
3,talk,82,7,6,VOTE Agent[03]
3,talk,83,7,2,Over
3,talk,84,7,13,Over
3,talk,85,7,3,Skip
3,talk,86,7,7,VOTE Agent[03]
3,talk,87,7,11,Over
3,talk,88,8,14,Over
3,talk,89,8,8,VOTE Agent[03]
3,talk,90,8,12,VOTE Agent[03]
3,talk,91,8,11,Over
3,talk,92,8,2,Over
3,talk,93,8,10,VOTE Agent[03]
3,talk,94,8,13,Over
3,talk,95,8,15,Over
3,talk,96,8,3,Over
3,talk,97,8,6,VOTE Agent[03]
3,talk,98,8,7,VOTE Agent[03]
3,talk,99,9,6,Over
3,talk,100,9,13,Over
3,talk,101,9,7,Over
3,talk,102,9,14,Over
3,talk,103,9,11,Over
3,talk,104,9,10,Over
3,talk,105,9,2,Over
3,talk,106,9,12,Over
3,talk,107,9,3,Over
3,talk,108,9,8,Over
3,talk,109,9,15,Over
3,vote,2,3
3,vote,3,14
3,vote,6,3
3,vote,7,3
3,vote,8,3
3,vote,10,3
3,vote,11,14
3,vote,12,3
3,vote,13,3
3,vote,14,3
3,vote,15,14
3,execute,3,WEREWOLF
3,divine,14,11,HUMAN
3,guard,8,11,MEDIUM
4,status,1,WEREWOLF,DEAD,Tomato4
4,status,2,VILLAGER,ALIVE,sample_py
4,status,3,WEREWOLF,DEAD,SampleJava14
4,status,4,WEREWOLF,DEAD,HALU
4,status,5,VILLAGER,DEAD,OKAMI
4,status,6,VILLAGER,ALIVE,HALU
4,status,7,VILLAGER,ALIVE,HALU
4,status,8,BODYGUARD,ALIVE,OKAMI
4,status,9,POSSESSED,DEAD,Takeda12
4,status,10,VILLAGER,ALIVE,OKAMI
4,status,11,MEDIUM,ALIVE,TOKU0
4,status,12,VILLAGER,ALIVE,HALU
4,status,13,VILLAGER,ALIVE,sample_py
4,status,14,SEER,ALIVE,Tomato7
4,status,15,VILLAGER,ALIVE,SampleJava2
4,result,10,0,VILLAGER
