0,status,1,WEREWOLF,ALIVE,Tomato4
0,status,2,POSSESSED,ALIVE,sample_py
0,status,3,VILLAGER,ALIVE,SampleJava14
0,status,4,BODYGUARD,ALIVE,HALU
0,status,5,VILLAGER,ALIVE,OKAMI
0,status,6,VILLAGER,ALIVE,HALU
0,status,7,SEER,ALIVE,HALU
0,status,8,WEREWOLF,ALIVE,OKAMI
0,status,9,VILLAGER,ALIVE,Takeda12
0,status,10,VILLAGER,ALIVE,OKAMI
0,status,11,VILLAGER,ALIVE,TOKU0
0,status,12,VILLAGER,ALIVE,HALU
0,status,13,MEDIUM,ALIVE,sample_py
0,status,14,VILLAGER,ALIVE,Tomato7
0,status,15,WEREWOLF,ALIVE,SampleJava2
0,whisper,0,0,8,COMINGOUT Agent[08] MEDIUM
0,whisper,1,0,1,COMINGOUT Agent[01] VILLAGER
0,whisper,2,0,15,COMINGOUT Agent[15] SEER
0,whisper,3,1,8,COMINGOUT Agent[08] VILLAGER
0,whisper,4,1,15,Skip
0,whisper,5,1,1,Skip
0,whisper,6,2,1,Skip
0,whisper,7,2,15,Skip
0,whisper,8,2,8,Skip
0,whisper,9,3,8,Skip
0,whisper,10,3,15,Over
0,whisper,11,3,1,Over
0,whisper,12,4,1,Over
0,whisper,13,4,15,Over
0,whisper,14,4,8,Over
0,divine,7,8,WEREWOLF
1,status,1,WEREWOLF,ALIVE,Tomato4
1,status,2,POSSESSED,ALIVE,sample_py
1,status,3,VILLAGER,ALIVE,SampleJava14
1,status,4,BODYGUARD,ALIVE,HALU
1,status,5,VILLAGER,ALIVE,OKAMI
1,status,6,VILLAGER,ALIVE,HALU
1,status,7,SEER,ALIVE,HALU
1,status,8,WEREWOLF,ALIVE,OKAMI
1,status,9,VILLAGER,ALIVE,Takeda12
1,status,10,VILLAGER,ALIVE,OKAMI
1,status,11,VILLAGER,ALIVE,TOKU0
1,status,12,VILLAGER,ALIVE,HALU
1,status,13,MEDIUM,ALIVE,sample_py
1,status,14,VILLAGER,ALIVE,Tomato7
1,status,15,WEREWOLF,ALIVE,SampleJava2
1,talk,0,0,10,VOTE Agent[11]
1,talk,1,0,1,VOTE Agent[11]
1,talk,2,0,13,VOTE Agent[02]
1,talk,3,0,9,VOTE Agent[11]
1,talk,4,0,6,VOTE Agent[09]
1,talk,5,0,2,COMINGOUT Agent[02] SEER
1,talk,6,0,3,VOTE Agent[13]
1,talk,7,0,4,VOTE Agent[09]
1,talk,8,0,8,VOTE Agent[11]
1,talk,9,0,7,COMINGOUT Agent[07] SEER
1,talk,10,0,11,VOTE Agent[02]
1,talk,11,0,15,COMINGOUT Agent[15] SEER
1,talk,12,0,5,VOTE Agent[02]
1,talk,13,0,14,VOTE Agent[11]
1,talk,14,0,12,VOTE Agent[04]
1,talk,15,1,12,VOTE Agent[03]
1,talk,16,1,14,Skip
1,talk,17,1,11,Skip
1,talk,18,1,5,COMINGOUT Agent[05] VILLAGER
1,talk,19,1,1,Skip
1,talk,20,1,6,VOTE Agent[05]
1,talk,21,1,2,DIVINED Agent[05] HUMAN
1,talk,22,1,15,BECAUSE (AND (COMINGOUT Agent[15] SEER) (Agent[02] COMINGOUT Agent[02] SEER)) (XOR (ESTIMATE Agent[02] WEREWOLF) (ESTIMATE Agent[02] POSSESSED))
1,talk,23,1,13,Skip
1,talk,24,1,8,VOTE Agent[11]
1,talk,25,1,9,VOTE Agent[03]
1,talk,26,1,4,VOTE Agent[05]
1,talk,27,1,3,REQUEST ANY (VOTE Agent[13])
1,talk,28,1,10,COMINGOUT Agent[10] VILLAGER
1,talk,29,1,7,DIVINED Agent[08] WEREWOLF
1,talk,30,2,2,VOTE Agent[15]
1,talk,31,2,10,VOTE Agent[03]
1,talk,32,2,14,VOTE Agent[02]
1,talk,33,2,8,VOTE Agent[03]
1,talk,34,2,12,VOTE Agent[03]
1,talk,35,2,4,VOTE Agent[03]
1,talk,36,2,7,VOTE Agent[08]
1,talk,37,2,9,VOTE Agent[02]
1,talk,38,2,1,VOTE Agent[02]
1,talk,39,2,11,Skip
1,talk,40,2,6,VOTE Agent[03]
1,talk,41,2,5,VOTE Agent[03]
1,talk,42,2,13,VOTE Agent[08]
1,talk,43,2,3,Skip
1,talk,44,2,15,DAY 1 (DIVINED Agent[01] HUMAN)
1,talk,45,3,4,VOTE Agent[05]
1,talk,46,3,5,VOTE Agent[03]
1,talk,47,3,11,Over
1,talk,48,3,12,VOTE Agent[03]
1,talk,49,3,8,VOTE Agent[03]
1,talk,50,3,10,VOTE Agent[05]
1,talk,51,3,1,VOTE Agent[03]
1,talk,52,3,2,Skip
1,talk,53,3,15,DIVINED Agent[01] HUMAN
1,talk,54,3,9,Skip
1,talk,55,3,7,VOTE Agent[08]
1,talk,56,3,13,Skip
1,talk,57,3,14,VOTE Agent[03]
1,talk,58,3,6,VOTE Agent[03]
1,talk,59,3,3,Skip
1,talk,60,4,1,Skip
1,talk,61,4,8,VOTE Agent[03]
1,talk,62,4,9,Skip
1,talk,63,4,13,Skip
1,talk,64,4,2,Skip
1,talk,65,4,6,VOTE Agent[03]
1,talk,66,4,5,VOTE Agent[03]
1,talk,67,4,7,VOTE Agent[08]
1,talk,68,4,3,Over
1,talk,69,4,10,VOTE Agent[05]
1,talk,70,4,12,VOTE Agent[03]
1,talk,71,4,15,BECAUSE (XOR (ESTIMATE Agent[02] WEREWOLF) (ESTIMATE Agent[02] POSSESSED)) (AND (VOTE Agent[02]) (REQUEST ANY (VOTE Agent[02])))
1,talk,72,4,11,Over
1,talk,73,4,14,Skip
1,talk,74,4,4,VOTE Agent[03]
1,talk,75,5,1,Skip
1,talk,76,5,10,VOTE Agent[03]
1,talk,77,5,9,Over
1,talk,78,5,15,VOTE Agent[02]
1,talk,79,5,7,VOTE Agent[08]
1,talk,80,5,4,VOTE Agent[03]
1,talk,81,5,13,Over
1,talk,82,5,2,Over
1,talk,83,5,8,VOTE Agent[03]
1,talk,84,5,3,Over
1,talk,85,5,6,VOTE Agent[03]
1,talk,86,5,11,Over
1,talk,87,5,14,Skip
1,talk,88,5,12,VOTE Agent[03]
1,talk,89,5,5,VOTE Agent[03]
1,talk,90,6,7,VOTE Agent[08]
1,talk,91,6,14,Over
1,talk,92,6,8,VOTE Agent[03]
1,talk,93,6,5,VOTE Agent[03]
1,talk,94,6,2,Over
1,talk,95,6,6,VOTE Agent[05]
1,talk,96,6,15,REQUEST ANY (VOTE Agent[02])
1,talk,97,6,10,VOTE Agent[05]
1,talk,98,6,11,Over
1,talk,99,6,9,Over
1,talk,100,6,1,Over
1,talk,101,6,12,VOTE Agent[03]
1,talk,102,6,13,Over
1,talk,103,6,4,VOTE Agent[03]
1,talk,104,6,3,Over
1,talk,105,7,8,VOTE Agent[03]
1,talk,106,7,6,VOTE Agent[03]
1,talk,107,7,2,Over
1,talk,108,7,9,Over
1,talk,109,7,10,VOTE Agent[03]
1,talk,110,7,1,Over
1,talk,111,7,11,Over
1,talk,112,7,12,VOTE Agent[03]
1,talk,113,7,7,VOTE Agent[08]
1,talk,114,7,13,Over
1,talk,115,7,4,VOTE Agent[03]
1,talk,116,7,5,VOTE Agent[03]
1,talk,117,7,14,Over
1,talk,118,7,15,Skip
1,talk,119,7,3,Over
1,talk,120,8,11,Over
1,talk,121,8,8,VOTE Agent[03]
1,talk,122,8,12,VOTE Agent[03]
1,talk,123,8,4,VOTE Agent[03]
1,talk,124,8,6,VOTE Agent[03]
1,talk,125,8,9,Over
1,talk,126,8,13,Over
1,talk,127,8,10,VOTE Agent[03]
1,talk,128,8,14,Over
1,talk,129,8,15,Skip
1,talk,130,8,2,Over
1,talk,131,8,5,VOTE Agent[03]
1,talk,132,8,1,Over
1,talk,133,8,3,Over
1,talk,134,8,7,VOTE Agent[08]
1,talk,135,9,13,Over
1,talk,136,9,9,Over
1,talk,137,9,8,Over
1,talk,138,9,4,Over
1,talk,139,9,14,Over
1,talk,140,9,10,Over
1,talk,141,9,11,Over
1,talk,142,9,2,Over
1,talk,143,9,3,Over
1,talk,144,9,7,Over
1,talk,145,9,15,Over
1,talk,146,9,12,Over
1,talk,147,9,6,Over
1,talk,148,9,1,Over
1,talk,149,9,5,Over
1,vote,1,3
1,vote,2,15
1,vote,3,2
1,vote,4,5
1,vote,5,3
1,vote,6,3
1,vote,7,8
1,vote,8,3
1,vote,9,3
1,vote,10,3
1,vote,11,3
1,vote,12,3
1,vote,13,8
1,vote,14,3
1,vote,15,2
1,execute,3,VILLAGER
1,divine,7,14,HUMAN
1,whisper,0,0,15,ATTACK Agent[02]
1,whisper,1,0,1,ATTACK Agent[02]
1,whisper,2,0,8,ATTACK Agent[07]
1,whisper,3,1,1,Skip
1,whisper,4,1,15,Skip
1,whisper,5,1,8,Skip
1,whisper,6,2,1,Skip
1,whisper,7,2,8,Skip
1,whisper,8,2,15,Skip
1,whisper,9,3,1,Over
1,whisper,10,3,15,Over
1,whisper,11,3,8,Over
1,guard,4,2,POSSESSED
1,attackVote,1,2
1,attackVote,8,7
1,attackVote,15,2
1,attack,2,false
2,status,1,WEREWOLF,ALIVE,Tomato4
2,status,2,POSSESSED,ALIVE,sample_py
2,status,3,VILLAGER,DEAD,SampleJava14
2,status,4,BODYGUARD,ALIVE,HALU
2,status,5,VILLAGER,ALIVE,OKAMI
2,status,6,VILLAGER,ALIVE,HALU
2,status,7,SEER,ALIVE,HALU
2,status,8,WEREWOLF,ALIVE,OKAMI
2,status,9,VILLAGER,ALIVE,Takeda12
2,status,10,VILLAGER,ALIVE,OKAMI
2,status,11,VILLAGER,ALIVE,TOKU0
2,status,12,VILLAGER,ALIVE,HALU
2,status,13,MEDIUM,ALIVE,sample_py
2,status,14,VILLAGER,ALIVE,Tomato7
2,status,15,WEREWOLF,ALIVE,SampleJava2
2,talk,0,0,8,VOTE Agent[12]
2,talk,1,0,9,VOTE Agent[02]
2,talk,2,0,5,VOTE Agent[08]
2,talk,3,0,10,VOTE Agent[05]
2,talk,4,0,7,DIVINED Agent[14] HUMAN
2,talk,5,0,2,DIVINED Agent[04] WEREWOLF
2,talk,6,0,11,VOTE Agent[02]
2,talk,7,0,12,VOTE Agent[05]
2,talk,8,0,13,VOTE Agent[04]
2,talk,9,0,14,VOTE Agent[05]
2,talk,10,0,4,VOTE Agent[05]
2,talk,11,0,15,DAY 2 (DIVINED Agent[05] WEREWOLF)
2,talk,12,0,6,VOTE Agent[15]
2,talk,13,0,1,VOTE Agent[05]
2,talk,14,1,5,COMINGOUT Agent[05] VILLAGER
2,talk,15,1,13,Skip
2,talk,16,1,9,VOTE Agent[15]
2,talk,17,1,7,VOTE Agent[08]
2,talk,18,1,14,Skip
2,talk,19,1,10,COMINGOUT Agent[10] VILLAGER
2,talk,20,1,6,VOTE Agent[07]
2,talk,21,1,1,Skip
2,talk,22,1,4,VOTE Agent[07]
2,talk,23,1,12,VOTE Agent[07]
2,talk,24,1,11,Skip
2,talk,25,1,8,VOTE Agent[05]
2,talk,26,1,15,DIVINED Agent[05] WEREWOLF
2,talk,27,1,2,VOTE Agent[04]
2,talk,28,2,15,BECAUSE (DAY 2 (DIVINED Agent[05] WEREWOLF)) (AND (VOTE Agent[05]) (REQUEST ANY (VOTE Agent[05])))
2,talk,29,2,6,VOTE Agent[07]
2,talk,30,2,12,VOTE Agent[15]
2,talk,31,2,14,Skip
2,talk,32,2,5,VOTE Agent[15]
2,talk,33,2,2,Skip
2,talk,34,2,13,Skip
2,talk,35,2,4,VOTE Agent[07]
2,talk,36,2,1,Skip
2,talk,37,2,7,VOTE Agent[08]
2,talk,38,2,9,Skip
2,talk,39,2,11,Skip
2,talk,40,2,10,VOTE Agent[07]
2,talk,41,2,8,VOTE Agent[05]
2,talk,42,3,13,Over
2,talk,43,3,15,VOTE Agent[05]
2,talk,44,3,6,VOTE Agent[02]
2,talk,45,3,11,VOTE Agent[08]
2,talk,46,3,7,VOTE Agent[08]
2,talk,47,3,5,VOTE Agent[07]
2,talk,48,3,9,Skip
2,talk,49,3,1,Over
2,talk,50,3,14,Over
2,talk,51,3,10,VOTE Agent[15]
2,talk,52,3,2,Skip
2,talk,53,3,8,VOTE Agent[05]
2,talk,54,3,4,VOTE Agent[07]
2,talk,55,3,12,VOTE Agent[02]
2,talk,56,4,1,Over
2,talk,57,4,6,VOTE Agent[07]
2,talk,58,4,12,VOTE Agent[02]
2,talk,59,4,5,VOTE Agent[15]
2,talk,60,4,4,VOTE Agent[07]
2,talk,61,4,8,VOTE Agent[05]
2,talk,62,4,14,Over
2,talk,63,4,7,VOTE Agent[08]
2,talk,64,4,15,REQUEST ANY (VOTE Agent[05])
2,talk,65,4,2,Over
2,talk,66,4,10,VOTE Agent[15]
2,talk,67,4,11,Skip
2,talk,68,4,13,Over
2,talk,69,4,9,Over
2,talk,70,5,2,Over
2,talk,71,5,5,VOTE Agent[07]
2,talk,72,5,9,Over
2,talk,73,5,13,Over
2,talk,74,5,12,VOTE Agent[07]
2,talk,75,5,8,VOTE Agent[05]
2,talk,76,5,14,Over
2,talk,77,5,1,Over
2,talk,78,5,11,VOTE Agent[15]
2,talk,79,5,4,VOTE Agent[07]
2,talk,80,5,10,VOTE Agent[15]
2,talk,81,5,15,Skip
2,talk,82,5,7,VOTE Agent[08]
2,talk,83,5,6,VOTE Agent[02]
2,talk,84,6,11,Skip
2,talk,85,6,5,VOTE Agent[07]
2,talk,86,6,10,VOTE Agent[15]
2,talk,87,6,14,Over
2,talk,88,6,15,Skip
2,talk,89,6,7,VOTE Agent[08]
2,talk,90,6,8,VOTE Agent[05]
2,talk,91,6,13,Over
2,talk,92,6,9,Over
2,talk,93,6,12,VOTE Agent[07]
2,talk,94,6,1,Over
2,talk,95,6,4,VOTE Agent[07]
2,talk,96,6,2,Over
2,talk,97,6,6,VOTE Agent[07]
2,talk,98,7,4,VOTE Agent[07]
2,talk,99,7,10,VOTE Agent[15]
2,talk,100,7,6,VOTE Agent[07]
2,talk,101,7,12,VOTE Agent[02]
2,talk,102,7,14,Over
2,talk,103,7,13,Over
2,talk,104,7,2,Over
2,talk,105,7,5,VOTE Agent[07]
2,talk,106,7,8,VOTE Agent[05]
2,talk,107,7,9,Over
2,talk,108,7,11,Skip
2,talk,109,7,7,VOTE Agent[08]
2,talk,110,7,1,Over
2,talk,111,7,15,Over
2,talk,112,8,10,VOTE Agent[15]
2,talk,113,8,8,VOTE Agent[05]
2,talk,114,8,6,VOTE Agent[07]
2,talk,115,8,5,VOTE Agent[07]
2,talk,116,8,15,Over
2,talk,117,8,9,Over
2,talk,118,8,14,Over
2,talk,119,8,2,Over
2,talk,120,8,11,Over
2,talk,121,8,4,VOTE Agent[07]
2,talk,122,8,13,Over
2,talk,123,8,1,Over
2,talk,124,8,12,VOTE Agent[02]
2,talk,125,8,7,VOTE Agent[08]
2,talk,126,9,9,Over
2,talk,127,9,6,Over
2,talk,128,9,5,Over
2,talk,129,9,13,Over
2,talk,130,9,8,Over
2,talk,131,9,4,Over
2,talk,132,9,11,Over
2,talk,133,9,10,Over
2,talk,134,9,15,Over
2,talk,135,9,7,Over
2,talk,136,9,12,Over
2,talk,137,9,2,Over
2,talk,138,9,14,Over
2,talk,139,9,1,Over
2,vote,1,5
2,vote,2,4
2,vote,4,7
2,vote,5,7
2,vote,6,7
2,vote,7,8
2,vote,8,5
2,vote,9,15
2,vote,10,15
2,vote,11,15
2,vote,12,7
2,vote,13,4
2,vote,14,5
2,vote,15,5
2,vote,1,5
2,vote,2,4
2,vote,4,7
2,vote,5,7
2,vote,6,2
2,vote,7,8
2,vote,8,5
2,vote,9,15
2,vote,10,15
2,vote,11,15
2,vote,12,2
2,vote,13,4
2,vote,14,5
2,vote,15,5
2,execute,5,VILLAGER
2,divine,7,4,HUMAN
2,whisper,0,0,15,BECAUSE (AND (NOT (COMINGOUT Agent[02] WEREWOLF)) (NOT (COMINGOUT Agent[04] WEREWOLF)) (DAY 2 (Agent[02] DIVINED Agent[04] WEREWOLF))) (ESTIMATE Agent[02] POSSESSED)
2,whisper,1,0,1,ATTACK Agent[13]
2,whisper,2,0,8,ATTACK Agent[07]
2,whisper,3,1,15,BECAUSE (Agent[10] COMINGOUT Agent[10] VILLAGER) (ATTACK Agent[10])
2,whisper,4,1,1,Skip
2,whisper,5,1,8,Skip
2,whisper,6,2,8,Skip
2,whisper,7,2,15,ATTACK Agent[10]
2,whisper,8,2,1,Skip
2,whisper,9,3,8,Over
2,whisper,10,3,15,Skip
2,whisper,11,3,1,Over
2,whisper,12,4,1,Over
2,whisper,13,4,15,Skip
2,whisper,14,4,8,Over
2,whisper,15,5,1,Over
2,whisper,16,5,8,Over
2,whisper,17,5,15,Over
2,guard,4,15,WEREWOLF
2,attackVote,1,13
2,attackVote,8,7
2,attackVote,15,10
2,attackVote,1,13
2,attackVote,8,7
2,attackVote,15,10
2,attack,13,true
3,status,1,WEREWOLF,ALIVE,Tomato4
3,status,2,POSSESSED,ALIVE,sample_py
3,status,3,VILLAGER,DEAD,SampleJava14
3,status,4,BODYGUARD,ALIVE,HALU
3,status,5,VILLAGER,DEAD,OKAMI
3,status,6,VILLAGER,ALIVE,HALU
3,status,7,SEER,ALIVE,HALU
3,status,8,WEREWOLF,ALIVE,OKAMI
3,status,9,VILLAGER,ALIVE,Takeda12
3,status,10,VILLAGER,ALIVE,OKAMI
3,status,11,VILLAGER,ALIVE,TOKU0
3,status,12,VILLAGER,ALIVE,HALU
3,status,13,MEDIUM,DEAD,sample_py
3,status,14,VILLAGER,ALIVE,Tomato7
3,status,15,WEREWOLF,ALIVE,SampleJava2
3,talk,0,0,9,VOTE Agent[15]
3,talk,1,0,7,DIVINED Agent[04] HUMAN
3,talk,2,0,14,VOTE Agent[15]
3,talk,3,0,4,VOTE Agent[02]
3,talk,4,0,12,VOTE Agent[07]
3,talk,5,0,1,VOTE Agent[02]
3,talk,6,0,2,DIVINED Agent[14] HUMAN
3,talk,7,0,8,VOTE Agent[04]
3,talk,8,0,15,DAY 3 (DIVINED Agent[14] WEREWOLF)
3,talk,9,0,6,VOTE Agent[07]
3,talk,10,0,10,VOTE Agent[02]
3,talk,11,0,11,VOTE Agent[15]
3,talk,12,1,7,VOTE Agent[08]
3,talk,13,1,1,Skip
3,talk,14,1,15,DIVINED Agent[14] WEREWOLF
3,talk,15,1,9,Skip
3,talk,16,1,14,Skip
3,talk,17,1,11,Skip
3,talk,18,1,10,COMINGOUT Agent[10] VILLAGER
3,talk,19,1,4,VOTE Agent[07]
3,talk,20,1,2,VOTE Agent[04]
3,talk,21,1,12,VOTE Agent[02]
3,talk,22,1,8,VOTE Agent[04]
3,talk,23,1,6,VOTE Agent[07]
3,talk,24,2,1,Skip
3,talk,25,2,12,VOTE Agent[07]
3,talk,26,2,9,Skip
3,talk,27,2,8,VOTE Agent[04]
3,talk,28,2,11,Skip
3,talk,29,2,14,Skip
3,talk,30,2,4,VOTE Agent[07]
3,talk,31,2,10,VOTE Agent[15]
3,talk,32,2,2,Skip
3,talk,33,2,6,VOTE Agent[07]
3,talk,34,2,15,BECAUSE (DAY 3 (DIVINED Agent[14] WEREWOLF)) (AND (VOTE Agent[14]) (REQUEST ANY (VOTE Agent[14])))
3,talk,35,2,7,VOTE Agent[08]
3,talk,36,3,6,VOTE Agent[15]
3,talk,37,3,9,Over
3,talk,38,3,4,VOTE Agent[15]
3,talk,39,3,10,VOTE Agent[07]
3,talk,40,3,2,Skip
3,talk,41,3,1,VOTE Agent[07]
3,talk,42,3,8,VOTE Agent[14]
3,talk,43,3,7,VOTE Agent[08]
3,talk,44,3,14,Over
3,talk,45,3,11,Over
3,talk,46,3,12,VOTE Agent[07]
3,talk,47,3,15,VOTE Agent[14]
3,talk,48,4,15,REQUEST ANY (VOTE Agent[14])
3,talk,49,4,7,VOTE Agent[08]
3,talk,50,4,6,VOTE Agent[07]
3,talk,51,4,9,Over
3,talk,52,4,14,Over
3,talk,53,4,2,Over
3,talk,54,4,8,VOTE Agent[04]
3,talk,55,4,1,Skip
3,talk,56,4,12,VOTE Agent[07]
3,talk,57,4,10,VOTE Agent[07]
3,talk,58,4,11,Over
3,talk,59,4,4,VOTE Agent[07]
3,talk,60,5,14,Over
3,talk,61,5,2,Over
3,talk,62,5,8,VOTE Agent[04]
3,talk,63,5,9,Over
3,talk,64,5,4,VOTE Agent[15]
3,talk,65,5,10,VOTE Agent[07]
3,talk,66,5,6,VOTE Agent[07]
3,talk,67,5,7,VOTE Agent[08]
3,talk,68,5,15,Skip
3,talk,69,5,11,Over
3,talk,70,5,12,VOTE Agent[15]
3,talk,71,5,1,Skip
3,talk,72,6,15,Skip
3,talk,73,6,8,VOTE Agent[14]
3,talk,74,6,14,Over
3,talk,75,6,11,Over
3,talk,76,6,1,Over
3,talk,77,6,12,VOTE Agent[07]
3,talk,78,6,9,Over
3,talk,79,6,4,VOTE Agent[07]
3,talk,80,6,7,VOTE Agent[08]
3,talk,81,6,6,VOTE Agent[07]
3,talk,82,6,2,Over
3,talk,83,6,10,VOTE Agent[15]
3,talk,84,7,14,Over
3,talk,85,7,8,VOTE Agent[04]
3,talk,86,7,10,VOTE Agent[15]
3,talk,87,7,1,Over
3,talk,88,7,2,Over
3,talk,89,7,6,VOTE Agent[07]
3,talk,90,7,11,Over
3,talk,91,7,12,VOTE Agent[07]
3,talk,92,7,4,VOTE Agent[07]
3,talk,93,7,15,Over
3,talk,94,7,7,VOTE Agent[08]
3,talk,95,7,9,Over
3,talk,96,8,15,Over
3,talk,97,8,12,VOTE Agent[07]
3,talk,98,8,6,VOTE Agent[07]
3,talk,99,8,14,Over
3,talk,100,8,8,VOTE Agent[14]
3,talk,101,8,2,Over
3,talk,102,8,7,VOTE Agent[08]
3,talk,103,8,10,VOTE Agent[15]
3,talk,104,8,11,Over
3,talk,105,8,1,Over
3,talk,106,8,4,VOTE Agent[07]
3,talk,107,8,9,Over
3,talk,108,9,14,Over
3,talk,109,9,9,Over
3,talk,110,9,12,Over
3,talk,111,9,2,Over
3,talk,112,9,6,Over
3,talk,113,9,1,Over
3,talk,114,9,7,Over
3,talk,115,9,10,Over
3,talk,116,9,4,Over
3,talk,117,9,11,Over
3,talk,118,9,8,Over
3,talk,119,9,15,Over
3,vote,1,7
3,vote,2,4
3,vote,4,7
3,vote,6,7
3,vote,7,8
3,vote,8,14
3,vote,9,15
3,vote,10,15
3,vote,11,15
3,vote,12,7
3,vote,14,15
3,vote,15,14
3,vote,1,7
3,vote,2,4
3,vote,4,7
3,vote,6,7
3,vote,7,8
3,vote,8,4
3,vote,9,15
3,vote,10,15
3,vote,11,15
3,vote,12,7
3,vote,14,15
3,vote,15,7
3,execute,7,SEER
3,whisper,0,0,1,ATTACK Agent[02]
3,whisper,1,0,8,ATTACK Agent[07]
3,whisper,2,0,15,BECAUSE (Agent[10] COMINGOUT Agent[10] VILLAGER) (ATTACK Agent[10])
3,whisper,3,1,1,Skip
3,whisper,4,1,8,Skip
3,whisper,5,1,15,ATTACK Agent[10]
3,whisper,6,2,15,Skip
3,whisper,7,2,8,Skip
3,whisper,8,2,1,Skip
3,whisper,9,3,15,Skip
3,whisper,10,3,8,Over
3,whisper,11,3,1,Over
3,whisper,12,4,1,Over
3,whisper,13,4,15,Over
3,whisper,14,4,8,Over
3,guard,4,2,POSSESSED
3,attackVote,1,2
3,attackVote,8,14
3,attackVote,15,10
3,attackVote,1,2
3,attackVote,8,14
3,attackVote,15,10
3,attack,14,true
4,status,1,WEREWOLF,ALIVE,Tomato4
4,status,2,POSSESSED,ALIVE,sample_py
4,status,3,VILLAGER,DEAD,SampleJava14
4,status,4,BODYGUARD,ALIVE,HALU
4,status,5,VILLAGER,DEAD,OKAMI
4,status,6,VILLAGER,ALIVE,HALU
4,status,7,SEER,DEAD,HALU
4,status,8,WEREWOLF,ALIVE,OKAMI
4,status,9,VILLAGER,ALIVE,Takeda12
4,status,10,VILLAGER,ALIVE,OKAMI
4,status,11,VILLAGER,ALIVE,TOKU0
4,status,12,VILLAGER,ALIVE,HALU
4,status,13,MEDIUM,DEAD,sample_py
4,status,14,VILLAGER,DEAD,Tomato7
4,status,15,WEREWOLF,ALIVE,SampleJava2
4,talk,0,0,4,VOTE Agent[15]
4,talk,1,0,8,VOTE Agent[04]
4,talk,2,0,9,VOTE Agent[15]
4,talk,3,0,1,VOTE Agent[04]
4,talk,4,0,2,DIVINED Agent[10] WEREWOLF
4,talk,5,0,15,DAY 4 (DIVINED Agent[11] WEREWOLF)
4,talk,6,0,6,VOTE Agent[15]
4,talk,7,0,12,VOTE Agent[02]
4,talk,8,0,10,VOTE Agent[02]
4,talk,9,0,11,VOTE Agent[15]
4,talk,10,1,4,VOTE Agent[15]
4,talk,11,1,6,VOTE Agent[02]
4,talk,12,1,2,VOTE Agent[10]
4,talk,13,1,15,DIVINED Agent[11] WEREWOLF
4,talk,14,1,1,VOTE Agent[02]
4,talk,15,1,9,Skip
4,talk,16,1,11,Skip
4,talk,17,1,10,COMINGOUT Agent[10] VILLAGER
4,talk,18,1,12,VOTE Agent[02]
4,talk,19,1,8,VOTE Agent[10]
4,talk,20,2,4,VOTE Agent[15]
4,talk,21,2,11,Skip
4,talk,22,2,15,BECAUSE (DAY 4 (DIVINED Agent[11] WEREWOLF)) (AND (VOTE Agent[11]) (REQUEST ANY (VOTE Agent[11])))
4,talk,23,2,6,VOTE Agent[15]
4,talk,24,2,8,VOTE Agent[10]
4,talk,25,2,2,Skip
4,talk,26,2,10,VOTE Agent[02]
4,talk,27,2,9,Skip
4,talk,28,2,12,VOTE Agent[15]
4,talk,29,2,1,VOTE Agent[10]
4,talk,30,3,10,VOTE Agent[15]
4,talk,31,3,9,Over
4,talk,32,3,15,VOTE Agent[11]
4,talk,33,3,6,VOTE Agent[15]
4,talk,34,3,1,Skip
4,talk,35,3,11,Over
4,talk,36,3,12,VOTE Agent[15]
4,talk,37,3,4,VOTE Agent[15]
4,talk,38,3,8,VOTE Agent[10]
4,talk,39,3,2,Skip
4,talk,40,4,15,REQUEST ANY (VOTE Agent[11])
4,talk,41,4,6,VOTE Agent[15]
4,talk,42,4,11,Over
4,talk,43,4,4,VOTE Agent[15]
4,talk,44,4,8,VOTE Agent[10]
4,talk,45,4,2,Over
4,talk,46,4,12,VOTE Agent[15]
4,talk,47,4,1,Skip
4,talk,48,4,9,Over
4,talk,49,4,10,VOTE Agent[15]
4,talk,50,5,9,Over
4,talk,51,5,11,Over
4,talk,52,5,6,VOTE Agent[15]
4,talk,53,5,2,Over
4,talk,54,5,8,VOTE Agent[10]
4,talk,55,5,15,Skip
4,talk,56,5,1,Over
4,talk,57,5,10,VOTE Agent[15]
4,talk,58,5,12,VOTE Agent[15]
4,talk,59,5,4,VOTE Agent[15]
4,talk,60,6,6,VOTE Agent[15]
4,talk,61,6,4,VOTE Agent[15]
4,talk,62,6,1,Over
4,talk,63,6,11,Over
4,talk,64,6,8,VOTE Agent[10]
4,talk,65,6,2,Over
4,talk,66,6,10,VOTE Agent[15]
4,talk,67,6,9,Over
4,talk,68,6,15,Skip
4,talk,69,6,12,VOTE Agent[15]
4,talk,70,7,12,VOTE Agent[15]
4,talk,71,7,1,Over
4,talk,72,7,6,VOTE Agent[15]
4,talk,73,7,4,VOTE Agent[15]
4,talk,74,7,15,Over
4,talk,75,7,11,Over
4,talk,76,7,8,VOTE Agent[10]
4,talk,77,7,9,Over
4,talk,78,7,2,Over
4,talk,79,7,10,VOTE Agent[15]
4,talk,80,8,9,Over
4,talk,81,8,4,VOTE Agent[15]
4,talk,82,8,10,VOTE Agent[15]
4,talk,83,8,15,Over
4,talk,84,8,2,Over
4,talk,85,8,12,VOTE Agent[15]
4,talk,86,8,11,Over
4,talk,87,8,8,VOTE Agent[10]
4,talk,88,8,1,Over
4,talk,89,8,6,VOTE Agent[15]
4,talk,90,9,6,Over
4,talk,91,9,9,Over
4,talk,92,9,2,Over
4,talk,93,9,8,Over
4,talk,94,9,10,Over
4,talk,95,9,11,Over
4,talk,96,9,15,Over
4,talk,97,9,4,Over
4,talk,98,9,1,Over
4,talk,99,9,12,Over
4,vote,1,10
4,vote,2,10
4,vote,4,15
4,vote,6,15
4,vote,8,10
4,vote,9,15
4,vote,10,15
4,vote,11,15
4,vote,12,15
4,vote,15,11
4,execute,15,WEREWOLF
4,whisper,0,0,8,ATTACK Agent[04]
4,whisper,1,0,1,ATTACK Agent[02]
4,whisper,2,1,8,Skip
4,whisper,3,1,1,Skip
4,whisper,4,2,1,Skip
4,whisper,5,2,8,Skip
4,whisper,6,3,8,Over
4,whisper,7,3,1,Over
4,guard,4,2,POSSESSED
4,attackVote,1,2
4,attackVote,8,4
4,attackVote,1,2
4,attackVote,8,4
4,attack,4,true
5,status,1,WEREWOLF,ALIVE,Tomato4
5,status,2,POSSESSED,ALIVE,sample_py
5,status,3,VILLAGER,DEAD,SampleJava14
5,status,4,BODYGUARD,DEAD,HALU
5,status,5,VILLAGER,DEAD,OKAMI
5,status,6,VILLAGER,ALIVE,HALU
5,status,7,SEER,DEAD,HALU
5,status,8,WEREWOLF,ALIVE,OKAMI
5,status,9,VILLAGER,ALIVE,Takeda12
5,status,10,VILLAGER,ALIVE,OKAMI
5,status,11,VILLAGER,ALIVE,TOKU0
5,status,12,VILLAGER,ALIVE,HALU
5,status,13,MEDIUM,DEAD,sample_py
5,status,14,VILLAGER,DEAD,Tomato7
5,status,15,WEREWOLF,DEAD,SampleJava2
5,talk,0,0,6,VOTE Agent[08]
5,talk,1,0,12,VOTE Agent[08]
5,talk,2,0,2,DIVINED Agent[11] WEREWOLF
5,talk,3,0,1,VOTE Agent[08]
5,talk,4,0,9,VOTE Agent[08]
5,talk,5,0,11,VOTE Agent[08]
5,talk,6,0,10,VOTE Agent[08]
5,talk,7,0,8,VOTE Agent[12]
5,talk,8,1,1,VOTE Agent[12]
5,talk,9,1,12,VOTE Agent[08]
5,talk,10,1,11,Skip
5,talk,11,1,10,COMINGOUT Agent[10] VILLAGER
5,talk,12,1,2,VOTE Agent[10]
5,talk,13,1,6,VOTE Agent[08]
5,talk,14,1,8,VOTE Agent[12]
5,talk,15,1,9,Skip
5,talk,16,2,10,VOTE Agent[08]
5,talk,17,2,2,Skip
5,talk,18,2,8,VOTE Agent[12]
5,talk,19,2,11,VOTE Agent[01]
5,talk,20,2,6,VOTE Agent[08]
5,talk,21,2,12,VOTE Agent[08]
5,talk,22,2,1,Skip
5,talk,23,2,9,VOTE Agent[01]
5,talk,24,3,8,VOTE Agent[12]
5,talk,25,3,2,Skip
5,talk,26,3,12,VOTE Agent[08]
5,talk,27,3,11,Skip
5,talk,28,3,1,VOTE Agent[10]
5,talk,29,3,6,VOTE Agent[08]
5,talk,30,3,10,VOTE Agent[08]
5,talk,31,3,9,Skip
5,talk,32,4,8,VOTE Agent[09]
5,talk,33,4,9,Skip
5,talk,34,4,10,VOTE Agent[08]
5,talk,35,4,12,VOTE Agent[08]
5,talk,36,4,2,Over
5,talk,37,4,1,Skip
5,talk,38,4,11,Skip
5,talk,39,4,6,VOTE Agent[08]
5,talk,40,5,11,Over
5,talk,41,5,12,VOTE Agent[08]
5,talk,42,5,8,VOTE Agent[06]
5,talk,43,5,6,VOTE Agent[08]
5,talk,44,5,2,Over
5,talk,45,5,1,VOTE Agent[06]
5,talk,46,5,9,Over
5,talk,47,5,10,VOTE Agent[08]
5,talk,48,6,2,Over
5,talk,49,6,9,Over
5,talk,50,6,1,Skip
5,talk,51,6,6,VOTE Agent[08]
5,talk,52,6,11,Over
5,talk,53,6,12,VOTE Agent[08]
5,talk,54,6,10,VOTE Agent[08]
5,talk,55,6,8,VOTE Agent[06]
5,talk,56,7,1,Skip
5,talk,57,7,6,VOTE Agent[08]
5,talk,58,7,9,Over
5,talk,59,7,8,VOTE Agent[06]
5,talk,60,7,10,VOTE Agent[08]
5,talk,61,7,2,Over
5,talk,62,7,11,Over
5,talk,63,7,12,VOTE Agent[08]
5,talk,64,8,11,Over
5,talk,65,8,8,VOTE Agent[06]
5,talk,66,8,1,Over
5,talk,67,8,10,VOTE Agent[08]
5,talk,68,8,9,Over
5,talk,69,8,12,VOTE Agent[08]
5,talk,70,8,2,Over
5,talk,71,8,6,VOTE Agent[08]
5,talk,72,9,12,Over
5,talk,73,9,2,Over
5,talk,74,9,10,Over
5,talk,75,9,11,Over
5,talk,76,9,8,Over
5,talk,77,9,6,Over
5,talk,78,9,9,Over
5,talk,79,9,1,VOTE Agent[10]
5,talk,80,10,2,Over
5,talk,81,10,6,Over
5,talk,82,10,8,Over
5,talk,83,10,9,Over
5,talk,84,10,10,Over
5,talk,85,10,11,Over
5,talk,86,10,12,Over
5,talk,87,10,1,Skip
5,talk,88,11,11,Over
5,talk,89,11,12,Over
5,talk,90,11,9,Over
5,talk,91,11,1,VOTE Agent[06]
5,talk,92,11,8,Over
5,talk,93,11,10,Over
5,talk,94,11,2,Over
5,talk,95,11,6,Over
5,talk,96,12,8,Over
5,talk,97,12,10,Over
5,talk,98,12,12,Over
5,talk,99,12,11,Over
5,talk,100,12,6,Over
5,talk,101,12,1,VOTE Agent[10]
5,talk,102,12,2,Over
5,talk,103,12,9,Over
5,talk,104,13,10,Over
5,talk,105,13,1,Skip
5,talk,106,13,8,Over
5,talk,107,13,2,Over
5,talk,108,13,11,Over
5,talk,109,13,9,Over
5,talk,110,13,6,Over
5,talk,111,13,12,Over
5,talk,112,14,11,Over
5,talk,113,14,12,Over
5,talk,114,14,6,Over
5,talk,115,14,8,Over
5,talk,116,14,10,Over
5,talk,117,14,2,Over
5,talk,118,14,9,Over
5,talk,119,14,1,Skip
5,talk,120,15,6,Over
5,talk,121,15,11,Over
5,talk,122,15,1,Over
5,talk,123,15,2,Over
5,talk,124,15,8,Over
5,talk,125,15,12,Over
5,talk,126,15,9,Over
5,talk,127,15,10,Over
5,vote,1,10
5,vote,2,10
5,vote,6,8
5,vote,8,12
5,vote,9,1
5,vote,10,8
5,vote,11,1
5,vote,12,8
5,execute,8,WEREWOLF
5,attack,6,true
6,status,1,WEREWOLF,ALIVE,Tomato4
6,status,2,POSSESSED,ALIVE,sample_py
6,status,3,VILLAGER,DEAD,SampleJava14
6,status,4,BODYGUARD,DEAD,HALU
6,status,5,VILLAGER,DEAD,OKAMI
6,status,6,VILLAGER,DEAD,HALU
6,status,7,SEER,DEAD,HALU
6,status,8,WEREWOLF,DEAD,OKAMI
6,status,9,VILLAGER,ALIVE,Takeda12
6,status,10,VILLAGER,ALIVE,OKAMI
6,status,11,VILLAGER,ALIVE,TOKU0
6,status,12,VILLAGER,ALIVE,HALU
6,status,13,MEDIUM,DEAD,sample_py
6,status,14,VILLAGER,DEAD,Tomato7
6,status,15,WEREWOLF,DEAD,SampleJava2
6,talk,0,0,1,VOTE Agent[10]
6,talk,1,0,12,VOTE Agent[10]
6,talk,2,0,11,VOTE Agent[01]
6,talk,3,0,2,DIVINED Agent[12] HUMAN
6,talk,4,0,10,VOTE Agent[12]
6,talk,5,0,9,VOTE Agent[01]
6,talk,6,1,2,VOTE Agent[10]
6,talk,7,1,9,Skip
6,talk,8,1,11,Skip
6,talk,9,1,12,VOTE Agent[10]
6,talk,10,1,1,Skip
6,talk,11,1,10,COMINGOUT Agent[10] VILLAGER
6,talk,12,2,12,VOTE Agent[10]
6,talk,13,2,9,Skip
6,talk,14,2,10,VOTE Agent[12]
6,talk,15,2,2,Skip
6,talk,16,2,1,Skip
6,talk,17,2,11,Skip
6,talk,18,3,9,Over
6,talk,19,3,2,Skip
6,talk,20,3,12,VOTE Agent[10]
6,talk,21,3,10,VOTE Agent[12]
6,talk,22,3,11,Over
6,talk,23,3,1,Over
6,talk,24,4,1,Over
6,talk,25,4,2,Over
6,talk,26,4,9,Over
6,talk,27,4,10,VOTE Agent[12]
6,talk,28,4,12,VOTE Agent[10]
6,talk,29,4,11,Over
6,talk,30,5,10,VOTE Agent[12]
6,talk,31,5,1,Over
6,talk,32,5,12,VOTE Agent[10]
6,talk,33,5,9,Over
6,talk,34,5,2,Over
6,talk,35,5,11,Over
6,talk,36,6,9,Over
6,talk,37,6,12,VOTE Agent[10]
6,talk,38,6,11,Over
6,talk,39,6,1,Over
6,talk,40,6,10,VOTE Agent[12]
6,talk,41,6,2,Over
6,talk,42,7,11,Over
6,talk,43,7,9,Over
6,talk,44,7,1,Over
6,talk,45,7,2,Over
6,talk,46,7,10,VOTE Agent[12]
6,talk,47,7,12,VOTE Agent[10]
6,talk,48,8,1,Over
6,talk,49,8,11,Over
6,talk,50,8,2,Over
6,talk,51,8,9,Over
6,talk,52,8,12,VOTE Agent[10]
6,talk,53,8,10,VOTE Agent[12]
6,talk,54,9,12,Over
6,talk,55,9,9,Over
6,talk,56,9,1,Over
6,talk,57,9,2,Over
6,talk,58,9,10,Over
6,talk,59,9,11,Over
6,vote,1,10
6,vote,2,10
6,vote,9,1
6,vote,10,12
6,vote,11,1
6,vote,12,10
6,execute,10,VILLAGER
6,attack,11,true
7,status,1,WEREWOLF,ALIVE,Tomato4
7,status,2,POSSESSED,ALIVE,sample_py
7,status,3,VILLAGER,DEAD,SampleJava14
7,status,4,BODYGUARD,DEAD,HALU
7,status,5,VILLAGER,DEAD,OKAMI
7,status,6,VILLAGER,DEAD,HALU
7,status,7,SEER,DEAD,HALU
7,status,8,WEREWOLF,DEAD,OKAMI
7,status,9,VILLAGER,ALIVE,Takeda12
7,status,10,VILLAGER,DEAD,OKAMI
7,status,11,VILLAGER,DEAD,TOKU0
7,status,12,VILLAGER,ALIVE,HALU
7,status,13,MEDIUM,DEAD,sample_py
7,status,14,VILLAGER,DEAD,Tomato7
7,status,15,WEREWOLF,DEAD,SampleJava2
7,talk,0,0,1,VOTE Agent[12]
7,talk,1,0,2,DIVINED Agent[01] HUMAN
7,talk,2,0,12,VOTE Agent[02]
7,talk,3,0,9,VOTE Agent[01]
7,talk,4,1,1,VOTE Agent[02]
7,talk,5,1,9,Skip
7,talk,6,1,2,VOTE Agent[12]
7,talk,7,1,12,VOTE Agent[01]
7,talk,8,2,9,Skip
7,talk,9,2,1,VOTE Agent[12]
7,talk,10,2,12,VOTE Agent[01]
7,talk,11,2,2,Skip
7,talk,12,3,12,VOTE Agent[01]
7,talk,13,3,1,Skip
7,talk,14,3,2,Skip
7,talk,15,3,9,Over
7,talk,16,4,1,Skip
7,talk,17,4,2,Over
7,talk,18,4,9,Over
7,talk,19,4,12,VOTE Agent[01]
7,talk,20,5,1,Over
7,talk,21,5,2,Over
7,talk,22,5,9,Over
7,talk,23,5,12,VOTE Agent[01]
7,talk,24,6,1,Over
7,talk,25,6,2,Over
7,talk,26,6,9,Over
7,talk,27,6,12,VOTE Agent[01]
7,talk,28,7,1,Over
7,talk,29,7,12,VOTE Agent[01]
7,talk,30,7,2,Over
7,talk,31,7,9,Over
7,talk,32,8,12,VOTE Agent[01]
7,talk,33,8,2,Over
7,talk,34,8,1,Over
7,talk,35,8,9,Over
7,talk,36,9,2,Over
7,talk,37,9,1,Over
7,talk,38,9,12,Over
7,talk,39,9,9,Over
7,vote,1,12
7,vote,2,12
7,vote,9,1
7,vote,12,1
7,vote,1,12
7,vote,2,12
7,vote,9,1
7,vote,12,1
7,execute,1,WEREWOLF
8,status,1,WEREWOLF,DEAD,Tomato4
8,status,2,POSSESSED,ALIVE,sample_py
8,status,3,VILLAGER,DEAD,SampleJava14
8,status,4,BODYGUARD,DEAD,HALU
8,status,5,VILLAGER,DEAD,OKAMI
8,status,6,VILLAGER,DEAD,HALU
8,status,7,SEER,DEAD,HALU
8,status,8,WEREWOLF,DEAD,OKAMI
8,status,9,VILLAGER,ALIVE,Takeda12
8,status,10,VILLAGER,DEAD,OKAMI
8,status,11,VILLAGER,DEAD,TOKU0
8,status,12,VILLAGER,ALIVE,HALU
8,status,13,MEDIUM,DEAD,sample_py
8,status,14,VILLAGER,DEAD,Tomato7
8,status,15,WEREWOLF,DEAD,SampleJava2
8,result,3,0,VILLAGER
