0,status,1,MEDIUM,ALIVE,sample_py
0,status,2,WEREWOLF,ALIVE,HALU
0,status,3,WEREWOLF,ALIVE,OKAMI
0,status,4,VILLAGER,ALIVE,TOKU11
0,status,5,VILLAGER,ALIVE,HALU
0,status,6,VILLAGER,ALIVE,SampleJava7
0,status,7,VILLAGER,ALIVE,Takeda13
0,status,8,BODYGUARD,ALIVE,TOKU0
0,status,9,WEREWOLF,ALIVE,OKAMI
0,status,10,VILLAGER,ALIVE,SampleJava3
0,status,11,SEER,ALIVE,SampleJava6
0,status,12,VILLAGER,ALIVE,SampleJava1
0,status,13,VILLAGER,ALIVE,TOKU12
0,status,14,VILLAGER,ALIVE,SampleJava9
0,status,15,POSSESSED,ALIVE,SampleJava10
0,whisper,0,0,2,COMINGOUT Agent[02] MEDIUM
0,whisper,1,0,9,COMINGOUT Agent[09] VILLAGER
0,whisper,2,0,3,COMINGOUT Agent[03] VILLAGER
0,whisper,3,1,9,Skip
0,whisper,4,1,2,Skip
0,whisper,5,1,3,Skip
0,whisper,6,2,9,Skip
0,whisper,7,2,2,Skip
0,whisper,8,2,3,Skip
0,whisper,9,3,9,Over
0,whisper,10,3,3,Over
0,whisper,11,3,2,Over
0,divine,11,14,HUMAN
1,status,1,MEDIUM,ALIVE,sample_py
1,status,2,WEREWOLF,ALIVE,HALU
1,status,3,WEREWOLF,ALIVE,OKAMI
1,status,4,VILLAGER,ALIVE,TOKU11
1,status,5,VILLAGER,ALIVE,HALU
1,status,6,VILLAGER,ALIVE,SampleJava7
1,status,7,VILLAGER,ALIVE,Takeda13
1,status,8,BODYGUARD,ALIVE,TOKU0
1,status,9,WEREWOLF,ALIVE,OKAMI
1,status,10,VILLAGER,ALIVE,SampleJava3
1,status,11,SEER,ALIVE,SampleJava6
1,status,12,VILLAGER,ALIVE,SampleJava1
1,status,13,VILLAGER,ALIVE,TOKU12
1,status,14,VILLAGER,ALIVE,SampleJava9
1,status,15,POSSESSED,ALIVE,SampleJava10
1,talk,0,0,1,VOTE Agent[02]
1,talk,1,0,10,VOTE Agent[14]
1,talk,2,0,6,VOTE Agent[10]
1,talk,3,0,14,VOTE Agent[08]
1,talk,4,0,15,VOTE Agent[14]
1,talk,5,0,9,VOTE Agent[14]
1,talk,6,0,4,VOTE Agent[14]
1,talk,7,0,7,VOTE Agent[14]
1,talk,8,0,3,VOTE Agent[14]
1,talk,9,0,11,COMINGOUT Agent[11] SEER
1,talk,10,0,12,VOTE Agent[06]
1,talk,11,0,5,VOTE Agent[12]
1,talk,12,0,13,VOTE Agent[14]
1,talk,13,0,2,COMINGOUT Agent[02] MEDIUM
1,talk,14,0,8,VOTE Agent[14]
1,talk,15,1,12,REQUEST ANY (VOTE Agent[06])
1,talk,16,1,6,REQUEST ANY (VOTE Agent[10])
1,talk,17,1,2,VOTE Agent[06]
1,talk,18,1,14,REQUEST ANY (VOTE Agent[08])
1,talk,19,1,3,VOTE Agent[14]
1,talk,20,1,11,DAY 1 (DIVINED Agent[14] HUMAN)
1,talk,21,1,15,REQUEST ANY (VOTE Agent[14])
1,talk,22,1,7,Skip
1,talk,23,1,10,REQUEST ANY (VOTE Agent[14])
1,talk,24,1,5,VOTE Agent[12]
1,talk,25,1,9,VOTE Agent[06]
1,talk,26,1,13,Skip
1,talk,27,1,1,Skip
1,talk,28,1,4,Skip
1,talk,29,1,8,VOTE Agent[05]
1,talk,30,2,15,COMINGOUT Agent[15] SEER
1,talk,31,2,7,VOTE Agent[15]
1,talk,32,2,11,DIVINED Agent[14] HUMAN
1,talk,33,2,4,VOTE Agent[09]
1,talk,34,2,13,VOTE Agent[15]
1,talk,35,2,10,Skip
1,talk,36,2,5,VOTE Agent[12]
1,talk,37,2,14,Skip
1,talk,38,2,8,VOTE Agent[09]
1,talk,39,2,2,VOTE Agent[08]
1,talk,40,2,12,Skip
1,talk,41,2,3,VOTE Agent[06]
1,talk,42,2,1,Skip
1,talk,43,2,9,VOTE Agent[08]
1,talk,44,2,6,Skip
1,talk,45,3,12,Skip
1,talk,46,3,6,Skip
1,talk,47,3,11,BECAUSE (AND (COMINGOUT Agent[11] SEER) (Agent[15] COMINGOUT Agent[15] SEER)) (XOR (ESTIMATE Agent[15] WEREWOLF) (ESTIMATE Agent[15] POSSESSED))
1,talk,48,3,4,Skip
1,talk,49,3,5,VOTE Agent[12]
1,talk,50,3,1,Over
1,talk,51,3,8,Skip
1,talk,52,3,2,VOTE Agent[08]
1,talk,53,3,15,DAY 1 (DIVINED Agent[11] WEREWOLF)
1,talk,54,3,7,Skip
1,talk,55,3,14,Skip
1,talk,56,3,9,VOTE Agent[08]
1,talk,57,3,10,Skip
1,talk,58,3,13,Skip
1,talk,59,3,3,VOTE Agent[08]
1,talk,60,4,14,Over
1,talk,61,4,13,Skip
1,talk,62,4,9,VOTE Agent[08]
1,talk,63,4,5,VOTE Agent[12]
1,talk,64,4,12,Over
1,talk,65,4,10,Over
1,talk,66,4,8,Skip
1,talk,67,4,3,VOTE Agent[08]
1,talk,68,4,15,DIVINED Agent[11] WEREWOLF
1,talk,69,4,6,Over
1,talk,70,4,2,VOTE Agent[08]
1,talk,71,4,7,Skip
1,talk,72,4,1,Over
1,talk,73,4,11,BECAUSE (XOR (ESTIMATE Agent[15] WEREWOLF) (ESTIMATE Agent[15] POSSESSED)) (AND (VOTE Agent[15]) (REQUEST ANY (VOTE Agent[15])))
1,talk,74,4,4,VOTE Agent[03]
1,talk,75,5,11,VOTE Agent[15]
1,talk,76,5,7,Over
1,talk,77,5,3,VOTE Agent[08]
1,talk,78,5,2,VOTE Agent[08]
1,talk,79,5,6,Over
1,talk,80,5,9,VOTE Agent[08]
1,talk,81,5,12,Over
1,talk,82,5,1,Over
1,talk,83,5,14,Over
1,talk,84,5,5,VOTE Agent[12]
1,talk,85,5,8,Over
1,talk,86,5,10,Over
1,talk,87,5,4,Skip
1,talk,88,5,13,Over
1,talk,89,5,15,BECAUSE (DAY 1 (DIVINED Agent[11] WEREWOLF)) (AND (VOTE Agent[11]) (REQUEST ANY (VOTE Agent[11])))
1,talk,90,6,4,Skip
1,talk,91,6,13,Over
1,talk,92,6,12,Over
1,talk,93,6,5,VOTE Agent[12]
1,talk,94,6,7,Over
1,talk,95,6,15,VOTE Agent[11]
1,talk,96,6,9,VOTE Agent[08]
1,talk,97,6,10,Over
1,talk,98,6,1,Over
1,talk,99,6,2,VOTE Agent[08]
1,talk,100,6,6,Over
1,talk,101,6,14,Over
1,talk,102,6,11,REQUEST ANY (VOTE Agent[15])
1,talk,103,6,3,VOTE Agent[08]
1,talk,104,6,8,Over
1,talk,105,7,1,Over
1,talk,106,7,10,Over
1,talk,107,7,14,Over
1,talk,108,7,12,Over
1,talk,109,7,8,Over
1,talk,110,7,3,VOTE Agent[08]
1,talk,111,7,6,Over
1,talk,112,7,11,Skip
1,talk,113,7,13,Over
1,talk,114,7,2,VOTE Agent[08]
1,talk,115,7,9,VOTE Agent[08]
1,talk,116,7,4,VOTE Agent[09]
1,talk,117,7,7,Over
1,talk,118,7,5,VOTE Agent[12]
1,talk,119,7,15,REQUEST ANY (VOTE Agent[11])
1,talk,120,8,11,Skip
1,talk,121,8,7,Over
1,talk,122,8,14,Over
1,talk,123,8,13,Over
1,talk,124,8,15,Skip
1,talk,125,8,10,Over
1,talk,126,8,2,VOTE Agent[04]
1,talk,127,8,5,VOTE Agent[12]
1,talk,128,8,12,Over
1,talk,129,8,1,Over
1,talk,130,8,3,VOTE Agent[08]
1,talk,131,8,4,Skip
1,talk,132,8,6,Over
1,talk,133,8,9,VOTE Agent[08]
1,talk,134,8,8,Over
1,talk,135,9,10,Over
1,talk,136,9,7,Over
1,talk,137,9,1,Over
1,talk,138,9,14,Over
1,talk,139,9,12,Over
1,talk,140,9,8,Over
1,talk,141,9,4,Skip
1,talk,142,9,3,Over
1,talk,143,9,5,Over
1,talk,144,9,9,Over
1,talk,145,9,2,Over
1,talk,146,9,11,Over
1,talk,147,9,13,Over
1,talk,148,9,15,Skip
1,talk,149,9,6,Over
1,talk,150,10,11,Over
1,talk,151,10,6,Over
1,talk,152,10,15,Over
1,talk,153,10,14,Over
1,talk,154,10,12,Over
1,talk,155,10,8,Over
1,talk,156,10,7,Over
1,talk,157,10,3,Over
1,talk,158,10,5,Over
1,talk,159,10,4,Over
1,talk,160,10,13,VOTE Agent[03]
1,talk,161,10,10,Over
1,talk,162,10,1,Over
1,talk,163,10,9,Over
1,talk,164,10,2,Over
1,talk,165,11,6,Over
1,talk,166,11,4,Over
1,talk,167,11,1,Over
1,talk,168,11,7,Over
1,talk,169,11,12,Over
1,talk,170,11,9,Over
1,talk,171,11,2,Over
1,talk,172,11,3,Over
1,talk,173,11,14,Over
1,talk,174,11,11,Over
1,talk,175,11,13,Skip
1,talk,176,11,15,Over
1,talk,177,11,10,Over
1,talk,178,11,8,Over
1,talk,179,11,5,Over
1,talk,180,12,8,Over
1,talk,181,12,7,Over
1,talk,182,12,12,Over
1,talk,183,12,10,Over
1,talk,184,12,2,Over
1,talk,185,12,6,Over
1,talk,186,12,15,Over
1,talk,187,12,4,Over
1,talk,188,12,14,Over
1,talk,189,12,11,Over
1,talk,190,12,5,Over
1,talk,191,12,13,Skip
1,talk,192,12,9,Over
1,talk,193,12,1,Over
1,talk,194,12,3,Over
1,talk,195,13,4,Over
1,talk,196,13,8,Over
1,talk,197,13,9,Over
1,talk,198,13,5,Over
1,talk,199,13,3,Over
1,talk,200,13,13,Over
1,talk,201,13,12,Over
1,talk,202,13,10,Over
1,talk,203,13,1,Over
1,talk,204,13,2,Over
1,talk,205,13,15,Over
1,talk,206,13,14,Over
1,talk,207,13,7,VOTE Agent[03]
1,talk,208,13,6,Over
1,talk,209,13,11,Over
1,talk,210,14,1,Over
1,talk,211,14,2,Over
1,talk,212,14,4,Over
1,talk,213,14,14,Over
1,talk,214,14,13,Over
1,talk,215,14,6,Over
1,talk,216,14,9,Over
1,talk,217,14,11,Over
1,talk,218,14,15,Over
1,talk,219,14,7,Skip
1,talk,220,14,8,VOTE Agent[03]
1,talk,221,14,10,Over
1,talk,222,14,12,Over
1,talk,223,14,5,Over
1,talk,224,14,3,Over
1,talk,225,15,4,VOTE Agent[03]
1,talk,226,15,10,Over
1,talk,227,15,1,Over
1,talk,228,15,5,Over
1,talk,229,15,15,Over
1,talk,230,15,7,Skip
1,talk,231,15,3,Over
1,talk,232,15,12,Over
1,talk,233,15,14,Over
1,talk,234,15,13,Over
1,talk,235,15,9,Over
1,talk,236,15,8,Skip
1,talk,237,15,11,Over
1,talk,238,15,6,Over
1,talk,239,15,2,Over
1,talk,240,16,6,Over
1,talk,241,16,15,Over
1,talk,242,16,12,Over
1,talk,243,16,11,Over
1,talk,244,16,2,Over
1,talk,245,16,7,Over
1,talk,246,16,3,Over
1,talk,247,16,4,Skip
1,talk,248,16,13,Over
1,talk,249,16,14,Over
1,talk,250,16,10,Over
1,talk,251,16,9,Over
1,talk,252,16,8,Skip
1,talk,253,16,5,Over
1,talk,254,16,1,Over
1,talk,255,17,10,Over
1,talk,256,17,5,Over
1,talk,257,17,8,Over
1,talk,258,17,3,Over
1,talk,259,17,4,Skip
1,talk,260,17,11,Over
1,talk,261,17,6,Over
1,talk,262,17,15,Over
1,talk,263,17,14,Over
1,talk,264,17,2,Over
1,talk,265,17,7,Over
1,talk,266,17,9,Over
1,talk,267,17,12,Over
1,talk,268,17,13,Over
1,talk,269,17,1,Over
1,talk,270,18,15,Over
1,talk,271,18,10,Over
1,talk,272,18,7,Over
1,talk,273,18,12,Over
1,talk,274,18,8,Over
1,talk,275,18,3,Over
1,talk,276,18,9,Over
1,talk,277,18,13,Over
1,talk,278,18,1,Over
1,talk,279,18,14,Over
1,talk,280,18,2,Over
1,talk,281,18,4,Over
1,talk,282,18,5,Over
1,talk,283,18,11,Over
1,talk,284,18,6,Over
1,vote,1,2
1,vote,2,4
1,vote,3,8
1,vote,4,3
1,vote,5,12
1,vote,6,11
1,vote,7,3
1,vote,8,3
1,vote,9,8
1,vote,10,15
1,vote,11,15
1,vote,12,11
1,vote,13,3
1,vote,14,11
1,vote,15,11
1,vote,1,2
1,vote,2,4
1,vote,3,8
1,vote,4,3
1,vote,5,12
1,vote,6,3
1,vote,7,3
1,vote,8,3
1,vote,9,8
1,vote,10,3
1,vote,11,3
1,vote,12,3
1,vote,13,3
1,vote,14,3
1,vote,15,3
1,execute,3,WEREWOLF
1,divine,11,15,HUMAN
1,whisper,0,0,9,ATTACK Agent[11]
1,whisper,1,0,2,ATTACK Agent[11]
1,whisper,2,1,2,Skip
1,whisper,3,1,9,Skip
1,whisper,4,2,2,Skip
1,whisper,5,2,9,Skip
1,whisper,6,3,2,Over
1,whisper,7,3,9,Over
1,guard,8,11,SEER
1,attackVote,2,11
1,attackVote,9,11
1,attack,11,false
2,status,1,MEDIUM,ALIVE,sample_py
2,status,2,WEREWOLF,ALIVE,HALU
2,status,3,WEREWOLF,DEAD,OKAMI
2,status,4,VILLAGER,ALIVE,TOKU11
2,status,5,VILLAGER,ALIVE,HALU
2,status,6,VILLAGER,ALIVE,SampleJava7
2,status,7,VILLAGER,ALIVE,Takeda13
2,status,8,BODYGUARD,ALIVE,TOKU0
2,status,9,WEREWOLF,ALIVE,OKAMI
2,status,10,VILLAGER,ALIVE,SampleJava3
2,status,11,SEER,ALIVE,SampleJava6
2,status,12,VILLAGER,ALIVE,SampleJava1
2,status,13,VILLAGER,ALIVE,TOKU12
2,status,14,VILLAGER,ALIVE,SampleJava9
2,status,15,POSSESSED,ALIVE,SampleJava10
2,talk,0,0,1,COMINGOUT Agent[01] MEDIUM
2,talk,1,0,7,VOTE Agent[09]
2,talk,2,0,2,IDENTIFIED Agent[03] WEREWOLF
2,talk,3,0,14,VOTE Agent[06]
2,talk,4,0,9,VOTE Agent[02]
2,talk,5,0,12,VOTE Agent[05]
2,talk,6,0,8,VOTE Agent[09]
2,talk,7,0,4,VOTE Agent[09]
2,talk,8,0,6,VOTE Agent[05]
2,talk,9,0,5,VOTE Agent[12]
2,talk,10,0,13,VOTE Agent[09]
2,talk,11,0,10,VOTE Agent[12]
2,talk,12,0,11,DAY 2 (DIVINED Agent[15] HUMAN)
2,talk,13,0,15,DAY 2 (DIVINED Agent[06] HUMAN)
2,talk,14,1,15,DIVINED Agent[06] HUMAN
2,talk,15,1,10,REQUEST ANY (VOTE Agent[12])
2,talk,16,1,4,VOTE Agent[01]
2,talk,17,1,12,REQUEST ANY (VOTE Agent[05])
2,talk,18,1,2,VOTE Agent[01]
2,talk,19,1,9,VOTE Agent[01]
2,talk,20,1,5,VOTE Agent[12]
2,talk,21,1,7,VOTE Agent[01]
2,talk,22,1,8,VOTE Agent[01]
2,talk,23,1,13,VOTE Agent[01]
2,talk,24,1,6,REQUEST ANY (VOTE Agent[05])
2,talk,25,1,14,REQUEST ANY (VOTE Agent[06])
2,talk,26,1,11,DIVINED Agent[15] HUMAN
2,talk,27,1,1,IDENTIFIED Agent[03] WEREWOLF
2,talk,28,2,12,Skip
2,talk,29,2,2,VOTE Agent[01]
2,talk,30,2,13,Skip
2,talk,31,2,1,VOTE Agent[02]
2,talk,32,2,4,Skip
2,talk,33,2,15,BECAUSE (DAY 1 (DIVINED Agent[11] WEREWOLF)) (AND (VOTE Agent[11]) (REQUEST ANY (VOTE Agent[11])))
2,talk,34,2,11,BECAUSE (AND (AND (COMINGOUT Agent[11] SEER) (Agent[15] COMINGOUT Agent[15] SEER)) (DAY 2 (DIVINED Agent[15] HUMAN))) (ESTIMATE Agent[15] POSSESSED)
2,talk,35,2,5,VOTE Agent[12]
2,talk,36,2,6,Skip
2,talk,37,2,9,VOTE Agent[01]
2,talk,38,2,8,Skip
2,talk,39,2,7,Skip
2,talk,40,2,14,Skip
2,talk,41,2,10,Skip
2,talk,42,3,13,Skip
2,talk,43,3,4,Skip
2,talk,44,3,12,Skip
2,talk,45,3,11,VOTE Agent[09]
2,talk,46,3,6,Skip
2,talk,47,3,10,Skip
2,talk,48,3,7,Skip
2,talk,49,3,1,Skip
2,talk,50,3,9,VOTE Agent[01]
2,talk,51,3,8,Skip
2,talk,52,3,2,VOTE Agent[01]
2,talk,53,3,14,Skip
2,talk,54,3,15,VOTE Agent[11]
2,talk,55,3,5,VOTE Agent[12]
2,talk,56,4,4,Over
2,talk,57,4,7,Over
2,talk,58,4,14,Over
2,talk,59,4,1,Skip
2,talk,60,4,5,VOTE Agent[12]
2,talk,61,4,15,REQUEST ANY (VOTE Agent[11])
2,talk,62,4,8,Over
2,talk,63,4,6,Over
2,talk,64,4,11,REQUEST ANY (VOTE Agent[09])
2,talk,65,4,10,Over
2,talk,66,4,13,Over
2,talk,67,4,9,VOTE Agent[01]
2,talk,68,4,2,VOTE Agent[01]
2,talk,69,4,12,Over
2,talk,70,5,14,Over
2,talk,71,5,11,Skip
2,talk,72,5,1,Over
2,talk,73,5,8,Over
2,talk,74,5,15,Skip
2,talk,75,5,2,VOTE Agent[01]
2,talk,76,5,5,VOTE Agent[12]
2,talk,77,5,13,Over
2,talk,78,5,4,Over
2,talk,79,5,9,VOTE Agent[01]
2,talk,80,5,10,Over
2,talk,81,5,7,Over
2,talk,82,5,6,Over
2,talk,83,5,12,Over
2,talk,84,6,11,Skip
2,talk,85,6,4,Over
2,talk,86,6,6,Over
2,talk,87,6,15,Skip
2,talk,88,6,12,Over
2,talk,89,6,5,VOTE Agent[12]
2,talk,90,6,8,Over
2,talk,91,6,2,VOTE Agent[01]
2,talk,92,6,10,Over
2,talk,93,6,9,VOTE Agent[01]
2,talk,94,6,7,Over
2,talk,95,6,1,Over
2,talk,96,6,14,Over
2,talk,97,6,13,Over
2,talk,98,7,14,Over
2,talk,99,7,2,VOTE Agent[01]
2,talk,100,7,1,Over
2,talk,101,7,10,Over
2,talk,102,7,6,Over
2,talk,103,7,11,Over
2,talk,104,7,12,Over
2,talk,105,7,15,Over
2,talk,106,7,4,Over
2,talk,107,7,8,Over
2,talk,108,7,13,Over
2,talk,109,7,7,Over
2,talk,110,7,5,VOTE Agent[12]
2,talk,111,7,9,VOTE Agent[01]
2,talk,112,8,13,Over
2,talk,113,8,9,VOTE Agent[01]
2,talk,114,8,1,Over
2,talk,115,8,15,Over
2,talk,116,8,2,VOTE Agent[01]
2,talk,117,8,6,Over
2,talk,118,8,4,Over
2,talk,119,8,7,Over
2,talk,120,8,12,Over
2,talk,121,8,14,Over
2,talk,122,8,8,Over
2,talk,123,8,10,Over
2,talk,124,8,5,VOTE Agent[12]
2,talk,125,8,11,Over
2,talk,126,9,5,Over
2,talk,127,9,14,Over
2,talk,128,9,15,Over
2,talk,129,9,13,Over
2,talk,130,9,2,Over
2,talk,131,9,6,Over
2,talk,132,9,1,Over
2,talk,133,9,7,Over
2,talk,134,9,8,Over
2,talk,135,9,9,Over
2,talk,136,9,12,Over
2,talk,137,9,10,Over
2,talk,138,9,4,Over
2,talk,139,9,11,Over
2,vote,1,2
2,vote,2,1
2,vote,4,1
2,vote,5,12
2,vote,6,9
2,vote,7,1
2,vote,8,1
2,vote,9,1
2,vote,10,11
2,vote,11,5
2,vote,12,11
2,vote,13,1
2,vote,14,9
2,vote,15,11
2,execute,1,MEDIUM
2,divine,11,5,HUMAN
2,whisper,0,0,9,ATTACK Agent[01]
2,whisper,1,0,2,ATTACK Agent[15]
2,whisper,2,1,9,Skip
2,whisper,3,1,2,Skip
2,whisper,4,2,9,Skip
2,whisper,5,2,2,Skip
2,whisper,6,3,9,Over
2,whisper,7,3,2,Over
2,guard,8,9,WEREWOLF
2,attackVote,2,11
2,attack,11,true
3,status,1,MEDIUM,DEAD,sample_py
3,status,2,WEREWOLF,ALIVE,HALU
3,status,3,WEREWOLF,DEAD,OKAMI
3,status,4,VILLAGER,ALIVE,TOKU11
3,status,5,VILLAGER,ALIVE,HALU
3,status,6,VILLAGER,ALIVE,SampleJava7
3,status,7,VILLAGER,ALIVE,Takeda13
3,status,8,BODYGUARD,ALIVE,TOKU0
3,status,9,WEREWOLF,ALIVE,OKAMI
3,status,10,VILLAGER,ALIVE,SampleJava3
3,status,11,SEER,DEAD,SampleJava6
3,status,12,VILLAGER,ALIVE,SampleJava1
3,status,13,VILLAGER,ALIVE,TOKU12
3,status,14,VILLAGER,ALIVE,SampleJava9
3,status,15,POSSESSED,ALIVE,SampleJava10
3,talk,0,0,7,VOTE Agent[15]
3,talk,1,0,14,BECAUSE (AND (ANY ATTACKED Agent[11]) (DAY 1 (Agent[15] DIVINED Agent[11] WEREWOLF))) (XOR (ESTIMATE Agent[15] WEREWOLF) (ESTIMATE Agent[15] POSSESSED))
3,talk,2,0,15,DAY 3 (DIVINED Agent[07] HUMAN)
3,talk,3,0,2,IDENTIFIED Agent[01] WEREWOLF
3,talk,4,0,9,VOTE Agent[02]
3,talk,5,0,5,VOTE Agent[12]
3,talk,6,0,4,VOTE Agent[15]
3,talk,7,0,8,VOTE Agent[15]
3,talk,8,0,13,VOTE Agent[15]
3,talk,9,0,10,BECAUSE (AND (ANY ATTACKED Agent[11]) (DAY 1 (Agent[15] DIVINED Agent[11] WEREWOLF))) (XOR (ESTIMATE Agent[15] WEREWOLF) (ESTIMATE Agent[15] POSSESSED))
3,talk,10,0,12,BECAUSE (AND (ANY ATTACKED Agent[11]) (DAY 1 (Agent[15] DIVINED Agent[11] WEREWOLF))) (XOR (ESTIMATE Agent[15] WEREWOLF) (ESTIMATE Agent[15] POSSESSED))
3,talk,11,0,6,BECAUSE (AND (ANY ATTACKED Agent[11]) (DAY 1 (Agent[15] DIVINED Agent[11] WEREWOLF))) (XOR (ESTIMATE Agent[15] WEREWOLF) (ESTIMATE Agent[15] POSSESSED))
3,talk,12,1,13,Skip
3,talk,13,1,7,Skip
3,talk,14,1,2,VOTE Agent[13]
3,talk,15,1,6,BECAUSE (XOR (ESTIMATE Agent[15] WEREWOLF) (ESTIMATE Agent[15] POSSESSED)) (AND (VOTE Agent[15]) (REQUEST ANY (VOTE Agent[15])))
3,talk,16,1,12,BECAUSE (XOR (ESTIMATE Agent[15] WEREWOLF) (ESTIMATE Agent[15] POSSESSED)) (AND (VOTE Agent[15]) (REQUEST ANY (VOTE Agent[15])))
3,talk,17,1,5,VOTE Agent[12]
3,talk,18,1,10,BECAUSE (XOR (ESTIMATE Agent[15] WEREWOLF) (ESTIMATE Agent[15] POSSESSED)) (AND (VOTE Agent[15]) (REQUEST ANY (VOTE Agent[15])))
3,talk,19,1,8,Skip
3,talk,20,1,14,BECAUSE (XOR (ESTIMATE Agent[15] WEREWOLF) (ESTIMATE Agent[15] POSSESSED)) (AND (VOTE Agent[15]) (REQUEST ANY (VOTE Agent[15])))
3,talk,21,1,15,DIVINED Agent[07] HUMAN
3,talk,22,1,9,VOTE Agent[02]
3,talk,23,1,4,Skip
3,talk,24,2,2,VOTE Agent[05]
3,talk,25,2,8,VOTE Agent[09]
3,talk,26,2,4,VOTE Agent[09]
3,talk,27,2,15,VOTE Agent[02]
3,talk,28,2,6,VOTE Agent[15]
3,talk,29,2,12,VOTE Agent[15]
3,talk,30,2,5,VOTE Agent[12]
3,talk,31,2,14,VOTE Agent[15]
3,talk,32,2,10,VOTE Agent[15]
3,talk,33,2,13,VOTE Agent[09]
3,talk,34,2,9,VOTE Agent[02]
3,talk,35,2,7,VOTE Agent[09]
3,talk,36,3,6,REQUEST ANY (VOTE Agent[15])
3,talk,37,3,12,REQUEST ANY (VOTE Agent[15])
3,talk,38,3,8,Skip
3,talk,39,3,15,REQUEST ANY (VOTE Agent[02])
3,talk,40,3,13,VOTE Agent[08]
3,talk,41,3,14,REQUEST ANY (VOTE Agent[15])
3,talk,42,3,2,VOTE Agent[13]
3,talk,43,3,5,VOTE Agent[12]
3,talk,44,3,9,VOTE Agent[02]
3,talk,45,3,4,VOTE Agent[08]
3,talk,46,3,7,VOTE Agent[08]
3,talk,47,3,10,REQUEST ANY (VOTE Agent[15])
3,talk,48,4,7,Skip
3,talk,49,4,13,Skip
3,talk,50,4,12,Skip
3,talk,51,4,8,Skip
3,talk,52,4,2,VOTE Agent[05]
3,talk,53,4,5,VOTE Agent[12]
3,talk,54,4,6,Skip
3,talk,55,4,4,Skip
3,talk,56,4,10,Skip
3,talk,57,4,15,Skip
3,talk,58,4,9,VOTE Agent[02]
3,talk,59,4,14,Skip
3,talk,60,5,9,VOTE Agent[02]
3,talk,61,5,8,Over
3,talk,62,5,15,Skip
3,talk,63,5,10,Skip
3,talk,64,5,5,VOTE Agent[12]
3,talk,65,5,14,Skip
3,talk,66,5,4,Skip
3,talk,67,5,13,Skip
3,talk,68,5,2,VOTE Agent[05]
3,talk,69,5,12,Skip
3,talk,70,5,6,Skip
3,talk,71,5,7,Skip
3,talk,72,6,12,Over
3,talk,73,6,9,VOTE Agent[02]
3,talk,74,6,6,Over
3,talk,75,6,13,Over
3,talk,76,6,10,Over
3,talk,77,6,7,Over
3,talk,78,6,4,Over
3,talk,79,6,8,Over
3,talk,80,6,5,VOTE Agent[12]
3,talk,81,6,2,VOTE Agent[05]
3,talk,82,6,15,Over
3,talk,83,6,14,Over
3,talk,84,7,9,VOTE Agent[02]
3,talk,85,7,5,VOTE Agent[12]
3,talk,86,7,15,Over
3,talk,87,7,6,Over
3,talk,88,7,8,Over
3,talk,89,7,2,VOTE Agent[05]
3,talk,90,7,14,Over
3,talk,91,7,7,Over
3,talk,92,7,13,Over
3,talk,93,7,12,Over
3,talk,94,7,10,Over
3,talk,95,7,4,Over
3,talk,96,8,4,Over
3,talk,97,8,2,VOTE Agent[05]
3,talk,98,8,7,Over
3,talk,99,8,10,Over
3,talk,100,8,13,Over
3,talk,101,8,14,Over
3,talk,102,8,5,VOTE Agent[12]
3,talk,103,8,12,Over
3,talk,104,8,15,Over
3,talk,105,8,8,Over
3,talk,106,8,6,Over
3,talk,107,8,9,VOTE Agent[02]
3,talk,108,9,14,Over
3,talk,109,9,5,Over
3,talk,110,9,4,Over
3,talk,111,9,7,Over
3,talk,112,9,13,Over
3,talk,113,9,6,Over
3,talk,114,9,8,Over
3,talk,115,9,12,Over
3,talk,116,9,9,Over
3,talk,117,9,10,Over
3,talk,118,9,2,Over
3,talk,119,9,15,Over
3,vote,2,5
3,vote,4,8
3,vote,5,12
3,vote,6,15
3,vote,7,8
3,vote,8,9
3,vote,9,2
3,vote,10,15
3,vote,12,15
3,vote,13,8
3,vote,14,15
3,vote,15,10
3,execute,15,POSSESSED
3,whisper,0,0,2,ATTACK Agent[15]
3,whisper,1,0,9,ATTACK Agent[01]
3,whisper,2,1,2,Skip
3,whisper,3,1,9,Skip
3,whisper,4,2,9,Skip
3,whisper,5,2,2,Skip
3,whisper,6,3,2,Over
3,whisper,7,3,9,Over
3,guard,8,15,POSSESSED
3,attackVote,2,14
3,attack,14,true
4,status,1,MEDIUM,DEAD,sample_py
4,status,2,WEREWOLF,ALIVE,HALU
4,status,3,WEREWOLF,DEAD,OKAMI
4,status,4,VILLAGER,ALIVE,TOKU11
4,status,5,VILLAGER,ALIVE,HALU
4,status,6,VILLAGER,ALIVE,SampleJava7
4,status,7,VILLAGER,ALIVE,Takeda13
4,status,8,BODYGUARD,ALIVE,TOKU0
4,status,9,WEREWOLF,ALIVE,OKAMI
4,status,10,VILLAGER,ALIVE,SampleJava3
4,status,11,SEER,DEAD,SampleJava6
4,status,12,VILLAGER,ALIVE,SampleJava1
4,status,13,VILLAGER,ALIVE,TOKU12
4,status,14,VILLAGER,DEAD,SampleJava9
4,status,15,POSSESSED,DEAD,SampleJava10
4,talk,0,0,7,VOTE Agent[08]
4,talk,1,0,5,VOTE Agent[12]
4,talk,2,0,13,VOTE Agent[08]
4,talk,3,0,10,VOTE Agent[08]
4,talk,4,0,9,VOTE Agent[02]
4,talk,5,0,2,IDENTIFIED Agent[15] HUMAN
4,talk,6,0,4,VOTE Agent[08]
4,talk,7,0,12,VOTE Agent[02]
4,talk,8,0,6,VOTE Agent[09]
4,talk,9,0,8,VOTE Agent[09]
4,talk,10,1,2,VOTE Agent[08]
4,talk,11,1,10,REQUEST ANY (VOTE Agent[08])
4,talk,12,1,6,REQUEST ANY (VOTE Agent[09])
4,talk,13,1,12,REQUEST ANY (VOTE Agent[02])
4,talk,14,1,8,VOTE Agent[09]
4,talk,15,1,5,VOTE Agent[12]
4,talk,16,1,4,Skip
4,talk,17,1,9,VOTE Agent[02]
4,talk,18,1,7,Skip
4,talk,19,1,13,Skip
4,talk,20,2,9,VOTE Agent[02]
4,talk,21,2,7,Skip
4,talk,22,2,10,Skip
4,talk,23,2,5,VOTE Agent[12]
4,talk,24,2,12,Skip
4,talk,25,2,4,Skip
4,talk,26,2,13,Skip
4,talk,27,2,6,Skip
4,talk,28,2,2,VOTE Agent[10]
4,talk,29,2,8,Skip
4,talk,30,3,10,Skip
4,talk,31,3,7,Over
4,talk,32,3,9,VOTE Agent[02]
4,talk,33,3,12,Skip
4,talk,34,3,13,Over
4,talk,35,3,2,VOTE Agent[10]
4,talk,36,3,6,Skip
4,talk,37,3,8,Skip
4,talk,38,3,4,Over
4,talk,39,3,5,VOTE Agent[12]
4,talk,40,4,2,VOTE Agent[08]
4,talk,41,4,12,Over
4,talk,42,4,10,Over
4,talk,43,4,8,VOTE Agent[09]
4,talk,44,4,5,VOTE Agent[12]
4,talk,45,4,13,Over
4,talk,46,4,6,Over
4,talk,47,4,4,Over
4,talk,48,4,9,VOTE Agent[02]
4,talk,49,4,7,Over
4,talk,50,5,7,Over
4,talk,51,5,4,Over
4,talk,52,5,10,Over
4,talk,53,5,6,Over
4,talk,54,5,5,VOTE Agent[12]
4,talk,55,5,13,Over
4,talk,56,5,12,Over
4,talk,57,5,8,VOTE Agent[09]
4,talk,58,5,2,VOTE Agent[08]
4,talk,59,5,9,VOTE Agent[02]
4,talk,60,6,12,Over
4,talk,61,6,13,Over
4,talk,62,6,7,Over
4,talk,63,6,6,Over
4,talk,64,6,8,VOTE Agent[09]
4,talk,65,6,2,VOTE Agent[08]
4,talk,66,6,10,Over
4,talk,67,6,9,VOTE Agent[02]
4,talk,68,6,4,Over
4,talk,69,6,5,VOTE Agent[12]
4,talk,70,7,9,VOTE Agent[02]
4,talk,71,7,13,Over
4,talk,72,7,12,Over
4,talk,73,7,4,Over
4,talk,74,7,6,Over
4,talk,75,7,8,VOTE Agent[09]
4,talk,76,7,10,Over
4,talk,77,7,7,Over
4,talk,78,7,2,VOTE Agent[08]
4,talk,79,7,5,VOTE Agent[12]
4,talk,80,8,6,Over
4,talk,81,8,12,Over
4,talk,82,8,2,VOTE Agent[05]
4,talk,83,8,10,Over
4,talk,84,8,5,VOTE Agent[12]
4,talk,85,8,13,Over
4,talk,86,8,8,Skip
4,talk,87,8,4,Over
4,talk,88,8,9,VOTE Agent[02]
4,talk,89,8,7,Over
4,talk,90,9,6,Over
4,talk,91,9,12,Over
4,talk,92,9,9,Over
4,talk,93,9,13,Over
4,talk,94,9,7,Over
4,talk,95,9,2,Over
4,talk,96,9,5,Over
4,talk,97,9,10,Over
4,talk,98,9,4,Over
4,talk,99,9,8,Skip
4,talk,100,10,13,Over
4,talk,101,10,8,Over
4,talk,102,10,5,Over
4,talk,103,10,10,Over
4,talk,104,10,7,Over
4,talk,105,10,9,Over
4,talk,106,10,4,Over
4,talk,107,10,12,Over
4,talk,108,10,2,Over
4,talk,109,10,6,Over
4,vote,2,8
4,vote,4,8
4,vote,5,12
4,vote,6,8
4,vote,7,8
4,vote,8,9
4,vote,9,2
4,vote,10,9
4,vote,12,9
4,vote,13,8
4,execute,8,BODYGUARD
4,whisper,0,0,2,ATTACK Agent[06]
4,whisper,1,0,9,ATTACK Agent[01]
4,whisper,2,1,9,Skip
4,whisper,3,1,2,Skip
4,whisper,4,2,2,Skip
4,whisper,5,2,9,Skip
4,whisper,6,3,2,Over
4,whisper,7,3,9,Over
4,attackVote,2,6
4,attack,6,true
5,status,1,MEDIUM,DEAD,sample_py
5,status,2,WEREWOLF,ALIVE,HALU
5,status,3,WEREWOLF,DEAD,OKAMI
5,status,4,VILLAGER,ALIVE,TOKU11
5,status,5,VILLAGER,ALIVE,HALU
5,status,6,VILLAGER,DEAD,SampleJava7
5,status,7,VILLAGER,ALIVE,Takeda13
5,status,8,BODYGUARD,DEAD,TOKU0
5,status,9,WEREWOLF,ALIVE,OKAMI
5,status,10,VILLAGER,ALIVE,SampleJava3
5,status,11,SEER,DEAD,SampleJava6
5,status,12,VILLAGER,ALIVE,SampleJava1
5,status,13,VILLAGER,ALIVE,TOKU12
5,status,14,VILLAGER,DEAD,SampleJava9
5,status,15,POSSESSED,DEAD,SampleJava10
5,talk,0,0,9,VOTE Agent[02]
5,talk,1,0,13,VOTE Agent[09]
5,talk,2,0,10,VOTE Agent[12]
5,talk,3,0,2,IDENTIFIED Agent[08] HUMAN
5,talk,4,0,12,VOTE Agent[07]
5,talk,5,0,7,VOTE Agent[09]
5,talk,6,0,5,VOTE Agent[12]
5,talk,7,0,4,VOTE Agent[09]
5,talk,8,1,4,Skip
5,talk,9,1,12,REQUEST ANY (VOTE Agent[07])
5,talk,10,1,13,Skip
5,talk,11,1,5,VOTE Agent[12]
5,talk,12,1,10,REQUEST ANY (VOTE Agent[12])
5,talk,13,1,7,Skip
5,talk,14,1,2,VOTE Agent[04]
5,talk,15,1,9,VOTE Agent[02]
5,talk,16,2,5,VOTE Agent[12]
5,talk,17,2,4,Skip
5,talk,18,2,2,VOTE Agent[12]
5,talk,19,2,10,Skip
5,talk,20,2,12,Skip
5,talk,21,2,7,Skip
5,talk,22,2,9,VOTE Agent[02]
5,talk,23,2,13,Skip
5,talk,24,3,2,VOTE Agent[12]
5,talk,25,3,5,VOTE Agent[12]
5,talk,26,3,9,VOTE Agent[02]
5,talk,27,3,12,Skip
5,talk,28,3,7,Over
5,talk,29,3,10,Skip
5,talk,30,3,4,Over
5,talk,31,3,13,Over
5,talk,32,4,9,VOTE Agent[02]
5,talk,33,4,13,Over
5,talk,34,4,7,Over
5,talk,35,4,2,VOTE Agent[04]
5,talk,36,4,12,Over
5,talk,37,4,5,VOTE Agent[12]
5,talk,38,4,10,Over
5,talk,39,4,4,Over
5,talk,40,5,5,VOTE Agent[12]
5,talk,41,5,10,Over
5,talk,42,5,2,VOTE Agent[04]
5,talk,43,5,7,Over
5,talk,44,5,4,Over
5,talk,45,5,9,VOTE Agent[02]
5,talk,46,5,13,Over
5,talk,47,5,12,Over
5,talk,48,6,9,VOTE Agent[02]
5,talk,49,6,2,VOTE Agent[04]
5,talk,50,6,10,Over
5,talk,51,6,7,Over
5,talk,52,6,12,Over
5,talk,53,6,4,Over
5,talk,54,6,13,Over
5,talk,55,6,5,VOTE Agent[12]
5,talk,56,7,10,Over
5,talk,57,7,5,VOTE Agent[12]
5,talk,58,7,4,Over
5,talk,59,7,9,VOTE Agent[02]
5,talk,60,7,2,VOTE Agent[12]
5,talk,61,7,13,Over
5,talk,62,7,7,Over
5,talk,63,7,12,Over
5,talk,64,8,10,Over
5,talk,65,8,12,Over
5,talk,66,8,9,VOTE Agent[02]
5,talk,67,8,4,Over
5,talk,68,8,2,VOTE Agent[04]
5,talk,69,8,13,Over
5,talk,70,8,7,Over
5,talk,71,8,5,VOTE Agent[12]
5,talk,72,9,7,Over
5,talk,73,9,5,Over
5,talk,74,9,2,Over
5,talk,75,9,13,Over
5,talk,76,9,4,Over
5,talk,77,9,10,Over
5,talk,78,9,9,Over
5,talk,79,9,12,Over
5,vote,2,12
5,vote,4,9
5,vote,5,12
5,vote,7,9
5,vote,9,2
5,vote,10,7
5,vote,12,10
5,vote,13,9
5,execute,9,WEREWOLF
5,attackVote,2,7
5,attack,7,true
6,status,1,MEDIUM,DEAD,sample_py
6,status,2,WEREWOLF,ALIVE,HALU
6,status,3,WEREWOLF,DEAD,OKAMI
6,status,4,VILLAGER,ALIVE,TOKU11
6,status,5,VILLAGER,ALIVE,HALU
6,status,6,VILLAGER,DEAD,SampleJava7
6,status,7,VILLAGER,DEAD,Takeda13
6,status,8,BODYGUARD,DEAD,TOKU0
6,status,9,WEREWOLF,DEAD,OKAMI
6,status,10,VILLAGER,ALIVE,SampleJava3
6,status,11,SEER,DEAD,SampleJava6
6,status,12,VILLAGER,ALIVE,SampleJava1
6,status,13,VILLAGER,ALIVE,TOKU12
6,status,14,VILLAGER,DEAD,SampleJava9
6,status,15,POSSESSED,DEAD,SampleJava10
6,talk,0,0,5,VOTE Agent[04]
6,talk,1,0,12,VOTE Agent[13]
6,talk,2,0,4,VOTE Agent[05]
6,talk,3,0,2,IDENTIFIED Agent[09] WEREWOLF
6,talk,4,0,13,VOTE Agent[04]
6,talk,5,0,10,VOTE Agent[12]
6,talk,6,1,5,VOTE Agent[13]
6,talk,7,1,2,VOTE Agent[10]
6,talk,8,1,12,REQUEST ANY (VOTE Agent[13])
6,talk,9,1,10,REQUEST ANY (VOTE Agent[12])
6,talk,10,1,13,VOTE Agent[05]
6,talk,11,1,4,Skip
6,talk,12,2,5,VOTE Agent[13]
6,talk,13,2,2,VOTE Agent[13]
6,talk,14,2,4,Skip
6,talk,15,2,13,VOTE Agent[05]
6,talk,16,2,12,Skip
6,talk,17,2,10,Skip
6,talk,18,3,4,Over
6,talk,19,3,12,Skip
6,talk,20,3,5,VOTE Agent[13]
6,talk,21,3,10,Skip
6,talk,22,3,2,VOTE Agent[13]
6,talk,23,3,13,VOTE Agent[05]
6,talk,24,4,12,Over
6,talk,25,4,13,VOTE Agent[05]
6,talk,26,4,4,Over
6,talk,27,4,5,VOTE Agent[13]
6,talk,28,4,2,VOTE Agent[13]
6,talk,29,4,10,Over
6,talk,30,5,2,VOTE Agent[13]
6,talk,31,5,10,Over
6,talk,32,5,5,VOTE Agent[13]
6,talk,33,5,13,VOTE Agent[05]
6,talk,34,5,12,Over
6,talk,35,5,4,Over
6,talk,36,6,4,Over
6,talk,37,6,10,Over
6,talk,38,6,13,VOTE Agent[05]
6,talk,39,6,2,VOTE Agent[13]
6,talk,40,6,12,Over
6,talk,41,6,5,VOTE Agent[13]
6,talk,42,7,4,Over
6,talk,43,7,12,Over
6,talk,44,7,2,VOTE Agent[13]
6,talk,45,7,13,VOTE Agent[05]
6,talk,46,7,10,Over
6,talk,47,7,5,VOTE Agent[13]
6,talk,48,8,5,VOTE Agent[13]
6,talk,49,8,2,VOTE Agent[13]
6,talk,50,8,10,Over
6,talk,51,8,13,VOTE Agent[05]
6,talk,52,8,12,Over
6,talk,53,8,4,Over
6,talk,54,9,2,Over
6,talk,55,9,4,Over
6,talk,56,9,12,Over
6,talk,57,9,5,Over
6,talk,58,9,10,Over
6,talk,59,9,13,VOTE Agent[05]
6,talk,60,10,13,Over
6,talk,61,10,5,Over
6,talk,62,10,12,Over
6,talk,63,10,2,Over
6,talk,64,10,10,Over
6,talk,65,10,4,Over
6,vote,2,13
6,vote,4,13
6,vote,5,13
6,vote,10,13
6,vote,12,4
6,vote,13,5
6,execute,13,VILLAGER
6,attackVote,2,5
6,attack,5,true
7,status,1,MEDIUM,DEAD,sample_py
7,status,2,WEREWOLF,ALIVE,HALU
7,status,3,WEREWOLF,DEAD,OKAMI
7,status,4,VILLAGER,ALIVE,TOKU11
7,status,5,VILLAGER,DEAD,HALU
7,status,6,VILLAGER,DEAD,SampleJava7
7,status,7,VILLAGER,DEAD,Takeda13
7,status,8,BODYGUARD,DEAD,TOKU0
7,status,9,WEREWOLF,DEAD,OKAMI
7,status,10,VILLAGER,ALIVE,SampleJava3
7,status,11,SEER,DEAD,SampleJava6
7,status,12,VILLAGER,ALIVE,SampleJava1
7,status,13,VILLAGER,DEAD,TOKU12
7,status,14,VILLAGER,DEAD,SampleJava9
7,status,15,POSSESSED,DEAD,SampleJava10
7,talk,0,0,12,VOTE Agent[02]
7,talk,1,0,10,VOTE Agent[02]
7,talk,2,0,4,VOTE Agent[10]
7,talk,3,0,2,IDENTIFIED Agent[13] HUMAN
7,talk,4,1,12,REQUEST ANY (VOTE Agent[02])
7,talk,5,1,4,Skip
7,talk,6,1,10,REQUEST ANY (VOTE Agent[02])
7,talk,7,1,2,VOTE Agent[04]
7,talk,8,2,2,VOTE Agent[04]
7,talk,9,2,4,Skip
7,talk,10,2,10,Skip
7,talk,11,2,12,Skip
7,talk,12,3,12,Skip
7,talk,13,3,2,VOTE Agent[04]
7,talk,14,3,10,Skip
7,talk,15,3,4,Over
7,talk,16,4,2,VOTE Agent[04]
7,talk,17,4,12,Over
7,talk,18,4,4,Over
7,talk,19,4,10,Over
7,talk,20,5,2,VOTE Agent[04]
7,talk,21,5,4,Over
7,talk,22,5,10,Over
7,talk,23,5,12,Over
7,talk,24,6,2,VOTE Agent[04]
7,talk,25,6,10,Over
7,talk,26,6,12,Over
7,talk,27,6,4,Over
7,talk,28,7,12,Over
7,talk,29,7,10,Over
7,talk,30,7,4,Over
7,talk,31,7,2,VOTE Agent[04]
7,talk,32,8,12,Over
7,talk,33,8,4,Over
7,talk,34,8,2,VOTE Agent[04]
7,talk,35,8,10,Over
7,talk,36,9,2,Over
7,talk,37,9,10,Over
7,talk,38,9,4,Over
7,talk,39,9,12,Over
7,vote,2,4
7,vote,4,10
7,vote,10,2
7,vote,12,2
7,execute,2,WEREWOLF
8,status,1,MEDIUM,DEAD,sample_py
8,status,2,WEREWOLF,DEAD,HALU
8,status,3,WEREWOLF,DEAD,OKAMI
8,status,4,VILLAGER,ALIVE,TOKU11
8,status,5,VILLAGER,DEAD,HALU
8,status,6,VILLAGER,DEAD,SampleJava7
8,status,7,VILLAGER,DEAD,Takeda13
8,status,8,BODYGUARD,DEAD,TOKU0
8,status,9,WEREWOLF,DEAD,OKAMI
8,status,10,VILLAGER,ALIVE,SampleJava3
8,status,11,SEER,DEAD,SampleJava6
8,status,12,VILLAGER,ALIVE,SampleJava1
8,status,13,VILLAGER,DEAD,TOKU12
8,status,14,VILLAGER,DEAD,SampleJava9
8,status,15,POSSESSED,DEAD,SampleJava10
8,result,3,0,VILLAGER
