0,status,1,VILLAGER,ALIVE,OKAMI
0,status,2,MEDIUM,ALIVE,SampleJava0
0,status,3,SEER,ALIVE,HALU
0,status,4,VILLAGER,ALIVE,Tomato10
0,status,5,VILLAGER,ALIVE,Tomato14
0,status,6,POSSESSED,ALIVE,HALU
0,status,7,VILLAGER,ALIVE,sample_py
0,status,8,WEREWOLF,ALIVE,Takeda2
0,status,9,VILLAGER,ALIVE,SampleJava11
0,status,10,VILLAGER,ALIVE,Tomato12
0,status,11,VILLAGER,ALIVE,Tomato8
0,status,12,BODYGUARD,ALIVE,sample_py
0,status,13,VILLAGER,ALIVE,Tomato4
0,status,14,WEREWOLF,ALIVE,sample_py
0,status,15,WEREWOLF,ALIVE,Tomato9
0,whisper,0,0,15,COMINGOUT Agent[15] VILLAGER
0,whisper,1,0,14,COMINGOUT Agent[14] SEER
0,whisper,2,0,8,Skip
0,whisper,3,1,8,Skip
0,whisper,4,1,15,Skip
0,whisper,5,1,14,COMINGOUT Agent[14] SEER
0,whisper,6,2,14,COMINGOUT Agent[14] SEER
0,whisper,7,2,8,Over
0,whisper,8,2,15,Skip
0,whisper,9,3,8,Over
0,whisper,10,3,14,COMINGOUT Agent[14] SEER
0,whisper,11,3,15,Over
0,whisper,12,4,8,Over
0,whisper,13,4,14,COMINGOUT Agent[14] SEER
0,whisper,14,4,15,Over
0,whisper,15,5,8,Over
0,whisper,16,5,15,Over
0,whisper,17,5,14,COMINGOUT Agent[14] SEER
0,whisper,18,6,15,Over
0,whisper,19,6,14,COMINGOUT Agent[14] SEER
0,whisper,20,6,8,Over
0,whisper,21,7,8,Over
0,whisper,22,7,14,COMINGOUT Agent[14] SEER
0,whisper,23,7,15,Over
0,whisper,24,8,15,Over
0,whisper,25,8,14,COMINGOUT Agent[14] SEER
0,whisper,26,8,8,Over
0,whisper,27,9,8,Over
0,whisper,28,9,14,COMINGOUT Agent[14] SEER
0,whisper,29,9,15,Over
0,whisper,30,10,15,Over
0,whisper,31,10,14,Over
0,whisper,32,10,8,Over
0,divine,3,7,HUMAN
1,status,1,VILLAGER,ALIVE,OKAMI
1,status,2,MEDIUM,ALIVE,SampleJava0
1,status,3,SEER,ALIVE,HALU
1,status,4,VILLAGER,ALIVE,Tomato10
1,status,5,VILLAGER,ALIVE,Tomato14
1,status,6,POSSESSED,ALIVE,HALU
1,status,7,VILLAGER,ALIVE,sample_py
1,status,8,WEREWOLF,ALIVE,Takeda2
1,status,9,VILLAGER,ALIVE,SampleJava11
1,status,10,VILLAGER,ALIVE,Tomato12
1,status,11,VILLAGER,ALIVE,Tomato8
1,status,12,BODYGUARD,ALIVE,sample_py
1,status,13,VILLAGER,ALIVE,Tomato4
1,status,14,WEREWOLF,ALIVE,sample_py
1,status,15,WEREWOLF,ALIVE,Tomato9
1,talk,0,0,9,VOTE Agent[06]
1,talk,1,0,12,VOTE Agent[01]
1,talk,2,0,4,VOTE Agent[06]
1,talk,3,0,3,COMINGOUT Agent[03] SEER
1,talk,4,0,13,VOTE Agent[06]
1,talk,5,0,7,VOTE Agent[15]
1,talk,6,0,8,COMINGOUT Agent[08] SEER
1,talk,7,0,14,VOTE Agent[03]
1,talk,8,0,1,VOTE Agent[15]
1,talk,9,0,6,COMINGOUT Agent[06] SEER
1,talk,10,0,2,COMINGOUT Agent[02] MEDIUM
1,talk,11,0,10,VOTE Agent[06]
1,talk,12,0,15,VOTE Agent[06]
1,talk,13,0,11,VOTE Agent[06]
1,talk,14,0,5,VOTE Agent[06]
1,talk,15,1,9,REQUEST ANY (VOTE Agent[06])
1,talk,16,1,7,Skip
1,talk,17,1,11,Skip
1,talk,18,1,13,Skip
1,talk,19,1,2,VOTE Agent[05]
1,talk,20,1,1,COMINGOUT Agent[01] VILLAGER
1,talk,21,1,6,DIVINED Agent[08] WEREWOLF
1,talk,22,1,10,Skip
1,talk,23,1,15,Skip
1,talk,24,1,4,Skip
1,talk,25,1,5,Skip
1,talk,26,1,3,DIVINED Agent[07] HUMAN
1,talk,27,1,12,VOTE Agent[08]
1,talk,28,1,8,DIVINED Agent[06] WEREWOLF
1,talk,29,1,14,Skip
1,talk,30,2,1,VOTE Agent[03]
1,talk,31,2,9,Skip
1,talk,32,2,5,Skip
1,talk,33,2,12,Skip
1,talk,34,2,11,Skip
1,talk,35,2,7,VOTE Agent[08]
1,talk,36,2,3,VOTE Agent[01]
1,talk,37,2,13,Skip
1,talk,38,2,2,REQUEST ANY (VOTE Agent[05])
1,talk,39,2,15,Skip
1,talk,40,2,14,Skip
1,talk,41,2,4,Skip
1,talk,42,2,8,VOTE Agent[06]
1,talk,43,2,10,Skip
1,talk,44,2,6,VOTE Agent[08]
1,talk,45,3,11,Over
1,talk,46,3,7,Skip
1,talk,47,3,8,Skip
1,talk,48,3,3,VOTE Agent[01]
1,talk,49,3,5,Over
1,talk,50,3,1,VOTE Agent[08]
1,talk,51,3,13,Over
1,talk,52,3,6,VOTE Agent[08]
1,talk,53,3,2,Skip
1,talk,54,3,14,Over
1,talk,55,3,4,Over
1,talk,56,3,9,Skip
1,talk,57,3,10,Over
1,talk,58,3,12,Skip
1,talk,59,3,15,Over
1,talk,60,4,3,VOTE Agent[01]
1,talk,61,4,10,Over
1,talk,62,4,8,Skip
1,talk,63,4,5,Over
1,talk,64,4,13,Over
1,talk,65,4,12,Over
1,talk,66,4,4,Over
1,talk,67,4,9,Over
1,talk,68,4,14,Over
1,talk,69,4,1,VOTE Agent[08]
1,talk,70,4,11,Over
1,talk,71,4,7,Skip
1,talk,72,4,2,Skip
1,talk,73,4,6,VOTE Agent[08]
1,talk,74,4,15,Over
1,talk,75,5,15,Over
1,talk,76,5,14,Over
1,talk,77,5,3,VOTE Agent[01]
1,talk,78,5,9,Over
1,talk,79,5,12,Over
1,talk,80,5,10,Over
1,talk,81,5,5,Over
1,talk,82,5,8,Over
1,talk,83,5,2,Over
1,talk,84,5,7,Over
1,talk,85,5,4,Over
1,talk,86,5,11,Over
1,talk,87,5,1,VOTE Agent[08]
1,talk,88,5,13,Over
1,talk,89,5,6,VOTE Agent[08]
1,talk,90,6,13,Over
1,talk,91,6,5,Over
1,talk,92,6,3,VOTE Agent[01]
1,talk,93,6,14,Over
1,talk,94,6,9,Over
1,talk,95,6,10,Over
1,talk,96,6,4,Over
1,talk,97,6,2,Over
1,talk,98,6,11,Over
1,talk,99,6,15,Over
1,talk,100,6,12,Over
1,talk,101,6,7,Over
1,talk,102,6,1,VOTE Agent[08]
1,talk,103,6,6,VOTE Agent[08]
1,talk,104,6,8,Over
1,talk,105,7,13,Over
1,talk,106,7,14,Over
1,talk,107,7,8,Over
1,talk,108,7,5,Over
1,talk,109,7,1,VOTE Agent[08]
1,talk,110,7,10,Over
1,talk,111,7,9,Over
1,talk,112,7,15,Over
1,talk,113,7,4,Over
1,talk,114,7,11,Over
1,talk,115,7,2,Over
1,talk,116,7,3,VOTE Agent[01]
1,talk,117,7,12,Over
1,talk,118,7,6,VOTE Agent[08]
1,talk,119,7,7,Over
1,talk,120,8,6,VOTE Agent[08]
1,talk,121,8,3,VOTE Agent[01]
1,talk,122,8,7,Over
1,talk,123,8,10,Over
1,talk,124,8,4,Over
1,talk,125,8,9,Over
1,talk,126,8,13,Over
1,talk,127,8,5,Over
1,talk,128,8,12,Over
1,talk,129,8,11,Over
1,talk,130,8,8,Over
1,talk,131,8,15,Over
1,talk,132,8,1,VOTE Agent[08]
1,talk,133,8,2,Over
1,talk,134,8,14,Over
1,talk,135,9,3,Over
1,talk,136,9,5,Over
1,talk,137,9,2,Over
1,talk,138,9,1,Over
1,talk,139,9,12,Over
1,talk,140,9,15,Over
1,talk,141,9,4,Over
1,talk,142,9,13,Over
1,talk,143,9,9,Over
1,talk,144,9,14,Over
1,talk,145,9,6,Over
1,talk,146,9,7,Over
1,talk,147,9,8,Over
1,talk,148,9,11,Over
1,talk,149,9,10,Over
1,vote,1,8
1,vote,2,6
1,vote,3,1
1,vote,4,6
1,vote,5,6
1,vote,6,8
1,vote,7,8
1,vote,8,6
1,vote,9,5
1,vote,10,6
1,vote,11,6
1,vote,12,8
1,vote,13,6
1,vote,14,3
1,vote,15,6
1,execute,6,POSSESSED
1,divine,3,8,WEREWOLF
1,whisper,0,0,15,ATTACK Agent[03]
1,whisper,1,0,8,Skip
1,whisper,2,0,14,ATTACK Agent[02]
1,whisper,3,1,14,Skip
1,whisper,4,1,8,Skip
1,whisper,5,1,15,Skip
1,whisper,6,2,15,Skip
1,whisper,7,2,14,Skip
1,whisper,8,2,8,Over
1,whisper,9,3,15,Over
1,whisper,10,3,8,Over
1,whisper,11,3,14,Over
1,guard,12,3,SEER
1,attackVote,8,3
1,attackVote,14,2
1,attackVote,15,3
1,attack,3,false
2,status,1,VILLAGER,ALIVE,OKAMI
2,status,2,MEDIUM,ALIVE,SampleJava0
2,status,3,SEER,ALIVE,HALU
2,status,4,VILLAGER,ALIVE,Tomato10
2,status,5,VILLAGER,ALIVE,Tomato14
2,status,6,POSSESSED,DEAD,HALU
2,status,7,VILLAGER,ALIVE,sample_py
2,status,8,WEREWOLF,ALIVE,Takeda2
2,status,9,VILLAGER,ALIVE,SampleJava11
2,status,10,VILLAGER,ALIVE,Tomato12
2,status,11,VILLAGER,ALIVE,Tomato8
2,status,12,BODYGUARD,ALIVE,sample_py
2,status,13,VILLAGER,ALIVE,Tomato4
2,status,14,WEREWOLF,ALIVE,sample_py
2,status,15,WEREWOLF,ALIVE,Tomato9
2,talk,0,0,9,VOTE Agent[02]
2,talk,1,0,10,VOTE Agent[02]
2,talk,2,0,15,VOTE Agent[02]
2,talk,3,0,13,VOTE Agent[02]
2,talk,4,0,8,DIVINED Agent[12] WEREWOLF
2,talk,5,0,7,VOTE Agent[08]
2,talk,6,0,3,DIVINED Agent[08] WEREWOLF
2,talk,7,0,12,VOTE Agent[08]
2,talk,8,0,2,DAY 2 (IDENTIFIED Agent[06] HUMAN)
2,talk,9,0,11,VOTE Agent[08]
2,talk,10,0,4,VOTE Agent[08]
2,talk,11,0,1,VOTE Agent[08]
2,talk,12,0,14,COMINGOUT Agent[14] SEER
2,talk,13,0,5,VOTE Agent[08]
2,talk,14,1,9,REQUEST ANY (VOTE Agent[02])
2,talk,15,1,4,Skip
2,talk,16,1,8,VOTE Agent[12]
2,talk,17,1,13,VOTE Agent[08]
2,talk,18,1,14,DIVINED Agent[07] HUMAN
2,talk,19,1,1,COMINGOUT Agent[01] VILLAGER
2,talk,20,1,3,VOTE Agent[08]
2,talk,21,1,2,IDENTIFIED Agent[06] HUMAN
2,talk,22,1,15,Skip
2,talk,23,1,10,VOTE Agent[08]
2,talk,24,1,12,Skip
2,talk,25,1,11,Skip
2,talk,26,1,7,Skip
2,talk,27,1,5,Skip
2,talk,28,2,3,VOTE Agent[08]
2,talk,29,2,10,Skip
2,talk,30,2,8,VOTE Agent[12]
2,talk,31,2,13,Skip
2,talk,32,2,12,Skip
2,talk,33,2,4,Skip
2,talk,34,2,9,Skip
2,talk,35,2,1,VOTE Agent[08]
2,talk,36,2,14,DIVINED Agent[02] HUMAN
2,talk,37,2,2,BECAUSE (AND (DAY 2 (IDENTIFIED Agent[06] HUMAN)) (DAY 1 (Agent[08] DIVINED Agent[06] WEREWOLF))) (XOR (ESTIMATE Agent[08] WEREWOLF) (ESTIMATE Agent[08] POSSESSED))
2,talk,38,2,7,Skip
2,talk,39,2,5,Skip
2,talk,40,2,15,Skip
2,talk,41,2,11,Skip
2,talk,42,3,5,Over
2,talk,43,3,10,Skip
2,talk,44,3,14,VOTE Agent[03]
2,talk,45,3,15,Over
2,talk,46,3,7,Over
2,talk,47,3,8,VOTE Agent[12]
2,talk,48,3,11,Over
2,talk,49,3,1,VOTE Agent[03]
2,talk,50,3,2,BECAUSE (XOR (ESTIMATE Agent[08] WEREWOLF) (ESTIMATE Agent[08] POSSESSED)) (AND (VOTE Agent[08]) (REQUEST ANY (VOTE Agent[08])))
2,talk,51,3,3,VOTE Agent[08]
2,talk,52,3,9,Skip
2,talk,53,3,13,Skip
2,talk,54,3,4,Over
2,talk,55,3,12,Over
2,talk,56,4,7,Over
2,talk,57,4,2,VOTE Agent[08]
2,talk,58,4,12,Over
2,talk,59,4,14,Skip
2,talk,60,4,13,Over
2,talk,61,4,9,Over
2,talk,62,4,8,VOTE Agent[12]
2,talk,63,4,3,VOTE Agent[08]
2,talk,64,4,10,Over
2,talk,65,4,15,Over
2,talk,66,4,5,Over
2,talk,67,4,11,Over
2,talk,68,4,1,VOTE Agent[03]
2,talk,69,4,4,Over
2,talk,70,5,14,Skip
2,talk,71,5,11,Over
2,talk,72,5,2,REQUEST ANY (VOTE Agent[08])
2,talk,73,5,1,VOTE Agent[03]
2,talk,74,5,10,Over
2,talk,75,5,12,Over
2,talk,76,5,5,Over
2,talk,77,5,9,Over
2,talk,78,5,7,Over
2,talk,79,5,15,Over
2,talk,80,5,8,VOTE Agent[12]
2,talk,81,5,13,Over
2,talk,82,5,4,Over
2,talk,83,5,3,VOTE Agent[08]
2,talk,84,6,7,Over
2,talk,85,6,3,VOTE Agent[08]
2,talk,86,6,1,VOTE Agent[03]
2,talk,87,6,5,Over
2,talk,88,6,15,Over
2,talk,89,6,10,Over
2,talk,90,6,9,Over
2,talk,91,6,11,Over
2,talk,92,6,8,VOTE Agent[12]
2,talk,93,6,13,Over
2,talk,94,6,4,Over
2,talk,95,6,14,Over
2,talk,96,6,12,Over
2,talk,97,6,2,Skip
2,talk,98,7,10,Over
2,talk,99,7,9,Over
2,talk,100,7,1,VOTE Agent[03]
2,talk,101,7,5,Over
2,talk,102,7,8,VOTE Agent[12]
2,talk,103,7,15,VOTE Agent[03]
2,talk,104,7,13,Over
2,talk,105,7,11,Over
2,talk,106,7,4,Over
2,talk,107,7,14,Over
2,talk,108,7,2,Skip
2,talk,109,7,7,Over
2,talk,110,7,12,Over
2,talk,111,7,3,VOTE Agent[08]
2,talk,112,8,7,Over
2,talk,113,8,3,VOTE Agent[08]
2,talk,114,8,5,Over
2,talk,115,8,13,Over
2,talk,116,8,1,VOTE Agent[03]
2,talk,117,8,12,Over
2,talk,118,8,15,Skip
2,talk,119,8,4,Over
2,talk,120,8,8,VOTE Agent[12]
2,talk,121,8,2,Over
2,talk,122,8,10,Over
2,talk,123,8,11,Over
2,talk,124,8,14,Over
2,talk,125,8,9,Over
2,talk,126,9,8,VOTE Agent[12]
2,talk,127,9,7,Over
2,talk,128,9,15,Skip
2,talk,129,9,13,Over
2,talk,130,9,9,Over
2,talk,131,9,10,Over
2,talk,132,9,4,Over
2,talk,133,9,3,Over
2,talk,134,9,2,Over
2,talk,135,9,14,Over
2,talk,136,9,1,Over
2,talk,137,9,11,Over
2,talk,138,9,5,Over
2,talk,139,9,12,Over
2,talk,140,10,3,Over
2,talk,141,10,8,Over
2,talk,142,10,10,Over
2,talk,143,10,14,Over
2,talk,144,10,15,Over
2,talk,145,10,12,Over
2,talk,146,10,5,Over
2,talk,147,10,11,Over
2,talk,148,10,4,Over
2,talk,149,10,9,Over
2,talk,150,10,7,Over
2,talk,151,10,1,Over
2,talk,152,10,13,Over
2,talk,153,10,2,Over
2,vote,1,3
2,vote,2,8
2,vote,3,8
2,vote,4,8
2,vote,5,8
2,vote,7,8
2,vote,8,12
2,vote,9,8
2,vote,10,8
2,vote,11,8
2,vote,12,8
2,vote,13,8
2,vote,14,3
2,vote,15,3
2,execute,8,WEREWOLF
2,divine,3,1,HUMAN
2,whisper,0,0,14,ATTACK Agent[01]
2,whisper,1,0,15,ATTACK Agent[02]
2,whisper,2,1,14,Skip
2,whisper,3,1,15,Skip
2,whisper,4,2,14,Skip
2,whisper,5,2,15,Skip
2,whisper,6,3,15,Over
2,whisper,7,3,14,Over
2,guard,12,3,SEER
2,attackVote,14,1
2,attackVote,15,2
2,attackVote,14,1
2,attackVote,15,2
2,attack,2,true
3,status,1,VILLAGER,ALIVE,OKAMI
3,status,2,MEDIUM,DEAD,SampleJava0
3,status,3,SEER,ALIVE,HALU
3,status,4,VILLAGER,ALIVE,Tomato10
3,status,5,VILLAGER,ALIVE,Tomato14
3,status,6,POSSESSED,DEAD,HALU
3,status,7,VILLAGER,ALIVE,sample_py
3,status,8,WEREWOLF,DEAD,Takeda2
3,status,9,VILLAGER,ALIVE,SampleJava11
3,status,10,VILLAGER,ALIVE,Tomato12
3,status,11,VILLAGER,ALIVE,Tomato8
3,status,12,BODYGUARD,ALIVE,sample_py
3,status,13,VILLAGER,ALIVE,Tomato4
3,status,14,WEREWOLF,ALIVE,sample_py
3,status,15,WEREWOLF,ALIVE,Tomato9
3,talk,0,0,4,VOTE Agent[14]
3,talk,1,0,11,VOTE Agent[14]
3,talk,2,0,1,VOTE Agent[14]
3,talk,3,0,14,DIVINED Agent[05] HUMAN
3,talk,4,0,12,VOTE Agent[03]
3,talk,5,0,5,VOTE Agent[14]
3,talk,6,0,10,VOTE Agent[14]
3,talk,7,0,13,VOTE Agent[14]
3,talk,8,0,9,VOTE Agent[01]
3,talk,9,0,7,VOTE Agent[12]
3,talk,10,0,15,VOTE Agent[12]
3,talk,11,0,3,DIVINED Agent[01] HUMAN
3,talk,12,1,7,Skip
3,talk,13,1,11,Skip
3,talk,14,1,4,Skip
3,talk,15,1,13,Skip
3,talk,16,1,1,COMINGOUT Agent[01] VILLAGER
3,talk,17,1,5,Skip
3,talk,18,1,15,Skip
3,talk,19,1,3,VOTE Agent[01]
3,talk,20,1,10,Skip
3,talk,21,1,14,VOTE Agent[03]
3,talk,22,1,9,REQUEST ANY (VOTE Agent[01])
3,talk,23,1,12,Skip
3,talk,24,2,7,Skip
3,talk,25,2,13,Skip
3,talk,26,2,1,VOTE Agent[03]
3,talk,27,2,10,Skip
3,talk,28,2,11,Skip
3,talk,29,2,5,Skip
3,talk,30,2,4,Skip
3,talk,31,2,14,Skip
3,talk,32,2,12,Skip
3,talk,33,2,9,Skip
3,talk,34,2,3,VOTE Agent[01]
3,talk,35,2,15,VOTE Agent[03]
3,talk,36,3,5,Over
3,talk,37,3,12,Over
3,talk,38,3,11,Over
3,talk,39,3,7,Over
3,talk,40,3,3,VOTE Agent[01]
3,talk,41,3,1,VOTE Agent[03]
3,talk,42,3,13,Over
3,talk,43,3,4,Over
3,talk,44,3,9,Skip
3,talk,45,3,14,Skip
3,talk,46,3,10,Over
3,talk,47,3,15,Skip
3,talk,48,4,13,Over
3,talk,49,4,11,Over
3,talk,50,4,10,Over
3,talk,51,4,4,Over
3,talk,52,4,5,Over
3,talk,53,4,15,Skip
3,talk,54,4,1,VOTE Agent[03]
3,talk,55,4,14,Over
3,talk,56,4,3,VOTE Agent[01]
3,talk,57,4,12,Over
3,talk,58,4,9,Over
3,talk,59,4,7,Over
3,talk,60,5,13,Over
3,talk,61,5,9,Over
3,talk,62,5,3,VOTE Agent[01]
3,talk,63,5,15,Over
3,talk,64,5,11,Over
3,talk,65,5,1,VOTE Agent[03]
3,talk,66,5,10,Over
3,talk,67,5,4,Over
3,talk,68,5,14,Over
3,talk,69,5,12,Over
3,talk,70,5,7,Over
3,talk,71,5,5,Over
3,talk,72,6,11,Over
3,talk,73,6,12,Over
3,talk,74,6,7,Over
3,talk,75,6,5,Over
3,talk,76,6,10,Over
3,talk,77,6,1,VOTE Agent[03]
3,talk,78,6,13,Over
3,talk,79,6,14,Over
3,talk,80,6,3,VOTE Agent[01]
3,talk,81,6,4,Over
3,talk,82,6,15,Over
3,talk,83,6,9,Over
3,talk,84,7,13,Over
3,talk,85,7,14,Over
3,talk,86,7,15,Over
3,talk,87,7,11,Over
3,talk,88,7,10,Over
3,talk,89,7,5,Over
3,talk,90,7,9,Over
3,talk,91,7,1,VOTE Agent[03]
3,talk,92,7,12,Over
3,talk,93,7,4,Over
3,talk,94,7,7,Over
3,talk,95,7,3,VOTE Agent[01]
3,talk,96,8,12,Over
3,talk,97,8,13,Over
3,talk,98,8,1,VOTE Agent[03]
3,talk,99,8,4,Over
3,talk,100,8,7,Over
3,talk,101,8,11,Over
3,talk,102,8,14,Over
3,talk,103,8,5,Over
3,talk,104,8,15,Over
3,talk,105,8,3,VOTE Agent[01]
3,talk,106,8,9,Over
3,talk,107,8,10,Over
3,talk,108,9,15,Over
3,talk,109,9,3,Over
3,talk,110,9,1,Over
3,talk,111,9,14,Over
3,talk,112,9,4,Over
3,talk,113,9,9,Over
3,talk,114,9,5,Over
3,talk,115,9,12,Over
3,talk,116,9,11,Over
3,talk,117,9,10,Over
3,talk,118,9,7,Over
3,talk,119,9,13,Over
3,vote,1,3
3,vote,3,1
3,vote,4,14
3,vote,5,14
3,vote,7,12
3,vote,9,10
3,vote,10,14
3,vote,11,14
3,vote,12,3
3,vote,13,14
3,vote,14,3
3,vote,15,3
3,execute,14,WEREWOLF
3,divine,3,15,WEREWOLF
3,guard,12,3,SEER
3,attack,12,true
4,status,1,VILLAGER,ALIVE,OKAMI
4,status,2,MEDIUM,DEAD,SampleJava0
4,status,3,SEER,ALIVE,HALU
4,status,4,VILLAGER,ALIVE,Tomato10
4,status,5,VILLAGER,ALIVE,Tomato14
4,status,6,POSSESSED,DEAD,HALU
4,status,7,VILLAGER,ALIVE,sample_py
4,status,8,WEREWOLF,DEAD,Takeda2
4,status,9,VILLAGER,ALIVE,SampleJava11
4,status,10,VILLAGER,ALIVE,Tomato12
4,status,11,VILLAGER,ALIVE,Tomato8
4,status,12,BODYGUARD,DEAD,sample_py
4,status,13,VILLAGER,ALIVE,Tomato4
4,status,14,WEREWOLF,DEAD,sample_py
4,status,15,WEREWOLF,ALIVE,Tomato9
4,talk,0,0,7,VOTE Agent[03]
4,talk,1,0,5,VOTE Agent[03]
4,talk,2,0,9,VOTE Agent[04]
4,talk,3,0,1,VOTE Agent[03]
4,talk,4,0,10,VOTE Agent[03]
4,talk,5,0,15,VOTE Agent[03]
4,talk,6,0,4,VOTE Agent[03]
4,talk,7,0,13,VOTE Agent[03]
4,talk,8,0,3,DIVINED Agent[15] WEREWOLF
4,talk,9,0,11,VOTE Agent[03]
4,talk,10,1,11,Skip
4,talk,11,1,4,Skip
4,talk,12,1,9,REQUEST ANY (VOTE Agent[04])
4,talk,13,1,1,COMINGOUT Agent[01] VILLAGER
4,talk,14,1,13,Skip
4,talk,15,1,3,VOTE Agent[15]
4,talk,16,1,10,Skip
4,talk,17,1,5,Skip
4,talk,18,1,15,Skip
4,talk,19,1,7,VOTE Agent[15]
4,talk,20,2,3,VOTE Agent[15]
4,talk,21,2,7,Skip
4,talk,22,2,4,Skip
4,talk,23,2,1,VOTE Agent[03]
4,talk,24,2,15,Skip
4,talk,25,2,10,Skip
4,talk,26,2,5,Skip
4,talk,27,2,9,Skip
4,talk,28,2,13,Skip
4,talk,29,2,11,Skip
4,talk,30,3,9,Skip
4,talk,31,3,15,Over
4,talk,32,3,7,Skip
4,talk,33,3,5,Over
4,talk,34,3,1,VOTE Agent[03]
4,talk,35,3,11,Over
4,talk,36,3,13,Over
4,talk,37,3,3,VOTE Agent[15]
4,talk,38,3,10,Over
4,talk,39,3,4,Over
4,talk,40,4,9,Over
4,talk,41,4,1,VOTE Agent[03]
4,talk,42,4,11,Over
4,talk,43,4,3,VOTE Agent[15]
4,talk,44,4,10,Over
4,talk,45,4,4,Over
4,talk,46,4,5,Over
4,talk,47,4,13,Over
4,talk,48,4,15,Over
4,talk,49,4,7,Over
4,talk,50,5,5,Over
4,talk,51,5,10,Over
4,talk,52,5,1,VOTE Agent[03]
4,talk,53,5,4,Over
4,talk,54,5,13,Over
4,talk,55,5,7,Over
4,talk,56,5,3,VOTE Agent[15]
4,talk,57,5,11,Over
4,talk,58,5,15,Over
4,talk,59,5,9,Over
4,talk,60,6,7,Over
4,talk,61,6,10,Over
4,talk,62,6,3,VOTE Agent[15]
4,talk,63,6,9,Over
4,talk,64,6,1,VOTE Agent[03]
4,talk,65,6,11,Over
4,talk,66,6,4,Over
4,talk,67,6,15,Over
4,talk,68,6,5,Over
4,talk,69,6,13,Over
4,talk,70,7,10,Over
4,talk,71,7,15,Over
4,talk,72,7,7,Over
4,talk,73,7,13,Over
4,talk,74,7,5,Over
4,talk,75,7,9,Over
4,talk,76,7,3,VOTE Agent[15]
4,talk,77,7,4,Over
4,talk,78,7,11,Over
4,talk,79,7,1,VOTE Agent[03]
4,talk,80,8,4,Over
4,talk,81,8,11,Over
4,talk,82,8,13,Over
4,talk,83,8,3,VOTE Agent[15]
4,talk,84,8,10,Over
4,talk,85,8,5,Over
4,talk,86,8,15,Over
4,talk,87,8,9,Over
4,talk,88,8,1,VOTE Agent[03]
4,talk,89,8,7,Over
4,talk,90,9,10,Over
4,talk,91,9,4,Over
4,talk,92,9,3,Over
4,talk,93,9,13,Over
4,talk,94,9,15,Over
4,talk,95,9,7,Over
4,talk,96,9,11,Over
4,talk,97,9,5,Over
4,talk,98,9,9,Over
4,talk,99,9,1,Over
4,vote,1,3
4,vote,3,15
4,vote,4,3
4,vote,5,3
4,vote,7,15
4,vote,9,13
4,vote,10,3
4,vote,11,3
4,vote,13,3
4,vote,15,3
4,execute,3,SEER
4,attack,5,true
5,status,1,VILLAGER,ALIVE,OKAMI
5,status,2,MEDIUM,DEAD,SampleJava0
5,status,3,SEER,DEAD,HALU
5,status,4,VILLAGER,ALIVE,Tomato10
5,status,5,VILLAGER,DEAD,Tomato14
5,status,6,POSSESSED,DEAD,HALU
5,status,7,VILLAGER,ALIVE,sample_py
5,status,8,WEREWOLF,DEAD,Takeda2
5,status,9,VILLAGER,ALIVE,SampleJava11
5,status,10,VILLAGER,ALIVE,Tomato12
5,status,11,VILLAGER,ALIVE,Tomato8
5,status,12,BODYGUARD,DEAD,sample_py
5,status,13,VILLAGER,ALIVE,Tomato4
5,status,14,WEREWOLF,DEAD,sample_py
5,status,15,WEREWOLF,ALIVE,Tomato9
5,talk,0,0,1,VOTE Agent[15]
5,talk,1,0,9,VOTE Agent[07]
5,talk,2,0,11,VOTE Agent[04]
5,talk,3,0,4,VOTE Agent[11]
5,talk,4,0,10,VOTE Agent[11]
5,talk,5,0,15,VOTE Agent[11]
5,talk,6,0,13,VOTE Agent[11]
5,talk,7,0,7,VOTE Agent[15]
5,talk,8,1,15,Skip
5,talk,9,1,13,Skip
5,talk,10,1,10,Skip
5,talk,11,1,4,Skip
5,talk,12,1,9,REQUEST ANY (VOTE Agent[07])
5,talk,13,1,7,Skip
5,talk,14,1,1,COMINGOUT Agent[01] VILLAGER
5,talk,15,1,11,Skip
5,talk,16,2,15,VOTE Agent[07]
5,talk,17,2,1,VOTE Agent[15]
5,talk,18,2,4,Skip
5,talk,19,2,11,Skip
5,talk,20,2,9,Skip
5,talk,21,2,7,Skip
5,talk,22,2,13,Skip
5,talk,23,2,10,Skip
5,talk,24,3,13,Over
5,talk,25,3,1,VOTE Agent[15]
5,talk,26,3,7,Over
5,talk,27,3,15,Skip
5,talk,28,3,10,Over
5,talk,29,3,4,Over
5,talk,30,3,11,Over
5,talk,31,3,9,Skip
5,talk,32,4,9,Over
5,talk,33,4,1,VOTE Agent[15]
5,talk,34,4,7,Over
5,talk,35,4,11,Over
5,talk,36,4,15,Skip
5,talk,37,4,10,Over
5,talk,38,4,13,Over
5,talk,39,4,4,Over
5,talk,40,5,11,Over
5,talk,41,5,13,Over
5,talk,42,5,10,Over
5,talk,43,5,15,Over
5,talk,44,5,7,Over
5,talk,45,5,1,VOTE Agent[15]
5,talk,46,5,9,Over
5,talk,47,5,4,Over
5,talk,48,6,10,Over
5,talk,49,6,7,Over
5,talk,50,6,15,Over
5,talk,51,6,9,Over
5,talk,52,6,11,Over
5,talk,53,6,13,Over
5,talk,54,6,4,Over
5,talk,55,6,1,VOTE Agent[15]
5,talk,56,7,4,Over
5,talk,57,7,10,Over
5,talk,58,7,7,Over
5,talk,59,7,13,Over
5,talk,60,7,11,Over
5,talk,61,7,1,VOTE Agent[15]
5,talk,62,7,15,Over
5,talk,63,7,9,Over
5,talk,64,8,11,Over
5,talk,65,8,15,Over
5,talk,66,8,9,Over
5,talk,67,8,1,VOTE Agent[15]
5,talk,68,8,10,Over
5,talk,69,8,4,Over
5,talk,70,8,13,Over
5,talk,71,8,7,Over
5,talk,72,9,11,Over
5,talk,73,9,13,Over
5,talk,74,9,7,Over
5,talk,75,9,9,Over
5,talk,76,9,10,Over
5,talk,77,9,15,Over
5,talk,78,9,1,Over
5,talk,79,9,4,Over
5,vote,1,15
5,vote,4,11
5,vote,7,15
5,vote,9,1
5,vote,10,11
5,vote,11,4
5,vote,13,11
5,vote,15,7
5,execute,11,VILLAGER
5,attack,10,true
6,status,1,VILLAGER,ALIVE,OKAMI
6,status,2,MEDIUM,DEAD,SampleJava0
6,status,3,SEER,DEAD,HALU
6,status,4,VILLAGER,ALIVE,Tomato10
6,status,5,VILLAGER,DEAD,Tomato14
6,status,6,POSSESSED,DEAD,HALU
6,status,7,VILLAGER,ALIVE,sample_py
6,status,8,WEREWOLF,DEAD,Takeda2
6,status,9,VILLAGER,ALIVE,SampleJava11
6,status,10,VILLAGER,DEAD,Tomato12
6,status,11,VILLAGER,DEAD,Tomato8
6,status,12,BODYGUARD,DEAD,sample_py
6,status,13,VILLAGER,ALIVE,Tomato4
6,status,14,WEREWOLF,DEAD,sample_py
6,status,15,WEREWOLF,ALIVE,Tomato9
6,talk,0,0,4,VOTE Agent[15]
6,talk,1,0,7,VOTE Agent[15]
6,talk,2,0,15,VOTE Agent[09]
6,talk,3,0,13,VOTE Agent[04]
6,talk,4,0,9,VOTE Agent[01]
6,talk,5,0,1,VOTE Agent[04]
6,talk,6,1,1,COMINGOUT Agent[01] VILLAGER
6,talk,7,1,13,Skip
6,talk,8,1,4,Skip
6,talk,9,1,9,REQUEST ANY (VOTE Agent[01])
6,talk,10,1,7,Skip
6,talk,11,1,15,VOTE Agent[04]
6,talk,12,2,15,Skip
6,talk,13,2,1,VOTE Agent[04]
6,talk,14,2,4,Skip
6,talk,15,2,13,Skip
6,talk,16,2,7,Skip
6,talk,17,2,9,Skip
6,talk,18,3,4,Over
6,talk,19,3,1,VOTE Agent[04]
6,talk,20,3,15,Skip
6,talk,21,3,13,Over
6,talk,22,3,7,Over
6,talk,23,3,9,Skip
6,talk,24,4,13,Over
6,talk,25,4,4,Over
6,talk,26,4,9,Over
6,talk,27,4,15,Over
6,talk,28,4,7,Over
6,talk,29,4,1,VOTE Agent[04]
6,talk,30,5,13,Over
6,talk,31,5,7,Over
6,talk,32,5,15,Over
6,talk,33,5,4,Over
6,talk,34,5,9,Over
6,talk,35,5,1,VOTE Agent[04]
6,talk,36,6,4,Over
6,talk,37,6,9,Over
6,talk,38,6,13,Over
6,talk,39,6,1,VOTE Agent[04]
6,talk,40,6,7,Over
6,talk,41,6,15,Over
6,talk,42,7,7,Over
6,talk,43,7,15,Over
6,talk,44,7,1,VOTE Agent[04]
6,talk,45,7,9,Over
6,talk,46,7,13,Over
6,talk,47,7,4,Over
6,talk,48,8,7,Over
6,talk,49,8,9,Over
6,talk,50,8,1,VOTE Agent[04]
6,talk,51,8,4,Over
6,talk,52,8,13,Over
6,talk,53,8,15,Over
6,talk,54,9,9,Over
6,talk,55,9,4,Over
6,talk,56,9,15,Over
6,talk,57,9,13,Over
6,talk,58,9,1,Over
6,talk,59,9,7,Over
6,vote,1,4
6,vote,4,15
6,vote,7,15
6,vote,9,4
6,vote,13,4
6,vote,15,4
6,execute,4,VILLAGER
6,attack,9,true
7,status,1,VILLAGER,ALIVE,OKAMI
7,status,2,MEDIUM,DEAD,SampleJava0
7,status,3,SEER,DEAD,HALU
7,status,4,VILLAGER,DEAD,Tomato10
7,status,5,VILLAGER,DEAD,Tomato14
7,status,6,POSSESSED,DEAD,HALU
7,status,7,VILLAGER,ALIVE,sample_py
7,status,8,WEREWOLF,DEAD,Takeda2
7,status,9,VILLAGER,DEAD,SampleJava11
7,status,10,VILLAGER,DEAD,Tomato12
7,status,11,VILLAGER,DEAD,Tomato8
7,status,12,BODYGUARD,DEAD,sample_py
7,status,13,VILLAGER,ALIVE,Tomato4
7,status,14,WEREWOLF,DEAD,sample_py
7,status,15,WEREWOLF,ALIVE,Tomato9
7,talk,0,0,1,VOTE Agent[13]
7,talk,1,0,13,VOTE Agent[15]
7,talk,2,0,7,VOTE Agent[15]
7,talk,3,0,15,VOTE Agent[13]
7,talk,4,1,13,Skip
7,talk,5,1,15,Skip
7,talk,6,1,7,Skip
7,talk,7,1,1,COMINGOUT Agent[01] VILLAGER
7,talk,8,2,1,VOTE Agent[13]
7,talk,9,2,13,Skip
7,talk,10,2,7,Skip
7,talk,11,2,15,Skip
7,talk,12,3,15,Over
7,talk,13,3,1,VOTE Agent[13]
7,talk,14,3,13,Over
7,talk,15,3,7,Over
7,talk,16,4,1,VOTE Agent[13]
7,talk,17,4,15,Over
7,talk,18,4,7,Over
7,talk,19,4,13,Over
7,talk,20,5,13,Over
7,talk,21,5,7,Over
7,talk,22,5,1,VOTE Agent[13]
7,talk,23,5,15,Over
7,talk,24,6,13,Over
7,talk,25,6,7,Over
7,talk,26,6,15,VOTE Agent[07]
7,talk,27,6,1,VOTE Agent[13]
7,talk,28,7,15,VOTE Agent[13]
7,talk,29,7,1,VOTE Agent[13]
7,talk,30,7,13,Over
7,talk,31,7,7,Over
7,talk,32,8,7,Over
7,talk,33,8,13,Over
7,talk,34,8,15,Skip
7,talk,35,8,1,VOTE Agent[13]
7,talk,36,9,15,Skip
7,talk,37,9,7,Over
7,talk,38,9,1,Over
7,talk,39,9,13,Over
7,talk,40,10,15,Over
7,talk,41,10,7,Over
7,talk,42,10,1,Over
7,talk,43,10,13,Over
7,vote,1,13
7,vote,7,15
7,vote,13,15
7,vote,15,13
7,vote,1,13
7,vote,7,15
7,vote,13,15
7,vote,15,13
7,execute,13,VILLAGER
7,attack,1,true
8,status,1,VILLAGER,DEAD,OKAMI
8,status,2,MEDIUM,DEAD,SampleJava0
8,status,3,SEER,DEAD,HALU
8,status,4,VILLAGER,DEAD,Tomato10
8,status,5,VILLAGER,DEAD,Tomato14
8,status,6,POSSESSED,DEAD,HALU
8,status,7,VILLAGER,ALIVE,sample_py
8,status,8,WEREWOLF,DEAD,Takeda2
8,status,9,VILLAGER,DEAD,SampleJava11
8,status,10,VILLAGER,DEAD,Tomato12
8,status,11,VILLAGER,DEAD,Tomato8
8,status,12,BODYGUARD,DEAD,sample_py
8,status,13,VILLAGER,DEAD,Tomato4
8,status,14,WEREWOLF,DEAD,sample_py
8,status,15,WEREWOLF,ALIVE,Tomato9
8,result,1,1,WEREWOLF
