0,status,1,VILLAGER,ALIVE,Takeda9
0,status,2,BODYGUARD,ALIVE,Takeda7
0,status,3,WEREWOLF,ALIVE,SampleJava13
0,status,4,VILLAGER,ALIVE,TOKU11
0,status,5,VILLAGER,ALIVE,SampleJava2
0,status,6,POSSESSED,ALIVE,Takeda6
0,status,7,WEREWOLF,ALIVE,SampleJava1
0,status,8,WEREWOLF,ALIVE,HALU
0,status,9,VILLAGER,ALIVE,OKAMI
0,status,10,VILLAGER,ALIVE,Tomato0
0,status,11,VILLAGER,ALIVE,HALU
0,status,12,SEER,ALIVE,HALU
0,status,13,VILLAGER,ALIVE,OKAMI
0,status,14,VILLAGER,ALIVE,Tomato4
0,status,15,MEDIUM,ALIVE,sample_py
0,whisper,0,0,3,COMINGOUT Agent[03] VILLAGER
0,whisper,1,0,7,COMINGOUT Agent[07] VILLAGER
0,whisper,2,0,8,COMINGOUT Agent[08] SEER
0,whisper,3,1,3,Skip
0,whisper,4,1,7,Skip
0,whisper,5,1,8,Skip
0,whisper,6,2,8,Skip
0,whisper,7,2,3,Skip
0,whisper,8,2,7,Skip
0,whisper,9,3,7,Over
0,whisper,10,3,3,Over
0,whisper,11,3,8,Over
0,divine,12,5,HUMAN
1,status,1,VILLAGER,ALIVE,Takeda9
1,status,2,BODYGUARD,ALIVE,Takeda7
1,status,3,WEREWOLF,ALIVE,SampleJava13
1,status,4,VILLAGER,ALIVE,TOKU11
1,status,5,VILLAGER,ALIVE,SampleJava2
1,status,6,POSSESSED,ALIVE,Takeda6
1,status,7,WEREWOLF,ALIVE,SampleJava1
1,status,8,WEREWOLF,ALIVE,HALU
1,status,9,VILLAGER,ALIVE,OKAMI
1,status,10,VILLAGER,ALIVE,Tomato0
1,status,11,VILLAGER,ALIVE,HALU
1,status,12,SEER,ALIVE,HALU
1,status,13,VILLAGER,ALIVE,OKAMI
1,status,14,VILLAGER,ALIVE,Tomato4
1,status,15,MEDIUM,ALIVE,sample_py
1,talk,0,0,9,VOTE Agent[02]
1,talk,1,0,10,VOTE Agent[02]
1,talk,2,0,12,COMINGOUT Agent[12] SEER
1,talk,3,0,4,VOTE Agent[02]
1,talk,4,0,15,VOTE Agent[01]
1,talk,5,0,8,COMINGOUT Agent[08] SEER
1,talk,6,0,14,VOTE Agent[02]
1,talk,7,0,3,VOTE Agent[05]
1,talk,8,0,2,VOTE Agent[05]
1,talk,9,0,1,VOTE Agent[08]
1,talk,10,0,6,COMINGOUT Agent[06] SEER
1,talk,11,0,11,VOTE Agent[02]
1,talk,12,0,7,VOTE Agent[10]
1,talk,13,0,13,VOTE Agent[05]
1,talk,14,0,5,VOTE Agent[09]
1,talk,15,1,7,REQUEST ANY (VOTE Agent[10])
1,talk,16,1,5,REQUEST ANY (VOTE Agent[09])
1,talk,17,1,14,Skip
1,talk,18,1,3,REQUEST ANY (VOTE Agent[05])
1,talk,19,1,9,COMINGOUT Agent[09] VILLAGER
1,talk,20,1,2,VOTE Agent[08]
1,talk,21,1,6,DIVINED Agent[14] WEREWOLF
1,talk,22,1,12,DIVINED Agent[05] HUMAN
1,talk,23,1,13,COMINGOUT Agent[13] VILLAGER
1,talk,24,1,11,VOTE Agent[07]
1,talk,25,1,4,VOTE Agent[08]
1,talk,26,1,8,DIVINED Agent[06] WEREWOLF
1,talk,27,1,10,VOTE Agent[08]
1,talk,28,1,15,VOTE Agent[14]
1,talk,29,1,1,VOTE Agent[02]
1,talk,30,2,7,Skip
1,talk,31,2,6,VOTE Agent[14]
1,talk,32,2,4,Skip
1,talk,33,2,15,Skip
1,talk,34,2,12,VOTE Agent[07]
1,talk,35,2,5,Skip
1,talk,36,2,13,VOTE Agent[08]
1,talk,37,2,8,VOTE Agent[06]
1,talk,38,2,10,VOTE Agent[06]
1,talk,39,2,2,VOTE Agent[12]
1,talk,40,2,14,VOTE Agent[06]
1,talk,41,2,3,Skip
1,talk,42,2,9,VOTE Agent[08]
1,talk,43,2,11,VOTE Agent[06]
1,talk,44,2,1,VOTE Agent[12]
1,talk,45,3,1,VOTE Agent[08]
1,talk,46,3,7,Skip
1,talk,47,3,4,Skip
1,talk,48,3,2,VOTE Agent[08]
1,talk,49,3,11,VOTE Agent[06]
1,talk,50,3,10,Skip
1,talk,51,3,9,VOTE Agent[08]
1,talk,52,3,3,Skip
1,talk,53,3,15,Skip
1,talk,54,3,6,Skip
1,talk,55,3,14,Skip
1,talk,56,3,8,VOTE Agent[06]
1,talk,57,3,13,VOTE Agent[06]
1,talk,58,3,12,VOTE Agent[09]
1,talk,59,3,5,Skip
1,talk,60,4,12,VOTE Agent[07]
1,talk,61,4,1,Skip
1,talk,62,4,14,Skip
1,talk,63,4,9,VOTE Agent[08]
1,talk,64,4,6,Skip
1,talk,65,4,10,Skip
1,talk,66,4,5,Over
1,talk,67,4,11,VOTE Agent[06]
1,talk,68,4,7,Over
1,talk,69,4,8,VOTE Agent[06]
1,talk,70,4,2,Skip
1,talk,71,4,13,VOTE Agent[06]
1,talk,72,4,3,Over
1,talk,73,4,15,Over
1,talk,74,4,4,Over
1,talk,75,5,2,Skip
1,talk,76,5,12,VOTE Agent[07]
1,talk,77,5,14,Over
1,talk,78,5,1,Skip
1,talk,79,5,9,VOTE Agent[08]
1,talk,80,5,6,VOTE Agent[12]
1,talk,81,5,7,Over
1,talk,82,5,8,VOTE Agent[06]
1,talk,83,5,5,Over
1,talk,84,5,11,VOTE Agent[06]
1,talk,85,5,3,Over
1,talk,86,5,4,Over
1,talk,87,5,10,Over
1,talk,88,5,13,VOTE Agent[08]
1,talk,89,5,15,Over
1,talk,90,6,6,Skip
1,talk,91,6,9,VOTE Agent[08]
1,talk,92,6,7,Over
1,talk,93,6,5,Over
1,talk,94,6,10,Over
1,talk,95,6,11,VOTE Agent[12]
1,talk,96,6,2,Over
1,talk,97,6,12,VOTE Agent[09]
1,talk,98,6,4,Over
1,talk,99,6,15,Over
1,talk,100,6,3,Over
1,talk,101,6,1,Over
1,talk,102,6,13,VOTE Agent[06]
1,talk,103,6,8,VOTE Agent[06]
1,talk,104,6,14,Over
1,talk,105,7,13,VOTE Agent[06]
1,talk,106,7,11,VOTE Agent[06]
1,talk,107,7,6,Skip
1,talk,108,7,4,Over
1,talk,109,7,5,Over
1,talk,110,7,15,Over
1,talk,111,7,10,Over
1,talk,112,7,3,Over
1,talk,113,7,2,Over
1,talk,114,7,14,Over
1,talk,115,7,9,VOTE Agent[08]
1,talk,116,7,12,VOTE Agent[07]
1,talk,117,7,1,Over
1,talk,118,7,7,Over
1,talk,119,7,8,VOTE Agent[06]
1,talk,120,8,4,Over
1,talk,121,8,14,Over
1,talk,122,8,5,Over
1,talk,123,8,6,Over
1,talk,124,8,10,Over
1,talk,125,8,1,Over
1,talk,126,8,3,Over
1,talk,127,8,13,VOTE Agent[08]
1,talk,128,8,8,VOTE Agent[06]
1,talk,129,8,11,VOTE Agent[08]
1,talk,130,8,2,Over
1,talk,131,8,15,Over
1,talk,132,8,9,VOTE Agent[06]
1,talk,133,8,7,Over
1,talk,134,8,12,VOTE Agent[09]
1,talk,135,9,14,Over
1,talk,136,9,2,Over
1,talk,137,9,10,Over
1,talk,138,9,12,Over
1,talk,139,9,3,Over
1,talk,140,9,7,Over
1,talk,141,9,1,Over
1,talk,142,9,15,Over
1,talk,143,9,6,Over
1,talk,144,9,11,Over
1,talk,145,9,4,Over
1,talk,146,9,5,Over
1,talk,147,9,9,Over
1,talk,148,9,13,Over
1,talk,149,9,8,VOTE Agent[06]
1,talk,150,10,3,Over
1,talk,151,10,8,Over
1,talk,152,10,9,Over
1,talk,153,10,11,Over
1,talk,154,10,4,Over
1,talk,155,10,1,Over
1,talk,156,10,15,Over
1,talk,157,10,2,Over
1,talk,158,10,12,Over
1,talk,159,10,14,Over
1,talk,160,10,5,Over
1,talk,161,10,6,Over
1,talk,162,10,10,Over
1,talk,163,10,7,Over
1,talk,164,10,13,Over
1,vote,1,8
1,vote,2,8
1,vote,3,5
1,vote,4,8
1,vote,5,10
1,vote,6,9
1,vote,7,10
1,vote,8,6
1,vote,9,6
1,vote,10,6
1,vote,11,8
1,vote,12,7
1,vote,13,8
1,vote,14,6
1,vote,15,14
1,execute,8,WEREWOLF
1,divine,12,14,HUMAN
1,whisper,0,0,7,BECAUSE (AND (NOT (COMINGOUT Agent[06] WEREWOLF)) (NOT (COMINGOUT Agent[14] WEREWOLF)) (DAY 1 (Agent[06] DIVINED Agent[14] WEREWOLF))) (ESTIMATE Agent[06] POSSESSED)
1,whisper,1,0,3,BECAUSE (AND (NOT (COMINGOUT Agent[06] WEREWOLF)) (NOT (COMINGOUT Agent[14] WEREWOLF)) (DAY 1 (Agent[06] DIVINED Agent[14] WEREWOLF))) (ESTIMATE Agent[06] POSSESSED)
1,whisper,2,1,7,BECAUSE (Agent[13] COMINGOUT Agent[13] VILLAGER) (ATTACK Agent[13])
1,whisper,3,1,3,ATTACK Agent[12]
1,whisper,4,2,7,ATTACK Agent[13]
1,whisper,5,2,3,Skip
1,whisper,6,3,7,Skip
1,whisper,7,3,3,Skip
1,whisper,8,4,7,Skip
1,whisper,9,4,3,Over
1,whisper,10,5,7,Over
1,whisper,11,5,3,Over
1,guard,2,12,SEER
1,attackVote,3,12
1,attackVote,7,13
1,attackVote,3,12
1,attackVote,7,13
1,attack,12,false
2,status,1,VILLAGER,ALIVE,Takeda9
2,status,2,BODYGUARD,ALIVE,Takeda7
2,status,3,WEREWOLF,ALIVE,SampleJava13
2,status,4,VILLAGER,ALIVE,TOKU11
2,status,5,VILLAGER,ALIVE,SampleJava2
2,status,6,POSSESSED,ALIVE,Takeda6
2,status,7,WEREWOLF,ALIVE,SampleJava1
2,status,8,WEREWOLF,DEAD,HALU
2,status,9,VILLAGER,ALIVE,OKAMI
2,status,10,VILLAGER,ALIVE,Tomato0
2,status,11,VILLAGER,ALIVE,HALU
2,status,12,SEER,ALIVE,HALU
2,status,13,VILLAGER,ALIVE,OKAMI
2,status,14,VILLAGER,ALIVE,Tomato4
2,status,15,MEDIUM,ALIVE,sample_py
2,talk,0,0,3,VOTE Agent[05]
2,talk,1,0,5,VOTE Agent[04]
2,talk,2,0,1,VOTE Agent[02]
2,talk,3,0,12,DIVINED Agent[14] HUMAN
2,talk,4,0,14,VOTE Agent[05]
2,talk,5,0,2,VOTE Agent[01]
2,talk,6,0,15,COMINGOUT Agent[15] MEDIUM
2,talk,7,0,10,VOTE Agent[05]
2,talk,8,0,9,VOTE Agent[06]
2,talk,9,0,11,VOTE Agent[06]
2,talk,10,0,6,DIVINED Agent[02] HUMAN
2,talk,11,0,7,VOTE Agent[12]
2,talk,12,0,4,VOTE Agent[11]
2,talk,13,0,13,VOTE Agent[12]
2,talk,14,1,11,VOTE Agent[06]
2,talk,15,1,5,REQUEST ANY (VOTE Agent[04])
2,talk,16,1,3,REQUEST ANY (VOTE Agent[05])
2,talk,17,1,13,COMINGOUT Agent[13] VILLAGER
2,talk,18,1,15,IDENTIFIED Agent[08] WEREWOLF
2,talk,19,1,14,VOTE Agent[06]
2,talk,20,1,4,VOTE Agent[01]
2,talk,21,1,6,VOTE Agent[14]
2,talk,22,1,7,REQUEST ANY (VOTE Agent[12])
2,talk,23,1,9,COMINGOUT Agent[09] VILLAGER
2,talk,24,1,12,VOTE Agent[09]
2,talk,25,1,10,VOTE Agent[06]
2,talk,26,1,1,Skip
2,talk,27,1,2,Skip
2,talk,28,2,12,VOTE Agent[07]
2,talk,29,2,14,Skip
2,talk,30,2,13,VOTE Agent[07]
2,talk,31,2,6,Skip
2,talk,32,2,1,Skip
2,talk,33,2,7,Skip
2,talk,34,2,4,Skip
2,talk,35,2,15,VOTE Agent[06]
2,talk,36,2,11,VOTE Agent[07]
2,talk,37,2,3,Skip
2,talk,38,2,5,Skip
2,talk,39,2,9,VOTE Agent[07]
2,talk,40,2,10,Skip
2,talk,41,2,2,Skip
2,talk,42,3,7,Skip
2,talk,43,3,12,VOTE Agent[09]
2,talk,44,3,13,VOTE Agent[09]
2,talk,45,3,10,Skip
2,talk,46,3,14,Skip
2,talk,47,3,6,Skip
2,talk,48,3,15,Skip
2,talk,49,3,11,VOTE Agent[09]
2,talk,50,3,2,VOTE Agent[11]
2,talk,51,3,9,VOTE Agent[13]
2,talk,52,3,5,Skip
2,talk,53,3,1,VOTE Agent[11]
2,talk,54,3,3,Skip
2,talk,55,3,4,VOTE Agent[11]
2,talk,56,4,1,Skip
2,talk,57,4,2,Skip
2,talk,58,4,5,Over
2,talk,59,4,4,Skip
2,talk,60,4,12,VOTE Agent[09]
2,talk,61,4,9,VOTE Agent[13]
2,talk,62,4,11,VOTE Agent[07]
2,talk,63,4,3,Over
2,talk,64,4,13,VOTE Agent[07]
2,talk,65,4,6,Over
2,talk,66,4,15,Skip
2,talk,67,4,7,Over
2,talk,68,4,14,Over
2,talk,69,4,10,Over
2,talk,70,5,14,Over
2,talk,71,5,15,Over
2,talk,72,5,9,VOTE Agent[07]
2,talk,73,5,12,VOTE Agent[09]
2,talk,74,5,7,Over
2,talk,75,5,13,VOTE Agent[09]
2,talk,76,5,1,Skip
2,talk,77,5,2,Skip
2,talk,78,5,11,VOTE Agent[07]
2,talk,79,5,5,Over
2,talk,80,5,3,Over
2,talk,81,5,4,Skip
2,talk,82,5,10,Over
2,talk,83,5,6,Over
2,talk,84,6,14,Over
2,talk,85,6,6,Over
2,talk,86,6,11,VOTE Agent[07]
2,talk,87,6,13,VOTE Agent[09]
2,talk,88,6,5,Over
2,talk,89,6,9,VOTE Agent[07]
2,talk,90,6,2,Over
2,talk,91,6,7,Over
2,talk,92,6,1,VOTE Agent[02]
2,talk,93,6,10,Over
2,talk,94,6,12,VOTE Agent[09]
2,talk,95,6,4,Over
2,talk,96,6,15,Over
2,talk,97,6,3,Over
2,talk,98,7,14,Over
2,talk,99,7,2,Over
2,talk,100,7,4,Over
2,talk,101,7,13,VOTE Agent[09]
2,talk,102,7,12,VOTE Agent[09]
2,talk,103,7,11,VOTE Agent[07]
2,talk,104,7,9,VOTE Agent[07]
2,talk,105,7,1,VOTE Agent[11]
2,talk,106,7,3,Over
2,talk,107,7,5,Over
2,talk,108,7,7,Over
2,talk,109,7,6,Over
2,talk,110,7,15,Over
2,talk,111,7,10,Over
2,talk,112,8,4,Over
2,talk,113,8,3,Over
2,talk,114,8,11,VOTE Agent[07]
2,talk,115,8,14,Over
2,talk,116,8,1,Skip
2,talk,117,8,2,Over
2,talk,118,8,15,Over
2,talk,119,8,7,Over
2,talk,120,8,10,Over
2,talk,121,8,6,Over
2,talk,122,8,13,VOTE Agent[09]
2,talk,123,8,5,Over
2,talk,124,8,12,VOTE Agent[09]
2,talk,125,8,9,VOTE Agent[07]
2,talk,126,9,12,Over
2,talk,127,9,10,Over
2,talk,128,9,13,Over
2,talk,129,9,15,Over
2,talk,130,9,14,Over
2,talk,131,9,7,Over
2,talk,132,9,4,Over
2,talk,133,9,5,Over
2,talk,134,9,6,Over
2,talk,135,9,1,Skip
2,talk,136,9,3,Over
2,talk,137,9,11,Over
2,talk,138,9,2,Over
2,talk,139,9,9,Over
2,talk,140,10,14,Over
2,talk,141,10,5,Over
2,talk,142,10,3,Over
2,talk,143,10,4,Over
2,talk,144,10,7,Over
2,talk,145,10,11,Over
2,talk,146,10,13,Over
2,talk,147,10,2,Over
2,talk,148,10,10,Over
2,talk,149,10,1,Over
2,talk,150,10,6,Over
2,talk,151,10,15,Over
2,talk,152,10,12,Over
2,talk,153,10,9,Over
2,vote,1,11
2,vote,2,11
2,vote,3,5
2,vote,4,11
2,vote,5,12
2,vote,6,7
2,vote,7,12
2,vote,9,7
2,vote,10,6
2,vote,11,7
2,vote,12,9
2,vote,13,9
2,vote,14,6
2,vote,15,6
2,vote,1,11
2,vote,2,11
2,vote,3,6
2,vote,4,11
2,vote,5,6
2,vote,6,7
2,vote,7,6
2,vote,9,7
2,vote,10,6
2,vote,11,7
2,vote,12,9
2,vote,13,9
2,vote,14,6
2,vote,15,6
2,execute,6,POSSESSED
2,divine,12,10,HUMAN
2,whisper,0,0,3,ATTACK Agent[09]
2,whisper,1,0,7,BECAUSE (Agent[15] COMINGOUT Agent[15] MEDIUM) (ATTACK Agent[15])
2,whisper,2,1,3,Skip
2,whisper,3,1,7,ATTACK Agent[15]
2,whisper,4,2,7,Skip
2,whisper,5,2,3,Skip
2,whisper,6,3,7,Skip
2,whisper,7,3,3,Over
2,whisper,8,4,3,Over
2,whisper,9,4,7,Over
2,guard,2,12,SEER
2,attackVote,3,9
2,attackVote,7,15
2,attackVote,3,9
2,attackVote,7,15
2,attack,15,true
3,status,1,VILLAGER,ALIVE,Takeda9
3,status,2,BODYGUARD,ALIVE,Takeda7
3,status,3,WEREWOLF,ALIVE,SampleJava13
3,status,4,VILLAGER,ALIVE,TOKU11
3,status,5,VILLAGER,ALIVE,SampleJava2
3,status,6,POSSESSED,DEAD,Takeda6
3,status,7,WEREWOLF,ALIVE,SampleJava1
3,status,8,WEREWOLF,DEAD,HALU
3,status,9,VILLAGER,ALIVE,OKAMI
3,status,10,VILLAGER,ALIVE,Tomato0
3,status,11,VILLAGER,ALIVE,HALU
3,status,12,SEER,ALIVE,HALU
3,status,13,VILLAGER,ALIVE,OKAMI
3,status,14,VILLAGER,ALIVE,Tomato4
3,status,15,MEDIUM,DEAD,sample_py
3,talk,0,0,10,VOTE Agent[12]
3,talk,1,0,9,VOTE Agent[13]
3,talk,2,0,3,VOTE Agent[05]
3,talk,3,0,12,DIVINED Agent[10] HUMAN
3,talk,4,0,4,VOTE Agent[11]
3,talk,5,0,11,VOTE Agent[09]
3,talk,6,0,1,VOTE Agent[11]
3,talk,7,0,2,VOTE Agent[11]
3,talk,8,0,7,VOTE Agent[10]
3,talk,9,0,14,VOTE Agent[10]
3,talk,10,0,5,VOTE Agent[14]
3,talk,11,0,13,VOTE Agent[09]
3,talk,12,1,14,Skip
3,talk,13,1,12,VOTE Agent[09]
3,talk,14,1,2,VOTE Agent[01]
3,talk,15,1,3,REQUEST ANY (VOTE Agent[05])
3,talk,16,1,5,REQUEST ANY (VOTE Agent[14])
3,talk,17,1,13,COMINGOUT Agent[13] VILLAGER
3,talk,18,1,4,VOTE Agent[02]
3,talk,19,1,9,COMINGOUT Agent[09] VILLAGER
3,talk,20,1,1,VOTE Agent[02]
3,talk,21,1,10,Skip
3,talk,22,1,11,VOTE Agent[09]
3,talk,23,1,7,REQUEST ANY (VOTE Agent[10])
3,talk,24,2,10,Skip
3,talk,25,2,9,VOTE Agent[13]
3,talk,26,2,2,VOTE Agent[11]
3,talk,27,2,4,VOTE Agent[11]
3,talk,28,2,7,Skip
3,talk,29,2,14,Skip
3,talk,30,2,11,VOTE Agent[09]
3,talk,31,2,12,VOTE Agent[07]
3,talk,32,2,1,VOTE Agent[11]
3,talk,33,2,13,VOTE Agent[09]
3,talk,34,2,3,Skip
3,talk,35,2,5,Skip
3,talk,36,3,9,VOTE Agent[07]
3,talk,37,3,13,VOTE Agent[09]
3,talk,38,3,12,VOTE Agent[07]
3,talk,39,3,14,Over
3,talk,40,3,2,Skip
3,talk,41,3,3,Skip
3,talk,42,3,5,Skip
3,talk,43,3,7,Skip
3,talk,44,3,1,VOTE Agent[02]
3,talk,45,3,10,Over
3,talk,46,3,11,VOTE Agent[09]
3,talk,47,3,4,VOTE Agent[02]
3,talk,48,4,7,Over
3,talk,49,4,11,VOTE Agent[09]
3,talk,50,4,10,Over
3,talk,51,4,12,VOTE Agent[09]
3,talk,52,4,1,Skip
3,talk,53,4,13,VOTE Agent[07]
3,talk,54,4,2,Skip
3,talk,55,4,5,Over
3,talk,56,4,14,Over
3,talk,57,4,4,Skip
3,talk,58,4,3,Over
3,talk,59,4,9,VOTE Agent[07]
3,talk,60,5,10,Over
3,talk,61,5,12,VOTE Agent[07]
3,talk,62,5,2,Over
3,talk,63,5,7,Over
3,talk,64,5,3,Over
3,talk,65,5,11,VOTE Agent[09]
3,talk,66,5,14,Over
3,talk,67,5,4,Skip
3,talk,68,5,1,Skip
3,talk,69,5,13,VOTE Agent[09]
3,talk,70,5,5,Over
3,talk,71,5,9,VOTE Agent[07]
3,talk,72,6,5,Over
3,talk,73,6,10,Over
3,talk,74,6,1,Over
3,talk,75,6,9,VOTE Agent[07]
3,talk,76,6,3,Over
3,talk,77,6,11,VOTE Agent[07]
3,talk,78,6,14,Over
3,talk,79,6,12,VOTE Agent[07]
3,talk,80,6,2,Over
3,talk,81,6,13,VOTE Agent[07]
3,talk,82,6,4,Over
3,talk,83,6,7,Over
3,talk,84,7,13,VOTE Agent[07]
3,talk,85,7,14,Over
3,talk,86,7,7,Over
3,talk,87,7,2,Over
3,talk,88,7,3,Over
3,talk,89,7,4,Over
3,talk,90,7,10,Over
3,talk,91,7,11,VOTE Agent[09]
3,talk,92,7,1,Over
3,talk,93,7,5,Over
3,talk,94,7,12,VOTE Agent[09]
3,talk,95,7,9,VOTE Agent[07]
3,talk,96,8,14,Over
3,talk,97,8,3,Over
3,talk,98,8,4,Over
3,talk,99,8,10,Over
3,talk,100,8,9,VOTE Agent[07]
3,talk,101,8,2,Over
3,talk,102,8,5,Over
3,talk,103,8,1,Over
3,talk,104,8,11,VOTE Agent[07]
3,talk,105,8,13,VOTE Agent[09]
3,talk,106,8,7,Over
3,talk,107,8,12,VOTE Agent[09]
3,talk,108,9,3,Over
3,talk,109,9,2,Over
3,talk,110,9,1,Over
3,talk,111,9,13,Over
3,talk,112,9,4,Over
3,talk,113,9,14,Over
3,talk,114,9,12,Over
3,talk,115,9,7,Over
3,talk,116,9,9,Over
3,talk,117,9,11,Over
3,talk,118,9,5,Over
3,talk,119,9,10,Over
3,vote,1,2
3,vote,2,11
3,vote,3,5
3,vote,4,2
3,vote,5,10
3,vote,7,10
3,vote,9,7
3,vote,10,12
3,vote,11,9
3,vote,12,9
3,vote,13,9
3,vote,14,10
3,vote,1,2
3,vote,2,11
3,vote,3,9
3,vote,4,2
3,vote,5,9
3,vote,7,9
3,vote,9,7
3,vote,10,12
3,vote,11,9
3,vote,12,7
3,vote,13,9
3,vote,14,10
3,execute,9,VILLAGER
3,divine,12,7,WEREWOLF
3,whisper,0,0,3,BECAUSE (Agent[13] COMINGOUT Agent[13] VILLAGER) (ATTACK Agent[13])
3,whisper,1,0,7,ATTACK Agent[12]
3,whisper,2,1,7,Skip
3,whisper,3,1,3,ATTACK Agent[13]
3,whisper,4,2,7,Skip
3,whisper,5,2,3,Skip
3,whisper,6,3,7,Over
3,whisper,7,3,3,Skip
3,whisper,8,4,3,Over
3,whisper,9,4,7,Over
3,guard,2,12,SEER
3,attackVote,3,13
3,attackVote,7,12
3,attackVote,3,13
3,attackVote,7,12
3,attack,12,false
4,status,1,VILLAGER,ALIVE,Takeda9
4,status,2,BODYGUARD,ALIVE,Takeda7
4,status,3,WEREWOLF,ALIVE,SampleJava13
4,status,4,VILLAGER,ALIVE,TOKU11
4,status,5,VILLAGER,ALIVE,SampleJava2
4,status,6,POSSESSED,DEAD,Takeda6
4,status,7,WEREWOLF,ALIVE,SampleJava1
4,status,8,WEREWOLF,DEAD,HALU
4,status,9,VILLAGER,DEAD,OKAMI
4,status,10,VILLAGER,ALIVE,Tomato0
4,status,11,VILLAGER,ALIVE,HALU
4,status,12,SEER,ALIVE,HALU
4,status,13,VILLAGER,ALIVE,OKAMI
4,status,14,VILLAGER,ALIVE,Tomato4
4,status,15,MEDIUM,DEAD,sample_py
4,talk,0,0,13,VOTE Agent[07]
4,talk,1,0,2,VOTE Agent[11]
4,talk,2,0,12,DIVINED Agent[07] WEREWOLF
4,talk,3,0,14,VOTE Agent[10]
4,talk,4,0,1,VOTE Agent[02]
4,talk,5,0,10,VOTE Agent[12]
4,talk,6,0,4,VOTE Agent[02]
4,talk,7,0,5,VOTE Agent[07]
4,talk,8,0,7,VOTE Agent[10]
4,talk,9,0,3,VOTE Agent[05]
4,talk,10,0,11,VOTE Agent[07]
4,talk,11,1,5,REQUEST ANY (VOTE Agent[07])
4,talk,12,1,1,Skip
4,talk,13,1,12,VOTE Agent[07]
4,talk,14,1,14,Skip
4,talk,15,1,11,VOTE Agent[07]
4,talk,16,1,2,Skip
4,talk,17,1,4,Skip
4,talk,18,1,10,Skip
4,talk,19,1,13,COMINGOUT Agent[13] VILLAGER
4,talk,20,1,7,REQUEST ANY (VOTE Agent[10])
4,talk,21,1,3,REQUEST ANY (VOTE Agent[05])
4,talk,22,2,1,Skip
4,talk,23,2,4,Skip
4,talk,24,2,7,Skip
4,talk,25,2,2,Skip
4,talk,26,2,10,Skip
4,talk,27,2,12,VOTE Agent[07]
4,talk,28,2,11,VOTE Agent[07]
4,talk,29,2,14,Skip
4,talk,30,2,13,VOTE Agent[07]
4,talk,31,2,5,Skip
4,talk,32,2,3,Skip
4,talk,33,3,1,Over
4,talk,34,3,13,VOTE Agent[07]
4,talk,35,3,11,VOTE Agent[07]
4,talk,36,3,7,Skip
4,talk,37,3,4,Over
4,talk,38,3,5,Skip
4,talk,39,3,3,Skip
4,talk,40,3,14,Over
4,talk,41,3,10,Over
4,talk,42,3,2,Over
4,talk,43,3,12,VOTE Agent[07]
4,talk,44,4,11,VOTE Agent[07]
4,talk,45,4,4,Over
4,talk,46,4,2,Over
4,talk,47,4,7,Over
4,talk,48,4,10,Over
4,talk,49,4,14,Over
4,talk,50,4,5,Over
4,talk,51,4,1,Over
4,talk,52,4,12,VOTE Agent[07]
4,talk,53,4,3,Over
4,talk,54,4,13,VOTE Agent[07]
4,talk,55,5,12,VOTE Agent[07]
4,talk,56,5,14,Over
4,talk,57,5,4,Over
4,talk,58,5,5,Over
4,talk,59,5,7,Over
4,talk,60,5,13,VOTE Agent[07]
4,talk,61,5,2,Over
4,talk,62,5,10,Over
4,talk,63,5,3,Over
4,talk,64,5,1,Over
4,talk,65,5,11,VOTE Agent[07]
4,talk,66,6,11,VOTE Agent[07]
4,talk,67,6,12,VOTE Agent[07]
4,talk,68,6,14,Over
4,talk,69,6,7,Over
4,talk,70,6,5,Over
4,talk,71,6,1,Over
4,talk,72,6,13,VOTE Agent[07]
4,talk,73,6,4,Over
4,talk,74,6,3,Over
4,talk,75,6,2,Over
4,talk,76,6,10,Over
4,talk,77,7,5,Over
4,talk,78,7,2,Over
4,talk,79,7,3,Over
4,talk,80,7,7,Over
4,talk,81,7,11,VOTE Agent[07]
4,talk,82,7,12,VOTE Agent[07]
4,talk,83,7,10,Over
4,talk,84,7,13,VOTE Agent[07]
4,talk,85,7,14,Over
4,talk,86,7,4,Over
4,talk,87,7,1,Over
4,talk,88,8,12,VOTE Agent[07]
4,talk,89,8,11,VOTE Agent[07]
4,talk,90,8,3,Over
4,talk,91,8,10,Over
4,talk,92,8,13,VOTE Agent[07]
4,talk,93,8,14,Over
4,talk,94,8,2,Over
4,talk,95,8,1,Over
4,talk,96,8,4,Over
4,talk,97,8,5,Over
4,talk,98,8,7,Over
4,talk,99,9,5,Over
4,talk,100,9,2,Over
4,talk,101,9,4,Over
4,talk,102,9,7,Over
4,talk,103,9,11,Over
4,talk,104,9,14,Over
4,talk,105,9,12,Over
4,talk,106,9,10,Over
4,talk,107,9,3,Over
4,talk,108,9,13,Over
4,talk,109,9,1,Over
4,vote,1,2
4,vote,2,11
4,vote,3,5
4,vote,4,2
4,vote,5,10
4,vote,7,10
4,vote,10,12
4,vote,11,7
4,vote,12,7
4,vote,13,7
4,vote,14,10
4,vote,1,2
4,vote,2,11
4,vote,3,7
4,vote,4,2
4,vote,5,7
4,vote,7,10
4,vote,10,12
4,vote,11,7
4,vote,12,7
4,vote,13,7
4,vote,14,10
4,execute,7,WEREWOLF
4,divine,12,4,HUMAN
4,guard,2,12,SEER
4,attackVote,3,13
4,attack,13,true
5,status,1,VILLAGER,ALIVE,Takeda9
5,status,2,BODYGUARD,ALIVE,Takeda7
5,status,3,WEREWOLF,ALIVE,SampleJava13
5,status,4,VILLAGER,ALIVE,TOKU11
5,status,5,VILLAGER,ALIVE,SampleJava2
5,status,6,POSSESSED,DEAD,Takeda6
5,status,7,WEREWOLF,DEAD,SampleJava1
5,status,8,WEREWOLF,DEAD,HALU
5,status,9,VILLAGER,DEAD,OKAMI
5,status,10,VILLAGER,ALIVE,Tomato0
5,status,11,VILLAGER,ALIVE,HALU
5,status,12,SEER,ALIVE,HALU
5,status,13,VILLAGER,DEAD,OKAMI
5,status,14,VILLAGER,ALIVE,Tomato4
5,status,15,MEDIUM,DEAD,sample_py
5,talk,0,0,5,VOTE Agent[03]
5,talk,1,0,11,VOTE Agent[14]
5,talk,2,0,10,VOTE Agent[05]
5,talk,3,0,12,DIVINED Agent[04] HUMAN
5,talk,4,0,14,VOTE Agent[10]
5,talk,5,0,3,VOTE Agent[05]
5,talk,6,0,4,VOTE Agent[02]
5,talk,7,0,1,VOTE Agent[02]
5,talk,8,0,2,VOTE Agent[11]
5,talk,9,1,4,Skip
5,talk,10,1,3,REQUEST ANY (VOTE Agent[05])
5,talk,11,1,14,Skip
5,talk,12,1,5,REQUEST ANY (VOTE Agent[03])
5,talk,13,1,10,VOTE Agent[12]
5,talk,14,1,1,Skip
5,talk,15,1,11,VOTE Agent[14]
5,talk,16,1,12,VOTE Agent[11]
5,talk,17,1,2,Skip
5,talk,18,2,1,Skip
5,talk,19,2,10,Skip
5,talk,20,2,14,Skip
5,talk,21,2,12,VOTE Agent[11]
5,talk,22,2,11,VOTE Agent[14]
5,talk,23,2,5,Skip
5,talk,24,2,3,Skip
5,talk,25,2,2,Skip
5,talk,26,2,4,Skip
5,talk,27,3,1,Over
5,talk,28,3,5,Skip
5,talk,29,3,4,Over
5,talk,30,3,11,VOTE Agent[14]
5,talk,31,3,10,Skip
5,talk,32,3,3,Skip
5,talk,33,3,14,Over
5,talk,34,3,2,Over
5,talk,35,3,12,VOTE Agent[03]
5,talk,36,4,1,Over
5,talk,37,4,14,Over
5,talk,38,4,5,Over
5,talk,39,4,10,Over
5,talk,40,4,2,Over
5,talk,41,4,12,VOTE Agent[11]
5,talk,42,4,11,VOTE Agent[14]
5,talk,43,4,3,Over
5,talk,44,4,4,Over
5,talk,45,5,4,Over
5,talk,46,5,5,Over
5,talk,47,5,14,Over
5,talk,48,5,1,Over
5,talk,49,5,3,Over
5,talk,50,5,2,Over
5,talk,51,5,11,VOTE Agent[14]
5,talk,52,5,12,VOTE Agent[01]
5,talk,53,5,10,Over
5,talk,54,6,12,VOTE Agent[03]
5,talk,55,6,11,VOTE Agent[14]
5,talk,56,6,2,Over
5,talk,57,6,4,Over
5,talk,58,6,14,Over
5,talk,59,6,5,Over
5,talk,60,6,10,Over
5,talk,61,6,3,Over
5,talk,62,6,1,Over
5,talk,63,7,11,VOTE Agent[14]
5,talk,64,7,14,Over
5,talk,65,7,4,Over
5,talk,66,7,2,Over
5,talk,67,7,3,Over
5,talk,68,7,5,Over
5,talk,69,7,12,VOTE Agent[11]
5,talk,70,7,10,Over
5,talk,71,7,1,Over
5,talk,72,8,3,Over
5,talk,73,8,10,Over
5,talk,74,8,14,Over
5,talk,75,8,2,Over
5,talk,76,8,4,Over
5,talk,77,8,5,Over
5,talk,78,8,12,VOTE Agent[11]
5,talk,79,8,11,VOTE Agent[14]
5,talk,80,8,1,Over
5,talk,81,9,4,Over
5,talk,82,9,2,Over
5,talk,83,9,5,Over
5,talk,84,9,14,Over
5,talk,85,9,11,Over
5,talk,86,9,1,Over
5,talk,87,9,10,Over
5,talk,88,9,3,Over
5,talk,89,9,12,Over
5,vote,1,2
5,vote,2,11
5,vote,3,5
5,vote,4,2
5,vote,5,10
5,vote,10,12
5,vote,11,14
5,vote,12,11
5,vote,14,10
5,vote,1,2
5,vote,2,11
5,vote,3,2
5,vote,4,2
5,vote,5,2
5,vote,10,12
5,vote,11,14
5,vote,12,11
5,vote,14,10
5,execute,2,BODYGUARD
5,divine,12,11,HUMAN
5,attackVote,3,12
5,attack,12,true
6,status,1,VILLAGER,ALIVE,Takeda9
6,status,2,BODYGUARD,DEAD,Takeda7
6,status,3,WEREWOLF,ALIVE,SampleJava13
6,status,4,VILLAGER,ALIVE,TOKU11
6,status,5,VILLAGER,ALIVE,SampleJava2
6,status,6,POSSESSED,DEAD,Takeda6
6,status,7,WEREWOLF,DEAD,SampleJava1
6,status,8,WEREWOLF,DEAD,HALU
6,status,9,VILLAGER,DEAD,OKAMI
6,status,10,VILLAGER,ALIVE,Tomato0
6,status,11,VILLAGER,ALIVE,HALU
6,status,12,SEER,DEAD,HALU
6,status,13,VILLAGER,DEAD,OKAMI
6,status,14,VILLAGER,ALIVE,Tomato4
6,status,15,MEDIUM,DEAD,sample_py
6,talk,0,0,1,VOTE Agent[11]
6,talk,1,0,3,VOTE Agent[05]
6,talk,2,0,10,VOTE Agent[03]
6,talk,3,0,5,VOTE Agent[04]
6,talk,4,0,4,VOTE Agent[11]
6,talk,5,0,14,VOTE Agent[10]
6,talk,6,0,11,VOTE Agent[03]
6,talk,7,1,4,Skip
6,talk,8,1,1,Skip
6,talk,9,1,5,REQUEST ANY (VOTE Agent[04])
6,talk,10,1,10,Skip
6,talk,11,1,14,Skip
6,talk,12,1,11,VOTE Agent[05]
6,talk,13,1,3,REQUEST ANY (VOTE Agent[05])
6,talk,14,2,10,Skip
6,talk,15,2,11,VOTE Agent[05]
6,talk,16,2,14,Skip
6,talk,17,2,5,Skip
6,talk,18,2,4,Skip
6,talk,19,2,1,Skip
6,talk,20,2,3,Skip
6,talk,21,3,10,Over
6,talk,22,3,11,VOTE Agent[05]
6,talk,23,3,4,Over
6,talk,24,3,3,Skip
6,talk,25,3,14,Over
6,talk,26,3,5,Skip
6,talk,27,3,1,Over
6,talk,28,4,10,Over
6,talk,29,4,5,Over
6,talk,30,4,11,VOTE Agent[05]
6,talk,31,4,4,Over
6,talk,32,4,14,Over
6,talk,33,4,3,Over
6,talk,34,4,1,Over
6,talk,35,5,14,Over
6,talk,36,5,1,Over
6,talk,37,5,3,Over
6,talk,38,5,11,VOTE Agent[05]
6,talk,39,5,5,Over
6,talk,40,5,4,Over
6,talk,41,5,10,Over
6,talk,42,6,4,Over
6,talk,43,6,5,Over
6,talk,44,6,14,Over
6,talk,45,6,3,Over
6,talk,46,6,1,Over
6,talk,47,6,11,VOTE Agent[05]
6,talk,48,6,10,Over
6,talk,49,7,3,Over
6,talk,50,7,14,Over
6,talk,51,7,4,Over
6,talk,52,7,5,Over
6,talk,53,7,10,Over
6,talk,54,7,1,Over
6,talk,55,7,11,VOTE Agent[05]
6,talk,56,8,1,Over
6,talk,57,8,14,Over
6,talk,58,8,3,Over
6,talk,59,8,5,Over
6,talk,60,8,11,VOTE Agent[05]
6,talk,61,8,4,Over
6,talk,62,8,10,Over
6,talk,63,9,3,Over
6,talk,64,9,11,Over
6,talk,65,9,10,Over
6,talk,66,9,4,Over
6,talk,67,9,14,Over
6,talk,68,9,1,Over
6,talk,69,9,5,Over
6,vote,1,11
6,vote,3,5
6,vote,4,11
6,vote,5,3
6,vote,10,3
6,vote,11,5
6,vote,14,10
6,vote,1,11
6,vote,3,5
6,vote,4,11
6,vote,5,3
6,vote,10,3
6,vote,11,5
6,vote,14,10
6,execute,3,WEREWOLF
7,status,1,VILLAGER,ALIVE,Takeda9
7,status,2,BODYGUARD,DEAD,Takeda7
7,status,3,WEREWOLF,DEAD,SampleJava13
7,status,4,VILLAGER,ALIVE,TOKU11
7,status,5,VILLAGER,ALIVE,SampleJava2
7,status,6,POSSESSED,DEAD,Takeda6
7,status,7,WEREWOLF,DEAD,SampleJava1
7,status,8,WEREWOLF,DEAD,HALU
7,status,9,VILLAGER,DEAD,OKAMI
7,status,10,VILLAGER,ALIVE,Tomato0
7,status,11,VILLAGER,ALIVE,HALU
7,status,12,SEER,DEAD,HALU
7,status,13,VILLAGER,DEAD,OKAMI
7,status,14,VILLAGER,ALIVE,Tomato4
7,status,15,MEDIUM,DEAD,sample_py
7,result,6,0,VILLAGER
