0,status,1,VILLAGER,ALIVE,Tomato0
0,status,2,VILLAGER,ALIVE,OKAMI
0,status,3,MEDIUM,ALIVE,SampleJava14
0,status,4,WEREWOLF,ALIVE,sample_py
0,status,5,VILLAGER,ALIVE,Takeda4
0,status,6,VILLAGER,ALIVE,HALU
0,status,7,VILLAGER,ALIVE,OKAMI
0,status,8,BODYGUARD,ALIVE,TOKU9
0,status,9,SEER,ALIVE,Takeda3
0,status,10,VILLAGER,ALIVE,TOKU1
0,status,11,WEREWOLF,ALIVE,HALU
0,status,12,WEREWOLF,ALIVE,SampleJava12
0,status,13,POSSESSED,ALIVE,TOKU6
0,status,14,VILLAGER,ALIVE,Takeda13
0,status,15,VILLAGER,ALIVE,HALU
0,whisper,0,0,11,COMINGOUT Agent[11] VILLAGER
0,whisper,1,0,12,COMINGOUT Agent[12] SEER
0,whisper,2,0,4,COMINGOUT Agent[04] MEDIUM
0,whisper,3,1,12,Skip
0,whisper,4,1,4,COMINGOUT Agent[04] MEDIUM
0,whisper,5,1,11,Skip
0,whisper,6,2,11,Skip
0,whisper,7,2,4,COMINGOUT Agent[04] MEDIUM
0,whisper,8,2,12,Skip
0,whisper,9,3,4,COMINGOUT Agent[04] MEDIUM
0,whisper,10,3,11,Over
0,whisper,11,3,12,Over
0,whisper,12,4,12,Over
0,whisper,13,4,4,COMINGOUT Agent[04] MEDIUM
0,whisper,14,4,11,Over
0,whisper,15,5,4,COMINGOUT Agent[04] MEDIUM
0,whisper,16,5,11,Over
0,whisper,17,5,12,Over
0,whisper,18,6,11,Over
0,whisper,19,6,12,Over
0,whisper,20,6,4,COMINGOUT Agent[04] MEDIUM
0,whisper,21,7,12,Over
0,whisper,22,7,11,Over
0,whisper,23,7,4,COMINGOUT Agent[04] MEDIUM
0,whisper,24,8,12,Over
0,whisper,25,8,4,COMINGOUT Agent[04] MEDIUM
0,whisper,26,8,11,Over
0,whisper,27,9,4,COMINGOUT Agent[04] MEDIUM
0,whisper,28,9,11,Over
0,whisper,29,9,12,Over
0,whisper,30,10,11,Over
0,whisper,31,10,12,Over
0,whisper,32,10,4,Over
0,divine,9,8,HUMAN
1,status,1,VILLAGER,ALIVE,Tomato0
1,status,2,VILLAGER,ALIVE,OKAMI
1,status,3,MEDIUM,ALIVE,SampleJava14
1,status,4,WEREWOLF,ALIVE,sample_py
1,status,5,VILLAGER,ALIVE,Takeda4
1,status,6,VILLAGER,ALIVE,HALU
1,status,7,VILLAGER,ALIVE,OKAMI
1,status,8,BODYGUARD,ALIVE,TOKU9
1,status,9,SEER,ALIVE,Takeda3
1,status,10,VILLAGER,ALIVE,TOKU1
1,status,11,WEREWOLF,ALIVE,HALU
1,status,12,WEREWOLF,ALIVE,SampleJava12
1,status,13,POSSESSED,ALIVE,TOKU6
1,status,14,VILLAGER,ALIVE,Takeda13
1,status,15,VILLAGER,ALIVE,HALU
1,talk,0,0,2,VOTE Agent[15]
1,talk,1,0,7,VOTE Agent[15]
1,talk,2,0,13,COMINGOUT Agent[13] SEER
1,talk,3,0,15,VOTE Agent[06]
1,talk,4,0,8,VOTE Agent[15]
1,talk,5,0,10,VOTE Agent[15]
1,talk,6,0,14,VOTE Agent[15]
1,talk,7,0,4,COMINGOUT Agent[04] MEDIUM
1,talk,8,0,5,VOTE Agent[15]
1,talk,9,0,9,COMINGOUT Agent[09] SEER
1,talk,10,0,3,COMINGOUT Agent[03] MEDIUM
1,talk,11,0,1,VOTE Agent[15]
1,talk,12,0,11,VOTE Agent[03]
1,talk,13,0,6,VOTE Agent[11]
1,talk,14,0,12,COMINGOUT Agent[12] SEER
1,talk,15,1,7,COMINGOUT Agent[07] VILLAGER
1,talk,16,1,10,VOTE Agent[03]
1,talk,17,1,9,DIVINED Agent[08] HUMAN
1,talk,18,1,13,DIVINED Agent[10] WEREWOLF
1,talk,19,1,1,Skip
1,talk,20,1,2,COMINGOUT Agent[02] VILLAGER
1,talk,21,1,8,VOTE Agent[04]
1,talk,22,1,3,BECAUSE (AND (COMINGOUT Agent[03] MEDIUM) (Agent[04] COMINGOUT Agent[04] MEDIUM)) (XOR (ESTIMATE Agent[04] WEREWOLF) (ESTIMATE Agent[04] POSSESSED))
1,talk,23,1,12,DAY 1 (DIVINED Agent[02] WEREWOLF)
1,talk,24,1,5,VOTE Agent[09]
1,talk,25,1,6,VOTE Agent[12]
1,talk,26,1,14,VOTE Agent[04]
1,talk,27,1,4,VOTE Agent[03]
1,talk,28,1,11,VOTE Agent[04]
1,talk,29,1,15,VOTE Agent[13]
1,talk,30,2,15,VOTE Agent[12]
1,talk,31,2,2,VOTE Agent[09]
1,talk,32,2,12,DIVINED Agent[02] WEREWOLF
1,talk,33,2,11,VOTE Agent[04]
1,talk,34,2,6,VOTE Agent[12]
1,talk,35,2,7,VOTE Agent[09]
1,talk,36,2,3,BECAUSE (XOR (ESTIMATE Agent[04] WEREWOLF) (ESTIMATE Agent[04] POSSESSED)) (AND (VOTE Agent[04]) (REQUEST ANY (VOTE Agent[04])))
1,talk,37,2,9,VOTE Agent[12]
1,talk,38,2,5,VOTE Agent[04]
1,talk,39,2,1,VOTE Agent[04]
1,talk,40,2,8,VOTE Agent[12]
1,talk,41,2,14,VOTE Agent[12]
1,talk,42,2,10,VOTE Agent[12]
1,talk,43,2,4,Skip
1,talk,44,2,13,VOTE Agent[10]
1,talk,45,3,7,VOTE Agent[09]
1,talk,46,3,14,Skip
1,talk,47,3,13,Skip
1,talk,48,3,12,BECAUSE (DAY 1 (DIVINED Agent[02] WEREWOLF)) (AND (VOTE Agent[02]) (REQUEST ANY (VOTE Agent[02])))
1,talk,49,3,5,VOTE Agent[12]
1,talk,50,3,8,Skip
1,talk,51,3,15,VOTE Agent[13]
1,talk,52,3,4,Skip
1,talk,53,3,9,VOTE Agent[12]
1,talk,54,3,3,VOTE Agent[04]
1,talk,55,3,2,VOTE Agent[09]
1,talk,56,3,1,VOTE Agent[12]
1,talk,57,3,10,Skip
1,talk,58,3,11,VOTE Agent[04]
1,talk,59,3,6,VOTE Agent[12]
1,talk,60,4,14,Skip
1,talk,61,4,9,VOTE Agent[12]
1,talk,62,4,11,VOTE Agent[04]
1,talk,63,4,10,Skip
1,talk,64,4,15,VOTE Agent[12]
1,talk,65,4,13,Skip
1,talk,66,4,3,REQUEST ANY (VOTE Agent[04])
1,talk,67,4,4,Over
1,talk,68,4,6,VOTE Agent[12]
1,talk,69,4,12,VOTE Agent[02]
1,talk,70,4,7,VOTE Agent[09]
1,talk,71,4,1,Skip
1,talk,72,4,8,Skip
1,talk,73,4,5,Skip
1,talk,74,4,2,VOTE Agent[09]
1,talk,75,5,6,VOTE Agent[12]
1,talk,76,5,4,Over
1,talk,77,5,7,VOTE Agent[09]
1,talk,78,5,5,Skip
1,talk,79,5,9,VOTE Agent[12]
1,talk,80,5,12,REQUEST ANY (VOTE Agent[02])
1,talk,81,5,3,Skip
1,talk,82,5,15,VOTE Agent[12]
1,talk,83,5,8,Over
1,talk,84,5,11,VOTE Agent[04]
1,talk,85,5,14,Over
1,talk,86,5,2,VOTE Agent[09]
1,talk,87,5,1,Skip
1,talk,88,5,10,Over
1,talk,89,5,13,Over
1,talk,90,6,13,Over
1,talk,91,6,9,VOTE Agent[12]
1,talk,92,6,14,Over
1,talk,93,6,4,Over
1,talk,94,6,1,Over
1,talk,95,6,3,Skip
1,talk,96,6,6,VOTE Agent[09]
1,talk,97,6,2,VOTE Agent[09]
1,talk,98,6,8,Over
1,talk,99,6,5,Over
1,talk,100,6,10,Over
1,talk,101,6,15,VOTE Agent[12]
1,talk,102,6,12,Skip
1,talk,103,6,7,VOTE Agent[09]
1,talk,104,6,11,VOTE Agent[04]
1,talk,105,7,8,Over
1,talk,106,7,4,Over
1,talk,107,7,11,VOTE Agent[04]
1,talk,108,7,12,Skip
1,talk,109,7,1,Over
1,talk,110,7,14,Over
1,talk,111,7,6,VOTE Agent[13]
1,talk,112,7,5,Over
1,talk,113,7,7,VOTE Agent[13]
1,talk,114,7,2,VOTE Agent[13]
1,talk,115,7,3,Over
1,talk,116,7,13,Over
1,talk,117,7,10,Over
1,talk,118,7,9,VOTE Agent[12]
1,talk,119,7,15,VOTE Agent[09]
1,talk,120,8,13,Over
1,talk,121,8,11,VOTE Agent[04]
1,talk,122,8,2,VOTE Agent[13]
1,talk,123,8,1,Over
1,talk,124,8,5,Over
1,talk,125,8,8,Over
1,talk,126,8,10,Over
1,talk,127,8,3,Over
1,talk,128,8,4,Over
1,talk,129,8,12,Over
1,talk,130,8,15,VOTE Agent[09]
1,talk,131,8,6,VOTE Agent[13]
1,talk,132,8,9,VOTE Agent[12]
1,talk,133,8,14,Over
1,talk,134,8,7,VOTE Agent[13]
1,talk,135,9,13,Over
1,talk,136,9,9,VOTE Agent[12]
1,talk,137,9,7,Over
1,talk,138,9,2,Over
1,talk,139,9,3,Over
1,talk,140,9,11,Over
1,talk,141,9,5,Over
1,talk,142,9,8,Over
1,talk,143,9,12,Over
1,talk,144,9,6,Over
1,talk,145,9,1,Over
1,talk,146,9,4,Over
1,talk,147,9,10,Over
1,talk,148,9,14,Over
1,talk,149,9,15,Over
1,talk,150,10,2,Over
1,talk,151,10,8,Over
1,talk,152,10,11,Over
1,talk,153,10,3,Over
1,talk,154,10,13,Over
1,talk,155,10,14,Over
1,talk,156,10,9,Over
1,talk,157,10,12,Over
1,talk,158,10,15,Over
1,talk,159,10,10,Over
1,talk,160,10,4,Over
1,talk,161,10,6,Over
1,talk,162,10,5,Over
1,talk,163,10,1,Over
1,talk,164,10,7,Over
1,vote,1,12
1,vote,2,13
1,vote,3,4
1,vote,4,3
1,vote,5,12
1,vote,6,9
1,vote,7,13
1,vote,8,12
1,vote,9,12
1,vote,10,12
1,vote,11,4
1,vote,12,2
1,vote,13,2
1,vote,14,12
1,vote,15,13
1,execute,12,WEREWOLF
1,divine,9,3,HUMAN
1,whisper,0,0,4,ATTACK Agent[07]
1,whisper,1,0,11,ATTACK Agent[09]
1,whisper,2,1,11,Skip
1,whisper,3,1,4,Skip
1,whisper,4,2,4,Skip
1,whisper,5,2,11,Skip
1,whisper,6,3,11,Over
1,whisper,7,3,4,Over
1,guard,8,9,SEER
1,attackVote,4,7
1,attackVote,11,9
1,attackVote,4,7
1,attackVote,11,9
1,attack,7,true
2,status,1,VILLAGER,ALIVE,Tomato0
2,status,2,VILLAGER,ALIVE,OKAMI
2,status,3,MEDIUM,ALIVE,SampleJava14
2,status,4,WEREWOLF,ALIVE,sample_py
2,status,5,VILLAGER,ALIVE,Takeda4
2,status,6,VILLAGER,ALIVE,HALU
2,status,7,VILLAGER,DEAD,OKAMI
2,status,8,BODYGUARD,ALIVE,TOKU9
2,status,9,SEER,ALIVE,Takeda3
2,status,10,VILLAGER,ALIVE,TOKU1
2,status,11,WEREWOLF,ALIVE,HALU
2,status,12,WEREWOLF,DEAD,SampleJava12
2,status,13,POSSESSED,ALIVE,TOKU6
2,status,14,VILLAGER,ALIVE,Takeda13
2,status,15,VILLAGER,ALIVE,HALU
2,talk,0,0,10,VOTE Agent[03]
2,talk,1,0,6,VOTE Agent[09]
2,talk,2,0,14,VOTE Agent[03]
2,talk,3,0,4,IDENTIFIED Agent[12] HUMAN
2,talk,4,0,15,VOTE Agent[09]
2,talk,5,0,1,VOTE Agent[03]
2,talk,6,0,11,VOTE Agent[04]
2,talk,7,0,2,VOTE Agent[09]
2,talk,8,0,13,DIVINED Agent[05] HUMAN
2,talk,9,0,9,DIVINED Agent[03] HUMAN
2,talk,10,0,3,DAY 2 (IDENTIFIED Agent[12] WEREWOLF)
2,talk,11,0,5,VOTE Agent[03]
2,talk,12,0,8,VOTE Agent[03]
2,talk,13,1,8,VOTE Agent[04]
2,talk,14,1,1,Skip
2,talk,15,1,2,COMINGOUT Agent[02] VILLAGER
2,talk,16,1,13,VOTE Agent[10]
2,talk,17,1,11,VOTE Agent[04]
2,talk,18,1,9,VOTE Agent[04]
2,talk,19,1,6,VOTE Agent[09]
2,talk,20,1,5,VOTE Agent[04]
2,talk,21,1,3,IDENTIFIED Agent[12] WEREWOLF
2,talk,22,1,14,VOTE Agent[04]
2,talk,23,1,4,VOTE Agent[03]
2,talk,24,1,10,VOTE Agent[04]
2,talk,25,1,15,VOTE Agent[13]
2,talk,26,2,14,Skip
2,talk,27,2,13,Skip
2,talk,28,2,2,VOTE Agent[13]
2,talk,29,2,5,Skip
2,talk,30,2,4,Skip
2,talk,31,2,15,VOTE Agent[13]
2,talk,32,2,11,VOTE Agent[04]
2,talk,33,2,1,VOTE Agent[04]
2,talk,34,2,8,Skip
2,talk,35,2,10,Skip
2,talk,36,2,6,VOTE Agent[13]
2,talk,37,2,9,VOTE Agent[04]
2,talk,38,2,3,BECAUSE (AND (COMINGOUT Agent[03] MEDIUM) (Agent[04] COMINGOUT Agent[04] MEDIUM)) (XOR (ESTIMATE Agent[04] WEREWOLF) (ESTIMATE Agent[04] POSSESSED))
2,talk,39,3,13,Skip
2,talk,40,3,9,VOTE Agent[04]
2,talk,41,3,5,Skip
2,talk,42,3,15,VOTE Agent[09]
2,talk,43,3,6,VOTE Agent[09]
2,talk,44,3,14,Skip
2,talk,45,3,4,Skip
2,talk,46,3,1,Skip
2,talk,47,3,8,Skip
2,talk,48,3,3,BECAUSE (XOR (ESTIMATE Agent[04] WEREWOLF) (ESTIMATE Agent[04] POSSESSED)) (AND (VOTE Agent[04]) (REQUEST ANY (VOTE Agent[04])))
2,talk,49,3,2,VOTE Agent[09]
2,talk,50,3,11,VOTE Agent[04]
2,talk,51,3,10,Skip
2,talk,52,4,10,Over
2,talk,53,4,14,Over
2,talk,54,4,13,Over
2,talk,55,4,15,VOTE Agent[13]
2,talk,56,4,9,VOTE Agent[04]
2,talk,57,4,2,VOTE Agent[13]
2,talk,58,4,8,Over
2,talk,59,4,11,VOTE Agent[04]
2,talk,60,4,5,Over
2,talk,61,4,6,VOTE Agent[13]
2,talk,62,4,3,VOTE Agent[04]
2,talk,63,4,1,Skip
2,talk,64,4,4,Over
2,talk,65,5,10,Over
2,talk,66,5,6,VOTE Agent[13]
2,talk,67,5,1,Over
2,talk,68,5,14,Over
2,talk,69,5,2,VOTE Agent[13]
2,talk,70,5,8,Over
2,talk,71,5,5,Over
2,talk,72,5,13,Over
2,talk,73,5,11,VOTE Agent[03]
2,talk,74,5,15,VOTE Agent[13]
2,talk,75,5,4,Over
2,talk,76,5,9,VOTE Agent[04]
2,talk,77,5,3,REQUEST ANY (VOTE Agent[04])
2,talk,78,6,14,Over
2,talk,79,6,9,VOTE Agent[04]
2,talk,80,6,8,Over
2,talk,81,6,13,Over
2,talk,82,6,11,VOTE Agent[04]
2,talk,83,6,2,VOTE Agent[13]
2,talk,84,6,10,Over
2,talk,85,6,15,VOTE Agent[13]
2,talk,86,6,6,VOTE Agent[13]
2,talk,87,6,1,Over
2,talk,88,6,5,Over
2,talk,89,6,4,Over
2,talk,90,6,3,Skip
2,talk,91,7,8,Over
2,talk,92,7,6,VOTE Agent[13]
2,talk,93,7,3,Skip
2,talk,94,7,11,VOTE Agent[04]
2,talk,95,7,13,Over
2,talk,96,7,10,Over
2,talk,97,7,4,Over
2,talk,98,7,9,VOTE Agent[04]
2,talk,99,7,5,Over
2,talk,100,7,14,Over
2,talk,101,7,1,Over
2,talk,102,7,15,VOTE Agent[09]
2,talk,103,7,2,VOTE Agent[09]
2,talk,104,8,6,VOTE Agent[09]
2,talk,105,8,8,Over
2,talk,106,8,1,Over
2,talk,107,8,10,Over
2,talk,108,8,11,VOTE Agent[03]
2,talk,109,8,13,Over
2,talk,110,8,3,Over
2,talk,111,8,15,VOTE Agent[13]
2,talk,112,8,4,Over
2,talk,113,8,2,VOTE Agent[09]
2,talk,114,8,14,Over
2,talk,115,8,9,VOTE Agent[04]
2,talk,116,8,5,Over
2,talk,117,9,9,VOTE Agent[04]
2,talk,118,9,15,Over
2,talk,119,9,11,Over
2,talk,120,9,2,Over
2,talk,121,9,14,Over
2,talk,122,9,8,Over
2,talk,123,9,5,Over
2,talk,124,9,10,Over
2,talk,125,9,1,Over
2,talk,126,9,4,Over
2,talk,127,9,3,Over
2,talk,128,9,6,Over
2,talk,129,9,13,Over
2,talk,130,10,10,Over
2,talk,131,10,9,Over
2,talk,132,10,4,Over
2,talk,133,10,8,Over
2,talk,134,10,5,Over
2,talk,135,10,14,Over
2,talk,136,10,3,Over
2,talk,137,10,1,Over
2,talk,138,10,15,Over
2,talk,139,10,11,Over
2,talk,140,10,6,Over
2,talk,141,10,2,Over
2,talk,142,10,13,Over
2,vote,1,4
2,vote,2,13
2,vote,3,4
2,vote,4,3
2,vote,5,4
2,vote,6,9
2,vote,8,4
2,vote,9,4
2,vote,10,4
2,vote,11,4
2,vote,13,3
2,vote,14,4
2,vote,15,13
2,execute,4,WEREWOLF
2,divine,9,14,HUMAN
2,guard,8,9,SEER
2,attackVote,11,3
2,attack,3,true
3,status,1,VILLAGER,ALIVE,Tomato0
3,status,2,VILLAGER,ALIVE,OKAMI
3,status,3,MEDIUM,DEAD,SampleJava14
3,status,4,WEREWOLF,DEAD,sample_py
3,status,5,VILLAGER,ALIVE,Takeda4
3,status,6,VILLAGER,ALIVE,HALU
3,status,7,VILLAGER,DEAD,OKAMI
3,status,8,BODYGUARD,ALIVE,TOKU9
3,status,9,SEER,ALIVE,Takeda3
3,status,10,VILLAGER,ALIVE,TOKU1
3,status,11,WEREWOLF,ALIVE,HALU
3,status,12,WEREWOLF,DEAD,SampleJava12
3,status,13,POSSESSED,ALIVE,TOKU6
3,status,14,VILLAGER,ALIVE,Takeda13
3,status,15,VILLAGER,ALIVE,HALU
3,talk,0,0,5,VOTE Agent[14]
3,talk,1,0,1,VOTE Agent[13]
3,talk,2,0,8,VOTE Agent[14]
3,talk,3,0,2,VOTE Agent[13]
3,talk,4,0,6,VOTE Agent[09]
3,talk,5,0,10,VOTE Agent[14]
3,talk,6,0,14,VOTE Agent[05]
3,talk,7,0,15,VOTE Agent[13]
3,talk,8,0,13,DIVINED Agent[08] WEREWOLF
3,talk,9,0,9,DIVINED Agent[14] HUMAN
3,talk,10,0,11,VOTE Agent[10]
3,talk,11,1,10,VOTE Agent[05]
3,talk,12,1,11,VOTE Agent[10]
3,talk,13,1,8,VOTE Agent[05]
3,talk,14,1,13,VOTE Agent[08]
3,talk,15,1,14,Skip
3,talk,16,1,2,COMINGOUT Agent[02] VILLAGER
3,talk,17,1,1,Skip
3,talk,18,1,5,VOTE Agent[06]
3,talk,19,1,15,VOTE Agent[13]
3,talk,20,1,6,VOTE Agent[13]
3,talk,21,1,9,VOTE Agent[05]
3,talk,22,2,5,Skip
3,talk,23,2,1,Skip
3,talk,24,2,2,VOTE Agent[13]
3,talk,25,2,10,Skip
3,talk,26,2,13,Skip
3,talk,27,2,15,VOTE Agent[13]
3,talk,28,2,11,VOTE Agent[10]
3,talk,29,2,8,Skip
3,talk,30,2,9,VOTE Agent[05]
3,talk,31,2,14,Skip
3,talk,32,2,6,VOTE Agent[09]
3,talk,33,3,11,VOTE Agent[10]
3,talk,34,3,9,VOTE Agent[05]
3,talk,35,3,15,VOTE Agent[13]
3,talk,36,3,6,VOTE Agent[13]
3,talk,37,3,8,Skip
3,talk,38,3,2,VOTE Agent[13]
3,talk,39,3,14,Over
3,talk,40,3,10,Skip
3,talk,41,3,1,Over
3,talk,42,3,5,Skip
3,talk,43,3,13,Skip
3,talk,44,4,2,VOTE Agent[13]
3,talk,45,4,13,Over
3,talk,46,4,9,VOTE Agent[05]
3,talk,47,4,1,Over
3,talk,48,4,11,VOTE Agent[02]
3,talk,49,4,8,Over
3,talk,50,4,5,Over
3,talk,51,4,6,VOTE Agent[13]
3,talk,52,4,15,VOTE Agent[13]
3,talk,53,4,10,Over
3,talk,54,4,14,Over
3,talk,55,5,14,Over
3,talk,56,5,6,VOTE Agent[13]
3,talk,57,5,15,VOTE Agent[09]
3,talk,58,5,8,Over
3,talk,59,5,1,Over
3,talk,60,5,5,Over
3,talk,61,5,9,VOTE Agent[05]
3,talk,62,5,11,VOTE Agent[10]
3,talk,63,5,2,VOTE Agent[09]
3,talk,64,5,13,Over
3,talk,65,5,10,Over
3,talk,66,6,2,VOTE Agent[09]
3,talk,67,6,15,VOTE Agent[09]
3,talk,68,6,8,Over
3,talk,69,6,13,Over
3,talk,70,6,10,Over
3,talk,71,6,14,Over
3,talk,72,6,9,VOTE Agent[05]
3,talk,73,6,6,VOTE Agent[09]
3,talk,74,6,5,Over
3,talk,75,6,11,VOTE Agent[10]
3,talk,76,6,1,Over
3,talk,77,7,6,VOTE Agent[13]
3,talk,78,7,1,Over
3,talk,79,7,8,Over
3,talk,80,7,2,VOTE Agent[09]
3,talk,81,7,5,Over
3,talk,82,7,15,VOTE Agent[13]
3,talk,83,7,13,Over
3,talk,84,7,11,VOTE Agent[10]
3,talk,85,7,9,VOTE Agent[05]
3,talk,86,7,14,Over
3,talk,87,7,10,Over
3,talk,88,8,11,VOTE Agent[02]
3,talk,89,8,6,VOTE Agent[13]
3,talk,90,8,5,Over
3,talk,91,8,1,Over
3,talk,92,8,10,Over
3,talk,93,8,15,VOTE Agent[13]
3,talk,94,8,8,Over
3,talk,95,8,13,Over
3,talk,96,8,14,Over
3,talk,97,8,9,VOTE Agent[05]
3,talk,98,8,2,VOTE Agent[13]
3,talk,99,9,1,Over
3,talk,100,9,2,Over
3,talk,101,9,8,Over
3,talk,102,9,15,Over
3,talk,103,9,5,Over
3,talk,104,9,11,Over
3,talk,105,9,14,Over
3,talk,106,9,9,VOTE Agent[05]
3,talk,107,9,10,Over
3,talk,108,9,6,Over
3,talk,109,9,13,Over
3,talk,110,10,5,Over
3,talk,111,10,10,Over
3,talk,112,10,13,Over
3,talk,113,10,1,Over
3,talk,114,10,9,Over
3,talk,115,10,6,Over
3,talk,116,10,15,Over
3,talk,117,10,2,Over
3,talk,118,10,8,Over
3,talk,119,10,11,Over
3,talk,120,10,14,Over
3,vote,1,13
3,vote,2,13
3,vote,5,6
3,vote,6,13
3,vote,8,5
3,vote,9,5
3,vote,10,5
3,vote,11,2
3,vote,13,6
3,vote,14,5
3,vote,15,13
3,vote,1,13
3,vote,2,13
3,vote,5,6
3,vote,6,9
3,vote,8,5
3,vote,9,5
3,vote,10,5
3,vote,11,2
3,vote,13,6
3,vote,14,5
3,vote,15,13
3,execute,5,VILLAGER
3,divine,9,6,HUMAN
3,guard,8,9,SEER
3,attack,9,false
4,status,1,VILLAGER,ALIVE,Tomato0
4,status,2,VILLAGER,ALIVE,OKAMI
4,status,3,MEDIUM,DEAD,SampleJava14
4,status,4,WEREWOLF,DEAD,sample_py
4,status,5,VILLAGER,DEAD,Takeda4
4,status,6,VILLAGER,ALIVE,HALU
4,status,7,VILLAGER,DEAD,OKAMI
4,status,8,BODYGUARD,ALIVE,TOKU9
4,status,9,SEER,ALIVE,Takeda3
4,status,10,VILLAGER,ALIVE,TOKU1
4,status,11,WEREWOLF,ALIVE,HALU
4,status,12,WEREWOLF,DEAD,SampleJava12
4,status,13,POSSESSED,ALIVE,TOKU6
4,status,14,VILLAGER,ALIVE,Takeda13
4,status,15,VILLAGER,ALIVE,HALU
4,talk,0,0,8,VOTE Agent[06]
4,talk,1,0,6,VOTE Agent[13]
4,talk,2,0,2,VOTE Agent[13]
4,talk,3,0,10,VOTE Agent[06]
4,talk,4,0,13,DIVINED Agent[14] WEREWOLF
4,talk,5,0,9,DIVINED Agent[06] HUMAN
4,talk,6,0,14,VOTE Agent[06]
4,talk,7,0,11,VOTE Agent[14]
4,talk,8,0,15,VOTE Agent[09]
4,talk,9,0,1,VOTE Agent[13]
4,talk,10,1,1,Skip
4,talk,11,1,13,VOTE Agent[14]
4,talk,12,1,8,VOTE Agent[11]
4,talk,13,1,11,VOTE Agent[14]
4,talk,14,1,9,VOTE Agent[11]
4,talk,15,1,14,VOTE Agent[11]
4,talk,16,1,10,VOTE Agent[11]
4,talk,17,1,15,VOTE Agent[09]
4,talk,18,1,2,COMINGOUT Agent[02] VILLAGER
4,talk,19,1,6,VOTE Agent[13]
4,talk,20,2,11,VOTE Agent[14]
4,talk,21,2,8,Skip
4,talk,22,2,13,Skip
4,talk,23,2,1,Skip
4,talk,24,2,15,VOTE Agent[09]
4,talk,25,2,6,VOTE Agent[09]
4,talk,26,2,10,Skip
4,talk,27,2,2,VOTE Agent[13]
4,talk,28,2,9,VOTE Agent[11]
4,talk,29,2,14,Skip
4,talk,30,3,15,VOTE Agent[09]
4,talk,31,3,6,VOTE Agent[09]
4,talk,32,3,9,VOTE Agent[11]
4,talk,33,3,11,VOTE Agent[02]
4,talk,34,3,14,Skip
4,talk,35,3,1,Over
4,talk,36,3,10,Skip
4,talk,37,3,2,VOTE Agent[13]
4,talk,38,3,13,Skip
4,talk,39,3,8,Skip
4,talk,40,4,10,Over
4,talk,41,4,6,VOTE Agent[09]
4,talk,42,4,15,VOTE Agent[09]
4,talk,43,4,8,Over
4,talk,44,4,9,VOTE Agent[11]
4,talk,45,4,13,Over
4,talk,46,4,2,VOTE Agent[13]
4,talk,47,4,1,Over
4,talk,48,4,11,VOTE Agent[14]
4,talk,49,4,14,Over
4,talk,50,5,10,Over
4,talk,51,5,8,Over
4,talk,52,5,9,VOTE Agent[11]
4,talk,53,5,11,VOTE Agent[02]
4,talk,54,5,14,Over
4,talk,55,5,2,VOTE Agent[13]
4,talk,56,5,15,VOTE Agent[09]
4,talk,57,5,6,VOTE Agent[09]
4,talk,58,5,1,Over
4,talk,59,5,13,Over
4,talk,60,6,15,VOTE Agent[09]
4,talk,61,6,6,VOTE Agent[09]
4,talk,62,6,9,VOTE Agent[11]
4,talk,63,6,11,VOTE Agent[02]
4,talk,64,6,2,VOTE Agent[13]
4,talk,65,6,1,Over
4,talk,66,6,8,Over
4,talk,67,6,13,Over
4,talk,68,6,10,Over
4,talk,69,6,14,Over
4,talk,70,7,14,Over
4,talk,71,7,6,VOTE Agent[09]
4,talk,72,7,8,Over
4,talk,73,7,13,Over
4,talk,74,7,11,VOTE Agent[02]
4,talk,75,7,10,Over
4,talk,76,7,9,VOTE Agent[11]
4,talk,77,7,2,VOTE Agent[13]
4,talk,78,7,1,Over
4,talk,79,7,15,VOTE Agent[09]
4,talk,80,8,9,VOTE Agent[11]
4,talk,81,8,15,VOTE Agent[09]
4,talk,82,8,10,Over
4,talk,83,8,6,VOTE Agent[09]
4,talk,84,8,13,Over
4,talk,85,8,8,Over
4,talk,86,8,2,VOTE Agent[13]
4,talk,87,8,11,VOTE Agent[02]
4,talk,88,8,14,Over
4,talk,89,8,1,Over
4,talk,90,9,2,Over
4,talk,91,9,1,Over
4,talk,92,9,14,Over
4,talk,93,9,8,Over
4,talk,94,9,13,Over
4,talk,95,9,15,Over
4,talk,96,9,9,VOTE Agent[11]
4,talk,97,9,10,Over
4,talk,98,9,6,Over
4,talk,99,9,11,Over
4,talk,100,10,14,Over
4,talk,101,10,8,Over
4,talk,102,10,1,Over
4,talk,103,10,9,Over
4,talk,104,10,10,Over
4,talk,105,10,11,Over
4,talk,106,10,6,Over
4,talk,107,10,13,Over
4,talk,108,10,2,Over
4,talk,109,10,15,Over
4,vote,1,13
4,vote,2,13
4,vote,6,9
4,vote,8,11
4,vote,9,11
4,vote,10,11
4,vote,11,2
4,vote,13,2
4,vote,14,11
4,vote,15,9
4,execute,11,WEREWOLF
4,divine,9,15,HUMAN
4,guard,8,9,SEER
5,status,1,VILLAGER,ALIVE,Tomato0
5,status,2,VILLAGER,ALIVE,OKAMI
5,status,3,MEDIUM,DEAD,SampleJava14
5,status,4,WEREWOLF,DEAD,sample_py
5,status,5,VILLAGER,DEAD,Takeda4
5,status,6,VILLAGER,ALIVE,HALU
5,status,7,VILLAGER,DEAD,OKAMI
5,status,8,BODYGUARD,ALIVE,TOKU9
5,status,9,SEER,ALIVE,Takeda3
5,status,10,VILLAGER,ALIVE,TOKU1
5,status,11,WEREWOLF,DEAD,HALU
5,status,12,WEREWOLF,DEAD,SampleJava12
5,status,13,POSSESSED,ALIVE,TOKU6
5,status,14,VILLAGER,ALIVE,Takeda13
5,status,15,VILLAGER,ALIVE,HALU
5,result,9,0,VILLAGER
