0,status,1,BODYGUARD,ALIVE,Tomato0
0,status,2,VILLAGER,ALIVE,OKAMI
0,status,3,VILLAGER,ALIVE,SampleJava14
0,status,4,MEDIUM,ALIVE,sample_py
0,status,5,VILLAGER,ALIVE,Takeda4
0,status,6,VILLAGER,ALIVE,HALU
0,status,7,SEER,ALIVE,OKAMI
0,status,8,VILLAGER,ALIVE,TOKU9
0,status,9,POSSESSED,ALIVE,Takeda3
0,status,10,WEREWOLF,ALIVE,TOKU1
0,status,11,WEREWOLF,ALIVE,HALU
0,status,12,VILLAGER,ALIVE,SampleJava12
0,status,13,VILLAGER,ALIVE,TOKU6
0,status,14,VILLAGER,ALIVE,Takeda13
0,status,15,WEREWOLF,ALIVE,HALU
0,whisper,0,0,10,Skip
0,whisper,1,0,11,COMINGOUT Agent[11] MEDIUM
0,whisper,2,0,15,COMINGOUT Agent[15] MEDIUM
0,whisper,3,1,15,COMINGOUT Agent[15] VILLAGER
0,whisper,4,1,11,COMINGOUT Agent[11] VILLAGER
0,whisper,5,1,10,Skip
0,whisper,6,2,15,Skip
0,whisper,7,2,10,Over
0,whisper,8,2,11,Skip
0,whisper,9,3,11,Skip
0,whisper,10,3,15,Skip
0,whisper,11,3,10,Over
0,whisper,12,4,15,Over
0,whisper,13,4,11,Over
0,whisper,14,4,10,Over
0,divine,7,9,HUMAN
1,status,1,BODYGUARD,ALIVE,Tomato0
1,status,2,VILLAGER,ALIVE,OKAMI
1,status,3,VILLAGER,ALIVE,SampleJava14
1,status,4,MEDIUM,ALIVE,sample_py
1,status,5,VILLAGER,ALIVE,Takeda4
1,status,6,VILLAGER,ALIVE,HALU
1,status,7,SEER,ALIVE,OKAMI
1,status,8,VILLAGER,ALIVE,TOKU9
1,status,9,POSSESSED,ALIVE,Takeda3
1,status,10,WEREWOLF,ALIVE,TOKU1
1,status,11,WEREWOLF,ALIVE,HALU
1,status,12,VILLAGER,ALIVE,SampleJava12
1,status,13,VILLAGER,ALIVE,TOKU6
1,status,14,VILLAGER,ALIVE,Takeda13
1,status,15,WEREWOLF,ALIVE,HALU
1,talk,0,0,12,VOTE Agent[03]
1,talk,1,0,4,VOTE Agent[09]
1,talk,2,0,10,COMINGOUT Agent[10] SEER
1,talk,3,0,9,COMINGOUT Agent[09] SEER
1,talk,4,0,6,VOTE Agent[04]
1,talk,5,0,14,VOTE Agent[09]
1,talk,6,0,5,VOTE Agent[09]
1,talk,7,0,15,VOTE Agent[12]
1,talk,8,0,8,VOTE Agent[09]
1,talk,9,0,11,VOTE Agent[06]
1,talk,10,0,3,VOTE Agent[01]
1,talk,11,0,1,VOTE Agent[09]
1,talk,12,0,2,VOTE Agent[12]
1,talk,13,0,13,VOTE Agent[09]
1,talk,14,0,7,VOTE Agent[12]
1,talk,15,1,6,VOTE Agent[03]
1,talk,16,1,14,VOTE Agent[05]
1,talk,17,1,15,VOTE Agent[06]
1,talk,18,1,12,REQUEST ANY (VOTE Agent[03])
1,talk,19,1,5,VOTE Agent[06]
1,talk,20,1,3,REQUEST ANY (VOTE Agent[01])
1,talk,21,1,10,DIVINED Agent[03] WEREWOLF
1,talk,22,1,9,DIVINED Agent[01] WEREWOLF
1,talk,23,1,4,VOTE Agent[01]
1,talk,24,1,2,COMINGOUT Agent[02] VILLAGER
1,talk,25,1,7,VOTE Agent[02]
1,talk,26,1,8,VOTE Agent[03]
1,talk,27,1,13,VOTE Agent[03]
1,talk,28,1,11,VOTE Agent[01]
1,talk,29,1,1,VOTE Agent[03]
1,talk,30,2,8,VOTE Agent[07]
1,talk,31,2,11,VOTE Agent[01]
1,talk,32,2,12,Skip
1,talk,33,2,3,BECAUSE (AND (COMINGOUT Agent[03] VILLAGER) (DAY 1 (Agent[10] DIVINED Agent[03] WEREWOLF))) (XOR (ESTIMATE Agent[10] WEREWOLF) (ESTIMATE Agent[10] POSSESSED))
1,talk,34,2,2,VOTE Agent[01]
1,talk,35,2,10,VOTE Agent[03]
1,talk,36,2,14,VOTE Agent[07]
1,talk,37,2,5,VOTE Agent[07]
1,talk,38,2,15,VOTE Agent[01]
1,talk,39,2,1,Skip
1,talk,40,2,6,VOTE Agent[02]
1,talk,41,2,13,VOTE Agent[07]
1,talk,42,2,7,VOTE Agent[02]
1,talk,43,2,9,VOTE Agent[01]
1,talk,44,2,4,Skip
1,talk,45,3,15,VOTE Agent[03]
1,talk,46,3,12,Skip
1,talk,47,3,6,VOTE Agent[02]
1,talk,48,3,4,Skip
1,talk,49,3,7,VOTE Agent[02]
1,talk,50,3,5,Skip
1,talk,51,3,8,Skip
1,talk,52,3,1,VOTE Agent[07]
1,talk,53,3,10,Skip
1,talk,54,3,3,BECAUSE (XOR (ESTIMATE Agent[10] WEREWOLF) (ESTIMATE Agent[10] POSSESSED)) (AND (VOTE Agent[10]) (REQUEST ANY (VOTE Agent[10])))
1,talk,55,3,14,Skip
1,talk,56,3,9,Skip
1,talk,57,3,2,VOTE Agent[01]
1,talk,58,3,13,Skip
1,talk,59,3,11,VOTE Agent[01]
1,talk,60,4,1,Skip
1,talk,61,4,12,Over
1,talk,62,4,4,Over
1,talk,63,4,10,Skip
1,talk,64,4,7,VOTE Agent[02]
1,talk,65,4,6,VOTE Agent[02]
1,talk,66,4,14,Skip
1,talk,67,4,3,VOTE Agent[10]
1,talk,68,4,8,Skip
1,talk,69,4,2,VOTE Agent[03]
1,talk,70,4,9,Skip
1,talk,71,4,15,VOTE Agent[01]
1,talk,72,4,5,Skip
1,talk,73,4,11,VOTE Agent[03]
1,talk,74,4,13,Skip
1,talk,75,5,7,VOTE Agent[02]
1,talk,76,5,2,VOTE Agent[03]
1,talk,77,5,8,Over
1,talk,78,5,12,Over
1,talk,79,5,5,Over
1,talk,80,5,10,Over
1,talk,81,5,15,VOTE Agent[01]
1,talk,82,5,6,VOTE Agent[02]
1,talk,83,5,9,Over
1,talk,84,5,11,VOTE Agent[01]
1,talk,85,5,1,Skip
1,talk,86,5,14,Over
1,talk,87,5,4,Over
1,talk,88,5,13,Over
1,talk,89,5,3,REQUEST ANY (VOTE Agent[10])
1,talk,90,6,9,Over
1,talk,91,6,2,VOTE Agent[03]
1,talk,92,6,7,VOTE Agent[02]
1,talk,93,6,11,VOTE Agent[03]
1,talk,94,6,12,Over
1,talk,95,6,10,Over
1,talk,96,6,14,Over
1,talk,97,6,3,Skip
1,talk,98,6,1,VOTE Agent[03]
1,talk,99,6,8,Over
1,talk,100,6,4,Over
1,talk,101,6,6,VOTE Agent[02]
1,talk,102,6,15,VOTE Agent[01]
1,talk,103,6,5,Over
1,talk,104,6,13,Over
1,talk,105,7,11,VOTE Agent[01]
1,talk,106,7,2,VOTE Agent[03]
1,talk,107,7,3,Skip
1,talk,108,7,8,Over
1,talk,109,7,9,Over
1,talk,110,7,12,Over
1,talk,111,7,10,Over
1,talk,112,7,14,Over
1,talk,113,7,15,VOTE Agent[01]
1,talk,114,7,7,VOTE Agent[02]
1,talk,115,7,6,VOTE Agent[02]
1,talk,116,7,4,Over
1,talk,117,7,5,Over
1,talk,118,7,13,Over
1,talk,119,7,1,VOTE Agent[07]
1,talk,120,8,7,VOTE Agent[02]
1,talk,121,8,12,Over
1,talk,122,8,3,Over
1,talk,123,8,6,VOTE Agent[02]
1,talk,124,8,1,Skip
1,talk,125,8,10,Over
1,talk,126,8,2,VOTE Agent[03]
1,talk,127,8,15,VOTE Agent[03]
1,talk,128,8,9,Over
1,talk,129,8,5,Over
1,talk,130,8,8,Over
1,talk,131,8,11,VOTE Agent[03]
1,talk,132,8,14,Over
1,talk,133,8,13,Over
1,talk,134,8,4,Over
1,talk,135,9,5,Over
1,talk,136,9,7,Over
1,talk,137,9,4,Over
1,talk,138,9,11,Over
1,talk,139,9,12,Over
1,talk,140,9,1,VOTE Agent[03]
1,talk,141,9,15,Over
1,talk,142,9,6,Over
1,talk,143,9,3,Over
1,talk,144,9,2,Over
1,talk,145,9,8,Over
1,talk,146,9,9,Over
1,talk,147,9,10,Over
1,talk,148,9,14,Over
1,talk,149,9,13,Over
1,talk,150,10,1,Skip
1,talk,151,10,15,Over
1,talk,152,10,5,Over
1,talk,153,10,4,Over
1,talk,154,10,6,Over
1,talk,155,10,7,Over
1,talk,156,10,8,Over
1,talk,157,10,2,Over
1,talk,158,10,12,Over
1,talk,159,10,9,Over
1,talk,160,10,13,Over
1,talk,161,10,11,Over
1,talk,162,10,14,Over
1,talk,163,10,10,Over
1,talk,164,10,3,Over
1,talk,165,11,4,Over
1,talk,166,11,13,Over
1,talk,167,11,14,Over
1,talk,168,11,3,Over
1,talk,169,11,12,Over
1,talk,170,11,2,Over
1,talk,171,11,11,Over
1,talk,172,11,8,Over
1,talk,173,11,9,Over
1,talk,174,11,5,Over
1,talk,175,11,6,Over
1,talk,176,11,15,Over
1,talk,177,11,7,Over
1,talk,178,11,1,Skip
1,talk,179,11,10,Over
1,talk,180,12,13,Over
1,talk,181,12,4,Over
1,talk,182,12,9,Over
1,talk,183,12,2,Over
1,talk,184,12,8,Over
1,talk,185,12,3,Over
1,talk,186,12,7,Over
1,talk,187,12,10,Over
1,talk,188,12,1,Over
1,talk,189,12,15,Over
1,talk,190,12,5,Over
1,talk,191,12,6,Over
1,talk,192,12,12,Over
1,talk,193,12,14,Over
1,talk,194,12,11,Over
1,vote,1,3
1,vote,2,1
1,vote,3,10
1,vote,4,1
1,vote,5,7
1,vote,6,2
1,vote,7,2
1,vote,8,7
1,vote,9,3
1,vote,10,3
1,vote,11,1
1,vote,12,10
1,vote,13,7
1,vote,14,7
1,vote,15,1
1,vote,1,3
1,vote,2,1
1,vote,3,1
1,vote,4,1
1,vote,5,7
1,vote,6,2
1,vote,7,2
1,vote,8,7
1,vote,9,3
1,vote,10,3
1,vote,11,1
1,vote,12,1
1,vote,13,7
1,vote,14,7
1,vote,15,1
1,execute,1,BODYGUARD
1,divine,7,3,HUMAN
1,whisper,0,0,10,Skip
1,whisper,1,0,11,ATTACK Agent[09]
1,whisper,2,0,15,ATTACK Agent[10]
1,whisper,3,1,15,Skip
1,whisper,4,1,11,Skip
1,whisper,5,1,10,Skip
1,whisper,6,2,15,Skip
1,whisper,7,2,10,Over
1,whisper,8,2,11,Skip
1,whisper,9,3,10,Over
1,whisper,10,3,15,Over
1,whisper,11,3,11,Over
1,attackVote,10,9
1,attackVote,11,9
1,attack,9,true
2,status,1,BODYGUARD,DEAD,Tomato0
2,status,2,VILLAGER,ALIVE,OKAMI
2,status,3,VILLAGER,ALIVE,SampleJava14
2,status,4,MEDIUM,ALIVE,sample_py
2,status,5,VILLAGER,ALIVE,Takeda4
2,status,6,VILLAGER,ALIVE,HALU
2,status,7,SEER,ALIVE,OKAMI
2,status,8,VILLAGER,ALIVE,TOKU9
2,status,9,POSSESSED,DEAD,Takeda3
2,status,10,WEREWOLF,ALIVE,TOKU1
2,status,11,WEREWOLF,ALIVE,HALU
2,status,12,VILLAGER,ALIVE,SampleJava12
2,status,13,VILLAGER,ALIVE,TOKU6
2,status,14,VILLAGER,ALIVE,Takeda13
2,status,15,WEREWOLF,ALIVE,HALU
2,talk,0,0,13,VOTE Agent[07]
2,talk,1,0,15,VOTE Agent[03]
2,talk,2,0,10,DIVINED Agent[07] WEREWOLF
2,talk,3,0,6,VOTE Agent[02]
2,talk,4,0,7,VOTE Agent[02]
2,talk,5,0,4,VOTE Agent[07]
2,talk,6,0,8,VOTE Agent[07]
2,talk,7,0,3,BECAUSE (AND (COMINGOUT Agent[03] VILLAGER) (DAY 1 (Agent[10] DIVINED Agent[03] WEREWOLF))) (XOR (ESTIMATE Agent[10] WEREWOLF) (ESTIMATE Agent[10] POSSESSED))
2,talk,8,0,11,VOTE Agent[07]
2,talk,9,0,2,VOTE Agent[03]
2,talk,10,0,14,VOTE Agent[07]
2,talk,11,0,12,VOTE Agent[04]
2,talk,12,0,5,VOTE Agent[07]
2,talk,13,1,8,Skip
2,talk,14,1,10,VOTE Agent[03]
2,talk,15,1,4,Skip
2,talk,16,1,15,VOTE Agent[07]
2,talk,17,1,7,VOTE Agent[02]
2,talk,18,1,3,BECAUSE (XOR (ESTIMATE Agent[10] WEREWOLF) (ESTIMATE Agent[10] POSSESSED)) (AND (VOTE Agent[10]) (REQUEST ANY (VOTE Agent[10])))
2,talk,19,1,12,REQUEST ANY (VOTE Agent[04])
2,talk,20,1,11,VOTE Agent[07]
2,talk,21,1,5,Skip
2,talk,22,1,2,COMINGOUT Agent[02] VILLAGER
2,talk,23,1,13,Skip
2,talk,24,1,6,VOTE Agent[02]
2,talk,25,1,14,Skip
2,talk,26,2,12,Skip
2,talk,27,2,8,Skip
2,talk,28,2,5,Skip
2,talk,29,2,13,Skip
2,talk,30,2,11,VOTE Agent[03]
2,talk,31,2,15,VOTE Agent[03]
2,talk,32,2,6,VOTE Agent[02]
2,talk,33,2,4,Skip
2,talk,34,2,3,VOTE Agent[10]
2,talk,35,2,2,VOTE Agent[03]
2,talk,36,2,10,Skip
2,talk,37,2,7,VOTE Agent[02]
2,talk,38,2,14,Skip
2,talk,39,3,8,Over
2,talk,40,3,10,Skip
2,talk,41,3,5,Over
2,talk,42,3,3,REQUEST ANY (VOTE Agent[10])
2,talk,43,3,14,Over
2,talk,44,3,11,VOTE Agent[07]
2,talk,45,3,13,Over
2,talk,46,3,12,Skip
2,talk,47,3,2,VOTE Agent[03]
2,talk,48,3,4,Over
2,talk,49,3,15,VOTE Agent[03]
2,talk,50,3,6,VOTE Agent[02]
2,talk,51,3,7,VOTE Agent[02]
2,talk,52,4,6,VOTE Agent[02]
2,talk,53,4,13,Over
2,talk,54,4,12,Over
2,talk,55,4,8,Over
2,talk,56,4,10,Over
2,talk,57,4,11,VOTE Agent[03]
2,talk,58,4,2,VOTE Agent[03]
2,talk,59,4,3,Skip
2,talk,60,4,15,VOTE Agent[03]
2,talk,61,4,4,Over
2,talk,62,4,5,Over
2,talk,63,4,14,Over
2,talk,64,4,7,VOTE Agent[02]
2,talk,65,5,12,Over
2,talk,66,5,5,Over
2,talk,67,5,14,Over
2,talk,68,5,11,VOTE Agent[07]
2,talk,69,5,3,Skip
2,talk,70,5,4,Over
2,talk,71,5,8,Over
2,talk,72,5,15,VOTE Agent[07]
2,talk,73,5,13,Over
2,talk,74,5,10,VOTE Agent[07]
2,talk,75,5,7,VOTE Agent[02]
2,talk,76,5,6,VOTE Agent[02]
2,talk,77,5,2,VOTE Agent[07]
2,talk,78,6,15,VOTE Agent[03]
2,talk,79,6,4,Over
2,talk,80,6,14,Over
2,talk,81,6,11,VOTE Agent[03]
2,talk,82,6,6,VOTE Agent[02]
2,talk,83,6,10,Skip
2,talk,84,6,8,Over
2,talk,85,6,13,Over
2,talk,86,6,7,VOTE Agent[02]
2,talk,87,6,2,VOTE Agent[03]
2,talk,88,6,3,Over
2,talk,89,6,12,Over
2,talk,90,6,5,Over
2,talk,91,7,3,Over
2,talk,92,7,2,VOTE Agent[03]
2,talk,93,7,13,Over
2,talk,94,7,8,Over
2,talk,95,7,11,VOTE Agent[07]
2,talk,96,7,10,Skip
2,talk,97,7,15,VOTE Agent[07]
2,talk,98,7,5,Over
2,talk,99,7,4,Over
2,talk,100,7,7,VOTE Agent[02]
2,talk,101,7,14,Over
2,talk,102,7,6,VOTE Agent[02]
2,talk,103,7,12,Over
2,talk,104,8,12,Over
2,talk,105,8,3,Over
2,talk,106,8,2,VOTE Agent[07]
2,talk,107,8,10,Over
2,talk,108,8,7,VOTE Agent[02]
2,talk,109,8,5,Over
2,talk,110,8,8,Over
2,talk,111,8,4,Over
2,talk,112,8,11,VOTE Agent[07]
2,talk,113,8,14,Over
2,talk,114,8,6,VOTE Agent[02]
2,talk,115,8,15,VOTE Agent[03]
2,talk,116,8,13,Over
2,talk,117,9,10,Over
2,talk,118,9,11,Over
2,talk,119,9,15,Over
2,talk,120,9,2,Over
2,talk,121,9,13,Over
2,talk,122,9,14,Over
2,talk,123,9,12,Over
2,talk,124,9,3,Over
2,talk,125,9,4,Over
2,talk,126,9,6,Over
2,talk,127,9,7,Over
2,talk,128,9,8,Over
2,talk,129,9,5,Over
2,vote,2,3
2,vote,3,10
2,vote,4,7
2,vote,5,7
2,vote,6,2
2,vote,7,2
2,vote,8,7
2,vote,10,7
2,vote,11,3
2,vote,12,10
2,vote,13,7
2,vote,14,7
2,vote,15,3
2,execute,7,SEER
2,whisper,0,0,15,ATTACK Agent[06]
2,whisper,1,0,11,ATTACK Agent[07]
2,whisper,2,0,10,Skip
2,whisper,3,1,10,Skip
2,whisper,4,1,15,Skip
2,whisper,5,1,11,Skip
2,whisper,6,2,10,Over
2,whisper,7,2,15,Skip
2,whisper,8,2,11,Skip
2,whisper,9,3,11,Over
2,whisper,10,3,15,Over
2,whisper,11,3,10,Over
2,attackVote,10,8
2,attackVote,11,8
2,attackVote,15,6
2,attack,8,true
3,status,1,BODYGUARD,DEAD,Tomato0
3,status,2,VILLAGER,ALIVE,OKAMI
3,status,3,VILLAGER,ALIVE,SampleJava14
3,status,4,MEDIUM,ALIVE,sample_py
3,status,5,VILLAGER,ALIVE,Takeda4
3,status,6,VILLAGER,ALIVE,HALU
3,status,7,SEER,DEAD,OKAMI
3,status,8,VILLAGER,DEAD,TOKU9
3,status,9,POSSESSED,DEAD,Takeda3
3,status,10,WEREWOLF,ALIVE,TOKU1
3,status,11,WEREWOLF,ALIVE,HALU
3,status,12,VILLAGER,ALIVE,SampleJava12
3,status,13,VILLAGER,ALIVE,TOKU6
3,status,14,VILLAGER,ALIVE,Takeda13
3,status,15,WEREWOLF,ALIVE,HALU
3,talk,0,0,2,VOTE Agent[03]
3,talk,1,0,11,VOTE Agent[03]
3,talk,2,0,14,VOTE Agent[06]
3,talk,3,0,15,VOTE Agent[03]
3,talk,4,0,6,VOTE Agent[02]
3,talk,5,0,13,VOTE Agent[06]
3,talk,6,0,4,COMINGOUT Agent[04] MEDIUM
3,talk,7,0,5,VOTE Agent[06]
3,talk,8,0,10,DIVINED Agent[06] WEREWOLF
3,talk,9,0,12,VOTE Agent[04]
3,talk,10,0,3,BECAUSE (AND (COMINGOUT Agent[03] VILLAGER) (DAY 1 (Agent[10] DIVINED Agent[03] WEREWOLF))) (XOR (ESTIMATE Agent[10] WEREWOLF) (ESTIMATE Agent[10] POSSESSED))
3,talk,11,1,13,VOTE Agent[03]
3,talk,12,1,15,VOTE Agent[06]
3,talk,13,1,3,BECAUSE (XOR (ESTIMATE Agent[10] WEREWOLF) (ESTIMATE Agent[10] POSSESSED)) (AND (VOTE Agent[10]) (REQUEST ANY (VOTE Agent[10])))
3,talk,14,1,10,VOTE Agent[03]
3,talk,15,1,2,COMINGOUT Agent[02] VILLAGER
3,talk,16,1,5,VOTE Agent[03]
3,talk,17,1,11,VOTE Agent[03]
3,talk,18,1,14,VOTE Agent[03]
3,talk,19,1,4,IDENTIFIED Agent[01] HUMAN
3,talk,20,1,12,REQUEST ANY (VOTE Agent[04])
3,talk,21,1,6,VOTE Agent[06]
3,talk,22,2,4,IDENTIFIED Agent[07] HUMAN
3,talk,23,2,11,VOTE Agent[06]
3,talk,24,2,6,VOTE Agent[03]
3,talk,25,2,12,Skip
3,talk,26,2,2,VOTE Agent[06]
3,talk,27,2,14,VOTE Agent[11]
3,talk,28,2,5,Skip
3,talk,29,2,13,Skip
3,talk,30,2,15,VOTE Agent[06]
3,talk,31,2,3,VOTE Agent[10]
3,talk,32,2,10,VOTE Agent[06]
3,talk,33,3,2,VOTE Agent[03]
3,talk,34,3,15,VOTE Agent[02]
3,talk,35,3,5,Skip
3,talk,36,3,10,Skip
3,talk,37,3,6,VOTE Agent[03]
3,talk,38,3,4,VOTE Agent[03]
3,talk,39,3,3,REQUEST ANY (VOTE Agent[10])
3,talk,40,3,11,VOTE Agent[12]
3,talk,41,3,14,VOTE Agent[03]
3,talk,42,3,12,Skip
3,talk,43,3,13,Skip
3,talk,44,4,6,VOTE Agent[12]
3,talk,45,4,3,Skip
3,talk,46,4,5,Over
3,talk,47,4,13,Over
3,talk,48,4,11,VOTE Agent[12]
3,talk,49,4,2,VOTE Agent[12]
3,talk,50,4,15,VOTE Agent[14]
3,talk,51,4,10,Skip
3,talk,52,4,4,Skip
3,talk,53,4,14,Skip
3,talk,54,4,12,Over
3,talk,55,5,6,VOTE Agent[14]
3,talk,56,5,2,VOTE Agent[14]
3,talk,57,5,4,Skip
3,talk,58,5,13,Over
3,talk,59,5,11,VOTE Agent[02]
3,talk,60,5,14,Skip
3,talk,61,5,3,Skip
3,talk,62,5,12,Over
3,talk,63,5,5,Over
3,talk,64,5,10,Over
3,talk,65,5,15,VOTE Agent[02]
3,talk,66,6,12,Over
3,talk,67,6,2,VOTE Agent[02]
3,talk,68,6,5,Over
3,talk,69,6,15,VOTE Agent[02]
3,talk,70,6,10,Over
3,talk,71,6,6,VOTE Agent[02]
3,talk,72,6,4,Over
3,talk,73,6,3,Over
3,talk,74,6,11,VOTE Agent[02]
3,talk,75,6,13,Over
3,talk,76,6,14,Over
3,talk,77,7,15,VOTE Agent[14]
3,talk,78,7,10,Over
3,talk,79,7,3,Over
3,talk,80,7,2,VOTE Agent[02]
3,talk,81,7,13,Over
3,talk,82,7,4,Over
3,talk,83,7,6,VOTE Agent[14]
3,talk,84,7,11,VOTE Agent[02]
3,talk,85,7,5,Over
3,talk,86,7,12,Over
3,talk,87,7,14,Over
3,talk,88,8,13,Over
3,talk,89,8,10,Over
3,talk,90,8,11,VOTE Agent[03]
3,talk,91,8,6,VOTE Agent[06]
3,talk,92,8,5,Over
3,talk,93,8,14,Over
3,talk,94,8,4,Over
3,talk,95,8,2,VOTE Agent[06]
3,talk,96,8,15,VOTE Agent[02]
3,talk,97,8,3,Over
3,talk,98,8,12,Over
3,talk,99,9,12,Over
3,talk,100,9,11,Over
3,talk,101,9,10,Over
3,talk,102,9,13,Over
3,talk,103,9,14,Over
3,talk,104,9,15,Over
3,talk,105,9,2,Over
3,talk,106,9,5,Over
3,talk,107,9,4,Over
3,talk,108,9,6,Over
3,talk,109,9,3,Over
3,vote,2,6
3,vote,3,10
3,vote,4,3
3,vote,5,3
3,vote,6,11
3,vote,10,6
3,vote,11,2
3,vote,12,10
3,vote,13,3
3,vote,14,3
3,vote,15,2
3,execute,3,VILLAGER
3,whisper,0,0,15,ATTACK Agent[03]
3,whisper,1,0,11,ATTACK Agent[13]
3,whisper,2,0,10,Skip
3,whisper,3,1,10,Skip
3,whisper,4,1,15,Skip
3,whisper,5,1,11,Skip
3,whisper,6,2,15,Skip
3,whisper,7,2,11,Skip
3,whisper,8,2,10,Over
3,whisper,9,3,15,Over
3,whisper,10,3,10,Over
3,whisper,11,3,11,Over
3,attackVote,10,4
3,attackVote,11,2
3,attackVote,15,13
3,attackVote,10,4
3,attackVote,11,2
3,attackVote,15,2
3,attack,2,true
4,status,1,BODYGUARD,DEAD,Tomato0
4,status,2,VILLAGER,DEAD,OKAMI
4,status,3,VILLAGER,DEAD,SampleJava14
4,status,4,MEDIUM,ALIVE,sample_py
4,status,5,VILLAGER,ALIVE,Takeda4
4,status,6,VILLAGER,ALIVE,HALU
4,status,7,SEER,DEAD,OKAMI
4,status,8,VILLAGER,DEAD,TOKU9
4,status,9,POSSESSED,DEAD,Takeda3
4,status,10,WEREWOLF,ALIVE,TOKU1
4,status,11,WEREWOLF,ALIVE,HALU
4,status,12,VILLAGER,ALIVE,SampleJava12
4,status,13,VILLAGER,ALIVE,TOKU6
4,status,14,VILLAGER,ALIVE,Takeda13
4,status,15,WEREWOLF,ALIVE,HALU
4,talk,0,0,4,IDENTIFIED Agent[03] HUMAN
4,talk,1,0,6,VOTE Agent[05]
4,talk,2,0,14,VOTE Agent[10]
4,talk,3,0,12,VOTE Agent[06]
4,talk,4,0,13,VOTE Agent[10]
4,talk,5,0,10,DIVINED Agent[05] WEREWOLF
4,talk,6,0,11,VOTE Agent[06]
4,talk,7,0,15,VOTE Agent[06]
4,talk,8,0,5,VOTE Agent[10]
4,talk,9,1,12,REQUEST ANY (VOTE Agent[06])
4,talk,10,1,13,VOTE Agent[11]
4,talk,11,1,5,VOTE Agent[11]
4,talk,12,1,10,VOTE Agent[06]
4,talk,13,1,4,VOTE Agent[06]
4,talk,14,1,14,VOTE Agent[06]
4,talk,15,1,11,VOTE Agent[06]
4,talk,16,1,6,VOTE Agent[06]
4,talk,17,1,15,VOTE Agent[06]
4,talk,18,2,13,VOTE Agent[06]
4,talk,19,2,12,Skip
4,talk,20,2,5,VOTE Agent[06]
4,talk,21,2,6,VOTE Agent[06]
4,talk,22,2,10,Skip
4,talk,23,2,11,VOTE Agent[06]
4,talk,24,2,4,Skip
4,talk,25,2,14,Skip
4,talk,26,2,15,VOTE Agent[05]
4,talk,27,3,5,Skip
4,talk,28,3,4,Skip
4,talk,29,3,14,Skip
4,talk,30,3,13,Skip
4,talk,31,3,11,VOTE Agent[05]
4,talk,32,3,12,Skip
4,talk,33,3,10,Skip
4,talk,34,3,6,VOTE Agent[11]
4,talk,35,3,15,VOTE Agent[06]
4,talk,36,4,15,VOTE Agent[06]
4,talk,37,4,6,VOTE Agent[11]
4,talk,38,4,11,VOTE Agent[05]
4,talk,39,4,12,Over
4,talk,40,4,13,Skip
4,talk,41,4,10,Over
4,talk,42,4,5,Skip
4,talk,43,4,4,Over
4,talk,44,4,14,Over
4,talk,45,5,5,Over
4,talk,46,5,4,Over
4,talk,47,5,13,Over
4,talk,48,5,6,VOTE Agent[05]
4,talk,49,5,12,Over
4,talk,50,5,14,Over
4,talk,51,5,15,VOTE Agent[06]
4,talk,52,5,11,VOTE Agent[06]
4,talk,53,5,10,Over
4,talk,54,6,12,Over
4,talk,55,6,5,Over
4,talk,56,6,6,VOTE Agent[05]
4,talk,57,6,14,Over
4,talk,58,6,15,VOTE Agent[06]
4,talk,59,6,13,Over
4,talk,60,6,10,Over
4,talk,61,6,11,VOTE Agent[06]
4,talk,62,6,4,Over
4,talk,63,7,4,Over
4,talk,64,7,12,Over
4,talk,65,7,6,VOTE Agent[05]
4,talk,66,7,13,Over
4,talk,67,7,11,VOTE Agent[06]
4,talk,68,7,10,Over
4,talk,69,7,14,Over
4,talk,70,7,15,VOTE Agent[06]
4,talk,71,7,5,Over
4,talk,72,8,6,VOTE Agent[05]
4,talk,73,8,13,Over
4,talk,74,8,15,VOTE Agent[06]
4,talk,75,8,4,Over
4,talk,76,8,11,VOTE Agent[06]
4,talk,77,8,14,Over
4,talk,78,8,10,Over
4,talk,79,8,5,Over
4,talk,80,8,12,Over
4,talk,81,9,10,Over
4,talk,82,9,6,Over
4,talk,83,9,5,Over
4,talk,84,9,15,Over
4,talk,85,9,13,Over
4,talk,86,9,14,Over
4,talk,87,9,11,Over
4,talk,88,9,4,Over
4,talk,89,9,12,Over
4,vote,4,6
4,vote,5,6
4,vote,6,5
4,vote,10,6
4,vote,11,6
4,vote,12,13
4,vote,13,6
4,vote,14,6
4,vote,15,6
4,execute,6,VILLAGER
4,whisper,0,0,11,ATTACK Agent[13]
4,whisper,1,0,15,ATTACK Agent[05]
4,whisper,2,0,10,Skip
4,whisper,3,1,15,Skip
4,whisper,4,1,10,Skip
4,whisper,5,1,11,Skip
4,whisper,6,2,15,Skip
4,whisper,7,2,11,Skip
4,whisper,8,2,10,Over
4,whisper,9,3,11,Over
4,whisper,10,3,15,Over
4,whisper,11,3,10,Over
4,attackVote,10,4
4,attackVote,11,14
4,attackVote,15,13
4,attackVote,10,4
4,attackVote,11,5
4,attackVote,15,5
4,attack,5,true
5,status,1,BODYGUARD,DEAD,Tomato0
5,status,2,VILLAGER,DEAD,OKAMI
5,status,3,VILLAGER,DEAD,SampleJava14
5,status,4,MEDIUM,ALIVE,sample_py
5,status,5,VILLAGER,DEAD,Takeda4
5,status,6,VILLAGER,DEAD,HALU
5,status,7,SEER,DEAD,OKAMI
5,status,8,VILLAGER,DEAD,TOKU9
5,status,9,POSSESSED,DEAD,Takeda3
5,status,10,WEREWOLF,ALIVE,TOKU1
5,status,11,WEREWOLF,ALIVE,HALU
5,status,12,VILLAGER,ALIVE,SampleJava12
5,status,13,VILLAGER,ALIVE,TOKU6
5,status,14,VILLAGER,ALIVE,Takeda13
5,status,15,WEREWOLF,ALIVE,HALU
5,talk,0,0,15,VOTE Agent[12]
5,talk,1,0,13,VOTE Agent[11]
5,talk,2,0,4,IDENTIFIED Agent[06] HUMAN
5,talk,3,0,11,VOTE Agent[13]
5,talk,4,0,12,BECAUSE (AND (ANY ATTACKED Agent[05]) (DAY 4 (Agent[10] DIVINED Agent[05] WEREWOLF))) (XOR (ESTIMATE Agent[10] WEREWOLF) (ESTIMATE Agent[10] POSSESSED))
5,talk,5,0,10,DIVINED Agent[04] WEREWOLF
5,talk,6,0,14,VOTE Agent[13]
5,talk,7,1,10,VOTE Agent[04]
5,talk,8,1,14,VOTE Agent[10]
5,talk,9,1,15,VOTE Agent[14]
5,talk,10,1,11,VOTE Agent[14]
5,talk,11,1,4,VOTE Agent[10]
5,talk,12,1,13,VOTE Agent[10]
5,talk,13,1,12,BECAUSE (XOR (ESTIMATE Agent[10] WEREWOLF) (ESTIMATE Agent[10] POSSESSED)) (AND (VOTE Agent[10]) (REQUEST ANY (VOTE Agent[10])))
5,talk,14,2,4,Skip
5,talk,15,2,14,Skip
5,talk,16,2,11,VOTE Agent[14]
5,talk,17,2,15,VOTE Agent[13]
5,talk,18,2,12,VOTE Agent[10]
5,talk,19,2,13,Skip
5,talk,20,2,10,VOTE Agent[04]
5,talk,21,3,11,VOTE Agent[12]
5,talk,22,3,15,VOTE Agent[13]
5,talk,23,3,10,VOTE Agent[04]
5,talk,24,3,14,Skip
5,talk,25,3,4,Skip
5,talk,26,3,12,REQUEST ANY (VOTE Agent[10])
5,talk,27,3,13,Skip
5,talk,28,4,4,Over
5,talk,29,4,10,VOTE Agent[04]
5,talk,30,4,12,Skip
5,talk,31,4,15,VOTE Agent[12]
5,talk,32,4,14,Over
5,talk,33,4,11,VOTE Agent[12]
5,talk,34,4,13,Over
5,talk,35,5,12,Skip
5,talk,36,5,10,VOTE Agent[04]
5,talk,37,5,11,VOTE Agent[12]
5,talk,38,5,13,Over
5,talk,39,5,4,Over
5,talk,40,5,14,Over
5,talk,41,5,15,VOTE Agent[12]
5,talk,42,6,14,Over
5,talk,43,6,13,Over
5,talk,44,6,15,VOTE Agent[12]
5,talk,45,6,12,Over
5,talk,46,6,11,VOTE Agent[12]
5,talk,47,6,4,Over
5,talk,48,6,10,VOTE Agent[04]
5,talk,49,7,14,Over
5,talk,50,7,12,Over
5,talk,51,7,4,Over
5,talk,52,7,13,Over
5,talk,53,7,10,VOTE Agent[04]
5,talk,54,7,15,VOTE Agent[12]
5,talk,55,7,11,VOTE Agent[12]
5,talk,56,8,10,VOTE Agent[04]
5,talk,57,8,12,Over
5,talk,58,8,13,Over
5,talk,59,8,4,Over
5,talk,60,8,15,VOTE Agent[12]
5,talk,61,8,11,VOTE Agent[12]
5,talk,62,8,14,Over
5,talk,63,9,15,Over
5,talk,64,9,4,Over
5,talk,65,9,14,Over
5,talk,66,9,10,VOTE Agent[04]
5,talk,67,9,11,Over
5,talk,68,9,12,Over
5,talk,69,9,13,Over
5,talk,70,10,4,Over
5,talk,71,10,14,Over
5,talk,72,10,13,Over
5,talk,73,10,12,Over
5,talk,74,10,15,Over
5,talk,75,10,11,Over
5,talk,76,10,10,Over
5,vote,4,10
5,vote,10,4
5,vote,11,12
5,vote,12,10
5,vote,13,10
5,vote,14,10
5,vote,15,13
5,execute,10,WEREWOLF
5,whisper,0,0,15,ATTACK Agent[12]
5,whisper,1,0,11,ATTACK Agent[12]
5,whisper,2,1,15,Skip
5,whisper,3,1,11,Skip
5,whisper,4,2,11,Skip
5,whisper,5,2,15,Skip
5,whisper,6,3,15,Over
5,whisper,7,3,11,Over
5,attackVote,11,14
5,attackVote,15,12
5,attackVote,11,14
5,attackVote,15,14
5,attack,14,true
6,status,1,BODYGUARD,DEAD,Tomato0
6,status,2,VILLAGER,DEAD,OKAMI
6,status,3,VILLAGER,DEAD,SampleJava14
6,status,4,MEDIUM,ALIVE,sample_py
6,status,5,VILLAGER,DEAD,Takeda4
6,status,6,VILLAGER,DEAD,HALU
6,status,7,SEER,DEAD,OKAMI
6,status,8,VILLAGER,DEAD,TOKU9
6,status,9,POSSESSED,DEAD,Takeda3
6,status,10,WEREWOLF,DEAD,TOKU1
6,status,11,WEREWOLF,ALIVE,HALU
6,status,12,VILLAGER,ALIVE,SampleJava12
6,status,13,VILLAGER,ALIVE,TOKU6
6,status,14,VILLAGER,DEAD,Takeda13
6,status,15,WEREWOLF,ALIVE,HALU
6,talk,0,0,4,IDENTIFIED Agent[10] WEREWOLF
6,talk,1,0,15,VOTE Agent[12]
6,talk,2,0,13,VOTE Agent[12]
6,talk,3,0,12,VOTE Agent[13]
6,talk,4,0,11,VOTE Agent[13]
6,talk,5,1,11,VOTE Agent[13]
6,talk,6,1,4,VOTE Agent[13]
6,talk,7,1,12,REQUEST ANY (VOTE Agent[13])
6,talk,8,1,13,VOTE Agent[12]
6,talk,9,1,15,VOTE Agent[12]
6,talk,10,2,15,VOTE Agent[12]
6,talk,11,2,11,VOTE Agent[12]
6,talk,12,2,12,Skip
6,talk,13,2,4,Skip
6,talk,14,2,13,Skip
6,talk,15,3,11,VOTE Agent[12]
6,talk,16,3,4,Skip
6,talk,17,3,13,Skip
6,talk,18,3,15,VOTE Agent[12]
6,talk,19,3,12,Skip
6,talk,20,4,11,VOTE Agent[12]
6,talk,21,4,15,VOTE Agent[12]
6,talk,22,4,4,Over
6,talk,23,4,12,Over
6,talk,24,4,13,Over
6,talk,25,5,4,Over
6,talk,26,5,11,VOTE Agent[12]
6,talk,27,5,13,Over
6,talk,28,5,15,VOTE Agent[12]
6,talk,29,5,12,Over
6,talk,30,6,12,Over
6,talk,31,6,11,VOTE Agent[12]
6,talk,32,6,15,VOTE Agent[12]
6,talk,33,6,13,Over
6,talk,34,6,4,Over
6,talk,35,7,11,VOTE Agent[12]
6,talk,36,7,15,VOTE Agent[12]
6,talk,37,7,12,Over
6,talk,38,7,13,Over
6,talk,39,7,4,Over
6,talk,40,8,4,Over
6,talk,41,8,15,VOTE Agent[12]
6,talk,42,8,11,VOTE Agent[12]
6,talk,43,8,13,Over
6,talk,44,8,12,Over
6,talk,45,9,12,Over
6,talk,46,9,4,Over
6,talk,47,9,11,Over
6,talk,48,9,15,Over
6,talk,49,9,13,Over
6,vote,4,13
6,vote,11,12
6,vote,12,15
6,vote,13,12
6,vote,15,12
6,execute,12,VILLAGER
6,whisper,0,0,11,ATTACK Agent[13]
6,whisper,1,0,15,ATTACK Agent[12]
6,whisper,2,1,15,Skip
6,whisper,3,1,11,Skip
6,whisper,4,2,11,Skip
6,whisper,5,2,15,Skip
6,whisper,6,3,15,Over
6,whisper,7,3,11,Over
6,attackVote,11,13
6,attackVote,15,13
6,attack,13,true
7,status,1,BODYGUARD,DEAD,Tomato0
7,status,2,VILLAGER,DEAD,OKAMI
7,status,3,VILLAGER,DEAD,SampleJava14
7,status,4,MEDIUM,ALIVE,sample_py
7,status,5,VILLAGER,DEAD,Takeda4
7,status,6,VILLAGER,DEAD,HALU
7,status,7,SEER,DEAD,OKAMI
7,status,8,VILLAGER,DEAD,TOKU9
7,status,9,POSSESSED,DEAD,Takeda3
7,status,10,WEREWOLF,DEAD,TOKU1
7,status,11,WEREWOLF,ALIVE,HALU
7,status,12,VILLAGER,DEAD,SampleJava12
7,status,13,VILLAGER,DEAD,TOKU6
7,status,14,VILLAGER,DEAD,Takeda13
7,status,15,WEREWOLF,ALIVE,HALU
7,result,1,2,WEREWOLF
