0,status,1,VILLAGER,ALIVE,TOKU6
0,status,2,VILLAGER,ALIVE,sample_py
0,status,3,WEREWOLF,ALIVE,TOKU10
0,status,4,WEREWOLF,ALIVE,TOKU4
0,status,5,MEDIUM,ALIVE,TOKU2
0,status,6,VILLAGER,ALIVE,OKAMI
0,status,7,BODYGUARD,ALIVE,Tomato1
0,status,8,VILLAGER,ALIVE,OKAMI
0,status,9,VILLAGER,ALIVE,OKAMI
0,status,10,SEER,ALIVE,sample_py
0,status,11,VILLAGER,ALIVE,SampleJava9
0,status,12,VILLAGER,ALIVE,OKAMI
0,status,13,VILLAGER,ALIVE,sample_py
0,status,14,WEREWOLF,ALIVE,HALU
0,status,15,POSSESSED,ALIVE,Tomato8
0,whisper,0,0,4,Skip
0,whisper,1,0,3,Skip
0,whisper,2,0,14,COMINGOUT Agent[14] VILLAGER
0,whisper,3,1,3,Skip
0,whisper,4,1,4,Skip
0,whisper,5,1,14,Skip
0,whisper,6,2,14,Skip
0,whisper,7,2,4,Over
0,whisper,8,2,3,Over
0,whisper,9,3,4,Over
0,whisper,10,3,3,Over
0,whisper,11,3,14,Over
0,divine,10,1,HUMAN
1,status,1,VILLAGER,ALIVE,TOKU6
1,status,2,VILLAGER,ALIVE,sample_py
1,status,3,WEREWOLF,ALIVE,TOKU10
1,status,4,WEREWOLF,ALIVE,TOKU4
1,status,5,MEDIUM,ALIVE,TOKU2
1,status,6,VILLAGER,ALIVE,OKAMI
1,status,7,BODYGUARD,ALIVE,Tomato1
1,status,8,VILLAGER,ALIVE,OKAMI
1,status,9,VILLAGER,ALIVE,OKAMI
1,status,10,SEER,ALIVE,sample_py
1,status,11,VILLAGER,ALIVE,SampleJava9
1,status,12,VILLAGER,ALIVE,OKAMI
1,status,13,VILLAGER,ALIVE,sample_py
1,status,14,WEREWOLF,ALIVE,HALU
1,status,15,POSSESSED,ALIVE,Tomato8
1,talk,0,0,11,VOTE Agent[14]
1,talk,1,0,14,VOTE Agent[12]
1,talk,2,0,12,VOTE Agent[14]
1,talk,3,0,8,VOTE Agent[12]
1,talk,4,0,5,COMINGOUT Agent[05] MEDIUM
1,talk,5,0,2,VOTE Agent[07]
1,talk,6,0,13,VOTE Agent[09]
1,talk,7,0,1,VOTE Agent[14]
1,talk,8,0,15,COMINGOUT Agent[15] SEER
1,talk,9,0,9,VOTE Agent[12]
1,talk,10,0,4,COMINGOUT Agent[04] SEER
1,talk,11,0,10,VOTE Agent[04]
1,talk,12,0,7,VOTE Agent[12]
1,talk,13,0,6,VOTE Agent[14]
1,talk,14,0,3,COMINGOUT Agent[03] SEER
1,talk,15,1,14,VOTE Agent[07]
1,talk,16,1,2,Skip
1,talk,17,1,9,COMINGOUT Agent[09] VILLAGER
1,talk,18,1,12,COMINGOUT Agent[12] VILLAGER
1,talk,19,1,13,Skip
1,talk,20,1,8,COMINGOUT Agent[08] VILLAGER
1,talk,21,1,4,DIVINED Agent[03] HUMAN
1,talk,22,1,6,COMINGOUT Agent[06] VILLAGER
1,talk,23,1,1,VOTE Agent[15]
1,talk,24,1,10,Skip
1,talk,25,1,5,VOTE Agent[15]
1,talk,26,1,3,DIVINED Agent[15] WEREWOLF
1,talk,27,1,15,DIVINED Agent[11] HUMAN
1,talk,28,1,11,REQUEST ANY (VOTE Agent[14])
1,talk,29,1,7,VOTE Agent[15]
1,talk,30,2,9,VOTE Agent[04]
1,talk,31,2,12,VOTE Agent[04]
1,talk,32,2,15,VOTE Agent[04]
1,talk,33,2,14,VOTE Agent[15]
1,talk,34,2,2,VOTE Agent[15]
1,talk,35,2,3,VOTE Agent[15]
1,talk,36,2,1,Skip
1,talk,37,2,6,VOTE Agent[04]
1,talk,38,2,4,VOTE Agent[15]
1,talk,39,2,11,Skip
1,talk,40,2,5,Skip
1,talk,41,2,13,VOTE Agent[15]
1,talk,42,2,8,VOTE Agent[04]
1,talk,43,2,7,Skip
1,talk,44,2,10,Skip
1,talk,45,3,11,Skip
1,talk,46,3,6,VOTE Agent[04]
1,talk,47,3,10,Over
1,talk,48,3,2,Skip
1,talk,49,3,4,Skip
1,talk,50,3,13,Skip
1,talk,51,3,8,VOTE Agent[04]
1,talk,52,3,1,Skip
1,talk,53,3,3,Skip
1,talk,54,3,9,VOTE Agent[04]
1,talk,55,3,12,VOTE Agent[04]
1,talk,56,3,7,Skip
1,talk,57,3,14,VOTE Agent[15]
1,talk,58,3,5,Skip
1,talk,59,3,15,Skip
1,talk,60,4,6,VOTE Agent[04]
1,talk,61,4,7,Over
1,talk,62,4,12,VOTE Agent[04]
1,talk,63,4,9,VOTE Agent[04]
1,talk,64,4,2,Skip
1,talk,65,4,1,Over
1,talk,66,4,8,VOTE Agent[04]
1,talk,67,4,14,VOTE Agent[15]
1,talk,68,4,10,Over
1,talk,69,4,5,Over
1,talk,70,4,15,Skip
1,talk,71,4,13,Skip
1,talk,72,4,3,Skip
1,talk,73,4,4,Skip
1,talk,74,4,11,Over
1,talk,75,5,3,Over
1,talk,76,5,2,Over
1,talk,77,5,11,Over
1,talk,78,5,5,Over
1,talk,79,5,8,VOTE Agent[04]
1,talk,80,5,4,Over
1,talk,81,5,6,VOTE Agent[04]
1,talk,82,5,13,Over
1,talk,83,5,9,VOTE Agent[04]
1,talk,84,5,12,VOTE Agent[04]
1,talk,85,5,10,Over
1,talk,86,5,14,VOTE Agent[15]
1,talk,87,5,15,Over
1,talk,88,5,7,Over
1,talk,89,5,1,Over
1,talk,90,6,11,Over
1,talk,91,6,5,Over
1,talk,92,6,1,Over
1,talk,93,6,2,Over
1,talk,94,6,13,Over
1,talk,95,6,8,VOTE Agent[04]
1,talk,96,6,14,VOTE Agent[15]
1,talk,97,6,9,VOTE Agent[04]
1,talk,98,6,6,VOTE Agent[04]
1,talk,99,6,15,Over
1,talk,100,6,3,Over
1,talk,101,6,10,Over
1,talk,102,6,4,Over
1,talk,103,6,12,VOTE Agent[04]
1,talk,104,6,7,Over
1,talk,105,7,5,Over
1,talk,106,7,2,Over
1,talk,107,7,11,Over
1,talk,108,7,8,VOTE Agent[04]
1,talk,109,7,14,VOTE Agent[15]
1,talk,110,7,4,Over
1,talk,111,7,1,Over
1,talk,112,7,13,Over
1,talk,113,7,3,Over
1,talk,114,7,10,Over
1,talk,115,7,12,VOTE Agent[04]
1,talk,116,7,15,Over
1,talk,117,7,9,VOTE Agent[04]
1,talk,118,7,6,VOTE Agent[04]
1,talk,119,7,7,Over
1,talk,120,8,8,VOTE Agent[04]
1,talk,121,8,10,Over
1,talk,122,8,5,Over
1,talk,123,8,7,Over
1,talk,124,8,9,VOTE Agent[04]
1,talk,125,8,2,Over
1,talk,126,8,12,VOTE Agent[04]
1,talk,127,8,15,Over
1,talk,128,8,3,Over
1,talk,129,8,4,Over
1,talk,130,8,6,VOTE Agent[04]
1,talk,131,8,11,Over
1,talk,132,8,1,Over
1,talk,133,8,14,VOTE Agent[15]
1,talk,134,8,13,Over
1,talk,135,9,10,Over
1,talk,136,9,13,Over
1,talk,137,9,9,Over
1,talk,138,9,6,Over
1,talk,139,9,5,Over
1,talk,140,9,11,Over
1,talk,141,9,8,Over
1,talk,142,9,14,Over
1,talk,143,9,15,Over
1,talk,144,9,1,Over
1,talk,145,9,7,Over
1,talk,146,9,3,Over
1,talk,147,9,4,Over
1,talk,148,9,2,Over
1,talk,149,9,12,Over
1,vote,1,15
1,vote,2,15
1,vote,3,15
1,vote,4,15
1,vote,5,15
1,vote,6,4
1,vote,7,15
1,vote,8,4
1,vote,9,4
1,vote,10,4
1,vote,11,13
1,vote,12,4
1,vote,13,15
1,vote,14,15
1,vote,15,4
1,execute,15,POSSESSED
1,divine,10,8,HUMAN
1,whisper,0,0,14,ATTACK Agent[15]
1,whisper,1,0,3,Skip
1,whisper,2,0,4,Skip
1,whisper,3,1,3,Skip
1,whisper,4,1,4,Skip
1,whisper,5,1,14,Skip
1,whisper,6,2,4,Over
1,whisper,7,2,3,Over
1,whisper,8,2,14,Skip
1,whisper,9,3,14,Over
1,whisper,10,3,4,Over
1,whisper,11,3,3,Over
1,guard,7,5,MEDIUM
1,attackVote,3,11
1,attackVote,4,11
1,attackVote,14,13
1,attack,11,true
2,status,1,VILLAGER,ALIVE,TOKU6
2,status,2,VILLAGER,ALIVE,sample_py
2,status,3,WEREWOLF,ALIVE,TOKU10
2,status,4,WEREWOLF,ALIVE,TOKU4
2,status,5,MEDIUM,ALIVE,TOKU2
2,status,6,VILLAGER,ALIVE,OKAMI
2,status,7,BODYGUARD,ALIVE,Tomato1
2,status,8,VILLAGER,ALIVE,OKAMI
2,status,9,VILLAGER,ALIVE,OKAMI
2,status,10,SEER,ALIVE,sample_py
2,status,11,VILLAGER,DEAD,SampleJava9
2,status,12,VILLAGER,ALIVE,OKAMI
2,status,13,VILLAGER,ALIVE,sample_py
2,status,14,WEREWOLF,ALIVE,HALU
2,status,15,POSSESSED,DEAD,Tomato8
2,talk,0,0,10,VOTE Agent[04]
2,talk,1,0,3,DIVINED Agent[14] HUMAN
2,talk,2,0,7,VOTE Agent[04]
2,talk,3,0,2,VOTE Agent[05]
2,talk,4,0,5,IDENTIFIED Agent[15] HUMAN
2,talk,5,0,8,VOTE Agent[04]
2,talk,6,0,1,VOTE Agent[14]
2,talk,7,0,6,VOTE Agent[04]
2,talk,8,0,13,VOTE Agent[07]
2,talk,9,0,14,VOTE Agent[06]
2,talk,10,0,4,DIVINED Agent[14] HUMAN
2,talk,11,0,9,VOTE Agent[04]
2,talk,12,0,12,VOTE Agent[04]
2,talk,13,1,8,COMINGOUT Agent[08] VILLAGER
2,talk,14,1,9,COMINGOUT Agent[09] VILLAGER
2,talk,15,1,10,Skip
2,talk,16,1,5,VOTE Agent[04]
2,talk,17,1,3,VOTE Agent[04]
2,talk,18,1,6,COMINGOUT Agent[06] VILLAGER
2,talk,19,1,1,VOTE Agent[04]
2,talk,20,1,13,Skip
2,talk,21,1,14,VOTE Agent[13]
2,talk,22,1,2,Skip
2,talk,23,1,7,Skip
2,talk,24,1,4,VOTE Agent[05]
2,talk,25,1,12,COMINGOUT Agent[12] VILLAGER
2,talk,26,2,5,Skip
2,talk,27,2,7,Skip
2,talk,28,2,8,VOTE Agent[04]
2,talk,29,2,10,Skip
2,talk,30,2,9,VOTE Agent[04]
2,talk,31,2,12,VOTE Agent[04]
2,talk,32,2,1,Skip
2,talk,33,2,6,VOTE Agent[04]
2,talk,34,2,13,Skip
2,talk,35,2,3,Skip
2,talk,36,2,2,Skip
2,talk,37,2,4,VOTE Agent[05]
2,talk,38,2,14,VOTE Agent[06]
2,talk,39,3,9,VOTE Agent[04]
2,talk,40,3,8,VOTE Agent[04]
2,talk,41,3,2,Over
2,talk,42,3,7,Over
2,talk,43,3,6,VOTE Agent[04]
2,talk,44,3,5,Skip
2,talk,45,3,1,Skip
2,talk,46,3,13,Over
2,talk,47,3,10,Over
2,talk,48,3,12,VOTE Agent[04]
2,talk,49,3,4,VOTE Agent[05]
2,talk,50,3,3,Skip
2,talk,51,3,14,VOTE Agent[13]
2,talk,52,4,5,Over
2,talk,53,4,12,VOTE Agent[04]
2,talk,54,4,3,Over
2,talk,55,4,8,VOTE Agent[04]
2,talk,56,4,7,Over
2,talk,57,4,1,Over
2,talk,58,4,14,VOTE Agent[08]
2,talk,59,4,13,Over
2,talk,60,4,10,Over
2,talk,61,4,4,VOTE Agent[05]
2,talk,62,4,6,VOTE Agent[04]
2,talk,63,4,9,VOTE Agent[04]
2,talk,64,4,2,Over
2,talk,65,5,14,VOTE Agent[13]
2,talk,66,5,6,VOTE Agent[04]
2,talk,67,5,2,Over
2,talk,68,5,12,VOTE Agent[04]
2,talk,69,5,4,VOTE Agent[05]
2,talk,70,5,13,Over
2,talk,71,5,1,Over
2,talk,72,5,3,Over
2,talk,73,5,7,Over
2,talk,74,5,8,VOTE Agent[04]
2,talk,75,5,10,Over
2,talk,76,5,9,VOTE Agent[04]
2,talk,77,5,5,Over
2,talk,78,6,12,VOTE Agent[04]
2,talk,79,6,7,Over
2,talk,80,6,5,Over
2,talk,81,6,6,VOTE Agent[04]
2,talk,82,6,8,VOTE Agent[04]
2,talk,83,6,3,Over
2,talk,84,6,13,Over
2,talk,85,6,4,VOTE Agent[05]
2,talk,86,6,1,Over
2,talk,87,6,9,VOTE Agent[04]
2,talk,88,6,2,Over
2,talk,89,6,14,VOTE Agent[13]
2,talk,90,6,10,Over
2,talk,91,7,2,Over
2,talk,92,7,9,VOTE Agent[04]
2,talk,93,7,5,Over
2,talk,94,7,1,Over
2,talk,95,7,14,VOTE Agent[09]
2,talk,96,7,6,VOTE Agent[04]
2,talk,97,7,10,Over
2,talk,98,7,8,VOTE Agent[04]
2,talk,99,7,3,Over
2,talk,100,7,13,Over
2,talk,101,7,12,VOTE Agent[04]
2,talk,102,7,7,Over
2,talk,103,7,4,VOTE Agent[05]
2,talk,104,8,9,VOTE Agent[04]
2,talk,105,8,3,Over
2,talk,106,8,13,Over
2,talk,107,8,1,Over
2,talk,108,8,12,VOTE Agent[04]
2,talk,109,8,5,Over
2,talk,110,8,10,Over
2,talk,111,8,6,VOTE Agent[04]
2,talk,112,8,4,VOTE Agent[05]
2,talk,113,8,8,VOTE Agent[04]
2,talk,114,8,7,Over
2,talk,115,8,2,Over
2,talk,116,8,14,VOTE Agent[13]
2,talk,117,9,5,Over
2,talk,118,9,3,Over
2,talk,119,9,12,Over
2,talk,120,9,14,Over
2,talk,121,9,4,VOTE Agent[05]
2,talk,122,9,8,Over
2,talk,123,9,1,Over
2,talk,124,9,9,Over
2,talk,125,9,6,Over
2,talk,126,9,10,Over
2,talk,127,9,7,Over
2,talk,128,9,13,Over
2,talk,129,9,2,Over
2,talk,130,10,8,Over
2,talk,131,10,2,Over
2,talk,132,10,12,Over
2,talk,133,10,5,Over
2,talk,134,10,7,Over
2,talk,135,10,14,Over
2,talk,136,10,4,Over
2,talk,137,10,10,Over
2,talk,138,10,1,Over
2,talk,139,10,3,Over
2,talk,140,10,6,Over
2,talk,141,10,9,Over
2,talk,142,10,13,Over
2,vote,1,4
2,vote,2,5
2,vote,3,4
2,vote,4,5
2,vote,5,14
2,vote,6,4
2,vote,7,4
2,vote,8,4
2,vote,9,4
2,vote,10,4
2,vote,12,4
2,vote,13,7
2,vote,14,13
2,execute,4,WEREWOLF
2,divine,10,7,HUMAN
2,whisper,0,0,14,ATTACK Agent[05]
2,whisper,1,0,3,Skip
2,whisper,2,1,14,Skip
2,whisper,3,1,3,Skip
2,whisper,4,2,3,Over
2,whisper,5,2,14,Skip
2,whisper,6,3,14,Over
2,whisper,7,3,3,Over
2,guard,7,5,MEDIUM
2,attackVote,3,5
2,attackVote,14,5
2,attack,5,false
3,status,1,VILLAGER,ALIVE,TOKU6
3,status,2,VILLAGER,ALIVE,sample_py
3,status,3,WEREWOLF,ALIVE,TOKU10
3,status,4,WEREWOLF,DEAD,TOKU4
3,status,5,MEDIUM,ALIVE,TOKU2
3,status,6,VILLAGER,ALIVE,OKAMI
3,status,7,BODYGUARD,ALIVE,Tomato1
3,status,8,VILLAGER,ALIVE,OKAMI
3,status,9,VILLAGER,ALIVE,OKAMI
3,status,10,SEER,ALIVE,sample_py
3,status,11,VILLAGER,DEAD,SampleJava9
3,status,12,VILLAGER,ALIVE,OKAMI
3,status,13,VILLAGER,ALIVE,sample_py
3,status,14,WEREWOLF,ALIVE,HALU
3,status,15,POSSESSED,DEAD,Tomato8
3,talk,0,0,3,DIVINED Agent[05] WEREWOLF
3,talk,1,0,13,VOTE Agent[05]
3,talk,2,0,2,VOTE Agent[05]
3,talk,3,0,8,VOTE Agent[03]
3,talk,4,0,5,IDENTIFIED Agent[04] WEREWOLF
3,talk,5,0,6,VOTE Agent[12]
3,talk,6,0,10,COMINGOUT Agent[10] SEER
3,talk,7,0,12,VOTE Agent[09]
3,talk,8,0,14,VOTE Agent[02]
3,talk,9,0,1,VOTE Agent[14]
3,talk,10,0,7,VOTE Agent[03]
3,talk,11,0,9,VOTE Agent[12]
3,talk,12,1,10,DIVINED Agent[01] HUMAN
3,talk,13,1,13,Skip
3,talk,14,1,8,COMINGOUT Agent[08] VILLAGER
3,talk,15,1,5,VOTE Agent[10]
3,talk,16,1,9,COMINGOUT Agent[09] VILLAGER
3,talk,17,1,3,VOTE Agent[05]
3,talk,18,1,6,COMINGOUT Agent[06] VILLAGER
3,talk,19,1,12,COMINGOUT Agent[12] VILLAGER
3,talk,20,1,1,VOTE Agent[10]
3,talk,21,1,7,Skip
3,talk,22,1,14,VOTE Agent[09]
3,talk,23,1,2,Skip
3,talk,24,2,6,VOTE Agent[10]
3,talk,25,2,13,Skip
3,talk,26,2,1,Skip
3,talk,27,2,3,Skip
3,talk,28,2,12,VOTE Agent[03]
3,talk,29,2,10,DIVINED Agent[08] HUMAN
3,talk,30,2,5,Skip
3,talk,31,2,8,VOTE Agent[03]
3,talk,32,2,9,VOTE Agent[10]
3,talk,33,2,14,VOTE Agent[09]
3,talk,34,2,2,Skip
3,talk,35,2,7,Skip
3,talk,36,3,7,Over
3,talk,37,3,10,DIVINED Agent[07] HUMAN
3,talk,38,3,1,Skip
3,talk,39,3,8,VOTE Agent[03]
3,talk,40,3,3,Skip
3,talk,41,3,13,Over
3,talk,42,3,12,VOTE Agent[03]
3,talk,43,3,14,VOTE Agent[09]
3,talk,44,3,6,VOTE Agent[03]
3,talk,45,3,2,Over
3,talk,46,3,9,VOTE Agent[10]
3,talk,47,3,5,Skip
3,talk,48,4,3,Over
3,talk,49,4,13,Over
3,talk,50,4,7,Over
3,talk,51,4,5,Over
3,talk,52,4,8,VOTE Agent[10]
3,talk,53,4,14,VOTE Agent[09]
3,talk,54,4,2,Over
3,talk,55,4,9,VOTE Agent[10]
3,talk,56,4,6,VOTE Agent[03]
3,talk,57,4,10,VOTE Agent[03]
3,talk,58,4,1,Over
3,talk,59,4,12,VOTE Agent[03]
3,talk,60,5,8,VOTE Agent[10]
3,talk,61,5,5,Over
3,talk,62,5,10,Skip
3,talk,63,5,12,VOTE Agent[03]
3,talk,64,5,6,VOTE Agent[03]
3,talk,65,5,9,VOTE Agent[10]
3,talk,66,5,1,VOTE Agent[14]
3,talk,67,5,13,Over
3,talk,68,5,7,Over
3,talk,69,5,14,VOTE Agent[09]
3,talk,70,5,3,Over
3,talk,71,5,2,Over
3,talk,72,6,2,Over
3,talk,73,6,7,Over
3,talk,74,6,13,Over
3,talk,75,6,14,VOTE Agent[09]
3,talk,76,6,10,Skip
3,talk,77,6,12,VOTE Agent[10]
3,talk,78,6,9,VOTE Agent[03]
3,talk,79,6,1,Skip
3,talk,80,6,6,VOTE Agent[03]
3,talk,81,6,8,VOTE Agent[10]
3,talk,82,6,3,Over
3,talk,83,6,5,VOTE Agent[14]
3,talk,84,7,7,Over
3,talk,85,7,8,VOTE Agent[10]
3,talk,86,7,9,VOTE Agent[10]
3,talk,87,7,12,VOTE Agent[10]
3,talk,88,7,13,Over
3,talk,89,7,14,VOTE Agent[12]
3,talk,90,7,1,Skip
3,talk,91,7,10,Over
3,talk,92,7,6,VOTE Agent[03]
3,talk,93,7,2,Over
3,talk,94,7,5,VOTE Agent[03]
3,talk,95,7,3,Over
3,talk,96,8,8,VOTE Agent[10]
3,talk,97,8,13,Over
3,talk,98,8,5,Skip
3,talk,99,8,9,VOTE Agent[10]
3,talk,100,8,2,Over
3,talk,101,8,10,Over
3,talk,102,8,14,VOTE Agent[09]
3,talk,103,8,6,VOTE Agent[10]
3,talk,104,8,12,VOTE Agent[10]
3,talk,105,8,1,Over
3,talk,106,8,3,Over
3,talk,107,8,7,Over
3,talk,108,9,8,Over
3,talk,109,9,14,Over
3,talk,110,9,5,Skip
3,talk,111,9,7,Over
3,talk,112,9,6,Over
3,talk,113,9,12,Over
3,talk,114,9,9,Over
3,talk,115,9,13,Over
3,talk,116,9,3,Over
3,talk,117,9,1,Over
3,talk,118,9,10,Over
3,talk,119,9,2,Over
3,talk,120,10,1,Over
3,talk,121,10,3,Over
3,talk,122,10,13,Over
3,talk,123,10,9,Over
3,talk,124,10,5,Over
3,talk,125,10,2,Over
3,talk,126,10,6,Over
3,talk,127,10,8,Over
3,talk,128,10,14,Over
3,talk,129,10,10,Over
3,talk,130,10,12,Over
3,talk,131,10,7,Over
3,vote,1,3
3,vote,2,5
3,vote,3,5
3,vote,5,3
3,vote,6,10
3,vote,7,3
3,vote,8,3
3,vote,9,10
3,vote,10,3
3,vote,12,3
3,vote,13,5
3,vote,14,12
3,execute,3,WEREWOLF
3,divine,10,5,HUMAN
3,guard,7,5,MEDIUM
3,attackVote,14,5
3,attack,5,false
4,status,1,VILLAGER,ALIVE,TOKU6
4,status,2,VILLAGER,ALIVE,sample_py
4,status,3,WEREWOLF,DEAD,TOKU10
4,status,4,WEREWOLF,DEAD,TOKU4
4,status,5,MEDIUM,ALIVE,TOKU2
4,status,6,VILLAGER,ALIVE,OKAMI
4,status,7,BODYGUARD,ALIVE,Tomato1
4,status,8,VILLAGER,ALIVE,OKAMI
4,status,9,VILLAGER,ALIVE,OKAMI
4,status,10,SEER,ALIVE,sample_py
4,status,11,VILLAGER,DEAD,SampleJava9
4,status,12,VILLAGER,ALIVE,OKAMI
4,status,13,VILLAGER,ALIVE,sample_py
4,status,14,WEREWOLF,ALIVE,HALU
4,status,15,POSSESSED,DEAD,Tomato8
4,talk,0,0,7,VOTE Agent[10]
4,talk,1,0,1,VOTE Agent[14]
4,talk,2,0,13,VOTE Agent[05]
4,talk,3,0,5,IDENTIFIED Agent[03] WEREWOLF
4,talk,4,0,12,VOTE Agent[09]
4,talk,5,0,14,VOTE Agent[07]
4,talk,6,0,2,VOTE Agent[05]
4,talk,7,0,6,VOTE Agent[12]
4,talk,8,0,9,VOTE Agent[12]
4,talk,9,0,8,VOTE Agent[12]
4,talk,10,0,10,DIVINED Agent[05] HUMAN
4,talk,11,1,8,COMINGOUT Agent[08] VILLAGER
4,talk,12,1,9,COMINGOUT Agent[09] VILLAGER
4,talk,13,1,13,Skip
4,talk,14,1,5,VOTE Agent[14]
4,talk,15,1,6,COMINGOUT Agent[06] VILLAGER
4,talk,16,1,2,Skip
4,talk,17,1,1,Skip
4,talk,18,1,7,Skip
4,talk,19,1,12,COMINGOUT Agent[12] VILLAGER
4,talk,20,1,10,VOTE Agent[02]
4,talk,21,1,14,VOTE Agent[12]
4,talk,22,2,12,VOTE Agent[09]
4,talk,23,2,9,VOTE Agent[12]
4,talk,24,2,7,Skip
4,talk,25,2,2,Skip
4,talk,26,2,8,VOTE Agent[12]
4,talk,27,2,5,Skip
4,talk,28,2,14,VOTE Agent[12]
4,talk,29,2,6,VOTE Agent[12]
4,talk,30,2,13,Skip
4,talk,31,2,10,Skip
4,talk,32,2,1,Skip
4,talk,33,3,2,Over
4,talk,34,3,8,VOTE Agent[12]
4,talk,35,3,14,VOTE Agent[07]
4,talk,36,3,6,VOTE Agent[12]
4,talk,37,3,7,Over
4,talk,38,3,1,Over
4,talk,39,3,5,Skip
4,talk,40,3,10,Skip
4,talk,41,3,12,VOTE Agent[09]
4,talk,42,3,9,VOTE Agent[12]
4,talk,43,3,13,Over
4,talk,44,4,9,VOTE Agent[12]
4,talk,45,4,12,VOTE Agent[09]
4,talk,46,4,8,VOTE Agent[12]
4,talk,47,4,2,Over
4,talk,48,4,5,Over
4,talk,49,4,10,Over
4,talk,50,4,14,VOTE Agent[07]
4,talk,51,4,7,Over
4,talk,52,4,6,VOTE Agent[12]
4,talk,53,4,1,Over
4,talk,54,4,13,Over
4,talk,55,5,7,Over
4,talk,56,5,8,VOTE Agent[12]
4,talk,57,5,9,VOTE Agent[12]
4,talk,58,5,2,Over
4,talk,59,5,14,VOTE Agent[02]
4,talk,60,5,13,Over
4,talk,61,5,10,Over
4,talk,62,5,1,Over
4,talk,63,5,12,VOTE Agent[09]
4,talk,64,5,6,VOTE Agent[12]
4,talk,65,5,5,Over
4,talk,66,6,13,Over
4,talk,67,6,2,Over
4,talk,68,6,1,Over
4,talk,69,6,10,Over
4,talk,70,6,12,VOTE Agent[09]
4,talk,71,6,6,VOTE Agent[12]
4,talk,72,6,5,Over
4,talk,73,6,14,VOTE Agent[02]
4,talk,74,6,9,VOTE Agent[12]
4,talk,75,6,7,Over
4,talk,76,6,8,VOTE Agent[12]
4,talk,77,7,6,VOTE Agent[12]
4,talk,78,7,10,Over
4,talk,79,7,13,Over
4,talk,80,7,14,VOTE Agent[07]
4,talk,81,7,8,VOTE Agent[12]
4,talk,82,7,5,Over
4,talk,83,7,7,Over
4,talk,84,7,2,Over
4,talk,85,7,1,Over
4,talk,86,7,12,VOTE Agent[09]
4,talk,87,7,9,VOTE Agent[12]
4,talk,88,8,10,Over
4,talk,89,8,7,Over
4,talk,90,8,14,VOTE Agent[02]
4,talk,91,8,13,Over
4,talk,92,8,6,VOTE Agent[12]
4,talk,93,8,8,VOTE Agent[12]
4,talk,94,8,12,VOTE Agent[09]
4,talk,95,8,1,Over
4,talk,96,8,9,VOTE Agent[12]
4,talk,97,8,5,Over
4,talk,98,8,2,Over
4,talk,99,9,10,Over
4,talk,100,9,7,Over
4,talk,101,9,1,Over
4,talk,102,9,2,Over
4,talk,103,9,13,Over
4,talk,104,9,12,Over
4,talk,105,9,8,Over
4,talk,106,9,9,Over
4,talk,107,9,14,Over
4,talk,108,9,6,Over
4,talk,109,9,5,Over
4,vote,1,14
4,vote,2,5
4,vote,5,14
4,vote,6,12
4,vote,7,10
4,vote,8,12
4,vote,9,12
4,vote,10,2
4,vote,12,9
4,vote,13,5
4,vote,14,2
4,execute,12,VILLAGER
4,divine,10,13,HUMAN
4,guard,7,5,MEDIUM
4,attackVote,14,5
4,attack,5,false
5,status,1,VILLAGER,ALIVE,TOKU6
5,status,2,VILLAGER,ALIVE,sample_py
5,status,3,WEREWOLF,DEAD,TOKU10
5,status,4,WEREWOLF,DEAD,TOKU4
5,status,5,MEDIUM,ALIVE,TOKU2
5,status,6,VILLAGER,ALIVE,OKAMI
5,status,7,BODYGUARD,ALIVE,Tomato1
5,status,8,VILLAGER,ALIVE,OKAMI
5,status,9,VILLAGER,ALIVE,OKAMI
5,status,10,SEER,ALIVE,sample_py
5,status,11,VILLAGER,DEAD,SampleJava9
5,status,12,VILLAGER,DEAD,OKAMI
5,status,13,VILLAGER,ALIVE,sample_py
5,status,14,WEREWOLF,ALIVE,HALU
5,status,15,POSSESSED,DEAD,Tomato8
5,talk,0,0,13,VOTE Agent[05]
5,talk,1,0,1,VOTE Agent[14]
5,talk,2,0,6,VOTE Agent[14]
5,talk,3,0,8,VOTE Agent[14]
5,talk,4,0,7,VOTE Agent[10]
5,talk,5,0,9,VOTE Agent[14]
5,talk,6,0,10,DIVINED Agent[13] HUMAN
5,talk,7,0,2,VOTE Agent[05]
5,talk,8,0,5,IDENTIFIED Agent[12] HUMAN
5,talk,9,0,14,VOTE Agent[02]
5,talk,10,1,13,Skip
5,talk,11,1,6,COMINGOUT Agent[06] VILLAGER
5,talk,12,1,5,Skip
5,talk,13,1,14,VOTE Agent[02]
5,talk,14,1,1,Skip
5,talk,15,1,8,COMINGOUT Agent[08] VILLAGER
5,talk,16,1,10,VOTE Agent[06]
5,talk,17,1,2,Skip
5,talk,18,1,7,Skip
5,talk,19,1,9,COMINGOUT Agent[09] VILLAGER
5,talk,20,2,7,Skip
5,talk,21,2,8,VOTE Agent[06]
5,talk,22,2,6,VOTE Agent[02]
5,talk,23,2,1,Skip
5,talk,24,2,5,Skip
5,talk,25,2,13,Skip
5,talk,26,2,10,Skip
5,talk,27,2,9,VOTE Agent[06]
5,talk,28,2,2,Skip
5,talk,29,2,14,VOTE Agent[07]
5,talk,30,3,2,Over
5,talk,31,3,13,Over
5,talk,32,3,5,Over
5,talk,33,3,8,VOTE Agent[07]
5,talk,34,3,1,Over
5,talk,35,3,6,VOTE Agent[14]
5,talk,36,3,9,VOTE Agent[07]
5,talk,37,3,7,Over
5,talk,38,3,14,VOTE Agent[09]
5,talk,39,3,10,Skip
5,talk,40,4,2,Over
5,talk,41,4,13,Over
5,talk,42,4,10,Over
5,talk,43,4,8,VOTE Agent[09]
5,talk,44,4,6,VOTE Agent[14]
5,talk,45,4,14,VOTE Agent[09]
5,talk,46,4,7,Over
5,talk,47,4,1,Over
5,talk,48,4,5,Over
5,talk,49,4,9,VOTE Agent[06]
5,talk,50,5,2,Over
5,talk,51,5,7,Over
5,talk,52,5,13,Over
5,talk,53,5,10,Over
5,talk,54,5,1,Over
5,talk,55,5,5,Over
5,talk,56,5,9,VOTE Agent[06]
5,talk,57,5,6,VOTE Agent[14]
5,talk,58,5,8,VOTE Agent[14]
5,talk,59,5,14,VOTE Agent[09]
5,talk,60,6,5,Over
5,talk,61,6,1,Over
5,talk,62,6,2,Over
5,talk,63,6,7,Over
5,talk,64,6,13,Over
5,talk,65,6,10,Over
5,talk,66,6,9,VOTE Agent[06]
5,talk,67,6,14,VOTE Agent[09]
5,talk,68,6,8,VOTE Agent[14]
5,talk,69,6,6,VOTE Agent[09]
5,talk,70,7,5,Over
5,talk,71,7,9,VOTE Agent[06]
5,talk,72,7,8,VOTE Agent[09]
5,talk,73,7,7,Over
5,talk,74,7,1,Over
5,talk,75,7,6,VOTE Agent[14]
5,talk,76,7,2,Over
5,talk,77,7,14,VOTE Agent[09]
5,talk,78,7,13,Over
5,talk,79,7,10,Over
5,talk,80,8,2,Over
5,talk,81,8,8,VOTE Agent[14]
5,talk,82,8,6,VOTE Agent[09]
5,talk,83,8,10,Over
5,talk,84,8,5,Over
5,talk,85,8,7,Over
5,talk,86,8,14,VOTE Agent[09]
5,talk,87,8,13,Over
5,talk,88,8,1,Over
5,talk,89,8,9,VOTE Agent[06]
5,talk,90,9,7,Over
5,talk,91,9,2,Over
5,talk,92,9,14,Over
5,talk,93,9,8,Over
5,talk,94,9,13,Over
5,talk,95,9,5,Over
5,talk,96,9,9,Over
5,talk,97,9,1,Over
5,talk,98,9,10,Over
5,talk,99,9,6,Over
5,vote,1,14
5,vote,2,5
5,vote,5,14
5,vote,6,9
5,vote,7,10
5,vote,8,9
5,vote,9,6
5,vote,10,6
5,vote,13,5
5,vote,14,9
5,execute,9,VILLAGER
5,divine,10,6,HUMAN
5,guard,7,5,MEDIUM
5,attackVote,14,5
5,attack,5,false
6,status,1,VILLAGER,ALIVE,TOKU6
6,status,2,VILLAGER,ALIVE,sample_py
6,status,3,WEREWOLF,DEAD,TOKU10
6,status,4,WEREWOLF,DEAD,TOKU4
6,status,5,MEDIUM,ALIVE,TOKU2
6,status,6,VILLAGER,ALIVE,OKAMI
6,status,7,BODYGUARD,ALIVE,Tomato1
6,status,8,VILLAGER,ALIVE,OKAMI
6,status,9,VILLAGER,DEAD,OKAMI
6,status,10,SEER,ALIVE,sample_py
6,status,11,VILLAGER,DEAD,SampleJava9
6,status,12,VILLAGER,DEAD,OKAMI
6,status,13,VILLAGER,ALIVE,sample_py
6,status,14,WEREWOLF,ALIVE,HALU
6,status,15,POSSESSED,DEAD,Tomato8
6,talk,0,0,14,VOTE Agent[06]
6,talk,1,0,5,IDENTIFIED Agent[09] HUMAN
6,talk,2,0,1,VOTE Agent[14]
6,talk,3,0,10,DIVINED Agent[06] HUMAN
6,talk,4,0,6,VOTE Agent[14]
6,talk,5,0,7,VOTE Agent[10]
6,talk,6,0,13,VOTE Agent[05]
6,talk,7,0,8,VOTE Agent[14]
6,talk,8,0,2,VOTE Agent[05]
6,talk,9,1,2,Skip
6,talk,10,1,10,VOTE Agent[02]
6,talk,11,1,13,Skip
6,talk,12,1,7,Skip
6,talk,13,1,8,COMINGOUT Agent[08] VILLAGER
6,talk,14,1,14,VOTE Agent[02]
6,talk,15,1,6,COMINGOUT Agent[06] VILLAGER
6,talk,16,1,1,Skip
6,talk,17,1,5,Skip
6,talk,18,2,13,Skip
6,talk,19,2,8,VOTE Agent[14]
6,talk,20,2,1,Skip
6,talk,21,2,7,Skip
6,talk,22,2,6,VOTE Agent[14]
6,talk,23,2,10,Skip
6,talk,24,2,5,Skip
6,talk,25,2,2,Skip
6,talk,26,2,14,VOTE Agent[02]
6,talk,27,3,1,Over
6,talk,28,3,6,VOTE Agent[02]
6,talk,29,3,13,Over
6,talk,30,3,10,Skip
6,talk,31,3,14,VOTE Agent[07]
6,talk,32,3,2,Over
6,talk,33,3,5,Over
6,talk,34,3,8,VOTE Agent[14]
6,talk,35,3,7,Over
6,talk,36,4,7,Over
6,talk,37,4,6,VOTE Agent[02]
6,talk,38,4,2,Over
6,talk,39,4,14,VOTE Agent[02]
6,talk,40,4,1,Over
6,talk,41,4,5,Over
6,talk,42,4,8,VOTE Agent[14]
6,talk,43,4,13,Over
6,talk,44,4,10,Over
6,talk,45,5,1,Over
6,talk,46,5,2,Over
6,talk,47,5,14,VOTE Agent[02]
6,talk,48,5,6,VOTE Agent[14]
6,talk,49,5,10,Over
6,talk,50,5,5,Over
6,talk,51,5,8,VOTE Agent[02]
6,talk,52,5,13,Over
6,talk,53,5,7,Over
6,talk,54,6,6,VOTE Agent[14]
6,talk,55,6,14,VOTE Agent[07]
6,talk,56,6,10,Over
6,talk,57,6,8,VOTE Agent[02]
6,talk,58,6,1,Over
6,talk,59,6,13,Over
6,talk,60,6,5,Over
6,talk,61,6,7,Over
6,talk,62,6,2,Over
6,talk,63,7,6,VOTE Agent[07]
6,talk,64,7,2,Over
6,talk,65,7,1,Over
6,talk,66,7,10,Over
6,talk,67,7,8,VOTE Agent[14]
6,talk,68,7,5,Over
6,talk,69,7,14,VOTE Agent[07]
6,talk,70,7,7,Over
6,talk,71,7,13,Over
6,talk,72,8,14,VOTE Agent[07]
6,talk,73,8,6,VOTE Agent[02]
6,talk,74,8,5,Over
6,talk,75,8,7,Over
6,talk,76,8,1,Over
6,talk,77,8,2,Over
6,talk,78,8,10,Over
6,talk,79,8,13,Over
6,talk,80,8,8,VOTE Agent[07]
6,talk,81,9,13,Over
6,talk,82,9,8,Over
6,talk,83,9,6,Over
6,talk,84,9,7,Over
6,talk,85,9,5,Over
6,talk,86,9,10,Over
6,talk,87,9,2,Over
6,talk,88,9,14,Over
6,talk,89,9,1,Over
6,vote,1,14
6,vote,2,5
6,vote,5,14
6,vote,6,2
6,vote,7,10
6,vote,8,7
6,vote,10,2
6,vote,13,5
6,vote,14,7
6,vote,1,14
6,vote,2,5
6,vote,5,14
6,vote,6,14
6,vote,7,10
6,vote,8,14
6,vote,10,2
6,vote,13,5
6,vote,14,7
6,execute,14,WEREWOLF
6,guard,7,5,MEDIUM
7,status,1,VILLAGER,ALIVE,TOKU6
7,status,2,VILLAGER,ALIVE,sample_py
7,status,3,WEREWOLF,DEAD,TOKU10
7,status,4,WEREWOLF,DEAD,TOKU4
7,status,5,MEDIUM,ALIVE,TOKU2
7,status,6,VILLAGER,ALIVE,OKAMI
7,status,7,BODYGUARD,ALIVE,Tomato1
7,status,8,VILLAGER,ALIVE,OKAMI
7,status,9,VILLAGER,DEAD,OKAMI
7,status,10,SEER,ALIVE,sample_py
7,status,11,VILLAGER,DEAD,SampleJava9
7,status,12,VILLAGER,DEAD,OKAMI
7,status,13,VILLAGER,ALIVE,sample_py
7,status,14,WEREWOLF,DEAD,HALU
7,status,15,POSSESSED,DEAD,Tomato8
7,result,8,0,VILLAGER
