0,status,1,MEDIUM,ALIVE,sample_py
0,status,2,VILLAGER,ALIVE,Takeda10
0,status,3,VILLAGER,ALIVE,Tomato3
0,status,4,VILLAGER,ALIVE,Takeda0
0,status,5,WEREWOLF,ALIVE,TOKU11
0,status,6,WEREWOLF,ALIVE,sample_py
0,status,7,VILLAGER,ALIVE,sample_py
0,status,8,VILLAGER,ALIVE,Tomato12
0,status,9,VILLAGER,ALIVE,Takeda14
0,status,10,POSSESSED,ALIVE,SampleJava8
0,status,11,VILLAGER,ALIVE,SampleJava6
0,status,12,SEER,ALIVE,TOKU2
0,status,13,WEREWOLF,ALIVE,Tomato13
0,status,14,VILLAGER,ALIVE,Takeda1
0,status,15,BODYGUARD,ALIVE,SampleJava4
0,whisper,0,0,13,COMINGOUT Agent[13] VILLAGER
0,whisper,1,0,5,Skip
0,whisper,2,0,6,COMINGOUT Agent[06] SEER
0,whisper,3,1,6,COMINGOUT Agent[06] SEER
0,whisper,4,1,5,Skip
0,whisper,5,1,13,Skip
0,whisper,6,2,5,Over
0,whisper,7,2,13,Skip
0,whisper,8,2,6,COMINGOUT Agent[06] SEER
0,whisper,9,3,13,Over
0,whisper,10,3,6,COMINGOUT Agent[06] SEER
0,whisper,11,3,5,Over
0,whisper,12,4,5,Over
0,whisper,13,4,6,COMINGOUT Agent[06] SEER
0,whisper,14,4,13,Over
0,whisper,15,5,13,Over
0,whisper,16,5,5,Over
0,whisper,17,5,6,COMINGOUT Agent[06] SEER
0,whisper,18,6,5,Over
0,whisper,19,6,13,Over
0,whisper,20,6,6,COMINGOUT Agent[06] SEER
0,whisper,21,7,5,Over
0,whisper,22,7,6,COMINGOUT Agent[06] SEER
0,whisper,23,7,13,Over
0,whisper,24,8,6,COMINGOUT Agent[06] SEER
0,whisper,25,8,13,Over
0,whisper,26,8,5,Over
0,whisper,27,9,6,COMINGOUT Agent[06] SEER
0,whisper,28,9,5,Over
0,whisper,29,9,13,Over
0,whisper,30,10,6,Over
0,whisper,31,10,5,Over
0,whisper,32,10,13,Over
0,divine,12,1,HUMAN
1,status,1,MEDIUM,ALIVE,sample_py
1,status,2,VILLAGER,ALIVE,Takeda10
1,status,3,VILLAGER,ALIVE,Tomato3
1,status,4,VILLAGER,ALIVE,Takeda0
1,status,5,WEREWOLF,ALIVE,TOKU11
1,status,6,WEREWOLF,ALIVE,sample_py
1,status,7,VILLAGER,ALIVE,sample_py
1,status,8,VILLAGER,ALIVE,Tomato12
1,status,9,VILLAGER,ALIVE,Takeda14
1,status,10,POSSESSED,ALIVE,SampleJava8
1,status,11,VILLAGER,ALIVE,SampleJava6
1,status,12,SEER,ALIVE,TOKU2
1,status,13,WEREWOLF,ALIVE,Tomato13
1,status,14,VILLAGER,ALIVE,Takeda1
1,status,15,BODYGUARD,ALIVE,SampleJava4
1,talk,0,0,2,VOTE Agent[12]
1,talk,1,0,1,VOTE Agent[09]
1,talk,2,0,8,VOTE Agent[09]
1,talk,3,0,5,VOTE Agent[09]
1,talk,4,0,7,VOTE Agent[10]
1,talk,5,0,4,VOTE Agent[09]
1,talk,6,0,6,COMINGOUT Agent[06] SEER
1,talk,7,0,11,VOTE Agent[01]
1,talk,8,0,9,VOTE Agent[12]
1,talk,9,0,15,VOTE Agent[07]
1,talk,10,0,10,COMINGOUT Agent[10] SEER
1,talk,11,0,3,VOTE Agent[09]
1,talk,12,0,12,COMINGOUT Agent[12] SEER
1,talk,13,0,14,VOTE Agent[10]
1,talk,14,0,13,VOTE Agent[09]
1,talk,15,1,10,DAY 1 (DIVINED Agent[06] WEREWOLF)
1,talk,16,1,6,DIVINED Agent[01] HUMAN
1,talk,17,1,1,Skip
1,talk,18,1,8,Skip
1,talk,19,1,14,Skip
1,talk,20,1,3,Skip
1,talk,21,1,12,DIVINED Agent[01] HUMAN
1,talk,22,1,5,Skip
1,talk,23,1,13,Skip
1,talk,24,1,11,REQUEST ANY (VOTE Agent[01])
1,talk,25,1,9,Skip
1,talk,26,1,4,VOTE Agent[10]
1,talk,27,1,2,VOTE Agent[10]
1,talk,28,1,7,Skip
1,talk,29,1,15,REQUEST ANY (VOTE Agent[07])
1,talk,30,2,13,Skip
1,talk,31,2,8,Skip
1,talk,32,2,5,VOTE Agent[10]
1,talk,33,2,2,Skip
1,talk,34,2,11,Skip
1,talk,35,2,3,VOTE Agent[10]
1,talk,36,2,4,Skip
1,talk,37,2,14,Skip
1,talk,38,2,6,VOTE Agent[12]
1,talk,39,2,10,DIVINED Agent[06] WEREWOLF
1,talk,40,2,12,VOTE Agent[10]
1,talk,41,2,9,VOTE Agent[10]
1,talk,42,2,7,VOTE Agent[06]
1,talk,43,2,1,VOTE Agent[06]
1,talk,44,2,15,Skip
1,talk,45,3,2,VOTE Agent[09]
1,talk,46,3,8,VOTE Agent[06]
1,talk,47,3,14,Over
1,talk,48,3,11,Skip
1,talk,49,3,12,VOTE Agent[10]
1,talk,50,3,6,Skip
1,talk,51,3,10,BECAUSE (DAY 1 (DIVINED Agent[06] WEREWOLF)) (AND (VOTE Agent[06]) (REQUEST ANY (VOTE Agent[06])))
1,talk,52,3,13,VOTE Agent[10]
1,talk,53,3,9,Skip
1,talk,54,3,1,Skip
1,talk,55,3,7,Skip
1,talk,56,3,3,VOTE Agent[06]
1,talk,57,3,5,VOTE Agent[09]
1,talk,58,3,15,Skip
1,talk,59,3,4,Skip
1,talk,60,4,1,Skip
1,talk,61,4,3,Skip
1,talk,62,4,14,Over
1,talk,63,4,9,VOTE Agent[03]
1,talk,64,4,5,Skip
1,talk,65,4,10,VOTE Agent[06]
1,talk,66,4,2,Skip
1,talk,67,4,12,VOTE Agent[10]
1,talk,68,4,4,Over
1,talk,69,4,11,Over
1,talk,70,4,13,VOTE Agent[06]
1,talk,71,4,8,Skip
1,talk,72,4,15,Over
1,talk,73,4,6,Skip
1,talk,74,4,7,Skip
1,talk,75,5,9,Skip
1,talk,76,5,3,Skip
1,talk,77,5,11,Over
1,talk,78,5,15,Over
1,talk,79,5,10,REQUEST ANY (VOTE Agent[06])
1,talk,80,5,14,Over
1,talk,81,5,4,Over
1,talk,82,5,8,Skip
1,talk,83,5,2,Skip
1,talk,84,5,13,Skip
1,talk,85,5,5,Skip
1,talk,86,5,6,Over
1,talk,87,5,7,Over
1,talk,88,5,1,Over
1,talk,89,5,12,VOTE Agent[10]
1,talk,90,6,7,Over
1,talk,91,6,6,Over
1,talk,92,6,12,VOTE Agent[10]
1,talk,93,6,4,Over
1,talk,94,6,9,VOTE Agent[10]
1,talk,95,6,1,Over
1,talk,96,6,13,Skip
1,talk,97,6,8,Over
1,talk,98,6,14,Over
1,talk,99,6,5,Over
1,talk,100,6,3,Over
1,talk,101,6,2,Over
1,talk,102,6,15,Over
1,talk,103,6,11,Over
1,talk,104,6,10,Skip
1,talk,105,7,4,Over
1,talk,106,7,11,Over
1,talk,107,7,9,Skip
1,talk,108,7,5,Over
1,talk,109,7,8,Over
1,talk,110,7,13,Over
1,talk,111,7,10,Skip
1,talk,112,7,14,Over
1,talk,113,7,15,Over
1,talk,114,7,3,Over
1,talk,115,7,6,Over
1,talk,116,7,1,Over
1,talk,117,7,2,Over
1,talk,118,7,12,VOTE Agent[10]
1,talk,119,7,7,Over
1,talk,120,8,8,Over
1,talk,121,8,5,Over
1,talk,122,8,6,Over
1,talk,123,8,4,Over
1,talk,124,8,11,Over
1,talk,125,8,14,Over
1,talk,126,8,3,Over
1,talk,127,8,13,Over
1,talk,128,8,9,Skip
1,talk,129,8,2,Over
1,talk,130,8,15,Over
1,talk,131,8,7,Over
1,talk,132,8,1,Over
1,talk,133,8,12,VOTE Agent[10]
1,talk,134,8,10,Over
1,talk,135,9,7,Over
1,talk,136,9,5,Over
1,talk,137,9,4,Over
1,talk,138,9,1,Over
1,talk,139,9,11,Over
1,talk,140,9,14,Over
1,talk,141,9,13,Over
1,talk,142,9,15,Over
1,talk,143,9,8,Over
1,talk,144,9,6,Over
1,talk,145,9,3,Over
1,talk,146,9,10,Over
1,talk,147,9,2,Over
1,talk,148,9,12,VOTE Agent[10]
1,talk,149,9,9,Over
1,talk,150,10,12,Over
1,talk,151,10,10,Over
1,talk,152,10,4,Over
1,talk,153,10,15,Over
1,talk,154,10,6,Over
1,talk,155,10,5,Over
1,talk,156,10,11,Over
1,talk,157,10,13,Over
1,talk,158,10,14,Over
1,talk,159,10,9,Over
1,talk,160,10,7,Over
1,talk,161,10,8,Over
1,talk,162,10,1,Over
1,talk,163,10,2,Over
1,talk,164,10,3,Over
1,vote,1,6
1,vote,2,10
1,vote,3,6
1,vote,4,10
1,vote,5,9
1,vote,6,12
1,vote,7,6
1,vote,8,6
1,vote,9,10
1,vote,10,6
1,vote,11,6
1,vote,12,10
1,vote,13,6
1,vote,14,10
1,vote,15,1
1,execute,6,WEREWOLF
1,divine,12,10,HUMAN
1,whisper,0,0,5,Skip
1,whisper,1,0,13,ATTACK Agent[12]
1,whisper,2,1,13,Skip
1,whisper,3,1,5,Skip
1,whisper,4,2,5,Over
1,whisper,5,2,13,Skip
1,whisper,6,3,13,Over
1,whisper,7,3,5,Over
1,guard,15,12,SEER
1,attackVote,5,12
1,attackVote,13,12
1,attack,12,false
2,status,1,MEDIUM,ALIVE,sample_py
2,status,2,VILLAGER,ALIVE,Takeda10
2,status,3,VILLAGER,ALIVE,Tomato3
2,status,4,VILLAGER,ALIVE,Takeda0
2,status,5,WEREWOLF,ALIVE,TOKU11
2,status,6,WEREWOLF,DEAD,sample_py
2,status,7,VILLAGER,ALIVE,sample_py
2,status,8,VILLAGER,ALIVE,Tomato12
2,status,9,VILLAGER,ALIVE,Takeda14
2,status,10,POSSESSED,ALIVE,SampleJava8
2,status,11,VILLAGER,ALIVE,SampleJava6
2,status,12,SEER,ALIVE,TOKU2
2,status,13,WEREWOLF,ALIVE,Tomato13
2,status,14,VILLAGER,ALIVE,Takeda1
2,status,15,BODYGUARD,ALIVE,SampleJava4
2,talk,0,0,10,DAY 2 (DIVINED Agent[05] HUMAN)
2,talk,1,0,13,VOTE Agent[08]
2,talk,2,0,9,VOTE Agent[10]
2,talk,3,0,12,DIVINED Agent[10] HUMAN
2,talk,4,0,4,VOTE Agent[10]
2,talk,5,0,3,VOTE Agent[10]
2,talk,6,0,5,VOTE Agent[09]
2,talk,7,0,1,COMINGOUT Agent[01] MEDIUM
2,talk,8,0,11,VOTE Agent[09]
2,talk,9,0,2,VOTE Agent[10]
2,talk,10,0,8,VOTE Agent[10]
2,talk,11,0,14,VOTE Agent[10]
2,talk,12,0,15,VOTE Agent[03]
2,talk,13,0,7,VOTE Agent[14]
2,talk,14,1,9,VOTE Agent[12]
2,talk,15,1,15,REQUEST ANY (VOTE Agent[03])
2,talk,16,1,14,VOTE Agent[12]
2,talk,17,1,5,Skip
2,talk,18,1,11,REQUEST ANY (VOTE Agent[09])
2,talk,19,1,8,Skip
2,talk,20,1,3,Skip
2,talk,21,1,1,IDENTIFIED Agent[06] WEREWOLF
2,talk,22,1,12,VOTE Agent[09]
2,talk,23,1,10,DIVINED Agent[05] HUMAN
2,talk,24,1,4,VOTE Agent[05]
2,talk,25,1,13,VOTE Agent[10]
2,talk,26,1,7,Skip
2,talk,27,1,2,VOTE Agent[09]
2,talk,28,2,4,VOTE Agent[09]
2,talk,29,2,2,Skip
2,talk,30,2,9,VOTE Agent[05]
2,talk,31,2,7,Skip
2,talk,32,2,10,BECAUSE (AND (COMINGOUT Agent[10] SEER) (Agent[12] COMINGOUT Agent[12] SEER)) (XOR (ESTIMATE Agent[12] WEREWOLF) (ESTIMATE Agent[12] POSSESSED))
2,talk,33,2,14,VOTE Agent[09]
2,talk,34,2,11,Skip
2,talk,35,2,1,VOTE Agent[14]
2,talk,36,2,13,VOTE Agent[09]
2,talk,37,2,8,VOTE Agent[09]
2,talk,38,2,3,VOTE Agent[09]
2,talk,39,2,15,Skip
2,talk,40,2,5,Skip
2,talk,41,2,12,VOTE Agent[09]
2,talk,42,3,8,Skip
2,talk,43,3,10,BECAUSE (XOR (ESTIMATE Agent[12] WEREWOLF) (ESTIMATE Agent[12] POSSESSED)) (AND (VOTE Agent[12]) (REQUEST ANY (VOTE Agent[12])))
2,talk,44,3,2,Skip
2,talk,45,3,4,Skip
2,talk,46,3,11,Skip
2,talk,47,3,3,Skip
2,talk,48,3,13,Skip
2,talk,49,3,7,Over
2,talk,50,3,1,Skip
2,talk,51,3,15,Skip
2,talk,52,3,9,VOTE Agent[02]
2,talk,53,3,5,Over
2,talk,54,3,14,Skip
2,talk,55,3,12,VOTE Agent[09]
2,talk,56,4,7,Over
2,talk,57,4,12,VOTE Agent[09]
2,talk,58,4,10,VOTE Agent[12]
2,talk,59,4,4,Skip
2,talk,60,4,1,Skip
2,talk,61,4,14,Skip
2,talk,62,4,3,Skip
2,talk,63,4,2,Over
2,talk,64,4,9,VOTE Agent[03]
2,talk,65,4,5,Over
2,talk,66,4,13,Skip
2,talk,67,4,15,Over
2,talk,68,4,11,Over
2,talk,69,4,8,Skip
2,talk,70,5,14,Over
2,talk,71,5,3,Over
2,talk,72,5,12,VOTE Agent[09]
2,talk,73,5,1,Over
2,talk,74,5,11,Over
2,talk,75,5,8,Over
2,talk,76,5,13,Over
2,talk,77,5,15,Over
2,talk,78,5,10,REQUEST ANY (VOTE Agent[12])
2,talk,79,5,9,VOTE Agent[03]
2,talk,80,5,7,Over
2,talk,81,5,5,Over
2,talk,82,5,2,Over
2,talk,83,5,4,Over
2,talk,84,6,3,Over
2,talk,85,6,11,Over
2,talk,86,6,15,Over
2,talk,87,6,2,Over
2,talk,88,6,5,Over
2,talk,89,6,12,VOTE Agent[09]
2,talk,90,6,4,Over
2,talk,91,6,7,Over
2,talk,92,6,1,Over
2,talk,93,6,10,Skip
2,talk,94,6,14,Over
2,talk,95,6,8,Over
2,talk,96,6,9,VOTE Agent[03]
2,talk,97,6,13,Over
2,talk,98,7,7,Over
2,talk,99,7,13,Over
2,talk,100,7,11,Over
2,talk,101,7,14,Over
2,talk,102,7,15,Over
2,talk,103,7,12,VOTE Agent[09]
2,talk,104,7,9,VOTE Agent[03]
2,talk,105,7,1,Over
2,talk,106,7,2,Over
2,talk,107,7,5,Over
2,talk,108,7,8,Over
2,talk,109,7,10,Skip
2,talk,110,7,4,Over
2,talk,111,7,3,Over
2,talk,112,8,4,Over
2,talk,113,8,3,Over
2,talk,114,8,10,Over
2,talk,115,8,5,Over
2,talk,116,8,7,Over
2,talk,117,8,13,Over
2,talk,118,8,1,Over
2,talk,119,8,11,Over
2,talk,120,8,2,Over
2,talk,121,8,8,Over
2,talk,122,8,15,Over
2,talk,123,8,14,Over
2,talk,124,8,12,VOTE Agent[09]
2,talk,125,8,9,VOTE Agent[03]
2,talk,126,9,1,Over
2,talk,127,9,3,Over
2,talk,128,9,15,Over
2,talk,129,9,8,Over
2,talk,130,9,10,Over
2,talk,131,9,11,Over
2,talk,132,9,5,Over
2,talk,133,9,14,Over
2,talk,134,9,4,Over
2,talk,135,9,13,Over
2,talk,136,9,12,VOTE Agent[09]
2,talk,137,9,7,Over
2,talk,138,9,9,VOTE Agent[03]
2,talk,139,9,2,Over
2,talk,140,10,8,Over
2,talk,141,10,4,Over
2,talk,142,10,10,Over
2,talk,143,10,15,Over
2,talk,144,10,1,Over
2,talk,145,10,11,Over
2,talk,146,10,14,Over
2,talk,147,10,12,Over
2,talk,148,10,13,Over
2,talk,149,10,9,Over
2,talk,150,10,5,Over
2,talk,151,10,3,Over
2,talk,152,10,2,Over
2,talk,153,10,7,Over
2,vote,1,14
2,vote,2,9
2,vote,3,9
2,vote,4,9
2,vote,5,9
2,vote,7,14
2,vote,8,9
2,vote,9,3
2,vote,10,12
2,vote,11,12
2,vote,12,9
2,vote,13,9
2,vote,14,9
2,vote,15,9
2,execute,9,VILLAGER
2,divine,12,5,WEREWOLF
2,whisper,0,0,13,ATTACK Agent[01]
2,whisper,1,0,5,Skip
2,whisper,2,1,5,Skip
2,whisper,3,1,13,Skip
2,whisper,4,2,5,Over
2,whisper,5,2,13,Skip
2,whisper,6,3,5,Over
2,whisper,7,3,13,Over
2,guard,15,12,SEER
2,attackVote,5,12
2,attackVote,13,1
2,attackVote,5,12
2,attackVote,13,1
2,attack,1,true
3,status,1,MEDIUM,DEAD,sample_py
3,status,2,VILLAGER,ALIVE,Takeda10
3,status,3,VILLAGER,ALIVE,Tomato3
3,status,4,VILLAGER,ALIVE,Takeda0
3,status,5,WEREWOLF,ALIVE,TOKU11
3,status,6,WEREWOLF,DEAD,sample_py
3,status,7,VILLAGER,ALIVE,sample_py
3,status,8,VILLAGER,ALIVE,Tomato12
3,status,9,VILLAGER,DEAD,Takeda14
3,status,10,POSSESSED,ALIVE,SampleJava8
3,status,11,VILLAGER,ALIVE,SampleJava6
3,status,12,SEER,ALIVE,TOKU2
3,status,13,WEREWOLF,ALIVE,Tomato13
3,status,14,VILLAGER,ALIVE,Takeda1
3,status,15,BODYGUARD,ALIVE,SampleJava4
3,talk,0,0,11,VOTE Agent[13]
3,talk,1,0,5,VOTE Agent[03]
3,talk,2,0,2,VOTE Agent[03]
3,talk,3,0,13,VOTE Agent[03]
3,talk,4,0,14,VOTE Agent[03]
3,talk,5,0,4,VOTE Agent[03]
3,talk,6,0,8,VOTE Agent[10]
3,talk,7,0,7,VOTE Agent[03]
3,talk,8,0,15,VOTE Agent[13]
3,talk,9,0,3,VOTE Agent[10]
3,talk,10,0,10,DAY 3 (DIVINED Agent[07] HUMAN)
3,talk,11,0,12,DIVINED Agent[05] WEREWOLF
3,talk,12,1,10,DIVINED Agent[07] HUMAN
3,talk,13,1,2,Skip
3,talk,14,1,5,Skip
3,talk,15,1,8,Skip
3,talk,16,1,12,VOTE Agent[05]
3,talk,17,1,11,REQUEST ANY (VOTE Agent[13])
3,talk,18,1,15,REQUEST ANY (VOTE Agent[13])
3,talk,19,1,3,Skip
3,talk,20,1,4,Skip
3,talk,21,1,14,Skip
3,talk,22,1,13,Skip
3,talk,23,1,7,VOTE Agent[05]
3,talk,24,2,15,Skip
3,talk,25,2,5,VOTE Agent[04]
3,talk,26,2,2,VOTE Agent[04]
3,talk,27,2,4,Skip
3,talk,28,2,11,Skip
3,talk,29,2,3,Skip
3,talk,30,2,12,VOTE Agent[05]
3,talk,31,2,10,BECAUSE (AND (COMINGOUT Agent[10] SEER) (Agent[12] COMINGOUT Agent[12] SEER)) (XOR (ESTIMATE Agent[12] WEREWOLF) (ESTIMATE Agent[12] POSSESSED))
3,talk,32,2,13,VOTE Agent[10]
3,talk,33,2,7,Skip
3,talk,34,2,14,VOTE Agent[04]
3,talk,35,2,8,Skip
3,talk,36,3,4,Over
3,talk,37,3,15,Skip
3,talk,38,3,8,Over
3,talk,39,3,7,Skip
3,talk,40,3,11,Skip
3,talk,41,3,2,Skip
3,talk,42,3,3,Over
3,talk,43,3,12,VOTE Agent[05]
3,talk,44,3,13,VOTE Agent[04]
3,talk,45,3,14,Skip
3,talk,46,3,10,BECAUSE (XOR (ESTIMATE Agent[12] WEREWOLF) (ESTIMATE Agent[12] POSSESSED)) (AND (VOTE Agent[12]) (REQUEST ANY (VOTE Agent[12])))
3,talk,47,3,5,Skip
3,talk,48,4,10,VOTE Agent[12]
3,talk,49,4,2,Skip
3,talk,50,4,8,Over
3,talk,51,4,14,Skip
3,talk,52,4,11,Over
3,talk,53,4,12,VOTE Agent[05]
3,talk,54,4,3,Over
3,talk,55,4,13,Skip
3,talk,56,4,5,Skip
3,talk,57,4,7,Over
3,talk,58,4,15,Over
3,talk,59,4,4,Over
3,talk,60,5,5,Over
3,talk,61,5,7,Over
3,talk,62,5,3,Over
3,talk,63,5,10,REQUEST ANY (VOTE Agent[12])
3,talk,64,5,8,Over
3,talk,65,5,2,Over
3,talk,66,5,14,Over
3,talk,67,5,4,Over
3,talk,68,5,13,Skip
3,talk,69,5,15,Over
3,talk,70,5,12,VOTE Agent[05]
3,talk,71,5,11,Over
3,talk,72,6,7,Over
3,talk,73,6,10,Skip
3,talk,74,6,3,Over
3,talk,75,6,15,Over
3,talk,76,6,11,Over
3,talk,77,6,4,Over
3,talk,78,6,8,Over
3,talk,79,6,13,Over
3,talk,80,6,2,Over
3,talk,81,6,12,VOTE Agent[05]
3,talk,82,6,14,Over
3,talk,83,6,5,Over
3,talk,84,7,15,Over
3,talk,85,7,2,Over
3,talk,86,7,3,Over
3,talk,87,7,12,VOTE Agent[05]
3,talk,88,7,13,Over
3,talk,89,7,7,Over
3,talk,90,7,14,Over
3,talk,91,7,11,Over
3,talk,92,7,4,Over
3,talk,93,7,8,Over
3,talk,94,7,10,Skip
3,talk,95,7,5,Over
3,talk,96,8,12,VOTE Agent[05]
3,talk,97,8,3,Over
3,talk,98,8,15,Over
3,talk,99,8,4,Over
3,talk,100,8,13,Over
3,talk,101,8,11,Over
3,talk,102,8,10,Over
3,talk,103,8,2,Over
3,talk,104,8,14,Over
3,talk,105,8,7,Over
3,talk,106,8,5,Over
3,talk,107,8,8,Over
3,talk,108,9,5,Over
3,talk,109,9,4,Over
3,talk,110,9,3,Over
3,talk,111,9,12,VOTE Agent[05]
3,talk,112,9,14,Over
3,talk,113,9,8,Over
3,talk,114,9,11,Over
3,talk,115,9,10,Over
3,talk,116,9,13,Over
3,talk,117,9,2,Over
3,talk,118,9,7,Over
3,talk,119,9,15,Over
3,talk,120,10,2,Over
3,talk,121,10,4,Over
3,talk,122,10,5,Over
3,talk,123,10,11,Over
3,talk,124,10,14,Over
3,talk,125,10,8,Over
3,talk,126,10,10,Over
3,talk,127,10,12,Over
3,talk,128,10,13,Over
3,talk,129,10,7,Over
3,talk,130,10,15,Over
3,talk,131,10,3,Over
3,vote,2,4
3,vote,3,10
3,vote,4,3
3,vote,5,4
3,vote,7,5
3,vote,8,10
3,vote,10,12
3,vote,11,13
3,vote,12,5
3,vote,13,4
3,vote,14,4
3,vote,15,13
3,execute,4,VILLAGER
3,divine,12,3,HUMAN
3,whisper,0,0,5,Skip
3,whisper,1,0,13,ATTACK Agent[12]
3,whisper,2,1,5,Skip
3,whisper,3,1,13,Skip
3,whisper,4,2,13,Skip
3,whisper,5,2,5,Over
3,whisper,6,3,13,Over
3,whisper,7,3,5,Over
3,guard,15,12,SEER
3,attackVote,5,12
3,attackVote,13,12
3,attack,12,false
4,status,1,MEDIUM,DEAD,sample_py
4,status,2,VILLAGER,ALIVE,Takeda10
4,status,3,VILLAGER,ALIVE,Tomato3
4,status,4,VILLAGER,DEAD,Takeda0
4,status,5,WEREWOLF,ALIVE,TOKU11
4,status,6,WEREWOLF,DEAD,sample_py
4,status,7,VILLAGER,ALIVE,sample_py
4,status,8,VILLAGER,ALIVE,Tomato12
4,status,9,VILLAGER,DEAD,Takeda14
4,status,10,POSSESSED,ALIVE,SampleJava8
4,status,11,VILLAGER,ALIVE,SampleJava6
4,status,12,SEER,ALIVE,TOKU2
4,status,13,WEREWOLF,ALIVE,Tomato13
4,status,14,VILLAGER,ALIVE,Takeda1
4,status,15,BODYGUARD,ALIVE,SampleJava4
4,talk,0,0,8,VOTE Agent[10]
4,talk,1,0,2,VOTE Agent[03]
4,talk,2,0,15,VOTE Agent[13]
4,talk,3,0,12,DIVINED Agent[03] HUMAN
4,talk,4,0,5,VOTE Agent[03]
4,talk,5,0,14,VOTE Agent[03]
4,talk,6,0,3,VOTE Agent[10]
4,talk,7,0,11,VOTE Agent[10]
4,talk,8,0,10,DAY 4 (DIVINED Agent[13] HUMAN)
4,talk,9,0,7,VOTE Agent[05]
4,talk,10,0,13,VOTE Agent[03]
4,talk,11,1,15,REQUEST ANY (VOTE Agent[13])
4,talk,12,1,10,DIVINED Agent[13] HUMAN
4,talk,13,1,8,Skip
4,talk,14,1,12,VOTE Agent[05]
4,talk,15,1,7,Skip
4,talk,16,1,13,Skip
4,talk,17,1,2,Skip
4,talk,18,1,11,REQUEST ANY (VOTE Agent[10])
4,talk,19,1,14,Skip
4,talk,20,1,3,Skip
4,talk,21,1,5,Skip
4,talk,22,2,14,Skip
4,talk,23,2,13,Skip
4,talk,24,2,10,BECAUSE (AND (COMINGOUT Agent[10] SEER) (Agent[12] COMINGOUT Agent[12] SEER)) (XOR (ESTIMATE Agent[12] WEREWOLF) (ESTIMATE Agent[12] POSSESSED))
4,talk,25,2,3,Skip
4,talk,26,2,12,VOTE Agent[05]
4,talk,27,2,15,Skip
4,talk,28,2,2,Skip
4,talk,29,2,7,Skip
4,talk,30,2,8,Skip
4,talk,31,2,11,Skip
4,talk,32,2,5,Skip
4,talk,33,3,5,Over
4,talk,34,3,8,Over
4,talk,35,3,15,Skip
4,talk,36,3,11,Skip
4,talk,37,3,3,Over
4,talk,38,3,2,Over
4,talk,39,3,13,Over
4,talk,40,3,7,Over
4,talk,41,3,12,VOTE Agent[05]
4,talk,42,3,14,Over
4,talk,43,3,10,BECAUSE (XOR (ESTIMATE Agent[12] WEREWOLF) (ESTIMATE Agent[12] POSSESSED)) (AND (VOTE Agent[12]) (REQUEST ANY (VOTE Agent[12])))
4,talk,44,4,15,Over
4,talk,45,4,3,Over
4,talk,46,4,5,Over
4,talk,47,4,10,VOTE Agent[12]
4,talk,48,4,2,Over
4,talk,49,4,13,Over
4,talk,50,4,14,Over
4,talk,51,4,12,VOTE Agent[05]
4,talk,52,4,8,Over
4,talk,53,4,11,Over
4,talk,54,4,7,Over
4,talk,55,5,13,VOTE Agent[10]
4,talk,56,5,12,VOTE Agent[05]
4,talk,57,5,3,Over
4,talk,58,5,5,Over
4,talk,59,5,14,Over
4,talk,60,5,11,Over
4,talk,61,5,10,REQUEST ANY (VOTE Agent[12])
4,talk,62,5,15,Over
4,talk,63,5,7,Over
4,talk,64,5,2,Over
4,talk,65,5,8,Over
4,talk,66,6,13,Skip
4,talk,67,6,11,Over
4,talk,68,6,5,Over
4,talk,69,6,3,Over
4,talk,70,6,10,Skip
4,talk,71,6,8,Over
4,talk,72,6,12,VOTE Agent[05]
4,talk,73,6,15,Over
4,talk,74,6,7,Over
4,talk,75,6,14,Over
4,talk,76,6,2,Over
4,talk,77,7,14,Over
4,talk,78,7,7,Over
4,talk,79,7,2,Over
4,talk,80,7,5,Over
4,talk,81,7,13,Skip
4,talk,82,7,8,Over
4,talk,83,7,15,Over
4,talk,84,7,3,Over
4,talk,85,7,12,VOTE Agent[05]
4,talk,86,7,11,Over
4,talk,87,7,10,Skip
4,talk,88,8,7,Over
4,talk,89,8,15,Over
4,talk,90,8,14,Over
4,talk,91,8,5,Over
4,talk,92,8,2,Over
4,talk,93,8,10,Over
4,talk,94,8,8,Over
4,talk,95,8,11,Over
4,talk,96,8,3,Over
4,talk,97,8,13,Over
4,talk,98,8,12,VOTE Agent[05]
4,talk,99,9,10,Over
4,talk,100,9,3,Over
4,talk,101,9,2,Over
4,talk,102,9,8,Over
4,talk,103,9,13,Over
4,talk,104,9,7,Over
4,talk,105,9,15,Over
4,talk,106,9,11,Over
4,talk,107,9,12,VOTE Agent[05]
4,talk,108,9,5,Over
4,talk,109,9,14,Over
4,talk,110,10,7,Over
4,talk,111,10,14,Over
4,talk,112,10,5,Over
4,talk,113,10,12,Over
4,talk,114,10,15,Over
4,talk,115,10,13,Over
4,talk,116,10,11,Over
4,talk,117,10,2,Over
4,talk,118,10,3,Over
4,talk,119,10,10,Over
4,talk,120,10,8,Over
4,vote,2,3
4,vote,3,10
4,vote,5,3
4,vote,7,5
4,vote,8,10
4,vote,10,12
4,vote,11,13
4,vote,12,5
4,vote,13,10
4,vote,14,3
4,vote,15,10
4,execute,10,POSSESSED
4,divine,12,2,HUMAN
4,whisper,0,0,13,ATTACK Agent[12]
4,whisper,1,0,5,Skip
4,whisper,2,1,5,Skip
4,whisper,3,1,13,Skip
4,whisper,4,2,13,Skip
4,whisper,5,2,5,Over
4,whisper,6,3,5,Over
4,whisper,7,3,13,Over
4,guard,15,12,SEER
4,attackVote,5,12
4,attackVote,13,12
4,attack,12,false
5,status,1,MEDIUM,DEAD,sample_py
5,status,2,VILLAGER,ALIVE,Takeda10
5,status,3,VILLAGER,ALIVE,Tomato3
5,status,4,VILLAGER,DEAD,Takeda0
5,status,5,WEREWOLF,ALIVE,TOKU11
5,status,6,WEREWOLF,DEAD,sample_py
5,status,7,VILLAGER,ALIVE,sample_py
5,status,8,VILLAGER,ALIVE,Tomato12
5,status,9,VILLAGER,DEAD,Takeda14
5,status,10,POSSESSED,DEAD,SampleJava8
5,status,11,VILLAGER,ALIVE,SampleJava6
5,status,12,SEER,ALIVE,TOKU2
5,status,13,WEREWOLF,ALIVE,Tomato13
5,status,14,VILLAGER,ALIVE,Takeda1
5,status,15,BODYGUARD,ALIVE,SampleJava4
5,talk,0,0,15,VOTE Agent[05]
5,talk,1,0,8,VOTE Agent[13]
5,talk,2,0,7,VOTE Agent[05]
5,talk,3,0,14,VOTE Agent[03]
5,talk,4,0,13,VOTE Agent[03]
5,talk,5,0,11,VOTE Agent[03]
5,talk,6,0,12,DIVINED Agent[02] HUMAN
5,talk,7,0,3,VOTE Agent[13]
5,talk,8,0,5,VOTE Agent[03]
5,talk,9,0,2,VOTE Agent[03]
5,talk,10,1,15,REQUEST ANY (VOTE Agent[05])
5,talk,11,1,14,Skip
5,talk,12,1,2,Skip
5,talk,13,1,7,Skip
5,talk,14,1,8,Skip
5,talk,15,1,13,Skip
5,talk,16,1,11,REQUEST ANY (VOTE Agent[03])
5,talk,17,1,3,Skip
5,talk,18,1,5,Skip
5,talk,19,1,12,VOTE Agent[05]
5,talk,20,2,8,Skip
5,talk,21,2,14,Skip
5,talk,22,2,15,Skip
5,talk,23,2,2,Skip
5,talk,24,2,11,Skip
5,talk,25,2,5,Skip
5,talk,26,2,3,Skip
5,talk,27,2,12,VOTE Agent[05]
5,talk,28,2,7,Skip
5,talk,29,2,13,Skip
5,talk,30,3,2,Over
5,talk,31,3,8,Over
5,talk,32,3,5,Over
5,talk,33,3,15,Skip
5,talk,34,3,13,Over
5,talk,35,3,14,Over
5,talk,36,3,12,VOTE Agent[05]
5,talk,37,3,11,Skip
5,talk,38,3,7,Over
5,talk,39,3,3,Over
5,talk,40,4,11,Over
5,talk,41,4,12,VOTE Agent[05]
5,talk,42,4,5,Over
5,talk,43,4,15,Over
5,talk,44,4,2,Over
5,talk,45,4,8,Over
5,talk,46,4,13,Over
5,talk,47,4,7,Over
5,talk,48,4,14,Over
5,talk,49,4,3,Over
5,talk,50,5,2,Over
5,talk,51,5,7,Over
5,talk,52,5,5,Over
5,talk,53,5,3,Over
5,talk,54,5,15,Over
5,talk,55,5,14,Over
5,talk,56,5,8,Over
5,talk,57,5,13,Over
5,talk,58,5,11,Over
5,talk,59,5,12,VOTE Agent[05]
5,talk,60,6,15,Over
5,talk,61,6,14,Over
5,talk,62,6,5,Over
5,talk,63,6,2,Over
5,talk,64,6,7,Over
5,talk,65,6,3,Over
5,talk,66,6,13,Over
5,talk,67,6,8,Over
5,talk,68,6,12,VOTE Agent[05]
5,talk,69,6,11,Over
5,talk,70,7,5,Over
5,talk,71,7,2,Over
5,talk,72,7,15,Over
5,talk,73,7,13,Over
5,talk,74,7,8,Over
5,talk,75,7,14,Over
5,talk,76,7,3,Over
5,talk,77,7,7,Over
5,talk,78,7,11,Over
5,talk,79,7,12,VOTE Agent[05]
5,talk,80,8,13,Over
5,talk,81,8,15,Over
5,talk,82,8,7,Over
5,talk,83,8,3,Over
5,talk,84,8,14,Over
5,talk,85,8,2,Over
5,talk,86,8,5,Over
5,talk,87,8,11,Over
5,talk,88,8,8,Over
5,talk,89,8,12,VOTE Agent[05]
5,talk,90,9,8,Over
5,talk,91,9,11,Over
5,talk,92,9,13,Over
5,talk,93,9,5,Over
5,talk,94,9,2,Over
5,talk,95,9,12,VOTE Agent[05]
5,talk,96,9,7,Over
5,talk,97,9,15,Over
5,talk,98,9,3,Over
5,talk,99,9,14,Over
5,talk,100,10,13,Over
5,talk,101,10,2,Over
5,talk,102,10,11,Over
5,talk,103,10,14,Over
5,talk,104,10,5,Over
5,talk,105,10,12,Over
5,talk,106,10,8,Over
5,talk,107,10,3,Over
5,talk,108,10,15,Over
5,talk,109,10,7,Over
5,vote,2,3
5,vote,3,13
5,vote,5,3
5,vote,7,5
5,vote,8,13
5,vote,11,5
5,vote,12,5
5,vote,13,3
5,vote,14,3
5,vote,15,3
5,execute,3,VILLAGER
5,divine,12,7,HUMAN
5,whisper,0,0,13,ATTACK Agent[12]
5,whisper,1,0,5,Skip
5,whisper,2,1,5,Skip
5,whisper,3,1,13,Skip
5,whisper,4,2,5,Over
5,whisper,5,2,13,Skip
5,whisper,6,3,5,Over
5,whisper,7,3,13,Over
5,guard,15,12,SEER
5,attackVote,5,12
5,attackVote,13,12
5,attack,12,false
6,status,1,MEDIUM,DEAD,sample_py
6,status,2,VILLAGER,ALIVE,Takeda10
6,status,3,VILLAGER,DEAD,Tomato3
6,status,4,VILLAGER,DEAD,Takeda0
6,status,5,WEREWOLF,ALIVE,TOKU11
6,status,6,WEREWOLF,DEAD,sample_py
6,status,7,VILLAGER,ALIVE,sample_py
6,status,8,VILLAGER,ALIVE,Tomato12
6,status,9,VILLAGER,DEAD,Takeda14
6,status,10,POSSESSED,DEAD,SampleJava8
6,status,11,VILLAGER,ALIVE,SampleJava6
6,status,12,SEER,ALIVE,TOKU2
6,status,13,WEREWOLF,ALIVE,Tomato13
6,status,14,VILLAGER,ALIVE,Takeda1
6,status,15,BODYGUARD,ALIVE,SampleJava4
6,talk,0,0,11,VOTE Agent[13]
6,talk,1,0,7,VOTE Agent[05]
6,talk,2,0,13,VOTE Agent[05]
6,talk,3,0,8,VOTE Agent[13]
6,talk,4,0,2,VOTE Agent[14]
6,talk,5,0,15,VOTE Agent[08]
6,talk,6,0,5,VOTE Agent[02]
6,talk,7,0,14,VOTE Agent[02]
6,talk,8,0,12,DIVINED Agent[07] HUMAN
6,talk,9,1,14,Skip
6,talk,10,1,2,VOTE Agent[05]
6,talk,11,1,8,Skip
6,talk,12,1,11,REQUEST ANY (VOTE Agent[13])
6,talk,13,1,15,REQUEST ANY (VOTE Agent[08])
6,talk,14,1,12,VOTE Agent[05]
6,talk,15,1,5,Skip
6,talk,16,1,13,VOTE Agent[02]
6,talk,17,1,7,Skip
6,talk,18,2,14,Skip
6,talk,19,2,13,Skip
6,talk,20,2,5,Skip
6,talk,21,2,7,Skip
6,talk,22,2,15,Skip
6,talk,23,2,12,VOTE Agent[05]
6,talk,24,2,2,Skip
6,talk,25,2,11,Skip
6,talk,26,2,8,Skip
6,talk,27,3,7,Over
6,talk,28,3,13,Skip
6,talk,29,3,8,Over
6,talk,30,3,12,VOTE Agent[05]
6,talk,31,3,5,Over
6,talk,32,3,15,Skip
6,talk,33,3,11,Skip
6,talk,34,3,14,Over
6,talk,35,3,2,Skip
6,talk,36,4,8,Over
6,talk,37,4,15,Over
6,talk,38,4,2,Over
6,talk,39,4,14,Over
6,talk,40,4,5,Over
6,talk,41,4,12,VOTE Agent[05]
6,talk,42,4,7,Over
6,talk,43,4,11,Over
6,talk,44,4,13,Over
6,talk,45,5,7,Over
6,talk,46,5,5,Over
6,talk,47,5,2,Over
6,talk,48,5,8,Over
6,talk,49,5,13,Over
6,talk,50,5,11,Over
6,talk,51,5,12,VOTE Agent[05]
6,talk,52,5,14,Over
6,talk,53,5,15,Over
6,talk,54,6,11,Over
6,talk,55,6,5,Over
6,talk,56,6,2,Over
6,talk,57,6,8,Over
6,talk,58,6,12,VOTE Agent[05]
6,talk,59,6,13,Over
6,talk,60,6,14,Over
6,talk,61,6,7,Over
6,talk,62,6,15,Over
6,talk,63,7,7,Over
6,talk,64,7,5,Over
6,talk,65,7,11,Over
6,talk,66,7,12,VOTE Agent[05]
6,talk,67,7,14,Over
6,talk,68,7,13,Over
6,talk,69,7,2,Over
6,talk,70,7,8,Over
6,talk,71,7,15,Over
6,talk,72,8,11,Over
6,talk,73,8,5,Over
6,talk,74,8,12,VOTE Agent[05]
6,talk,75,8,2,Over
6,talk,76,8,13,Over
6,talk,77,8,8,Over
6,talk,78,8,15,Over
6,talk,79,8,14,Over
6,talk,80,8,7,Over
6,talk,81,9,2,Over
6,talk,82,9,7,Over
6,talk,83,9,11,Over
6,talk,84,9,14,Over
6,talk,85,9,15,Over
6,talk,86,9,13,Over
6,talk,87,9,5,Over
6,talk,88,9,12,VOTE Agent[05]
6,talk,89,9,8,Over
6,talk,90,10,14,Over
6,talk,91,10,12,Over
6,talk,92,10,2,Over
6,talk,93,10,11,Over
6,talk,94,10,15,Over
6,talk,95,10,5,Over
6,talk,96,10,7,Over
6,talk,97,10,8,Over
6,talk,98,10,13,Over
6,vote,2,5
6,vote,5,2
6,vote,7,5
6,vote,8,13
6,vote,11,8
6,vote,12,5
6,vote,13,2
6,vote,14,2
6,vote,15,13
6,vote,2,5
6,vote,5,2
6,vote,7,5
6,vote,8,13
6,vote,11,2
6,vote,12,5
6,vote,13,2
6,vote,14,2
6,vote,15,2
6,execute,2,VILLAGER
6,divine,12,15,HUMAN
6,whisper,0,0,13,ATTACK Agent[12]
6,whisper,1,0,5,Skip
6,whisper,2,1,5,Skip
6,whisper,3,1,13,Skip
6,whisper,4,2,5,Over
6,whisper,5,2,13,Skip
6,whisper,6,3,5,Over
6,whisper,7,3,13,Over
6,guard,15,12,SEER
6,attackVote,5,12
6,attackVote,13,12
6,attack,12,false
7,status,1,MEDIUM,DEAD,sample_py
7,status,2,VILLAGER,DEAD,Takeda10
7,status,3,VILLAGER,DEAD,Tomato3
7,status,4,VILLAGER,DEAD,Takeda0
7,status,5,WEREWOLF,ALIVE,TOKU11
7,status,6,WEREWOLF,DEAD,sample_py
7,status,7,VILLAGER,ALIVE,sample_py
7,status,8,VILLAGER,ALIVE,Tomato12
7,status,9,VILLAGER,DEAD,Takeda14
7,status,10,POSSESSED,DEAD,SampleJava8
7,status,11,VILLAGER,ALIVE,SampleJava6
7,status,12,SEER,ALIVE,TOKU2
7,status,13,WEREWOLF,ALIVE,Tomato13
7,status,14,VILLAGER,ALIVE,Takeda1
7,status,15,BODYGUARD,ALIVE,SampleJava4
7,talk,0,0,15,VOTE Agent[14]
7,talk,1,0,8,VOTE Agent[13]
7,talk,2,0,5,VOTE Agent[15]
7,talk,3,0,13,VOTE Agent[14]
7,talk,4,0,7,VOTE Agent[05]
7,talk,5,0,11,VOTE Agent[12]
7,talk,6,0,14,VOTE Agent[05]
7,talk,7,0,12,DIVINED Agent[15] HUMAN
7,talk,8,1,14,Skip
7,talk,9,1,13,VOTE Agent[15]
7,talk,10,1,7,Skip
7,talk,11,1,5,Skip
7,talk,12,1,15,REQUEST ANY (VOTE Agent[14])
7,talk,13,1,8,Skip
7,talk,14,1,11,REQUEST ANY (VOTE Agent[12])
7,talk,15,1,12,VOTE Agent[05]
7,talk,16,2,5,Skip
7,talk,17,2,15,Skip
7,talk,18,2,14,VOTE Agent[15]
7,talk,19,2,11,Skip
7,talk,20,2,8,Skip
7,talk,21,2,12,VOTE Agent[05]
7,talk,22,2,13,Skip
7,talk,23,2,7,Skip
7,talk,24,3,8,Over
7,talk,25,3,13,Skip
7,talk,26,3,12,VOTE Agent[05]
7,talk,27,3,15,Skip
7,talk,28,3,11,Skip
7,talk,29,3,7,Over
7,talk,30,3,5,Over
7,talk,31,3,14,Skip
7,talk,32,4,13,Over
7,talk,33,4,15,Over
7,talk,34,4,11,Over
7,talk,35,4,7,Over
7,talk,36,4,5,Over
7,talk,37,4,14,Skip
7,talk,38,4,8,Over
7,talk,39,4,12,VOTE Agent[05]
7,talk,40,5,15,Over
7,talk,41,5,12,VOTE Agent[05]
7,talk,42,5,5,Over
7,talk,43,5,7,Over
7,talk,44,5,8,Over
7,talk,45,5,13,Over
7,talk,46,5,11,Over
7,talk,47,5,14,Over
7,talk,48,6,5,Over
7,talk,49,6,8,Over
7,talk,50,6,12,VOTE Agent[05]
7,talk,51,6,15,Over
7,talk,52,6,11,Over
7,talk,53,6,13,Over
7,talk,54,6,14,Over
7,talk,55,6,7,Over
7,talk,56,7,5,Over
7,talk,57,7,11,Over
7,talk,58,7,12,VOTE Agent[05]
7,talk,59,7,7,Over
7,talk,60,7,14,Over
7,talk,61,7,13,Over
7,talk,62,7,8,Over
7,talk,63,7,15,Over
7,talk,64,8,13,Over
7,talk,65,8,7,Over
7,talk,66,8,8,Over
7,talk,67,8,15,Over
7,talk,68,8,12,VOTE Agent[05]
7,talk,69,8,14,Over
7,talk,70,8,11,Over
7,talk,71,8,5,Over
7,talk,72,9,11,Over
7,talk,73,9,7,Over
7,talk,74,9,15,Over
7,talk,75,9,5,Over
7,talk,76,9,13,Over
7,talk,77,9,12,VOTE Agent[05]
7,talk,78,9,8,Over
7,talk,79,9,14,Over
7,talk,80,10,14,Over
7,talk,81,10,15,Over
7,talk,82,10,11,Over
7,talk,83,10,7,Over
7,talk,84,10,12,Over
7,talk,85,10,5,Over
7,talk,86,10,13,Over
7,talk,87,10,8,Over
7,vote,5,15
7,vote,7,5
7,vote,8,13
7,vote,11,14
7,vote,12,5
7,vote,13,15
7,vote,14,15
7,vote,15,7
7,execute,15,BODYGUARD
7,divine,12,8,HUMAN
7,whisper,0,0,5,Skip
7,whisper,1,0,13,ATTACK Agent[12]
7,whisper,2,1,13,Skip
7,whisper,3,1,5,Skip
7,whisper,4,2,5,Over
7,whisper,5,2,13,Skip
7,whisper,6,3,5,Over
7,whisper,7,3,13,Over
7,attackVote,5,12
7,attackVote,13,12
7,attack,12,true
8,status,1,MEDIUM,DEAD,sample_py
8,status,2,VILLAGER,DEAD,Takeda10
8,status,3,VILLAGER,DEAD,Tomato3
8,status,4,VILLAGER,DEAD,Takeda0
8,status,5,WEREWOLF,ALIVE,TOKU11
8,status,6,WEREWOLF,DEAD,sample_py
8,status,7,VILLAGER,ALIVE,sample_py
8,status,8,VILLAGER,ALIVE,Tomato12
8,status,9,VILLAGER,DEAD,Takeda14
8,status,10,POSSESSED,DEAD,SampleJava8
8,status,11,VILLAGER,ALIVE,SampleJava6
8,status,12,SEER,DEAD,TOKU2
8,status,13,WEREWOLF,ALIVE,Tomato13
8,status,14,VILLAGER,ALIVE,Takeda1
8,status,15,BODYGUARD,DEAD,SampleJava4
8,talk,0,0,11,VOTE Agent[07]
8,talk,1,0,13,VOTE Agent[07]
8,talk,2,0,5,VOTE Agent[08]
8,talk,3,0,7,VOTE Agent[05]
8,talk,4,0,14,VOTE Agent[08]
8,talk,5,0,8,VOTE Agent[13]
8,talk,6,1,7,Skip
8,talk,7,1,5,Skip
8,talk,8,1,11,REQUEST ANY (VOTE Agent[07])
8,talk,9,1,8,Skip
8,talk,10,1,13,VOTE Agent[08]
8,talk,11,1,14,Skip
8,talk,12,2,7,Skip
8,talk,13,2,13,VOTE Agent[07]
8,talk,14,2,5,Skip
8,talk,15,2,11,Skip
8,talk,16,2,8,Skip
8,talk,17,2,14,Skip
8,talk,18,3,7,Over
8,talk,19,3,14,Over
8,talk,20,3,5,Over
8,talk,21,3,8,Over
8,talk,22,3,11,Skip
8,talk,23,3,13,VOTE Agent[08]
8,talk,24,4,11,Over
8,talk,25,4,14,Over
8,talk,26,4,5,Over
8,talk,27,4,7,Over
8,talk,28,4,8,Over
8,talk,29,4,13,Skip
8,talk,30,5,13,Skip
8,talk,31,5,8,Over
8,talk,32,5,7,Over
8,talk,33,5,5,Over
8,talk,34,5,11,Over
8,talk,35,5,14,Over
8,talk,36,6,14,Over
8,talk,37,6,13,Over
8,talk,38,6,7,Over
8,talk,39,6,11,Over
8,talk,40,6,5,Over
8,talk,41,6,8,Over
8,vote,5,8
8,vote,7,5
8,vote,8,13
8,vote,11,5
8,vote,13,8
8,vote,14,8
8,execute,8,VILLAGER
8,whisper,0,0,5,Skip
8,whisper,1,0,13,ATTACK Agent[14]
8,whisper,2,1,13,Skip
8,whisper,3,1,5,Skip
8,whisper,4,2,5,Over
8,whisper,5,2,13,Skip
8,whisper,6,3,13,Over
8,whisper,7,3,5,Over
8,attackVote,5,14
8,attackVote,13,14
8,attack,14,true
9,status,1,MEDIUM,DEAD,sample_py
9,status,2,VILLAGER,DEAD,Takeda10
9,status,3,VILLAGER,DEAD,Tomato3
9,status,4,VILLAGER,DEAD,Takeda0
9,status,5,WEREWOLF,ALIVE,TOKU11
9,status,6,WEREWOLF,DEAD,sample_py
9,status,7,VILLAGER,ALIVE,sample_py
9,status,8,VILLAGER,DEAD,Tomato12
9,status,9,VILLAGER,DEAD,Takeda14
9,status,10,POSSESSED,DEAD,SampleJava8
9,status,11,VILLAGER,ALIVE,SampleJava6
9,status,12,SEER,DEAD,TOKU2
9,status,13,WEREWOLF,ALIVE,Tomato13
9,status,14,VILLAGER,DEAD,Takeda1
9,status,15,BODYGUARD,DEAD,SampleJava4
9,result,2,2,WEREWOLF
