0,status,1,SEER,ALIVE,OKAMI
0,status,2,VILLAGER,ALIVE,sample_py
0,status,3,VILLAGER,ALIVE,SampleJava1
0,status,4,VILLAGER,ALIVE,sample_py
0,status,5,WEREWOLF,ALIVE,SampleJava3
0,status,6,WEREWOLF,ALIVE,sample_py
0,status,7,VILLAGER,ALIVE,OKAMI
0,status,8,VILLAGER,ALIVE,OKAMI
0,status,9,VILLAGER,ALIVE,TOKU11
0,status,10,BODYGUARD,ALIVE,OKAMI
0,status,11,MEDIUM,ALIVE,SampleJava6
0,status,12,VILLAGER,ALIVE,SampleJava13
0,status,13,WEREWOLF,ALIVE,Tomato14
0,status,14,VILLAGER,ALIVE,sample_py
0,status,15,POSSESSED,ALIVE,sample_py
0,whisper,0,0,6,COMINGOUT Agent[06] VILLAGER
0,whisper,1,0,5,COMINGOUT Agent[05] VILLAGER
0,whisper,2,0,13,COMINGOUT Agent[13] VILLAGER
0,whisper,3,1,13,COMINGOUT Agent[13] SEER
0,whisper,4,1,6,COMINGOUT Agent[06] VILLAGER
0,whisper,5,1,5,Skip
0,whisper,6,2,5,Skip
0,whisper,7,2,6,COMINGOUT Agent[06] VILLAGER
0,whisper,8,2,13,Skip
0,whisper,9,3,5,Over
0,whisper,10,3,13,Skip
0,whisper,11,3,6,COMINGOUT Agent[06] VILLAGER
0,whisper,12,4,6,COMINGOUT Agent[06] VILLAGER
0,whisper,13,4,5,Over
0,whisper,14,4,13,Over
0,whisper,15,5,5,Over
0,whisper,16,5,6,COMINGOUT Agent[06] VILLAGER
0,whisper,17,5,13,Over
0,whisper,18,6,13,Over
0,whisper,19,6,5,Over
0,whisper,20,6,6,COMINGOUT Agent[06] VILLAGER
0,whisper,21,7,13,Over
0,whisper,22,7,6,COMINGOUT Agent[06] VILLAGER
0,whisper,23,7,5,Over
0,whisper,24,8,13,Over
0,whisper,25,8,6,COMINGOUT Agent[06] VILLAGER
0,whisper,26,8,5,Over
0,whisper,27,9,5,Over
0,whisper,28,9,13,Over
0,whisper,29,9,6,COMINGOUT Agent[06] VILLAGER
0,whisper,30,10,13,Over
0,whisper,31,10,6,Over
0,whisper,32,10,5,Over
0,divine,1,11,HUMAN
1,status,1,SEER,ALIVE,OKAMI
1,status,2,VILLAGER,ALIVE,sample_py
1,status,3,VILLAGER,ALIVE,SampleJava1
1,status,4,VILLAGER,ALIVE,sample_py
1,status,5,WEREWOLF,ALIVE,SampleJava3
1,status,6,WEREWOLF,ALIVE,sample_py
1,status,7,VILLAGER,ALIVE,OKAMI
1,status,8,VILLAGER,ALIVE,OKAMI
1,status,9,VILLAGER,ALIVE,TOKU11
1,status,10,BODYGUARD,ALIVE,OKAMI
1,status,11,MEDIUM,ALIVE,SampleJava6
1,status,12,VILLAGER,ALIVE,SampleJava13
1,status,13,WEREWOLF,ALIVE,Tomato14
1,status,14,VILLAGER,ALIVE,sample_py
1,status,15,POSSESSED,ALIVE,sample_py
1,talk,0,0,11,COMINGOUT Agent[11] MEDIUM
1,talk,1,0,10,VOTE Agent[01]
1,talk,2,0,2,VOTE Agent[01]
1,talk,3,0,13,COMINGOUT Agent[13] SEER
1,talk,4,0,1,VOTE Agent[01]
1,talk,5,0,3,VOTE Agent[14]
1,talk,6,0,7,VOTE Agent[14]
1,talk,7,0,5,VOTE Agent[12]
1,talk,8,0,8,VOTE Agent[14]
1,talk,9,0,12,VOTE Agent[14]
1,talk,10,0,14,VOTE Agent[03]
1,talk,11,0,6,VOTE Agent[03]
1,talk,12,0,4,VOTE Agent[03]
1,talk,13,0,15,COMINGOUT Agent[15] SEER
1,talk,14,0,9,VOTE Agent[13]
1,talk,15,1,11,VOTE Agent[15]
1,talk,16,1,8,COMINGOUT Agent[08] VILLAGER
1,talk,17,1,10,VOTE Agent[08]
1,talk,18,1,14,Skip
1,talk,19,1,7,COMINGOUT Agent[07] VILLAGER
1,talk,20,1,15,DIVINED Agent[08] HUMAN
1,talk,21,1,2,Skip
1,talk,22,1,1,VOTE Agent[08]
1,talk,23,1,12,REQUEST ANY (VOTE Agent[14])
1,talk,24,1,5,REQUEST ANY (VOTE Agent[12])
1,talk,25,1,4,Skip
1,talk,26,1,3,REQUEST ANY (VOTE Agent[14])
1,talk,27,1,6,VOTE Agent[08]
1,talk,28,1,13,DIVINED Agent[11] HUMAN
1,talk,29,1,9,Skip
1,talk,30,2,14,Skip
1,talk,31,2,12,Skip
1,talk,32,2,4,Skip
1,talk,33,2,15,VOTE Agent[13]
1,talk,34,2,8,VOTE Agent[12]
1,talk,35,2,1,VOTE Agent[12]
1,talk,36,2,5,Skip
1,talk,37,2,3,Skip
1,talk,38,2,11,REQUEST ANY (VOTE Agent[15])
1,talk,39,2,10,VOTE Agent[08]
1,talk,40,2,7,VOTE Agent[12]
1,talk,41,2,9,VOTE Agent[10]
1,talk,42,2,6,Skip
1,talk,43,2,13,VOTE Agent[12]
1,talk,44,2,2,Skip
1,talk,45,3,7,VOTE Agent[12]
1,talk,46,3,5,Skip
1,talk,47,3,11,Skip
1,talk,48,3,3,Skip
1,talk,49,3,14,Over
1,talk,50,3,2,Over
1,talk,51,3,15,Skip
1,talk,52,3,10,VOTE Agent[08]
1,talk,53,3,8,VOTE Agent[12]
1,talk,54,3,1,VOTE Agent[08]
1,talk,55,3,6,Skip
1,talk,56,3,12,Skip
1,talk,57,3,4,Over
1,talk,58,3,13,Skip
1,talk,59,3,9,Skip
1,talk,60,4,9,Skip
1,talk,61,4,3,Over
1,talk,62,4,14,Over
1,talk,63,4,15,Skip
1,talk,64,4,11,Skip
1,talk,65,4,8,VOTE Agent[12]
1,talk,66,4,5,Over
1,talk,67,4,6,Over
1,talk,68,4,2,Over
1,talk,69,4,1,VOTE Agent[08]
1,talk,70,4,10,VOTE Agent[08]
1,talk,71,4,4,Over
1,talk,72,4,12,Over
1,talk,73,4,13,VOTE Agent[08]
1,talk,74,4,7,VOTE Agent[12]
1,talk,75,5,6,Over
1,talk,76,5,10,VOTE Agent[08]
1,talk,77,5,4,Over
1,talk,78,5,5,Over
1,talk,79,5,13,VOTE Agent[12]
1,talk,80,5,15,Over
1,talk,81,5,3,Over
1,talk,82,5,11,Over
1,talk,83,5,2,Over
1,talk,84,5,8,VOTE Agent[12]
1,talk,85,5,9,Over
1,talk,86,5,12,Over
1,talk,87,5,7,VOTE Agent[12]
1,talk,88,5,14,Over
1,talk,89,5,1,VOTE Agent[08]
1,talk,90,6,14,Over
1,talk,91,6,8,VOTE Agent[12]
1,talk,92,6,12,Over
1,talk,93,6,7,VOTE Agent[12]
1,talk,94,6,11,Over
1,talk,95,6,2,Over
1,talk,96,6,3,Over
1,talk,97,6,4,Over
1,talk,98,6,6,Over
1,talk,99,6,15,Over
1,talk,100,6,5,Over
1,talk,101,6,13,Skip
1,talk,102,6,10,VOTE Agent[08]
1,talk,103,6,9,Over
1,talk,104,6,1,VOTE Agent[08]
1,talk,105,7,3,Over
1,talk,106,7,1,VOTE Agent[08]
1,talk,107,7,12,Over
1,talk,108,7,2,Over
1,talk,109,7,5,Over
1,talk,110,7,6,Over
1,talk,111,7,11,Over
1,talk,112,7,7,VOTE Agent[12]
1,talk,113,7,15,Over
1,talk,114,7,10,VOTE Agent[08]
1,talk,115,7,4,Over
1,talk,116,7,8,VOTE Agent[12]
1,talk,117,7,13,Skip
1,talk,118,7,14,Over
1,talk,119,7,9,Over
1,talk,120,8,13,Over
1,talk,121,8,14,Over
1,talk,122,8,11,Over
1,talk,123,8,6,Over
1,talk,124,8,8,VOTE Agent[12]
1,talk,125,8,15,Over
1,talk,126,8,9,Over
1,talk,127,8,3,Over
1,talk,128,8,5,Over
1,talk,129,8,1,VOTE Agent[08]
1,talk,130,8,12,Over
1,talk,131,8,10,VOTE Agent[08]
1,talk,132,8,7,VOTE Agent[12]
1,talk,133,8,4,Over
1,talk,134,8,2,Over
1,talk,135,9,4,Over
1,talk,136,9,14,Over
1,talk,137,9,13,VOTE Agent[08]
1,talk,138,9,3,Over
1,talk,139,9,6,Over
1,talk,140,9,15,Over
1,talk,141,9,12,Over
1,talk,142,9,9,Over
1,talk,143,9,8,Over
1,talk,144,9,5,Over
1,talk,145,9,1,Over
1,talk,146,9,10,Over
1,talk,147,9,2,Over
1,talk,148,9,7,Over
1,talk,149,9,11,Over
1,talk,150,10,8,Over
1,talk,151,10,3,Over
1,talk,152,10,11,Over
1,talk,153,10,13,VOTE Agent[12]
1,talk,154,10,6,Over
1,talk,155,10,1,Over
1,talk,156,10,15,Over
1,talk,157,10,2,Over
1,talk,158,10,9,Over
1,talk,159,10,10,Over
1,talk,160,10,5,Over
1,talk,161,10,7,Over
1,talk,162,10,12,Over
1,talk,163,10,14,Over
1,talk,164,10,4,Over
1,talk,165,11,11,Over
1,talk,166,11,10,Over
1,talk,167,11,4,Over
1,talk,168,11,14,Over
1,talk,169,11,2,Over
1,talk,170,11,8,Over
1,talk,171,11,3,Over
1,talk,172,11,1,Over
1,talk,173,11,15,Over
1,talk,174,11,12,Over
1,talk,175,11,9,Over
1,talk,176,11,5,Over
1,talk,177,11,13,Skip
1,talk,178,11,7,Over
1,talk,179,11,6,Over
1,talk,180,12,10,Over
1,talk,181,12,2,Over
1,talk,182,12,15,Over
1,talk,183,12,14,Over
1,talk,184,12,3,Over
1,talk,185,12,4,Over
1,talk,186,12,11,Over
1,talk,187,12,12,Over
1,talk,188,12,8,Over
1,talk,189,12,13,Skip
1,talk,190,12,6,Over
1,talk,191,12,1,Over
1,talk,192,12,7,Over
1,talk,193,12,5,Over
1,talk,194,12,9,Over
1,talk,195,13,14,Over
1,talk,196,13,8,Over
1,talk,197,13,11,Over
1,talk,198,13,3,Over
1,talk,199,13,13,VOTE Agent[08]
1,talk,200,13,7,Over
1,talk,201,13,2,Over
1,talk,202,13,4,Over
1,talk,203,13,1,Over
1,talk,204,13,6,Over
1,talk,205,13,5,Over
1,talk,206,13,15,Over
1,talk,207,13,10,Over
1,talk,208,13,12,Over
1,talk,209,13,9,Over
1,talk,210,14,14,Over
1,talk,211,14,12,Over
1,talk,212,14,15,Over
1,talk,213,14,10,Over
1,talk,214,14,9,Over
1,talk,215,14,3,Over
1,talk,216,14,7,Over
1,talk,217,14,5,Over
1,talk,218,14,1,Over
1,talk,219,14,2,Over
1,talk,220,14,6,Over
1,talk,221,14,11,Over
1,talk,222,14,13,VOTE Agent[12]
1,talk,223,14,8,Over
1,talk,224,14,4,Over
1,talk,225,15,10,Over
1,talk,226,15,5,Over
1,talk,227,15,2,Over
1,talk,228,15,7,Over
1,talk,229,15,11,Over
1,talk,230,15,3,Over
1,talk,231,15,4,Over
1,talk,232,15,12,Over
1,talk,233,15,15,Over
1,talk,234,15,1,Over
1,talk,235,15,13,VOTE Agent[08]
1,talk,236,15,14,Over
1,talk,237,15,8,Over
1,talk,238,15,6,Over
1,talk,239,15,9,Over
1,talk,240,16,13,Over
1,talk,241,16,15,Over
1,talk,242,16,9,Over
1,talk,243,16,7,Over
1,talk,244,16,11,Over
1,talk,245,16,2,Over
1,talk,246,16,10,Over
1,talk,247,16,1,Over
1,talk,248,16,8,Over
1,talk,249,16,6,Over
1,talk,250,16,3,Over
1,talk,251,16,12,Over
1,talk,252,16,14,Over
1,talk,253,16,5,Over
1,talk,254,16,4,Over
1,vote,1,8
1,vote,2,1
1,vote,3,15
1,vote,4,3
1,vote,5,12
1,vote,6,8
1,vote,7,12
1,vote,8,12
1,vote,9,10
1,vote,10,8
1,vote,11,14
1,vote,12,15
1,vote,13,8
1,vote,14,3
1,vote,15,13
1,execute,8,VILLAGER
1,divine,1,2,HUMAN
1,whisper,0,0,5,ATTACK Agent[07]
1,whisper,1,0,6,ATTACK Agent[07]
1,whisper,2,0,13,ATTACK Agent[15]
1,whisper,3,1,6,Skip
1,whisper,4,1,5,Skip
1,whisper,5,1,13,Skip
1,whisper,6,2,6,Skip
1,whisper,7,2,5,Skip
1,whisper,8,2,13,Skip
1,whisper,9,3,13,Over
1,whisper,10,3,6,Over
1,whisper,11,3,5,Over
1,guard,10,13,WEREWOLF
1,attackVote,5,7
1,attackVote,6,7
1,attackVote,13,15
1,attack,7,true
2,status,1,SEER,ALIVE,OKAMI
2,status,2,VILLAGER,ALIVE,sample_py
2,status,3,VILLAGER,ALIVE,SampleJava1
2,status,4,VILLAGER,ALIVE,sample_py
2,status,5,WEREWOLF,ALIVE,SampleJava3
2,status,6,WEREWOLF,ALIVE,sample_py
2,status,7,VILLAGER,DEAD,OKAMI
2,status,8,VILLAGER,DEAD,OKAMI
2,status,9,VILLAGER,ALIVE,TOKU11
2,status,10,BODYGUARD,ALIVE,OKAMI
2,status,11,MEDIUM,ALIVE,SampleJava6
2,status,12,VILLAGER,ALIVE,SampleJava13
2,status,13,WEREWOLF,ALIVE,Tomato14
2,status,14,VILLAGER,ALIVE,sample_py
2,status,15,POSSESSED,ALIVE,sample_py
2,talk,0,0,10,VOTE Agent[12]
2,talk,1,0,15,DIVINED Agent[09] HUMAN
2,talk,2,0,11,DAY 2 (IDENTIFIED Agent[08] HUMAN)
2,talk,3,0,13,DIVINED Agent[03] HUMAN
2,talk,4,0,2,VOTE Agent[01]
2,talk,5,0,6,VOTE Agent[04]
2,talk,6,0,9,VOTE Agent[10]
2,talk,7,0,4,VOTE Agent[03]
2,talk,8,0,1,VOTE Agent[12]
2,talk,9,0,5,VOTE Agent[12]
2,talk,10,0,12,VOTE Agent[13]
2,talk,11,0,14,VOTE Agent[13]
2,talk,12,0,3,VOTE Agent[15]
2,talk,13,1,2,Skip
2,talk,14,1,14,Skip
2,talk,15,1,1,VOTE Agent[12]
2,talk,16,1,5,REQUEST ANY (VOTE Agent[12])
2,talk,17,1,15,VOTE Agent[13]
2,talk,18,1,9,Skip
2,talk,19,1,4,Skip
2,talk,20,1,12,REQUEST ANY (VOTE Agent[13])
2,talk,21,1,10,VOTE Agent[12]
2,talk,22,1,11,IDENTIFIED Agent[08] HUMAN
2,talk,23,1,13,VOTE Agent[12]
2,talk,24,1,6,Skip
2,talk,25,1,3,REQUEST ANY (VOTE Agent[15])
2,talk,26,2,11,VOTE Agent[14]
2,talk,27,2,3,Skip
2,talk,28,2,12,Skip
2,talk,29,2,9,Skip
2,talk,30,2,6,Skip
2,talk,31,2,14,Skip
2,talk,32,2,1,VOTE Agent[12]
2,talk,33,2,10,VOTE Agent[12]
2,talk,34,2,2,Skip
2,talk,35,2,13,Skip
2,talk,36,2,4,Skip
2,talk,37,2,5,Skip
2,talk,38,2,15,Skip
2,talk,39,3,5,Skip
2,talk,40,3,3,Skip
2,talk,41,3,12,Skip
2,talk,42,3,6,Over
2,talk,43,3,10,VOTE Agent[12]
2,talk,44,3,4,Over
2,talk,45,3,2,Over
2,talk,46,3,13,Skip
2,talk,47,3,1,VOTE Agent[12]
2,talk,48,3,11,REQUEST ANY (VOTE Agent[14])
2,talk,49,3,9,Over
2,talk,50,3,14,Over
2,talk,51,3,15,Skip
2,talk,52,4,6,Over
2,talk,53,4,10,VOTE Agent[12]
2,talk,54,4,2,Over
2,talk,55,4,4,Over
2,talk,56,4,3,Over
2,talk,57,4,15,Over
2,talk,58,4,12,Over
2,talk,59,4,5,Over
2,talk,60,4,1,VOTE Agent[12]
2,talk,61,4,13,Over
2,talk,62,4,14,Over
2,talk,63,4,11,Skip
2,talk,64,4,9,Over
2,talk,65,5,11,Skip
2,talk,66,5,15,Over
2,talk,67,5,1,VOTE Agent[12]
2,talk,68,5,5,Over
2,talk,69,5,4,Over
2,talk,70,5,6,Over
2,talk,71,5,12,Over
2,talk,72,5,3,Over
2,talk,73,5,9,Over
2,talk,74,5,2,Over
2,talk,75,5,13,Over
2,talk,76,5,14,Over
2,talk,77,5,10,VOTE Agent[12]
2,talk,78,6,10,VOTE Agent[12]
2,talk,79,6,5,Over
2,talk,80,6,13,Over
2,talk,81,6,14,Over
2,talk,82,6,1,VOTE Agent[12]
2,talk,83,6,12,Over
2,talk,84,6,9,Over
2,talk,85,6,15,Over
2,talk,86,6,2,Over
2,talk,87,6,3,Over
2,talk,88,6,4,Over
2,talk,89,6,11,Over
2,talk,90,6,6,Over
2,talk,91,7,3,Over
2,talk,92,7,9,Over
2,talk,93,7,12,Over
2,talk,94,7,14,Over
2,talk,95,7,11,Over
2,talk,96,7,5,Over
2,talk,97,7,1,VOTE Agent[12]
2,talk,98,7,10,VOTE Agent[12]
2,talk,99,7,2,Over
2,talk,100,7,4,Over
2,talk,101,7,13,Over
2,talk,102,7,6,Over
2,talk,103,7,15,Over
2,talk,104,8,10,VOTE Agent[12]
2,talk,105,8,1,VOTE Agent[12]
2,talk,106,8,11,Over
2,talk,107,8,9,Over
2,talk,108,8,13,Over
2,talk,109,8,5,Over
2,talk,110,8,14,Over
2,talk,111,8,12,Over
2,talk,112,8,15,Over
2,talk,113,8,2,Over
2,talk,114,8,4,Over
2,talk,115,8,6,Over
2,talk,116,8,3,Over
2,talk,117,9,11,Over
2,talk,118,9,6,Over
2,talk,119,9,1,Over
2,talk,120,9,5,Over
2,talk,121,9,4,Over
2,talk,122,9,10,Over
2,talk,123,9,12,Over
2,talk,124,9,14,Over
2,talk,125,9,3,Over
2,talk,126,9,9,Over
2,talk,127,9,2,Over
2,talk,128,9,15,Over
2,talk,129,9,13,Over
2,vote,1,12
2,vote,2,1
2,vote,3,13
2,vote,4,3
2,vote,5,12
2,vote,6,4
2,vote,9,10
2,vote,10,12
2,vote,11,13
2,vote,12,15
2,vote,13,12
2,vote,14,13
2,vote,15,13
2,vote,1,12
2,vote,2,1
2,vote,3,12
2,vote,4,3
2,vote,5,12
2,vote,6,4
2,vote,9,10
2,vote,10,12
2,vote,11,12
2,vote,12,13
2,vote,13,12
2,vote,14,13
2,vote,15,13
2,execute,12,VILLAGER
2,divine,1,2,HUMAN
2,whisper,0,0,5,ATTACK Agent[11]
2,whisper,1,0,6,ATTACK Agent[15]
2,whisper,2,0,13,ATTACK Agent[15]
2,whisper,3,1,6,Skip
2,whisper,4,1,13,Skip
2,whisper,5,1,5,Skip
2,whisper,6,2,5,Skip
2,whisper,7,2,13,Skip
2,whisper,8,2,6,Skip
2,whisper,9,3,13,Over
2,whisper,10,3,5,Over
2,whisper,11,3,6,Over
2,guard,10,13,WEREWOLF
2,attackVote,5,11
2,attackVote,6,15
2,attackVote,13,15
2,attack,15,true
3,status,1,SEER,ALIVE,OKAMI
3,status,2,VILLAGER,ALIVE,sample_py
3,status,3,VILLAGER,ALIVE,SampleJava1
3,status,4,VILLAGER,ALIVE,sample_py
3,status,5,WEREWOLF,ALIVE,SampleJava3
3,status,6,WEREWOLF,ALIVE,sample_py
3,status,7,VILLAGER,DEAD,OKAMI
3,status,8,VILLAGER,DEAD,OKAMI
3,status,9,VILLAGER,ALIVE,TOKU11
3,status,10,BODYGUARD,ALIVE,OKAMI
3,status,11,MEDIUM,ALIVE,SampleJava6
3,status,12,VILLAGER,DEAD,SampleJava13
3,status,13,WEREWOLF,ALIVE,Tomato14
3,status,14,VILLAGER,ALIVE,sample_py
3,status,15,POSSESSED,DEAD,sample_py
3,talk,0,0,10,VOTE Agent[14]
3,talk,1,0,3,VOTE Agent[14]
3,talk,2,0,14,VOTE Agent[06]
3,talk,3,0,9,VOTE Agent[10]
3,talk,4,0,6,VOTE Agent[13]
3,talk,5,0,5,VOTE Agent[12]
3,talk,6,0,13,DIVINED Agent[06] WEREWOLF
3,talk,7,0,4,VOTE Agent[06]
3,talk,8,0,1,VOTE Agent[06]
3,talk,9,0,2,VOTE Agent[06]
3,talk,10,0,11,DAY 3 (IDENTIFIED Agent[12] HUMAN)
3,talk,11,1,3,REQUEST ANY (VOTE Agent[14])
3,talk,12,1,5,REQUEST ANY (VOTE Agent[12])
3,talk,13,1,10,VOTE Agent[06]
3,talk,14,1,11,IDENTIFIED Agent[12] HUMAN
3,talk,15,1,13,VOTE Agent[14]
3,talk,16,1,14,Skip
3,talk,17,1,2,Skip
3,talk,18,1,4,Skip
3,talk,19,1,6,Skip
3,talk,20,1,1,VOTE Agent[06]
3,talk,21,1,9,Skip
3,talk,22,2,11,VOTE Agent[04]
3,talk,23,2,10,VOTE Agent[06]
3,talk,24,2,1,VOTE Agent[06]
3,talk,25,2,14,Skip
3,talk,26,2,2,Skip
3,talk,27,2,9,Skip
3,talk,28,2,13,VOTE Agent[10]
3,talk,29,2,3,Skip
3,talk,30,2,5,Skip
3,talk,31,2,4,Skip
3,talk,32,2,6,Skip
3,talk,33,3,11,REQUEST ANY (VOTE Agent[04])
3,talk,34,3,14,Over
3,talk,35,3,2,Over
3,talk,36,3,5,Skip
3,talk,37,3,9,Over
3,talk,38,3,4,Over
3,talk,39,3,10,VOTE Agent[06]
3,talk,40,3,3,Skip
3,talk,41,3,1,VOTE Agent[06]
3,talk,42,3,6,Over
3,talk,43,3,13,VOTE Agent[04]
3,talk,44,4,10,VOTE Agent[06]
3,talk,45,4,11,Skip
3,talk,46,4,1,VOTE Agent[06]
3,talk,47,4,3,Over
3,talk,48,4,9,Over
3,talk,49,4,2,Over
3,talk,50,4,5,Over
3,talk,51,4,6,Over
3,talk,52,4,14,Over
3,talk,53,4,13,Skip
3,talk,54,4,4,Over
3,talk,55,5,5,Over
3,talk,56,5,10,VOTE Agent[06]
3,talk,57,5,9,Over
3,talk,58,5,6,Over
3,talk,59,5,13,VOTE Agent[10]
3,talk,60,5,11,Skip
3,talk,61,5,3,Over
3,talk,62,5,14,Over
3,talk,63,5,2,Over
3,talk,64,5,1,VOTE Agent[06]
3,talk,65,5,4,Over
3,talk,66,6,11,Over
3,talk,67,6,9,Over
3,talk,68,6,13,VOTE Agent[04]
3,talk,69,6,6,Over
3,talk,70,6,10,VOTE Agent[06]
3,talk,71,6,4,Over
3,talk,72,6,1,VOTE Agent[06]
3,talk,73,6,5,Over
3,talk,74,6,3,Over
3,talk,75,6,14,Over
3,talk,76,6,2,Over
3,talk,77,7,5,Over
3,talk,78,7,6,Over
3,talk,79,7,2,Over
3,talk,80,7,10,VOTE Agent[06]
3,talk,81,7,3,Over
3,talk,82,7,14,Over
3,talk,83,7,11,Over
3,talk,84,7,4,Over
3,talk,85,7,1,VOTE Agent[06]
3,talk,86,7,9,Over
3,talk,87,7,13,VOTE Agent[10]
3,talk,88,8,3,Over
3,talk,89,8,11,Over
3,talk,90,8,1,VOTE Agent[06]
3,talk,91,8,4,Over
3,talk,92,8,13,VOTE Agent[14]
3,talk,93,8,2,Over
3,talk,94,8,14,Over
3,talk,95,8,9,Over
3,talk,96,8,10,VOTE Agent[06]
3,talk,97,8,6,Over
3,talk,98,8,5,Over
3,talk,99,9,5,Over
3,talk,100,9,11,Over
3,talk,101,9,10,Over
3,talk,102,9,9,Over
3,talk,103,9,1,Over
3,talk,104,9,14,Over
3,talk,105,9,6,Over
3,talk,106,9,4,Over
3,talk,107,9,3,Over
3,talk,108,9,2,Over
3,talk,109,9,13,VOTE Agent[04]
3,talk,110,10,5,Over
3,talk,111,10,14,Over
3,talk,112,10,2,Over
3,talk,113,10,11,Over
3,talk,114,10,13,Skip
3,talk,115,10,6,Over
3,talk,116,10,1,Over
3,talk,117,10,4,Over
3,talk,118,10,3,Over
3,talk,119,10,10,Over
3,talk,120,10,9,Over
3,talk,121,11,9,Over
3,talk,122,11,10,Over
3,talk,123,11,5,Over
3,talk,124,11,2,Over
3,talk,125,11,3,Over
3,talk,126,11,4,Over
3,talk,127,11,6,Over
3,talk,128,11,13,Skip
3,talk,129,11,14,Over
3,talk,130,11,11,Over
3,talk,131,11,1,Over
3,talk,132,12,3,Over
3,talk,133,12,10,Over
3,talk,134,12,6,Over
3,talk,135,12,1,Over
3,talk,136,12,2,Over
3,talk,137,12,14,Over
3,talk,138,12,13,Over
3,talk,139,12,11,Over
3,talk,140,12,5,Over
3,talk,141,12,9,Over
3,talk,142,12,4,Over
3,vote,1,6
3,vote,2,6
3,vote,3,4
3,vote,4,6
3,vote,5,10
3,vote,6,13
3,vote,9,10
3,vote,10,6
3,vote,11,14
3,vote,13,4
3,vote,14,6
3,execute,6,WEREWOLF
3,divine,1,10,HUMAN
3,whisper,0,0,5,BECAUSE (Agent[11] COMINGOUT Agent[11] MEDIUM) (ATTACK Agent[11])
3,whisper,1,0,13,ATTACK Agent[11]
3,whisper,2,1,13,Skip
3,whisper,3,1,5,ATTACK Agent[11]
3,whisper,4,2,5,Skip
3,whisper,5,2,13,Skip
3,whisper,6,3,13,Over
3,whisper,7,3,5,Skip
3,whisper,8,4,5,Over
3,whisper,9,4,13,Over
3,guard,10,13,WEREWOLF
3,attackVote,5,11
3,attackVote,13,11
3,attack,11,true
4,status,1,SEER,ALIVE,OKAMI
4,status,2,VILLAGER,ALIVE,sample_py
4,status,3,VILLAGER,ALIVE,SampleJava1
4,status,4,VILLAGER,ALIVE,sample_py
4,status,5,WEREWOLF,ALIVE,SampleJava3
4,status,6,WEREWOLF,DEAD,sample_py
4,status,7,VILLAGER,DEAD,OKAMI
4,status,8,VILLAGER,DEAD,OKAMI
4,status,9,VILLAGER,ALIVE,TOKU11
4,status,10,BODYGUARD,ALIVE,OKAMI
4,status,11,MEDIUM,DEAD,SampleJava6
4,status,12,VILLAGER,DEAD,SampleJava13
4,status,13,WEREWOLF,ALIVE,Tomato14
4,status,14,VILLAGER,ALIVE,sample_py
4,status,15,POSSESSED,DEAD,sample_py
4,talk,0,0,2,VOTE Agent[09]
4,talk,1,0,4,VOTE Agent[02]
4,talk,2,0,5,VOTE Agent[12]
4,talk,3,0,14,VOTE Agent[09]
4,talk,4,0,10,VOTE Agent[02]
4,talk,5,0,1,VOTE Agent[09]
4,talk,6,0,3,VOTE Agent[13]
4,talk,7,0,13,DIVINED Agent[05] HUMAN
4,talk,8,0,9,VOTE Agent[10]
4,talk,9,1,13,VOTE Agent[09]
4,talk,10,1,9,Skip
4,talk,11,1,4,Skip
4,talk,12,1,5,REQUEST ANY (VOTE Agent[12])
4,talk,13,1,14,Skip
4,talk,14,1,3,REQUEST ANY (VOTE Agent[13])
4,talk,15,1,2,Skip
4,talk,16,1,1,VOTE Agent[09]
4,talk,17,1,10,VOTE Agent[02]
4,talk,18,2,14,Skip
4,talk,19,2,2,Skip
4,talk,20,2,4,Skip
4,talk,21,2,1,VOTE Agent[09]
4,talk,22,2,5,Skip
4,talk,23,2,9,Skip
4,talk,24,2,10,VOTE Agent[02]
4,talk,25,2,3,Skip
4,talk,26,2,13,Skip
4,talk,27,3,13,Skip
4,talk,28,3,14,Over
4,talk,29,3,4,Over
4,talk,30,3,5,Skip
4,talk,31,3,2,Over
4,talk,32,3,9,Over
4,talk,33,3,3,Skip
4,talk,34,3,10,VOTE Agent[02]
4,talk,35,3,1,VOTE Agent[09]
4,talk,36,4,13,Over
4,talk,37,4,2,Over
4,talk,38,4,3,Over
4,talk,39,4,10,VOTE Agent[02]
4,talk,40,4,4,Over
4,talk,41,4,1,VOTE Agent[09]
4,talk,42,4,5,Over
4,talk,43,4,14,Over
4,talk,44,4,9,Over
4,talk,45,5,3,Over
4,talk,46,5,14,Over
4,talk,47,5,13,Over
4,talk,48,5,9,Over
4,talk,49,5,4,Over
4,talk,50,5,1,VOTE Agent[09]
4,talk,51,5,5,Over
4,talk,52,5,2,Over
4,talk,53,5,10,VOTE Agent[02]
4,talk,54,6,13,Over
4,talk,55,6,14,Over
4,talk,56,6,4,Over
4,talk,57,6,10,VOTE Agent[02]
4,talk,58,6,3,Over
4,talk,59,6,2,Over
4,talk,60,6,5,Over
4,talk,61,6,1,VOTE Agent[09]
4,talk,62,6,9,Over
4,talk,63,7,9,Over
4,talk,64,7,5,Over
4,talk,65,7,4,Over
4,talk,66,7,1,VOTE Agent[09]
4,talk,67,7,2,Over
4,talk,68,7,13,Over
4,talk,69,7,3,Over
4,talk,70,7,10,VOTE Agent[02]
4,talk,71,7,14,Over
4,talk,72,8,9,Over
4,talk,73,8,2,Over
4,talk,74,8,4,Over
4,talk,75,8,13,Over
4,talk,76,8,10,VOTE Agent[02]
4,talk,77,8,14,Over
4,talk,78,8,5,Over
4,talk,79,8,1,VOTE Agent[09]
4,talk,80,8,3,Over
4,talk,81,9,13,Over
4,talk,82,9,5,Over
4,talk,83,9,2,Over
4,talk,84,9,3,Over
4,talk,85,9,9,Over
4,talk,86,9,10,Over
4,talk,87,9,14,Over
4,talk,88,9,1,Over
4,talk,89,9,4,Over
4,vote,1,9
4,vote,2,9
4,vote,3,1
4,vote,4,2
4,vote,5,10
4,vote,9,10
4,vote,10,2
4,vote,13,9
4,vote,14,9
4,execute,9,VILLAGER
4,divine,1,10,HUMAN
4,whisper,0,0,13,ATTACK Agent[03]
4,whisper,1,0,5,ATTACK Agent[04]
4,whisper,2,1,5,Skip
4,whisper,3,1,13,Skip
4,whisper,4,2,13,Skip
4,whisper,5,2,5,Skip
4,whisper,6,3,5,Over
4,whisper,7,3,13,Over
4,guard,10,13,WEREWOLF
4,attackVote,5,4
4,attackVote,13,3
4,attackVote,5,4
4,attackVote,13,3
4,attack,3,true
5,status,1,SEER,ALIVE,OKAMI
5,status,2,VILLAGER,ALIVE,sample_py
5,status,3,VILLAGER,DEAD,SampleJava1
5,status,4,VILLAGER,ALIVE,sample_py
5,status,5,WEREWOLF,ALIVE,SampleJava3
5,status,6,WEREWOLF,DEAD,sample_py
5,status,7,VILLAGER,DEAD,OKAMI
5,status,8,VILLAGER,DEAD,OKAMI
5,status,9,VILLAGER,DEAD,TOKU11
5,status,10,BODYGUARD,ALIVE,OKAMI
5,status,11,MEDIUM,DEAD,SampleJava6
5,status,12,VILLAGER,DEAD,SampleJava13
5,status,13,WEREWOLF,ALIVE,Tomato14
5,status,14,VILLAGER,ALIVE,sample_py
5,status,15,POSSESSED,DEAD,sample_py
5,talk,0,0,14,VOTE Agent[05]
5,talk,1,0,10,VOTE Agent[02]
5,talk,2,0,4,VOTE Agent[13]
5,talk,3,0,5,VOTE Agent[12]
5,talk,4,0,1,VOTE Agent[05]
5,talk,5,0,2,VOTE Agent[05]
5,talk,6,0,13,DIVINED Agent[10] HUMAN
5,talk,7,1,2,Skip
5,talk,8,1,10,VOTE Agent[13]
5,talk,9,1,14,Skip
5,talk,10,1,5,REQUEST ANY (VOTE Agent[12])
5,talk,11,1,4,Skip
5,talk,12,1,13,VOTE Agent[05]
5,talk,13,1,1,VOTE Agent[05]
5,talk,14,2,4,Skip
5,talk,15,2,14,Skip
5,talk,16,2,13,Skip
5,talk,17,2,1,VOTE Agent[05]
5,talk,18,2,5,Skip
5,talk,19,2,2,Skip
5,talk,20,2,10,VOTE Agent[13]
5,talk,21,3,5,Skip
5,talk,22,3,10,VOTE Agent[13]
5,talk,23,3,1,VOTE Agent[05]
5,talk,24,3,13,Skip
5,talk,25,3,4,Over
5,talk,26,3,14,Over
5,talk,27,3,2,Over
5,talk,28,4,5,Over
5,talk,29,4,2,Over
5,talk,30,4,14,Over
5,talk,31,4,10,VOTE Agent[13]
5,talk,32,4,1,VOTE Agent[05]
5,talk,33,4,4,Over
5,talk,34,4,13,Over
5,talk,35,5,13,Over
5,talk,36,5,14,Over
5,talk,37,5,10,VOTE Agent[13]
5,talk,38,5,2,Over
5,talk,39,5,5,Over
5,talk,40,5,1,VOTE Agent[05]
5,talk,41,5,4,Over
5,talk,42,6,1,VOTE Agent[05]
5,talk,43,6,5,Over
5,talk,44,6,4,Over
5,talk,45,6,14,Over
5,talk,46,6,10,VOTE Agent[13]
5,talk,47,6,13,Over
5,talk,48,6,2,Over
5,talk,49,7,14,Over
5,talk,50,7,4,Over
5,talk,51,7,5,Over
5,talk,52,7,2,Over
5,talk,53,7,1,VOTE Agent[05]
5,talk,54,7,13,Over
5,talk,55,7,10,VOTE Agent[13]
5,talk,56,8,13,Over
5,talk,57,8,2,Over
5,talk,58,8,10,VOTE Agent[13]
5,talk,59,8,1,VOTE Agent[05]
5,talk,60,8,14,Over
5,talk,61,8,4,Over
5,talk,62,8,5,Over
5,talk,63,9,1,Over
5,talk,64,9,2,Over
5,talk,65,9,10,Over
5,talk,66,9,5,Over
5,talk,67,9,13,Over
5,talk,68,9,4,Over
5,talk,69,9,14,Over
5,vote,1,5
5,vote,2,5
5,vote,4,13
5,vote,5,14
5,vote,10,13
5,vote,13,5
5,vote,14,5
5,execute,5,WEREWOLF
5,divine,1,1,HUMAN
5,guard,10,13,WEREWOLF
5,attack,2,true
6,status,1,SEER,ALIVE,OKAMI
6,status,2,VILLAGER,DEAD,sample_py
6,status,3,VILLAGER,DEAD,SampleJava1
6,status,4,VILLAGER,ALIVE,sample_py
6,status,5,WEREWOLF,DEAD,SampleJava3
6,status,6,WEREWOLF,DEAD,sample_py
6,status,7,VILLAGER,DEAD,OKAMI
6,status,8,VILLAGER,DEAD,OKAMI
6,status,9,VILLAGER,DEAD,TOKU11
6,status,10,BODYGUARD,ALIVE,OKAMI
6,status,11,MEDIUM,DEAD,SampleJava6
6,status,12,VILLAGER,DEAD,SampleJava13
6,status,13,WEREWOLF,ALIVE,Tomato14
6,status,14,VILLAGER,ALIVE,sample_py
6,status,15,POSSESSED,DEAD,sample_py
6,talk,0,0,4,VOTE Agent[14]
6,talk,1,0,13,DIVINED Agent[01] HUMAN
6,talk,2,0,10,VOTE Agent[14]
6,talk,3,0,14,VOTE Agent[04]
6,talk,4,0,1,VOTE Agent[04]
6,talk,5,1,14,Skip
6,talk,6,1,1,VOTE Agent[04]
6,talk,7,1,10,VOTE Agent[14]
6,talk,8,1,13,VOTE Agent[04]
6,talk,9,1,4,Skip
6,talk,10,2,1,VOTE Agent[04]
6,talk,11,2,14,Skip
6,talk,12,2,13,Skip
6,talk,13,2,4,Skip
6,talk,14,2,10,VOTE Agent[14]
6,talk,15,3,13,Skip
6,talk,16,3,1,VOTE Agent[04]
6,talk,17,3,10,VOTE Agent[14]
6,talk,18,3,4,Over
6,talk,19,3,14,Over
6,talk,20,4,10,VOTE Agent[14]
6,talk,21,4,13,Over
6,talk,22,4,4,Over
6,talk,23,4,14,Over
6,talk,24,4,1,VOTE Agent[04]
6,talk,25,5,4,Over
6,talk,26,5,13,Over
6,talk,27,5,1,VOTE Agent[04]
6,talk,28,5,14,Over
6,talk,29,5,10,VOTE Agent[14]
6,talk,30,6,1,VOTE Agent[14]
6,talk,31,6,14,Over
6,talk,32,6,4,Over
6,talk,33,6,10,VOTE Agent[14]
6,talk,34,6,13,VOTE Agent[14]
6,talk,35,7,14,Over
6,talk,36,7,1,VOTE Agent[04]
6,talk,37,7,4,Over
6,talk,38,7,10,VOTE Agent[14]
6,talk,39,7,13,VOTE Agent[04]
6,talk,40,8,10,VOTE Agent[14]
6,talk,41,8,1,VOTE Agent[14]
6,talk,42,8,13,VOTE Agent[14]
6,talk,43,8,14,Over
6,talk,44,8,4,Over
6,talk,45,9,13,Skip
6,talk,46,9,14,Over
6,talk,47,9,4,Over
6,talk,48,9,10,Over
6,talk,49,9,1,Over
6,talk,50,10,14,Over
6,talk,51,10,13,Skip
6,talk,52,10,10,Over
6,talk,53,10,4,Over
6,talk,54,10,1,Over
6,talk,55,11,4,Over
6,talk,56,11,13,Over
6,talk,57,11,10,Over
6,talk,58,11,1,Over
6,talk,59,11,14,Over
6,vote,1,4
6,vote,4,14
6,vote,10,14
6,vote,13,14
6,vote,14,4
6,execute,14,VILLAGER
6,divine,1,4,HUMAN
6,guard,10,13,WEREWOLF
6,attack,10,true
7,status,1,SEER,ALIVE,OKAMI
7,status,2,VILLAGER,DEAD,sample_py
7,status,3,VILLAGER,DEAD,SampleJava1
7,status,4,VILLAGER,ALIVE,sample_py
7,status,5,WEREWOLF,DEAD,SampleJava3
7,status,6,WEREWOLF,DEAD,sample_py
7,status,7,VILLAGER,DEAD,OKAMI
7,status,8,VILLAGER,DEAD,OKAMI
7,status,9,VILLAGER,DEAD,TOKU11
7,status,10,BODYGUARD,DEAD,OKAMI
7,status,11,MEDIUM,DEAD,SampleJava6
7,status,12,VILLAGER,DEAD,SampleJava13
7,status,13,WEREWOLF,ALIVE,Tomato14
7,status,14,VILLAGER,DEAD,sample_py
7,status,15,POSSESSED,DEAD,sample_py
7,talk,0,0,1,VOTE Agent[13]
7,talk,1,0,4,VOTE Agent[01]
7,talk,2,0,13,DIVINED Agent[04] HUMAN
7,talk,3,1,1,VOTE Agent[15]
7,talk,4,1,13,VOTE Agent[01]
7,talk,5,1,4,Skip
7,talk,6,2,1,VOTE Agent[13]
7,talk,7,2,13,Skip
7,talk,8,2,4,Skip
7,talk,9,3,13,Skip
7,talk,10,3,4,Over
7,talk,11,3,1,VOTE Agent[15]
7,talk,12,4,1,VOTE Agent[15]
7,talk,13,4,4,Over
7,talk,14,4,13,Over
7,talk,15,5,13,Over
7,talk,16,5,1,VOTE Agent[13]
7,talk,17,5,4,Over
7,talk,18,6,4,Over
7,talk,19,6,13,Over
7,talk,20,6,1,VOTE Agent[13]
7,talk,21,7,1,VOTE Agent[15]
7,talk,22,7,13,Over
7,talk,23,7,4,Over
7,talk,24,8,4,Over
7,talk,25,8,1,VOTE Agent[13]
7,talk,26,8,13,Over
7,talk,27,9,1,Over
7,talk,28,9,13,Over
7,talk,29,9,4,Over
7,vote,1,13
7,vote,4,1
7,vote,13,1
7,execute,1,SEER
7,attack,4,true
8,status,1,SEER,DEAD,OKAMI
8,status,2,VILLAGER,DEAD,sample_py
8,status,3,VILLAGER,DEAD,SampleJava1
8,status,4,VILLAGER,DEAD,sample_py
8,status,5,WEREWOLF,DEAD,SampleJava3
8,status,6,WEREWOLF,DEAD,sample_py
8,status,7,VILLAGER,DEAD,OKAMI
8,status,8,VILLAGER,DEAD,OKAMI
8,status,9,VILLAGER,DEAD,TOKU11
8,status,10,BODYGUARD,DEAD,OKAMI
8,status,11,MEDIUM,DEAD,SampleJava6
8,status,12,VILLAGER,DEAD,SampleJava13
8,status,13,WEREWOLF,ALIVE,Tomato14
8,status,14,VILLAGER,DEAD,sample_py
8,status,15,POSSESSED,DEAD,sample_py
8,result,0,1,WEREWOLF
