0,status,1,BODYGUARD,ALIVE,Takeda1
0,status,2,POSSESSED,ALIVE,TOKU2
0,status,3,VILLAGER,ALIVE,SampleJava4
0,status,4,VILLAGER,ALIVE,sample_py
0,status,5,VILLAGER,ALIVE,HALU
0,status,6,VILLAGER,ALIVE,TOKU10
0,status,7,VILLAGER,ALIVE,TOKU3
0,status,8,WEREWOLF,ALIVE,HALU
0,status,9,SEER,ALIVE,OKAMI
0,status,10,MEDIUM,ALIVE,sample_py
0,status,11,VILLAGER,ALIVE,TOKU14
0,status,12,WEREWOLF,ALIVE,Takeda12
0,status,13,VILLAGER,ALIVE,Takeda0
0,status,14,VILLAGER,ALIVE,TOKU5
0,status,15,WEREWOLF,ALIVE,Tomato9
0,whisper,0,0,8,COMINGOUT Agent[08] MEDIUM
0,whisper,1,0,15,COMINGOUT Agent[15] VILLAGER
0,whisper,2,0,12,Skip
0,whisper,3,1,12,Skip
0,whisper,4,1,15,Skip
0,whisper,5,1,8,Skip
0,whisper,6,2,8,Skip
0,whisper,7,2,12,Over
0,whisper,8,2,15,COMINGOUT Agent[15] SEER
0,whisper,9,3,8,Over
0,whisper,10,3,15,Skip
0,whisper,11,3,12,Over
0,whisper,12,4,12,Over
0,whisper,13,4,15,Skip
0,whisper,14,4,8,Over
0,whisper,15,5,15,Over
0,whisper,16,5,12,Over
0,whisper,17,5,8,Over
0,divine,9,1,HUMAN
1,status,1,BODYGUARD,ALIVE,Takeda1
1,status,2,POSSESSED,ALIVE,TOKU2
1,status,3,VILLAGER,ALIVE,SampleJava4
1,status,4,VILLAGER,ALIVE,sample_py
1,status,5,VILLAGER,ALIVE,HALU
1,status,6,VILLAGER,ALIVE,TOKU10
1,status,7,VILLAGER,ALIVE,TOKU3
1,status,8,WEREWOLF,ALIVE,HALU
1,status,9,SEER,ALIVE,OKAMI
1,status,10,MEDIUM,ALIVE,sample_py
1,status,11,VILLAGER,ALIVE,TOKU14
1,status,12,WEREWOLF,ALIVE,Takeda12
1,status,13,VILLAGER,ALIVE,Takeda0
1,status,14,VILLAGER,ALIVE,TOKU5
1,status,15,WEREWOLF,ALIVE,Tomato9
1,talk,0,0,14,VOTE Agent[03]
1,talk,1,0,2,COMINGOUT Agent[02] SEER
1,talk,2,0,4,VOTE Agent[05]
1,talk,3,0,15,COMINGOUT Agent[15] SEER
1,talk,4,0,12,VOTE Agent[03]
1,talk,5,0,8,COMINGOUT Agent[08] MEDIUM
1,talk,6,0,13,VOTE Agent[03]
1,talk,7,0,7,VOTE Agent[03]
1,talk,8,0,5,VOTE Agent[07]
1,talk,9,0,6,VOTE Agent[07]
1,talk,10,0,10,VOTE Agent[08]
1,talk,11,0,11,VOTE Agent[08]
1,talk,12,0,1,VOTE Agent[08]
1,talk,13,0,9,VOTE Agent[08]
1,talk,14,0,3,VOTE Agent[08]
1,talk,15,1,6,VOTE Agent[10]
1,talk,16,1,15,DIVINED Agent[05] HUMAN
1,talk,17,1,1,Skip
1,talk,18,1,10,Skip
1,talk,19,1,4,Skip
1,talk,20,1,5,VOTE Agent[07]
1,talk,21,1,11,Skip
1,talk,22,1,2,DIVINED Agent[05] WEREWOLF
1,talk,23,1,3,REQUEST ANY (VOTE Agent[08])
1,talk,24,1,13,VOTE Agent[06]
1,talk,25,1,7,Skip
1,talk,26,1,8,VOTE Agent[05]
1,talk,27,1,14,VOTE Agent[10]
1,talk,28,1,12,Skip
1,talk,29,1,9,VOTE Agent[05]
1,talk,30,2,4,Skip
1,talk,31,2,3,Skip
1,talk,32,2,13,VOTE Agent[09]
1,talk,33,2,12,VOTE Agent[07]
1,talk,34,2,6,VOTE Agent[07]
1,talk,35,2,14,VOTE Agent[07]
1,talk,36,2,15,VOTE Agent[07]
1,talk,37,2,11,VOTE Agent[07]
1,talk,38,2,7,VOTE Agent[11]
1,talk,39,2,8,VOTE Agent[05]
1,talk,40,2,1,Skip
1,talk,41,2,2,VOTE Agent[05]
1,talk,42,2,9,VOTE Agent[05]
1,talk,43,2,5,VOTE Agent[07]
1,talk,44,2,10,Skip
1,talk,45,3,7,VOTE Agent[09]
1,talk,46,3,14,Skip
1,talk,47,3,4,Over
1,talk,48,3,1,VOTE Agent[07]
1,talk,49,3,2,Skip
1,talk,50,3,5,VOTE Agent[14]
1,talk,51,3,15,Skip
1,talk,52,3,13,VOTE Agent[07]
1,talk,53,3,9,VOTE Agent[05]
1,talk,54,3,10,Over
1,talk,55,3,12,Skip
1,talk,56,3,3,Skip
1,talk,57,3,11,Skip
1,talk,58,3,8,VOTE Agent[05]
1,talk,59,3,6,Skip
1,talk,60,4,8,VOTE Agent[05]
1,talk,61,4,12,Skip
1,talk,62,4,9,VOTE Agent[05]
1,talk,63,4,13,Skip
1,talk,64,4,14,Skip
1,talk,65,4,10,Over
1,talk,66,4,11,Skip
1,talk,67,4,4,Over
1,talk,68,4,5,VOTE Agent[13]
1,talk,69,4,3,Over
1,talk,70,4,15,Skip
1,talk,71,4,1,Skip
1,talk,72,4,7,Skip
1,talk,73,4,2,Skip
1,talk,74,4,6,Skip
1,talk,75,5,15,Over
1,talk,76,5,8,VOTE Agent[05]
1,talk,77,5,11,Over
1,talk,78,5,10,Over
1,talk,79,5,2,Over
1,talk,80,5,14,Over
1,talk,81,5,7,Skip
1,talk,82,5,9,VOTE Agent[05]
1,talk,83,5,13,Skip
1,talk,84,5,5,VOTE Agent[13]
1,talk,85,5,12,Over
1,talk,86,5,1,Skip
1,talk,87,5,3,Over
1,talk,88,5,6,Over
1,talk,89,5,4,Over
1,talk,90,6,5,VOTE Agent[13]
1,talk,91,6,3,Over
1,talk,92,6,11,Over
1,talk,93,6,14,Over
1,talk,94,6,9,VOTE Agent[05]
1,talk,95,6,10,Over
1,talk,96,6,2,Over
1,talk,97,6,6,Over
1,talk,98,6,13,Over
1,talk,99,6,12,Over
1,talk,100,6,15,Over
1,talk,101,6,7,Over
1,talk,102,6,1,Over
1,talk,103,6,8,VOTE Agent[05]
1,talk,104,6,4,Over
1,talk,105,7,14,Over
1,talk,106,7,4,Over
1,talk,107,7,8,VOTE Agent[05]
1,talk,108,7,5,VOTE Agent[13]
1,talk,109,7,3,Over
1,talk,110,7,10,Over
1,talk,111,7,6,Over
1,talk,112,7,1,Over
1,talk,113,7,13,Over
1,talk,114,7,7,Over
1,talk,115,7,11,Over
1,talk,116,7,12,Over
1,talk,117,7,9,VOTE Agent[05]
1,talk,118,7,2,Over
1,talk,119,7,15,Over
1,talk,120,8,6,Over
1,talk,121,8,5,VOTE Agent[13]
1,talk,122,8,11,Over
1,talk,123,8,3,Over
1,talk,124,8,12,Over
1,talk,125,8,4,Over
1,talk,126,8,7,Over
1,talk,127,8,9,VOTE Agent[05]
1,talk,128,8,1,Over
1,talk,129,8,15,Over
1,talk,130,8,14,Over
1,talk,131,8,2,Over
1,talk,132,8,8,VOTE Agent[05]
1,talk,133,8,10,Over
1,talk,134,8,13,Over
1,talk,135,9,4,Over
1,talk,136,9,1,Over
1,talk,137,9,15,Over
1,talk,138,9,13,Over
1,talk,139,9,9,Over
1,talk,140,9,5,Over
1,talk,141,9,3,Over
1,talk,142,9,11,Over
1,talk,143,9,2,Over
1,talk,144,9,7,Over
1,talk,145,9,10,Over
1,talk,146,9,8,Over
1,talk,147,9,12,Over
1,talk,148,9,14,Over
1,talk,149,9,6,Over
1,vote,1,7
1,vote,2,9
1,vote,3,2
1,vote,4,5
1,vote,5,13
1,vote,6,7
1,vote,7,12
1,vote,8,5
1,vote,9,5
1,vote,10,8
1,vote,11,7
1,vote,12,7
1,vote,13,7
1,vote,14,7
1,vote,15,7
1,execute,7,VILLAGER
1,divine,9,5,HUMAN
1,whisper,0,0,15,ATTACK Agent[02]
1,whisper,1,0,12,Skip
1,whisper,2,0,8,ATTACK Agent[15]
1,whisper,3,1,12,Skip
1,whisper,4,1,15,Skip
1,whisper,5,1,8,Skip
1,whisper,6,2,15,Skip
1,whisper,7,2,12,Over
1,whisper,8,2,8,Skip
1,whisper,9,3,15,Over
1,whisper,10,3,12,Over
1,whisper,11,3,8,Over
1,guard,1,15,WEREWOLF
1,attackVote,12,5
1,attackVote,15,2
1,attackVote,12,5
1,attackVote,15,2
1,attack,2,true
2,status,1,BODYGUARD,ALIVE,Takeda1
2,status,2,POSSESSED,DEAD,TOKU2
2,status,3,VILLAGER,ALIVE,SampleJava4
2,status,4,VILLAGER,ALIVE,sample_py
2,status,5,VILLAGER,ALIVE,HALU
2,status,6,VILLAGER,ALIVE,TOKU10
2,status,7,VILLAGER,DEAD,TOKU3
2,status,8,WEREWOLF,ALIVE,HALU
2,status,9,SEER,ALIVE,OKAMI
2,status,10,MEDIUM,ALIVE,sample_py
2,status,11,VILLAGER,ALIVE,TOKU14
2,status,12,WEREWOLF,ALIVE,Takeda12
2,status,13,VILLAGER,ALIVE,Takeda0
2,status,14,VILLAGER,ALIVE,TOKU5
2,status,15,WEREWOLF,ALIVE,Tomato9
2,talk,0,0,8,IDENTIFIED Agent[07] HUMAN
2,talk,1,0,1,VOTE Agent[09]
2,talk,2,0,5,VOTE Agent[01]
2,talk,3,0,13,VOTE Agent[09]
2,talk,4,0,11,VOTE Agent[12]
2,talk,5,0,4,VOTE Agent[05]
2,talk,6,0,3,VOTE Agent[04]
2,talk,7,0,14,VOTE Agent[09]
2,talk,8,0,10,VOTE Agent[08]
2,talk,9,0,15,DIVINED Agent[08] WEREWOLF
2,talk,10,0,12,VOTE Agent[09]
2,talk,11,0,6,VOTE Agent[09]
2,talk,12,0,9,VOTE Agent[05]
2,talk,13,1,12,Skip
2,talk,14,1,4,Skip
2,talk,15,1,15,VOTE Agent[09]
2,talk,16,1,3,REQUEST ANY (VOTE Agent[04])
2,talk,17,1,8,VOTE Agent[05]
2,talk,18,1,5,VOTE Agent[05]
2,talk,19,1,10,Skip
2,talk,20,1,14,VOTE Agent[08]
2,talk,21,1,11,VOTE Agent[09]
2,talk,22,1,9,VOTE Agent[05]
2,talk,23,1,6,VOTE Agent[08]
2,talk,24,1,13,VOTE Agent[08]
2,talk,25,1,1,VOTE Agent[08]
2,talk,26,2,13,VOTE Agent[09]
2,talk,27,2,15,VOTE Agent[08]
2,talk,28,2,6,VOTE Agent[09]
2,talk,29,2,8,VOTE Agent[05]
2,talk,30,2,4,Skip
2,talk,31,2,1,VOTE Agent[09]
2,talk,32,2,9,VOTE Agent[05]
2,talk,33,2,14,VOTE Agent[09]
2,talk,34,2,10,Skip
2,talk,35,2,11,Skip
2,talk,36,2,12,Skip
2,talk,37,2,5,VOTE Agent[05]
2,talk,38,2,3,Skip
2,talk,39,3,13,Skip
2,talk,40,3,15,VOTE Agent[09]
2,talk,41,3,8,VOTE Agent[05]
2,talk,42,3,9,VOTE Agent[05]
2,talk,43,3,10,Over
2,talk,44,3,5,VOTE Agent[05]
2,talk,45,3,14,Skip
2,talk,46,3,3,Skip
2,talk,47,3,1,Skip
2,talk,48,3,6,Skip
2,talk,49,3,11,Skip
2,talk,50,3,4,Over
2,talk,51,3,12,Over
2,talk,52,4,5,VOTE Agent[05]
2,talk,53,4,1,Skip
2,talk,54,4,4,Over
2,talk,55,4,15,Skip
2,talk,56,4,3,Over
2,talk,57,4,11,Over
2,talk,58,4,12,Over
2,talk,59,4,10,Over
2,talk,60,4,14,Skip
2,talk,61,4,6,Skip
2,talk,62,4,9,VOTE Agent[05]
2,talk,63,4,8,VOTE Agent[05]
2,talk,64,4,13,Skip
2,talk,65,5,13,Over
2,talk,66,5,15,Skip
2,talk,67,5,3,Over
2,talk,68,5,12,Over
2,talk,69,5,4,Over
2,talk,70,5,8,VOTE Agent[05]
2,talk,71,5,14,Over
2,talk,72,5,6,Over
2,talk,73,5,5,VOTE Agent[05]
2,talk,74,5,9,VOTE Agent[05]
2,talk,75,5,10,Over
2,talk,76,5,1,Over
2,talk,77,5,11,Over
2,talk,78,6,13,Over
2,talk,79,6,4,Over
2,talk,80,6,10,Over
2,talk,81,6,1,Over
2,talk,82,6,5,VOTE Agent[05]
2,talk,83,6,8,VOTE Agent[05]
2,talk,84,6,11,Over
2,talk,85,6,12,Over
2,talk,86,6,9,VOTE Agent[05]
2,talk,87,6,14,Over
2,talk,88,6,3,Over
2,talk,89,6,15,Over
2,talk,90,6,6,Over
2,talk,91,7,13,Over
2,talk,92,7,6,Over
2,talk,93,7,10,Over
2,talk,94,7,8,VOTE Agent[05]
2,talk,95,7,12,Over
2,talk,96,7,3,Over
2,talk,97,7,11,Over
2,talk,98,7,9,VOTE Agent[05]
2,talk,99,7,14,Over
2,talk,100,7,15,Over
2,talk,101,7,1,Over
2,talk,102,7,5,VOTE Agent[05]
2,talk,103,7,4,Over
2,talk,104,8,14,Over
2,talk,105,8,12,Over
2,talk,106,8,5,VOTE Agent[05]
2,talk,107,8,13,Over
2,talk,108,8,6,Over
2,talk,109,8,3,Over
2,talk,110,8,10,Over
2,talk,111,8,8,VOTE Agent[05]
2,talk,112,8,15,Over
2,talk,113,8,11,Over
2,talk,114,8,1,Over
2,talk,115,8,4,Over
2,talk,116,8,9,VOTE Agent[05]
2,talk,117,9,6,Over
2,talk,118,9,9,Over
2,talk,119,9,10,Over
2,talk,120,9,11,Over
2,talk,121,9,12,Over
2,talk,122,9,3,Over
2,talk,123,9,15,Over
2,talk,124,9,13,Over
2,talk,125,9,14,Over
2,talk,126,9,8,Over
2,talk,127,9,1,Over
2,talk,128,9,5,Over
2,talk,129,9,4,Over
2,vote,1,9
2,vote,3,13
2,vote,4,5
2,vote,5,4
2,vote,6,9
2,vote,8,5
2,vote,9,5
2,vote,10,8
2,vote,11,9
2,vote,12,9
2,vote,13,9
2,vote,14,9
2,vote,15,9
2,execute,9,SEER
2,whisper,0,0,8,ATTACK Agent[05]
2,whisper,1,0,12,Skip
2,whisper,2,0,15,ATTACK Agent[05]
2,whisper,3,1,8,Skip
2,whisper,4,1,15,Skip
2,whisper,5,1,12,Skip
2,whisper,6,2,15,Skip
2,whisper,7,2,8,Skip
2,whisper,8,2,12,Over
2,whisper,9,3,12,Over
2,whisper,10,3,8,Over
2,whisper,11,3,15,Over
2,guard,1,15,WEREWOLF
2,attackVote,8,10
2,attackVote,12,5
2,attackVote,15,5
2,attack,5,true
3,status,1,BODYGUARD,ALIVE,Takeda1
3,status,2,POSSESSED,DEAD,TOKU2
3,status,3,VILLAGER,ALIVE,SampleJava4
3,status,4,VILLAGER,ALIVE,sample_py
3,status,5,VILLAGER,DEAD,HALU
3,status,6,VILLAGER,ALIVE,TOKU10
3,status,7,VILLAGER,DEAD,TOKU3
3,status,8,WEREWOLF,ALIVE,HALU
3,status,9,SEER,DEAD,OKAMI
3,status,10,MEDIUM,ALIVE,sample_py
3,status,11,VILLAGER,ALIVE,TOKU14
3,status,12,WEREWOLF,ALIVE,Takeda12
3,status,13,VILLAGER,ALIVE,Takeda0
3,status,14,VILLAGER,ALIVE,TOKU5
3,status,15,WEREWOLF,ALIVE,Tomato9
3,talk,0,0,14,VOTE Agent[06]
3,talk,1,0,13,VOTE Agent[06]
3,talk,2,0,3,VOTE Agent[10]
3,talk,3,0,4,VOTE Agent[08]
3,talk,4,0,10,COMINGOUT Agent[10] MEDIUM
3,talk,5,0,15,DIVINED Agent[04] HUMAN
3,talk,6,0,8,IDENTIFIED Agent[09] HUMAN
3,talk,7,0,1,VOTE Agent[08]
3,talk,8,0,6,VOTE Agent[08]
3,talk,9,0,12,VOTE Agent[06]
3,talk,10,0,11,VOTE Agent[06]
3,talk,11,1,1,Skip
3,talk,12,1,11,VOTE Agent[08]
3,talk,13,1,8,VOTE Agent[10]
3,talk,14,1,4,Skip
3,talk,15,1,13,VOTE Agent[08]
3,talk,16,1,15,VOTE Agent[06]
3,talk,17,1,6,Skip
3,talk,18,1,10,IDENTIFIED Agent[07] HUMAN
3,talk,19,1,3,REQUEST ANY (VOTE Agent[10])
3,talk,20,1,12,Skip
3,talk,21,1,14,VOTE Agent[08]
3,talk,22,2,4,Skip
3,talk,23,2,11,Skip
3,talk,24,2,13,Skip
3,talk,25,2,10,IDENTIFIED Agent[09] HUMAN
3,talk,26,2,1,Skip
3,talk,27,2,15,VOTE Agent[10]
3,talk,28,2,8,VOTE Agent[10]
3,talk,29,2,6,Skip
3,talk,30,2,14,Skip
3,talk,31,2,12,VOTE Agent[08]
3,talk,32,2,3,Skip
3,talk,33,3,3,Skip
3,talk,34,3,14,Skip
3,talk,35,3,10,VOTE Agent[08]
3,talk,36,3,1,Over
3,talk,37,3,6,Over
3,talk,38,3,8,VOTE Agent[10]
3,talk,39,3,15,Skip
3,talk,40,3,12,Skip
3,talk,41,3,13,Skip
3,talk,42,3,11,Skip
3,talk,43,3,4,Over
3,talk,44,4,4,Over
3,talk,45,4,13,Over
3,talk,46,4,14,Over
3,talk,47,4,15,Skip
3,talk,48,4,1,Over
3,talk,49,4,8,VOTE Agent[10]
3,talk,50,4,11,Over
3,talk,51,4,6,Over
3,talk,52,4,12,Skip
3,talk,53,4,3,Over
3,talk,54,4,10,Skip
3,talk,55,5,1,Over
3,talk,56,5,11,Over
3,talk,57,5,13,Over
3,talk,58,5,4,Over
3,talk,59,5,3,Over
3,talk,60,5,10,Skip
3,talk,61,5,14,Over
3,talk,62,5,6,Over
3,talk,63,5,8,VOTE Agent[10]
3,talk,64,5,15,Over
3,talk,65,5,12,Over
3,talk,66,6,8,VOTE Agent[10]
3,talk,67,6,1,Over
3,talk,68,6,10,Over
3,talk,69,6,13,Over
3,talk,70,6,11,Over
3,talk,71,6,3,Over
3,talk,72,6,6,Over
3,talk,73,6,4,Over
3,talk,74,6,14,Over
3,talk,75,6,12,Over
3,talk,76,6,15,Over
3,talk,77,7,15,Over
3,talk,78,7,12,Over
3,talk,79,7,3,Over
3,talk,80,7,14,Over
3,talk,81,7,10,Over
3,talk,82,7,1,Over
3,talk,83,7,8,VOTE Agent[10]
3,talk,84,7,13,Over
3,talk,85,7,6,Over
3,talk,86,7,11,Over
3,talk,87,7,4,Over
3,talk,88,8,6,Over
3,talk,89,8,12,Over
3,talk,90,8,13,Over
3,talk,91,8,15,Over
3,talk,92,8,10,Over
3,talk,93,8,14,Over
3,talk,94,8,8,VOTE Agent[10]
3,talk,95,8,4,Over
3,talk,96,8,3,Over
3,talk,97,8,11,Over
3,talk,98,8,1,Over
3,talk,99,9,14,Over
3,talk,100,9,1,Over
3,talk,101,9,15,Over
3,talk,102,9,10,Over
3,talk,103,9,12,Over
3,talk,104,9,11,Over
3,talk,105,9,6,Over
3,talk,106,9,8,Over
3,talk,107,9,4,Over
3,talk,108,9,3,Over
3,talk,109,9,13,Over
3,vote,1,8
3,vote,3,10
3,vote,4,8
3,vote,6,8
3,vote,8,10
3,vote,10,8
3,vote,11,8
3,vote,12,8
3,vote,13,8
3,vote,14,8
3,vote,15,10
3,execute,8,WEREWOLF
3,whisper,0,0,12,Skip
3,whisper,1,0,15,ATTACK Agent[10]
3,whisper,2,1,15,Skip
3,whisper,3,1,12,Skip
3,whisper,4,2,12,Over
3,whisper,5,2,15,Skip
3,whisper,6,3,15,Over
3,whisper,7,3,12,Over
3,guard,1,14,VILLAGER
3,attackVote,12,14
3,attackVote,15,10
3,attackVote,12,14
3,attackVote,15,10
3,attack,14,false
4,status,1,BODYGUARD,ALIVE,Takeda1
4,status,2,POSSESSED,DEAD,TOKU2
4,status,3,VILLAGER,ALIVE,SampleJava4
4,status,4,VILLAGER,ALIVE,sample_py
4,status,5,VILLAGER,DEAD,HALU
4,status,6,VILLAGER,ALIVE,TOKU10
4,status,7,VILLAGER,DEAD,TOKU3
4,status,8,WEREWOLF,DEAD,HALU
4,status,9,SEER,DEAD,OKAMI
4,status,10,MEDIUM,ALIVE,sample_py
4,status,11,VILLAGER,ALIVE,TOKU14
4,status,12,WEREWOLF,ALIVE,Takeda12
4,status,13,VILLAGER,ALIVE,Takeda0
4,status,14,VILLAGER,ALIVE,TOKU5
4,status,15,WEREWOLF,ALIVE,Tomato9
4,talk,0,0,4,VOTE Agent[06]
4,talk,1,0,11,VOTE Agent[15]
4,talk,2,0,12,VOTE Agent[06]
4,talk,3,0,14,VOTE Agent[15]
4,talk,4,0,3,VOTE Agent[12]
4,talk,5,0,6,VOTE Agent[15]
4,talk,6,0,1,VOTE Agent[15]
4,talk,7,0,13,VOTE Agent[15]
4,talk,8,0,10,IDENTIFIED Agent[08] WEREWOLF
4,talk,9,0,15,DIVINED Agent[14] HUMAN
4,talk,10,1,4,Skip
4,talk,11,1,15,VOTE Agent[06]
4,talk,12,1,12,VOTE Agent[15]
4,talk,13,1,3,REQUEST ANY (VOTE Agent[12])
4,talk,14,1,1,Skip
4,talk,15,1,11,Skip
4,talk,16,1,6,Skip
4,talk,17,1,13,Skip
4,talk,18,1,10,VOTE Agent[06]
4,talk,19,1,14,Skip
4,talk,20,2,10,Skip
4,talk,21,2,13,Skip
4,talk,22,2,15,Skip
4,talk,23,2,11,Skip
4,talk,24,2,3,Skip
4,talk,25,2,1,Skip
4,talk,26,2,6,Skip
4,talk,27,2,4,Skip
4,talk,28,2,12,Skip
4,talk,29,2,14,Skip
4,talk,30,3,15,Skip
4,talk,31,3,6,Over
4,talk,32,3,13,Over
4,talk,33,3,11,Over
4,talk,34,3,10,Skip
4,talk,35,3,14,Over
4,talk,36,3,12,Skip
4,talk,37,3,3,Skip
4,talk,38,3,4,Over
4,talk,39,3,1,Over
4,talk,40,4,15,Over
4,talk,41,4,10,Over
4,talk,42,4,13,Over
4,talk,43,4,3,Over
4,talk,44,4,1,Over
4,talk,45,4,6,Over
4,talk,46,4,12,Over
4,talk,47,4,4,Over
4,talk,48,4,11,Over
4,talk,49,4,14,Over
4,vote,1,15
4,vote,3,4
4,vote,4,6
4,vote,6,15
4,vote,10,6
4,vote,11,15
4,vote,12,15
4,vote,13,15
4,vote,14,15
4,vote,15,6
4,execute,15,WEREWOLF
4,guard,1,14,VILLAGER
4,attackVote,12,14
4,attack,14,false
5,status,1,BODYGUARD,ALIVE,Takeda1
5,status,2,POSSESSED,DEAD,TOKU2
5,status,3,VILLAGER,ALIVE,SampleJava4
5,status,4,VILLAGER,ALIVE,sample_py
5,status,5,VILLAGER,DEAD,HALU
5,status,6,VILLAGER,ALIVE,TOKU10
5,status,7,VILLAGER,DEAD,TOKU3
5,status,8,WEREWOLF,DEAD,HALU
5,status,9,SEER,DEAD,OKAMI
5,status,10,MEDIUM,ALIVE,sample_py
5,status,11,VILLAGER,ALIVE,TOKU14
5,status,12,WEREWOLF,ALIVE,Takeda12
5,status,13,VILLAGER,ALIVE,Takeda0
5,status,14,VILLAGER,ALIVE,TOKU5
5,status,15,WEREWOLF,DEAD,Tomato9
5,talk,0,0,6,VOTE Agent[13]
5,talk,1,0,3,VOTE Agent[11]
5,talk,2,0,11,VOTE Agent[13]
5,talk,3,0,13,VOTE Agent[12]
5,talk,4,0,14,VOTE Agent[13]
5,talk,5,0,10,IDENTIFIED Agent[15] WEREWOLF
5,talk,6,0,12,VOTE Agent[13]
5,talk,7,0,1,VOTE Agent[13]
5,talk,8,0,4,VOTE Agent[01]
5,talk,9,1,13,VOTE Agent[12]
5,talk,10,1,1,Skip
5,talk,11,1,4,Skip
5,talk,12,1,6,Skip
5,talk,13,1,3,REQUEST ANY (VOTE Agent[11])
5,talk,14,1,12,Skip
5,talk,15,1,14,Skip
5,talk,16,1,11,Skip
5,talk,17,1,10,VOTE Agent[13]
5,talk,18,2,4,Skip
5,talk,19,2,13,VOTE Agent[11]
5,talk,20,2,3,Skip
5,talk,21,2,10,Skip
5,talk,22,2,1,Skip
5,talk,23,2,14,Skip
5,talk,24,2,12,Skip
5,talk,25,2,11,Skip
5,talk,26,2,6,Skip
5,talk,27,3,11,VOTE Agent[12]
5,talk,28,3,10,Skip
5,talk,29,3,13,VOTE Agent[11]
5,talk,30,3,1,Over
5,talk,31,3,14,VOTE Agent[11]
5,talk,32,3,12,VOTE Agent[11]
5,talk,33,3,6,VOTE Agent[11]
5,talk,34,3,3,Skip
5,talk,35,3,4,Over
5,talk,36,4,12,Skip
5,talk,37,4,10,Over
5,talk,38,4,11,VOTE Agent[12]
5,talk,39,4,14,Skip
5,talk,40,4,13,Skip
5,talk,41,4,4,Over
5,talk,42,4,3,Over
5,talk,43,4,6,Skip
5,talk,44,4,1,Over
5,talk,45,5,6,Skip
5,talk,46,5,4,Over
5,talk,47,5,13,Skip
5,talk,48,5,10,Over
5,talk,49,5,14,Skip
5,talk,50,5,11,VOTE Agent[12]
5,talk,51,5,12,Skip
5,talk,52,5,3,Over
5,talk,53,5,1,Over
5,talk,54,6,6,Over
5,talk,55,6,10,Over
5,talk,56,6,1,Over
5,talk,57,6,12,Over
5,talk,58,6,14,Over
5,talk,59,6,4,Over
5,talk,60,6,13,Over
5,talk,61,6,3,Over
5,talk,62,6,11,VOTE Agent[12]
5,talk,63,7,11,VOTE Agent[12]
5,talk,64,7,12,Over
5,talk,65,7,1,Over
5,talk,66,7,13,Over
5,talk,67,7,14,Over
5,talk,68,7,10,Over
5,talk,69,7,4,Over
5,talk,70,7,6,Over
5,talk,71,7,3,Over
5,talk,72,8,1,Over
5,talk,73,8,10,Over
5,talk,74,8,14,Over
5,talk,75,8,6,Over
5,talk,76,8,11,VOTE Agent[12]
5,talk,77,8,4,Over
5,talk,78,8,3,Over
5,talk,79,8,13,Over
5,talk,80,8,12,Over
5,talk,81,9,4,Over
5,talk,82,9,12,Over
5,talk,83,9,13,Over
5,talk,84,9,14,Over
5,talk,85,9,1,Over
5,talk,86,9,6,Over
5,talk,87,9,11,VOTE Agent[12]
5,talk,88,9,10,Over
5,talk,89,9,3,Over
5,talk,90,10,4,Over
5,talk,91,10,6,Over
5,talk,92,10,14,Over
5,talk,93,10,13,Over
5,talk,94,10,3,Over
5,talk,95,10,12,Over
5,talk,96,10,1,Over
5,talk,97,10,11,VOTE Agent[12]
5,talk,98,10,10,Over
5,talk,99,11,6,Over
5,talk,100,11,1,Over
5,talk,101,11,13,Over
5,talk,102,11,14,Over
5,talk,103,11,12,Over
5,talk,104,11,4,Over
5,talk,105,11,11,VOTE Agent[12]
5,talk,106,11,10,Over
5,talk,107,11,3,Over
5,talk,108,12,12,Over
5,talk,109,12,6,Over
5,talk,110,12,4,Over
5,talk,111,12,14,Over
5,talk,112,12,11,Over
5,talk,113,12,1,Over
5,talk,114,12,10,Over
5,talk,115,12,13,Over
5,talk,116,12,3,Over
5,vote,1,11
5,vote,3,10
5,vote,4,1
5,vote,6,11
5,vote,10,13
5,vote,11,12
5,vote,12,11
5,vote,13,11
5,vote,14,11
5,execute,11,VILLAGER
5,guard,1,14,VILLAGER
5,attackVote,12,14
5,attack,14,false
6,status,1,BODYGUARD,ALIVE,Takeda1
6,status,2,POSSESSED,DEAD,TOKU2
6,status,3,VILLAGER,ALIVE,SampleJava4
6,status,4,VILLAGER,ALIVE,sample_py
6,status,5,VILLAGER,DEAD,HALU
6,status,6,VILLAGER,ALIVE,TOKU10
6,status,7,VILLAGER,DEAD,TOKU3
6,status,8,WEREWOLF,DEAD,HALU
6,status,9,SEER,DEAD,OKAMI
6,status,10,MEDIUM,ALIVE,sample_py
6,status,11,VILLAGER,DEAD,TOKU14
6,status,12,WEREWOLF,ALIVE,Takeda12
6,status,13,VILLAGER,ALIVE,Takeda0
6,status,14,VILLAGER,ALIVE,TOKU5
6,status,15,WEREWOLF,DEAD,Tomato9
6,talk,0,0,12,VOTE Agent[13]
6,talk,1,0,1,VOTE Agent[13]
6,talk,2,0,3,VOTE Agent[14]
6,talk,3,0,13,VOTE Agent[12]
6,talk,4,0,6,VOTE Agent[12]
6,talk,5,0,4,VOTE Agent[06]
6,talk,6,0,10,IDENTIFIED Agent[11] HUMAN
6,talk,7,0,14,VOTE Agent[12]
6,talk,8,1,6,VOTE Agent[13]
6,talk,9,1,4,Skip
6,talk,10,1,13,Skip
6,talk,11,1,12,Skip
6,talk,12,1,14,VOTE Agent[13]
6,talk,13,1,10,VOTE Agent[04]
6,talk,14,1,3,REQUEST ANY (VOTE Agent[14])
6,talk,15,1,1,Skip
6,talk,16,2,13,VOTE Agent[12]
6,talk,17,2,3,Skip
6,talk,18,2,14,Skip
6,talk,19,2,4,Skip
6,talk,20,2,12,Skip
6,talk,21,2,6,Skip
6,talk,22,2,10,Skip
6,talk,23,2,1,Skip
6,talk,24,3,6,Skip
6,talk,25,3,3,Skip
6,talk,26,3,10,Skip
6,talk,27,3,13,VOTE Agent[12]
6,talk,28,3,14,Skip
6,talk,29,3,12,Over
6,talk,30,3,4,Over
6,talk,31,3,1,Over
6,talk,32,4,6,Over
6,talk,33,4,14,Over
6,talk,34,4,12,Over
6,talk,35,4,3,Over
6,talk,36,4,13,VOTE Agent[12]
6,talk,37,4,10,Over
6,talk,38,4,1,Over
6,talk,39,4,4,Over
6,talk,40,5,6,Over
6,talk,41,5,1,Over
6,talk,42,5,3,Over
6,talk,43,5,13,VOTE Agent[12]
6,talk,44,5,4,Over
6,talk,45,5,14,Over
6,talk,46,5,12,Over
6,talk,47,5,10,Over
6,talk,48,6,13,VOTE Agent[12]
6,talk,49,6,1,Over
6,talk,50,6,4,Over
6,talk,51,6,10,Over
6,talk,52,6,3,Over
6,talk,53,6,6,Over
6,talk,54,6,14,Over
6,talk,55,6,12,Over
6,talk,56,7,6,Over
6,talk,57,7,1,Over
6,talk,58,7,13,VOTE Agent[12]
6,talk,59,7,4,Over
6,talk,60,7,14,Over
6,talk,61,7,3,Over
6,talk,62,7,10,Over
6,talk,63,7,12,Over
6,talk,64,8,3,Over
6,talk,65,8,12,Over
6,talk,66,8,14,Over
6,talk,67,8,6,Over
6,talk,68,8,10,Over
6,talk,69,8,4,Over
6,talk,70,8,1,Over
6,talk,71,8,13,VOTE Agent[12]
6,talk,72,9,4,Over
6,talk,73,9,14,Over
6,talk,74,9,10,Over
6,talk,75,9,13,VOTE Agent[12]
6,talk,76,9,6,Over
6,talk,77,9,1,Over
6,talk,78,9,3,Over
6,talk,79,9,12,Over
6,talk,80,10,14,Over
6,talk,81,10,13,VOTE Agent[12]
6,talk,82,10,12,Over
6,talk,83,10,4,Over
6,talk,84,10,10,Over
6,talk,85,10,3,Over
6,talk,86,10,6,Over
6,talk,87,10,1,Over
6,talk,88,11,13,Over
6,talk,89,11,10,Over
6,talk,90,11,12,Over
6,talk,91,11,1,Over
6,talk,92,11,6,Over
6,talk,93,11,4,Over
6,talk,94,11,3,Over
6,talk,95,11,14,Over
6,vote,1,13
6,vote,3,12
6,vote,4,6
6,vote,6,13
6,vote,10,4
6,vote,12,13
6,vote,13,12
6,vote,14,13
6,execute,13,VILLAGER
6,guard,1,14,VILLAGER
6,attackVote,12,14
6,attack,14,false
7,status,1,BODYGUARD,ALIVE,Takeda1
7,status,2,POSSESSED,DEAD,TOKU2
7,status,3,VILLAGER,ALIVE,SampleJava4
7,status,4,VILLAGER,ALIVE,sample_py
7,status,5,VILLAGER,DEAD,HALU
7,status,6,VILLAGER,ALIVE,TOKU10
7,status,7,VILLAGER,DEAD,TOKU3
7,status,8,WEREWOLF,DEAD,HALU
7,status,9,SEER,DEAD,OKAMI
7,status,10,MEDIUM,ALIVE,sample_py
7,status,11,VILLAGER,DEAD,TOKU14
7,status,12,WEREWOLF,ALIVE,Takeda12
7,status,13,VILLAGER,DEAD,Takeda0
7,status,14,VILLAGER,ALIVE,TOKU5
7,status,15,WEREWOLF,DEAD,Tomato9
7,talk,0,0,3,VOTE Agent[06]
7,talk,1,0,1,VOTE Agent[12]
7,talk,2,0,10,IDENTIFIED Agent[13] HUMAN
7,talk,3,0,12,VOTE Agent[06]
7,talk,4,0,14,VOTE Agent[12]
7,talk,5,0,6,VOTE Agent[12]
7,talk,6,0,4,VOTE Agent[06]
7,talk,7,1,10,VOTE Agent[04]
7,talk,8,1,6,Skip
7,talk,9,1,12,Skip
7,talk,10,1,14,Skip
7,talk,11,1,1,Skip
7,talk,12,1,3,REQUEST ANY (VOTE Agent[06])
7,talk,13,1,4,Skip
7,talk,14,2,3,Skip
7,talk,15,2,10,Skip
7,talk,16,2,6,Skip
7,talk,17,2,1,Skip
7,talk,18,2,4,Skip
7,talk,19,2,14,Skip
7,talk,20,2,12,Skip
7,talk,21,3,12,VOTE Agent[14]
7,talk,22,3,4,Over
7,talk,23,3,10,Skip
7,talk,24,3,1,Over
7,talk,25,3,3,Skip
7,talk,26,3,6,Over
7,talk,27,3,14,Over
7,talk,28,4,10,Over
7,talk,29,4,6,Over
7,talk,30,4,12,Skip
7,talk,31,4,3,Over
7,talk,32,4,1,Over
7,talk,33,4,4,Over
7,talk,34,4,14,Over
7,talk,35,5,10,Over
7,talk,36,5,1,Over
7,talk,37,5,14,Over
7,talk,38,5,3,Over
7,talk,39,5,12,Skip
7,talk,40,5,6,Over
7,talk,41,5,4,Over
7,talk,42,6,12,Over
7,talk,43,6,10,Over
7,talk,44,6,1,Over
7,talk,45,6,6,Over
7,talk,46,6,14,Over
7,talk,47,6,4,Over
7,talk,48,6,3,Over
7,vote,1,12
7,vote,3,1
7,vote,4,6
7,vote,6,12
7,vote,10,4
7,vote,12,14
7,vote,14,12
7,execute,12,WEREWOLF
7,guard,1,4,VILLAGER
8,status,1,BODYGUARD,ALIVE,Takeda1
8,status,2,POSSESSED,DEAD,TOKU2
8,status,3,VILLAGER,ALIVE,SampleJava4
8,status,4,VILLAGER,ALIVE,sample_py
8,status,5,VILLAGER,DEAD,HALU
8,status,6,VILLAGER,ALIVE,TOKU10
8,status,7,VILLAGER,DEAD,TOKU3
8,status,8,WEREWOLF,DEAD,HALU
8,status,9,SEER,DEAD,OKAMI
8,status,10,MEDIUM,ALIVE,sample_py
8,status,11,VILLAGER,DEAD,TOKU14
8,status,12,WEREWOLF,DEAD,Takeda12
8,status,13,VILLAGER,DEAD,Takeda0
8,status,14,VILLAGER,ALIVE,TOKU5
8,status,15,WEREWOLF,DEAD,Tomato9
8,result,6,0,VILLAGER
