0,status,1,WEREWOLF,ALIVE,Tomato14
0,status,2,BODYGUARD,ALIVE,TOKU0
0,status,3,POSSESSED,ALIVE,HALU
0,status,4,VILLAGER,ALIVE,HALU
0,status,5,VILLAGER,ALIVE,TOKU12
0,status,6,VILLAGER,ALIVE,SampleJava8
0,status,7,WEREWOLF,ALIVE,HALU
0,status,8,VILLAGER,ALIVE,HALU
0,status,9,VILLAGER,ALIVE,sample_py
0,status,10,VILLAGER,ALIVE,OKAMI
0,status,11,MEDIUM,ALIVE,SampleJava9
0,status,12,WEREWOLF,ALIVE,Tomato1
0,status,13,VILLAGER,ALIVE,sample_py
0,status,14,SEER,ALIVE,TOKU3
0,status,15,VILLAGER,ALIVE,OKAMI
0,whisper,0,0,7,COMINGOUT Agent[07] VILLAGER
0,whisper,1,0,12,COMINGOUT Agent[12] SEER
0,whisper,2,0,1,COMINGOUT Agent[01] VILLAGER
0,whisper,3,1,1,Skip
0,whisper,4,1,12,Skip
0,whisper,5,1,7,Skip
0,whisper,6,2,7,Skip
0,whisper,7,2,1,Skip
0,whisper,8,2,12,Skip
0,whisper,9,3,7,Over
0,whisper,10,3,1,Over
0,whisper,11,3,12,Over
0,divine,14,9,HUMAN
1,status,1,WEREWOLF,ALIVE,Tomato14
1,status,2,BODYGUARD,ALIVE,TOKU0
1,status,3,POSSESSED,ALIVE,HALU
1,status,4,VILLAGER,ALIVE,HALU
1,status,5,VILLAGER,ALIVE,TOKU12
1,status,6,VILLAGER,ALIVE,SampleJava8
1,status,7,WEREWOLF,ALIVE,HALU
1,status,8,VILLAGER,ALIVE,HALU
1,status,9,VILLAGER,ALIVE,sample_py
1,status,10,VILLAGER,ALIVE,OKAMI
1,status,11,MEDIUM,ALIVE,SampleJava9
1,status,12,WEREWOLF,ALIVE,Tomato1
1,status,13,VILLAGER,ALIVE,sample_py
1,status,14,SEER,ALIVE,TOKU3
1,status,15,VILLAGER,ALIVE,OKAMI
1,talk,0,0,7,VOTE Agent[09]
1,talk,1,0,9,VOTE Agent[13]
1,talk,2,0,4,VOTE Agent[07]
1,talk,3,0,2,VOTE Agent[13]
1,talk,4,0,11,VOTE Agent[06]
1,talk,5,0,1,VOTE Agent[13]
1,talk,6,0,14,COMINGOUT Agent[14] SEER
1,talk,7,0,8,VOTE Agent[04]
1,talk,8,0,6,VOTE Agent[15]
1,talk,9,0,5,VOTE Agent[13]
1,talk,10,0,3,COMINGOUT Agent[03] SEER
1,talk,11,0,12,COMINGOUT Agent[12] SEER
1,talk,12,0,15,VOTE Agent[06]
1,talk,13,0,10,VOTE Agent[06]
1,talk,14,0,13,VOTE Agent[08]
1,talk,15,1,10,COMINGOUT Agent[10] VILLAGER
1,talk,16,1,11,REQUEST ANY (VOTE Agent[06])
1,talk,17,1,2,VOTE Agent[12]
1,talk,18,1,13,Skip
1,talk,19,1,15,COMINGOUT Agent[15] VILLAGER
1,talk,20,1,4,VOTE Agent[15]
1,talk,21,1,3,DIVINED Agent[12] WEREWOLF
1,talk,22,1,14,DIVINED Agent[09] HUMAN
1,talk,23,1,7,VOTE Agent[05]
1,talk,24,1,1,Skip
1,talk,25,1,12,DIVINED Agent[07] HUMAN
1,talk,26,1,9,VOTE Agent[12]
1,talk,27,1,6,REQUEST ANY (VOTE Agent[15])
1,talk,28,1,8,VOTE Agent[14]
1,talk,29,1,5,VOTE Agent[12]
1,talk,30,2,5,Skip
1,talk,31,2,6,Skip
1,talk,32,2,3,VOTE Agent[12]
1,talk,33,2,11,Skip
1,talk,34,2,9,Skip
1,talk,35,2,7,VOTE Agent[08]
1,talk,36,2,14,VOTE Agent[12]
1,talk,37,2,4,VOTE Agent[14]
1,talk,38,2,8,VOTE Agent[14]
1,talk,39,2,10,VOTE Agent[14]
1,talk,40,2,1,VOTE Agent[12]
1,talk,41,2,15,VOTE Agent[14]
1,talk,42,2,2,Skip
1,talk,43,2,12,VOTE Agent[14]
1,talk,44,2,13,VOTE Agent[12]
1,talk,45,3,12,Skip
1,talk,46,3,2,Skip
1,talk,47,3,14,VOTE Agent[12]
1,talk,48,3,8,VOTE Agent[14]
1,talk,49,3,9,Skip
1,talk,50,3,11,Skip
1,talk,51,3,4,VOTE Agent[14]
1,talk,52,3,13,Skip
1,talk,53,3,5,Skip
1,talk,54,3,7,VOTE Agent[06]
1,talk,55,3,6,Skip
1,talk,56,3,15,VOTE Agent[14]
1,talk,57,3,3,VOTE Agent[12]
1,talk,58,3,1,VOTE Agent[14]
1,talk,59,3,10,VOTE Agent[14]
1,talk,60,4,1,Skip
1,talk,61,4,9,Over
1,talk,62,4,3,VOTE Agent[12]
1,talk,63,4,11,Over
1,talk,64,4,8,VOTE Agent[03]
1,talk,65,4,5,Over
1,talk,66,4,10,VOTE Agent[14]
1,talk,67,4,6,Over
1,talk,68,4,15,VOTE Agent[14]
1,talk,69,4,4,VOTE Agent[03]
1,talk,70,4,13,Skip
1,talk,71,4,2,Over
1,talk,72,4,14,VOTE Agent[12]
1,talk,73,4,12,Skip
1,talk,74,4,7,VOTE Agent[06]
1,talk,75,5,11,Over
1,talk,76,5,8,VOTE Agent[14]
1,talk,77,5,7,VOTE Agent[08]
1,talk,78,5,14,VOTE Agent[12]
1,talk,79,5,13,Over
1,talk,80,5,10,VOTE Agent[14]
1,talk,81,5,6,Over
1,talk,82,5,4,VOTE Agent[14]
1,talk,83,5,15,VOTE Agent[14]
1,talk,84,5,2,Over
1,talk,85,5,1,Skip
1,talk,86,5,12,Over
1,talk,87,5,9,Over
1,talk,88,5,5,Over
1,talk,89,5,3,VOTE Agent[12]
1,talk,90,6,15,VOTE Agent[14]
1,talk,91,6,3,VOTE Agent[12]
1,talk,92,6,7,VOTE Agent[15]
1,talk,93,6,13,Over
1,talk,94,6,4,VOTE Agent[03]
1,talk,95,6,2,Over
1,talk,96,6,14,VOTE Agent[12]
1,talk,97,6,10,VOTE Agent[14]
1,talk,98,6,12,Over
1,talk,99,6,9,Over
1,talk,100,6,11,Over
1,talk,101,6,8,VOTE Agent[14]
1,talk,102,6,6,Over
1,talk,103,6,1,Over
1,talk,104,6,5,Over
1,talk,105,7,6,Over
1,talk,106,7,1,Over
1,talk,107,7,13,Over
1,talk,108,7,9,Over
1,talk,109,7,7,VOTE Agent[08]
1,talk,110,7,3,VOTE Agent[12]
1,talk,111,7,15,VOTE Agent[14]
1,talk,112,7,10,VOTE Agent[14]
1,talk,113,7,4,VOTE Agent[03]
1,talk,114,7,2,Over
1,talk,115,7,8,VOTE Agent[03]
1,talk,116,7,11,Over
1,talk,117,7,14,VOTE Agent[12]
1,talk,118,7,5,Over
1,talk,119,7,12,Over
1,talk,120,8,3,VOTE Agent[12]
1,talk,121,8,2,Over
1,talk,122,8,5,Over
1,talk,123,8,6,Over
1,talk,124,8,8,VOTE Agent[03]
1,talk,125,8,4,VOTE Agent[03]
1,talk,126,8,13,Over
1,talk,127,8,15,VOTE Agent[14]
1,talk,128,8,1,Over
1,talk,129,8,12,Over
1,talk,130,8,7,VOTE Agent[08]
1,talk,131,8,10,VOTE Agent[14]
1,talk,132,8,11,Over
1,talk,133,8,9,Over
1,talk,134,8,14,VOTE Agent[12]
1,talk,135,9,5,Over
1,talk,136,9,3,Over
1,talk,137,9,15,Over
1,talk,138,9,4,Over
1,talk,139,9,7,Over
1,talk,140,9,1,Over
1,talk,141,9,10,Over
1,talk,142,9,14,VOTE Agent[12]
1,talk,143,9,12,Over
1,talk,144,9,2,Over
1,talk,145,9,8,Over
1,talk,146,9,9,Over
1,talk,147,9,6,Over
1,talk,148,9,13,Over
1,talk,149,9,11,Over
1,talk,150,10,5,Over
1,talk,151,10,15,Over
1,talk,152,10,2,Over
1,talk,153,10,6,Over
1,talk,154,10,10,Over
1,talk,155,10,3,Over
1,talk,156,10,1,Over
1,talk,157,10,13,Over
1,talk,158,10,8,Over
1,talk,159,10,11,Over
1,talk,160,10,7,Over
1,talk,161,10,9,Over
1,talk,162,10,14,Over
1,talk,163,10,4,Over
1,talk,164,10,12,Over
1,vote,1,14
1,vote,2,12
1,vote,3,12
1,vote,4,14
1,vote,5,12
1,vote,6,8
1,vote,7,10
1,vote,8,14
1,vote,9,12
1,vote,10,14
1,vote,11,15
1,vote,12,14
1,vote,13,12
1,vote,14,12
1,vote,15,14
1,vote,1,14
1,vote,2,12
1,vote,3,12
1,vote,4,14
1,vote,5,12
1,vote,6,12
1,vote,7,4
1,vote,8,14
1,vote,9,12
1,vote,10,14
1,vote,11,12
1,vote,12,14
1,vote,13,12
1,vote,14,12
1,vote,15,14
1,execute,12,WEREWOLF
1,divine,14,4,HUMAN
1,whisper,0,0,7,ATTACK Agent[14]
1,whisper,1,0,1,ATTACK Agent[03]
1,whisper,2,1,7,Skip
1,whisper,3,1,1,Skip
1,whisper,4,2,1,Skip
1,whisper,5,2,7,Skip
1,whisper,6,3,7,Over
1,whisper,7,3,1,Over
1,guard,2,14,SEER
1,attackVote,1,3
1,attackVote,7,14
1,attackVote,1,3
1,attackVote,7,14
1,attack,14,false
2,status,1,WEREWOLF,ALIVE,Tomato14
2,status,2,BODYGUARD,ALIVE,TOKU0
2,status,3,POSSESSED,ALIVE,HALU
2,status,4,VILLAGER,ALIVE,HALU
2,status,5,VILLAGER,ALIVE,TOKU12
2,status,6,VILLAGER,ALIVE,SampleJava8
2,status,7,WEREWOLF,ALIVE,HALU
2,status,8,VILLAGER,ALIVE,HALU
2,status,9,VILLAGER,ALIVE,sample_py
2,status,10,VILLAGER,ALIVE,OKAMI
2,status,11,MEDIUM,ALIVE,SampleJava9
2,status,12,WEREWOLF,DEAD,Tomato1
2,status,13,VILLAGER,ALIVE,sample_py
2,status,14,SEER,ALIVE,TOKU3
2,status,15,VILLAGER,ALIVE,OKAMI
2,talk,0,0,7,VOTE Agent[15]
2,talk,1,0,15,VOTE Agent[03]
2,talk,2,0,10,VOTE Agent[03]
2,talk,3,0,14,DIVINED Agent[04] HUMAN
2,talk,4,0,8,VOTE Agent[14]
2,talk,5,0,2,VOTE Agent[04]
2,talk,6,0,9,VOTE Agent[11]
2,talk,7,0,11,COMINGOUT Agent[11] MEDIUM
2,talk,8,0,3,DIVINED Agent[04] WEREWOLF
2,talk,9,0,1,VOTE Agent[03]
2,talk,10,0,6,VOTE Agent[08]
2,talk,11,0,13,VOTE Agent[04]
2,talk,12,0,4,VOTE Agent[03]
2,talk,13,0,5,VOTE Agent[04]
2,talk,14,1,3,VOTE Agent[04]
2,talk,15,1,10,COMINGOUT Agent[10] VILLAGER
2,talk,16,1,9,VOTE Agent[04]
2,talk,17,1,7,VOTE Agent[04]
2,talk,18,1,15,COMINGOUT Agent[15] VILLAGER
2,talk,19,1,1,VOTE Agent[04]
2,talk,20,1,2,VOTE Agent[05]
2,talk,21,1,13,Skip
2,talk,22,1,5,VOTE Agent[08]
2,talk,23,1,4,VOTE Agent[14]
2,talk,24,1,6,REQUEST ANY (VOTE Agent[08])
2,talk,25,1,8,VOTE Agent[03]
2,talk,26,1,11,DAY 2 (IDENTIFIED Agent[12] WEREWOLF)
2,talk,27,1,14,VOTE Agent[08]
2,talk,28,2,14,VOTE Agent[05]
2,talk,29,2,9,Skip
2,talk,30,2,11,IDENTIFIED Agent[12] WEREWOLF
2,talk,31,2,3,VOTE Agent[14]
2,talk,32,2,2,Skip
2,talk,33,2,10,VOTE Agent[15]
2,talk,34,2,6,Skip
2,talk,35,2,5,Skip
2,talk,36,2,7,VOTE Agent[04]
2,talk,37,2,1,Skip
2,talk,38,2,15,VOTE Agent[10]
2,talk,39,2,8,VOTE Agent[15]
2,talk,40,2,13,Skip
2,talk,41,2,4,VOTE Agent[15]
2,talk,42,3,3,VOTE Agent[14]
2,talk,43,3,15,VOTE Agent[10]
2,talk,44,3,9,Skip
2,talk,45,3,8,VOTE Agent[15]
2,talk,46,3,4,VOTE Agent[15]
2,talk,47,3,6,Skip
2,talk,48,3,2,Skip
2,talk,49,3,7,VOTE Agent[04]
2,talk,50,3,10,VOTE Agent[15]
2,talk,51,3,13,Over
2,talk,52,3,5,Skip
2,talk,53,3,14,VOTE Agent[05]
2,talk,54,3,11,VOTE Agent[06]
2,talk,55,3,1,Skip
2,talk,56,4,11,REQUEST ANY (VOTE Agent[06])
2,talk,57,4,4,VOTE Agent[15]
2,talk,58,4,9,Over
2,talk,59,4,7,VOTE Agent[04]
2,talk,60,4,6,Over
2,talk,61,4,5,Over
2,talk,62,4,1,VOTE Agent[15]
2,talk,63,4,13,Over
2,talk,64,4,3,VOTE Agent[14]
2,talk,65,4,2,Over
2,talk,66,4,14,VOTE Agent[05]
2,talk,67,4,8,VOTE Agent[15]
2,talk,68,4,10,VOTE Agent[15]
2,talk,69,4,15,VOTE Agent[10]
2,talk,70,5,11,Skip
2,talk,71,5,9,Over
2,talk,72,5,2,Over
2,talk,73,5,5,Over
2,talk,74,5,1,VOTE Agent[04]
2,talk,75,5,10,VOTE Agent[15]
2,talk,76,5,8,VOTE Agent[15]
2,talk,77,5,4,VOTE Agent[15]
2,talk,78,5,14,VOTE Agent[05]
2,talk,79,5,15,VOTE Agent[10]
2,talk,80,5,3,VOTE Agent[14]
2,talk,81,5,6,Over
2,talk,82,5,7,VOTE Agent[04]
2,talk,83,5,13,Over
2,talk,84,6,2,Over
2,talk,85,6,6,Over
2,talk,86,6,4,VOTE Agent[15]
2,talk,87,6,5,Over
2,talk,88,6,15,VOTE Agent[10]
2,talk,89,6,1,VOTE Agent[15]
2,talk,90,6,3,VOTE Agent[14]
2,talk,91,6,9,Over
2,talk,92,6,13,Over
2,talk,93,6,10,VOTE Agent[15]
2,talk,94,6,14,VOTE Agent[05]
2,talk,95,6,7,VOTE Agent[04]
2,talk,96,6,8,VOTE Agent[15]
2,talk,97,6,11,Skip
2,talk,98,7,6,Over
2,talk,99,7,4,VOTE Agent[15]
2,talk,100,7,8,VOTE Agent[15]
2,talk,101,7,11,Over
2,talk,102,7,13,Over
2,talk,103,7,2,Over
2,talk,104,7,1,Skip
2,talk,105,7,3,VOTE Agent[14]
2,talk,106,7,14,VOTE Agent[05]
2,talk,107,7,9,Over
2,talk,108,7,15,VOTE Agent[10]
2,talk,109,7,10,VOTE Agent[15]
2,talk,110,7,5,Over
2,talk,111,7,7,VOTE Agent[04]
2,talk,112,8,6,Over
2,talk,113,8,15,VOTE Agent[10]
2,talk,114,8,9,Over
2,talk,115,8,2,Over
2,talk,116,8,7,VOTE Agent[04]
2,talk,117,8,4,VOTE Agent[15]
2,talk,118,8,5,Over
2,talk,119,8,10,VOTE Agent[15]
2,talk,120,8,3,VOTE Agent[14]
2,talk,121,8,13,Over
2,talk,122,8,1,Skip
2,talk,123,8,11,Over
2,talk,124,8,14,VOTE Agent[05]
2,talk,125,8,8,VOTE Agent[15]
2,talk,126,9,9,Over
2,talk,127,9,6,Over
2,talk,128,9,7,Over
2,talk,129,9,14,VOTE Agent[05]
2,talk,130,9,13,Over
2,talk,131,9,10,Over
2,talk,132,9,5,Over
2,talk,133,9,1,VOTE Agent[04]
2,talk,134,9,3,Over
2,talk,135,9,8,Over
2,talk,136,9,2,Over
2,talk,137,9,4,Over
2,talk,138,9,15,Over
2,talk,139,9,11,Over
2,talk,140,10,11,Over
2,talk,141,10,7,Over
2,talk,142,10,13,Over
2,talk,143,10,8,Over
2,talk,144,10,14,Over
2,talk,145,10,9,Over
2,talk,146,10,2,Over
2,talk,147,10,4,Over
2,talk,148,10,5,Over
2,talk,149,10,1,Skip
2,talk,150,10,6,Over
2,talk,151,10,10,Over
2,talk,152,10,15,Over
2,talk,153,10,3,Over
2,talk,154,11,4,Over
2,talk,155,11,11,Over
2,talk,156,11,8,Over
2,talk,157,11,7,Over
2,talk,158,11,1,Skip
2,talk,159,11,6,Over
2,talk,160,11,2,Over
2,talk,161,11,13,Over
2,talk,162,11,3,Over
2,talk,163,11,5,Over
2,talk,164,11,14,Over
2,talk,165,11,15,Over
2,talk,166,11,10,Over
2,talk,167,11,9,Over
2,talk,168,12,4,Over
2,talk,169,12,2,Over
2,talk,170,12,10,Over
2,talk,171,12,1,VOTE Agent[15]
2,talk,172,12,11,Over
2,talk,173,12,7,Over
2,talk,174,12,8,Over
2,talk,175,12,5,Over
2,talk,176,12,15,Over
2,talk,177,12,6,Over
2,talk,178,12,3,Over
2,talk,179,12,14,Over
2,talk,180,12,13,Over
2,talk,181,12,9,Over
2,talk,182,13,11,Over
2,talk,183,13,1,Skip
2,talk,184,13,10,Over
2,talk,185,13,13,Over
2,talk,186,13,14,Over
2,talk,187,13,6,Over
2,talk,188,13,3,Over
2,talk,189,13,15,Over
2,talk,190,13,4,Over
2,talk,191,13,2,Over
2,talk,192,13,8,Over
2,talk,193,13,7,Over
2,talk,194,13,5,Over
2,talk,195,13,9,Over
2,talk,196,14,11,Over
2,talk,197,14,1,VOTE Agent[04]
2,talk,198,14,10,Over
2,talk,199,14,4,Over
2,talk,200,14,8,Over
2,talk,201,14,9,Over
2,talk,202,14,6,Over
2,talk,203,14,2,Over
2,talk,204,14,14,Over
2,talk,205,14,7,Over
2,talk,206,14,3,Over
2,talk,207,14,5,Over
2,talk,208,14,15,Over
2,talk,209,14,13,Over
2,talk,210,15,8,Over
2,talk,211,15,13,Over
2,talk,212,15,11,Over
2,talk,213,15,7,Over
2,talk,214,15,2,Over
2,talk,215,15,15,Over
2,talk,216,15,6,Over
2,talk,217,15,4,Over
2,talk,218,15,14,Over
2,talk,219,15,1,VOTE Agent[15]
2,talk,220,15,10,Over
2,talk,221,15,5,Over
2,talk,222,15,3,Over
2,talk,223,15,9,Over
2,talk,224,16,6,Over
2,talk,225,16,10,Over
2,talk,226,16,3,Over
2,talk,227,16,7,Over
2,talk,228,16,9,Over
2,talk,229,16,14,Over
2,talk,230,16,1,Skip
2,talk,231,16,13,Over
2,talk,232,16,2,Over
2,talk,233,16,11,Over
2,talk,234,16,15,Over
2,talk,235,16,8,Over
2,talk,236,16,5,Over
2,talk,237,16,4,Over
2,talk,238,17,5,Over
2,talk,239,17,2,Over
2,talk,240,17,14,Over
2,talk,241,17,1,Skip
2,talk,242,17,3,Over
2,talk,243,17,4,Over
2,talk,244,17,15,Over
2,talk,245,17,13,Over
2,talk,246,17,9,Over
2,talk,247,17,7,Over
2,talk,248,17,11,Over
2,talk,249,17,8,Over
2,talk,250,17,6,Over
2,talk,251,17,10,Over
2,talk,252,18,7,Over
2,talk,253,18,15,Over
2,talk,254,18,5,Over
2,talk,255,18,6,Over
2,talk,256,18,8,Over
2,talk,257,18,13,Over
2,talk,258,18,4,Over
2,talk,259,18,14,Over
2,talk,260,18,10,Over
2,talk,261,18,1,VOTE Agent[04]
2,talk,262,18,2,Over
2,talk,263,18,3,Over
2,talk,264,18,9,Over
2,talk,265,18,11,Over
2,talk,266,19,4,Over
2,talk,267,19,15,Over
2,talk,268,19,5,Over
2,talk,269,19,2,Over
2,talk,270,19,8,Over
2,talk,271,19,14,Over
2,talk,272,19,13,Over
2,talk,273,19,10,Over
2,talk,274,19,3,Over
2,talk,275,19,1,Over
2,talk,276,19,7,Over
2,talk,277,19,11,Over
2,talk,278,19,9,Over
2,talk,279,19,6,Over
2,vote,1,4
2,vote,2,5
2,vote,3,14
2,vote,4,15
2,vote,5,8
2,vote,6,15
2,vote,7,4
2,vote,8,15
2,vote,9,4
2,vote,10,15
2,vote,11,8
2,vote,13,4
2,vote,14,5
2,vote,15,10
2,vote,1,4
2,vote,2,5
2,vote,3,14
2,vote,4,15
2,vote,5,8
2,vote,6,4
2,vote,7,4
2,vote,8,15
2,vote,9,4
2,vote,10,15
2,vote,11,4
2,vote,13,4
2,vote,14,5
2,vote,15,10
2,execute,4,VILLAGER
2,divine,14,5,HUMAN
2,whisper,0,0,1,ATTACK Agent[11]
2,whisper,1,0,7,ATTACK Agent[11]
2,whisper,2,1,7,Skip
2,whisper,3,1,1,Skip
2,whisper,4,2,7,Skip
2,whisper,5,2,1,Skip
2,whisper,6,3,7,Over
2,whisper,7,3,1,Over
2,guard,2,14,SEER
2,attackVote,1,11
2,attackVote,7,11
2,attack,11,true
3,status,1,WEREWOLF,ALIVE,Tomato14
3,status,2,BODYGUARD,ALIVE,TOKU0
3,status,3,POSSESSED,ALIVE,HALU
3,status,4,VILLAGER,DEAD,HALU
3,status,5,VILLAGER,ALIVE,TOKU12
3,status,6,VILLAGER,ALIVE,SampleJava8
3,status,7,WEREWOLF,ALIVE,HALU
3,status,8,VILLAGER,ALIVE,HALU
3,status,9,VILLAGER,ALIVE,sample_py
3,status,10,VILLAGER,ALIVE,OKAMI
3,status,11,MEDIUM,DEAD,SampleJava9
3,status,12,WEREWOLF,DEAD,Tomato1
3,status,13,VILLAGER,ALIVE,sample_py
3,status,14,SEER,ALIVE,TOKU3
3,status,15,VILLAGER,ALIVE,OKAMI
3,talk,0,0,2,VOTE Agent[05]
3,talk,1,0,8,VOTE Agent[15]
3,talk,2,0,1,VOTE Agent[05]
3,talk,3,0,6,VOTE Agent[13]
3,talk,4,0,15,VOTE Agent[10]
3,talk,5,0,14,DIVINED Agent[05] HUMAN
3,talk,6,0,3,DIVINED Agent[09] WEREWOLF
3,talk,7,0,9,VOTE Agent[03]
3,talk,8,0,13,VOTE Agent[09]
3,talk,9,0,10,VOTE Agent[15]
3,talk,10,0,7,VOTE Agent[09]
3,talk,11,0,5,VOTE Agent[08]
3,talk,12,1,6,REQUEST ANY (VOTE Agent[13])
3,talk,13,1,15,COMINGOUT Agent[15] VILLAGER
3,talk,14,1,14,VOTE Agent[08]
3,talk,15,1,3,VOTE Agent[14]
3,talk,16,1,13,Skip
3,talk,17,1,5,Skip
3,talk,18,1,9,Skip
3,talk,19,1,2,VOTE Agent[08]
3,talk,20,1,10,COMINGOUT Agent[10] VILLAGER
3,talk,21,1,1,VOTE Agent[08]
3,talk,22,1,8,VOTE Agent[15]
3,talk,23,1,7,VOTE Agent[09]
3,talk,24,2,9,Skip
3,talk,25,2,8,VOTE Agent[15]
3,talk,26,2,1,Skip
3,talk,27,2,15,VOTE Agent[10]
3,talk,28,2,2,Skip
3,talk,29,2,3,VOTE Agent[09]
3,talk,30,2,13,Skip
3,talk,31,2,6,Skip
3,talk,32,2,14,VOTE Agent[08]
3,talk,33,2,5,Skip
3,talk,34,2,10,VOTE Agent[15]
3,talk,35,2,7,VOTE Agent[09]
3,talk,36,3,2,VOTE Agent[07]
3,talk,37,3,13,Over
3,talk,38,3,5,Over
3,talk,39,3,9,Over
3,talk,40,3,8,VOTE Agent[15]
3,talk,41,3,15,VOTE Agent[10]
3,talk,42,3,6,Skip
3,talk,43,3,3,VOTE Agent[14]
3,talk,44,3,14,VOTE Agent[07]
3,talk,45,3,7,VOTE Agent[09]
3,talk,46,3,1,VOTE Agent[09]
3,talk,47,3,10,VOTE Agent[15]
3,talk,48,4,2,Skip
3,talk,49,4,9,Over
3,talk,50,4,15,VOTE Agent[10]
3,talk,51,4,10,VOTE Agent[15]
3,talk,52,4,3,VOTE Agent[14]
3,talk,53,4,7,VOTE Agent[09]
3,talk,54,4,14,VOTE Agent[07]
3,talk,55,4,1,Skip
3,talk,56,4,6,Over
3,talk,57,4,5,Over
3,talk,58,4,8,VOTE Agent[15]
3,talk,59,4,13,Over
3,talk,60,5,14,VOTE Agent[07]
3,talk,61,5,7,VOTE Agent[09]
3,talk,62,5,3,VOTE Agent[14]
3,talk,63,5,10,VOTE Agent[15]
3,talk,64,5,9,Over
3,talk,65,5,13,Over
3,talk,66,5,2,Skip
3,talk,67,5,5,Over
3,talk,68,5,15,VOTE Agent[10]
3,talk,69,5,6,Over
3,talk,70,5,1,Skip
3,talk,71,5,8,VOTE Agent[15]
3,talk,72,6,2,Over
3,talk,73,6,3,VOTE Agent[14]
3,talk,74,6,8,VOTE Agent[15]
3,talk,75,6,7,VOTE Agent[09]
3,talk,76,6,10,VOTE Agent[15]
3,talk,77,6,13,Over
3,talk,78,6,14,VOTE Agent[07]
3,talk,79,6,15,VOTE Agent[10]
3,talk,80,6,5,Over
3,talk,81,6,6,Over
3,talk,82,6,1,VOTE Agent[15]
3,talk,83,6,9,Over
3,talk,84,7,10,VOTE Agent[15]
3,talk,85,7,7,VOTE Agent[09]
3,talk,86,7,5,Over
3,talk,87,7,14,VOTE Agent[07]
3,talk,88,7,3,VOTE Agent[14]
3,talk,89,7,8,VOTE Agent[15]
3,talk,90,7,9,Over
3,talk,91,7,1,VOTE Agent[09]
3,talk,92,7,13,Over
3,talk,93,7,2,Over
3,talk,94,7,6,Over
3,talk,95,7,15,VOTE Agent[10]
3,talk,96,8,5,Over
3,talk,97,8,3,VOTE Agent[14]
3,talk,98,8,8,VOTE Agent[15]
3,talk,99,8,15,VOTE Agent[10]
3,talk,100,8,1,VOTE Agent[15]
3,talk,101,8,14,VOTE Agent[07]
3,talk,102,8,13,Over
3,talk,103,8,9,Over
3,talk,104,8,6,Over
3,talk,105,8,7,VOTE Agent[09]
3,talk,106,8,2,Over
3,talk,107,8,10,VOTE Agent[15]
3,talk,108,9,6,Over
3,talk,109,9,1,Skip
3,talk,110,9,13,Over
3,talk,111,9,3,Over
3,talk,112,9,8,Over
3,talk,113,9,7,Over
3,talk,114,9,2,Over
3,talk,115,9,9,Over
3,talk,116,9,14,VOTE Agent[07]
3,talk,117,9,15,Over
3,talk,118,9,10,Over
3,talk,119,9,5,Over
3,talk,120,10,14,Over
3,talk,121,10,13,Over
3,talk,122,10,8,Over
3,talk,123,10,5,Over
3,talk,124,10,3,Over
3,talk,125,10,10,Over
3,talk,126,10,6,Over
3,talk,127,10,7,Over
3,talk,128,10,15,Over
3,talk,129,10,1,VOTE Agent[09]
3,talk,130,10,9,Over
3,talk,131,10,2,Over
3,talk,132,11,9,Over
3,talk,133,11,3,Over
3,talk,134,11,2,Over
3,talk,135,11,6,Over
3,talk,136,11,15,Over
3,talk,137,11,7,Over
3,talk,138,11,14,Over
3,talk,139,11,1,VOTE Agent[15]
3,talk,140,11,10,Over
3,talk,141,11,13,Over
3,talk,142,11,5,Over
3,talk,143,11,8,Over
3,talk,144,12,15,Over
3,talk,145,12,6,Over
3,talk,146,12,1,Skip
3,talk,147,12,7,Over
3,talk,148,12,10,Over
3,talk,149,12,5,Over
3,talk,150,12,8,Over
3,talk,151,12,9,Over
3,talk,152,12,3,Over
3,talk,153,12,14,Over
3,talk,154,12,13,Over
3,talk,155,12,2,Over
3,talk,156,13,15,Over
3,talk,157,13,7,Over
3,talk,158,13,9,Over
3,talk,159,13,14,Over
3,talk,160,13,10,Over
3,talk,161,13,1,Skip
3,talk,162,13,8,Over
3,talk,163,13,2,Over
3,talk,164,13,3,Over
3,talk,165,13,6,Over
3,talk,166,13,13,Over
3,talk,167,13,5,Over
3,talk,168,14,8,Over
3,talk,169,14,3,Over
3,talk,170,14,7,Over
3,talk,171,14,1,VOTE Agent[09]
3,talk,172,14,9,Over
3,talk,173,14,2,Over
3,talk,174,14,6,Over
3,talk,175,14,10,Over
3,talk,176,14,14,Over
3,talk,177,14,5,Over
3,talk,178,14,15,Over
3,talk,179,14,13,Over
3,talk,180,15,3,Over
3,talk,181,15,14,Over
3,talk,182,15,13,Over
3,talk,183,15,10,Over
3,talk,184,15,5,Over
3,talk,185,15,8,Over
3,talk,186,15,2,Over
3,talk,187,15,6,Over
3,talk,188,15,1,VOTE Agent[15]
3,talk,189,15,9,Over
3,talk,190,15,7,Over
3,talk,191,15,15,Over
3,talk,192,16,9,Over
3,talk,193,16,13,Over
3,talk,194,16,1,Over
3,talk,195,16,7,Over
3,talk,196,16,6,Over
3,talk,197,16,5,Over
3,talk,198,16,15,Over
3,talk,199,16,14,Over
3,talk,200,16,3,Over
3,talk,201,16,2,Over
3,talk,202,16,8,Over
3,talk,203,16,10,Over
3,vote,1,15
3,vote,2,7
3,vote,3,9
3,vote,5,8
3,vote,6,15
3,vote,7,9
3,vote,8,15
3,vote,9,3
3,vote,10,15
3,vote,13,9
3,vote,14,7
3,vote,15,10
3,execute,15,VILLAGER
3,divine,14,7,WEREWOLF
3,whisper,0,0,1,ATTACK Agent[03]
3,whisper,1,0,7,ATTACK Agent[11]
3,whisper,2,1,1,Skip
3,whisper,3,1,7,Skip
3,whisper,4,2,1,Skip
3,whisper,5,2,7,Skip
3,whisper,6,3,7,Over
3,whisper,7,3,1,Over
3,guard,2,14,SEER
3,attackVote,1,3
3,attack,3,true
4,status,1,WEREWOLF,ALIVE,Tomato14
4,status,2,BODYGUARD,ALIVE,TOKU0
4,status,3,POSSESSED,DEAD,HALU
4,status,4,VILLAGER,DEAD,HALU
4,status,5,VILLAGER,ALIVE,TOKU12
4,status,6,VILLAGER,ALIVE,SampleJava8
4,status,7,WEREWOLF,ALIVE,HALU
4,status,8,VILLAGER,ALIVE,HALU
4,status,9,VILLAGER,ALIVE,sample_py
4,status,10,VILLAGER,ALIVE,OKAMI
4,status,11,MEDIUM,DEAD,SampleJava9
4,status,12,WEREWOLF,DEAD,Tomato1
4,status,13,VILLAGER,ALIVE,sample_py
4,status,14,SEER,ALIVE,TOKU3
4,status,15,VILLAGER,DEAD,OKAMI
4,talk,0,0,5,VOTE Agent[08]
4,talk,1,0,7,VOTE Agent[09]
4,talk,2,0,6,VOTE Agent[13]
4,talk,3,0,1,VOTE Agent[09]
4,talk,4,0,14,DIVINED Agent[07] WEREWOLF
4,talk,5,0,2,VOTE Agent[07]
4,talk,6,0,13,VOTE Agent[07]
4,talk,7,0,10,VOTE Agent[09]
4,talk,8,0,9,VOTE Agent[07]
4,talk,9,0,8,VOTE Agent[09]
4,talk,10,1,10,COMINGOUT Agent[10] VILLAGER
4,talk,11,1,2,Skip
4,talk,12,1,14,VOTE Agent[07]
4,talk,13,1,8,VOTE Agent[07]
4,talk,14,1,13,Skip
4,talk,15,1,1,Skip
4,talk,16,1,5,VOTE Agent[07]
4,talk,17,1,6,REQUEST ANY (VOTE Agent[13])
4,talk,18,1,7,VOTE Agent[09]
4,talk,19,1,9,Skip
4,talk,20,2,6,Skip
4,talk,21,2,8,VOTE Agent[07]
4,talk,22,2,10,VOTE Agent[09]
4,talk,23,2,1,Skip
4,talk,24,2,13,Skip
4,talk,25,2,5,Skip
4,talk,26,2,14,VOTE Agent[07]
4,talk,27,2,7,VOTE Agent[09]
4,talk,28,2,2,Skip
4,talk,29,2,9,Skip
4,talk,30,3,7,VOTE Agent[09]
4,talk,31,3,14,VOTE Agent[07]
4,talk,32,3,9,Over
4,talk,33,3,8,VOTE Agent[07]
4,talk,34,3,13,Over
4,talk,35,3,6,Skip
4,talk,36,3,5,Skip
4,talk,37,3,2,Over
4,talk,38,3,1,Over
4,talk,39,3,10,VOTE Agent[09]
4,talk,40,4,8,VOTE Agent[07]
4,talk,41,4,10,VOTE Agent[09]
4,talk,42,4,9,Over
4,talk,43,4,13,Over
4,talk,44,4,6,Over
4,talk,45,4,5,Over
4,talk,46,4,1,Over
4,talk,47,4,14,VOTE Agent[07]
4,talk,48,4,2,Over
4,talk,49,4,7,VOTE Agent[09]
4,talk,50,5,9,Over
4,talk,51,5,14,VOTE Agent[07]
4,talk,52,5,8,VOTE Agent[07]
4,talk,53,5,2,Over
4,talk,54,5,10,VOTE Agent[09]
4,talk,55,5,1,Over
4,talk,56,5,7,VOTE Agent[09]
4,talk,57,5,13,Over
4,talk,58,5,6,Over
4,talk,59,5,5,Over
4,talk,60,6,2,Over
4,talk,61,6,14,VOTE Agent[07]
4,talk,62,6,1,Over
4,talk,63,6,6,Over
4,talk,64,6,9,Over
4,talk,65,6,13,Over
4,talk,66,6,8,VOTE Agent[07]
4,talk,67,6,5,Over
4,talk,68,6,7,VOTE Agent[09]
4,talk,69,6,10,VOTE Agent[09]
4,talk,70,7,14,VOTE Agent[07]
4,talk,71,7,2,Over
4,talk,72,7,13,Over
4,talk,73,7,7,VOTE Agent[09]
4,talk,74,7,1,Over
4,talk,75,7,6,Over
4,talk,76,7,9,Over
4,talk,77,7,8,VOTE Agent[07]
4,talk,78,7,10,VOTE Agent[09]
4,talk,79,7,5,Over
4,talk,80,8,1,Over
4,talk,81,8,6,Over
4,talk,82,8,9,Over
4,talk,83,8,5,Over
4,talk,84,8,10,VOTE Agent[09]
4,talk,85,8,2,Over
4,talk,86,8,14,VOTE Agent[07]
4,talk,87,8,8,VOTE Agent[09]
4,talk,88,8,13,Over
4,talk,89,8,7,VOTE Agent[09]
4,talk,90,9,1,Over
4,talk,91,9,6,Over
4,talk,92,9,13,Over
4,talk,93,9,14,VOTE Agent[07]
4,talk,94,9,7,Over
4,talk,95,9,8,Over
4,talk,96,9,2,Over
4,talk,97,9,9,Over
4,talk,98,9,5,Over
4,talk,99,9,10,Over
4,talk,100,10,2,Over
4,talk,101,10,14,Over
4,talk,102,10,7,Over
4,talk,103,10,8,Over
4,talk,104,10,6,Over
4,talk,105,10,10,Over
4,talk,106,10,13,Over
4,talk,107,10,5,Over
4,talk,108,10,9,Over
4,talk,109,10,1,Over
4,vote,1,9
4,vote,2,7
4,vote,5,7
4,vote,6,14
4,vote,7,9
4,vote,8,7
4,vote,9,7
4,vote,10,9
4,vote,13,7
4,vote,14,7
4,execute,7,WEREWOLF
4,divine,14,8,HUMAN
4,guard,2,14,SEER
4,attack,2,true
5,status,1,WEREWOLF,ALIVE,Tomato14
5,status,2,BODYGUARD,DEAD,TOKU0
5,status,3,POSSESSED,DEAD,HALU
5,status,4,VILLAGER,DEAD,HALU
5,status,5,VILLAGER,ALIVE,TOKU12
5,status,6,VILLAGER,ALIVE,SampleJava8
5,status,7,WEREWOLF,DEAD,HALU
5,status,8,VILLAGER,ALIVE,HALU
5,status,9,VILLAGER,ALIVE,sample_py
5,status,10,VILLAGER,ALIVE,OKAMI
5,status,11,MEDIUM,DEAD,SampleJava9
5,status,12,WEREWOLF,DEAD,Tomato1
5,status,13,VILLAGER,ALIVE,sample_py
5,status,14,SEER,ALIVE,TOKU3
5,status,15,VILLAGER,DEAD,OKAMI
5,talk,0,0,14,DIVINED Agent[08] HUMAN
5,talk,1,0,5,VOTE Agent[08]
5,talk,2,0,10,VOTE Agent[09]
5,talk,3,0,6,VOTE Agent[08]
5,talk,4,0,9,VOTE Agent[10]
5,talk,5,0,1,VOTE Agent[08]
5,talk,6,0,8,VOTE Agent[09]
5,talk,7,0,13,VOTE Agent[09]
5,talk,8,1,8,VOTE Agent[09]
5,talk,9,1,6,REQUEST ANY (VOTE Agent[08])
5,talk,10,1,5,VOTE Agent[01]
5,talk,11,1,13,Skip
5,talk,12,1,1,VOTE Agent[09]
5,talk,13,1,10,COMINGOUT Agent[10] VILLAGER
5,talk,14,1,14,VOTE Agent[01]
5,talk,15,1,9,Skip
5,talk,16,2,8,VOTE Agent[09]
5,talk,17,2,14,VOTE Agent[01]
5,talk,18,2,5,Skip
5,talk,19,2,13,Skip
5,talk,20,2,1,Skip
5,talk,21,2,9,Skip
5,talk,22,2,10,VOTE Agent[09]
5,talk,23,2,6,Skip
5,talk,24,3,5,Skip
5,talk,25,3,1,Skip
5,talk,26,3,9,Over
5,talk,27,3,13,Over
5,talk,28,3,14,VOTE Agent[01]
5,talk,29,3,8,VOTE Agent[09]
5,talk,30,3,10,VOTE Agent[09]
5,talk,31,3,6,Skip
5,talk,32,4,13,Over
5,talk,33,4,9,Over
5,talk,34,4,8,VOTE Agent[09]
5,talk,35,4,1,Over
5,talk,36,4,6,Over
5,talk,37,4,14,VOTE Agent[01]
5,talk,38,4,5,Over
5,talk,39,4,10,VOTE Agent[09]
5,talk,40,5,10,VOTE Agent[09]
5,talk,41,5,8,VOTE Agent[09]
5,talk,42,5,13,Over
5,talk,43,5,6,Over
5,talk,44,5,5,Over
5,talk,45,5,9,Over
5,talk,46,5,14,VOTE Agent[01]
5,talk,47,5,1,Over
5,talk,48,6,5,Over
5,talk,49,6,10,VOTE Agent[09]
5,talk,50,6,14,VOTE Agent[01]
5,talk,51,6,9,Over
5,talk,52,6,8,VOTE Agent[09]
5,talk,53,6,13,Over
5,talk,54,6,1,Over
5,talk,55,6,6,Over
5,talk,56,7,1,Over
5,talk,57,7,13,Over
5,talk,58,7,6,Over
5,talk,59,7,5,Over
5,talk,60,7,8,VOTE Agent[09]
5,talk,61,7,14,VOTE Agent[01]
5,talk,62,7,10,VOTE Agent[09]
5,talk,63,7,9,Over
5,talk,64,8,5,Over
5,talk,65,8,10,VOTE Agent[09]
5,talk,66,8,8,VOTE Agent[09]
5,talk,67,8,6,Over
5,talk,68,8,13,Over
5,talk,69,8,9,Over
5,talk,70,8,1,Over
5,talk,71,8,14,VOTE Agent[01]
5,talk,72,9,1,Over
5,talk,73,9,13,Over
5,talk,74,9,14,VOTE Agent[01]
5,talk,75,9,6,Over
5,talk,76,9,10,Over
5,talk,77,9,5,Over
5,talk,78,9,8,Over
5,talk,79,9,9,Over
5,talk,80,10,9,Over
5,talk,81,10,6,Over
5,talk,82,10,5,Over
5,talk,83,10,14,Over
5,talk,84,10,13,Over
5,talk,85,10,8,Over
5,talk,86,10,10,Over
5,talk,87,10,1,Over
5,vote,1,9
5,vote,5,1
5,vote,6,1
5,vote,8,9
5,vote,9,10
5,vote,10,9
5,vote,13,9
5,vote,14,1
5,execute,9,VILLAGER
5,divine,14,1,WEREWOLF
5,attack,10,true
6,status,1,WEREWOLF,ALIVE,Tomato14
6,status,2,BODYGUARD,DEAD,TOKU0
6,status,3,POSSESSED,DEAD,HALU
6,status,4,VILLAGER,DEAD,HALU
6,status,5,VILLAGER,ALIVE,TOKU12
6,status,6,VILLAGER,ALIVE,SampleJava8
6,status,7,WEREWOLF,DEAD,HALU
6,status,8,VILLAGER,ALIVE,HALU
6,status,9,VILLAGER,DEAD,sample_py
6,status,10,VILLAGER,DEAD,OKAMI
6,status,11,MEDIUM,DEAD,SampleJava9
6,status,12,WEREWOLF,DEAD,Tomato1
6,status,13,VILLAGER,ALIVE,sample_py
6,status,14,SEER,ALIVE,TOKU3
6,status,15,VILLAGER,DEAD,OKAMI
6,talk,0,0,1,VOTE Agent[14]
6,talk,1,0,5,VOTE Agent[01]
6,talk,2,0,13,VOTE Agent[14]
6,talk,3,0,14,DIVINED Agent[01] WEREWOLF
6,talk,4,0,8,VOTE Agent[13]
6,talk,5,0,6,VOTE Agent[05]
6,talk,6,1,1,Skip
6,talk,7,1,13,VOTE Agent[01]
6,talk,8,1,14,VOTE Agent[01]
6,talk,9,1,5,Skip
6,talk,10,1,6,REQUEST ANY (VOTE Agent[05])
6,talk,11,1,8,VOTE Agent[13]
6,talk,12,2,6,Skip
6,talk,13,2,14,VOTE Agent[01]
6,talk,14,2,5,Skip
6,talk,15,2,13,Skip
6,talk,16,2,1,VOTE Agent[05]
6,talk,17,2,8,VOTE Agent[13]
6,talk,18,3,5,Over
6,talk,19,3,14,VOTE Agent[01]
6,talk,20,3,8,VOTE Agent[13]
6,talk,21,3,1,Skip
6,talk,22,3,13,Skip
6,talk,23,3,6,Skip
6,talk,24,4,8,VOTE Agent[13]
6,talk,25,4,1,VOTE Agent[13]
6,talk,26,4,13,Over
6,talk,27,4,5,Over
6,talk,28,4,14,VOTE Agent[01]
6,talk,29,4,6,Over
6,talk,30,5,1,VOTE Agent[05]
6,talk,31,5,5,Over
6,talk,32,5,14,VOTE Agent[01]
6,talk,33,5,8,VOTE Agent[13]
6,talk,34,5,13,Over
6,talk,35,5,6,Over
6,talk,36,6,1,Skip
6,talk,37,6,14,VOTE Agent[01]
6,talk,38,6,5,Over
6,talk,39,6,13,Over
6,talk,40,6,6,Over
6,talk,41,6,8,VOTE Agent[13]
6,talk,42,7,14,VOTE Agent[01]
6,talk,43,7,6,Over
6,talk,44,7,13,Over
6,talk,45,7,8,VOTE Agent[13]
6,talk,46,7,5,Over
6,talk,47,7,1,VOTE Agent[13]
6,talk,48,8,13,Over
6,talk,49,8,5,Over
6,talk,50,8,8,VOTE Agent[13]
6,talk,51,8,14,VOTE Agent[01]
6,talk,52,8,6,Over
6,talk,53,8,1,VOTE Agent[05]
6,talk,54,9,5,Over
6,talk,55,9,1,VOTE Agent[13]
6,talk,56,9,13,Over
6,talk,57,9,8,Over
6,talk,58,9,6,Over
6,talk,59,9,14,VOTE Agent[01]
6,talk,60,10,5,Over
6,talk,61,10,14,Over
6,talk,62,10,6,Over
6,talk,63,10,8,Over
6,talk,64,10,13,Over
6,talk,65,10,1,Skip
6,talk,66,11,14,Over
6,talk,67,11,8,Over
6,talk,68,11,1,Skip
6,talk,69,11,6,Over
6,talk,70,11,13,Over
6,talk,71,11,5,Over
6,talk,72,12,5,Over
6,talk,73,12,13,Over
6,talk,74,12,6,Over
6,talk,75,12,14,Over
6,talk,76,12,1,VOTE Agent[05]
6,talk,77,12,8,Over
6,talk,78,13,1,VOTE Agent[13]
6,talk,79,13,8,Over
6,talk,80,13,6,Over
6,talk,81,13,14,Over
6,talk,82,13,13,Over
6,talk,83,13,5,Over
6,talk,84,14,1,Skip
6,talk,85,14,13,Over
6,talk,86,14,14,Over
6,talk,87,14,6,Over
6,talk,88,14,8,Over
6,talk,89,14,5,Over
6,talk,90,15,1,Skip
6,talk,91,15,14,Over
6,talk,92,15,13,Over
6,talk,93,15,8,Over
6,talk,94,15,5,Over
6,talk,95,15,6,Over
6,talk,96,16,6,Over
6,talk,97,16,14,Over
6,talk,98,16,5,Over
6,talk,99,16,8,Over
6,talk,100,16,1,Over
6,talk,101,16,13,Over
6,vote,1,13
6,vote,5,1
6,vote,6,14
6,vote,8,13
6,vote,13,1
6,vote,14,1
6,execute,1,WEREWOLF
6,divine,14,6,HUMAN
7,status,1,WEREWOLF,DEAD,Tomato14
7,status,2,BODYGUARD,DEAD,TOKU0
7,status,3,POSSESSED,DEAD,HALU
7,status,4,VILLAGER,DEAD,HALU
7,status,5,VILLAGER,ALIVE,TOKU12
7,status,6,VILLAGER,ALIVE,SampleJava8
7,status,7,WEREWOLF,DEAD,HALU
7,status,8,VILLAGER,ALIVE,HALU
7,status,9,VILLAGER,DEAD,sample_py
7,status,10,VILLAGER,DEAD,OKAMI
7,status,11,MEDIUM,DEAD,SampleJava9
7,status,12,WEREWOLF,DEAD,Tomato1
7,status,13,VILLAGER,ALIVE,sample_py
7,status,14,SEER,ALIVE,TOKU3
7,status,15,VILLAGER,DEAD,OKAMI
7,result,5,0,VILLAGER
