0,status,1,BODYGUARD,ALIVE,Takeda8
0,status,2,VILLAGER,ALIVE,TOKU1
0,status,3,MEDIUM,ALIVE,TOKU2
0,status,4,SEER,ALIVE,sample_py
0,status,5,VILLAGER,ALIVE,TOKU11
0,status,6,VILLAGER,ALIVE,TOKU4
0,status,7,WEREWOLF,ALIVE,Takeda7
0,status,8,POSSESSED,ALIVE,HALU
0,status,9,VILLAGER,ALIVE,Takeda5
0,status,10,WEREWOLF,ALIVE,SampleJava13
0,status,11,VILLAGER,ALIVE,Tomato14
0,status,12,WEREWOLF,ALIVE,sample_py
0,status,13,VILLAGER,ALIVE,Tomato10
0,status,14,VILLAGER,ALIVE,TOKU3
0,status,15,VILLAGER,ALIVE,Takeda6
0,whisper,0,0,12,COMINGOUT Agent[12] MEDIUM
0,whisper,1,0,10,COMINGOUT Agent[10] VILLAGER
0,whisper,2,0,7,Skip
0,whisper,3,1,10,Skip
0,whisper,4,1,7,Skip
0,whisper,5,1,12,COMINGOUT Agent[12] MEDIUM
0,whisper,6,2,10,Skip
0,whisper,7,2,12,COMINGOUT Agent[12] MEDIUM
0,whisper,8,2,7,Over
0,whisper,9,3,12,COMINGOUT Agent[12] MEDIUM
0,whisper,10,3,7,Over
0,whisper,11,3,10,Over
0,whisper,12,4,10,Over
0,whisper,13,4,7,Over
0,whisper,14,4,12,COMINGOUT Agent[12] MEDIUM
0,whisper,15,5,10,Over
0,whisper,16,5,12,COMINGOUT Agent[12] MEDIUM
0,whisper,17,5,7,Over
0,whisper,18,6,7,Over
0,whisper,19,6,12,COMINGOUT Agent[12] MEDIUM
0,whisper,20,6,10,Over
0,whisper,21,7,10,Over
0,whisper,22,7,12,COMINGOUT Agent[12] MEDIUM
0,whisper,23,7,7,Over
0,whisper,24,8,7,Over
0,whisper,25,8,10,Over
0,whisper,26,8,12,COMINGOUT Agent[12] MEDIUM
0,whisper,27,9,12,COMINGOUT Agent[12] MEDIUM
0,whisper,28,9,10,Over
0,whisper,29,9,7,Over
0,whisper,30,10,7,Over
0,whisper,31,10,10,Over
0,whisper,32,10,12,Over
0,divine,4,5,HUMAN
1,status,1,BODYGUARD,ALIVE,Takeda8
1,status,2,VILLAGER,ALIVE,TOKU1
1,status,3,MEDIUM,ALIVE,TOKU2
1,status,4,SEER,ALIVE,sample_py
1,status,5,VILLAGER,ALIVE,TOKU11
1,status,6,VILLAGER,ALIVE,TOKU4
1,status,7,WEREWOLF,ALIVE,Takeda7
1,status,8,POSSESSED,ALIVE,HALU
1,status,9,VILLAGER,ALIVE,Takeda5
1,status,10,WEREWOLF,ALIVE,SampleJava13
1,status,11,VILLAGER,ALIVE,Tomato14
1,status,12,WEREWOLF,ALIVE,sample_py
1,status,13,VILLAGER,ALIVE,Tomato10
1,status,14,VILLAGER,ALIVE,TOKU3
1,status,15,VILLAGER,ALIVE,Takeda6
1,talk,0,0,12,COMINGOUT Agent[12] MEDIUM
1,talk,1,0,13,VOTE Agent[06]
1,talk,2,0,4,VOTE Agent[08]
1,talk,3,0,10,VOTE Agent[04]
1,talk,4,0,11,VOTE Agent[08]
1,talk,5,0,3,COMINGOUT Agent[03] MEDIUM
1,talk,6,0,7,VOTE Agent[03]
1,talk,7,0,14,VOTE Agent[03]
1,talk,8,0,6,VOTE Agent[03]
1,talk,9,0,2,VOTE Agent[03]
1,talk,10,0,5,VOTE Agent[03]
1,talk,11,0,1,VOTE Agent[03]
1,talk,12,0,9,VOTE Agent[03]
1,talk,13,0,15,VOTE Agent[03]
1,talk,14,0,8,COMINGOUT Agent[08] SEER
1,talk,15,1,8,DIVINED Agent[15] WEREWOLF
1,talk,16,1,14,VOTE Agent[15]
1,talk,17,1,3,VOTE Agent[06]
1,talk,18,1,5,VOTE Agent[11]
1,talk,19,1,10,REQUEST ANY (VOTE Agent[04])
1,talk,20,1,6,VOTE Agent[09]
1,talk,21,1,13,VOTE Agent[03]
1,talk,22,1,15,VOTE Agent[12]
1,talk,23,1,1,VOTE Agent[11]
1,talk,24,1,4,Skip
1,talk,25,1,12,VOTE Agent[03]
1,talk,26,1,11,VOTE Agent[03]
1,talk,27,1,2,VOTE Agent[11]
1,talk,28,1,9,VOTE Agent[10]
1,talk,29,1,7,VOTE Agent[01]
1,talk,30,2,9,VOTE Agent[03]
1,talk,31,2,4,Skip
1,talk,32,2,6,VOTE Agent[03]
1,talk,33,2,5,VOTE Agent[03]
1,talk,34,2,7,VOTE Agent[03]
1,talk,35,2,10,Skip
1,talk,36,2,13,Skip
1,talk,37,2,1,VOTE Agent[03]
1,talk,38,2,12,Skip
1,talk,39,2,15,VOTE Agent[03]
1,talk,40,2,14,VOTE Agent[03]
1,talk,41,2,3,VOTE Agent[12]
1,talk,42,2,2,VOTE Agent[03]
1,talk,43,2,11,Skip
1,talk,44,2,8,VOTE Agent[03]
1,talk,45,3,15,Skip
1,talk,46,3,3,Skip
1,talk,47,3,13,Skip
1,talk,48,3,5,Skip
1,talk,49,3,1,Skip
1,talk,50,3,7,Skip
1,talk,51,3,11,Skip
1,talk,52,3,14,Skip
1,talk,53,3,9,Skip
1,talk,54,3,4,Over
1,talk,55,3,2,Skip
1,talk,56,3,12,Skip
1,talk,57,3,6,Skip
1,talk,58,3,8,VOTE Agent[03]
1,talk,59,3,10,Skip
1,talk,60,4,10,Over
1,talk,61,4,12,Over
1,talk,62,4,1,Skip
1,talk,63,4,11,Over
1,talk,64,4,14,Skip
1,talk,65,4,5,Skip
1,talk,66,4,6,Skip
1,talk,67,4,3,Skip
1,talk,68,4,8,VOTE Agent[03]
1,talk,69,4,13,Over
1,talk,70,4,2,Skip
1,talk,71,4,7,Skip
1,talk,72,4,4,Over
1,talk,73,4,15,Skip
1,talk,74,4,9,Skip
1,talk,75,5,15,Over
1,talk,76,5,12,Over
1,talk,77,5,4,Over
1,talk,78,5,13,Over
1,talk,79,5,10,Over
1,talk,80,5,9,Over
1,talk,81,5,1,Over
1,talk,82,5,11,Over
1,talk,83,5,5,Over
1,talk,84,5,8,VOTE Agent[03]
1,talk,85,5,2,Over
1,talk,86,5,6,Over
1,talk,87,5,14,Over
1,talk,88,5,3,Over
1,talk,89,5,7,Over
1,talk,90,6,6,Over
1,talk,91,6,15,Over
1,talk,92,6,8,VOTE Agent[03]
1,talk,93,6,2,Over
1,talk,94,6,14,Over
1,talk,95,6,11,Over
1,talk,96,6,3,Over
1,talk,97,6,10,Over
1,talk,98,6,7,Over
1,talk,99,6,13,Over
1,talk,100,6,5,Over
1,talk,101,6,4,Over
1,talk,102,6,9,Over
1,talk,103,6,12,Over
1,talk,104,6,1,Over
1,talk,105,7,15,Over
1,talk,106,7,13,Over
1,talk,107,7,5,Over
1,talk,108,7,8,VOTE Agent[03]
1,talk,109,7,11,Over
1,talk,110,7,9,Over
1,talk,111,7,4,Over
1,talk,112,7,7,Over
1,talk,113,7,2,Over
1,talk,114,7,14,Over
1,talk,115,7,6,Over
1,talk,116,7,10,Over
1,talk,117,7,3,Over
1,talk,118,7,1,Over
1,talk,119,7,12,Over
1,talk,120,8,6,Over
1,talk,121,8,9,Over
1,talk,122,8,1,Over
1,talk,123,8,12,Over
1,talk,124,8,15,Over
1,talk,125,8,5,Over
1,talk,126,8,8,VOTE Agent[03]
1,talk,127,8,7,Over
1,talk,128,8,2,Over
1,talk,129,8,10,Over
1,talk,130,8,13,Over
1,talk,131,8,4,Over
1,talk,132,8,3,Over
1,talk,133,8,11,Over
1,talk,134,8,14,Over
1,talk,135,9,9,Over
1,talk,136,9,11,Over
1,talk,137,9,7,Over
1,talk,138,9,1,Over
1,talk,139,9,10,Over
1,talk,140,9,14,Over
1,talk,141,9,2,Over
1,talk,142,9,6,Over
1,talk,143,9,15,Over
1,talk,144,9,5,Over
1,talk,145,9,13,Over
1,talk,146,9,8,Over
1,talk,147,9,3,Over
1,talk,148,9,4,Over
1,talk,149,9,12,Over
1,vote,1,3
1,vote,2,3
1,vote,3,12
1,vote,4,8
1,vote,5,3
1,vote,6,3
1,vote,7,3
1,vote,8,3
1,vote,9,3
1,vote,10,4
1,vote,11,3
1,vote,12,3
1,vote,13,3
1,vote,14,3
1,vote,15,3
1,execute,3,MEDIUM
1,divine,4,12,WEREWOLF
1,whisper,0,0,7,Skip
1,whisper,1,0,10,BECAUSE (AND (NOT (COMINGOUT Agent[08] WEREWOLF)) (NOT (COMINGOUT Agent[15] WEREWOLF)) (DAY 1 (Agent[08] DIVINED Agent[15] WEREWOLF))) (ESTIMATE Agent[08] POSSESSED)
1,whisper,2,0,12,ATTACK Agent[08]
1,whisper,3,1,10,ATTACK Agent[13]
1,whisper,4,1,12,Skip
1,whisper,5,1,7,Skip
1,whisper,6,2,7,Over
1,whisper,7,2,10,Skip
1,whisper,8,2,12,Skip
1,whisper,9,3,12,Over
1,whisper,10,3,7,Over
1,whisper,11,3,10,Skip
1,whisper,12,4,12,Over
1,whisper,13,4,7,Over
1,whisper,14,4,10,Over
1,guard,1,11,VILLAGER
1,attackVote,7,14
1,attackVote,10,13
1,attackVote,12,8
1,attackVote,7,14
1,attackVote,10,13
1,attackVote,12,8
1,attack,13,true
2,status,1,BODYGUARD,ALIVE,Takeda8
2,status,2,VILLAGER,ALIVE,TOKU1
2,status,3,MEDIUM,DEAD,TOKU2
2,status,4,SEER,ALIVE,sample_py
2,status,5,VILLAGER,ALIVE,TOKU11
2,status,6,VILLAGER,ALIVE,TOKU4
2,status,7,WEREWOLF,ALIVE,Takeda7
2,status,8,POSSESSED,ALIVE,HALU
2,status,9,VILLAGER,ALIVE,Takeda5
2,status,10,WEREWOLF,ALIVE,SampleJava13
2,status,11,VILLAGER,ALIVE,Tomato14
2,status,12,WEREWOLF,ALIVE,sample_py
2,status,13,VILLAGER,DEAD,Tomato10
2,status,14,VILLAGER,ALIVE,TOKU3
2,status,15,VILLAGER,ALIVE,Takeda6
2,talk,0,0,4,COMINGOUT Agent[04] SEER
2,talk,1,0,1,VOTE Agent[04]
2,talk,2,0,10,VOTE Agent[04]
2,talk,3,0,6,VOTE Agent[04]
2,talk,4,0,5,VOTE Agent[04]
2,talk,5,0,8,DIVINED Agent[04] HUMAN
2,talk,6,0,14,VOTE Agent[04]
2,talk,7,0,9,VOTE Agent[04]
2,talk,8,0,15,VOTE Agent[04]
2,talk,9,0,7,VOTE Agent[04]
2,talk,10,0,2,VOTE Agent[04]
2,talk,11,0,11,VOTE Agent[04]
2,talk,12,0,12,IDENTIFIED Agent[03] WEREWOLF
2,talk,13,1,11,Skip
2,talk,14,1,5,Skip
2,talk,15,1,15,Skip
2,talk,16,1,6,Skip
2,talk,17,1,10,REQUEST ANY (VOTE Agent[04])
2,talk,18,1,14,Skip
2,talk,19,1,12,VOTE Agent[15]
2,talk,20,1,8,VOTE Agent[12]
2,talk,21,1,1,Skip
2,talk,22,1,7,Skip
2,talk,23,1,2,Skip
2,talk,24,1,9,Skip
2,talk,25,1,4,DIVINED Agent[05] HUMAN
2,talk,26,2,10,Skip
2,talk,27,2,2,Skip
2,talk,28,2,5,Skip
2,talk,29,2,9,Skip
2,talk,30,2,8,VOTE Agent[12]
2,talk,31,2,14,Skip
2,talk,32,2,11,Skip
2,talk,33,2,1,Skip
2,talk,34,2,7,Skip
2,talk,35,2,15,Skip
2,talk,36,2,4,DIVINED Agent[12] WEREWOLF
2,talk,37,2,6,Skip
2,talk,38,2,12,Skip
2,talk,39,3,12,Skip
2,talk,40,3,1,Over
2,talk,41,3,4,VOTE Agent[12]
2,talk,42,3,10,Skip
2,talk,43,3,6,Over
2,talk,44,3,2,Over
2,talk,45,3,9,Over
2,talk,46,3,15,Over
2,talk,47,3,11,Over
2,talk,48,3,14,Over
2,talk,49,3,7,Over
2,talk,50,3,8,VOTE Agent[12]
2,talk,51,3,5,Over
2,talk,52,4,8,VOTE Agent[12]
2,talk,53,4,7,Over
2,talk,54,4,9,Over
2,talk,55,4,10,Over
2,talk,56,4,4,Skip
2,talk,57,4,1,Over
2,talk,58,4,12,Over
2,talk,59,4,14,Over
2,talk,60,4,2,Over
2,talk,61,4,6,Over
2,talk,62,4,11,Over
2,talk,63,4,15,Over
2,talk,64,4,5,Over
2,talk,65,5,4,Skip
2,talk,66,5,15,Over
2,talk,67,5,2,Over
2,talk,68,5,1,Over
2,talk,69,5,7,Over
2,talk,70,5,8,VOTE Agent[12]
2,talk,71,5,9,Over
2,talk,72,5,6,Over
2,talk,73,5,12,Over
2,talk,74,5,14,Over
2,talk,75,5,5,Over
2,talk,76,5,10,Over
2,talk,77,5,11,Over
2,talk,78,6,2,Over
2,talk,79,6,7,Over
2,talk,80,6,14,Over
2,talk,81,6,11,Over
2,talk,82,6,4,Over
2,talk,83,6,6,Over
2,talk,84,6,15,Over
2,talk,85,6,12,Over
2,talk,86,6,8,VOTE Agent[12]
2,talk,87,6,5,Over
2,talk,88,6,9,Over
2,talk,89,6,1,Over
2,talk,90,6,10,Over
2,talk,91,7,9,Over
2,talk,92,7,11,Over
2,talk,93,7,7,Over
2,talk,94,7,5,Over
2,talk,95,7,10,Over
2,talk,96,7,1,Over
2,talk,97,7,12,Over
2,talk,98,7,14,Over
2,talk,99,7,4,Over
2,talk,100,7,8,VOTE Agent[12]
2,talk,101,7,6,Over
2,talk,102,7,15,Over
2,talk,103,7,2,Over
2,talk,104,8,14,Over
2,talk,105,8,6,Over
2,talk,106,8,11,Over
2,talk,107,8,9,Over
2,talk,108,8,1,Over
2,talk,109,8,10,Over
2,talk,110,8,15,Over
2,talk,111,8,12,Over
2,talk,112,8,7,Over
2,talk,113,8,8,VOTE Agent[12]
2,talk,114,8,4,Over
2,talk,115,8,5,Over
2,talk,116,8,2,Over
2,talk,117,9,15,Over
2,talk,118,9,14,Over
2,talk,119,9,8,Over
2,talk,120,9,10,Over
2,talk,121,9,5,Over
2,talk,122,9,4,Over
2,talk,123,9,7,Over
2,talk,124,9,11,Over
2,talk,125,9,9,Over
2,talk,126,9,6,Over
2,talk,127,9,2,Over
2,talk,128,9,1,Over
2,talk,129,9,12,Over
2,vote,1,4
2,vote,2,4
2,vote,4,12
2,vote,5,4
2,vote,6,4
2,vote,7,4
2,vote,8,12
2,vote,9,4
2,vote,10,4
2,vote,11,4
2,vote,12,15
2,vote,14,4
2,vote,15,4
2,execute,4,SEER
2,whisper,0,0,12,ATTACK Agent[08]
2,whisper,1,0,7,Skip
2,whisper,2,0,10,ATTACK Agent[01]
2,whisper,3,1,7,Skip
2,whisper,4,1,12,Skip
2,whisper,5,1,10,Skip
2,whisper,6,2,12,Skip
2,whisper,7,2,7,Over
2,whisper,8,2,10,Skip
2,whisper,9,3,12,Over
2,whisper,10,3,10,Over
2,whisper,11,3,7,Over
2,guard,1,8,POSSESSED
2,attackVote,7,8
2,attackVote,10,1
2,attackVote,12,8
2,attack,8,false
3,status,1,BODYGUARD,ALIVE,Takeda8
3,status,2,VILLAGER,ALIVE,TOKU1
3,status,3,MEDIUM,DEAD,TOKU2
3,status,4,SEER,DEAD,sample_py
3,status,5,VILLAGER,ALIVE,TOKU11
3,status,6,VILLAGER,ALIVE,TOKU4
3,status,7,WEREWOLF,ALIVE,Takeda7
3,status,8,POSSESSED,ALIVE,HALU
3,status,9,VILLAGER,ALIVE,Takeda5
3,status,10,WEREWOLF,ALIVE,SampleJava13
3,status,11,VILLAGER,ALIVE,Tomato14
3,status,12,WEREWOLF,ALIVE,sample_py
3,status,13,VILLAGER,DEAD,Tomato10
3,status,14,VILLAGER,ALIVE,TOKU3
3,status,15,VILLAGER,ALIVE,Takeda6
3,talk,0,0,10,VOTE Agent[04]
3,talk,1,0,1,VOTE Agent[06]
3,talk,2,0,14,VOTE Agent[06]
3,talk,3,0,12,IDENTIFIED Agent[04] HUMAN
3,talk,4,0,2,VOTE Agent[14]
3,talk,5,0,9,VOTE Agent[14]
3,talk,6,0,7,VOTE Agent[14]
3,talk,7,0,6,VOTE Agent[14]
3,talk,8,0,8,DIVINED Agent[09] HUMAN
3,talk,9,0,15,VOTE Agent[06]
3,talk,10,0,11,VOTE Agent[12]
3,talk,11,0,5,VOTE Agent[15]
3,talk,12,1,1,Skip
3,talk,13,1,12,VOTE Agent[05]
3,talk,14,1,2,Skip
3,talk,15,1,14,Skip
3,talk,16,1,15,Skip
3,talk,17,1,10,REQUEST ANY (VOTE Agent[04])
3,talk,18,1,11,Skip
3,talk,19,1,7,Skip
3,talk,20,1,6,Skip
3,talk,21,1,8,VOTE Agent[12]
3,talk,22,1,5,Skip
3,talk,23,1,9,Skip
3,talk,24,2,1,Skip
3,talk,25,2,11,Skip
3,talk,26,2,2,VOTE Agent[06]
3,talk,27,2,10,Skip
3,talk,28,2,7,VOTE Agent[15]
3,talk,29,2,14,Skip
3,talk,30,2,8,VOTE Agent[12]
3,talk,31,2,6,VOTE Agent[05]
3,talk,32,2,9,Skip
3,talk,33,2,15,Skip
3,talk,34,2,5,VOTE Agent[06]
3,talk,35,2,12,Skip
3,talk,36,3,9,VOTE Agent[05]
3,talk,37,3,11,Over
3,talk,38,3,14,Over
3,talk,39,3,7,Skip
3,talk,40,3,8,VOTE Agent[15]
3,talk,41,3,2,Skip
3,talk,42,3,10,Skip
3,talk,43,3,1,Over
3,talk,44,3,6,Skip
3,talk,45,3,5,Skip
3,talk,46,3,15,Over
3,talk,47,3,12,Skip
3,talk,48,4,1,Over
3,talk,49,4,2,Skip
3,talk,50,4,7,VOTE Agent[06]
3,talk,51,4,9,Skip
3,talk,52,4,11,Over
3,talk,53,4,14,Over
3,talk,54,4,15,Over
3,talk,55,4,8,VOTE Agent[15]
3,talk,56,4,5,Skip
3,talk,57,4,12,Over
3,talk,58,4,10,Over
3,talk,59,4,6,VOTE Agent[05]
3,talk,60,5,7,Skip
3,talk,61,5,2,Over
3,talk,62,5,6,VOTE Agent[05]
3,talk,63,5,8,VOTE Agent[15]
3,talk,64,5,10,Over
3,talk,65,5,14,Over
3,talk,66,5,5,Over
3,talk,67,5,11,Over
3,talk,68,5,9,VOTE Agent[06]
3,talk,69,5,12,Over
3,talk,70,5,15,Over
3,talk,71,5,1,Over
3,talk,72,6,10,Over
3,talk,73,6,8,VOTE Agent[15]
3,talk,74,6,12,Over
3,talk,75,6,9,Skip
3,talk,76,6,15,Over
3,talk,77,6,7,Skip
3,talk,78,6,2,Over
3,talk,79,6,11,Over
3,talk,80,6,14,Over
3,talk,81,6,1,Over
3,talk,82,6,6,VOTE Agent[05]
3,talk,83,6,5,Over
3,talk,84,7,14,Over
3,talk,85,7,1,Over
3,talk,86,7,11,Over
3,talk,87,7,8,VOTE Agent[15]
3,talk,88,7,9,Skip
3,talk,89,7,6,VOTE Agent[05]
3,talk,90,7,12,Over
3,talk,91,7,10,Over
3,talk,92,7,5,Over
3,talk,93,7,15,Over
3,talk,94,7,2,Over
3,talk,95,7,7,Over
3,talk,96,8,10,Over
3,talk,97,8,8,VOTE Agent[15]
3,talk,98,8,9,Over
3,talk,99,8,15,Over
3,talk,100,8,2,Over
3,talk,101,8,6,VOTE Agent[05]
3,talk,102,8,1,Over
3,talk,103,8,12,Over
3,talk,104,8,5,Over
3,talk,105,8,11,Over
3,talk,106,8,14,Over
3,talk,107,8,7,Over
3,talk,108,9,5,Over
3,talk,109,9,1,Over
3,talk,110,9,2,Over
3,talk,111,9,14,Over
3,talk,112,9,12,Over
3,talk,113,9,8,Over
3,talk,114,9,9,Over
3,talk,115,9,7,Over
3,talk,116,9,10,Over
3,talk,117,9,11,Over
3,talk,118,9,15,Over
3,talk,119,9,6,VOTE Agent[05]
3,talk,120,10,14,Over
3,talk,121,10,12,Over
3,talk,122,10,10,Over
3,talk,123,10,15,Over
3,talk,124,10,5,Over
3,talk,125,10,1,Over
3,talk,126,10,8,Over
3,talk,127,10,11,Over
3,talk,128,10,6,VOTE Agent[05]
3,talk,129,10,9,Over
3,talk,130,10,2,Over
3,talk,131,10,7,Over
3,talk,132,11,2,Over
3,talk,133,11,7,Over
3,talk,134,11,12,Over
3,talk,135,11,5,Over
3,talk,136,11,8,Over
3,talk,137,11,14,Over
3,talk,138,11,11,Over
3,talk,139,11,15,Over
3,talk,140,11,6,VOTE Agent[05]
3,talk,141,11,1,Over
3,talk,142,11,9,Over
3,talk,143,11,10,Over
3,talk,144,12,9,Over
3,talk,145,12,12,Over
3,talk,146,12,11,Over
3,talk,147,12,6,Over
3,talk,148,12,14,Over
3,talk,149,12,1,Over
3,talk,150,12,2,Over
3,talk,151,12,7,Over
3,talk,152,12,15,Over
3,talk,153,12,10,Over
3,talk,154,12,5,Over
3,talk,155,12,8,Over
3,vote,1,6
3,vote,2,6
3,vote,5,6
3,vote,6,5
3,vote,7,6
3,vote,8,15
3,vote,9,6
3,vote,10,11
3,vote,11,12
3,vote,12,5
3,vote,14,6
3,vote,15,6
3,execute,6,VILLAGER
3,whisper,0,0,10,ATTACK Agent[14]
3,whisper,1,0,12,ATTACK Agent[08]
3,whisper,2,0,7,Skip
3,whisper,3,1,12,Skip
3,whisper,4,1,10,Skip
3,whisper,5,1,7,Skip
3,whisper,6,2,12,Skip
3,whisper,7,2,10,Skip
3,whisper,8,2,7,Over
3,whisper,9,3,7,Over
3,whisper,10,3,10,Over
3,whisper,11,3,12,Over
3,guard,1,8,POSSESSED
3,attackVote,7,8
3,attackVote,10,14
3,attackVote,12,8
3,attack,8,false
4,status,1,BODYGUARD,ALIVE,Takeda8
4,status,2,VILLAGER,ALIVE,TOKU1
4,status,3,MEDIUM,DEAD,TOKU2
4,status,4,SEER,DEAD,sample_py
4,status,5,VILLAGER,ALIVE,TOKU11
4,status,6,VILLAGER,DEAD,TOKU4
4,status,7,WEREWOLF,ALIVE,Takeda7
4,status,8,POSSESSED,ALIVE,HALU
4,status,9,VILLAGER,ALIVE,Takeda5
4,status,10,WEREWOLF,ALIVE,SampleJava13
4,status,11,VILLAGER,ALIVE,Tomato14
4,status,12,WEREWOLF,ALIVE,sample_py
4,status,13,VILLAGER,DEAD,Tomato10
4,status,14,VILLAGER,ALIVE,TOKU3
4,status,15,VILLAGER,ALIVE,Takeda6
4,talk,0,0,15,VOTE Agent[05]
4,talk,1,0,8,DIVINED Agent[07] HUMAN
4,talk,2,0,11,VOTE Agent[12]
4,talk,3,0,9,VOTE Agent[05]
4,talk,4,0,5,VOTE Agent[15]
4,talk,5,0,10,VOTE Agent[04]
4,talk,6,0,2,VOTE Agent[05]
4,talk,7,0,14,VOTE Agent[05]
4,talk,8,0,7,VOTE Agent[05]
4,talk,9,0,1,VOTE Agent[05]
4,talk,10,0,12,IDENTIFIED Agent[06] HUMAN
4,talk,11,1,7,Skip
4,talk,12,1,10,REQUEST ANY (VOTE Agent[04])
4,talk,13,1,2,Skip
4,talk,14,1,5,VOTE Agent[15]
4,talk,15,1,9,Skip
4,talk,16,1,1,Skip
4,talk,17,1,11,Skip
4,talk,18,1,8,VOTE Agent[15]
4,talk,19,1,14,Skip
4,talk,20,1,12,VOTE Agent[02]
4,talk,21,1,15,Skip
4,talk,22,2,8,VOTE Agent[12]
4,talk,23,2,5,VOTE Agent[15]
4,talk,24,2,14,Skip
4,talk,25,2,11,Skip
4,talk,26,2,12,Skip
4,talk,27,2,10,Skip
4,talk,28,2,15,Skip
4,talk,29,2,9,Skip
4,talk,30,2,1,Skip
4,talk,31,2,2,Skip
4,talk,32,2,7,Skip
4,talk,33,3,15,Over
4,talk,34,3,10,Skip
4,talk,35,3,1,Over
4,talk,36,3,14,Over
4,talk,37,3,7,Over
4,talk,38,3,5,VOTE Agent[15]
4,talk,39,3,2,Over
4,talk,40,3,9,Over
4,talk,41,3,8,VOTE Agent[12]
4,talk,42,3,11,Over
4,talk,43,3,12,Skip
4,talk,44,4,9,Over
4,talk,45,4,10,Over
4,talk,46,4,11,Over
4,talk,47,4,7,Over
4,talk,48,4,14,Over
4,talk,49,4,15,Over
4,talk,50,4,5,VOTE Agent[15]
4,talk,51,4,1,Over
4,talk,52,4,12,Over
4,talk,53,4,8,VOTE Agent[12]
4,talk,54,4,2,Over
4,talk,55,5,9,Over
4,talk,56,5,8,VOTE Agent[12]
4,talk,57,5,2,Over
4,talk,58,5,12,Over
4,talk,59,5,11,Over
4,talk,60,5,10,Over
4,talk,61,5,14,Over
4,talk,62,5,1,Over
4,talk,63,5,15,Over
4,talk,64,5,7,Over
4,talk,65,5,5,VOTE Agent[15]
4,talk,66,6,1,Over
4,talk,67,6,14,Over
4,talk,68,6,12,Over
4,talk,69,6,7,Over
4,talk,70,6,8,VOTE Agent[12]
4,talk,71,6,5,VOTE Agent[15]
4,talk,72,6,11,Over
4,talk,73,6,15,Over
4,talk,74,6,10,Over
4,talk,75,6,2,Over
4,talk,76,6,9,Over
4,talk,77,7,8,VOTE Agent[12]
4,talk,78,7,12,Over
4,talk,79,7,11,Over
4,talk,80,7,15,Over
4,talk,81,7,5,VOTE Agent[15]
4,talk,82,7,1,Over
4,talk,83,7,14,Over
4,talk,84,7,9,Over
4,talk,85,7,10,Over
4,talk,86,7,2,Over
4,talk,87,7,7,Over
4,talk,88,8,11,Over
4,talk,89,8,1,Over
4,talk,90,8,14,Over
4,talk,91,8,8,VOTE Agent[12]
4,talk,92,8,9,Over
4,talk,93,8,7,Over
4,talk,94,8,2,Over
4,talk,95,8,12,Over
4,talk,96,8,5,VOTE Agent[15]
4,talk,97,8,10,Over
4,talk,98,8,15,Over
4,talk,99,9,8,Over
4,talk,100,9,1,Over
4,talk,101,9,9,Over
4,talk,102,9,11,Over
4,talk,103,9,12,Over
4,talk,104,9,2,Over
4,talk,105,9,15,Over
4,talk,106,9,14,Over
4,talk,107,9,10,Over
4,talk,108,9,7,Over
4,talk,109,9,5,VOTE Agent[15]
4,talk,110,10,15,Over
4,talk,111,10,11,Over
4,talk,112,10,14,Over
4,talk,113,10,5,Over
4,talk,114,10,10,Over
4,talk,115,10,2,Over
4,talk,116,10,1,Over
4,talk,117,10,7,Over
4,talk,118,10,8,Over
4,talk,119,10,12,Over
4,talk,120,10,9,Over
4,vote,1,5
4,vote,2,5
4,vote,5,15
4,vote,7,5
4,vote,8,12
4,vote,9,5
4,vote,10,15
4,vote,11,12
4,vote,12,2
4,vote,14,5
4,vote,15,5
4,execute,5,VILLAGER
4,whisper,0,0,12,ATTACK Agent[08]
4,whisper,1,0,10,ATTACK Agent[01]
4,whisper,2,0,7,Skip
4,whisper,3,1,10,Skip
4,whisper,4,1,7,Skip
4,whisper,5,1,12,Skip
4,whisper,6,2,10,Skip
4,whisper,7,2,12,Skip
4,whisper,8,2,7,Over
4,whisper,9,3,10,Over
4,whisper,10,3,7,Over
4,whisper,11,3,12,Over
4,guard,1,8,POSSESSED
4,attackVote,7,9
4,attackVote,10,1
4,attackVote,12,8
4,attackVote,7,9
4,attackVote,10,1
4,attackVote,12,8
4,attack,1,true
5,status,1,BODYGUARD,DEAD,Takeda8
5,status,2,VILLAGER,ALIVE,TOKU1
5,status,3,MEDIUM,DEAD,TOKU2
5,status,4,SEER,DEAD,sample_py
5,status,5,VILLAGER,DEAD,TOKU11
5,status,6,VILLAGER,DEAD,TOKU4
5,status,7,WEREWOLF,ALIVE,Takeda7
5,status,8,POSSESSED,ALIVE,HALU
5,status,9,VILLAGER,ALIVE,Takeda5
5,status,10,WEREWOLF,ALIVE,SampleJava13
5,status,11,VILLAGER,ALIVE,Tomato14
5,status,12,WEREWOLF,ALIVE,sample_py
5,status,13,VILLAGER,DEAD,Tomato10
5,status,14,VILLAGER,ALIVE,TOKU3
5,status,15,VILLAGER,ALIVE,Takeda6
5,talk,0,0,11,VOTE Agent[12]
5,talk,1,0,9,VOTE Agent[15]
5,talk,2,0,15,VOTE Agent[14]
5,talk,3,0,7,VOTE Agent[15]
5,talk,4,0,10,VOTE Agent[04]
5,talk,5,0,8,DIVINED Agent[14] HUMAN
5,talk,6,0,14,VOTE Agent[15]
5,talk,7,0,12,IDENTIFIED Agent[05] WEREWOLF
5,talk,8,0,2,VOTE Agent[15]
5,talk,9,1,15,VOTE Agent[02]
5,talk,10,1,9,Skip
5,talk,11,1,7,Skip
5,talk,12,1,14,Skip
5,talk,13,1,8,VOTE Agent[15]
5,talk,14,1,10,REQUEST ANY (VOTE Agent[04])
5,talk,15,1,2,Skip
5,talk,16,1,12,VOTE Agent[02]
5,talk,17,1,11,Skip
5,talk,18,2,15,VOTE Agent[02]
5,talk,19,2,12,Skip
5,talk,20,2,11,Skip
5,talk,21,2,9,Skip
5,talk,22,2,8,VOTE Agent[15]
5,talk,23,2,7,Skip
5,talk,24,2,10,Skip
5,talk,25,2,14,Skip
5,talk,26,2,2,Skip
5,talk,27,3,10,Skip
5,talk,28,3,15,VOTE Agent[02]
5,talk,29,3,12,Skip
5,talk,30,3,7,Over
5,talk,31,3,11,Over
5,talk,32,3,2,Over
5,talk,33,3,14,Over
5,talk,34,3,9,Over
5,talk,35,3,8,VOTE Agent[15]
5,talk,36,4,15,VOTE Agent[02]
5,talk,37,4,10,Over
5,talk,38,4,12,Over
5,talk,39,4,8,VOTE Agent[15]
5,talk,40,4,9,Over
5,talk,41,4,11,Over
5,talk,42,4,7,Over
5,talk,43,4,14,Over
5,talk,44,4,2,Over
5,talk,45,5,7,Over
5,talk,46,5,12,Over
5,talk,47,5,11,Over
5,talk,48,5,8,VOTE Agent[15]
5,talk,49,5,10,Over
5,talk,50,5,14,Over
5,talk,51,5,2,Over
5,talk,52,5,15,VOTE Agent[02]
5,talk,53,5,9,Over
5,talk,54,6,12,Over
5,talk,55,6,7,Over
5,talk,56,6,10,Over
5,talk,57,6,15,VOTE Agent[02]
5,talk,58,6,14,Over
5,talk,59,6,2,Over
5,talk,60,6,8,VOTE Agent[15]
5,talk,61,6,11,Over
5,talk,62,6,9,Over
5,talk,63,7,12,Over
5,talk,64,7,8,VOTE Agent[15]
5,talk,65,7,10,Over
5,talk,66,7,11,Over
5,talk,67,7,2,Over
5,talk,68,7,14,Over
5,talk,69,7,9,Over
5,talk,70,7,15,VOTE Agent[02]
5,talk,71,7,7,Over
5,talk,72,8,8,VOTE Agent[15]
5,talk,73,8,11,Over
5,talk,74,8,10,Over
5,talk,75,8,2,Over
5,talk,76,8,12,Over
5,talk,77,8,15,VOTE Agent[02]
5,talk,78,8,14,Over
5,talk,79,8,9,Over
5,talk,80,8,7,Over
5,talk,81,9,9,Over
5,talk,82,9,15,VOTE Agent[02]
5,talk,83,9,2,Over
5,talk,84,9,11,Over
5,talk,85,9,14,Over
5,talk,86,9,10,Over
5,talk,87,9,8,Over
5,talk,88,9,12,Over
5,talk,89,9,7,Over
5,talk,90,10,15,Over
5,talk,91,10,9,Over
5,talk,92,10,8,Over
5,talk,93,10,14,Over
5,talk,94,10,2,Over
5,talk,95,10,12,Over
5,talk,96,10,10,Over
5,talk,97,10,7,Over
5,talk,98,10,11,Over
5,vote,2,15
5,vote,7,15
5,vote,8,15
5,vote,9,15
5,vote,10,2
5,vote,11,12
5,vote,12,2
5,vote,14,15
5,vote,15,2
5,execute,15,VILLAGER
5,whisper,0,0,10,ATTACK Agent[11]
5,whisper,1,0,12,ATTACK Agent[08]
5,whisper,2,0,7,Skip
5,whisper,3,1,10,Skip
5,whisper,4,1,7,Skip
5,whisper,5,1,12,Skip
5,whisper,6,2,10,Skip
5,whisper,7,2,7,Over
5,whisper,8,2,12,Skip
5,whisper,9,3,10,Over
5,whisper,10,3,12,Over
5,whisper,11,3,7,Over
5,attackVote,7,9
5,attackVote,10,11
5,attackVote,12,8
5,attackVote,7,9
5,attackVote,10,11
5,attackVote,12,8
5,attack,8,true
6,status,1,BODYGUARD,DEAD,Takeda8
6,status,2,VILLAGER,ALIVE,TOKU1
6,status,3,MEDIUM,DEAD,TOKU2
6,status,4,SEER,DEAD,sample_py
6,status,5,VILLAGER,DEAD,TOKU11
6,status,6,VILLAGER,DEAD,TOKU4
6,status,7,WEREWOLF,ALIVE,Takeda7
6,status,8,POSSESSED,DEAD,HALU
6,status,9,VILLAGER,ALIVE,Takeda5
6,status,10,WEREWOLF,ALIVE,SampleJava13
6,status,11,VILLAGER,ALIVE,Tomato14
6,status,12,WEREWOLF,ALIVE,sample_py
6,status,13,VILLAGER,DEAD,Tomato10
6,status,14,VILLAGER,ALIVE,TOKU3
6,status,15,VILLAGER,DEAD,Takeda6
6,talk,0,0,10,VOTE Agent[04]
6,talk,1,0,2,VOTE Agent[10]
6,talk,2,0,14,VOTE Agent[02]
6,talk,3,0,9,VOTE Agent[02]
6,talk,4,0,7,VOTE Agent[02]
6,talk,5,0,12,IDENTIFIED Agent[15] WEREWOLF
6,talk,6,0,11,VOTE Agent[12]
6,talk,7,1,12,VOTE Agent[11]
6,talk,8,1,9,Skip
6,talk,9,1,11,Skip
6,talk,10,1,14,Skip
6,talk,11,1,2,Skip
6,talk,12,1,7,Skip
6,talk,13,1,10,REQUEST ANY (VOTE Agent[04])
6,talk,14,2,14,Skip
6,talk,15,2,11,Skip
6,talk,16,2,2,Skip
6,talk,17,2,10,Skip
6,talk,18,2,12,Skip
6,talk,19,2,9,Skip
6,talk,20,2,7,Skip
6,talk,21,3,9,Over
6,talk,22,3,14,Over
6,talk,23,3,7,Over
6,talk,24,3,2,Over
6,talk,25,3,12,Skip
6,talk,26,3,11,Over
6,talk,27,3,10,Skip
6,talk,28,4,11,Over
6,talk,29,4,14,Over
6,talk,30,4,12,Over
6,talk,31,4,7,Over
6,talk,32,4,9,Over
6,talk,33,4,10,Over
6,talk,34,4,2,Over
6,vote,2,10
6,vote,7,2
6,vote,9,2
6,vote,10,14
6,vote,11,12
6,vote,12,11
6,vote,14,2
6,execute,2,VILLAGER
6,whisper,0,0,7,Skip
6,whisper,1,0,10,ATTACK Agent[09]
6,whisper,2,0,12,ATTACK Agent[14]
6,whisper,3,1,10,Skip
6,whisper,4,1,7,Skip
6,whisper,5,1,12,Skip
6,whisper,6,2,10,Skip
6,whisper,7,2,12,Skip
6,whisper,8,2,7,Over
6,whisper,9,3,10,Over
6,whisper,10,3,12,Over
6,whisper,11,3,7,Over
6,attackVote,7,9
6,attackVote,10,9
6,attackVote,12,14
6,attack,9,true
7,status,1,BODYGUARD,DEAD,Takeda8
7,status,2,VILLAGER,DEAD,TOKU1
7,status,3,MEDIUM,DEAD,TOKU2
7,status,4,SEER,DEAD,sample_py
7,status,5,VILLAGER,DEAD,TOKU11
7,status,6,VILLAGER,DEAD,TOKU4
7,status,7,WEREWOLF,ALIVE,Takeda7
7,status,8,POSSESSED,DEAD,HALU
7,status,9,VILLAGER,DEAD,Takeda5
7,status,10,WEREWOLF,ALIVE,SampleJava13
7,status,11,VILLAGER,ALIVE,Tomato14
7,status,12,WEREWOLF,ALIVE,sample_py
7,status,13,VILLAGER,DEAD,Tomato10
7,status,14,VILLAGER,ALIVE,TOKU3
7,status,15,VILLAGER,DEAD,Takeda6
7,result,2,3,WEREWOLF
