0,status,1,VILLAGER,ALIVE,Takeda8
0,status,2,WEREWOLF,ALIVE,TOKU1
0,status,3,WEREWOLF,ALIVE,TOKU2
0,status,4,VILLAGER,ALIVE,sample_py
0,status,5,WEREWOLF,ALIVE,TOKU11
0,status,6,BODYGUARD,ALIVE,TOKU4
0,status,7,VILLAGER,ALIVE,Takeda7
0,status,8,MEDIUM,ALIVE,HALU
0,status,9,VILLAGER,ALIVE,Takeda5
0,status,10,SEER,ALIVE,SampleJava13
0,status,11,VILLAGER,ALIVE,Tomato14
0,status,12,VILLAGER,ALIVE,sample_py
0,status,13,POSSESSED,ALIVE,Tomato10
0,status,14,VILLAGER,ALIVE,TOKU3
0,status,15,VILLAGER,ALIVE,Takeda6
0,whisper,0,0,3,Skip
0,whisper,1,0,5,Skip
0,whisper,2,0,2,Skip
0,whisper,3,1,5,Skip
0,whisper,4,1,3,Skip
0,whisper,5,1,2,Skip
0,whisper,6,2,5,Over
0,whisper,7,2,2,Over
0,whisper,8,2,3,Over
0,divine,10,1,HUMAN
1,status,1,VILLAGER,ALIVE,Takeda8
1,status,2,WEREWOLF,ALIVE,TOKU1
1,status,3,WEREWOLF,ALIVE,TOKU2
1,status,4,VILLAGER,ALIVE,sample_py
1,status,5,WEREWOLF,ALIVE,TOKU11
1,status,6,BODYGUARD,ALIVE,TOKU4
1,status,7,VILLAGER,ALIVE,Takeda7
1,status,8,MEDIUM,ALIVE,HALU
1,status,9,VILLAGER,ALIVE,Takeda5
1,status,10,SEER,ALIVE,SampleJava13
1,status,11,VILLAGER,ALIVE,Tomato14
1,status,12,VILLAGER,ALIVE,sample_py
1,status,13,POSSESSED,ALIVE,Tomato10
1,status,14,VILLAGER,ALIVE,TOKU3
1,status,15,VILLAGER,ALIVE,Takeda6
1,talk,0,0,4,VOTE Agent[01]
1,talk,1,0,5,COMINGOUT Agent[05] SEER
1,talk,2,0,8,VOTE Agent[04]
1,talk,3,0,3,COMINGOUT Agent[03] SEER
1,talk,4,0,1,VOTE Agent[04]
1,talk,5,0,10,COMINGOUT Agent[10] SEER
1,talk,6,0,7,VOTE Agent[05]
1,talk,7,0,12,VOTE Agent[10]
1,talk,8,0,11,VOTE Agent[04]
1,talk,9,0,14,VOTE Agent[05]
1,talk,10,0,2,COMINGOUT Agent[02] SEER
1,talk,11,0,6,VOTE Agent[01]
1,talk,12,0,13,COMINGOUT Agent[13] SEER
1,talk,13,0,15,VOTE Agent[14]
1,talk,14,0,9,VOTE Agent[13]
1,talk,15,1,1,VOTE Agent[13]
1,talk,16,1,14,VOTE Agent[10]
1,talk,17,1,15,VOTE Agent[13]
1,talk,18,1,10,DAY 1 (DIVINED Agent[01] HUMAN)
1,talk,19,1,7,Skip
1,talk,20,1,4,Skip
1,talk,21,1,13,DIVINED Agent[12] WEREWOLF
1,talk,22,1,2,DIVINED Agent[03] HUMAN
1,talk,23,1,11,VOTE Agent[13]
1,talk,24,1,3,DIVINED Agent[10] WEREWOLF
1,talk,25,1,5,DIVINED Agent[13] WEREWOLF
1,talk,26,1,9,VOTE Agent[05]
1,talk,27,1,6,VOTE Agent[02]
1,talk,28,1,12,Skip
1,talk,29,1,8,COMINGOUT Agent[08] MEDIUM
1,talk,30,2,10,DIVINED Agent[01] HUMAN
1,talk,31,2,1,VOTE Agent[10]
1,talk,32,2,15,VOTE Agent[10]
1,talk,33,2,7,Skip
1,talk,34,2,3,VOTE Agent[10]
1,talk,35,2,6,VOTE Agent[05]
1,talk,36,2,12,Skip
1,talk,37,2,5,VOTE Agent[13]
1,talk,38,2,8,VOTE Agent[05]
1,talk,39,2,11,VOTE Agent[10]
1,talk,40,2,14,Skip
1,talk,41,2,9,VOTE Agent[02]
1,talk,42,2,2,VOTE Agent[10]
1,talk,43,2,4,VOTE Agent[13]
1,talk,44,2,13,VOTE Agent[10]
1,talk,45,3,6,VOTE Agent[02]
1,talk,46,3,1,VOTE Agent[13]
1,talk,47,3,7,VOTE Agent[02]
1,talk,48,3,11,Skip
1,talk,49,3,4,Skip
1,talk,50,3,5,Skip
1,talk,51,3,9,Skip
1,talk,52,3,12,Over
1,talk,53,3,3,Skip
1,talk,54,3,15,VOTE Agent[13]
1,talk,55,3,13,Skip
1,talk,56,3,8,VOTE Agent[13]
1,talk,57,3,14,Skip
1,talk,58,3,10,BECAUSE (AND (COMINGOUT Agent[10] SEER) (Agent[03] COMINGOUT Agent[03] SEER)) (XOR (ESTIMATE Agent[03] WEREWOLF) (ESTIMATE Agent[03] POSSESSED))
1,talk,59,3,2,Skip
1,talk,60,4,7,Skip
1,talk,61,4,13,Skip
1,talk,62,4,11,Skip
1,talk,63,4,8,VOTE Agent[13]
1,talk,64,4,1,VOTE Agent[05]
1,talk,65,4,4,Skip
1,talk,66,4,5,Skip
1,talk,67,4,9,Skip
1,talk,68,4,14,VOTE Agent[05]
1,talk,69,4,2,Skip
1,talk,70,4,12,Over
1,talk,71,4,3,Skip
1,talk,72,4,15,Skip
1,talk,73,4,10,BECAUSE (XOR (ESTIMATE Agent[03] WEREWOLF) (ESTIMATE Agent[03] POSSESSED)) (AND (VOTE Agent[03]) (REQUEST ANY (VOTE Agent[03])))
1,talk,74,4,6,Skip
1,talk,75,5,3,Over
1,talk,76,5,10,VOTE Agent[03]
1,talk,77,5,5,Over
1,talk,78,5,15,Skip
1,talk,79,5,8,VOTE Agent[10]
1,talk,80,5,7,VOTE Agent[05]
1,talk,81,5,1,Skip
1,talk,82,5,9,Over
1,talk,83,5,4,Over
1,talk,84,5,11,Over
1,talk,85,5,6,Skip
1,talk,86,5,13,Over
1,talk,87,5,12,Over
1,talk,88,5,14,Skip
1,talk,89,5,2,Over
1,talk,90,6,2,Over
1,talk,91,6,15,VOTE Agent[02]
1,talk,92,6,6,Over
1,talk,93,6,5,Over
1,talk,94,6,13,Over
1,talk,95,6,1,Skip
1,talk,96,6,3,Over
1,talk,97,6,8,VOTE Agent[10]
1,talk,98,6,14,Skip
1,talk,99,6,7,VOTE Agent[02]
1,talk,100,6,11,Over
1,talk,101,6,10,REQUEST ANY (VOTE Agent[03])
1,talk,102,6,4,Over
1,talk,103,6,9,Over
1,talk,104,6,12,Over
1,talk,105,7,10,Skip
1,talk,106,7,7,Skip
1,talk,107,7,2,Over
1,talk,108,7,13,Over
1,talk,109,7,12,Over
1,talk,110,7,6,Over
1,talk,111,7,1,Over
1,talk,112,7,11,Over
1,talk,113,7,4,Over
1,talk,114,7,14,Over
1,talk,115,7,3,Over
1,talk,116,7,5,Over
1,talk,117,7,9,Over
1,talk,118,7,15,Skip
1,talk,119,7,8,VOTE Agent[10]
1,talk,120,8,10,Skip
1,talk,121,8,1,Over
1,talk,122,8,4,Over
1,talk,123,8,11,Over
1,talk,124,8,2,Over
1,talk,125,8,9,Over
1,talk,126,8,14,Over
1,talk,127,8,8,VOTE Agent[10]
1,talk,128,8,7,Skip
1,talk,129,8,13,Over
1,talk,130,8,5,Over
1,talk,131,8,3,Over
1,talk,132,8,6,Over
1,talk,133,8,12,Over
1,talk,134,8,15,Skip
1,talk,135,9,10,Over
1,talk,136,9,3,Over
1,talk,137,9,11,Over
1,talk,138,9,9,Over
1,talk,139,9,5,Over
1,talk,140,9,2,Over
1,talk,141,9,8,Over
1,talk,142,9,6,Over
1,talk,143,9,7,Over
1,talk,144,9,12,Over
1,talk,145,9,15,Over
1,talk,146,9,14,VOTE Agent[02]
1,talk,147,9,4,Over
1,talk,148,9,13,Over
1,talk,149,9,1,Over
1,talk,150,10,3,Over
1,talk,151,10,13,Over
1,talk,152,10,5,Over
1,talk,153,10,12,Over
1,talk,154,10,14,Skip
1,talk,155,10,7,Over
1,talk,156,10,4,Over
1,talk,157,10,9,Over
1,talk,158,10,2,Over
1,talk,159,10,11,Over
1,talk,160,10,1,Over
1,talk,161,10,10,Over
1,talk,162,10,8,Over
1,talk,163,10,15,Over
1,talk,164,10,6,Over
1,talk,165,11,3,Over
1,talk,166,11,7,Over
1,talk,167,11,14,Skip
1,talk,168,11,13,Over
1,talk,169,11,5,Over
1,talk,170,11,1,Over
1,talk,171,11,4,Over
1,talk,172,11,15,Over
1,talk,173,11,8,Over
1,talk,174,11,12,Over
1,talk,175,11,9,Over
1,talk,176,11,6,Over
1,talk,177,11,10,Over
1,talk,178,11,11,Over
1,talk,179,11,2,Over
1,talk,180,12,8,Over
1,talk,181,12,6,Over
1,talk,182,12,12,Over
1,talk,183,12,9,Over
1,talk,184,12,2,Over
1,talk,185,12,13,Over
1,talk,186,12,15,Over
1,talk,187,12,4,Over
1,talk,188,12,14,Over
1,talk,189,12,11,Over
1,talk,190,12,7,Over
1,talk,191,12,10,Over
1,talk,192,12,1,Over
1,talk,193,12,3,Over
1,talk,194,12,5,Over
1,vote,1,5
1,vote,2,5
1,vote,3,10
1,vote,4,13
1,vote,5,13
1,vote,6,2
1,vote,7,2
1,vote,8,10
1,vote,9,2
1,vote,10,3
1,vote,11,10
1,vote,12,10
1,vote,13,10
1,vote,14,2
1,vote,15,2
1,vote,1,5
1,vote,2,5
1,vote,3,10
1,vote,4,13
1,vote,5,13
1,vote,6,2
1,vote,7,2
1,vote,8,10
1,vote,9,2
1,vote,10,2
1,vote,11,10
1,vote,12,10
1,vote,13,10
1,vote,14,2
1,vote,15,2
1,execute,2,WEREWOLF
1,divine,10,5,WEREWOLF
1,whisper,0,0,5,Skip
1,whisper,1,0,3,Skip
1,whisper,2,1,3,Skip
1,whisper,3,1,5,Skip
1,whisper,4,2,5,Over
1,whisper,5,2,3,Over
1,guard,6,10,SEER
1,attackVote,3,13
1,attackVote,5,13
1,attack,13,true
2,status,1,VILLAGER,ALIVE,Takeda8
2,status,2,WEREWOLF,DEAD,TOKU1
2,status,3,WEREWOLF,ALIVE,TOKU2
2,status,4,VILLAGER,ALIVE,sample_py
2,status,5,WEREWOLF,ALIVE,TOKU11
2,status,6,BODYGUARD,ALIVE,TOKU4
2,status,7,VILLAGER,ALIVE,Takeda7
2,status,8,MEDIUM,ALIVE,HALU
2,status,9,VILLAGER,ALIVE,Takeda5
2,status,10,SEER,ALIVE,SampleJava13
2,status,11,VILLAGER,ALIVE,Tomato14
2,status,12,VILLAGER,ALIVE,sample_py
2,status,13,POSSESSED,DEAD,Tomato10
2,status,14,VILLAGER,ALIVE,TOKU3
2,status,15,VILLAGER,ALIVE,Takeda6
2,talk,0,0,1,VOTE Agent[05]
2,talk,1,0,5,DIVINED Agent[10] WEREWOLF
2,talk,2,0,3,DIVINED Agent[05] HUMAN
2,talk,3,0,11,VOTE Agent[05]
2,talk,4,0,9,VOTE Agent[05]
2,talk,5,0,4,VOTE Agent[12]
2,talk,6,0,12,VOTE Agent[10]
2,talk,7,0,10,DAY 2 (DIVINED Agent[05] WEREWOLF)
2,talk,8,0,8,IDENTIFIED Agent[02] WEREWOLF
2,talk,9,0,15,VOTE Agent[05]
2,talk,10,0,14,VOTE Agent[05]
2,talk,11,0,7,VOTE Agent[05]
2,talk,12,0,6,VOTE Agent[05]
2,talk,13,1,7,Skip
2,talk,14,1,1,Skip
2,talk,15,1,10,DIVINED Agent[05] WEREWOLF
2,talk,16,1,6,Skip
2,talk,17,1,15,Skip
2,talk,18,1,5,VOTE Agent[10]
2,talk,19,1,11,Skip
2,talk,20,1,12,Skip
2,talk,21,1,9,Skip
2,talk,22,1,4,Skip
2,talk,23,1,14,Skip
2,talk,24,1,8,VOTE Agent[05]
2,talk,25,1,3,VOTE Agent[05]
2,talk,26,2,11,Skip
2,talk,27,2,10,BECAUSE (DAY 2 (DIVINED Agent[05] WEREWOLF)) (AND (VOTE Agent[05]) (REQUEST ANY (VOTE Agent[05])))
2,talk,28,2,9,Skip
2,talk,29,2,6,Skip
2,talk,30,2,1,Skip
2,talk,31,2,7,Skip
2,talk,32,2,3,Skip
2,talk,33,2,12,Skip
2,talk,34,2,8,VOTE Agent[10]
2,talk,35,2,4,Skip
2,talk,36,2,15,Skip
2,talk,37,2,14,Skip
2,talk,38,2,5,VOTE Agent[10]
2,talk,39,3,4,Over
2,talk,40,3,12,Over
2,talk,41,3,6,Over
2,talk,42,3,1,Over
2,talk,43,3,15,Over
2,talk,44,3,14,Over
2,talk,45,3,10,VOTE Agent[05]
2,talk,46,3,8,VOTE Agent[05]
2,talk,47,3,7,Over
2,talk,48,3,5,VOTE Agent[10]
2,talk,49,3,9,Over
2,talk,50,3,3,Skip
2,talk,51,3,11,Over
2,talk,52,4,5,VOTE Agent[10]
2,talk,53,4,12,Over
2,talk,54,4,3,Over
2,talk,55,4,7,Over
2,talk,56,4,11,Over
2,talk,57,4,4,Over
2,talk,58,4,1,Over
2,talk,59,4,9,Over
2,talk,60,4,6,Over
2,talk,61,4,14,Over
2,talk,62,4,10,REQUEST ANY (VOTE Agent[05])
2,talk,63,4,15,Over
2,talk,64,4,8,VOTE Agent[05]
2,talk,65,5,11,Over
2,talk,66,5,9,Over
2,talk,67,5,5,VOTE Agent[10]
2,talk,68,5,15,Over
2,talk,69,5,12,Over
2,talk,70,5,3,Over
2,talk,71,5,6,Over
2,talk,72,5,8,VOTE Agent[05]
2,talk,73,5,14,Over
2,talk,74,5,1,Over
2,talk,75,5,4,Over
2,talk,76,5,7,Over
2,talk,77,5,10,Skip
2,talk,78,6,1,Over
2,talk,79,6,3,Over
2,talk,80,6,7,Over
2,talk,81,6,14,Over
2,talk,82,6,4,Over
2,talk,83,6,5,VOTE Agent[10]
2,talk,84,6,11,Over
2,talk,85,6,12,Over
2,talk,86,6,6,Over
2,talk,87,6,10,Skip
2,talk,88,6,9,Over
2,talk,89,6,8,VOTE Agent[05]
2,talk,90,6,15,Over
2,talk,91,7,7,Over
2,talk,92,7,12,Over
2,talk,93,7,14,Over
2,talk,94,7,3,Over
2,talk,95,7,6,Over
2,talk,96,7,15,Over
2,talk,97,7,1,Over
2,talk,98,7,8,VOTE Agent[05]
2,talk,99,7,11,Over
2,talk,100,7,5,VOTE Agent[10]
2,talk,101,7,9,Over
2,talk,102,7,4,Over
2,talk,103,7,10,Over
2,talk,104,8,15,Over
2,talk,105,8,1,Over
2,talk,106,8,12,Over
2,talk,107,8,3,Over
2,talk,108,8,10,Over
2,talk,109,8,9,Over
2,talk,110,8,8,VOTE Agent[05]
2,talk,111,8,7,Over
2,talk,112,8,5,VOTE Agent[10]
2,talk,113,8,11,Over
2,talk,114,8,14,Over
2,talk,115,8,6,Over
2,talk,116,8,4,Over
2,talk,117,9,11,Over
2,talk,118,9,15,Over
2,talk,119,9,7,Over
2,talk,120,9,3,Over
2,talk,121,9,8,Over
2,talk,122,9,4,Over
2,talk,123,9,10,Over
2,talk,124,9,6,Over
2,talk,125,9,1,Over
2,talk,126,9,9,Over
2,talk,127,9,14,Over
2,talk,128,9,5,VOTE Agent[10]
2,talk,129,9,12,Over
2,talk,130,10,11,Over
2,talk,131,10,15,Over
2,talk,132,10,6,Over
2,talk,133,10,5,Over
2,talk,134,10,1,Over
2,talk,135,10,14,Over
2,talk,136,10,4,Over
2,talk,137,10,7,Over
2,talk,138,10,10,Over
2,talk,139,10,12,Over
2,talk,140,10,8,Over
2,talk,141,10,3,Over
2,talk,142,10,9,Over
2,vote,1,5
2,vote,3,5
2,vote,4,12
2,vote,5,10
2,vote,6,5
2,vote,7,5
2,vote,8,5
2,vote,9,5
2,vote,10,5
2,vote,11,5
2,vote,12,10
2,vote,14,5
2,vote,15,5
2,execute,5,WEREWOLF
2,guard,6,10,SEER
2,attackVote,3,10
2,attack,10,false
3,status,1,VILLAGER,ALIVE,Takeda8
3,status,2,WEREWOLF,DEAD,TOKU1
3,status,3,WEREWOLF,ALIVE,TOKU2
3,status,4,VILLAGER,ALIVE,sample_py
3,status,5,WEREWOLF,DEAD,TOKU11
3,status,6,BODYGUARD,ALIVE,TOKU4
3,status,7,VILLAGER,ALIVE,Takeda7
3,status,8,MEDIUM,ALIVE,HALU
3,status,9,VILLAGER,ALIVE,Takeda5
3,status,10,SEER,ALIVE,SampleJava13
3,status,11,VILLAGER,ALIVE,Tomato14
3,status,12,VILLAGER,ALIVE,sample_py
3,status,13,POSSESSED,DEAD,Tomato10
3,status,14,VILLAGER,ALIVE,TOKU3
3,status,15,VILLAGER,ALIVE,Takeda6
3,talk,0,0,8,IDENTIFIED Agent[05] WEREWOLF
3,talk,1,0,1,VOTE Agent[03]
3,talk,2,0,10,BECAUSE (AND (COMINGOUT Agent[10] SEER) (Agent[03] COMINGOUT Agent[03] SEER)) (XOR (ESTIMATE Agent[03] WEREWOLF) (ESTIMATE Agent[03] POSSESSED))
3,talk,3,0,15,VOTE Agent[03]
3,talk,4,0,9,VOTE Agent[03]
3,talk,5,0,11,VOTE Agent[10]
3,talk,6,0,12,VOTE Agent[10]
3,talk,7,0,6,VOTE Agent[03]
3,talk,8,0,14,VOTE Agent[03]
3,talk,9,0,4,VOTE Agent[10]
3,talk,10,0,3,DIVINED Agent[09] WEREWOLF
3,talk,11,0,7,VOTE Agent[03]
3,talk,12,1,14,Skip
3,talk,13,1,6,Skip
3,talk,14,1,11,Skip
3,talk,15,1,15,Skip
3,talk,16,1,1,Skip
3,talk,17,1,8,VOTE Agent[10]
3,talk,18,1,3,VOTE Agent[09]
3,talk,19,1,10,BECAUSE (XOR (ESTIMATE Agent[03] WEREWOLF) (ESTIMATE Agent[03] POSSESSED)) (AND (VOTE Agent[03]) (REQUEST ANY (VOTE Agent[03])))
3,talk,20,1,9,Skip
3,talk,21,1,12,Skip
3,talk,22,1,4,Skip
3,talk,23,1,7,Skip
3,talk,24,2,14,VOTE Agent[10]
3,talk,25,2,4,Skip
3,talk,26,2,8,VOTE Agent[10]
3,talk,27,2,1,VOTE Agent[10]
3,talk,28,2,15,VOTE Agent[10]
3,talk,29,2,11,Skip
3,talk,30,2,7,VOTE Agent[10]
3,talk,31,2,3,VOTE Agent[10]
3,talk,32,2,12,Skip
3,talk,33,2,6,VOTE Agent[10]
3,talk,34,2,9,VOTE Agent[10]
3,talk,35,2,10,VOTE Agent[03]
3,talk,36,3,6,Skip
3,talk,37,3,11,Over
3,talk,38,3,12,Over
3,talk,39,3,4,Over
3,talk,40,3,10,REQUEST ANY (VOTE Agent[03])
3,talk,41,3,9,Skip
3,talk,42,3,1,Skip
3,talk,43,3,8,VOTE Agent[10]
3,talk,44,3,3,Skip
3,talk,45,3,15,Skip
3,talk,46,3,7,Skip
3,talk,47,3,14,Skip
3,talk,48,4,15,Skip
3,talk,49,4,3,Skip
3,talk,50,4,10,Skip
3,talk,51,4,12,Over
3,talk,52,4,6,Skip
3,talk,53,4,8,VOTE Agent[10]
3,talk,54,4,1,Skip
3,talk,55,4,9,Skip
3,talk,56,4,7,Skip
3,talk,57,4,11,Over
3,talk,58,4,4,Over
3,talk,59,4,14,Skip
3,talk,60,5,6,Over
3,talk,61,5,3,Over
3,talk,62,5,12,Over
3,talk,63,5,15,Over
3,talk,64,5,4,Over
3,talk,65,5,1,Over
3,talk,66,5,9,Over
3,talk,67,5,8,VOTE Agent[10]
3,talk,68,5,10,Skip
3,talk,69,5,7,Over
3,talk,70,5,11,Over
3,talk,71,5,14,Over
3,talk,72,6,14,Over
3,talk,73,6,1,Over
3,talk,74,6,4,Over
3,talk,75,6,11,Over
3,talk,76,6,9,Over
3,talk,77,6,3,Over
3,talk,78,6,7,Over
3,talk,79,6,15,Over
3,talk,80,6,10,Over
3,talk,81,6,12,Over
3,talk,82,6,6,Over
3,talk,83,6,8,VOTE Agent[03]
3,talk,84,7,4,Over
3,talk,85,7,3,Over
3,talk,86,7,6,Over
3,talk,87,7,12,Over
3,talk,88,7,8,VOTE Agent[03]
3,talk,89,7,9,Over
3,talk,90,7,10,Over
3,talk,91,7,1,Over
3,talk,92,7,15,Over
3,talk,93,7,14,Over
3,talk,94,7,7,Over
3,talk,95,7,11,Over
3,talk,96,8,11,Over
3,talk,97,8,12,Over
3,talk,98,8,1,Over
3,talk,99,8,10,Over
3,talk,100,8,7,Over
3,talk,101,8,4,Over
3,talk,102,8,8,VOTE Agent[03]
3,talk,103,8,6,Over
3,talk,104,8,9,Over
3,talk,105,8,15,Over
3,talk,106,8,3,Over
3,talk,107,8,14,Over
3,talk,108,9,10,Over
3,talk,109,9,15,Over
3,talk,110,9,12,Over
3,talk,111,9,9,Over
3,talk,112,9,7,Over
3,talk,113,9,4,Over
3,talk,114,9,14,Over
3,talk,115,9,8,Over
3,talk,116,9,3,Over
3,talk,117,9,6,Over
3,talk,118,9,11,Over
3,talk,119,9,1,Over
3,vote,1,10
3,vote,3,10
3,vote,4,10
3,vote,6,10
3,vote,7,10
3,vote,8,3
3,vote,9,10
3,vote,10,3
3,vote,11,10
3,vote,12,10
3,vote,14,10
3,vote,15,10
3,execute,10,SEER
3,guard,6,10,SEER
3,attackVote,3,12
3,attack,12,true
4,status,1,VILLAGER,ALIVE,Takeda8
4,status,2,WEREWOLF,DEAD,TOKU1
4,status,3,WEREWOLF,ALIVE,TOKU2
4,status,4,VILLAGER,ALIVE,sample_py
4,status,5,WEREWOLF,DEAD,TOKU11
4,status,6,BODYGUARD,ALIVE,TOKU4
4,status,7,VILLAGER,ALIVE,Takeda7
4,status,8,MEDIUM,ALIVE,HALU
4,status,9,VILLAGER,ALIVE,Takeda5
4,status,10,SEER,DEAD,SampleJava13
4,status,11,VILLAGER,ALIVE,Tomato14
4,status,12,VILLAGER,DEAD,sample_py
4,status,13,POSSESSED,DEAD,Tomato10
4,status,14,VILLAGER,ALIVE,TOKU3
4,status,15,VILLAGER,ALIVE,Takeda6
4,talk,0,0,7,VOTE Agent[03]
4,talk,1,0,4,VOTE Agent[09]
4,talk,2,0,14,VOTE Agent[03]
4,talk,3,0,11,VOTE Agent[03]
4,talk,4,0,15,VOTE Agent[03]
4,talk,5,0,9,VOTE Agent[03]
4,talk,6,0,1,VOTE Agent[03]
4,talk,7,0,8,IDENTIFIED Agent[10] HUMAN
4,talk,8,0,6,VOTE Agent[03]
4,talk,9,0,3,DIVINED Agent[07] WEREWOLF
4,talk,10,1,8,VOTE Agent[03]
4,talk,11,1,15,Skip
4,talk,12,1,4,Skip
4,talk,13,1,1,Skip
4,talk,14,1,3,VOTE Agent[09]
4,talk,15,1,14,Skip
4,talk,16,1,9,Skip
4,talk,17,1,6,Skip
4,talk,18,1,11,Skip
4,talk,19,1,7,Skip
4,talk,20,2,4,Skip
4,talk,21,2,1,Skip
4,talk,22,2,9,Skip
4,talk,23,2,8,VOTE Agent[03]
4,talk,24,2,15,Skip
4,talk,25,2,14,Skip
4,talk,26,2,11,Skip
4,talk,27,2,3,VOTE Agent[09]
4,talk,28,2,6,Skip
4,talk,29,2,7,Skip
4,talk,30,3,15,Over
4,talk,31,3,11,Over
4,talk,32,3,14,Over
4,talk,33,3,4,Over
4,talk,34,3,1,Over
4,talk,35,3,9,Over
4,talk,36,3,6,Over
4,talk,37,3,7,Over
4,talk,38,3,3,VOTE Agent[09]
4,talk,39,3,8,VOTE Agent[03]
4,talk,40,4,7,Over
4,talk,41,4,14,Over
4,talk,42,4,3,VOTE Agent[09]
4,talk,43,4,6,Over
4,talk,44,4,1,Over
4,talk,45,4,4,Over
4,talk,46,4,11,Over
4,talk,47,4,9,Over
4,talk,48,4,15,Over
4,talk,49,4,8,VOTE Agent[03]
4,talk,50,5,7,Over
4,talk,51,5,4,Over
4,talk,52,5,14,Over
4,talk,53,5,6,Over
4,talk,54,5,3,VOTE Agent[09]
4,talk,55,5,8,VOTE Agent[03]
4,talk,56,5,1,Over
4,talk,57,5,11,Over
4,talk,58,5,15,Over
4,talk,59,5,9,Over
4,talk,60,6,4,Over
4,talk,61,6,15,Over
4,talk,62,6,3,VOTE Agent[09]
4,talk,63,6,8,VOTE Agent[03]
4,talk,64,6,6,Over
4,talk,65,6,11,Over
4,talk,66,6,14,Over
4,talk,67,6,7,Over
4,talk,68,6,9,Over
4,talk,69,6,1,Over
4,talk,70,7,8,VOTE Agent[03]
4,talk,71,7,7,Over
4,talk,72,7,4,Over
4,talk,73,7,6,Over
4,talk,74,7,14,Over
4,talk,75,7,1,Over
4,talk,76,7,15,Over
4,talk,77,7,9,Over
4,talk,78,7,11,Over
4,talk,79,7,3,VOTE Agent[09]
4,talk,80,8,3,VOTE Agent[09]
4,talk,81,8,6,Over
4,talk,82,8,11,Over
4,talk,83,8,7,Over
4,talk,84,8,4,Over
4,talk,85,8,1,Over
4,talk,86,8,14,Over
4,talk,87,8,15,Over
4,talk,88,8,9,Over
4,talk,89,8,8,VOTE Agent[03]
4,talk,90,9,9,Over
4,talk,91,9,11,Over
4,talk,92,9,6,Over
4,talk,93,9,3,VOTE Agent[09]
4,talk,94,9,8,Over
4,talk,95,9,7,Over
4,talk,96,9,1,Over
4,talk,97,9,15,Over
4,talk,98,9,4,Over
4,talk,99,9,14,Over
4,talk,100,10,9,Over
4,talk,101,10,6,Over
4,talk,102,10,4,Over
4,talk,103,10,3,Over
4,talk,104,10,8,Over
4,talk,105,10,14,Over
4,talk,106,10,1,Over
4,talk,107,10,15,Over
4,talk,108,10,7,Over
4,talk,109,10,11,Over
4,vote,1,3
4,vote,3,9
4,vote,4,9
4,vote,6,3
4,vote,7,3
4,vote,8,3
4,vote,9,3
4,vote,11,3
4,vote,14,3
4,vote,15,3
4,execute,3,WEREWOLF
4,guard,6,14,VILLAGER
5,status,1,VILLAGER,ALIVE,Takeda8
5,status,2,WEREWOLF,DEAD,TOKU1
5,status,3,WEREWOLF,DEAD,TOKU2
5,status,4,VILLAGER,ALIVE,sample_py
5,status,5,WEREWOLF,DEAD,TOKU11
5,status,6,BODYGUARD,ALIVE,TOKU4
5,status,7,VILLAGER,ALIVE,Takeda7
5,status,8,MEDIUM,ALIVE,HALU
5,status,9,VILLAGER,ALIVE,Takeda5
5,status,10,SEER,DEAD,SampleJava13
5,status,11,VILLAGER,ALIVE,Tomato14
5,status,12,VILLAGER,DEAD,sample_py
5,status,13,POSSESSED,DEAD,Tomato10
5,status,14,VILLAGER,ALIVE,TOKU3
5,status,15,VILLAGER,ALIVE,Takeda6
5,result,9,0,VILLAGER
