0,status,1,VILLAGER,ALIVE,SampleJava3
0,status,2,VILLAGER,ALIVE,Takeda8
0,status,3,VILLAGER,ALIVE,HALU
0,status,4,VILLAGER,ALIVE,OKAMI
0,status,5,WEREWOLF,ALIVE,OKAMI
0,status,6,VILLAGER,ALIVE,Tomato7
0,status,7,BODYGUARD,ALIVE,TOKU1
0,status,8,VILLAGER,ALIVE,SampleJava4
0,status,9,WEREWOLF,ALIVE,OKAMI
0,status,10,VILLAGER,ALIVE,Tomato9
0,status,11,VILLAGER,ALIVE,sample_py
0,status,12,SEER,ALIVE,sample_py
0,status,13,MEDIUM,ALIVE,OKAMI
0,status,14,POSSESSED,ALIVE,sample_py
0,status,15,WEREWOLF,ALIVE,Takeda11
0,whisper,0,0,9,COMINGOUT Agent[09] VILLAGER
0,whisper,1,0,5,COMINGOUT Agent[05] VILLAGER
0,whisper,2,0,15,Skip
0,whisper,3,1,9,Skip
0,whisper,4,1,5,Skip
0,whisper,5,1,15,Skip
0,whisper,6,2,15,Over
0,whisper,7,2,5,Skip
0,whisper,8,2,9,Skip
0,whisper,9,3,5,Over
0,whisper,10,3,15,Over
0,whisper,11,3,9,Over
0,divine,12,4,HUMAN
1,status,1,VILLAGER,ALIVE,SampleJava3
1,status,2,VILLAGER,ALIVE,Takeda8
1,status,3,VILLAGER,ALIVE,HALU
1,status,4,VILLAGER,ALIVE,OKAMI
1,status,5,WEREWOLF,ALIVE,OKAMI
1,status,6,VILLAGER,ALIVE,Tomato7
1,status,7,BODYGUARD,ALIVE,TOKU1
1,status,8,VILLAGER,ALIVE,SampleJava4
1,status,9,WEREWOLF,ALIVE,OKAMI
1,status,10,VILLAGER,ALIVE,Tomato9
1,status,11,VILLAGER,ALIVE,sample_py
1,status,12,SEER,ALIVE,sample_py
1,status,13,MEDIUM,ALIVE,OKAMI
1,status,14,POSSESSED,ALIVE,sample_py
1,status,15,WEREWOLF,ALIVE,Takeda11
1,talk,0,0,9,VOTE Agent[04]
1,talk,1,0,2,VOTE Agent[04]
1,talk,2,0,11,VOTE Agent[06]
1,talk,3,0,14,COMINGOUT Agent[14] SEER
1,talk,4,0,10,VOTE Agent[04]
1,talk,5,0,5,VOTE Agent[04]
1,talk,6,0,13,Over
1,talk,7,0,7,VOTE Agent[04]
1,talk,8,0,1,VOTE Agent[03]
1,talk,9,0,6,VOTE Agent[04]
1,talk,10,0,12,VOTE Agent[14]
1,talk,11,0,4,VOTE Agent[06]
1,talk,12,0,3,VOTE Agent[12]
1,talk,13,0,15,COMINGOUT Agent[15] SEER
1,talk,14,0,8,VOTE Agent[04]
1,talk,15,1,7,Skip
1,talk,16,1,9,VOTE Agent[04]
1,talk,17,1,15,DIVINED Agent[04] WEREWOLF
1,talk,18,1,13,Over
1,talk,19,1,10,Skip
1,talk,20,1,1,REQUEST ANY (VOTE Agent[03])
1,talk,21,1,6,Skip
1,talk,22,1,2,Skip
1,talk,23,1,3,VOTE Agent[04]
1,talk,24,1,14,DIVINED Agent[05] WEREWOLF
1,talk,25,1,12,Skip
1,talk,26,1,11,VOTE Agent[04]
1,talk,27,1,8,REQUEST ANY (VOTE Agent[04])
1,talk,28,1,5,VOTE Agent[04]
1,talk,29,1,4,COMINGOUT Agent[04] VILLAGER
1,talk,30,2,1,Skip
1,talk,31,2,2,VOTE Agent[09]
1,talk,32,2,15,VOTE Agent[04]
1,talk,33,2,3,VOTE Agent[04]
1,talk,34,2,13,Over
1,talk,35,2,12,Skip
1,talk,36,2,4,VOTE Agent[05]
1,talk,37,2,14,VOTE Agent[05]
1,talk,38,2,9,VOTE Agent[04]
1,talk,39,2,5,VOTE Agent[04]
1,talk,40,2,11,Skip
1,talk,41,2,8,Skip
1,talk,42,2,10,Skip
1,talk,43,2,7,VOTE Agent[09]
1,talk,44,2,6,Skip
1,talk,45,3,14,Skip
1,talk,46,3,8,Skip
1,talk,47,3,7,Skip
1,talk,48,3,9,VOTE Agent[04]
1,talk,49,3,10,Over
1,talk,50,3,4,VOTE Agent[05]
1,talk,51,3,2,VOTE Agent[05]
1,talk,52,3,6,Over
1,talk,53,3,1,Skip
1,talk,54,3,11,Skip
1,talk,55,3,12,Over
1,talk,56,3,13,Over
1,talk,57,3,15,Skip
1,talk,58,3,5,VOTE Agent[04]
1,talk,59,3,3,VOTE Agent[04]
1,talk,60,4,3,VOTE Agent[04]
1,talk,61,4,13,Over
1,talk,62,4,10,Over
1,talk,63,4,9,VOTE Agent[04]
1,talk,64,4,1,Over
1,talk,65,4,2,VOTE Agent[09]
1,talk,66,4,15,Skip
1,talk,67,4,4,VOTE Agent[05]
1,talk,68,4,5,VOTE Agent[04]
1,talk,69,4,14,Skip
1,talk,70,4,6,Over
1,talk,71,4,8,Over
1,talk,72,4,7,Skip
1,talk,73,4,11,Over
1,talk,74,4,12,Over
1,talk,75,5,8,Over
1,talk,76,5,1,Over
1,talk,77,5,4,VOTE Agent[05]
1,talk,78,5,2,VOTE Agent[05]
1,talk,79,5,14,Over
1,talk,80,5,15,Over
1,talk,81,5,12,Over
1,talk,82,5,7,Over
1,talk,83,5,6,Over
1,talk,84,5,13,Over
1,talk,85,5,10,Over
1,talk,86,5,3,VOTE Agent[04]
1,talk,87,5,9,VOTE Agent[04]
1,talk,88,5,5,VOTE Agent[04]
1,talk,89,5,11,Over
1,talk,90,6,7,Over
1,talk,91,6,6,Over
1,talk,92,6,10,Over
1,talk,93,6,4,VOTE Agent[05]
1,talk,94,6,12,Over
1,talk,95,6,15,Over
1,talk,96,6,5,VOTE Agent[04]
1,talk,97,6,13,Over
1,talk,98,6,11,Over
1,talk,99,6,14,Over
1,talk,100,6,8,Over
1,talk,101,6,9,VOTE Agent[04]
1,talk,102,6,3,VOTE Agent[04]
1,talk,103,6,2,VOTE Agent[09]
1,talk,104,6,1,Over
1,talk,105,7,13,Over
1,talk,106,7,9,VOTE Agent[04]
1,talk,107,7,3,VOTE Agent[04]
1,talk,108,7,15,Over
1,talk,109,7,4,VOTE Agent[05]
1,talk,110,7,8,Over
1,talk,111,7,11,Over
1,talk,112,7,2,VOTE Agent[05]
1,talk,113,7,12,Over
1,talk,114,7,5,VOTE Agent[04]
1,talk,115,7,7,Over
1,talk,116,7,6,Over
1,talk,117,7,10,Over
1,talk,118,7,14,Over
1,talk,119,7,1,Over
1,talk,120,8,14,Over
1,talk,121,8,15,Over
1,talk,122,8,11,Over
1,talk,123,8,12,Over
1,talk,124,8,7,VOTE Agent[05]
1,talk,125,8,3,VOTE Agent[04]
1,talk,126,8,5,VOTE Agent[04]
1,talk,127,8,1,Over
1,talk,128,8,6,Over
1,talk,129,8,10,Over
1,talk,130,8,9,VOTE Agent[04]
1,talk,131,8,13,Over
1,talk,132,8,8,Over
1,talk,133,8,2,VOTE Agent[09]
1,talk,134,8,4,VOTE Agent[05]
1,talk,135,9,3,Over
1,talk,136,9,13,Over
1,talk,137,9,11,Over
1,talk,138,9,14,Over
1,talk,139,9,6,Over
1,talk,140,9,15,Over
1,talk,141,9,5,Over
1,talk,142,9,1,Over
1,talk,143,9,10,Over
1,talk,144,9,12,Over
1,talk,145,9,2,Skip
1,talk,146,9,4,Over
1,talk,147,9,8,Over
1,talk,148,9,7,VOTE Agent[09]
1,talk,149,9,9,Over
1,talk,150,10,8,Over
1,talk,151,10,4,Over
1,talk,152,10,5,Over
1,talk,153,10,11,Over
1,talk,154,10,2,VOTE Agent[05]
1,talk,155,10,6,Over
1,talk,156,10,1,Over
1,talk,157,10,3,Over
1,talk,158,10,7,Skip
1,talk,159,10,15,Over
1,talk,160,10,10,Over
1,talk,161,10,9,Over
1,talk,162,10,13,Over
1,talk,163,10,12,Over
1,talk,164,10,14,Over
1,talk,165,11,14,Over
1,talk,166,11,1,Over
1,talk,167,11,9,Over
1,talk,168,11,8,Over
1,talk,169,11,11,Over
1,talk,170,11,13,Over
1,talk,171,11,12,Over
1,talk,172,11,3,Over
1,talk,173,11,7,Skip
1,talk,174,11,4,Over
1,talk,175,11,2,Skip
1,talk,176,11,10,Over
1,talk,177,11,5,Over
1,talk,178,11,6,Over
1,talk,179,11,15,Over
1,talk,180,12,1,Over
1,talk,181,12,14,Over
1,talk,182,12,6,Over
1,talk,183,12,13,Over
1,talk,184,12,11,Over
1,talk,185,12,4,Over
1,talk,186,12,5,Over
1,talk,187,12,15,Over
1,talk,188,12,10,Over
1,talk,189,12,7,Over
1,talk,190,12,2,Skip
1,talk,191,12,12,Over
1,talk,192,12,9,Over
1,talk,193,12,8,Over
1,talk,194,12,3,Over
1,talk,195,13,5,Over
1,talk,196,13,10,Over
1,talk,197,13,6,Over
1,talk,198,13,13,Over
1,talk,199,13,2,VOTE Agent[09]
1,talk,200,13,8,Over
1,talk,201,13,9,Over
1,talk,202,13,14,Over
1,talk,203,13,15,Over
1,talk,204,13,12,Over
1,talk,205,13,11,Over
1,talk,206,13,7,Over
1,talk,207,13,4,Over
1,talk,208,13,1,Over
1,talk,209,13,3,Over
1,talk,210,14,11,Over
1,talk,211,14,10,Over
1,talk,212,14,1,Over
1,talk,213,14,6,Over
1,talk,214,14,4,Over
1,talk,215,14,13,Over
1,talk,216,14,15,Over
1,talk,217,14,3,Over
1,talk,218,14,7,Over
1,talk,219,14,2,Over
1,talk,220,14,14,Over
1,talk,221,14,8,Over
1,talk,222,14,12,Over
1,talk,223,14,9,Over
1,talk,224,14,5,Over
1,vote,1,4
1,vote,2,4
1,vote,3,4
1,vote,4,5
1,vote,5,4
1,vote,6,4
1,vote,7,4
1,vote,8,3
1,vote,9,4
1,vote,10,4
1,vote,11,4
1,vote,12,14
1,vote,13,4
1,vote,14,5
1,vote,15,4
1,execute,4,VILLAGER
1,divine,12,1,HUMAN
1,whisper,0,0,5,ATTACK Agent[14]
1,whisper,1,0,15,Skip
1,whisper,2,0,9,ATTACK Agent[14]
1,whisper,3,1,5,Skip
1,whisper,4,1,9,Skip
1,whisper,5,1,15,Skip
1,whisper,6,2,5,Skip
1,whisper,7,2,9,Skip
1,whisper,8,2,15,Over
1,whisper,9,3,5,Over
1,whisper,10,3,15,Over
1,whisper,11,3,9,Over
1,guard,7,15,WEREWOLF
1,attackVote,5,14
1,attackVote,9,14
1,attackVote,15,11
1,attack,14,true
2,status,1,VILLAGER,ALIVE,SampleJava3
2,status,2,VILLAGER,ALIVE,Takeda8
2,status,3,VILLAGER,ALIVE,HALU
2,status,4,VILLAGER,DEAD,OKAMI
2,status,5,WEREWOLF,ALIVE,OKAMI
2,status,6,VILLAGER,ALIVE,Tomato7
2,status,7,BODYGUARD,ALIVE,TOKU1
2,status,8,VILLAGER,ALIVE,SampleJava4
2,status,9,WEREWOLF,ALIVE,OKAMI
2,status,10,VILLAGER,ALIVE,Tomato9
2,status,11,VILLAGER,ALIVE,sample_py
2,status,12,SEER,ALIVE,sample_py
2,status,13,MEDIUM,ALIVE,OKAMI
2,status,14,POSSESSED,DEAD,sample_py
2,status,15,WEREWOLF,ALIVE,Takeda11
2,talk,0,0,8,VOTE Agent[13]
2,talk,1,0,3,VOTE Agent[05]
2,talk,2,0,9,VOTE Agent[13]
2,talk,3,0,6,VOTE Agent[13]
2,talk,4,0,15,DIVINED Agent[09] HUMAN
2,talk,5,0,10,VOTE Agent[13]
2,talk,6,0,11,VOTE Agent[05]
2,talk,7,0,5,VOTE Agent[13]
2,talk,8,0,12,VOTE Agent[15]
2,talk,9,0,1,VOTE Agent[12]
2,talk,10,0,13,Skip
2,talk,11,0,7,VOTE Agent[09]
2,talk,12,0,2,VOTE Agent[09]
2,talk,13,1,9,VOTE Agent[13]
2,talk,14,1,3,VOTE Agent[05]
2,talk,15,1,13,Over
2,talk,16,1,1,REQUEST ANY (VOTE Agent[12])
2,talk,17,1,6,Skip
2,talk,18,1,8,REQUEST ANY (VOTE Agent[13])
2,talk,19,1,10,Skip
2,talk,20,1,5,VOTE Agent[13]
2,talk,21,1,11,Skip
2,talk,22,1,7,VOTE Agent[15]
2,talk,23,1,2,VOTE Agent[05]
2,talk,24,1,12,Skip
2,talk,25,1,15,VOTE Agent[05]
2,talk,26,2,15,Skip
2,talk,27,2,3,VOTE Agent[05]
2,talk,28,2,9,VOTE Agent[13]
2,talk,29,2,2,Skip
2,talk,30,2,7,VOTE Agent[09]
2,talk,31,2,1,Skip
2,talk,32,2,12,Skip
2,talk,33,2,11,Skip
2,talk,34,2,5,VOTE Agent[13]
2,talk,35,2,10,Skip
2,talk,36,2,8,Skip
2,talk,37,2,13,Over
2,talk,38,2,6,Skip
2,talk,39,3,2,VOTE Agent[15]
2,talk,40,3,13,Over
2,talk,41,3,9,VOTE Agent[13]
2,talk,42,3,12,Over
2,talk,43,3,1,Skip
2,talk,44,3,3,VOTE Agent[05]
2,talk,45,3,5,VOTE Agent[13]
2,talk,46,3,6,Over
2,talk,47,3,11,Over
2,talk,48,3,7,Skip
2,talk,49,3,15,Skip
2,talk,50,3,10,Over
2,talk,51,3,8,Skip
2,talk,52,4,2,VOTE Agent[07]
2,talk,53,4,10,Over
2,talk,54,4,6,Over
2,talk,55,4,13,Over
2,talk,56,4,8,Over
2,talk,57,4,12,Over
2,talk,58,4,1,Over
2,talk,59,4,15,Over
2,talk,60,4,7,Skip
2,talk,61,4,3,VOTE Agent[05]
2,talk,62,4,11,Over
2,talk,63,4,5,VOTE Agent[13]
2,talk,64,4,9,VOTE Agent[13]
2,talk,65,5,15,Over
2,talk,66,5,6,Over
2,talk,67,5,1,Over
2,talk,68,5,11,Over
2,talk,69,5,9,VOTE Agent[13]
2,talk,70,5,2,VOTE Agent[09]
2,talk,71,5,3,VOTE Agent[05]
2,talk,72,5,5,VOTE Agent[13]
2,talk,73,5,7,Over
2,talk,74,5,10,Over
2,talk,75,5,13,Over
2,talk,76,5,12,Over
2,talk,77,5,8,Over
2,talk,78,6,6,Over
2,talk,79,6,11,Over
2,talk,80,6,12,Over
2,talk,81,6,8,Over
2,talk,82,6,13,Over
2,talk,83,6,1,Over
2,talk,84,6,3,VOTE Agent[05]
2,talk,85,6,7,Over
2,talk,86,6,9,VOTE Agent[13]
2,talk,87,6,2,VOTE Agent[07]
2,talk,88,6,5,VOTE Agent[13]
2,talk,89,6,15,Over
2,talk,90,6,10,Over
2,talk,91,7,13,Over
2,talk,92,7,8,Over
2,talk,93,7,10,Over
2,talk,94,7,15,Over
2,talk,95,7,3,VOTE Agent[05]
2,talk,96,7,11,Over
2,talk,97,7,12,Over
2,talk,98,7,9,VOTE Agent[13]
2,talk,99,7,2,Skip
2,talk,100,7,6,Over
2,talk,101,7,1,Over
2,talk,102,7,7,Over
2,talk,103,7,5,VOTE Agent[13]
2,talk,104,8,3,VOTE Agent[05]
2,talk,105,8,1,Over
2,talk,106,8,5,VOTE Agent[13]
2,talk,107,8,9,VOTE Agent[13]
2,talk,108,8,2,Skip
2,talk,109,8,10,Over
2,talk,110,8,12,Over
2,talk,111,8,11,Over
2,talk,112,8,6,Over
2,talk,113,8,8,Over
2,talk,114,8,7,Over
2,talk,115,8,13,Over
2,talk,116,8,15,Over
2,talk,117,9,3,Over
2,talk,118,9,15,Over
2,talk,119,9,7,Over
2,talk,120,9,2,Over
2,talk,121,9,5,Over
2,talk,122,9,6,Over
2,talk,123,9,1,Over
2,talk,124,9,10,Over
2,talk,125,9,9,Over
2,talk,126,9,13,Over
2,talk,127,9,11,Over
2,talk,128,9,8,Over
2,talk,129,9,12,Over
2,vote,1,13
2,vote,2,7
2,vote,3,5
2,vote,5,13
2,vote,6,13
2,vote,7,9
2,vote,8,12
2,vote,9,13
2,vote,10,13
2,vote,11,5
2,vote,12,15
2,vote,13,5
2,vote,15,5
2,execute,13,MEDIUM
2,divine,12,7,HUMAN
2,whisper,0,0,9,ATTACK Agent[13]
2,whisper,1,0,5,ATTACK Agent[07]
2,whisper,2,0,15,Skip
2,whisper,3,1,5,Skip
2,whisper,4,1,15,Skip
2,whisper,5,1,9,Skip
2,whisper,6,2,5,Skip
2,whisper,7,2,15,Over
2,whisper,8,2,9,Skip
2,whisper,9,3,15,Over
2,whisper,10,3,9,Over
2,whisper,11,3,5,Over
2,guard,7,13,MEDIUM
2,attackVote,5,3
2,attackVote,9,11
2,attackVote,15,11
2,attack,11,true
3,status,1,VILLAGER,ALIVE,SampleJava3
3,status,2,VILLAGER,ALIVE,Takeda8
3,status,3,VILLAGER,ALIVE,HALU
3,status,4,VILLAGER,DEAD,OKAMI
3,status,5,WEREWOLF,ALIVE,OKAMI
3,status,6,VILLAGER,ALIVE,Tomato7
3,status,7,BODYGUARD,ALIVE,TOKU1
3,status,8,VILLAGER,ALIVE,SampleJava4
3,status,9,WEREWOLF,ALIVE,OKAMI
3,status,10,VILLAGER,ALIVE,Tomato9
3,status,11,VILLAGER,DEAD,sample_py
3,status,12,SEER,ALIVE,sample_py
3,status,13,MEDIUM,DEAD,OKAMI
3,status,14,POSSESSED,DEAD,sample_py
3,status,15,WEREWOLF,ALIVE,Takeda11
3,talk,0,0,12,COMINGOUT Agent[12] SEER
3,talk,1,0,15,DIVINED Agent[05] HUMAN
3,talk,2,0,8,VOTE Agent[10]
3,talk,3,0,7,VOTE Agent[09]
3,talk,4,0,1,VOTE Agent[12]
3,talk,5,0,9,VOTE Agent[10]
3,talk,6,0,10,VOTE Agent[15]
3,talk,7,0,6,VOTE Agent[10]
3,talk,8,0,2,VOTE Agent[07]
3,talk,9,0,5,VOTE Agent[10]
3,talk,10,0,3,VOTE Agent[05]
3,talk,11,1,10,Skip
3,talk,12,1,8,REQUEST ANY (VOTE Agent[10])
3,talk,13,1,12,DIVINED Agent[04] HUMAN
3,talk,14,1,15,VOTE Agent[12]
3,talk,15,1,2,VOTE Agent[12]
3,talk,16,1,6,Skip
3,talk,17,1,9,VOTE Agent[10]
3,talk,18,1,3,VOTE Agent[15]
3,talk,19,1,5,VOTE Agent[10]
3,talk,20,1,7,Skip
3,talk,21,1,1,REQUEST ANY (VOTE Agent[12])
3,talk,22,2,8,Skip
3,talk,23,2,1,Skip
3,talk,24,2,12,DIVINED Agent[01] HUMAN
3,talk,25,2,2,Skip
3,talk,26,2,7,Skip
3,talk,27,2,3,VOTE Agent[15]
3,talk,28,2,5,VOTE Agent[10]
3,talk,29,2,10,Skip
3,talk,30,2,15,Skip
3,talk,31,2,9,VOTE Agent[10]
3,talk,32,2,6,Skip
3,talk,33,3,15,Skip
3,talk,34,3,10,Over
3,talk,35,3,12,DIVINED Agent[07] HUMAN
3,talk,36,3,5,VOTE Agent[10]
3,talk,37,3,9,VOTE Agent[10]
3,talk,38,3,8,Skip
3,talk,39,3,2,VOTE Agent[09]
3,talk,40,3,6,Over
3,talk,41,3,3,VOTE Agent[15]
3,talk,42,3,1,Skip
3,talk,43,3,7,Over
3,talk,44,4,9,VOTE Agent[10]
3,talk,45,4,7,Over
3,talk,46,4,1,Over
3,talk,47,4,2,Skip
3,talk,48,4,6,VOTE Agent[15]
3,talk,49,4,8,Over
3,talk,50,4,15,Over
3,talk,51,4,5,VOTE Agent[10]
3,talk,52,4,3,VOTE Agent[12]
3,talk,53,4,10,Over
3,talk,54,4,12,VOTE Agent[15]
3,talk,55,5,5,VOTE Agent[10]
3,talk,56,5,7,VOTE Agent[15]
3,talk,57,5,8,Over
3,talk,58,5,12,Skip
3,talk,59,5,10,Over
3,talk,60,5,2,VOTE Agent[15]
3,talk,61,5,3,VOTE Agent[12]
3,talk,62,5,6,VOTE Agent[10]
3,talk,63,5,9,VOTE Agent[10]
3,talk,64,5,1,Over
3,talk,65,5,15,Over
3,talk,66,6,8,Over
3,talk,67,6,12,Skip
3,talk,68,6,10,Over
3,talk,69,6,5,VOTE Agent[10]
3,talk,70,6,7,Skip
3,talk,71,6,1,Over
3,talk,72,6,15,Over
3,talk,73,6,9,VOTE Agent[10]
3,talk,74,6,3,VOTE Agent[12]
3,talk,75,6,6,Skip
3,talk,76,6,2,Skip
3,talk,77,7,15,Over
3,talk,78,7,3,VOTE Agent[15]
3,talk,79,7,5,VOTE Agent[10]
3,talk,80,7,7,Skip
3,talk,81,7,1,Over
3,talk,82,7,12,Over
3,talk,83,7,10,Over
3,talk,84,7,9,VOTE Agent[10]
3,talk,85,7,6,VOTE Agent[15]
3,talk,86,7,8,Over
3,talk,87,7,2,Skip
3,talk,88,8,10,Over
3,talk,89,8,7,Over
3,talk,90,8,15,VOTE Agent[12]
3,talk,91,8,8,Over
3,talk,92,8,1,Over
3,talk,93,8,12,Over
3,talk,94,8,3,VOTE Agent[15]
3,talk,95,8,2,Over
3,talk,96,8,9,VOTE Agent[10]
3,talk,97,8,6,Skip
3,talk,98,8,5,VOTE Agent[10]
3,talk,99,9,6,Skip
3,talk,100,9,2,Over
3,talk,101,9,3,Over
3,talk,102,9,9,Over
3,talk,103,9,15,VOTE Agent[12]
3,talk,104,9,7,Over
3,talk,105,9,5,Over
3,talk,106,9,12,Over
3,talk,107,9,10,Over
3,talk,108,9,1,Over
3,talk,109,9,8,Over
3,talk,110,10,7,Over
3,talk,111,10,5,Over
3,talk,112,10,2,Over
3,talk,113,10,6,Over
3,talk,114,10,8,Over
3,talk,115,10,1,Over
3,talk,116,10,3,Over
3,talk,117,10,15,VOTE Agent[12]
3,talk,118,10,9,Over
3,talk,119,10,10,Over
3,talk,120,10,12,Over
3,talk,121,11,8,Over
3,talk,122,11,5,Over
3,talk,123,11,1,Over
3,talk,124,11,3,Over
3,talk,125,11,2,Over
3,talk,126,11,15,VOTE Agent[12]
3,talk,127,11,10,Over
3,talk,128,11,7,Over
3,talk,129,11,9,Over
3,talk,130,11,6,VOTE Agent[10]
3,talk,131,11,12,Over
3,talk,132,12,2,Over
3,talk,133,12,9,Over
3,talk,134,12,5,Over
3,talk,135,12,3,Over
3,talk,136,12,12,Over
3,talk,137,12,10,Over
3,talk,138,12,8,Over
3,talk,139,12,7,Over
3,talk,140,12,15,Skip
3,talk,141,12,6,Skip
3,talk,142,12,1,Over
3,talk,143,13,10,Over
3,talk,144,13,9,Over
3,talk,145,13,7,Over
3,talk,146,13,3,Over
3,talk,147,13,2,Over
3,talk,148,13,12,Over
3,talk,149,13,8,Over
3,talk,150,13,5,Over
3,talk,151,13,15,Skip
3,talk,152,13,1,Over
3,talk,153,13,6,Skip
3,talk,154,14,9,Over
3,talk,155,14,12,Over
3,talk,156,14,7,Over
3,talk,157,14,1,Over
3,talk,158,14,8,Over
3,talk,159,14,15,Over
3,talk,160,14,10,Over
3,talk,161,14,3,Over
3,talk,162,14,2,Over
3,talk,163,14,6,Over
3,talk,164,14,5,Over
3,vote,1,10
3,vote,2,15
3,vote,3,15
3,vote,5,10
3,vote,6,10
3,vote,7,15
3,vote,8,12
3,vote,9,10
3,vote,10,15
3,vote,12,15
3,vote,15,12
3,execute,15,WEREWOLF
3,divine,12,8,HUMAN
3,whisper,0,0,5,ATTACK Agent[02]
3,whisper,1,0,9,ATTACK Agent[03]
3,whisper,2,1,9,Skip
3,whisper,3,1,5,Skip
3,whisper,4,2,5,Skip
3,whisper,5,2,9,Skip
3,whisper,6,3,5,Over
3,whisper,7,3,9,Over
3,guard,7,12,SEER
3,attackVote,5,10
3,attackVote,9,12
3,attackVote,5,2
3,attackVote,9,12
3,attack,2,true
4,status,1,VILLAGER,ALIVE,SampleJava3
4,status,2,VILLAGER,DEAD,Takeda8
4,status,3,VILLAGER,ALIVE,HALU
4,status,4,VILLAGER,DEAD,OKAMI
4,status,5,WEREWOLF,ALIVE,OKAMI
4,status,6,VILLAGER,ALIVE,Tomato7
4,status,7,BODYGUARD,ALIVE,TOKU1
4,status,8,VILLAGER,ALIVE,SampleJava4
4,status,9,WEREWOLF,ALIVE,OKAMI
4,status,10,VILLAGER,ALIVE,Tomato9
4,status,11,VILLAGER,DEAD,sample_py
4,status,12,SEER,ALIVE,sample_py
4,status,13,MEDIUM,DEAD,OKAMI
4,status,14,POSSESSED,DEAD,sample_py
4,status,15,WEREWOLF,DEAD,Takeda11
4,talk,0,0,9,VOTE Agent[06]
4,talk,1,0,3,VOTE Agent[12]
4,talk,2,0,6,VOTE Agent[10]
4,talk,3,0,8,VOTE Agent[03]
4,talk,4,0,7,VOTE Agent[09]
4,talk,5,0,1,VOTE Agent[09]
4,talk,6,0,12,DIVINED Agent[08] HUMAN
4,talk,7,0,5,VOTE Agent[10]
4,talk,8,0,10,VOTE Agent[12]
4,talk,9,1,3,VOTE Agent[12]
4,talk,10,1,12,VOTE Agent[06]
4,talk,11,1,8,REQUEST ANY (VOTE Agent[03])
4,talk,12,1,6,Skip
4,talk,13,1,10,Skip
4,talk,14,1,5,VOTE Agent[06]
4,talk,15,1,7,Skip
4,talk,16,1,9,VOTE Agent[06]
4,talk,17,1,1,REQUEST ANY (VOTE Agent[09])
4,talk,18,2,3,VOTE Agent[12]
4,talk,19,2,5,VOTE Agent[06]
4,talk,20,2,8,Skip
4,talk,21,2,1,Skip
4,talk,22,2,12,Skip
4,talk,23,2,7,Skip
4,talk,24,2,10,Skip
4,talk,25,2,9,VOTE Agent[06]
4,talk,26,2,6,Skip
4,talk,27,3,8,Skip
4,talk,28,3,12,Skip
4,talk,29,3,7,Over
4,talk,30,3,3,VOTE Agent[12]
4,talk,31,3,5,VOTE Agent[06]
4,talk,32,3,10,Over
4,talk,33,3,9,VOTE Agent[06]
4,talk,34,3,1,Skip
4,talk,35,3,6,Over
4,talk,36,4,5,VOTE Agent[06]
4,talk,37,4,10,Over
4,talk,38,4,12,Over
4,talk,39,4,6,Over
4,talk,40,4,3,VOTE Agent[12]
4,talk,41,4,9,VOTE Agent[06]
4,talk,42,4,7,Over
4,talk,43,4,1,Over
4,talk,44,4,8,Over
4,talk,45,5,12,Over
4,talk,46,5,3,VOTE Agent[12]
4,talk,47,5,7,Over
4,talk,48,5,8,Over
4,talk,49,5,10,Over
4,talk,50,5,5,VOTE Agent[06]
4,talk,51,5,6,Over
4,talk,52,5,9,VOTE Agent[06]
4,talk,53,5,1,Over
4,talk,54,6,12,Over
4,talk,55,6,7,Over
4,talk,56,6,6,Over
4,talk,57,6,3,VOTE Agent[12]
4,talk,58,6,1,Over
4,talk,59,6,9,VOTE Agent[06]
4,talk,60,6,8,Over
4,talk,61,6,5,VOTE Agent[06]
4,talk,62,6,10,Over
4,talk,63,7,10,Over
4,talk,64,7,6,Over
4,talk,65,7,3,VOTE Agent[12]
4,talk,66,7,12,Over
4,talk,67,7,9,VOTE Agent[06]
4,talk,68,7,7,Over
4,talk,69,7,5,VOTE Agent[06]
4,talk,70,7,8,Over
4,talk,71,7,1,Over
4,talk,72,8,6,Over
4,talk,73,8,7,Over
4,talk,74,8,10,Over
4,talk,75,8,12,Over
4,talk,76,8,9,VOTE Agent[06]
4,talk,77,8,3,VOTE Agent[12]
4,talk,78,8,5,VOTE Agent[06]
4,talk,79,8,8,Over
4,talk,80,8,1,Over
4,talk,81,9,5,Over
4,talk,82,9,1,Over
4,talk,83,9,6,Over
4,talk,84,9,8,Over
4,talk,85,9,7,Over
4,talk,86,9,12,Over
4,talk,87,9,3,Over
4,talk,88,9,9,Over
4,talk,89,9,10,Over
4,vote,1,3
4,vote,3,12
4,vote,5,6
4,vote,6,10
4,vote,7,9
4,vote,8,9
4,vote,9,6
4,vote,10,12
4,vote,12,6
4,execute,6,VILLAGER
4,divine,12,10,HUMAN
4,whisper,0,0,5,ATTACK Agent[07]
4,whisper,1,0,9,ATTACK Agent[12]
4,whisper,2,1,5,Skip
4,whisper,3,1,9,Skip
4,whisper,4,2,5,Skip
4,whisper,5,2,9,Skip
4,whisper,6,3,5,Over
4,whisper,7,3,9,Over
4,guard,7,12,SEER
4,attackVote,5,7
4,attackVote,9,12
4,attackVote,5,12
4,attackVote,9,10
4,attack,10,true
5,status,1,VILLAGER,ALIVE,SampleJava3
5,status,2,VILLAGER,DEAD,Takeda8
5,status,3,VILLAGER,ALIVE,HALU
5,status,4,VILLAGER,DEAD,OKAMI
5,status,5,WEREWOLF,ALIVE,OKAMI
5,status,6,VILLAGER,DEAD,Tomato7
5,status,7,BODYGUARD,ALIVE,TOKU1
5,status,8,VILLAGER,ALIVE,SampleJava4
5,status,9,WEREWOLF,ALIVE,OKAMI
5,status,10,VILLAGER,DEAD,Tomato9
5,status,11,VILLAGER,DEAD,sample_py
5,status,12,SEER,ALIVE,sample_py
5,status,13,MEDIUM,DEAD,OKAMI
5,status,14,POSSESSED,DEAD,sample_py
5,status,15,WEREWOLF,DEAD,Takeda11
5,talk,0,0,3,VOTE Agent[05]
5,talk,1,0,5,VOTE Agent[07]
5,talk,2,0,9,VOTE Agent[07]
5,talk,3,0,1,VOTE Agent[03]
5,talk,4,0,12,DIVINED Agent[10] HUMAN
5,talk,5,0,7,VOTE Agent[09]
5,talk,6,0,8,VOTE Agent[01]
5,talk,7,1,5,VOTE Agent[03]
5,talk,8,1,3,VOTE Agent[09]
5,talk,9,1,1,REQUEST ANY (VOTE Agent[03])
5,talk,10,1,12,VOTE Agent[09]
5,talk,11,1,9,VOTE Agent[03]
5,talk,12,1,8,REQUEST ANY (VOTE Agent[01])
5,talk,13,1,7,Skip
5,talk,14,2,7,Skip
5,talk,15,2,12,Skip
5,talk,16,2,5,VOTE Agent[03]
5,talk,17,2,1,Skip
5,talk,18,2,9,VOTE Agent[03]
5,talk,19,2,3,VOTE Agent[12]
5,talk,20,2,8,Skip
5,talk,21,3,3,VOTE Agent[09]
5,talk,22,3,5,VOTE Agent[03]
5,talk,23,3,9,VOTE Agent[03]
5,talk,24,3,1,Skip
5,talk,25,3,8,Skip
5,talk,26,3,7,Over
5,talk,27,3,12,Skip
5,talk,28,4,7,Over
5,talk,29,4,12,Over
5,talk,30,4,9,VOTE Agent[03]
5,talk,31,4,5,VOTE Agent[03]
5,talk,32,4,1,Over
5,talk,33,4,3,VOTE Agent[09]
5,talk,34,4,8,Over
5,talk,35,5,7,Over
5,talk,36,5,3,VOTE Agent[09]
5,talk,37,5,8,Over
5,talk,38,5,9,VOTE Agent[03]
5,talk,39,5,1,Over
5,talk,40,5,5,VOTE Agent[03]
5,talk,41,5,12,Over
5,talk,42,6,5,VOTE Agent[03]
5,talk,43,6,12,Over
5,talk,44,6,9,VOTE Agent[03]
5,talk,45,6,3,VOTE Agent[09]
5,talk,46,6,8,Over
5,talk,47,6,7,Over
5,talk,48,6,1,Over
5,talk,49,7,12,Over
5,talk,50,7,5,VOTE Agent[03]
5,talk,51,7,3,VOTE Agent[09]
5,talk,52,7,1,Over
5,talk,53,7,8,Over
5,talk,54,7,9,VOTE Agent[03]
5,talk,55,7,7,Over
5,talk,56,8,12,Over
5,talk,57,8,1,Over
5,talk,58,8,8,Over
5,talk,59,8,5,VOTE Agent[03]
5,talk,60,8,3,VOTE Agent[09]
5,talk,61,8,7,Over
5,talk,62,8,9,VOTE Agent[03]
5,talk,63,9,8,Over
5,talk,64,9,9,Over
5,talk,65,9,7,Over
5,talk,66,9,1,Over
5,talk,67,9,12,Over
5,talk,68,9,5,Over
5,talk,69,9,3,Over
5,vote,1,3
5,vote,3,9
5,vote,5,3
5,vote,7,9
5,vote,8,3
5,vote,9,3
5,vote,12,9
5,execute,3,VILLAGER
5,divine,12,5,WEREWOLF
5,whisper,0,0,5,ATTACK Agent[12]
5,whisper,1,0,9,ATTACK Agent[03]
5,whisper,2,1,5,Skip
5,whisper,3,1,9,Skip
5,whisper,4,2,5,Skip
5,whisper,5,2,9,Skip
5,whisper,6,3,5,Over
5,whisper,7,3,9,Over
5,guard,7,12,SEER
5,attackVote,5,12
5,attackVote,9,7
5,attackVote,5,7
5,attackVote,9,7
5,attack,7,true
6,status,1,VILLAGER,ALIVE,SampleJava3
6,status,2,VILLAGER,DEAD,Takeda8
6,status,3,VILLAGER,DEAD,HALU
6,status,4,VILLAGER,DEAD,OKAMI
6,status,5,WEREWOLF,ALIVE,OKAMI
6,status,6,VILLAGER,DEAD,Tomato7
6,status,7,BODYGUARD,DEAD,TOKU1
6,status,8,VILLAGER,ALIVE,SampleJava4
6,status,9,WEREWOLF,ALIVE,OKAMI
6,status,10,VILLAGER,DEAD,Tomato9
6,status,11,VILLAGER,DEAD,sample_py
6,status,12,SEER,ALIVE,sample_py
6,status,13,MEDIUM,DEAD,OKAMI
6,status,14,POSSESSED,DEAD,sample_py
6,status,15,WEREWOLF,DEAD,Takeda11
6,talk,0,0,8,VOTE Agent[09]
6,talk,1,0,1,VOTE Agent[12]
6,talk,2,0,12,DIVINED Agent[05] WEREWOLF
6,talk,3,0,5,VOTE Agent[12]
6,talk,4,0,9,VOTE Agent[12]
6,talk,5,1,9,VOTE Agent[12]
6,talk,6,1,12,VOTE Agent[05]
6,talk,7,1,8,REQUEST ANY (VOTE Agent[09])
6,talk,8,1,1,REQUEST ANY (VOTE Agent[12])
6,talk,9,1,5,VOTE Agent[12]
6,talk,10,2,5,VOTE Agent[12]
6,talk,11,2,8,Skip
6,talk,12,2,9,VOTE Agent[12]
6,talk,13,2,12,Skip
6,talk,14,2,1,Skip
6,talk,15,3,8,Skip
6,talk,16,3,1,Skip
6,talk,17,3,12,Skip
6,talk,18,3,5,VOTE Agent[12]
6,talk,19,3,9,VOTE Agent[12]
6,talk,20,4,1,Over
6,talk,21,4,9,VOTE Agent[12]
6,talk,22,4,5,VOTE Agent[12]
6,talk,23,4,12,Over
6,talk,24,4,8,Over
6,talk,25,5,9,VOTE Agent[12]
6,talk,26,5,5,VOTE Agent[12]
6,talk,27,5,8,Over
6,talk,28,5,12,Over
6,talk,29,5,1,Over
6,talk,30,6,12,Over
6,talk,31,6,5,VOTE Agent[12]
6,talk,32,6,8,Over
6,talk,33,6,9,VOTE Agent[12]
6,talk,34,6,1,Over
6,talk,35,7,5,VOTE Agent[12]
6,talk,36,7,9,VOTE Agent[12]
6,talk,37,7,12,Over
6,talk,38,7,8,Over
6,talk,39,7,1,Over
6,talk,40,8,9,VOTE Agent[12]
6,talk,41,8,5,VOTE Agent[12]
6,talk,42,8,1,Over
6,talk,43,8,12,Over
6,talk,44,8,8,Over
6,talk,45,9,1,Over
6,talk,46,9,12,Over
6,talk,47,9,8,Over
6,talk,48,9,5,Over
6,talk,49,9,9,Over
6,vote,1,9
6,vote,5,12
6,vote,8,12
6,vote,9,12
6,vote,12,5
6,execute,12,SEER
6,whisper,0,0,9,ATTACK Agent[12]
6,whisper,1,0,5,ATTACK Agent[12]
6,whisper,2,1,9,Skip
6,whisper,3,1,5,Skip
6,whisper,4,2,5,Skip
6,whisper,5,2,9,Skip
6,whisper,6,3,9,Over
6,whisper,7,3,5,Over
6,attackVote,5,1
6,attackVote,9,8
6,attackVote,5,8
6,attackVote,9,8
6,attack,8,true
7,status,1,VILLAGER,ALIVE,SampleJava3
7,status,2,VILLAGER,DEAD,Takeda8
7,status,3,VILLAGER,DEAD,HALU
7,status,4,VILLAGER,DEAD,OKAMI
7,status,5,WEREWOLF,ALIVE,OKAMI
7,status,6,VILLAGER,DEAD,Tomato7
7,status,7,BODYGUARD,DEAD,TOKU1
7,status,8,VILLAGER,DEAD,SampleJava4
7,status,9,WEREWOLF,ALIVE,OKAMI
7,status,10,VILLAGER,DEAD,Tomato9
7,status,11,VILLAGER,DEAD,sample_py
7,status,12,SEER,DEAD,sample_py
7,status,13,MEDIUM,DEAD,OKAMI
7,status,14,POSSESSED,DEAD,sample_py
7,status,15,WEREWOLF,DEAD,Takeda11
7,result,1,2,WEREWOLF
