0,status,1,WEREWOLF,ALIVE,HALU
0,status,2,VILLAGER,ALIVE,HALU
0,status,3,VILLAGER,ALIVE,SampleJava7
0,status,4,SEER,ALIVE,OKAMI
0,status,5,POSSESSED,ALIVE,sample_py
0,status,6,VILLAGER,ALIVE,OKAMI
0,status,7,WEREWOLF,ALIVE,SampleJava5
0,status,8,VILLAGER,ALIVE,OKAMI
0,status,9,VILLAGER,ALIVE,Tomato8
0,status,10,VILLAGER,ALIVE,SampleJava14
0,status,11,VILLAGER,ALIVE,OKAMI
0,status,12,VILLAGER,ALIVE,SampleJava1
0,status,13,MEDIUM,ALIVE,SampleJava12
0,status,14,WEREWOLF,ALIVE,TOKU2
0,status,15,BODYGUARD,ALIVE,TOKU6
0,whisper,0,0,7,COMINGOUT Agent[07] MEDIUM
0,whisper,1,0,1,COMINGOUT Agent[01] SEER
0,whisper,2,0,14,Skip
0,whisper,3,1,14,Skip
0,whisper,4,1,7,Skip
0,whisper,5,1,1,COMINGOUT Agent[01] VILLAGER
0,whisper,6,2,1,Skip
0,whisper,7,2,7,Skip
0,whisper,8,2,14,Over
0,whisper,9,3,7,Over
0,whisper,10,3,1,Skip
0,whisper,11,3,14,Over
0,whisper,12,4,7,Over
0,whisper,13,4,14,Over
0,whisper,14,4,1,Over
0,divine,4,1,WEREWOLF
1,status,1,WEREWOLF,ALIVE,HALU
1,status,2,VILLAGER,ALIVE,HALU
1,status,3,VILLAGER,ALIVE,SampleJava7
1,status,4,SEER,ALIVE,OKAMI
1,status,5,POSSESSED,ALIVE,sample_py
1,status,6,VILLAGER,ALIVE,OKAMI
1,status,7,WEREWOLF,ALIVE,SampleJava5
1,status,8,VILLAGER,ALIVE,OKAMI
1,status,9,VILLAGER,ALIVE,Tomato8
1,status,10,VILLAGER,ALIVE,SampleJava14
1,status,11,VILLAGER,ALIVE,OKAMI
1,status,12,VILLAGER,ALIVE,SampleJava1
1,status,13,MEDIUM,ALIVE,SampleJava12
1,status,14,WEREWOLF,ALIVE,TOKU2
1,status,15,BODYGUARD,ALIVE,TOKU6
1,talk,0,0,1,VOTE Agent[10]
1,talk,1,0,10,VOTE Agent[14]
1,talk,2,0,11,VOTE Agent[14]
1,talk,3,0,14,VOTE Agent[10]
1,talk,4,0,3,VOTE Agent[09]
1,talk,5,0,6,VOTE Agent[10]
1,talk,6,0,4,VOTE Agent[14]
1,talk,7,0,15,VOTE Agent[09]
1,talk,8,0,7,VOTE Agent[08]
1,talk,9,0,8,VOTE Agent[10]
1,talk,10,0,13,VOTE Agent[10]
1,talk,11,0,12,VOTE Agent[10]
1,talk,12,0,5,COMINGOUT Agent[05] SEER
1,talk,13,0,2,VOTE Agent[04]
1,talk,14,0,9,VOTE Agent[10]
1,talk,15,1,9,Skip
1,talk,16,1,3,REQUEST ANY (VOTE Agent[09])
1,talk,17,1,2,VOTE Agent[03]
1,talk,18,1,13,REQUEST ANY (VOTE Agent[10])
1,talk,19,1,7,REQUEST ANY (VOTE Agent[08])
1,talk,20,1,10,REQUEST ANY (VOTE Agent[14])
1,talk,21,1,4,VOTE Agent[09]
1,talk,22,1,12,REQUEST ANY (VOTE Agent[10])
1,talk,23,1,6,COMINGOUT Agent[06] VILLAGER
1,talk,24,1,11,COMINGOUT Agent[11] VILLAGER
1,talk,25,1,14,VOTE Agent[02]
1,talk,26,1,5,DIVINED Agent[15] HUMAN
1,talk,27,1,8,COMINGOUT Agent[08] VILLAGER
1,talk,28,1,15,VOTE Agent[13]
1,talk,29,1,1,VOTE Agent[02]
1,talk,30,2,5,VOTE Agent[02]
1,talk,31,2,13,Skip
1,talk,32,2,8,VOTE Agent[02]
1,talk,33,2,12,Skip
1,talk,34,2,2,VOTE Agent[04]
1,talk,35,2,6,VOTE Agent[10]
1,talk,36,2,4,VOTE Agent[01]
1,talk,37,2,7,Skip
1,talk,38,2,14,Skip
1,talk,39,2,9,VOTE Agent[02]
1,talk,40,2,10,Skip
1,talk,41,2,1,VOTE Agent[02]
1,talk,42,2,11,VOTE Agent[06]
1,talk,43,2,15,Skip
1,talk,44,2,3,Skip
1,talk,45,3,2,VOTE Agent[07]
1,talk,46,3,5,Skip
1,talk,47,3,14,Skip
1,talk,48,3,13,Skip
1,talk,49,3,11,VOTE Agent[06]
1,talk,50,3,8,VOTE Agent[10]
1,talk,51,3,9,VOTE Agent[10]
1,talk,52,3,4,VOTE Agent[01]
1,talk,53,3,15,VOTE Agent[02]
1,talk,54,3,1,VOTE Agent[02]
1,talk,55,3,10,Skip
1,talk,56,3,3,Skip
1,talk,57,3,7,Skip
1,talk,58,3,12,Skip
1,talk,59,3,6,VOTE Agent[02]
1,talk,60,4,15,VOTE Agent[13]
1,talk,61,4,6,VOTE Agent[02]
1,talk,62,4,13,Over
1,talk,63,4,10,Over
1,talk,64,4,2,VOTE Agent[11]
1,talk,65,4,4,VOTE Agent[01]
1,talk,66,4,7,Over
1,talk,67,4,3,Over
1,talk,68,4,5,Skip
1,talk,69,4,1,VOTE Agent[02]
1,talk,70,4,8,VOTE Agent[10]
1,talk,71,4,11,VOTE Agent[06]
1,talk,72,4,14,Over
1,talk,73,4,9,VOTE Agent[02]
1,talk,74,4,12,Over
1,talk,75,5,3,Over
1,talk,76,5,12,Over
1,talk,77,5,1,VOTE Agent[02]
1,talk,78,5,13,Over
1,talk,79,5,4,VOTE Agent[01]
1,talk,80,5,6,VOTE Agent[10]
1,talk,81,5,11,VOTE Agent[06]
1,talk,82,5,9,VOTE Agent[10]
1,talk,83,5,8,VOTE Agent[02]
1,talk,84,5,5,Over
1,talk,85,5,2,VOTE Agent[10]
1,talk,86,5,10,Over
1,talk,87,5,7,Over
1,talk,88,5,15,VOTE Agent[02]
1,talk,89,5,14,Over
1,talk,90,6,8,VOTE Agent[02]
1,talk,91,6,7,Over
1,talk,92,6,14,Over
1,talk,93,6,15,Skip
1,talk,94,6,11,VOTE Agent[06]
1,talk,95,6,13,Over
1,talk,96,6,12,Over
1,talk,97,6,6,VOTE Agent[10]
1,talk,98,6,4,VOTE Agent[01]
1,talk,99,6,9,VOTE Agent[02]
1,talk,100,6,3,Over
1,talk,101,6,1,VOTE Agent[02]
1,talk,102,6,5,Over
1,talk,103,6,2,VOTE Agent[06]
1,talk,104,6,10,Over
1,talk,105,7,4,VOTE Agent[01]
1,talk,106,7,11,VOTE Agent[06]
1,talk,107,7,1,VOTE Agent[02]
1,talk,108,7,8,VOTE Agent[10]
1,talk,109,7,10,Over
1,talk,110,7,3,Over
1,talk,111,7,15,Skip
1,talk,112,7,9,VOTE Agent[10]
1,talk,113,7,13,Over
1,talk,114,7,14,Over
1,talk,115,7,2,VOTE Agent[11]
1,talk,116,7,5,Over
1,talk,117,7,7,Over
1,talk,118,7,12,Over
1,talk,119,7,6,VOTE Agent[02]
1,talk,120,8,14,Over
1,talk,121,8,12,Over
1,talk,122,8,15,Over
1,talk,123,8,1,VOTE Agent[02]
1,talk,124,8,13,Over
1,talk,125,8,4,VOTE Agent[01]
1,talk,126,8,8,VOTE Agent[10]
1,talk,127,8,7,Over
1,talk,128,8,9,VOTE Agent[02]
1,talk,129,8,11,VOTE Agent[06]
1,talk,130,8,6,VOTE Agent[10]
1,talk,131,8,3,Over
1,talk,132,8,5,Over
1,talk,133,8,10,Over
1,talk,134,8,2,VOTE Agent[06]
1,talk,135,9,14,Over
1,talk,136,9,10,Over
1,talk,137,9,11,Over
1,talk,138,9,1,Over
1,talk,139,9,4,Over
1,talk,140,9,13,Over
1,talk,141,9,5,Over
1,talk,142,9,12,Over
1,talk,143,9,9,VOTE Agent[10]
1,talk,144,9,8,Over
1,talk,145,9,3,Over
1,talk,146,9,2,Over
1,talk,147,9,7,Over
1,talk,148,9,15,Over
1,talk,149,9,6,Over
1,talk,150,10,13,Over
1,talk,151,10,7,Over
1,talk,152,10,4,Over
1,talk,153,10,6,Over
1,talk,154,10,12,Over
1,talk,155,10,8,Over
1,talk,156,10,15,VOTE Agent[13]
1,talk,157,10,2,Over
1,talk,158,10,10,Over
1,talk,159,10,1,Over
1,talk,160,10,3,Over
1,talk,161,10,5,Over
1,talk,162,10,14,Over
1,talk,163,10,11,Over
1,talk,164,10,9,Skip
1,talk,165,11,2,Over
1,talk,166,11,10,Over
1,talk,167,11,1,Over
1,talk,168,11,14,Over
1,talk,169,11,13,Over
1,talk,170,11,15,VOTE Agent[02]
1,talk,171,11,9,Skip
1,talk,172,11,3,Over
1,talk,173,11,12,Over
1,talk,174,11,5,Over
1,talk,175,11,8,Over
1,talk,176,11,11,Over
1,talk,177,11,6,Over
1,talk,178,11,4,Over
1,talk,179,11,7,Over
1,talk,180,12,13,Over
1,talk,181,12,15,Skip
1,talk,182,12,3,Over
1,talk,183,12,14,Over
1,talk,184,12,4,Over
1,talk,185,12,1,Over
1,talk,186,12,7,Over
1,talk,187,12,6,Over
1,talk,188,12,9,Over
1,talk,189,12,12,Over
1,talk,190,12,5,Over
1,talk,191,12,10,Over
1,talk,192,12,11,Over
1,talk,193,12,8,Over
1,talk,194,12,2,Over
1,talk,195,13,7,Over
1,talk,196,13,11,Over
1,talk,197,13,13,Over
1,talk,198,13,8,Over
1,talk,199,13,5,Over
1,talk,200,13,6,Over
1,talk,201,13,3,Over
1,talk,202,13,9,Over
1,talk,203,13,14,Over
1,talk,204,13,4,Over
1,talk,205,13,2,Over
1,talk,206,13,15,VOTE Agent[13]
1,talk,207,13,10,Over
1,talk,208,13,12,Over
1,talk,209,13,1,Over
1,talk,210,14,6,Over
1,talk,211,14,3,Over
1,talk,212,14,4,Over
1,talk,213,14,9,Over
1,talk,214,14,14,Over
1,talk,215,14,7,Over
1,talk,216,14,15,Skip
1,talk,217,14,12,Over
1,talk,218,14,11,Over
1,talk,219,14,1,Over
1,talk,220,14,13,Over
1,talk,221,14,8,Over
1,talk,222,14,5,Over
1,talk,223,14,2,Over
1,talk,224,14,10,Over
1,talk,225,15,10,Over
1,talk,226,15,4,Over
1,talk,227,15,2,Over
1,talk,228,15,1,Over
1,talk,229,15,9,Over
1,talk,230,15,3,Over
1,talk,231,15,13,Over
1,talk,232,15,7,Over
1,talk,233,15,8,Over
1,talk,234,15,14,Over
1,talk,235,15,12,Over
1,talk,236,15,11,Over
1,talk,237,15,5,Over
1,talk,238,15,15,Skip
1,talk,239,15,6,Over
1,talk,240,16,3,Over
1,talk,241,16,10,Over
1,talk,242,16,13,Over
1,talk,243,16,4,Over
1,talk,244,16,6,Over
1,talk,245,16,5,Over
1,talk,246,16,11,Over
1,talk,247,16,12,Over
1,talk,248,16,7,Over
1,talk,249,16,2,Over
1,talk,250,16,9,Over
1,talk,251,16,8,Over
1,talk,252,16,14,Over
1,talk,253,16,1,Over
1,talk,254,16,15,Over
1,vote,1,2
1,vote,2,7
1,vote,3,10
1,vote,4,1
1,vote,5,2
1,vote,6,2
1,vote,7,8
1,vote,8,2
1,vote,9,10
1,vote,10,9
1,vote,11,6
1,vote,12,9
1,vote,13,9
1,vote,14,2
1,vote,15,13
1,execute,2,VILLAGER
1,divine,4,14,WEREWOLF
1,whisper,0,0,7,ATTACK Agent[08]
1,whisper,1,0,1,ATTACK Agent[12]
1,whisper,2,0,14,Skip
1,whisper,3,1,7,Skip
1,whisper,4,1,1,Skip
1,whisper,5,1,14,Skip
1,whisper,6,2,7,Skip
1,whisper,7,2,1,Skip
1,whisper,8,2,14,Over
1,whisper,9,3,1,Over
1,whisper,10,3,7,Over
1,whisper,11,3,14,Over
1,guard,15,5,POSSESSED
1,attackVote,7,8
1,attackVote,14,5
1,attackVote,1,9
1,attackVote,7,8
1,attackVote,14,5
1,attack,9,true
2,status,1,WEREWOLF,ALIVE,HALU
2,status,2,VILLAGER,DEAD,HALU
2,status,3,VILLAGER,ALIVE,SampleJava7
2,status,4,SEER,ALIVE,OKAMI
2,status,5,POSSESSED,ALIVE,sample_py
2,status,6,VILLAGER,ALIVE,OKAMI
2,status,7,WEREWOLF,ALIVE,SampleJava5
2,status,8,VILLAGER,ALIVE,OKAMI
2,status,9,VILLAGER,DEAD,Tomato8
2,status,10,VILLAGER,ALIVE,SampleJava14
2,status,11,VILLAGER,ALIVE,OKAMI
2,status,12,VILLAGER,ALIVE,SampleJava1
2,status,13,MEDIUM,ALIVE,SampleJava12
2,status,14,WEREWOLF,ALIVE,TOKU2
2,status,15,BODYGUARD,ALIVE,TOKU6
2,talk,0,0,7,COMINGOUT Agent[07] MEDIUM
2,talk,1,0,11,VOTE Agent[06]
2,talk,2,0,10,VOTE Agent[14]
2,talk,3,0,6,VOTE Agent[14]
2,talk,4,0,12,VOTE Agent[04]
2,talk,5,0,5,DIVINED Agent[08] WEREWOLF
2,talk,6,0,4,VOTE Agent[08]
2,talk,7,0,1,VOTE Agent[08]
2,talk,8,0,15,VOTE Agent[13]
2,talk,9,0,13,COMINGOUT Agent[13] MEDIUM
2,talk,10,0,3,VOTE Agent[07]
2,talk,11,0,14,VOTE Agent[13]
2,talk,12,0,8,VOTE Agent[08]
2,talk,13,1,6,COMINGOUT Agent[06] VILLAGER
2,talk,14,1,1,VOTE Agent[13]
2,talk,15,1,14,Skip
2,talk,16,1,15,Skip
2,talk,17,1,10,REQUEST ANY (VOTE Agent[14])
2,talk,18,1,13,DAY 2 (IDENTIFIED Agent[02] HUMAN)
2,talk,19,1,4,VOTE Agent[08]
2,talk,20,1,8,COMINGOUT Agent[08] VILLAGER
2,talk,21,1,7,DAY 2 (IDENTIFIED Agent[02] HUMAN)
2,talk,22,1,12,REQUEST ANY (VOTE Agent[04])
2,talk,23,1,5,VOTE Agent[08]
2,talk,24,1,11,COMINGOUT Agent[11] VILLAGER
2,talk,25,1,3,REQUEST ANY (VOTE Agent[07])
2,talk,26,2,6,VOTE Agent[08]
2,talk,27,2,1,VOTE Agent[07]
2,talk,28,2,3,Skip
2,talk,29,2,5,Skip
2,talk,30,2,12,Skip
2,talk,31,2,14,Skip
2,talk,32,2,11,VOTE Agent[08]
2,talk,33,2,10,Skip
2,talk,34,2,7,IDENTIFIED Agent[02] HUMAN
2,talk,35,2,8,VOTE Agent[08]
2,talk,36,2,13,IDENTIFIED Agent[02] HUMAN
2,talk,37,2,4,VOTE Agent[08]
2,talk,38,2,15,Skip
2,talk,39,3,15,Over
2,talk,40,3,8,VOTE Agent[08]
2,talk,41,3,14,Over
2,talk,42,3,1,VOTE Agent[13]
2,talk,43,3,7,VOTE Agent[13]
2,talk,44,3,5,Skip
2,talk,45,3,6,VOTE Agent[08]
2,talk,46,3,11,VOTE Agent[08]
2,talk,47,3,4,VOTE Agent[08]
2,talk,48,3,10,Skip
2,talk,49,3,13,BECAUSE (AND (COMINGOUT Agent[13] MEDIUM) (Agent[07] COMINGOUT Agent[07] MEDIUM)) (XOR (ESTIMATE Agent[07] WEREWOLF) (ESTIMATE Agent[07] POSSESSED))
2,talk,50,3,3,Skip
2,talk,51,3,12,Skip
2,talk,52,4,7,REQUEST ANY (VOTE Agent[13])
2,talk,53,4,11,VOTE Agent[08]
2,talk,54,4,4,VOTE Agent[08]
2,talk,55,4,15,Over
2,talk,56,4,1,VOTE Agent[07]
2,talk,57,4,13,BECAUSE (XOR (ESTIMATE Agent[07] WEREWOLF) (ESTIMATE Agent[07] POSSESSED)) (AND (VOTE Agent[07]) (REQUEST ANY (VOTE Agent[07])))
2,talk,58,4,8,VOTE Agent[08]
2,talk,59,4,10,Over
2,talk,60,4,5,Over
2,talk,61,4,12,Over
2,talk,62,4,6,VOTE Agent[08]
2,talk,63,4,3,Over
2,talk,64,4,14,Over
2,talk,65,5,6,VOTE Agent[08]
2,talk,66,5,7,Skip
2,talk,67,5,3,Over
2,talk,68,5,4,VOTE Agent[08]
2,talk,69,5,12,Over
2,talk,70,5,10,Over
2,talk,71,5,8,VOTE Agent[08]
2,talk,72,5,5,Over
2,talk,73,5,1,VOTE Agent[13]
2,talk,74,5,14,Over
2,talk,75,5,13,VOTE Agent[07]
2,talk,76,5,15,Over
2,talk,77,5,11,VOTE Agent[08]
2,talk,78,6,6,VOTE Agent[08]
2,talk,79,6,7,Skip
2,talk,80,6,15,Over
2,talk,81,6,1,VOTE Agent[13]
2,talk,82,6,8,VOTE Agent[08]
2,talk,83,6,11,VOTE Agent[08]
2,talk,84,6,5,Over
2,talk,85,6,3,Over
2,talk,86,6,12,Over
2,talk,87,6,10,Over
2,talk,88,6,4,VOTE Agent[08]
2,talk,89,6,13,REQUEST ANY (VOTE Agent[07])
2,talk,90,6,14,Over
2,talk,91,7,7,Over
2,talk,92,7,3,Over
2,talk,93,7,8,VOTE Agent[08]
2,talk,94,7,12,Over
2,talk,95,7,10,Over
2,talk,96,7,11,VOTE Agent[08]
2,talk,97,7,13,Skip
2,talk,98,7,1,VOTE Agent[13]
2,talk,99,7,5,Over
2,talk,100,7,4,VOTE Agent[08]
2,talk,101,7,15,Over
2,talk,102,7,14,Over
2,talk,103,7,6,VOTE Agent[08]
2,talk,104,8,6,VOTE Agent[08]
2,talk,105,8,13,Skip
2,talk,106,8,7,Over
2,talk,107,8,5,Over
2,talk,108,8,11,VOTE Agent[08]
2,talk,109,8,14,Over
2,talk,110,8,10,Over
2,talk,111,8,1,VOTE Agent[13]
2,talk,112,8,4,VOTE Agent[08]
2,talk,113,8,8,VOTE Agent[08]
2,talk,114,8,3,Over
2,talk,115,8,12,Over
2,talk,116,8,15,Over
2,talk,117,9,3,Over
2,talk,118,9,15,Over
2,talk,119,9,7,Over
2,talk,120,9,12,Over
2,talk,121,9,13,Over
2,talk,122,9,1,Over
2,talk,123,9,4,Over
2,talk,124,9,6,Over
2,talk,125,9,14,Over
2,talk,126,9,10,Over
2,talk,127,9,8,Over
2,talk,128,9,11,Over
2,talk,129,9,5,Over
2,vote,1,13
2,vote,3,4
2,vote,4,8
2,vote,5,8
2,vote,6,8
2,vote,7,13
2,vote,8,15
2,vote,10,4
2,vote,11,8
2,vote,12,14
2,vote,13,7
2,vote,14,13
2,vote,15,13
2,vote,1,13
2,vote,3,8
2,vote,4,8
2,vote,5,8
2,vote,6,8
2,vote,7,8
2,vote,8,12
2,vote,10,8
2,vote,11,8
2,vote,12,8
2,vote,13,8
2,vote,14,13
2,vote,15,13
2,execute,8,VILLAGER
2,divine,4,13,HUMAN
2,whisper,0,0,14,Skip
2,whisper,1,0,1,ATTACK Agent[11]
2,whisper,2,0,7,BECAUSE (AND (NOT (COMINGOUT Agent[05] WEREWOLF)) (NOT (COMINGOUT Agent[08] WEREWOLF)) (DAY 2 (Agent[05] DIVINED Agent[08] WEREWOLF))) (ESTIMATE Agent[05] POSSESSED)
2,whisper,3,1,1,Skip
2,whisper,4,1,7,ATTACK Agent[11]
2,whisper,5,1,14,Skip
2,whisper,6,2,1,Skip
2,whisper,7,2,7,Skip
2,whisper,8,2,14,Over
2,whisper,9,3,14,Over
2,whisper,10,3,1,Over
2,whisper,11,3,7,Skip
2,whisper,12,4,1,Over
2,whisper,13,4,7,Over
2,whisper,14,4,14,Over
2,guard,15,8,VILLAGER
2,attackVote,1,4
2,attackVote,7,11
2,attackVote,14,5
2,attackVote,1,4
2,attackVote,7,11
2,attackVote,14,5
2,attack,5,true
3,status,1,WEREWOLF,ALIVE,HALU
3,status,2,VILLAGER,DEAD,HALU
3,status,3,VILLAGER,ALIVE,SampleJava7
3,status,4,SEER,ALIVE,OKAMI
3,status,5,POSSESSED,DEAD,sample_py
3,status,6,VILLAGER,ALIVE,OKAMI
3,status,7,WEREWOLF,ALIVE,SampleJava5
3,status,8,VILLAGER,DEAD,OKAMI
3,status,9,VILLAGER,DEAD,Tomato8
3,status,10,VILLAGER,ALIVE,SampleJava14
3,status,11,VILLAGER,ALIVE,OKAMI
3,status,12,VILLAGER,ALIVE,SampleJava1
3,status,13,MEDIUM,ALIVE,SampleJava12
3,status,14,WEREWOLF,ALIVE,TOKU2
3,status,15,BODYGUARD,ALIVE,TOKU6
3,talk,0,0,13,DAY 3 (IDENTIFIED Agent[08] HUMAN)
3,talk,1,0,6,VOTE Agent[10]
3,talk,2,0,3,VOTE Agent[13]
3,talk,3,0,14,VOTE Agent[13]
3,talk,4,0,11,VOTE Agent[06]
3,talk,5,0,7,DAY 3 (IDENTIFIED Agent[08] WEREWOLF)
3,talk,6,0,12,VOTE Agent[10]
3,talk,7,0,4,VOTE Agent[14]
3,talk,8,0,10,VOTE Agent[13]
3,talk,9,0,1,VOTE Agent[13]
3,talk,10,0,15,VOTE Agent[13]
3,talk,11,1,1,VOTE Agent[13]
3,talk,12,1,11,COMINGOUT Agent[11] VILLAGER
3,talk,13,1,10,REQUEST ANY (VOTE Agent[13])
3,talk,14,1,3,REQUEST ANY (VOTE Agent[13])
3,talk,15,1,6,COMINGOUT Agent[06] VILLAGER
3,talk,16,1,4,VOTE Agent[01]
3,talk,17,1,7,IDENTIFIED Agent[08] WEREWOLF
3,talk,18,1,14,Skip
3,talk,19,1,15,Skip
3,talk,20,1,13,IDENTIFIED Agent[08] HUMAN
3,talk,21,1,12,REQUEST ANY (VOTE Agent[10])
3,talk,22,2,12,Skip
3,talk,23,2,10,Skip
3,talk,24,2,1,VOTE Agent[07]
3,talk,25,2,11,VOTE Agent[06]
3,talk,26,2,14,Skip
3,talk,27,2,3,Skip
3,talk,28,2,7,VOTE Agent[13]
3,talk,29,2,6,VOTE Agent[10]
3,talk,30,2,13,BECAUSE (AND (COMINGOUT Agent[13] MEDIUM) (Agent[07] COMINGOUT Agent[07] MEDIUM)) (XOR (ESTIMATE Agent[07] WEREWOLF) (ESTIMATE Agent[07] POSSESSED))
3,talk,31,2,15,Skip
3,talk,32,2,4,VOTE Agent[14]
3,talk,33,3,11,VOTE Agent[06]
3,talk,34,3,12,Skip
3,talk,35,3,1,VOTE Agent[07]
3,talk,36,3,13,BECAUSE (XOR (ESTIMATE Agent[07] WEREWOLF) (ESTIMATE Agent[07] POSSESSED)) (AND (VOTE Agent[07]) (REQUEST ANY (VOTE Agent[07])))
3,talk,37,3,7,REQUEST ANY (VOTE Agent[13])
3,talk,38,3,15,Over
3,talk,39,3,4,VOTE Agent[14]
3,talk,40,3,3,Skip
3,talk,41,3,10,Skip
3,talk,42,3,14,Over
3,talk,43,3,6,VOTE Agent[14]
3,talk,44,4,6,VOTE Agent[14]
3,talk,45,4,3,Over
3,talk,46,4,4,VOTE Agent[14]
3,talk,47,4,1,VOTE Agent[07]
3,talk,48,4,15,Over
3,talk,49,4,12,Over
3,talk,50,4,11,VOTE Agent[06]
3,talk,51,4,13,VOTE Agent[07]
3,talk,52,4,10,Over
3,talk,53,4,7,Skip
3,talk,54,4,14,Over
3,talk,55,5,14,Over
3,talk,56,5,3,Over
3,talk,57,5,12,Over
3,talk,58,5,13,REQUEST ANY (VOTE Agent[07])
3,talk,59,5,6,VOTE Agent[14]
3,talk,60,5,1,VOTE Agent[07]
3,talk,61,5,10,Over
3,talk,62,5,11,VOTE Agent[06]
3,talk,63,5,15,Over
3,talk,64,5,7,Skip
3,talk,65,5,4,VOTE Agent[14]
3,talk,66,6,7,Over
3,talk,67,6,13,Skip
3,talk,68,6,11,VOTE Agent[06]
3,talk,69,6,4,VOTE Agent[14]
3,talk,70,6,10,Over
3,talk,71,6,14,Over
3,talk,72,6,3,Over
3,talk,73,6,6,VOTE Agent[14]
3,talk,74,6,12,Over
3,talk,75,6,1,VOTE Agent[07]
3,talk,76,6,15,Over
3,talk,77,7,7,Over
3,talk,78,7,6,VOTE Agent[10]
3,talk,79,7,13,Skip
3,talk,80,7,3,Over
3,talk,81,7,15,Over
3,talk,82,7,1,VOTE Agent[07]
3,talk,83,7,10,Over
3,talk,84,7,12,Over
3,talk,85,7,4,VOTE Agent[14]
3,talk,86,7,11,VOTE Agent[06]
3,talk,87,7,14,Over
3,talk,88,8,1,VOTE Agent[07]
3,talk,89,8,10,Over
3,talk,90,8,4,VOTE Agent[01]
3,talk,91,8,14,Over
3,talk,92,8,15,Over
3,talk,93,8,13,Over
3,talk,94,8,6,VOTE Agent[01]
3,talk,95,8,11,VOTE Agent[06]
3,talk,96,8,7,Over
3,talk,97,8,12,Over
3,talk,98,8,3,Over
3,talk,99,9,14,Over
3,talk,100,9,4,Over
3,talk,101,9,1,Over
3,talk,102,9,15,Over
3,talk,103,9,11,Over
3,talk,104,9,13,Over
3,talk,105,9,3,Over
3,talk,106,9,6,Over
3,talk,107,9,12,Over
3,talk,108,9,7,Over
3,talk,109,9,10,Over
3,vote,1,7
3,vote,3,13
3,vote,4,1
3,vote,6,10
3,vote,7,13
3,vote,10,13
3,vote,11,6
3,vote,12,7
3,vote,13,7
3,vote,14,13
3,vote,15,13
3,execute,13,MEDIUM
3,divine,4,7,WEREWOLF
3,whisper,0,0,14,Skip
3,whisper,1,0,1,ATTACK Agent[04]
3,whisper,2,0,7,ATTACK Agent[06]
3,whisper,3,1,14,Skip
3,whisper,4,1,7,Skip
3,whisper,5,1,1,Skip
3,whisper,6,2,14,Over
3,whisper,7,2,7,Skip
3,whisper,8,2,1,Skip
3,whisper,9,3,1,Over
3,whisper,10,3,7,Over
3,whisper,11,3,14,Over
3,guard,15,7,WEREWOLF
3,attackVote,1,3
3,attackVote,7,6
3,attackVote,14,11
3,attackVote,7,6
3,attackVote,14,11
3,attack,11,true
4,status,1,WEREWOLF,ALIVE,HALU
4,status,2,VILLAGER,DEAD,HALU
4,status,3,VILLAGER,ALIVE,SampleJava7
4,status,4,SEER,ALIVE,OKAMI
4,status,5,POSSESSED,DEAD,sample_py
4,status,6,VILLAGER,ALIVE,OKAMI
4,status,7,WEREWOLF,ALIVE,SampleJava5
4,status,8,VILLAGER,DEAD,OKAMI
4,status,9,VILLAGER,DEAD,Tomato8
4,status,10,VILLAGER,ALIVE,SampleJava14
4,status,11,VILLAGER,DEAD,OKAMI
4,status,12,VILLAGER,ALIVE,SampleJava1
4,status,13,MEDIUM,DEAD,SampleJava12
4,status,14,WEREWOLF,ALIVE,TOKU2
4,status,15,BODYGUARD,ALIVE,TOKU6
4,talk,0,0,10,VOTE Agent[12]
4,talk,1,0,14,VOTE Agent[03]
4,talk,2,0,3,VOTE Agent[01]
4,talk,3,0,12,VOTE Agent[01]
4,talk,4,0,6,VOTE Agent[12]
4,talk,5,0,7,DAY 4 (IDENTIFIED Agent[13] WEREWOLF)
4,talk,6,0,15,VOTE Agent[03]
4,talk,7,0,4,VOTE Agent[01]
4,talk,8,0,1,VOTE Agent[07]
4,talk,9,1,10,REQUEST ANY (VOTE Agent[12])
4,talk,10,1,6,COMINGOUT Agent[06] VILLAGER
4,talk,11,1,1,VOTE Agent[07]
4,talk,12,1,4,VOTE Agent[07]
4,talk,13,1,15,Skip
4,talk,14,1,14,Skip
4,talk,15,1,3,REQUEST ANY (VOTE Agent[01])
4,talk,16,1,7,IDENTIFIED Agent[13] WEREWOLF
4,talk,17,1,12,REQUEST ANY (VOTE Agent[01])
4,talk,18,2,6,VOTE Agent[03]
4,talk,19,2,15,Skip
4,talk,20,2,3,Skip
4,talk,21,2,10,Skip
4,talk,22,2,1,VOTE Agent[07]
4,talk,23,2,7,VOTE Agent[13]
4,talk,24,2,4,VOTE Agent[07]
4,talk,25,2,14,Skip
4,talk,26,2,12,Skip
4,talk,27,3,4,VOTE Agent[07]
4,talk,28,3,15,Over
4,talk,29,3,6,VOTE Agent[01]
4,talk,30,3,3,Skip
4,talk,31,3,10,Skip
4,talk,32,3,7,REQUEST ANY (VOTE Agent[13])
4,talk,33,3,1,VOTE Agent[07]
4,talk,34,3,12,Skip
4,talk,35,3,14,Over
4,talk,36,4,4,VOTE Agent[07]
4,talk,37,4,12,Over
4,talk,38,4,7,Skip
4,talk,39,4,14,Over
4,talk,40,4,3,Over
4,talk,41,4,10,Over
4,talk,42,4,15,Over
4,talk,43,4,1,VOTE Agent[07]
4,talk,44,4,6,VOTE Agent[01]
4,talk,45,5,14,Over
4,talk,46,5,10,Over
4,talk,47,5,12,Over
4,talk,48,5,7,Skip
4,talk,49,5,15,Over
4,talk,50,5,4,VOTE Agent[07]
4,talk,51,5,6,VOTE Agent[01]
4,talk,52,5,1,VOTE Agent[07]
4,talk,53,5,3,Over
4,talk,54,6,1,VOTE Agent[07]
4,talk,55,6,7,Over
4,talk,56,6,10,Over
4,talk,57,6,15,Over
4,talk,58,6,12,Over
4,talk,59,6,6,VOTE Agent[03]
4,talk,60,6,3,Over
4,talk,61,6,4,VOTE Agent[07]
4,talk,62,6,14,Over
4,talk,63,7,7,Over
4,talk,64,7,14,Over
4,talk,65,7,10,Over
4,talk,66,7,6,VOTE Agent[01]
4,talk,67,7,4,VOTE Agent[07]
4,talk,68,7,1,VOTE Agent[07]
4,talk,69,7,12,Over
4,talk,70,7,15,Over
4,talk,71,7,3,Over
4,talk,72,8,1,VOTE Agent[07]
4,talk,73,8,12,Over
4,talk,74,8,7,Over
4,talk,75,8,6,VOTE Agent[01]
4,talk,76,8,10,Over
4,talk,77,8,4,VOTE Agent[07]
4,talk,78,8,15,Over
4,talk,79,8,3,Over
4,talk,80,8,14,Over
4,talk,81,9,4,Over
4,talk,82,9,3,Over
4,talk,83,9,12,Over
4,talk,84,9,7,Over
4,talk,85,9,6,Over
4,talk,86,9,15,Over
4,talk,87,9,1,Over
4,talk,88,9,10,Over
4,talk,89,9,14,Over
4,vote,1,7
4,vote,3,12
4,vote,4,7
4,vote,6,1
4,vote,7,12
4,vote,10,1
4,vote,12,1
4,vote,14,3
4,vote,15,3
4,execute,1,WEREWOLF
4,divine,4,7,WEREWOLF
4,whisper,0,0,7,BECAUSE (Agent[06] COMINGOUT Agent[06] VILLAGER) (ATTACK Agent[06])
4,whisper,1,0,14,Skip
4,whisper,2,1,14,Skip
4,whisper,3,1,7,ATTACK Agent[06]
4,whisper,4,2,14,Over
4,whisper,5,2,7,Skip
4,whisper,6,3,14,Over
4,whisper,7,3,7,Skip
4,whisper,8,4,14,Over
4,whisper,9,4,7,Over
4,guard,15,7,WEREWOLF
4,attackVote,7,6
4,attackVote,14,12
4,attackVote,7,6
4,attackVote,14,12
4,attack,12,true
5,status,1,WEREWOLF,DEAD,HALU
5,status,2,VILLAGER,DEAD,HALU
5,status,3,VILLAGER,ALIVE,SampleJava7
5,status,4,SEER,ALIVE,OKAMI
5,status,5,POSSESSED,DEAD,sample_py
5,status,6,VILLAGER,ALIVE,OKAMI
5,status,7,WEREWOLF,ALIVE,SampleJava5
5,status,8,VILLAGER,DEAD,OKAMI
5,status,9,VILLAGER,DEAD,Tomato8
5,status,10,VILLAGER,ALIVE,SampleJava14
5,status,11,VILLAGER,DEAD,OKAMI
5,status,12,VILLAGER,DEAD,SampleJava1
5,status,13,MEDIUM,DEAD,SampleJava12
5,status,14,WEREWOLF,ALIVE,TOKU2
5,status,15,BODYGUARD,ALIVE,TOKU6
5,talk,0,0,15,VOTE Agent[03]
5,talk,1,0,4,VOTE Agent[07]
5,talk,2,0,14,VOTE Agent[03]
5,talk,3,0,3,VOTE Agent[06]
5,talk,4,0,7,DAY 5 (IDENTIFIED Agent[01] HUMAN)
5,talk,5,0,10,VOTE Agent[15]
5,talk,6,0,6,VOTE Agent[10]
5,talk,7,1,14,Skip
5,talk,8,1,3,REQUEST ANY (VOTE Agent[06])
5,talk,9,1,7,IDENTIFIED Agent[01] HUMAN
5,talk,10,1,6,COMINGOUT Agent[06] VILLAGER
5,talk,11,1,15,Skip
5,talk,12,1,10,REQUEST ANY (VOTE Agent[15])
5,talk,13,1,4,VOTE Agent[14]
5,talk,14,2,7,VOTE Agent[13]
5,talk,15,2,6,VOTE Agent[10]
5,talk,16,2,10,Skip
5,talk,17,2,15,Skip
5,talk,18,2,14,Skip
5,talk,19,2,4,VOTE Agent[14]
5,talk,20,2,3,Skip
5,talk,21,3,14,Over
5,talk,22,3,3,Skip
5,talk,23,3,10,Skip
5,talk,24,3,7,REQUEST ANY (VOTE Agent[13])
5,talk,25,3,15,Over
5,talk,26,3,6,VOTE Agent[10]
5,talk,27,3,4,VOTE Agent[07]
5,talk,28,4,15,Over
5,talk,29,4,14,Over
5,talk,30,4,6,VOTE Agent[10]
5,talk,31,4,3,Over
5,talk,32,4,10,Over
5,talk,33,4,7,Skip
5,talk,34,4,4,VOTE Agent[14]
5,talk,35,5,3,Over
5,talk,36,5,15,Over
5,talk,37,5,14,Over
5,talk,38,5,6,VOTE Agent[10]
5,talk,39,5,4,VOTE Agent[14]
5,talk,40,5,10,Over
5,talk,41,5,7,Skip
5,talk,42,6,4,VOTE Agent[07]
5,talk,43,6,15,Over
5,talk,44,6,14,Over
5,talk,45,6,10,Over
5,talk,46,6,3,Over
5,talk,47,6,7,Over
5,talk,48,6,6,VOTE Agent[10]
5,talk,49,7,7,Over
5,talk,50,7,10,Over
5,talk,51,7,3,Over
5,talk,52,7,15,Over
5,talk,53,7,4,VOTE Agent[07]
5,talk,54,7,6,VOTE Agent[10]
5,talk,55,7,14,Over
5,talk,56,8,15,Over
5,talk,57,8,14,Over
5,talk,58,8,6,VOTE Agent[10]
5,talk,59,8,4,VOTE Agent[07]
5,talk,60,8,10,Over
5,talk,61,8,3,Over
5,talk,62,8,7,Over
5,talk,63,9,7,Over
5,talk,64,9,3,Over
5,talk,65,9,4,Over
5,talk,66,9,10,Over
5,talk,67,9,6,Over
5,talk,68,9,15,Over
5,talk,69,9,14,Over
5,vote,3,10
5,vote,4,7
5,vote,6,10
5,vote,7,14
5,vote,10,6
5,vote,14,3
5,vote,15,3
5,vote,3,10
5,vote,4,7
5,vote,6,10
5,vote,7,3
5,vote,10,3
5,vote,14,3
5,vote,15,3
5,execute,3,VILLAGER
5,divine,4,7,WEREWOLF
5,whisper,0,0,7,BECAUSE (Agent[06] COMINGOUT Agent[06] VILLAGER) (ATTACK Agent[06])
5,whisper,1,0,14,Skip
5,whisper,2,1,14,Skip
5,whisper,3,1,7,ATTACK Agent[06]
5,whisper,4,2,7,Skip
5,whisper,5,2,14,Over
5,whisper,6,3,7,Skip
5,whisper,7,3,14,Over
5,whisper,8,4,7,Over
5,whisper,9,4,14,Over
5,guard,15,7,WEREWOLF
5,attackVote,7,6
5,attackVote,14,6
5,attack,6,true
6,status,1,WEREWOLF,DEAD,HALU
6,status,2,VILLAGER,DEAD,HALU
6,status,3,VILLAGER,DEAD,SampleJava7
6,status,4,SEER,ALIVE,OKAMI
6,status,5,POSSESSED,DEAD,sample_py
6,status,6,VILLAGER,DEAD,OKAMI
6,status,7,WEREWOLF,ALIVE,SampleJava5
6,status,8,VILLAGER,DEAD,OKAMI
6,status,9,VILLAGER,DEAD,Tomato8
6,status,10,VILLAGER,ALIVE,SampleJava14
6,status,11,VILLAGER,DEAD,OKAMI
6,status,12,VILLAGER,DEAD,SampleJava1
6,status,13,MEDIUM,DEAD,SampleJava12
6,status,14,WEREWOLF,ALIVE,TOKU2
6,status,15,BODYGUARD,ALIVE,TOKU6
6,talk,0,0,14,VOTE Agent[04]
6,talk,1,0,15,VOTE Agent[04]
6,talk,2,0,7,DAY 6 (IDENTIFIED Agent[03] WEREWOLF)
6,talk,3,0,10,VOTE Agent[04]
6,talk,4,0,4,VOTE Agent[14]
6,talk,5,1,14,Skip
6,talk,6,1,7,IDENTIFIED Agent[03] WEREWOLF
6,talk,7,1,15,Skip
6,talk,8,1,10,REQUEST ANY (VOTE Agent[04])
6,talk,9,1,4,VOTE Agent[14]
6,talk,10,2,10,Skip
6,talk,11,2,4,VOTE Agent[14]
6,talk,12,2,14,Skip
6,talk,13,2,15,Skip
6,talk,14,2,7,VOTE Agent[13]
6,talk,15,3,10,Skip
6,talk,16,3,14,Over
6,talk,17,3,15,Over
6,talk,18,3,7,REQUEST ANY (VOTE Agent[13])
6,talk,19,3,4,VOTE Agent[14]
6,talk,20,4,15,Over
6,talk,21,4,10,Over
6,talk,22,4,4,VOTE Agent[07]
6,talk,23,4,14,Over
6,talk,24,4,7,Skip
6,talk,25,5,10,Over
6,talk,26,5,14,Over
6,talk,27,5,15,Over
6,talk,28,5,4,VOTE Agent[07]
6,talk,29,5,7,Skip
6,talk,30,6,10,Over
6,talk,31,6,14,Over
6,talk,32,6,15,Over
6,talk,33,6,4,VOTE Agent[14]
6,talk,34,6,7,Over
6,talk,35,7,4,VOTE Agent[14]
6,talk,36,7,7,Over
6,talk,37,7,10,Over
6,talk,38,7,15,Over
6,talk,39,7,14,Over
6,talk,40,8,7,Over
6,talk,41,8,14,Over
6,talk,42,8,10,Over
6,talk,43,8,4,VOTE Agent[07]
6,talk,44,8,15,Over
6,talk,45,9,15,Over
6,talk,46,9,10,Over
6,talk,47,9,4,Over
6,talk,48,9,7,Over
6,talk,49,9,14,Over
6,vote,4,14
6,vote,7,15
6,vote,10,4
6,vote,14,4
6,vote,15,4
6,execute,4,SEER
6,whisper,0,0,7,ATTACK Agent[15]
6,whisper,1,0,14,Skip
6,whisper,2,1,14,Skip
6,whisper,3,1,7,Skip
6,whisper,4,2,14,Over
6,whisper,5,2,7,Skip
6,whisper,6,3,14,Over
6,whisper,7,3,7,Over
6,guard,15,7,WEREWOLF
6,attackVote,7,15
6,attackVote,14,10
6,attackVote,7,15
6,attackVote,14,10
6,attack,10,true
7,status,1,WEREWOLF,DEAD,HALU
7,status,2,VILLAGER,DEAD,HALU
7,status,3,VILLAGER,DEAD,SampleJava7
7,status,4,SEER,DEAD,OKAMI
7,status,5,POSSESSED,DEAD,sample_py
7,status,6,VILLAGER,DEAD,OKAMI
7,status,7,WEREWOLF,ALIVE,SampleJava5
7,status,8,VILLAGER,DEAD,OKAMI
7,status,9,VILLAGER,DEAD,Tomato8
7,status,10,VILLAGER,DEAD,SampleJava14
7,status,11,VILLAGER,DEAD,OKAMI
7,status,12,VILLAGER,DEAD,SampleJava1
7,status,13,MEDIUM,DEAD,SampleJava12
7,status,14,WEREWOLF,ALIVE,TOKU2
7,status,15,BODYGUARD,ALIVE,TOKU6
7,result,1,2,WEREWOLF
