0,status,1,MEDIUM,ALIVE,OKAMI
0,status,2,WEREWOLF,ALIVE,sample_py
0,status,3,WEREWOLF,ALIVE,sample_py
0,status,4,VILLAGER,ALIVE,OKAMI
0,status,5,VILLAGER,ALIVE,SampleJava14
0,status,6,VILLAGER,ALIVE,SampleJava13
0,status,7,VILLAGER,ALIVE,sample_py
0,status,8,VILLAGER,ALIVE,SampleJava7
0,status,9,POSSESSED,ALIVE,sample_py
0,status,10,VILLAGER,ALIVE,TOKU6
0,status,11,VILLAGER,ALIVE,OKAMI
0,status,12,SEER,ALIVE,SampleJava5
0,status,13,VILLAGER,ALIVE,Takeda10
0,status,14,WEREWOLF,ALIVE,SampleJava0
0,status,15,BODYGUARD,ALIVE,Tomato3
0,whisper,0,0,3,COMINGOUT Agent[03] SEER
0,whisper,1,0,14,COMINGOUT Agent[14] SEER
0,whisper,2,0,2,COMINGOUT Agent[02] SEER
0,whisper,3,1,2,COMINGOUT Agent[02] SEER
0,whisper,4,1,3,COMINGOUT Agent[03] SEER
0,whisper,5,1,14,COMINGOUT Agent[14] VILLAGER
0,whisper,6,2,3,COMINGOUT Agent[03] SEER
0,whisper,7,2,2,COMINGOUT Agent[02] SEER
0,whisper,8,2,14,Skip
0,whisper,9,3,3,COMINGOUT Agent[03] SEER
0,whisper,10,3,14,Skip
0,whisper,11,3,2,COMINGOUT Agent[02] SEER
0,whisper,12,4,14,Over
0,whisper,13,4,2,COMINGOUT Agent[02] SEER
0,whisper,14,4,3,COMINGOUT Agent[03] SEER
0,whisper,15,5,14,Over
0,whisper,16,5,3,COMINGOUT Agent[03] SEER
0,whisper,17,5,2,COMINGOUT Agent[02] SEER
0,whisper,18,6,3,COMINGOUT Agent[03] SEER
0,whisper,19,6,2,COMINGOUT Agent[02] SEER
0,whisper,20,6,14,Over
0,whisper,21,7,14,Over
0,whisper,22,7,3,COMINGOUT Agent[03] SEER
0,whisper,23,7,2,COMINGOUT Agent[02] SEER
0,whisper,24,8,2,COMINGOUT Agent[02] SEER
0,whisper,25,8,14,Over
0,whisper,26,8,3,COMINGOUT Agent[03] SEER
0,whisper,27,9,14,Over
0,whisper,28,9,2,COMINGOUT Agent[02] SEER
0,whisper,29,9,3,COMINGOUT Agent[03] SEER
0,whisper,30,10,2,Over
0,whisper,31,10,3,Over
0,whisper,32,10,14,Over
0,divine,12,2,WEREWOLF
1,status,1,MEDIUM,ALIVE,OKAMI
1,status,2,WEREWOLF,ALIVE,sample_py
1,status,3,WEREWOLF,ALIVE,sample_py
1,status,4,VILLAGER,ALIVE,OKAMI
1,status,5,VILLAGER,ALIVE,SampleJava14
1,status,6,VILLAGER,ALIVE,SampleJava13
1,status,7,VILLAGER,ALIVE,sample_py
1,status,8,VILLAGER,ALIVE,SampleJava7
1,status,9,POSSESSED,ALIVE,sample_py
1,status,10,VILLAGER,ALIVE,TOKU6
1,status,11,VILLAGER,ALIVE,OKAMI
1,status,12,SEER,ALIVE,SampleJava5
1,status,13,VILLAGER,ALIVE,Takeda10
1,status,14,WEREWOLF,ALIVE,SampleJava0
1,status,15,BODYGUARD,ALIVE,Tomato3
1,talk,0,0,6,VOTE Agent[11]
1,talk,1,0,11,VOTE Agent[08]
1,talk,2,0,5,VOTE Agent[03]
1,talk,3,0,3,COMINGOUT Agent[03] SEER
1,talk,4,0,13,VOTE Agent[03]
1,talk,5,0,14,VOTE Agent[08]
1,talk,6,0,15,VOTE Agent[03]
1,talk,7,0,4,VOTE Agent[08]
1,talk,8,0,8,VOTE Agent[06]
1,talk,9,0,10,VOTE Agent[03]
1,talk,10,0,12,COMINGOUT Agent[12] SEER
1,talk,11,0,9,COMINGOUT Agent[09] SEER
1,talk,12,0,7,VOTE Agent[06]
1,talk,13,0,2,VOTE Agent[12]
1,talk,14,0,1,Over
1,talk,15,1,2,Skip
1,talk,16,1,12,DAY 1 (DIVINED Agent[02] WEREWOLF)
1,talk,17,1,13,VOTE Agent[09]
1,talk,18,1,11,COMINGOUT Agent[11] VILLAGER
1,talk,19,1,4,COMINGOUT Agent[04] VILLAGER
1,talk,20,1,14,REQUEST ANY (VOTE Agent[08])
1,talk,21,1,10,Skip
1,talk,22,1,3,DIVINED Agent[14] HUMAN
1,talk,23,1,6,REQUEST ANY (VOTE Agent[11])
1,talk,24,1,1,Over
1,talk,25,1,7,Skip
1,talk,26,1,9,DIVINED Agent[02] HUMAN
1,talk,27,1,15,VOTE Agent[08]
1,talk,28,1,8,REQUEST ANY (VOTE Agent[06])
1,talk,29,1,5,REQUEST ANY (VOTE Agent[03])
1,talk,30,2,7,Skip
1,talk,31,2,3,VOTE Agent[12]
1,talk,32,2,11,VOTE Agent[12]
1,talk,33,2,15,VOTE Agent[12]
1,talk,34,2,10,Skip
1,talk,35,2,12,DIVINED Agent[02] WEREWOLF
1,talk,36,2,13,VOTE Agent[10]
1,talk,37,2,14,Skip
1,talk,38,2,2,Skip
1,talk,39,2,5,Skip
1,talk,40,2,9,VOTE Agent[12]
1,talk,41,2,8,Skip
1,talk,42,2,6,Skip
1,talk,43,2,4,VOTE Agent[03]
1,talk,44,2,1,Over
1,talk,45,3,1,Over
1,talk,46,3,11,VOTE Agent[03]
1,talk,47,3,14,Skip
1,talk,48,3,6,Skip
1,talk,49,3,2,Over
1,talk,50,3,13,VOTE Agent[03]
1,talk,51,3,3,Skip
1,talk,52,3,7,VOTE Agent[02]
1,talk,53,3,5,Skip
1,talk,54,3,9,Skip
1,talk,55,3,12,BECAUSE (DAY 1 (DIVINED Agent[02] WEREWOLF)) (AND (VOTE Agent[02]) (REQUEST ANY (VOTE Agent[02])))
1,talk,56,3,8,Skip
1,talk,57,3,4,VOTE Agent[12]
1,talk,58,3,10,Over
1,talk,59,3,15,VOTE Agent[03]
1,talk,60,4,6,Over
1,talk,61,4,13,Skip
1,talk,62,4,3,Skip
1,talk,63,4,15,VOTE Agent[12]
1,talk,64,4,7,Skip
1,talk,65,4,9,Skip
1,talk,66,4,5,Over
1,talk,67,4,2,Over
1,talk,68,4,1,Over
1,talk,69,4,14,Over
1,talk,70,4,12,VOTE Agent[02]
1,talk,71,4,4,VOTE Agent[03]
1,talk,72,4,11,VOTE Agent[12]
1,talk,73,4,10,Over
1,talk,74,4,8,Over
1,talk,75,5,14,Over
1,talk,76,5,15,Skip
1,talk,77,5,3,Over
1,talk,78,5,7,Skip
1,talk,79,5,4,VOTE Agent[03]
1,talk,80,5,1,Over
1,talk,81,5,11,VOTE Agent[12]
1,talk,82,5,5,Over
1,talk,83,5,13,Skip
1,talk,84,5,2,Over
1,talk,85,5,9,Over
1,talk,86,5,8,Over
1,talk,87,5,6,Over
1,talk,88,5,12,REQUEST ANY (VOTE Agent[02])
1,talk,89,5,10,Over
1,talk,90,6,10,Over
1,talk,91,6,8,Over
1,talk,92,6,1,Over
1,talk,93,6,7,Over
1,talk,94,6,11,VOTE Agent[12]
1,talk,95,6,9,Over
1,talk,96,6,5,Over
1,talk,97,6,15,VOTE Agent[03]
1,talk,98,6,14,Over
1,talk,99,6,6,Over
1,talk,100,6,13,Over
1,talk,101,6,3,Over
1,talk,102,6,2,Over
1,talk,103,6,4,VOTE Agent[03]
1,talk,104,6,12,Skip
1,talk,105,7,10,Over
1,talk,106,7,8,Over
1,talk,107,7,13,Over
1,talk,108,7,2,Over
1,talk,109,7,15,Skip
1,talk,110,7,6,Over
1,talk,111,7,12,Skip
1,talk,112,7,9,Over
1,talk,113,7,1,Over
1,talk,114,7,7,Over
1,talk,115,7,4,VOTE Agent[03]
1,talk,116,7,14,Over
1,talk,117,7,3,Over
1,talk,118,7,11,VOTE Agent[12]
1,talk,119,7,5,Over
1,talk,120,8,1,Over
1,talk,121,8,8,Over
1,talk,122,8,15,Skip
1,talk,123,8,9,Over
1,talk,124,8,10,Over
1,talk,125,8,14,Over
1,talk,126,8,3,Over
1,talk,127,8,11,VOTE Agent[12]
1,talk,128,8,4,VOTE Agent[12]
1,talk,129,8,7,Over
1,talk,130,8,13,Over
1,talk,131,8,12,Over
1,talk,132,8,6,Over
1,talk,133,8,5,Over
1,talk,134,8,2,Over
1,talk,135,9,12,Over
1,talk,136,9,4,Over
1,talk,137,9,14,Over
1,talk,138,9,5,Over
1,talk,139,9,10,Over
1,talk,140,9,13,Over
1,talk,141,9,7,Over
1,talk,142,9,8,Over
1,talk,143,9,6,Over
1,talk,144,9,15,VOTE Agent[12]
1,talk,145,9,9,Over
1,talk,146,9,3,Over
1,talk,147,9,2,Over
1,talk,148,9,1,Over
1,talk,149,9,11,Over
1,talk,150,10,5,Over
1,talk,151,10,1,Over
1,talk,152,10,6,Over
1,talk,153,10,11,Over
1,talk,154,10,4,Over
1,talk,155,10,14,Over
1,talk,156,10,15,Skip
1,talk,157,10,7,Over
1,talk,158,10,13,Over
1,talk,159,10,9,Over
1,talk,160,10,8,Over
1,talk,161,10,3,Over
1,talk,162,10,10,Over
1,talk,163,10,12,Over
1,talk,164,10,2,Over
1,talk,165,11,2,Over
1,talk,166,11,3,Over
1,talk,167,11,12,Over
1,talk,168,11,15,Skip
1,talk,169,11,11,Over
1,talk,170,11,6,Over
1,talk,171,11,8,Over
1,talk,172,11,7,Over
1,talk,173,11,9,Over
1,talk,174,11,13,Over
1,talk,175,11,10,Over
1,talk,176,11,1,Over
1,talk,177,11,5,Over
1,talk,178,11,14,Over
1,talk,179,11,4,Over
1,talk,180,12,11,Over
1,talk,181,12,12,Over
1,talk,182,12,5,Over
1,talk,183,12,10,Over
1,talk,184,12,4,Over
1,talk,185,12,7,Over
1,talk,186,12,9,Over
1,talk,187,12,2,Over
1,talk,188,12,1,Over
1,talk,189,12,6,Over
1,talk,190,12,13,Over
1,talk,191,12,8,Over
1,talk,192,12,15,Over
1,talk,193,12,14,Over
1,talk,194,12,3,Over
1,vote,1,7
1,vote,2,12
1,vote,3,12
1,vote,4,3
1,vote,5,8
1,vote,6,3
1,vote,7,2
1,vote,8,2
1,vote,9,12
1,vote,10,3
1,vote,11,3
1,vote,12,2
1,vote,13,10
1,vote,14,8
1,vote,15,12
1,vote,1,11
1,vote,2,12
1,vote,3,12
1,vote,4,3
1,vote,5,3
1,vote,6,3
1,vote,7,2
1,vote,8,3
1,vote,9,12
1,vote,10,3
1,vote,11,3
1,vote,12,3
1,vote,13,10
1,vote,14,3
1,vote,15,12
1,execute,3,WEREWOLF
1,divine,12,7,HUMAN
1,whisper,0,0,2,ATTACK Agent[04]
1,whisper,1,0,14,BECAUSE (AND (NOT (COMINGOUT Agent[09] WEREWOLF)) (COMINGOUT Agent[02] WEREWOLF) (DAY 1 (Agent[09] DIVINED Agent[02] HUMAN))) (ESTIMATE Agent[09] POSSESSED)
1,whisper,2,1,2,Skip
1,whisper,3,1,14,BECAUSE (Agent[12] COMINGOUT Agent[12] SEER) (ATTACK Agent[12])
1,whisper,4,2,14,ATTACK Agent[12]
1,whisper,5,2,2,Skip
1,whisper,6,3,2,Over
1,whisper,7,3,14,Skip
1,whisper,8,4,2,Over
1,whisper,9,4,14,Skip
1,whisper,10,5,2,Over
1,whisper,11,5,14,Over
1,guard,15,1,MEDIUM
1,attackVote,2,4
1,attackVote,14,12
1,attackVote,2,4
1,attackVote,14,12
1,attack,12,true
2,status,1,MEDIUM,ALIVE,OKAMI
2,status,2,WEREWOLF,ALIVE,sample_py
2,status,3,WEREWOLF,DEAD,sample_py
2,status,4,VILLAGER,ALIVE,OKAMI
2,status,5,VILLAGER,ALIVE,SampleJava14
2,status,6,VILLAGER,ALIVE,SampleJava13
2,status,7,VILLAGER,ALIVE,sample_py
2,status,8,VILLAGER,ALIVE,SampleJava7
2,status,9,POSSESSED,ALIVE,sample_py
2,status,10,VILLAGER,ALIVE,TOKU6
2,status,11,VILLAGER,ALIVE,OKAMI
2,status,12,SEER,DEAD,SampleJava5
2,status,13,VILLAGER,ALIVE,Takeda10
2,status,14,WEREWOLF,ALIVE,SampleJava0
2,status,15,BODYGUARD,ALIVE,Tomato3
2,talk,0,0,11,VOTE Agent[09]
2,talk,1,0,6,VOTE Agent[08]
2,talk,2,0,7,VOTE Agent[02]
2,talk,3,0,4,VOTE Agent[09]
2,talk,4,0,1,ESTIMATE Agent[03] WEREWOLF
2,talk,5,0,15,VOTE Agent[09]
2,talk,6,0,10,VOTE Agent[02]
2,talk,7,0,13,VOTE Agent[10]
2,talk,8,0,14,VOTE Agent[08]
2,talk,9,0,5,VOTE Agent[01]
2,talk,10,0,2,VOTE Agent[09]
2,talk,11,0,8,VOTE Agent[10]
2,talk,12,0,9,DIVINED Agent[10] WEREWOLF
2,talk,13,1,6,REQUEST ANY (VOTE Agent[08])
2,talk,14,1,2,Skip
2,talk,15,1,15,Skip
2,talk,16,1,7,Skip
2,talk,17,1,13,Skip
2,talk,18,1,11,COMINGOUT Agent[11] VILLAGER
2,talk,19,1,9,VOTE Agent[10]
2,talk,20,1,1,Over
2,talk,21,1,8,REQUEST ANY (VOTE Agent[10])
2,talk,22,1,4,COMINGOUT Agent[04] VILLAGER
2,talk,23,1,10,Skip
2,talk,24,1,14,REQUEST ANY (VOTE Agent[08])
2,talk,25,1,5,REQUEST ANY (VOTE Agent[01])
2,talk,26,2,8,Skip
2,talk,27,2,1,Over
2,talk,28,2,5,Skip
2,talk,29,2,15,VOTE Agent[10]
2,talk,30,2,6,Skip
2,talk,31,2,11,VOTE Agent[09]
2,talk,32,2,9,Skip
2,talk,33,2,13,Skip
2,talk,34,2,4,VOTE Agent[09]
2,talk,35,2,10,VOTE Agent[08]
2,talk,36,2,14,Skip
2,talk,37,2,7,Skip
2,talk,38,2,2,Skip
2,talk,39,3,5,Skip
2,talk,40,3,4,VOTE Agent[09]
2,talk,41,3,10,Skip
2,talk,42,3,1,Over
2,talk,43,3,7,Over
2,talk,44,3,2,Over
2,talk,45,3,13,Over
2,talk,46,3,14,Skip
2,talk,47,3,9,Skip
2,talk,48,3,15,Skip
2,talk,49,3,11,VOTE Agent[09]
2,talk,50,3,6,Skip
2,talk,51,3,8,Skip
2,talk,52,4,15,Skip
2,talk,53,4,2,Over
2,talk,54,4,9,Over
2,talk,55,4,8,Over
2,talk,56,4,7,Over
2,talk,57,4,10,Skip
2,talk,58,4,5,Over
2,talk,59,4,14,Over
2,talk,60,4,13,Over
2,talk,61,4,1,Over
2,talk,62,4,11,VOTE Agent[09]
2,talk,63,4,4,VOTE Agent[09]
2,talk,64,4,6,Over
2,talk,65,5,8,Over
2,talk,66,5,4,VOTE Agent[09]
2,talk,67,5,1,Over
2,talk,68,5,5,Over
2,talk,69,5,10,Over
2,talk,70,5,9,Over
2,talk,71,5,11,VOTE Agent[09]
2,talk,72,5,15,Over
2,talk,73,5,2,Over
2,talk,74,5,13,Over
2,talk,75,5,7,Over
2,talk,76,5,14,Over
2,talk,77,5,6,Over
2,talk,78,6,8,Over
2,talk,79,6,7,Over
2,talk,80,6,9,Over
2,talk,81,6,14,Over
2,talk,82,6,13,Over
2,talk,83,6,2,Over
2,talk,84,6,1,Over
2,talk,85,6,5,Over
2,talk,86,6,10,Over
2,talk,87,6,11,VOTE Agent[09]
2,talk,88,6,6,Over
2,talk,89,6,4,VOTE Agent[09]
2,talk,90,6,15,Over
2,talk,91,7,1,Over
2,talk,92,7,14,Over
2,talk,93,7,10,Over
2,talk,94,7,11,VOTE Agent[09]
2,talk,95,7,6,Over
2,talk,96,7,8,Over
2,talk,97,7,2,Over
2,talk,98,7,15,VOTE Agent[08]
2,talk,99,7,5,Over
2,talk,100,7,7,Over
2,talk,101,7,13,Over
2,talk,102,7,4,VOTE Agent[09]
2,talk,103,7,9,Over
2,talk,104,8,1,Over
2,talk,105,8,4,VOTE Agent[09]
2,talk,106,8,6,Over
2,talk,107,8,10,Over
2,talk,108,8,15,VOTE Agent[09]
2,talk,109,8,7,Over
2,talk,110,8,13,Over
2,talk,111,8,2,Over
2,talk,112,8,14,Over
2,talk,113,8,9,Over
2,talk,114,8,11,VOTE Agent[09]
2,talk,115,8,8,Over
2,talk,116,8,5,Over
2,talk,117,9,8,Over
2,talk,118,9,4,Over
2,talk,119,9,2,Over
2,talk,120,9,15,VOTE Agent[08]
2,talk,121,9,10,Over
2,talk,122,9,7,Over
2,talk,123,9,14,Over
2,talk,124,9,1,Over
2,talk,125,9,13,Over
2,talk,126,9,5,Over
2,talk,127,9,9,Over
2,talk,128,9,11,Over
2,talk,129,9,6,Over
2,talk,130,10,4,Over
2,talk,131,10,8,Over
2,talk,132,10,1,Over
2,talk,133,10,13,Over
2,talk,134,10,6,Over
2,talk,135,10,2,Over
2,talk,136,10,14,Over
2,talk,137,10,10,Over
2,talk,138,10,11,Over
2,talk,139,10,9,Over
2,talk,140,10,15,Skip
2,talk,141,10,7,Over
2,talk,142,10,5,Over
2,talk,143,11,11,Over
2,talk,144,11,6,Over
2,talk,145,11,2,Over
2,talk,146,11,4,Over
2,talk,147,11,5,Over
2,talk,148,11,7,Over
2,talk,149,11,13,Over
2,talk,150,11,15,VOTE Agent[10]
2,talk,151,11,14,Over
2,talk,152,11,8,Over
2,talk,153,11,10,Over
2,talk,154,11,1,Over
2,talk,155,11,9,Over
2,talk,156,12,15,VOTE Agent[08]
2,talk,157,12,6,Over
2,talk,158,12,2,Over
2,talk,159,12,13,Over
2,talk,160,12,11,Over
2,talk,161,12,10,Over
2,talk,162,12,1,Over
2,talk,163,12,14,Over
2,talk,164,12,4,Over
2,talk,165,12,9,Over
2,talk,166,12,8,Over
2,talk,167,12,5,Over
2,talk,168,12,7,Over
2,talk,169,13,14,Over
2,talk,170,13,4,Over
2,talk,171,13,2,Over
2,talk,172,13,11,Over
2,talk,173,13,1,Over
2,talk,174,13,10,Over
2,talk,175,13,5,Over
2,talk,176,13,9,Over
2,talk,177,13,13,Over
2,talk,178,13,6,Over
2,talk,179,13,7,Over
2,talk,180,13,8,Over
2,talk,181,13,15,VOTE Agent[10]
2,talk,182,14,8,Over
2,talk,183,14,14,Over
2,talk,184,14,13,Over
2,talk,185,14,4,Over
2,talk,186,14,6,Over
2,talk,187,14,9,Over
2,talk,188,14,5,Over
2,talk,189,14,2,Over
2,talk,190,14,15,VOTE Agent[08]
2,talk,191,14,11,Over
2,talk,192,14,10,Over
2,talk,193,14,1,Over
2,talk,194,14,7,Over
2,talk,195,15,14,Over
2,talk,196,15,11,Over
2,talk,197,15,10,Over
2,talk,198,15,7,Over
2,talk,199,15,1,Over
2,talk,200,15,13,Over
2,talk,201,15,8,Over
2,talk,202,15,9,Over
2,talk,203,15,5,Over
2,talk,204,15,2,Over
2,talk,205,15,6,Over
2,talk,206,15,15,VOTE Agent[09]
2,talk,207,15,4,Over
2,talk,208,16,8,Over
2,talk,209,16,6,Over
2,talk,210,16,15,Over
2,talk,211,16,13,Over
2,talk,212,16,5,Over
2,talk,213,16,2,Over
2,talk,214,16,1,Over
2,talk,215,16,14,Over
2,talk,216,16,4,Over
2,talk,217,16,9,Over
2,talk,218,16,7,Over
2,talk,219,16,11,Over
2,talk,220,16,10,Over
2,vote,1,11
2,vote,2,9
2,vote,4,9
2,vote,5,8
2,vote,6,8
2,vote,7,2
2,vote,8,1
2,vote,9,10
2,vote,10,8
2,vote,11,9
2,vote,13,10
2,vote,14,8
2,vote,15,9
2,vote,1,10
2,vote,2,9
2,vote,4,9
2,vote,5,8
2,vote,6,8
2,vote,7,2
2,vote,8,9
2,vote,9,10
2,vote,10,8
2,vote,11,9
2,vote,13,10
2,vote,14,8
2,vote,15,9
2,execute,9,POSSESSED
2,whisper,0,0,2,ATTACK Agent[11]
2,whisper,1,0,14,BECAUSE (Agent[11] COMINGOUT Agent[11] VILLAGER) (ATTACK Agent[11])
2,whisper,2,1,2,Skip
2,whisper,3,1,14,ATTACK Agent[11]
2,whisper,4,2,2,Skip
2,whisper,5,2,14,Skip
2,whisper,6,3,2,Over
2,whisper,7,3,14,Skip
2,whisper,8,4,14,Over
2,whisper,9,4,2,Over
2,guard,15,1,MEDIUM
2,attackVote,2,11
2,attackVote,14,11
2,attack,11,true
3,status,1,MEDIUM,ALIVE,OKAMI
3,status,2,WEREWOLF,ALIVE,sample_py
3,status,3,WEREWOLF,DEAD,sample_py
3,status,4,VILLAGER,ALIVE,OKAMI
3,status,5,VILLAGER,ALIVE,SampleJava14
3,status,6,VILLAGER,ALIVE,SampleJava13
3,status,7,VILLAGER,ALIVE,sample_py
3,status,8,VILLAGER,ALIVE,SampleJava7
3,status,9,POSSESSED,DEAD,sample_py
3,status,10,VILLAGER,ALIVE,TOKU6
3,status,11,VILLAGER,DEAD,OKAMI
3,status,12,SEER,DEAD,SampleJava5
3,status,13,VILLAGER,ALIVE,Takeda10
3,status,14,WEREWOLF,ALIVE,SampleJava0
3,status,15,BODYGUARD,ALIVE,Tomato3
3,talk,0,0,8,VOTE Agent[13]
3,talk,1,0,5,VOTE Agent[07]
3,talk,2,0,14,VOTE Agent[08]
3,talk,3,0,2,COMINGOUT Agent[02] SEER
3,talk,4,0,13,VOTE Agent[10]
3,talk,5,0,7,VOTE Agent[02]
3,talk,6,0,6,VOTE Agent[02]
3,talk,7,0,10,VOTE Agent[08]
3,talk,8,0,4,VOTE Agent[14]
3,talk,9,0,1,Skip
3,talk,10,0,15,VOTE Agent[01]
3,talk,11,1,14,REQUEST ANY (VOTE Agent[08])
3,talk,12,1,2,DIVINED Agent[15] HUMAN
3,talk,13,1,15,Skip
3,talk,14,1,5,REQUEST ANY (VOTE Agent[07])
3,talk,15,1,8,REQUEST ANY (VOTE Agent[13])
3,talk,16,1,4,COMINGOUT Agent[04] VILLAGER
3,talk,17,1,7,Skip
3,talk,18,1,1,Over
3,talk,19,1,6,REQUEST ANY (VOTE Agent[02])
3,talk,20,1,10,VOTE Agent[02]
3,talk,21,1,13,VOTE Agent[02]
3,talk,22,2,15,Skip
3,talk,23,2,6,Skip
3,talk,24,2,10,Skip
3,talk,25,2,4,VOTE Agent[02]
3,talk,26,2,7,Skip
3,talk,27,2,1,Over
3,talk,28,2,13,Skip
3,talk,29,2,2,DIVINED Agent[05] HUMAN
3,talk,30,2,8,Skip
3,talk,31,2,14,Skip
3,talk,32,2,5,Skip
3,talk,33,3,6,Skip
3,talk,34,3,1,Over
3,talk,35,3,2,DIVINED Agent[07] WEREWOLF
3,talk,36,3,7,Over
3,talk,37,3,13,VOTE Agent[10]
3,talk,38,3,14,Skip
3,talk,39,3,8,Skip
3,talk,40,3,5,Skip
3,talk,41,3,10,VOTE Agent[07]
3,talk,42,3,15,Over
3,talk,43,3,4,VOTE Agent[02]
3,talk,44,4,14,Over
3,talk,45,4,5,Over
3,talk,46,4,4,VOTE Agent[02]
3,talk,47,4,7,Over
3,talk,48,4,10,Skip
3,talk,49,4,2,VOTE Agent[07]
3,talk,50,4,13,Skip
3,talk,51,4,1,Over
3,talk,52,4,8,Over
3,talk,53,4,6,Over
3,talk,54,4,15,Over
3,talk,55,5,4,VOTE Agent[02]
3,talk,56,5,2,Skip
3,talk,57,5,7,Over
3,talk,58,5,13,Skip
3,talk,59,5,15,Over
3,talk,60,5,10,Skip
3,talk,61,5,6,Over
3,talk,62,5,1,Over
3,talk,63,5,5,Over
3,talk,64,5,8,Over
3,talk,65,5,14,Over
3,talk,66,6,13,Over
3,talk,67,6,5,Over
3,talk,68,6,8,Over
3,talk,69,6,4,VOTE Agent[02]
3,talk,70,6,1,Over
3,talk,71,6,10,Over
3,talk,72,6,15,VOTE Agent[02]
3,talk,73,6,14,Over
3,talk,74,6,6,Over
3,talk,75,6,2,Skip
3,talk,76,6,7,Over
3,talk,77,7,15,Skip
3,talk,78,7,10,Over
3,talk,79,7,7,Over
3,talk,80,7,8,Over
3,talk,81,7,2,Over
3,talk,82,7,14,Over
3,talk,83,7,4,VOTE Agent[02]
3,talk,84,7,1,Over
3,talk,85,7,5,Over
3,talk,86,7,6,Over
3,talk,87,7,13,Over
3,talk,88,8,15,Skip
3,talk,89,8,5,Over
3,talk,90,8,13,Over
3,talk,91,8,2,Over
3,talk,92,8,6,Over
3,talk,93,8,8,Over
3,talk,94,8,1,Over
3,talk,95,8,10,Over
3,talk,96,8,4,VOTE Agent[02]
3,talk,97,8,14,Over
3,talk,98,8,7,Over
3,talk,99,9,13,Over
3,talk,100,9,15,Over
3,talk,101,9,8,Over
3,talk,102,9,6,Over
3,talk,103,9,14,Over
3,talk,104,9,10,Over
3,talk,105,9,7,Over
3,talk,106,9,5,Over
3,talk,107,9,1,Over
3,talk,108,9,2,Over
3,talk,109,9,4,Over
3,vote,1,15
3,vote,2,7
3,vote,4,2
3,vote,5,2
3,vote,6,13
3,vote,7,2
3,vote,8,2
3,vote,10,7
3,vote,13,10
3,vote,14,8
3,vote,15,2
3,execute,2,WEREWOLF
3,guard,15,1,MEDIUM
3,attackVote,14,4
3,attack,4,true
4,status,1,MEDIUM,ALIVE,OKAMI
4,status,2,WEREWOLF,DEAD,sample_py
4,status,3,WEREWOLF,DEAD,sample_py
4,status,4,VILLAGER,DEAD,OKAMI
4,status,5,VILLAGER,ALIVE,SampleJava14
4,status,6,VILLAGER,ALIVE,SampleJava13
4,status,7,VILLAGER,ALIVE,sample_py
4,status,8,VILLAGER,ALIVE,SampleJava7
4,status,9,POSSESSED,DEAD,sample_py
4,status,10,VILLAGER,ALIVE,TOKU6
4,status,11,VILLAGER,DEAD,OKAMI
4,status,12,SEER,DEAD,SampleJava5
4,status,13,VILLAGER,ALIVE,Takeda10
4,status,14,WEREWOLF,ALIVE,SampleJava0
4,status,15,BODYGUARD,ALIVE,Tomato3
4,talk,0,0,13,VOTE Agent[10]
4,talk,1,0,1,ESTIMATE Agent[02] WEREWOLF
4,talk,2,0,8,VOTE Agent[13]
4,talk,3,0,5,VOTE Agent[14]
4,talk,4,0,6,VOTE Agent[15]
4,talk,5,0,7,VOTE Agent[10]
4,talk,6,0,15,VOTE Agent[01]
4,talk,7,0,14,VOTE Agent[08]
4,talk,8,0,10,VOTE Agent[07]
4,talk,9,1,7,Skip
4,talk,10,1,15,Skip
4,talk,11,1,14,REQUEST ANY (VOTE Agent[08])
4,talk,12,1,8,REQUEST ANY (VOTE Agent[13])
4,talk,13,1,5,REQUEST ANY (VOTE Agent[14])
4,talk,14,1,1,Over
4,talk,15,1,6,REQUEST ANY (VOTE Agent[15])
4,talk,16,1,13,Skip
4,talk,17,1,10,Skip
4,talk,18,2,1,Over
4,talk,19,2,8,Skip
4,talk,20,2,5,Skip
4,talk,21,2,7,Skip
4,talk,22,2,13,Skip
4,talk,23,2,15,Skip
4,talk,24,2,6,Skip
4,talk,25,2,10,Skip
4,talk,26,2,14,Skip
4,talk,27,3,14,Skip
4,talk,28,3,7,Over
4,talk,29,3,10,VOTE Agent[13]
4,talk,30,3,5,Skip
4,talk,31,3,6,Skip
4,talk,32,3,8,Skip
4,talk,33,3,13,Over
4,talk,34,3,1,Over
4,talk,35,3,15,Over
4,talk,36,4,15,Over
4,talk,37,4,13,Over
4,talk,38,4,7,Over
4,talk,39,4,5,Over
4,talk,40,4,6,Over
4,talk,41,4,10,Skip
4,talk,42,4,14,Over
4,talk,43,4,1,Over
4,talk,44,4,8,Over
4,talk,45,5,6,Over
4,talk,46,5,1,Over
4,talk,47,5,14,Over
4,talk,48,5,5,Over
4,talk,49,5,15,Over
4,talk,50,5,13,Over
4,talk,51,5,8,Over
4,talk,52,5,10,Skip
4,talk,53,5,7,Over
4,talk,54,6,13,Over
4,talk,55,6,15,Over
4,talk,56,6,5,Over
4,talk,57,6,14,Over
4,talk,58,6,7,Over
4,talk,59,6,6,Over
4,talk,60,6,10,Over
4,talk,61,6,8,Over
4,talk,62,6,1,Over
4,vote,1,14
4,vote,5,15
4,vote,6,13
4,vote,7,10
4,vote,8,15
4,vote,10,13
4,vote,13,10
4,vote,14,8
4,vote,15,1
4,vote,1,14
4,vote,5,10
4,vote,6,10
4,vote,7,10
4,vote,8,10
4,vote,10,13
4,vote,13,10
4,vote,14,10
4,vote,15,1
4,execute,10,VILLAGER
4,guard,15,1,MEDIUM
4,attackVote,14,13
4,attack,13,true
5,status,1,MEDIUM,ALIVE,OKAMI
5,status,2,WEREWOLF,DEAD,sample_py
5,status,3,WEREWOLF,DEAD,sample_py
5,status,4,VILLAGER,DEAD,OKAMI
5,status,5,VILLAGER,ALIVE,SampleJava14
5,status,6,VILLAGER,ALIVE,SampleJava13
5,status,7,VILLAGER,ALIVE,sample_py
5,status,8,VILLAGER,ALIVE,SampleJava7
5,status,9,POSSESSED,DEAD,sample_py
5,status,10,VILLAGER,DEAD,TOKU6
5,status,11,VILLAGER,DEAD,OKAMI
5,status,12,SEER,DEAD,SampleJava5
5,status,13,VILLAGER,DEAD,Takeda10
5,status,14,WEREWOLF,ALIVE,SampleJava0
5,status,15,BODYGUARD,ALIVE,Tomato3
5,talk,0,0,15,VOTE Agent[01]
5,talk,1,0,7,VOTE Agent[05]
5,talk,2,0,8,VOTE Agent[07]
5,talk,3,0,6,VOTE Agent[05]
5,talk,4,0,14,VOTE Agent[08]
5,talk,5,0,5,VOTE Agent[06]
5,talk,6,0,1,Skip
5,talk,7,1,7,Skip
5,talk,8,1,1,Over
5,talk,9,1,6,REQUEST ANY (VOTE Agent[05])
5,talk,10,1,5,REQUEST ANY (VOTE Agent[06])
5,talk,11,1,15,Skip
5,talk,12,1,14,REQUEST ANY (VOTE Agent[08])
5,talk,13,1,8,REQUEST ANY (VOTE Agent[07])
5,talk,14,2,8,Skip
5,talk,15,2,1,Over
5,talk,16,2,14,Skip
5,talk,17,2,5,Skip
5,talk,18,2,7,Skip
5,talk,19,2,15,Skip
5,talk,20,2,6,Skip
5,talk,21,3,8,Skip
5,talk,22,3,7,Over
5,talk,23,3,6,Skip
5,talk,24,3,14,Skip
5,talk,25,3,1,Over
5,talk,26,3,5,Skip
5,talk,27,3,15,Over
5,talk,28,4,5,Over
5,talk,29,4,1,Over
5,talk,30,4,8,Over
5,talk,31,4,14,Over
5,talk,32,4,15,Over
5,talk,33,4,6,Over
5,talk,34,4,7,Over
5,vote,1,8
5,vote,5,8
5,vote,6,7
5,vote,7,5
5,vote,8,5
5,vote,14,8
5,vote,15,1
5,execute,8,VILLAGER
5,guard,15,1,MEDIUM
5,attackVote,14,5
5,attack,5,true
6,status,1,MEDIUM,ALIVE,OKAMI
6,status,2,WEREWOLF,DEAD,sample_py
6,status,3,WEREWOLF,DEAD,sample_py
6,status,4,VILLAGER,DEAD,OKAMI
6,status,5,VILLAGER,DEAD,SampleJava14
6,status,6,VILLAGER,ALIVE,SampleJava13
6,status,7,VILLAGER,ALIVE,sample_py
6,status,8,VILLAGER,DEAD,SampleJava7
6,status,9,POSSESSED,DEAD,sample_py
6,status,10,VILLAGER,DEAD,TOKU6
6,status,11,VILLAGER,DEAD,OKAMI
6,status,12,SEER,DEAD,SampleJava5
6,status,13,VILLAGER,DEAD,Takeda10
6,status,14,WEREWOLF,ALIVE,SampleJava0
6,status,15,BODYGUARD,ALIVE,Tomato3
6,talk,0,0,14,VOTE Agent[08]
6,talk,1,0,15,VOTE Agent[01]
6,talk,2,0,7,VOTE Agent[01]
6,talk,3,0,6,VOTE Agent[15]
6,talk,4,0,1,Skip
6,talk,5,1,7,Skip
6,talk,6,1,15,Skip
6,talk,7,1,6,REQUEST ANY (VOTE Agent[15])
6,talk,8,1,1,Over
6,talk,9,1,14,REQUEST ANY (VOTE Agent[08])
6,talk,10,2,6,Skip
6,talk,11,2,1,Over
6,talk,12,2,15,Skip
6,talk,13,2,14,Skip
6,talk,14,2,7,Skip
6,talk,15,3,1,Over
6,talk,16,3,6,Skip
6,talk,17,3,14,Skip
6,talk,18,3,15,Over
6,talk,19,3,7,Over
6,talk,20,4,15,Over
6,talk,21,4,1,Over
6,talk,22,4,7,Over
6,talk,23,4,14,Over
6,talk,24,4,6,Over
6,vote,1,14
6,vote,6,15
6,vote,7,1
6,vote,14,15
6,vote,15,1
6,vote,1,14
6,vote,6,1
6,vote,7,1
6,vote,14,1
6,vote,15,1
6,execute,1,MEDIUM
6,guard,15,7,VILLAGER
6,attackVote,14,7
6,attack,7,false
7,status,1,MEDIUM,DEAD,OKAMI
7,status,2,WEREWOLF,DEAD,sample_py
7,status,3,WEREWOLF,DEAD,sample_py
7,status,4,VILLAGER,DEAD,OKAMI
7,status,5,VILLAGER,DEAD,SampleJava14
7,status,6,VILLAGER,ALIVE,SampleJava13
7,status,7,VILLAGER,ALIVE,sample_py
7,status,8,VILLAGER,DEAD,SampleJava7
7,status,9,POSSESSED,DEAD,sample_py
7,status,10,VILLAGER,DEAD,TOKU6
7,status,11,VILLAGER,DEAD,OKAMI
7,status,12,SEER,DEAD,SampleJava5
7,status,13,VILLAGER,DEAD,Takeda10
7,status,14,WEREWOLF,ALIVE,SampleJava0
7,status,15,BODYGUARD,ALIVE,Tomato3
7,talk,0,0,14,VOTE Agent[08]
7,talk,1,0,15,VOTE Agent[14]
7,talk,2,0,7,VOTE Agent[15]
7,talk,3,0,6,VOTE Agent[14]
7,talk,4,1,6,REQUEST ANY (VOTE Agent[14])
7,talk,5,1,15,Skip
7,talk,6,1,14,REQUEST ANY (VOTE Agent[08])
7,talk,7,1,7,Skip
7,talk,8,2,14,Skip
7,talk,9,2,15,Skip
7,talk,10,2,7,Skip
7,talk,11,2,6,Skip
7,talk,12,3,14,Skip
7,talk,13,3,7,Over
7,talk,14,3,6,Skip
7,talk,15,3,15,Over
7,talk,16,4,6,Over
7,talk,17,4,15,Over
7,talk,18,4,14,Over
7,talk,19,4,7,Over
7,vote,6,14
7,vote,7,15
7,vote,14,7
7,vote,15,14
7,execute,14,WEREWOLF
7,guard,15,7,VILLAGER
8,status,1,MEDIUM,DEAD,OKAMI
8,status,2,WEREWOLF,DEAD,sample_py
8,status,3,WEREWOLF,DEAD,sample_py
8,status,4,VILLAGER,DEAD,OKAMI
8,status,5,VILLAGER,DEAD,SampleJava14
8,status,6,VILLAGER,ALIVE,SampleJava13
8,status,7,VILLAGER,ALIVE,sample_py
8,status,8,VILLAGER,DEAD,SampleJava7
8,status,9,POSSESSED,DEAD,sample_py
8,status,10,VILLAGER,DEAD,TOKU6
8,status,11,VILLAGER,DEAD,OKAMI
8,status,12,SEER,DEAD,SampleJava5
8,status,13,VILLAGER,DEAD,Takeda10
8,status,14,WEREWOLF,DEAD,SampleJava0
8,status,15,BODYGUARD,ALIVE,Tomato3
8,result,3,0,VILLAGER
