0,status,1,MEDIUM,ALIVE,OKAMI
0,status,2,VILLAGER,ALIVE,sample_py
0,status,3,WEREWOLF,ALIVE,sample_py
0,status,4,VILLAGER,ALIVE,OKAMI
0,status,5,VILLAGER,ALIVE,SampleJava14
0,status,6,BODYGUARD,ALIVE,SampleJava13
0,status,7,SEER,ALIVE,sample_py
0,status,8,VILLAGER,ALIVE,SampleJava7
0,status,9,WEREWOLF,ALIVE,sample_py
0,status,10,POSSESSED,ALIVE,TOKU6
0,status,11,WEREWOLF,ALIVE,OKAMI
0,status,12,VILLAGER,ALIVE,SampleJava5
0,status,13,VILLAGER,ALIVE,Takeda10
0,status,14,VILLAGER,ALIVE,SampleJava0
0,status,15,VILLAGER,ALIVE,Tomato3
0,whisper,0,0,11,COMINGOUT Agent[11] VILLAGER
0,whisper,1,0,9,COMINGOUT Agent[09] VILLAGER
0,whisper,2,0,3,COMINGOUT Agent[03] MEDIUM
0,whisper,3,1,9,COMINGOUT Agent[09] VILLAGER
0,whisper,4,1,3,COMINGOUT Agent[03] MEDIUM
0,whisper,5,1,11,Skip
0,whisper,6,2,11,Skip
0,whisper,7,2,9,COMINGOUT Agent[09] VILLAGER
0,whisper,8,2,3,COMINGOUT Agent[03] MEDIUM
0,whisper,9,3,3,COMINGOUT Agent[03] MEDIUM
0,whisper,10,3,11,Over
0,whisper,11,3,9,COMINGOUT Agent[09] VILLAGER
0,whisper,12,4,11,Over
0,whisper,13,4,3,COMINGOUT Agent[03] MEDIUM
0,whisper,14,4,9,COMINGOUT Agent[09] VILLAGER
0,whisper,15,5,9,COMINGOUT Agent[09] VILLAGER
0,whisper,16,5,11,Over
0,whisper,17,5,3,COMINGOUT Agent[03] MEDIUM
0,whisper,18,6,3,COMINGOUT Agent[03] MEDIUM
0,whisper,19,6,9,COMINGOUT Agent[09] VILLAGER
0,whisper,20,6,11,Over
0,whisper,21,7,9,COMINGOUT Agent[09] VILLAGER
0,whisper,22,7,11,Over
0,whisper,23,7,3,COMINGOUT Agent[03] MEDIUM
0,whisper,24,8,11,Over
0,whisper,25,8,9,COMINGOUT Agent[09] VILLAGER
0,whisper,26,8,3,COMINGOUT Agent[03] MEDIUM
0,whisper,27,9,11,Over
0,whisper,28,9,9,COMINGOUT Agent[09] VILLAGER
0,whisper,29,9,3,COMINGOUT Agent[03] MEDIUM
0,whisper,30,10,11,Over
0,whisper,31,10,9,Over
0,whisper,32,10,3,Over
0,divine,7,13,HUMAN
1,status,1,MEDIUM,ALIVE,OKAMI
1,status,2,VILLAGER,ALIVE,sample_py
1,status,3,WEREWOLF,ALIVE,sample_py
1,status,4,VILLAGER,ALIVE,OKAMI
1,status,5,VILLAGER,ALIVE,SampleJava14
1,status,6,BODYGUARD,ALIVE,SampleJava13
1,status,7,SEER,ALIVE,sample_py
1,status,8,VILLAGER,ALIVE,SampleJava7
1,status,9,WEREWOLF,ALIVE,sample_py
1,status,10,POSSESSED,ALIVE,TOKU6
1,status,11,WEREWOLF,ALIVE,OKAMI
1,status,12,VILLAGER,ALIVE,SampleJava5
1,status,13,VILLAGER,ALIVE,Takeda10
1,status,14,VILLAGER,ALIVE,SampleJava0
1,status,15,VILLAGER,ALIVE,Tomato3
1,talk,0,0,5,VOTE Agent[12]
1,talk,1,0,9,VOTE Agent[04]
1,talk,2,0,10,COMINGOUT Agent[10] SEER
1,talk,3,0,1,Over
1,talk,4,0,11,VOTE Agent[12]
1,talk,5,0,15,VOTE Agent[12]
1,talk,6,0,7,VOTE Agent[10]
1,talk,7,0,2,VOTE Agent[09]
1,talk,8,0,4,VOTE Agent[09]
1,talk,9,0,3,VOTE Agent[10]
1,talk,10,0,13,VOTE Agent[10]
1,talk,11,0,8,VOTE Agent[06]
1,talk,12,0,14,VOTE Agent[10]
1,talk,13,0,12,VOTE Agent[09]
1,talk,14,0,6,VOTE Agent[10]
1,talk,15,1,2,Skip
1,talk,16,1,6,REQUEST ANY (VOTE Agent[10])
1,talk,17,1,11,VOTE Agent[12]
1,talk,18,1,10,DIVINED Agent[01] WEREWOLF
1,talk,19,1,1,Over
1,talk,20,1,5,REQUEST ANY (VOTE Agent[12])
1,talk,21,1,9,Skip
1,talk,22,1,8,REQUEST ANY (VOTE Agent[06])
1,talk,23,1,7,Skip
1,talk,24,1,13,VOTE Agent[09]
1,talk,25,1,4,COMINGOUT Agent[04] VILLAGER
1,talk,26,1,12,REQUEST ANY (VOTE Agent[09])
1,talk,27,1,14,REQUEST ANY (VOTE Agent[10])
1,talk,28,1,15,VOTE Agent[09]
1,talk,29,1,3,Skip
1,talk,30,2,10,VOTE Agent[01]
1,talk,31,2,1,Over
1,talk,32,2,5,Skip
1,talk,33,2,4,VOTE Agent[01]
1,talk,34,2,13,VOTE Agent[11]
1,talk,35,2,7,Skip
1,talk,36,2,14,Skip
1,talk,37,2,15,VOTE Agent[10]
1,talk,38,2,12,Skip
1,talk,39,2,11,VOTE Agent[01]
1,talk,40,2,8,Skip
1,talk,41,2,2,VOTE Agent[01]
1,talk,42,2,9,Skip
1,talk,43,2,6,Skip
1,talk,44,2,3,Skip
1,talk,45,3,7,Over
1,talk,46,3,10,Skip
1,talk,47,3,14,Skip
1,talk,48,3,3,Over
1,talk,49,3,11,VOTE Agent[01]
1,talk,50,3,15,Skip
1,talk,51,3,13,Skip
1,talk,52,3,5,Skip
1,talk,53,3,12,Skip
1,talk,54,3,1,Over
1,talk,55,3,8,Skip
1,talk,56,3,2,Skip
1,talk,57,3,6,Skip
1,talk,58,3,9,Over
1,talk,59,3,4,VOTE Agent[01]
1,talk,60,4,12,Over
1,talk,61,4,11,VOTE Agent[01]
1,talk,62,4,3,Over
1,talk,63,4,6,Over
1,talk,64,4,1,Over
1,talk,65,4,5,Over
1,talk,66,4,2,Skip
1,talk,67,4,10,Skip
1,talk,68,4,4,VOTE Agent[01]
1,talk,69,4,7,Over
1,talk,70,4,8,Over
1,talk,71,4,13,Skip
1,talk,72,4,9,Over
1,talk,73,4,15,VOTE Agent[01]
1,talk,74,4,14,Over
1,talk,75,5,4,VOTE Agent[01]
1,talk,76,5,14,Over
1,talk,77,5,10,Over
1,talk,78,5,1,Over
1,talk,79,5,9,Over
1,talk,80,5,3,Over
1,talk,81,5,11,VOTE Agent[01]
1,talk,82,5,2,Over
1,talk,83,5,15,Skip
1,talk,84,5,8,Over
1,talk,85,5,12,Over
1,talk,86,5,13,Over
1,talk,87,5,6,Over
1,talk,88,5,5,Over
1,talk,89,5,7,Over
1,talk,90,6,5,Over
1,talk,91,6,1,Over
1,talk,92,6,14,Over
1,talk,93,6,3,Over
1,talk,94,6,6,Over
1,talk,95,6,12,Over
1,talk,96,6,2,Over
1,talk,97,6,13,Over
1,talk,98,6,10,Over
1,talk,99,6,4,VOTE Agent[01]
1,talk,100,6,9,Over
1,talk,101,6,7,Over
1,talk,102,6,8,Over
1,talk,103,6,15,Skip
1,talk,104,6,11,VOTE Agent[01]
1,talk,105,7,13,Over
1,talk,106,7,8,Over
1,talk,107,7,5,Over
1,talk,108,7,9,Over
1,talk,109,7,12,Over
1,talk,110,7,3,Over
1,talk,111,7,15,VOTE Agent[10]
1,talk,112,7,10,Over
1,talk,113,7,1,Over
1,talk,114,7,4,VOTE Agent[01]
1,talk,115,7,7,Over
1,talk,116,7,2,Over
1,talk,117,7,14,Over
1,talk,118,7,11,VOTE Agent[01]
1,talk,119,7,6,Over
1,talk,120,8,5,Over
1,talk,121,8,11,VOTE Agent[01]
1,talk,122,8,10,Over
1,talk,123,8,13,Over
1,talk,124,8,8,Over
1,talk,125,8,2,Over
1,talk,126,8,12,Over
1,talk,127,8,7,Over
1,talk,128,8,9,Over
1,talk,129,8,14,Over
1,talk,130,8,15,Skip
1,talk,131,8,1,Over
1,talk,132,8,6,Over
1,talk,133,8,3,Over
1,talk,134,8,4,VOTE Agent[01]
1,talk,135,9,11,Over
1,talk,136,9,10,Over
1,talk,137,9,12,Over
1,talk,138,9,7,Over
1,talk,139,9,15,Skip
1,talk,140,9,1,Over
1,talk,141,9,8,Over
1,talk,142,9,9,Over
1,talk,143,9,5,Over
1,talk,144,9,4,Over
1,talk,145,9,6,Over
1,talk,146,9,13,Over
1,talk,147,9,3,Over
1,talk,148,9,14,Over
1,talk,149,9,2,Over
1,talk,150,10,9,Over
1,talk,151,10,2,Over
1,talk,152,10,4,Over
1,talk,153,10,12,Over
1,talk,154,10,15,VOTE Agent[01]
1,talk,155,10,8,Over
1,talk,156,10,6,Over
1,talk,157,10,3,Over
1,talk,158,10,10,Over
1,talk,159,10,5,Over
1,talk,160,10,7,Over
1,talk,161,10,13,Over
1,talk,162,10,1,Over
1,talk,163,10,14,Over
1,talk,164,10,11,Over
1,talk,165,11,13,Over
1,talk,166,11,12,Over
1,talk,167,11,2,Over
1,talk,168,11,9,Over
1,talk,169,11,1,Over
1,talk,170,11,10,Over
1,talk,171,11,15,Skip
1,talk,172,11,14,Over
1,talk,173,11,6,Over
1,talk,174,11,11,Over
1,talk,175,11,4,Over
1,talk,176,11,3,Over
1,talk,177,11,5,Over
1,talk,178,11,8,Over
1,talk,179,11,7,Over
1,talk,180,12,1,Over
1,talk,181,12,9,Over
1,talk,182,12,15,VOTE Agent[10]
1,talk,183,12,6,Over
1,talk,184,12,5,Over
1,talk,185,12,3,Over
1,talk,186,12,7,Over
1,talk,187,12,11,Over
1,talk,188,12,2,Over
1,talk,189,12,4,Over
1,talk,190,12,10,Over
1,talk,191,12,8,Over
1,talk,192,12,13,Over
1,talk,193,12,12,Over
1,talk,194,12,14,Over
1,talk,195,13,3,Over
1,talk,196,13,7,Over
1,talk,197,13,14,Over
1,talk,198,13,6,Over
1,talk,199,13,11,Over
1,talk,200,13,9,Over
1,talk,201,13,13,Over
1,talk,202,13,2,Over
1,talk,203,13,8,Over
1,talk,204,13,1,Over
1,talk,205,13,12,Over
1,talk,206,13,10,Over
1,talk,207,13,5,Over
1,talk,208,13,15,Skip
1,talk,209,13,4,Over
1,talk,210,14,11,Over
1,talk,211,14,13,Over
1,talk,212,14,15,Skip
1,talk,213,14,3,Over
1,talk,214,14,12,Over
1,talk,215,14,5,Over
1,talk,216,14,4,Over
1,talk,217,14,8,Over
1,talk,218,14,10,Over
1,talk,219,14,14,Over
1,talk,220,14,7,Over
1,talk,221,14,2,Over
1,talk,222,14,6,Over
1,talk,223,14,9,Over
1,talk,224,14,1,Over
1,talk,225,15,8,Over
1,talk,226,15,10,Over
1,talk,227,15,13,Over
1,talk,228,15,2,Over
1,talk,229,15,1,Over
1,talk,230,15,15,Over
1,talk,231,15,5,Over
1,talk,232,15,9,Over
1,talk,233,15,4,Over
1,talk,234,15,6,Over
1,talk,235,15,7,Over
1,talk,236,15,12,Over
1,talk,237,15,11,Over
1,talk,238,15,14,Over
1,talk,239,15,3,Over
1,vote,1,6
1,vote,2,1
1,vote,3,10
1,vote,4,1
1,vote,5,10
1,vote,6,12
1,vote,7,10
1,vote,8,10
1,vote,9,4
1,vote,10,1
1,vote,11,1
1,vote,12,10
1,vote,13,11
1,vote,14,12
1,vote,15,10
1,execute,10,POSSESSED
1,divine,7,9,WEREWOLF
1,whisper,0,0,11,ATTACK Agent[10]
1,whisper,1,0,3,ATTACK Agent[04]
1,whisper,2,0,9,ATTACK Agent[04]
1,whisper,3,1,11,Skip
1,whisper,4,1,9,Skip
1,whisper,5,1,3,Skip
1,whisper,6,2,3,Skip
1,whisper,7,2,11,Skip
1,whisper,8,2,9,Skip
1,whisper,9,3,3,Over
1,whisper,10,3,9,Over
1,whisper,11,3,11,Over
1,guard,6,13,VILLAGER
1,attackVote,3,4
1,attackVote,9,4
1,attackVote,11,6
1,attack,4,true
2,status,1,MEDIUM,ALIVE,OKAMI
2,status,2,VILLAGER,ALIVE,sample_py
2,status,3,WEREWOLF,ALIVE,sample_py
2,status,4,VILLAGER,DEAD,OKAMI
2,status,5,VILLAGER,ALIVE,SampleJava14
2,status,6,BODYGUARD,ALIVE,SampleJava13
2,status,7,SEER,ALIVE,sample_py
2,status,8,VILLAGER,ALIVE,SampleJava7
2,status,9,WEREWOLF,ALIVE,sample_py
2,status,10,POSSESSED,DEAD,TOKU6
2,status,11,WEREWOLF,ALIVE,OKAMI
2,status,12,VILLAGER,ALIVE,SampleJava5
2,status,13,VILLAGER,ALIVE,Takeda10
2,status,14,VILLAGER,ALIVE,SampleJava0
2,status,15,VILLAGER,ALIVE,Tomato3
2,talk,0,0,1,Skip
2,talk,1,0,3,VOTE Agent[07]
2,talk,2,0,11,VOTE Agent[01]
2,talk,3,0,15,VOTE Agent[07]
2,talk,4,0,12,VOTE Agent[08]
2,talk,5,0,5,VOTE Agent[14]
2,talk,6,0,7,COMINGOUT Agent[07] SEER
2,talk,7,0,14,VOTE Agent[13]
2,talk,8,0,8,VOTE Agent[02]
2,talk,9,0,13,VOTE Agent[11]
2,talk,10,0,9,VOTE Agent[05]
2,talk,11,0,2,VOTE Agent[01]
2,talk,12,0,6,VOTE Agent[03]
2,talk,13,1,1,Over
2,talk,14,1,8,REQUEST ANY (VOTE Agent[02])
2,talk,15,1,11,VOTE Agent[01]
2,talk,16,1,9,Skip
2,talk,17,1,6,REQUEST ANY (VOTE Agent[03])
2,talk,18,1,14,REQUEST ANY (VOTE Agent[13])
2,talk,19,1,3,Skip
2,talk,20,1,5,REQUEST ANY (VOTE Agent[14])
2,talk,21,1,15,VOTE Agent[01]
2,talk,22,1,13,Skip
2,talk,23,1,12,REQUEST ANY (VOTE Agent[08])
2,talk,24,1,2,Skip
2,talk,25,1,7,DIVINED Agent[13] HUMAN
2,talk,26,2,12,Skip
2,talk,27,2,2,Skip
2,talk,28,2,11,VOTE Agent[01]
2,talk,29,2,3,Skip
2,talk,30,2,8,Skip
2,talk,31,2,6,Skip
2,talk,32,2,15,Skip
2,talk,33,2,13,Skip
2,talk,34,2,9,Skip
2,talk,35,2,14,Skip
2,talk,36,2,5,Skip
2,talk,37,2,1,Over
2,talk,38,2,7,DIVINED Agent[09] WEREWOLF
2,talk,39,3,13,Over
2,talk,40,3,5,Skip
2,talk,41,3,7,VOTE Agent[09]
2,talk,42,3,15,Skip
2,talk,43,3,2,Over
2,talk,44,3,3,Over
2,talk,45,3,8,Skip
2,talk,46,3,1,Over
2,talk,47,3,11,VOTE Agent[01]
2,talk,48,3,14,Skip
2,talk,49,3,9,Over
2,talk,50,3,6,Skip
2,talk,51,3,12,Skip
2,talk,52,4,7,Skip
2,talk,53,4,13,Over
2,talk,54,4,2,Over
2,talk,55,4,9,Over
2,talk,56,4,3,Over
2,talk,57,4,8,Over
2,talk,58,4,1,Over
2,talk,59,4,11,VOTE Agent[01]
2,talk,60,4,5,Over
2,talk,61,4,14,Over
2,talk,62,4,15,Over
2,talk,63,4,6,Over
2,talk,64,4,12,Over
2,talk,65,5,15,Over
2,talk,66,5,11,VOTE Agent[01]
2,talk,67,5,2,Over
2,talk,68,5,9,Over
2,talk,69,5,5,Over
2,talk,70,5,1,Over
2,talk,71,5,12,Over
2,talk,72,5,13,Over
2,talk,73,5,6,Over
2,talk,74,5,14,Over
2,talk,75,5,8,Over
2,talk,76,5,3,Over
2,talk,77,5,7,Skip
2,talk,78,6,3,Over
2,talk,79,6,7,Over
2,talk,80,6,8,Over
2,talk,81,6,6,Over
2,talk,82,6,15,Over
2,talk,83,6,1,Over
2,talk,84,6,11,VOTE Agent[01]
2,talk,85,6,13,Over
2,talk,86,6,12,Over
2,talk,87,6,5,Over
2,talk,88,6,9,Over
2,talk,89,6,2,Over
2,talk,90,6,14,Over
2,talk,91,7,2,Over
2,talk,92,7,12,Over
2,talk,93,7,8,Over
2,talk,94,7,11,VOTE Agent[01]
2,talk,95,7,9,Over
2,talk,96,7,1,Over
2,talk,97,7,7,Over
2,talk,98,7,14,Over
2,talk,99,7,6,Over
2,talk,100,7,13,Over
2,talk,101,7,3,Over
2,talk,102,7,5,Over
2,talk,103,7,15,Over
2,talk,104,8,5,Over
2,talk,105,8,12,Over
2,talk,106,8,1,Over
2,talk,107,8,7,Over
2,talk,108,8,11,VOTE Agent[01]
2,talk,109,8,2,Over
2,talk,110,8,9,Over
2,talk,111,8,3,Over
2,talk,112,8,15,Over
2,talk,113,8,13,Over
2,talk,114,8,6,Over
2,talk,115,8,8,Over
2,talk,116,8,14,Over
2,talk,117,9,11,Over
2,talk,118,9,14,Over
2,talk,119,9,15,Over
2,talk,120,9,12,Over
2,talk,121,9,3,Over
2,talk,122,9,5,Over
2,talk,123,9,9,Over
2,talk,124,9,1,Over
2,talk,125,9,8,Over
2,talk,126,9,7,Over
2,talk,127,9,2,Over
2,talk,128,9,6,Over
2,talk,129,9,13,Over
2,vote,1,14
2,vote,2,1
2,vote,3,7
2,vote,5,2
2,vote,6,2
2,vote,7,9
2,vote,8,3
2,vote,9,5
2,vote,11,1
2,vote,12,13
2,vote,13,11
2,vote,14,3
2,vote,15,1
2,execute,1,MEDIUM
2,divine,7,15,HUMAN
2,whisper,0,0,11,ATTACK Agent[07]
2,whisper,1,0,3,ATTACK Agent[07]
2,whisper,2,0,9,ATTACK Agent[07]
2,whisper,3,1,9,Skip
2,whisper,4,1,3,Skip
2,whisper,5,1,11,Skip
2,whisper,6,2,9,Skip
2,whisper,7,2,11,Skip
2,whisper,8,2,3,Skip
2,whisper,9,3,3,Over
2,whisper,10,3,9,Over
2,whisper,11,3,11,Over
2,guard,6,7,SEER
2,attackVote,3,7
2,attackVote,9,7
2,attackVote,11,2
2,attack,7,false
3,status,1,MEDIUM,DEAD,OKAMI
3,status,2,VILLAGER,ALIVE,sample_py
3,status,3,WEREWOLF,ALIVE,sample_py
3,status,4,VILLAGER,DEAD,OKAMI
3,status,5,VILLAGER,ALIVE,SampleJava14
3,status,6,BODYGUARD,ALIVE,SampleJava13
3,status,7,SEER,ALIVE,sample_py
3,status,8,VILLAGER,ALIVE,SampleJava7
3,status,9,WEREWOLF,ALIVE,sample_py
3,status,10,POSSESSED,DEAD,TOKU6
3,status,11,WEREWOLF,ALIVE,OKAMI
3,status,12,VILLAGER,ALIVE,SampleJava5
3,status,13,VILLAGER,ALIVE,Takeda10
3,status,14,VILLAGER,ALIVE,SampleJava0
3,status,15,VILLAGER,ALIVE,Tomato3
3,talk,0,0,9,VOTE Agent[12]
3,talk,1,0,15,VOTE Agent[07]
3,talk,2,0,3,COMINGOUT Agent[03] MEDIUM
3,talk,3,0,12,VOTE Agent[09]
3,talk,4,0,8,VOTE Agent[15]
3,talk,5,0,7,DIVINED Agent[15] HUMAN
3,talk,6,0,6,VOTE Agent[09]
3,talk,7,0,5,VOTE Agent[13]
3,talk,8,0,13,VOTE Agent[11]
3,talk,9,0,14,VOTE Agent[09]
3,talk,10,0,11,VOTE Agent[12]
3,talk,11,0,2,VOTE Agent[09]
3,talk,12,1,11,VOTE Agent[12]
3,talk,13,1,13,VOTE Agent[03]
3,talk,14,1,3,IDENTIFIED Agent[10] HUMAN
3,talk,15,1,8,REQUEST ANY (VOTE Agent[15])
3,talk,16,1,9,Skip
3,talk,17,1,12,REQUEST ANY (VOTE Agent[09])
3,talk,18,1,5,REQUEST ANY (VOTE Agent[13])
3,talk,19,1,7,VOTE Agent[09]
3,talk,20,1,14,REQUEST ANY (VOTE Agent[09])
3,talk,21,1,6,REQUEST ANY (VOTE Agent[09])
3,talk,22,1,15,Skip
3,talk,23,1,2,Skip
3,talk,24,2,9,Skip
3,talk,25,2,2,Skip
3,talk,26,2,14,Skip
3,talk,27,2,12,Skip
3,talk,28,2,11,VOTE Agent[12]
3,talk,29,2,7,Skip
3,talk,30,2,13,Skip
3,talk,31,2,5,Skip
3,talk,32,2,15,Skip
3,talk,33,2,3,IDENTIFIED Agent[01] WEREWOLF
3,talk,34,2,6,Skip
3,talk,35,2,8,Skip
3,talk,36,3,2,Over
3,talk,37,3,7,Skip
3,talk,38,3,12,Skip
3,talk,39,3,6,Skip
3,talk,40,3,8,Skip
3,talk,41,3,3,VOTE Agent[07]
3,talk,42,3,13,VOTE Agent[11]
3,talk,43,3,9,Over
3,talk,44,3,15,Over
3,talk,45,3,11,VOTE Agent[12]
3,talk,46,3,5,Skip
3,talk,47,3,14,Skip
3,talk,48,4,15,Over
3,talk,49,4,5,Over
3,talk,50,4,7,Over
3,talk,51,4,11,VOTE Agent[12]
3,talk,52,4,8,Over
3,talk,53,4,14,Over
3,talk,54,4,12,Over
3,talk,55,4,2,Over
3,talk,56,4,13,VOTE Agent[07]
3,talk,57,4,9,Over
3,talk,58,4,3,Skip
3,talk,59,4,6,Over
3,talk,60,5,5,Over
3,talk,61,5,14,Over
3,talk,62,5,9,Over
3,talk,63,5,11,VOTE Agent[12]
3,talk,64,5,2,Over
3,talk,65,5,6,Over
3,talk,66,5,3,Skip
3,talk,67,5,8,Over
3,talk,68,5,7,Over
3,talk,69,5,13,Skip
3,talk,70,5,15,Over
3,talk,71,5,12,Over
3,talk,72,6,5,Over
3,talk,73,6,7,Over
3,talk,74,6,9,Over
3,talk,75,6,13,Skip
3,talk,76,6,14,Over
3,talk,77,6,3,Over
3,talk,78,6,11,VOTE Agent[12]
3,talk,79,6,2,Over
3,talk,80,6,6,Over
3,talk,81,6,8,Over
3,talk,82,6,15,Over
3,talk,83,6,12,Over
3,talk,84,7,13,Over
3,talk,85,7,6,Over
3,talk,86,7,12,Over
3,talk,87,7,15,Over
3,talk,88,7,3,Over
3,talk,89,7,2,Over
3,talk,90,7,7,Over
3,talk,91,7,5,Over
3,talk,92,7,11,VOTE Agent[12]
3,talk,93,7,8,Over
3,talk,94,7,14,Over
3,talk,95,7,9,Over
3,talk,96,8,15,Over
3,talk,97,8,2,Over
3,talk,98,8,7,Over
3,talk,99,8,13,Over
3,talk,100,8,6,Over
3,talk,101,8,8,Over
3,talk,102,8,9,Over
3,talk,103,8,14,Over
3,talk,104,8,3,Over
3,talk,105,8,5,Over
3,talk,106,8,12,Over
3,talk,107,8,11,VOTE Agent[12]
3,talk,108,9,6,Over
3,talk,109,9,5,Over
3,talk,110,9,12,Over
3,talk,111,9,3,Over
3,talk,112,9,14,Over
3,talk,113,9,8,Over
3,talk,114,9,2,Over
3,talk,115,9,11,Over
3,talk,116,9,13,Over
3,talk,117,9,15,Over
3,talk,118,9,7,Over
3,talk,119,9,9,Over
3,vote,2,9
3,vote,3,7
3,vote,5,9
3,vote,6,13
3,vote,7,9
3,vote,8,9
3,vote,9,12
3,vote,11,12
3,vote,12,13
3,vote,13,7
3,vote,14,15
3,vote,15,7
3,execute,9,WEREWOLF
3,whisper,0,0,11,ATTACK Agent[12]
3,whisper,1,0,3,ATTACK Agent[07]
3,whisper,2,1,3,Skip
3,whisper,3,1,11,Skip
3,whisper,4,2,3,Skip
3,whisper,5,2,11,Skip
3,whisper,6,3,11,Over
3,whisper,7,3,3,Over
3,guard,6,7,SEER
3,attackVote,3,7
3,attackVote,11,14
3,attackVote,3,7
3,attackVote,11,5
3,attack,7,false
4,status,1,MEDIUM,DEAD,OKAMI
4,status,2,VILLAGER,ALIVE,sample_py
4,status,3,WEREWOLF,ALIVE,sample_py
4,status,4,VILLAGER,DEAD,OKAMI
4,status,5,VILLAGER,ALIVE,SampleJava14
4,status,6,BODYGUARD,ALIVE,SampleJava13
4,status,7,SEER,ALIVE,sample_py
4,status,8,VILLAGER,ALIVE,SampleJava7
4,status,9,WEREWOLF,DEAD,sample_py
4,status,10,POSSESSED,DEAD,TOKU6
4,status,11,WEREWOLF,ALIVE,OKAMI
4,status,12,VILLAGER,ALIVE,SampleJava5
4,status,13,VILLAGER,ALIVE,Takeda10
4,status,14,VILLAGER,ALIVE,SampleJava0
4,status,15,VILLAGER,ALIVE,Tomato3
4,talk,0,0,11,VOTE Agent[12]
4,talk,1,0,13,VOTE Agent[07]
4,talk,2,0,14,VOTE Agent[06]
4,talk,3,0,12,VOTE Agent[06]
4,talk,4,0,7,VOTE Agent[14]
4,talk,5,0,8,VOTE Agent[06]
4,talk,6,0,3,IDENTIFIED Agent[09] HUMAN
4,talk,7,0,5,VOTE Agent[03]
4,talk,8,0,2,VOTE Agent[05]
4,talk,9,0,6,VOTE Agent[08]
4,talk,10,0,15,VOTE Agent[07]
4,talk,11,1,6,REQUEST ANY (VOTE Agent[08])
4,talk,12,1,13,Skip
4,talk,13,1,11,VOTE Agent[06]
4,talk,14,1,15,Skip
4,talk,15,1,5,REQUEST ANY (VOTE Agent[03])
4,talk,16,1,3,VOTE Agent[02]
4,talk,17,1,2,Skip
4,talk,18,1,8,REQUEST ANY (VOTE Agent[06])
4,talk,19,1,12,REQUEST ANY (VOTE Agent[06])
4,talk,20,1,14,REQUEST ANY (VOTE Agent[06])
4,talk,21,1,7,Skip
4,talk,22,2,12,Skip
4,talk,23,2,13,Skip
4,talk,24,2,5,Skip
4,talk,25,2,14,Skip
4,talk,26,2,15,Skip
4,talk,27,2,8,Skip
4,talk,28,2,7,Skip
4,talk,29,2,2,Skip
4,talk,30,2,3,Skip
4,talk,31,2,11,VOTE Agent[06]
4,talk,32,2,6,Skip
4,talk,33,3,5,Skip
4,talk,34,3,13,Over
4,talk,35,3,7,Over
4,talk,36,3,8,Skip
4,talk,37,3,12,Skip
4,talk,38,3,11,VOTE Agent[06]
4,talk,39,3,2,Over
4,talk,40,3,14,Skip
4,talk,41,3,15,Over
4,talk,42,3,3,Skip
4,talk,43,3,6,Skip
4,talk,44,4,6,Over
4,talk,45,4,12,Over
4,talk,46,4,13,Over
4,talk,47,4,15,Over
4,talk,48,4,14,Over
4,talk,49,4,7,Over
4,talk,50,4,2,Over
4,talk,51,4,5,Over
4,talk,52,4,3,Over
4,talk,53,4,8,Over
4,talk,54,4,11,VOTE Agent[06]
4,talk,55,5,6,Over
4,talk,56,5,7,Over
4,talk,57,5,8,Over
4,talk,58,5,13,Over
4,talk,59,5,2,Over
4,talk,60,5,15,Over
4,talk,61,5,3,Over
4,talk,62,5,5,Over
4,talk,63,5,11,VOTE Agent[06]
4,talk,64,5,14,Over
4,talk,65,5,12,Over
4,talk,66,6,15,Over
4,talk,67,6,12,Over
4,talk,68,6,7,Over
4,talk,69,6,5,Over
4,talk,70,6,3,Over
4,talk,71,6,8,Over
4,talk,72,6,2,Over
4,talk,73,6,13,Over
4,talk,74,6,6,Over
4,talk,75,6,11,VOTE Agent[06]
4,talk,76,6,14,Over
4,talk,77,7,15,Over
4,talk,78,7,13,Over
4,talk,79,7,6,Over
4,talk,80,7,5,Over
4,talk,81,7,2,Over
4,talk,82,7,11,VOTE Agent[06]
4,talk,83,7,3,Over
4,talk,84,7,8,Over
4,talk,85,7,14,Over
4,talk,86,7,12,Over
4,talk,87,7,7,Over
4,talk,88,8,3,Over
4,talk,89,8,2,Over
4,talk,90,8,8,Over
4,talk,91,8,5,Over
4,talk,92,8,14,Over
4,talk,93,8,15,Over
4,talk,94,8,6,Over
4,talk,95,8,13,Over
4,talk,96,8,12,Over
4,talk,97,8,11,VOTE Agent[06]
4,talk,98,8,7,Over
4,talk,99,9,2,Over
4,talk,100,9,3,Over
4,talk,101,9,14,Over
4,talk,102,9,8,Over
4,talk,103,9,5,Over
4,talk,104,9,11,Over
4,talk,105,9,13,Over
4,talk,106,9,7,Over
4,talk,107,9,15,Over
4,talk,108,9,12,Over
4,talk,109,9,6,Over
4,vote,2,5
4,vote,3,2
4,vote,5,6
4,vote,6,3
4,vote,7,14
4,vote,8,6
4,vote,11,6
4,vote,12,3
4,vote,13,7
4,vote,14,6
4,vote,15,7
4,execute,6,BODYGUARD
4,divine,7,3,WEREWOLF
4,whisper,0,0,3,ATTACK Agent[07]
4,whisper,1,0,11,ATTACK Agent[07]
4,whisper,2,1,11,Skip
4,whisper,3,1,3,Skip
4,whisper,4,2,11,Skip
4,whisper,5,2,3,Skip
4,whisper,6,3,11,Over
4,whisper,7,3,3,Over
4,attackVote,3,7
4,attackVote,11,2
4,attackVote,3,7
4,attackVote,11,8
4,attack,7,true
5,status,1,MEDIUM,DEAD,OKAMI
5,status,2,VILLAGER,ALIVE,sample_py
5,status,3,WEREWOLF,ALIVE,sample_py
5,status,4,VILLAGER,DEAD,OKAMI
5,status,5,VILLAGER,ALIVE,SampleJava14
5,status,6,BODYGUARD,DEAD,SampleJava13
5,status,7,SEER,DEAD,sample_py
5,status,8,VILLAGER,ALIVE,SampleJava7
5,status,9,WEREWOLF,DEAD,sample_py
5,status,10,POSSESSED,DEAD,TOKU6
5,status,11,WEREWOLF,ALIVE,OKAMI
5,status,12,VILLAGER,ALIVE,SampleJava5
5,status,13,VILLAGER,ALIVE,Takeda10
5,status,14,VILLAGER,ALIVE,SampleJava0
5,status,15,VILLAGER,ALIVE,Tomato3
5,talk,0,0,8,VOTE Agent[12]
5,talk,1,0,15,VOTE Agent[03]
5,talk,2,0,2,VOTE Agent[11]
5,talk,3,0,12,VOTE Agent[11]
5,talk,4,0,14,VOTE Agent[12]
5,talk,5,0,5,VOTE Agent[14]
5,talk,6,0,3,IDENTIFIED Agent[06] WEREWOLF
5,talk,7,0,13,VOTE Agent[11]
5,talk,8,0,11,VOTE Agent[12]
5,talk,9,1,3,VOTE Agent[12]
5,talk,10,1,11,VOTE Agent[12]
5,talk,11,1,13,Skip
5,talk,12,1,2,Skip
5,talk,13,1,8,REQUEST ANY (VOTE Agent[12])
5,talk,14,1,15,Skip
5,talk,15,1,12,REQUEST ANY (VOTE Agent[11])
5,talk,16,1,5,REQUEST ANY (VOTE Agent[14])
5,talk,17,1,14,REQUEST ANY (VOTE Agent[12])
5,talk,18,2,12,Skip
5,talk,19,2,8,Skip
5,talk,20,2,15,Skip
5,talk,21,2,5,Skip
5,talk,22,2,2,Skip
5,talk,23,2,3,Skip
5,talk,24,2,11,VOTE Agent[12]
5,talk,25,2,13,Skip
5,talk,26,2,14,Skip
5,talk,27,3,13,Over
5,talk,28,3,12,Skip
5,talk,29,3,3,Skip
5,talk,30,3,15,Over
5,talk,31,3,2,Over
5,talk,32,3,11,VOTE Agent[12]
5,talk,33,3,8,Skip
5,talk,34,3,14,Skip
5,talk,35,3,5,Skip
5,talk,36,4,3,Over
5,talk,37,4,14,Over
5,talk,38,4,5,Over
5,talk,39,4,8,Over
5,talk,40,4,13,Over
5,talk,41,4,15,Over
5,talk,42,4,2,Over
5,talk,43,4,12,Over
5,talk,44,4,11,VOTE Agent[12]
5,talk,45,5,12,Over
5,talk,46,5,8,Over
5,talk,47,5,15,Over
5,talk,48,5,2,Over
5,talk,49,5,13,Over
5,talk,50,5,5,Over
5,talk,51,5,3,Over
5,talk,52,5,11,VOTE Agent[12]
5,talk,53,5,14,Over
5,talk,54,6,11,VOTE Agent[12]
5,talk,55,6,3,Over
5,talk,56,6,5,Over
5,talk,57,6,2,Over
5,talk,58,6,14,Over
5,talk,59,6,13,Over
5,talk,60,6,15,Over
5,talk,61,6,8,Over
5,talk,62,6,12,Over
5,talk,63,7,2,Over
5,talk,64,7,11,VOTE Agent[12]
5,talk,65,7,12,Over
5,talk,66,7,3,Over
5,talk,67,7,8,Over
5,talk,68,7,5,Over
5,talk,69,7,14,Over
5,talk,70,7,15,Over
5,talk,71,7,13,Over
5,talk,72,8,13,Over
5,talk,73,8,12,Over
5,talk,74,8,2,Over
5,talk,75,8,15,Over
5,talk,76,8,14,Over
5,talk,77,8,8,Over
5,talk,78,8,3,Over
5,talk,79,8,11,VOTE Agent[12]
5,talk,80,8,5,Over
5,talk,81,9,5,Over
5,talk,82,9,11,Over
5,talk,83,9,12,Over
5,talk,84,9,13,Over
5,talk,85,9,8,Over
5,talk,86,9,3,Over
5,talk,87,9,14,Over
5,talk,88,9,15,Over
5,talk,89,9,2,Over
5,vote,2,11
5,vote,3,12
5,vote,5,12
5,vote,8,12
5,vote,11,12
5,vote,12,14
5,vote,13,11
5,vote,14,12
5,vote,15,3
5,execute,12,VILLAGER
5,whisper,0,0,3,ATTACK Agent[05]
5,whisper,1,0,11,ATTACK Agent[14]
5,whisper,2,1,11,Skip
5,whisper,3,1,3,Skip
5,whisper,4,2,3,Skip
5,whisper,5,2,11,Skip
5,whisper,6,3,3,Over
5,whisper,7,3,11,Over
5,attackVote,3,5
5,attackVote,11,8
5,attackVote,3,5
5,attackVote,11,14
5,attack,14,true
6,status,1,MEDIUM,DEAD,OKAMI
6,status,2,VILLAGER,ALIVE,sample_py
6,status,3,WEREWOLF,ALIVE,sample_py
6,status,4,VILLAGER,DEAD,OKAMI
6,status,5,VILLAGER,ALIVE,SampleJava14
6,status,6,BODYGUARD,DEAD,SampleJava13
6,status,7,SEER,DEAD,sample_py
6,status,8,VILLAGER,ALIVE,SampleJava7
6,status,9,WEREWOLF,DEAD,sample_py
6,status,10,POSSESSED,DEAD,TOKU6
6,status,11,WEREWOLF,ALIVE,OKAMI
6,status,12,VILLAGER,DEAD,SampleJava5
6,status,13,VILLAGER,ALIVE,Takeda10
6,status,14,VILLAGER,DEAD,SampleJava0
6,status,15,VILLAGER,ALIVE,Tomato3
6,talk,0,0,13,VOTE Agent[11]
6,talk,1,0,2,VOTE Agent[13]
6,talk,2,0,3,IDENTIFIED Agent[12] HUMAN
6,talk,3,0,8,VOTE Agent[03]
6,talk,4,0,5,VOTE Agent[15]
6,talk,5,0,15,VOTE Agent[03]
6,talk,6,0,11,VOTE Agent[08]
6,talk,7,1,5,REQUEST ANY (VOTE Agent[15])
6,talk,8,1,15,Skip
6,talk,9,1,13,Skip
6,talk,10,1,11,VOTE Agent[05]
6,talk,11,1,3,VOTE Agent[05]
6,talk,12,1,2,Skip
6,talk,13,1,8,REQUEST ANY (VOTE Agent[03])
6,talk,14,2,11,VOTE Agent[05]
6,talk,15,2,2,Skip
6,talk,16,2,3,Skip
6,talk,17,2,8,Skip
6,talk,18,2,13,Skip
6,talk,19,2,15,Skip
6,talk,20,2,5,Skip
6,talk,21,3,3,Skip
6,talk,22,3,2,Over
6,talk,23,3,13,Over
6,talk,24,3,5,Skip
6,talk,25,3,15,Over
6,talk,26,3,8,Skip
6,talk,27,3,11,VOTE Agent[05]
6,talk,28,4,5,Over
6,talk,29,4,3,Over
6,talk,30,4,15,Over
6,talk,31,4,11,VOTE Agent[05]
6,talk,32,4,13,Over
6,talk,33,4,2,Over
6,talk,34,4,8,Over
6,talk,35,5,8,Over
6,talk,36,5,5,Over
6,talk,37,5,11,VOTE Agent[05]
6,talk,38,5,15,Over
6,talk,39,5,2,Over
6,talk,40,5,13,Over
6,talk,41,5,3,Over
6,talk,42,6,15,Over
6,talk,43,6,11,VOTE Agent[05]
6,talk,44,6,3,Over
6,talk,45,6,13,Over
6,talk,46,6,8,Over
6,talk,47,6,5,Over
6,talk,48,6,2,Over
6,talk,49,7,2,Over
6,talk,50,7,8,Over
6,talk,51,7,3,Over
6,talk,52,7,5,Over
6,talk,53,7,11,VOTE Agent[05]
6,talk,54,7,13,Over
6,talk,55,7,15,Over
6,talk,56,8,8,Over
6,talk,57,8,2,Over
6,talk,58,8,5,Over
6,talk,59,8,3,Over
6,talk,60,8,15,Over
6,talk,61,8,11,VOTE Agent[05]
6,talk,62,8,13,Over
6,talk,63,9,13,Over
6,talk,64,9,2,Over
6,talk,65,9,3,Over
6,talk,66,9,11,Over
6,talk,67,9,5,Over
6,talk,68,9,8,Over
6,talk,69,9,15,Over
6,vote,2,13
6,vote,3,5
6,vote,5,3
6,vote,8,15
6,vote,11,5
6,vote,13,11
6,vote,15,3
6,vote,2,13
6,vote,3,5
6,vote,5,3
6,vote,8,3
6,vote,11,5
6,vote,13,11
6,vote,15,3
6,execute,3,WEREWOLF
6,attackVote,11,2
6,attack,2,true
7,status,1,MEDIUM,DEAD,OKAMI
7,status,2,VILLAGER,DEAD,sample_py
7,status,3,WEREWOLF,DEAD,sample_py
7,status,4,VILLAGER,DEAD,OKAMI
7,status,5,VILLAGER,ALIVE,SampleJava14
7,status,6,BODYGUARD,DEAD,SampleJava13
7,status,7,SEER,DEAD,sample_py
7,status,8,VILLAGER,ALIVE,SampleJava7
7,status,9,WEREWOLF,DEAD,sample_py
7,status,10,POSSESSED,DEAD,TOKU6
7,status,11,WEREWOLF,ALIVE,OKAMI
7,status,12,VILLAGER,DEAD,SampleJava5
7,status,13,VILLAGER,ALIVE,Takeda10
7,status,14,VILLAGER,DEAD,SampleJava0
7,status,15,VILLAGER,ALIVE,Tomato3
7,talk,0,0,11,VOTE Agent[08]
7,talk,1,0,13,VOTE Agent[11]
7,talk,2,0,5,VOTE Agent[11]
7,talk,3,0,15,VOTE Agent[08]
7,talk,4,0,8,VOTE Agent[13]
7,talk,5,1,13,Skip
7,talk,6,1,8,REQUEST ANY (VOTE Agent[13])
7,talk,7,1,15,Skip
7,talk,8,1,5,REQUEST ANY (VOTE Agent[11])
7,talk,9,1,11,VOTE Agent[08]
7,talk,10,2,13,Skip
7,talk,11,2,11,VOTE Agent[08]
7,talk,12,2,8,Skip
7,talk,13,2,15,Skip
7,talk,14,2,5,Skip
7,talk,15,3,11,VOTE Agent[08]
7,talk,16,3,15,Over
7,talk,17,3,13,Over
7,talk,18,3,8,Skip
7,talk,19,3,5,Skip
7,talk,20,4,8,Over
7,talk,21,4,11,VOTE Agent[08]
7,talk,22,4,13,Over
7,talk,23,4,15,Over
7,talk,24,4,5,Over
7,talk,25,5,8,Over
7,talk,26,5,11,VOTE Agent[08]
7,talk,27,5,15,Over
7,talk,28,5,13,Over
7,talk,29,5,5,Over
7,talk,30,6,15,Over
7,talk,31,6,8,Over
7,talk,32,6,11,VOTE Agent[08]
7,talk,33,6,13,Over
7,talk,34,6,5,Over
7,talk,35,7,5,Over
7,talk,36,7,13,Over
7,talk,37,7,8,Over
7,talk,38,7,11,VOTE Agent[08]
7,talk,39,7,15,Over
7,talk,40,8,5,Over
7,talk,41,8,15,Over
7,talk,42,8,11,VOTE Agent[08]
7,talk,43,8,13,Over
7,talk,44,8,8,Over
7,talk,45,9,15,Over
7,talk,46,9,5,Over
7,talk,47,9,11,Over
7,talk,48,9,13,Over
7,talk,49,9,8,Over
7,vote,5,13
7,vote,8,11
7,vote,11,8
7,vote,13,11
7,vote,15,8
7,vote,5,8
7,vote,8,11
7,vote,11,8
7,vote,13,11
7,vote,15,8
7,execute,8,VILLAGER
7,attackVote,11,5
7,attack,5,true
8,status,1,MEDIUM,DEAD,OKAMI
8,status,2,VILLAGER,DEAD,sample_py
8,status,3,WEREWOLF,DEAD,sample_py
8,status,4,VILLAGER,DEAD,OKAMI
8,status,5,VILLAGER,DEAD,SampleJava14
8,status,6,BODYGUARD,DEAD,SampleJava13
8,status,7,SEER,DEAD,sample_py
8,status,8,VILLAGER,DEAD,SampleJava7
8,status,9,WEREWOLF,DEAD,sample_py
8,status,10,POSSESSED,DEAD,TOKU6
8,status,11,WEREWOLF,ALIVE,OKAMI
8,status,12,VILLAGER,DEAD,SampleJava5
8,status,13,VILLAGER,ALIVE,Takeda10
8,status,14,VILLAGER,DEAD,SampleJava0
8,status,15,VILLAGER,ALIVE,Tomato3
8,talk,0,0,13,VOTE Agent[11]
8,talk,1,0,11,VOTE Agent[15]
8,talk,2,0,15,VOTE Agent[13]
8,talk,3,1,13,Skip
8,talk,4,1,15,Skip
8,talk,5,1,11,VOTE Agent[13]
8,talk,6,2,13,VOTE Agent[11]
8,talk,7,2,11,VOTE Agent[13]
8,talk,8,2,15,Skip
8,talk,9,3,11,VOTE Agent[13]
8,talk,10,3,13,VOTE Agent[11]
8,talk,11,3,15,Over
8,talk,12,4,15,Over
8,talk,13,4,11,VOTE Agent[13]
8,talk,14,4,13,VOTE Agent[11]
8,talk,15,5,15,Over
8,talk,16,5,11,VOTE Agent[13]
8,talk,17,5,13,VOTE Agent[11]
8,talk,18,6,13,VOTE Agent[11]
8,talk,19,6,15,Over
8,talk,20,6,11,VOTE Agent[13]
8,talk,21,7,15,Over
8,talk,22,7,13,VOTE Agent[11]
8,talk,23,7,11,VOTE Agent[13]
8,talk,24,8,11,VOTE Agent[13]
8,talk,25,8,13,VOTE Agent[11]
8,talk,26,8,15,Over
8,talk,27,9,11,Over
8,talk,28,9,15,Over
8,talk,29,9,13,VOTE Agent[11]
8,talk,30,10,11,Over
8,talk,31,10,13,VOTE Agent[11]
8,talk,32,10,15,Over
8,talk,33,11,15,Over
8,talk,34,11,13,Over
8,talk,35,11,11,Over
8,vote,11,13
8,vote,13,11
8,vote,15,13
8,execute,13,VILLAGER
8,attackVote,11,15
8,attack,15,true
9,status,1,MEDIUM,DEAD,OKAMI
9,status,2,VILLAGER,DEAD,sample_py
9,status,3,WEREWOLF,DEAD,sample_py
9,status,4,VILLAGER,DEAD,OKAMI
9,status,5,VILLAGER,DEAD,SampleJava14
9,status,6,BODYGUARD,DEAD,SampleJava13
9,status,7,SEER,DEAD,sample_py
9,status,8,VILLAGER,DEAD,SampleJava7
9,status,9,WEREWOLF,DEAD,sample_py
9,status,10,POSSESSED,DEAD,TOKU6
9,status,11,WEREWOLF,ALIVE,OKAMI
9,status,12,VILLAGER,DEAD,SampleJava5
9,status,13,VILLAGER,DEAD,Takeda10
9,status,14,VILLAGER,DEAD,SampleJava0
9,status,15,VILLAGER,DEAD,Tomato3
9,result,0,1,WEREWOLF
