0,status,1,VILLAGER,ALIVE,TOKU11
0,status,2,VILLAGER,ALIVE,sample_py
0,status,3,VILLAGER,ALIVE,Takeda10
0,status,4,POSSESSED,ALIVE,SampleJava4
0,status,5,VILLAGER,ALIVE,HALU
0,status,6,MEDIUM,ALIVE,Tomato6
0,status,7,VILLAGER,ALIVE,sample_py
0,status,8,VILLAGER,ALIVE,sample_py
0,status,9,WEREWOLF,ALIVE,OKAMI
0,status,10,WEREWOLF,ALIVE,sample_py
0,status,11,BODYGUARD,ALIVE,Takeda1
0,status,12,VILLAGER,ALIVE,Takeda13
0,status,13,VILLAGER,ALIVE,SampleJava0
0,status,14,SEER,ALIVE,Tomato12
0,status,15,WEREWOLF,ALIVE,Takeda8
0,whisper,0,0,15,Skip
0,whisper,1,0,10,COMINGOUT Agent[10] SEER
0,whisper,2,0,9,COMINGOUT Agent[09] VILLAGER
0,whisper,3,1,15,Skip
0,whisper,4,1,9,Skip
0,whisper,5,1,10,COMINGOUT Agent[10] SEER
0,whisper,6,2,15,Over
0,whisper,7,2,10,COMINGOUT Agent[10] SEER
0,whisper,8,2,9,Skip
0,whisper,9,3,15,Over
0,whisper,10,3,10,COMINGOUT Agent[10] SEER
0,whisper,11,3,9,Over
0,whisper,12,4,10,COMINGOUT Agent[10] SEER
0,whisper,13,4,15,Over
0,whisper,14,4,9,Over
0,whisper,15,5,15,Over
0,whisper,16,5,10,COMINGOUT Agent[10] SEER
0,whisper,17,5,9,Over
0,whisper,18,6,10,COMINGOUT Agent[10] SEER
0,whisper,19,6,9,Over
0,whisper,20,6,15,Over
0,whisper,21,7,15,Over
0,whisper,22,7,10,COMINGOUT Agent[10] SEER
0,whisper,23,7,9,Over
0,whisper,24,8,15,Over
0,whisper,25,8,10,COMINGOUT Agent[10] SEER
0,whisper,26,8,9,Over
0,whisper,27,9,10,COMINGOUT Agent[10] SEER
0,whisper,28,9,9,Over
0,whisper,29,9,15,Over
0,whisper,30,10,15,Over
0,whisper,31,10,10,Over
0,whisper,32,10,9,Over
0,divine,14,1,HUMAN
1,status,1,VILLAGER,ALIVE,TOKU11
1,status,2,VILLAGER,ALIVE,sample_py
1,status,3,VILLAGER,ALIVE,Takeda10
1,status,4,POSSESSED,ALIVE,SampleJava4
1,status,5,VILLAGER,ALIVE,HALU
1,status,6,MEDIUM,ALIVE,Tomato6
1,status,7,VILLAGER,ALIVE,sample_py
1,status,8,VILLAGER,ALIVE,sample_py
1,status,9,WEREWOLF,ALIVE,OKAMI
1,status,10,WEREWOLF,ALIVE,sample_py
1,status,11,BODYGUARD,ALIVE,Takeda1
1,status,12,VILLAGER,ALIVE,Takeda13
1,status,13,VILLAGER,ALIVE,SampleJava0
1,status,14,SEER,ALIVE,Tomato12
1,status,15,WEREWOLF,ALIVE,Takeda8
1,talk,0,0,2,VOTE Agent[03]
1,talk,1,0,5,VOTE Agent[02]
1,talk,2,0,9,VOTE Agent[02]
1,talk,3,0,15,VOTE Agent[02]
1,talk,4,0,14,COMINGOUT Agent[14] SEER
1,talk,5,0,12,VOTE Agent[02]
1,talk,6,0,7,VOTE Agent[02]
1,talk,7,0,10,VOTE Agent[14]
1,talk,8,0,1,VOTE Agent[02]
1,talk,9,0,11,VOTE Agent[02]
1,talk,10,0,4,COMINGOUT Agent[04] SEER
1,talk,11,0,3,VOTE Agent[02]
1,talk,12,0,6,COMINGOUT Agent[06] MEDIUM
1,talk,13,0,8,VOTE Agent[02]
1,talk,14,0,13,VOTE Agent[10]
1,talk,15,1,1,Skip
1,talk,16,1,6,VOTE Agent[02]
1,talk,17,1,12,VOTE Agent[14]
1,talk,18,1,11,VOTE Agent[14]
1,talk,19,1,4,DAY 1 (DIVINED Agent[14] WEREWOLF)
1,talk,20,1,7,Skip
1,talk,21,1,3,Skip
1,talk,22,1,2,Skip
1,talk,23,1,8,Skip
1,talk,24,1,5,VOTE Agent[14]
1,talk,25,1,10,Skip
1,talk,26,1,13,REQUEST ANY (VOTE Agent[10])
1,talk,27,1,14,DIVINED Agent[01] HUMAN
1,talk,28,1,9,VOTE Agent[14]
1,talk,29,1,15,VOTE Agent[07]
1,talk,30,2,8,Skip
1,talk,31,2,12,VOTE Agent[09]
1,talk,32,2,7,Skip
1,talk,33,2,3,VOTE Agent[09]
1,talk,34,2,1,VOTE Agent[09]
1,talk,35,2,9,VOTE Agent[14]
1,talk,36,2,2,Skip
1,talk,37,2,10,Skip
1,talk,38,2,11,VOTE Agent[09]
1,talk,39,2,4,DIVINED Agent[14] WEREWOLF
1,talk,40,2,6,VOTE Agent[14]
1,talk,41,2,14,VOTE Agent[09]
1,talk,42,2,13,Skip
1,talk,43,2,5,VOTE Agent[02]
1,talk,44,2,15,VOTE Agent[02]
1,talk,45,3,6,VOTE Agent[09]
1,talk,46,3,10,Over
1,talk,47,3,9,VOTE Agent[14]
1,talk,48,3,12,Skip
1,talk,49,3,1,Skip
1,talk,50,3,13,Skip
1,talk,51,3,7,VOTE Agent[14]
1,talk,52,3,4,BECAUSE (DAY 1 (DIVINED Agent[14] WEREWOLF)) (AND (VOTE Agent[14]) (REQUEST ANY (VOTE Agent[14])))
1,talk,53,3,15,Skip
1,talk,54,3,3,Skip
1,talk,55,3,2,VOTE Agent[14]
1,talk,56,3,11,Skip
1,talk,57,3,14,Skip
1,talk,58,3,5,VOTE Agent[02]
1,talk,59,3,8,VOTE Agent[14]
1,talk,60,4,2,Skip
1,talk,61,4,13,Over
1,talk,62,4,4,VOTE Agent[14]
1,talk,63,4,3,Skip
1,talk,64,4,12,Skip
1,talk,65,4,10,Over
1,talk,66,4,5,VOTE Agent[15]
1,talk,67,4,7,Skip
1,talk,68,4,14,Skip
1,talk,69,4,1,Skip
1,talk,70,4,11,Skip
1,talk,71,4,15,Skip
1,talk,72,4,9,VOTE Agent[14]
1,talk,73,4,8,Skip
1,talk,74,4,6,VOTE Agent[14]
1,talk,75,5,14,Over
1,talk,76,5,8,Skip
1,talk,77,5,5,VOTE Agent[13]
1,talk,78,5,11,Over
1,talk,79,5,12,Over
1,talk,80,5,15,Over
1,talk,81,5,4,REQUEST ANY (VOTE Agent[14])
1,talk,82,5,2,Skip
1,talk,83,5,9,VOTE Agent[14]
1,talk,84,5,10,Over
1,talk,85,5,1,Over
1,talk,86,5,6,Skip
1,talk,87,5,13,Over
1,talk,88,5,3,Over
1,talk,89,5,7,Skip
1,talk,90,6,14,Over
1,talk,91,6,2,Over
1,talk,92,6,7,Over
1,talk,93,6,12,Over
1,talk,94,6,13,Over
1,talk,95,6,8,Over
1,talk,96,6,1,Over
1,talk,97,6,5,VOTE Agent[13]
1,talk,98,6,15,VOTE Agent[09]
1,talk,99,6,10,Over
1,talk,100,6,11,Over
1,talk,101,6,9,VOTE Agent[14]
1,talk,102,6,4,Skip
1,talk,103,6,3,Over
1,talk,104,6,6,Skip
1,talk,105,7,14,Over
1,talk,106,7,5,VOTE Agent[13]
1,talk,107,7,12,Over
1,talk,108,7,1,Over
1,talk,109,7,10,Over
1,talk,110,7,7,Over
1,talk,111,7,15,Skip
1,talk,112,7,11,Over
1,talk,113,7,13,Over
1,talk,114,7,4,Skip
1,talk,115,7,2,Over
1,talk,116,7,3,Over
1,talk,117,7,6,Over
1,talk,118,7,8,Over
1,talk,119,7,9,VOTE Agent[14]
1,talk,120,8,14,Over
1,talk,121,8,15,Skip
1,talk,122,8,13,Over
1,talk,123,8,4,Over
1,talk,124,8,8,Over
1,talk,125,8,2,Over
1,talk,126,8,1,Over
1,talk,127,8,11,Over
1,talk,128,8,7,Over
1,talk,129,8,9,VOTE Agent[14]
1,talk,130,8,12,Over
1,talk,131,8,6,Over
1,talk,132,8,5,VOTE Agent[02]
1,talk,133,8,3,Over
1,talk,134,8,10,Over
1,talk,135,9,11,Over
1,talk,136,9,13,Over
1,talk,137,9,8,Over
1,talk,138,9,5,Over
1,talk,139,9,2,Over
1,talk,140,9,4,Over
1,talk,141,9,3,Over
1,talk,142,9,10,Over
1,talk,143,9,12,Over
1,talk,144,9,14,Over
1,talk,145,9,9,Over
1,talk,146,9,15,Over
1,talk,147,9,7,Over
1,talk,148,9,6,Over
1,talk,149,9,1,Over
1,vote,1,9
1,vote,2,14
1,vote,3,9
1,vote,4,14
1,vote,5,13
1,vote,6,14
1,vote,7,14
1,vote,8,14
1,vote,9,14
1,vote,10,14
1,vote,11,9
1,vote,12,9
1,vote,13,14
1,vote,14,9
1,vote,15,9
1,execute,14,SEER
1,whisper,0,0,15,Skip
1,whisper,1,0,9,ATTACK Agent[14]
1,whisper,2,0,10,ATTACK Agent[04]
1,whisper,3,1,9,Skip
1,whisper,4,1,10,Skip
1,whisper,5,1,15,Skip
1,whisper,6,2,15,Over
1,whisper,7,2,9,Skip
1,whisper,8,2,10,Skip
1,whisper,9,3,15,Over
1,whisper,10,3,9,Over
1,whisper,11,3,10,Over
1,guard,11,14,SEER
1,attackVote,9,4
1,attackVote,10,4
1,attackVote,15,11
1,attack,4,true
2,status,1,VILLAGER,ALIVE,TOKU11
2,status,2,VILLAGER,ALIVE,sample_py
2,status,3,VILLAGER,ALIVE,Takeda10
2,status,4,POSSESSED,DEAD,SampleJava4
2,status,5,VILLAGER,ALIVE,HALU
2,status,6,MEDIUM,ALIVE,Tomato6
2,status,7,VILLAGER,ALIVE,sample_py
2,status,8,VILLAGER,ALIVE,sample_py
2,status,9,WEREWOLF,ALIVE,OKAMI
2,status,10,WEREWOLF,ALIVE,sample_py
2,status,11,BODYGUARD,ALIVE,Takeda1
2,status,12,VILLAGER,ALIVE,Takeda13
2,status,13,VILLAGER,ALIVE,SampleJava0
2,status,14,SEER,DEAD,Tomato12
2,status,15,WEREWOLF,ALIVE,Takeda8
2,talk,0,0,9,VOTE Agent[08]
2,talk,1,0,15,VOTE Agent[09]
2,talk,2,0,8,VOTE Agent[07]
2,talk,3,0,5,VOTE Agent[09]
2,talk,4,0,2,VOTE Agent[10]
2,talk,5,0,12,VOTE Agent[09]
2,talk,6,0,13,VOTE Agent[05]
2,talk,7,0,3,VOTE Agent[09]
2,talk,8,0,1,VOTE Agent[09]
2,talk,9,0,7,VOTE Agent[10]
2,talk,10,0,11,VOTE Agent[09]
2,talk,11,0,6,IDENTIFIED Agent[14] HUMAN
2,talk,12,0,10,COMINGOUT Agent[10] SEER
2,talk,13,1,1,VOTE Agent[10]
2,talk,14,1,15,VOTE Agent[10]
2,talk,15,1,6,VOTE Agent[09]
2,talk,16,1,10,DIVINED Agent[01] HUMAN
2,talk,17,1,12,VOTE Agent[10]
2,talk,18,1,3,VOTE Agent[10]
2,talk,19,1,13,REQUEST ANY (VOTE Agent[05])
2,talk,20,1,2,Skip
2,talk,21,1,5,VOTE Agent[10]
2,talk,22,1,8,Skip
2,talk,23,1,9,VOTE Agent[07]
2,talk,24,1,7,Skip
2,talk,25,1,11,VOTE Agent[10]
2,talk,26,2,5,VOTE Agent[10]
2,talk,27,2,9,VOTE Agent[05]
2,talk,28,2,2,Skip
2,talk,29,2,8,Skip
2,talk,30,2,13,Skip
2,talk,31,2,7,Skip
2,talk,32,2,15,Skip
2,talk,33,2,6,VOTE Agent[10]
2,talk,34,2,11,Skip
2,talk,35,2,1,Skip
2,talk,36,2,10,DIVINED Agent[03] WEREWOLF
2,talk,37,2,3,Skip
2,talk,38,2,12,Skip
2,talk,39,3,11,Skip
2,talk,40,3,15,Skip
2,talk,41,3,7,VOTE Agent[03]
2,talk,42,3,1,Skip
2,talk,43,3,9,VOTE Agent[05]
2,talk,44,3,6,Skip
2,talk,45,3,10,VOTE Agent[03]
2,talk,46,3,2,VOTE Agent[03]
2,talk,47,3,5,VOTE Agent[10]
2,talk,48,3,12,Skip
2,talk,49,3,3,Skip
2,talk,50,3,8,VOTE Agent[03]
2,talk,51,3,13,Skip
2,talk,52,4,10,Skip
2,talk,53,4,2,Skip
2,talk,54,4,12,Over
2,talk,55,4,11,VOTE Agent[09]
2,talk,56,4,13,Over
2,talk,57,4,9,VOTE Agent[03]
2,talk,58,4,8,Skip
2,talk,59,4,1,Over
2,talk,60,4,3,Over
2,talk,61,4,7,Skip
2,talk,62,4,6,VOTE Agent[03]
2,talk,63,4,5,VOTE Agent[10]
2,talk,64,4,15,Over
2,talk,65,5,1,Over
2,talk,66,5,10,Skip
2,talk,67,5,7,Skip
2,talk,68,5,2,Skip
2,talk,69,5,6,VOTE Agent[10]
2,talk,70,5,15,Over
2,talk,71,5,13,Over
2,talk,72,5,3,Over
2,talk,73,5,9,VOTE Agent[03]
2,talk,74,5,8,Skip
2,talk,75,5,5,VOTE Agent[10]
2,talk,76,5,11,Skip
2,talk,77,5,12,Over
2,talk,78,6,3,Over
2,talk,79,6,12,Over
2,talk,80,6,1,Over
2,talk,81,6,7,Over
2,talk,82,6,5,VOTE Agent[10]
2,talk,83,6,15,Over
2,talk,84,6,11,Skip
2,talk,85,6,9,VOTE Agent[03]
2,talk,86,6,10,Over
2,talk,87,6,2,Over
2,talk,88,6,13,Over
2,talk,89,6,6,Skip
2,talk,90,6,8,Over
2,talk,91,7,10,Over
2,talk,92,7,13,Over
2,talk,93,7,2,Over
2,talk,94,7,15,Over
2,talk,95,7,3,Over
2,talk,96,7,9,VOTE Agent[03]
2,talk,97,7,7,Over
2,talk,98,7,6,Skip
2,talk,99,7,11,Over
2,talk,100,7,8,Over
2,talk,101,7,5,VOTE Agent[10]
2,talk,102,7,1,Over
2,talk,103,7,12,Over
2,talk,104,8,13,Over
2,talk,105,8,6,VOTE Agent[03]
2,talk,106,8,3,Over
2,talk,107,8,2,Over
2,talk,108,8,9,VOTE Agent[03]
2,talk,109,8,7,Over
2,talk,110,8,15,Over
2,talk,111,8,11,Over
2,talk,112,8,10,Over
2,talk,113,8,8,Over
2,talk,114,8,5,VOTE Agent[10]
2,talk,115,8,12,Over
2,talk,116,8,1,Over
2,talk,117,9,6,VOTE Agent[10]
2,talk,118,9,13,Over
2,talk,119,9,11,Over
2,talk,120,9,15,Over
2,talk,121,9,8,Over
2,talk,122,9,7,Over
2,talk,123,9,5,Over
2,talk,124,9,10,Over
2,talk,125,9,12,Over
2,talk,126,9,2,Over
2,talk,127,9,1,Over
2,talk,128,9,9,Over
2,talk,129,9,3,Over
2,talk,130,10,15,Over
2,talk,131,10,1,Over
2,talk,132,10,13,Over
2,talk,133,10,6,Skip
2,talk,134,10,5,Over
2,talk,135,10,2,Over
2,talk,136,10,10,Over
2,talk,137,10,7,Over
2,talk,138,10,9,Over
2,talk,139,10,8,Over
2,talk,140,10,12,Over
2,talk,141,10,3,Over
2,talk,142,10,11,Over
2,talk,143,11,7,Over
2,talk,144,11,1,Over
2,talk,145,11,2,Over
2,talk,146,11,10,Over
2,talk,147,11,3,Over
2,talk,148,11,6,Skip
2,talk,149,11,15,Over
2,talk,150,11,12,Over
2,talk,151,11,11,Over
2,talk,152,11,9,Over
2,talk,153,11,13,Over
2,talk,154,11,5,Over
2,talk,155,11,8,Over
2,talk,156,12,5,Over
2,talk,157,12,6,VOTE Agent[03]
2,talk,158,12,15,Over
2,talk,159,12,9,Over
2,talk,160,12,13,Over
2,talk,161,12,12,Over
2,talk,162,12,11,Over
2,talk,163,12,2,Over
2,talk,164,12,7,Over
2,talk,165,12,3,Over
2,talk,166,12,8,Over
2,talk,167,12,10,Over
2,talk,168,12,1,Over
2,talk,169,13,15,Over
2,talk,170,13,3,Over
2,talk,171,13,9,Over
2,talk,172,13,6,VOTE Agent[10]
2,talk,173,13,7,Over
2,talk,174,13,11,Over
2,talk,175,13,10,Over
2,talk,176,13,13,Over
2,talk,177,13,1,Over
2,talk,178,13,8,Over
2,talk,179,13,5,Over
2,talk,180,13,2,Over
2,talk,181,13,12,Over
2,talk,182,14,6,Skip
2,talk,183,14,7,Over
2,talk,184,14,5,Over
2,talk,185,14,1,Over
2,talk,186,14,11,Over
2,talk,187,14,8,Over
2,talk,188,14,2,Over
2,talk,189,14,13,Over
2,talk,190,14,15,Over
2,talk,191,14,12,Over
2,talk,192,14,9,Over
2,talk,193,14,3,Over
2,talk,194,14,10,Over
2,talk,195,15,6,VOTE Agent[03]
2,talk,196,15,8,Over
2,talk,197,15,11,Over
2,talk,198,15,7,Over
2,talk,199,15,15,Over
2,talk,200,15,1,Over
2,talk,201,15,3,Over
2,talk,202,15,10,Over
2,talk,203,15,13,Over
2,talk,204,15,2,Over
2,talk,205,15,9,Over
2,talk,206,15,5,Over
2,talk,207,15,12,Over
2,talk,208,16,15,Over
2,talk,209,16,3,Over
2,talk,210,16,10,Over
2,talk,211,16,6,Over
2,talk,212,16,12,Over
2,talk,213,16,1,Over
2,talk,214,16,7,Over
2,talk,215,16,8,Over
2,talk,216,16,9,Over
2,talk,217,16,5,Over
2,talk,218,16,11,Over
2,talk,219,16,13,Over
2,talk,220,16,2,Over
2,vote,1,10
2,vote,2,3
2,vote,3,10
2,vote,5,10
2,vote,6,3
2,vote,7,3
2,vote,8,3
2,vote,9,3
2,vote,10,3
2,vote,11,9
2,vote,12,10
2,vote,13,9
2,vote,15,10
2,execute,3,VILLAGER
2,whisper,0,0,10,ATTACK Agent[06]
2,whisper,1,0,9,ATTACK Agent[06]
2,whisper,2,0,15,Skip
2,whisper,3,1,10,Skip
2,whisper,4,1,15,Skip
2,whisper,5,1,9,Skip
2,whisper,6,2,10,Skip
2,whisper,7,2,15,Over
2,whisper,8,2,9,Skip
2,whisper,9,3,10,Over
2,whisper,10,3,15,Over
2,whisper,11,3,9,Over
2,guard,11,7,VILLAGER
2,attackVote,9,6
2,attackVote,10,6
2,attackVote,15,11
2,attack,6,true
3,status,1,VILLAGER,ALIVE,TOKU11
3,status,2,VILLAGER,ALIVE,sample_py
3,status,3,VILLAGER,DEAD,Takeda10
3,status,4,POSSESSED,DEAD,SampleJava4
3,status,5,VILLAGER,ALIVE,HALU
3,status,6,MEDIUM,DEAD,Tomato6
3,status,7,VILLAGER,ALIVE,sample_py
3,status,8,VILLAGER,ALIVE,sample_py
3,status,9,WEREWOLF,ALIVE,OKAMI
3,status,10,WEREWOLF,ALIVE,sample_py
3,status,11,BODYGUARD,ALIVE,Takeda1
3,status,12,VILLAGER,ALIVE,Takeda13
3,status,13,VILLAGER,ALIVE,SampleJava0
3,status,14,SEER,DEAD,Tomato12
3,status,15,WEREWOLF,ALIVE,Takeda8
3,talk,0,0,15,VOTE Agent[10]
3,talk,1,0,11,VOTE Agent[10]
3,talk,2,0,9,VOTE Agent[05]
3,talk,3,0,12,VOTE Agent[10]
3,talk,4,0,10,DIVINED Agent[08] HUMAN
3,talk,5,0,7,VOTE Agent[12]
3,talk,6,0,8,VOTE Agent[12]
3,talk,7,0,5,VOTE Agent[10]
3,talk,8,0,13,VOTE Agent[07]
3,talk,9,0,2,VOTE Agent[13]
3,talk,10,0,1,VOTE Agent[10]
3,talk,11,1,7,Skip
3,talk,12,1,1,Skip
3,talk,13,1,10,VOTE Agent[07]
3,talk,14,1,9,VOTE Agent[12]
3,talk,15,1,12,Skip
3,talk,16,1,5,VOTE Agent[10]
3,talk,17,1,15,Skip
3,talk,18,1,13,REQUEST ANY (VOTE Agent[07])
3,talk,19,1,2,Skip
3,talk,20,1,8,Skip
3,talk,21,1,11,Skip
3,talk,22,2,9,VOTE Agent[12]
3,talk,23,2,7,Skip
3,talk,24,2,12,Skip
3,talk,25,2,8,Skip
3,talk,26,2,1,Skip
3,talk,27,2,5,VOTE Agent[10]
3,talk,28,2,11,Skip
3,talk,29,2,13,Skip
3,talk,30,2,10,Skip
3,talk,31,2,2,Skip
3,talk,32,2,15,Skip
3,talk,33,3,11,Over
3,talk,34,3,10,Skip
3,talk,35,3,8,Over
3,talk,36,3,2,Over
3,talk,37,3,5,VOTE Agent[10]
3,talk,38,3,15,Over
3,talk,39,3,9,VOTE Agent[12]
3,talk,40,3,13,Skip
3,talk,41,3,7,Over
3,talk,42,3,12,Over
3,talk,43,3,1,Over
3,talk,44,4,9,VOTE Agent[07]
3,talk,45,4,15,Over
3,talk,46,4,11,Over
3,talk,47,4,5,VOTE Agent[10]
3,talk,48,4,13,Over
3,talk,49,4,1,Over
3,talk,50,4,7,Over
3,talk,51,4,2,Over
3,talk,52,4,10,Over
3,talk,53,4,12,Over
3,talk,54,4,8,Over
3,talk,55,5,8,Over
3,talk,56,5,7,Over
3,talk,57,5,5,VOTE Agent[10]
3,talk,58,5,15,Over
3,talk,59,5,9,VOTE Agent[07]
3,talk,60,5,1,Over
3,talk,61,5,13,Over
3,talk,62,5,2,Over
3,talk,63,5,12,Over
3,talk,64,5,10,Over
3,talk,65,5,11,Over
3,talk,66,6,7,Over
3,talk,67,6,5,VOTE Agent[10]
3,talk,68,6,9,VOTE Agent[12]
3,talk,69,6,8,Over
3,talk,70,6,10,Over
3,talk,71,6,15,Over
3,talk,72,6,1,Over
3,talk,73,6,11,Over
3,talk,74,6,13,Over
3,talk,75,6,12,Over
3,talk,76,6,2,Over
3,talk,77,7,7,Over
3,talk,78,7,2,Over
3,talk,79,7,10,Over
3,talk,80,7,12,Over
3,talk,81,7,15,Over
3,talk,82,7,1,Over
3,talk,83,7,5,VOTE Agent[10]
3,talk,84,7,13,Over
3,talk,85,7,8,Over
3,talk,86,7,11,Over
3,talk,87,7,9,VOTE Agent[07]
3,talk,88,8,15,Over
3,talk,89,8,13,Over
3,talk,90,8,12,Over
3,talk,91,8,10,Over
3,talk,92,8,11,Over
3,talk,93,8,8,Over
3,talk,94,8,1,Over
3,talk,95,8,2,Over
3,talk,96,8,9,VOTE Agent[07]
3,talk,97,8,7,Over
3,talk,98,8,5,VOTE Agent[10]
3,talk,99,9,13,Over
3,talk,100,9,11,Over
3,talk,101,9,12,Over
3,talk,102,9,5,Over
3,talk,103,9,9,Over
3,talk,104,9,1,Over
3,talk,105,9,10,Over
3,talk,106,9,7,Over
3,talk,107,9,2,Over
3,talk,108,9,15,Over
3,talk,109,9,8,Over
3,vote,1,10
3,vote,2,13
3,vote,5,10
3,vote,7,12
3,vote,8,12
3,vote,9,7
3,vote,10,7
3,vote,11,10
3,vote,12,10
3,vote,13,9
3,vote,15,10
3,execute,10,WEREWOLF
3,whisper,0,0,15,Skip
3,whisper,1,0,9,ATTACK Agent[06]
3,whisper,2,1,9,Skip
3,whisper,3,1,15,Skip
3,whisper,4,2,15,Over
3,whisper,5,2,9,Skip
3,whisper,6,3,9,Over
3,whisper,7,3,15,Over
3,guard,11,2,VILLAGER
3,attackVote,15,11
3,attack,11,true
4,status,1,VILLAGER,ALIVE,TOKU11
4,status,2,VILLAGER,ALIVE,sample_py
4,status,3,VILLAGER,DEAD,Takeda10
4,status,4,POSSESSED,DEAD,SampleJava4
4,status,5,VILLAGER,ALIVE,HALU
4,status,6,MEDIUM,DEAD,Tomato6
4,status,7,VILLAGER,ALIVE,sample_py
4,status,8,VILLAGER,ALIVE,sample_py
4,status,9,WEREWOLF,ALIVE,OKAMI
4,status,10,WEREWOLF,DEAD,sample_py
4,status,11,BODYGUARD,DEAD,Takeda1
4,status,12,VILLAGER,ALIVE,Takeda13
4,status,13,VILLAGER,ALIVE,SampleJava0
4,status,14,SEER,DEAD,Tomato12
4,status,15,WEREWOLF,ALIVE,Takeda8
4,talk,0,0,5,VOTE Agent[15]
4,talk,1,0,7,VOTE Agent[09]
4,talk,2,0,13,VOTE Agent[09]
4,talk,3,0,15,VOTE Agent[09]
4,talk,4,0,1,VOTE Agent[09]
4,talk,5,0,9,VOTE Agent[13]
4,talk,6,0,12,VOTE Agent[09]
4,talk,7,0,2,VOTE Agent[01]
4,talk,8,0,8,VOTE Agent[05]
4,talk,9,1,2,Skip
4,talk,10,1,15,Skip
4,talk,11,1,12,Skip
4,talk,12,1,7,Skip
4,talk,13,1,13,REQUEST ANY (VOTE Agent[09])
4,talk,14,1,8,Skip
4,talk,15,1,9,VOTE Agent[05]
4,talk,16,1,1,Skip
4,talk,17,1,5,VOTE Agent[13]
4,talk,18,2,2,Skip
4,talk,19,2,5,VOTE Agent[13]
4,talk,20,2,15,Skip
4,talk,21,2,1,Skip
4,talk,22,2,9,VOTE Agent[13]
4,talk,23,2,13,Skip
4,talk,24,2,8,Skip
4,talk,25,2,12,Skip
4,talk,26,2,7,Skip
4,talk,27,3,7,Over
4,talk,28,3,9,VOTE Agent[05]
4,talk,29,3,12,Over
4,talk,30,3,13,Skip
4,talk,31,3,1,Over
4,talk,32,3,8,Over
4,talk,33,3,15,Over
4,talk,34,3,2,Over
4,talk,35,3,5,VOTE Agent[09]
4,talk,36,4,7,Over
4,talk,37,4,8,Over
4,talk,38,4,13,Over
4,talk,39,4,1,Over
4,talk,40,4,2,Over
4,talk,41,4,9,VOTE Agent[05]
4,talk,42,4,12,Over
4,talk,43,4,5,VOTE Agent[09]
4,talk,44,4,15,Over
4,talk,45,5,2,Over
4,talk,46,5,15,Over
4,talk,47,5,12,Over
4,talk,48,5,7,Over
4,talk,49,5,8,Over
4,talk,50,5,9,VOTE Agent[05]
4,talk,51,5,13,Over
4,talk,52,5,1,Over
4,talk,53,5,5,VOTE Agent[02]
4,talk,54,6,15,Over
4,talk,55,6,8,Over
4,talk,56,6,1,Over
4,talk,57,6,2,Over
4,talk,58,6,9,VOTE Agent[05]
4,talk,59,6,7,Over
4,talk,60,6,5,VOTE Agent[09]
4,talk,61,6,12,Over
4,talk,62,6,13,Over
4,talk,63,7,12,Over
4,talk,64,7,5,VOTE Agent[02]
4,talk,65,7,7,Over
4,talk,66,7,15,Over
4,talk,67,7,9,VOTE Agent[02]
4,talk,68,7,1,Over
4,talk,69,7,8,Over
4,talk,70,7,13,Over
4,talk,71,7,2,Over
4,talk,72,8,2,Over
4,talk,73,8,5,VOTE Agent[02]
4,talk,74,8,13,Over
4,talk,75,8,12,Over
4,talk,76,8,8,Over
4,talk,77,8,9,VOTE Agent[05]
4,talk,78,8,7,Over
4,talk,79,8,15,Over
4,talk,80,8,1,Over
4,talk,81,9,15,Over
4,talk,82,9,2,Over
4,talk,83,9,8,Over
4,talk,84,9,13,Over
4,talk,85,9,12,Over
4,talk,86,9,1,Over
4,talk,87,9,5,Over
4,talk,88,9,7,Over
4,talk,89,9,9,Over
4,vote,1,9
4,vote,2,1
4,vote,5,2
4,vote,7,9
4,vote,8,5
4,vote,9,5
4,vote,12,9
4,vote,13,5
4,vote,15,9
4,execute,9,WEREWOLF
4,attackVote,15,2
4,attack,2,true
5,status,1,VILLAGER,ALIVE,TOKU11
5,status,2,VILLAGER,DEAD,sample_py
5,status,3,VILLAGER,DEAD,Takeda10
5,status,4,POSSESSED,DEAD,SampleJava4
5,status,5,VILLAGER,ALIVE,HALU
5,status,6,MEDIUM,DEAD,Tomato6
5,status,7,VILLAGER,ALIVE,sample_py
5,status,8,VILLAGER,ALIVE,sample_py
5,status,9,WEREWOLF,DEAD,OKAMI
5,status,10,WEREWOLF,DEAD,sample_py
5,status,11,BODYGUARD,DEAD,Takeda1
5,status,12,VILLAGER,ALIVE,Takeda13
5,status,13,VILLAGER,ALIVE,SampleJava0
5,status,14,SEER,DEAD,Tomato12
5,status,15,WEREWOLF,ALIVE,Takeda8
5,talk,0,0,12,VOTE Agent[05]
5,talk,1,0,13,VOTE Agent[05]
5,talk,2,0,8,VOTE Agent[01]
5,talk,3,0,5,VOTE Agent[15]
5,talk,4,0,7,VOTE Agent[15]
5,talk,5,0,15,VOTE Agent[12]
5,talk,6,0,1,VOTE Agent[12]
5,talk,7,1,5,VOTE Agent[01]
5,talk,8,1,13,REQUEST ANY (VOTE Agent[05])
5,talk,9,1,1,Skip
5,talk,10,1,15,Skip
5,talk,11,1,12,Skip
5,talk,12,1,7,Skip
5,talk,13,1,8,Skip
5,talk,14,2,7,Skip
5,talk,15,2,1,Skip
5,talk,16,2,8,Skip
5,talk,17,2,15,Skip
5,talk,18,2,5,VOTE Agent[07]
5,talk,19,2,13,Skip
5,talk,20,2,12,Skip
5,talk,21,3,12,Over
5,talk,22,3,8,Over
5,talk,23,3,13,Skip
5,talk,24,3,1,Over
5,talk,25,3,7,Over
5,talk,26,3,5,VOTE Agent[07]
5,talk,27,3,15,Over
5,talk,28,4,7,Over
5,talk,29,4,15,Over
5,talk,30,4,13,Over
5,talk,31,4,12,Over
5,talk,32,4,5,VOTE Agent[07]
5,talk,33,4,1,Over
5,talk,34,4,8,Over
5,talk,35,5,7,Over
5,talk,36,5,13,Over
5,talk,37,5,12,Over
5,talk,38,5,15,Over
5,talk,39,5,1,Over
5,talk,40,5,5,VOTE Agent[01]
5,talk,41,5,8,Over
5,talk,42,6,5,VOTE Agent[07]
5,talk,43,6,7,Over
5,talk,44,6,8,Over
5,talk,45,6,12,Over
5,talk,46,6,13,Over
5,talk,47,6,1,Over
5,talk,48,6,15,Over
5,talk,49,7,7,Over
5,talk,50,7,12,Over
5,talk,51,7,13,Over
5,talk,52,7,1,Over
5,talk,53,7,8,Over
5,talk,54,7,5,VOTE Agent[01]
5,talk,55,7,15,Over
5,talk,56,8,15,Over
5,talk,57,8,5,VOTE Agent[07]
5,talk,58,8,12,Over
5,talk,59,8,7,Over
5,talk,60,8,13,Over
5,talk,61,8,8,Over
5,talk,62,8,1,Over
5,talk,63,9,5,Over
5,talk,64,9,8,Over
5,talk,65,9,7,Over
5,talk,66,9,12,Over
5,talk,67,9,13,Over
5,talk,68,9,1,Over
5,talk,69,9,15,Over
5,vote,1,12
5,vote,5,1
5,vote,7,15
5,vote,8,1
5,vote,12,5
5,vote,13,1
5,vote,15,12
5,execute,1,VILLAGER
5,attackVote,15,5
5,attack,5,true
6,status,1,VILLAGER,DEAD,TOKU11
6,status,2,VILLAGER,DEAD,sample_py
6,status,3,VILLAGER,DEAD,Takeda10
6,status,4,POSSESSED,DEAD,SampleJava4
6,status,5,VILLAGER,DEAD,HALU
6,status,6,MEDIUM,DEAD,Tomato6
6,status,7,VILLAGER,ALIVE,sample_py
6,status,8,VILLAGER,ALIVE,sample_py
6,status,9,WEREWOLF,DEAD,OKAMI
6,status,10,WEREWOLF,DEAD,sample_py
6,status,11,BODYGUARD,DEAD,Takeda1
6,status,12,VILLAGER,ALIVE,Takeda13
6,status,13,VILLAGER,ALIVE,SampleJava0
6,status,14,SEER,DEAD,Tomato12
6,status,15,WEREWOLF,ALIVE,Takeda8
6,talk,0,0,7,VOTE Agent[15]
6,talk,1,0,15,VOTE Agent[12]
6,talk,2,0,12,VOTE Agent[13]
6,talk,3,0,13,VOTE Agent[12]
6,talk,4,0,8,VOTE Agent[12]
6,talk,5,1,13,REQUEST ANY (VOTE Agent[12])
6,talk,6,1,7,Skip
6,talk,7,1,8,Skip
6,talk,8,1,15,Skip
6,talk,9,1,12,VOTE Agent[13]
6,talk,10,2,15,Skip
6,talk,11,2,7,Skip
6,talk,12,2,12,VOTE Agent[13]
6,talk,13,2,8,Skip
6,talk,14,2,13,Skip
6,talk,15,3,13,Skip
6,talk,16,3,7,Over
6,talk,17,3,15,Over
6,talk,18,3,8,Over
6,talk,19,3,12,VOTE Agent[13]
6,talk,20,4,8,Over
6,talk,21,4,7,Over
6,talk,22,4,15,Over
6,talk,23,4,13,Over
6,talk,24,4,12,VOTE Agent[13]
6,talk,25,5,7,Over
6,talk,26,5,13,Over
6,talk,27,5,15,Over
6,talk,28,5,12,VOTE Agent[13]
6,talk,29,5,8,Over
6,talk,30,6,15,Over
6,talk,31,6,13,Over
6,talk,32,6,8,Over
6,talk,33,6,7,Over
6,talk,34,6,12,VOTE Agent[13]
6,talk,35,7,12,VOTE Agent[13]
6,talk,36,7,8,Over
6,talk,37,7,13,Over
6,talk,38,7,7,Over
6,talk,39,7,15,Over
6,talk,40,8,7,Over
6,talk,41,8,12,VOTE Agent[13]
6,talk,42,8,8,Over
6,talk,43,8,15,Over
6,talk,44,8,13,Over
6,talk,45,9,8,Over
6,talk,46,9,7,Over
6,talk,47,9,15,Over
6,talk,48,9,13,Over
6,talk,49,9,12,VOTE Agent[13]
6,talk,50,10,15,Over
6,talk,51,10,7,Over
6,talk,52,10,13,Over
6,talk,53,10,12,Over
6,talk,54,10,8,Over
6,vote,7,15
6,vote,8,12
6,vote,12,13
6,vote,13,7
6,vote,15,12
6,execute,12,VILLAGER
6,attackVote,15,7
6,attack,7,true
7,status,1,VILLAGER,DEAD,TOKU11
7,status,2,VILLAGER,DEAD,sample_py
7,status,3,VILLAGER,DEAD,Takeda10
7,status,4,POSSESSED,DEAD,SampleJava4
7,status,5,VILLAGER,DEAD,HALU
7,status,6,MEDIUM,DEAD,Tomato6
7,status,7,VILLAGER,DEAD,sample_py
7,status,8,VILLAGER,ALIVE,sample_py
7,status,9,WEREWOLF,DEAD,OKAMI
7,status,10,WEREWOLF,DEAD,sample_py
7,status,11,BODYGUARD,DEAD,Takeda1
7,status,12,VILLAGER,DEAD,Takeda13
7,status,13,VILLAGER,ALIVE,SampleJava0
7,status,14,SEER,DEAD,Tomato12
7,status,15,WEREWOLF,ALIVE,Takeda8
7,talk,0,0,15,VOTE Agent[13]
7,talk,1,0,8,VOTE Agent[15]
7,talk,2,0,13,VOTE Agent[15]
7,talk,3,1,8,Skip
7,talk,4,1,13,REQUEST ANY (VOTE Agent[15])
7,talk,5,1,15,VOTE Agent[13]
7,talk,6,2,13,Skip
7,talk,7,2,8,Skip
7,talk,8,2,15,VOTE Agent[13]
7,talk,9,3,13,Skip
7,talk,10,3,15,VOTE Agent[13]
7,talk,11,3,8,Over
7,talk,12,4,8,Over
7,talk,13,4,13,Over
7,talk,14,4,15,VOTE Agent[13]
7,talk,15,5,8,Over
7,talk,16,5,13,Over
7,talk,17,5,15,VOTE Agent[13]
7,talk,18,6,13,Over
7,talk,19,6,15,VOTE Agent[13]
7,talk,20,6,8,Over
7,talk,21,7,8,Over
7,talk,22,7,13,Over
7,talk,23,7,15,VOTE Agent[13]
7,talk,24,8,8,Over
7,talk,25,8,13,Over
7,talk,26,8,15,VOTE Agent[13]
7,talk,27,9,8,Over
7,talk,28,9,13,Over
7,talk,29,9,15,VOTE Agent[13]
7,talk,30,10,13,Over
7,talk,31,10,15,Over
7,talk,32,10,8,Over
7,vote,8,15
7,vote,13,8
7,vote,15,8
7,execute,8,VILLAGER
7,attackVote,15,13
7,attack,13,true
8,status,1,VILLAGER,DEAD,TOKU11
8,status,2,VILLAGER,DEAD,sample_py
8,status,3,VILLAGER,DEAD,Takeda10
8,status,4,POSSESSED,DEAD,SampleJava4
8,status,5,VILLAGER,DEAD,HALU
8,status,6,MEDIUM,DEAD,Tomato6
8,status,7,VILLAGER,DEAD,sample_py
8,status,8,VILLAGER,DEAD,sample_py
8,status,9,WEREWOLF,DEAD,OKAMI
8,status,10,WEREWOLF,DEAD,sample_py
8,status,11,BODYGUARD,DEAD,Takeda1
8,status,12,VILLAGER,DEAD,Takeda13
8,status,13,VILLAGER,DEAD,SampleJava0
8,status,14,SEER,DEAD,Tomato12
8,status,15,WEREWOLF,ALIVE,Takeda8
8,result,0,1,WEREWOLF
