0,status,1,VILLAGER,ALIVE,TOKU11
0,status,2,WEREWOLF,ALIVE,sample_py
0,status,3,VILLAGER,ALIVE,Takeda10
0,status,4,MEDIUM,ALIVE,SampleJava4
0,status,5,BODYGUARD,ALIVE,HALU
0,status,6,SEER,ALIVE,Tomato6
0,status,7,WEREWOLF,ALIVE,sample_py
0,status,8,VILLAGER,ALIVE,sample_py
0,status,9,VILLAGER,ALIVE,OKAMI
0,status,10,VILLAGER,ALIVE,sample_py
0,status,11,VILLAGER,ALIVE,Takeda1
0,status,12,VILLAGER,ALIVE,Takeda13
0,status,13,WEREWOLF,ALIVE,SampleJava0
0,status,14,VILLAGER,ALIVE,Tomato12
0,status,15,POSSESSED,ALIVE,Takeda8
0,whisper,0,0,2,COMINGOUT Agent[02] SEER
0,whisper,1,0,13,COMINGOUT Agent[13] SEER
0,whisper,2,0,7,COMINGOUT Agent[07] MEDIUM
0,whisper,3,1,7,COMINGOUT Agent[07] MEDIUM
0,whisper,4,1,2,COMINGOUT Agent[02] SEER
0,whisper,5,1,13,COMINGOUT Agent[13] VILLAGER
0,whisper,6,2,2,COMINGOUT Agent[02] SEER
0,whisper,7,2,7,COMINGOUT Agent[07] MEDIUM
0,whisper,8,2,13,Skip
0,whisper,9,3,13,Skip
0,whisper,10,3,2,COMINGOUT Agent[02] SEER
0,whisper,11,3,7,COMINGOUT Agent[07] MEDIUM
0,whisper,12,4,2,COMINGOUT Agent[02] SEER
0,whisper,13,4,13,Over
0,whisper,14,4,7,COMINGOUT Agent[07] MEDIUM
0,whisper,15,5,7,COMINGOUT Agent[07] MEDIUM
0,whisper,16,5,13,Over
0,whisper,17,5,2,COMINGOUT Agent[02] SEER
0,whisper,18,6,2,COMINGOUT Agent[02] SEER
0,whisper,19,6,13,Over
0,whisper,20,6,7,COMINGOUT Agent[07] MEDIUM
0,whisper,21,7,2,COMINGOUT Agent[02] SEER
0,whisper,22,7,13,Over
0,whisper,23,7,7,COMINGOUT Agent[07] MEDIUM
0,whisper,24,8,2,COMINGOUT Agent[02] SEER
0,whisper,25,8,13,Over
0,whisper,26,8,7,COMINGOUT Agent[07] MEDIUM
0,whisper,27,9,13,Over
0,whisper,28,9,2,COMINGOUT Agent[02] SEER
0,whisper,29,9,7,COMINGOUT Agent[07] MEDIUM
0,whisper,30,10,7,Over
0,whisper,31,10,13,Over
0,whisper,32,10,2,Over
0,divine,6,15,HUMAN
1,status,1,VILLAGER,ALIVE,TOKU11
1,status,2,WEREWOLF,ALIVE,sample_py
1,status,3,VILLAGER,ALIVE,Takeda10
1,status,4,MEDIUM,ALIVE,SampleJava4
1,status,5,BODYGUARD,ALIVE,HALU
1,status,6,SEER,ALIVE,Tomato6
1,status,7,WEREWOLF,ALIVE,sample_py
1,status,8,VILLAGER,ALIVE,sample_py
1,status,9,VILLAGER,ALIVE,OKAMI
1,status,10,VILLAGER,ALIVE,sample_py
1,status,11,VILLAGER,ALIVE,Takeda1
1,status,12,VILLAGER,ALIVE,Takeda13
1,status,13,WEREWOLF,ALIVE,SampleJava0
1,status,14,VILLAGER,ALIVE,Tomato12
1,status,15,POSSESSED,ALIVE,Takeda8
1,talk,0,0,3,VOTE Agent[12]
1,talk,1,0,6,COMINGOUT Agent[06] SEER
1,talk,2,0,9,VOTE Agent[12]
1,talk,3,0,2,VOTE Agent[06]
1,talk,4,0,1,VOTE Agent[12]
1,talk,5,0,13,VOTE Agent[14]
1,talk,6,0,5,VOTE Agent[02]
1,talk,7,0,10,VOTE Agent[07]
1,talk,8,0,8,VOTE Agent[06]
1,talk,9,0,7,VOTE Agent[12]
1,talk,10,0,15,COMINGOUT Agent[15] SEER
1,talk,11,0,4,COMINGOUT Agent[04] MEDIUM
1,talk,12,0,11,VOTE Agent[06]
1,talk,13,0,14,VOTE Agent[12]
1,talk,14,0,12,VOTE Agent[15]
1,talk,15,1,8,Skip
1,talk,16,1,14,Skip
1,talk,17,1,5,VOTE Agent[11]
1,talk,18,1,6,DIVINED Agent[15] HUMAN
1,talk,19,1,15,DIVINED Agent[03] WEREWOLF
1,talk,20,1,1,VOTE Agent[06]
1,talk,21,1,9,COMINGOUT Agent[09] VILLAGER
1,talk,22,1,10,VOTE Agent[03]
1,talk,23,1,3,VOTE Agent[05]
1,talk,24,1,12,VOTE Agent[06]
1,talk,25,1,2,Skip
1,talk,26,1,11,VOTE Agent[05]
1,talk,27,1,4,VOTE Agent[07]
1,talk,28,1,7,VOTE Agent[04]
1,talk,29,1,13,REQUEST ANY (VOTE Agent[14])
1,talk,30,2,11,VOTE Agent[13]
1,talk,31,2,2,Skip
1,talk,32,2,5,VOTE Agent[09]
1,talk,33,2,1,Skip
1,talk,34,2,13,Skip
1,talk,35,2,15,VOTE Agent[03]
1,talk,36,2,10,Skip
1,talk,37,2,12,Skip
1,talk,38,2,6,VOTE Agent[03]
1,talk,39,2,7,Skip
1,talk,40,2,3,VOTE Agent[11]
1,talk,41,2,4,REQUEST ANY (VOTE Agent[07])
1,talk,42,2,14,VOTE Agent[03]
1,talk,43,2,8,VOTE Agent[03]
1,talk,44,2,9,VOTE Agent[03]
1,talk,45,3,5,VOTE Agent[09]
1,talk,46,3,14,Skip
1,talk,47,3,10,Skip
1,talk,48,3,4,Skip
1,talk,49,3,3,Skip
1,talk,50,3,2,Over
1,talk,51,3,13,Skip
1,talk,52,3,8,Skip
1,talk,53,3,15,Skip
1,talk,54,3,6,Skip
1,talk,55,3,11,VOTE Agent[05]
1,talk,56,3,7,Skip
1,talk,57,3,9,VOTE Agent[03]
1,talk,58,3,1,VOTE Agent[07]
1,talk,59,3,12,VOTE Agent[02]
1,talk,60,4,3,VOTE Agent[07]
1,talk,61,4,10,Over
1,talk,62,4,2,Over
1,talk,63,4,14,Skip
1,talk,64,4,7,Over
1,talk,65,4,11,VOTE Agent[03]
1,talk,66,4,6,Skip
1,talk,67,4,9,VOTE Agent[03]
1,talk,68,4,15,Skip
1,talk,69,4,12,Skip
1,talk,70,4,4,Skip
1,talk,71,4,13,Over
1,talk,72,4,5,VOTE Agent[09]
1,talk,73,4,8,Skip
1,talk,74,4,1,VOTE Agent[02]
1,talk,75,5,1,Skip
1,talk,76,5,9,VOTE Agent[03]
1,talk,77,5,7,Over
1,talk,78,5,14,Over
1,talk,79,5,12,VOTE Agent[03]
1,talk,80,5,4,Over
1,talk,81,5,8,Over
1,talk,82,5,13,Over
1,talk,83,5,5,VOTE Agent[09]
1,talk,84,5,15,Over
1,talk,85,5,10,Over
1,talk,86,5,3,VOTE Agent[07]
1,talk,87,5,11,Skip
1,talk,88,5,2,Over
1,talk,89,5,6,Over
1,talk,90,6,7,Over
1,talk,91,6,15,Over
1,talk,92,6,6,Over
1,talk,93,6,4,Over
1,talk,94,6,13,Over
1,talk,95,6,12,VOTE Agent[02]
1,talk,96,6,9,VOTE Agent[03]
1,talk,97,6,5,VOTE Agent[09]
1,talk,98,6,2,Over
1,talk,99,6,10,Over
1,talk,100,6,14,Over
1,talk,101,6,3,Skip
1,talk,102,6,1,Skip
1,talk,103,6,11,VOTE Agent[07]
1,talk,104,6,8,Over
1,talk,105,7,3,VOTE Agent[02]
1,talk,106,7,12,Skip
1,talk,107,7,13,Over
1,talk,108,7,1,Over
1,talk,109,7,7,Over
1,talk,110,7,15,Over
1,talk,111,7,14,Over
1,talk,112,7,2,Over
1,talk,113,7,4,Over
1,talk,114,7,6,Over
1,talk,115,7,8,Over
1,talk,116,7,10,Over
1,talk,117,7,5,VOTE Agent[09]
1,talk,118,7,11,VOTE Agent[02]
1,talk,119,7,9,VOTE Agent[03]
1,talk,120,8,1,Over
1,talk,121,8,9,VOTE Agent[03]
1,talk,122,8,4,Over
1,talk,123,8,14,Over
1,talk,124,8,11,Skip
1,talk,125,8,3,Skip
1,talk,126,8,7,Over
1,talk,127,8,5,VOTE Agent[09]
1,talk,128,8,15,Over
1,talk,129,8,2,Over
1,talk,130,8,13,Over
1,talk,131,8,10,Over
1,talk,132,8,8,Over
1,talk,133,8,12,Skip
1,talk,134,8,6,Over
1,talk,135,9,15,Over
1,talk,136,9,4,Over
1,talk,137,9,14,Over
1,talk,138,9,5,Over
1,talk,139,9,9,Over
1,talk,140,9,12,Over
1,talk,141,9,6,Over
1,talk,142,9,8,Over
1,talk,143,9,13,Over
1,talk,144,9,2,Over
1,talk,145,9,3,Skip
1,talk,146,9,11,Skip
1,talk,147,9,1,Over
1,talk,148,9,7,Over
1,talk,149,9,10,Over
1,talk,150,10,11,Over
1,talk,151,10,7,Over
1,talk,152,10,10,Over
1,talk,153,10,2,Over
1,talk,154,10,3,Over
1,talk,155,10,5,Over
1,talk,156,10,12,Over
1,talk,157,10,4,Over
1,talk,158,10,15,Over
1,talk,159,10,14,Over
1,talk,160,10,9,Over
1,talk,161,10,13,Over
1,talk,162,10,8,Over
1,talk,163,10,1,Over
1,talk,164,10,6,Over
1,vote,1,2
1,vote,2,6
1,vote,3,2
1,vote,4,14
1,vote,5,9
1,vote,6,3
1,vote,7,4
1,vote,8,3
1,vote,9,3
1,vote,10,3
1,vote,11,2
1,vote,12,2
1,vote,13,14
1,vote,14,3
1,vote,15,6
1,execute,3,VILLAGER
1,divine,6,4,HUMAN
1,whisper,0,0,13,BECAUSE (AND (NOT (COMINGOUT Agent[15] WEREWOLF)) (NOT (COMINGOUT Agent[03] WEREWOLF)) (DAY 1 (Agent[15] DIVINED Agent[03] WEREWOLF))) (ESTIMATE Agent[15] POSSESSED)
1,whisper,1,0,7,ATTACK Agent[06]
1,whisper,2,0,2,ATTACK Agent[06]
1,whisper,3,1,13,ATTACK Agent[06]
1,whisper,4,1,7,Skip
1,whisper,5,1,2,Skip
1,whisper,6,2,7,Skip
1,whisper,7,2,2,Skip
1,whisper,8,2,13,Skip
1,whisper,9,3,13,Skip
1,whisper,10,3,7,Over
1,whisper,11,3,2,Over
1,whisper,12,4,7,Over
1,whisper,13,4,13,Over
1,whisper,14,4,2,Over
1,guard,5,4,MEDIUM
1,attackVote,2,6
1,attackVote,7,6
1,attackVote,13,6
1,attack,6,true
2,status,1,VILLAGER,ALIVE,TOKU11
2,status,2,WEREWOLF,ALIVE,sample_py
2,status,3,VILLAGER,DEAD,Takeda10
2,status,4,MEDIUM,ALIVE,SampleJava4
2,status,5,BODYGUARD,ALIVE,HALU
2,status,6,SEER,DEAD,Tomato6
2,status,7,WEREWOLF,ALIVE,sample_py
2,status,8,VILLAGER,ALIVE,sample_py
2,status,9,VILLAGER,ALIVE,OKAMI
2,status,10,VILLAGER,ALIVE,sample_py
2,status,11,VILLAGER,ALIVE,Takeda1
2,status,12,VILLAGER,ALIVE,Takeda13
2,status,13,WEREWOLF,ALIVE,SampleJava0
2,status,14,VILLAGER,ALIVE,Tomato12
2,status,15,POSSESSED,ALIVE,Takeda8
2,talk,0,0,8,VOTE Agent[07]
2,talk,1,0,15,DIVINED Agent[02] HUMAN
2,talk,2,0,7,VOTE Agent[04]
2,talk,3,0,2,COMINGOUT Agent[02] SEER
2,talk,4,0,4,DAY 2 (IDENTIFIED Agent[03] HUMAN)
2,talk,5,0,12,VOTE Agent[02]
2,talk,6,0,10,VOTE Agent[01]
2,talk,7,0,5,VOTE Agent[09]
2,talk,8,0,11,VOTE Agent[02]
2,talk,9,0,1,VOTE Agent[02]
2,talk,10,0,9,VOTE Agent[01]
2,talk,11,0,13,VOTE Agent[14]
2,talk,12,0,14,VOTE Agent[02]
2,talk,13,1,7,Skip
2,talk,14,1,14,Skip
2,talk,15,1,15,VOTE Agent[07]
2,talk,16,1,1,Skip
2,talk,17,1,13,REQUEST ANY (VOTE Agent[14])
2,talk,18,1,2,DIVINED Agent[09] HUMAN
2,talk,19,1,5,VOTE Agent[15]
2,talk,20,1,9,COMINGOUT Agent[09] VILLAGER
2,talk,21,1,10,Skip
2,talk,22,1,4,IDENTIFIED Agent[03] HUMAN
2,talk,23,1,11,Skip
2,talk,24,1,8,Skip
2,talk,25,1,12,Skip
2,talk,26,2,11,Skip
2,talk,27,2,10,Skip
2,talk,28,2,14,Skip
2,talk,29,2,9,VOTE Agent[15]
2,talk,30,2,5,VOTE Agent[15]
2,talk,31,2,2,DIVINED Agent[08] HUMAN
2,talk,32,2,12,Skip
2,talk,33,2,13,Skip
2,talk,34,2,15,VOTE Agent[04]
2,talk,35,2,4,BECAUSE (AND (DAY 2 (IDENTIFIED Agent[03] HUMAN)) (DAY 1 (Agent[15] DIVINED Agent[03] WEREWOLF))) (XOR (ESTIMATE Agent[15] WEREWOLF) (ESTIMATE Agent[15] POSSESSED))
2,talk,36,2,7,Skip
2,talk,37,2,1,Skip
2,talk,38,2,8,Skip
2,talk,39,3,15,Skip
2,talk,40,3,9,VOTE Agent[15]
2,talk,41,3,2,VOTE Agent[15]
2,talk,42,3,11,Over
2,talk,43,3,7,Over
2,talk,44,3,8,Over
2,talk,45,3,12,Over
2,talk,46,3,13,Skip
2,talk,47,3,4,BECAUSE (XOR (ESTIMATE Agent[15] WEREWOLF) (ESTIMATE Agent[15] POSSESSED)) (AND (VOTE Agent[15]) (REQUEST ANY (VOTE Agent[15])))
2,talk,48,3,14,VOTE Agent[15]
2,talk,49,3,5,VOTE Agent[15]
2,talk,50,3,10,Over
2,talk,51,3,1,Over
2,talk,52,4,8,Over
2,talk,53,4,1,Over
2,talk,54,4,5,VOTE Agent[15]
2,talk,55,4,11,Over
2,talk,56,4,13,Over
2,talk,57,4,9,VOTE Agent[02]
2,talk,58,4,10,Over
2,talk,59,4,7,Over
2,talk,60,4,12,Over
2,talk,61,4,14,VOTE Agent[02]
2,talk,62,4,2,Skip
2,talk,63,4,15,Skip
2,talk,64,4,4,VOTE Agent[15]
2,talk,65,5,1,Over
2,talk,66,5,13,Over
2,talk,67,5,5,VOTE Agent[15]
2,talk,68,5,7,Over
2,talk,69,5,4,REQUEST ANY (VOTE Agent[15])
2,talk,70,5,12,Over
2,talk,71,5,9,VOTE Agent[15]
2,talk,72,5,10,Over
2,talk,73,5,14,VOTE Agent[15]
2,talk,74,5,11,Over
2,talk,75,5,15,Over
2,talk,76,5,2,Skip
2,talk,77,5,8,Over
2,talk,78,6,9,VOTE Agent[02]
2,talk,79,6,5,VOTE Agent[15]
2,talk,80,6,7,Over
2,talk,81,6,15,Over
2,talk,82,6,1,Over
2,talk,83,6,14,VOTE Agent[02]
2,talk,84,6,4,Skip
2,talk,85,6,13,Over
2,talk,86,6,2,Over
2,talk,87,6,11,Over
2,talk,88,6,12,Over
2,talk,89,6,10,Over
2,talk,90,6,8,Over
2,talk,91,7,14,Skip
2,talk,92,7,7,Over
2,talk,93,7,1,Over
2,talk,94,7,2,Over
2,talk,95,7,15,Over
2,talk,96,7,5,VOTE Agent[15]
2,talk,97,7,11,Over
2,talk,98,7,9,VOTE Agent[15]
2,talk,99,7,12,Over
2,talk,100,7,10,Over
2,talk,101,7,4,Skip
2,talk,102,7,13,Over
2,talk,103,7,8,Over
2,talk,104,8,10,Over
2,talk,105,8,12,Over
2,talk,106,8,9,VOTE Agent[15]
2,talk,107,8,2,Over
2,talk,108,8,13,Over
2,talk,109,8,15,Over
2,talk,110,8,11,Over
2,talk,111,8,4,Over
2,talk,112,8,14,VOTE Agent[15]
2,talk,113,8,7,Over
2,talk,114,8,1,Over
2,talk,115,8,8,Over
2,talk,116,8,5,VOTE Agent[15]
2,talk,117,9,1,Over
2,talk,118,9,10,Over
2,talk,119,9,4,Over
2,talk,120,9,9,Over
2,talk,121,9,14,Skip
2,talk,122,9,11,Over
2,talk,123,9,2,Over
2,talk,124,9,5,Over
2,talk,125,9,8,Over
2,talk,126,9,15,Over
2,talk,127,9,7,Over
2,talk,128,9,12,Over
2,talk,129,9,13,Over
2,talk,130,10,10,Over
2,talk,131,10,5,Over
2,talk,132,10,7,Over
2,talk,133,10,12,Over
2,talk,134,10,2,Over
2,talk,135,10,1,Over
2,talk,136,10,14,Skip
2,talk,137,10,4,Over
2,talk,138,10,9,Over
2,talk,139,10,8,Over
2,talk,140,10,13,Over
2,talk,141,10,11,Over
2,talk,142,10,15,Over
2,talk,143,11,11,Over
2,talk,144,11,7,Over
2,talk,145,11,2,Over
2,talk,146,11,9,Over
2,talk,147,11,12,Over
2,talk,148,11,1,Over
2,talk,149,11,8,Over
2,talk,150,11,14,Over
2,talk,151,11,13,Over
2,talk,152,11,10,Over
2,talk,153,11,5,Over
2,talk,154,11,4,Over
2,talk,155,11,15,Over
2,vote,1,2
2,vote,2,15
2,vote,4,15
2,vote,5,15
2,vote,7,4
2,vote,8,7
2,vote,9,2
2,vote,10,1
2,vote,11,2
2,vote,12,2
2,vote,13,14
2,vote,14,15
2,vote,15,5
2,vote,1,2
2,vote,2,15
2,vote,4,2
2,vote,5,15
2,vote,7,4
2,vote,8,7
2,vote,9,2
2,vote,10,1
2,vote,11,2
2,vote,12,2
2,vote,13,2
2,vote,14,15
2,vote,15,7
2,execute,2,WEREWOLF
2,whisper,0,0,7,ATTACK Agent[04]
2,whisper,1,0,13,ATTACK Agent[04]
2,whisper,2,1,13,Skip
2,whisper,3,1,7,Skip
2,whisper,4,2,13,Skip
2,whisper,5,2,7,Skip
2,whisper,6,3,7,Over
2,whisper,7,3,13,Over
2,guard,5,4,MEDIUM
2,attackVote,7,4
2,attackVote,13,4
2,attack,4,false
3,status,1,VILLAGER,ALIVE,TOKU11
3,status,2,WEREWOLF,DEAD,sample_py
3,status,3,VILLAGER,DEAD,Takeda10
3,status,4,MEDIUM,ALIVE,SampleJava4
3,status,5,BODYGUARD,ALIVE,HALU
3,status,6,SEER,DEAD,Tomato6
3,status,7,WEREWOLF,ALIVE,sample_py
3,status,8,VILLAGER,ALIVE,sample_py
3,status,9,VILLAGER,ALIVE,OKAMI
3,status,10,VILLAGER,ALIVE,sample_py
3,status,11,VILLAGER,ALIVE,Takeda1
3,status,12,VILLAGER,ALIVE,Takeda13
3,status,13,WEREWOLF,ALIVE,SampleJava0
3,status,14,VILLAGER,ALIVE,Tomato12
3,status,15,POSSESSED,ALIVE,Takeda8
3,talk,0,0,10,VOTE Agent[11]
3,talk,1,0,8,VOTE Agent[14]
3,talk,2,0,14,VOTE Agent[13]
3,talk,3,0,9,VOTE Agent[15]
3,talk,4,0,4,DAY 3 (IDENTIFIED Agent[02] WEREWOLF)
3,talk,5,0,11,VOTE Agent[04]
3,talk,6,0,12,VOTE Agent[04]
3,talk,7,0,5,VOTE Agent[09]
3,talk,8,0,7,COMINGOUT Agent[07] MEDIUM
3,talk,9,0,1,VOTE Agent[04]
3,talk,10,0,15,DIVINED Agent[14] WEREWOLF
3,talk,11,0,13,VOTE Agent[14]
3,talk,12,1,1,Skip
3,talk,13,1,10,VOTE Agent[14]
3,talk,14,1,8,Skip
3,talk,15,1,12,Skip
3,talk,16,1,15,VOTE Agent[14]
3,talk,17,1,14,Skip
3,talk,18,1,11,Skip
3,talk,19,1,5,VOTE Agent[15]
3,talk,20,1,4,IDENTIFIED Agent[02] WEREWOLF
3,talk,21,1,9,COMINGOUT Agent[09] VILLAGER
3,talk,22,1,7,IDENTIFIED Agent[03] HUMAN
3,talk,23,1,13,REQUEST ANY (VOTE Agent[14])
3,talk,24,2,12,VOTE Agent[07]
3,talk,25,2,13,Skip
3,talk,26,2,10,Skip
3,talk,27,2,1,VOTE Agent[07]
3,talk,28,2,9,VOTE Agent[15]
3,talk,29,2,14,Skip
3,talk,30,2,7,IDENTIFIED Agent[02] HUMAN
3,talk,31,2,5,VOTE Agent[15]
3,talk,32,2,8,Skip
3,talk,33,2,15,Skip
3,talk,34,2,11,VOTE Agent[07]
3,talk,35,2,4,BECAUSE (AND (DAY 2 (IDENTIFIED Agent[03] HUMAN)) (DAY 1 (Agent[15] DIVINED Agent[03] WEREWOLF))) (XOR (ESTIMATE Agent[15] WEREWOLF) (ESTIMATE Agent[15] POSSESSED))
3,talk,36,3,13,Skip
3,talk,37,3,9,VOTE Agent[15]
3,talk,38,3,4,BECAUSE (XOR (ESTIMATE Agent[15] WEREWOLF) (ESTIMATE Agent[15] POSSESSED)) (AND (VOTE Agent[15]) (REQUEST ANY (VOTE Agent[15])))
3,talk,39,3,12,Skip
3,talk,40,3,11,Skip
3,talk,41,3,7,VOTE Agent[04]
3,talk,42,3,15,Skip
3,talk,43,3,8,Over
3,talk,44,3,5,VOTE Agent[15]
3,talk,45,3,14,Over
3,talk,46,3,1,Skip
3,talk,47,3,10,Skip
3,talk,48,4,15,Over
3,talk,49,4,9,VOTE Agent[15]
3,talk,50,4,7,Skip
3,talk,51,4,8,Over
3,talk,52,4,14,Over
3,talk,53,4,10,Over
3,talk,54,4,1,Skip
3,talk,55,4,4,VOTE Agent[15]
3,talk,56,4,12,Skip
3,talk,57,4,5,VOTE Agent[15]
3,talk,58,4,11,Skip
3,talk,59,4,13,Over
3,talk,60,5,10,Over
3,talk,61,5,13,Over
3,talk,62,5,12,Over
3,talk,63,5,15,Over
3,talk,64,5,11,Over
3,talk,65,5,7,Skip
3,talk,66,5,14,Over
3,talk,67,5,5,VOTE Agent[15]
3,talk,68,5,4,REQUEST ANY (VOTE Agent[15])
3,talk,69,5,8,Over
3,talk,70,5,1,Over
3,talk,71,5,9,VOTE Agent[15]
3,talk,72,6,5,VOTE Agent[15]
3,talk,73,6,13,Over
3,talk,74,6,10,Over
3,talk,75,6,12,Over
3,talk,76,6,7,Over
3,talk,77,6,11,Over
3,talk,78,6,15,Over
3,talk,79,6,9,VOTE Agent[15]
3,talk,80,6,1,Over
3,talk,81,6,8,Over
3,talk,82,6,4,Skip
3,talk,83,6,14,Over
3,talk,84,7,15,Over
3,talk,85,7,5,VOTE Agent[15]
3,talk,86,7,8,Over
3,talk,87,7,13,Over
3,talk,88,7,9,VOTE Agent[15]
3,talk,89,7,12,Over
3,talk,90,7,11,Over
3,talk,91,7,1,Over
3,talk,92,7,10,Over
3,talk,93,7,4,Skip
3,talk,94,7,14,Over
3,talk,95,7,7,Over
3,talk,96,8,7,Over
3,talk,97,8,10,Over
3,talk,98,8,5,VOTE Agent[15]
3,talk,99,8,8,Over
3,talk,100,8,1,Over
3,talk,101,8,9,VOTE Agent[15]
3,talk,102,8,15,Over
3,talk,103,8,12,Over
3,talk,104,8,4,Over
3,talk,105,8,11,Over
3,talk,106,8,14,Over
3,talk,107,8,13,Over
3,talk,108,9,9,Over
3,talk,109,9,15,Over
3,talk,110,9,5,Over
3,talk,111,9,11,Over
3,talk,112,9,13,Over
3,talk,113,9,1,Over
3,talk,114,9,4,Over
3,talk,115,9,7,Over
3,talk,116,9,10,Over
3,talk,117,9,14,Over
3,talk,118,9,12,Over
3,talk,119,9,8,Over
3,vote,1,7
3,vote,4,15
3,vote,5,15
3,vote,7,4
3,vote,8,14
3,vote,9,15
3,vote,10,14
3,vote,11,7
3,vote,12,7
3,vote,13,14
3,vote,14,13
3,vote,15,4
3,vote,1,7
3,vote,4,7
3,vote,5,15
3,vote,7,4
3,vote,8,14
3,vote,9,15
3,vote,10,14
3,vote,11,7
3,vote,12,7
3,vote,13,7
3,vote,14,13
3,vote,15,4
3,execute,7,WEREWOLF
3,guard,5,4,MEDIUM
3,attackVote,13,9
3,attack,9,true
4,status,1,VILLAGER,ALIVE,TOKU11
4,status,2,WEREWOLF,DEAD,sample_py
4,status,3,VILLAGER,DEAD,Takeda10
4,status,4,MEDIUM,ALIVE,SampleJava4
4,status,5,BODYGUARD,ALIVE,HALU
4,status,6,SEER,DEAD,Tomato6
4,status,7,WEREWOLF,DEAD,sample_py
4,status,8,VILLAGER,ALIVE,sample_py
4,status,9,VILLAGER,DEAD,OKAMI
4,status,10,VILLAGER,ALIVE,sample_py
4,status,11,VILLAGER,ALIVE,Takeda1
4,status,12,VILLAGER,ALIVE,Takeda13
4,status,13,WEREWOLF,ALIVE,SampleJava0
4,status,14,VILLAGER,ALIVE,Tomato12
4,status,15,POSSESSED,ALIVE,Takeda8
4,talk,0,0,1,VOTE Agent[11]
4,talk,1,0,15,DIVINED Agent[08] WEREWOLF
4,talk,2,0,13,VOTE Agent[14]
4,talk,3,0,14,VOTE Agent[13]
4,talk,4,0,8,VOTE Agent[15]
4,talk,5,0,4,DAY 4 (IDENTIFIED Agent[07] WEREWOLF)
4,talk,6,0,5,VOTE Agent[15]
4,talk,7,0,11,VOTE Agent[05]
4,talk,8,0,12,VOTE Agent[05]
4,talk,9,0,10,VOTE Agent[08]
4,talk,10,1,13,REQUEST ANY (VOTE Agent[14])
4,talk,11,1,10,Skip
4,talk,12,1,5,VOTE Agent[15]
4,talk,13,1,14,Skip
4,talk,14,1,12,Skip
4,talk,15,1,8,Skip
4,talk,16,1,1,VOTE Agent[05]
4,talk,17,1,15,VOTE Agent[14]
4,talk,18,1,4,IDENTIFIED Agent[07] WEREWOLF
4,talk,19,1,11,Skip
4,talk,20,2,15,VOTE Agent[08]
4,talk,21,2,14,Skip
4,talk,22,2,12,Skip
4,talk,23,2,11,Skip
4,talk,24,2,8,Skip
4,talk,25,2,1,Skip
4,talk,26,2,10,Skip
4,talk,27,2,4,BECAUSE (AND (DAY 2 (IDENTIFIED Agent[03] HUMAN)) (DAY 1 (Agent[15] DIVINED Agent[03] WEREWOLF))) (XOR (ESTIMATE Agent[15] WEREWOLF) (ESTIMATE Agent[15] POSSESSED))
4,talk,28,2,5,VOTE Agent[15]
4,talk,29,2,13,Skip
4,talk,30,3,1,Skip
4,talk,31,3,14,Over
4,talk,32,3,8,Over
4,talk,33,3,15,Skip
4,talk,34,3,10,Over
4,talk,35,3,5,VOTE Agent[15]
4,talk,36,3,11,Over
4,talk,37,3,4,BECAUSE (XOR (ESTIMATE Agent[15] WEREWOLF) (ESTIMATE Agent[15] POSSESSED)) (AND (VOTE Agent[15]) (REQUEST ANY (VOTE Agent[15])))
4,talk,38,3,13,Skip
4,talk,39,3,12,Over
4,talk,40,4,5,VOTE Agent[15]
4,talk,41,4,15,Skip
4,talk,42,4,11,Over
4,talk,43,4,10,Over
4,talk,44,4,12,Over
4,talk,45,4,14,Over
4,talk,46,4,8,Over
4,talk,47,4,4,VOTE Agent[15]
4,talk,48,4,13,Over
4,talk,49,4,1,Over
4,talk,50,5,4,REQUEST ANY (VOTE Agent[15])
4,talk,51,5,13,Over
4,talk,52,5,11,Over
4,talk,53,5,14,Over
4,talk,54,5,1,Over
4,talk,55,5,10,Over
4,talk,56,5,5,VOTE Agent[15]
4,talk,57,5,8,Over
4,talk,58,5,12,Over
4,talk,59,5,15,Over
4,talk,60,6,1,Over
4,talk,61,6,5,VOTE Agent[15]
4,talk,62,6,10,Over
4,talk,63,6,13,Over
4,talk,64,6,4,Skip
4,talk,65,6,11,Over
4,talk,66,6,15,Over
4,talk,67,6,12,Over
4,talk,68,6,8,Over
4,talk,69,6,14,Over
4,talk,70,7,1,Over
4,talk,71,7,4,Skip
4,talk,72,7,5,VOTE Agent[15]
4,talk,73,7,14,Over
4,talk,74,7,8,Over
4,talk,75,7,13,Over
4,talk,76,7,15,Over
4,talk,77,7,11,Over
4,talk,78,7,12,Over
4,talk,79,7,10,Over
4,talk,80,8,5,VOTE Agent[15]
4,talk,81,8,12,Over
4,talk,82,8,1,Over
4,talk,83,8,11,Over
4,talk,84,8,13,Over
4,talk,85,8,8,Over
4,talk,86,8,4,Over
4,talk,87,8,10,Over
4,talk,88,8,14,Over
4,talk,89,8,15,Over
4,talk,90,9,10,Over
4,talk,91,9,5,Over
4,talk,92,9,14,Over
4,talk,93,9,8,Over
4,talk,94,9,1,Over
4,talk,95,9,15,Over
4,talk,96,9,11,Over
4,talk,97,9,4,Over
4,talk,98,9,13,Over
4,talk,99,9,12,Over
4,vote,1,5
4,vote,4,15
4,vote,5,15
4,vote,8,15
4,vote,10,8
4,vote,11,5
4,vote,12,5
4,vote,13,14
4,vote,14,13
4,vote,15,11
4,vote,1,5
4,vote,4,5
4,vote,5,15
4,vote,8,15
4,vote,10,8
4,vote,11,5
4,vote,12,5
4,vote,13,5
4,vote,14,13
4,vote,15,1
4,execute,5,BODYGUARD
4,attackVote,13,4
4,attack,4,true
5,status,1,VILLAGER,ALIVE,TOKU11
5,status,2,WEREWOLF,DEAD,sample_py
5,status,3,VILLAGER,DEAD,Takeda10
5,status,4,MEDIUM,DEAD,SampleJava4
5,status,5,BODYGUARD,DEAD,HALU
5,status,6,SEER,DEAD,Tomato6
5,status,7,WEREWOLF,DEAD,sample_py
5,status,8,VILLAGER,ALIVE,sample_py
5,status,9,VILLAGER,DEAD,OKAMI
5,status,10,VILLAGER,ALIVE,sample_py
5,status,11,VILLAGER,ALIVE,Takeda1
5,status,12,VILLAGER,ALIVE,Takeda13
5,status,13,WEREWOLF,ALIVE,SampleJava0
5,status,14,VILLAGER,ALIVE,Tomato12
5,status,15,POSSESSED,ALIVE,Takeda8
5,talk,0,0,10,VOTE Agent[14]
5,talk,1,0,13,VOTE Agent[14]
5,talk,2,0,8,VOTE Agent[15]
5,talk,3,0,15,DIVINED Agent[10] WEREWOLF
5,talk,4,0,14,VOTE Agent[13]
5,talk,5,0,12,VOTE Agent[11]
5,talk,6,0,1,VOTE Agent[12]
5,talk,7,0,11,VOTE Agent[12]
5,talk,8,1,12,Skip
5,talk,9,1,10,VOTE Agent[15]
5,talk,10,1,14,Skip
5,talk,11,1,1,Skip
5,talk,12,1,13,REQUEST ANY (VOTE Agent[14])
5,talk,13,1,15,VOTE Agent[08]
5,talk,14,1,11,Skip
5,talk,15,1,8,Skip
5,talk,16,2,15,VOTE Agent[10]
5,talk,17,2,13,Skip
5,talk,18,2,14,Skip
5,talk,19,2,10,Skip
5,talk,20,2,11,Skip
5,talk,21,2,8,Skip
5,talk,22,2,1,VOTE Agent[11]
5,talk,23,2,12,Skip
5,talk,24,3,14,Over
5,talk,25,3,10,Skip
5,talk,26,3,15,Skip
5,talk,27,3,8,Over
5,talk,28,3,13,Skip
5,talk,29,3,12,Over
5,talk,30,3,11,Over
5,talk,31,3,1,Skip
5,talk,32,4,12,Over
5,talk,33,4,1,Skip
5,talk,34,4,15,Skip
5,talk,35,4,10,Over
5,talk,36,4,13,Over
5,talk,37,4,8,Over
5,talk,38,4,11,Over
5,talk,39,4,14,Over
5,talk,40,5,10,Over
5,talk,41,5,12,Over
5,talk,42,5,14,Over
5,talk,43,5,1,Over
5,talk,44,5,11,Over
5,talk,45,5,8,Over
5,talk,46,5,13,Over
5,talk,47,5,15,Over
5,vote,1,11
5,vote,8,15
5,vote,10,15
5,vote,11,12
5,vote,12,11
5,vote,13,14
5,vote,14,13
5,vote,15,12
5,vote,1,11
5,vote,8,15
5,vote,10,15
5,vote,11,12
5,vote,12,11
5,vote,13,11
5,vote,14,13
5,vote,15,12
5,execute,11,VILLAGER
5,attackVote,13,8
5,attack,8,true
6,status,1,VILLAGER,ALIVE,TOKU11
6,status,2,WEREWOLF,DEAD,sample_py
6,status,3,VILLAGER,DEAD,Takeda10
6,status,4,MEDIUM,DEAD,SampleJava4
6,status,5,BODYGUARD,DEAD,HALU
6,status,6,SEER,DEAD,Tomato6
6,status,7,WEREWOLF,DEAD,sample_py
6,status,8,VILLAGER,DEAD,sample_py
6,status,9,VILLAGER,DEAD,OKAMI
6,status,10,VILLAGER,ALIVE,sample_py
6,status,11,VILLAGER,DEAD,Takeda1
6,status,12,VILLAGER,ALIVE,Takeda13
6,status,13,WEREWOLF,ALIVE,SampleJava0
6,status,14,VILLAGER,ALIVE,Tomato12
6,status,15,POSSESSED,ALIVE,Takeda8
6,talk,0,0,1,VOTE Agent[12]
6,talk,1,0,10,VOTE Agent[15]
6,talk,2,0,13,VOTE Agent[14]
6,talk,3,0,14,VOTE Agent[13]
6,talk,4,0,12,VOTE Agent[10]
6,talk,5,0,15,DIVINED Agent[13] WEREWOLF
6,talk,6,1,14,Skip
6,talk,7,1,12,VOTE Agent[01]
6,talk,8,1,15,VOTE Agent[10]
6,talk,9,1,10,Skip
6,talk,10,1,1,Skip
6,talk,11,1,13,REQUEST ANY (VOTE Agent[14])
6,talk,12,2,15,VOTE Agent[13]
6,talk,13,2,10,Skip
6,talk,14,2,14,Skip
6,talk,15,2,13,Skip
6,talk,16,2,1,Skip
6,talk,17,2,12,VOTE Agent[13]
6,talk,18,3,14,Over
6,talk,19,3,10,Over
6,talk,20,3,1,Over
6,talk,21,3,15,Skip
6,talk,22,3,12,VOTE Agent[01]
6,talk,23,3,13,Skip
6,talk,24,4,10,Over
6,talk,25,4,15,Skip
6,talk,26,4,1,Over
6,talk,27,4,12,Skip
6,talk,28,4,14,Over
6,talk,29,4,13,Over
6,talk,30,5,12,Skip
6,talk,31,5,15,Over
6,talk,32,5,10,Over
6,talk,33,5,14,Over
6,talk,34,5,1,Over
6,talk,35,5,13,Over
6,talk,36,6,12,Over
6,talk,37,6,13,Over
6,talk,38,6,10,Over
6,talk,39,6,14,Over
6,talk,40,6,1,Over
6,talk,41,6,15,Over
6,vote,1,12
6,vote,10,15
6,vote,12,1
6,vote,13,14
6,vote,14,13
6,vote,15,1
6,execute,1,VILLAGER
6,attackVote,13,14
6,attack,14,true
7,status,1,VILLAGER,DEAD,TOKU11
7,status,2,WEREWOLF,DEAD,sample_py
7,status,3,VILLAGER,DEAD,Takeda10
7,status,4,MEDIUM,DEAD,SampleJava4
7,status,5,BODYGUARD,DEAD,HALU
7,status,6,SEER,DEAD,Tomato6
7,status,7,WEREWOLF,DEAD,sample_py
7,status,8,VILLAGER,DEAD,sample_py
7,status,9,VILLAGER,DEAD,OKAMI
7,status,10,VILLAGER,ALIVE,sample_py
7,status,11,VILLAGER,DEAD,Takeda1
7,status,12,VILLAGER,ALIVE,Takeda13
7,status,13,WEREWOLF,ALIVE,SampleJava0
7,status,14,VILLAGER,DEAD,Tomato12
7,status,15,POSSESSED,ALIVE,Takeda8
7,talk,0,0,15,DIVINED Agent[12] WEREWOLF
7,talk,1,0,10,VOTE Agent[15]
7,talk,2,0,12,VOTE Agent[13]
7,talk,3,0,13,VOTE Agent[14]
7,talk,4,1,12,Skip
7,talk,5,1,13,REQUEST ANY (VOTE Agent[14])
7,talk,6,1,15,VOTE Agent[12]
7,talk,7,1,10,Skip
7,talk,8,2,12,Skip
7,talk,9,2,13,Skip
7,talk,10,2,15,Skip
7,talk,11,2,10,Skip
7,talk,12,3,12,Over
7,talk,13,3,15,Skip
7,talk,14,3,10,Over
7,talk,15,3,13,Skip
7,talk,16,4,12,Over
7,talk,17,4,15,Over
7,talk,18,4,10,Over
7,talk,19,4,13,Over
7,vote,10,15
7,vote,12,13
7,vote,13,12
7,vote,15,13
7,execute,13,WEREWOLF
8,status,1,VILLAGER,DEAD,TOKU11
8,status,2,WEREWOLF,DEAD,sample_py
8,status,3,VILLAGER,DEAD,Takeda10
8,status,4,MEDIUM,DEAD,SampleJava4
8,status,5,BODYGUARD,DEAD,HALU
8,status,6,SEER,DEAD,Tomato6
8,status,7,WEREWOLF,DEAD,sample_py
8,status,8,VILLAGER,DEAD,sample_py
8,status,9,VILLAGER,DEAD,OKAMI
8,status,10,VILLAGER,ALIVE,sample_py
8,status,11,VILLAGER,DEAD,Takeda1
8,status,12,VILLAGER,ALIVE,Takeda13
8,status,13,WEREWOLF,DEAD,SampleJava0
8,status,14,VILLAGER,DEAD,Tomato12
8,status,15,POSSESSED,ALIVE,Takeda8
8,result,3,0,VILLAGER
