0,status,1,VILLAGER,ALIVE,TOKU11
0,status,2,WEREWOLF,ALIVE,sample_py
0,status,3,VILLAGER,ALIVE,Takeda10
0,status,4,WEREWOLF,ALIVE,SampleJava4
0,status,5,VILLAGER,ALIVE,HALU
0,status,6,VILLAGER,ALIVE,Tomato6
0,status,7,POSSESSED,ALIVE,sample_py
0,status,8,VILLAGER,ALIVE,sample_py
0,status,9,BODYGUARD,ALIVE,OKAMI
0,status,10,VILLAGER,ALIVE,sample_py
0,status,11,VILLAGER,ALIVE,Takeda1
0,status,12,VILLAGER,ALIVE,Takeda13
0,status,13,SEER,ALIVE,SampleJava0
0,status,14,WEREWOLF,ALIVE,Tomato12
0,status,15,MEDIUM,ALIVE,Takeda8
0,whisper,0,0,2,COMINGOUT Agent[02] VILLAGER
0,whisper,1,0,4,COMINGOUT Agent[04] SEER
0,whisper,2,0,14,COMINGOUT Agent[14] VILLAGER
0,whisper,3,1,4,Skip
0,whisper,4,1,14,Skip
0,whisper,5,1,2,COMINGOUT Agent[02] VILLAGER
0,whisper,6,2,4,Skip
0,whisper,7,2,2,COMINGOUT Agent[02] VILLAGER
0,whisper,8,2,14,Skip
0,whisper,9,3,2,COMINGOUT Agent[02] VILLAGER
0,whisper,10,3,4,Over
0,whisper,11,3,14,Over
0,whisper,12,4,4,Over
0,whisper,13,4,14,Over
0,whisper,14,4,2,COMINGOUT Agent[02] VILLAGER
0,whisper,15,5,2,COMINGOUT Agent[02] VILLAGER
0,whisper,16,5,14,Over
0,whisper,17,5,4,Over
0,whisper,18,6,4,Over
0,whisper,19,6,2,COMINGOUT Agent[02] VILLAGER
0,whisper,20,6,14,Over
0,whisper,21,7,2,COMINGOUT Agent[02] VILLAGER
0,whisper,22,7,4,Over
0,whisper,23,7,14,Over
0,whisper,24,8,14,Over
0,whisper,25,8,2,COMINGOUT Agent[02] VILLAGER
0,whisper,26,8,4,Over
0,whisper,27,9,14,Over
0,whisper,28,9,4,Over
0,whisper,29,9,2,COMINGOUT Agent[02] VILLAGER
0,whisper,30,10,4,Over
0,whisper,31,10,2,Over
0,whisper,32,10,14,Over
0,divine,13,3,HUMAN
1,status,1,VILLAGER,ALIVE,TOKU11
1,status,2,WEREWOLF,ALIVE,sample_py
1,status,3,VILLAGER,ALIVE,Takeda10
1,status,4,WEREWOLF,ALIVE,SampleJava4
1,status,5,VILLAGER,ALIVE,HALU
1,status,6,VILLAGER,ALIVE,Tomato6
1,status,7,POSSESSED,ALIVE,sample_py
1,status,8,VILLAGER,ALIVE,sample_py
1,status,9,BODYGUARD,ALIVE,OKAMI
1,status,10,VILLAGER,ALIVE,sample_py
1,status,11,VILLAGER,ALIVE,Takeda1
1,status,12,VILLAGER,ALIVE,Takeda13
1,status,13,SEER,ALIVE,SampleJava0
1,status,14,WEREWOLF,ALIVE,Tomato12
1,status,15,MEDIUM,ALIVE,Takeda8
1,talk,0,0,7,COMINGOUT Agent[07] SEER
1,talk,1,0,1,VOTE Agent[08]
1,talk,2,0,2,VOTE Agent[06]
1,talk,3,0,6,VOTE Agent[08]
1,talk,4,0,11,VOTE Agent[08]
1,talk,5,0,3,VOTE Agent[08]
1,talk,6,0,15,COMINGOUT Agent[15] MEDIUM
1,talk,7,0,13,COMINGOUT Agent[13] SEER
1,talk,8,0,5,VOTE Agent[02]
1,talk,9,0,4,COMINGOUT Agent[04] SEER
1,talk,10,0,12,VOTE Agent[14]
1,talk,11,0,14,VOTE Agent[08]
1,talk,12,0,9,VOTE Agent[06]
1,talk,13,0,8,VOTE Agent[10]
1,talk,14,0,10,VOTE Agent[02]
1,talk,15,1,5,VOTE Agent[08]
1,talk,16,1,3,Skip
1,talk,17,1,4,DAY 1 (DIVINED Agent[12] HUMAN)
1,talk,18,1,12,VOTE Agent[13]
1,talk,19,1,9,VOTE Agent[02]
1,talk,20,1,8,Skip
1,talk,21,1,15,VOTE Agent[08]
1,talk,22,1,2,Skip
1,talk,23,1,10,Skip
1,talk,24,1,14,Skip
1,talk,25,1,7,DIVINED Agent[03] HUMAN
1,talk,26,1,6,Skip
1,talk,27,1,1,VOTE Agent[04]
1,talk,28,1,13,DAY 1 (DIVINED Agent[03] HUMAN)
1,talk,29,1,11,VOTE Agent[13]
1,talk,30,2,6,Skip
1,talk,31,2,13,DIVINED Agent[03] HUMAN
1,talk,32,2,14,Skip
1,talk,33,2,4,DIVINED Agent[12] HUMAN
1,talk,34,2,10,Skip
1,talk,35,2,5,VOTE Agent[04]
1,talk,36,2,9,VOTE Agent[13]
1,talk,37,2,2,Skip
1,talk,38,2,3,VOTE Agent[04]
1,talk,39,2,7,VOTE Agent[04]
1,talk,40,2,12,Skip
1,talk,41,2,15,VOTE Agent[09]
1,talk,42,2,8,Skip
1,talk,43,2,11,VOTE Agent[02]
1,talk,44,2,1,VOTE Agent[09]
1,talk,45,3,14,VOTE Agent[04]
1,talk,46,3,2,Over
1,talk,47,3,5,VOTE Agent[13]
1,talk,48,3,9,VOTE Agent[13]
1,talk,49,3,10,Over
1,talk,50,3,7,Skip
1,talk,51,3,12,VOTE Agent[04]
1,talk,52,3,4,VOTE Agent[13]
1,talk,53,3,8,Over
1,talk,54,3,1,Skip
1,talk,55,3,6,VOTE Agent[04]
1,talk,56,3,15,Skip
1,talk,57,3,13,BECAUSE (AND (COMINGOUT Agent[13] SEER) (Agent[07] COMINGOUT Agent[07] SEER)) (XOR (ESTIMATE Agent[07] WEREWOLF) (ESTIMATE Agent[07] POSSESSED))
1,talk,58,3,11,VOTE Agent[09]
1,talk,59,3,3,Skip
1,talk,60,4,12,VOTE Agent[09]
1,talk,61,4,2,Over
1,talk,62,4,6,VOTE Agent[09]
1,talk,63,4,11,Skip
1,talk,64,4,13,BECAUSE (XOR (ESTIMATE Agent[07] WEREWOLF) (ESTIMATE Agent[07] POSSESSED)) (AND (VOTE Agent[07]) (REQUEST ANY (VOTE Agent[07])))
1,talk,65,4,4,REQUEST ANY (VOTE Agent[13])
1,talk,66,4,3,Skip
1,talk,67,4,5,VOTE Agent[13]
1,talk,68,4,1,Skip
1,talk,69,4,7,Skip
1,talk,70,4,10,Over
1,talk,71,4,8,Over
1,talk,72,4,9,VOTE Agent[13]
1,talk,73,4,15,Skip
1,talk,74,4,14,VOTE Agent[09]
1,talk,75,5,1,Over
1,talk,76,5,9,VOTE Agent[04]
1,talk,77,5,6,Skip
1,talk,78,5,4,Skip
1,talk,79,5,5,VOTE Agent[13]
1,talk,80,5,11,Skip
1,talk,81,5,3,Over
1,talk,82,5,15,Over
1,talk,83,5,8,Over
1,talk,84,5,13,VOTE Agent[07]
1,talk,85,5,10,Over
1,talk,86,5,14,Skip
1,talk,87,5,7,Over
1,talk,88,5,12,Skip
1,talk,89,5,2,Over
1,talk,90,6,9,VOTE Agent[13]
1,talk,91,6,1,Over
1,talk,92,6,6,Skip
1,talk,93,6,12,Skip
1,talk,94,6,14,Skip
1,talk,95,6,4,Skip
1,talk,96,6,10,Over
1,talk,97,6,7,Over
1,talk,98,6,8,Over
1,talk,99,6,11,Over
1,talk,100,6,3,Over
1,talk,101,6,15,Over
1,talk,102,6,2,Over
1,talk,103,6,13,REQUEST ANY (VOTE Agent[07])
1,talk,104,6,5,VOTE Agent[13]
1,talk,105,7,4,Over
1,talk,106,7,12,Over
1,talk,107,7,15,Over
1,talk,108,7,13,Skip
1,talk,109,7,14,Over
1,talk,110,7,1,Over
1,talk,111,7,7,Over
1,talk,112,7,9,VOTE Agent[13]
1,talk,113,7,10,Over
1,talk,114,7,3,Over
1,talk,115,7,8,Over
1,talk,116,7,6,Over
1,talk,117,7,2,Over
1,talk,118,7,11,Over
1,talk,119,7,5,VOTE Agent[13]
1,talk,120,8,15,VOTE Agent[04]
1,talk,121,8,6,Over
1,talk,122,8,12,Over
1,talk,123,8,14,Over
1,talk,124,8,7,Over
1,talk,125,8,13,Skip
1,talk,126,8,9,VOTE Agent[13]
1,talk,127,8,2,Over
1,talk,128,8,8,Over
1,talk,129,8,3,Over
1,talk,130,8,10,Over
1,talk,131,8,5,VOTE Agent[13]
1,talk,132,8,11,Over
1,talk,133,8,1,Over
1,talk,134,8,4,Over
1,talk,135,9,9,Over
1,talk,136,9,2,Over
1,talk,137,9,1,Over
1,talk,138,9,8,Over
1,talk,139,9,11,Over
1,talk,140,9,7,Over
1,talk,141,9,14,Over
1,talk,142,9,6,Over
1,talk,143,9,15,Skip
1,talk,144,9,10,Over
1,talk,145,9,13,Over
1,talk,146,9,12,Over
1,talk,147,9,4,Over
1,talk,148,9,3,Over
1,talk,149,9,5,Over
1,talk,150,10,11,VOTE Agent[04]
1,talk,151,10,14,VOTE Agent[04]
1,talk,152,10,13,Over
1,talk,153,10,4,Over
1,talk,154,10,7,Over
1,talk,155,10,1,Over
1,talk,156,10,8,Over
1,talk,157,10,9,Over
1,talk,158,10,3,Over
1,talk,159,10,12,Over
1,talk,160,10,2,Over
1,talk,161,10,5,Over
1,talk,162,10,6,VOTE Agent[04]
1,talk,163,10,15,Skip
1,talk,164,10,10,Over
1,talk,165,11,2,Over
1,talk,166,11,4,Over
1,talk,167,11,11,Skip
1,talk,168,11,10,Over
1,talk,169,11,8,Over
1,talk,170,11,5,Over
1,talk,171,11,3,Over
1,talk,172,11,9,Over
1,talk,173,11,12,Over
1,talk,174,11,1,Over
1,talk,175,11,14,Skip
1,talk,176,11,7,Over
1,talk,177,11,15,Over
1,talk,178,11,13,Over
1,talk,179,11,6,Skip
1,talk,180,12,2,Over
1,talk,181,12,9,Over
1,talk,182,12,10,Over
1,talk,183,12,15,Over
1,talk,184,12,12,VOTE Agent[04]
1,talk,185,12,8,Over
1,talk,186,12,7,Over
1,talk,187,12,5,Over
1,talk,188,12,6,Skip
1,talk,189,12,4,Over
1,talk,190,12,14,Skip
1,talk,191,12,13,Over
1,talk,192,12,11,Skip
1,talk,193,12,3,Over
1,talk,194,12,1,Over
1,talk,195,13,7,Over
1,talk,196,13,5,Over
1,talk,197,13,14,Over
1,talk,198,13,9,Over
1,talk,199,13,4,Over
1,talk,200,13,13,Over
1,talk,201,13,1,Over
1,talk,202,13,2,Over
1,talk,203,13,15,Over
1,talk,204,13,12,Skip
1,talk,205,13,11,Over
1,talk,206,13,10,Over
1,talk,207,13,8,Over
1,talk,208,13,3,Over
1,talk,209,13,6,Over
1,talk,210,14,7,Over
1,talk,211,14,15,Over
1,talk,212,14,12,Skip
1,talk,213,14,5,Over
1,talk,214,14,6,Over
1,talk,215,14,10,Over
1,talk,216,14,2,Over
1,talk,217,14,4,Over
1,talk,218,14,14,Over
1,talk,219,14,9,Over
1,talk,220,14,8,Over
1,talk,221,14,3,Over
1,talk,222,14,11,Over
1,talk,223,14,13,Over
1,talk,224,14,1,Over
1,talk,225,15,7,Over
1,talk,226,15,10,Over
1,talk,227,15,13,Over
1,talk,228,15,8,Over
1,talk,229,15,4,Over
1,talk,230,15,12,Over
1,talk,231,15,14,Over
1,talk,232,15,5,Over
1,talk,233,15,15,Over
1,talk,234,15,1,VOTE Agent[04]
1,talk,235,15,11,Over
1,talk,236,15,2,Over
1,talk,237,15,6,Over
1,talk,238,15,9,Over
1,talk,239,15,3,Over
1,talk,240,16,3,Over
1,talk,241,16,8,Over
1,talk,242,16,10,Over
1,talk,243,16,12,Over
1,talk,244,16,13,Over
1,talk,245,16,1,Skip
1,talk,246,16,9,Over
1,talk,247,16,2,Over
1,talk,248,16,7,Over
1,talk,249,16,15,Over
1,talk,250,16,11,Over
1,talk,251,16,5,Over
1,talk,252,16,4,Over
1,talk,253,16,14,Over
1,talk,254,16,6,Over
1,talk,255,17,3,Over
1,talk,256,17,4,Over
1,talk,257,17,2,Over
1,talk,258,17,9,Over
1,talk,259,17,7,Over
1,talk,260,17,1,Skip
1,talk,261,17,12,Over
1,talk,262,17,5,Over
1,talk,263,17,13,Over
1,talk,264,17,15,Over
1,talk,265,17,11,Over
1,talk,266,17,6,Over
1,talk,267,17,14,Over
1,talk,268,17,10,Over
1,talk,269,17,8,Over
1,talk,270,18,4,Over
1,talk,271,18,11,Over
1,talk,272,18,13,Over
1,talk,273,18,10,Over
1,talk,274,18,3,Over
1,talk,275,18,12,Over
1,talk,276,18,7,Over
1,talk,277,18,14,Over
1,talk,278,18,6,Over
1,talk,279,18,5,Over
1,talk,280,18,8,Over
1,talk,281,18,9,Over
1,talk,282,18,1,Over
1,talk,283,18,15,Over
1,talk,284,18,2,Over
1,vote,1,4
1,vote,2,6
1,vote,3,4
1,vote,4,13
1,vote,5,13
1,vote,6,4
1,vote,7,4
1,vote,8,10
1,vote,9,13
1,vote,10,2
1,vote,11,4
1,vote,12,4
1,vote,13,7
1,vote,14,4
1,vote,15,4
1,execute,4,WEREWOLF
1,whisper,0,0,2,ATTACK Agent[15]
1,whisper,1,0,14,ATTACK Agent[07]
1,whisper,2,1,2,Skip
1,whisper,3,1,14,Skip
1,whisper,4,2,2,Skip
1,whisper,5,2,14,Skip
1,whisper,6,3,14,Over
1,whisper,7,3,2,Over
1,guard,9,15,MEDIUM
1,attackVote,2,15
1,attackVote,14,7
1,attackVote,2,15
1,attackVote,14,7
1,attack,7,true
2,status,1,VILLAGER,ALIVE,TOKU11
2,status,2,WEREWOLF,ALIVE,sample_py
2,status,3,VILLAGER,ALIVE,Takeda10
2,status,4,WEREWOLF,DEAD,SampleJava4
2,status,5,VILLAGER,ALIVE,HALU
2,status,6,VILLAGER,ALIVE,Tomato6
2,status,7,POSSESSED,DEAD,sample_py
2,status,8,VILLAGER,ALIVE,sample_py
2,status,9,BODYGUARD,ALIVE,OKAMI
2,status,10,VILLAGER,ALIVE,sample_py
2,status,11,VILLAGER,ALIVE,Takeda1
2,status,12,VILLAGER,ALIVE,Takeda13
2,status,13,SEER,ALIVE,SampleJava0
2,status,14,WEREWOLF,ALIVE,Tomato12
2,status,15,MEDIUM,ALIVE,Takeda8
2,talk,0,0,9,VOTE Agent[13]
2,talk,1,0,3,VOTE Agent[09]
2,talk,2,0,10,VOTE Agent[08]
2,talk,3,0,1,VOTE Agent[09]
2,talk,4,0,11,VOTE Agent[09]
2,talk,5,0,5,VOTE Agent[13]
2,talk,6,0,13,VOTE Agent[10]
2,talk,7,0,8,VOTE Agent[14]
2,talk,8,0,6,VOTE Agent[09]
2,talk,9,0,2,VOTE Agent[12]
2,talk,10,0,15,IDENTIFIED Agent[04] WEREWOLF
2,talk,11,0,14,VOTE Agent[09]
2,talk,12,0,12,VOTE Agent[09]
2,talk,13,1,10,Skip
2,talk,14,1,3,Skip
2,talk,15,1,1,Skip
2,talk,16,1,11,Skip
2,talk,17,1,13,REQUEST ANY (VOTE Agent[10])
2,talk,18,1,8,Skip
2,talk,19,1,5,VOTE Agent[10]
2,talk,20,1,6,Skip
2,talk,21,1,12,Skip
2,talk,22,1,15,VOTE Agent[09]
2,talk,23,1,14,Skip
2,talk,24,1,9,VOTE Agent[08]
2,talk,25,1,2,Skip
2,talk,26,2,9,VOTE Agent[14]
2,talk,27,2,2,Skip
2,talk,28,2,12,Skip
2,talk,29,2,6,Skip
2,talk,30,2,10,Skip
2,talk,31,2,13,Skip
2,talk,32,2,15,Skip
2,talk,33,2,1,Skip
2,talk,34,2,8,Skip
2,talk,35,2,11,Skip
2,talk,36,2,5,VOTE Agent[02]
2,talk,37,2,3,Skip
2,talk,38,2,14,Skip
2,talk,39,3,12,Over
2,talk,40,3,11,Over
2,talk,41,3,2,Over
2,talk,42,3,10,Over
2,talk,43,3,13,Skip
2,talk,44,3,15,Skip
2,talk,45,3,9,VOTE Agent[10]
2,talk,46,3,5,VOTE Agent[02]
2,talk,47,3,8,Over
2,talk,48,3,14,Over
2,talk,49,3,1,Over
2,talk,50,3,6,Over
2,talk,51,3,3,Over
2,talk,52,4,11,Over
2,talk,53,4,8,Over
2,talk,54,4,14,Over
2,talk,55,4,9,VOTE Agent[08]
2,talk,56,4,13,Over
2,talk,57,4,6,Over
2,talk,58,4,5,VOTE Agent[02]
2,talk,59,4,3,Over
2,talk,60,4,12,Over
2,talk,61,4,15,Over
2,talk,62,4,10,Over
2,talk,63,4,2,Over
2,talk,64,4,1,Over
2,talk,65,5,5,VOTE Agent[02]
2,talk,66,5,10,Over
2,talk,67,5,6,Over
2,talk,68,5,15,Over
2,talk,69,5,9,VOTE Agent[14]
2,talk,70,5,8,Over
2,talk,71,5,2,Over
2,talk,72,5,14,Over
2,talk,73,5,13,Over
2,talk,74,5,3,Over
2,talk,75,5,1,Over
2,talk,76,5,11,Over
2,talk,77,5,12,Over
2,talk,78,6,2,Over
2,talk,79,6,6,Over
2,talk,80,6,10,Over
2,talk,81,6,14,Over
2,talk,82,6,15,Over
2,talk,83,6,3,Over
2,talk,84,6,9,VOTE Agent[14]
2,talk,85,6,13,Over
2,talk,86,6,5,VOTE Agent[02]
2,talk,87,6,1,Over
2,talk,88,6,12,Over
2,talk,89,6,8,Over
2,talk,90,6,11,Over
2,talk,91,7,1,Over
2,talk,92,7,5,VOTE Agent[02]
2,talk,93,7,3,Over
2,talk,94,7,11,Over
2,talk,95,7,2,Over
2,talk,96,7,15,Over
2,talk,97,7,8,Over
2,talk,98,7,6,Over
2,talk,99,7,9,VOTE Agent[14]
2,talk,100,7,14,Over
2,talk,101,7,12,Over
2,talk,102,7,10,Over
2,talk,103,7,13,Over
2,talk,104,8,11,Over
2,talk,105,8,14,Over
2,talk,106,8,9,VOTE Agent[02]
2,talk,107,8,5,VOTE Agent[02]
2,talk,108,8,6,Over
2,talk,109,8,2,Over
2,talk,110,8,10,Over
2,talk,111,8,1,Over
2,talk,112,8,13,Over
2,talk,113,8,3,Over
2,talk,114,8,8,Over
2,talk,115,8,15,Over
2,talk,116,8,12,Over
2,talk,117,9,11,Over
2,talk,118,9,3,Over
2,talk,119,9,8,Over
2,talk,120,9,6,Over
2,talk,121,9,13,Over
2,talk,122,9,5,Over
2,talk,123,9,10,Over
2,talk,124,9,9,Over
2,talk,125,9,1,Over
2,talk,126,9,2,Over
2,talk,127,9,15,Over
2,talk,128,9,14,Over
2,talk,129,9,12,Over
2,vote,1,9
2,vote,2,12
2,vote,3,9
2,vote,5,2
2,vote,6,9
2,vote,8,14
2,vote,9,8
2,vote,10,8
2,vote,11,9
2,vote,12,9
2,vote,13,15
2,vote,14,9
2,vote,15,9
2,execute,9,BODYGUARD
2,divine,13,8,HUMAN
2,whisper,0,0,14,ATTACK Agent[13]
2,whisper,1,0,2,ATTACK Agent[15]
2,whisper,2,1,14,Skip
2,whisper,3,1,2,Skip
2,whisper,4,2,14,Skip
2,whisper,5,2,2,Skip
2,whisper,6,3,2,Over
2,whisper,7,3,14,Over
2,attackVote,2,15
2,attackVote,14,13
2,attackVote,2,15
2,attackVote,14,13
2,attack,15,true
3,status,1,VILLAGER,ALIVE,TOKU11
3,status,2,WEREWOLF,ALIVE,sample_py
3,status,3,VILLAGER,ALIVE,Takeda10
3,status,4,WEREWOLF,DEAD,SampleJava4
3,status,5,VILLAGER,ALIVE,HALU
3,status,6,VILLAGER,ALIVE,Tomato6
3,status,7,POSSESSED,DEAD,sample_py
3,status,8,VILLAGER,ALIVE,sample_py
3,status,9,BODYGUARD,DEAD,OKAMI
3,status,10,VILLAGER,ALIVE,sample_py
3,status,11,VILLAGER,ALIVE,Takeda1
3,status,12,VILLAGER,ALIVE,Takeda13
3,status,13,SEER,ALIVE,SampleJava0
3,status,14,WEREWOLF,ALIVE,Tomato12
3,status,15,MEDIUM,DEAD,Takeda8
3,talk,0,0,5,VOTE Agent[02]
3,talk,1,0,12,VOTE Agent[05]
3,talk,2,0,3,VOTE Agent[05]
3,talk,3,0,2,VOTE Agent[05]
3,talk,4,0,13,DAY 3 (DIVINED Agent[08] HUMAN)
3,talk,5,0,14,VOTE Agent[05]
3,talk,6,0,1,VOTE Agent[05]
3,talk,7,0,8,VOTE Agent[03]
3,talk,8,0,10,VOTE Agent[01]
3,talk,9,0,6,VOTE Agent[13]
3,talk,10,0,11,VOTE Agent[05]
3,talk,11,1,6,Skip
3,talk,12,1,1,Skip
3,talk,13,1,2,Skip
3,talk,14,1,10,Skip
3,talk,15,1,13,DIVINED Agent[08] HUMAN
3,talk,16,1,8,Skip
3,talk,17,1,5,VOTE Agent[06]
3,talk,18,1,11,Skip
3,talk,19,1,12,Skip
3,talk,20,1,3,Skip
3,talk,21,1,14,Skip
3,talk,22,2,13,VOTE Agent[01]
3,talk,23,2,14,Skip
3,talk,24,2,11,Skip
3,talk,25,2,5,VOTE Agent[06]
3,talk,26,2,2,Skip
3,talk,27,2,3,Skip
3,talk,28,2,1,Skip
3,talk,29,2,12,Skip
3,talk,30,2,6,Skip
3,talk,31,2,8,Skip
3,talk,32,2,10,Skip
3,talk,33,3,1,Over
3,talk,34,3,14,Over
3,talk,35,3,8,Over
3,talk,36,3,3,Over
3,talk,37,3,5,VOTE Agent[06]
3,talk,38,3,2,Over
3,talk,39,3,12,Over
3,talk,40,3,6,Over
3,talk,41,3,11,Over
3,talk,42,3,13,REQUEST ANY (VOTE Agent[01])
3,talk,43,3,10,Over
3,talk,44,4,14,Over
3,talk,45,4,1,Over
3,talk,46,4,6,Over
3,talk,47,4,11,Over
3,talk,48,4,12,Over
3,talk,49,4,5,VOTE Agent[06]
3,talk,50,4,2,Over
3,talk,51,4,8,Over
3,talk,52,4,3,Over
3,talk,53,4,13,Skip
3,talk,54,4,10,Over
3,talk,55,5,14,Over
3,talk,56,5,13,Skip
3,talk,57,5,3,Over
3,talk,58,5,8,Over
3,talk,59,5,5,VOTE Agent[06]
3,talk,60,5,10,Over
3,talk,61,5,6,Over
3,talk,62,5,1,Over
3,talk,63,5,11,Over
3,talk,64,5,12,Over
3,talk,65,5,2,Over
3,talk,66,6,10,Over
3,talk,67,6,12,Over
3,talk,68,6,6,Over
3,talk,69,6,11,Over
3,talk,70,6,1,Over
3,talk,71,6,8,Over
3,talk,72,6,13,Over
3,talk,73,6,3,Over
3,talk,74,6,14,Over
3,talk,75,6,2,Over
3,talk,76,6,5,VOTE Agent[06]
3,talk,77,7,3,Over
3,talk,78,7,12,Over
3,talk,79,7,6,Over
3,talk,80,7,11,Over
3,talk,81,7,14,Over
3,talk,82,7,5,VOTE Agent[06]
3,talk,83,7,2,Over
3,talk,84,7,10,Over
3,talk,85,7,13,Over
3,talk,86,7,1,Over
3,talk,87,7,8,Over
3,talk,88,8,10,Over
3,talk,89,8,5,VOTE Agent[06]
3,talk,90,8,6,Over
3,talk,91,8,8,Over
3,talk,92,8,14,Over
3,talk,93,8,12,Over
3,talk,94,8,11,Over
3,talk,95,8,13,Over
3,talk,96,8,2,Over
3,talk,97,8,3,Over
3,talk,98,8,1,Over
3,talk,99,9,13,Over
3,talk,100,9,6,Over
3,talk,101,9,3,Over
3,talk,102,9,11,Over
3,talk,103,9,5,Over
3,talk,104,9,10,Over
3,talk,105,9,14,Over
3,talk,106,9,8,Over
3,talk,107,9,12,Over
3,talk,108,9,2,Over
3,talk,109,9,1,Over
3,vote,1,5
3,vote,2,5
3,vote,3,5
3,vote,5,6
3,vote,6,13
3,vote,8,3
3,vote,10,1
3,vote,11,5
3,vote,12,5
3,vote,13,10
3,vote,14,5
3,execute,5,VILLAGER
3,divine,13,6,HUMAN
3,whisper,0,0,14,ATTACK Agent[13]
3,whisper,1,0,2,ATTACK Agent[13]
3,whisper,2,1,14,Skip
3,whisper,3,1,2,Skip
3,whisper,4,2,14,Skip
3,whisper,5,2,2,Skip
3,whisper,6,3,14,Over
3,whisper,7,3,2,Over
3,attackVote,2,13
3,attackVote,14,13
3,attack,13,true
4,status,1,VILLAGER,ALIVE,TOKU11
4,status,2,WEREWOLF,ALIVE,sample_py
4,status,3,VILLAGER,ALIVE,Takeda10
4,status,4,WEREWOLF,DEAD,SampleJava4
4,status,5,VILLAGER,DEAD,HALU
4,status,6,VILLAGER,ALIVE,Tomato6
4,status,7,POSSESSED,DEAD,sample_py
4,status,8,VILLAGER,ALIVE,sample_py
4,status,9,BODYGUARD,DEAD,OKAMI
4,status,10,VILLAGER,ALIVE,sample_py
4,status,11,VILLAGER,ALIVE,Takeda1
4,status,12,VILLAGER,ALIVE,Takeda13
4,status,13,SEER,DEAD,SampleJava0
4,status,14,WEREWOLF,ALIVE,Tomato12
4,status,15,MEDIUM,DEAD,Takeda8
4,talk,0,0,8,VOTE Agent[12]
4,talk,1,0,6,VOTE Agent[02]
4,talk,2,0,12,VOTE Agent[11]
4,talk,3,0,14,VOTE Agent[12]
4,talk,4,0,11,VOTE Agent[12]
4,talk,5,0,2,VOTE Agent[12]
4,talk,6,0,3,VOTE Agent[11]
4,talk,7,0,10,VOTE Agent[11]
4,talk,8,0,1,VOTE Agent[11]
4,talk,9,1,6,Skip
4,talk,10,1,11,Skip
4,talk,11,1,3,Skip
4,talk,12,1,14,Skip
4,talk,13,1,1,Skip
4,talk,14,1,10,Skip
4,talk,15,1,2,Skip
4,talk,16,1,8,Skip
4,talk,17,1,12,Skip
4,talk,18,2,2,Skip
4,talk,19,2,14,VOTE Agent[11]
4,talk,20,2,11,VOTE Agent[12]
4,talk,21,2,8,Skip
4,talk,22,2,6,Skip
4,talk,23,2,10,Skip
4,talk,24,2,12,Skip
4,talk,25,2,1,Skip
4,talk,26,2,3,Skip
4,talk,27,3,14,Skip
4,talk,28,3,6,Over
4,talk,29,3,8,Over
4,talk,30,3,11,VOTE Agent[12]
4,talk,31,3,3,Over
4,talk,32,3,12,Over
4,talk,33,3,1,Over
4,talk,34,3,10,Over
4,talk,35,3,2,Over
4,talk,36,4,3,Over
4,talk,37,4,6,Over
4,talk,38,4,1,Over
4,talk,39,4,14,Skip
4,talk,40,4,12,Over
4,talk,41,4,8,Over
4,talk,42,4,2,Over
4,talk,43,4,11,VOTE Agent[12]
4,talk,44,4,10,Over
4,talk,45,5,12,Over
4,talk,46,5,10,Over
4,talk,47,5,14,Over
4,talk,48,5,8,Over
4,talk,49,5,6,Over
4,talk,50,5,2,Over
4,talk,51,5,1,Over
4,talk,52,5,3,Over
4,talk,53,5,11,VOTE Agent[12]
4,talk,54,6,3,Over
4,talk,55,6,14,Over
4,talk,56,6,12,Over
4,talk,57,6,11,VOTE Agent[12]
4,talk,58,6,6,Over
4,talk,59,6,2,Over
4,talk,60,6,10,Over
4,talk,61,6,8,Over
4,talk,62,6,1,Over
4,talk,63,7,10,Over
4,talk,64,7,12,Over
4,talk,65,7,2,Over
4,talk,66,7,6,Over
4,talk,67,7,14,Over
4,talk,68,7,1,Over
4,talk,69,7,8,Over
4,talk,70,7,11,VOTE Agent[12]
4,talk,71,7,3,Over
4,talk,72,8,1,Over
4,talk,73,8,10,Over
4,talk,74,8,2,Over
4,talk,75,8,14,Over
4,talk,76,8,11,VOTE Agent[12]
4,talk,77,8,3,Over
4,talk,78,8,12,Over
4,talk,79,8,8,Over
4,talk,80,8,6,Over
4,talk,81,9,2,Over
4,talk,82,9,12,Over
4,talk,83,9,10,Over
4,talk,84,9,14,Over
4,talk,85,9,1,Over
4,talk,86,9,3,Over
4,talk,87,9,6,Over
4,talk,88,9,8,Over
4,talk,89,9,11,VOTE Agent[12]
4,talk,90,10,6,Over
4,talk,91,10,14,Over
4,talk,92,10,8,Over
4,talk,93,10,12,Over
4,talk,94,10,11,VOTE Agent[12]
4,talk,95,10,2,Over
4,talk,96,10,1,Over
4,talk,97,10,3,Over
4,talk,98,10,10,Over
4,talk,99,11,10,Over
4,talk,100,11,2,Over
4,talk,101,11,3,Over
4,talk,102,11,14,Over
4,talk,103,11,12,Over
4,talk,104,11,11,Over
4,talk,105,11,6,Over
4,talk,106,11,1,Over
4,talk,107,11,8,Over
4,vote,1,11
4,vote,2,12
4,vote,3,11
4,vote,6,2
4,vote,8,12
4,vote,10,11
4,vote,11,12
4,vote,12,11
4,vote,14,11
4,execute,11,VILLAGER
4,whisper,0,0,14,ATTACK Agent[01]
4,whisper,1,0,2,ATTACK Agent[01]
4,whisper,2,1,2,Skip
4,whisper,3,1,14,Skip
4,whisper,4,2,2,Skip
4,whisper,5,2,14,Skip
4,whisper,6,3,14,Over
4,whisper,7,3,2,Over
4,attackVote,2,1
4,attackVote,14,1
4,attack,1,true
5,status,1,VILLAGER,DEAD,TOKU11
5,status,2,WEREWOLF,ALIVE,sample_py
5,status,3,VILLAGER,ALIVE,Takeda10
5,status,4,WEREWOLF,DEAD,SampleJava4
5,status,5,VILLAGER,DEAD,HALU
5,status,6,VILLAGER,ALIVE,Tomato6
5,status,7,POSSESSED,DEAD,sample_py
5,status,8,VILLAGER,ALIVE,sample_py
5,status,9,BODYGUARD,DEAD,OKAMI
5,status,10,VILLAGER,ALIVE,sample_py
5,status,11,VILLAGER,DEAD,Takeda1
5,status,12,VILLAGER,ALIVE,Takeda13
5,status,13,SEER,DEAD,SampleJava0
5,status,14,WEREWOLF,ALIVE,Tomato12
5,status,15,MEDIUM,DEAD,Takeda8
5,talk,0,0,8,VOTE Agent[10]
5,talk,1,0,3,VOTE Agent[12]
5,talk,2,0,10,VOTE Agent[12]
5,talk,3,0,14,VOTE Agent[12]
5,talk,4,0,12,VOTE Agent[02]
5,talk,5,0,6,VOTE Agent[02]
5,talk,6,0,2,VOTE Agent[10]
5,talk,7,1,10,Skip
5,talk,8,1,3,Skip
5,talk,9,1,8,Skip
5,talk,10,1,6,Skip
5,talk,11,1,14,Skip
5,talk,12,1,2,Skip
5,talk,13,1,12,Skip
5,talk,14,2,8,Skip
5,talk,15,2,10,Skip
5,talk,16,2,2,Skip
5,talk,17,2,3,Skip
5,talk,18,2,12,Skip
5,talk,19,2,6,Skip
5,talk,20,2,14,Skip
5,talk,21,3,14,Over
5,talk,22,3,6,Over
5,talk,23,3,12,Over
5,talk,24,3,8,Over
5,talk,25,3,2,Over
5,talk,26,3,10,Over
5,talk,27,3,3,Over
5,vote,2,10
5,vote,3,12
5,vote,6,2
5,vote,8,10
5,vote,10,12
5,vote,12,2
5,vote,14,12
5,execute,12,VILLAGER
5,whisper,0,0,14,ATTACK Agent[03]
5,whisper,1,0,2,ATTACK Agent[10]
5,whisper,2,1,2,Skip
5,whisper,3,1,14,Skip
5,whisper,4,2,2,Skip
5,whisper,5,2,14,Skip
5,whisper,6,3,2,Over
5,whisper,7,3,14,Over
5,attackVote,2,10
5,attackVote,14,3
5,attackVote,2,10
5,attackVote,14,3
5,attack,3,true
6,status,1,VILLAGER,DEAD,TOKU11
6,status,2,WEREWOLF,ALIVE,sample_py
6,status,3,VILLAGER,DEAD,Takeda10
6,status,4,WEREWOLF,DEAD,SampleJava4
6,status,5,VILLAGER,DEAD,HALU
6,status,6,VILLAGER,ALIVE,Tomato6
6,status,7,POSSESSED,DEAD,sample_py
6,status,8,VILLAGER,ALIVE,sample_py
6,status,9,BODYGUARD,DEAD,OKAMI
6,status,10,VILLAGER,ALIVE,sample_py
6,status,11,VILLAGER,DEAD,Takeda1
6,status,12,VILLAGER,DEAD,Takeda13
6,status,13,SEER,DEAD,SampleJava0
6,status,14,WEREWOLF,ALIVE,Tomato12
6,status,15,MEDIUM,DEAD,Takeda8
6,talk,0,0,14,VOTE Agent[10]
6,talk,1,0,8,VOTE Agent[02]
6,talk,2,0,10,VOTE Agent[08]
6,talk,3,0,2,VOTE Agent[08]
6,talk,4,0,6,VOTE Agent[02]
6,talk,5,1,10,Skip
6,talk,6,1,14,VOTE Agent[08]
6,talk,7,1,8,Skip
6,talk,8,1,2,Skip
6,talk,9,1,6,Skip
6,talk,10,2,10,Skip
6,talk,11,2,8,Skip
6,talk,12,2,6,Skip
6,talk,13,2,14,Skip
6,talk,14,2,2,Skip
6,talk,15,3,14,Skip
6,talk,16,3,2,Over
6,talk,17,3,6,Over
6,talk,18,3,8,Over
6,talk,19,3,10,Over
6,talk,20,4,10,Over
6,talk,21,4,14,Over
6,talk,22,4,2,Over
6,talk,23,4,8,Over
6,talk,24,4,6,Over
6,vote,2,8
6,vote,6,2
6,vote,8,2
6,vote,10,8
6,vote,14,8
6,execute,8,VILLAGER
6,whisper,0,0,14,ATTACK Agent[10]
6,whisper,1,0,2,ATTACK Agent[10]
6,whisper,2,1,2,Skip
6,whisper,3,1,14,Skip
6,whisper,4,2,14,Skip
6,whisper,5,2,2,Skip
6,whisper,6,3,2,Over
6,whisper,7,3,14,Over
6,attackVote,2,10
6,attackVote,14,10
6,attack,10,true
7,status,1,VILLAGER,DEAD,TOKU11
7,status,2,WEREWOLF,ALIVE,sample_py
7,status,3,VILLAGER,DEAD,Takeda10
7,status,4,WEREWOLF,DEAD,SampleJava4
7,status,5,VILLAGER,DEAD,HALU
7,status,6,VILLAGER,ALIVE,Tomato6
7,status,7,POSSESSED,DEAD,sample_py
7,status,8,VILLAGER,DEAD,sample_py
7,status,9,BODYGUARD,DEAD,OKAMI
7,status,10,VILLAGER,DEAD,sample_py
7,status,11,VILLAGER,DEAD,Takeda1
7,status,12,VILLAGER,DEAD,Takeda13
7,status,13,SEER,DEAD,SampleJava0
7,status,14,WEREWOLF,ALIVE,Tomato12
7,status,15,MEDIUM,DEAD,Takeda8
7,result,1,2,WEREWOLF
