0,status,1,VILLAGER,ALIVE,OKAMI
0,status,2,BODYGUARD,ALIVE,HALU
0,status,3,VILLAGER,ALIVE,OKAMI
0,status,4,VILLAGER,ALIVE,OKAMI
0,status,5,WEREWOLF,ALIVE,Tomato12
0,status,6,SEER,ALIVE,OKAMI
0,status,7,MEDIUM,ALIVE,Takeda2
0,status,8,VILLAGER,ALIVE,Takeda6
0,status,9,WEREWOLF,ALIVE,SampleJava9
0,status,10,WEREWOLF,ALIVE,OKAMI
0,status,11,VILLAGER,ALIVE,OKAMI
0,status,12,POSSESSED,ALIVE,HALU
0,status,13,VILLAGER,ALIVE,TOKU11
0,status,14,VILLAGER,ALIVE,Takeda0
0,status,15,VILLAGER,ALIVE,SampleJava5
0,whisper,0,0,9,COMINGOUT Agent[09] SEER
0,whisper,1,0,5,COMINGOUT Agent[05] VILLAGER
0,whisper,2,0,10,COMINGOUT Agent[10] VILLAGER
0,whisper,3,1,10,Skip
0,whisper,4,1,9,Skip
0,whisper,5,1,5,Skip
0,whisper,6,2,9,Skip
0,whisper,7,2,5,Skip
0,whisper,8,2,10,Skip
0,whisper,9,3,10,Over
0,whisper,10,3,5,Over
0,whisper,11,3,9,Over
0,divine,6,9,WEREWOLF
1,status,1,VILLAGER,ALIVE,OKAMI
1,status,2,BODYGUARD,ALIVE,HALU
1,status,3,VILLAGER,ALIVE,OKAMI
1,status,4,VILLAGER,ALIVE,OKAMI
1,status,5,WEREWOLF,ALIVE,Tomato12
1,status,6,SEER,ALIVE,OKAMI
1,status,7,MEDIUM,ALIVE,Takeda2
1,status,8,VILLAGER,ALIVE,Takeda6
1,status,9,WEREWOLF,ALIVE,SampleJava9
1,status,10,WEREWOLF,ALIVE,OKAMI
1,status,11,VILLAGER,ALIVE,OKAMI
1,status,12,POSSESSED,ALIVE,HALU
1,status,13,VILLAGER,ALIVE,TOKU11
1,status,14,VILLAGER,ALIVE,Takeda0
1,status,15,VILLAGER,ALIVE,SampleJava5
1,talk,0,0,9,COMINGOUT Agent[09] SEER
1,talk,1,0,10,VOTE Agent[04]
1,talk,2,0,3,VOTE Agent[04]
1,talk,3,0,1,VOTE Agent[04]
1,talk,4,0,13,VOTE Agent[04]
1,talk,5,0,11,VOTE Agent[04]
1,talk,6,0,7,COMINGOUT Agent[07] MEDIUM
1,talk,7,0,8,VOTE Agent[04]
1,talk,8,0,15,VOTE Agent[14]
1,talk,9,0,5,VOTE Agent[04]
1,talk,10,0,4,VOTE Agent[14]
1,talk,11,0,12,COMINGOUT Agent[12] SEER
1,talk,12,0,14,VOTE Agent[04]
1,talk,13,0,6,VOTE Agent[14]
1,talk,14,0,2,VOTE Agent[14]
1,talk,15,1,6,VOTE Agent[14]
1,talk,16,1,15,REQUEST ANY (VOTE Agent[14])
1,talk,17,1,10,VOTE Agent[04]
1,talk,18,1,13,VOTE Agent[01]
1,talk,19,1,3,COMINGOUT Agent[03] VILLAGER
1,talk,20,1,14,Skip
1,talk,21,1,5,Skip
1,talk,22,1,4,COMINGOUT Agent[04] VILLAGER
1,talk,23,1,8,Skip
1,talk,24,1,12,DIVINED Agent[10] WEREWOLF
1,talk,25,1,2,VOTE Agent[10]
1,talk,26,1,1,COMINGOUT Agent[01] VILLAGER
1,talk,27,1,11,COMINGOUT Agent[11] VILLAGER
1,talk,28,1,7,VOTE Agent[01]
1,talk,29,1,9,DAY 1 (DIVINED Agent[05] HUMAN)
1,talk,30,2,4,VOTE Agent[03]
1,talk,31,2,8,VOTE Agent[06]
1,talk,32,2,12,VOTE Agent[07]
1,talk,33,2,15,Skip
1,talk,34,2,5,Skip
1,talk,35,2,11,VOTE Agent[15]
1,talk,36,2,3,VOTE Agent[15]
1,talk,37,2,6,VOTE Agent[09]
1,talk,38,2,2,VOTE Agent[15]
1,talk,39,2,10,VOTE Agent[15]
1,talk,40,2,9,DIVINED Agent[05] HUMAN
1,talk,41,2,14,VOTE Agent[10]
1,talk,42,2,7,VOTE Agent[10]
1,talk,43,2,13,VOTE Agent[09]
1,talk,44,2,1,VOTE Agent[15]
1,talk,45,3,3,VOTE Agent[15]
1,talk,46,3,14,VOTE Agent[06]
1,talk,47,3,7,VOTE Agent[06]
1,talk,48,3,10,VOTE Agent[15]
1,talk,49,3,6,VOTE Agent[09]
1,talk,50,3,4,VOTE Agent[15]
1,talk,51,3,15,Skip
1,talk,52,3,9,BECAUSE (AND (COMINGOUT Agent[09] SEER) (Agent[12] COMINGOUT Agent[12] SEER)) (XOR (ESTIMATE Agent[12] WEREWOLF) (ESTIMATE Agent[12] POSSESSED))
1,talk,53,3,2,VOTE Agent[15]
1,talk,54,3,1,VOTE Agent[15]
1,talk,55,3,8,Skip
1,talk,56,3,5,VOTE Agent[15]
1,talk,57,3,11,VOTE Agent[15]
1,talk,58,3,13,VOTE Agent[10]
1,talk,59,3,12,VOTE Agent[07]
1,talk,60,4,10,VOTE Agent[15]
1,talk,61,4,14,Skip
1,talk,62,4,12,VOTE Agent[07]
1,talk,63,4,6,VOTE Agent[09]
1,talk,64,4,3,VOTE Agent[15]
1,talk,65,4,9,BECAUSE (XOR (ESTIMATE Agent[12] WEREWOLF) (ESTIMATE Agent[12] POSSESSED)) (AND (VOTE Agent[12]) (REQUEST ANY (VOTE Agent[12])))
1,talk,66,4,13,VOTE Agent[06]
1,talk,67,4,4,VOTE Agent[15]
1,talk,68,4,11,VOTE Agent[15]
1,talk,69,4,2,VOTE Agent[15]
1,talk,70,4,1,VOTE Agent[15]
1,talk,71,4,5,Skip
1,talk,72,4,8,Skip
1,talk,73,4,7,Skip
1,talk,74,4,15,Over
1,talk,75,5,15,Over
1,talk,76,5,5,Skip
1,talk,77,5,10,VOTE Agent[15]
1,talk,78,5,1,VOTE Agent[15]
1,talk,79,5,3,VOTE Agent[15]
1,talk,80,5,4,VOTE Agent[15]
1,talk,81,5,8,Over
1,talk,82,5,12,VOTE Agent[10]
1,talk,83,5,7,Skip
1,talk,84,5,14,Skip
1,talk,85,5,11,VOTE Agent[15]
1,talk,86,5,2,VOTE Agent[15]
1,talk,87,5,6,VOTE Agent[09]
1,talk,88,5,9,VOTE Agent[12]
1,talk,89,5,13,Skip
1,talk,90,6,15,Over
1,talk,91,6,13,Skip
1,talk,92,6,11,VOTE Agent[15]
1,talk,93,6,14,Over
1,talk,94,6,10,VOTE Agent[15]
1,talk,95,6,6,VOTE Agent[09]
1,talk,96,6,12,VOTE Agent[10]
1,talk,97,6,7,Over
1,talk,98,6,9,REQUEST ANY (VOTE Agent[12])
1,talk,99,6,3,VOTE Agent[15]
1,talk,100,6,5,Over
1,talk,101,6,8,Over
1,talk,102,6,1,VOTE Agent[15]
1,talk,103,6,2,VOTE Agent[15]
1,talk,104,6,4,VOTE Agent[15]
1,talk,105,7,2,VOTE Agent[15]
1,talk,106,7,7,Over
1,talk,107,7,5,Over
1,talk,108,7,4,VOTE Agent[15]
1,talk,109,7,6,VOTE Agent[09]
1,talk,110,7,1,VOTE Agent[15]
1,talk,111,7,15,Over
1,talk,112,7,11,VOTE Agent[15]
1,talk,113,7,12,VOTE Agent[10]
1,talk,114,7,10,VOTE Agent[15]
1,talk,115,7,13,Over
1,talk,116,7,14,Over
1,talk,117,7,8,Over
1,talk,118,7,9,Skip
1,talk,119,7,3,VOTE Agent[15]
1,talk,120,8,14,Over
1,talk,121,8,8,Over
1,talk,122,8,3,VOTE Agent[15]
1,talk,123,8,5,Over
1,talk,124,8,11,VOTE Agent[15]
1,talk,125,8,7,Over
1,talk,126,8,4,VOTE Agent[15]
1,talk,127,8,10,VOTE Agent[15]
1,talk,128,8,12,VOTE Agent[10]
1,talk,129,8,13,Over
1,talk,130,8,15,Over
1,talk,131,8,9,Skip
1,talk,132,8,2,VOTE Agent[15]
1,talk,133,8,1,VOTE Agent[15]
1,talk,134,8,6,VOTE Agent[09]
1,talk,135,9,5,Over
1,talk,136,9,10,Over
1,talk,137,9,6,Over
1,talk,138,9,8,Over
1,talk,139,9,3,Over
1,talk,140,9,14,Over
1,talk,141,9,1,Over
1,talk,142,9,15,Over
1,talk,143,9,7,Over
1,talk,144,9,4,Over
1,talk,145,9,11,Over
1,talk,146,9,12,Over
1,talk,147,9,2,Over
1,talk,148,9,9,Over
1,talk,149,9,13,Over
1,vote,1,15
1,vote,2,1
1,vote,3,15
1,vote,4,15
1,vote,5,15
1,vote,6,9
1,vote,7,6
1,vote,8,6
1,vote,9,12
1,vote,10,15
1,vote,11,15
1,vote,12,10
1,vote,13,6
1,vote,14,6
1,vote,15,12
1,execute,15,VILLAGER
1,divine,6,10,WEREWOLF
1,whisper,0,0,9,ATTACK Agent[04]
1,whisper,1,0,10,ATTACK Agent[12]
1,whisper,2,0,5,ATTACK Agent[12]
1,whisper,3,1,9,Skip
1,whisper,4,1,5,Skip
1,whisper,5,1,10,Skip
1,whisper,6,2,10,Skip
1,whisper,7,2,5,Skip
1,whisper,8,2,9,Skip
1,whisper,9,3,5,Over
1,whisper,10,3,9,Over
1,whisper,11,3,10,Over
1,guard,2,12,POSSESSED
1,attackVote,5,12
1,attackVote,9,4
1,attackVote,10,12
1,attack,12,false
2,status,1,VILLAGER,ALIVE,OKAMI
2,status,2,BODYGUARD,ALIVE,HALU
2,status,3,VILLAGER,ALIVE,OKAMI
2,status,4,VILLAGER,ALIVE,OKAMI
2,status,5,WEREWOLF,ALIVE,Tomato12
2,status,6,SEER,ALIVE,OKAMI
2,status,7,MEDIUM,ALIVE,Takeda2
2,status,8,VILLAGER,ALIVE,Takeda6
2,status,9,WEREWOLF,ALIVE,SampleJava9
2,status,10,WEREWOLF,ALIVE,OKAMI
2,status,11,VILLAGER,ALIVE,OKAMI
2,status,12,POSSESSED,ALIVE,HALU
2,status,13,VILLAGER,ALIVE,TOKU11
2,status,14,VILLAGER,ALIVE,Takeda0
2,status,15,VILLAGER,DEAD,SampleJava5
2,talk,0,0,12,DIVINED Agent[14] HUMAN
2,talk,1,0,11,VOTE Agent[10]
2,talk,2,0,5,VOTE Agent[10]
2,talk,3,0,7,IDENTIFIED Agent[15] HUMAN
2,talk,4,0,14,VOTE Agent[06]
2,talk,5,0,2,VOTE Agent[01]
2,talk,6,0,13,VOTE Agent[06]
2,talk,7,0,6,VOTE Agent[10]
2,talk,8,0,10,VOTE Agent[06]
2,talk,9,0,1,VOTE Agent[11]
2,talk,10,0,4,VOTE Agent[03]
2,talk,11,0,9,DAY 2 (DIVINED Agent[02] WEREWOLF)
2,talk,12,0,8,VOTE Agent[06]
2,talk,13,0,3,VOTE Agent[01]
2,talk,14,1,1,COMINGOUT Agent[01] VILLAGER
2,talk,15,1,3,COMINGOUT Agent[03] VILLAGER
2,talk,16,1,7,Skip
2,talk,17,1,4,COMINGOUT Agent[04] VILLAGER
2,talk,18,1,12,VOTE Agent[10]
2,talk,19,1,11,COMINGOUT Agent[11] VILLAGER
2,talk,20,1,10,VOTE Agent[02]
2,talk,21,1,8,Skip
2,talk,22,1,6,VOTE Agent[10]
2,talk,23,1,2,VOTE Agent[01]
2,talk,24,1,14,Skip
2,talk,25,1,13,Skip
2,talk,26,1,9,DIVINED Agent[02] WEREWOLF
2,talk,27,1,5,Skip
2,talk,28,2,5,VOTE Agent[06]
2,talk,29,2,12,VOTE Agent[10]
2,talk,30,2,13,Skip
2,talk,31,2,9,BECAUSE (DAY 2 (DIVINED Agent[02] WEREWOLF)) (AND (VOTE Agent[02]) (REQUEST ANY (VOTE Agent[02])))
2,talk,32,2,11,VOTE Agent[10]
2,talk,33,2,2,VOTE Agent[01]
2,talk,34,2,7,Skip
2,talk,35,2,10,VOTE Agent[02]
2,talk,36,2,4,VOTE Agent[03]
2,talk,37,2,3,VOTE Agent[01]
2,talk,38,2,6,VOTE Agent[10]
2,talk,39,2,8,Skip
2,talk,40,2,14,Skip
2,talk,41,2,1,VOTE Agent[11]
2,talk,42,3,13,Over
2,talk,43,3,11,VOTE Agent[02]
2,talk,44,3,9,VOTE Agent[02]
2,talk,45,3,10,VOTE Agent[02]
2,talk,46,3,14,Over
2,talk,47,3,12,VOTE Agent[10]
2,talk,48,3,2,VOTE Agent[01]
2,talk,49,3,8,Over
2,talk,50,3,7,Over
2,talk,51,3,5,VOTE Agent[02]
2,talk,52,3,3,VOTE Agent[01]
2,talk,53,3,1,VOTE Agent[11]
2,talk,54,3,4,VOTE Agent[03]
2,talk,55,3,6,VOTE Agent[10]
2,talk,56,4,12,VOTE Agent[10]
2,talk,57,4,9,REQUEST ANY (VOTE Agent[02])
2,talk,58,4,10,VOTE Agent[02]
2,talk,59,4,6,VOTE Agent[10]
2,talk,60,4,11,VOTE Agent[10]
2,talk,61,4,4,VOTE Agent[03]
2,talk,62,4,2,VOTE Agent[01]
2,talk,63,4,3,VOTE Agent[01]
2,talk,64,4,5,VOTE Agent[06]
2,talk,65,4,7,Over
2,talk,66,4,8,Over
2,talk,67,4,1,VOTE Agent[11]
2,talk,68,4,14,Over
2,talk,69,4,13,Over
2,talk,70,5,4,VOTE Agent[03]
2,talk,71,5,13,Over
2,talk,72,5,2,VOTE Agent[01]
2,talk,73,5,5,Skip
2,talk,74,5,3,VOTE Agent[01]
2,talk,75,5,14,Over
2,talk,76,5,12,VOTE Agent[10]
2,talk,77,5,11,VOTE Agent[02]
2,talk,78,5,10,VOTE Agent[02]
2,talk,79,5,6,VOTE Agent[10]
2,talk,80,5,7,Over
2,talk,81,5,1,VOTE Agent[11]
2,talk,82,5,8,Over
2,talk,83,5,9,Skip
2,talk,84,6,13,Over
2,talk,85,6,5,Skip
2,talk,86,6,1,VOTE Agent[11]
2,talk,87,6,10,VOTE Agent[02]
2,talk,88,6,12,VOTE Agent[10]
2,talk,89,6,4,VOTE Agent[03]
2,talk,90,6,11,VOTE Agent[02]
2,talk,91,6,8,Over
2,talk,92,6,2,VOTE Agent[01]
2,talk,93,6,14,Over
2,talk,94,6,3,VOTE Agent[01]
2,talk,95,6,9,Skip
2,talk,96,6,7,Over
2,talk,97,6,6,VOTE Agent[10]
2,talk,98,7,1,VOTE Agent[11]
2,talk,99,7,7,Over
2,talk,100,7,5,Over
2,talk,101,7,12,VOTE Agent[10]
2,talk,102,7,9,Over
2,talk,103,7,4,VOTE Agent[03]
2,talk,104,7,2,VOTE Agent[01]
2,talk,105,7,11,VOTE Agent[10]
2,talk,106,7,13,Over
2,talk,107,7,3,VOTE Agent[01]
2,talk,108,7,6,VOTE Agent[10]
2,talk,109,7,14,Over
2,talk,110,7,10,VOTE Agent[02]
2,talk,111,7,8,Over
2,talk,112,8,14,Over
2,talk,113,8,7,Over
2,talk,114,8,2,VOTE Agent[01]
2,talk,115,8,4,VOTE Agent[03]
2,talk,116,8,13,Over
2,talk,117,8,1,VOTE Agent[11]
2,talk,118,8,12,VOTE Agent[10]
2,talk,119,8,11,VOTE Agent[10]
2,talk,120,8,6,VOTE Agent[10]
2,talk,121,8,3,VOTE Agent[01]
2,talk,122,8,8,Over
2,talk,123,8,5,VOTE Agent[10]
2,talk,124,8,9,Over
2,talk,125,8,10,VOTE Agent[02]
2,talk,126,9,5,Skip
2,talk,127,9,2,Over
2,talk,128,9,6,Over
2,talk,129,9,8,Over
2,talk,130,9,10,Over
2,talk,131,9,12,Over
2,talk,132,9,11,Over
2,talk,133,9,7,Over
2,talk,134,9,4,Over
2,talk,135,9,1,Over
2,talk,136,9,3,Over
2,talk,137,9,13,Over
2,talk,138,9,14,Over
2,talk,139,9,9,Over
2,talk,140,10,10,Over
2,talk,141,10,11,Over
2,talk,142,10,4,Over
2,talk,143,10,5,VOTE Agent[06]
2,talk,144,10,9,Over
2,talk,145,10,12,Over
2,talk,146,10,8,Over
2,talk,147,10,1,Over
2,talk,148,10,13,Over
2,talk,149,10,3,Over
2,talk,150,10,6,Over
2,talk,151,10,2,Over
2,talk,152,10,14,Over
2,talk,153,10,7,Over
2,talk,154,11,6,Over
2,talk,155,11,8,Over
2,talk,156,11,14,Over
2,talk,157,11,9,Over
2,talk,158,11,3,Over
2,talk,159,11,10,Over
2,talk,160,11,12,Over
2,talk,161,11,11,Over
2,talk,162,11,5,VOTE Agent[10]
2,talk,163,11,13,Over
2,talk,164,11,4,Over
2,talk,165,11,2,Over
2,talk,166,11,7,Over
2,talk,167,11,1,Over
2,talk,168,12,2,Over
2,talk,169,12,9,Over
2,talk,170,12,13,Over
2,talk,171,12,6,Over
2,talk,172,12,11,Over
2,talk,173,12,5,Skip
2,talk,174,12,4,Over
2,talk,175,12,10,Over
2,talk,176,12,1,Over
2,talk,177,12,12,Over
2,talk,178,12,14,Over
2,talk,179,12,3,Over
2,talk,180,12,7,Over
2,talk,181,12,8,Over
2,talk,182,13,7,Over
2,talk,183,13,12,Over
2,talk,184,13,13,Over
2,talk,185,13,10,Over
2,talk,186,13,3,Over
2,talk,187,13,9,Over
2,talk,188,13,2,Over
2,talk,189,13,1,Over
2,talk,190,13,11,Over
2,talk,191,13,4,Over
2,talk,192,13,6,Over
2,talk,193,13,8,Over
2,talk,194,13,5,VOTE Agent[06]
2,talk,195,13,14,Over
2,talk,196,14,4,Over
2,talk,197,14,5,Skip
2,talk,198,14,2,Over
2,talk,199,14,3,Over
2,talk,200,14,11,Over
2,talk,201,14,12,Over
2,talk,202,14,7,Over
2,talk,203,14,9,Over
2,talk,204,14,6,Over
2,talk,205,14,10,Over
2,talk,206,14,8,Over
2,talk,207,14,1,Over
2,talk,208,14,13,Over
2,talk,209,14,14,Over
2,talk,210,15,8,Over
2,talk,211,15,1,Over
2,talk,212,15,7,Over
2,talk,213,15,10,Over
2,talk,214,15,5,Skip
2,talk,215,15,12,Over
2,talk,216,15,6,Over
2,talk,217,15,9,Over
2,talk,218,15,4,Over
2,talk,219,15,11,Over
2,talk,220,15,14,Over
2,talk,221,15,3,Over
2,talk,222,15,13,Over
2,talk,223,15,2,Over
2,talk,224,16,6,Over
2,talk,225,16,9,Over
2,talk,226,16,7,Over
2,talk,227,16,1,Over
2,talk,228,16,10,Over
2,talk,229,16,5,Over
2,talk,230,16,14,Over
2,talk,231,16,2,Over
2,talk,232,16,13,Over
2,talk,233,16,4,Over
2,talk,234,16,11,Over
2,talk,235,16,8,Over
2,talk,236,16,12,Over
2,talk,237,16,3,Over
2,vote,1,11
2,vote,2,1
2,vote,3,1
2,vote,4,3
2,vote,5,6
2,vote,6,10
2,vote,7,6
2,vote,8,6
2,vote,9,2
2,vote,10,2
2,vote,11,10
2,vote,12,10
2,vote,13,6
2,vote,14,6
2,execute,6,SEER
2,whisper,0,0,5,ATTACK Agent[07]
2,whisper,1,0,9,ATTACK Agent[11]
2,whisper,2,0,10,ATTACK Agent[07]
2,whisper,3,1,5,Skip
2,whisper,4,1,10,Skip
2,whisper,5,1,9,Skip
2,whisper,6,2,9,Skip
2,whisper,7,2,10,Skip
2,whisper,8,2,5,Skip
2,whisper,9,3,9,Over
2,whisper,10,3,5,Over
2,whisper,11,3,10,Over
2,guard,2,9,WEREWOLF
2,attackVote,5,7
2,attackVote,9,11
2,attackVote,10,7
2,attack,7,true
3,status,1,VILLAGER,ALIVE,OKAMI
3,status,2,BODYGUARD,ALIVE,HALU
3,status,3,VILLAGER,ALIVE,OKAMI
3,status,4,VILLAGER,ALIVE,OKAMI
3,status,5,WEREWOLF,ALIVE,Tomato12
3,status,6,SEER,DEAD,OKAMI
3,status,7,MEDIUM,DEAD,Takeda2
3,status,8,VILLAGER,ALIVE,Takeda6
3,status,9,WEREWOLF,ALIVE,SampleJava9
3,status,10,WEREWOLF,ALIVE,OKAMI
3,status,11,VILLAGER,ALIVE,OKAMI
3,status,12,POSSESSED,ALIVE,HALU
3,status,13,VILLAGER,ALIVE,TOKU11
3,status,14,VILLAGER,ALIVE,Takeda0
3,status,15,VILLAGER,DEAD,SampleJava5
3,talk,0,0,1,VOTE Agent[11]
3,talk,1,0,10,VOTE Agent[02]
3,talk,2,0,14,VOTE Agent[10]
3,talk,3,0,9,DAY 3 (DIVINED Agent[03] WEREWOLF)
3,talk,4,0,8,VOTE Agent[10]
3,talk,5,0,4,VOTE Agent[03]
3,talk,6,0,11,VOTE Agent[02]
3,talk,7,0,12,DIVINED Agent[14] HUMAN
3,talk,8,0,13,VOTE Agent[10]
3,talk,9,0,5,VOTE Agent[02]
3,talk,10,0,2,VOTE Agent[01]
3,talk,11,0,3,VOTE Agent[01]
3,talk,12,1,9,DIVINED Agent[03] WEREWOLF
3,talk,13,1,1,COMINGOUT Agent[01] VILLAGER
3,talk,14,1,14,Skip
3,talk,15,1,2,VOTE Agent[01]
3,talk,16,1,5,VOTE Agent[01]
3,talk,17,1,11,COMINGOUT Agent[11] VILLAGER
3,talk,18,1,4,COMINGOUT Agent[04] VILLAGER
3,talk,19,1,12,VOTE Agent[10]
3,talk,20,1,13,Skip
3,talk,21,1,8,Skip
3,talk,22,1,10,VOTE Agent[02]
3,talk,23,1,3,COMINGOUT Agent[03] VILLAGER
3,talk,24,2,5,Skip
3,talk,25,2,10,VOTE Agent[02]
3,talk,26,2,12,VOTE Agent[10]
3,talk,27,2,3,VOTE Agent[01]
3,talk,28,2,13,Skip
3,talk,29,2,8,Skip
3,talk,30,2,1,VOTE Agent[11]
3,talk,31,2,4,VOTE Agent[03]
3,talk,32,2,11,VOTE Agent[03]
3,talk,33,2,9,BECAUSE (DAY 3 (DIVINED Agent[03] WEREWOLF)) (AND (VOTE Agent[03]) (REQUEST ANY (VOTE Agent[03])))
3,talk,34,2,2,VOTE Agent[01]
3,talk,35,2,14,Skip
3,talk,36,3,5,VOTE Agent[03]
3,talk,37,3,11,VOTE Agent[03]
3,talk,38,3,12,VOTE Agent[10]
3,talk,39,3,4,VOTE Agent[03]
3,talk,40,3,10,VOTE Agent[03]
3,talk,41,3,9,VOTE Agent[03]
3,talk,42,3,14,Over
3,talk,43,3,1,VOTE Agent[11]
3,talk,44,3,2,VOTE Agent[01]
3,talk,45,3,13,Over
3,talk,46,3,8,Over
3,talk,47,3,3,VOTE Agent[01]
3,talk,48,4,10,VOTE Agent[03]
3,talk,49,4,11,VOTE Agent[03]
3,talk,50,4,12,VOTE Agent[10]
3,talk,51,4,2,VOTE Agent[01]
3,talk,52,4,9,REQUEST ANY (VOTE Agent[03])
3,talk,53,4,13,Over
3,talk,54,4,5,Skip
3,talk,55,4,1,VOTE Agent[11]
3,talk,56,4,3,VOTE Agent[01]
3,talk,57,4,8,Over
3,talk,58,4,4,VOTE Agent[03]
3,talk,59,4,14,Over
3,talk,60,5,5,Skip
3,talk,61,5,4,VOTE Agent[03]
3,talk,62,5,11,VOTE Agent[10]
3,talk,63,5,10,VOTE Agent[03]
3,talk,64,5,14,Over
3,talk,65,5,12,VOTE Agent[10]
3,talk,66,5,1,VOTE Agent[11]
3,talk,67,5,8,Over
3,talk,68,5,13,Over
3,talk,69,5,9,Skip
3,talk,70,5,2,VOTE Agent[01]
3,talk,71,5,3,VOTE Agent[01]
3,talk,72,6,5,Over
3,talk,73,6,14,Over
3,talk,74,6,10,VOTE Agent[03]
3,talk,75,6,11,VOTE Agent[10]
3,talk,76,6,1,VOTE Agent[11]
3,talk,77,6,13,Over
3,talk,78,6,3,VOTE Agent[01]
3,talk,79,6,4,VOTE Agent[03]
3,talk,80,6,8,Over
3,talk,81,6,9,Skip
3,talk,82,6,2,VOTE Agent[01]
3,talk,83,6,12,VOTE Agent[10]
3,talk,84,7,8,Over
3,talk,85,7,14,Over
3,talk,86,7,12,VOTE Agent[10]
3,talk,87,7,9,Over
3,talk,88,7,2,VOTE Agent[01]
3,talk,89,7,4,VOTE Agent[03]
3,talk,90,7,13,Over
3,talk,91,7,5,Over
3,talk,92,7,1,VOTE Agent[11]
3,talk,93,7,3,VOTE Agent[01]
3,talk,94,7,10,VOTE Agent[03]
3,talk,95,7,11,VOTE Agent[03]
3,talk,96,8,8,Over
3,talk,97,8,5,Over
3,talk,98,8,10,VOTE Agent[03]
3,talk,99,8,12,VOTE Agent[10]
3,talk,100,8,4,VOTE Agent[03]
3,talk,101,8,13,Over
3,talk,102,8,2,VOTE Agent[01]
3,talk,103,8,11,VOTE Agent[10]
3,talk,104,8,14,Over
3,talk,105,8,1,VOTE Agent[11]
3,talk,106,8,9,Over
3,talk,107,8,3,VOTE Agent[01]
3,talk,108,9,11,Over
3,talk,109,9,9,Over
3,talk,110,9,10,Over
3,talk,111,9,8,Over
3,talk,112,9,13,Over
3,talk,113,9,3,Over
3,talk,114,9,14,Over
3,talk,115,9,2,Over
3,talk,116,9,4,Over
3,talk,117,9,12,Over
3,talk,118,9,5,Over
3,talk,119,9,1,Over
3,vote,1,11
3,vote,2,1
3,vote,3,1
3,vote,4,3
3,vote,5,3
3,vote,8,10
3,vote,9,3
3,vote,10,3
3,vote,11,3
3,vote,12,10
3,vote,13,10
3,vote,14,10
3,execute,3,VILLAGER
3,whisper,0,0,10,ATTACK Agent[07]
3,whisper,1,0,5,ATTACK Agent[12]
3,whisper,2,0,9,ATTACK Agent[11]
3,whisper,3,1,9,Skip
3,whisper,4,1,5,Skip
3,whisper,5,1,10,Skip
3,whisper,6,2,5,Skip
3,whisper,7,2,10,Skip
3,whisper,8,2,9,Skip
3,whisper,9,3,10,Over
3,whisper,10,3,9,Over
3,whisper,11,3,5,Over
3,guard,2,12,POSSESSED
3,attackVote,5,12
3,attackVote,9,11
3,attackVote,5,12
3,attackVote,9,11
3,attack,12,false
4,status,1,VILLAGER,ALIVE,OKAMI
4,status,2,BODYGUARD,ALIVE,HALU
4,status,3,VILLAGER,DEAD,OKAMI
4,status,4,VILLAGER,ALIVE,OKAMI
4,status,5,WEREWOLF,ALIVE,Tomato12
4,status,6,SEER,DEAD,OKAMI
4,status,7,MEDIUM,DEAD,Takeda2
4,status,8,VILLAGER,ALIVE,Takeda6
4,status,9,WEREWOLF,ALIVE,SampleJava9
4,status,10,WEREWOLF,ALIVE,OKAMI
4,status,11,VILLAGER,ALIVE,OKAMI
4,status,12,POSSESSED,ALIVE,HALU
4,status,13,VILLAGER,ALIVE,TOKU11
4,status,14,VILLAGER,ALIVE,Takeda0
4,status,15,VILLAGER,DEAD,SampleJava5
4,talk,0,0,4,VOTE Agent[10]
4,talk,1,0,2,VOTE Agent[01]
4,talk,2,0,8,VOTE Agent[10]
4,talk,3,0,5,VOTE Agent[01]
4,talk,4,0,12,DIVINED Agent[11] HUMAN
4,talk,5,0,10,VOTE Agent[02]
4,talk,6,0,13,VOTE Agent[10]
4,talk,7,0,9,DAY 4 (DIVINED Agent[04] WEREWOLF)
4,talk,8,0,14,VOTE Agent[10]
4,talk,9,0,11,VOTE Agent[02]
4,talk,10,0,1,VOTE Agent[11]
4,talk,11,1,1,COMINGOUT Agent[01] VILLAGER
4,talk,12,1,10,VOTE Agent[02]
4,talk,13,1,11,COMINGOUT Agent[11] VILLAGER
4,talk,14,1,9,DIVINED Agent[04] WEREWOLF
4,talk,15,1,4,COMINGOUT Agent[04] VILLAGER
4,talk,16,1,8,Skip
4,talk,17,1,13,Skip
4,talk,18,1,2,VOTE Agent[01]
4,talk,19,1,14,Skip
4,talk,20,1,5,VOTE Agent[02]
4,talk,21,1,12,VOTE Agent[10]
4,talk,22,2,13,Skip
4,talk,23,2,2,VOTE Agent[01]
4,talk,24,2,8,Skip
4,talk,25,2,10,VOTE Agent[02]
4,talk,26,2,14,Skip
4,talk,27,2,11,VOTE Agent[02]
4,talk,28,2,9,BECAUSE (DAY 4 (DIVINED Agent[04] WEREWOLF)) (AND (VOTE Agent[04]) (REQUEST ANY (VOTE Agent[04])))
4,talk,29,2,4,VOTE Agent[10]
4,talk,30,2,5,Skip
4,talk,31,2,1,VOTE Agent[11]
4,talk,32,2,12,VOTE Agent[09]
4,talk,33,3,4,VOTE Agent[10]
4,talk,34,3,2,VOTE Agent[01]
4,talk,35,3,9,VOTE Agent[04]
4,talk,36,3,5,Skip
4,talk,37,3,11,VOTE Agent[02]
4,talk,38,3,1,VOTE Agent[11]
4,talk,39,3,12,VOTE Agent[09]
4,talk,40,3,14,Over
4,talk,41,3,10,VOTE Agent[02]
4,talk,42,3,8,Over
4,talk,43,3,13,Over
4,talk,44,4,9,REQUEST ANY (VOTE Agent[04])
4,talk,45,4,10,VOTE Agent[02]
4,talk,46,4,14,Over
4,talk,47,4,8,Over
4,talk,48,4,4,VOTE Agent[10]
4,talk,49,4,11,VOTE Agent[02]
4,talk,50,4,13,Over
4,talk,51,4,2,VOTE Agent[01]
4,talk,52,4,5,Over
4,talk,53,4,12,VOTE Agent[09]
4,talk,54,4,1,VOTE Agent[11]
4,talk,55,5,9,Skip
4,talk,56,5,10,VOTE Agent[02]
4,talk,57,5,5,Over
4,talk,58,5,4,VOTE Agent[10]
4,talk,59,5,14,Over
4,talk,60,5,13,Over
4,talk,61,5,2,VOTE Agent[01]
4,talk,62,5,11,VOTE Agent[02]
4,talk,63,5,8,Over
4,talk,64,5,12,VOTE Agent[09]
4,talk,65,5,1,VOTE Agent[11]
4,talk,66,6,8,Over
4,talk,67,6,4,VOTE Agent[10]
4,talk,68,6,2,VOTE Agent[01]
4,talk,69,6,11,VOTE Agent[02]
4,talk,70,6,12,VOTE Agent[09]
4,talk,71,6,9,Skip
4,talk,72,6,13,Over
4,talk,73,6,1,VOTE Agent[11]
4,talk,74,6,14,Over
4,talk,75,6,10,VOTE Agent[02]
4,talk,76,6,5,Over
4,talk,77,7,5,Over
4,talk,78,7,1,VOTE Agent[11]
4,talk,79,7,8,Over
4,talk,80,7,9,Over
4,talk,81,7,4,VOTE Agent[10]
4,talk,82,7,14,Over
4,talk,83,7,13,Over
4,talk,84,7,11,VOTE Agent[02]
4,talk,85,7,2,VOTE Agent[01]
4,talk,86,7,10,VOTE Agent[02]
4,talk,87,7,12,VOTE Agent[09]
4,talk,88,8,12,VOTE Agent[09]
4,talk,89,8,4,VOTE Agent[10]
4,talk,90,8,10,VOTE Agent[02]
4,talk,91,8,14,Over
4,talk,92,8,1,VOTE Agent[11]
4,talk,93,8,11,VOTE Agent[02]
4,talk,94,8,8,Over
4,talk,95,8,13,Over
4,talk,96,8,5,Over
4,talk,97,8,9,Over
4,talk,98,8,2,VOTE Agent[01]
4,talk,99,9,11,Over
4,talk,100,9,14,Over
4,talk,101,9,1,Over
4,talk,102,9,9,Over
4,talk,103,9,10,Over
4,talk,104,9,5,Over
4,talk,105,9,12,Over
4,talk,106,9,2,Over
4,talk,107,9,4,Over
4,talk,108,9,8,Over
4,talk,109,9,13,Over
4,vote,1,11
4,vote,2,1
4,vote,4,10
4,vote,5,2
4,vote,8,10
4,vote,9,4
4,vote,10,2
4,vote,11,2
4,vote,12,9
4,vote,13,10
4,vote,14,10
4,execute,10,WEREWOLF
4,whisper,0,0,5,ATTACK Agent[02]
4,whisper,1,0,9,ATTACK Agent[11]
4,whisper,2,1,5,Skip
4,whisper,3,1,9,Skip
4,whisper,4,2,9,Skip
4,whisper,5,2,5,Skip
4,whisper,6,3,9,Over
4,whisper,7,3,5,Over
4,guard,2,9,WEREWOLF
4,attackVote,5,2
4,attackVote,9,11
4,attackVote,5,2
4,attackVote,9,11
4,attack,2,true
5,status,1,VILLAGER,ALIVE,OKAMI
5,status,2,BODYGUARD,DEAD,HALU
5,status,3,VILLAGER,DEAD,OKAMI
5,status,4,VILLAGER,ALIVE,OKAMI
5,status,5,WEREWOLF,ALIVE,Tomato12
5,status,6,SEER,DEAD,OKAMI
5,status,7,MEDIUM,DEAD,Takeda2
5,status,8,VILLAGER,ALIVE,Takeda6
5,status,9,WEREWOLF,ALIVE,SampleJava9
5,status,10,WEREWOLF,DEAD,OKAMI
5,status,11,VILLAGER,ALIVE,OKAMI
5,status,12,POSSESSED,ALIVE,HALU
5,status,13,VILLAGER,ALIVE,TOKU11
5,status,14,VILLAGER,ALIVE,Takeda0
5,status,15,VILLAGER,DEAD,SampleJava5
5,talk,0,0,9,DAY 5 (DIVINED Agent[13] HUMAN)
5,talk,1,0,14,VOTE Agent[08]
5,talk,2,0,4,VOTE Agent[08]
5,talk,3,0,13,VOTE Agent[08]
5,talk,4,0,1,VOTE Agent[11]
5,talk,5,0,8,VOTE Agent[13]
5,talk,6,0,11,VOTE Agent[13]
5,talk,7,0,12,DIVINED Agent[13] WEREWOLF
5,talk,8,0,5,VOTE Agent[08]
5,talk,9,1,9,DIVINED Agent[13] HUMAN
5,talk,10,1,5,Skip
5,talk,11,1,12,VOTE Agent[13]
5,talk,12,1,4,COMINGOUT Agent[04] VILLAGER
5,talk,13,1,13,Skip
5,talk,14,1,14,Skip
5,talk,15,1,8,VOTE Agent[14]
5,talk,16,1,1,COMINGOUT Agent[01] VILLAGER
5,talk,17,1,11,COMINGOUT Agent[11] VILLAGER
5,talk,18,2,13,Skip
5,talk,19,2,5,Skip
5,talk,20,2,14,Skip
5,talk,21,2,12,VOTE Agent[13]
5,talk,22,2,11,VOTE Agent[13]
5,talk,23,2,8,Skip
5,talk,24,2,1,VOTE Agent[13]
5,talk,25,2,4,VOTE Agent[13]
5,talk,26,2,9,BECAUSE (DAY 4 (DIVINED Agent[04] WEREWOLF)) (AND (VOTE Agent[04]) (REQUEST ANY (VOTE Agent[04])))
5,talk,27,3,1,VOTE Agent[13]
5,talk,28,3,13,Over
5,talk,29,3,11,VOTE Agent[13]
5,talk,30,3,8,Skip
5,talk,31,3,14,Over
5,talk,32,3,4,VOTE Agent[13]
5,talk,33,3,5,VOTE Agent[13]
5,talk,34,3,12,VOTE Agent[13]
5,talk,35,3,9,VOTE Agent[04]
5,talk,36,4,5,Skip
5,talk,37,4,12,VOTE Agent[09]
5,talk,38,4,11,VOTE Agent[13]
5,talk,39,4,8,Over
5,talk,40,4,13,Over
5,talk,41,4,9,REQUEST ANY (VOTE Agent[04])
5,talk,42,4,4,VOTE Agent[13]
5,talk,43,4,14,Over
5,talk,44,4,1,VOTE Agent[13]
5,talk,45,5,1,VOTE Agent[13]
5,talk,46,5,12,VOTE Agent[13]
5,talk,47,5,8,Over
5,talk,48,5,11,VOTE Agent[13]
5,talk,49,5,13,VOTE Agent[08]
5,talk,50,5,14,Over
5,talk,51,5,4,VOTE Agent[13]
5,talk,52,5,9,Skip
5,talk,53,5,5,Skip
5,talk,54,6,13,VOTE Agent[08]
5,talk,55,6,5,Over
5,talk,56,6,11,VOTE Agent[13]
5,talk,57,6,12,VOTE Agent[09]
5,talk,58,6,14,Over
5,talk,59,6,1,VOTE Agent[13]
5,talk,60,6,9,Skip
5,talk,61,6,4,VOTE Agent[13]
5,talk,62,6,8,Over
5,talk,63,7,4,VOTE Agent[13]
5,talk,64,7,8,Over
5,talk,65,7,11,VOTE Agent[13]
5,talk,66,7,14,Over
5,talk,67,7,1,VOTE Agent[13]
5,talk,68,7,9,Over
5,talk,69,7,13,Skip
5,talk,70,7,12,VOTE Agent[13]
5,talk,71,7,5,Over
5,talk,72,8,8,Over
5,talk,73,8,13,VOTE Agent[08]
5,talk,74,8,5,Over
5,talk,75,8,11,VOTE Agent[13]
5,talk,76,8,12,VOTE Agent[09]
5,talk,77,8,9,Over
5,talk,78,8,14,Over
5,talk,79,8,1,VOTE Agent[13]
5,talk,80,8,4,VOTE Agent[13]
5,talk,81,9,12,Over
5,talk,82,9,8,Over
5,talk,83,9,4,Over
5,talk,84,9,9,Over
5,talk,85,9,1,Over
5,talk,86,9,5,Over
5,talk,87,9,14,Over
5,talk,88,9,13,Skip
5,talk,89,9,11,Over
5,talk,90,10,13,Skip
5,talk,91,10,9,Over
5,talk,92,10,1,Over
5,talk,93,10,12,Over
5,talk,94,10,8,Over
5,talk,95,10,11,Over
5,talk,96,10,4,Over
5,talk,97,10,14,Over
5,talk,98,10,5,Over
5,talk,99,11,8,Over
5,talk,100,11,12,Over
5,talk,101,11,5,Over
5,talk,102,11,14,Over
5,talk,103,11,13,Over
5,talk,104,11,9,Over
5,talk,105,11,11,Over
5,talk,106,11,4,Over
5,talk,107,11,1,Over
5,vote,1,13
5,vote,4,13
5,vote,5,13
5,vote,8,14
5,vote,9,4
5,vote,11,13
5,vote,12,9
5,vote,13,8
5,vote,14,8
5,execute,13,VILLAGER
5,whisper,0,0,5,ATTACK Agent[12]
5,whisper,1,0,9,BECAUSE (AND (NOT (COMINGOUT Agent[12] WEREWOLF)) (NOT (COMINGOUT Agent[13] WEREWOLF)) (DAY 5 (Agent[12] DIVINED Agent[13] WEREWOLF))) (ESTIMATE Agent[12] POSSESSED)
5,whisper,2,1,9,BECAUSE (Agent[11] COMINGOUT Agent[11] VILLAGER) (ATTACK Agent[11])
5,whisper,3,1,5,Skip
5,whisper,4,2,9,ATTACK Agent[11]
5,whisper,5,2,5,Skip
5,whisper,6,3,5,Over
5,whisper,7,3,9,Skip
5,whisper,8,4,5,Over
5,whisper,9,4,9,Skip
5,whisper,10,5,5,Over
5,whisper,11,5,9,Over
5,attackVote,5,12
5,attackVote,9,11
5,attackVote,5,12
5,attackVote,9,11
5,attack,11,true
6,status,1,VILLAGER,ALIVE,OKAMI
6,status,2,BODYGUARD,DEAD,HALU
6,status,3,VILLAGER,DEAD,OKAMI
6,status,4,VILLAGER,ALIVE,OKAMI
6,status,5,WEREWOLF,ALIVE,Tomato12
6,status,6,SEER,DEAD,OKAMI
6,status,7,MEDIUM,DEAD,Takeda2
6,status,8,VILLAGER,ALIVE,Takeda6
6,status,9,WEREWOLF,ALIVE,SampleJava9
6,status,10,WEREWOLF,DEAD,OKAMI
6,status,11,VILLAGER,DEAD,OKAMI
6,status,12,POSSESSED,ALIVE,HALU
6,status,13,VILLAGER,DEAD,TOKU11
6,status,14,VILLAGER,ALIVE,Takeda0
6,status,15,VILLAGER,DEAD,SampleJava5
6,talk,0,0,5,VOTE Agent[12]
6,talk,1,0,14,VOTE Agent[08]
6,talk,2,0,1,VOTE Agent[05]
6,talk,3,0,12,COMINGOUT Agent[12] POSSESSED
6,talk,4,0,4,VOTE Agent[05]
6,talk,5,0,8,VOTE Agent[14]
6,talk,6,0,9,DAY 6 (DIVINED Agent[01] HUMAN)
6,talk,7,1,9,DIVINED Agent[01] HUMAN
6,talk,8,1,4,COMINGOUT Agent[04] VILLAGER
6,talk,9,1,14,Skip
6,talk,10,1,1,COMINGOUT Agent[01] VILLAGER
6,talk,11,1,5,VOTE Agent[08]
6,talk,12,1,8,Skip
6,talk,13,1,12,VOTE Agent[08]
6,talk,14,2,12,VOTE Agent[04]
6,talk,15,2,5,VOTE Agent[04]
6,talk,16,2,14,Skip
6,talk,17,2,8,Skip
6,talk,18,2,9,BECAUSE (DAY 4 (DIVINED Agent[04] WEREWOLF)) (AND (VOTE Agent[04]) (REQUEST ANY (VOTE Agent[04])))
6,talk,19,2,4,VOTE Agent[05]
6,talk,20,2,1,VOTE Agent[05]
6,talk,21,3,5,Skip
6,talk,22,3,14,Over
6,talk,23,3,1,VOTE Agent[05]
6,talk,24,3,4,VOTE Agent[05]
6,talk,25,3,9,VOTE Agent[04]
6,talk,26,3,8,Over
6,talk,27,3,12,VOTE Agent[04]
6,talk,28,4,8,Over
6,talk,29,4,1,VOTE Agent[05]
6,talk,30,4,4,VOTE Agent[05]
6,talk,31,4,14,Over
6,talk,32,4,12,VOTE Agent[04]
6,talk,33,4,9,REQUEST ANY (VOTE Agent[04])
6,talk,34,4,5,Skip
6,talk,35,5,4,VOTE Agent[05]
6,talk,36,5,12,VOTE Agent[09]
6,talk,37,5,14,Over
6,talk,38,5,8,Over
6,talk,39,5,5,VOTE Agent[14]
6,talk,40,5,1,VOTE Agent[05]
6,talk,41,5,9,Skip
6,talk,42,6,14,Over
6,talk,43,6,5,VOTE Agent[04]
6,talk,44,6,9,Skip
6,talk,45,6,1,VOTE Agent[05]
6,talk,46,6,8,Over
6,talk,47,6,4,VOTE Agent[05]
6,talk,48,6,12,VOTE Agent[05]
6,talk,49,7,4,VOTE Agent[05]
6,talk,50,7,8,Over
6,talk,51,7,5,VOTE Agent[08]
6,talk,52,7,12,VOTE Agent[05]
6,talk,53,7,9,Over
6,talk,54,7,14,Over
6,talk,55,7,1,VOTE Agent[04]
6,talk,56,8,8,Over
6,talk,57,8,5,VOTE Agent[04]
6,talk,58,8,1,VOTE Agent[05]
6,talk,59,8,14,Over
6,talk,60,8,12,VOTE Agent[05]
6,talk,61,8,9,Over
6,talk,62,8,4,VOTE Agent[05]
6,talk,63,9,14,Over
6,talk,64,9,12,VOTE Agent[05]
6,talk,65,9,5,VOTE Agent[08]
6,talk,66,9,4,Over
6,talk,67,9,1,Over
6,talk,68,9,9,Over
6,talk,69,9,8,Over
6,talk,70,10,1,Over
6,talk,71,10,4,Over
6,talk,72,10,5,Skip
6,talk,73,10,8,Over
6,talk,74,10,9,Over
6,talk,75,10,14,Over
6,talk,76,10,12,Over
6,talk,77,11,8,Over
6,talk,78,11,4,Over
6,talk,79,11,1,Over
6,talk,80,11,9,Over
6,talk,81,11,14,Over
6,talk,82,11,5,VOTE Agent[04]
6,talk,83,11,12,Over
6,talk,84,12,12,Over
6,talk,85,12,5,Skip
6,talk,86,12,14,Over
6,talk,87,12,8,Over
6,talk,88,12,4,Over
6,talk,89,12,9,Over
6,talk,90,12,1,Over
6,talk,91,13,8,Over
6,talk,92,13,14,Over
6,talk,93,13,1,Over
6,talk,94,13,5,Skip
6,talk,95,13,9,Over
6,talk,96,13,12,Over
6,talk,97,13,4,Over
6,talk,98,14,5,Over
6,talk,99,14,1,Over
6,talk,100,14,8,Over
6,talk,101,14,9,Over
6,talk,102,14,4,Over
6,talk,103,14,14,Over
6,talk,104,14,12,Over
6,vote,1,5
6,vote,4,5
6,vote,5,4
6,vote,8,14
6,vote,9,4
6,vote,12,5
6,vote,14,8
6,execute,5,WEREWOLF
6,attackVote,9,1
6,attack,1,true
7,status,1,VILLAGER,DEAD,OKAMI
7,status,2,BODYGUARD,DEAD,HALU
7,status,3,VILLAGER,DEAD,OKAMI
7,status,4,VILLAGER,ALIVE,OKAMI
7,status,5,WEREWOLF,DEAD,Tomato12
7,status,6,SEER,DEAD,OKAMI
7,status,7,MEDIUM,DEAD,Takeda2
7,status,8,VILLAGER,ALIVE,Takeda6
7,status,9,WEREWOLF,ALIVE,SampleJava9
7,status,10,WEREWOLF,DEAD,OKAMI
7,status,11,VILLAGER,DEAD,OKAMI
7,status,12,POSSESSED,ALIVE,HALU
7,status,13,VILLAGER,DEAD,TOKU11
7,status,14,VILLAGER,ALIVE,Takeda0
7,status,15,VILLAGER,DEAD,SampleJava5
7,talk,0,0,4,VOTE Agent[12]
7,talk,1,0,12,COMINGOUT Agent[12] POSSESSED
7,talk,2,0,8,VOTE Agent[14]
7,talk,3,0,9,DAY 7 (DIVINED Agent[14] HUMAN)
7,talk,4,0,14,VOTE Agent[08]
7,talk,5,1,8,Skip
7,talk,6,1,9,DIVINED Agent[14] HUMAN
7,talk,7,1,12,VOTE Agent[14]
7,talk,8,1,4,COMINGOUT Agent[04] VILLAGER
7,talk,9,1,14,Skip
7,talk,10,2,4,VOTE Agent[12]
7,talk,11,2,12,VOTE Agent[14]
7,talk,12,2,14,Skip
7,talk,13,2,9,BECAUSE (DAY 4 (DIVINED Agent[04] WEREWOLF)) (AND (VOTE Agent[04]) (REQUEST ANY (VOTE Agent[04])))
7,talk,14,2,8,VOTE Agent[09]
7,talk,15,3,12,VOTE Agent[09]
7,talk,16,3,9,VOTE Agent[04]
7,talk,17,3,4,VOTE Agent[12]
7,talk,18,3,8,Skip
7,talk,19,3,14,Over
7,talk,20,4,9,REQUEST ANY (VOTE Agent[04])
7,talk,21,4,8,Skip
7,talk,22,4,14,Over
7,talk,23,4,12,VOTE Agent[09]
7,talk,24,4,4,VOTE Agent[12]
7,talk,25,5,14,Over
7,talk,26,5,8,Over
7,talk,27,5,4,VOTE Agent[12]
7,talk,28,5,12,VOTE Agent[14]
7,talk,29,5,9,Skip
7,talk,30,6,12,VOTE Agent[14]
7,talk,31,6,8,Over
7,talk,32,6,4,VOTE Agent[12]
7,talk,33,6,9,Skip
7,talk,34,6,14,Over
7,talk,35,7,8,Over
7,talk,36,7,4,VOTE Agent[12]
7,talk,37,7,9,Over
7,talk,38,7,14,Over
7,talk,39,7,12,VOTE Agent[14]
7,talk,40,8,12,VOTE Agent[09]
7,talk,41,8,14,Over
7,talk,42,8,9,Over
7,talk,43,8,8,Over
7,talk,44,8,4,VOTE Agent[12]
7,talk,45,9,12,VOTE Agent[14]
7,talk,46,9,8,Over
7,talk,47,9,14,Over
7,talk,48,9,9,Over
7,talk,49,9,4,Over
7,talk,50,10,14,Over
7,talk,51,10,4,Over
7,talk,52,10,9,Over
7,talk,53,10,8,Over
7,talk,54,10,12,Over
7,vote,4,12
7,vote,8,9
7,vote,9,4
7,vote,12,14
7,vote,14,8
7,vote,4,12
7,vote,8,9
7,vote,9,4
7,vote,12,14
7,vote,14,8
7,execute,14,VILLAGER
7,attackVote,9,4
7,attack,4,true
8,status,1,VILLAGER,DEAD,OKAMI
8,status,2,BODYGUARD,DEAD,HALU
8,status,3,VILLAGER,DEAD,OKAMI
8,status,4,VILLAGER,DEAD,OKAMI
8,status,5,WEREWOLF,DEAD,Tomato12
8,status,6,SEER,DEAD,OKAMI
8,status,7,MEDIUM,DEAD,Takeda2
8,status,8,VILLAGER,ALIVE,Takeda6
8,status,9,WEREWOLF,ALIVE,SampleJava9
8,status,10,WEREWOLF,DEAD,OKAMI
8,status,11,VILLAGER,DEAD,OKAMI
8,status,12,POSSESSED,ALIVE,HALU
8,status,13,VILLAGER,DEAD,TOKU11
8,status,14,VILLAGER,DEAD,Takeda0
8,status,15,VILLAGER,DEAD,SampleJava5
8,talk,0,0,9,DAY 8 (DIVINED Agent[12] HUMAN)
8,talk,1,0,8,VOTE Agent[09]
8,talk,2,0,12,COMINGOUT Agent[12] POSSESSED
8,talk,3,1,9,DIVINED Agent[12] HUMAN
8,talk,4,1,8,Skip
8,talk,5,1,12,VOTE Agent[08]
8,talk,6,2,12,VOTE Agent[08]
8,talk,7,2,8,Skip
8,talk,8,2,9,VOTE Agent[08]
8,talk,9,3,9,REQUEST ANY (VOTE Agent[08])
8,talk,10,3,8,VOTE Agent[09]
8,talk,11,3,12,VOTE Agent[08]
8,talk,12,4,8,VOTE Agent[09]
8,talk,13,4,12,VOTE Agent[08]
8,talk,14,4,9,Skip
8,talk,15,5,9,Skip
8,talk,16,5,8,VOTE Agent[09]
8,talk,17,5,12,VOTE Agent[08]
8,talk,18,6,12,VOTE Agent[08]
8,talk,19,6,8,VOTE Agent[09]
8,talk,20,6,9,Over
8,talk,21,7,12,VOTE Agent[08]
8,talk,22,7,8,VOTE Agent[09]
8,talk,23,7,9,Over
8,talk,24,8,8,VOTE Agent[09]
8,talk,25,8,12,VOTE Agent[08]
8,talk,26,8,9,Over
8,talk,27,9,8,VOTE Agent[09]
8,talk,28,9,12,VOTE Agent[08]
8,talk,29,9,9,Over
8,talk,30,10,9,Over
8,talk,31,10,8,VOTE Agent[09]
8,talk,32,10,12,Over
8,talk,33,11,12,Over
8,talk,34,11,8,VOTE Agent[09]
8,talk,35,11,9,Over
8,talk,36,12,9,Over
8,talk,37,12,8,Over
8,talk,38,12,12,Over
8,vote,8,9
8,vote,9,8
8,vote,12,8
8,execute,8,VILLAGER
8,attackVote,9,12
8,attack,12,true
9,status,1,VILLAGER,DEAD,OKAMI
9,status,2,BODYGUARD,DEAD,HALU
9,status,3,VILLAGER,DEAD,OKAMI
9,status,4,VILLAGER,DEAD,OKAMI
9,status,5,WEREWOLF,DEAD,Tomato12
9,status,6,SEER,DEAD,OKAMI
9,status,7,MEDIUM,DEAD,Takeda2
9,status,8,VILLAGER,DEAD,Takeda6
9,status,9,WEREWOLF,ALIVE,SampleJava9
9,status,10,WEREWOLF,DEAD,OKAMI
9,status,11,VILLAGER,DEAD,OKAMI
9,status,12,POSSESSED,DEAD,HALU
9,status,13,VILLAGER,DEAD,TOKU11
9,status,14,VILLAGER,DEAD,Takeda0
9,status,15,VILLAGER,DEAD,SampleJava5
9,result,0,1,WEREWOLF
