0,status,1,MEDIUM,ALIVE,OKAMI
0,status,2,SEER,ALIVE,HALU
0,status,3,VILLAGER,ALIVE,OKAMI
0,status,4,WEREWOLF,ALIVE,OKAMI
0,status,5,VILLAGER,ALIVE,Tomato12
0,status,6,VILLAGER,ALIVE,OKAMI
0,status,7,POSSESSED,ALIVE,Takeda2
0,status,8,VILLAGER,ALIVE,Takeda6
0,status,9,BODYGUARD,ALIVE,SampleJava9
0,status,10,VILLAGER,ALIVE,OKAMI
0,status,11,WEREWOLF,ALIVE,OKAMI
0,status,12,WEREWOLF,ALIVE,HALU
0,status,13,VILLAGER,ALIVE,TOKU11
0,status,14,VILLAGER,ALIVE,Takeda0
0,status,15,VILLAGER,ALIVE,SampleJava5
0,whisper,0,0,11,COMINGOUT Agent[11] VILLAGER
0,whisper,1,0,12,COMINGOUT Agent[12] MEDIUM
0,whisper,2,0,4,COMINGOUT Agent[04] VILLAGER
0,whisper,3,1,12,Skip
0,whisper,4,1,11,Skip
0,whisper,5,1,4,Skip
0,whisper,6,2,11,Skip
0,whisper,7,2,4,Skip
0,whisper,8,2,12,Skip
0,whisper,9,3,12,Over
0,whisper,10,3,4,Over
0,whisper,11,3,11,Over
0,divine,2,6,HUMAN
1,status,1,MEDIUM,ALIVE,OKAMI
1,status,2,SEER,ALIVE,HALU
1,status,3,VILLAGER,ALIVE,OKAMI
1,status,4,WEREWOLF,ALIVE,OKAMI
1,status,5,VILLAGER,ALIVE,Tomato12
1,status,6,VILLAGER,ALIVE,OKAMI
1,status,7,POSSESSED,ALIVE,Takeda2
1,status,8,VILLAGER,ALIVE,Takeda6
1,status,9,BODYGUARD,ALIVE,SampleJava9
1,status,10,VILLAGER,ALIVE,OKAMI
1,status,11,WEREWOLF,ALIVE,OKAMI
1,status,12,WEREWOLF,ALIVE,HALU
1,status,13,VILLAGER,ALIVE,TOKU11
1,status,14,VILLAGER,ALIVE,Takeda0
1,status,15,VILLAGER,ALIVE,SampleJava5
1,talk,0,0,2,COMINGOUT Agent[02] SEER
1,talk,1,0,6,VOTE Agent[05]
1,talk,2,0,13,VOTE Agent[05]
1,talk,3,0,15,VOTE Agent[06]
1,talk,4,0,1,Over
1,talk,5,0,8,VOTE Agent[05]
1,talk,6,0,12,COMINGOUT Agent[12] MEDIUM
1,talk,7,0,9,VOTE Agent[02]
1,talk,8,0,4,VOTE Agent[05]
1,talk,9,0,7,COMINGOUT Agent[07] SEER
1,talk,10,0,5,VOTE Agent[06]
1,talk,11,0,11,VOTE Agent[05]
1,talk,12,0,3,VOTE Agent[06]
1,talk,13,0,10,VOTE Agent[06]
1,talk,14,0,14,VOTE Agent[02]
1,talk,15,1,5,Skip
1,talk,16,1,7,DIVINED Agent[04] WEREWOLF
1,talk,17,1,2,DIVINED Agent[06] HUMAN
1,talk,18,1,12,VOTE Agent[14]
1,talk,19,1,9,REQUEST ANY (VOTE Agent[02])
1,talk,20,1,15,REQUEST ANY (VOTE Agent[06])
1,talk,21,1,10,COMINGOUT Agent[10] VILLAGER
1,talk,22,1,14,VOTE Agent[07]
1,talk,23,1,13,VOTE Agent[07]
1,talk,24,1,1,Over
1,talk,25,1,11,VOTE Agent[05]
1,talk,26,1,4,VOTE Agent[05]
1,talk,27,1,8,VOTE Agent[07]
1,talk,28,1,6,COMINGOUT Agent[06] VILLAGER
1,talk,29,1,3,COMINGOUT Agent[03] VILLAGER
1,talk,30,2,8,VOTE Agent[12]
1,talk,31,2,3,VOTE Agent[15]
1,talk,32,2,13,Skip
1,talk,33,2,7,VOTE Agent[04]
1,talk,34,2,11,VOTE Agent[05]
1,talk,35,2,15,Skip
1,talk,36,2,4,VOTE Agent[05]
1,talk,37,2,12,VOTE Agent[08]
1,talk,38,2,6,VOTE Agent[15]
1,talk,39,2,5,VOTE Agent[07]
1,talk,40,2,9,Skip
1,talk,41,2,10,VOTE Agent[06]
1,talk,42,2,14,VOTE Agent[04]
1,talk,43,2,1,Over
1,talk,44,2,2,VOTE Agent[15]
1,talk,45,3,8,Skip
1,talk,46,3,4,VOTE Agent[15]
1,talk,47,3,9,Skip
1,talk,48,3,6,VOTE Agent[15]
1,talk,49,3,12,VOTE Agent[09]
1,talk,50,3,2,VOTE Agent[15]
1,talk,51,3,11,VOTE Agent[15]
1,talk,52,3,7,Skip
1,talk,53,3,5,VOTE Agent[15]
1,talk,54,3,3,VOTE Agent[15]
1,talk,55,3,13,VOTE Agent[12]
1,talk,56,3,10,VOTE Agent[06]
1,talk,57,3,14,VOTE Agent[12]
1,talk,58,3,15,Skip
1,talk,59,3,1,Over
1,talk,60,4,10,VOTE Agent[06]
1,talk,61,4,9,Over
1,talk,62,4,3,VOTE Agent[15]
1,talk,63,4,1,Over
1,talk,64,4,2,VOTE Agent[15]
1,talk,65,4,14,Skip
1,talk,66,4,7,Skip
1,talk,67,4,13,Skip
1,talk,68,4,4,VOTE Agent[15]
1,talk,69,4,6,VOTE Agent[15]
1,talk,70,4,5,Skip
1,talk,71,4,12,VOTE Agent[05]
1,talk,72,4,8,Skip
1,talk,73,4,11,VOTE Agent[15]
1,talk,74,4,15,Over
1,talk,75,5,10,VOTE Agent[06]
1,talk,76,5,5,Skip
1,talk,77,5,6,VOTE Agent[15]
1,talk,78,5,9,Over
1,talk,79,5,7,Over
1,talk,80,5,15,Over
1,talk,81,5,8,Over
1,talk,82,5,11,VOTE Agent[15]
1,talk,83,5,3,VOTE Agent[15]
1,talk,84,5,2,VOTE Agent[15]
1,talk,85,5,12,VOTE Agent[05]
1,talk,86,5,4,VOTE Agent[15]
1,talk,87,5,13,Skip
1,talk,88,5,14,Skip
1,talk,89,5,1,Over
1,talk,90,6,3,VOTE Agent[15]
1,talk,91,6,6,VOTE Agent[15]
1,talk,92,6,9,Over
1,talk,93,6,11,VOTE Agent[15]
1,talk,94,6,8,Over
1,talk,95,6,2,VOTE Agent[15]
1,talk,96,6,14,Over
1,talk,97,6,10,VOTE Agent[06]
1,talk,98,6,7,Over
1,talk,99,6,1,Over
1,talk,100,6,15,Over
1,talk,101,6,5,Over
1,talk,102,6,12,VOTE Agent[05]
1,talk,103,6,4,VOTE Agent[15]
1,talk,104,6,13,Over
1,talk,105,7,3,VOTE Agent[15]
1,talk,106,7,1,Over
1,talk,107,7,14,Over
1,talk,108,7,5,Over
1,talk,109,7,7,Over
1,talk,110,7,11,VOTE Agent[15]
1,talk,111,7,15,Over
1,talk,112,7,6,VOTE Agent[15]
1,talk,113,7,10,VOTE Agent[06]
1,talk,114,7,13,Over
1,talk,115,7,8,Over
1,talk,116,7,9,Over
1,talk,117,7,4,VOTE Agent[15]
1,talk,118,7,12,VOTE Agent[05]
1,talk,119,7,2,VOTE Agent[15]
1,talk,120,8,3,VOTE Agent[15]
1,talk,121,8,1,Over
1,talk,122,8,8,Over
1,talk,123,8,14,Over
1,talk,124,8,4,VOTE Agent[15]
1,talk,125,8,10,VOTE Agent[06]
1,talk,126,8,13,Over
1,talk,127,8,7,Over
1,talk,128,8,12,VOTE Agent[10]
1,talk,129,8,11,VOTE Agent[15]
1,talk,130,8,2,VOTE Agent[15]
1,talk,131,8,5,Over
1,talk,132,8,9,Over
1,talk,133,8,15,Over
1,talk,134,8,6,VOTE Agent[15]
1,talk,135,9,3,Over
1,talk,136,9,7,Over
1,talk,137,9,1,Over
1,talk,138,9,10,Over
1,talk,139,9,13,Over
1,talk,140,9,11,Over
1,talk,141,9,4,Over
1,talk,142,9,12,Over
1,talk,143,9,15,Over
1,talk,144,9,6,Over
1,talk,145,9,5,Over
1,talk,146,9,2,Over
1,talk,147,9,9,Over
1,talk,148,9,8,Over
1,talk,149,9,14,Over
1,vote,1,15
1,vote,2,15
1,vote,3,15
1,vote,4,15
1,vote,5,15
1,vote,6,15
1,vote,7,10
1,vote,8,12
1,vote,9,6
1,vote,10,6
1,vote,11,15
1,vote,12,14
1,vote,13,12
1,vote,14,12
1,vote,15,2
1,execute,15,VILLAGER
1,divine,2,4,WEREWOLF
1,whisper,0,0,11,ATTACK Agent[07]
1,whisper,1,0,4,ATTACK Agent[07]
1,whisper,2,0,12,ATTACK Agent[02]
1,whisper,3,1,11,Skip
1,whisper,4,1,4,Skip
1,whisper,5,1,12,Skip
1,whisper,6,2,11,Skip
1,whisper,7,2,12,Skip
1,whisper,8,2,4,Skip
1,whisper,9,3,4,Over
1,whisper,10,3,12,Over
1,whisper,11,3,11,Over
1,guard,9,2,SEER
1,attackVote,4,7
1,attackVote,11,7
1,attackVote,12,7
1,attack,7,true
2,status,1,MEDIUM,ALIVE,OKAMI
2,status,2,SEER,ALIVE,HALU
2,status,3,VILLAGER,ALIVE,OKAMI
2,status,4,WEREWOLF,ALIVE,OKAMI
2,status,5,VILLAGER,ALIVE,Tomato12
2,status,6,VILLAGER,ALIVE,OKAMI
2,status,7,POSSESSED,DEAD,Takeda2
2,status,8,VILLAGER,ALIVE,Takeda6
2,status,9,BODYGUARD,ALIVE,SampleJava9
2,status,10,VILLAGER,ALIVE,OKAMI
2,status,11,WEREWOLF,ALIVE,OKAMI
2,status,12,WEREWOLF,ALIVE,HALU
2,status,13,VILLAGER,ALIVE,TOKU11
2,status,14,VILLAGER,ALIVE,Takeda0
2,status,15,VILLAGER,DEAD,SampleJava5
2,talk,0,0,9,VOTE Agent[11]
2,talk,1,0,12,IDENTIFIED Agent[15] HUMAN
2,talk,2,0,8,VOTE Agent[12]
2,talk,3,0,3,VOTE Agent[04]
2,talk,4,0,5,VOTE Agent[12]
2,talk,5,0,14,VOTE Agent[12]
2,talk,6,0,10,VOTE Agent[06]
2,talk,7,0,2,DIVINED Agent[04] WEREWOLF
2,talk,8,0,11,VOTE Agent[03]
2,talk,9,0,1,Skip
2,talk,10,0,6,VOTE Agent[04]
2,talk,11,0,4,VOTE Agent[03]
2,talk,12,0,13,VOTE Agent[12]
2,talk,13,1,9,REQUEST ANY (VOTE Agent[11])
2,talk,14,1,5,Skip
2,talk,15,1,3,COMINGOUT Agent[03] VILLAGER
2,talk,16,1,6,COMINGOUT Agent[06] VILLAGER
2,talk,17,1,11,VOTE Agent[03]
2,talk,18,1,1,Over
2,talk,19,1,13,Skip
2,talk,20,1,10,COMINGOUT Agent[10] VILLAGER
2,talk,21,1,12,VOTE Agent[09]
2,talk,22,1,2,VOTE Agent[04]
2,talk,23,1,4,VOTE Agent[09]
2,talk,24,1,8,Skip
2,talk,25,1,14,Skip
2,talk,26,2,5,Skip
2,talk,27,2,8,Skip
2,talk,28,2,12,VOTE Agent[10]
2,talk,29,2,10,VOTE Agent[04]
2,talk,30,2,2,VOTE Agent[04]
2,talk,31,2,4,VOTE Agent[03]
2,talk,32,2,14,Skip
2,talk,33,2,11,VOTE Agent[03]
2,talk,34,2,13,Skip
2,talk,35,2,3,VOTE Agent[04]
2,talk,36,2,1,Over
2,talk,37,2,6,VOTE Agent[04]
2,talk,38,2,9,Skip
2,talk,39,3,6,VOTE Agent[04]
2,talk,40,3,14,Over
2,talk,41,3,13,Over
2,talk,42,3,10,VOTE Agent[04]
2,talk,43,3,1,Over
2,talk,44,3,11,VOTE Agent[03]
2,talk,45,3,12,VOTE Agent[10]
2,talk,46,3,4,VOTE Agent[10]
2,talk,47,3,8,Over
2,talk,48,3,3,VOTE Agent[04]
2,talk,49,3,2,VOTE Agent[04]
2,talk,50,3,9,Skip
2,talk,51,3,5,VOTE Agent[04]
2,talk,52,4,8,Over
2,talk,53,4,3,VOTE Agent[04]
2,talk,54,4,1,Over
2,talk,55,4,13,Over
2,talk,56,4,4,VOTE Agent[10]
2,talk,57,4,14,Over
2,talk,58,4,11,VOTE Agent[10]
2,talk,59,4,12,VOTE Agent[03]
2,talk,60,4,9,Over
2,talk,61,4,2,VOTE Agent[04]
2,talk,62,4,10,VOTE Agent[04]
2,talk,63,4,5,Skip
2,talk,64,4,6,VOTE Agent[04]
2,talk,65,5,2,VOTE Agent[04]
2,talk,66,5,9,Over
2,talk,67,5,4,VOTE Agent[03]
2,talk,68,5,8,Over
2,talk,69,5,6,VOTE Agent[04]
2,talk,70,5,13,Over
2,talk,71,5,14,Over
2,talk,72,5,5,Skip
2,talk,73,5,12,VOTE Agent[09]
2,talk,74,5,3,VOTE Agent[04]
2,talk,75,5,11,VOTE Agent[09]
2,talk,76,5,10,VOTE Agent[04]
2,talk,77,5,1,Over
2,talk,78,6,14,Over
2,talk,79,6,13,Over
2,talk,80,6,1,Over
2,talk,81,6,3,VOTE Agent[04]
2,talk,82,6,9,Over
2,talk,83,6,11,VOTE Agent[09]
2,talk,84,6,12,VOTE Agent[09]
2,talk,85,6,10,VOTE Agent[04]
2,talk,86,6,5,Over
2,talk,87,6,6,VOTE Agent[04]
2,talk,88,6,2,VOTE Agent[04]
2,talk,89,6,4,VOTE Agent[09]
2,talk,90,6,8,Over
2,talk,91,7,4,VOTE Agent[09]
2,talk,92,7,11,VOTE Agent[09]
2,talk,93,7,1,Over
2,talk,94,7,10,VOTE Agent[04]
2,talk,95,7,3,VOTE Agent[04]
2,talk,96,7,13,Over
2,talk,97,7,8,Over
2,talk,98,7,9,Over
2,talk,99,7,6,VOTE Agent[04]
2,talk,100,7,14,Over
2,talk,101,7,12,VOTE Agent[10]
2,talk,102,7,2,VOTE Agent[04]
2,talk,103,7,5,Over
2,talk,104,8,1,Over
2,talk,105,8,3,VOTE Agent[04]
2,talk,106,8,11,VOTE Agent[09]
2,talk,107,8,14,Over
2,talk,108,8,6,VOTE Agent[04]
2,talk,109,8,8,Over
2,talk,110,8,2,VOTE Agent[04]
2,talk,111,8,10,VOTE Agent[04]
2,talk,112,8,12,VOTE Agent[10]
2,talk,113,8,4,VOTE Agent[10]
2,talk,114,8,9,Over
2,talk,115,8,13,Over
2,talk,116,8,5,Over
2,talk,117,9,8,Over
2,talk,118,9,10,Over
2,talk,119,9,9,Over
2,talk,120,9,2,Over
2,talk,121,9,14,Over
2,talk,122,9,1,Over
2,talk,123,9,6,Over
2,talk,124,9,11,Over
2,talk,125,9,12,Over
2,talk,126,9,3,Over
2,talk,127,9,5,Over
2,talk,128,9,13,Over
2,talk,129,9,4,Over
2,vote,1,4
2,vote,2,4
2,vote,3,4
2,vote,4,10
2,vote,5,4
2,vote,6,4
2,vote,8,12
2,vote,9,2
2,vote,10,4
2,vote,11,10
2,vote,12,10
2,vote,13,12
2,vote,14,12
2,execute,4,WEREWOLF
2,divine,2,9,HUMAN
2,whisper,0,0,11,ATTACK Agent[03]
2,whisper,1,0,12,ATTACK Agent[02]
2,whisper,2,1,12,Skip
2,whisper,3,1,11,Skip
2,whisper,4,2,12,Skip
2,whisper,5,2,11,Skip
2,whisper,6,3,12,Over
2,whisper,7,3,11,Over
2,guard,9,2,SEER
2,attackVote,11,10
2,attackVote,12,2
2,attackVote,11,10
2,attackVote,12,2
2,attack,10,true
3,status,1,MEDIUM,ALIVE,OKAMI
3,status,2,SEER,ALIVE,HALU
3,status,3,VILLAGER,ALIVE,OKAMI
3,status,4,WEREWOLF,DEAD,OKAMI
3,status,5,VILLAGER,ALIVE,Tomato12
3,status,6,VILLAGER,ALIVE,OKAMI
3,status,7,POSSESSED,DEAD,Takeda2
3,status,8,VILLAGER,ALIVE,Takeda6
3,status,9,BODYGUARD,ALIVE,SampleJava9
3,status,10,VILLAGER,DEAD,OKAMI
3,status,11,WEREWOLF,ALIVE,OKAMI
3,status,12,WEREWOLF,ALIVE,HALU
3,status,13,VILLAGER,ALIVE,TOKU11
3,status,14,VILLAGER,ALIVE,Takeda0
3,status,15,VILLAGER,DEAD,SampleJava5
3,talk,0,0,11,VOTE Agent[09]
3,talk,1,0,6,VOTE Agent[09]
3,talk,2,0,12,IDENTIFIED Agent[04] WEREWOLF
3,talk,3,0,14,VOTE Agent[12]
3,talk,4,0,1,ESTIMATE Agent[04] WEREWOLF
3,talk,5,0,2,DIVINED Agent[09] HUMAN
3,talk,6,0,3,VOTE Agent[13]
3,talk,7,0,13,VOTE Agent[12]
3,talk,8,0,5,VOTE Agent[01]
3,talk,9,0,8,VOTE Agent[12]
3,talk,10,0,9,VOTE Agent[12]
3,talk,11,1,9,REQUEST ANY (VOTE Agent[12])
3,talk,12,1,8,VOTE Agent[14]
3,talk,13,1,5,Skip
3,talk,14,1,2,VOTE Agent[03]
3,talk,15,1,1,Over
3,talk,16,1,13,VOTE Agent[11]
3,talk,17,1,14,VOTE Agent[11]
3,talk,18,1,3,COMINGOUT Agent[03] VILLAGER
3,talk,19,1,11,VOTE Agent[01]
3,talk,20,1,12,VOTE Agent[14]
3,talk,21,1,6,COMINGOUT Agent[06] VILLAGER
3,talk,22,2,3,VOTE Agent[01]
3,talk,23,2,14,Skip
3,talk,24,2,11,VOTE Agent[01]
3,talk,25,2,12,VOTE Agent[14]
3,talk,26,2,8,VOTE Agent[01]
3,talk,27,2,6,VOTE Agent[11]
3,talk,28,2,2,VOTE Agent[08]
3,talk,29,2,13,Skip
3,talk,30,2,1,Over
3,talk,31,2,9,Skip
3,talk,32,2,5,Skip
3,talk,33,3,11,VOTE Agent[01]
3,talk,34,3,5,Over
3,talk,35,3,12,VOTE Agent[03]
3,talk,36,3,1,Over
3,talk,37,3,14,Skip
3,talk,38,3,9,Skip
3,talk,39,3,3,VOTE Agent[01]
3,talk,40,3,2,VOTE Agent[03]
3,talk,41,3,8,VOTE Agent[11]
3,talk,42,3,13,Skip
3,talk,43,3,6,VOTE Agent[01]
3,talk,44,4,12,VOTE Agent[03]
3,talk,45,4,9,Over
3,talk,46,4,5,Over
3,talk,47,4,1,Over
3,talk,48,4,13,Over
3,talk,49,4,3,VOTE Agent[11]
3,talk,50,4,8,VOTE Agent[01]
3,talk,51,4,2,VOTE Agent[08]
3,talk,52,4,14,Over
3,talk,53,4,6,VOTE Agent[01]
3,talk,54,4,11,VOTE Agent[01]
3,talk,55,5,14,Over
3,talk,56,5,13,VOTE Agent[01]
3,talk,57,5,12,VOTE Agent[03]
3,talk,58,5,3,VOTE Agent[08]
3,talk,59,5,6,VOTE Agent[08]
3,talk,60,5,5,Over
3,talk,61,5,2,VOTE Agent[13]
3,talk,62,5,8,Skip
3,talk,63,5,9,Over
3,talk,64,5,1,Over
3,talk,65,5,11,VOTE Agent[01]
3,talk,66,6,9,Over
3,talk,67,6,5,Over
3,talk,68,6,13,VOTE Agent[11]
3,talk,69,6,6,VOTE Agent[11]
3,talk,70,6,3,VOTE Agent[01]
3,talk,71,6,1,Over
3,talk,72,6,12,VOTE Agent[03]
3,talk,73,6,11,VOTE Agent[01]
3,talk,74,6,2,VOTE Agent[11]
3,talk,75,6,8,VOTE Agent[11]
3,talk,76,6,14,Over
3,talk,77,7,12,VOTE Agent[08]
3,talk,78,7,14,Over
3,talk,79,7,9,Over
3,talk,80,7,6,VOTE Agent[01]
3,talk,81,7,1,Over
3,talk,82,7,13,Skip
3,talk,83,7,11,VOTE Agent[01]
3,talk,84,7,8,Skip
3,talk,85,7,5,Over
3,talk,86,7,2,VOTE Agent[08]
3,talk,87,7,3,VOTE Agent[11]
3,talk,88,8,6,VOTE Agent[08]
3,talk,89,8,11,VOTE Agent[08]
3,talk,90,8,5,Over
3,talk,91,8,14,Over
3,talk,92,8,9,Over
3,talk,93,8,1,Over
3,talk,94,8,8,Skip
3,talk,95,8,3,VOTE Agent[11]
3,talk,96,8,12,VOTE Agent[03]
3,talk,97,8,13,VOTE Agent[01]
3,talk,98,8,2,VOTE Agent[13]
3,talk,99,9,11,Over
3,talk,100,9,1,Over
3,talk,101,9,12,Over
3,talk,102,9,8,Over
3,talk,103,9,2,Over
3,talk,104,9,9,Over
3,talk,105,9,14,Over
3,talk,106,9,6,Over
3,talk,107,9,3,Over
3,talk,108,9,13,VOTE Agent[11]
3,talk,109,9,5,Over
3,talk,110,10,9,Over
3,talk,111,10,1,Over
3,talk,112,10,6,Over
3,talk,113,10,14,Over
3,talk,114,10,12,Over
3,talk,115,10,5,Over
3,talk,116,10,2,Over
3,talk,117,10,8,Over
3,talk,118,10,11,Over
3,talk,119,10,3,Over
3,talk,120,10,13,VOTE Agent[01]
3,talk,121,11,8,Over
3,talk,122,11,13,VOTE Agent[11]
3,talk,123,11,1,Over
3,talk,124,11,9,Over
3,talk,125,11,3,Over
3,talk,126,11,11,Over
3,talk,127,11,5,Over
3,talk,128,11,12,Over
3,talk,129,11,6,Over
3,talk,130,11,14,Over
3,talk,131,11,2,Over
3,talk,132,12,12,Over
3,talk,133,12,13,Skip
3,talk,134,12,3,Over
3,talk,135,12,8,Over
3,talk,136,12,5,Over
3,talk,137,12,11,Over
3,talk,138,12,1,Over
3,talk,139,12,2,Over
3,talk,140,12,6,Over
3,talk,141,12,14,Over
3,talk,142,12,9,Over
3,talk,143,13,14,Over
3,talk,144,13,11,Over
3,talk,145,13,9,Over
3,talk,146,13,3,Over
3,talk,147,13,8,Over
3,talk,148,13,5,Over
3,talk,149,13,12,Over
3,talk,150,13,13,Skip
3,talk,151,13,2,Over
3,talk,152,13,1,Over
3,talk,153,13,6,Over
3,talk,154,14,6,Over
3,talk,155,14,14,Over
3,talk,156,14,9,Over
3,talk,157,14,12,Over
3,talk,158,14,8,Over
3,talk,159,14,3,Over
3,talk,160,14,1,Over
3,talk,161,14,11,Over
3,talk,162,14,13,Over
3,talk,163,14,2,Over
3,talk,164,14,5,Over
3,vote,1,8
3,vote,2,11
3,vote,3,8
3,vote,5,1
3,vote,6,8
3,vote,8,11
3,vote,9,2
3,vote,11,13
3,vote,12,13
3,vote,13,11
3,vote,14,11
3,execute,11,WEREWOLF
3,divine,2,8,HUMAN
3,guard,9,2,SEER
3,attackVote,12,2
3,attack,2,false
4,status,1,MEDIUM,ALIVE,OKAMI
4,status,2,SEER,ALIVE,HALU
4,status,3,VILLAGER,ALIVE,OKAMI
4,status,4,WEREWOLF,DEAD,OKAMI
4,status,5,VILLAGER,ALIVE,Tomato12
4,status,6,VILLAGER,ALIVE,OKAMI
4,status,7,POSSESSED,DEAD,Takeda2
4,status,8,VILLAGER,ALIVE,Takeda6
4,status,9,BODYGUARD,ALIVE,SampleJava9
4,status,10,VILLAGER,DEAD,OKAMI
4,status,11,WEREWOLF,DEAD,OKAMI
4,status,12,WEREWOLF,ALIVE,HALU
4,status,13,VILLAGER,ALIVE,TOKU11
4,status,14,VILLAGER,ALIVE,Takeda0
4,status,15,VILLAGER,DEAD,SampleJava5
4,talk,0,0,14,VOTE Agent[13]
4,talk,1,0,1,ESTIMATE Agent[11] WEREWOLF
4,talk,2,0,9,VOTE Agent[05]
4,talk,3,0,5,VOTE Agent[01]
4,talk,4,0,13,VOTE Agent[14]
4,talk,5,0,3,VOTE Agent[13]
4,talk,6,0,12,IDENTIFIED Agent[11] WEREWOLF
4,talk,7,0,8,VOTE Agent[14]
4,talk,8,0,2,DIVINED Agent[08] HUMAN
4,talk,9,0,6,VOTE Agent[14]
4,talk,10,1,3,COMINGOUT Agent[03] VILLAGER
4,talk,11,1,1,Over
4,talk,12,1,8,Skip
4,talk,13,1,12,VOTE Agent[05]
4,talk,14,1,14,Skip
4,talk,15,1,13,Skip
4,talk,16,1,2,VOTE Agent[05]
4,talk,17,1,9,REQUEST ANY (VOTE Agent[05])
4,talk,18,1,5,Skip
4,talk,19,1,6,COMINGOUT Agent[06] VILLAGER
4,talk,20,2,13,Skip
4,talk,21,2,5,Skip
4,talk,22,2,12,VOTE Agent[05]
4,talk,23,2,6,VOTE Agent[14]
4,talk,24,2,14,Skip
4,talk,25,2,1,Over
4,talk,26,2,2,VOTE Agent[05]
4,talk,27,2,3,VOTE Agent[14]
4,talk,28,2,8,Skip
4,talk,29,2,9,Skip
4,talk,30,3,13,Over
4,talk,31,3,14,Over
4,talk,32,3,2,VOTE Agent[05]
4,talk,33,3,8,Over
4,talk,34,3,3,VOTE Agent[05]
4,talk,35,3,1,Over
4,talk,36,3,6,VOTE Agent[14]
4,talk,37,3,5,Over
4,talk,38,3,9,Skip
4,talk,39,3,12,VOTE Agent[03]
4,talk,40,4,13,Over
4,talk,41,4,1,Over
4,talk,42,4,2,VOTE Agent[05]
4,talk,43,4,12,VOTE Agent[03]
4,talk,44,4,6,VOTE Agent[14]
4,talk,45,4,8,Over
4,talk,46,4,14,Over
4,talk,47,4,5,Over
4,talk,48,4,9,Over
4,talk,49,4,3,VOTE Agent[05]
4,talk,50,5,6,VOTE Agent[14]
4,talk,51,5,14,Over
4,talk,52,5,13,Over
4,talk,53,5,3,VOTE Agent[05]
4,talk,54,5,5,Over
4,talk,55,5,8,Over
4,talk,56,5,1,Over
4,talk,57,5,9,Over
4,talk,58,5,2,VOTE Agent[05]
4,talk,59,5,12,VOTE Agent[05]
4,talk,60,6,5,Over
4,talk,61,6,14,Over
4,talk,62,6,2,VOTE Agent[03]
4,talk,63,6,6,VOTE Agent[14]
4,talk,64,6,9,Over
4,talk,65,6,12,VOTE Agent[03]
4,talk,66,6,13,Over
4,talk,67,6,1,Over
4,talk,68,6,3,VOTE Agent[05]
4,talk,69,6,8,Over
4,talk,70,7,9,Over
4,talk,71,7,8,Over
4,talk,72,7,6,VOTE Agent[14]
4,talk,73,7,3,VOTE Agent[01]
4,talk,74,7,13,Over
4,talk,75,7,2,VOTE Agent[03]
4,talk,76,7,1,Over
4,talk,77,7,12,VOTE Agent[03]
4,talk,78,7,14,Over
4,talk,79,7,5,Over
4,talk,80,8,8,Over
4,talk,81,8,5,Over
4,talk,82,8,2,VOTE Agent[03]
4,talk,83,8,13,Over
4,talk,84,8,12,VOTE Agent[03]
4,talk,85,8,14,Over
4,talk,86,8,6,VOTE Agent[03]
4,talk,87,8,1,Over
4,talk,88,8,3,VOTE Agent[13]
4,talk,89,8,9,Over
4,talk,90,9,14,Over
4,talk,91,9,13,Over
4,talk,92,9,5,Over
4,talk,93,9,1,Over
4,talk,94,9,6,Over
4,talk,95,9,2,Over
4,talk,96,9,12,Over
4,talk,97,9,9,Over
4,talk,98,9,3,Over
4,talk,99,9,8,Over
4,vote,1,13
4,vote,2,3
4,vote,3,13
4,vote,5,1
4,vote,6,3
4,vote,8,14
4,vote,9,2
4,vote,12,3
4,vote,13,14
4,vote,14,13
4,vote,1,14
4,vote,2,3
4,vote,3,5
4,vote,5,1
4,vote,6,14
4,vote,8,14
4,vote,9,3
4,vote,12,3
4,vote,13,14
4,vote,14,13
4,execute,14,VILLAGER
4,divine,2,5,HUMAN
4,guard,9,2,SEER
4,attackVote,12,2
4,attack,2,false
5,status,1,MEDIUM,ALIVE,OKAMI
5,status,2,SEER,ALIVE,HALU
5,status,3,VILLAGER,ALIVE,OKAMI
5,status,4,WEREWOLF,DEAD,OKAMI
5,status,5,VILLAGER,ALIVE,Tomato12
5,status,6,VILLAGER,ALIVE,OKAMI
5,status,7,POSSESSED,DEAD,Takeda2
5,status,8,VILLAGER,ALIVE,Takeda6
5,status,9,BODYGUARD,ALIVE,SampleJava9
5,status,10,VILLAGER,DEAD,OKAMI
5,status,11,WEREWOLF,DEAD,OKAMI
5,status,12,WEREWOLF,ALIVE,HALU
5,status,13,VILLAGER,ALIVE,TOKU11
5,status,14,VILLAGER,DEAD,Takeda0
5,status,15,VILLAGER,DEAD,SampleJava5
5,talk,0,0,9,VOTE Agent[08]
5,talk,1,0,6,VOTE Agent[01]
5,talk,2,0,12,IDENTIFIED Agent[14] HUMAN
5,talk,3,0,1,Skip
5,talk,4,0,8,VOTE Agent[13]
5,talk,5,0,5,VOTE Agent[01]
5,talk,6,0,13,VOTE Agent[01]
5,talk,7,0,2,DIVINED Agent[05] HUMAN
5,talk,8,0,3,VOTE Agent[13]
5,talk,9,1,3,COMINGOUT Agent[03] VILLAGER
5,talk,10,1,13,Skip
5,talk,11,1,2,VOTE Agent[13]
5,talk,12,1,9,REQUEST ANY (VOTE Agent[08])
5,talk,13,1,12,VOTE Agent[13]
5,talk,14,1,5,Skip
5,talk,15,1,6,COMINGOUT Agent[06] VILLAGER
5,talk,16,1,8,Skip
5,talk,17,1,1,Over
5,talk,18,2,8,Skip
5,talk,19,2,9,Skip
5,talk,20,2,5,Skip
5,talk,21,2,2,VOTE Agent[13]
5,talk,22,2,6,VOTE Agent[01]
5,talk,23,2,13,Skip
5,talk,24,2,1,Over
5,talk,25,2,12,VOTE Agent[01]
5,talk,26,2,3,VOTE Agent[13]
5,talk,27,3,9,Skip
5,talk,28,3,6,VOTE Agent[01]
5,talk,29,3,5,Over
5,talk,30,3,12,VOTE Agent[03]
5,talk,31,3,1,Over
5,talk,32,3,3,VOTE Agent[13]
5,talk,33,3,13,VOTE Agent[08]
5,talk,34,3,2,VOTE Agent[03]
5,talk,35,3,8,Over
5,talk,36,4,6,VOTE Agent[13]
5,talk,37,4,1,Over
5,talk,38,4,13,Skip
5,talk,39,4,9,Over
5,talk,40,4,2,VOTE Agent[13]
5,talk,41,4,8,Over
5,talk,42,4,3,VOTE Agent[01]
5,talk,43,4,5,Over
5,talk,44,4,12,VOTE Agent[03]
5,talk,45,5,1,Over
5,talk,46,5,9,Over
5,talk,47,5,8,Over
5,talk,48,5,2,VOTE Agent[03]
5,talk,49,5,13,Skip
5,talk,50,5,6,VOTE Agent[03]
5,talk,51,5,5,Over
5,talk,52,5,3,VOTE Agent[13]
5,talk,53,5,12,VOTE Agent[03]
5,talk,54,6,6,VOTE Agent[03]
5,talk,55,6,12,VOTE Agent[03]
5,talk,56,6,9,Over
5,talk,57,6,2,VOTE Agent[13]
5,talk,58,6,8,Over
5,talk,59,6,3,VOTE Agent[01]
5,talk,60,6,13,Over
5,talk,61,6,5,Over
5,talk,62,6,1,Over
5,talk,63,7,12,VOTE Agent[13]
5,talk,64,7,13,Over
5,talk,65,7,9,Over
5,talk,66,7,5,Over
5,talk,67,7,3,VOTE Agent[01]
5,talk,68,7,2,VOTE Agent[03]
5,talk,69,7,6,VOTE Agent[01]
5,talk,70,7,8,Over
5,talk,71,7,1,Over
5,talk,72,8,1,Over
5,talk,73,8,6,VOTE Agent[13]
5,talk,74,8,5,Over
5,talk,75,8,8,Over
5,talk,76,8,12,VOTE Agent[13]
5,talk,77,8,2,VOTE Agent[13]
5,talk,78,8,13,Over
5,talk,79,8,9,Over
5,talk,80,8,3,VOTE Agent[01]
5,talk,81,9,6,Over
5,talk,82,9,8,Over
5,talk,83,9,3,Over
5,talk,84,9,12,Over
5,talk,85,9,2,Over
5,talk,86,9,9,Over
5,talk,87,9,1,Over
5,talk,88,9,13,Over
5,talk,89,9,5,Over
5,vote,1,13
5,vote,2,13
5,vote,3,1
5,vote,5,1
5,vote,6,1
5,vote,8,13
5,vote,9,13
5,vote,12,3
5,vote,13,8
5,execute,13,VILLAGER
5,divine,2,3,HUMAN
5,guard,9,2,SEER
5,attackVote,12,2
5,attack,2,false
6,status,1,MEDIUM,ALIVE,OKAMI
6,status,2,SEER,ALIVE,HALU
6,status,3,VILLAGER,ALIVE,OKAMI
6,status,4,WEREWOLF,DEAD,OKAMI
6,status,5,VILLAGER,ALIVE,Tomato12
6,status,6,VILLAGER,ALIVE,OKAMI
6,status,7,POSSESSED,DEAD,Takeda2
6,status,8,VILLAGER,ALIVE,Takeda6
6,status,9,BODYGUARD,ALIVE,SampleJava9
6,status,10,VILLAGER,DEAD,OKAMI
6,status,11,WEREWOLF,DEAD,OKAMI
6,status,12,WEREWOLF,ALIVE,HALU
6,status,13,VILLAGER,DEAD,TOKU11
6,status,14,VILLAGER,DEAD,Takeda0
6,status,15,VILLAGER,DEAD,SampleJava5
6,talk,0,0,8,VOTE Agent[01]
6,talk,1,0,12,IDENTIFIED Agent[13] HUMAN
6,talk,2,0,3,VOTE Agent[01]
6,talk,3,0,1,Skip
6,talk,4,0,5,VOTE Agent[01]
6,talk,5,0,9,VOTE Agent[08]
6,talk,6,0,2,DIVINED Agent[03] HUMAN
6,talk,7,0,6,VOTE Agent[01]
6,talk,8,1,12,VOTE Agent[01]
6,talk,9,1,6,COMINGOUT Agent[06] VILLAGER
6,talk,10,1,9,REQUEST ANY (VOTE Agent[08])
6,talk,11,1,8,Skip
6,talk,12,1,2,VOTE Agent[01]
6,talk,13,1,5,Skip
6,talk,14,1,1,Over
6,talk,15,1,3,COMINGOUT Agent[03] VILLAGER
6,talk,16,2,9,Skip
6,talk,17,2,12,VOTE Agent[01]
6,talk,18,2,2,VOTE Agent[01]
6,talk,19,2,3,VOTE Agent[01]
6,talk,20,2,8,Skip
6,talk,21,2,1,Over
6,talk,22,2,5,Skip
6,talk,23,2,6,VOTE Agent[01]
6,talk,24,3,9,Skip
6,talk,25,3,8,Over
6,talk,26,3,12,VOTE Agent[01]
6,talk,27,3,3,VOTE Agent[01]
6,talk,28,3,5,Over
6,talk,29,3,2,VOTE Agent[01]
6,talk,30,3,6,VOTE Agent[01]
6,talk,31,3,1,Over
6,talk,32,4,1,Over
6,talk,33,4,12,VOTE Agent[01]
6,talk,34,4,9,Over
6,talk,35,4,5,Over
6,talk,36,4,6,VOTE Agent[01]
6,talk,37,4,2,VOTE Agent[01]
6,talk,38,4,3,VOTE Agent[01]
6,talk,39,4,8,Over
6,talk,40,5,9,Over
6,talk,41,5,6,VOTE Agent[01]
6,talk,42,5,1,Over
6,talk,43,5,12,VOTE Agent[01]
6,talk,44,5,5,Over
6,talk,45,5,3,VOTE Agent[01]
6,talk,46,5,2,VOTE Agent[01]
6,talk,47,5,8,Over
6,talk,48,6,9,Over
6,talk,49,6,1,Over
6,talk,50,6,6,VOTE Agent[01]
6,talk,51,6,3,VOTE Agent[01]
6,talk,52,6,12,VOTE Agent[01]
6,talk,53,6,5,Over
6,talk,54,6,2,VOTE Agent[01]
6,talk,55,6,8,Over
6,talk,56,7,8,Over
6,talk,57,7,3,VOTE Agent[01]
6,talk,58,7,12,VOTE Agent[01]
6,talk,59,7,9,Over
6,talk,60,7,5,Over
6,talk,61,7,6,VOTE Agent[01]
6,talk,62,7,2,VOTE Agent[01]
6,talk,63,7,1,Over
6,talk,64,8,1,Over
6,talk,65,8,5,Over
6,talk,66,8,12,VOTE Agent[01]
6,talk,67,8,8,Over
6,talk,68,8,2,VOTE Agent[01]
6,talk,69,8,6,VOTE Agent[01]
6,talk,70,8,9,Over
6,talk,71,8,3,VOTE Agent[01]
6,talk,72,9,9,Over
6,talk,73,9,8,Over
6,talk,74,9,5,Over
6,talk,75,9,3,Over
6,talk,76,9,12,Over
6,talk,77,9,2,Over
6,talk,78,9,1,Over
6,talk,79,9,6,Over
6,vote,1,8
6,vote,2,1
6,vote,3,1
6,vote,5,1
6,vote,6,1
6,vote,8,1
6,vote,9,12
6,vote,12,1
6,execute,1,MEDIUM
6,divine,2,12,WEREWOLF
6,guard,9,2,SEER
6,attackVote,12,2
6,attack,2,false
7,status,1,MEDIUM,DEAD,OKAMI
7,status,2,SEER,ALIVE,HALU
7,status,3,VILLAGER,ALIVE,OKAMI
7,status,4,WEREWOLF,DEAD,OKAMI
7,status,5,VILLAGER,ALIVE,Tomato12
7,status,6,VILLAGER,ALIVE,OKAMI
7,status,7,POSSESSED,DEAD,Takeda2
7,status,8,VILLAGER,ALIVE,Takeda6
7,status,9,BODYGUARD,ALIVE,SampleJava9
7,status,10,VILLAGER,DEAD,OKAMI
7,status,11,WEREWOLF,DEAD,OKAMI
7,status,12,WEREWOLF,ALIVE,HALU
7,status,13,VILLAGER,DEAD,TOKU11
7,status,14,VILLAGER,DEAD,Takeda0
7,status,15,VILLAGER,DEAD,SampleJava5
7,talk,0,0,8,VOTE Agent[02]
7,talk,1,0,5,VOTE Agent[09]
7,talk,2,0,6,VOTE Agent[02]
7,talk,3,0,9,VOTE Agent[08]
7,talk,4,0,2,DIVINED Agent[12] WEREWOLF
7,talk,5,0,12,IDENTIFIED Agent[01] HUMAN
7,talk,6,0,3,VOTE Agent[08]
7,talk,7,1,8,Skip
7,talk,8,1,5,Skip
7,talk,9,1,12,VOTE Agent[03]
7,talk,10,1,2,VOTE Agent[12]
7,talk,11,1,3,COMINGOUT Agent[03] VILLAGER
7,talk,12,1,6,COMINGOUT Agent[06] VILLAGER
7,talk,13,1,9,REQUEST ANY (VOTE Agent[08])
7,talk,14,2,5,Skip
7,talk,15,2,3,VOTE Agent[12]
7,talk,16,2,8,Skip
7,talk,17,2,9,Skip
7,talk,18,2,6,VOTE Agent[03]
7,talk,19,2,2,VOTE Agent[12]
7,talk,20,2,12,VOTE Agent[06]
7,talk,21,3,8,Over
7,talk,22,3,3,VOTE Agent[08]
7,talk,23,3,12,VOTE Agent[06]
7,talk,24,3,5,Over
7,talk,25,3,9,Skip
7,talk,26,3,2,VOTE Agent[12]
7,talk,27,3,6,VOTE Agent[12]
7,talk,28,4,6,VOTE Agent[02]
7,talk,29,4,12,VOTE Agent[06]
7,talk,30,4,2,VOTE Agent[12]
7,talk,31,4,9,Over
7,talk,32,4,8,Over
7,talk,33,4,3,VOTE Agent[12]
7,talk,34,4,5,Over
7,talk,35,5,2,VOTE Agent[12]
7,talk,36,5,3,VOTE Agent[08]
7,talk,37,5,12,VOTE Agent[06]
7,talk,38,5,5,Over
7,talk,39,5,9,Over
7,talk,40,5,6,VOTE Agent[12]
7,talk,41,5,8,Over
7,talk,42,6,2,VOTE Agent[12]
7,talk,43,6,12,VOTE Agent[06]
7,talk,44,6,5,Over
7,talk,45,6,9,Over
7,talk,46,6,8,Over
7,talk,47,6,3,VOTE Agent[06]
7,talk,48,6,6,VOTE Agent[08]
7,talk,49,7,6,VOTE Agent[02]
7,talk,50,7,12,VOTE Agent[06]
7,talk,51,7,5,Over
7,talk,52,7,9,Over
7,talk,53,7,8,Over
7,talk,54,7,2,VOTE Agent[12]
7,talk,55,7,3,VOTE Agent[06]
7,talk,56,8,5,Over
7,talk,57,8,12,VOTE Agent[06]
7,talk,58,8,9,Over
7,talk,59,8,2,VOTE Agent[12]
7,talk,60,8,8,Over
7,talk,61,8,3,VOTE Agent[12]
7,talk,62,8,6,VOTE Agent[08]
7,talk,63,9,6,Over
7,talk,64,9,5,Over
7,talk,65,9,2,Over
7,talk,66,9,12,Over
7,talk,67,9,3,Over
7,talk,68,9,8,Over
7,talk,69,9,9,Over
7,vote,2,12
7,vote,3,2
7,vote,5,9
7,vote,6,2
7,vote,8,2
7,vote,9,3
7,vote,12,6
7,execute,2,SEER
7,guard,9,12,WEREWOLF
7,attackVote,12,9
7,attack,9,true
8,status,1,MEDIUM,DEAD,OKAMI
8,status,2,SEER,DEAD,HALU
8,status,3,VILLAGER,ALIVE,OKAMI
8,status,4,WEREWOLF,DEAD,OKAMI
8,status,5,VILLAGER,ALIVE,Tomato12
8,status,6,VILLAGER,ALIVE,OKAMI
8,status,7,POSSESSED,DEAD,Takeda2
8,status,8,VILLAGER,ALIVE,Takeda6
8,status,9,BODYGUARD,DEAD,SampleJava9
8,status,10,VILLAGER,DEAD,OKAMI
8,status,11,WEREWOLF,DEAD,OKAMI
8,status,12,WEREWOLF,ALIVE,HALU
8,status,13,VILLAGER,DEAD,TOKU11
8,status,14,VILLAGER,DEAD,Takeda0
8,status,15,VILLAGER,DEAD,SampleJava5
8,talk,0,0,12,IDENTIFIED Agent[02] HUMAN
8,talk,1,0,5,VOTE Agent[08]
8,talk,2,0,6,VOTE Agent[08]
8,talk,3,0,8,VOTE Agent[05]
8,talk,4,0,3,VOTE Agent[08]
8,talk,5,1,3,COMINGOUT Agent[03] VILLAGER
8,talk,6,1,8,VOTE Agent[05]
8,talk,7,1,5,Skip
8,talk,8,1,12,VOTE Agent[08]
8,talk,9,1,6,COMINGOUT Agent[06] VILLAGER
8,talk,10,2,12,VOTE Agent[08]
8,talk,11,2,5,Skip
8,talk,12,2,6,VOTE Agent[08]
8,talk,13,2,3,VOTE Agent[08]
8,talk,14,2,8,VOTE Agent[05]
8,talk,15,3,3,VOTE Agent[08]
8,talk,16,3,8,VOTE Agent[05]
8,talk,17,3,5,Over
8,talk,18,3,12,VOTE Agent[08]
8,talk,19,3,6,VOTE Agent[08]
8,talk,20,4,3,VOTE Agent[08]
8,talk,21,4,6,VOTE Agent[08]
8,talk,22,4,5,Over
8,talk,23,4,8,VOTE Agent[05]
8,talk,24,4,12,VOTE Agent[06]
8,talk,25,5,5,Over
8,talk,26,5,6,VOTE Agent[08]
8,talk,27,5,12,VOTE Agent[08]
8,talk,28,5,8,VOTE Agent[05]
8,talk,29,5,3,VOTE Agent[08]
8,talk,30,6,12,VOTE Agent[03]
8,talk,31,6,3,VOTE Agent[08]
8,talk,32,6,6,VOTE Agent[03]
8,talk,33,6,5,Over
8,talk,34,6,8,Skip
8,talk,35,7,6,VOTE Agent[03]
8,talk,36,7,3,VOTE Agent[08]
8,talk,37,7,5,Over
8,talk,38,7,8,Skip
8,talk,39,7,12,VOTE Agent[03]
8,talk,40,8,6,VOTE Agent[03]
8,talk,41,8,5,Over
8,talk,42,8,12,VOTE Agent[06]
8,talk,43,8,8,Over
8,talk,44,8,3,VOTE Agent[06]
8,talk,45,9,6,Over
8,talk,46,9,5,Over
8,talk,47,9,3,Over
8,talk,48,9,8,Over
8,talk,49,9,12,Over
8,vote,3,6
8,vote,5,8
8,vote,6,8
8,vote,8,5
8,vote,12,3
8,execute,8,VILLAGER
8,attackVote,12,3
8,attack,3,true
9,status,1,MEDIUM,DEAD,OKAMI
9,status,2,SEER,DEAD,HALU
9,status,3,VILLAGER,DEAD,OKAMI
9,status,4,WEREWOLF,DEAD,OKAMI
9,status,5,VILLAGER,ALIVE,Tomato12
9,status,6,VILLAGER,ALIVE,OKAMI
9,status,7,POSSESSED,DEAD,Takeda2
9,status,8,VILLAGER,DEAD,Takeda6
9,status,9,BODYGUARD,DEAD,SampleJava9
9,status,10,VILLAGER,DEAD,OKAMI
9,status,11,WEREWOLF,DEAD,OKAMI
9,status,12,WEREWOLF,ALIVE,HALU
9,status,13,VILLAGER,DEAD,TOKU11
9,status,14,VILLAGER,DEAD,Takeda0
9,status,15,VILLAGER,DEAD,SampleJava5
9,talk,0,0,5,VOTE Agent[12]
9,talk,1,0,12,IDENTIFIED Agent[08] HUMAN
9,talk,2,0,6,VOTE Agent[05]
9,talk,3,1,5,Skip
9,talk,4,1,12,VOTE Agent[06]
9,talk,5,1,6,COMINGOUT Agent[06] VILLAGER
9,talk,6,2,6,VOTE Agent[05]
9,talk,7,2,12,VOTE Agent[06]
9,talk,8,2,5,Skip
9,talk,9,3,6,VOTE Agent[05]
9,talk,10,3,5,Over
9,talk,11,3,12,VOTE Agent[06]
9,talk,12,4,12,VOTE Agent[06]
9,talk,13,4,5,Over
9,talk,14,4,6,VOTE Agent[05]
9,talk,15,5,6,VOTE Agent[05]
9,talk,16,5,12,VOTE Agent[06]
9,talk,17,5,5,Over
9,talk,18,6,6,VOTE Agent[05]
9,talk,19,6,5,Over
9,talk,20,6,12,VOTE Agent[06]
9,talk,21,7,5,Over
9,talk,22,7,12,VOTE Agent[06]
9,talk,23,7,6,VOTE Agent[05]
9,talk,24,8,12,VOTE Agent[06]
9,talk,25,8,5,Over
9,talk,26,8,6,VOTE Agent[05]
9,talk,27,9,6,Over
9,talk,28,9,5,Over
9,talk,29,9,12,Over
9,vote,5,12
9,vote,6,5
9,vote,12,6
9,vote,5,12
9,vote,6,5
9,vote,12,6
9,execute,6,VILLAGER
9,attackVote,12,5
9,attack,5,true
10,status,1,MEDIUM,DEAD,OKAMI
10,status,2,SEER,DEAD,HALU
10,status,3,VILLAGER,DEAD,OKAMI
10,status,4,WEREWOLF,DEAD,OKAMI
10,status,5,VILLAGER,DEAD,Tomato12
10,status,6,VILLAGER,DEAD,OKAMI
10,status,7,POSSESSED,DEAD,Takeda2
10,status,8,VILLAGER,DEAD,Takeda6
10,status,9,BODYGUARD,DEAD,SampleJava9
10,status,10,VILLAGER,DEAD,OKAMI
10,status,11,WEREWOLF,DEAD,OKAMI
10,status,12,WEREWOLF,ALIVE,HALU
10,status,13,VILLAGER,DEAD,TOKU11
10,status,14,VILLAGER,DEAD,Takeda0
10,status,15,VILLAGER,DEAD,SampleJava5
10,result,0,1,WEREWOLF
