0,status,1,SEER,ALIVE,SampleJava11
0,status,2,VILLAGER,ALIVE,OKAMI
0,status,3,VILLAGER,ALIVE,Takeda13
0,status,4,VILLAGER,ALIVE,SampleJava3
0,status,5,VILLAGER,ALIVE,OKAMI
0,status,6,POSSESSED,ALIVE,OKAMI
0,status,7,VILLAGER,ALIVE,TOKU2
0,status,8,WEREWOLF,ALIVE,OKAMI
0,status,9,BODYGUARD,ALIVE,TOKU4
0,status,10,VILLAGER,ALIVE,Takeda10
0,status,11,VILLAGER,ALIVE,Takeda14
0,status,12,WEREWOLF,ALIVE,SampleJava7
0,status,13,WEREWOLF,ALIVE,SampleJava5
0,status,14,MEDIUM,ALIVE,Takeda8
0,status,15,VILLAGER,ALIVE,Takeda12
0,whisper,0,0,13,COMINGOUT Agent[13] VILLAGER
0,whisper,1,0,12,COMINGOUT Agent[12] SEER
0,whisper,2,0,8,COMINGOUT Agent[08] MEDIUM
0,whisper,3,1,8,COMINGOUT Agent[08] VILLAGER
0,whisper,4,1,12,Skip
0,whisper,5,1,13,Skip
0,whisper,6,2,13,Skip
0,whisper,7,2,8,Skip
0,whisper,8,2,12,Skip
0,whisper,9,3,13,Over
0,whisper,10,3,8,Skip
0,whisper,11,3,12,Over
0,whisper,12,4,8,Over
0,whisper,13,4,13,Over
0,whisper,14,4,12,Over
0,divine,1,7,HUMAN
1,status,1,SEER,ALIVE,SampleJava11
1,status,2,VILLAGER,ALIVE,OKAMI
1,status,3,VILLAGER,ALIVE,Takeda13
1,status,4,VILLAGER,ALIVE,SampleJava3
1,status,5,VILLAGER,ALIVE,OKAMI
1,status,6,POSSESSED,ALIVE,OKAMI
1,status,7,VILLAGER,ALIVE,TOKU2
1,status,8,WEREWOLF,ALIVE,OKAMI
1,status,9,BODYGUARD,ALIVE,TOKU4
1,status,10,VILLAGER,ALIVE,Takeda10
1,status,11,VILLAGER,ALIVE,Takeda14
1,status,12,WEREWOLF,ALIVE,SampleJava7
1,status,13,WEREWOLF,ALIVE,SampleJava5
1,status,14,MEDIUM,ALIVE,Takeda8
1,status,15,VILLAGER,ALIVE,Takeda12
1,talk,0,0,7,VOTE Agent[05]
1,talk,1,0,3,VOTE Agent[05]
1,talk,2,0,1,VOTE Agent[08]
1,talk,3,0,6,COMINGOUT Agent[06] VILLAGER
1,talk,4,0,10,VOTE Agent[05]
1,talk,5,0,14,COMINGOUT Agent[14] MEDIUM
1,talk,6,0,4,VOTE Agent[03]
1,talk,7,0,9,VOTE Agent[05]
1,talk,8,0,8,VOTE Agent[05]
1,talk,9,0,5,VOTE Agent[06]
1,talk,10,0,15,VOTE Agent[05]
1,talk,11,0,11,VOTE Agent[05]
1,talk,12,0,13,VOTE Agent[10]
1,talk,13,0,2,VOTE Agent[06]
1,talk,14,0,12,VOTE Agent[06]
1,talk,15,1,4,REQUEST ANY (VOTE Agent[03])
1,talk,16,1,8,VOTE Agent[05]
1,talk,17,1,12,REQUEST ANY (VOTE Agent[06])
1,talk,18,1,10,VOTE Agent[02]
1,talk,19,1,3,VOTE Agent[12]
1,talk,20,1,1,REQUEST ANY (VOTE Agent[08])
1,talk,21,1,13,REQUEST ANY (VOTE Agent[10])
1,talk,22,1,15,Skip
1,talk,23,1,6,Over
1,talk,24,1,11,VOTE Agent[12]
1,talk,25,1,7,VOTE Agent[10]
1,talk,26,1,2,COMINGOUT Agent[02] VILLAGER
1,talk,27,1,9,VOTE Agent[08]
1,talk,28,1,5,COMINGOUT Agent[05] VILLAGER
1,talk,29,1,14,VOTE Agent[05]
1,talk,30,2,11,Skip
1,talk,31,2,2,VOTE Agent[06]
1,talk,32,2,12,Skip
1,talk,33,2,9,VOTE Agent[03]
1,talk,34,2,15,VOTE Agent[11]
1,talk,35,2,5,VOTE Agent[06]
1,talk,36,2,3,VOTE Agent[08]
1,talk,37,2,13,Skip
1,talk,38,2,14,VOTE Agent[11]
1,talk,39,2,6,DIVINED Agent[15] WEREWOLF
1,talk,40,2,8,VOTE Agent[15]
1,talk,41,2,4,Skip
1,talk,42,2,7,VOTE Agent[08]
1,talk,43,2,10,VOTE Agent[08]
1,talk,44,2,1,Skip
1,talk,45,3,9,Skip
1,talk,46,3,7,VOTE Agent[03]
1,talk,47,3,14,VOTE Agent[03]
1,talk,48,3,1,Skip
1,talk,49,3,11,VOTE Agent[09]
1,talk,50,3,2,VOTE Agent[06]
1,talk,51,3,6,VOTE Agent[15]
1,talk,52,3,12,Skip
1,talk,53,3,15,Skip
1,talk,54,3,4,Skip
1,talk,55,3,5,VOTE Agent[06]
1,talk,56,3,13,Skip
1,talk,57,3,8,VOTE Agent[15]
1,talk,58,3,10,VOTE Agent[03]
1,talk,59,3,3,VOTE Agent[07]
1,talk,60,4,3,Skip
1,talk,61,4,11,Skip
1,talk,62,4,13,Over
1,talk,63,4,1,Over
1,talk,64,4,6,VOTE Agent[15]
1,talk,65,4,7,Skip
1,talk,66,4,8,VOTE Agent[15]
1,talk,67,4,14,Skip
1,talk,68,4,4,Over
1,talk,69,4,9,Skip
1,talk,70,4,12,Over
1,talk,71,4,10,Skip
1,talk,72,4,2,VOTE Agent[06]
1,talk,73,4,5,VOTE Agent[06]
1,talk,74,4,15,VOTE Agent[03]
1,talk,75,5,5,VOTE Agent[06]
1,talk,76,5,11,Skip
1,talk,77,5,13,Over
1,talk,78,5,1,Over
1,talk,79,5,6,VOTE Agent[15]
1,talk,80,5,14,Skip
1,talk,81,5,12,Over
1,talk,82,5,3,Skip
1,talk,83,5,4,Over
1,talk,84,5,9,Over
1,talk,85,5,15,Skip
1,talk,86,5,2,VOTE Agent[06]
1,talk,87,5,10,Skip
1,talk,88,5,7,Skip
1,talk,89,5,8,VOTE Agent[15]
1,talk,90,6,1,Over
1,talk,91,6,10,Over
1,talk,92,6,13,Over
1,talk,93,6,8,VOTE Agent[15]
1,talk,94,6,12,Over
1,talk,95,6,2,VOTE Agent[06]
1,talk,96,6,9,Over
1,talk,97,6,15,Skip
1,talk,98,6,14,Over
1,talk,99,6,7,Over
1,talk,100,6,4,Over
1,talk,101,6,6,VOTE Agent[15]
1,talk,102,6,3,Over
1,talk,103,6,11,Over
1,talk,104,6,5,VOTE Agent[06]
1,talk,105,7,13,Over
1,talk,106,7,14,Over
1,talk,107,7,7,Over
1,talk,108,7,11,Over
1,talk,109,7,9,Over
1,talk,110,7,3,Over
1,talk,111,7,2,VOTE Agent[06]
1,talk,112,7,6,VOTE Agent[15]
1,talk,113,7,10,Over
1,talk,114,7,8,VOTE Agent[15]
1,talk,115,7,4,Over
1,talk,116,7,12,Over
1,talk,117,7,1,Over
1,talk,118,7,5,VOTE Agent[06]
1,talk,119,7,15,Over
1,talk,120,8,14,Over
1,talk,121,8,15,Over
1,talk,122,8,2,VOTE Agent[06]
1,talk,123,8,9,Over
1,talk,124,8,10,Over
1,talk,125,8,7,Over
1,talk,126,8,5,VOTE Agent[06]
1,talk,127,8,13,Over
1,talk,128,8,3,Over
1,talk,129,8,8,VOTE Agent[15]
1,talk,130,8,4,Over
1,talk,131,8,12,Over
1,talk,132,8,1,Over
1,talk,133,8,6,VOTE Agent[15]
1,talk,134,8,11,Over
1,talk,135,9,2,Over
1,talk,136,9,11,VOTE Agent[03]
1,talk,137,9,14,Over
1,talk,138,9,8,Over
1,talk,139,9,5,Over
1,talk,140,9,15,Over
1,talk,141,9,7,Over
1,talk,142,9,9,Over
1,talk,143,9,4,Over
1,talk,144,9,13,Over
1,talk,145,9,3,Over
1,talk,146,9,10,Over
1,talk,147,9,1,Over
1,talk,148,9,6,Over
1,talk,149,9,12,Over
1,talk,150,10,14,Over
1,talk,151,10,5,Over
1,talk,152,10,2,Over
1,talk,153,10,3,VOTE Agent[09]
1,talk,154,10,6,Over
1,talk,155,10,12,Over
1,talk,156,10,13,Over
1,talk,157,10,15,Over
1,talk,158,10,1,Over
1,talk,159,10,11,Skip
1,talk,160,10,4,Over
1,talk,161,10,8,Over
1,talk,162,10,7,Over
1,talk,163,10,9,Over
1,talk,164,10,10,Over
1,talk,165,11,3,Skip
1,talk,166,11,11,Skip
1,talk,167,11,8,Over
1,talk,168,11,2,Over
1,talk,169,11,7,Over
1,talk,170,11,14,Over
1,talk,171,11,13,Over
1,talk,172,11,6,Over
1,talk,173,11,15,Over
1,talk,174,11,4,Over
1,talk,175,11,10,Over
1,talk,176,11,9,Over
1,talk,177,11,1,Over
1,talk,178,11,12,Over
1,talk,179,11,5,Over
1,talk,180,12,10,Over
1,talk,181,12,14,Over
1,talk,182,12,11,Over
1,talk,183,12,4,Over
1,talk,184,12,6,Over
1,talk,185,12,8,Over
1,talk,186,12,12,Over
1,talk,187,12,2,Over
1,talk,188,12,1,Over
1,talk,189,12,13,Over
1,talk,190,12,3,VOTE Agent[07]
1,talk,191,12,9,Over
1,talk,192,12,7,Over
1,talk,193,12,15,Over
1,talk,194,12,5,Over
1,talk,195,13,8,Over
1,talk,196,13,11,Over
1,talk,197,13,9,Over
1,talk,198,13,14,Over
1,talk,199,13,3,Skip
1,talk,200,13,1,Over
1,talk,201,13,5,Over
1,talk,202,13,12,Over
1,talk,203,13,4,Over
1,talk,204,13,10,Over
1,talk,205,13,7,Over
1,talk,206,13,13,Over
1,talk,207,13,15,Over
1,talk,208,13,2,Over
1,talk,209,13,6,Over
1,talk,210,14,5,Over
1,talk,211,14,12,Over
1,talk,212,14,6,Over
1,talk,213,14,7,Over
1,talk,214,14,15,Over
1,talk,215,14,2,Over
1,talk,216,14,3,Skip
1,talk,217,14,8,Over
1,talk,218,14,10,Over
1,talk,219,14,14,Over
1,talk,220,14,11,Over
1,talk,221,14,9,Over
1,talk,222,14,4,Over
1,talk,223,14,1,Over
1,talk,224,14,13,Over
1,talk,225,15,15,Over
1,talk,226,15,8,Over
1,talk,227,15,10,Over
1,talk,228,15,14,Over
1,talk,229,15,1,Over
1,talk,230,15,4,Over
1,talk,231,15,13,Over
1,talk,232,15,12,Over
1,talk,233,15,11,Over
1,talk,234,15,9,Over
1,talk,235,15,5,Over
1,talk,236,15,3,Over
1,talk,237,15,6,Over
1,talk,238,15,7,Over
1,talk,239,15,2,Over
1,vote,1,10
1,vote,2,6
1,vote,3,7
1,vote,4,8
1,vote,5,6
1,vote,6,15
1,vote,7,3
1,vote,8,15
1,vote,9,3
1,vote,10,3
1,vote,11,3
1,vote,12,6
1,vote,13,10
1,vote,14,3
1,vote,15,3
1,execute,3,VILLAGER
1,divine,1,15,HUMAN
1,whisper,0,0,13,BECAUSE (AND (NOT (COMINGOUT Agent[06] WEREWOLF)) (NOT (COMINGOUT Agent[15] WEREWOLF)) (DAY 1 (Agent[06] DIVINED Agent[15] WEREWOLF))) (ESTIMATE Agent[06] POSSESSED)
1,whisper,1,0,12,BECAUSE (AND (NOT (COMINGOUT Agent[06] WEREWOLF)) (NOT (COMINGOUT Agent[15] WEREWOLF)) (DAY 1 (Agent[06] DIVINED Agent[15] WEREWOLF))) (ESTIMATE Agent[06] POSSESSED)
1,whisper,2,0,8,ATTACK Agent[02]
1,whisper,3,1,8,Skip
1,whisper,4,1,13,ATTACK Agent[02]
1,whisper,5,1,12,ATTACK Agent[05]
1,whisper,6,2,12,Skip
1,whisper,7,2,8,Skip
1,whisper,8,2,13,Skip
1,whisper,9,3,12,Skip
1,whisper,10,3,13,Skip
1,whisper,11,3,8,Over
1,whisper,12,4,12,Over
1,whisper,13,4,13,Over
1,whisper,14,4,8,Over
1,guard,9,8,WEREWOLF
1,attackVote,8,10
1,attackVote,12,5
1,attackVote,13,2
1,attackVote,8,2
1,attackVote,12,5
1,attackVote,13,2
1,attack,2,true
2,status,1,SEER,ALIVE,SampleJava11
2,status,2,VILLAGER,DEAD,OKAMI
2,status,3,VILLAGER,DEAD,Takeda13
2,status,4,VILLAGER,ALIVE,SampleJava3
2,status,5,VILLAGER,ALIVE,OKAMI
2,status,6,POSSESSED,ALIVE,OKAMI
2,status,7,VILLAGER,ALIVE,TOKU2
2,status,8,WEREWOLF,ALIVE,OKAMI
2,status,9,BODYGUARD,ALIVE,TOKU4
2,status,10,VILLAGER,ALIVE,Takeda10
2,status,11,VILLAGER,ALIVE,Takeda14
2,status,12,WEREWOLF,ALIVE,SampleJava7
2,status,13,WEREWOLF,ALIVE,SampleJava5
2,status,14,MEDIUM,ALIVE,Takeda8
2,status,15,VILLAGER,ALIVE,Takeda12
2,talk,0,0,13,VOTE Agent[10]
2,talk,1,0,11,VOTE Agent[07]
2,talk,2,0,5,VOTE Agent[01]
2,talk,3,0,9,VOTE Agent[07]
2,talk,4,0,8,VOTE Agent[15]
2,talk,5,0,6,DIVINED Agent[14] HUMAN
2,talk,6,0,15,VOTE Agent[07]
2,talk,7,0,7,VOTE Agent[09]
2,talk,8,0,14,IDENTIFIED Agent[03] HUMAN
2,talk,9,0,10,VOTE Agent[07]
2,talk,10,0,1,VOTE Agent[14]
2,talk,11,0,4,VOTE Agent[13]
2,talk,12,0,12,VOTE Agent[14]
2,talk,13,1,5,COMINGOUT Agent[05] VILLAGER
2,talk,14,1,6,VOTE Agent[15]
2,talk,15,1,12,REQUEST ANY (VOTE Agent[14])
2,talk,16,1,15,Skip
2,talk,17,1,7,Skip
2,talk,18,1,9,Skip
2,talk,19,1,13,REQUEST ANY (VOTE Agent[10])
2,talk,20,1,8,VOTE Agent[15]
2,talk,21,1,14,VOTE Agent[07]
2,talk,22,1,10,Skip
2,talk,23,1,4,REQUEST ANY (VOTE Agent[13])
2,talk,24,1,1,REQUEST ANY (VOTE Agent[14])
2,talk,25,1,11,Skip
2,talk,26,2,1,Skip
2,talk,27,2,15,Skip
2,talk,28,2,6,VOTE Agent[15]
2,talk,29,2,13,Skip
2,talk,30,2,7,VOTE Agent[08]
2,talk,31,2,8,VOTE Agent[15]
2,talk,32,2,9,VOTE Agent[08]
2,talk,33,2,14,VOTE Agent[08]
2,talk,34,2,5,VOTE Agent[06]
2,talk,35,2,10,Skip
2,talk,36,2,12,Skip
2,talk,37,2,11,Skip
2,talk,38,2,4,Skip
2,talk,39,3,5,VOTE Agent[06]
2,talk,40,3,9,Skip
2,talk,41,3,15,VOTE Agent[08]
2,talk,42,3,4,Skip
2,talk,43,3,12,Skip
2,talk,44,3,10,VOTE Agent[08]
2,talk,45,3,8,VOTE Agent[15]
2,talk,46,3,13,Skip
2,talk,47,3,7,Skip
2,talk,48,3,11,VOTE Agent[08]
2,talk,49,3,14,Skip
2,talk,50,3,1,Skip
2,talk,51,3,6,VOTE Agent[15]
2,talk,52,4,6,VOTE Agent[15]
2,talk,53,4,4,Over
2,talk,54,4,9,Skip
2,talk,55,4,11,Skip
2,talk,56,4,12,Over
2,talk,57,4,14,Skip
2,talk,58,4,10,Skip
2,talk,59,4,7,Skip
2,talk,60,4,8,VOTE Agent[15]
2,talk,61,4,15,Skip
2,talk,62,4,1,Over
2,talk,63,4,5,VOTE Agent[01]
2,talk,64,4,13,Over
2,talk,65,5,14,Over
2,talk,66,5,10,Skip
2,talk,67,5,1,Over
2,talk,68,5,13,Over
2,talk,69,5,4,Over
2,talk,70,5,15,Skip
2,talk,71,5,8,VOTE Agent[15]
2,talk,72,5,12,Over
2,talk,73,5,9,Over
2,talk,74,5,5,VOTE Agent[06]
2,talk,75,5,11,Skip
2,talk,76,5,6,VOTE Agent[15]
2,talk,77,5,7,Over
2,talk,78,6,7,Over
2,talk,79,6,6,VOTE Agent[15]
2,talk,80,6,9,Over
2,talk,81,6,14,Over
2,talk,82,6,11,Over
2,talk,83,6,8,VOTE Agent[15]
2,talk,84,6,1,Over
2,talk,85,6,13,Over
2,talk,86,6,10,Over
2,talk,87,6,4,Over
2,talk,88,6,15,Over
2,talk,89,6,5,VOTE Agent[06]
2,talk,90,6,12,Over
2,talk,91,7,6,VOTE Agent[15]
2,talk,92,7,12,Over
2,talk,93,7,15,Over
2,talk,94,7,7,Over
2,talk,95,7,11,Over
2,talk,96,7,13,Over
2,talk,97,7,8,VOTE Agent[15]
2,talk,98,7,5,VOTE Agent[06]
2,talk,99,7,14,Over
2,talk,100,7,9,Over
2,talk,101,7,10,Over
2,talk,102,7,4,Over
2,talk,103,7,1,Over
2,talk,104,8,13,Over
2,talk,105,8,12,Over
2,talk,106,8,15,Over
2,talk,107,8,14,Over
2,talk,108,8,1,Over
2,talk,109,8,6,VOTE Agent[15]
2,talk,110,8,5,VOTE Agent[06]
2,talk,111,8,9,Over
2,talk,112,8,11,Over
2,talk,113,8,10,Over
2,talk,114,8,4,Over
2,talk,115,8,8,VOTE Agent[15]
2,talk,116,8,7,Over
2,talk,117,9,13,Over
2,talk,118,9,5,Over
2,talk,119,9,14,Over
2,talk,120,9,10,Over
2,talk,121,9,9,Over
2,talk,122,9,11,Over
2,talk,123,9,8,Over
2,talk,124,9,15,Over
2,talk,125,9,4,Over
2,talk,126,9,6,Over
2,talk,127,9,7,Over
2,talk,128,9,12,Over
2,talk,129,9,1,Over
2,vote,1,14
2,vote,4,14
2,vote,5,6
2,vote,6,15
2,vote,7,8
2,vote,8,15
2,vote,9,8
2,vote,10,8
2,vote,11,8
2,vote,12,14
2,vote,13,10
2,vote,14,8
2,vote,15,8
2,execute,8,WEREWOLF
2,divine,1,13,WEREWOLF
2,whisper,0,0,12,ATTACK Agent[05]
2,whisper,1,0,13,ATTACK Agent[05]
2,whisper,2,1,12,Skip
2,whisper,3,1,13,Skip
2,whisper,4,2,13,Skip
2,whisper,5,2,12,Skip
2,whisper,6,3,13,Over
2,whisper,7,3,12,Over
2,guard,9,13,WEREWOLF
2,attackVote,12,5
2,attackVote,13,5
2,attack,5,true
3,status,1,SEER,ALIVE,SampleJava11
3,status,2,VILLAGER,DEAD,OKAMI
3,status,3,VILLAGER,DEAD,Takeda13
3,status,4,VILLAGER,ALIVE,SampleJava3
3,status,5,VILLAGER,DEAD,OKAMI
3,status,6,POSSESSED,ALIVE,OKAMI
3,status,7,VILLAGER,ALIVE,TOKU2
3,status,8,WEREWOLF,DEAD,OKAMI
3,status,9,BODYGUARD,ALIVE,TOKU4
3,status,10,VILLAGER,ALIVE,Takeda10
3,status,11,VILLAGER,ALIVE,Takeda14
3,status,12,WEREWOLF,ALIVE,SampleJava7
3,status,13,WEREWOLF,ALIVE,SampleJava5
3,status,14,MEDIUM,ALIVE,Takeda8
3,status,15,VILLAGER,ALIVE,Takeda12
3,talk,0,0,1,COMINGOUT Agent[01] SEER
3,talk,1,0,14,IDENTIFIED Agent[08] WEREWOLF
3,talk,2,0,15,VOTE Agent[07]
3,talk,3,0,4,VOTE Agent[13]
3,talk,4,0,13,VOTE Agent[10]
3,talk,5,0,6,DIVINED Agent[04] HUMAN
3,talk,6,0,11,VOTE Agent[07]
3,talk,7,0,9,VOTE Agent[11]
3,talk,8,0,7,VOTE Agent[11]
3,talk,9,0,12,COMINGOUT Agent[12] SEER
3,talk,10,0,10,VOTE Agent[07]
3,talk,11,1,11,VOTE Agent[01]
3,talk,12,1,10,VOTE Agent[09]
3,talk,13,1,12,AND (DAY 1 (DIVINED Agent[06] WEREWOLF)) (DAY 2 (DIVINED Agent[14] WEREWOLF)) (DAY 3 (DIVINED Agent[13] HUMAN))
3,talk,14,1,9,VOTE Agent[12]
3,talk,15,1,6,VOTE Agent[12]
3,talk,16,1,14,VOTE Agent[01]
3,talk,17,1,13,REQUEST ANY (VOTE Agent[10])
3,talk,18,1,1,AND (DAY 1 (DIVINED Agent[07] HUMAN)) (DAY 2 (DIVINED Agent[15] HUMAN)) (DAY 3 (DIVINED Agent[13] WEREWOLF))
3,talk,19,1,7,VOTE Agent[01]
3,talk,20,1,4,REQUEST ANY (VOTE Agent[13])
3,talk,21,1,15,VOTE Agent[01]
3,talk,22,2,6,VOTE Agent[01]
3,talk,23,2,1,DIVINED Agent[07] HUMAN
3,talk,24,2,13,Skip
3,talk,25,2,12,DIVINED Agent[06] WEREWOLF
3,talk,26,2,7,Skip
3,talk,27,2,15,Skip
3,talk,28,2,10,VOTE Agent[01]
3,talk,29,2,4,Skip
3,talk,30,2,14,Skip
3,talk,31,2,9,Skip
3,talk,32,2,11,Skip
3,talk,33,3,10,Skip
3,talk,34,3,7,Skip
3,talk,35,3,6,VOTE Agent[01]
3,talk,36,3,11,Skip
3,talk,37,3,15,Skip
3,talk,38,3,12,DIVINED Agent[14] WEREWOLF
3,talk,39,3,9,VOTE Agent[01]
3,talk,40,3,1,DIVINED Agent[15] HUMAN
3,talk,41,3,4,Skip
3,talk,42,3,14,Skip
3,talk,43,3,13,Skip
3,talk,44,4,1,DIVINED Agent[13] WEREWOLF
3,talk,45,4,12,DIVINED Agent[13] HUMAN
3,talk,46,4,10,Skip
3,talk,47,4,6,VOTE Agent[01]
3,talk,48,4,13,Over
3,talk,49,4,14,Over
3,talk,50,4,15,Over
3,talk,51,4,4,Over
3,talk,52,4,11,Over
3,talk,53,4,9,Skip
3,talk,54,4,7,Over
3,talk,55,5,14,Over
3,talk,56,5,10,Over
3,talk,57,5,9,Skip
3,talk,58,5,7,Over
3,talk,59,5,13,Over
3,talk,60,5,1,BECAUSE (DAY 3 (DIVINED Agent[13] WEREWOLF)) (AND (VOTE Agent[13]) (REQUEST ANY (VOTE Agent[13])))
3,talk,61,5,15,Over
3,talk,62,5,6,VOTE Agent[01]
3,talk,63,5,12,BECAUSE (DAY 2 (DIVINED Agent[14] WEREWOLF)) (AND (VOTE Agent[14]) (REQUEST ANY (VOTE Agent[14])))
3,talk,64,5,4,Over
3,talk,65,5,11,Over
3,talk,66,6,7,Over
3,talk,67,6,10,Over
3,talk,68,6,14,Over
3,talk,69,6,11,Over
3,talk,70,6,12,VOTE Agent[14]
3,talk,71,6,9,Over
3,talk,72,6,13,Over
3,talk,73,6,15,Over
3,talk,74,6,1,VOTE Agent[13]
3,talk,75,6,4,Over
3,talk,76,6,6,VOTE Agent[01]
3,talk,77,7,4,Over
3,talk,78,7,6,VOTE Agent[01]
3,talk,79,7,9,Over
3,talk,80,7,11,Over
3,talk,81,7,12,REQUEST ANY (VOTE Agent[14])
3,talk,82,7,14,Over
3,talk,83,7,7,Over
3,talk,84,7,10,Over
3,talk,85,7,13,Over
3,talk,86,7,1,REQUEST ANY (VOTE Agent[13])
3,talk,87,7,15,Over
3,talk,88,8,11,Over
3,talk,89,8,1,Skip
3,talk,90,8,14,Over
3,talk,91,8,12,Skip
3,talk,92,8,15,Over
3,talk,93,8,9,Over
3,talk,94,8,7,Over
3,talk,95,8,6,VOTE Agent[01]
3,talk,96,8,13,Over
3,talk,97,8,4,Over
3,talk,98,8,10,Over
3,talk,99,9,15,Over
3,talk,100,9,12,Skip
3,talk,101,9,1,Skip
3,talk,102,9,11,Over
3,talk,103,9,4,Over
3,talk,104,9,6,Over
3,talk,105,9,13,Over
3,talk,106,9,7,Over
3,talk,107,9,9,Over
3,talk,108,9,10,Over
3,talk,109,9,14,Over
3,talk,110,10,14,Over
3,talk,111,10,6,Over
3,talk,112,10,12,Over
3,talk,113,10,11,Over
3,talk,114,10,13,Over
3,talk,115,10,9,Over
3,talk,116,10,15,Over
3,talk,117,10,4,Over
3,talk,118,10,10,Over
3,talk,119,10,1,Over
3,talk,120,10,7,Over
3,vote,1,13
3,vote,4,14
3,vote,6,1
3,vote,7,1
3,vote,9,1
3,vote,10,1
3,vote,11,1
3,vote,12,14
3,vote,13,10
3,vote,14,1
3,vote,15,1
3,execute,1,SEER
3,whisper,0,0,13,BECAUSE (Agent[14] COMINGOUT Agent[14] MEDIUM) (ATTACK Agent[14])
3,whisper,1,0,12,BECAUSE (Agent[14] COMINGOUT Agent[14] MEDIUM) (ATTACK Agent[14])
3,whisper,2,1,12,ATTACK Agent[14]
3,whisper,3,1,13,ATTACK Agent[14]
3,whisper,4,2,13,Skip
3,whisper,5,2,12,Skip
3,whisper,6,3,13,Skip
3,whisper,7,3,12,Skip
3,whisper,8,4,12,Over
3,whisper,9,4,13,Over
3,guard,9,4,VILLAGER
3,attackVote,12,14
3,attackVote,13,14
3,attack,14,true
4,status,1,SEER,DEAD,SampleJava11
4,status,2,VILLAGER,DEAD,OKAMI
4,status,3,VILLAGER,DEAD,Takeda13
4,status,4,VILLAGER,ALIVE,SampleJava3
4,status,5,VILLAGER,DEAD,OKAMI
4,status,6,POSSESSED,ALIVE,OKAMI
4,status,7,VILLAGER,ALIVE,TOKU2
4,status,8,WEREWOLF,DEAD,OKAMI
4,status,9,BODYGUARD,ALIVE,TOKU4
4,status,10,VILLAGER,ALIVE,Takeda10
4,status,11,VILLAGER,ALIVE,Takeda14
4,status,12,WEREWOLF,ALIVE,SampleJava7
4,status,13,WEREWOLF,ALIVE,SampleJava5
4,status,14,MEDIUM,DEAD,Takeda8
4,status,15,VILLAGER,ALIVE,Takeda12
4,talk,0,0,10,VOTE Agent[12]
4,talk,1,0,15,VOTE Agent[12]
4,talk,2,0,9,VOTE Agent[12]
4,talk,3,0,7,VOTE Agent[12]
4,talk,4,0,11,VOTE Agent[12]
4,talk,5,0,6,DIVINED Agent[12] HUMAN
4,talk,6,0,12,DAY 4 (DIVINED Agent[04] HUMAN)
4,talk,7,0,13,VOTE Agent[10]
4,talk,8,0,4,BECAUSE (AND (ANY ATTACKED Agent[14]) (DAY 3 (Agent[12] DIVINED Agent[14] WEREWOLF))) (XOR (ESTIMATE Agent[12] WEREWOLF) (ESTIMATE Agent[12] POSSESSED))
4,talk,9,1,11,Skip
4,talk,10,1,15,Skip
4,talk,11,1,10,Skip
4,talk,12,1,13,REQUEST ANY (VOTE Agent[10])
4,talk,13,1,7,Skip
4,talk,14,1,4,BECAUSE (XOR (ESTIMATE Agent[12] WEREWOLF) (ESTIMATE Agent[12] POSSESSED)) (AND (VOTE Agent[12]) (REQUEST ANY (VOTE Agent[12])))
4,talk,15,1,9,Skip
4,talk,16,1,6,VOTE Agent[12]
4,talk,17,1,12,DIVINED Agent[04] HUMAN
4,talk,18,2,13,Skip
4,talk,19,2,7,Skip
4,talk,20,2,11,Skip
4,talk,21,2,4,VOTE Agent[12]
4,talk,22,2,9,Skip
4,talk,23,2,6,VOTE Agent[12]
4,talk,24,2,12,BECAUSE (DAY 1 (DIVINED Agent[06] WEREWOLF)) (AND (VOTE Agent[06]) (REQUEST ANY (VOTE Agent[06])))
4,talk,25,2,15,Skip
4,talk,26,2,10,Skip
4,talk,27,3,12,VOTE Agent[06]
4,talk,28,3,10,Over
4,talk,29,3,15,Over
4,talk,30,3,13,Skip
4,talk,31,3,4,REQUEST ANY (VOTE Agent[12])
4,talk,32,3,11,Over
4,talk,33,3,6,VOTE Agent[12]
4,talk,34,3,7,Over
4,talk,35,3,9,Over
4,talk,36,4,4,Skip
4,talk,37,4,15,Over
4,talk,38,4,7,Over
4,talk,39,4,11,Over
4,talk,40,4,6,VOTE Agent[12]
4,talk,41,4,13,Over
4,talk,42,4,12,REQUEST ANY (VOTE Agent[06])
4,talk,43,4,9,Over
4,talk,44,4,10,Over
4,talk,45,5,6,VOTE Agent[12]
4,talk,46,5,11,Over
4,talk,47,5,9,Over
4,talk,48,5,7,Over
4,talk,49,5,10,Over
4,talk,50,5,4,Skip
4,talk,51,5,13,Over
4,talk,52,5,12,Skip
4,talk,53,5,15,Over
4,talk,54,6,11,Over
4,talk,55,6,4,Over
4,talk,56,6,9,Over
4,talk,57,6,13,Over
4,talk,58,6,6,VOTE Agent[12]
4,talk,59,6,7,Over
4,talk,60,6,12,Skip
4,talk,61,6,15,Over
4,talk,62,6,10,Over
4,talk,63,7,4,Over
4,talk,64,7,10,Over
4,talk,65,7,9,Over
4,talk,66,7,6,VOTE Agent[12]
4,talk,67,7,15,Over
4,talk,68,7,11,Over
4,talk,69,7,7,Over
4,talk,70,7,13,Over
4,talk,71,7,12,Over
4,talk,72,8,13,Over
4,talk,73,8,7,Over
4,talk,74,8,6,VOTE Agent[12]
4,talk,75,8,9,Over
4,talk,76,8,12,Over
4,talk,77,8,4,Over
4,talk,78,8,10,Over
4,talk,79,8,11,Over
4,talk,80,8,15,Over
4,talk,81,9,6,Over
4,talk,82,9,7,Over
4,talk,83,9,11,Over
4,talk,84,9,15,Over
4,talk,85,9,13,Over
4,talk,86,9,9,Over
4,talk,87,9,12,Over
4,talk,88,9,10,Over
4,talk,89,9,4,Over
4,vote,4,12
4,vote,6,12
4,vote,7,12
4,vote,9,12
4,vote,10,12
4,vote,11,12
4,vote,12,6
4,vote,13,10
4,vote,15,12
4,execute,12,WEREWOLF
4,guard,9,4,VILLAGER
4,attackVote,13,4
4,attack,4,false
5,status,1,SEER,DEAD,SampleJava11
5,status,2,VILLAGER,DEAD,OKAMI
5,status,3,VILLAGER,DEAD,Takeda13
5,status,4,VILLAGER,ALIVE,SampleJava3
5,status,5,VILLAGER,DEAD,OKAMI
5,status,6,POSSESSED,ALIVE,OKAMI
5,status,7,VILLAGER,ALIVE,TOKU2
5,status,8,WEREWOLF,DEAD,OKAMI
5,status,9,BODYGUARD,ALIVE,TOKU4
5,status,10,VILLAGER,ALIVE,Takeda10
5,status,11,VILLAGER,ALIVE,Takeda14
5,status,12,WEREWOLF,DEAD,SampleJava7
5,status,13,WEREWOLF,ALIVE,SampleJava5
5,status,14,MEDIUM,DEAD,Takeda8
5,status,15,VILLAGER,ALIVE,Takeda12
5,talk,0,0,13,VOTE Agent[10]
5,talk,1,0,11,VOTE Agent[10]
5,talk,2,0,10,VOTE Agent[11]
5,talk,3,0,4,VOTE Agent[15]
5,talk,4,0,15,VOTE Agent[11]
5,talk,5,0,9,VOTE Agent[11]
5,talk,6,0,7,VOTE Agent[11]
5,talk,7,0,6,DIVINED Agent[13] HUMAN
5,talk,8,1,6,VOTE Agent[15]
5,talk,9,1,11,VOTE Agent[10]
5,talk,10,1,4,REQUEST ANY (VOTE Agent[15])
5,talk,11,1,9,Skip
5,talk,12,1,15,Skip
5,talk,13,1,7,Skip
5,talk,14,1,13,REQUEST ANY (VOTE Agent[10])
5,talk,15,1,10,Skip
5,talk,16,2,9,Skip
5,talk,17,2,13,Skip
5,talk,18,2,15,Skip
5,talk,19,2,7,Skip
5,talk,20,2,10,Skip
5,talk,21,2,6,VOTE Agent[15]
5,talk,22,2,11,VOTE Agent[10]
5,talk,23,2,4,Skip
5,talk,24,3,15,VOTE Agent[10]
5,talk,25,3,10,VOTE Agent[15]
5,talk,26,3,7,VOTE Agent[10]
5,talk,27,3,9,VOTE Agent[10]
5,talk,28,3,13,Skip
5,talk,29,3,4,Skip
5,talk,30,3,6,VOTE Agent[15]
5,talk,31,3,11,Skip
5,talk,32,4,9,Skip
5,talk,33,4,10,VOTE Agent[15]
5,talk,34,4,11,Skip
5,talk,35,4,13,Over
5,talk,36,4,4,Over
5,talk,37,4,7,Skip
5,talk,38,4,15,Skip
5,talk,39,4,6,VOTE Agent[15]
5,talk,40,5,11,Over
5,talk,41,5,15,Skip
5,talk,42,5,10,VOTE Agent[15]
5,talk,43,5,6,VOTE Agent[15]
5,talk,44,5,9,Skip
5,talk,45,5,7,Skip
5,talk,46,5,4,Over
5,talk,47,5,13,Over
5,talk,48,6,6,VOTE Agent[15]
5,talk,49,6,15,Over
5,talk,50,6,7,Over
5,talk,51,6,4,Over
5,talk,52,6,10,VOTE Agent[15]
5,talk,53,6,9,Over
5,talk,54,6,13,Over
5,talk,55,6,11,Over
5,talk,56,7,11,Over
5,talk,57,7,7,Over
5,talk,58,7,13,Over
5,talk,59,7,4,Over
5,talk,60,7,6,VOTE Agent[15]
5,talk,61,7,15,Over
5,talk,62,7,9,Over
5,talk,63,7,10,VOTE Agent[15]
5,talk,64,8,11,Over
5,talk,65,8,13,Over
5,talk,66,8,7,Over
5,talk,67,8,10,VOTE Agent[15]
5,talk,68,8,4,Over
5,talk,69,8,6,VOTE Agent[15]
5,talk,70,8,15,Over
5,talk,71,8,9,Over
5,talk,72,9,10,VOTE Agent[15]
5,talk,73,9,13,Over
5,talk,74,9,11,Over
5,talk,75,9,9,Over
5,talk,76,9,4,Over
5,talk,77,9,7,Over
5,talk,78,9,15,Over
5,talk,79,9,6,Over
5,talk,80,10,11,Over
5,talk,81,10,9,Over
5,talk,82,10,4,Over
5,talk,83,10,10,VOTE Agent[15]
5,talk,84,10,15,Over
5,talk,85,10,13,Over
5,talk,86,10,7,Over
5,talk,87,10,6,Over
5,talk,88,11,11,Over
5,talk,89,11,15,Over
5,talk,90,11,6,Over
5,talk,91,11,4,Over
5,talk,92,11,7,Over
5,talk,93,11,9,Over
5,talk,94,11,10,VOTE Agent[15]
5,talk,95,11,13,Over
5,talk,96,12,9,Over
5,talk,97,12,4,Over
5,talk,98,12,6,Over
5,talk,99,12,7,Over
5,talk,100,12,13,Over
5,talk,101,12,15,Over
5,talk,102,12,11,Over
5,talk,103,12,10,Over
5,vote,4,10
5,vote,6,15
5,vote,7,10
5,vote,9,10
5,vote,10,15
5,vote,11,10
5,vote,13,10
5,vote,15,10
5,execute,10,VILLAGER
5,guard,9,4,VILLAGER
5,attackVote,13,7
5,attack,7,true
6,status,1,SEER,DEAD,SampleJava11
6,status,2,VILLAGER,DEAD,OKAMI
6,status,3,VILLAGER,DEAD,Takeda13
6,status,4,VILLAGER,ALIVE,SampleJava3
6,status,5,VILLAGER,DEAD,OKAMI
6,status,6,POSSESSED,ALIVE,OKAMI
6,status,7,VILLAGER,DEAD,TOKU2
6,status,8,WEREWOLF,DEAD,OKAMI
6,status,9,BODYGUARD,ALIVE,TOKU4
6,status,10,VILLAGER,DEAD,Takeda10
6,status,11,VILLAGER,ALIVE,Takeda14
6,status,12,WEREWOLF,DEAD,SampleJava7
6,status,13,WEREWOLF,ALIVE,SampleJava5
6,status,14,MEDIUM,DEAD,Takeda8
6,status,15,VILLAGER,ALIVE,Takeda12
6,talk,0,0,13,VOTE Agent[10]
6,talk,1,0,11,VOTE Agent[15]
6,talk,2,0,6,COMINGOUT Agent[06] POSSESSED
6,talk,3,0,15,VOTE Agent[11]
6,talk,4,0,4,VOTE Agent[11]
6,talk,5,0,9,VOTE Agent[15]
6,talk,6,1,4,REQUEST ANY (VOTE Agent[11])
6,talk,7,1,9,Skip
6,talk,8,1,13,REQUEST ANY (VOTE Agent[10])
6,talk,9,1,11,Skip
6,talk,10,1,6,VOTE Agent[11]
6,talk,11,1,15,Skip
6,talk,12,2,11,VOTE Agent[15]
6,talk,13,2,9,Skip
6,talk,14,2,4,Skip
6,talk,15,2,6,VOTE Agent[11]
6,talk,16,2,13,Skip
6,talk,17,2,15,Skip
6,talk,18,3,13,Skip
6,talk,19,3,9,VOTE Agent[11]
6,talk,20,3,6,VOTE Agent[11]
6,talk,21,3,4,Skip
6,talk,22,3,11,VOTE Agent[15]
6,talk,23,3,15,Over
6,talk,24,4,11,VOTE Agent[15]
6,talk,25,4,15,Over
6,talk,26,4,13,Over
6,talk,27,4,9,Skip
6,talk,28,4,6,VOTE Agent[11]
6,talk,29,4,4,Over
6,talk,30,5,9,Skip
6,talk,31,5,15,Over
6,talk,32,5,6,VOTE Agent[11]
6,talk,33,5,13,Over
6,talk,34,5,4,Over
6,talk,35,5,11,VOTE Agent[15]
6,talk,36,6,13,Over
6,talk,37,6,4,Over
6,talk,38,6,15,Over
6,talk,39,6,6,VOTE Agent[11]
6,talk,40,6,9,Over
6,talk,41,6,11,VOTE Agent[15]
6,talk,42,7,15,Over
6,talk,43,7,9,Over
6,talk,44,7,6,VOTE Agent[11]
6,talk,45,7,13,Over
6,talk,46,7,11,VOTE Agent[15]
6,talk,47,7,4,Over
6,talk,48,8,6,VOTE Agent[11]
6,talk,49,8,11,VOTE Agent[15]
6,talk,50,8,13,Over
6,talk,51,8,9,Over
6,talk,52,8,15,Over
6,talk,53,8,4,Over
6,talk,54,9,11,VOTE Agent[15]
6,talk,55,9,4,Over
6,talk,56,9,9,Over
6,talk,57,9,15,Over
6,talk,58,9,13,Over
6,talk,59,9,6,VOTE Agent[11]
6,talk,60,10,13,Over
6,talk,61,10,15,Over
6,talk,62,10,11,VOTE Agent[15]
6,talk,63,10,6,Over
6,talk,64,10,9,Over
6,talk,65,10,4,Over
6,talk,66,11,11,Over
6,talk,67,11,6,Over
6,talk,68,11,9,Over
6,talk,69,11,13,Over
6,talk,70,11,4,Over
6,talk,71,11,15,Over
6,vote,4,6
6,vote,6,11
6,vote,9,11
6,vote,11,15
6,vote,13,9
6,vote,15,11
6,execute,11,VILLAGER
6,guard,9,4,VILLAGER
6,attackVote,13,4
6,attack,4,false
7,status,1,SEER,DEAD,SampleJava11
7,status,2,VILLAGER,DEAD,OKAMI
7,status,3,VILLAGER,DEAD,Takeda13
7,status,4,VILLAGER,ALIVE,SampleJava3
7,status,5,VILLAGER,DEAD,OKAMI
7,status,6,POSSESSED,ALIVE,OKAMI
7,status,7,VILLAGER,DEAD,TOKU2
7,status,8,WEREWOLF,DEAD,OKAMI
7,status,9,BODYGUARD,ALIVE,TOKU4
7,status,10,VILLAGER,DEAD,Takeda10
7,status,11,VILLAGER,DEAD,Takeda14
7,status,12,WEREWOLF,DEAD,SampleJava7
7,status,13,WEREWOLF,ALIVE,SampleJava5
7,status,14,MEDIUM,DEAD,Takeda8
7,status,15,VILLAGER,ALIVE,Takeda12
7,talk,0,0,6,COMINGOUT Agent[06] POSSESSED
7,talk,1,0,4,VOTE Agent[13]
7,talk,2,0,15,VOTE Agent[09]
7,talk,3,0,13,VOTE Agent[10]
7,talk,4,0,9,VOTE Agent[15]
7,talk,5,1,15,Skip
7,talk,6,1,9,Skip
7,talk,7,1,13,REQUEST ANY (VOTE Agent[10])
7,talk,8,1,6,VOTE Agent[13]
7,talk,9,1,4,REQUEST ANY (VOTE Agent[13])
7,talk,10,2,15,Skip
7,talk,11,2,9,Skip
7,talk,12,2,13,Skip
7,talk,13,2,6,VOTE Agent[15]
7,talk,14,2,4,Skip
7,talk,15,3,13,Skip
7,talk,16,3,4,Skip
7,talk,17,3,6,VOTE Agent[15]
7,talk,18,3,9,Over
7,talk,19,3,15,Over
7,talk,20,4,6,VOTE Agent[09]
7,talk,21,4,9,Over
7,talk,22,4,13,Over
7,talk,23,4,4,Over
7,talk,24,4,15,Over
7,talk,25,5,13,Over
7,talk,26,5,15,Over
7,talk,27,5,6,VOTE Agent[15]
7,talk,28,5,9,Over
7,talk,29,5,4,Over
7,talk,30,6,15,Over
7,talk,31,6,13,Over
7,talk,32,6,4,Over
7,talk,33,6,9,Over
7,talk,34,6,6,VOTE Agent[15]
7,talk,35,7,6,VOTE Agent[09]
7,talk,36,7,13,Over
7,talk,37,7,9,Over
7,talk,38,7,15,Over
7,talk,39,7,4,Over
7,talk,40,8,15,Over
7,talk,41,8,13,Over
7,talk,42,8,4,Over
7,talk,43,8,9,Over
7,talk,44,8,6,VOTE Agent[09]
7,talk,45,9,13,Over
7,talk,46,9,9,Over
7,talk,47,9,4,Over
7,talk,48,9,6,VOTE Agent[09]
7,talk,49,9,15,Over
7,talk,50,10,9,Over
7,talk,51,10,6,Over
7,talk,52,10,13,Over
7,talk,53,10,4,Over
7,talk,54,10,15,Over
7,vote,4,6
7,vote,6,9
7,vote,9,15
7,vote,13,4
7,vote,15,9
7,execute,9,BODYGUARD
7,attackVote,13,15
7,attack,15,true
8,status,1,SEER,DEAD,SampleJava11
8,status,2,VILLAGER,DEAD,OKAMI
8,status,3,VILLAGER,DEAD,Takeda13
8,status,4,VILLAGER,ALIVE,SampleJava3
8,status,5,VILLAGER,DEAD,OKAMI
8,status,6,POSSESSED,ALIVE,OKAMI
8,status,7,VILLAGER,DEAD,TOKU2
8,status,8,WEREWOLF,DEAD,OKAMI
8,status,9,BODYGUARD,DEAD,TOKU4
8,status,10,VILLAGER,DEAD,Takeda10
8,status,11,VILLAGER,DEAD,Takeda14
8,status,12,WEREWOLF,DEAD,SampleJava7
8,status,13,WEREWOLF,ALIVE,SampleJava5
8,status,14,MEDIUM,DEAD,Takeda8
8,status,15,VILLAGER,DEAD,Takeda12
8,talk,0,0,13,VOTE Agent[10]
8,talk,1,0,4,VOTE Agent[06]
8,talk,2,0,6,COMINGOUT Agent[06] POSSESSED
8,talk,3,1,6,VOTE Agent[04]
8,talk,4,1,4,REQUEST ANY (VOTE Agent[06])
8,talk,5,1,13,REQUEST ANY (VOTE Agent[10])
8,talk,6,2,4,Skip
8,talk,7,2,13,Skip
8,talk,8,2,6,VOTE Agent[13]
8,talk,9,3,13,Skip
8,talk,10,3,4,Skip
8,talk,11,3,6,VOTE Agent[04]
8,talk,12,4,13,Over
8,talk,13,4,6,VOTE Agent[04]
8,talk,14,4,4,Over
8,talk,15,5,6,VOTE Agent[04]
8,talk,16,5,4,Over
8,talk,17,5,13,Over
8,talk,18,6,13,Over
8,talk,19,6,6,VOTE Agent[04]
8,talk,20,6,4,Over
8,talk,21,7,4,Over
8,talk,22,7,6,VOTE Agent[04]
8,talk,23,7,13,Over
8,talk,24,8,13,Over
8,talk,25,8,4,Over
8,talk,26,8,6,VOTE Agent[13]
8,talk,27,9,4,Over
8,talk,28,9,13,Over
8,talk,29,9,6,VOTE Agent[13]
8,talk,30,10,4,Over
8,talk,31,10,13,Over
8,talk,32,10,6,Over
8,vote,4,6
8,vote,6,13
8,vote,13,6
8,execute,6,POSSESSED
8,attackVote,13,4
8,attack,4,true
9,status,1,SEER,DEAD,SampleJava11
9,status,2,VILLAGER,DEAD,OKAMI
9,status,3,VILLAGER,DEAD,Takeda13
9,status,4,VILLAGER,DEAD,SampleJava3
9,status,5,VILLAGER,DEAD,OKAMI
9,status,6,POSSESSED,DEAD,OKAMI
9,status,7,VILLAGER,DEAD,TOKU2
9,status,8,WEREWOLF,DEAD,OKAMI
9,status,9,BODYGUARD,DEAD,TOKU4
9,status,10,VILLAGER,DEAD,Takeda10
9,status,11,VILLAGER,DEAD,Takeda14
9,status,12,WEREWOLF,DEAD,SampleJava7
9,status,13,WEREWOLF,ALIVE,SampleJava5
9,status,14,MEDIUM,DEAD,Takeda8
9,status,15,VILLAGER,DEAD,Takeda12
9,result,0,1,WEREWOLF
