0,status,1,BODYGUARD,ALIVE,SampleJava11
0,status,2,VILLAGER,ALIVE,OKAMI
0,status,3,WEREWOLF,ALIVE,Takeda13
0,status,4,VILLAGER,ALIVE,SampleJava3
0,status,5,VILLAGER,ALIVE,OKAMI
0,status,6,VILLAGER,ALIVE,OKAMI
0,status,7,VILLAGER,ALIVE,TOKU2
0,status,8,POSSESSED,ALIVE,OKAMI
0,status,9,WEREWOLF,ALIVE,TOKU4
0,status,10,SEER,ALIVE,Takeda10
0,status,11,VILLAGER,ALIVE,Takeda14
0,status,12,MEDIUM,ALIVE,SampleJava7
0,status,13,VILLAGER,ALIVE,SampleJava5
0,status,14,VILLAGER,ALIVE,Takeda8
0,status,15,WEREWOLF,ALIVE,Takeda12
0,whisper,0,0,3,Skip
0,whisper,1,0,9,Skip
0,whisper,2,0,15,Skip
0,whisper,3,1,15,Skip
0,whisper,4,1,3,Skip
0,whisper,5,1,9,Skip
0,whisper,6,2,15,Over
0,whisper,7,2,9,Over
0,whisper,8,2,3,Over
0,divine,10,14,HUMAN
1,status,1,BODYGUARD,ALIVE,SampleJava11
1,status,2,VILLAGER,ALIVE,OKAMI
1,status,3,WEREWOLF,ALIVE,Takeda13
1,status,4,VILLAGER,ALIVE,SampleJava3
1,status,5,VILLAGER,ALIVE,OKAMI
1,status,6,VILLAGER,ALIVE,OKAMI
1,status,7,VILLAGER,ALIVE,TOKU2
1,status,8,POSSESSED,ALIVE,OKAMI
1,status,9,WEREWOLF,ALIVE,TOKU4
1,status,10,SEER,ALIVE,Takeda10
1,status,11,VILLAGER,ALIVE,Takeda14
1,status,12,MEDIUM,ALIVE,SampleJava7
1,status,13,VILLAGER,ALIVE,SampleJava5
1,status,14,VILLAGER,ALIVE,Takeda8
1,status,15,WEREWOLF,ALIVE,Takeda12
1,talk,0,0,13,VOTE Agent[04]
1,talk,1,0,9,Skip
1,talk,2,0,15,Skip
1,talk,3,0,6,VOTE Agent[04]
1,talk,4,0,10,COMINGOUT Agent[10] SEER
1,talk,5,0,12,VOTE Agent[09]
1,talk,6,0,11,VOTE Agent[04]
1,talk,7,0,7,VOTE Agent[04]
1,talk,8,0,4,VOTE Agent[15]
1,talk,9,0,5,VOTE Agent[15]
1,talk,10,0,3,Skip
1,talk,11,0,8,COMINGOUT Agent[08] VILLAGER
1,talk,12,0,2,VOTE Agent[15]
1,talk,13,0,1,VOTE Agent[04]
1,talk,14,0,14,VOTE Agent[04]
1,talk,15,1,13,REQUEST ANY (VOTE Agent[04])
1,talk,16,1,1,REQUEST ANY (VOTE Agent[04])
1,talk,17,1,5,COMINGOUT Agent[05] VILLAGER
1,talk,18,1,11,VOTE Agent[09]
1,talk,19,1,12,REQUEST ANY (VOTE Agent[09])
1,talk,20,1,6,COMINGOUT Agent[06] VILLAGER
1,talk,21,1,15,VOTE Agent[09]
1,talk,22,1,14,VOTE Agent[09]
1,talk,23,1,2,COMINGOUT Agent[02] VILLAGER
1,talk,24,1,3,VOTE Agent[04]
1,talk,25,1,8,Over
1,talk,26,1,9,VOTE Agent[15]
1,talk,27,1,10,DIVINED Agent[14] HUMAN
1,talk,28,1,4,REQUEST ANY (VOTE Agent[15])
1,talk,29,1,7,VOTE Agent[09]
1,talk,30,2,4,Skip
1,talk,31,2,1,Skip
1,talk,32,2,10,VOTE Agent[09]
1,talk,33,2,13,Skip
1,talk,34,2,14,Skip
1,talk,35,2,7,Skip
1,talk,36,2,6,VOTE Agent[08]
1,talk,37,2,3,VOTE Agent[07]
1,talk,38,2,9,Skip
1,talk,39,2,12,Skip
1,talk,40,2,5,VOTE Agent[06]
1,talk,41,2,15,Skip
1,talk,42,2,8,DIVINED Agent[13] WEREWOLF
1,talk,43,2,2,VOTE Agent[06]
1,talk,44,2,11,Skip
1,talk,45,3,14,VOTE Agent[03]
1,talk,46,3,11,Skip
1,talk,47,3,12,Skip
1,talk,48,3,2,VOTE Agent[06]
1,talk,49,3,7,Skip
1,talk,50,3,5,VOTE Agent[06]
1,talk,51,3,13,BECAUSE (AND (COMINGOUT Agent[13] VILLAGER) (DAY 1 (Agent[08] DIVINED Agent[13] WEREWOLF))) (XOR (ESTIMATE Agent[08] WEREWOLF) (ESTIMATE Agent[08] POSSESSED))
1,talk,52,3,15,VOTE Agent[07]
1,talk,53,3,1,Skip
1,talk,54,3,3,Skip
1,talk,55,3,6,VOTE Agent[08]
1,talk,56,3,8,VOTE Agent[13]
1,talk,57,3,10,VOTE Agent[03]
1,talk,58,3,4,Skip
1,talk,59,3,9,VOTE Agent[07]
1,talk,60,4,1,Over
1,talk,61,4,13,BECAUSE (XOR (ESTIMATE Agent[08] WEREWOLF) (ESTIMATE Agent[08] POSSESSED)) (AND (VOTE Agent[08]) (REQUEST ANY (VOTE Agent[08])))
1,talk,62,4,8,VOTE Agent[13]
1,talk,63,4,4,Over
1,talk,64,4,3,VOTE Agent[09]
1,talk,65,4,14,Skip
1,talk,66,4,2,VOTE Agent[06]
1,talk,67,4,9,VOTE Agent[03]
1,talk,68,4,12,Over
1,talk,69,4,15,Skip
1,talk,70,4,11,Over
1,talk,71,4,7,Over
1,talk,72,4,6,VOTE Agent[08]
1,talk,73,4,5,VOTE Agent[06]
1,talk,74,4,10,VOTE Agent[03]
1,talk,75,5,10,VOTE Agent[03]
1,talk,76,5,9,Skip
1,talk,77,5,14,VOTE Agent[09]
1,talk,78,5,13,VOTE Agent[08]
1,talk,79,5,3,Skip
1,talk,80,5,2,VOTE Agent[06]
1,talk,81,5,4,Over
1,talk,82,5,15,Skip
1,talk,83,5,7,VOTE Agent[03]
1,talk,84,5,5,VOTE Agent[06]
1,talk,85,5,1,Over
1,talk,86,5,8,VOTE Agent[13]
1,talk,87,5,11,VOTE Agent[03]
1,talk,88,5,6,VOTE Agent[08]
1,talk,89,5,12,Over
1,talk,90,6,9,Skip
1,talk,91,6,8,VOTE Agent[13]
1,talk,92,6,1,Over
1,talk,93,6,5,VOTE Agent[06]
1,talk,94,6,3,Skip
1,talk,95,6,11,Skip
1,talk,96,6,13,REQUEST ANY (VOTE Agent[08])
1,talk,97,6,10,VOTE Agent[03]
1,talk,98,6,6,VOTE Agent[08]
1,talk,99,6,2,VOTE Agent[06]
1,talk,100,6,12,Over
1,talk,101,6,4,Over
1,talk,102,6,15,Over
1,talk,103,6,14,Skip
1,talk,104,6,7,Skip
1,talk,105,7,6,VOTE Agent[08]
1,talk,106,7,1,Over
1,talk,107,7,10,VOTE Agent[03]
1,talk,108,7,12,Over
1,talk,109,7,11,Skip
1,talk,110,7,7,Skip
1,talk,111,7,4,Over
1,talk,112,7,9,Over
1,talk,113,7,13,Skip
1,talk,114,7,5,VOTE Agent[06]
1,talk,115,7,2,VOTE Agent[06]
1,talk,116,7,8,VOTE Agent[13]
1,talk,117,7,3,Over
1,talk,118,7,14,Skip
1,talk,119,7,15,Over
1,talk,120,8,8,VOTE Agent[13]
1,talk,121,8,7,Over
1,talk,122,8,15,VOTE Agent[03]
1,talk,123,8,5,VOTE Agent[06]
1,talk,124,8,6,VOTE Agent[08]
1,talk,125,8,10,VOTE Agent[03]
1,talk,126,8,14,VOTE Agent[03]
1,talk,127,8,3,Over
1,talk,128,8,2,VOTE Agent[06]
1,talk,129,8,1,Over
1,talk,130,8,12,Over
1,talk,131,8,13,Skip
1,talk,132,8,11,Over
1,talk,133,8,4,Over
1,talk,134,8,9,Over
1,talk,135,9,13,Over
1,talk,136,9,3,Over
1,talk,137,9,11,Over
1,talk,138,9,5,Over
1,talk,139,9,14,Skip
1,talk,140,9,8,Over
1,talk,141,9,12,Over
1,talk,142,9,1,Over
1,talk,143,9,6,Over
1,talk,144,9,7,Over
1,talk,145,9,9,Over
1,talk,146,9,10,VOTE Agent[03]
1,talk,147,9,4,Over
1,talk,148,9,2,Over
1,talk,149,9,15,Skip
1,talk,150,10,5,Over
1,talk,151,10,6,Over
1,talk,152,10,7,Over
1,talk,153,10,11,Over
1,talk,154,10,14,Skip
1,talk,155,10,10,Over
1,talk,156,10,13,Over
1,talk,157,10,3,Over
1,talk,158,10,2,Over
1,talk,159,10,9,Over
1,talk,160,10,4,Over
1,talk,161,10,12,Over
1,talk,162,10,1,Over
1,talk,163,10,8,Over
1,talk,164,10,15,Skip
1,talk,165,11,7,Over
1,talk,166,11,10,Over
1,talk,167,11,14,Over
1,talk,168,11,9,Over
1,talk,169,11,11,Over
1,talk,170,11,5,Over
1,talk,171,11,12,Over
1,talk,172,11,13,Over
1,talk,173,11,1,Over
1,talk,174,11,8,Over
1,talk,175,11,6,Over
1,talk,176,11,15,Over
1,talk,177,11,3,Over
1,talk,178,11,4,Over
1,talk,179,11,2,Over
1,vote,1,8
1,vote,2,6
1,vote,3,9
1,vote,4,8
1,vote,5,6
1,vote,6,8
1,vote,7,3
1,vote,8,13
1,vote,9,3
1,vote,10,3
1,vote,11,3
1,vote,12,8
1,vote,13,8
1,vote,14,3
1,vote,15,3
1,execute,3,WEREWOLF
1,divine,10,9,WEREWOLF
1,whisper,0,0,9,Skip
1,whisper,1,0,15,Skip
1,whisper,2,1,15,Skip
1,whisper,3,1,9,Skip
1,whisper,4,2,15,Over
1,whisper,5,2,9,Over
1,guard,1,10,SEER
1,attackVote,9,10
1,attackVote,15,13
1,attackVote,9,10
1,attackVote,15,13
1,attack,10,false
2,status,1,BODYGUARD,ALIVE,SampleJava11
2,status,2,VILLAGER,ALIVE,OKAMI
2,status,3,WEREWOLF,DEAD,Takeda13
2,status,4,VILLAGER,ALIVE,SampleJava3
2,status,5,VILLAGER,ALIVE,OKAMI
2,status,6,VILLAGER,ALIVE,OKAMI
2,status,7,VILLAGER,ALIVE,TOKU2
2,status,8,POSSESSED,ALIVE,OKAMI
2,status,9,WEREWOLF,ALIVE,TOKU4
2,status,10,SEER,ALIVE,Takeda10
2,status,11,VILLAGER,ALIVE,Takeda14
2,status,12,MEDIUM,ALIVE,SampleJava7
2,status,13,VILLAGER,ALIVE,SampleJava5
2,status,14,VILLAGER,ALIVE,Takeda8
2,status,15,WEREWOLF,ALIVE,Takeda12
2,talk,0,0,9,VOTE Agent[07]
2,talk,1,0,15,VOTE Agent[09]
2,talk,2,0,12,COMINGOUT Agent[12] MEDIUM
2,talk,3,0,14,VOTE Agent[09]
2,talk,4,0,8,DIVINED Agent[05] HUMAN
2,talk,5,0,4,VOTE Agent[12]
2,talk,6,0,13,BECAUSE (AND (COMINGOUT Agent[13] VILLAGER) (DAY 1 (Agent[08] DIVINED Agent[13] WEREWOLF))) (XOR (ESTIMATE Agent[08] WEREWOLF) (ESTIMATE Agent[08] POSSESSED))
2,talk,7,0,11,VOTE Agent[09]
2,talk,8,0,7,VOTE Agent[09]
2,talk,9,0,2,VOTE Agent[01]
2,talk,10,0,10,DIVINED Agent[09] WEREWOLF
2,talk,11,0,6,VOTE Agent[01]
2,talk,12,0,1,VOTE Agent[05]
2,talk,13,0,5,VOTE Agent[01]
2,talk,14,1,12,DAY 2 (IDENTIFIED Agent[03] WEREWOLF)
2,talk,15,1,8,VOTE Agent[13]
2,talk,16,1,7,Skip
2,talk,17,1,14,Skip
2,talk,18,1,13,BECAUSE (XOR (ESTIMATE Agent[08] WEREWOLF) (ESTIMATE Agent[08] POSSESSED)) (AND (VOTE Agent[08]) (REQUEST ANY (VOTE Agent[08])))
2,talk,19,1,2,COMINGOUT Agent[02] VILLAGER
2,talk,20,1,11,Skip
2,talk,21,1,15,Skip
2,talk,22,1,1,REQUEST ANY (VOTE Agent[05])
2,talk,23,1,9,VOTE Agent[15]
2,talk,24,1,10,VOTE Agent[09]
2,talk,25,1,5,COMINGOUT Agent[05] VILLAGER
2,talk,26,1,4,REQUEST ANY (VOTE Agent[12])
2,talk,27,1,6,COMINGOUT Agent[06] VILLAGER
2,talk,28,2,14,Skip
2,talk,29,2,2,VOTE Agent[01]
2,talk,30,2,9,Skip
2,talk,31,2,15,Skip
2,talk,32,2,5,VOTE Agent[01]
2,talk,33,2,13,VOTE Agent[08]
2,talk,34,2,8,VOTE Agent[13]
2,talk,35,2,10,VOTE Agent[09]
2,talk,36,2,12,IDENTIFIED Agent[03] WEREWOLF
2,talk,37,2,11,Skip
2,talk,38,2,4,Skip
2,talk,39,2,7,Skip
2,talk,40,2,6,VOTE Agent[08]
2,talk,41,2,1,Skip
2,talk,42,3,5,VOTE Agent[01]
2,talk,43,3,14,Over
2,talk,44,3,11,Over
2,talk,45,3,7,Over
2,talk,46,3,9,VOTE Agent[13]
2,talk,47,3,1,Skip
2,talk,48,3,6,VOTE Agent[08]
2,talk,49,3,2,VOTE Agent[01]
2,talk,50,3,15,VOTE Agent[13]
2,talk,51,3,8,VOTE Agent[13]
2,talk,52,3,4,Skip
2,talk,53,3,12,VOTE Agent[08]
2,talk,54,3,13,REQUEST ANY (VOTE Agent[08])
2,talk,55,3,10,VOTE Agent[09]
2,talk,56,4,14,Over
2,talk,57,4,6,VOTE Agent[01]
2,talk,58,4,8,VOTE Agent[13]
2,talk,59,4,10,VOTE Agent[09]
2,talk,60,4,15,Skip
2,talk,61,4,5,VOTE Agent[01]
2,talk,62,4,12,REQUEST ANY (VOTE Agent[08])
2,talk,63,4,1,Over
2,talk,64,4,9,Skip
2,talk,65,4,4,Over
2,talk,66,4,13,Skip
2,talk,67,4,2,VOTE Agent[01]
2,talk,68,4,7,Over
2,talk,69,4,11,Over
2,talk,70,5,15,Skip
2,talk,71,5,6,VOTE Agent[01]
2,talk,72,5,9,Skip
2,talk,73,5,11,Over
2,talk,74,5,4,Over
2,talk,75,5,1,Over
2,talk,76,5,10,VOTE Agent[09]
2,talk,77,5,5,VOTE Agent[01]
2,talk,78,5,14,Over
2,talk,79,5,12,Skip
2,talk,80,5,2,VOTE Agent[01]
2,talk,81,5,8,VOTE Agent[13]
2,talk,82,5,7,Over
2,talk,83,5,13,Skip
2,talk,84,6,14,Over
2,talk,85,6,13,Over
2,talk,86,6,15,Over
2,talk,87,6,5,VOTE Agent[01]
2,talk,88,6,2,VOTE Agent[01]
2,talk,89,6,4,Over
2,talk,90,6,12,Skip
2,talk,91,6,9,Over
2,talk,92,6,10,VOTE Agent[09]
2,talk,93,6,1,Over
2,talk,94,6,7,Over
2,talk,95,6,6,VOTE Agent[08]
2,talk,96,6,8,VOTE Agent[13]
2,talk,97,6,11,Over
2,talk,98,7,14,Over
2,talk,99,7,8,VOTE Agent[13]
2,talk,100,7,13,Over
2,talk,101,7,10,VOTE Agent[09]
2,talk,102,7,5,VOTE Agent[01]
2,talk,103,7,15,Over
2,talk,104,7,4,Over
2,talk,105,7,6,VOTE Agent[08]
2,talk,106,7,7,Over
2,talk,107,7,1,Over
2,talk,108,7,12,Over
2,talk,109,7,2,VOTE Agent[01]
2,talk,110,7,9,Over
2,talk,111,7,11,Over
2,talk,112,8,10,VOTE Agent[09]
2,talk,113,8,12,Over
2,talk,114,8,4,Over
2,talk,115,8,8,VOTE Agent[13]
2,talk,116,8,7,Over
2,talk,117,8,14,Over
2,talk,118,8,9,Over
2,talk,119,8,2,VOTE Agent[01]
2,talk,120,8,5,VOTE Agent[01]
2,talk,121,8,6,VOTE Agent[08]
2,talk,122,8,13,Over
2,talk,123,8,11,Over
2,talk,124,8,15,Over
2,talk,125,8,1,Over
2,talk,126,9,12,Over
2,talk,127,9,4,Over
2,talk,128,9,8,Over
2,talk,129,9,6,Over
2,talk,130,9,1,Over
2,talk,131,9,5,Over
2,talk,132,9,9,Over
2,talk,133,9,11,Over
2,talk,134,9,10,VOTE Agent[09]
2,talk,135,9,13,Over
2,talk,136,9,2,Over
2,talk,137,9,15,Over
2,talk,138,9,14,Over
2,talk,139,9,7,Over
2,talk,140,10,9,Over
2,talk,141,10,4,Over
2,talk,142,10,2,Over
2,talk,143,10,12,Over
2,talk,144,10,10,Over
2,talk,145,10,5,Over
2,talk,146,10,8,Over
2,talk,147,10,1,Over
2,talk,148,10,15,Over
2,talk,149,10,7,Over
2,talk,150,10,6,Over
2,talk,151,10,11,Over
2,talk,152,10,13,Over
2,talk,153,10,14,Over
2,vote,1,12
2,vote,2,1
2,vote,4,8
2,vote,5,1
2,vote,6,8
2,vote,7,9
2,vote,8,13
2,vote,9,15
2,vote,10,9
2,vote,11,9
2,vote,12,5
2,vote,13,8
2,vote,14,9
2,vote,15,9
2,execute,9,WEREWOLF
2,divine,10,15,WEREWOLF
2,guard,1,10,SEER
2,attackVote,15,13
2,attack,13,true
3,status,1,BODYGUARD,ALIVE,SampleJava11
3,status,2,VILLAGER,ALIVE,OKAMI
3,status,3,WEREWOLF,DEAD,Takeda13
3,status,4,VILLAGER,ALIVE,SampleJava3
3,status,5,VILLAGER,ALIVE,OKAMI
3,status,6,VILLAGER,ALIVE,OKAMI
3,status,7,VILLAGER,ALIVE,TOKU2
3,status,8,POSSESSED,ALIVE,OKAMI
3,status,9,WEREWOLF,DEAD,TOKU4
3,status,10,SEER,ALIVE,Takeda10
3,status,11,VILLAGER,ALIVE,Takeda14
3,status,12,MEDIUM,ALIVE,SampleJava7
3,status,13,VILLAGER,DEAD,SampleJava5
3,status,14,VILLAGER,ALIVE,Takeda8
3,status,15,WEREWOLF,ALIVE,Takeda12
3,talk,0,0,4,BECAUSE (AND (ANY ATTACKED Agent[13]) (DAY 1 (Agent[08] DIVINED Agent[13] WEREWOLF))) (XOR (ESTIMATE Agent[08] WEREWOLF) (ESTIMATE Agent[08] POSSESSED))
3,talk,1,0,2,VOTE Agent[06]
3,talk,2,0,5,VOTE Agent[06]
3,talk,3,0,6,VOTE Agent[01]
3,talk,4,0,15,VOTE Agent[07]
3,talk,5,0,14,VOTE Agent[15]
3,talk,6,0,11,VOTE Agent[15]
3,talk,7,0,10,DIVINED Agent[15] WEREWOLF
3,talk,8,0,7,VOTE Agent[15]
3,talk,9,0,12,DAY 3 (IDENTIFIED Agent[09] WEREWOLF)
3,talk,10,0,8,DIVINED Agent[14] WEREWOLF
3,talk,11,0,1,BECAUSE (AND (ANY ATTACKED Agent[13]) (DAY 1 (Agent[08] DIVINED Agent[13] WEREWOLF))) (XOR (ESTIMATE Agent[08] WEREWOLF) (ESTIMATE Agent[08] POSSESSED))
3,talk,12,1,6,COMINGOUT Agent[06] VILLAGER
3,talk,13,1,5,COMINGOUT Agent[05] VILLAGER
3,talk,14,1,7,Skip
3,talk,15,1,8,VOTE Agent[14]
3,talk,16,1,15,Skip
3,talk,17,1,4,BECAUSE (XOR (ESTIMATE Agent[08] WEREWOLF) (ESTIMATE Agent[08] POSSESSED)) (AND (VOTE Agent[08]) (REQUEST ANY (VOTE Agent[08])))
3,talk,18,1,11,Skip
3,talk,19,1,2,COMINGOUT Agent[02] VILLAGER
3,talk,20,1,12,IDENTIFIED Agent[09] WEREWOLF
3,talk,21,1,14,Skip
3,talk,22,1,1,BECAUSE (XOR (ESTIMATE Agent[08] WEREWOLF) (ESTIMATE Agent[08] POSSESSED)) (AND (VOTE Agent[08]) (REQUEST ANY (VOTE Agent[08])))
3,talk,23,1,10,VOTE Agent[15]
3,talk,24,2,11,Skip
3,talk,25,2,14,Skip
3,talk,26,2,15,Skip
3,talk,27,2,12,BECAUSE (AND (ANY ATTACKED Agent[13]) (DAY 1 (Agent[08] DIVINED Agent[13] WEREWOLF))) (XOR (ESTIMATE Agent[08] WEREWOLF) (ESTIMATE Agent[08] POSSESSED))
3,talk,28,2,8,VOTE Agent[14]
3,talk,29,2,5,VOTE Agent[06]
3,talk,30,2,6,VOTE Agent[08]
3,talk,31,2,7,Skip
3,talk,32,2,4,VOTE Agent[08]
3,talk,33,2,1,VOTE Agent[08]
3,talk,34,2,2,VOTE Agent[15]
3,talk,35,2,10,VOTE Agent[15]
3,talk,36,3,8,VOTE Agent[14]
3,talk,37,3,12,BECAUSE (XOR (ESTIMATE Agent[08] WEREWOLF) (ESTIMATE Agent[08] POSSESSED)) (AND (VOTE Agent[08]) (REQUEST ANY (VOTE Agent[08])))
3,talk,38,3,1,REQUEST ANY (VOTE Agent[08])
3,talk,39,3,15,Over
3,talk,40,3,4,REQUEST ANY (VOTE Agent[08])
3,talk,41,3,10,VOTE Agent[15]
3,talk,42,3,14,Over
3,talk,43,3,5,VOTE Agent[01]
3,talk,44,3,2,VOTE Agent[15]
3,talk,45,3,6,VOTE Agent[01]
3,talk,46,3,11,Over
3,talk,47,3,7,Over
3,talk,48,4,6,VOTE Agent[01]
3,talk,49,4,2,VOTE Agent[15]
3,talk,50,4,7,Over
3,talk,51,4,4,Skip
3,talk,52,4,11,Over
3,talk,53,4,12,VOTE Agent[08]
3,talk,54,4,15,Over
3,talk,55,4,5,VOTE Agent[01]
3,talk,56,4,1,Skip
3,talk,57,4,10,VOTE Agent[15]
3,talk,58,4,14,Over
3,talk,59,4,8,VOTE Agent[14]
3,talk,60,5,2,VOTE Agent[15]
3,talk,61,5,1,Skip
3,talk,62,5,14,Over
3,talk,63,5,12,REQUEST ANY (VOTE Agent[08])
3,talk,64,5,15,Over
3,talk,65,5,8,VOTE Agent[14]
3,talk,66,5,11,Over
3,talk,67,5,5,VOTE Agent[01]
3,talk,68,5,10,VOTE Agent[15]
3,talk,69,5,6,VOTE Agent[01]
3,talk,70,5,7,Over
3,talk,71,5,4,Skip
3,talk,72,6,12,Skip
3,talk,73,6,14,Over
3,talk,74,6,1,Over
3,talk,75,6,2,VOTE Agent[15]
3,talk,76,6,11,Over
3,talk,77,6,5,VOTE Agent[01]
3,talk,78,6,7,Over
3,talk,79,6,15,Over
3,talk,80,6,4,Over
3,talk,81,6,6,VOTE Agent[01]
3,talk,82,6,10,VOTE Agent[15]
3,talk,83,6,8,VOTE Agent[14]
3,talk,84,7,7,Over
3,talk,85,7,2,VOTE Agent[15]
3,talk,86,7,10,VOTE Agent[15]
3,talk,87,7,5,VOTE Agent[01]
3,talk,88,7,8,VOTE Agent[14]
3,talk,89,7,1,Over
3,talk,90,7,15,Over
3,talk,91,7,4,Over
3,talk,92,7,14,Over
3,talk,93,7,6,VOTE Agent[01]
3,talk,94,7,12,Skip
3,talk,95,7,11,Over
3,talk,96,8,10,VOTE Agent[15]
3,talk,97,8,14,Over
3,talk,98,8,7,Over
3,talk,99,8,4,Over
3,talk,100,8,11,Over
3,talk,101,8,12,Over
3,talk,102,8,1,Over
3,talk,103,8,2,VOTE Agent[15]
3,talk,104,8,8,VOTE Agent[14]
3,talk,105,8,6,VOTE Agent[01]
3,talk,106,8,15,Over
3,talk,107,8,5,VOTE Agent[01]
3,talk,108,9,11,Over
3,talk,109,9,5,Over
3,talk,110,9,7,Over
3,talk,111,9,8,Over
3,talk,112,9,1,Over
3,talk,113,9,10,VOTE Agent[15]
3,talk,114,9,12,Over
3,talk,115,9,6,Over
3,talk,116,9,4,Over
3,talk,117,9,15,Over
3,talk,118,9,2,Over
3,talk,119,9,14,Over
3,talk,120,10,12,Over
3,talk,121,10,1,Over
3,talk,122,10,8,Over
3,talk,123,10,14,Over
3,talk,124,10,2,Over
3,talk,125,10,15,Over
3,talk,126,10,7,Over
3,talk,127,10,10,Over
3,talk,128,10,5,Over
3,talk,129,10,11,Over
3,talk,130,10,4,Over
3,talk,131,10,6,Over
3,vote,1,8
3,vote,2,15
3,vote,4,8
3,vote,5,1
3,vote,6,1
3,vote,7,15
3,vote,8,14
3,vote,10,15
3,vote,11,15
3,vote,12,8
3,vote,14,15
3,vote,15,7
3,execute,15,WEREWOLF
3,divine,10,7,HUMAN
3,guard,1,10,SEER
4,status,1,BODYGUARD,ALIVE,SampleJava11
4,status,2,VILLAGER,ALIVE,OKAMI
4,status,3,WEREWOLF,DEAD,Takeda13
4,status,4,VILLAGER,ALIVE,SampleJava3
4,status,5,VILLAGER,ALIVE,OKAMI
4,status,6,VILLAGER,ALIVE,OKAMI
4,status,7,VILLAGER,ALIVE,TOKU2
4,status,8,POSSESSED,ALIVE,OKAMI
4,status,9,WEREWOLF,DEAD,TOKU4
4,status,10,SEER,ALIVE,Takeda10
4,status,11,VILLAGER,ALIVE,Takeda14
4,status,12,MEDIUM,ALIVE,SampleJava7
4,status,13,VILLAGER,DEAD,SampleJava5
4,status,14,VILLAGER,ALIVE,Takeda8
4,status,15,WEREWOLF,DEAD,Takeda12
4,result,11,0,VILLAGER
