0,status,1,VILLAGER,ALIVE,Takeda11
0,status,2,MEDIUM,ALIVE,SampleJava1
0,status,3,VILLAGER,ALIVE,sample_py
0,status,4,POSSESSED,ALIVE,HALU
0,status,5,SEER,ALIVE,SampleJava14
0,status,6,VILLAGER,ALIVE,Tomato10
0,status,7,VILLAGER,ALIVE,sample_py
0,status,8,BODYGUARD,ALIVE,Tomato7
0,status,9,WEREWOLF,ALIVE,sample_py
0,status,10,VILLAGER,ALIVE,TOKU4
0,status,11,VILLAGER,ALIVE,Tomato5
0,status,12,WEREWOLF,ALIVE,TOKU6
0,status,13,VILLAGER,ALIVE,HALU
0,status,14,WEREWOLF,ALIVE,OKAMI
0,status,15,VILLAGER,ALIVE,Tomato2
0,whisper,0,0,12,Skip
0,whisper,1,0,9,COMINGOUT Agent[09] SEER
0,whisper,2,0,14,COMINGOUT Agent[14] SEER
0,whisper,3,1,12,Skip
0,whisper,4,1,14,COMINGOUT Agent[14] VILLAGER
0,whisper,5,1,9,COMINGOUT Agent[09] SEER
0,whisper,6,2,14,Skip
0,whisper,7,2,9,COMINGOUT Agent[09] SEER
0,whisper,8,2,12,Over
0,whisper,9,3,12,Over
0,whisper,10,3,9,COMINGOUT Agent[09] SEER
0,whisper,11,3,14,Skip
0,whisper,12,4,9,COMINGOUT Agent[09] SEER
0,whisper,13,4,14,Over
0,whisper,14,4,12,Over
0,whisper,15,5,9,COMINGOUT Agent[09] SEER
0,whisper,16,5,14,Over
0,whisper,17,5,12,Over
0,whisper,18,6,12,Over
0,whisper,19,6,9,COMINGOUT Agent[09] SEER
0,whisper,20,6,14,Over
0,whisper,21,7,12,Over
0,whisper,22,7,14,Over
0,whisper,23,7,9,COMINGOUT Agent[09] SEER
0,whisper,24,8,14,Over
0,whisper,25,8,12,Over
0,whisper,26,8,9,COMINGOUT Agent[09] SEER
0,whisper,27,9,12,Over
0,whisper,28,9,9,COMINGOUT Agent[09] SEER
0,whisper,29,9,14,Over
0,whisper,30,10,14,Over
0,whisper,31,10,9,Over
0,whisper,32,10,12,Over
0,divine,5,10,HUMAN
1,status,1,VILLAGER,ALIVE,Takeda11
1,status,2,MEDIUM,ALIVE,SampleJava1
1,status,3,VILLAGER,ALIVE,sample_py
1,status,4,POSSESSED,ALIVE,HALU
1,status,5,SEER,ALIVE,SampleJava14
1,status,6,VILLAGER,ALIVE,Tomato10
1,status,7,VILLAGER,ALIVE,sample_py
1,status,8,BODYGUARD,ALIVE,Tomato7
1,status,9,WEREWOLF,ALIVE,sample_py
1,status,10,VILLAGER,ALIVE,TOKU4
1,status,11,VILLAGER,ALIVE,Tomato5
1,status,12,WEREWOLF,ALIVE,TOKU6
1,status,13,VILLAGER,ALIVE,HALU
1,status,14,WEREWOLF,ALIVE,OKAMI
1,status,15,VILLAGER,ALIVE,Tomato2
1,talk,0,0,1,VOTE Agent[14]
1,talk,1,0,10,VOTE Agent[14]
1,talk,2,0,3,VOTE Agent[02]
1,talk,3,0,15,VOTE Agent[14]
1,talk,4,0,11,VOTE Agent[14]
1,talk,5,0,6,VOTE Agent[14]
1,talk,6,0,9,COMINGOUT Agent[09] SEER
1,talk,7,0,7,VOTE Agent[10]
1,talk,8,0,8,VOTE Agent[14]
1,talk,9,0,2,VOTE Agent[08]
1,talk,10,0,14,VOTE Agent[02]
1,talk,11,0,5,COMINGOUT Agent[05] SEER
1,talk,12,0,12,COMINGOUT Agent[12] SEER
1,talk,13,0,4,COMINGOUT Agent[04] SEER
1,talk,14,0,13,VOTE Agent[02]
1,talk,15,1,11,Skip
1,talk,16,1,6,Skip
1,talk,17,1,4,DIVINED Agent[02] WEREWOLF
1,talk,18,1,8,Skip
1,talk,19,1,7,VOTE Agent[02]
1,talk,20,1,15,Skip
1,talk,21,1,14,VOTE Agent[02]
1,talk,22,1,5,DAY 1 (DIVINED Agent[10] HUMAN)
1,talk,23,1,12,DIVINED Agent[05] WEREWOLF
1,talk,24,1,3,Skip
1,talk,25,1,2,REQUEST ANY (VOTE Agent[08])
1,talk,26,1,9,DIVINED Agent[15] WEREWOLF
1,talk,27,1,10,VOTE Agent[09]
1,talk,28,1,1,VOTE Agent[09]
1,talk,29,1,13,VOTE Agent[09]
1,talk,30,2,7,Skip
1,talk,31,2,11,Skip
1,talk,32,2,4,VOTE Agent[02]
1,talk,33,2,3,Skip
1,talk,34,2,5,DIVINED Agent[10] HUMAN
1,talk,35,2,13,VOTE Agent[04]
1,talk,36,2,8,VOTE Agent[02]
1,talk,37,2,10,VOTE Agent[04]
1,talk,38,2,14,VOTE Agent[02]
1,talk,39,2,15,VOTE Agent[02]
1,talk,40,2,1,VOTE Agent[05]
1,talk,41,2,2,BECAUSE (AND (COMINGOUT Agent[02] VILLAGER) (DAY 1 (Agent[04] DIVINED Agent[02] WEREWOLF))) (XOR (ESTIMATE Agent[04] WEREWOLF) (ESTIMATE Agent[04] POSSESSED))
1,talk,42,2,6,VOTE Agent[05]
1,talk,43,2,9,VOTE Agent[15]
1,talk,44,2,12,VOTE Agent[05]
1,talk,45,3,1,VOTE Agent[12]
1,talk,46,3,9,Skip
1,talk,47,3,7,Skip
1,talk,48,3,3,Over
1,talk,49,3,2,BECAUSE (XOR (ESTIMATE Agent[04] WEREWOLF) (ESTIMATE Agent[04] POSSESSED)) (AND (VOTE Agent[04]) (REQUEST ANY (VOTE Agent[04])))
1,talk,50,3,5,BECAUSE (AND (COMINGOUT Agent[05] SEER) (Agent[09] COMINGOUT Agent[09] SEER)) (XOR (ESTIMATE Agent[09] WEREWOLF) (ESTIMATE Agent[09] POSSESSED))
1,talk,51,3,12,Skip
1,talk,52,3,13,VOTE Agent[09]
1,talk,53,3,10,Skip
1,talk,54,3,4,VOTE Agent[09]
1,talk,55,3,8,VOTE Agent[05]
1,talk,56,3,14,VOTE Agent[05]
1,talk,57,3,11,VOTE Agent[05]
1,talk,58,3,15,VOTE Agent[05]
1,talk,59,3,6,Skip
1,talk,60,4,11,Skip
1,talk,61,4,10,VOTE Agent[12]
1,talk,62,4,13,VOTE Agent[09]
1,talk,63,4,12,Skip
1,talk,64,4,14,VOTE Agent[05]
1,talk,65,4,1,Skip
1,talk,66,4,2,VOTE Agent[04]
1,talk,67,4,5,BECAUSE (XOR (ESTIMATE Agent[09] WEREWOLF) (ESTIMATE Agent[09] POSSESSED)) (AND (VOTE Agent[09]) (REQUEST ANY (VOTE Agent[09])))
1,talk,68,4,9,Skip
1,talk,69,4,4,VOTE Agent[05]
1,talk,70,4,8,Skip
1,talk,71,4,7,Over
1,talk,72,4,3,Over
1,talk,73,4,6,Skip
1,talk,74,4,15,Skip
1,talk,75,5,15,Skip
1,talk,76,5,13,VOTE Agent[04]
1,talk,77,5,9,Over
1,talk,78,5,6,Over
1,talk,79,5,7,Over
1,talk,80,5,10,Skip
1,talk,81,5,8,Skip
1,talk,82,5,2,REQUEST ANY (VOTE Agent[04])
1,talk,83,5,14,VOTE Agent[05]
1,talk,84,5,11,Skip
1,talk,85,5,12,Over
1,talk,86,5,4,VOTE Agent[05]
1,talk,87,5,3,Over
1,talk,88,5,5,VOTE Agent[09]
1,talk,89,5,1,VOTE Agent[14]
1,talk,90,6,3,Over
1,talk,91,6,4,VOTE Agent[05]
1,talk,92,6,9,Over
1,talk,93,6,5,REQUEST ANY (VOTE Agent[09])
1,talk,94,6,12,Over
1,talk,95,6,15,Over
1,talk,96,6,7,Over
1,talk,97,6,14,VOTE Agent[05]
1,talk,98,6,10,Skip
1,talk,99,6,8,Over
1,talk,100,6,13,VOTE Agent[09]
1,talk,101,6,11,Over
1,talk,102,6,6,Over
1,talk,103,6,2,Skip
1,talk,104,6,1,VOTE Agent[12]
1,talk,105,7,10,Over
1,talk,106,7,9,Over
1,talk,107,7,1,Skip
1,talk,108,7,11,Over
1,talk,109,7,12,Over
1,talk,110,7,15,Over
1,talk,111,7,6,Over
1,talk,112,7,13,VOTE Agent[09]
1,talk,113,7,7,Over
1,talk,114,7,3,Over
1,talk,115,7,14,VOTE Agent[05]
1,talk,116,7,8,Over
1,talk,117,7,2,Skip
1,talk,118,7,4,VOTE Agent[02]
1,talk,119,7,5,Skip
1,talk,120,8,13,VOTE Agent[04]
1,talk,121,8,5,Skip
1,talk,122,8,15,Over
1,talk,123,8,3,Over
1,talk,124,8,10,Over
1,talk,125,8,6,Over
1,talk,126,8,4,VOTE Agent[02]
1,talk,127,8,12,Over
1,talk,128,8,8,Over
1,talk,129,8,11,Over
1,talk,130,8,14,VOTE Agent[05]
1,talk,131,8,7,Over
1,talk,132,8,1,Skip
1,talk,133,8,9,Over
1,talk,134,8,2,Over
1,talk,135,9,13,Over
1,talk,136,9,5,Over
1,talk,137,9,9,Over
1,talk,138,9,3,Over
1,talk,139,9,1,Over
1,talk,140,9,6,Over
1,talk,141,9,14,Over
1,talk,142,9,7,Over
1,talk,143,9,11,Over
1,talk,144,9,2,Over
1,talk,145,9,4,Over
1,talk,146,9,10,Over
1,talk,147,9,12,Over
1,talk,148,9,8,Over
1,talk,149,9,15,Over
1,vote,1,12
1,vote,2,4
1,vote,3,2
1,vote,4,2
1,vote,5,9
1,vote,6,5
1,vote,7,2
1,vote,8,5
1,vote,9,15
1,vote,10,12
1,vote,11,5
1,vote,12,5
1,vote,13,9
1,vote,14,5
1,vote,15,5
1,execute,5,SEER
1,whisper,0,0,14,ATTACK Agent[07]
1,whisper,1,0,9,ATTACK Agent[04]
1,whisper,2,0,12,Skip
1,whisper,3,1,9,Skip
1,whisper,4,1,12,Skip
1,whisper,5,1,14,Skip
1,whisper,6,2,9,Skip
1,whisper,7,2,14,Skip
1,whisper,8,2,12,Over
1,whisper,9,3,12,Over
1,whisper,10,3,14,Over
1,whisper,11,3,9,Over
1,guard,8,4,POSSESSED
1,attackVote,9,4
1,attackVote,12,4
1,attackVote,14,13
1,attack,4,false
2,status,1,VILLAGER,ALIVE,Takeda11
2,status,2,MEDIUM,ALIVE,SampleJava1
2,status,3,VILLAGER,ALIVE,sample_py
2,status,4,POSSESSED,ALIVE,HALU
2,status,5,SEER,DEAD,SampleJava14
2,status,6,VILLAGER,ALIVE,Tomato10
2,status,7,VILLAGER,ALIVE,sample_py
2,status,8,BODYGUARD,ALIVE,Tomato7
2,status,9,WEREWOLF,ALIVE,sample_py
2,status,10,VILLAGER,ALIVE,TOKU4
2,status,11,VILLAGER,ALIVE,Tomato5
2,status,12,WEREWOLF,ALIVE,TOKU6
2,status,13,VILLAGER,ALIVE,HALU
2,status,14,WEREWOLF,ALIVE,OKAMI
2,status,15,VILLAGER,ALIVE,Tomato2
2,talk,0,0,9,DIVINED Agent[07] HUMAN
2,talk,1,0,7,VOTE Agent[02]
2,talk,2,0,15,VOTE Agent[02]
2,talk,3,0,12,DIVINED Agent[04] WEREWOLF
2,talk,4,0,3,VOTE Agent[02]
2,talk,5,0,10,VOTE Agent[12]
2,talk,6,0,1,VOTE Agent[12]
2,talk,7,0,11,VOTE Agent[02]
2,talk,8,0,14,VOTE Agent[02]
2,talk,9,0,8,VOTE Agent[02]
2,talk,10,0,13,VOTE Agent[09]
2,talk,11,0,2,COMINGOUT Agent[02] MEDIUM
2,talk,12,0,4,DIVINED Agent[14] HUMAN
2,talk,13,0,6,VOTE Agent[02]
2,talk,14,1,3,Skip
2,talk,15,1,1,Skip
2,talk,16,1,13,VOTE Agent[04]
2,talk,17,1,9,VOTE Agent[15]
2,talk,18,1,11,VOTE Agent[04]
2,talk,19,1,8,Skip
2,talk,20,1,4,VOTE Agent[09]
2,talk,21,1,7,Skip
2,talk,22,1,14,VOTE Agent[04]
2,talk,23,1,6,VOTE Agent[04]
2,talk,24,1,12,VOTE Agent[04]
2,talk,25,1,2,DAY 2 (IDENTIFIED Agent[05] HUMAN)
2,talk,26,1,10,Skip
2,talk,27,1,15,VOTE Agent[04]
2,talk,28,2,8,VOTE Agent[04]
2,talk,29,2,11,Skip
2,talk,30,2,3,Skip
2,talk,31,2,15,Skip
2,talk,32,2,4,VOTE Agent[09]
2,talk,33,2,14,VOTE Agent[15]
2,talk,34,2,13,VOTE Agent[04]
2,talk,35,2,7,Skip
2,talk,36,2,10,Skip
2,talk,37,2,1,Skip
2,talk,38,2,2,IDENTIFIED Agent[05] HUMAN
2,talk,39,2,9,Skip
2,talk,40,2,12,Skip
2,talk,41,2,6,Skip
2,talk,42,3,1,Over
2,talk,43,3,2,BECAUSE (AND (COMINGOUT Agent[02] VILLAGER) (DAY 1 (Agent[04] DIVINED Agent[02] WEREWOLF))) (XOR (ESTIMATE Agent[04] WEREWOLF) (ESTIMATE Agent[04] POSSESSED))
2,talk,44,3,4,VOTE Agent[02]
2,talk,45,3,6,Skip
2,talk,46,3,14,VOTE Agent[15]
2,talk,47,3,15,Skip
2,talk,48,3,8,Skip
2,talk,49,3,9,Skip
2,talk,50,3,10,Over
2,talk,51,3,13,VOTE Agent[04]
2,talk,52,3,7,Over
2,talk,53,3,11,Skip
2,talk,54,3,3,Over
2,talk,55,3,12,Skip
2,talk,56,4,4,VOTE Agent[02]
2,talk,57,4,2,BECAUSE (XOR (ESTIMATE Agent[04] WEREWOLF) (ESTIMATE Agent[04] POSSESSED)) (AND (VOTE Agent[04]) (REQUEST ANY (VOTE Agent[04])))
2,talk,58,4,7,Over
2,talk,59,4,11,Over
2,talk,60,4,1,Over
2,talk,61,4,9,Over
2,talk,62,4,8,Skip
2,talk,63,4,14,VOTE Agent[15]
2,talk,64,4,13,VOTE Agent[04]
2,talk,65,4,3,Over
2,talk,66,4,10,Over
2,talk,67,4,15,Over
2,talk,68,4,6,Over
2,talk,69,4,12,Over
2,talk,70,5,2,VOTE Agent[04]
2,talk,71,5,1,Over
2,talk,72,5,4,VOTE Agent[02]
2,talk,73,5,3,Over
2,talk,74,5,10,Over
2,talk,75,5,6,Over
2,talk,76,5,14,VOTE Agent[15]
2,talk,77,5,11,Over
2,talk,78,5,13,VOTE Agent[04]
2,talk,79,5,15,Over
2,talk,80,5,7,Over
2,talk,81,5,12,Over
2,talk,82,5,9,Over
2,talk,83,5,8,Over
2,talk,84,6,4,VOTE Agent[02]
2,talk,85,6,8,Over
2,talk,86,6,13,VOTE Agent[04]
2,talk,87,6,7,Over
2,talk,88,6,12,Over
2,talk,89,6,9,Over
2,talk,90,6,6,Over
2,talk,91,6,2,REQUEST ANY (VOTE Agent[04])
2,talk,92,6,10,Over
2,talk,93,6,1,Over
2,talk,94,6,3,Over
2,talk,95,6,11,Over
2,talk,96,6,15,Over
2,talk,97,6,14,VOTE Agent[15]
2,talk,98,7,3,Over
2,talk,99,7,4,VOTE Agent[02]
2,talk,100,7,13,VOTE Agent[04]
2,talk,101,7,1,Over
2,talk,102,7,14,VOTE Agent[15]
2,talk,103,7,10,Over
2,talk,104,7,8,Over
2,talk,105,7,15,Over
2,talk,106,7,7,Over
2,talk,107,7,12,Over
2,talk,108,7,6,Over
2,talk,109,7,9,Over
2,talk,110,7,11,Over
2,talk,111,7,2,Skip
2,talk,112,8,7,Over
2,talk,113,8,2,Skip
2,talk,114,8,4,VOTE Agent[02]
2,talk,115,8,10,Over
2,talk,116,8,3,Over
2,talk,117,8,1,Over
2,talk,118,8,13,VOTE Agent[04]
2,talk,119,8,14,VOTE Agent[15]
2,talk,120,8,15,Over
2,talk,121,8,8,Over
2,talk,122,8,6,Over
2,talk,123,8,9,Over
2,talk,124,8,11,Over
2,talk,125,8,12,Over
2,talk,126,9,3,Over
2,talk,127,9,2,Over
2,talk,128,9,15,Over
2,talk,129,9,6,Over
2,talk,130,9,11,Over
2,talk,131,9,10,Over
2,talk,132,9,13,Over
2,talk,133,9,4,Over
2,talk,134,9,1,Over
2,talk,135,9,7,Over
2,talk,136,9,8,Over
2,talk,137,9,14,Over
2,talk,138,9,12,Over
2,talk,139,9,9,Over
2,vote,1,4
2,vote,2,4
2,vote,3,2
2,vote,4,2
2,vote,6,4
2,vote,7,2
2,vote,8,4
2,vote,9,15
2,vote,10,4
2,vote,11,4
2,vote,12,4
2,vote,13,4
2,vote,14,15
2,vote,15,4
2,execute,4,POSSESSED
2,whisper,0,0,9,ATTACK Agent[02]
2,whisper,1,0,14,ATTACK Agent[12]
2,whisper,2,0,12,Skip
2,whisper,3,1,12,Skip
2,whisper,4,1,14,Skip
2,whisper,5,1,9,Skip
2,whisper,6,2,14,Skip
2,whisper,7,2,12,Over
2,whisper,8,2,9,Skip
2,whisper,9,3,12,Over
2,whisper,10,3,14,Over
2,whisper,11,3,9,Over
2,guard,8,9,WEREWOLF
2,attackVote,9,2
2,attackVote,12,13
2,attackVote,14,11
2,attackVote,9,2
2,attackVote,12,13
2,attackVote,14,1
2,attack,13,true
3,status,1,VILLAGER,ALIVE,Takeda11
3,status,2,MEDIUM,ALIVE,SampleJava1
3,status,3,VILLAGER,ALIVE,sample_py
3,status,4,POSSESSED,DEAD,HALU
3,status,5,SEER,DEAD,SampleJava14
3,status,6,VILLAGER,ALIVE,Tomato10
3,status,7,VILLAGER,ALIVE,sample_py
3,status,8,BODYGUARD,ALIVE,Tomato7
3,status,9,WEREWOLF,ALIVE,sample_py
3,status,10,VILLAGER,ALIVE,TOKU4
3,status,11,VILLAGER,ALIVE,Tomato5
3,status,12,WEREWOLF,ALIVE,TOKU6
3,status,13,VILLAGER,DEAD,HALU
3,status,14,WEREWOLF,ALIVE,OKAMI
3,status,15,VILLAGER,ALIVE,Tomato2
3,talk,0,0,2,DAY 3 (IDENTIFIED Agent[04] HUMAN)
3,talk,1,0,9,DIVINED Agent[03] WEREWOLF
3,talk,2,0,15,VOTE Agent[12]
3,talk,3,0,14,VOTE Agent[03]
3,talk,4,0,1,VOTE Agent[12]
3,talk,5,0,10,VOTE Agent[12]
3,talk,6,0,6,VOTE Agent[12]
3,talk,7,0,12,DIVINED Agent[02] WEREWOLF
3,talk,8,0,3,VOTE Agent[02]
3,talk,9,0,11,VOTE Agent[12]
3,talk,10,0,7,VOTE Agent[02]
3,talk,11,0,8,VOTE Agent[12]
3,talk,12,1,7,Skip
3,talk,13,1,3,Skip
3,talk,14,1,15,Skip
3,talk,15,1,9,VOTE Agent[03]
3,talk,16,1,11,Skip
3,talk,17,1,2,IDENTIFIED Agent[04] HUMAN
3,talk,18,1,6,Skip
3,talk,19,1,12,VOTE Agent[02]
3,talk,20,1,14,VOTE Agent[03]
3,talk,21,1,10,Skip
3,talk,22,1,1,Skip
3,talk,23,1,8,Skip
3,talk,24,2,14,VOTE Agent[03]
3,talk,25,2,3,Skip
3,talk,26,2,8,Skip
3,talk,27,2,10,Skip
3,talk,28,2,12,VOTE Agent[02]
3,talk,29,2,1,Skip
3,talk,30,2,9,Skip
3,talk,31,2,11,Skip
3,talk,32,2,15,Skip
3,talk,33,2,6,Skip
3,talk,34,2,2,VOTE Agent[12]
3,talk,35,2,7,Skip
3,talk,36,3,8,Over
3,talk,37,3,14,VOTE Agent[03]
3,talk,38,3,9,Skip
3,talk,39,3,1,Over
3,talk,40,3,10,Over
3,talk,41,3,12,VOTE Agent[02]
3,talk,42,3,15,Over
3,talk,43,3,11,Over
3,talk,44,3,3,Over
3,talk,45,3,2,REQUEST ANY (VOTE Agent[12])
3,talk,46,3,7,Over
3,talk,47,3,6,Over
3,talk,48,4,14,VOTE Agent[03]
3,talk,49,4,9,Over
3,talk,50,4,11,Over
3,talk,51,4,2,Skip
3,talk,52,4,15,Over
3,talk,53,4,3,Over
3,talk,54,4,8,Over
3,talk,55,4,1,Over
3,talk,56,4,6,Over
3,talk,57,4,12,VOTE Agent[02]
3,talk,58,4,10,Over
3,talk,59,4,7,Over
3,talk,60,5,6,Over
3,talk,61,5,11,Over
3,talk,62,5,3,Over
3,talk,63,5,12,VOTE Agent[02]
3,talk,64,5,7,Over
3,talk,65,5,8,Over
3,talk,66,5,9,Over
3,talk,67,5,1,Over
3,talk,68,5,15,Over
3,talk,69,5,2,Skip
3,talk,70,5,10,Over
3,talk,71,5,14,VOTE Agent[03]
3,talk,72,6,14,VOTE Agent[03]
3,talk,73,6,3,Over
3,talk,74,6,10,Over
3,talk,75,6,15,Over
3,talk,76,6,6,Over
3,talk,77,6,9,Over
3,talk,78,6,12,VOTE Agent[02]
3,talk,79,6,7,Over
3,talk,80,6,2,Over
3,talk,81,6,1,Over
3,talk,82,6,8,Over
3,talk,83,6,11,Over
3,talk,84,7,8,Over
3,talk,85,7,10,Over
3,talk,86,7,6,Over
3,talk,87,7,9,Over
3,talk,88,7,7,Over
3,talk,89,7,14,VOTE Agent[03]
3,talk,90,7,12,VOTE Agent[02]
3,talk,91,7,11,Over
3,talk,92,7,3,Over
3,talk,93,7,1,Over
3,talk,94,7,15,Over
3,talk,95,7,2,Over
3,talk,96,8,12,VOTE Agent[02]
3,talk,97,8,3,Over
3,talk,98,8,10,Over
3,talk,99,8,8,Over
3,talk,100,8,7,Over
3,talk,101,8,14,VOTE Agent[03]
3,talk,102,8,1,Over
3,talk,103,8,6,Over
3,talk,104,8,9,Over
3,talk,105,8,15,Over
3,talk,106,8,11,Over
3,talk,107,8,2,Over
3,talk,108,9,9,Over
3,talk,109,9,8,Over
3,talk,110,9,12,VOTE Agent[02]
3,talk,111,9,11,Over
3,talk,112,9,7,Over
3,talk,113,9,10,Over
3,talk,114,9,2,Over
3,talk,115,9,1,Over
3,talk,116,9,14,Over
3,talk,117,9,6,Over
3,talk,118,9,3,Over
3,talk,119,9,15,Over
3,talk,120,10,11,Over
3,talk,121,10,8,VOTE Agent[09]
3,talk,122,10,7,Over
3,talk,123,10,15,VOTE Agent[09]
3,talk,124,10,14,Over
3,talk,125,10,10,Over
3,talk,126,10,2,Over
3,talk,127,10,9,Over
3,talk,128,10,1,Over
3,talk,129,10,12,Over
3,talk,130,10,3,Over
3,talk,131,10,6,VOTE Agent[09]
3,talk,132,11,10,Over
3,talk,133,11,1,Over
3,talk,134,11,15,Skip
3,talk,135,11,7,Over
3,talk,136,11,6,Skip
3,talk,137,11,3,Over
3,talk,138,11,2,Over
3,talk,139,11,12,Over
3,talk,140,11,14,Over
3,talk,141,11,9,Over
3,talk,142,11,11,VOTE Agent[09]
3,talk,143,11,8,Skip
3,talk,144,12,3,Over
3,talk,145,12,12,Over
3,talk,146,12,14,Over
3,talk,147,12,11,Skip
3,talk,148,12,7,Over
3,talk,149,12,9,Over
3,talk,150,12,10,Over
3,talk,151,12,1,Over
3,talk,152,12,2,Over
3,talk,153,12,8,Skip
3,talk,154,12,6,Skip
3,talk,155,12,15,Skip
3,talk,156,13,3,Over
3,talk,157,13,14,Over
3,talk,158,13,15,Over
3,talk,159,13,9,Over
3,talk,160,13,11,Skip
3,talk,161,13,2,Over
3,talk,162,13,10,Over
3,talk,163,13,6,Over
3,talk,164,13,12,Over
3,talk,165,13,1,Over
3,talk,166,13,8,Over
3,talk,167,13,7,Over
3,talk,168,14,15,Over
3,talk,169,14,11,Over
3,talk,170,14,12,Over
3,talk,171,14,2,Over
3,talk,172,14,10,Over
3,talk,173,14,6,Over
3,talk,174,14,8,Over
3,talk,175,14,3,Over
3,talk,176,14,14,Over
3,talk,177,14,1,Over
3,talk,178,14,9,Over
3,talk,179,14,7,Over
3,vote,1,12
3,vote,2,12
3,vote,3,2
3,vote,6,9
3,vote,7,2
3,vote,8,9
3,vote,9,3
3,vote,10,12
3,vote,11,9
3,vote,12,2
3,vote,14,3
3,vote,15,9
3,execute,9,WEREWOLF
3,whisper,0,0,14,ATTACK Agent[09]
3,whisper,1,0,12,Skip
3,whisper,2,1,12,Skip
3,whisper,3,1,14,Skip
3,whisper,4,2,12,Over
3,whisper,5,2,14,Skip
3,whisper,6,3,14,Over
3,whisper,7,3,12,Over
3,guard,8,12,WEREWOLF
3,attackVote,12,1
3,attackVote,14,11
3,attackVote,12,1
3,attack,1,true
4,status,1,VILLAGER,DEAD,Takeda11
4,status,2,MEDIUM,ALIVE,SampleJava1
4,status,3,VILLAGER,ALIVE,sample_py
4,status,4,POSSESSED,DEAD,HALU
4,status,5,SEER,DEAD,SampleJava14
4,status,6,VILLAGER,ALIVE,Tomato10
4,status,7,VILLAGER,ALIVE,sample_py
4,status,8,BODYGUARD,ALIVE,Tomato7
4,status,9,WEREWOLF,DEAD,sample_py
4,status,10,VILLAGER,ALIVE,TOKU4
4,status,11,VILLAGER,ALIVE,Tomato5
4,status,12,WEREWOLF,ALIVE,TOKU6
4,status,13,VILLAGER,DEAD,HALU
4,status,14,WEREWOLF,ALIVE,OKAMI
4,status,15,VILLAGER,ALIVE,Tomato2
4,talk,0,0,8,VOTE Agent[12]
4,talk,1,0,10,VOTE Agent[12]
4,talk,2,0,7,VOTE Agent[03]
4,talk,3,0,2,DAY 4 (IDENTIFIED Agent[09] WEREWOLF)
4,talk,4,0,11,VOTE Agent[12]
4,talk,5,0,12,DIVINED Agent[03] WEREWOLF
4,talk,6,0,15,VOTE Agent[12]
4,talk,7,0,6,VOTE Agent[12]
4,talk,8,0,14,VOTE Agent[03]
4,talk,9,0,3,VOTE Agent[02]
4,talk,10,1,12,VOTE Agent[02]
4,talk,11,1,3,Skip
4,talk,12,1,6,Skip
4,talk,13,1,14,VOTE Agent[03]
4,talk,14,1,2,IDENTIFIED Agent[09] WEREWOLF
4,talk,15,1,8,Skip
4,talk,16,1,15,Skip
4,talk,17,1,7,Skip
4,talk,18,1,11,Skip
4,talk,19,1,10,Skip
4,talk,20,2,7,Skip
4,talk,21,2,11,Skip
4,talk,22,2,3,Skip
4,talk,23,2,12,VOTE Agent[02]
4,talk,24,2,6,Skip
4,talk,25,2,10,Skip
4,talk,26,2,8,Skip
4,talk,27,2,14,VOTE Agent[03]
4,talk,28,2,15,Skip
4,talk,29,2,2,VOTE Agent[12]
4,talk,30,3,14,VOTE Agent[03]
4,talk,31,3,6,Over
4,talk,32,3,12,VOTE Agent[02]
4,talk,33,3,11,Over
4,talk,34,3,15,Over
4,talk,35,3,3,Over
4,talk,36,3,7,Over
4,talk,37,3,10,Over
4,talk,38,3,2,REQUEST ANY (VOTE Agent[12])
4,talk,39,3,8,Over
4,talk,40,4,15,Over
4,talk,41,4,12,VOTE Agent[02]
4,talk,42,4,11,Over
4,talk,43,4,6,Over
4,talk,44,4,10,Over
4,talk,45,4,3,Over
4,talk,46,4,14,VOTE Agent[03]
4,talk,47,4,2,Skip
4,talk,48,4,7,Over
4,talk,49,4,8,Over
4,talk,50,5,10,Over
4,talk,51,5,11,Over
4,talk,52,5,3,Over
4,talk,53,5,2,Skip
4,talk,54,5,14,VOTE Agent[03]
4,talk,55,5,12,VOTE Agent[02]
4,talk,56,5,8,Over
4,talk,57,5,15,Over
4,talk,58,5,7,Over
4,talk,59,5,6,Over
4,talk,60,6,7,Over
4,talk,61,6,10,Over
4,talk,62,6,12,VOTE Agent[02]
4,talk,63,6,11,Over
4,talk,64,6,14,VOTE Agent[03]
4,talk,65,6,8,Over
4,talk,66,6,6,Over
4,talk,67,6,2,Over
4,talk,68,6,3,Over
4,talk,69,6,15,Over
4,talk,70,7,2,Over
4,talk,71,7,11,Over
4,talk,72,7,12,VOTE Agent[02]
4,talk,73,7,6,Over
4,talk,74,7,10,Over
4,talk,75,7,7,Over
4,talk,76,7,8,Over
4,talk,77,7,14,VOTE Agent[03]
4,talk,78,7,3,Over
4,talk,79,7,15,Over
4,talk,80,8,10,Over
4,talk,81,8,12,VOTE Agent[02]
4,talk,82,8,6,Over
4,talk,83,8,14,VOTE Agent[03]
4,talk,84,8,2,Over
4,talk,85,8,15,Over
4,talk,86,8,8,Over
4,talk,87,8,11,Over
4,talk,88,8,7,Over
4,talk,89,8,3,Over
4,talk,90,9,8,Over
4,talk,91,9,15,Over
4,talk,92,9,7,Over
4,talk,93,9,12,VOTE Agent[02]
4,talk,94,9,10,Over
4,talk,95,9,14,Over
4,talk,96,9,2,Over
4,talk,97,9,6,Over
4,talk,98,9,3,Over
4,talk,99,9,11,Over
4,talk,100,10,11,Over
4,talk,101,10,3,Over
4,talk,102,10,2,Over
4,talk,103,10,14,Over
4,talk,104,10,6,Over
4,talk,105,10,7,Over
4,talk,106,10,8,Over
4,talk,107,10,15,Over
4,talk,108,10,12,Over
4,talk,109,10,10,Over
4,vote,2,12
4,vote,3,2
4,vote,6,12
4,vote,7,3
4,vote,8,12
4,vote,10,12
4,vote,11,12
4,vote,12,2
4,vote,14,3
4,vote,15,12
4,execute,12,WEREWOLF
4,guard,8,2,MEDIUM
4,attackVote,14,8
4,attack,8,true
5,status,1,VILLAGER,DEAD,Takeda11
5,status,2,MEDIUM,ALIVE,SampleJava1
5,status,3,VILLAGER,ALIVE,sample_py
5,status,4,POSSESSED,DEAD,HALU
5,status,5,SEER,DEAD,SampleJava14
5,status,6,VILLAGER,ALIVE,Tomato10
5,status,7,VILLAGER,ALIVE,sample_py
5,status,8,BODYGUARD,DEAD,Tomato7
5,status,9,WEREWOLF,DEAD,sample_py
5,status,10,VILLAGER,ALIVE,TOKU4
5,status,11,VILLAGER,ALIVE,Tomato5
5,status,12,WEREWOLF,DEAD,TOKU6
5,status,13,VILLAGER,DEAD,HALU
5,status,14,WEREWOLF,ALIVE,OKAMI
5,status,15,VILLAGER,ALIVE,Tomato2
5,talk,0,0,10,VOTE Agent[14]
5,talk,1,0,15,VOTE Agent[06]
5,talk,2,0,6,VOTE Agent[11]
5,talk,3,0,11,VOTE Agent[06]
5,talk,4,0,2,DAY 5 (IDENTIFIED Agent[12] WEREWOLF)
5,talk,5,0,3,VOTE Agent[02]
5,talk,6,0,7,VOTE Agent[03]
5,talk,7,0,14,VOTE Agent[03]
5,talk,8,1,14,VOTE Agent[03]
5,talk,9,1,2,IDENTIFIED Agent[12] WEREWOLF
5,talk,10,1,15,Skip
5,talk,11,1,11,Skip
5,talk,12,1,6,Skip
5,talk,13,1,10,Skip
5,talk,14,1,3,Skip
5,talk,15,1,7,Skip
5,talk,16,2,10,Skip
5,talk,17,2,3,Skip
5,talk,18,2,11,Skip
5,talk,19,2,14,VOTE Agent[03]
5,talk,20,2,7,Skip
5,talk,21,2,15,Skip
5,talk,22,2,2,VOTE Agent[11]
5,talk,23,2,6,Skip
5,talk,24,3,6,Over
5,talk,25,3,3,Over
5,talk,26,3,2,REQUEST ANY (VOTE Agent[11])
5,talk,27,3,14,VOTE Agent[03]
5,talk,28,3,10,Over
5,talk,29,3,11,Over
5,talk,30,3,7,Over
5,talk,31,3,15,Over
5,talk,32,4,15,Over
5,talk,33,4,10,Over
5,talk,34,4,2,Skip
5,talk,35,4,14,VOTE Agent[03]
5,talk,36,4,6,Over
5,talk,37,4,11,Over
5,talk,38,4,3,Over
5,talk,39,4,7,Over
5,talk,40,5,10,Over
5,talk,41,5,2,Skip
5,talk,42,5,6,Over
5,talk,43,5,3,Over
5,talk,44,5,15,Over
5,talk,45,5,14,VOTE Agent[03]
5,talk,46,5,7,Over
5,talk,47,5,11,Over
5,talk,48,6,15,Over
5,talk,49,6,7,Over
5,talk,50,6,14,VOTE Agent[03]
5,talk,51,6,11,Over
5,talk,52,6,2,Over
5,talk,53,6,6,Over
5,talk,54,6,3,Over
5,talk,55,6,10,Over
5,talk,56,7,6,Over
5,talk,57,7,2,Over
5,talk,58,7,14,VOTE Agent[03]
5,talk,59,7,11,Over
5,talk,60,7,15,Over
5,talk,61,7,7,Over
5,talk,62,7,10,Over
5,talk,63,7,3,Over
5,talk,64,8,6,Over
5,talk,65,8,2,Over
5,talk,66,8,11,Over
5,talk,67,8,14,VOTE Agent[03]
5,talk,68,8,7,Over
5,talk,69,8,15,Over
5,talk,70,8,3,Over
5,talk,71,8,10,Over
5,talk,72,9,14,Over
5,talk,73,9,7,Over
5,talk,74,9,10,Over
5,talk,75,9,11,Over
5,talk,76,9,3,Over
5,talk,77,9,6,Over
5,talk,78,9,2,Over
5,talk,79,9,15,Over
5,vote,2,11
5,vote,3,2
5,vote,6,11
5,vote,7,3
5,vote,10,14
5,vote,11,6
5,vote,14,3
5,vote,15,6
5,vote,2,3
5,vote,3,2
5,vote,6,11
5,vote,7,3
5,vote,10,14
5,vote,11,6
5,vote,14,3
5,vote,15,6
5,execute,3,VILLAGER
5,attackVote,14,6
5,attack,6,true
6,status,1,VILLAGER,DEAD,Takeda11
6,status,2,MEDIUM,ALIVE,SampleJava1
6,status,3,VILLAGER,DEAD,sample_py
6,status,4,POSSESSED,DEAD,HALU
6,status,5,SEER,DEAD,SampleJava14
6,status,6,VILLAGER,DEAD,Tomato10
6,status,7,VILLAGER,ALIVE,sample_py
6,status,8,BODYGUARD,DEAD,Tomato7
6,status,9,WEREWOLF,DEAD,sample_py
6,status,10,VILLAGER,ALIVE,TOKU4
6,status,11,VILLAGER,ALIVE,Tomato5
6,status,12,WEREWOLF,DEAD,TOKU6
6,status,13,VILLAGER,DEAD,HALU
6,status,14,WEREWOLF,ALIVE,OKAMI
6,status,15,VILLAGER,ALIVE,Tomato2
6,talk,0,0,7,VOTE Agent[15]
6,talk,1,0,11,VOTE Agent[02]
6,talk,2,0,2,DAY 6 (IDENTIFIED Agent[03] HUMAN)
6,talk,3,0,14,VOTE Agent[11]
6,talk,4,0,10,VOTE Agent[14]
6,talk,5,0,15,VOTE Agent[11]
6,talk,6,1,10,Skip
6,talk,7,1,7,Skip
6,talk,8,1,2,IDENTIFIED Agent[03] HUMAN
6,talk,9,1,14,VOTE Agent[11]
6,talk,10,1,15,Skip
6,talk,11,1,11,Skip
6,talk,12,2,15,Skip
6,talk,13,2,2,VOTE Agent[11]
6,talk,14,2,14,VOTE Agent[11]
6,talk,15,2,7,Skip
6,talk,16,2,10,Skip
6,talk,17,2,11,Skip
6,talk,18,3,11,Over
6,talk,19,3,14,VOTE Agent[11]
6,talk,20,3,10,Over
6,talk,21,3,7,Over
6,talk,22,3,2,REQUEST ANY (VOTE Agent[11])
6,talk,23,3,15,Over
6,talk,24,4,14,VOTE Agent[11]
6,talk,25,4,15,Over
6,talk,26,4,10,Over
6,talk,27,4,2,Skip
6,talk,28,4,7,Over
6,talk,29,4,11,Over
6,talk,30,5,10,Over
6,talk,31,5,2,Skip
6,talk,32,5,15,Over
6,talk,33,5,11,Over
6,talk,34,5,14,VOTE Agent[11]
6,talk,35,5,7,Over
6,talk,36,6,14,VOTE Agent[11]
6,talk,37,6,15,Over
6,talk,38,6,10,Over
6,talk,39,6,7,Over
6,talk,40,6,2,Over
6,talk,41,6,11,Over
6,talk,42,7,10,Over
6,talk,43,7,14,VOTE Agent[11]
6,talk,44,7,7,Over
6,talk,45,7,11,Over
6,talk,46,7,15,Over
6,talk,47,7,2,Over
6,talk,48,8,15,Over
6,talk,49,8,2,Over
6,talk,50,8,7,Over
6,talk,51,8,14,VOTE Agent[11]
6,talk,52,8,10,Over
6,talk,53,8,11,Over
6,talk,54,9,15,Over
6,talk,55,9,14,Over
6,talk,56,9,10,Over
6,talk,57,9,11,Over
6,talk,58,9,2,Over
6,talk,59,9,7,Over
6,vote,2,14
6,vote,7,15
6,vote,10,11
6,vote,11,2
6,vote,14,11
6,vote,15,11
6,execute,11,VILLAGER
6,attackVote,14,2
6,attack,2,true
7,status,1,VILLAGER,DEAD,Takeda11
7,status,2,MEDIUM,DEAD,SampleJava1
7,status,3,VILLAGER,DEAD,sample_py
7,status,4,POSSESSED,DEAD,HALU
7,status,5,SEER,DEAD,SampleJava14
7,status,6,VILLAGER,DEAD,Tomato10
7,status,7,VILLAGER,ALIVE,sample_py
7,status,8,BODYGUARD,DEAD,Tomato7
7,status,9,WEREWOLF,DEAD,sample_py
7,status,10,VILLAGER,ALIVE,TOKU4
7,status,11,VILLAGER,DEAD,Tomato5
7,status,12,WEREWOLF,DEAD,TOKU6
7,status,13,VILLAGER,DEAD,HALU
7,status,14,WEREWOLF,ALIVE,OKAMI
7,status,15,VILLAGER,ALIVE,Tomato2
7,talk,0,0,10,VOTE Agent[14]
7,talk,1,0,14,VOTE Agent[10]
7,talk,2,0,7,VOTE Agent[15]
7,talk,3,0,15,VOTE Agent[07]
7,talk,4,1,10,Skip
7,talk,5,1,7,Skip
7,talk,6,1,15,Skip
7,talk,7,1,14,VOTE Agent[07]
7,talk,8,2,14,VOTE Agent[07]
7,talk,9,2,10,Skip
7,talk,10,2,7,Skip
7,talk,11,2,15,Skip
7,talk,12,3,10,Over
7,talk,13,3,14,VOTE Agent[15]
7,talk,14,3,7,Over
7,talk,15,3,15,Over
7,talk,16,4,7,Over
7,talk,17,4,15,Over
7,talk,18,4,14,VOTE Agent[15]
7,talk,19,4,10,Over
7,talk,20,5,15,Over
7,talk,21,5,14,VOTE Agent[07]
7,talk,22,5,7,Over
7,talk,23,5,10,Over
7,talk,24,6,14,VOTE Agent[07]
7,talk,25,6,10,Over
7,talk,26,6,15,Over
7,talk,27,6,7,Over
7,talk,28,7,14,VOTE Agent[07]
7,talk,29,7,7,Over
7,talk,30,7,10,Over
7,talk,31,7,15,Over
7,talk,32,8,10,Over
7,talk,33,8,7,Over
7,talk,34,8,15,Over
7,talk,35,8,14,VOTE Agent[15]
7,talk,36,9,7,Over
7,talk,37,9,15,Over
7,talk,38,9,14,Over
7,talk,39,9,10,Over
7,vote,7,15
7,vote,10,15
7,vote,14,7
7,vote,15,7
7,vote,7,15
7,vote,10,15
7,vote,14,7
7,vote,15,7
7,execute,7,VILLAGER
7,attackVote,14,15
7,attack,15,true
8,status,1,VILLAGER,DEAD,Takeda11
8,status,2,MEDIUM,DEAD,SampleJava1
8,status,3,VILLAGER,DEAD,sample_py
8,status,4,POSSESSED,DEAD,HALU
8,status,5,SEER,DEAD,SampleJava14
8,status,6,VILLAGER,DEAD,Tomato10
8,status,7,VILLAGER,DEAD,sample_py
8,status,8,BODYGUARD,DEAD,Tomato7
8,status,9,WEREWOLF,DEAD,sample_py
8,status,10,VILLAGER,ALIVE,TOKU4
8,status,11,VILLAGER,DEAD,Tomato5
8,status,12,WEREWOLF,DEAD,TOKU6
8,status,13,VILLAGER,DEAD,HALU
8,status,14,WEREWOLF,ALIVE,OKAMI
8,status,15,VILLAGER,DEAD,Tomato2
8,result,1,1,WEREWOLF
