0,status,1,VILLAGER,ALIVE,TOKU4
0,status,2,VILLAGER,ALIVE,HALU
0,status,3,SEER,ALIVE,Takeda14
0,status,4,VILLAGER,ALIVE,Takeda3
0,status,5,WEREWOLF,ALIVE,TOKU9
0,status,6,WEREWOLF,ALIVE,OKAMI
0,status,7,BODYGUARD,ALIVE,SampleJava10
0,status,8,POSSESSED,ALIVE,HALU
0,status,9,VILLAGER,ALIVE,sample_py
0,status,10,VILLAGER,ALIVE,sample_py
0,status,11,VILLAGER,ALIVE,sample_py
0,status,12,VILLAGER,ALIVE,Tomato0
0,status,13,WEREWOLF,ALIVE,Takeda2
0,status,14,VILLAGER,ALIVE,Tomato12
0,status,15,MEDIUM,ALIVE,HALU
0,whisper,0,0,5,Skip
0,whisper,1,0,6,COMINGOUT Agent[06] VILLAGER
0,whisper,2,0,13,Skip
0,whisper,3,1,13,Skip
0,whisper,4,1,5,Skip
0,whisper,5,1,6,Skip
0,whisper,6,2,13,Over
0,whisper,7,2,5,Over
0,whisper,8,2,6,Skip
0,whisper,9,3,5,Over
0,whisper,10,3,6,Over
0,whisper,11,3,13,Over
0,divine,3,12,HUMAN
1,status,1,VILLAGER,ALIVE,TOKU4
1,status,2,VILLAGER,ALIVE,HALU
1,status,3,SEER,ALIVE,Takeda14
1,status,4,VILLAGER,ALIVE,Takeda3
1,status,5,WEREWOLF,ALIVE,TOKU9
1,status,6,WEREWOLF,ALIVE,OKAMI
1,status,7,BODYGUARD,ALIVE,SampleJava10
1,status,8,POSSESSED,ALIVE,HALU
1,status,9,VILLAGER,ALIVE,sample_py
1,status,10,VILLAGER,ALIVE,sample_py
1,status,11,VILLAGER,ALIVE,sample_py
1,status,12,VILLAGER,ALIVE,Tomato0
1,status,13,WEREWOLF,ALIVE,Takeda2
1,status,14,VILLAGER,ALIVE,Tomato12
1,status,15,MEDIUM,ALIVE,HALU
1,talk,0,0,4,VOTE Agent[13]
1,talk,1,0,6,VOTE Agent[15]
1,talk,2,0,5,VOTE Agent[15]
1,talk,3,0,10,VOTE Agent[03]
1,talk,4,0,3,COMINGOUT Agent[03] SEER
1,talk,5,0,13,VOTE Agent[15]
1,talk,6,0,11,VOTE Agent[01]
1,talk,7,0,9,VOTE Agent[02]
1,talk,8,0,15,VOTE Agent[04]
1,talk,9,0,1,VOTE Agent[15]
1,talk,10,0,8,COMINGOUT Agent[08] SEER
1,talk,11,0,12,VOTE Agent[15]
1,talk,12,0,14,VOTE Agent[15]
1,talk,13,0,7,VOTE Agent[08]
1,talk,14,0,2,VOTE Agent[14]
1,talk,15,1,14,Skip
1,talk,16,1,5,VOTE Agent[09]
1,talk,17,1,15,COMINGOUT Agent[15] MEDIUM
1,talk,18,1,6,VOTE Agent[09]
1,talk,19,1,4,VOTE Agent[15]
1,talk,20,1,12,Skip
1,talk,21,1,10,Skip
1,talk,22,1,1,Skip
1,talk,23,1,13,Skip
1,talk,24,1,7,REQUEST ANY (VOTE Agent[08])
1,talk,25,1,3,DIVINED Agent[12] HUMAN
1,talk,26,1,8,DIVINED Agent[13] WEREWOLF
1,talk,27,1,11,VOTE Agent[13]
1,talk,28,1,9,VOTE Agent[13]
1,talk,29,1,2,VOTE Agent[13]
1,talk,30,2,7,Skip
1,talk,31,2,8,VOTE Agent[13]
1,talk,32,2,4,VOTE Agent[05]
1,talk,33,2,3,VOTE Agent[02]
1,talk,34,2,5,VOTE Agent[04]
1,talk,35,2,11,Skip
1,talk,36,2,6,VOTE Agent[04]
1,talk,37,2,10,VOTE Agent[13]
1,talk,38,2,9,Skip
1,talk,39,2,12,VOTE Agent[13]
1,talk,40,2,1,VOTE Agent[02]
1,talk,41,2,14,VOTE Agent[13]
1,talk,42,2,2,VOTE Agent[13]
1,talk,43,2,13,VOTE Agent[09]
1,talk,44,2,15,VOTE Agent[13]
1,talk,45,3,8,VOTE Agent[13]
1,talk,46,3,1,VOTE Agent[06]
1,talk,47,3,6,VOTE Agent[04]
1,talk,48,3,2,VOTE Agent[13]
1,talk,49,3,9,Skip
1,talk,50,3,13,VOTE Agent[09]
1,talk,51,3,7,Skip
1,talk,52,3,12,Skip
1,talk,53,3,10,Skip
1,talk,54,3,14,Skip
1,talk,55,3,15,VOTE Agent[13]
1,talk,56,3,3,VOTE Agent[06]
1,talk,57,3,5,VOTE Agent[13]
1,talk,58,3,11,Skip
1,talk,59,3,4,VOTE Agent[09]
1,talk,60,4,5,Skip
1,talk,61,4,13,VOTE Agent[09]
1,talk,62,4,7,Over
1,talk,63,4,15,VOTE Agent[13]
1,talk,64,4,4,Skip
1,talk,65,4,1,VOTE Agent[04]
1,talk,66,4,11,Over
1,talk,67,4,8,VOTE Agent[13]
1,talk,68,4,12,Skip
1,talk,69,4,9,Over
1,talk,70,4,10,Skip
1,talk,71,4,14,Skip
1,talk,72,4,6,VOTE Agent[09]
1,talk,73,4,3,VOTE Agent[06]
1,talk,74,4,2,VOTE Agent[13]
1,talk,75,5,4,Skip
1,talk,76,5,3,VOTE Agent[06]
1,talk,77,5,2,VOTE Agent[13]
1,talk,78,5,10,Over
1,talk,79,5,14,Over
1,talk,80,5,9,Over
1,talk,81,5,15,VOTE Agent[13]
1,talk,82,5,11,Over
1,talk,83,5,12,Over
1,talk,84,5,5,Skip
1,talk,85,5,7,Over
1,talk,86,5,8,VOTE Agent[13]
1,talk,87,5,13,VOTE Agent[09]
1,talk,88,5,1,VOTE Agent[06]
1,talk,89,5,6,VOTE Agent[09]
1,talk,90,6,11,Over
1,talk,91,6,4,Over
1,talk,92,6,1,Skip
1,talk,93,6,13,VOTE Agent[09]
1,talk,94,6,2,VOTE Agent[13]
1,talk,95,6,14,Over
1,talk,96,6,9,Over
1,talk,97,6,15,VOTE Agent[13]
1,talk,98,6,12,Over
1,talk,99,6,8,VOTE Agent[13]
1,talk,100,6,6,VOTE Agent[09]
1,talk,101,6,5,Over
1,talk,102,6,3,VOTE Agent[09]
1,talk,103,6,7,Over
1,talk,104,6,10,Over
1,talk,105,7,5,Over
1,talk,106,7,13,VOTE Agent[09]
1,talk,107,7,10,Over
1,talk,108,7,2,VOTE Agent[13]
1,talk,109,7,9,Over
1,talk,110,7,8,VOTE Agent[13]
1,talk,111,7,7,Over
1,talk,112,7,4,Over
1,talk,113,7,11,Over
1,talk,114,7,3,VOTE Agent[09]
1,talk,115,7,1,Skip
1,talk,116,7,14,Over
1,talk,117,7,12,Over
1,talk,118,7,6,VOTE Agent[09]
1,talk,119,7,15,VOTE Agent[13]
1,talk,120,8,6,VOTE Agent[09]
1,talk,121,8,11,Over
1,talk,122,8,14,Over
1,talk,123,8,3,VOTE Agent[04]
1,talk,124,8,2,VOTE Agent[13]
1,talk,125,8,15,VOTE Agent[13]
1,talk,126,8,4,Over
1,talk,127,8,12,Over
1,talk,128,8,9,Over
1,talk,129,8,7,Over
1,talk,130,8,1,Over
1,talk,131,8,5,Over
1,talk,132,8,13,VOTE Agent[09]
1,talk,133,8,8,VOTE Agent[13]
1,talk,134,8,10,Over
1,talk,135,9,2,Over
1,talk,136,9,1,VOTE Agent[04]
1,talk,137,9,13,VOTE Agent[04]
1,talk,138,9,4,VOTE Agent[06]
1,talk,139,9,7,Over
1,talk,140,9,10,Over
1,talk,141,9,11,Over
1,talk,142,9,12,Over
1,talk,143,9,8,Over
1,talk,144,9,6,Over
1,talk,145,9,3,VOTE Agent[09]
1,talk,146,9,14,Over
1,talk,147,9,15,Over
1,talk,148,9,5,Over
1,talk,149,9,9,Over
1,talk,150,10,15,Over
1,talk,151,10,1,Skip
1,talk,152,10,7,Over
1,talk,153,10,2,Over
1,talk,154,10,6,Over
1,talk,155,10,14,Over
1,talk,156,10,13,VOTE Agent[04]
1,talk,157,10,4,VOTE Agent[09]
1,talk,158,10,5,Over
1,talk,159,10,10,Over
1,talk,160,10,8,Over
1,talk,161,10,12,Over
1,talk,162,10,3,Over
1,talk,163,10,11,Over
1,talk,164,10,9,Over
1,talk,165,11,4,Skip
1,talk,166,11,9,Over
1,talk,167,11,3,Over
1,talk,168,11,15,Over
1,talk,169,11,10,Over
1,talk,170,11,14,Over
1,talk,171,11,5,Over
1,talk,172,11,8,Over
1,talk,173,11,12,Over
1,talk,174,11,1,Skip
1,talk,175,11,13,Over
1,talk,176,11,11,Over
1,talk,177,11,6,Over
1,talk,178,11,2,Over
1,talk,179,11,7,Over
1,talk,180,12,10,Over
1,talk,181,12,15,Over
1,talk,182,12,3,Over
1,talk,183,12,6,Over
1,talk,184,12,7,Over
1,talk,185,12,2,Over
1,talk,186,12,11,Over
1,talk,187,12,9,Over
1,talk,188,12,1,Over
1,talk,189,12,12,Over
1,talk,190,12,14,Over
1,talk,191,12,4,Skip
1,talk,192,12,8,Over
1,talk,193,12,5,Over
1,talk,194,12,13,Over
1,talk,195,13,4,Over
1,talk,196,13,6,Over
1,talk,197,13,15,Over
1,talk,198,13,14,Over
1,talk,199,13,10,Over
1,talk,200,13,3,Over
1,talk,201,13,2,Over
1,talk,202,13,12,Over
1,talk,203,13,1,Over
1,talk,204,13,11,Over
1,talk,205,13,9,Over
1,talk,206,13,5,Over
1,talk,207,13,13,Over
1,talk,208,13,8,Over
1,talk,209,13,7,Over
1,vote,1,13
1,vote,2,13
1,vote,3,4
1,vote,4,13
1,vote,5,13
1,vote,6,4
1,vote,7,2
1,vote,8,13
1,vote,9,13
1,vote,10,13
1,vote,11,13
1,vote,12,13
1,vote,13,4
1,vote,14,13
1,vote,15,13
1,execute,13,WEREWOLF
1,divine,3,4,HUMAN
1,whisper,0,0,6,ATTACK Agent[03]
1,whisper,1,0,5,Skip
1,whisper,2,1,6,Skip
1,whisper,3,1,5,Skip
1,whisper,4,2,6,Skip
1,whisper,5,2,5,Over
1,whisper,6,3,6,Over
1,whisper,7,3,5,Over
1,guard,7,8,POSSESSED
1,attackVote,5,8
1,attackVote,6,8
1,attack,8,false
2,status,1,VILLAGER,ALIVE,TOKU4
2,status,2,VILLAGER,ALIVE,HALU
2,status,3,SEER,ALIVE,Takeda14
2,status,4,VILLAGER,ALIVE,Takeda3
2,status,5,WEREWOLF,ALIVE,TOKU9
2,status,6,WEREWOLF,ALIVE,OKAMI
2,status,7,BODYGUARD,ALIVE,SampleJava10
2,status,8,POSSESSED,ALIVE,HALU
2,status,9,VILLAGER,ALIVE,sample_py
2,status,10,VILLAGER,ALIVE,sample_py
2,status,11,VILLAGER,ALIVE,sample_py
2,status,12,VILLAGER,ALIVE,Tomato0
2,status,13,WEREWOLF,DEAD,Takeda2
2,status,14,VILLAGER,ALIVE,Tomato12
2,status,15,MEDIUM,ALIVE,HALU
2,talk,0,0,3,DIVINED Agent[04] HUMAN
2,talk,1,0,9,VOTE Agent[15]
2,talk,2,0,1,VOTE Agent[04]
2,talk,3,0,4,VOTE Agent[09]
2,talk,4,0,5,VOTE Agent[04]
2,talk,5,0,2,VOTE Agent[09]
2,talk,6,0,10,VOTE Agent[11]
2,talk,7,0,7,VOTE Agent[01]
2,talk,8,0,14,VOTE Agent[09]
2,talk,9,0,15,IDENTIFIED Agent[13] WEREWOLF
2,talk,10,0,8,DIVINED Agent[04] WEREWOLF
2,talk,11,0,12,VOTE Agent[09]
2,talk,12,0,6,VOTE Agent[04]
2,talk,13,0,11,VOTE Agent[04]
2,talk,14,1,12,VOTE Agent[04]
2,talk,15,1,3,VOTE Agent[02]
2,talk,16,1,4,VOTE Agent[02]
2,talk,17,1,7,REQUEST ANY (VOTE Agent[01])
2,talk,18,1,14,VOTE Agent[04]
2,talk,19,1,8,VOTE Agent[04]
2,talk,20,1,5,Skip
2,talk,21,1,11,Skip
2,talk,22,1,6,VOTE Agent[04]
2,talk,23,1,1,VOTE Agent[06]
2,talk,24,1,9,VOTE Agent[04]
2,talk,25,1,15,VOTE Agent[04]
2,talk,26,1,2,VOTE Agent[04]
2,talk,27,1,10,VOTE Agent[04]
2,talk,28,2,9,Skip
2,talk,29,2,10,Skip
2,talk,30,2,1,VOTE Agent[04]
2,talk,31,2,12,Skip
2,talk,32,2,3,VOTE Agent[06]
2,talk,33,2,8,VOTE Agent[03]
2,talk,34,2,6,VOTE Agent[04]
2,talk,35,2,11,Skip
2,talk,36,2,15,VOTE Agent[04]
2,talk,37,2,7,Skip
2,talk,38,2,5,Skip
2,talk,39,2,4,VOTE Agent[02]
2,talk,40,2,14,Skip
2,talk,41,2,2,VOTE Agent[04]
2,talk,42,3,8,VOTE Agent[03]
2,talk,43,3,5,Over
2,talk,44,3,4,VOTE Agent[02]
2,talk,45,3,2,VOTE Agent[04]
2,talk,46,3,15,VOTE Agent[04]
2,talk,47,3,12,Skip
2,talk,48,3,11,Over
2,talk,49,3,1,Skip
2,talk,50,3,3,VOTE Agent[06]
2,talk,51,3,6,VOTE Agent[04]
2,talk,52,3,7,Skip
2,talk,53,3,10,Skip
2,talk,54,3,14,Skip
2,talk,55,3,9,Skip
2,talk,56,4,3,VOTE Agent[02]
2,talk,57,4,2,VOTE Agent[04]
2,talk,58,4,4,VOTE Agent[02]
2,talk,59,4,6,VOTE Agent[04]
2,talk,60,4,1,Skip
2,talk,61,4,8,VOTE Agent[03]
2,talk,62,4,7,Over
2,talk,63,4,9,Over
2,talk,64,4,12,Over
2,talk,65,4,11,Over
2,talk,66,4,5,Over
2,talk,67,4,10,Over
2,talk,68,4,15,VOTE Agent[04]
2,talk,69,4,14,Over
2,talk,70,5,4,VOTE Agent[02]
2,talk,71,5,11,Over
2,talk,72,5,6,VOTE Agent[04]
2,talk,73,5,3,VOTE Agent[02]
2,talk,74,5,8,VOTE Agent[03]
2,talk,75,5,2,VOTE Agent[04]
2,talk,76,5,5,Over
2,talk,77,5,7,Over
2,talk,78,5,15,VOTE Agent[04]
2,talk,79,5,14,Over
2,talk,80,5,1,Over
2,talk,81,5,10,Over
2,talk,82,5,9,Over
2,talk,83,5,12,Over
2,talk,84,6,5,Over
2,talk,85,6,12,Over
2,talk,86,6,4,VOTE Agent[02]
2,talk,87,6,14,Over
2,talk,88,6,9,Over
2,talk,89,6,15,VOTE Agent[04]
2,talk,90,6,2,VOTE Agent[04]
2,talk,91,6,10,Over
2,talk,92,6,7,Over
2,talk,93,6,1,Over
2,talk,94,6,8,VOTE Agent[03]
2,talk,95,6,3,VOTE Agent[05]
2,talk,96,6,11,Over
2,talk,97,6,6,VOTE Agent[04]
2,talk,98,7,15,VOTE Agent[04]
2,talk,99,7,11,Over
2,talk,100,7,12,Over
2,talk,101,7,6,VOTE Agent[04]
2,talk,102,7,9,Over
2,talk,103,7,5,Over
2,talk,104,7,2,VOTE Agent[04]
2,talk,105,7,7,Over
2,talk,106,7,10,Over
2,talk,107,7,14,Over
2,talk,108,7,3,VOTE Agent[05]
2,talk,109,7,1,Over
2,talk,110,7,4,VOTE Agent[02]
2,talk,111,7,8,VOTE Agent[03]
2,talk,112,8,7,Over
2,talk,113,8,15,VOTE Agent[04]
2,talk,114,8,9,Over
2,talk,115,8,2,VOTE Agent[04]
2,talk,116,8,6,VOTE Agent[04]
2,talk,117,8,10,Over
2,talk,118,8,5,Over
2,talk,119,8,3,VOTE Agent[05]
2,talk,120,8,1,Over
2,talk,121,8,11,Over
2,talk,122,8,8,VOTE Agent[03]
2,talk,123,8,12,Over
2,talk,124,8,4,VOTE Agent[02]
2,talk,125,8,14,Over
2,talk,126,9,7,Over
2,talk,127,9,11,Over
2,talk,128,9,14,Over
2,talk,129,9,5,Over
2,talk,130,9,3,VOTE Agent[05]
2,talk,131,9,2,Over
2,talk,132,9,8,Over
2,talk,133,9,15,Over
2,talk,134,9,9,Over
2,talk,135,9,1,Over
2,talk,136,9,6,Over
2,talk,137,9,10,Over
2,talk,138,9,12,Over
2,talk,139,9,4,VOTE Agent[05]
2,talk,140,10,12,Over
2,talk,141,10,7,Over
2,talk,142,10,9,Over
2,talk,143,10,14,Over
2,talk,144,10,4,Over
2,talk,145,10,3,Over
2,talk,146,10,5,Over
2,talk,147,10,11,Over
2,talk,148,10,8,Over
2,talk,149,10,1,Over
2,talk,150,10,10,Over
2,talk,151,10,15,Over
2,talk,152,10,2,Over
2,talk,153,10,6,Over
2,vote,1,4
2,vote,2,4
2,vote,3,5
2,vote,4,5
2,vote,5,4
2,vote,6,4
2,vote,7,10
2,vote,8,4
2,vote,9,4
2,vote,10,4
2,vote,11,4
2,vote,12,4
2,vote,14,4
2,vote,15,4
2,execute,4,VILLAGER
2,divine,3,5,WEREWOLF
2,whisper,0,0,5,Skip
2,whisper,1,0,6,ATTACK Agent[15]
2,whisper,2,1,5,Skip
2,whisper,3,1,6,Skip
2,whisper,4,2,5,Over
2,whisper,5,2,6,Skip
2,whisper,6,3,6,Over
2,whisper,7,3,5,Over
2,guard,7,8,POSSESSED
2,attackVote,5,8
2,attackVote,6,15
2,attackVote,5,8
2,attackVote,6,15
2,attack,15,true
3,status,1,VILLAGER,ALIVE,TOKU4
3,status,2,VILLAGER,ALIVE,HALU
3,status,3,SEER,ALIVE,Takeda14
3,status,4,VILLAGER,DEAD,Takeda3
3,status,5,WEREWOLF,ALIVE,TOKU9
3,status,6,WEREWOLF,ALIVE,OKAMI
3,status,7,BODYGUARD,ALIVE,SampleJava10
3,status,8,POSSESSED,ALIVE,HALU
3,status,9,VILLAGER,ALIVE,sample_py
3,status,10,VILLAGER,ALIVE,sample_py
3,status,11,VILLAGER,ALIVE,sample_py
3,status,12,VILLAGER,ALIVE,Tomato0
3,status,13,WEREWOLF,DEAD,Takeda2
3,status,14,VILLAGER,ALIVE,Tomato12
3,status,15,MEDIUM,DEAD,HALU
3,talk,0,0,12,VOTE Agent[08]
3,talk,1,0,14,VOTE Agent[12]
3,talk,2,0,6,VOTE Agent[09]
3,talk,3,0,1,VOTE Agent[05]
3,talk,4,0,5,VOTE Agent[02]
3,talk,5,0,2,VOTE Agent[06]
3,talk,6,0,3,DIVINED Agent[05] WEREWOLF
3,talk,7,0,10,VOTE Agent[05]
3,talk,8,0,7,VOTE Agent[02]
3,talk,9,0,11,VOTE Agent[05]
3,talk,10,0,8,DIVINED Agent[12] WEREWOLF
3,talk,11,0,9,VOTE Agent[12]
3,talk,12,1,10,Skip
3,talk,13,1,6,VOTE Agent[12]
3,talk,14,1,9,Skip
3,talk,15,1,11,Skip
3,talk,16,1,1,Skip
3,talk,17,1,5,Skip
3,talk,18,1,8,VOTE Agent[12]
3,talk,19,1,12,Skip
3,talk,20,1,2,VOTE Agent[12]
3,talk,21,1,3,VOTE Agent[05]
3,talk,22,1,14,Skip
3,talk,23,1,7,REQUEST ANY (VOTE Agent[02])
3,talk,24,2,14,Skip
3,talk,25,2,10,Skip
3,talk,26,2,7,Skip
3,talk,27,2,1,VOTE Agent[02]
3,talk,28,2,9,Skip
3,talk,29,2,2,VOTE Agent[12]
3,talk,30,2,5,Skip
3,talk,31,2,8,VOTE Agent[12]
3,talk,32,2,12,Skip
3,talk,33,2,11,Skip
3,talk,34,2,6,VOTE Agent[12]
3,talk,35,2,3,VOTE Agent[05]
3,talk,36,3,7,Skip
3,talk,37,3,1,Skip
3,talk,38,3,3,VOTE Agent[05]
3,talk,39,3,2,VOTE Agent[12]
3,talk,40,3,5,Over
3,talk,41,3,10,Over
3,talk,42,3,9,Over
3,talk,43,3,12,Over
3,talk,44,3,8,VOTE Agent[12]
3,talk,45,3,14,Over
3,talk,46,3,6,VOTE Agent[12]
3,talk,47,3,11,Over
3,talk,48,4,9,Over
3,talk,49,4,2,VOTE Agent[12]
3,talk,50,4,14,Over
3,talk,51,4,12,Over
3,talk,52,4,3,VOTE Agent[05]
3,talk,53,4,1,Skip
3,talk,54,4,7,Over
3,talk,55,4,11,Over
3,talk,56,4,8,VOTE Agent[12]
3,talk,57,4,6,VOTE Agent[12]
3,talk,58,4,10,Over
3,talk,59,4,5,Over
3,talk,60,5,1,Over
3,talk,61,5,10,Over
3,talk,62,5,14,Over
3,talk,63,5,2,VOTE Agent[12]
3,talk,64,5,9,Over
3,talk,65,5,8,VOTE Agent[12]
3,talk,66,5,3,VOTE Agent[05]
3,talk,67,5,12,Over
3,talk,68,5,11,Over
3,talk,69,5,6,VOTE Agent[12]
3,talk,70,5,5,Over
3,talk,71,5,7,Over
3,talk,72,6,11,Over
3,talk,73,6,2,VOTE Agent[12]
3,talk,74,6,14,Over
3,talk,75,6,3,VOTE Agent[05]
3,talk,76,6,6,VOTE Agent[12]
3,talk,77,6,12,Over
3,talk,78,6,10,Over
3,talk,79,6,9,Over
3,talk,80,6,8,VOTE Agent[12]
3,talk,81,6,7,Over
3,talk,82,6,1,Over
3,talk,83,6,5,Over
3,talk,84,7,12,Over
3,talk,85,7,8,VOTE Agent[03]
3,talk,86,7,9,Over
3,talk,87,7,11,Over
3,talk,88,7,6,VOTE Agent[12]
3,talk,89,7,5,Over
3,talk,90,7,14,Over
3,talk,91,7,1,Over
3,talk,92,7,7,Over
3,talk,93,7,2,VOTE Agent[12]
3,talk,94,7,10,Over
3,talk,95,7,3,VOTE Agent[05]
3,talk,96,8,11,Over
3,talk,97,8,2,VOTE Agent[12]
3,talk,98,8,9,Over
3,talk,99,8,1,Over
3,talk,100,8,12,Over
3,talk,101,8,8,VOTE Agent[12]
3,talk,102,8,5,Over
3,talk,103,8,14,Over
3,talk,104,8,7,Over
3,talk,105,8,6,VOTE Agent[12]
3,talk,106,8,3,VOTE Agent[05]
3,talk,107,8,10,Over
3,talk,108,9,2,Over
3,talk,109,9,5,Over
3,talk,110,9,1,Over
3,talk,111,9,11,Over
3,talk,112,9,10,Over
3,talk,113,9,3,VOTE Agent[05]
3,talk,114,9,9,Over
3,talk,115,9,12,Over
3,talk,116,9,6,Over
3,talk,117,9,7,Over
3,talk,118,9,14,Over
3,talk,119,9,8,Over
3,talk,120,10,14,Over
3,talk,121,10,2,Over
3,talk,122,10,5,Over
3,talk,123,10,3,Over
3,talk,124,10,10,Over
3,talk,125,10,12,Over
3,talk,126,10,1,Over
3,talk,127,10,11,Over
3,talk,128,10,8,Over
3,talk,129,10,9,Over
3,talk,130,10,6,Over
3,talk,131,10,7,Over
3,vote,1,2
3,vote,2,12
3,vote,3,5
3,vote,5,2
3,vote,6,12
3,vote,7,14
3,vote,8,12
3,vote,9,12
3,vote,10,5
3,vote,11,5
3,vote,12,8
3,vote,14,12
3,execute,12,VILLAGER
3,divine,3,2,HUMAN
3,whisper,0,0,5,Skip
3,whisper,1,0,6,ATTACK Agent[15]
3,whisper,2,1,5,Skip
3,whisper,3,1,6,Skip
3,whisper,4,2,5,Over
3,whisper,5,2,6,Skip
3,whisper,6,3,6,Over
3,whisper,7,3,5,Over
3,guard,7,3,SEER
3,attackVote,5,8
3,attack,8,true
4,status,1,VILLAGER,ALIVE,TOKU4
4,status,2,VILLAGER,ALIVE,HALU
4,status,3,SEER,ALIVE,Takeda14
4,status,4,VILLAGER,DEAD,Takeda3
4,status,5,WEREWOLF,ALIVE,TOKU9
4,status,6,WEREWOLF,ALIVE,OKAMI
4,status,7,BODYGUARD,ALIVE,SampleJava10
4,status,8,POSSESSED,DEAD,HALU
4,status,9,VILLAGER,ALIVE,sample_py
4,status,10,VILLAGER,ALIVE,sample_py
4,status,11,VILLAGER,ALIVE,sample_py
4,status,12,VILLAGER,DEAD,Tomato0
4,status,13,WEREWOLF,DEAD,Takeda2
4,status,14,VILLAGER,ALIVE,Tomato12
4,status,15,MEDIUM,DEAD,HALU
4,talk,0,0,5,VOTE Agent[02]
4,talk,1,0,7,VOTE Agent[01]
4,talk,2,0,3,DIVINED Agent[02] HUMAN
4,talk,3,0,11,VOTE Agent[05]
4,talk,4,0,14,VOTE Agent[07]
4,talk,5,0,1,VOTE Agent[02]
4,talk,6,0,10,VOTE Agent[05]
4,talk,7,0,9,VOTE Agent[05]
4,talk,8,0,6,VOTE Agent[07]
4,talk,9,0,2,VOTE Agent[05]
4,talk,10,1,5,Skip
4,talk,11,1,7,REQUEST ANY (VOTE Agent[01])
4,talk,12,1,1,Skip
4,talk,13,1,6,VOTE Agent[07]
4,talk,14,1,3,VOTE Agent[05]
4,talk,15,1,10,Skip
4,talk,16,1,11,Skip
4,talk,17,1,9,Skip
4,talk,18,1,2,VOTE Agent[05]
4,talk,19,1,14,Skip
4,talk,20,2,10,Skip
4,talk,21,2,7,Skip
4,talk,22,2,5,VOTE Agent[02]
4,talk,23,2,14,Skip
4,talk,24,2,11,Skip
4,talk,25,2,9,Skip
4,talk,26,2,6,VOTE Agent[07]
4,talk,27,2,3,VOTE Agent[05]
4,talk,28,2,2,VOTE Agent[05]
4,talk,29,2,1,Skip
4,talk,30,3,2,VOTE Agent[05]
4,talk,31,3,14,Over
4,talk,32,3,5,VOTE Agent[02]
4,talk,33,3,3,VOTE Agent[05]
4,talk,34,3,9,Over
4,talk,35,3,6,VOTE Agent[07]
4,talk,36,3,11,Over
4,talk,37,3,7,Skip
4,talk,38,3,10,Over
4,talk,39,3,1,VOTE Agent[05]
4,talk,40,4,14,Over
4,talk,41,4,2,VOTE Agent[05]
4,talk,42,4,9,Over
4,talk,43,4,11,Over
4,talk,44,4,5,VOTE Agent[02]
4,talk,45,4,10,Over
4,talk,46,4,1,Skip
4,talk,47,4,3,VOTE Agent[05]
4,talk,48,4,7,Over
4,talk,49,4,6,VOTE Agent[07]
4,talk,50,5,5,VOTE Agent[02]
4,talk,51,5,3,VOTE Agent[05]
4,talk,52,5,11,Over
4,talk,53,5,10,Over
4,talk,54,5,2,VOTE Agent[05]
4,talk,55,5,9,Over
4,talk,56,5,14,Over
4,talk,57,5,1,Skip
4,talk,58,5,7,Over
4,talk,59,5,6,VOTE Agent[01]
4,talk,60,6,14,Over
4,talk,61,6,5,VOTE Agent[02]
4,talk,62,6,11,Over
4,talk,63,6,10,Over
4,talk,64,6,6,VOTE Agent[07]
4,talk,65,6,3,VOTE Agent[05]
4,talk,66,6,9,Over
4,talk,67,6,1,Over
4,talk,68,6,2,VOTE Agent[05]
4,talk,69,6,7,Over
4,talk,70,7,7,Over
4,talk,71,7,11,Over
4,talk,72,7,2,VOTE Agent[05]
4,talk,73,7,5,VOTE Agent[02]
4,talk,74,7,10,Over
4,talk,75,7,9,Over
4,talk,76,7,6,VOTE Agent[01]
4,talk,77,7,1,Over
4,talk,78,7,3,VOTE Agent[05]
4,talk,79,7,14,Over
4,talk,80,8,5,VOTE Agent[02]
4,talk,81,8,7,Over
4,talk,82,8,1,Over
4,talk,83,8,10,Over
4,talk,84,8,14,Over
4,talk,85,8,6,VOTE Agent[07]
4,talk,86,8,9,Over
4,talk,87,8,3,VOTE Agent[05]
4,talk,88,8,11,Over
4,talk,89,8,2,VOTE Agent[05]
4,talk,90,9,5,VOTE Agent[02]
4,talk,91,9,2,Over
4,talk,92,9,11,Over
4,talk,93,9,9,Over
4,talk,94,9,14,Over
4,talk,95,9,3,VOTE Agent[05]
4,talk,96,9,7,Over
4,talk,97,9,6,Over
4,talk,98,9,10,Over
4,talk,99,9,1,Over
4,talk,100,10,10,Over
4,talk,101,10,11,Over
4,talk,102,10,3,Over
4,talk,103,10,2,Over
4,talk,104,10,7,Over
4,talk,105,10,6,Over
4,talk,106,10,9,Over
4,talk,107,10,14,Over
4,talk,108,10,1,Over
4,talk,109,10,5,VOTE Agent[02]
4,talk,110,11,6,Over
4,talk,111,11,2,Over
4,talk,112,11,11,Over
4,talk,113,11,14,Over
4,talk,114,11,10,Over
4,talk,115,11,1,Over
4,talk,116,11,7,Over
4,talk,117,11,9,Over
4,talk,118,11,3,Over
4,talk,119,11,5,Over
4,vote,1,5
4,vote,2,5
4,vote,3,5
4,vote,5,2
4,vote,6,1
4,vote,7,10
4,vote,9,5
4,vote,10,5
4,vote,11,5
4,vote,14,7
4,execute,5,WEREWOLF
4,divine,3,6,WEREWOLF
4,guard,7,3,SEER
4,attack,2,true
5,status,1,VILLAGER,ALIVE,TOKU4
5,status,2,VILLAGER,DEAD,HALU
5,status,3,SEER,ALIVE,Takeda14
5,status,4,VILLAGER,DEAD,Takeda3
5,status,5,WEREWOLF,DEAD,TOKU9
5,status,6,WEREWOLF,ALIVE,OKAMI
5,status,7,BODYGUARD,ALIVE,SampleJava10
5,status,8,POSSESSED,DEAD,HALU
5,status,9,VILLAGER,ALIVE,sample_py
5,status,10,VILLAGER,ALIVE,sample_py
5,status,11,VILLAGER,ALIVE,sample_py
5,status,12,VILLAGER,DEAD,Tomato0
5,status,13,WEREWOLF,DEAD,Takeda2
5,status,14,VILLAGER,ALIVE,Tomato12
5,status,15,MEDIUM,DEAD,HALU
5,talk,0,0,14,VOTE Agent[07]
5,talk,1,0,10,VOTE Agent[09]
5,talk,2,0,1,VOTE Agent[06]
5,talk,3,0,11,VOTE Agent[07]
5,talk,4,0,6,VOTE Agent[07]
5,talk,5,0,7,VOTE Agent[10]
5,talk,6,0,3,DIVINED Agent[06] WEREWOLF
5,talk,7,0,9,VOTE Agent[06]
5,talk,8,1,10,VOTE Agent[06]
5,talk,9,1,11,VOTE Agent[06]
5,talk,10,1,14,Skip
5,talk,11,1,9,Skip
5,talk,12,1,3,VOTE Agent[06]
5,talk,13,1,7,REQUEST ANY (VOTE Agent[10])
5,talk,14,1,6,VOTE Agent[10]
5,talk,15,1,1,Skip
5,talk,16,2,7,Skip
5,talk,17,2,14,Skip
5,talk,18,2,6,VOTE Agent[10]
5,talk,19,2,10,Skip
5,talk,20,2,1,Skip
5,talk,21,2,11,Skip
5,talk,22,2,3,VOTE Agent[06]
5,talk,23,2,9,Skip
5,talk,24,3,9,Over
5,talk,25,3,1,Over
5,talk,26,3,7,Skip
5,talk,27,3,6,VOTE Agent[10]
5,talk,28,3,10,Skip
5,talk,29,3,3,VOTE Agent[06]
5,talk,30,3,14,Over
5,talk,31,3,11,Skip
5,talk,32,4,10,Over
5,talk,33,4,7,Over
5,talk,34,4,1,Over
5,talk,35,4,3,VOTE Agent[06]
5,talk,36,4,6,VOTE Agent[07]
5,talk,37,4,9,Over
5,talk,38,4,11,Over
5,talk,39,4,14,Over
5,talk,40,5,10,Over
5,talk,41,5,3,VOTE Agent[06]
5,talk,42,5,6,VOTE Agent[10]
5,talk,43,5,1,Over
5,talk,44,5,9,Over
5,talk,45,5,11,Over
5,talk,46,5,14,Over
5,talk,47,5,7,Over
5,talk,48,6,1,Over
5,talk,49,6,3,VOTE Agent[06]
5,talk,50,6,9,Over
5,talk,51,6,14,Over
5,talk,52,6,10,Over
5,talk,53,6,11,Over
5,talk,54,6,6,VOTE Agent[07]
5,talk,55,6,7,Over
5,talk,56,7,14,Over
5,talk,57,7,9,Over
5,talk,58,7,11,Over
5,talk,59,7,6,VOTE Agent[07]
5,talk,60,7,1,Over
5,talk,61,7,7,Over
5,talk,62,7,3,VOTE Agent[06]
5,talk,63,7,10,Over
5,talk,64,8,9,Over
5,talk,65,8,6,VOTE Agent[07]
5,talk,66,8,7,Over
5,talk,67,8,10,Over
5,talk,68,8,11,Over
5,talk,69,8,3,VOTE Agent[06]
5,talk,70,8,1,Over
5,talk,71,8,14,Over
5,talk,72,9,7,Over
5,talk,73,9,9,Over
5,talk,74,9,10,Over
5,talk,75,9,14,Over
5,talk,76,9,3,VOTE Agent[06]
5,talk,77,9,6,Over
5,talk,78,9,11,Over
5,talk,79,9,1,Over
5,talk,80,10,3,Over
5,talk,81,10,7,Over
5,talk,82,10,9,Over
5,talk,83,10,10,Over
5,talk,84,10,6,Over
5,talk,85,10,1,Over
5,talk,86,10,11,Over
5,talk,87,10,14,Over
5,vote,1,6
5,vote,3,6
5,vote,6,10
5,vote,7,1
5,vote,9,6
5,vote,10,6
5,vote,11,6
5,vote,14,7
5,execute,6,WEREWOLF
5,divine,3,1,HUMAN
5,guard,7,3,SEER
6,status,1,VILLAGER,ALIVE,TOKU4
6,status,2,VILLAGER,DEAD,HALU
6,status,3,SEER,ALIVE,Takeda14
6,status,4,VILLAGER,DEAD,Takeda3
6,status,5,WEREWOLF,DEAD,TOKU9
6,status,6,WEREWOLF,DEAD,OKAMI
6,status,7,BODYGUARD,ALIVE,SampleJava10
6,status,8,POSSESSED,DEAD,HALU
6,status,9,VILLAGER,ALIVE,sample_py
6,status,10,VILLAGER,ALIVE,sample_py
6,status,11,VILLAGER,ALIVE,sample_py
6,status,12,VILLAGER,DEAD,Tomato0
6,status,13,WEREWOLF,DEAD,Takeda2
6,status,14,VILLAGER,ALIVE,Tomato12
6,status,15,MEDIUM,DEAD,HALU
6,result,7,0,VILLAGER
