0,status,1,VILLAGER,ALIVE,TOKU3
0,status,2,WEREWOLF,ALIVE,Takeda1
0,status,3,VILLAGER,ALIVE,OKAMI
0,status,4,VILLAGER,ALIVE,sample_py
0,status,5,VILLAGER,ALIVE,Takeda9
0,status,6,BODYGUARD,ALIVE,HALU
0,status,7,VILLAGER,ALIVE,Tomato8
0,status,8,WEREWOLF,ALIVE,Takeda10
0,status,9,VILLAGER,ALIVE,OKAMI
0,status,10,POSSESSED,ALIVE,sample_py
0,status,11,MEDIUM,ALIVE,sample_py
0,status,12,SEER,ALIVE,Takeda0
0,status,13,VILLAGER,ALIVE,SampleJava4
0,status,14,WEREWOLF,ALIVE,Tomato13
0,status,15,VILLAGER,ALIVE,SampleJava7
0,whisper,0,0,2,Skip
0,whisper,1,0,8,Skip
0,whisper,2,0,14,COMINGOUT Agent[14] VILLAGER
0,whisper,3,1,2,Skip
0,whisper,4,1,8,Skip
0,whisper,5,1,14,COMINGOUT Agent[14] SEER
0,whisper,6,2,8,Over
0,whisper,7,2,2,Over
0,whisper,8,2,14,Skip
0,whisper,9,3,8,Over
0,whisper,10,3,2,Over
0,whisper,11,3,14,Skip
0,whisper,12,4,14,Over
0,whisper,13,4,8,Over
0,whisper,14,4,2,Over
0,divine,12,3,HUMAN
1,status,1,VILLAGER,ALIVE,TOKU3
1,status,2,WEREWOLF,ALIVE,Takeda1
1,status,3,VILLAGER,ALIVE,OKAMI
1,status,4,VILLAGER,ALIVE,sample_py
1,status,5,VILLAGER,ALIVE,Takeda9
1,status,6,BODYGUARD,ALIVE,HALU
1,status,7,VILLAGER,ALIVE,Tomato8
1,status,8,WEREWOLF,ALIVE,Takeda10
1,status,9,VILLAGER,ALIVE,OKAMI
1,status,10,POSSESSED,ALIVE,sample_py
1,status,11,MEDIUM,ALIVE,sample_py
1,status,12,SEER,ALIVE,Takeda0
1,status,13,VILLAGER,ALIVE,SampleJava4
1,status,14,WEREWOLF,ALIVE,Tomato13
1,status,15,VILLAGER,ALIVE,SampleJava7
1,talk,0,0,13,VOTE Agent[05]
1,talk,1,0,2,VOTE Agent[05]
1,talk,2,0,15,VOTE Agent[04]
1,talk,3,0,9,VOTE Agent[04]
1,talk,4,0,4,VOTE Agent[14]
1,talk,5,0,10,COMINGOUT Agent[10] SEER
1,talk,6,0,11,VOTE Agent[09]
1,talk,7,0,7,VOTE Agent[05]
1,talk,8,0,12,COMINGOUT Agent[12] SEER
1,talk,9,0,3,VOTE Agent[04]
1,talk,10,0,14,COMINGOUT Agent[14] SEER
1,talk,11,0,1,VOTE Agent[14]
1,talk,12,0,6,VOTE Agent[07]
1,talk,13,0,5,VOTE Agent[14]
1,talk,14,0,8,VOTE Agent[06]
1,talk,15,1,15,REQUEST ANY (VOTE Agent[04])
1,talk,16,1,4,Skip
1,talk,17,1,5,VOTE Agent[10]
1,talk,18,1,6,VOTE Agent[15]
1,talk,19,1,13,REQUEST ANY (VOTE Agent[05])
1,talk,20,1,10,DIVINED Agent[08] WEREWOLF
1,talk,21,1,1,Skip
1,talk,22,1,9,COMINGOUT Agent[09] VILLAGER
1,talk,23,1,11,VOTE Agent[08]
1,talk,24,1,14,DIVINED Agent[12] HUMAN
1,talk,25,1,2,VOTE Agent[11]
1,talk,26,1,12,DIVINED Agent[03] HUMAN
1,talk,27,1,7,VOTE Agent[04]
1,talk,28,1,8,VOTE Agent[14]
1,talk,29,1,3,COMINGOUT Agent[03] VILLAGER
1,talk,30,2,10,VOTE Agent[08]
1,talk,31,2,14,VOTE Agent[04]
1,talk,32,2,3,VOTE Agent[10]
1,talk,33,2,5,VOTE Agent[02]
1,talk,34,2,1,Skip
1,talk,35,2,6,VOTE Agent[14]
1,talk,36,2,9,VOTE Agent[10]
1,talk,37,2,2,VOTE Agent[10]
1,talk,38,2,13,Skip
1,talk,39,2,11,Skip
1,talk,40,2,7,Skip
1,talk,41,2,8,VOTE Agent[11]
1,talk,42,2,15,Skip
1,talk,43,2,4,VOTE Agent[08]
1,talk,44,2,12,VOTE Agent[14]
1,talk,45,3,4,Skip
1,talk,46,3,10,Skip
1,talk,47,3,11,Skip
1,talk,48,3,6,VOTE Agent[14]
1,talk,49,3,3,VOTE Agent[10]
1,talk,50,3,7,VOTE Agent[14]
1,talk,51,3,1,Over
1,talk,52,3,15,Skip
1,talk,53,3,14,VOTE Agent[08]
1,talk,54,3,12,VOTE Agent[14]
1,talk,55,3,13,Skip
1,talk,56,3,5,VOTE Agent[11]
1,talk,57,3,9,VOTE Agent[10]
1,talk,58,3,2,VOTE Agent[11]
1,talk,59,3,8,VOTE Agent[14]
1,talk,60,4,5,Skip
1,talk,61,4,8,VOTE Agent[04]
1,talk,62,4,7,VOTE Agent[08]
1,talk,63,4,9,VOTE Agent[10]
1,talk,64,4,1,Over
1,talk,65,4,6,VOTE Agent[14]
1,talk,66,4,2,Skip
1,talk,67,4,14,Skip
1,talk,68,4,10,Skip
1,talk,69,4,11,Over
1,talk,70,4,13,Over
1,talk,71,4,4,Skip
1,talk,72,4,15,Over
1,talk,73,4,3,VOTE Agent[10]
1,talk,74,4,12,VOTE Agent[14]
1,talk,75,5,4,Over
1,talk,76,5,2,Skip
1,talk,77,5,7,Skip
1,talk,78,5,1,Over
1,talk,79,5,3,VOTE Agent[10]
1,talk,80,5,10,Over
1,talk,81,5,11,Over
1,talk,82,5,6,VOTE Agent[12]
1,talk,83,5,13,Over
1,talk,84,5,5,Skip
1,talk,85,5,12,VOTE Agent[14]
1,talk,86,5,9,VOTE Agent[10]
1,talk,87,5,15,Over
1,talk,88,5,14,Skip
1,talk,89,5,8,Skip
1,talk,90,6,11,Over
1,talk,91,6,5,Over
1,talk,92,6,2,VOTE Agent[04]
1,talk,93,6,9,VOTE Agent[10]
1,talk,94,6,15,Over
1,talk,95,6,4,Over
1,talk,96,6,3,VOTE Agent[10]
1,talk,97,6,7,Skip
1,talk,98,6,1,Over
1,talk,99,6,10,Over
1,talk,100,6,14,Over
1,talk,101,6,13,Over
1,talk,102,6,12,VOTE Agent[14]
1,talk,103,6,8,Skip
1,talk,104,6,6,VOTE Agent[12]
1,talk,105,7,7,Over
1,talk,106,7,11,Over
1,talk,107,7,14,Over
1,talk,108,7,12,VOTE Agent[14]
1,talk,109,7,13,Over
1,talk,110,7,4,Over
1,talk,111,7,15,Over
1,talk,112,7,2,Skip
1,talk,113,7,5,Over
1,talk,114,7,1,Over
1,talk,115,7,8,Over
1,talk,116,7,10,Over
1,talk,117,7,6,VOTE Agent[12]
1,talk,118,7,3,VOTE Agent[10]
1,talk,119,7,9,VOTE Agent[10]
1,talk,120,8,13,Over
1,talk,121,8,6,VOTE Agent[12]
1,talk,122,8,8,Over
1,talk,123,8,4,Over
1,talk,124,8,9,VOTE Agent[12]
1,talk,125,8,2,Skip
1,talk,126,8,5,VOTE Agent[14]
1,talk,127,8,1,Over
1,talk,128,8,3,VOTE Agent[12]
1,talk,129,8,10,Over
1,talk,130,8,11,Over
1,talk,131,8,12,VOTE Agent[14]
1,talk,132,8,7,Over
1,talk,133,8,14,Over
1,talk,134,8,15,Over
1,talk,135,9,7,Over
1,talk,136,9,8,Over
1,talk,137,9,11,Over
1,talk,138,9,10,Over
1,talk,139,9,12,VOTE Agent[14]
1,talk,140,9,15,Over
1,talk,141,9,13,Over
1,talk,142,9,1,Over
1,talk,143,9,2,Over
1,talk,144,9,14,Over
1,talk,145,9,3,Over
1,talk,146,9,9,Over
1,talk,147,9,6,Over
1,talk,148,9,5,Skip
1,talk,149,9,4,Over
1,talk,150,10,1,Over
1,talk,151,10,5,Skip
1,talk,152,10,13,Over
1,talk,153,10,8,Over
1,talk,154,10,3,Over
1,talk,155,10,9,Over
1,talk,156,10,2,Over
1,talk,157,10,10,Over
1,talk,158,10,14,Over
1,talk,159,10,15,Over
1,talk,160,10,12,Over
1,talk,161,10,6,Over
1,talk,162,10,4,Over
1,talk,163,10,11,Over
1,talk,164,10,7,Over
1,talk,165,11,12,Over
1,talk,166,11,9,Over
1,talk,167,11,3,Over
1,talk,168,11,4,Over
1,talk,169,11,6,Over
1,talk,170,11,15,Over
1,talk,171,11,7,Over
1,talk,172,11,8,Over
1,talk,173,11,13,Over
1,talk,174,11,1,Over
1,talk,175,11,14,Over
1,talk,176,11,11,Over
1,talk,177,11,10,Over
1,talk,178,11,5,Over
1,talk,179,11,2,Over
1,vote,1,14
1,vote,2,14
1,vote,3,12
1,vote,4,8
1,vote,5,14
1,vote,6,12
1,vote,7,8
1,vote,8,14
1,vote,9,12
1,vote,10,8
1,vote,11,8
1,vote,12,14
1,vote,13,4
1,vote,14,8
1,vote,15,5
1,vote,1,14
1,vote,2,14
1,vote,3,12
1,vote,4,8
1,vote,5,14
1,vote,6,12
1,vote,7,8
1,vote,8,14
1,vote,9,12
1,vote,10,8
1,vote,11,8
1,vote,12,14
1,vote,13,8
1,vote,14,8
1,vote,15,8
1,execute,8,WEREWOLF
1,divine,12,14,WEREWOLF
1,whisper,0,0,14,ATTACK Agent[12]
1,whisper,1,0,2,Skip
1,whisper,2,1,14,Skip
1,whisper,3,1,2,Skip
1,whisper,4,2,14,Skip
1,whisper,5,2,2,Over
1,whisper,6,3,14,Over
1,whisper,7,3,2,Over
1,guard,6,10,POSSESSED
1,attackVote,2,12
1,attackVote,14,12
1,attack,12,true
2,status,1,VILLAGER,ALIVE,TOKU3
2,status,2,WEREWOLF,ALIVE,Takeda1
2,status,3,VILLAGER,ALIVE,OKAMI
2,status,4,VILLAGER,ALIVE,sample_py
2,status,5,VILLAGER,ALIVE,Takeda9
2,status,6,BODYGUARD,ALIVE,HALU
2,status,7,VILLAGER,ALIVE,Tomato8
2,status,8,WEREWOLF,DEAD,Takeda10
2,status,9,VILLAGER,ALIVE,OKAMI
2,status,10,POSSESSED,ALIVE,sample_py
2,status,11,MEDIUM,ALIVE,sample_py
2,status,12,SEER,DEAD,Takeda0
2,status,13,VILLAGER,ALIVE,SampleJava4
2,status,14,WEREWOLF,ALIVE,Tomato13
2,status,15,VILLAGER,ALIVE,SampleJava7
2,talk,0,0,11,COMINGOUT Agent[11] MEDIUM
2,talk,1,0,13,VOTE Agent[11]
2,talk,2,0,7,VOTE Agent[11]
2,talk,3,0,4,VOTE Agent[09]
2,talk,4,0,15,VOTE Agent[07]
2,talk,5,0,14,DIVINED Agent[03] HUMAN
2,talk,6,0,2,VOTE Agent[04]
2,talk,7,0,1,VOTE Agent[14]
2,talk,8,0,3,VOTE Agent[14]
2,talk,9,0,9,VOTE Agent[14]
2,talk,10,0,5,VOTE Agent[14]
2,talk,11,0,6,VOTE Agent[10]
2,talk,12,0,10,DIVINED Agent[14] WEREWOLF
2,talk,13,1,10,VOTE Agent[14]
2,talk,14,1,7,VOTE Agent[14]
2,talk,15,1,3,COMINGOUT Agent[03] VILLAGER
2,talk,16,1,14,VOTE Agent[10]
2,talk,17,1,4,VOTE Agent[14]
2,talk,18,1,9,COMINGOUT Agent[09] VILLAGER
2,talk,19,1,13,REQUEST ANY (VOTE Agent[11])
2,talk,20,1,6,VOTE Agent[14]
2,talk,21,1,11,IDENTIFIED Agent[08] WEREWOLF
2,talk,22,1,5,Skip
2,talk,23,1,15,REQUEST ANY (VOTE Agent[07])
2,talk,24,1,1,Skip
2,talk,25,1,2,VOTE Agent[14]
2,talk,26,2,11,VOTE Agent[14]
2,talk,27,2,10,Skip
2,talk,28,2,4,Skip
2,talk,29,2,1,Skip
2,talk,30,2,15,Skip
2,talk,31,2,2,Skip
2,talk,32,2,5,Skip
2,talk,33,2,13,Skip
2,talk,34,2,3,VOTE Agent[10]
2,talk,35,2,14,VOTE Agent[11]
2,talk,36,2,6,VOTE Agent[14]
2,talk,37,2,7,Skip
2,talk,38,2,9,VOTE Agent[10]
2,talk,39,3,7,Skip
2,talk,40,3,10,Skip
2,talk,41,3,9,VOTE Agent[10]
2,talk,42,3,11,Skip
2,talk,43,3,5,Over
2,talk,44,3,13,Skip
2,talk,45,3,15,Skip
2,talk,46,3,1,Over
2,talk,47,3,2,Skip
2,talk,48,3,3,VOTE Agent[10]
2,talk,49,3,4,Skip
2,talk,50,3,6,VOTE Agent[14]
2,talk,51,3,14,Skip
2,talk,52,4,2,Over
2,talk,53,4,1,Over
2,talk,54,4,4,Over
2,talk,55,4,7,Over
2,talk,56,4,9,VOTE Agent[10]
2,talk,57,4,14,VOTE Agent[10]
2,talk,58,4,13,Over
2,talk,59,4,6,VOTE Agent[14]
2,talk,60,4,10,Over
2,talk,61,4,15,Over
2,talk,62,4,5,Over
2,talk,63,4,11,Skip
2,talk,64,4,3,VOTE Agent[10]
2,talk,65,5,10,Over
2,talk,66,5,6,VOTE Agent[14]
2,talk,67,5,13,Over
2,talk,68,5,3,VOTE Agent[10]
2,talk,69,5,14,VOTE Agent[11]
2,talk,70,5,2,Over
2,talk,71,5,9,VOTE Agent[10]
2,talk,72,5,5,Over
2,talk,73,5,4,Over
2,talk,74,5,7,Over
2,talk,75,5,15,Over
2,talk,76,5,11,Over
2,talk,77,5,1,Over
2,talk,78,6,3,VOTE Agent[10]
2,talk,79,6,1,Over
2,talk,80,6,13,Over
2,talk,81,6,5,Over
2,talk,82,6,14,VOTE Agent[10]
2,talk,83,6,15,Over
2,talk,84,6,9,VOTE Agent[10]
2,talk,85,6,2,Over
2,talk,86,6,10,Over
2,talk,87,6,4,Over
2,talk,88,6,11,Over
2,talk,89,6,7,Over
2,talk,90,6,6,VOTE Agent[14]
2,talk,91,7,13,Over
2,talk,92,7,7,Over
2,talk,93,7,1,Over
2,talk,94,7,14,Skip
2,talk,95,7,9,VOTE Agent[10]
2,talk,96,7,6,VOTE Agent[14]
2,talk,97,7,3,VOTE Agent[10]
2,talk,98,7,5,Over
2,talk,99,7,15,Over
2,talk,100,7,11,Over
2,talk,101,7,4,Over
2,talk,102,7,10,Over
2,talk,103,7,2,Over
2,talk,104,8,6,VOTE Agent[14]
2,talk,105,8,14,Skip
2,talk,106,8,2,Over
2,talk,107,8,11,Over
2,talk,108,8,10,Over
2,talk,109,8,3,VOTE Agent[10]
2,talk,110,8,7,Over
2,talk,111,8,4,Over
2,talk,112,8,5,Over
2,talk,113,8,13,Over
2,talk,114,8,9,VOTE Agent[10]
2,talk,115,8,15,Over
2,talk,116,8,1,Over
2,talk,117,9,7,Over
2,talk,118,9,3,Over
2,talk,119,9,15,Over
2,talk,120,9,4,Over
2,talk,121,9,11,Over
2,talk,122,9,9,Over
2,talk,123,9,10,Over
2,talk,124,9,2,Over
2,talk,125,9,14,Over
2,talk,126,9,5,Over
2,talk,127,9,1,Over
2,talk,128,9,6,Over
2,talk,129,9,13,Over
2,vote,1,14
2,vote,2,14
2,vote,3,10
2,vote,4,14
2,vote,5,14
2,vote,6,14
2,vote,7,14
2,vote,9,10
2,vote,10,14
2,vote,11,14
2,vote,13,7
2,vote,14,10
2,vote,15,11
2,execute,14,WEREWOLF
2,guard,6,11,MEDIUM
2,attackVote,2,3
2,attack,3,true
3,status,1,VILLAGER,ALIVE,TOKU3
3,status,2,WEREWOLF,ALIVE,Takeda1
3,status,3,VILLAGER,DEAD,OKAMI
3,status,4,VILLAGER,ALIVE,sample_py
3,status,5,VILLAGER,ALIVE,Takeda9
3,status,6,BODYGUARD,ALIVE,HALU
3,status,7,VILLAGER,ALIVE,Tomato8
3,status,8,WEREWOLF,DEAD,Takeda10
3,status,9,VILLAGER,ALIVE,OKAMI
3,status,10,POSSESSED,ALIVE,sample_py
3,status,11,MEDIUM,ALIVE,sample_py
3,status,12,SEER,DEAD,Takeda0
3,status,13,VILLAGER,ALIVE,SampleJava4
3,status,14,WEREWOLF,DEAD,Tomato13
3,status,15,VILLAGER,ALIVE,SampleJava7
3,talk,0,0,10,DIVINED Agent[04] WEREWOLF
3,talk,1,0,9,VOTE Agent[10]
3,talk,2,0,11,IDENTIFIED Agent[14] WEREWOLF
3,talk,3,0,1,VOTE Agent[07]
3,talk,4,0,6,VOTE Agent[15]
3,talk,5,0,5,VOTE Agent[07]
3,talk,6,0,4,VOTE Agent[10]
3,talk,7,0,15,VOTE Agent[02]
3,talk,8,0,13,VOTE Agent[01]
3,talk,9,0,2,VOTE Agent[07]
3,talk,10,0,7,VOTE Agent[02]
3,talk,11,1,4,Skip
3,talk,12,1,1,VOTE Agent[02]
3,talk,13,1,9,COMINGOUT Agent[09] VILLAGER
3,talk,14,1,7,VOTE Agent[10]
3,talk,15,1,2,Skip
3,talk,16,1,5,VOTE Agent[02]
3,talk,17,1,11,VOTE Agent[04]
3,talk,18,1,13,REQUEST ANY (VOTE Agent[01])
3,talk,19,1,15,REQUEST ANY (VOTE Agent[02])
3,talk,20,1,6,VOTE Agent[15]
3,talk,21,1,10,VOTE Agent[04]
3,talk,22,2,13,Skip
3,talk,23,2,7,Skip
3,talk,24,2,15,Skip
3,talk,25,2,10,Skip
3,talk,26,2,11,Skip
3,talk,27,2,9,VOTE Agent[15]
3,talk,28,2,6,VOTE Agent[15]
3,talk,29,2,5,VOTE Agent[07]
3,talk,30,2,1,VOTE Agent[07]
3,talk,31,2,2,Skip
3,talk,32,2,4,Skip
3,talk,33,3,13,Skip
3,talk,34,3,9,VOTE Agent[15]
3,talk,35,3,10,Skip
3,talk,36,3,11,Skip
3,talk,37,3,6,VOTE Agent[15]
3,talk,38,3,15,Skip
3,talk,39,3,7,Skip
3,talk,40,3,5,Skip
3,talk,41,3,1,Skip
3,talk,42,3,2,Over
3,talk,43,3,4,Over
3,talk,44,4,1,Skip
3,talk,45,4,15,Over
3,talk,46,4,11,Over
3,talk,47,4,5,Skip
3,talk,48,4,9,VOTE Agent[15]
3,talk,49,4,2,Over
3,talk,50,4,10,Over
3,talk,51,4,7,Over
3,talk,52,4,4,Over
3,talk,53,4,6,VOTE Agent[15]
3,talk,54,4,13,Over
3,talk,55,5,1,Over
3,talk,56,5,7,Over
3,talk,57,5,10,Over
3,talk,58,5,15,Over
3,talk,59,5,4,Over
3,talk,60,5,6,VOTE Agent[15]
3,talk,61,5,11,Over
3,talk,62,5,9,VOTE Agent[15]
3,talk,63,5,5,Over
3,talk,64,5,13,Over
3,talk,65,5,2,Over
3,talk,66,6,15,Over
3,talk,67,6,11,Over
3,talk,68,6,1,Over
3,talk,69,6,10,Over
3,talk,70,6,4,Over
3,talk,71,6,7,Over
3,talk,72,6,9,VOTE Agent[15]
3,talk,73,6,13,Over
3,talk,74,6,5,Over
3,talk,75,6,2,Over
3,talk,76,6,6,VOTE Agent[15]
3,talk,77,7,1,Over
3,talk,78,7,11,Over
3,talk,79,7,5,Over
3,talk,80,7,6,VOTE Agent[15]
3,talk,81,7,4,Over
3,talk,82,7,13,Over
3,talk,83,7,2,Over
3,talk,84,7,15,Over
3,talk,85,7,10,Over
3,talk,86,7,7,Over
3,talk,87,7,9,VOTE Agent[15]
3,talk,88,8,13,Over
3,talk,89,8,11,Over
3,talk,90,8,1,Over
3,talk,91,8,9,VOTE Agent[15]
3,talk,92,8,5,Over
3,talk,93,8,10,Over
3,talk,94,8,15,Over
3,talk,95,8,7,Over
3,talk,96,8,6,VOTE Agent[15]
3,talk,97,8,4,Over
3,talk,98,8,2,Over
3,talk,99,9,13,Over
3,talk,100,9,1,Over
3,talk,101,9,11,Over
3,talk,102,9,15,Over
3,talk,103,9,7,Over
3,talk,104,9,2,Over
3,talk,105,9,6,Over
3,talk,106,9,5,Over
3,talk,107,9,4,Over
3,talk,108,9,9,Over
3,talk,109,9,10,Over
3,vote,1,7
3,vote,2,7
3,vote,4,10
3,vote,5,7
3,vote,6,15
3,vote,7,10
3,vote,9,15
3,vote,10,4
3,vote,11,4
3,vote,13,2
3,vote,15,1
3,execute,7,VILLAGER
3,guard,6,11,MEDIUM
3,attackVote,2,5
3,attack,5,true
4,status,1,VILLAGER,ALIVE,TOKU3
4,status,2,WEREWOLF,ALIVE,Takeda1
4,status,3,VILLAGER,DEAD,OKAMI
4,status,4,VILLAGER,ALIVE,sample_py
4,status,5,VILLAGER,DEAD,Takeda9
4,status,6,BODYGUARD,ALIVE,HALU
4,status,7,VILLAGER,DEAD,Tomato8
4,status,8,WEREWOLF,DEAD,Takeda10
4,status,9,VILLAGER,ALIVE,OKAMI
4,status,10,POSSESSED,ALIVE,sample_py
4,status,11,MEDIUM,ALIVE,sample_py
4,status,12,SEER,DEAD,Takeda0
4,status,13,VILLAGER,ALIVE,SampleJava4
4,status,14,WEREWOLF,DEAD,Tomato13
4,status,15,VILLAGER,ALIVE,SampleJava7
4,talk,0,0,15,VOTE Agent[06]
4,talk,1,0,4,VOTE Agent[10]
4,talk,2,0,1,VOTE Agent[02]
4,talk,3,0,2,VOTE Agent[01]
4,talk,4,0,11,IDENTIFIED Agent[07] HUMAN
4,talk,5,0,6,VOTE Agent[15]
4,talk,6,0,9,VOTE Agent[15]
4,talk,7,0,13,VOTE Agent[10]
4,talk,8,0,10,DIVINED Agent[09] HUMAN
4,talk,9,1,10,VOTE Agent[04]
4,talk,10,1,4,Skip
4,talk,11,1,11,VOTE Agent[04]
4,talk,12,1,9,COMINGOUT Agent[09] VILLAGER
4,talk,13,1,2,Skip
4,talk,14,1,15,REQUEST ANY (VOTE Agent[06])
4,talk,15,1,1,Skip
4,talk,16,1,13,REQUEST ANY (VOTE Agent[10])
4,talk,17,1,6,VOTE Agent[15]
4,talk,18,2,4,Skip
4,talk,19,2,6,VOTE Agent[15]
4,talk,20,2,13,Skip
4,talk,21,2,11,Skip
4,talk,22,2,9,VOTE Agent[15]
4,talk,23,2,2,Skip
4,talk,24,2,15,Skip
4,talk,25,2,10,Skip
4,talk,26,2,1,Skip
4,talk,27,3,2,Over
4,talk,28,3,4,Over
4,talk,29,3,9,VOTE Agent[15]
4,talk,30,3,13,Skip
4,talk,31,3,6,VOTE Agent[15]
4,talk,32,3,15,Skip
4,talk,33,3,11,Skip
4,talk,34,3,10,Skip
4,talk,35,3,1,Over
4,talk,36,4,13,Over
4,talk,37,4,1,Over
4,talk,38,4,10,Over
4,talk,39,4,11,Over
4,talk,40,4,4,Over
4,talk,41,4,15,Over
4,talk,42,4,6,VOTE Agent[15]
4,talk,43,4,2,Over
4,talk,44,4,9,VOTE Agent[15]
4,talk,45,5,11,Over
4,talk,46,5,4,Over
4,talk,47,5,10,Over
4,talk,48,5,9,VOTE Agent[15]
4,talk,49,5,6,VOTE Agent[15]
4,talk,50,5,13,Over
4,talk,51,5,2,Over
4,talk,52,5,1,Over
4,talk,53,5,15,Over
4,talk,54,6,11,Over
4,talk,55,6,9,VOTE Agent[15]
4,talk,56,6,6,VOTE Agent[15]
4,talk,57,6,10,Over
4,talk,58,6,15,Over
4,talk,59,6,4,Over
4,talk,60,6,2,Over
4,talk,61,6,1,Over
4,talk,62,6,13,Over
4,talk,63,7,13,Over
4,talk,64,7,10,Over
4,talk,65,7,9,VOTE Agent[15]
4,talk,66,7,15,Over
4,talk,67,7,11,Over
4,talk,68,7,2,Over
4,talk,69,7,1,Over
4,talk,70,7,6,VOTE Agent[15]
4,talk,71,7,4,Over
4,talk,72,8,11,Over
4,talk,73,8,9,VOTE Agent[15]
4,talk,74,8,2,Over
4,talk,75,8,13,Over
4,talk,76,8,4,Over
4,talk,77,8,6,VOTE Agent[15]
4,talk,78,8,10,Over
4,talk,79,8,15,Over
4,talk,80,8,1,Over
4,talk,81,9,9,Over
4,talk,82,9,11,Over
4,talk,83,9,10,Over
4,talk,84,9,2,Over
4,talk,85,9,4,Over
4,talk,86,9,15,Over
4,talk,87,9,13,Over
4,talk,88,9,6,Over
4,talk,89,9,1,Over
4,vote,1,2
4,vote,2,1
4,vote,4,10
4,vote,6,15
4,vote,9,15
4,vote,10,4
4,vote,11,4
4,vote,13,6
4,vote,15,10
4,vote,1,2
4,vote,2,1
4,vote,4,10
4,vote,6,15
4,vote,9,15
4,vote,10,4
4,vote,11,4
4,vote,13,4
4,vote,15,4
4,execute,4,VILLAGER
4,guard,6,11,MEDIUM
4,attackVote,2,11
4,attack,11,false
5,status,1,VILLAGER,ALIVE,TOKU3
5,status,2,WEREWOLF,ALIVE,Takeda1
5,status,3,VILLAGER,DEAD,OKAMI
5,status,4,VILLAGER,DEAD,sample_py
5,status,5,VILLAGER,DEAD,Takeda9
5,status,6,BODYGUARD,ALIVE,HALU
5,status,7,VILLAGER,DEAD,Tomato8
5,status,8,WEREWOLF,DEAD,Takeda10
5,status,9,VILLAGER,ALIVE,OKAMI
5,status,10,POSSESSED,ALIVE,sample_py
5,status,11,MEDIUM,ALIVE,sample_py
5,status,12,SEER,DEAD,Takeda0
5,status,13,VILLAGER,ALIVE,SampleJava4
5,status,14,WEREWOLF,DEAD,Tomato13
5,status,15,VILLAGER,ALIVE,SampleJava7
5,talk,0,0,6,VOTE Agent[15]
5,talk,1,0,13,VOTE Agent[06]
5,talk,2,0,11,IDENTIFIED Agent[04] HUMAN
5,talk,3,0,2,VOTE Agent[01]
5,talk,4,0,10,DIVINED Agent[13] HUMAN
5,talk,5,0,15,VOTE Agent[06]
5,talk,6,0,9,VOTE Agent[15]
5,talk,7,0,1,VOTE Agent[02]
5,talk,8,1,13,REQUEST ANY (VOTE Agent[06])
5,talk,9,1,1,Skip
5,talk,10,1,15,REQUEST ANY (VOTE Agent[06])
5,talk,11,1,2,Skip
5,talk,12,1,10,VOTE Agent[02]
5,talk,13,1,9,COMINGOUT Agent[09] VILLAGER
5,talk,14,1,11,VOTE Agent[13]
5,talk,15,1,6,VOTE Agent[15]
5,talk,16,2,10,Skip
5,talk,17,2,13,Skip
5,talk,18,2,1,Skip
5,talk,19,2,11,Skip
5,talk,20,2,6,VOTE Agent[15]
5,talk,21,2,9,VOTE Agent[15]
5,talk,22,2,15,Skip
5,talk,23,2,2,Skip
5,talk,24,3,13,Skip
5,talk,25,3,11,Skip
5,talk,26,3,15,Skip
5,talk,27,3,1,Over
5,talk,28,3,10,Skip
5,talk,29,3,6,VOTE Agent[15]
5,talk,30,3,9,VOTE Agent[15]
5,talk,31,3,2,Over
5,talk,32,4,11,Over
5,talk,33,4,15,Over
5,talk,34,4,1,Over
5,talk,35,4,13,Over
5,talk,36,4,9,VOTE Agent[15]
5,talk,37,4,2,Over
5,talk,38,4,10,Over
5,talk,39,4,6,VOTE Agent[15]
5,talk,40,5,9,VOTE Agent[15]
5,talk,41,5,10,Over
5,talk,42,5,11,Over
5,talk,43,5,1,Over
5,talk,44,5,13,Over
5,talk,45,5,15,Over
5,talk,46,5,2,Over
5,talk,47,5,6,VOTE Agent[15]
5,talk,48,6,1,Over
5,talk,49,6,13,Over
5,talk,50,6,2,Over
5,talk,51,6,9,VOTE Agent[15]
5,talk,52,6,11,Over
5,talk,53,6,10,Over
5,talk,54,6,6,VOTE Agent[15]
5,talk,55,6,15,Over
5,talk,56,7,15,Over
5,talk,57,7,6,VOTE Agent[15]
5,talk,58,7,13,Over
5,talk,59,7,11,Over
5,talk,60,7,9,VOTE Agent[15]
5,talk,61,7,1,Over
5,talk,62,7,2,Over
5,talk,63,7,10,Over
5,talk,64,8,6,VOTE Agent[15]
5,talk,65,8,10,Over
5,talk,66,8,13,Over
5,talk,67,8,2,Over
5,talk,68,8,1,Over
5,talk,69,8,9,VOTE Agent[15]
5,talk,70,8,15,Over
5,talk,71,8,11,Over
5,talk,72,9,11,Over
5,talk,73,9,2,Over
5,talk,74,9,13,Over
5,talk,75,9,6,Over
5,talk,76,9,1,Over
5,talk,77,9,9,Over
5,talk,78,9,15,Over
5,talk,79,9,10,Over
5,vote,1,2
5,vote,2,1
5,vote,6,15
5,vote,9,15
5,vote,10,2
5,vote,11,13
5,vote,13,6
5,vote,15,6
5,vote,1,2
5,vote,2,1
5,vote,6,15
5,vote,9,15
5,vote,10,2
5,vote,11,13
5,vote,13,2
5,vote,15,2
5,execute,2,WEREWOLF
5,guard,6,11,MEDIUM
6,status,1,VILLAGER,ALIVE,TOKU3
6,status,2,WEREWOLF,DEAD,Takeda1
6,status,3,VILLAGER,DEAD,OKAMI
6,status,4,VILLAGER,DEAD,sample_py
6,status,5,VILLAGER,DEAD,Takeda9
6,status,6,BODYGUARD,ALIVE,HALU
6,status,7,VILLAGER,DEAD,Tomato8
6,status,8,WEREWOLF,DEAD,Takeda10
6,status,9,VILLAGER,ALIVE,OKAMI
6,status,10,POSSESSED,ALIVE,sample_py
6,status,11,MEDIUM,ALIVE,sample_py
6,status,12,SEER,DEAD,Takeda0
6,status,13,VILLAGER,ALIVE,SampleJava4
6,status,14,WEREWOLF,DEAD,Tomato13
6,status,15,VILLAGER,ALIVE,SampleJava7
6,result,7,0,VILLAGER
