0,status,1,WEREWOLF,ALIVE,SampleJava14
0,status,2,VILLAGER,ALIVE,Tomato10
0,status,3,POSSESSED,ALIVE,HALU
0,status,4,VILLAGER,ALIVE,Tomato7
0,status,5,VILLAGER,ALIVE,Takeda8
0,status,6,VILLAGER,ALIVE,sample_py
0,status,7,WEREWOLF,ALIVE,TOKU9
0,status,8,WEREWOLF,ALIVE,Tomato13
0,status,9,MEDIUM,ALIVE,SampleJava12
0,status,10,VILLAGER,ALIVE,Tomato6
0,status,11,VILLAGER,ALIVE,SampleJava3
0,status,12,VILLAGER,ALIVE,OKAMI
0,status,13,SEER,ALIVE,SampleJava0
0,status,14,VILLAGER,ALIVE,SampleJava1
0,status,15,BODYGUARD,ALIVE,TOKU4
0,whisper,0,0,8,COMINGOUT Agent[08] VILLAGER
0,whisper,1,0,1,COMINGOUT Agent[01] MEDIUM
0,whisper,2,0,7,Skip
0,whisper,3,1,1,Skip
0,whisper,4,1,8,COMINGOUT Agent[08] SEER
0,whisper,5,1,7,Skip
0,whisper,6,2,1,Skip
0,whisper,7,2,7,Over
0,whisper,8,2,8,Skip
0,whisper,9,3,8,Skip
0,whisper,10,3,1,Over
0,whisper,11,3,7,Over
0,whisper,12,4,1,Over
0,whisper,13,4,8,Over
0,whisper,14,4,7,Over
0,divine,13,11,HUMAN
1,status,1,WEREWOLF,ALIVE,SampleJava14
1,status,2,VILLAGER,ALIVE,Tomato10
1,status,3,POSSESSED,ALIVE,HALU
1,status,4,VILLAGER,ALIVE,Tomato7
1,status,5,VILLAGER,ALIVE,Takeda8
1,status,6,VILLAGER,ALIVE,sample_py
1,status,7,WEREWOLF,ALIVE,TOKU9
1,status,8,WEREWOLF,ALIVE,Tomato13
1,status,9,MEDIUM,ALIVE,SampleJava12
1,status,10,VILLAGER,ALIVE,Tomato6
1,status,11,VILLAGER,ALIVE,SampleJava3
1,status,12,VILLAGER,ALIVE,OKAMI
1,status,13,SEER,ALIVE,SampleJava0
1,status,14,VILLAGER,ALIVE,SampleJava1
1,status,15,BODYGUARD,ALIVE,TOKU4
1,talk,0,0,10,VOTE Agent[03]
1,talk,1,0,7,VOTE Agent[03]
1,talk,2,0,5,VOTE Agent[03]
1,talk,3,0,9,VOTE Agent[11]
1,talk,4,0,12,VOTE Agent[11]
1,talk,5,0,6,VOTE Agent[05]
1,talk,6,0,3,COMINGOUT Agent[03] SEER
1,talk,7,0,15,VOTE Agent[03]
1,talk,8,0,1,COMINGOUT Agent[01] MEDIUM
1,talk,9,0,2,VOTE Agent[03]
1,talk,10,0,8,COMINGOUT Agent[08] SEER
1,talk,11,0,11,VOTE Agent[08]
1,talk,12,0,14,VOTE Agent[04]
1,talk,13,0,13,COMINGOUT Agent[13] SEER
1,talk,14,0,4,VOTE Agent[03]
1,talk,15,1,4,Skip
1,talk,16,1,8,DIVINED Agent[11] HUMAN
1,talk,17,1,14,REQUEST ANY (VOTE Agent[04])
1,talk,18,1,11,REQUEST ANY (VOTE Agent[08])
1,talk,19,1,12,COMINGOUT Agent[12] VILLAGER
1,talk,20,1,2,Skip
1,talk,21,1,15,VOTE Agent[08]
1,talk,22,1,6,Skip
1,talk,23,1,1,VOTE Agent[04]
1,talk,24,1,5,VOTE Agent[08]
1,talk,25,1,3,DIVINED Agent[08] WEREWOLF
1,talk,26,1,9,REQUEST ANY (VOTE Agent[11])
1,talk,27,1,10,VOTE Agent[08]
1,talk,28,1,13,DAY 1 (DIVINED Agent[11] HUMAN)
1,talk,29,1,7,Skip
1,talk,30,2,10,Skip
1,talk,31,2,13,DIVINED Agent[11] HUMAN
1,talk,32,2,6,VOTE Agent[08]
1,talk,33,2,12,VOTE Agent[03]
1,talk,34,2,14,Skip
1,talk,35,2,7,VOTE Agent[13]
1,talk,36,2,11,Skip
1,talk,37,2,1,REQUEST ANY (VOTE Agent[04])
1,talk,38,2,9,COMINGOUT Agent[09] MEDIUM
1,talk,39,2,4,VOTE Agent[08]
1,talk,40,2,8,VOTE Agent[03]
1,talk,41,2,2,VOTE Agent[08]
1,talk,42,2,3,VOTE Agent[01]
1,talk,43,2,5,VOTE Agent[09]
1,talk,44,2,15,Skip
1,talk,45,3,6,Skip
1,talk,46,3,5,Skip
1,talk,47,3,3,VOTE Agent[09]
1,talk,48,3,4,Skip
1,talk,49,3,2,Skip
1,talk,50,3,12,VOTE Agent[13]
1,talk,51,3,8,VOTE Agent[13]
1,talk,52,3,13,BECAUSE (AND (COMINGOUT Agent[13] SEER) (Agent[03] COMINGOUT Agent[03] SEER)) (XOR (ESTIMATE Agent[03] WEREWOLF) (ESTIMATE Agent[03] POSSESSED))
1,talk,53,3,10,Skip
1,talk,54,3,1,Skip
1,talk,55,3,15,Skip
1,talk,56,3,11,Skip
1,talk,57,3,14,Skip
1,talk,58,3,7,VOTE Agent[09]
1,talk,59,3,9,BECAUSE (AND (COMINGOUT Agent[09] MEDIUM) (Agent[01] COMINGOUT Agent[01] MEDIUM)) (XOR (ESTIMATE Agent[01] WEREWOLF) (ESTIMATE Agent[01] POSSESSED))
1,talk,60,4,1,Skip
1,talk,61,4,11,Over
1,talk,62,4,10,Over
1,talk,63,4,13,BECAUSE (XOR (ESTIMATE Agent[03] WEREWOLF) (ESTIMATE Agent[03] POSSESSED)) (AND (VOTE Agent[03]) (REQUEST ANY (VOTE Agent[03])))
1,talk,64,4,7,Skip
1,talk,65,4,12,VOTE Agent[13]
1,talk,66,4,6,Skip
1,talk,67,4,5,VOTE Agent[08]
1,talk,68,4,9,BECAUSE (XOR (ESTIMATE Agent[01] WEREWOLF) (ESTIMATE Agent[01] POSSESSED)) (AND (VOTE Agent[01]) (REQUEST ANY (VOTE Agent[01])))
1,talk,69,4,2,Skip
1,talk,70,4,15,Over
1,talk,71,4,8,Skip
1,talk,72,4,3,VOTE Agent[09]
1,talk,73,4,14,Over
1,talk,74,4,4,Skip
1,talk,75,5,11,Over
1,talk,76,5,12,VOTE Agent[03]
1,talk,77,5,10,Over
1,talk,78,5,5,Skip
1,talk,79,5,7,Skip
1,talk,80,5,8,VOTE Agent[09]
1,talk,81,5,4,Over
1,talk,82,5,9,VOTE Agent[01]
1,talk,83,5,2,Over
1,talk,84,5,15,Over
1,talk,85,5,3,VOTE Agent[09]
1,talk,86,5,13,VOTE Agent[03]
1,talk,87,5,14,Over
1,talk,88,5,1,Over
1,talk,89,5,6,Over
1,talk,90,6,3,VOTE Agent[09]
1,talk,91,6,10,Over
1,talk,92,6,9,REQUEST ANY (VOTE Agent[01])
1,talk,93,6,2,Over
1,talk,94,6,12,VOTE Agent[03]
1,talk,95,6,6,Over
1,talk,96,6,15,Over
1,talk,97,6,13,REQUEST ANY (VOTE Agent[03])
1,talk,98,6,4,Over
1,talk,99,6,11,Over
1,talk,100,6,7,Over
1,talk,101,6,5,Skip
1,talk,102,6,1,Over
1,talk,103,6,14,Over
1,talk,104,6,8,Skip
1,talk,105,7,8,Skip
1,talk,106,7,5,Over
1,talk,107,7,11,Over
1,talk,108,7,7,Over
1,talk,109,7,2,Over
1,talk,110,7,10,Over
1,talk,111,7,6,Over
1,talk,112,7,4,Over
1,talk,113,7,1,Over
1,talk,114,7,9,Skip
1,talk,115,7,3,VOTE Agent[09]
1,talk,116,7,14,Over
1,talk,117,7,15,Over
1,talk,118,7,13,Skip
1,talk,119,7,12,VOTE Agent[03]
1,talk,120,8,1,Over
1,talk,121,8,4,Over
1,talk,122,8,5,Over
1,talk,123,8,15,Over
1,talk,124,8,13,Skip
1,talk,125,8,14,Over
1,talk,126,8,6,Over
1,talk,127,8,3,VOTE Agent[09]
1,talk,128,8,2,Over
1,talk,129,8,8,Over
1,talk,130,8,11,Over
1,talk,131,8,10,Over
1,talk,132,8,12,VOTE Agent[03]
1,talk,133,8,7,Over
1,talk,134,8,9,Skip
1,talk,135,9,15,Over
1,talk,136,9,11,Over
1,talk,137,9,4,Over
1,talk,138,9,12,Over
1,talk,139,9,3,Over
1,talk,140,9,8,Over
1,talk,141,9,6,Over
1,talk,142,9,13,Over
1,talk,143,9,5,Over
1,talk,144,9,10,Over
1,talk,145,9,14,Over
1,talk,146,9,2,Over
1,talk,147,9,1,Over
1,talk,148,9,7,Over
1,talk,149,9,9,Over
1,vote,1,4
1,vote,2,8
1,vote,3,9
1,vote,4,8
1,vote,5,8
1,vote,6,8
1,vote,7,8
1,vote,8,9
1,vote,9,1
1,vote,10,8
1,vote,11,4
1,vote,12,3
1,vote,13,3
1,vote,14,8
1,vote,15,8
1,execute,8,WEREWOLF
1,divine,13,3,HUMAN
1,whisper,0,0,7,Skip
1,whisper,1,0,1,ATTACK Agent[03]
1,whisper,2,1,1,Skip
1,whisper,3,1,7,Skip
1,whisper,4,2,1,Skip
1,whisper,5,2,7,Over
1,whisper,6,3,7,Over
1,whisper,7,3,1,Over
1,guard,15,13,SEER
1,attackVote,1,3
1,attackVote,7,13
1,attackVote,1,3
1,attackVote,7,13
1,attack,3,true
2,status,1,WEREWOLF,ALIVE,SampleJava14
2,status,2,VILLAGER,ALIVE,Tomato10
2,status,3,POSSESSED,DEAD,HALU
2,status,4,VILLAGER,ALIVE,Tomato7
2,status,5,VILLAGER,ALIVE,Takeda8
2,status,6,VILLAGER,ALIVE,sample_py
2,status,7,WEREWOLF,ALIVE,TOKU9
2,status,8,WEREWOLF,DEAD,Tomato13
2,status,9,MEDIUM,ALIVE,SampleJava12
2,status,10,VILLAGER,ALIVE,Tomato6
2,status,11,VILLAGER,ALIVE,SampleJava3
2,status,12,VILLAGER,ALIVE,OKAMI
2,status,13,SEER,ALIVE,SampleJava0
2,status,14,VILLAGER,ALIVE,SampleJava1
2,status,15,BODYGUARD,ALIVE,TOKU4
2,talk,0,0,9,DAY 2 (IDENTIFIED Agent[08] WEREWOLF)
2,talk,1,0,6,VOTE Agent[10]
2,talk,2,0,4,VOTE Agent[10]
2,talk,3,0,11,VOTE Agent[06]
2,talk,4,0,14,VOTE Agent[07]
2,talk,5,0,1,DAY 2 (IDENTIFIED Agent[08] HUMAN)
2,talk,6,0,15,VOTE Agent[09]
2,talk,7,0,5,VOTE Agent[09]
2,talk,8,0,7,VOTE Agent[09]
2,talk,9,0,2,VOTE Agent[09]
2,talk,10,0,10,VOTE Agent[09]
2,talk,11,0,12,VOTE Agent[13]
2,talk,12,0,13,DAY 2 (DIVINED Agent[03] HUMAN)
2,talk,13,1,4,VOTE Agent[09]
2,talk,14,1,5,Skip
2,talk,15,1,15,Skip
2,talk,16,1,10,Skip
2,talk,17,1,6,Skip
2,talk,18,1,13,DIVINED Agent[03] HUMAN
2,talk,19,1,14,REQUEST ANY (VOTE Agent[07])
2,talk,20,1,2,Skip
2,talk,21,1,7,Skip
2,talk,22,1,1,IDENTIFIED Agent[08] HUMAN
2,talk,23,1,11,REQUEST ANY (VOTE Agent[06])
2,talk,24,1,12,COMINGOUT Agent[12] VILLAGER
2,talk,25,1,9,IDENTIFIED Agent[08] WEREWOLF
2,talk,26,2,13,VOTE Agent[02]
2,talk,27,2,1,VOTE Agent[03]
2,talk,28,2,14,Skip
2,talk,29,2,11,Skip
2,talk,30,2,10,Skip
2,talk,31,2,12,VOTE Agent[13]
2,talk,32,2,9,BECAUSE (AND (COMINGOUT Agent[09] MEDIUM) (Agent[01] COMINGOUT Agent[01] MEDIUM)) (XOR (ESTIMATE Agent[01] WEREWOLF) (ESTIMATE Agent[01] POSSESSED))
2,talk,33,2,15,VOTE Agent[01]
2,talk,34,2,4,Skip
2,talk,35,2,5,VOTE Agent[01]
2,talk,36,2,2,Skip
2,talk,37,2,7,VOTE Agent[01]
2,talk,38,2,6,Skip
2,talk,39,3,5,Skip
2,talk,40,3,2,VOTE Agent[01]
2,talk,41,3,10,VOTE Agent[01]
2,talk,42,3,1,REQUEST ANY (VOTE Agent[03])
2,talk,43,3,7,Skip
2,talk,44,3,15,Skip
2,talk,45,3,11,Skip
2,talk,46,3,12,VOTE Agent[13]
2,talk,47,3,9,BECAUSE (XOR (ESTIMATE Agent[01] WEREWOLF) (ESTIMATE Agent[01] POSSESSED)) (AND (VOTE Agent[01]) (REQUEST ANY (VOTE Agent[01])))
2,talk,48,3,6,Over
2,talk,49,3,4,VOTE Agent[01]
2,talk,50,3,14,Skip
2,talk,51,3,13,REQUEST ANY (VOTE Agent[02])
2,talk,52,4,7,Skip
2,talk,53,4,13,Skip
2,talk,54,4,10,Skip
2,talk,55,4,12,VOTE Agent[13]
2,talk,56,4,15,Skip
2,talk,57,4,4,Skip
2,talk,58,4,5,Skip
2,talk,59,4,11,Over
2,talk,60,4,14,Over
2,talk,61,4,1,Skip
2,talk,62,4,2,Skip
2,talk,63,4,9,VOTE Agent[01]
2,talk,64,4,6,Over
2,talk,65,5,6,Over
2,talk,66,5,10,Skip
2,talk,67,5,1,Skip
2,talk,68,5,12,VOTE Agent[13]
2,talk,69,5,2,Skip
2,talk,70,5,5,Over
2,talk,71,5,9,REQUEST ANY (VOTE Agent[01])
2,talk,72,5,11,Over
2,talk,73,5,14,Over
2,talk,74,5,13,Skip
2,talk,75,5,4,Skip
2,talk,76,5,7,Over
2,talk,77,5,15,Over
2,talk,78,6,12,VOTE Agent[13]
2,talk,79,6,6,Over
2,talk,80,6,2,Over
2,talk,81,6,4,Over
2,talk,82,6,7,Over
2,talk,83,6,11,Over
2,talk,84,6,14,Over
2,talk,85,6,1,Over
2,talk,86,6,5,Over
2,talk,87,6,13,Over
2,talk,88,6,15,Over
2,talk,89,6,10,Over
2,talk,90,6,9,Skip
2,talk,91,7,15,Over
2,talk,92,7,5,Over
2,talk,93,7,11,Over
2,talk,94,7,6,Over
2,talk,95,7,10,Over
2,talk,96,7,14,Over
2,talk,97,7,13,Over
2,talk,98,7,4,Over
2,talk,99,7,7,Over
2,talk,100,7,9,Skip
2,talk,101,7,12,VOTE Agent[13]
2,talk,102,7,2,Over
2,talk,103,7,1,Over
2,talk,104,8,15,Over
2,talk,105,8,7,Over
2,talk,106,8,13,Over
2,talk,107,8,12,VOTE Agent[13]
2,talk,108,8,6,Over
2,talk,109,8,9,Over
2,talk,110,8,2,Over
2,talk,111,8,14,Over
2,talk,112,8,4,Over
2,talk,113,8,1,Over
2,talk,114,8,5,Over
2,talk,115,8,10,Over
2,talk,116,8,11,Over
2,talk,117,9,4,Over
2,talk,118,9,11,Over
2,talk,119,9,7,Over
2,talk,120,9,12,Over
2,talk,121,9,5,Over
2,talk,122,9,10,Over
2,talk,123,9,9,Over
2,talk,124,9,6,Over
2,talk,125,9,14,Over
2,talk,126,9,15,Over
2,talk,127,9,13,Over
2,talk,128,9,2,Over
2,talk,129,9,1,Over
2,vote,1,12
2,vote,2,1
2,vote,4,1
2,vote,5,1
2,vote,6,10
2,vote,7,1
2,vote,9,1
2,vote,10,1
2,vote,11,1
2,vote,12,13
2,vote,13,6
2,vote,14,1
2,vote,15,1
2,execute,1,WEREWOLF
2,divine,13,9,HUMAN
2,guard,15,13,SEER
2,attackVote,7,13
2,attack,13,false
3,status,1,WEREWOLF,DEAD,SampleJava14
3,status,2,VILLAGER,ALIVE,Tomato10
3,status,3,POSSESSED,DEAD,HALU
3,status,4,VILLAGER,ALIVE,Tomato7
3,status,5,VILLAGER,ALIVE,Takeda8
3,status,6,VILLAGER,ALIVE,sample_py
3,status,7,WEREWOLF,ALIVE,TOKU9
3,status,8,WEREWOLF,DEAD,Tomato13
3,status,9,MEDIUM,ALIVE,SampleJava12
3,status,10,VILLAGER,ALIVE,Tomato6
3,status,11,VILLAGER,ALIVE,SampleJava3
3,status,12,VILLAGER,ALIVE,OKAMI
3,status,13,SEER,ALIVE,SampleJava0
3,status,14,VILLAGER,ALIVE,SampleJava1
3,status,15,BODYGUARD,ALIVE,TOKU4
3,talk,0,0,9,DAY 3 (IDENTIFIED Agent[01] WEREWOLF)
3,talk,1,0,15,VOTE Agent[05]
3,talk,2,0,2,VOTE Agent[13]
3,talk,3,0,6,VOTE Agent[04]
3,talk,4,0,4,VOTE Agent[13]
3,talk,5,0,13,DAY 3 (DIVINED Agent[09] HUMAN)
3,talk,6,0,10,VOTE Agent[13]
3,talk,7,0,11,VOTE Agent[09]
3,talk,8,0,5,VOTE Agent[02]
3,talk,9,0,7,VOTE Agent[02]
3,talk,10,0,14,VOTE Agent[09]
3,talk,11,0,12,VOTE Agent[13]
3,talk,12,1,4,Skip
3,talk,13,1,12,COMINGOUT Agent[12] VILLAGER
3,talk,14,1,5,Skip
3,talk,15,1,11,REQUEST ANY (VOTE Agent[09])
3,talk,16,1,14,REQUEST ANY (VOTE Agent[09])
3,talk,17,1,7,VOTE Agent[05]
3,talk,18,1,15,Skip
3,talk,19,1,6,Skip
3,talk,20,1,2,Skip
3,talk,21,1,10,Skip
3,talk,22,1,13,DIVINED Agent[09] HUMAN
3,talk,23,1,9,IDENTIFIED Agent[01] WEREWOLF
3,talk,24,2,2,Skip
3,talk,25,2,10,Skip
3,talk,26,2,7,Skip
3,talk,27,2,4,Skip
3,talk,28,2,13,VOTE Agent[15]
3,talk,29,2,5,VOTE Agent[07]
3,talk,30,2,9,VOTE Agent[02]
3,talk,31,2,12,VOTE Agent[13]
3,talk,32,2,15,VOTE Agent[06]
3,talk,33,2,14,Skip
3,talk,34,2,6,Skip
3,talk,35,2,11,Skip
3,talk,36,3,4,Over
3,talk,37,3,14,Skip
3,talk,38,3,5,Skip
3,talk,39,3,10,Over
3,talk,40,3,6,Over
3,talk,41,3,12,VOTE Agent[13]
3,talk,42,3,11,Skip
3,talk,43,3,2,Over
3,talk,44,3,13,REQUEST ANY (VOTE Agent[15])
3,talk,45,3,15,VOTE Agent[05]
3,talk,46,3,9,REQUEST ANY (VOTE Agent[02])
3,talk,47,3,7,Skip
3,talk,48,4,6,Over
3,talk,49,4,14,Over
3,talk,50,4,12,VOTE Agent[13]
3,talk,51,4,7,Over
3,talk,52,4,11,Over
3,talk,53,4,9,Skip
3,talk,54,4,13,Skip
3,talk,55,4,2,Over
3,talk,56,4,15,Skip
3,talk,57,4,10,Over
3,talk,58,4,4,Over
3,talk,59,4,5,Skip
3,talk,60,5,7,Over
3,talk,61,5,14,Over
3,talk,62,5,12,VOTE Agent[13]
3,talk,63,5,10,Over
3,talk,64,5,5,Over
3,talk,65,5,2,Over
3,talk,66,5,9,Skip
3,talk,67,5,4,Over
3,talk,68,5,6,Over
3,talk,69,5,15,Skip
3,talk,70,5,11,Over
3,talk,71,5,13,Skip
3,talk,72,6,15,Over
3,talk,73,6,11,Over
3,talk,74,6,10,Over
3,talk,75,6,9,Over
3,talk,76,6,5,Over
3,talk,77,6,12,VOTE Agent[13]
3,talk,78,6,14,Over
3,talk,79,6,13,Over
3,talk,80,6,4,Over
3,talk,81,6,2,Over
3,talk,82,6,6,Over
3,talk,83,6,7,Over
3,talk,84,7,7,Over
3,talk,85,7,11,Over
3,talk,86,7,15,Over
3,talk,87,7,4,Over
3,talk,88,7,6,Over
3,talk,89,7,14,Over
3,talk,90,7,9,Over
3,talk,91,7,10,Over
3,talk,92,7,2,Over
3,talk,93,7,12,VOTE Agent[13]
3,talk,94,7,13,Over
3,talk,95,7,5,Over
3,talk,96,8,9,Over
3,talk,97,8,7,Over
3,talk,98,8,13,Over
3,talk,99,8,14,Over
3,talk,100,8,4,Over
3,talk,101,8,6,Over
3,talk,102,8,15,Over
3,talk,103,8,12,VOTE Agent[13]
3,talk,104,8,10,Over
3,talk,105,8,5,Over
3,talk,106,8,11,Over
3,talk,107,8,2,Over
3,talk,108,9,11,Over
3,talk,109,9,7,Over
3,talk,110,9,2,Over
3,talk,111,9,10,Over
3,talk,112,9,12,Over
3,talk,113,9,6,Over
3,talk,114,9,14,Over
3,talk,115,9,9,Over
3,talk,116,9,5,Over
3,talk,117,9,4,Over
3,talk,118,9,15,Over
3,talk,119,9,13,Over
3,vote,2,13
3,vote,4,13
3,vote,5,7
3,vote,6,4
3,vote,7,5
3,vote,9,15
3,vote,10,13
3,vote,11,9
3,vote,12,13
3,vote,13,9
3,vote,14,15
3,vote,15,5
3,execute,13,SEER
3,guard,15,13,SEER
3,attackVote,7,11
3,attack,11,true
4,status,1,WEREWOLF,DEAD,SampleJava14
4,status,2,VILLAGER,ALIVE,Tomato10
4,status,3,POSSESSED,DEAD,HALU
4,status,4,VILLAGER,ALIVE,Tomato7
4,status,5,VILLAGER,ALIVE,Takeda8
4,status,6,VILLAGER,ALIVE,sample_py
4,status,7,WEREWOLF,ALIVE,TOKU9
4,status,8,WEREWOLF,DEAD,Tomato13
4,status,9,MEDIUM,ALIVE,SampleJava12
4,status,10,VILLAGER,ALIVE,Tomato6
4,status,11,VILLAGER,DEAD,SampleJava3
4,status,12,VILLAGER,ALIVE,OKAMI
4,status,13,SEER,DEAD,SampleJava0
4,status,14,VILLAGER,ALIVE,SampleJava1
4,status,15,BODYGUARD,ALIVE,TOKU4
4,talk,0,0,12,VOTE Agent[02]
4,talk,1,0,4,VOTE Agent[09]
4,talk,2,0,5,VOTE Agent[07]
4,talk,3,0,9,DAY 4 (IDENTIFIED Agent[13] HUMAN)
4,talk,4,0,14,VOTE Agent[12]
4,talk,5,0,15,VOTE Agent[05]
4,talk,6,0,7,VOTE Agent[05]
4,talk,7,0,2,VOTE Agent[09]
4,talk,8,0,10,VOTE Agent[09]
4,talk,9,0,6,VOTE Agent[12]
4,talk,10,1,2,Skip
4,talk,11,1,7,Skip
4,talk,12,1,9,IDENTIFIED Agent[13] HUMAN
4,talk,13,1,5,Skip
4,talk,14,1,4,Skip
4,talk,15,1,12,COMINGOUT Agent[12] VILLAGER
4,talk,16,1,14,REQUEST ANY (VOTE Agent[12])
4,talk,17,1,10,Skip
4,talk,18,1,6,Skip
4,talk,19,1,15,Skip
4,talk,20,2,12,VOTE Agent[07]
4,talk,21,2,6,Skip
4,talk,22,2,4,Skip
4,talk,23,2,2,Skip
4,talk,24,2,9,VOTE Agent[05]
4,talk,25,2,10,Skip
4,talk,26,2,15,Skip
4,talk,27,2,14,Skip
4,talk,28,2,7,Skip
4,talk,29,2,5,Skip
4,talk,30,3,14,Skip
4,talk,31,3,15,Over
4,talk,32,3,7,Over
4,talk,33,3,5,Over
4,talk,34,3,6,Over
4,talk,35,3,12,VOTE Agent[07]
4,talk,36,3,4,Over
4,talk,37,3,9,REQUEST ANY (VOTE Agent[05])
4,talk,38,3,2,Over
4,talk,39,3,10,Over
4,talk,40,4,9,Skip
4,talk,41,4,2,Over
4,talk,42,4,12,VOTE Agent[07]
4,talk,43,4,10,Over
4,talk,44,4,15,Over
4,talk,45,4,7,Over
4,talk,46,4,6,Over
4,talk,47,4,14,Over
4,talk,48,4,5,Over
4,talk,49,4,4,Over
4,talk,50,5,10,Over
4,talk,51,5,14,Over
4,talk,52,5,9,Skip
4,talk,53,5,6,Over
4,talk,54,5,2,Over
4,talk,55,5,4,Over
4,talk,56,5,15,Over
4,talk,57,5,7,Over
4,talk,58,5,12,VOTE Agent[07]
4,talk,59,5,5,Over
4,talk,60,6,5,Over
4,talk,61,6,6,Over
4,talk,62,6,4,Over
4,talk,63,6,12,VOTE Agent[07]
4,talk,64,6,10,Over
4,talk,65,6,14,Over
4,talk,66,6,7,Over
4,talk,67,6,15,Over
4,talk,68,6,9,Over
4,talk,69,6,2,Over
4,talk,70,7,14,Over
4,talk,71,7,7,Over
4,talk,72,7,5,Over
4,talk,73,7,6,Over
4,talk,74,7,12,VOTE Agent[07]
4,talk,75,7,10,Over
4,talk,76,7,15,Over
4,talk,77,7,2,Over
4,talk,78,7,4,Over
4,talk,79,7,9,Over
4,talk,80,8,6,Over
4,talk,81,8,5,Over
4,talk,82,8,15,Over
4,talk,83,8,14,Over
4,talk,84,8,10,Over
4,talk,85,8,4,Over
4,talk,86,8,2,Over
4,talk,87,8,12,VOTE Agent[07]
4,talk,88,8,9,Over
4,talk,89,8,7,Over
4,talk,90,9,4,Over
4,talk,91,9,12,Over
4,talk,92,9,7,Over
4,talk,93,9,2,Over
4,talk,94,9,9,Over
4,talk,95,9,14,Over
4,talk,96,9,6,Over
4,talk,97,9,15,Over
4,talk,98,9,5,Over
4,talk,99,9,10,Over
4,vote,2,9
4,vote,4,9
4,vote,5,7
4,vote,6,12
4,vote,7,5
4,vote,9,12
4,vote,10,9
4,vote,12,7
4,vote,14,5
4,vote,15,5
4,vote,2,9
4,vote,4,9
4,vote,5,7
4,vote,6,12
4,vote,7,5
4,vote,9,5
4,vote,10,9
4,vote,12,7
4,vote,14,5
4,vote,15,5
4,execute,5,VILLAGER
4,guard,15,12,VILLAGER
4,attackVote,7,12
4,attack,12,false
5,status,1,WEREWOLF,DEAD,SampleJava14
5,status,2,VILLAGER,ALIVE,Tomato10
5,status,3,POSSESSED,DEAD,HALU
5,status,4,VILLAGER,ALIVE,Tomato7
5,status,5,VILLAGER,DEAD,Takeda8
5,status,6,VILLAGER,ALIVE,sample_py
5,status,7,WEREWOLF,ALIVE,TOKU9
5,status,8,WEREWOLF,DEAD,Tomato13
5,status,9,MEDIUM,ALIVE,SampleJava12
5,status,10,VILLAGER,ALIVE,Tomato6
5,status,11,VILLAGER,DEAD,SampleJava3
5,status,12,VILLAGER,ALIVE,OKAMI
5,status,13,SEER,DEAD,SampleJava0
5,status,14,VILLAGER,ALIVE,SampleJava1
5,status,15,BODYGUARD,ALIVE,TOKU4
5,talk,0,0,14,VOTE Agent[10]
5,talk,1,0,9,DAY 5 (IDENTIFIED Agent[05] HUMAN)
5,talk,2,0,4,VOTE Agent[09]
5,talk,3,0,10,VOTE Agent[09]
5,talk,4,0,12,VOTE Agent[10]
5,talk,5,0,2,VOTE Agent[09]
5,talk,6,0,6,VOTE Agent[15]
5,talk,7,0,15,VOTE Agent[07]
5,talk,8,0,7,VOTE Agent[06]
5,talk,9,1,9,IDENTIFIED Agent[05] HUMAN
5,talk,10,1,10,Skip
5,talk,11,1,6,Skip
5,talk,12,1,7,Skip
5,talk,13,1,14,REQUEST ANY (VOTE Agent[10])
5,talk,14,1,12,COMINGOUT Agent[12] VILLAGER
5,talk,15,1,15,Skip
5,talk,16,1,4,Skip
5,talk,17,1,2,Skip
5,talk,18,2,7,Skip
5,talk,19,2,15,VOTE Agent[06]
5,talk,20,2,2,Skip
5,talk,21,2,10,Skip
5,talk,22,2,9,VOTE Agent[12]
5,talk,23,2,4,Skip
5,talk,24,2,6,Skip
5,talk,25,2,14,Skip
5,talk,26,2,12,VOTE Agent[10]
5,talk,27,3,10,Over
5,talk,28,3,2,Over
5,talk,29,3,9,REQUEST ANY (VOTE Agent[12])
5,talk,30,3,6,Over
5,talk,31,3,14,Skip
5,talk,32,3,12,VOTE Agent[10]
5,talk,33,3,4,Over
5,talk,34,3,15,Skip
5,talk,35,3,7,Over
5,talk,36,4,12,VOTE Agent[15]
5,talk,37,4,6,Over
5,talk,38,4,15,Skip
5,talk,39,4,10,Over
5,talk,40,4,2,Over
5,talk,41,4,4,Over
5,talk,42,4,14,Over
5,talk,43,4,7,Over
5,talk,44,4,9,Skip
5,talk,45,5,4,Over
5,talk,46,5,2,Over
5,talk,47,5,14,Over
5,talk,48,5,12,VOTE Agent[15]
5,talk,49,5,9,Skip
5,talk,50,5,10,Over
5,talk,51,5,15,Over
5,talk,52,5,7,Over
5,talk,53,5,6,Over
5,talk,54,6,7,Over
5,talk,55,6,2,Over
5,talk,56,6,6,Over
5,talk,57,6,15,Over
5,talk,58,6,14,Over
5,talk,59,6,10,Over
5,talk,60,6,4,Over
5,talk,61,6,12,VOTE Agent[10]
5,talk,62,6,9,Over
5,talk,63,7,9,Over
5,talk,64,7,15,Over
5,talk,65,7,7,Over
5,talk,66,7,4,Over
5,talk,67,7,6,Over
5,talk,68,7,14,Over
5,talk,69,7,2,Over
5,talk,70,7,12,VOTE Agent[10]
5,talk,71,7,10,Over
5,talk,72,8,7,Over
5,talk,73,8,9,Over
5,talk,74,8,4,Over
5,talk,75,8,6,Over
5,talk,76,8,15,Over
5,talk,77,8,10,Over
5,talk,78,8,12,VOTE Agent[15]
5,talk,79,8,2,Over
5,talk,80,8,14,Over
5,talk,81,9,7,Over
5,talk,82,9,12,Over
5,talk,83,9,2,Over
5,talk,84,9,6,Over
5,talk,85,9,15,Over
5,talk,86,9,14,Over
5,talk,87,9,4,Over
5,talk,88,9,10,Over
5,talk,89,9,9,Over
5,vote,2,9
5,vote,4,9
5,vote,6,15
5,vote,7,6
5,vote,9,10
5,vote,10,9
5,vote,12,15
5,vote,14,12
5,vote,15,6
5,execute,9,MEDIUM
5,guard,15,12,VILLAGER
5,attackVote,7,12
5,attack,12,false
6,status,1,WEREWOLF,DEAD,SampleJava14
6,status,2,VILLAGER,ALIVE,Tomato10
6,status,3,POSSESSED,DEAD,HALU
6,status,4,VILLAGER,ALIVE,Tomato7
6,status,5,VILLAGER,DEAD,Takeda8
6,status,6,VILLAGER,ALIVE,sample_py
6,status,7,WEREWOLF,ALIVE,TOKU9
6,status,8,WEREWOLF,DEAD,Tomato13
6,status,9,MEDIUM,DEAD,SampleJava12
6,status,10,VILLAGER,ALIVE,Tomato6
6,status,11,VILLAGER,DEAD,SampleJava3
6,status,12,VILLAGER,ALIVE,OKAMI
6,status,13,SEER,DEAD,SampleJava0
6,status,14,VILLAGER,ALIVE,SampleJava1
6,status,15,BODYGUARD,ALIVE,TOKU4
6,talk,0,0,10,VOTE Agent[02]
6,talk,1,0,6,VOTE Agent[12]
6,talk,2,0,14,VOTE Agent[10]
6,talk,3,0,15,VOTE Agent[06]
6,talk,4,0,4,VOTE Agent[02]
6,talk,5,0,7,VOTE Agent[06]
6,talk,6,0,2,VOTE Agent[10]
6,talk,7,0,12,VOTE Agent[02]
6,talk,8,1,4,Skip
6,talk,9,1,6,Skip
6,talk,10,1,10,Skip
6,talk,11,1,14,REQUEST ANY (VOTE Agent[10])
6,talk,12,1,2,Skip
6,talk,13,1,12,COMINGOUT Agent[12] VILLAGER
6,talk,14,1,7,Skip
6,talk,15,1,15,Skip
6,talk,16,2,10,Skip
6,talk,17,2,4,Skip
6,talk,18,2,14,Skip
6,talk,19,2,15,Skip
6,talk,20,2,6,Skip
6,talk,21,2,2,Skip
6,talk,22,2,12,VOTE Agent[06]
6,talk,23,2,7,Skip
6,talk,24,3,10,Over
6,talk,25,3,4,Over
6,talk,26,3,7,Over
6,talk,27,3,15,Over
6,talk,28,3,6,Over
6,talk,29,3,2,Over
6,talk,30,3,14,Skip
6,talk,31,3,12,VOTE Agent[10]
6,talk,32,4,14,Over
6,talk,33,4,10,Over
6,talk,34,4,12,VOTE Agent[10]
6,talk,35,4,6,Over
6,talk,36,4,4,Over
6,talk,37,4,15,Over
6,talk,38,4,7,Over
6,talk,39,4,2,Over
6,talk,40,5,15,Over
6,talk,41,5,4,Over
6,talk,42,5,14,Over
6,talk,43,5,6,Over
6,talk,44,5,2,Over
6,talk,45,5,12,VOTE Agent[02]
6,talk,46,5,10,Over
6,talk,47,5,7,Over
6,talk,48,6,6,Over
6,talk,49,6,14,Over
6,talk,50,6,15,Over
6,talk,51,6,2,Over
6,talk,52,6,4,Over
6,talk,53,6,7,Over
6,talk,54,6,12,VOTE Agent[06]
6,talk,55,6,10,Over
6,talk,56,7,15,Over
6,talk,57,7,4,Over
6,talk,58,7,14,Over
6,talk,59,7,7,Over
6,talk,60,7,6,Over
6,talk,61,7,2,Over
6,talk,62,7,12,VOTE Agent[06]
6,talk,63,7,10,Over
6,talk,64,8,6,Over
6,talk,65,8,4,Over
6,talk,66,8,15,Over
6,talk,67,8,2,Over
6,talk,68,8,10,Over
6,talk,69,8,7,Over
6,talk,70,8,12,VOTE Agent[10]
6,talk,71,8,14,Over
6,talk,72,9,4,Over
6,talk,73,9,7,Over
6,talk,74,9,15,Over
6,talk,75,9,6,Over
6,talk,76,9,12,Over
6,talk,77,9,2,Over
6,talk,78,9,14,Over
6,talk,79,9,10,Over
6,vote,2,10
6,vote,4,2
6,vote,6,12
6,vote,7,6
6,vote,10,2
6,vote,12,10
6,vote,14,15
6,vote,15,6
6,vote,2,10
6,vote,4,2
6,vote,6,12
6,vote,7,6
6,vote,10,2
6,vote,12,6
6,vote,14,2
6,vote,15,6
6,execute,2,VILLAGER
6,guard,15,12,VILLAGER
6,attackVote,7,12
6,attack,12,false
7,status,1,WEREWOLF,DEAD,SampleJava14
7,status,2,VILLAGER,DEAD,Tomato10
7,status,3,POSSESSED,DEAD,HALU
7,status,4,VILLAGER,ALIVE,Tomato7
7,status,5,VILLAGER,DEAD,Takeda8
7,status,6,VILLAGER,ALIVE,sample_py
7,status,7,WEREWOLF,ALIVE,TOKU9
7,status,8,WEREWOLF,DEAD,Tomato13
7,status,9,MEDIUM,DEAD,SampleJava12
7,status,10,VILLAGER,ALIVE,Tomato6
7,status,11,VILLAGER,DEAD,SampleJava3
7,status,12,VILLAGER,ALIVE,OKAMI
7,status,13,SEER,DEAD,SampleJava0
7,status,14,VILLAGER,ALIVE,SampleJava1
7,status,15,BODYGUARD,ALIVE,TOKU4
7,talk,0,0,15,VOTE Agent[06]
7,talk,1,0,14,VOTE Agent[12]
7,talk,2,0,12,VOTE Agent[10]
7,talk,3,0,7,VOTE Agent[06]
7,talk,4,0,10,VOTE Agent[04]
7,talk,5,0,4,VOTE Agent[10]
7,talk,6,0,6,VOTE Agent[14]
7,talk,7,1,14,REQUEST ANY (VOTE Agent[12])
7,talk,8,1,6,Skip
7,talk,9,1,12,COMINGOUT Agent[12] VILLAGER
7,talk,10,1,10,Skip
7,talk,11,1,4,Skip
7,talk,12,1,15,Skip
7,talk,13,1,7,Skip
7,talk,14,2,7,Skip
7,talk,15,2,6,Skip
7,talk,16,2,4,Skip
7,talk,17,2,12,VOTE Agent[14]
7,talk,18,2,14,Skip
7,talk,19,2,10,Skip
7,talk,20,2,15,Skip
7,talk,21,3,4,Over
7,talk,22,3,15,Over
7,talk,23,3,12,VOTE Agent[14]
7,talk,24,3,7,Over
7,talk,25,3,14,Skip
7,talk,26,3,6,Over
7,talk,27,3,10,Over
7,talk,28,4,12,VOTE Agent[10]
7,talk,29,4,7,Over
7,talk,30,4,15,Over
7,talk,31,4,6,Over
7,talk,32,4,14,Over
7,talk,33,4,10,Over
7,talk,34,4,4,Over
7,talk,35,5,7,Over
7,talk,36,5,15,Over
7,talk,37,5,6,Over
7,talk,38,5,14,Over
7,talk,39,5,4,Over
7,talk,40,5,12,VOTE Agent[04]
7,talk,41,5,10,Over
7,talk,42,6,10,Over
7,talk,43,6,4,Over
7,talk,44,6,14,Over
7,talk,45,6,12,VOTE Agent[04]
7,talk,46,6,7,Over
7,talk,47,6,6,Over
7,talk,48,6,15,Over
7,talk,49,7,10,Over
7,talk,50,7,4,Over
7,talk,51,7,6,Over
7,talk,52,7,15,Over
7,talk,53,7,14,Over
7,talk,54,7,7,Over
7,talk,55,7,12,VOTE Agent[10]
7,talk,56,8,14,Over
7,talk,57,8,7,Over
7,talk,58,8,10,Over
7,talk,59,8,6,Over
7,talk,60,8,4,Over
7,talk,61,8,15,Over
7,talk,62,8,12,VOTE Agent[04]
7,talk,63,9,6,Over
7,talk,64,9,10,Over
7,talk,65,9,7,Over
7,talk,66,9,15,Over
7,talk,67,9,14,Over
7,talk,68,9,4,Over
7,talk,69,9,12,Over
7,vote,4,10
7,vote,6,14
7,vote,7,6
7,vote,10,4
7,vote,12,4
7,vote,14,6
7,vote,15,6
7,execute,6,VILLAGER
7,guard,15,12,VILLAGER
7,attackVote,7,12
7,attack,12,false
8,status,1,WEREWOLF,DEAD,SampleJava14
8,status,2,VILLAGER,DEAD,Tomato10
8,status,3,POSSESSED,DEAD,HALU
8,status,4,VILLAGER,ALIVE,Tomato7
8,status,5,VILLAGER,DEAD,Takeda8
8,status,6,VILLAGER,DEAD,sample_py
8,status,7,WEREWOLF,ALIVE,TOKU9
8,status,8,WEREWOLF,DEAD,Tomato13
8,status,9,MEDIUM,DEAD,SampleJava12
8,status,10,VILLAGER,ALIVE,Tomato6
8,status,11,VILLAGER,DEAD,SampleJava3
8,status,12,VILLAGER,ALIVE,OKAMI
8,status,13,SEER,DEAD,SampleJava0
8,status,14,VILLAGER,ALIVE,SampleJava1
8,status,15,BODYGUARD,ALIVE,TOKU4
8,talk,0,0,14,VOTE Agent[07]
8,talk,1,0,12,VOTE Agent[14]
8,talk,2,0,15,VOTE Agent[07]
8,talk,3,0,4,VOTE Agent[10]
8,talk,4,0,7,VOTE Agent[15]
8,talk,5,0,10,VOTE Agent[04]
8,talk,6,1,7,Skip
8,talk,7,1,15,Skip
8,talk,8,1,12,COMINGOUT Agent[12] VILLAGER
8,talk,9,1,10,Skip
8,talk,10,1,4,Skip
8,talk,11,1,14,REQUEST ANY (VOTE Agent[07])
8,talk,12,2,7,Skip
8,talk,13,2,15,Skip
8,talk,14,2,14,Skip
8,talk,15,2,12,VOTE Agent[14]
8,talk,16,2,4,Skip
8,talk,17,2,10,Skip
8,talk,18,3,12,VOTE Agent[14]
8,talk,19,3,4,Over
8,talk,20,3,14,Skip
8,talk,21,3,15,Over
8,talk,22,3,7,Over
8,talk,23,3,10,Over
8,talk,24,4,7,Over
8,talk,25,4,10,Over
8,talk,26,4,14,Over
8,talk,27,4,4,Over
8,talk,28,4,12,VOTE Agent[14]
8,talk,29,4,15,Over
8,talk,30,5,4,Over
8,talk,31,5,12,VOTE Agent[14]
8,talk,32,5,14,Over
8,talk,33,5,10,Over
8,talk,34,5,15,Over
8,talk,35,5,7,Over
8,talk,36,6,10,Over
8,talk,37,6,7,Over
8,talk,38,6,14,Over
8,talk,39,6,4,Over
8,talk,40,6,15,Over
8,talk,41,6,12,VOTE Agent[14]
8,talk,42,7,4,Over
8,talk,43,7,7,Over
8,talk,44,7,10,Over
8,talk,45,7,14,Over
8,talk,46,7,15,Over
8,talk,47,7,12,VOTE Agent[14]
8,talk,48,8,10,Over
8,talk,49,8,14,Over
8,talk,50,8,15,Over
8,talk,51,8,4,Over
8,talk,52,8,7,Over
8,talk,53,8,12,VOTE Agent[14]
8,talk,54,9,4,Over
8,talk,55,9,14,Over
8,talk,56,9,7,Over
8,talk,57,9,10,Over
8,talk,58,9,12,Over
8,talk,59,9,15,Over
8,vote,4,10
8,vote,7,15
8,vote,10,4
8,vote,12,14
8,vote,14,15
8,vote,15,7
8,execute,15,BODYGUARD
8,attackVote,7,12
8,attack,12,true
9,status,1,WEREWOLF,DEAD,SampleJava14
9,status,2,VILLAGER,DEAD,Tomato10
9,status,3,POSSESSED,DEAD,HALU
9,status,4,VILLAGER,ALIVE,Tomato7
9,status,5,VILLAGER,DEAD,Takeda8
9,status,6,VILLAGER,DEAD,sample_py
9,status,7,WEREWOLF,ALIVE,TOKU9
9,status,8,WEREWOLF,DEAD,Tomato13
9,status,9,MEDIUM,DEAD,SampleJava12
9,status,10,VILLAGER,ALIVE,Tomato6
9,status,11,VILLAGER,DEAD,SampleJava3
9,status,12,VILLAGER,DEAD,OKAMI
9,status,13,SEER,DEAD,SampleJava0
9,status,14,VILLAGER,ALIVE,SampleJava1
9,status,15,BODYGUARD,DEAD,TOKU4
9,talk,0,0,7,VOTE Agent[10]
9,talk,1,0,4,VOTE Agent[10]
9,talk,2,0,14,VOTE Agent[07]
9,talk,3,0,10,VOTE Agent[04]
9,talk,4,1,10,Skip
9,talk,5,1,4,Skip
9,talk,6,1,7,Skip
9,talk,7,1,14,REQUEST ANY (VOTE Agent[07])
9,talk,8,2,7,Skip
9,talk,9,2,4,Skip
9,talk,10,2,14,Skip
9,talk,11,2,10,Skip
9,talk,12,3,7,Over
9,talk,13,3,14,Skip
9,talk,14,3,10,Over
9,talk,15,3,4,Over
9,talk,16,4,14,Over
9,talk,17,4,4,Over
9,talk,18,4,10,Over
9,talk,19,4,7,Over
9,vote,4,10
9,vote,7,10
9,vote,10,4
9,vote,14,4
9,vote,4,10
9,vote,7,10
9,vote,10,4
9,vote,14,4
9,execute,4,VILLAGER
9,attackVote,7,14
9,attack,14,true
10,status,1,WEREWOLF,DEAD,SampleJava14
10,status,2,VILLAGER,DEAD,Tomato10
10,status,3,POSSESSED,DEAD,HALU
10,status,4,VILLAGER,DEAD,Tomato7
10,status,5,VILLAGER,DEAD,Takeda8
10,status,6,VILLAGER,DEAD,sample_py
10,status,7,WEREWOLF,ALIVE,TOKU9
10,status,8,WEREWOLF,DEAD,Tomato13
10,status,9,MEDIUM,DEAD,SampleJava12
10,status,10,VILLAGER,ALIVE,Tomato6
10,status,11,VILLAGER,DEAD,SampleJava3
10,status,12,VILLAGER,DEAD,OKAMI
10,status,13,SEER,DEAD,SampleJava0
10,status,14,VILLAGER,DEAD,SampleJava1
10,status,15,BODYGUARD,DEAD,TOKU4
10,result,1,1,WEREWOLF
