0,status,1,VILLAGER,ALIVE,HALU
0,status,2,WEREWOLF,ALIVE,HALU
0,status,3,VILLAGER,ALIVE,TOKU3
0,status,4,VILLAGER,ALIVE,HALU
0,status,5,BODYGUARD,ALIVE,SampleJava14
0,status,6,VILLAGER,ALIVE,Tomato7
0,status,7,VILLAGER,ALIVE,OKAMI
0,status,8,POSSESSED,ALIVE,Tomato0
0,status,9,VILLAGER,ALIVE,SampleJava13
0,status,10,MEDIUM,ALIVE,HALU
0,status,11,VILLAGER,ALIVE,Takeda6
0,status,12,WEREWOLF,ALIVE,OKAMI
0,status,13,WEREWOLF,ALIVE,HALU
0,status,14,SEER,ALIVE,TOKU12
0,status,15,VILLAGER,ALIVE,Takeda2
0,whisper,0,0,2,COMINGOUT Agent[02] VILLAGER
0,whisper,1,0,12,COMINGOUT Agent[12] SEER
0,whisper,2,0,13,COMINGOUT Agent[13] MEDIUM
0,whisper,3,1,13,COMINGOUT Agent[13] VILLAGER
0,whisper,4,1,2,Skip
0,whisper,5,1,12,COMINGOUT Agent[12] VILLAGER
0,whisper,6,2,12,Skip
0,whisper,7,2,13,Skip
0,whisper,8,2,2,Skip
0,whisper,9,3,12,Skip
0,whisper,10,3,2,Over
0,whisper,11,3,13,Skip
0,whisper,12,4,2,Over
0,whisper,13,4,13,Over
0,whisper,14,4,12,Over
0,divine,14,5,HUMAN
1,status,1,VILLAGER,ALIVE,HALU
1,status,2,WEREWOLF,ALIVE,HALU
1,status,3,VILLAGER,ALIVE,TOKU3
1,status,4,VILLAGER,ALIVE,HALU
1,status,5,BODYGUARD,ALIVE,SampleJava14
1,status,6,VILLAGER,ALIVE,Tomato7
1,status,7,VILLAGER,ALIVE,OKAMI
1,status,8,POSSESSED,ALIVE,Tomato0
1,status,9,VILLAGER,ALIVE,SampleJava13
1,status,10,MEDIUM,ALIVE,HALU
1,status,11,VILLAGER,ALIVE,Takeda6
1,status,12,WEREWOLF,ALIVE,OKAMI
1,status,13,WEREWOLF,ALIVE,HALU
1,status,14,SEER,ALIVE,TOKU12
1,status,15,VILLAGER,ALIVE,Takeda2
1,talk,0,0,10,VOTE Agent[02]
1,talk,1,0,9,VOTE Agent[06]
1,talk,2,0,8,COMINGOUT Agent[08] SEER
1,talk,3,0,12,VOTE Agent[06]
1,talk,4,0,5,VOTE Agent[04]
1,talk,5,0,15,VOTE Agent[06]
1,talk,6,0,11,VOTE Agent[06]
1,talk,7,0,14,COMINGOUT Agent[14] SEER
1,talk,8,0,3,VOTE Agent[06]
1,talk,9,0,4,VOTE Agent[10]
1,talk,10,0,1,VOTE Agent[03]
1,talk,11,0,13,VOTE Agent[05]
1,talk,12,0,6,VOTE Agent[03]
1,talk,13,0,7,VOTE Agent[03]
1,talk,14,0,2,VOTE Agent[04]
1,talk,15,1,6,Skip
1,talk,16,1,10,COMINGOUT Agent[10] MEDIUM
1,talk,17,1,12,VOTE Agent[06]
1,talk,18,1,8,DIVINED Agent[15] HUMAN
1,talk,19,1,5,REQUEST ANY (VOTE Agent[04])
1,talk,20,1,15,VOTE Agent[12]
1,talk,21,1,14,DIVINED Agent[05] HUMAN
1,talk,22,1,1,VOTE Agent[12]
1,talk,23,1,11,VOTE Agent[03]
1,talk,24,1,13,VOTE Agent[01]
1,talk,25,1,9,REQUEST ANY (VOTE Agent[06])
1,talk,26,1,4,VOTE Agent[11]
1,talk,27,1,3,Skip
1,talk,28,1,2,VOTE Agent[04]
1,talk,29,1,7,COMINGOUT Agent[07] VILLAGER
1,talk,30,2,13,VOTE Agent[04]
1,talk,31,2,2,VOTE Agent[04]
1,talk,32,2,5,Skip
1,talk,33,2,6,Skip
1,talk,34,2,15,VOTE Agent[11]
1,talk,35,2,11,VOTE Agent[12]
1,talk,36,2,1,VOTE Agent[07]
1,talk,37,2,8,VOTE Agent[04]
1,talk,38,2,10,VOTE Agent[07]
1,talk,39,2,9,Skip
1,talk,40,2,7,VOTE Agent[06]
1,talk,41,2,12,VOTE Agent[04]
1,talk,42,2,3,VOTE Agent[12]
1,talk,43,2,4,VOTE Agent[07]
1,talk,44,2,14,VOTE Agent[12]
1,talk,45,3,14,VOTE Agent[12]
1,talk,46,3,9,Skip
1,talk,47,3,3,VOTE Agent[11]
1,talk,48,3,2,VOTE Agent[04]
1,talk,49,3,15,VOTE Agent[03]
1,talk,50,3,12,VOTE Agent[04]
1,talk,51,3,5,Skip
1,talk,52,3,1,VOTE Agent[07]
1,talk,53,3,8,Skip
1,talk,54,3,11,Skip
1,talk,55,3,6,VOTE Agent[04]
1,talk,56,3,4,VOTE Agent[07]
1,talk,57,3,13,VOTE Agent[04]
1,talk,58,3,7,VOTE Agent[12]
1,talk,59,3,10,VOTE Agent[07]
1,talk,60,4,7,VOTE Agent[12]
1,talk,61,4,3,Skip
1,talk,62,4,11,VOTE Agent[03]
1,talk,63,4,10,VOTE Agent[07]
1,talk,64,4,8,Skip
1,talk,65,4,2,VOTE Agent[07]
1,talk,66,4,14,VOTE Agent[12]
1,talk,67,4,1,VOTE Agent[07]
1,talk,68,4,15,VOTE Agent[02]
1,talk,69,4,9,Over
1,talk,70,4,12,VOTE Agent[07]
1,talk,71,4,6,VOTE Agent[07]
1,talk,72,4,13,VOTE Agent[03]
1,talk,73,4,4,VOTE Agent[07]
1,talk,74,4,5,Over
1,talk,75,5,4,VOTE Agent[07]
1,talk,76,5,1,VOTE Agent[07]
1,talk,77,5,11,Skip
1,talk,78,5,8,VOTE Agent[07]
1,talk,79,5,13,VOTE Agent[07]
1,talk,80,5,10,VOTE Agent[07]
1,talk,81,5,2,VOTE Agent[04]
1,talk,82,5,12,VOTE Agent[07]
1,talk,83,5,7,VOTE Agent[03]
1,talk,84,5,6,Skip
1,talk,85,5,3,Skip
1,talk,86,5,9,Over
1,talk,87,5,5,Over
1,talk,88,5,15,VOTE Agent[12]
1,talk,89,5,14,VOTE Agent[12]
1,talk,90,6,9,Over
1,talk,91,6,15,Skip
1,talk,92,6,4,VOTE Agent[07]
1,talk,93,6,7,VOTE Agent[04]
1,talk,94,6,3,VOTE Agent[12]
1,talk,95,6,1,VOTE Agent[07]
1,talk,96,6,11,Skip
1,talk,97,6,10,VOTE Agent[07]
1,talk,98,6,14,VOTE Agent[12]
1,talk,99,6,2,VOTE Agent[07]
1,talk,100,6,12,VOTE Agent[07]
1,talk,101,6,6,Skip
1,talk,102,6,8,Skip
1,talk,103,6,5,Over
1,talk,104,6,13,VOTE Agent[07]
1,talk,105,7,2,VOTE Agent[07]
1,talk,106,7,3,VOTE Agent[11]
1,talk,107,7,5,Over
1,talk,108,7,8,Skip
1,talk,109,7,7,VOTE Agent[04]
1,talk,110,7,11,VOTE Agent[12]
1,talk,111,7,13,VOTE Agent[07]
1,talk,112,7,14,VOTE Agent[12]
1,talk,113,7,12,VOTE Agent[07]
1,talk,114,7,15,Skip
1,talk,115,7,9,Over
1,talk,116,7,6,Over
1,talk,117,7,10,VOTE Agent[07]
1,talk,118,7,4,VOTE Agent[07]
1,talk,119,7,1,VOTE Agent[07]
1,talk,120,8,1,VOTE Agent[07]
1,talk,121,8,7,VOTE Agent[11]
1,talk,122,8,4,VOTE Agent[07]
1,talk,123,8,15,Over
1,talk,124,8,3,VOTE Agent[12]
1,talk,125,8,10,VOTE Agent[07]
1,talk,126,8,8,Over
1,talk,127,8,9,Over
1,talk,128,8,13,VOTE Agent[07]
1,talk,129,8,12,VOTE Agent[07]
1,talk,130,8,14,VOTE Agent[12]
1,talk,131,8,2,VOTE Agent[07]
1,talk,132,8,6,Over
1,talk,133,8,11,Skip
1,talk,134,8,5,Over
1,talk,135,9,8,Over
1,talk,136,9,2,Over
1,talk,137,9,9,Over
1,talk,138,9,12,Over
1,talk,139,9,15,Over
1,talk,140,9,1,Over
1,talk,141,9,4,Over
1,talk,142,9,3,Skip
1,talk,143,9,13,Over
1,talk,144,9,7,Over
1,talk,145,9,11,Skip
1,talk,146,9,10,Over
1,talk,147,9,14,VOTE Agent[12]
1,talk,148,9,6,Over
1,talk,149,9,5,Over
1,talk,150,10,13,Over
1,talk,151,10,12,Over
1,talk,152,10,9,Over
1,talk,153,10,8,Over
1,talk,154,10,7,Over
1,talk,155,10,15,Over
1,talk,156,10,14,Over
1,talk,157,10,4,Over
1,talk,158,10,2,Over
1,talk,159,10,1,Over
1,talk,160,10,10,Over
1,talk,161,10,6,Over
1,talk,162,10,11,Over
1,talk,163,10,5,Over
1,talk,164,10,3,Skip
1,talk,165,11,13,Over
1,talk,166,11,15,Over
1,talk,167,11,1,Over
1,talk,168,11,2,Over
1,talk,169,11,4,Over
1,talk,170,11,11,Over
1,talk,171,11,6,Over
1,talk,172,11,9,Over
1,talk,173,11,7,Over
1,talk,174,11,3,Over
1,talk,175,11,5,Over
1,talk,176,11,14,Over
1,talk,177,11,10,Over
1,talk,178,11,12,Over
1,talk,179,11,8,Over
1,vote,1,7
1,vote,2,7
1,vote,3,7
1,vote,4,7
1,vote,5,6
1,vote,6,7
1,vote,7,4
1,vote,8,7
1,vote,9,4
1,vote,10,7
1,vote,11,7
1,vote,12,7
1,vote,13,7
1,vote,14,12
1,vote,15,7
1,execute,7,VILLAGER
1,divine,14,12,WEREWOLF
1,whisper,0,0,2,ATTACK Agent[14]
1,whisper,1,0,13,ATTACK Agent[08]
1,whisper,2,0,12,ATTACK Agent[10]
1,whisper,3,1,13,Skip
1,whisper,4,1,2,Skip
1,whisper,5,1,12,Skip
1,whisper,6,2,13,Skip
1,whisper,7,2,2,Skip
1,whisper,8,2,12,Skip
1,whisper,9,3,13,Over
1,whisper,10,3,2,Over
1,whisper,11,3,12,Over
1,guard,5,8,POSSESSED
1,attackVote,2,8
1,attackVote,12,10
1,attackVote,13,14
1,attackVote,2,14
1,attackVote,12,10
1,attackVote,13,8
1,attack,10,true
2,status,1,VILLAGER,ALIVE,HALU
2,status,2,WEREWOLF,ALIVE,HALU
2,status,3,VILLAGER,ALIVE,TOKU3
2,status,4,VILLAGER,ALIVE,HALU
2,status,5,BODYGUARD,ALIVE,SampleJava14
2,status,6,VILLAGER,ALIVE,Tomato7
2,status,7,VILLAGER,DEAD,OKAMI
2,status,8,POSSESSED,ALIVE,Tomato0
2,status,9,VILLAGER,ALIVE,SampleJava13
2,status,10,MEDIUM,DEAD,HALU
2,status,11,VILLAGER,ALIVE,Takeda6
2,status,12,WEREWOLF,ALIVE,OKAMI
2,status,13,WEREWOLF,ALIVE,HALU
2,status,14,SEER,ALIVE,TOKU12
2,status,15,VILLAGER,ALIVE,Takeda2
2,talk,0,0,2,VOTE Agent[04]
2,talk,1,0,4,VOTE Agent[11]
2,talk,2,0,6,VOTE Agent[11]
2,talk,3,0,8,DIVINED Agent[02] WEREWOLF
2,talk,4,0,13,VOTE Agent[06]
2,talk,5,0,1,VOTE Agent[02]
2,talk,6,0,3,VOTE Agent[12]
2,talk,7,0,15,VOTE Agent[12]
2,talk,8,0,12,VOTE Agent[11]
2,talk,9,0,9,VOTE Agent[15]
2,talk,10,0,5,VOTE Agent[11]
2,talk,11,0,11,VOTE Agent[12]
2,talk,12,0,14,DIVINED Agent[12] WEREWOLF
2,talk,13,1,11,Skip
2,talk,14,1,8,VOTE Agent[11]
2,talk,15,1,5,REQUEST ANY (VOTE Agent[11])
2,talk,16,1,9,REQUEST ANY (VOTE Agent[15])
2,talk,17,1,6,Skip
2,talk,18,1,2,VOTE Agent[09]
2,talk,19,1,13,VOTE Agent[11]
2,talk,20,1,1,VOTE Agent[02]
2,talk,21,1,15,VOTE Agent[11]
2,talk,22,1,14,VOTE Agent[12]
2,talk,23,1,12,VOTE Agent[11]
2,talk,24,1,4,VOTE Agent[02]
2,talk,25,1,3,VOTE Agent[11]
2,talk,26,2,6,Skip
2,talk,27,2,4,VOTE Agent[02]
2,talk,28,2,13,VOTE Agent[03]
2,talk,29,2,3,VOTE Agent[15]
2,talk,30,2,5,Skip
2,talk,31,2,2,VOTE Agent[03]
2,talk,32,2,8,Skip
2,talk,33,2,12,VOTE Agent[11]
2,talk,34,2,11,VOTE Agent[15]
2,talk,35,2,9,Skip
2,talk,36,2,14,VOTE Agent[12]
2,talk,37,2,1,VOTE Agent[12]
2,talk,38,2,15,Skip
2,talk,39,3,2,VOTE Agent[11]
2,talk,40,3,9,Skip
2,talk,41,3,11,Skip
2,talk,42,3,13,VOTE Agent[11]
2,talk,43,3,3,VOTE Agent[11]
2,talk,44,3,14,VOTE Agent[12]
2,talk,45,3,15,Skip
2,talk,46,3,5,Skip
2,talk,47,3,12,VOTE Agent[11]
2,talk,48,3,1,VOTE Agent[12]
2,talk,49,3,8,Skip
2,talk,50,3,4,VOTE Agent[12]
2,talk,51,3,6,Over
2,talk,52,4,6,Over
2,talk,53,4,8,Over
2,talk,54,4,4,VOTE Agent[12]
2,talk,55,4,13,VOTE Agent[04]
2,talk,56,4,2,VOTE Agent[11]
2,talk,57,4,9,Over
2,talk,58,4,5,Over
2,talk,59,4,14,VOTE Agent[12]
2,talk,60,4,11,VOTE Agent[15]
2,talk,61,4,3,Skip
2,talk,62,4,15,Over
2,talk,63,4,1,VOTE Agent[02]
2,talk,64,4,12,VOTE Agent[11]
2,talk,65,5,5,Over
2,talk,66,5,11,VOTE Agent[15]
2,talk,67,5,12,VOTE Agent[11]
2,talk,68,5,2,VOTE Agent[11]
2,talk,69,5,3,Skip
2,talk,70,5,15,Over
2,talk,71,5,13,VOTE Agent[11]
2,talk,72,5,8,Over
2,talk,73,5,9,Over
2,talk,74,5,4,VOTE Agent[02]
2,talk,75,5,14,VOTE Agent[12]
2,talk,76,5,1,VOTE Agent[02]
2,talk,77,5,6,Over
2,talk,78,6,15,Over
2,talk,79,6,5,Over
2,talk,80,6,11,VOTE Agent[15]
2,talk,81,6,4,VOTE Agent[02]
2,talk,82,6,8,Over
2,talk,83,6,13,VOTE Agent[11]
2,talk,84,6,1,VOTE Agent[02]
2,talk,85,6,6,Over
2,talk,86,6,12,VOTE Agent[11]
2,talk,87,6,3,Over
2,talk,88,6,14,VOTE Agent[12]
2,talk,89,6,2,VOTE Agent[11]
2,talk,90,6,9,Over
2,talk,91,7,13,VOTE Agent[01]
2,talk,92,7,1,VOTE Agent[02]
2,talk,93,7,14,VOTE Agent[12]
2,talk,94,7,4,VOTE Agent[02]
2,talk,95,7,3,Over
2,talk,96,7,8,Over
2,talk,97,7,15,Over
2,talk,98,7,5,Over
2,talk,99,7,11,VOTE Agent[15]
2,talk,100,7,6,Over
2,talk,101,7,2,VOTE Agent[11]
2,talk,102,7,12,VOTE Agent[11]
2,talk,103,7,9,Over
2,talk,104,8,9,Over
2,talk,105,8,3,Over
2,talk,106,8,13,VOTE Agent[11]
2,talk,107,8,8,Over
2,talk,108,8,1,VOTE Agent[02]
2,talk,109,8,11,VOTE Agent[15]
2,talk,110,8,6,Over
2,talk,111,8,4,VOTE Agent[02]
2,talk,112,8,14,VOTE Agent[12]
2,talk,113,8,5,Over
2,talk,114,8,2,VOTE Agent[11]
2,talk,115,8,15,Over
2,talk,116,8,12,VOTE Agent[11]
2,talk,117,9,5,Over
2,talk,118,9,13,Over
2,talk,119,9,1,Over
2,talk,120,9,3,Over
2,talk,121,9,14,VOTE Agent[12]
2,talk,122,9,9,Over
2,talk,123,9,12,Over
2,talk,124,9,8,Over
2,talk,125,9,6,Over
2,talk,126,9,4,Over
2,talk,127,9,11,VOTE Agent[15]
2,talk,128,9,15,Over
2,talk,129,9,2,Over
2,talk,130,10,5,Over
2,talk,131,10,3,Over
2,talk,132,10,9,Over
2,talk,133,10,2,Over
2,talk,134,10,6,Over
2,talk,135,10,8,Over
2,talk,136,10,1,Over
2,talk,137,10,13,Over
2,talk,138,10,14,Over
2,talk,139,10,4,Over
2,talk,140,10,11,VOTE Agent[15]
2,talk,141,10,12,Over
2,talk,142,10,15,Over
2,talk,143,11,3,Over
2,talk,144,11,5,Over
2,talk,145,11,13,Over
2,talk,146,11,1,Over
2,talk,147,11,6,Over
2,talk,148,11,15,Over
2,talk,149,11,8,Over
2,talk,150,11,14,Over
2,talk,151,11,2,Over
2,talk,152,11,11,VOTE Agent[15]
2,talk,153,11,12,Over
2,talk,154,11,4,Over
2,talk,155,11,9,Over
2,talk,156,12,6,Over
2,talk,157,12,15,Over
2,talk,158,12,11,Over
2,talk,159,12,3,Over
2,talk,160,12,4,Over
2,talk,161,12,1,Over
2,talk,162,12,14,Over
2,talk,163,12,2,Over
2,talk,164,12,5,Over
2,talk,165,12,12,Over
2,talk,166,12,8,Over
2,talk,167,12,9,Over
2,talk,168,12,13,Over
2,vote,1,12
2,vote,2,11
2,vote,3,11
2,vote,4,12
2,vote,5,15
2,vote,6,11
2,vote,8,11
2,vote,9,11
2,vote,11,15
2,vote,12,11
2,vote,13,11
2,vote,14,12
2,vote,15,11
2,execute,11,VILLAGER
2,divine,14,15,HUMAN
2,whisper,0,0,2,ATTACK Agent[10]
2,whisper,1,0,12,ATTACK Agent[08]
2,whisper,2,0,13,ATTACK Agent[14]
2,whisper,3,1,13,Skip
2,whisper,4,1,2,Skip
2,whisper,5,1,12,Skip
2,whisper,6,2,13,Skip
2,whisper,7,2,12,Skip
2,whisper,8,2,2,Skip
2,whisper,9,3,13,Over
2,whisper,10,3,12,Over
2,whisper,11,3,2,Over
2,guard,5,14,SEER
2,attackVote,12,4
2,attackVote,13,14
2,attackVote,12,14
2,attackVote,13,8
2,attack,8,true
3,status,1,VILLAGER,ALIVE,HALU
3,status,2,WEREWOLF,ALIVE,HALU
3,status,3,VILLAGER,ALIVE,TOKU3
3,status,4,VILLAGER,ALIVE,HALU
3,status,5,BODYGUARD,ALIVE,SampleJava14
3,status,6,VILLAGER,ALIVE,Tomato7
3,status,7,VILLAGER,DEAD,OKAMI
3,status,8,POSSESSED,DEAD,Tomato0
3,status,9,VILLAGER,ALIVE,SampleJava13
3,status,10,MEDIUM,DEAD,HALU
3,status,11,VILLAGER,DEAD,Takeda6
3,status,12,WEREWOLF,ALIVE,OKAMI
3,status,13,WEREWOLF,ALIVE,HALU
3,status,14,SEER,ALIVE,TOKU12
3,status,15,VILLAGER,ALIVE,Takeda2
3,talk,0,0,13,VOTE Agent[06]
3,talk,1,0,3,VOTE Agent[15]
3,talk,2,0,12,VOTE Agent[06]
3,talk,3,0,15,VOTE Agent[12]
3,talk,4,0,4,VOTE Agent[12]
3,talk,5,0,9,VOTE Agent[02]
3,talk,6,0,2,VOTE Agent[04]
3,talk,7,0,5,VOTE Agent[15]
3,talk,8,0,1,VOTE Agent[12]
3,talk,9,0,14,DIVINED Agent[15] HUMAN
3,talk,10,0,6,VOTE Agent[05]
3,talk,11,1,3,VOTE Agent[02]
3,talk,12,1,15,VOTE Agent[02]
3,talk,13,1,6,Skip
3,talk,14,1,12,VOTE Agent[06]
3,talk,15,1,2,VOTE Agent[01]
3,talk,16,1,14,VOTE Agent[12]
3,talk,17,1,5,REQUEST ANY (VOTE Agent[15])
3,talk,18,1,4,VOTE Agent[02]
3,talk,19,1,9,REQUEST ANY (VOTE Agent[02])
3,talk,20,1,13,VOTE Agent[09]
3,talk,21,1,1,VOTE Agent[12]
3,talk,22,2,14,VOTE Agent[12]
3,talk,23,2,12,VOTE Agent[09]
3,talk,24,2,1,VOTE Agent[02]
3,talk,25,2,9,Skip
3,talk,26,2,2,VOTE Agent[06]
3,talk,27,2,5,Skip
3,talk,28,2,3,Skip
3,talk,29,2,6,Skip
3,talk,30,2,4,VOTE Agent[12]
3,talk,31,2,13,VOTE Agent[01]
3,talk,32,2,15,Skip
3,talk,33,3,9,Skip
3,talk,34,3,6,Over
3,talk,35,3,2,VOTE Agent[06]
3,talk,36,3,13,VOTE Agent[04]
3,talk,37,3,4,VOTE Agent[02]
3,talk,38,3,5,Skip
3,talk,39,3,1,VOTE Agent[02]
3,talk,40,3,14,VOTE Agent[12]
3,talk,41,3,15,Skip
3,talk,42,3,3,Skip
3,talk,43,3,12,VOTE Agent[06]
3,talk,44,4,14,VOTE Agent[12]
3,talk,45,4,12,VOTE Agent[06]
3,talk,46,4,3,Over
3,talk,47,4,9,Over
3,talk,48,4,13,VOTE Agent[01]
3,talk,49,4,6,Over
3,talk,50,4,15,Over
3,talk,51,4,2,VOTE Agent[06]
3,talk,52,4,1,VOTE Agent[02]
3,talk,53,4,5,Over
3,talk,54,4,4,VOTE Agent[12]
3,talk,55,5,12,VOTE Agent[01]
3,talk,56,5,1,VOTE Agent[02]
3,talk,57,5,4,VOTE Agent[02]
3,talk,58,5,9,Over
3,talk,59,5,15,Over
3,talk,60,5,13,VOTE Agent[04]
3,talk,61,5,6,Over
3,talk,62,5,3,Over
3,talk,63,5,14,VOTE Agent[12]
3,talk,64,5,2,VOTE Agent[06]
3,talk,65,5,5,Over
3,talk,66,6,15,Over
3,talk,67,6,2,VOTE Agent[06]
3,talk,68,6,6,Over
3,talk,69,6,3,Over
3,talk,70,6,1,VOTE Agent[12]
3,talk,71,6,9,Over
3,talk,72,6,4,VOTE Agent[02]
3,talk,73,6,5,Over
3,talk,74,6,14,VOTE Agent[12]
3,talk,75,6,13,VOTE Agent[04]
3,talk,76,6,12,VOTE Agent[06]
3,talk,77,7,14,VOTE Agent[12]
3,talk,78,7,4,VOTE Agent[12]
3,talk,79,7,9,Over
3,talk,80,7,3,Over
3,talk,81,7,2,VOTE Agent[06]
3,talk,82,7,12,VOTE Agent[06]
3,talk,83,7,5,Over
3,talk,84,7,1,VOTE Agent[12]
3,talk,85,7,15,Over
3,talk,86,7,6,Over
3,talk,87,7,13,VOTE Agent[01]
3,talk,88,8,14,VOTE Agent[12]
3,talk,89,8,6,Over
3,talk,90,8,2,VOTE Agent[06]
3,talk,91,8,1,VOTE Agent[02]
3,talk,92,8,13,VOTE Agent[06]
3,talk,93,8,5,Over
3,talk,94,8,3,Over
3,talk,95,8,9,Over
3,talk,96,8,12,VOTE Agent[06]
3,talk,97,8,4,VOTE Agent[12]
3,talk,98,8,15,Over
3,talk,99,9,4,Over
3,talk,100,9,1,Over
3,talk,101,9,14,VOTE Agent[12]
3,talk,102,9,5,Over
3,talk,103,9,13,Over
3,talk,104,9,15,Over
3,talk,105,9,9,Over
3,talk,106,9,6,Over
3,talk,107,9,3,Over
3,talk,108,9,12,Over
3,talk,109,9,2,Over
3,talk,110,10,9,Over
3,talk,111,10,3,Over
3,talk,112,10,13,Over
3,talk,113,10,15,Over
3,talk,114,10,12,Over
3,talk,115,10,14,Over
3,talk,116,10,4,Over
3,talk,117,10,2,Over
3,talk,118,10,5,Over
3,talk,119,10,6,Over
3,talk,120,10,1,Over
3,vote,1,12
3,vote,2,6
3,vote,3,2
3,vote,4,12
3,vote,5,2
3,vote,6,5
3,vote,9,15
3,vote,12,6
3,vote,13,6
3,vote,14,12
3,vote,15,2
3,vote,1,12
3,vote,2,6
3,vote,3,2
3,vote,4,12
3,vote,5,2
3,vote,6,5
3,vote,9,2
3,vote,12,6
3,vote,13,1
3,vote,14,12
3,vote,15,2
3,execute,2,WEREWOLF
3,divine,14,3,HUMAN
3,whisper,0,0,12,ATTACK Agent[04]
3,whisper,1,0,13,ATTACK Agent[14]
3,whisper,2,1,12,Skip
3,whisper,3,1,13,Skip
3,whisper,4,2,13,Skip
3,whisper,5,2,12,Skip
3,whisper,6,3,13,Over
3,whisper,7,3,12,Over
3,guard,5,14,SEER
3,attackVote,13,14
3,attack,14,false
4,status,1,VILLAGER,ALIVE,HALU
4,status,2,WEREWOLF,DEAD,HALU
4,status,3,VILLAGER,ALIVE,TOKU3
4,status,4,VILLAGER,ALIVE,HALU
4,status,5,BODYGUARD,ALIVE,SampleJava14
4,status,6,VILLAGER,ALIVE,Tomato7
4,status,7,VILLAGER,DEAD,OKAMI
4,status,8,POSSESSED,DEAD,Tomato0
4,status,9,VILLAGER,ALIVE,SampleJava13
4,status,10,MEDIUM,DEAD,HALU
4,status,11,VILLAGER,DEAD,Takeda6
4,status,12,WEREWOLF,ALIVE,OKAMI
4,status,13,WEREWOLF,ALIVE,HALU
4,status,14,SEER,ALIVE,TOKU12
4,status,15,VILLAGER,ALIVE,Takeda2
4,talk,0,0,3,VOTE Agent[12]
4,talk,1,0,5,VOTE Agent[13]
4,talk,2,0,4,VOTE Agent[12]
4,talk,3,0,13,VOTE Agent[04]
4,talk,4,0,15,VOTE Agent[12]
4,talk,5,0,6,VOTE Agent[05]
4,talk,6,0,12,VOTE Agent[04]
4,talk,7,0,1,VOTE Agent[12]
4,talk,8,0,14,DIVINED Agent[03] HUMAN
4,talk,9,0,9,VOTE Agent[06]
4,talk,10,1,14,VOTE Agent[12]
4,talk,11,1,12,VOTE Agent[06]
4,talk,12,1,6,Skip
4,talk,13,1,15,Skip
4,talk,14,1,9,REQUEST ANY (VOTE Agent[06])
4,talk,15,1,4,VOTE Agent[12]
4,talk,16,1,13,VOTE Agent[06]
4,talk,17,1,1,VOTE Agent[12]
4,talk,18,1,5,REQUEST ANY (VOTE Agent[13])
4,talk,19,1,3,Skip
4,talk,20,2,4,VOTE Agent[12]
4,talk,21,2,13,VOTE Agent[06]
4,talk,22,2,15,Skip
4,talk,23,2,9,Skip
4,talk,24,2,1,VOTE Agent[12]
4,talk,25,2,14,VOTE Agent[12]
4,talk,26,2,6,Skip
4,talk,27,2,5,Skip
4,talk,28,2,3,Skip
4,talk,29,2,12,VOTE Agent[06]
4,talk,30,3,1,VOTE Agent[12]
4,talk,31,3,15,Over
4,talk,32,3,13,VOTE Agent[06]
4,talk,33,3,6,Over
4,talk,34,3,4,VOTE Agent[12]
4,talk,35,3,9,Skip
4,talk,36,3,12,VOTE Agent[06]
4,talk,37,3,14,VOTE Agent[12]
4,talk,38,3,5,Skip
4,talk,39,3,3,Over
4,talk,40,4,4,VOTE Agent[12]
4,talk,41,4,9,Over
4,talk,42,4,3,Over
4,talk,43,4,5,Over
4,talk,44,4,15,Over
4,talk,45,4,1,VOTE Agent[12]
4,talk,46,4,14,VOTE Agent[12]
4,talk,47,4,6,Over
4,talk,48,4,13,VOTE Agent[06]
4,talk,49,4,12,VOTE Agent[06]
4,talk,50,5,9,Over
4,talk,51,5,5,Over
4,talk,52,5,13,VOTE Agent[06]
4,talk,53,5,1,VOTE Agent[12]
4,talk,54,5,14,VOTE Agent[12]
4,talk,55,5,12,VOTE Agent[06]
4,talk,56,5,3,Over
4,talk,57,5,4,VOTE Agent[12]
4,talk,58,5,15,Over
4,talk,59,5,6,Over
4,talk,60,6,4,VOTE Agent[12]
4,talk,61,6,15,Over
4,talk,62,6,9,Over
4,talk,63,6,1,VOTE Agent[12]
4,talk,64,6,3,Over
4,talk,65,6,13,VOTE Agent[01]
4,talk,66,6,6,Over
4,talk,67,6,12,VOTE Agent[01]
4,talk,68,6,5,Over
4,talk,69,6,14,VOTE Agent[12]
4,talk,70,7,14,VOTE Agent[12]
4,talk,71,7,1,VOTE Agent[12]
4,talk,72,7,9,Over
4,talk,73,7,13,VOTE Agent[01]
4,talk,74,7,15,Over
4,talk,75,7,4,VOTE Agent[12]
4,talk,76,7,6,Over
4,talk,77,7,5,Over
4,talk,78,7,12,VOTE Agent[06]
4,talk,79,7,3,Over
4,talk,80,8,5,Over
4,talk,81,8,14,VOTE Agent[12]
4,talk,82,8,12,VOTE Agent[06]
4,talk,83,8,6,Over
4,talk,84,8,3,Over
4,talk,85,8,1,VOTE Agent[12]
4,talk,86,8,13,VOTE Agent[01]
4,talk,87,8,9,Over
4,talk,88,8,4,VOTE Agent[12]
4,talk,89,8,15,Over
4,talk,90,9,15,Over
4,talk,91,9,3,Over
4,talk,92,9,1,Over
4,talk,93,9,6,Over
4,talk,94,9,12,Over
4,talk,95,9,5,Over
4,talk,96,9,9,Over
4,talk,97,9,4,Over
4,talk,98,9,13,Over
4,talk,99,9,14,VOTE Agent[12]
4,talk,100,10,5,Over
4,talk,101,10,3,Over
4,talk,102,10,4,Over
4,talk,103,10,13,Over
4,talk,104,10,14,Over
4,talk,105,10,1,Over
4,talk,106,10,15,Over
4,talk,107,10,12,Over
4,talk,108,10,6,Over
4,talk,109,10,9,Over
4,vote,1,12
4,vote,3,12
4,vote,4,12
4,vote,5,6
4,vote,6,5
4,vote,9,13
4,vote,12,1
4,vote,13,6
4,vote,14,12
4,vote,15,12
4,execute,12,WEREWOLF
4,divine,14,6,HUMAN
4,guard,5,14,SEER
4,attackVote,13,14
4,attack,14,false
5,status,1,VILLAGER,ALIVE,HALU
5,status,2,WEREWOLF,DEAD,HALU
5,status,3,VILLAGER,ALIVE,TOKU3
5,status,4,VILLAGER,ALIVE,HALU
5,status,5,BODYGUARD,ALIVE,SampleJava14
5,status,6,VILLAGER,ALIVE,Tomato7
5,status,7,VILLAGER,DEAD,OKAMI
5,status,8,POSSESSED,DEAD,Tomato0
5,status,9,VILLAGER,ALIVE,SampleJava13
5,status,10,MEDIUM,DEAD,HALU
5,status,11,VILLAGER,DEAD,Takeda6
5,status,12,WEREWOLF,DEAD,OKAMI
5,status,13,WEREWOLF,ALIVE,HALU
5,status,14,SEER,ALIVE,TOKU12
5,status,15,VILLAGER,ALIVE,Takeda2
5,talk,0,0,9,VOTE Agent[01]
5,talk,1,0,1,VOTE Agent[09]
5,talk,2,0,5,VOTE Agent[04]
5,talk,3,0,3,VOTE Agent[06]
5,talk,4,0,6,VOTE Agent[05]
5,talk,5,0,13,VOTE Agent[06]
5,talk,6,0,14,DIVINED Agent[06] HUMAN
5,talk,7,0,15,VOTE Agent[06]
5,talk,8,0,4,VOTE Agent[09]
5,talk,9,1,13,VOTE Agent[04]
5,talk,10,1,9,REQUEST ANY (VOTE Agent[01])
5,talk,11,1,15,VOTE Agent[03]
5,talk,12,1,4,VOTE Agent[09]
5,talk,13,1,5,REQUEST ANY (VOTE Agent[04])
5,talk,14,1,14,VOTE Agent[04]
5,talk,15,1,3,VOTE Agent[04]
5,talk,16,1,6,Skip
5,talk,17,1,1,VOTE Agent[04]
5,talk,18,2,5,Skip
5,talk,19,2,3,Skip
5,talk,20,2,1,VOTE Agent[04]
5,talk,21,2,4,VOTE Agent[09]
5,talk,22,2,6,Skip
5,talk,23,2,13,VOTE Agent[04]
5,talk,24,2,15,VOTE Agent[04]
5,talk,25,2,9,Skip
5,talk,26,2,14,VOTE Agent[04]
5,talk,27,3,4,VOTE Agent[09]
5,talk,28,3,14,VOTE Agent[04]
5,talk,29,3,15,Skip
5,talk,30,3,9,Skip
5,talk,31,3,1,VOTE Agent[04]
5,talk,32,3,6,Over
5,talk,33,3,13,VOTE Agent[09]
5,talk,34,3,3,Skip
5,talk,35,3,5,Skip
5,talk,36,4,1,VOTE Agent[13]
5,talk,37,4,14,VOTE Agent[04]
5,talk,38,4,15,Skip
5,talk,39,4,4,VOTE Agent[09]
5,talk,40,4,3,Over
5,talk,41,4,9,Over
5,talk,42,4,13,VOTE Agent[09]
5,talk,43,4,5,Over
5,talk,44,4,6,Over
5,talk,45,5,15,Over
5,talk,46,5,4,VOTE Agent[01]
5,talk,47,5,13,VOTE Agent[04]
5,talk,48,5,14,VOTE Agent[04]
5,talk,49,5,3,Over
5,talk,50,5,5,Over
5,talk,51,5,9,Over
5,talk,52,5,1,VOTE Agent[13]
5,talk,53,5,6,Over
5,talk,54,6,4,VOTE Agent[01]
5,talk,55,6,1,VOTE Agent[13]
5,talk,56,6,13,VOTE Agent[04]
5,talk,57,6,3,Over
5,talk,58,6,9,Over
5,talk,59,6,15,Over
5,talk,60,6,5,Over
5,talk,61,6,14,VOTE Agent[04]
5,talk,62,6,6,Over
5,talk,63,7,5,Over
5,talk,64,7,1,VOTE Agent[13]
5,talk,65,7,4,VOTE Agent[13]
5,talk,66,7,6,Over
5,talk,67,7,14,VOTE Agent[04]
5,talk,68,7,15,Over
5,talk,69,7,13,VOTE Agent[04]
5,talk,70,7,3,Over
5,talk,71,7,9,Over
5,talk,72,8,15,Over
5,talk,73,8,6,Over
5,talk,74,8,1,VOTE Agent[04]
5,talk,75,8,5,Over
5,talk,76,8,13,VOTE Agent[04]
5,talk,77,8,3,Over
5,talk,78,8,14,VOTE Agent[04]
5,talk,79,8,4,VOTE Agent[13]
5,talk,80,8,9,Over
5,talk,81,9,15,Over
5,talk,82,9,1,Over
5,talk,83,9,5,Over
5,talk,84,9,4,Over
5,talk,85,9,6,Over
5,talk,86,9,14,VOTE Agent[04]
5,talk,87,9,13,Over
5,talk,88,9,3,Over
5,talk,89,9,9,Over
5,talk,90,10,6,Over
5,talk,91,10,4,Over
5,talk,92,10,13,Over
5,talk,93,10,5,Over
5,talk,94,10,3,Over
5,talk,95,10,1,Over
5,talk,96,10,14,Over
5,talk,97,10,15,Over
5,talk,98,10,9,Over
5,vote,1,13
5,vote,3,4
5,vote,4,13
5,vote,5,1
5,vote,6,5
5,vote,9,4
5,vote,13,4
5,vote,14,4
5,vote,15,4
5,execute,4,VILLAGER
5,divine,14,1,HUMAN
5,guard,5,14,SEER
5,attackVote,13,14
5,attack,14,false
6,status,1,VILLAGER,ALIVE,HALU
6,status,2,WEREWOLF,DEAD,HALU
6,status,3,VILLAGER,ALIVE,TOKU3
6,status,4,VILLAGER,DEAD,HALU
6,status,5,BODYGUARD,ALIVE,SampleJava14
6,status,6,VILLAGER,ALIVE,Tomato7
6,status,7,VILLAGER,DEAD,OKAMI
6,status,8,POSSESSED,DEAD,Tomato0
6,status,9,VILLAGER,ALIVE,SampleJava13
6,status,10,MEDIUM,DEAD,HALU
6,status,11,VILLAGER,DEAD,Takeda6
6,status,12,WEREWOLF,DEAD,OKAMI
6,status,13,WEREWOLF,ALIVE,HALU
6,status,14,SEER,ALIVE,TOKU12
6,status,15,VILLAGER,ALIVE,Takeda2
6,talk,0,0,5,VOTE Agent[15]
6,talk,1,0,15,VOTE Agent[03]
6,talk,2,0,3,VOTE Agent[01]
6,talk,3,0,9,VOTE Agent[05]
6,talk,4,0,14,DIVINED Agent[01] HUMAN
6,talk,5,0,13,VOTE Agent[09]
6,talk,6,0,1,VOTE Agent[09]
6,talk,7,0,6,VOTE Agent[05]
6,talk,8,1,3,VOTE Agent[14]
6,talk,9,1,6,Skip
6,talk,10,1,15,Skip
6,talk,11,1,5,REQUEST ANY (VOTE Agent[15])
6,talk,12,1,14,VOTE Agent[09]
6,talk,13,1,1,VOTE Agent[13]
6,talk,14,1,13,VOTE Agent[09]
6,talk,15,1,9,REQUEST ANY (VOTE Agent[05])
6,talk,16,2,9,Skip
6,talk,17,2,3,Skip
6,talk,18,2,13,VOTE Agent[09]
6,talk,19,2,1,VOTE Agent[13]
6,talk,20,2,5,Skip
6,talk,21,2,14,VOTE Agent[09]
6,talk,22,2,6,Skip
6,talk,23,2,15,Skip
6,talk,24,3,3,Skip
6,talk,25,3,13,VOTE Agent[09]
6,talk,26,3,1,VOTE Agent[09]
6,talk,27,3,14,VOTE Agent[09]
6,talk,28,3,6,Over
6,talk,29,3,9,Skip
6,talk,30,3,15,Over
6,talk,31,3,5,Skip
6,talk,32,4,9,Over
6,talk,33,4,13,VOTE Agent[09]
6,talk,34,4,5,Over
6,talk,35,4,15,Over
6,talk,36,4,6,Over
6,talk,37,4,14,VOTE Agent[09]
6,talk,38,4,1,VOTE Agent[09]
6,talk,39,4,3,Over
6,talk,40,5,1,VOTE Agent[09]
6,talk,41,5,5,Over
6,talk,42,5,13,VOTE Agent[09]
6,talk,43,5,15,Over
6,talk,44,5,3,Over
6,talk,45,5,6,Over
6,talk,46,5,14,VOTE Agent[09]
6,talk,47,5,9,Over
6,talk,48,6,1,VOTE Agent[09]
6,talk,49,6,6,Over
6,talk,50,6,14,VOTE Agent[09]
6,talk,51,6,3,Over
6,talk,52,6,9,Over
6,talk,53,6,13,VOTE Agent[09]
6,talk,54,6,5,Over
6,talk,55,6,15,Over
6,talk,56,7,3,Over
6,talk,57,7,15,Over
6,talk,58,7,13,VOTE Agent[09]
6,talk,59,7,5,Over
6,talk,60,7,14,VOTE Agent[09]
6,talk,61,7,6,Over
6,talk,62,7,1,VOTE Agent[09]
6,talk,63,7,9,Over
6,talk,64,8,3,Over
6,talk,65,8,15,Over
6,talk,66,8,6,Over
6,talk,67,8,5,Over
6,talk,68,8,13,VOTE Agent[09]
6,talk,69,8,14,VOTE Agent[09]
6,talk,70,8,1,VOTE Agent[09]
6,talk,71,8,9,Over
6,talk,72,9,14,VOTE Agent[09]
6,talk,73,9,1,Over
6,talk,74,9,3,Over
6,talk,75,9,13,Over
6,talk,76,9,5,Over
6,talk,77,9,6,Over
6,talk,78,9,9,Over
6,talk,79,9,15,Over
6,talk,80,10,6,Over
6,talk,81,10,9,Over
6,talk,82,10,5,Over
6,talk,83,10,1,Over
6,talk,84,10,14,Over
6,talk,85,10,3,Over
6,talk,86,10,15,Over
6,talk,87,10,13,Over
6,vote,1,9
6,vote,3,14
6,vote,5,1
6,vote,6,5
6,vote,9,15
6,vote,13,9
6,vote,14,9
6,vote,15,3
6,execute,9,VILLAGER
6,divine,14,13,WEREWOLF
6,guard,5,14,SEER
6,attackVote,13,14
6,attack,14,false
7,status,1,VILLAGER,ALIVE,HALU
7,status,2,WEREWOLF,DEAD,HALU
7,status,3,VILLAGER,ALIVE,TOKU3
7,status,4,VILLAGER,DEAD,HALU
7,status,5,BODYGUARD,ALIVE,SampleJava14
7,status,6,VILLAGER,ALIVE,Tomato7
7,status,7,VILLAGER,DEAD,OKAMI
7,status,8,POSSESSED,DEAD,Tomato0
7,status,9,VILLAGER,DEAD,SampleJava13
7,status,10,MEDIUM,DEAD,HALU
7,status,11,VILLAGER,DEAD,Takeda6
7,status,12,WEREWOLF,DEAD,OKAMI
7,status,13,WEREWOLF,ALIVE,HALU
7,status,14,SEER,ALIVE,TOKU12
7,status,15,VILLAGER,ALIVE,Takeda2
7,talk,0,0,14,DIVINED Agent[13] WEREWOLF
7,talk,1,0,5,VOTE Agent[13]
7,talk,2,0,15,VOTE Agent[03]
7,talk,3,0,1,VOTE Agent[14]
7,talk,4,0,3,VOTE Agent[14]
7,talk,5,0,13,VOTE Agent[03]
7,talk,6,0,6,VOTE Agent[05]
7,talk,7,1,5,REQUEST ANY (VOTE Agent[13])
7,talk,8,1,1,VOTE Agent[13]
7,talk,9,1,3,Skip
7,talk,10,1,15,Skip
7,talk,11,1,13,VOTE Agent[06]
7,talk,12,1,14,VOTE Agent[13]
7,talk,13,1,6,Skip
7,talk,14,2,3,Skip
7,talk,15,2,13,VOTE Agent[06]
7,talk,16,2,6,Skip
7,talk,17,2,1,VOTE Agent[14]
7,talk,18,2,14,VOTE Agent[13]
7,talk,19,2,15,Skip
7,talk,20,2,5,Skip
7,talk,21,3,6,Over
7,talk,22,3,1,VOTE Agent[14]
7,talk,23,3,3,Over
7,talk,24,3,5,Skip
7,talk,25,3,13,VOTE Agent[06]
7,talk,26,3,15,Over
7,talk,27,3,14,VOTE Agent[13]
7,talk,28,4,6,Over
7,talk,29,4,15,Over
7,talk,30,4,14,VOTE Agent[13]
7,talk,31,4,13,VOTE Agent[06]
7,talk,32,4,5,Over
7,talk,33,4,1,VOTE Agent[14]
7,talk,34,4,3,Over
7,talk,35,5,14,VOTE Agent[13]
7,talk,36,5,13,VOTE Agent[06]
7,talk,37,5,15,Over
7,talk,38,5,5,Over
7,talk,39,5,6,Over
7,talk,40,5,3,Over
7,talk,41,5,1,VOTE Agent[14]
7,talk,42,6,5,Over
7,talk,43,6,3,Over
7,talk,44,6,6,Over
7,talk,45,6,14,VOTE Agent[13]
7,talk,46,6,1,VOTE Agent[14]
7,talk,47,6,15,Over
7,talk,48,6,13,VOTE Agent[01]
7,talk,49,7,15,Over
7,talk,50,7,6,Over
7,talk,51,7,5,Over
7,talk,52,7,14,VOTE Agent[13]
7,talk,53,7,1,VOTE Agent[14]
7,talk,54,7,13,VOTE Agent[01]
7,talk,55,7,3,Over
7,talk,56,8,13,VOTE Agent[06]
7,talk,57,8,5,Over
7,talk,58,8,1,VOTE Agent[14]
7,talk,59,8,15,Over
7,talk,60,8,14,VOTE Agent[13]
7,talk,61,8,3,Over
7,talk,62,8,6,Over
7,talk,63,9,14,VOTE Agent[13]
7,talk,64,9,6,Over
7,talk,65,9,5,Over
7,talk,66,9,15,Over
7,talk,67,9,1,Over
7,talk,68,9,13,Over
7,talk,69,9,3,Over
7,talk,70,10,3,Over
7,talk,71,10,15,Over
7,talk,72,10,13,Over
7,talk,73,10,6,Over
7,talk,74,10,1,Over
7,talk,75,10,5,Over
7,talk,76,10,14,Over
7,vote,1,14
7,vote,3,14
7,vote,5,1
7,vote,6,5
7,vote,13,6
7,vote,14,13
7,vote,15,3
7,execute,14,SEER
7,guard,5,1,VILLAGER
7,attackVote,13,3
7,attack,3,true
8,status,1,VILLAGER,ALIVE,HALU
8,status,2,WEREWOLF,DEAD,HALU
8,status,3,VILLAGER,DEAD,TOKU3
8,status,4,VILLAGER,DEAD,HALU
8,status,5,BODYGUARD,ALIVE,SampleJava14
8,status,6,VILLAGER,ALIVE,Tomato7
8,status,7,VILLAGER,DEAD,OKAMI
8,status,8,POSSESSED,DEAD,Tomato0
8,status,9,VILLAGER,DEAD,SampleJava13
8,status,10,MEDIUM,DEAD,HALU
8,status,11,VILLAGER,DEAD,Takeda6
8,status,12,WEREWOLF,DEAD,OKAMI
8,status,13,WEREWOLF,ALIVE,HALU
8,status,14,SEER,DEAD,TOKU12
8,status,15,VILLAGER,ALIVE,Takeda2
8,talk,0,0,1,VOTE Agent[13]
8,talk,1,0,6,VOTE Agent[05]
8,talk,2,0,15,VOTE Agent[06]
8,talk,3,0,5,VOTE Agent[15]
8,talk,4,0,13,VOTE Agent[06]
8,talk,5,1,15,Skip
8,talk,6,1,5,REQUEST ANY (VOTE Agent[15])
8,talk,7,1,13,VOTE Agent[05]
8,talk,8,1,6,Skip
8,talk,9,1,1,VOTE Agent[13]
8,talk,10,2,13,VOTE Agent[05]
8,talk,11,2,6,Skip
8,talk,12,2,1,VOTE Agent[13]
8,talk,13,2,5,Skip
8,talk,14,2,15,Skip
8,talk,15,3,5,Skip
8,talk,16,3,6,Over
8,talk,17,3,13,VOTE Agent[05]
8,talk,18,3,15,Over
8,talk,19,3,1,VOTE Agent[13]
8,talk,20,4,15,Over
8,talk,21,4,5,Over
8,talk,22,4,1,VOTE Agent[13]
8,talk,23,4,13,VOTE Agent[05]
8,talk,24,4,6,Over
8,talk,25,5,15,Over
8,talk,26,5,1,VOTE Agent[13]
8,talk,27,5,6,Over
8,talk,28,5,13,VOTE Agent[05]
8,talk,29,5,5,Over
8,talk,30,6,15,Over
8,talk,31,6,5,Over
8,talk,32,6,1,VOTE Agent[13]
8,talk,33,6,6,Over
8,talk,34,6,13,VOTE Agent[05]
8,talk,35,7,13,VOTE Agent[05]
8,talk,36,7,1,VOTE Agent[13]
8,talk,37,7,5,Over
8,talk,38,7,6,Over
8,talk,39,7,15,Over
8,talk,40,8,13,VOTE Agent[05]
8,talk,41,8,6,Over
8,talk,42,8,5,Over
8,talk,43,8,1,VOTE Agent[13]
8,talk,44,8,15,Over
8,talk,45,9,15,Over
8,talk,46,9,1,Over
8,talk,47,9,6,Over
8,talk,48,9,5,Over
8,talk,49,9,13,Over
8,vote,1,13
8,vote,5,15
8,vote,6,5
8,vote,13,5
8,vote,15,6
8,execute,5,BODYGUARD
8,attackVote,13,6
8,attack,6,true
9,status,1,VILLAGER,ALIVE,HALU
9,status,2,WEREWOLF,DEAD,HALU
9,status,3,VILLAGER,DEAD,TOKU3
9,status,4,VILLAGER,DEAD,HALU
9,status,5,BODYGUARD,DEAD,SampleJava14
9,status,6,VILLAGER,DEAD,Tomato7
9,status,7,VILLAGER,DEAD,OKAMI
9,status,8,POSSESSED,DEAD,Tomato0
9,status,9,VILLAGER,DEAD,SampleJava13
9,status,10,MEDIUM,DEAD,HALU
9,status,11,VILLAGER,DEAD,Takeda6
9,status,12,WEREWOLF,DEAD,OKAMI
9,status,13,WEREWOLF,ALIVE,HALU
9,status,14,SEER,DEAD,TOKU12
9,status,15,VILLAGER,ALIVE,Takeda2
9,talk,0,0,13,VOTE Agent[01]
9,talk,1,0,15,VOTE Agent[13]
9,talk,2,0,1,VOTE Agent[13]
9,talk,3,1,13,VOTE Agent[01]
9,talk,4,1,15,Skip
9,talk,5,1,1,VOTE Agent[13]
9,talk,6,2,15,Skip
9,talk,7,2,1,VOTE Agent[13]
9,talk,8,2,13,VOTE Agent[15]
9,talk,9,3,15,Over
9,talk,10,3,1,VOTE Agent[13]
9,talk,11,3,13,VOTE Agent[01]
9,talk,12,4,15,Over
9,talk,13,4,13,VOTE Agent[15]
9,talk,14,4,1,VOTE Agent[13]
9,talk,15,5,13,VOTE Agent[15]
9,talk,16,5,1,VOTE Agent[13]
9,talk,17,5,15,Over
9,talk,18,6,1,VOTE Agent[13]
9,talk,19,6,13,VOTE Agent[15]
9,talk,20,6,15,Over
9,talk,21,7,1,VOTE Agent[13]
9,talk,22,7,13,VOTE Agent[15]
9,talk,23,7,15,Over
9,talk,24,8,15,Over
9,talk,25,8,1,VOTE Agent[13]
9,talk,26,8,13,VOTE Agent[15]
9,talk,27,9,1,Over
9,talk,28,9,13,Over
9,talk,29,9,15,Over
9,vote,1,13
9,vote,13,15
9,vote,15,13
9,execute,13,WEREWOLF
10,status,1,VILLAGER,ALIVE,HALU
10,status,2,WEREWOLF,DEAD,HALU
10,status,3,VILLAGER,DEAD,TOKU3
10,status,4,VILLAGER,DEAD,HALU
10,status,5,BODYGUARD,DEAD,SampleJava14
10,status,6,VILLAGER,DEAD,Tomato7
10,status,7,VILLAGER,DEAD,OKAMI
10,status,8,POSSESSED,DEAD,Tomato0
10,status,9,VILLAGER,DEAD,SampleJava13
10,status,10,MEDIUM,DEAD,HALU
10,status,11,VILLAGER,DEAD,Takeda6
10,status,12,WEREWOLF,DEAD,OKAMI
10,status,13,WEREWOLF,DEAD,HALU
10,status,14,SEER,DEAD,TOKU12
10,status,15,VILLAGER,ALIVE,Takeda2
10,result,2,0,VILLAGER
