0,status,1,VILLAGER,ALIVE,HALU
0,status,2,VILLAGER,ALIVE,HALU
0,status,3,VILLAGER,ALIVE,TOKU3
0,status,4,BODYGUARD,ALIVE,HALU
0,status,5,WEREWOLF,ALIVE,SampleJava14
0,status,6,SEER,ALIVE,Tomato7
0,status,7,WEREWOLF,ALIVE,OKAMI
0,status,8,VILLAGER,ALIVE,Tomato0
0,status,9,MEDIUM,ALIVE,SampleJava13
0,status,10,VILLAGER,ALIVE,HALU
0,status,11,VILLAGER,ALIVE,Takeda6
0,status,12,POSSESSED,ALIVE,OKAMI
0,status,13,WEREWOLF,ALIVE,HALU
0,status,14,VILLAGER,ALIVE,TOKU12
0,status,15,VILLAGER,ALIVE,Takeda2
0,whisper,0,0,5,COMINGOUT Agent[05] MEDIUM
0,whisper,1,0,7,COMINGOUT Agent[07] MEDIUM
0,whisper,2,0,13,COMINGOUT Agent[13] MEDIUM
0,whisper,3,1,13,COMINGOUT Agent[13] VILLAGER
0,whisper,4,1,5,COMINGOUT Agent[05] SEER
0,whisper,5,1,7,COMINGOUT Agent[07] VILLAGER
0,whisper,6,2,5,Skip
0,whisper,7,2,13,Skip
0,whisper,8,2,7,Skip
0,whisper,9,3,7,Skip
0,whisper,10,3,5,Skip
0,whisper,11,3,13,Skip
0,whisper,12,4,7,Over
0,whisper,13,4,13,Over
0,whisper,14,4,5,Over
0,divine,6,13,WEREWOLF
1,status,1,VILLAGER,ALIVE,HALU
1,status,2,VILLAGER,ALIVE,HALU
1,status,3,VILLAGER,ALIVE,TOKU3
1,status,4,BODYGUARD,ALIVE,HALU
1,status,5,WEREWOLF,ALIVE,SampleJava14
1,status,6,SEER,ALIVE,Tomato7
1,status,7,WEREWOLF,ALIVE,OKAMI
1,status,8,VILLAGER,ALIVE,Tomato0
1,status,9,MEDIUM,ALIVE,SampleJava13
1,status,10,VILLAGER,ALIVE,HALU
1,status,11,VILLAGER,ALIVE,Takeda6
1,status,12,POSSESSED,ALIVE,OKAMI
1,status,13,WEREWOLF,ALIVE,HALU
1,status,14,VILLAGER,ALIVE,TOKU12
1,status,15,VILLAGER,ALIVE,Takeda2
1,talk,0,0,12,COMINGOUT Agent[12] VILLAGER
1,talk,1,0,15,VOTE Agent[11]
1,talk,2,0,14,VOTE Agent[11]
1,talk,3,0,1,VOTE Agent[14]
1,talk,4,0,10,VOTE Agent[14]
1,talk,5,0,3,VOTE Agent[11]
1,talk,6,0,11,VOTE Agent[14]
1,talk,7,0,5,COMINGOUT Agent[05] SEER
1,talk,8,0,2,VOTE Agent[03]
1,talk,9,0,4,VOTE Agent[02]
1,talk,10,0,13,VOTE Agent[04]
1,talk,11,0,7,VOTE Agent[11]
1,talk,12,0,9,VOTE Agent[07]
1,talk,13,0,6,COMINGOUT Agent[06] SEER
1,talk,14,0,8,VOTE Agent[11]
1,talk,15,1,2,VOTE Agent[08]
1,talk,16,1,14,Skip
1,talk,17,1,9,REQUEST ANY (VOTE Agent[07])
1,talk,18,1,10,VOTE Agent[09]
1,talk,19,1,5,DAY 1 (DIVINED Agent[10] WEREWOLF)
1,talk,20,1,12,Over
1,talk,21,1,1,VOTE Agent[10]
1,talk,22,1,11,VOTE Agent[06]
1,talk,23,1,8,Skip
1,talk,24,1,3,VOTE Agent[05]
1,talk,25,1,6,DIVINED Agent[13] WEREWOLF
1,talk,26,1,15,VOTE Agent[05]
1,talk,27,1,4,VOTE Agent[10]
1,talk,28,1,7,VOTE Agent[10]
1,talk,29,1,13,VOTE Agent[10]
1,talk,30,2,9,Skip
1,talk,31,2,8,VOTE Agent[10]
1,talk,32,2,1,VOTE Agent[10]
1,talk,33,2,12,DIVINED Agent[04] WEREWOLF
1,talk,34,2,4,VOTE Agent[12]
1,talk,35,2,2,VOTE Agent[06]
1,talk,36,2,7,VOTE Agent[10]
1,talk,37,2,15,VOTE Agent[07]
1,talk,38,2,5,DIVINED Agent[10] WEREWOLF
1,talk,39,2,10,VOTE Agent[12]
1,talk,40,2,6,VOTE Agent[10]
1,talk,41,2,3,VOTE Agent[07]
1,talk,42,2,11,VOTE Agent[07]
1,talk,43,2,14,VOTE Agent[07]
1,talk,44,2,13,VOTE Agent[10]
1,talk,45,3,6,VOTE Agent[07]
1,talk,46,3,14,VOTE Agent[05]
1,talk,47,3,8,VOTE Agent[07]
1,talk,48,3,3,VOTE Agent[05]
1,talk,49,3,5,BECAUSE (DAY 1 (DIVINED Agent[10] WEREWOLF)) (AND (VOTE Agent[10]) (REQUEST ANY (VOTE Agent[10])))
1,talk,50,3,2,VOTE Agent[05]
1,talk,51,3,13,VOTE Agent[10]
1,talk,52,3,12,VOTE Agent[04]
1,talk,53,3,9,Skip
1,talk,54,3,10,VOTE Agent[12]
1,talk,55,3,1,VOTE Agent[13]
1,talk,56,3,11,VOTE Agent[05]
1,talk,57,3,15,VOTE Agent[05]
1,talk,58,3,7,VOTE Agent[10]
1,talk,59,3,4,VOTE Agent[06]
1,talk,60,4,1,VOTE Agent[10]
1,talk,61,4,12,VOTE Agent[05]
1,talk,62,4,9,Over
1,talk,63,4,15,Skip
1,talk,64,4,11,Skip
1,talk,65,4,7,VOTE Agent[10]
1,talk,66,4,10,VOTE Agent[12]
1,talk,67,4,6,VOTE Agent[05]
1,talk,68,4,14,Skip
1,talk,69,4,2,VOTE Agent[12]
1,talk,70,4,8,VOTE Agent[05]
1,talk,71,4,13,VOTE Agent[04]
1,talk,72,4,5,VOTE Agent[10]
1,talk,73,4,4,VOTE Agent[05]
1,talk,74,4,3,Skip
1,talk,75,5,11,Skip
1,talk,76,5,14,Skip
1,talk,77,5,6,Skip
1,talk,78,5,4,VOTE Agent[05]
1,talk,79,5,13,VOTE Agent[04]
1,talk,80,5,12,VOTE Agent[05]
1,talk,81,5,7,VOTE Agent[10]
1,talk,82,5,15,Skip
1,talk,83,5,8,Skip
1,talk,84,5,9,Over
1,talk,85,5,10,VOTE Agent[12]
1,talk,86,5,1,VOTE Agent[13]
1,talk,87,5,2,VOTE Agent[12]
1,talk,88,5,5,REQUEST ANY (VOTE Agent[10])
1,talk,89,5,3,Skip
1,talk,90,6,7,VOTE Agent[04]
1,talk,91,6,14,Over
1,talk,92,6,10,VOTE Agent[12]
1,talk,93,6,13,VOTE Agent[04]
1,talk,94,6,15,Over
1,talk,95,6,11,Over
1,talk,96,6,12,VOTE Agent[05]
1,talk,97,6,4,VOTE Agent[05]
1,talk,98,6,9,Over
1,talk,99,6,2,VOTE Agent[05]
1,talk,100,6,8,Skip
1,talk,101,6,3,Over
1,talk,102,6,6,VOTE Agent[13]
1,talk,103,6,1,VOTE Agent[13]
1,talk,104,6,5,Skip
1,talk,105,7,3,Over
1,talk,106,7,12,VOTE Agent[05]
1,talk,107,7,5,Skip
1,talk,108,7,6,Skip
1,talk,109,7,8,Over
1,talk,110,7,1,VOTE Agent[13]
1,talk,111,7,15,Over
1,talk,112,7,11,Over
1,talk,113,7,2,VOTE Agent[12]
1,talk,114,7,7,VOTE Agent[04]
1,talk,115,7,9,Over
1,talk,116,7,13,VOTE Agent[04]
1,talk,117,7,4,VOTE Agent[05]
1,talk,118,7,10,VOTE Agent[06]
1,talk,119,7,14,Over
1,talk,120,8,2,VOTE Agent[05]
1,talk,121,8,6,Skip
1,talk,122,8,13,VOTE Agent[10]
1,talk,123,8,4,VOTE Agent[12]
1,talk,124,8,9,Over
1,talk,125,8,1,VOTE Agent[13]
1,talk,126,8,11,Over
1,talk,127,8,15,Over
1,talk,128,8,5,Over
1,talk,129,8,14,Over
1,talk,130,8,10,VOTE Agent[12]
1,talk,131,8,12,VOTE Agent[05]
1,talk,132,8,7,VOTE Agent[10]
1,talk,133,8,3,Over
1,talk,134,8,8,Over
1,talk,135,9,1,Over
1,talk,136,9,12,Over
1,talk,137,9,10,Over
1,talk,138,9,8,Over
1,talk,139,9,6,Over
1,talk,140,9,13,Over
1,talk,141,9,2,Over
1,talk,142,9,3,Over
1,talk,143,9,9,Over
1,talk,144,9,5,Over
1,talk,145,9,7,Over
1,talk,146,9,11,Over
1,talk,147,9,15,Over
1,talk,148,9,4,Over
1,talk,149,9,14,Over
1,vote,1,13
1,vote,2,12
1,vote,3,5
1,vote,4,12
1,vote,5,10
1,vote,6,13
1,vote,7,10
1,vote,8,5
1,vote,9,10
1,vote,10,12
1,vote,11,5
1,vote,12,5
1,vote,13,10
1,vote,14,5
1,vote,15,5
1,execute,5,WEREWOLF
1,divine,6,9,HUMAN
1,whisper,0,0,7,ATTACK Agent[06]
1,whisper,1,0,13,ATTACK Agent[06]
1,whisper,2,1,7,Skip
1,whisper,3,1,13,Skip
1,whisper,4,2,13,Skip
1,whisper,5,2,7,Skip
1,whisper,6,3,13,Over
1,whisper,7,3,7,Over
1,guard,4,6,SEER
1,attackVote,7,6
1,attackVote,13,6
1,attack,6,false
2,status,1,VILLAGER,ALIVE,HALU
2,status,2,VILLAGER,ALIVE,HALU
2,status,3,VILLAGER,ALIVE,TOKU3
2,status,4,BODYGUARD,ALIVE,HALU
2,status,5,WEREWOLF,DEAD,SampleJava14
2,status,6,SEER,ALIVE,Tomato7
2,status,7,WEREWOLF,ALIVE,OKAMI
2,status,8,VILLAGER,ALIVE,Tomato0
2,status,9,MEDIUM,ALIVE,SampleJava13
2,status,10,VILLAGER,ALIVE,HALU
2,status,11,VILLAGER,ALIVE,Takeda6
2,status,12,POSSESSED,ALIVE,OKAMI
2,status,13,WEREWOLF,ALIVE,HALU
2,status,14,VILLAGER,ALIVE,TOKU12
2,status,15,VILLAGER,ALIVE,Takeda2
2,talk,0,0,14,VOTE Agent[06]
2,talk,1,0,4,VOTE Agent[06]
2,talk,2,0,13,VOTE Agent[04]
2,talk,3,0,8,VOTE Agent[06]
2,talk,4,0,11,VOTE Agent[06]
2,talk,5,0,12,DIVINED Agent[08] HUMAN
2,talk,6,0,1,VOTE Agent[06]
2,talk,7,0,9,COMINGOUT Agent[09] MEDIUM
2,talk,8,0,3,VOTE Agent[06]
2,talk,9,0,2,VOTE Agent[12]
2,talk,10,0,7,VOTE Agent[04]
2,talk,11,0,15,VOTE Agent[07]
2,talk,12,0,6,DIVINED Agent[09] HUMAN
2,talk,13,0,10,VOTE Agent[12]
2,talk,14,1,15,VOTE Agent[06]
2,talk,15,1,13,VOTE Agent[10]
2,talk,16,1,6,VOTE Agent[12]
2,talk,17,1,11,Skip
2,talk,18,1,4,VOTE Agent[06]
2,talk,19,1,7,VOTE Agent[10]
2,talk,20,1,14,Skip
2,talk,21,1,8,Skip
2,talk,22,1,1,VOTE Agent[06]
2,talk,23,1,3,Skip
2,talk,24,1,10,VOTE Agent[06]
2,talk,25,1,9,DAY 2 (IDENTIFIED Agent[05] WEREWOLF)
2,talk,26,1,2,VOTE Agent[10]
2,talk,27,1,12,VOTE Agent[06]
2,talk,28,2,9,IDENTIFIED Agent[05] WEREWOLF
2,talk,29,2,7,VOTE Agent[10]
2,talk,30,2,2,VOTE Agent[10]
2,talk,31,2,10,VOTE Agent[13]
2,talk,32,2,11,Skip
2,talk,33,2,3,Skip
2,talk,34,2,15,Skip
2,talk,35,2,13,VOTE Agent[10]
2,talk,36,2,12,VOTE Agent[06]
2,talk,37,2,4,VOTE Agent[10]
2,talk,38,2,1,VOTE Agent[10]
2,talk,39,2,14,Skip
2,talk,40,2,8,VOTE Agent[10]
2,talk,41,2,6,VOTE Agent[13]
2,talk,42,3,12,VOTE Agent[04]
2,talk,43,3,4,VOTE Agent[13]
2,talk,44,3,10,VOTE Agent[04]
2,talk,45,3,14,Over
2,talk,46,3,15,Skip
2,talk,47,3,7,VOTE Agent[10]
2,talk,48,3,13,VOTE Agent[10]
2,talk,49,3,8,Skip
2,talk,50,3,2,VOTE Agent[04]
2,talk,51,3,3,Over
2,talk,52,3,6,Skip
2,talk,53,3,1,VOTE Agent[13]
2,talk,54,3,11,Over
2,talk,55,3,9,VOTE Agent[11]
2,talk,56,4,14,Over
2,talk,57,4,1,VOTE Agent[13]
2,talk,58,4,9,REQUEST ANY (VOTE Agent[11])
2,talk,59,4,8,VOTE Agent[04]
2,talk,60,4,11,Over
2,talk,61,4,6,Skip
2,talk,62,4,10,VOTE Agent[13]
2,talk,63,4,7,VOTE Agent[04]
2,talk,64,4,13,VOTE Agent[10]
2,talk,65,4,2,VOTE Agent[10]
2,talk,66,4,12,VOTE Agent[06]
2,talk,67,4,4,VOTE Agent[10]
2,talk,68,4,3,Over
2,talk,69,4,15,Over
2,talk,70,5,9,Skip
2,talk,71,5,7,VOTE Agent[10]
2,talk,72,5,15,Over
2,talk,73,5,8,VOTE Agent[06]
2,talk,74,5,13,VOTE Agent[04]
2,talk,75,5,3,Over
2,talk,76,5,12,VOTE Agent[06]
2,talk,77,5,1,VOTE Agent[13]
2,talk,78,5,14,Over
2,talk,79,5,2,VOTE Agent[13]
2,talk,80,5,10,VOTE Agent[13]
2,talk,81,5,11,Over
2,talk,82,5,6,Over
2,talk,83,5,4,VOTE Agent[10]
2,talk,84,6,9,Skip
2,talk,85,6,7,VOTE Agent[10]
2,talk,86,6,6,Over
2,talk,87,6,2,VOTE Agent[10]
2,talk,88,6,8,Skip
2,talk,89,6,11,Over
2,talk,90,6,13,VOTE Agent[04]
2,talk,91,6,15,Over
2,talk,92,6,1,VOTE Agent[10]
2,talk,93,6,10,VOTE Agent[13]
2,talk,94,6,3,Over
2,talk,95,6,4,VOTE Agent[10]
2,talk,96,6,14,Over
2,talk,97,6,12,VOTE Agent[06]
2,talk,98,7,15,Over
2,talk,99,7,14,Over
2,talk,100,7,13,VOTE Agent[04]
2,talk,101,7,2,VOTE Agent[13]
2,talk,102,7,7,VOTE Agent[10]
2,talk,103,7,6,Over
2,talk,104,7,12,VOTE Agent[06]
2,talk,105,7,9,Over
2,talk,106,7,1,VOTE Agent[13]
2,talk,107,7,3,Over
2,talk,108,7,4,VOTE Agent[10]
2,talk,109,7,8,VOTE Agent[13]
2,talk,110,7,11,Over
2,talk,111,7,10,VOTE Agent[13]
2,talk,112,8,8,VOTE Agent[06]
2,talk,113,8,3,Over
2,talk,114,8,12,VOTE Agent[06]
2,talk,115,8,7,VOTE Agent[10]
2,talk,116,8,4,VOTE Agent[10]
2,talk,117,8,13,VOTE Agent[04]
2,talk,118,8,15,Over
2,talk,119,8,11,Over
2,talk,120,8,1,VOTE Agent[13]
2,talk,121,8,14,Over
2,talk,122,8,6,Over
2,talk,123,8,2,VOTE Agent[13]
2,talk,124,8,9,Over
2,talk,125,8,10,VOTE Agent[13]
2,talk,126,9,9,Over
2,talk,127,9,4,Over
2,talk,128,9,12,Over
2,talk,129,9,1,Over
2,talk,130,9,6,Over
2,talk,131,9,14,Over
2,talk,132,9,10,Over
2,talk,133,9,2,Over
2,talk,134,9,13,Over
2,talk,135,9,7,Over
2,talk,136,9,11,Over
2,talk,137,9,8,Skip
2,talk,138,9,3,Over
2,talk,139,9,15,Over
2,talk,140,10,14,Over
2,talk,141,10,4,Over
2,talk,142,10,10,Over
2,talk,143,10,6,Over
2,talk,144,10,11,Over
2,talk,145,10,15,Over
2,talk,146,10,3,Over
2,talk,147,10,12,Over
2,talk,148,10,8,VOTE Agent[13]
2,talk,149,10,1,Over
2,talk,150,10,7,Over
2,talk,151,10,13,Over
2,talk,152,10,9,Over
2,talk,153,10,2,Over
2,talk,154,11,12,Over
2,talk,155,11,2,Over
2,talk,156,11,9,Over
2,talk,157,11,8,Skip
2,talk,158,11,6,Over
2,talk,159,11,7,Over
2,talk,160,11,4,Over
2,talk,161,11,11,Over
2,talk,162,11,13,Over
2,talk,163,11,1,Over
2,talk,164,11,3,Over
2,talk,165,11,14,Over
2,talk,166,11,10,Over
2,talk,167,11,15,Over
2,talk,168,12,1,Over
2,talk,169,12,14,Over
2,talk,170,12,3,Over
2,talk,171,12,10,Over
2,talk,172,12,2,Over
2,talk,173,12,8,Skip
2,talk,174,12,9,Over
2,talk,175,12,12,Over
2,talk,176,12,15,Over
2,talk,177,12,4,Over
2,talk,178,12,13,Over
2,talk,179,12,7,Over
2,talk,180,12,11,Over
2,talk,181,12,6,Over
2,talk,182,13,15,Over
2,talk,183,13,13,Over
2,talk,184,13,2,Over
2,talk,185,13,11,Over
2,talk,186,13,3,Over
2,talk,187,13,7,Over
2,talk,188,13,12,Over
2,talk,189,13,1,Over
2,talk,190,13,4,Over
2,talk,191,13,9,Over
2,talk,192,13,10,Over
2,talk,193,13,6,Over
2,talk,194,13,14,Over
2,talk,195,13,8,Over
2,vote,1,13
2,vote,2,4
2,vote,3,6
2,vote,4,10
2,vote,6,13
2,vote,7,10
2,vote,8,13
2,vote,9,6
2,vote,10,13
2,vote,11,6
2,vote,12,4
2,vote,13,4
2,vote,14,6
2,vote,15,6
2,execute,6,SEER
2,whisper,0,0,7,ATTACK Agent[06]
2,whisper,1,0,13,ATTACK Agent[06]
2,whisper,2,1,7,Skip
2,whisper,3,1,13,Skip
2,whisper,4,2,13,Skip
2,whisper,5,2,7,Skip
2,whisper,6,3,7,Over
2,whisper,7,3,13,Over
2,guard,4,9,MEDIUM
2,attackVote,7,10
2,attackVote,13,11
2,attackVote,7,15
2,attackVote,13,15
2,attack,15,true
3,status,1,VILLAGER,ALIVE,HALU
3,status,2,VILLAGER,ALIVE,HALU
3,status,3,VILLAGER,ALIVE,TOKU3
3,status,4,BODYGUARD,ALIVE,HALU
3,status,5,WEREWOLF,DEAD,SampleJava14
3,status,6,SEER,DEAD,Tomato7
3,status,7,WEREWOLF,ALIVE,OKAMI
3,status,8,VILLAGER,ALIVE,Tomato0
3,status,9,MEDIUM,ALIVE,SampleJava13
3,status,10,VILLAGER,ALIVE,HALU
3,status,11,VILLAGER,ALIVE,Takeda6
3,status,12,POSSESSED,ALIVE,OKAMI
3,status,13,WEREWOLF,ALIVE,HALU
3,status,14,VILLAGER,ALIVE,TOKU12
3,status,15,VILLAGER,DEAD,Takeda2
3,talk,0,0,12,DIVINED Agent[14] HUMAN
3,talk,1,0,7,VOTE Agent[10]
3,talk,2,0,1,VOTE Agent[10]
3,talk,3,0,4,VOTE Agent[13]
3,talk,4,0,3,VOTE Agent[11]
3,talk,5,0,2,VOTE Agent[04]
3,talk,6,0,11,VOTE Agent[03]
3,talk,7,0,8,VOTE Agent[14]
3,talk,8,0,10,VOTE Agent[04]
3,talk,9,0,9,DAY 3 (IDENTIFIED Agent[06] HUMAN)
3,talk,10,0,13,VOTE Agent[10]
3,talk,11,0,14,VOTE Agent[03]
3,talk,12,1,2,VOTE Agent[10]
3,talk,13,1,12,VOTE Agent[04]
3,talk,14,1,3,Skip
3,talk,15,1,1,VOTE Agent[10]
3,talk,16,1,7,VOTE Agent[10]
3,talk,17,1,9,IDENTIFIED Agent[06] HUMAN
3,talk,18,1,10,VOTE Agent[04]
3,talk,19,1,11,Skip
3,talk,20,1,14,Skip
3,talk,21,1,4,VOTE Agent[10]
3,talk,22,1,8,Skip
3,talk,23,1,13,VOTE Agent[10]
3,talk,24,2,11,VOTE Agent[07]
3,talk,25,2,8,Skip
3,talk,26,2,7,VOTE Agent[10]
3,talk,27,2,14,VOTE Agent[07]
3,talk,28,2,9,VOTE Agent[13]
3,talk,29,2,3,VOTE Agent[07]
3,talk,30,2,10,VOTE Agent[13]
3,talk,31,2,4,VOTE Agent[10]
3,talk,32,2,13,VOTE Agent[04]
3,talk,33,2,12,VOTE Agent[04]
3,talk,34,2,1,VOTE Agent[10]
3,talk,35,2,2,VOTE Agent[10]
3,talk,36,3,12,VOTE Agent[04]
3,talk,37,3,7,VOTE Agent[10]
3,talk,38,3,4,VOTE Agent[10]
3,talk,39,3,11,Skip
3,talk,40,3,2,VOTE Agent[10]
3,talk,41,3,1,VOTE Agent[10]
3,talk,42,3,3,Skip
3,talk,43,3,8,Over
3,talk,44,3,9,REQUEST ANY (VOTE Agent[13])
3,talk,45,3,13,VOTE Agent[04]
3,talk,46,3,14,Skip
3,talk,47,3,10,VOTE Agent[13]
3,talk,48,4,10,VOTE Agent[13]
3,talk,49,4,1,VOTE Agent[10]
3,talk,50,4,13,VOTE Agent[04]
3,talk,51,4,12,VOTE Agent[04]
3,talk,52,4,4,VOTE Agent[10]
3,talk,53,4,14,Skip
3,talk,54,4,9,Skip
3,talk,55,4,3,Skip
3,talk,56,4,8,Over
3,talk,57,4,11,Skip
3,talk,58,4,2,VOTE Agent[10]
3,talk,59,4,7,VOTE Agent[10]
3,talk,60,5,10,VOTE Agent[13]
3,talk,61,5,11,Over
3,talk,62,5,14,Over
3,talk,63,5,2,VOTE Agent[10]
3,talk,64,5,1,VOTE Agent[10]
3,talk,65,5,7,VOTE Agent[10]
3,talk,66,5,9,Skip
3,talk,67,5,4,VOTE Agent[10]
3,talk,68,5,8,Over
3,talk,69,5,13,VOTE Agent[04]
3,talk,70,5,12,VOTE Agent[04]
3,talk,71,5,3,Over
3,talk,72,6,1,VOTE Agent[10]
3,talk,73,6,12,VOTE Agent[04]
3,talk,74,6,13,VOTE Agent[10]
3,talk,75,6,14,Over
3,talk,76,6,10,VOTE Agent[04]
3,talk,77,6,9,Over
3,talk,78,6,11,Over
3,talk,79,6,3,Over
3,talk,80,6,4,VOTE Agent[13]
3,talk,81,6,8,Over
3,talk,82,6,2,VOTE Agent[04]
3,talk,83,6,7,VOTE Agent[04]
3,talk,84,7,3,Over
3,talk,85,7,13,VOTE Agent[04]
3,talk,86,7,1,VOTE Agent[13]
3,talk,87,7,2,VOTE Agent[13]
3,talk,88,7,7,VOTE Agent[04]
3,talk,89,7,12,VOTE Agent[04]
3,talk,90,7,11,Over
3,talk,91,7,4,VOTE Agent[13]
3,talk,92,7,10,VOTE Agent[04]
3,talk,93,7,14,Over
3,talk,94,7,8,Over
3,talk,95,7,9,Over
3,talk,96,8,8,Over
3,talk,97,8,7,VOTE Agent[04]
3,talk,98,8,12,VOTE Agent[04]
3,talk,99,8,11,Over
3,talk,100,8,13,VOTE Agent[10]
3,talk,101,8,3,Over
3,talk,102,8,4,VOTE Agent[13]
3,talk,103,8,10,VOTE Agent[04]
3,talk,104,8,9,Over
3,talk,105,8,1,VOTE Agent[10]
3,talk,106,8,14,Over
3,talk,107,8,2,VOTE Agent[04]
3,talk,108,9,3,Over
3,talk,109,9,14,Over
3,talk,110,9,2,Over
3,talk,111,9,4,Over
3,talk,112,9,9,Over
3,talk,113,9,13,Over
3,talk,114,9,11,Over
3,talk,115,9,7,Over
3,talk,116,9,10,Over
3,talk,117,9,8,Over
3,talk,118,9,12,Over
3,talk,119,9,1,Over
3,vote,1,10
3,vote,2,4
3,vote,3,7
3,vote,4,13
3,vote,7,4
3,vote,8,14
3,vote,9,8
3,vote,10,4
3,vote,11,7
3,vote,12,4
3,vote,13,10
3,vote,14,7
3,execute,4,BODYGUARD
3,whisper,0,0,13,ATTACK Agent[10]
3,whisper,1,0,7,ATTACK Agent[12]
3,whisper,2,1,7,Skip
3,whisper,3,1,13,Skip
3,whisper,4,2,13,Skip
3,whisper,5,2,7,Skip
3,whisper,6,3,7,Over
3,whisper,7,3,13,Over
3,attackVote,7,10
3,attackVote,13,2
3,attackVote,7,8
3,attackVote,13,3
3,attack,3,true
4,status,1,VILLAGER,ALIVE,HALU
4,status,2,VILLAGER,ALIVE,HALU
4,status,3,VILLAGER,DEAD,TOKU3
4,status,4,BODYGUARD,DEAD,HALU
4,status,5,WEREWOLF,DEAD,SampleJava14
4,status,6,SEER,DEAD,Tomato7
4,status,7,WEREWOLF,ALIVE,OKAMI
4,status,8,VILLAGER,ALIVE,Tomato0
4,status,9,MEDIUM,ALIVE,SampleJava13
4,status,10,VILLAGER,ALIVE,HALU
4,status,11,VILLAGER,ALIVE,Takeda6
4,status,12,POSSESSED,ALIVE,OKAMI
4,status,13,WEREWOLF,ALIVE,HALU
4,status,14,VILLAGER,ALIVE,TOKU12
4,status,15,VILLAGER,DEAD,Takeda2
4,talk,0,0,14,VOTE Agent[07]
4,talk,1,0,11,VOTE Agent[07]
4,talk,2,0,10,VOTE Agent[13]
4,talk,3,0,7,VOTE Agent[10]
4,talk,4,0,8,VOTE Agent[14]
4,talk,5,0,12,DIVINED Agent[07] WEREWOLF
4,talk,6,0,9,DAY 4 (IDENTIFIED Agent[04] HUMAN)
4,talk,7,0,2,VOTE Agent[10]
4,talk,8,0,1,VOTE Agent[10]
4,talk,9,0,13,VOTE Agent[10]
4,talk,10,1,10,VOTE Agent[13]
4,talk,11,1,12,VOTE Agent[07]
4,talk,12,1,14,Skip
4,talk,13,1,1,VOTE Agent[13]
4,talk,14,1,11,Skip
4,talk,15,1,13,VOTE Agent[10]
4,talk,16,1,8,Skip
4,talk,17,1,2,VOTE Agent[13]
4,talk,18,1,7,VOTE Agent[10]
4,talk,19,1,9,IDENTIFIED Agent[04] HUMAN
4,talk,20,2,11,Skip
4,talk,21,2,7,VOTE Agent[10]
4,talk,22,2,8,Skip
4,talk,23,2,10,VOTE Agent[13]
4,talk,24,2,14,Skip
4,talk,25,2,12,VOTE Agent[07]
4,talk,26,2,1,VOTE Agent[10]
4,talk,27,2,9,BECAUSE (AND (DAY 4 (IDENTIFIED Agent[04] HUMAN)) (DAY 1 (Agent[12] DIVINED Agent[04] WEREWOLF))) (XOR (ESTIMATE Agent[12] WEREWOLF) (ESTIMATE Agent[12] POSSESSED))
4,talk,28,2,13,VOTE Agent[10]
4,talk,29,2,2,VOTE Agent[13]
4,talk,30,3,7,VOTE Agent[10]
4,talk,31,3,13,VOTE Agent[10]
4,talk,32,3,8,Over
4,talk,33,3,12,VOTE Agent[07]
4,talk,34,3,2,VOTE Agent[13]
4,talk,35,3,9,BECAUSE (XOR (ESTIMATE Agent[12] WEREWOLF) (ESTIMATE Agent[12] POSSESSED)) (AND (VOTE Agent[12]) (REQUEST ANY (VOTE Agent[12])))
4,talk,36,3,11,Over
4,talk,37,3,10,VOTE Agent[13]
4,talk,38,3,1,VOTE Agent[13]
4,talk,39,3,14,Over
4,talk,40,4,14,Over
4,talk,41,4,11,Over
4,talk,42,4,9,VOTE Agent[12]
4,talk,43,4,7,VOTE Agent[10]
4,talk,44,4,8,Over
4,talk,45,4,12,VOTE Agent[07]
4,talk,46,4,2,VOTE Agent[10]
4,talk,47,4,1,VOTE Agent[07]
4,talk,48,4,10,VOTE Agent[13]
4,talk,49,4,13,VOTE Agent[10]
4,talk,50,5,11,Over
4,talk,51,5,1,VOTE Agent[10]
4,talk,52,5,14,Over
4,talk,53,5,10,VOTE Agent[13]
4,talk,54,5,7,VOTE Agent[10]
4,talk,55,5,8,Over
4,talk,56,5,13,VOTE Agent[10]
4,talk,57,5,12,VOTE Agent[07]
4,talk,58,5,2,VOTE Agent[13]
4,talk,59,5,9,REQUEST ANY (VOTE Agent[12])
4,talk,60,6,2,VOTE Agent[13]
4,talk,61,6,8,Over
4,talk,62,6,10,VOTE Agent[13]
4,talk,63,6,9,Skip
4,talk,64,6,13,VOTE Agent[10]
4,talk,65,6,12,VOTE Agent[07]
4,talk,66,6,1,VOTE Agent[10]
4,talk,67,6,14,Over
4,talk,68,6,7,VOTE Agent[10]
4,talk,69,6,11,Over
4,talk,70,7,10,VOTE Agent[13]
4,talk,71,7,1,VOTE Agent[10]
4,talk,72,7,13,VOTE Agent[10]
4,talk,73,7,14,Over
4,talk,74,7,9,Skip
4,talk,75,7,7,VOTE Agent[10]
4,talk,76,7,12,VOTE Agent[07]
4,talk,77,7,8,Over
4,talk,78,7,11,Over
4,talk,79,7,2,VOTE Agent[10]
4,talk,80,8,7,VOTE Agent[10]
4,talk,81,8,1,VOTE Agent[10]
4,talk,82,8,12,VOTE Agent[07]
4,talk,83,8,8,Over
4,talk,84,8,14,Over
4,talk,85,8,10,VOTE Agent[13]
4,talk,86,8,9,Over
4,talk,87,8,11,Over
4,talk,88,8,13,VOTE Agent[10]
4,talk,89,8,2,VOTE Agent[10]
4,talk,90,9,13,Over
4,talk,91,9,12,Over
4,talk,92,9,7,Over
4,talk,93,9,2,Over
4,talk,94,9,9,Over
4,talk,95,9,10,Over
4,talk,96,9,1,Over
4,talk,97,9,8,Over
4,talk,98,9,14,Over
4,talk,99,9,11,Over
4,vote,1,10
4,vote,2,10
4,vote,7,10
4,vote,8,14
4,vote,9,12
4,vote,10,13
4,vote,11,7
4,vote,12,7
4,vote,13,10
4,vote,14,7
4,execute,10,VILLAGER
4,whisper,0,0,13,ATTACK Agent[01]
4,whisper,1,0,7,ATTACK Agent[11]
4,whisper,2,1,13,Skip
4,whisper,3,1,7,Skip
4,whisper,4,2,13,Skip
4,whisper,5,2,7,Skip
4,whisper,6,3,7,Over
4,whisper,7,3,13,Over
4,attackVote,7,11
4,attackVote,13,14
4,attackVote,7,1
4,attackVote,13,11
4,attack,1,true
5,status,1,VILLAGER,DEAD,HALU
5,status,2,VILLAGER,ALIVE,HALU
5,status,3,VILLAGER,DEAD,TOKU3
5,status,4,BODYGUARD,DEAD,HALU
5,status,5,WEREWOLF,DEAD,SampleJava14
5,status,6,SEER,DEAD,Tomato7
5,status,7,WEREWOLF,ALIVE,OKAMI
5,status,8,VILLAGER,ALIVE,Tomato0
5,status,9,MEDIUM,ALIVE,SampleJava13
5,status,10,VILLAGER,DEAD,HALU
5,status,11,VILLAGER,ALIVE,Takeda6
5,status,12,POSSESSED,ALIVE,OKAMI
5,status,13,WEREWOLF,ALIVE,HALU
5,status,14,VILLAGER,ALIVE,TOKU12
5,status,15,VILLAGER,DEAD,Takeda2
5,talk,0,0,13,VOTE Agent[12]
5,talk,1,0,7,VOTE Agent[12]
5,talk,2,0,9,DAY 5 (IDENTIFIED Agent[10] HUMAN)
5,talk,3,0,12,DIVINED Agent[02] HUMAN
5,talk,4,0,14,VOTE Agent[07]
5,talk,5,0,8,VOTE Agent[14]
5,talk,6,0,2,VOTE Agent[13]
5,talk,7,0,11,VOTE Agent[07]
5,talk,8,1,11,Skip
5,talk,9,1,13,VOTE Agent[11]
5,talk,10,1,9,IDENTIFIED Agent[10] HUMAN
5,talk,11,1,14,Skip
5,talk,12,1,7,VOTE Agent[11]
5,talk,13,1,2,VOTE Agent[13]
5,talk,14,1,8,Skip
5,talk,15,1,12,VOTE Agent[07]
5,talk,16,2,14,Skip
5,talk,17,2,13,VOTE Agent[12]
5,talk,18,2,8,Skip
5,talk,19,2,2,VOTE Agent[13]
5,talk,20,2,7,VOTE Agent[12]
5,talk,21,2,9,BECAUSE (AND (DAY 4 (IDENTIFIED Agent[04] HUMAN)) (DAY 1 (Agent[12] DIVINED Agent[04] WEREWOLF))) (XOR (ESTIMATE Agent[12] WEREWOLF) (ESTIMATE Agent[12] POSSESSED))
5,talk,22,2,11,Skip
5,talk,23,2,12,VOTE Agent[07]
5,talk,24,3,12,VOTE Agent[07]
5,talk,25,3,7,VOTE Agent[12]
5,talk,26,3,13,VOTE Agent[12]
5,talk,27,3,14,Over
5,talk,28,3,9,BECAUSE (XOR (ESTIMATE Agent[12] WEREWOLF) (ESTIMATE Agent[12] POSSESSED)) (AND (VOTE Agent[12]) (REQUEST ANY (VOTE Agent[12])))
5,talk,29,3,8,Over
5,talk,30,3,11,Over
5,talk,31,3,2,VOTE Agent[13]
5,talk,32,4,11,Over
5,talk,33,4,12,VOTE Agent[07]
5,talk,34,4,8,Over
5,talk,35,4,2,VOTE Agent[13]
5,talk,36,4,14,Over
5,talk,37,4,9,VOTE Agent[12]
5,talk,38,4,13,VOTE Agent[12]
5,talk,39,4,7,VOTE Agent[12]
5,talk,40,5,11,Over
5,talk,41,5,14,Over
5,talk,42,5,7,VOTE Agent[12]
5,talk,43,5,9,REQUEST ANY (VOTE Agent[12])
5,talk,44,5,13,VOTE Agent[12]
5,talk,45,5,12,VOTE Agent[07]
5,talk,46,5,8,Over
5,talk,47,5,2,VOTE Agent[13]
5,talk,48,6,8,Over
5,talk,49,6,14,Over
5,talk,50,6,7,VOTE Agent[12]
5,talk,51,6,12,VOTE Agent[07]
5,talk,52,6,9,Skip
5,talk,53,6,11,Over
5,talk,54,6,13,VOTE Agent[12]
5,talk,55,6,2,VOTE Agent[13]
5,talk,56,7,7,VOTE Agent[12]
5,talk,57,7,12,VOTE Agent[07]
5,talk,58,7,11,Over
5,talk,59,7,2,VOTE Agent[13]
5,talk,60,7,14,Over
5,talk,61,7,8,Over
5,talk,62,7,9,Skip
5,talk,63,7,13,VOTE Agent[12]
5,talk,64,8,11,Over
5,talk,65,8,7,VOTE Agent[12]
5,talk,66,8,13,VOTE Agent[12]
5,talk,67,8,8,Over
5,talk,68,8,14,Over
5,talk,69,8,2,VOTE Agent[13]
5,talk,70,8,12,VOTE Agent[07]
5,talk,71,8,9,Over
5,talk,72,9,14,Over
5,talk,73,9,7,Over
5,talk,74,9,12,Over
5,talk,75,9,13,Over
5,talk,76,9,9,Over
5,talk,77,9,8,Over
5,talk,78,9,11,Over
5,talk,79,9,2,Over
5,vote,2,13
5,vote,7,12
5,vote,8,14
5,vote,9,12
5,vote,11,7
5,vote,12,7
5,vote,13,12
5,vote,14,7
5,vote,2,13
5,vote,7,12
5,vote,8,14
5,vote,9,7
5,vote,11,7
5,vote,12,7
5,vote,13,12
5,vote,14,7
5,execute,7,WEREWOLF
5,attackVote,13,11
5,attack,11,true
6,status,1,VILLAGER,DEAD,HALU
6,status,2,VILLAGER,ALIVE,HALU
6,status,3,VILLAGER,DEAD,TOKU3
6,status,4,BODYGUARD,DEAD,HALU
6,status,5,WEREWOLF,DEAD,SampleJava14
6,status,6,SEER,DEAD,Tomato7
6,status,7,WEREWOLF,DEAD,OKAMI
6,status,8,VILLAGER,ALIVE,Tomato0
6,status,9,MEDIUM,ALIVE,SampleJava13
6,status,10,VILLAGER,DEAD,HALU
6,status,11,VILLAGER,DEAD,Takeda6
6,status,12,POSSESSED,ALIVE,OKAMI
6,status,13,WEREWOLF,ALIVE,HALU
6,status,14,VILLAGER,ALIVE,TOKU12
6,status,15,VILLAGER,DEAD,Takeda2
6,talk,0,0,12,COMINGOUT Agent[12] POSSESSED
6,talk,1,0,14,VOTE Agent[02]
6,talk,2,0,2,VOTE Agent[09]
6,talk,3,0,13,VOTE Agent[09]
6,talk,4,0,8,VOTE Agent[14]
6,talk,5,0,9,DAY 6 (IDENTIFIED Agent[07] WEREWOLF)
6,talk,6,1,9,IDENTIFIED Agent[07] WEREWOLF
6,talk,7,1,12,VOTE Agent[09]
6,talk,8,1,2,VOTE Agent[12]
6,talk,9,1,14,Skip
6,talk,10,1,8,Skip
6,talk,11,1,13,VOTE Agent[02]
6,talk,12,2,2,VOTE Agent[12]
6,talk,13,2,12,VOTE Agent[02]
6,talk,14,2,8,Skip
6,talk,15,2,14,Skip
6,talk,16,2,9,BECAUSE (AND (DAY 4 (IDENTIFIED Agent[04] HUMAN)) (DAY 1 (Agent[12] DIVINED Agent[04] WEREWOLF))) (XOR (ESTIMATE Agent[12] WEREWOLF) (ESTIMATE Agent[12] POSSESSED))
6,talk,17,2,13,VOTE Agent[02]
6,talk,18,3,2,VOTE Agent[12]
6,talk,19,3,14,Over
6,talk,20,3,13,VOTE Agent[02]
6,talk,21,3,8,Over
6,talk,22,3,12,VOTE Agent[02]
6,talk,23,3,9,BECAUSE (XOR (ESTIMATE Agent[12] WEREWOLF) (ESTIMATE Agent[12] POSSESSED)) (AND (VOTE Agent[12]) (REQUEST ANY (VOTE Agent[12])))
6,talk,24,4,14,Over
6,talk,25,4,12,VOTE Agent[02]
6,talk,26,4,8,Over
6,talk,27,4,2,VOTE Agent[12]
6,talk,28,4,13,VOTE Agent[02]
6,talk,29,4,9,VOTE Agent[12]
6,talk,30,5,13,VOTE Agent[09]
6,talk,31,5,2,VOTE Agent[09]
6,talk,32,5,14,Over
6,talk,33,5,12,VOTE Agent[09]
6,talk,34,5,8,Over
6,talk,35,5,9,REQUEST ANY (VOTE Agent[12])
6,talk,36,6,9,Skip
6,talk,37,6,13,VOTE Agent[09]
6,talk,38,6,2,VOTE Agent[09]
6,talk,39,6,8,Over
6,talk,40,6,14,Over
6,talk,41,6,12,VOTE Agent[09]
6,talk,42,7,13,VOTE Agent[09]
6,talk,43,7,14,Over
6,talk,44,7,2,VOTE Agent[09]
6,talk,45,7,8,Over
6,talk,46,7,9,Skip
6,talk,47,7,12,VOTE Agent[09]
6,talk,48,8,14,Over
6,talk,49,8,13,VOTE Agent[09]
6,talk,50,8,8,Over
6,talk,51,8,12,VOTE Agent[09]
6,talk,52,8,2,VOTE Agent[09]
6,talk,53,8,9,Over
6,talk,54,9,9,Over
6,talk,55,9,12,VOTE Agent[09]
6,talk,56,9,14,Over
6,talk,57,9,8,Over
6,talk,58,9,2,Over
6,talk,59,9,13,Over
6,talk,60,10,8,Over
6,talk,61,10,2,Over
6,talk,62,10,14,Over
6,talk,63,10,12,Over
6,talk,64,10,9,Over
6,talk,65,10,13,Over
6,vote,2,9
6,vote,8,14
6,vote,9,12
6,vote,12,9
6,vote,13,9
6,vote,14,2
6,execute,9,MEDIUM
6,attackVote,13,2
6,attack,2,true
7,status,1,VILLAGER,DEAD,HALU
7,status,2,VILLAGER,DEAD,HALU
7,status,3,VILLAGER,DEAD,TOKU3
7,status,4,BODYGUARD,DEAD,HALU
7,status,5,WEREWOLF,DEAD,SampleJava14
7,status,6,SEER,DEAD,Tomato7
7,status,7,WEREWOLF,DEAD,OKAMI
7,status,8,VILLAGER,ALIVE,Tomato0
7,status,9,MEDIUM,DEAD,SampleJava13
7,status,10,VILLAGER,DEAD,HALU
7,status,11,VILLAGER,DEAD,Takeda6
7,status,12,POSSESSED,ALIVE,OKAMI
7,status,13,WEREWOLF,ALIVE,HALU
7,status,14,VILLAGER,ALIVE,TOKU12
7,status,15,VILLAGER,DEAD,Takeda2
7,talk,0,0,8,VOTE Agent[14]
7,talk,1,0,12,COMINGOUT Agent[12] POSSESSED
7,talk,2,0,14,VOTE Agent[13]
7,talk,3,0,13,VOTE Agent[14]
7,talk,4,1,13,VOTE Agent[08]
7,talk,5,1,14,Skip
7,talk,6,1,12,VOTE Agent[13]
7,talk,7,1,8,Skip
7,talk,8,2,14,Skip
7,talk,9,2,8,Skip
7,talk,10,2,12,VOTE Agent[08]
7,talk,11,2,13,VOTE Agent[14]
7,talk,12,3,13,VOTE Agent[08]
7,talk,13,3,14,Over
7,talk,14,3,12,VOTE Agent[14]
7,talk,15,3,8,Over
7,talk,16,4,14,VOTE Agent[13]
7,talk,17,4,8,Over
7,talk,18,4,12,VOTE Agent[13]
7,talk,19,4,13,VOTE Agent[12]
7,talk,20,5,12,VOTE Agent[14]
7,talk,21,5,14,VOTE Agent[13]
7,talk,22,5,13,VOTE Agent[08]
7,talk,23,5,8,Over
7,talk,24,6,8,Over
7,talk,25,6,14,VOTE Agent[13]
7,talk,26,6,13,VOTE Agent[12]
7,talk,27,6,12,VOTE Agent[13]
7,talk,28,7,8,Over
7,talk,29,7,13,VOTE Agent[12]
7,talk,30,7,14,Skip
7,talk,31,7,12,VOTE Agent[13]
7,talk,32,8,13,VOTE Agent[14]
7,talk,33,8,14,VOTE Agent[13]
7,talk,34,8,12,VOTE Agent[14]
7,talk,35,8,8,Over
7,talk,36,9,12,VOTE Agent[14]
7,talk,37,9,8,Over
7,talk,38,9,14,VOTE Agent[13]
7,talk,39,9,13,Over
7,talk,40,10,8,Over
7,talk,41,10,12,Over
7,talk,42,10,13,Over
7,talk,43,10,14,VOTE Agent[13]
7,talk,44,11,14,VOTE Agent[13]
7,talk,45,11,13,Over
7,talk,46,11,8,Over
7,talk,47,11,12,Over
7,talk,48,12,8,Over
7,talk,49,12,14,VOTE Agent[13]
7,talk,50,12,13,Over
7,talk,51,12,12,Over
7,talk,52,13,8,Over
7,talk,53,13,13,Over
7,talk,54,13,14,VOTE Agent[13]
7,talk,55,13,12,Over
7,talk,56,14,12,Over
7,talk,57,14,14,Over
7,talk,58,14,13,Over
7,talk,59,14,8,Over
7,vote,8,14
7,vote,12,14
7,vote,13,8
7,vote,14,13
7,execute,14,VILLAGER
7,attackVote,13,8
7,attack,8,true
8,status,1,VILLAGER,DEAD,HALU
8,status,2,VILLAGER,DEAD,HALU
8,status,3,VILLAGER,DEAD,TOKU3
8,status,4,BODYGUARD,DEAD,HALU
8,status,5,WEREWOLF,DEAD,SampleJava14
8,status,6,SEER,DEAD,Tomato7
8,status,7,WEREWOLF,DEAD,OKAMI
8,status,8,VILLAGER,DEAD,Tomato0
8,status,9,MEDIUM,DEAD,SampleJava13
8,status,10,VILLAGER,DEAD,HALU
8,status,11,VILLAGER,DEAD,Takeda6
8,status,12,POSSESSED,ALIVE,OKAMI
8,status,13,WEREWOLF,ALIVE,HALU
8,status,14,VILLAGER,DEAD,TOKU12
8,status,15,VILLAGER,DEAD,Takeda2
8,result,1,1,WEREWOLF
