0,status,1,POSSESSED,ALIVE,Tomato1
0,status,2,VILLAGER,ALIVE,Takeda4
0,status,3,MEDIUM,ALIVE,sample_py
0,status,4,VILLAGER,ALIVE,sample_py
0,status,5,BODYGUARD,ALIVE,Takeda12
0,status,6,VILLAGER,ALIVE,TOKU7
0,status,7,VILLAGER,ALIVE,OKAMI
0,status,8,SEER,ALIVE,Tomato8
0,status,9,VILLAGER,ALIVE,Takeda14
0,status,10,VILLAGER,ALIVE,Tomato5
0,status,11,WEREWOLF,ALIVE,SampleJava10
0,status,12,WEREWOLF,ALIVE,sample_py
0,status,13,WEREWOLF,ALIVE,Takeda2
0,status,14,VILLAGER,ALIVE,Takeda3
0,status,15,VILLAGER,ALIVE,sample_py
0,whisper,0,0,13,Skip
0,whisper,1,0,12,COMINGOUT Agent[12] SEER
0,whisper,2,0,11,COMINGOUT Agent[11] MEDIUM
0,whisper,3,1,12,COMINGOUT Agent[12] SEER
0,whisper,4,1,13,Skip
0,whisper,5,1,11,Skip
0,whisper,6,2,11,Skip
0,whisper,7,2,13,Over
0,whisper,8,2,12,COMINGOUT Agent[12] SEER
0,whisper,9,3,12,COMINGOUT Agent[12] SEER
0,whisper,10,3,13,Over
0,whisper,11,3,11,Over
0,whisper,12,4,13,Over
0,whisper,13,4,12,COMINGOUT Agent[12] SEER
0,whisper,14,4,11,Over
0,whisper,15,5,13,Over
0,whisper,16,5,12,COMINGOUT Agent[12] SEER
0,whisper,17,5,11,Over
0,whisper,18,6,13,Over
0,whisper,19,6,11,Over
0,whisper,20,6,12,COMINGOUT Agent[12] SEER
0,whisper,21,7,13,Over
0,whisper,22,7,12,COMINGOUT Agent[12] SEER
0,whisper,23,7,11,Over
0,whisper,24,8,13,Over
0,whisper,25,8,11,Over
0,whisper,26,8,12,COMINGOUT Agent[12] SEER
0,whisper,27,9,13,Over
0,whisper,28,9,11,Over
0,whisper,29,9,12,COMINGOUT Agent[12] SEER
0,whisper,30,10,11,Over
0,whisper,31,10,12,Over
0,whisper,32,10,13,Over
0,divine,8,1,HUMAN
1,status,1,POSSESSED,ALIVE,Tomato1
1,status,2,VILLAGER,ALIVE,Takeda4
1,status,3,MEDIUM,ALIVE,sample_py
1,status,4,VILLAGER,ALIVE,sample_py
1,status,5,BODYGUARD,ALIVE,Takeda12
1,status,6,VILLAGER,ALIVE,TOKU7
1,status,7,VILLAGER,ALIVE,OKAMI
1,status,8,SEER,ALIVE,Tomato8
1,status,9,VILLAGER,ALIVE,Takeda14
1,status,10,VILLAGER,ALIVE,Tomato5
1,status,11,WEREWOLF,ALIVE,SampleJava10
1,status,12,WEREWOLF,ALIVE,sample_py
1,status,13,WEREWOLF,ALIVE,Takeda2
1,status,14,VILLAGER,ALIVE,Takeda3
1,status,15,VILLAGER,ALIVE,sample_py
1,talk,0,0,11,VOTE Agent[08]
1,talk,1,0,8,COMINGOUT Agent[08] SEER
1,talk,2,0,1,COMINGOUT Agent[01] SEER
1,talk,3,0,7,VOTE Agent[08]
1,talk,4,0,15,VOTE Agent[07]
1,talk,5,0,3,VOTE Agent[01]
1,talk,6,0,6,VOTE Agent[08]
1,talk,7,0,14,VOTE Agent[08]
1,talk,8,0,9,VOTE Agent[08]
1,talk,9,0,5,VOTE Agent[08]
1,talk,10,0,12,VOTE Agent[08]
1,talk,11,0,4,VOTE Agent[11]
1,talk,12,0,10,VOTE Agent[08]
1,talk,13,0,13,VOTE Agent[08]
1,talk,14,0,2,VOTE Agent[08]
1,talk,15,1,1,DIVINED Agent[12] WEREWOLF
1,talk,16,1,14,VOTE Agent[04]
1,talk,17,1,5,VOTE Agent[09]
1,talk,18,1,13,Skip
1,talk,19,1,10,Skip
1,talk,20,1,11,REQUEST ANY (VOTE Agent[08])
1,talk,21,1,6,VOTE Agent[07]
1,talk,22,1,7,COMINGOUT Agent[07] VILLAGER
1,talk,23,1,9,Skip
1,talk,24,1,4,VOTE Agent[12]
1,talk,25,1,8,DIVINED Agent[01] HUMAN
1,talk,26,1,2,VOTE Agent[04]
1,talk,27,1,15,VOTE Agent[12]
1,talk,28,1,3,VOTE Agent[12]
1,talk,29,1,12,Skip
1,talk,30,2,4,Skip
1,talk,31,2,1,VOTE Agent[12]
1,talk,32,2,12,Skip
1,talk,33,2,3,Skip
1,talk,34,2,14,VOTE Agent[09]
1,talk,35,2,13,VOTE Agent[02]
1,talk,36,2,2,VOTE Agent[13]
1,talk,37,2,5,Skip
1,talk,38,2,7,VOTE Agent[12]
1,talk,39,2,15,Skip
1,talk,40,2,8,VOTE Agent[12]
1,talk,41,2,9,VOTE Agent[13]
1,talk,42,2,11,Skip
1,talk,43,2,6,VOTE Agent[13]
1,talk,44,2,10,VOTE Agent[12]
1,talk,45,3,5,VOTE Agent[13]
1,talk,46,3,6,VOTE Agent[09]
1,talk,47,3,8,Skip
1,talk,48,3,12,Over
1,talk,49,3,13,VOTE Agent[09]
1,talk,50,3,14,Skip
1,talk,51,3,1,Skip
1,talk,52,3,9,VOTE Agent[06]
1,talk,53,3,10,Skip
1,talk,54,3,7,VOTE Agent[12]
1,talk,55,3,2,VOTE Agent[09]
1,talk,56,3,3,Skip
1,talk,57,3,15,Skip
1,talk,58,3,11,Skip
1,talk,59,3,4,Skip
1,talk,60,4,7,VOTE Agent[12]
1,talk,61,4,2,Skip
1,talk,62,4,1,Skip
1,talk,63,4,9,VOTE Agent[13]
1,talk,64,4,5,Skip
1,talk,65,4,8,Skip
1,talk,66,4,10,Skip
1,talk,67,4,13,Skip
1,talk,68,4,14,Skip
1,talk,69,4,6,Skip
1,talk,70,4,4,Over
1,talk,71,4,11,Over
1,talk,72,4,15,Over
1,talk,73,4,12,Over
1,talk,74,4,3,Over
1,talk,75,5,8,Over
1,talk,76,5,10,Over
1,talk,77,5,13,Skip
1,talk,78,5,6,Skip
1,talk,79,5,14,Over
1,talk,80,5,5,Skip
1,talk,81,5,7,VOTE Agent[12]
1,talk,82,5,2,VOTE Agent[13]
1,talk,83,5,3,Over
1,talk,84,5,11,Over
1,talk,85,5,15,Over
1,talk,86,5,1,Over
1,talk,87,5,9,Skip
1,talk,88,5,12,Over
1,talk,89,5,4,Over
1,talk,90,6,2,Skip
1,talk,91,6,6,Over
1,talk,92,6,14,Over
1,talk,93,6,8,Over
1,talk,94,6,13,Over
1,talk,95,6,5,Over
1,talk,96,6,10,Over
1,talk,97,6,3,Over
1,talk,98,6,4,Over
1,talk,99,6,11,Over
1,talk,100,6,12,Over
1,talk,101,6,9,Skip
1,talk,102,6,15,Over
1,talk,103,6,7,VOTE Agent[12]
1,talk,104,6,1,Over
1,talk,105,7,5,Over
1,talk,106,7,15,Over
1,talk,107,7,6,Over
1,talk,108,7,2,Skip
1,talk,109,7,3,Over
1,talk,110,7,4,Over
1,talk,111,7,12,Over
1,talk,112,7,7,VOTE Agent[12]
1,talk,113,7,13,Over
1,talk,114,7,10,Over
1,talk,115,7,1,Over
1,talk,116,7,9,Over
1,talk,117,7,14,Over
1,talk,118,7,8,Over
1,talk,119,7,11,Over
1,talk,120,8,11,Over
1,talk,121,8,6,Over
1,talk,122,8,15,Over
1,talk,123,8,14,Over
1,talk,124,8,10,Over
1,talk,125,8,8,Over
1,talk,126,8,7,VOTE Agent[12]
1,talk,127,8,9,Over
1,talk,128,8,12,Over
1,talk,129,8,2,Over
1,talk,130,8,3,Over
1,talk,131,8,13,Over
1,talk,132,8,4,Over
1,talk,133,8,1,Over
1,talk,134,8,5,Over
1,talk,135,9,8,Over
1,talk,136,9,3,Over
1,talk,137,9,2,Over
1,talk,138,9,12,Over
1,talk,139,9,10,Over
1,talk,140,9,1,Over
1,talk,141,9,7,Over
1,talk,142,9,11,Over
1,talk,143,9,9,Over
1,talk,144,9,4,Over
1,talk,145,9,5,Over
1,talk,146,9,6,Over
1,talk,147,9,15,Over
1,talk,148,9,13,Over
1,talk,149,9,14,Over
1,vote,1,12
1,vote,2,12
1,vote,3,12
1,vote,4,12
1,vote,5,13
1,vote,6,12
1,vote,7,12
1,vote,8,12
1,vote,9,12
1,vote,10,12
1,vote,11,8
1,vote,12,8
1,vote,13,9
1,vote,14,9
1,vote,15,12
1,execute,12,WEREWOLF
1,divine,8,11,WEREWOLF
1,whisper,0,0,13,Skip
1,whisper,1,0,11,ATTACK Agent[01]
1,whisper,2,1,11,Skip
1,whisper,3,1,13,Skip
1,whisper,4,2,13,Over
1,whisper,5,2,11,Skip
1,whisper,6,3,13,Over
1,whisper,7,3,11,Over
1,guard,5,8,SEER
1,attackVote,11,1
1,attackVote,13,14
1,attackVote,11,1
1,attackVote,13,14
1,attack,14,true
2,status,1,POSSESSED,ALIVE,Tomato1
2,status,2,VILLAGER,ALIVE,Takeda4
2,status,3,MEDIUM,ALIVE,sample_py
2,status,4,VILLAGER,ALIVE,sample_py
2,status,5,BODYGUARD,ALIVE,Takeda12
2,status,6,VILLAGER,ALIVE,TOKU7
2,status,7,VILLAGER,ALIVE,OKAMI
2,status,8,SEER,ALIVE,Tomato8
2,status,9,VILLAGER,ALIVE,Takeda14
2,status,10,VILLAGER,ALIVE,Tomato5
2,status,11,WEREWOLF,ALIVE,SampleJava10
2,status,12,WEREWOLF,DEAD,sample_py
2,status,13,WEREWOLF,ALIVE,Takeda2
2,status,14,VILLAGER,DEAD,Takeda3
2,status,15,VILLAGER,ALIVE,sample_py
2,talk,0,0,7,VOTE Agent[15]
2,talk,1,0,10,VOTE Agent[15]
2,talk,2,0,8,DIVINED Agent[11] WEREWOLF
2,talk,3,0,11,COMINGOUT Agent[11] MEDIUM
2,talk,4,0,3,COMINGOUT Agent[03] MEDIUM
2,talk,5,0,15,VOTE Agent[11]
2,talk,6,0,2,VOTE Agent[09]
2,talk,7,0,9,VOTE Agent[13]
2,talk,8,0,1,DIVINED Agent[06] WEREWOLF
2,talk,9,0,5,VOTE Agent[13]
2,talk,10,0,13,VOTE Agent[09]
2,talk,11,0,4,VOTE Agent[11]
2,talk,12,0,6,VOTE Agent[09]
2,talk,13,1,8,VOTE Agent[11]
2,talk,14,1,2,Skip
2,talk,15,1,9,Skip
2,talk,16,1,15,Skip
2,talk,17,1,7,COMINGOUT Agent[07] VILLAGER
2,talk,18,1,4,Skip
2,talk,19,1,1,VOTE Agent[09]
2,talk,20,1,11,BECAUSE (AND (DAY 2 (IDENTIFIED Agent[12] HUMAN)) (DAY 1 (Agent[01] DIVINED Agent[12] WEREWOLF))) (XOR (ESTIMATE Agent[01] WEREWOLF) (ESTIMATE Agent[01] POSSESSED))
2,talk,21,1,3,IDENTIFIED Agent[12] WEREWOLF
2,talk,22,1,10,VOTE Agent[09]
2,talk,23,1,5,VOTE Agent[11]
2,talk,24,1,6,VOTE Agent[11]
2,talk,25,1,13,Skip
2,talk,26,2,11,DAY 2 (IDENTIFIED Agent[12] HUMAN)
2,talk,27,2,3,VOTE Agent[11]
2,talk,28,2,6,Skip
2,talk,29,2,1,VOTE Agent[11]
2,talk,30,2,2,VOTE Agent[11]
2,talk,31,2,7,VOTE Agent[11]
2,talk,32,2,8,Skip
2,talk,33,2,4,Skip
2,talk,34,2,5,Skip
2,talk,35,2,15,Skip
2,talk,36,2,10,VOTE Agent[11]
2,talk,37,2,13,VOTE Agent[11]
2,talk,38,2,9,VOTE Agent[11]
2,talk,39,3,13,Skip
2,talk,40,3,4,Over
2,talk,41,3,1,Skip
2,talk,42,3,6,Skip
2,talk,43,3,10,Skip
2,talk,44,3,3,Skip
2,talk,45,3,2,Skip
2,talk,46,3,7,VOTE Agent[11]
2,talk,47,3,5,Skip
2,talk,48,3,8,Skip
2,talk,49,3,9,Skip
2,talk,50,3,11,IDENTIFIED Agent[12] HUMAN
2,talk,51,3,15,Over
2,talk,52,4,6,Over
2,talk,53,4,11,VOTE Agent[08]
2,talk,54,4,10,Skip
2,talk,55,4,9,Skip
2,talk,56,4,15,Over
2,talk,57,4,8,Over
2,talk,58,4,5,Over
2,talk,59,4,1,Skip
2,talk,60,4,13,Skip
2,talk,61,4,4,Over
2,talk,62,4,7,VOTE Agent[11]
2,talk,63,4,3,Skip
2,talk,64,4,2,Skip
2,talk,65,5,2,Over
2,talk,66,5,9,Over
2,talk,67,5,13,Over
2,talk,68,5,11,REQUEST ANY (VOTE Agent[08])
2,talk,69,5,5,Over
2,talk,70,5,4,Over
2,talk,71,5,10,Over
2,talk,72,5,3,Over
2,talk,73,5,6,Over
2,talk,74,5,15,Over
2,talk,75,5,1,Over
2,talk,76,5,8,Over
2,talk,77,5,7,VOTE Agent[11]
2,talk,78,6,3,Over
2,talk,79,6,8,Over
2,talk,80,6,4,Over
2,talk,81,6,11,Skip
2,talk,82,6,5,Over
2,talk,83,6,2,Over
2,talk,84,6,6,Over
2,talk,85,6,1,Over
2,talk,86,6,13,Over
2,talk,87,6,7,VOTE Agent[11]
2,talk,88,6,10,Over
2,talk,89,6,9,Over
2,talk,90,6,15,Over
2,talk,91,7,10,Over
2,talk,92,7,3,Over
2,talk,93,7,4,Over
2,talk,94,7,9,Over
2,talk,95,7,15,Over
2,talk,96,7,11,Skip
2,talk,97,7,2,Over
2,talk,98,7,7,VOTE Agent[11]
2,talk,99,7,13,Over
2,talk,100,7,5,Over
2,talk,101,7,8,Over
2,talk,102,7,6,Over
2,talk,103,7,1,Over
2,talk,104,8,11,Over
2,talk,105,8,1,Over
2,talk,106,8,15,Over
2,talk,107,8,10,Over
2,talk,108,8,9,Over
2,talk,109,8,6,Over
2,talk,110,8,8,Over
2,talk,111,8,7,VOTE Agent[11]
2,talk,112,8,13,Over
2,talk,113,8,3,Over
2,talk,114,8,5,Over
2,talk,115,8,4,Over
2,talk,116,8,2,Over
2,talk,117,9,10,Over
2,talk,118,9,1,Over
2,talk,119,9,2,Over
2,talk,120,9,15,Over
2,talk,121,9,6,Over
2,talk,122,9,9,Over
2,talk,123,9,13,Over
2,talk,124,9,7,Over
2,talk,125,9,4,Over
2,talk,126,9,3,Over
2,talk,127,9,11,Over
2,talk,128,9,8,Over
2,talk,129,9,5,Over
2,vote,1,11
2,vote,2,11
2,vote,3,11
2,vote,4,11
2,vote,5,11
2,vote,6,11
2,vote,7,11
2,vote,8,11
2,vote,9,11
2,vote,10,11
2,vote,11,8
2,vote,13,11
2,vote,15,11
2,execute,11,WEREWOLF
2,divine,8,3,HUMAN
2,guard,5,1,POSSESSED
2,attackVote,13,6
2,attack,6,true
3,status,1,POSSESSED,ALIVE,Tomato1
3,status,2,VILLAGER,ALIVE,Takeda4
3,status,3,MEDIUM,ALIVE,sample_py
3,status,4,VILLAGER,ALIVE,sample_py
3,status,5,BODYGUARD,ALIVE,Takeda12
3,status,6,VILLAGER,DEAD,TOKU7
3,status,7,VILLAGER,ALIVE,OKAMI
3,status,8,SEER,ALIVE,Tomato8
3,status,9,VILLAGER,ALIVE,Takeda14
3,status,10,VILLAGER,ALIVE,Tomato5
3,status,11,WEREWOLF,DEAD,SampleJava10
3,status,12,WEREWOLF,DEAD,sample_py
3,status,13,WEREWOLF,ALIVE,Takeda2
3,status,14,VILLAGER,DEAD,Takeda3
3,status,15,VILLAGER,ALIVE,sample_py
3,talk,0,0,7,VOTE Agent[15]
3,talk,1,0,5,VOTE Agent[13]
3,talk,2,0,2,VOTE Agent[13]
3,talk,3,0,15,VOTE Agent[03]
3,talk,4,0,1,DIVINED Agent[07] HUMAN
3,talk,5,0,13,VOTE Agent[09]
3,talk,6,0,9,VOTE Agent[13]
3,talk,7,0,8,DIVINED Agent[03] HUMAN
3,talk,8,0,10,VOTE Agent[08]
3,talk,9,0,4,VOTE Agent[03]
3,talk,10,0,3,IDENTIFIED Agent[11] WEREWOLF
3,talk,11,1,2,Skip
3,talk,12,1,15,Skip
3,talk,13,1,10,Skip
3,talk,14,1,9,Skip
3,talk,15,1,3,VOTE Agent[05]
3,talk,16,1,7,COMINGOUT Agent[07] VILLAGER
3,talk,17,1,8,VOTE Agent[04]
3,talk,18,1,1,VOTE Agent[13]
3,talk,19,1,5,Skip
3,talk,20,1,4,Skip
3,talk,21,1,13,Skip
3,talk,22,2,2,Skip
3,talk,23,2,3,Skip
3,talk,24,2,9,Skip
3,talk,25,2,1,Skip
3,talk,26,2,8,Skip
3,talk,27,2,4,Skip
3,talk,28,2,15,Skip
3,talk,29,2,5,Skip
3,talk,30,2,13,Skip
3,talk,31,2,10,Skip
3,talk,32,2,7,VOTE Agent[09]
3,talk,33,3,9,Over
3,talk,34,3,3,Skip
3,talk,35,3,1,Skip
3,talk,36,3,10,Over
3,talk,37,3,13,Over
3,talk,38,3,4,Over
3,talk,39,3,5,Over
3,talk,40,3,8,Skip
3,talk,41,3,7,VOTE Agent[04]
3,talk,42,3,15,Over
3,talk,43,3,2,Over
3,talk,44,4,4,Over
3,talk,45,4,8,Over
3,talk,46,4,3,Over
3,talk,47,4,9,Over
3,talk,48,4,7,VOTE Agent[05]
3,talk,49,4,1,Over
3,talk,50,4,10,Over
3,talk,51,4,13,Over
3,talk,52,4,5,Over
3,talk,53,4,15,Over
3,talk,54,4,2,Over
3,talk,55,5,10,Over
3,talk,56,5,13,Over
3,talk,57,5,9,Over
3,talk,58,5,4,Over
3,talk,59,5,2,Over
3,talk,60,5,1,Over
3,talk,61,5,3,Over
3,talk,62,5,15,Over
3,talk,63,5,8,Over
3,talk,64,5,5,Over
3,talk,65,5,7,VOTE Agent[05]
3,talk,66,6,2,Over
3,talk,67,6,10,Over
3,talk,68,6,15,Over
3,talk,69,6,3,Over
3,talk,70,6,8,Over
3,talk,71,6,7,VOTE Agent[04]
3,talk,72,6,9,Over
3,talk,73,6,1,Over
3,talk,74,6,13,Over
3,talk,75,6,4,Over
3,talk,76,6,5,Over
3,talk,77,7,4,Over
3,talk,78,7,8,Over
3,talk,79,7,2,Over
3,talk,80,7,3,Over
3,talk,81,7,9,Over
3,talk,82,7,1,Over
3,talk,83,7,15,Over
3,talk,84,7,5,Over
3,talk,85,7,10,Over
3,talk,86,7,13,Over
3,talk,87,7,7,VOTE Agent[05]
3,talk,88,8,10,Over
3,talk,89,8,3,Over
3,talk,90,8,15,Over
3,talk,91,8,13,Over
3,talk,92,8,7,VOTE Agent[04]
3,talk,93,8,8,Over
3,talk,94,8,5,Over
3,talk,95,8,2,Over
3,talk,96,8,1,Over
3,talk,97,8,9,Over
3,talk,98,8,4,Over
3,talk,99,9,1,Over
3,talk,100,9,9,Over
3,talk,101,9,2,Over
3,talk,102,9,4,Over
3,talk,103,9,13,Over
3,talk,104,9,8,Over
3,talk,105,9,7,Over
3,talk,106,9,10,Over
3,talk,107,9,3,Over
3,talk,108,9,5,Over
3,talk,109,9,15,Over
3,vote,1,13
3,vote,2,13
3,vote,3,5
3,vote,4,3
3,vote,5,13
3,vote,7,5
3,vote,8,4
3,vote,9,13
3,vote,10,8
3,vote,13,9
3,vote,15,3
3,execute,13,WEREWOLF
3,divine,8,4,HUMAN
3,guard,5,8,SEER
4,status,1,POSSESSED,ALIVE,Tomato1
4,status,2,VILLAGER,ALIVE,Takeda4
4,status,3,MEDIUM,ALIVE,sample_py
4,status,4,VILLAGER,ALIVE,sample_py
4,status,5,BODYGUARD,ALIVE,Takeda12
4,status,6,VILLAGER,DEAD,TOKU7
4,status,7,VILLAGER,ALIVE,OKAMI
4,status,8,SEER,ALIVE,Tomato8
4,status,9,VILLAGER,ALIVE,Takeda14
4,status,10,VILLAGER,ALIVE,Tomato5
4,status,11,WEREWOLF,DEAD,SampleJava10
4,status,12,WEREWOLF,DEAD,sample_py
4,status,13,WEREWOLF,DEAD,Takeda2
4,status,14,VILLAGER,DEAD,Takeda3
4,status,15,VILLAGER,ALIVE,sample_py
4,result,10,0,VILLAGER
