0,status,1,VILLAGER,ALIVE,Tomato1
0,status,2,WEREWOLF,ALIVE,Takeda4
0,status,3,VILLAGER,ALIVE,sample_py
0,status,4,POSSESSED,ALIVE,sample_py
0,status,5,VILLAGER,ALIVE,Takeda12
0,status,6,WEREWOLF,ALIVE,TOKU7
0,status,7,VILLAGER,ALIVE,OKAMI
0,status,8,MEDIUM,ALIVE,Tomato8
0,status,9,VILLAGER,ALIVE,Takeda14
0,status,10,WEREWOLF,ALIVE,Tomato5
0,status,11,SEER,ALIVE,SampleJava10
0,status,12,VILLAGER,ALIVE,sample_py
0,status,13,BODYGUARD,ALIVE,Takeda2
0,status,14,VILLAGER,ALIVE,Takeda3
0,status,15,VILLAGER,ALIVE,sample_py
0,whisper,0,0,6,Skip
0,whisper,1,0,10,COMINGOUT Agent[10] SEER
0,whisper,2,0,2,Skip
0,whisper,3,1,6,Skip
0,whisper,4,1,2,Skip
0,whisper,5,1,10,Skip
0,whisper,6,2,10,Skip
0,whisper,7,2,6,Over
0,whisper,8,2,2,Over
0,whisper,9,3,2,Over
0,whisper,10,3,6,Over
0,whisper,11,3,10,Over
0,divine,11,12,HUMAN
1,status,1,VILLAGER,ALIVE,Tomato1
1,status,2,WEREWOLF,ALIVE,Takeda4
1,status,3,VILLAGER,ALIVE,sample_py
1,status,4,POSSESSED,ALIVE,sample_py
1,status,5,VILLAGER,ALIVE,Takeda12
1,status,6,WEREWOLF,ALIVE,TOKU7
1,status,7,VILLAGER,ALIVE,OKAMI
1,status,8,MEDIUM,ALIVE,Tomato8
1,status,9,VILLAGER,ALIVE,Takeda14
1,status,10,WEREWOLF,ALIVE,Tomato5
1,status,11,SEER,ALIVE,SampleJava10
1,status,12,VILLAGER,ALIVE,sample_py
1,status,13,BODYGUARD,ALIVE,Takeda2
1,status,14,VILLAGER,ALIVE,Takeda3
1,status,15,VILLAGER,ALIVE,sample_py
1,talk,0,0,14,VOTE Agent[06]
1,talk,1,0,5,VOTE Agent[06]
1,talk,2,0,8,COMINGOUT Agent[08] MEDIUM
1,talk,3,0,6,COMINGOUT Agent[06] SEER
1,talk,4,0,15,VOTE Agent[10]
1,talk,5,0,2,COMINGOUT Agent[02] SEER
1,talk,6,0,1,VOTE Agent[06]
1,talk,7,0,7,VOTE Agent[10]
1,talk,8,0,12,VOTE Agent[14]
1,talk,9,0,9,VOTE Agent[06]
1,talk,10,0,11,COMINGOUT Agent[11] SEER
1,talk,11,0,13,VOTE Agent[02]
1,talk,12,0,3,VOTE Agent[01]
1,talk,13,0,10,COMINGOUT Agent[10] SEER
1,talk,14,0,4,COMINGOUT Agent[04] SEER
1,talk,15,1,12,Skip
1,talk,16,1,15,Skip
1,talk,17,1,8,VOTE Agent[06]
1,talk,18,1,4,DIVINED Agent[09] WEREWOLF
1,talk,19,1,13,VOTE Agent[10]
1,talk,20,1,5,Skip
1,talk,21,1,6,DIVINED Agent[10] HUMAN
1,talk,22,1,9,Skip
1,talk,23,1,7,COMINGOUT Agent[07] VILLAGER
1,talk,24,1,1,Skip
1,talk,25,1,10,DIVINED Agent[12] HUMAN
1,talk,26,1,2,DIVINED Agent[10] HUMAN
1,talk,27,1,3,VOTE Agent[09]
1,talk,28,1,14,VOTE Agent[04]
1,talk,29,1,11,DAY 1 (DIVINED Agent[12] HUMAN)
1,talk,30,2,1,Skip
1,talk,31,2,11,DIVINED Agent[12] HUMAN
1,talk,32,2,15,VOTE Agent[09]
1,talk,33,2,8,Skip
1,talk,34,2,10,VOTE Agent[06]
1,talk,35,2,14,VOTE Agent[11]
1,talk,36,2,7,VOTE Agent[10]
1,talk,37,2,2,VOTE Agent[04]
1,talk,38,2,5,Skip
1,talk,39,2,3,Skip
1,talk,40,2,9,Skip
1,talk,41,2,4,VOTE Agent[09]
1,talk,42,2,12,VOTE Agent[09]
1,talk,43,2,13,VOTE Agent[08]
1,talk,44,2,6,VOTE Agent[04]
1,talk,45,3,3,Skip
1,talk,46,3,14,Skip
1,talk,47,3,5,Over
1,talk,48,3,15,Skip
1,talk,49,3,2,Skip
1,talk,50,3,8,Skip
1,talk,51,3,9,Over
1,talk,52,3,4,Skip
1,talk,53,3,6,Skip
1,talk,54,3,7,VOTE Agent[04]
1,talk,55,3,11,BECAUSE (AND (COMINGOUT Agent[11] SEER) (Agent[02] COMINGOUT Agent[02] SEER)) (XOR (ESTIMATE Agent[02] WEREWOLF) (ESTIMATE Agent[02] POSSESSED))
1,talk,56,3,12,Skip
1,talk,57,3,13,VOTE Agent[11]
1,talk,58,3,1,Over
1,talk,59,3,10,Skip
1,talk,60,4,14,Skip
1,talk,61,4,13,Skip
1,talk,62,4,4,Skip
1,talk,63,4,5,Over
1,talk,64,4,1,Over
1,talk,65,4,7,VOTE Agent[04]
1,talk,66,4,3,Over
1,talk,67,4,9,Over
1,talk,68,4,11,BECAUSE (XOR (ESTIMATE Agent[02] WEREWOLF) (ESTIMATE Agent[02] POSSESSED)) (AND (VOTE Agent[02]) (REQUEST ANY (VOTE Agent[02])))
1,talk,69,4,2,Skip
1,talk,70,4,6,Skip
1,talk,71,4,15,Skip
1,talk,72,4,12,Skip
1,talk,73,4,8,Over
1,talk,74,4,10,Skip
1,talk,75,5,8,Over
1,talk,76,5,3,Over
1,talk,77,5,9,Over
1,talk,78,5,15,Over
1,talk,79,5,7,VOTE Agent[04]
1,talk,80,5,4,Over
1,talk,81,5,5,Over
1,talk,82,5,13,Skip
1,talk,83,5,2,Over
1,talk,84,5,6,Over
1,talk,85,5,1,Over
1,talk,86,5,10,Over
1,talk,87,5,12,Over
1,talk,88,5,14,VOTE Agent[04]
1,talk,89,5,11,VOTE Agent[02]
1,talk,90,6,5,Over
1,talk,91,6,15,Over
1,talk,92,6,11,REQUEST ANY (VOTE Agent[02])
1,talk,93,6,6,Over
1,talk,94,6,3,Over
1,talk,95,6,14,Skip
1,talk,96,6,4,Over
1,talk,97,6,1,Over
1,talk,98,6,12,Over
1,talk,99,6,10,Over
1,talk,100,6,2,Over
1,talk,101,6,7,VOTE Agent[04]
1,talk,102,6,8,Over
1,talk,103,6,13,Over
1,talk,104,6,9,Over
1,talk,105,7,13,VOTE Agent[04]
1,talk,106,7,3,Over
1,talk,107,7,8,Over
1,talk,108,7,7,VOTE Agent[04]
1,talk,109,7,4,Over
1,talk,110,7,12,Over
1,talk,111,7,1,Over
1,talk,112,7,5,Over
1,talk,113,7,6,Over
1,talk,114,7,2,Over
1,talk,115,7,15,Over
1,talk,116,7,9,Over
1,talk,117,7,11,Skip
1,talk,118,7,10,Over
1,talk,119,7,14,Skip
1,talk,120,8,1,VOTE Agent[04]
1,talk,121,8,10,VOTE Agent[04]
1,talk,122,8,13,Skip
1,talk,123,8,6,Over
1,talk,124,8,3,Over
1,talk,125,8,5,Over
1,talk,126,8,14,Over
1,talk,127,8,4,Over
1,talk,128,8,15,Over
1,talk,129,8,11,Skip
1,talk,130,8,12,Over
1,talk,131,8,2,Over
1,talk,132,8,8,VOTE Agent[04]
1,talk,133,8,9,Over
1,talk,134,8,7,VOTE Agent[06]
1,talk,135,9,5,Over
1,talk,136,9,4,Over
1,talk,137,9,8,Skip
1,talk,138,9,10,Skip
1,talk,139,9,7,Over
1,talk,140,9,6,Over
1,talk,141,9,14,Over
1,talk,142,9,13,Skip
1,talk,143,9,12,Over
1,talk,144,9,1,Skip
1,talk,145,9,3,Over
1,talk,146,9,9,Over
1,talk,147,9,11,Over
1,talk,148,9,2,Over
1,talk,149,9,15,Over
1,talk,150,10,3,Over
1,talk,151,10,10,Skip
1,talk,152,10,12,Over
1,talk,153,10,9,Over
1,talk,154,10,14,Over
1,talk,155,10,5,Over
1,talk,156,10,1,Skip
1,talk,157,10,7,Over
1,talk,158,10,13,Over
1,talk,159,10,11,Over
1,talk,160,10,8,Skip
1,talk,161,10,15,Over
1,talk,162,10,2,Over
1,talk,163,10,4,Over
1,talk,164,10,6,Over
1,talk,165,11,5,Over
1,talk,166,11,12,Over
1,talk,167,11,10,Over
1,talk,168,11,14,Over
1,talk,169,11,13,Over
1,talk,170,11,2,Over
1,talk,171,11,8,Over
1,talk,172,11,1,Over
1,talk,173,11,9,Over
1,talk,174,11,4,Over
1,talk,175,11,7,Over
1,talk,176,11,3,Over
1,talk,177,11,11,Over
1,talk,178,11,15,Over
1,talk,179,11,6,Over
1,vote,1,4
1,vote,2,4
1,vote,3,9
1,vote,4,9
1,vote,5,4
1,vote,6,4
1,vote,7,6
1,vote,8,4
1,vote,9,4
1,vote,10,4
1,vote,11,2
1,vote,12,9
1,vote,13,4
1,vote,14,4
1,vote,15,9
1,execute,4,POSSESSED
1,divine,11,2,WEREWOLF
1,whisper,0,0,10,ATTACK Agent[11]
1,whisper,1,0,2,Skip
1,whisper,2,0,6,Skip
1,whisper,3,1,2,Skip
1,whisper,4,1,6,Skip
1,whisper,5,1,10,Skip
1,whisper,6,2,2,Over
1,whisper,7,2,6,Over
1,whisper,8,2,10,Skip
1,whisper,9,3,10,Over
1,whisper,10,3,6,Over
1,whisper,11,3,2,Over
1,guard,13,2,WEREWOLF
1,attackVote,2,12
1,attackVote,6,11
1,attackVote,10,11
1,attack,11,true
2,status,1,VILLAGER,ALIVE,Tomato1
2,status,2,WEREWOLF,ALIVE,Takeda4
2,status,3,VILLAGER,ALIVE,sample_py
2,status,4,POSSESSED,DEAD,sample_py
2,status,5,VILLAGER,ALIVE,Takeda12
2,status,6,WEREWOLF,ALIVE,TOKU7
2,status,7,VILLAGER,ALIVE,OKAMI
2,status,8,MEDIUM,ALIVE,Tomato8
2,status,9,VILLAGER,ALIVE,Takeda14
2,status,10,WEREWOLF,ALIVE,Tomato5
2,status,11,SEER,DEAD,SampleJava10
2,status,12,VILLAGER,ALIVE,sample_py
2,status,13,BODYGUARD,ALIVE,Takeda2
2,status,14,VILLAGER,ALIVE,Takeda3
2,status,15,VILLAGER,ALIVE,sample_py
2,talk,0,0,12,VOTE Agent[09]
2,talk,1,0,10,DIVINED Agent[15] HUMAN
2,talk,2,0,6,DIVINED Agent[02] HUMAN
2,talk,3,0,7,VOTE Agent[10]
2,talk,4,0,3,VOTE Agent[09]
2,talk,5,0,5,VOTE Agent[10]
2,talk,6,0,14,VOTE Agent[10]
2,talk,7,0,8,IDENTIFIED Agent[04] HUMAN
2,talk,8,0,1,VOTE Agent[10]
2,talk,9,0,9,VOTE Agent[10]
2,talk,10,0,2,DIVINED Agent[06] HUMAN
2,talk,11,0,13,VOTE Agent[06]
2,talk,12,0,15,VOTE Agent[09]
2,talk,13,1,13,VOTE Agent[10]
2,talk,14,1,2,VOTE Agent[08]
2,talk,15,1,15,Skip
2,talk,16,1,5,Skip
2,talk,17,1,8,VOTE Agent[10]
2,talk,18,1,12,Skip
2,talk,19,1,9,Skip
2,talk,20,1,1,Skip
2,talk,21,1,10,VOTE Agent[09]
2,talk,22,1,7,COMINGOUT Agent[07] VILLAGER
2,talk,23,1,6,VOTE Agent[10]
2,talk,24,1,14,Skip
2,talk,25,1,3,Skip
2,talk,26,2,5,Skip
2,talk,27,2,3,Skip
2,talk,28,2,1,VOTE Agent[09]
2,talk,29,2,9,Skip
2,talk,30,2,2,VOTE Agent[10]
2,talk,31,2,8,VOTE Agent[09]
2,talk,32,2,15,Skip
2,talk,33,2,13,Skip
2,talk,34,2,10,Skip
2,talk,35,2,12,Skip
2,talk,36,2,7,VOTE Agent[10]
2,talk,37,2,14,Skip
2,talk,38,2,6,Skip
2,talk,39,3,15,Over
2,talk,40,3,8,Skip
2,talk,41,3,7,VOTE Agent[10]
2,talk,42,3,14,Over
2,talk,43,3,1,Skip
2,talk,44,3,2,Skip
2,talk,45,3,5,Over
2,talk,46,3,13,Skip
2,talk,47,3,10,Skip
2,talk,48,3,9,Over
2,talk,49,3,12,Over
2,talk,50,3,6,Skip
2,talk,51,3,3,Over
2,talk,52,4,5,Over
2,talk,53,4,15,Over
2,talk,54,4,10,Over
2,talk,55,4,2,Skip
2,talk,56,4,8,Skip
2,talk,57,4,7,VOTE Agent[10]
2,talk,58,4,3,Over
2,talk,59,4,13,Over
2,talk,60,4,6,Over
2,talk,61,4,14,Over
2,talk,62,4,12,Over
2,talk,63,4,1,Skip
2,talk,64,4,9,Over
2,talk,65,5,8,Over
2,talk,66,5,10,Over
2,talk,67,5,2,Over
2,talk,68,5,14,Over
2,talk,69,5,5,Over
2,talk,70,5,3,Over
2,talk,71,5,15,Over
2,talk,72,5,13,Over
2,talk,73,5,9,Over
2,talk,74,5,1,Over
2,talk,75,5,12,Over
2,talk,76,5,6,Over
2,talk,77,5,7,VOTE Agent[10]
2,talk,78,6,9,Over
2,talk,79,6,7,VOTE Agent[10]
2,talk,80,6,6,Over
2,talk,81,6,8,Over
2,talk,82,6,13,Over
2,talk,83,6,1,Over
2,talk,84,6,10,Over
2,talk,85,6,5,Over
2,talk,86,6,2,Over
2,talk,87,6,15,Over
2,talk,88,6,14,Over
2,talk,89,6,3,Over
2,talk,90,6,12,Over
2,talk,91,7,8,Over
2,talk,92,7,14,Over
2,talk,93,7,6,Over
2,talk,94,7,13,Over
2,talk,95,7,2,Over
2,talk,96,7,15,Over
2,talk,97,7,10,Over
2,talk,98,7,5,Over
2,talk,99,7,12,Over
2,talk,100,7,3,Over
2,talk,101,7,7,VOTE Agent[10]
2,talk,102,7,1,Over
2,talk,103,7,9,Over
2,talk,104,8,12,Over
2,talk,105,8,10,Over
2,talk,106,8,3,Over
2,talk,107,8,13,Over
2,talk,108,8,15,Over
2,talk,109,8,2,Over
2,talk,110,8,7,VOTE Agent[10]
2,talk,111,8,8,Over
2,talk,112,8,14,Over
2,talk,113,8,5,Over
2,talk,114,8,6,Over
2,talk,115,8,1,Over
2,talk,116,8,9,Over
2,talk,117,9,12,Over
2,talk,118,9,14,Over
2,talk,119,9,10,Over
2,talk,120,9,9,Over
2,talk,121,9,1,Over
2,talk,122,9,8,Over
2,talk,123,9,2,Over
2,talk,124,9,5,Over
2,talk,125,9,3,Over
2,talk,126,9,6,Over
2,talk,127,9,13,Over
2,talk,128,9,15,Over
2,talk,129,9,7,Over
2,vote,1,9
2,vote,2,10
2,vote,3,9
2,vote,5,10
2,vote,6,10
2,vote,7,10
2,vote,8,9
2,vote,9,10
2,vote,10,9
2,vote,12,9
2,vote,13,10
2,vote,14,10
2,vote,15,9
2,execute,10,WEREWOLF
2,whisper,0,0,6,Skip
2,whisper,1,0,2,Skip
2,whisper,2,1,2,Skip
2,whisper,3,1,6,Skip
2,whisper,4,2,2,Over
2,whisper,5,2,6,Over
2,guard,13,12,VILLAGER
2,attackVote,2,12
2,attackVote,6,12
2,attack,12,false
3,status,1,VILLAGER,ALIVE,Tomato1
3,status,2,WEREWOLF,ALIVE,Takeda4
3,status,3,VILLAGER,ALIVE,sample_py
3,status,4,POSSESSED,DEAD,sample_py
3,status,5,VILLAGER,ALIVE,Takeda12
3,status,6,WEREWOLF,ALIVE,TOKU7
3,status,7,VILLAGER,ALIVE,OKAMI
3,status,8,MEDIUM,ALIVE,Tomato8
3,status,9,VILLAGER,ALIVE,Takeda14
3,status,10,WEREWOLF,DEAD,Tomato5
3,status,11,SEER,DEAD,SampleJava10
3,status,12,VILLAGER,ALIVE,sample_py
3,status,13,BODYGUARD,ALIVE,Takeda2
3,status,14,VILLAGER,ALIVE,Takeda3
3,status,15,VILLAGER,ALIVE,sample_py
3,talk,0,0,2,DIVINED Agent[08] WEREWOLF
3,talk,1,0,6,DIVINED Agent[08] WEREWOLF
3,talk,2,0,15,VOTE Agent[09]
3,talk,3,0,12,VOTE Agent[08]
3,talk,4,0,5,VOTE Agent[06]
3,talk,5,0,1,VOTE Agent[06]
3,talk,6,0,14,VOTE Agent[06]
3,talk,7,0,13,VOTE Agent[06]
3,talk,8,0,9,VOTE Agent[06]
3,talk,9,0,8,IDENTIFIED Agent[10] WEREWOLF
3,talk,10,0,7,VOTE Agent[06]
3,talk,11,0,3,VOTE Agent[08]
3,talk,12,1,12,Skip
3,talk,13,1,7,COMINGOUT Agent[07] VILLAGER
3,talk,14,1,5,Skip
3,talk,15,1,1,Skip
3,talk,16,1,13,Skip
3,talk,17,1,6,VOTE Agent[08]
3,talk,18,1,15,Skip
3,talk,19,1,8,VOTE Agent[02]
3,talk,20,1,9,Skip
3,talk,21,1,3,Skip
3,talk,22,1,14,Skip
3,talk,23,1,2,VOTE Agent[06]
3,talk,24,2,15,Skip
3,talk,25,2,8,Skip
3,talk,26,2,13,Skip
3,talk,27,2,6,VOTE Agent[08]
3,talk,28,2,7,VOTE Agent[02]
3,talk,29,2,5,Skip
3,talk,30,2,12,Skip
3,talk,31,2,2,Skip
3,talk,32,2,9,Skip
3,talk,33,2,1,VOTE Agent[02]
3,talk,34,2,14,Skip
3,talk,35,2,3,Skip
3,talk,36,3,12,Over
3,talk,37,3,13,Over
3,talk,38,3,1,Skip
3,talk,39,3,2,VOTE Agent[08]
3,talk,40,3,3,Over
3,talk,41,3,8,Skip
3,talk,42,3,14,Over
3,talk,43,3,6,Skip
3,talk,44,3,15,Over
3,talk,45,3,5,Over
3,talk,46,3,7,VOTE Agent[02]
3,talk,47,3,9,Over
3,talk,48,4,1,Skip
3,talk,49,4,5,Over
3,talk,50,4,2,Skip
3,talk,51,4,7,VOTE Agent[02]
3,talk,52,4,8,Over
3,talk,53,4,14,Over
3,talk,54,4,12,Over
3,talk,55,4,6,Skip
3,talk,56,4,9,Over
3,talk,57,4,13,Over
3,talk,58,4,15,Over
3,talk,59,4,3,Over
3,talk,60,5,9,Over
3,talk,61,5,15,Over
3,talk,62,5,3,Over
3,talk,63,5,6,Over
3,talk,64,5,12,Over
3,talk,65,5,2,Skip
3,talk,66,5,14,Over
3,talk,67,5,13,Over
3,talk,68,5,8,Over
3,talk,69,5,1,Over
3,talk,70,5,7,VOTE Agent[02]
3,talk,71,5,5,Over
3,talk,72,6,1,Over
3,talk,73,6,2,Over
3,talk,74,6,13,Over
3,talk,75,6,14,Over
3,talk,76,6,9,Over
3,talk,77,6,3,Over
3,talk,78,6,5,Over
3,talk,79,6,15,Over
3,talk,80,6,12,Over
3,talk,81,6,8,Over
3,talk,82,6,7,VOTE Agent[02]
3,talk,83,6,6,Over
3,talk,84,7,5,Over
3,talk,85,7,14,Over
3,talk,86,7,12,Over
3,talk,87,7,15,Over
3,talk,88,7,8,Over
3,talk,89,7,2,Over
3,talk,90,7,1,Over
3,talk,91,7,3,Over
3,talk,92,7,7,VOTE Agent[02]
3,talk,93,7,9,Over
3,talk,94,7,13,Over
3,talk,95,7,6,Over
3,talk,96,8,2,Over
3,talk,97,8,12,Over
3,talk,98,8,13,Over
3,talk,99,8,5,Over
3,talk,100,8,6,Over
3,talk,101,8,15,Over
3,talk,102,8,7,VOTE Agent[02]
3,talk,103,8,3,Over
3,talk,104,8,14,Over
3,talk,105,8,8,Over
3,talk,106,8,9,Over
3,talk,107,8,1,Over
3,talk,108,9,12,Over
3,talk,109,9,13,Over
3,talk,110,9,1,Over
3,talk,111,9,6,Over
3,talk,112,9,3,Over
3,talk,113,9,9,Over
3,talk,114,9,7,Over
3,talk,115,9,5,Over
3,talk,116,9,8,Over
3,talk,117,9,14,Over
3,talk,118,9,15,Over
3,talk,119,9,2,Over
3,vote,1,2
3,vote,2,8
3,vote,3,8
3,vote,5,6
3,vote,6,8
3,vote,7,2
3,vote,8,2
3,vote,9,6
3,vote,12,8
3,vote,13,6
3,vote,14,6
3,vote,15,9
3,vote,1,2
3,vote,2,8
3,vote,3,8
3,vote,5,6
3,vote,6,8
3,vote,7,2
3,vote,8,2
3,vote,9,6
3,vote,12,8
3,vote,13,6
3,vote,14,6
3,vote,15,9
3,execute,6,WEREWOLF
3,guard,13,12,VILLAGER
3,attackVote,2,12
3,attack,12,false
4,status,1,VILLAGER,ALIVE,Tomato1
4,status,2,WEREWOLF,ALIVE,Takeda4
4,status,3,VILLAGER,ALIVE,sample_py
4,status,4,POSSESSED,DEAD,sample_py
4,status,5,VILLAGER,ALIVE,Takeda12
4,status,6,WEREWOLF,DEAD,TOKU7
4,status,7,VILLAGER,ALIVE,OKAMI
4,status,8,MEDIUM,ALIVE,Tomato8
4,status,9,VILLAGER,ALIVE,Takeda14
4,status,10,WEREWOLF,DEAD,Tomato5
4,status,11,SEER,DEAD,SampleJava10
4,status,12,VILLAGER,ALIVE,sample_py
4,status,13,BODYGUARD,ALIVE,Takeda2
4,status,14,VILLAGER,ALIVE,Takeda3
4,status,15,VILLAGER,ALIVE,sample_py
4,talk,0,0,9,VOTE Agent[02]
4,talk,1,0,14,VOTE Agent[02]
4,talk,2,0,8,IDENTIFIED Agent[06] WEREWOLF
4,talk,3,0,7,VOTE Agent[02]
4,talk,4,0,15,VOTE Agent[08]
4,talk,5,0,5,VOTE Agent[02]
4,talk,6,0,12,VOTE Agent[08]
4,talk,7,0,2,DIVINED Agent[09] WEREWOLF
4,talk,8,0,1,VOTE Agent[02]
4,talk,9,0,3,VOTE Agent[09]
4,talk,10,0,13,VOTE Agent[02]
4,talk,11,1,12,Skip
4,talk,12,1,5,VOTE Agent[09]
4,talk,13,1,2,VOTE Agent[08]
4,talk,14,1,1,Skip
4,talk,15,1,7,COMINGOUT Agent[07] VILLAGER
4,talk,16,1,9,VOTE Agent[14]
4,talk,17,1,13,Skip
4,talk,18,1,15,Skip
4,talk,19,1,8,VOTE Agent[02]
4,talk,20,1,14,VOTE Agent[09]
4,talk,21,1,3,Skip
4,talk,22,2,2,Skip
4,talk,23,2,5,Skip
4,talk,24,2,12,Skip
4,talk,25,2,7,VOTE Agent[02]
4,talk,26,2,9,Skip
4,talk,27,2,15,Skip
4,talk,28,2,13,Skip
4,talk,29,2,1,Skip
4,talk,30,2,8,Skip
4,talk,31,2,14,Skip
4,talk,32,2,3,Skip
4,talk,33,3,13,Over
4,talk,34,3,14,Skip
4,talk,35,3,3,Over
4,talk,36,3,8,Skip
4,talk,37,3,15,Over
4,talk,38,3,7,VOTE Agent[02]
4,talk,39,3,5,Skip
4,talk,40,3,12,Over
4,talk,41,3,9,Skip
4,talk,42,3,2,Skip
4,talk,43,3,1,Over
4,talk,44,4,2,Over
4,talk,45,4,12,Over
4,talk,46,4,9,Over
4,talk,47,4,5,Over
4,talk,48,4,7,VOTE Agent[02]
4,talk,49,4,1,Over
4,talk,50,4,14,Over
4,talk,51,4,15,Over
4,talk,52,4,3,Over
4,talk,53,4,13,Over
4,talk,54,4,8,Over
4,talk,55,5,8,Over
4,talk,56,5,13,Over
4,talk,57,5,9,Over
4,talk,58,5,7,VOTE Agent[02]
4,talk,59,5,1,Over
4,talk,60,5,5,Over
4,talk,61,5,12,Over
4,talk,62,5,3,Over
4,talk,63,5,15,Over
4,talk,64,5,14,Over
4,talk,65,5,2,Over
4,talk,66,6,1,Over
4,talk,67,6,9,Over
4,talk,68,6,2,Over
4,talk,69,6,8,Over
4,talk,70,6,15,Over
4,talk,71,6,12,Over
4,talk,72,6,5,Over
4,talk,73,6,14,Over
4,talk,74,6,3,Over
4,talk,75,6,13,Over
4,talk,76,6,7,VOTE Agent[02]
4,talk,77,7,5,Over
4,talk,78,7,15,Over
4,talk,79,7,3,Over
4,talk,80,7,7,VOTE Agent[02]
4,talk,81,7,12,Over
4,talk,82,7,14,Over
4,talk,83,7,13,Over
4,talk,84,7,1,Over
4,talk,85,7,8,Over
4,talk,86,7,9,Over
4,talk,87,7,2,Over
4,talk,88,8,5,Over
4,talk,89,8,8,Over
4,talk,90,8,15,Over
4,talk,91,8,12,Over
4,talk,92,8,2,Over
4,talk,93,8,3,Over
4,talk,94,8,1,Over
4,talk,95,8,7,VOTE Agent[02]
4,talk,96,8,9,Over
4,talk,97,8,14,Over
4,talk,98,8,13,Over
4,talk,99,9,13,Over
4,talk,100,9,8,Over
4,talk,101,9,7,Over
4,talk,102,9,15,Over
4,talk,103,9,1,Over
4,talk,104,9,9,Over
4,talk,105,9,14,Over
4,talk,106,9,5,Over
4,talk,107,9,3,Over
4,talk,108,9,12,Over
4,talk,109,9,2,Over
4,vote,1,2
4,vote,2,8
4,vote,3,9
4,vote,5,9
4,vote,7,2
4,vote,8,2
4,vote,9,14
4,vote,12,8
4,vote,13,2
4,vote,14,9
4,vote,15,8
4,execute,2,WEREWOLF
4,guard,13,12,VILLAGER
5,status,1,VILLAGER,ALIVE,Tomato1
5,status,2,WEREWOLF,DEAD,Takeda4
5,status,3,VILLAGER,ALIVE,sample_py
5,status,4,POSSESSED,DEAD,sample_py
5,status,5,VILLAGER,ALIVE,Takeda12
5,status,6,WEREWOLF,DEAD,TOKU7
5,status,7,VILLAGER,ALIVE,OKAMI
5,status,8,MEDIUM,ALIVE,Tomato8
5,status,9,VILLAGER,ALIVE,Takeda14
5,status,10,WEREWOLF,DEAD,Tomato5
5,status,11,SEER,DEAD,SampleJava10
5,status,12,VILLAGER,ALIVE,sample_py
5,status,13,BODYGUARD,ALIVE,Takeda2
5,status,14,VILLAGER,ALIVE,Takeda3
5,status,15,VILLAGER,ALIVE,sample_py
5,result,10,0,VILLAGER
