0,status,1,VILLAGER,ALIVE,Tomato1
0,status,2,POSSESSED,ALIVE,Takeda4
0,status,3,SEER,ALIVE,sample_py
0,status,4,VILLAGER,ALIVE,sample_py
0,status,5,VILLAGER,ALIVE,Takeda12
0,status,6,VILLAGER,ALIVE,TOKU7
0,status,7,VILLAGER,ALIVE,OKAMI
0,status,8,VILLAGER,ALIVE,Tomato8
0,status,9,BODYGUARD,ALIVE,Takeda14
0,status,10,VILLAGER,ALIVE,Tomato5
0,status,11,WEREWOLF,ALIVE,SampleJava10
0,status,12,VILLAGER,ALIVE,sample_py
0,status,13,WEREWOLF,ALIVE,Takeda2
0,status,14,MEDIUM,ALIVE,Takeda3
0,status,15,WEREWOLF,ALIVE,sample_py
0,whisper,0,0,13,Skip
0,whisper,1,0,15,COMINGOUT Agent[15] MEDIUM
0,whisper,2,0,11,COMINGOUT Agent[11] MEDIUM
0,whisper,3,1,11,COMINGOUT Agent[11] VILLAGER
0,whisper,4,1,13,Skip
0,whisper,5,1,15,COMINGOUT Agent[15] MEDIUM
0,whisper,6,2,13,Over
0,whisper,7,2,15,COMINGOUT Agent[15] MEDIUM
0,whisper,8,2,11,Skip
0,whisper,9,3,13,Over
0,whisper,10,3,11,Skip
0,whisper,11,3,15,COMINGOUT Agent[15] MEDIUM
0,whisper,12,4,11,Over
0,whisper,13,4,15,COMINGOUT Agent[15] MEDIUM
0,whisper,14,4,13,Over
0,whisper,15,5,11,Over
0,whisper,16,5,15,COMINGOUT Agent[15] MEDIUM
0,whisper,17,5,13,Over
0,whisper,18,6,15,COMINGOUT Agent[15] MEDIUM
0,whisper,19,6,13,Over
0,whisper,20,6,11,Over
0,whisper,21,7,11,Over
0,whisper,22,7,13,Over
0,whisper,23,7,15,COMINGOUT Agent[15] MEDIUM
0,whisper,24,8,15,COMINGOUT Agent[15] MEDIUM
0,whisper,25,8,11,Over
0,whisper,26,8,13,Over
0,whisper,27,9,13,Over
0,whisper,28,9,11,Over
0,whisper,29,9,15,COMINGOUT Agent[15] MEDIUM
0,whisper,30,10,13,Over
0,whisper,31,10,11,Over
0,whisper,32,10,15,Over
0,divine,3,6,HUMAN
1,status,1,VILLAGER,ALIVE,Tomato1
1,status,2,POSSESSED,ALIVE,Takeda4
1,status,3,SEER,ALIVE,sample_py
1,status,4,VILLAGER,ALIVE,sample_py
1,status,5,VILLAGER,ALIVE,Takeda12
1,status,6,VILLAGER,ALIVE,TOKU7
1,status,7,VILLAGER,ALIVE,OKAMI
1,status,8,VILLAGER,ALIVE,Tomato8
1,status,9,BODYGUARD,ALIVE,Takeda14
1,status,10,VILLAGER,ALIVE,Tomato5
1,status,11,WEREWOLF,ALIVE,SampleJava10
1,status,12,VILLAGER,ALIVE,sample_py
1,status,13,WEREWOLF,ALIVE,Takeda2
1,status,14,MEDIUM,ALIVE,Takeda3
1,status,15,WEREWOLF,ALIVE,sample_py
1,talk,0,0,15,VOTE Agent[07]
1,talk,1,0,8,VOTE Agent[07]
1,talk,2,0,9,VOTE Agent[07]
1,talk,3,0,14,COMINGOUT Agent[14] MEDIUM
1,talk,4,0,12,VOTE Agent[11]
1,talk,5,0,2,COMINGOUT Agent[02] SEER
1,talk,6,0,13,COMINGOUT Agent[13] SEER
1,talk,7,0,3,VOTE Agent[02]
1,talk,8,0,4,VOTE Agent[15]
1,talk,9,0,7,VOTE Agent[15]
1,talk,10,0,1,VOTE Agent[07]
1,talk,11,0,11,VOTE Agent[03]
1,talk,12,0,6,VOTE Agent[02]
1,talk,13,0,5,VOTE Agent[13]
1,talk,14,0,10,VOTE Agent[07]
1,talk,15,1,14,VOTE Agent[12]
1,talk,16,1,4,Skip
1,talk,17,1,13,DIVINED Agent[07] WEREWOLF
1,talk,18,1,3,Skip
1,talk,19,1,7,COMINGOUT Agent[07] VILLAGER
1,talk,20,1,10,Skip
1,talk,21,1,9,Skip
1,talk,22,1,1,Skip
1,talk,23,1,6,VOTE Agent[07]
1,talk,24,1,15,VOTE Agent[14]
1,talk,25,1,2,DIVINED Agent[06] WEREWOLF
1,talk,26,1,5,VOTE Agent[09]
1,talk,27,1,8,Skip
1,talk,28,1,12,VOTE Agent[07]
1,talk,29,1,11,REQUEST ANY (VOTE Agent[03])
1,talk,30,2,14,VOTE Agent[09]
1,talk,31,2,11,Skip
1,talk,32,2,1,Skip
1,talk,33,2,5,Skip
1,talk,34,2,2,VOTE Agent[06]
1,talk,35,2,3,Skip
1,talk,36,2,4,VOTE Agent[06]
1,talk,37,2,13,VOTE Agent[07]
1,talk,38,2,10,Skip
1,talk,39,2,9,VOTE Agent[03]
1,talk,40,2,15,Skip
1,talk,41,2,6,VOTE Agent[09]
1,talk,42,2,8,Skip
1,talk,43,2,12,Skip
1,talk,44,2,7,VOTE Agent[06]
1,talk,45,3,1,Over
1,talk,46,3,2,Skip
1,talk,47,3,6,Skip
1,talk,48,3,14,Skip
1,talk,49,3,13,Skip
1,talk,50,3,5,Skip
1,talk,51,3,11,Skip
1,talk,52,3,15,Skip
1,talk,53,3,3,Over
1,talk,54,3,4,Skip
1,talk,55,3,12,Skip
1,talk,56,3,8,Over
1,talk,57,3,9,Skip
1,talk,58,3,7,VOTE Agent[06]
1,talk,59,3,10,Over
1,talk,60,4,8,Over
1,talk,61,4,6,Skip
1,talk,62,4,5,Over
1,talk,63,4,2,Skip
1,talk,64,4,7,VOTE Agent[06]
1,talk,65,4,12,Over
1,talk,66,4,3,Over
1,talk,67,4,14,Skip
1,talk,68,4,9,Skip
1,talk,69,4,11,Over
1,talk,70,4,15,Over
1,talk,71,4,13,Skip
1,talk,72,4,10,Over
1,talk,73,4,1,Over
1,talk,74,4,4,Skip
1,talk,75,5,15,Over
1,talk,76,5,2,Over
1,talk,77,5,9,Over
1,talk,78,5,7,VOTE Agent[06]
1,talk,79,5,14,Over
1,talk,80,5,1,Over
1,talk,81,5,8,Over
1,talk,82,5,12,Over
1,talk,83,5,13,Over
1,talk,84,5,4,Over
1,talk,85,5,3,Over
1,talk,86,5,5,Over
1,talk,87,5,10,Over
1,talk,88,5,6,Over
1,talk,89,5,11,Over
1,talk,90,6,4,Over
1,talk,91,6,13,Over
1,talk,92,6,5,Over
1,talk,93,6,6,Over
1,talk,94,6,11,Over
1,talk,95,6,2,Over
1,talk,96,6,15,Over
1,talk,97,6,9,Over
1,talk,98,6,1,Over
1,talk,99,6,7,VOTE Agent[06]
1,talk,100,6,14,Over
1,talk,101,6,8,Over
1,talk,102,6,10,Over
1,talk,103,6,12,Over
1,talk,104,6,3,Over
1,talk,105,7,4,Over
1,talk,106,7,13,Over
1,talk,107,7,7,VOTE Agent[06]
1,talk,108,7,12,Over
1,talk,109,7,5,Over
1,talk,110,7,14,Over
1,talk,111,7,15,Over
1,talk,112,7,2,Over
1,talk,113,7,11,Over
1,talk,114,7,8,Over
1,talk,115,7,9,Over
1,talk,116,7,1,Over
1,talk,117,7,6,Over
1,talk,118,7,10,Over
1,talk,119,7,3,Over
1,talk,120,8,8,Over
1,talk,121,8,11,Over
1,talk,122,8,6,Over
1,talk,123,8,2,Over
1,talk,124,8,4,Over
1,talk,125,8,5,Over
1,talk,126,8,14,Over
1,talk,127,8,9,Over
1,talk,128,8,3,Over
1,talk,129,8,13,Over
1,talk,130,8,7,VOTE Agent[06]
1,talk,131,8,12,Over
1,talk,132,8,15,Over
1,talk,133,8,10,Over
1,talk,134,8,1,Over
1,talk,135,9,6,Over
1,talk,136,9,13,Over
1,talk,137,9,1,Over
1,talk,138,9,4,Over
1,talk,139,9,2,Over
1,talk,140,9,5,Over
1,talk,141,9,9,Over
1,talk,142,9,10,Over
1,talk,143,9,14,Over
1,talk,144,9,3,Over
1,talk,145,9,8,Over
1,talk,146,9,15,Over
1,talk,147,9,11,Over
1,talk,148,9,12,Over
1,talk,149,9,7,Over
1,vote,1,7
1,vote,2,3
1,vote,3,2
1,vote,4,6
1,vote,5,9
1,vote,6,9
1,vote,7,6
1,vote,8,7
1,vote,9,3
1,vote,10,7
1,vote,11,3
1,vote,12,7
1,vote,13,7
1,vote,14,9
1,vote,15,14
1,execute,7,VILLAGER
1,divine,3,8,HUMAN
1,whisper,0,0,15,ATTACK Agent[02]
1,whisper,1,0,11,BECAUSE (AND (NOT (COMINGOUT Agent[02] WEREWOLF)) (NOT (COMINGOUT Agent[06] WEREWOLF)) (DAY 1 (Agent[02] DIVINED Agent[06] WEREWOLF))) (ESTIMATE Agent[02] POSSESSED)
1,whisper,2,0,13,Skip
1,whisper,3,1,11,BECAUSE (Agent[14] COMINGOUT Agent[14] MEDIUM) (ATTACK Agent[14])
1,whisper,4,1,15,Skip
1,whisper,5,1,13,Skip
1,whisper,6,2,11,ATTACK Agent[14]
1,whisper,7,2,13,Over
1,whisper,8,2,15,Skip
1,whisper,9,3,15,Over
1,whisper,10,3,13,Over
1,whisper,11,3,11,Skip
1,whisper,12,4,15,Over
1,whisper,13,4,13,Over
1,whisper,14,4,11,Skip
1,whisper,15,5,13,Over
1,whisper,16,5,11,Over
1,whisper,17,5,15,Over
1,guard,9,2,POSSESSED
1,attackVote,11,14
1,attackVote,13,12
1,attackVote,15,2
1,attackVote,11,14
1,attackVote,13,12
1,attackVote,15,2
1,attack,12,true
2,status,1,VILLAGER,ALIVE,Tomato1
2,status,2,POSSESSED,ALIVE,Takeda4
2,status,3,SEER,ALIVE,sample_py
2,status,4,VILLAGER,ALIVE,sample_py
2,status,5,VILLAGER,ALIVE,Takeda12
2,status,6,VILLAGER,ALIVE,TOKU7
2,status,7,VILLAGER,DEAD,OKAMI
2,status,8,VILLAGER,ALIVE,Tomato8
2,status,9,BODYGUARD,ALIVE,Takeda14
2,status,10,VILLAGER,ALIVE,Tomato5
2,status,11,WEREWOLF,ALIVE,SampleJava10
2,status,12,VILLAGER,DEAD,sample_py
2,status,13,WEREWOLF,ALIVE,Takeda2
2,status,14,MEDIUM,ALIVE,Takeda3
2,status,15,WEREWOLF,ALIVE,sample_py
2,talk,0,0,1,VOTE Agent[13]
2,talk,1,0,15,COMINGOUT Agent[15] MEDIUM
2,talk,2,0,11,VOTE Agent[03]
2,talk,3,0,3,VOTE Agent[13]
2,talk,4,0,5,VOTE Agent[09]
2,talk,5,0,8,VOTE Agent[13]
2,talk,6,0,14,IDENTIFIED Agent[07] HUMAN
2,talk,7,0,4,VOTE Agent[06]
2,talk,8,0,10,VOTE Agent[13]
2,talk,9,0,6,VOTE Agent[09]
2,talk,10,0,13,DIVINED Agent[09] WEREWOLF
2,talk,11,0,9,VOTE Agent[03]
2,talk,12,0,2,DIVINED Agent[09] HUMAN
2,talk,13,1,8,Skip
2,talk,14,1,14,VOTE Agent[15]
2,talk,15,1,3,Skip
2,talk,16,1,4,Skip
2,talk,17,1,9,VOTE Agent[15]
2,talk,18,1,10,Skip
2,talk,19,1,2,VOTE Agent[06]
2,talk,20,1,13,VOTE Agent[09]
2,talk,21,1,6,VOTE Agent[15]
2,talk,22,1,15,IDENTIFIED Agent[07] WEREWOLF
2,talk,23,1,5,VOTE Agent[01]
2,talk,24,1,1,Skip
2,talk,25,1,11,REQUEST ANY (VOTE Agent[03])
2,talk,26,2,10,Skip
2,talk,27,2,8,Skip
2,talk,28,2,6,VOTE Agent[03]
2,talk,29,2,1,Skip
2,talk,30,2,3,Skip
2,talk,31,2,15,VOTE Agent[14]
2,talk,32,2,2,Skip
2,talk,33,2,4,Skip
2,talk,34,2,5,VOTE Agent[14]
2,talk,35,2,9,VOTE Agent[14]
2,talk,36,2,13,Skip
2,talk,37,2,14,Skip
2,talk,38,2,11,Skip
2,talk,39,3,5,Skip
2,talk,40,3,11,Skip
2,talk,41,3,2,Skip
2,talk,42,3,4,Over
2,talk,43,3,9,Skip
2,talk,44,3,1,Over
2,talk,45,3,6,VOTE Agent[14]
2,talk,46,3,8,Over
2,talk,47,3,14,Skip
2,talk,48,3,10,Over
2,talk,49,3,13,Skip
2,talk,50,3,3,Over
2,talk,51,3,15,Skip
2,talk,52,4,15,Skip
2,talk,53,4,13,Over
2,talk,54,4,14,Over
2,talk,55,4,4,Over
2,talk,56,4,3,Over
2,talk,57,4,6,Skip
2,talk,58,4,9,Skip
2,talk,59,4,10,VOTE Agent[14]
2,talk,60,4,1,VOTE Agent[14]
2,talk,61,4,8,VOTE Agent[14]
2,talk,62,4,11,Over
2,talk,63,4,2,Over
2,talk,64,4,5,Skip
2,talk,65,5,6,Skip
2,talk,66,5,8,Skip
2,talk,67,5,15,Over
2,talk,68,5,2,Over
2,talk,69,5,4,Over
2,talk,70,5,9,Over
2,talk,71,5,1,Skip
2,talk,72,5,14,Over
2,talk,73,5,5,Over
2,talk,74,5,3,Over
2,talk,75,5,10,Skip
2,talk,76,5,13,VOTE Agent[14]
2,talk,77,5,11,Over
2,talk,78,6,15,Over
2,talk,79,6,2,Over
2,talk,80,6,3,Over
2,talk,81,6,4,Over
2,talk,82,6,9,Over
2,talk,83,6,6,Over
2,talk,84,6,13,Skip
2,talk,85,6,10,Skip
2,talk,86,6,11,Over
2,talk,87,6,8,Skip
2,talk,88,6,1,Skip
2,talk,89,6,14,Over
2,talk,90,6,5,Over
2,talk,91,7,9,Over
2,talk,92,7,15,Over
2,talk,93,7,13,Skip
2,talk,94,7,11,Over
2,talk,95,7,1,Over
2,talk,96,7,10,Over
2,talk,97,7,6,Over
2,talk,98,7,5,Over
2,talk,99,7,3,Over
2,talk,100,7,14,Over
2,talk,101,7,8,Over
2,talk,102,7,2,Over
2,talk,103,7,4,Over
2,talk,104,8,14,Over
2,talk,105,8,15,Over
2,talk,106,8,6,Over
2,talk,107,8,4,Over
2,talk,108,8,5,Over
2,talk,109,8,9,Over
2,talk,110,8,1,Over
2,talk,111,8,8,Over
2,talk,112,8,13,Over
2,talk,113,8,3,Over
2,talk,114,8,11,Over
2,talk,115,8,10,Over
2,talk,116,8,2,Over
2,vote,1,14
2,vote,2,15
2,vote,3,13
2,vote,4,6
2,vote,5,14
2,vote,6,14
2,vote,8,14
2,vote,9,14
2,vote,10,14
2,vote,11,3
2,vote,13,14
2,vote,14,15
2,vote,15,14
2,execute,14,MEDIUM
2,divine,3,11,WEREWOLF
2,whisper,0,0,15,ATTACK Agent[02]
2,whisper,1,0,11,ATTACK Agent[04]
2,whisper,2,0,13,Skip
2,whisper,3,1,15,Skip
2,whisper,4,1,13,Skip
2,whisper,5,1,11,Skip
2,whisper,6,2,15,Skip
2,whisper,7,2,13,Over
2,whisper,8,2,11,Skip
2,whisper,9,3,15,Over
2,whisper,10,3,13,Over
2,whisper,11,3,11,Over
2,guard,9,13,WEREWOLF
2,attackVote,11,4
2,attackVote,13,3
2,attackVote,15,2
2,attackVote,11,4
2,attackVote,13,3
2,attackVote,15,2
2,attack,4,true
3,status,1,VILLAGER,ALIVE,Tomato1
3,status,2,POSSESSED,ALIVE,Takeda4
3,status,3,SEER,ALIVE,sample_py
3,status,4,VILLAGER,DEAD,sample_py
3,status,5,VILLAGER,ALIVE,Takeda12
3,status,6,VILLAGER,ALIVE,TOKU7
3,status,7,VILLAGER,DEAD,OKAMI
3,status,8,VILLAGER,ALIVE,Tomato8
3,status,9,BODYGUARD,ALIVE,Takeda14
3,status,10,VILLAGER,ALIVE,Tomato5
3,status,11,WEREWOLF,ALIVE,SampleJava10
3,status,12,VILLAGER,DEAD,sample_py
3,status,13,WEREWOLF,ALIVE,Takeda2
3,status,14,MEDIUM,DEAD,Takeda3
3,status,15,WEREWOLF,ALIVE,sample_py
3,talk,0,0,15,IDENTIFIED Agent[14] HUMAN
3,talk,1,0,1,VOTE Agent[13]
3,talk,2,0,5,VOTE Agent[09]
3,talk,3,0,8,VOTE Agent[13]
3,talk,4,0,10,VOTE Agent[13]
3,talk,5,0,9,VOTE Agent[06]
3,talk,6,0,13,DIVINED Agent[02] WEREWOLF
3,talk,7,0,11,VOTE Agent[03]
3,talk,8,0,3,COMINGOUT Agent[03] SEER
3,talk,9,0,6,VOTE Agent[09]
3,talk,10,0,2,DIVINED Agent[01] WEREWOLF
3,talk,11,1,10,VOTE Agent[02]
3,talk,12,1,13,VOTE Agent[02]
3,talk,13,1,15,VOTE Agent[13]
3,talk,14,1,5,VOTE Agent[02]
3,talk,15,1,1,VOTE Agent[02]
3,talk,16,1,11,REQUEST ANY (VOTE Agent[03])
3,talk,17,1,2,VOTE Agent[06]
3,talk,18,1,8,VOTE Agent[02]
3,talk,19,1,6,VOTE Agent[03]
3,talk,20,1,9,VOTE Agent[02]
3,talk,21,1,3,DIVINED Agent[06] HUMAN
3,talk,22,2,13,Skip
3,talk,23,2,9,VOTE Agent[13]
3,talk,24,2,1,Skip
3,talk,25,2,6,VOTE Agent[13]
3,talk,26,2,8,Skip
3,talk,27,2,11,Skip
3,talk,28,2,3,DIVINED Agent[08] HUMAN
3,talk,29,2,10,Skip
3,talk,30,2,2,Skip
3,talk,31,2,15,Skip
3,talk,32,2,5,VOTE Agent[03]
3,talk,33,3,9,Skip
3,talk,34,3,6,Skip
3,talk,35,3,2,VOTE Agent[01]
3,talk,36,3,11,Skip
3,talk,37,3,15,Skip
3,talk,38,3,3,DIVINED Agent[11] WEREWOLF
3,talk,39,3,10,Skip
3,talk,40,3,8,Skip
3,talk,41,3,13,Skip
3,talk,42,3,5,Skip
3,talk,43,3,1,Skip
3,talk,44,4,11,Over
3,talk,45,4,1,Over
3,talk,46,4,13,Over
3,talk,47,4,9,Skip
3,talk,48,4,8,Over
3,talk,49,4,5,Skip
3,talk,50,4,6,Skip
3,talk,51,4,3,VOTE Agent[11]
3,talk,52,4,10,Over
3,talk,53,4,15,Over
3,talk,54,4,2,Skip
3,talk,55,5,1,Over
3,talk,56,5,9,Over
3,talk,57,5,11,Over
3,talk,58,5,13,Over
3,talk,59,5,6,Over
3,talk,60,5,5,Over
3,talk,61,5,15,Over
3,talk,62,5,10,Over
3,talk,63,5,8,Over
3,talk,64,5,2,Skip
3,talk,65,5,3,Skip
3,talk,66,6,1,Over
3,talk,67,6,2,Over
3,talk,68,6,3,Skip
3,talk,69,6,13,Over
3,talk,70,6,8,Over
3,talk,71,6,5,Over
3,talk,72,6,10,Over
3,talk,73,6,11,Over
3,talk,74,6,6,Over
3,talk,75,6,9,Over
3,talk,76,6,15,Over
3,talk,77,7,15,Over
3,talk,78,7,2,Over
3,talk,79,7,6,Over
3,talk,80,7,13,Over
3,talk,81,7,10,Over
3,talk,82,7,8,Over
3,talk,83,7,1,Over
3,talk,84,7,3,Over
3,talk,85,7,11,Over
3,talk,86,7,5,Over
3,talk,87,7,9,Over
3,vote,1,2
3,vote,2,9
3,vote,3,11
3,vote,5,13
3,vote,6,13
3,vote,8,2
3,vote,9,13
3,vote,10,2
3,vote,11,3
3,vote,13,2
3,vote,15,13
3,vote,1,2
3,vote,2,11
3,vote,3,11
3,vote,5,13
3,vote,6,13
3,vote,8,2
3,vote,9,13
3,vote,10,2
3,vote,11,2
3,vote,13,2
3,vote,15,13
3,execute,2,POSSESSED
3,whisper,0,0,13,Skip
3,whisper,1,0,11,BECAUSE (Agent[03] COMINGOUT Agent[03] SEER) (ATTACK Agent[03])
3,whisper,2,0,15,ATTACK Agent[03]
3,whisper,3,1,15,Skip
3,whisper,4,1,11,ATTACK Agent[03]
3,whisper,5,1,13,Skip
3,whisper,6,2,11,Skip
3,whisper,7,2,15,Skip
3,whisper,8,2,13,Over
3,whisper,9,3,13,Over
3,whisper,10,3,11,Skip
3,whisper,11,3,15,Over
3,whisper,12,4,11,Over
3,whisper,13,4,13,Over
3,whisper,14,4,15,Over
3,guard,9,3,SEER
3,attackVote,11,3
3,attackVote,13,3
3,attackVote,15,3
3,attack,3,false
4,status,1,VILLAGER,ALIVE,Tomato1
4,status,2,POSSESSED,DEAD,Takeda4
4,status,3,SEER,ALIVE,sample_py
4,status,4,VILLAGER,DEAD,sample_py
4,status,5,VILLAGER,ALIVE,Takeda12
4,status,6,VILLAGER,ALIVE,TOKU7
4,status,7,VILLAGER,DEAD,OKAMI
4,status,8,VILLAGER,ALIVE,Tomato8
4,status,9,BODYGUARD,ALIVE,Takeda14
4,status,10,VILLAGER,ALIVE,Tomato5
4,status,11,WEREWOLF,ALIVE,SampleJava10
4,status,12,VILLAGER,DEAD,sample_py
4,status,13,WEREWOLF,ALIVE,Takeda2
4,status,14,MEDIUM,DEAD,Takeda3
4,status,15,WEREWOLF,ALIVE,sample_py
4,talk,0,0,11,VOTE Agent[03]
4,talk,1,0,8,VOTE Agent[13]
4,talk,2,0,15,IDENTIFIED Agent[02] WEREWOLF
4,talk,3,0,1,VOTE Agent[13]
4,talk,4,0,10,VOTE Agent[13]
4,talk,5,0,5,VOTE Agent[13]
4,talk,6,0,3,VOTE Agent[11]
4,talk,7,0,9,VOTE Agent[13]
4,talk,8,0,6,VOTE Agent[13]
4,talk,9,0,13,DIVINED Agent[03] WEREWOLF
4,talk,10,1,9,Skip
4,talk,11,1,1,VOTE Agent[03]
4,talk,12,1,5,Skip
4,talk,13,1,3,Skip
4,talk,14,1,10,VOTE Agent[03]
4,talk,15,1,13,VOTE Agent[03]
4,talk,16,1,8,VOTE Agent[03]
4,talk,17,1,15,VOTE Agent[03]
4,talk,18,1,6,Skip
4,talk,19,1,11,REQUEST ANY (VOTE Agent[03])
4,talk,20,2,1,Skip
4,talk,21,2,8,Skip
4,talk,22,2,11,Skip
4,talk,23,2,5,Skip
4,talk,24,2,15,Skip
4,talk,25,2,9,Skip
4,talk,26,2,3,Skip
4,talk,27,2,10,Skip
4,talk,28,2,6,Skip
4,talk,29,2,13,Skip
4,talk,30,3,11,Skip
4,talk,31,3,8,Skip
4,talk,32,3,1,Skip
4,talk,33,3,13,Skip
4,talk,34,3,3,Over
4,talk,35,3,6,Over
4,talk,36,3,15,Skip
4,talk,37,3,5,Over
4,talk,38,3,10,Skip
4,talk,39,3,9,Over
4,talk,40,4,6,Over
4,talk,41,4,1,Over
4,talk,42,4,15,Over
4,talk,43,4,9,Over
4,talk,44,4,11,Over
4,talk,45,4,13,Over
4,talk,46,4,10,Over
4,talk,47,4,5,Over
4,talk,48,4,3,Over
4,talk,49,4,8,Over
4,vote,1,3
4,vote,3,11
4,vote,5,3
4,vote,6,3
4,vote,8,3
4,vote,9,3
4,vote,10,3
4,vote,11,3
4,vote,13,3
4,vote,15,3
4,execute,3,SEER
4,whisper,0,0,15,ATTACK Agent[10]
4,whisper,1,0,11,ATTACK Agent[01]
4,whisper,2,0,13,Skip
4,whisper,3,1,11,Skip
4,whisper,4,1,15,Skip
4,whisper,5,1,13,Skip
4,whisper,6,2,13,Over
4,whisper,7,2,15,Skip
4,whisper,8,2,11,Skip
4,whisper,9,3,11,Over
4,whisper,10,3,15,Over
4,whisper,11,3,13,Over
4,guard,9,3,SEER
4,attackVote,11,1
4,attackVote,13,6
4,attackVote,15,10
4,attackVote,11,1
4,attackVote,13,6
4,attackVote,15,10
4,attack,10,true
5,status,1,VILLAGER,ALIVE,Tomato1
5,status,2,POSSESSED,DEAD,Takeda4
5,status,3,SEER,DEAD,sample_py
5,status,4,VILLAGER,DEAD,sample_py
5,status,5,VILLAGER,ALIVE,Takeda12
5,status,6,VILLAGER,ALIVE,TOKU7
5,status,7,VILLAGER,DEAD,OKAMI
5,status,8,VILLAGER,ALIVE,Tomato8
5,status,9,BODYGUARD,ALIVE,Takeda14
5,status,10,VILLAGER,DEAD,Tomato5
5,status,11,WEREWOLF,ALIVE,SampleJava10
5,status,12,VILLAGER,DEAD,sample_py
5,status,13,WEREWOLF,ALIVE,Takeda2
5,status,14,MEDIUM,DEAD,Takeda3
5,status,15,WEREWOLF,ALIVE,sample_py
5,talk,0,0,5,VOTE Agent[13]
5,talk,1,0,13,DIVINED Agent[08] WEREWOLF
5,talk,2,0,8,VOTE Agent[13]
5,talk,3,0,9,VOTE Agent[13]
5,talk,4,0,11,VOTE Agent[03]
5,talk,5,0,6,VOTE Agent[13]
5,talk,6,0,15,IDENTIFIED Agent[03] WEREWOLF
5,talk,7,0,1,VOTE Agent[13]
5,talk,8,1,6,Skip
5,talk,9,1,13,VOTE Agent[09]
5,talk,10,1,8,Skip
5,talk,11,1,1,Skip
5,talk,12,1,9,Skip
5,talk,13,1,11,REQUEST ANY (VOTE Agent[03])
5,talk,14,1,15,VOTE Agent[11]
5,talk,15,1,5,Skip
5,talk,16,2,13,VOTE Agent[09]
5,talk,17,2,9,Skip
5,talk,18,2,11,Skip
5,talk,19,2,6,Skip
5,talk,20,2,8,Skip
5,talk,21,2,5,Skip
5,talk,22,2,15,Skip
5,talk,23,2,1,Skip
5,talk,24,3,6,Over
5,talk,25,3,11,Skip
5,talk,26,3,1,Over
5,talk,27,3,15,Skip
5,talk,28,3,5,Over
5,talk,29,3,8,Over
5,talk,30,3,13,VOTE Agent[08]
5,talk,31,3,9,Over
5,talk,32,4,11,Over
5,talk,33,4,6,Over
5,talk,34,4,5,Over
5,talk,35,4,8,Over
5,talk,36,4,1,Over
5,talk,37,4,15,Over
5,talk,38,4,9,Over
5,talk,39,4,13,VOTE Agent[08]
5,talk,40,5,15,Over
5,talk,41,5,5,Over
5,talk,42,5,11,Over
5,talk,43,5,1,Over
5,talk,44,5,13,VOTE Agent[08]
5,talk,45,5,9,Over
5,talk,46,5,8,Over
5,talk,47,5,6,Over
5,talk,48,6,8,Over
5,talk,49,6,9,Over
5,talk,50,6,15,Over
5,talk,51,6,1,Over
5,talk,52,6,5,Over
5,talk,53,6,13,VOTE Agent[08]
5,talk,54,6,11,Over
5,talk,55,6,6,Over
5,talk,56,7,11,Over
5,talk,57,7,13,VOTE Agent[08]
5,talk,58,7,9,Over
5,talk,59,7,5,Over
5,talk,60,7,15,Over
5,talk,61,7,8,Over
5,talk,62,7,1,Over
5,talk,63,7,6,Over
5,talk,64,8,15,Over
5,talk,65,8,9,Over
5,talk,66,8,11,Over
5,talk,67,8,8,Over
5,talk,68,8,13,VOTE Agent[08]
5,talk,69,8,1,Over
5,talk,70,8,6,Over
5,talk,71,8,5,Over
5,talk,72,9,6,Over
5,talk,73,9,5,Over
5,talk,74,9,1,Over
5,talk,75,9,13,VOTE Agent[08]
5,talk,76,9,8,Over
5,talk,77,9,15,Over
5,talk,78,9,11,Over
5,talk,79,9,9,Over
5,talk,80,10,8,Over
5,talk,81,10,13,Over
5,talk,82,10,1,Over
5,talk,83,10,15,Over
5,talk,84,10,9,Over
5,talk,85,10,6,Over
5,talk,86,10,5,Over
5,talk,87,10,11,Over
5,vote,1,13
5,vote,5,13
5,vote,6,13
5,vote,8,13
5,vote,9,13
5,vote,11,8
5,vote,13,8
5,vote,15,11
5,execute,13,WEREWOLF
5,whisper,0,0,11,ATTACK Agent[08]
5,whisper,1,0,15,ATTACK Agent[01]
5,whisper,2,1,11,Skip
5,whisper,3,1,15,Skip
5,whisper,4,2,11,Skip
5,whisper,5,2,15,Skip
5,whisper,6,3,15,Over
5,whisper,7,3,11,Over
5,guard,9,13,WEREWOLF
5,attackVote,11,8
5,attackVote,15,1
5,attackVote,11,8
5,attackVote,15,1
5,attack,1,true
6,status,1,VILLAGER,DEAD,Tomato1
6,status,2,POSSESSED,DEAD,Takeda4
6,status,3,SEER,DEAD,sample_py
6,status,4,VILLAGER,DEAD,sample_py
6,status,5,VILLAGER,ALIVE,Takeda12
6,status,6,VILLAGER,ALIVE,TOKU7
6,status,7,VILLAGER,DEAD,OKAMI
6,status,8,VILLAGER,ALIVE,Tomato8
6,status,9,BODYGUARD,ALIVE,Takeda14
6,status,10,VILLAGER,DEAD,Tomato5
6,status,11,WEREWOLF,ALIVE,SampleJava10
6,status,12,VILLAGER,DEAD,sample_py
6,status,13,WEREWOLF,DEAD,Takeda2
6,status,14,MEDIUM,DEAD,Takeda3
6,status,15,WEREWOLF,ALIVE,sample_py
6,talk,0,0,9,VOTE Agent[08]
6,talk,1,0,15,IDENTIFIED Agent[13] HUMAN
6,talk,2,0,11,VOTE Agent[03]
6,talk,3,0,6,VOTE Agent[08]
6,talk,4,0,5,VOTE Agent[08]
6,talk,5,0,8,VOTE Agent[15]
6,talk,6,1,9,Skip
6,talk,7,1,8,Skip
6,talk,8,1,5,Skip
6,talk,9,1,15,VOTE Agent[11]
6,talk,10,1,11,REQUEST ANY (VOTE Agent[03])
6,talk,11,1,6,Skip
6,talk,12,2,9,Skip
6,talk,13,2,15,Skip
6,talk,14,2,11,Skip
6,talk,15,2,6,Skip
6,talk,16,2,8,Skip
6,talk,17,2,5,Skip
6,talk,18,3,9,Over
6,talk,19,3,6,Over
6,talk,20,3,8,Over
6,talk,21,3,15,Skip
6,talk,22,3,11,Skip
6,talk,23,3,5,Over
6,talk,24,4,5,Over
6,talk,25,4,11,Over
6,talk,26,4,8,Over
6,talk,27,4,15,Over
6,talk,28,4,6,Over
6,talk,29,4,9,Over
6,vote,5,8
6,vote,6,8
6,vote,8,15
6,vote,9,8
6,vote,11,5
6,vote,15,11
6,execute,8,VILLAGER
6,whisper,0,0,15,ATTACK Agent[05]
6,whisper,1,0,11,ATTACK Agent[09]
6,whisper,2,1,11,Skip
6,whisper,3,1,15,Skip
6,whisper,4,2,11,Skip
6,whisper,5,2,15,Skip
6,whisper,6,3,15,Over
6,whisper,7,3,11,Over
6,guard,9,6,VILLAGER
6,attackVote,11,9
6,attackVote,15,5
6,attackVote,11,9
6,attackVote,15,5
6,attack,9,true
7,status,1,VILLAGER,DEAD,Tomato1
7,status,2,POSSESSED,DEAD,Takeda4
7,status,3,SEER,DEAD,sample_py
7,status,4,VILLAGER,DEAD,sample_py
7,status,5,VILLAGER,ALIVE,Takeda12
7,status,6,VILLAGER,ALIVE,TOKU7
7,status,7,VILLAGER,DEAD,OKAMI
7,status,8,VILLAGER,DEAD,Tomato8
7,status,9,BODYGUARD,DEAD,Takeda14
7,status,10,VILLAGER,DEAD,Tomato5
7,status,11,WEREWOLF,ALIVE,SampleJava10
7,status,12,VILLAGER,DEAD,sample_py
7,status,13,WEREWOLF,DEAD,Takeda2
7,status,14,MEDIUM,DEAD,Takeda3
7,status,15,WEREWOLF,ALIVE,sample_py
7,result,2,2,WEREWOLF
