0,status,1,VILLAGER,ALIVE,SampleJava6
0,status,2,WEREWOLF,ALIVE,OKAMI
0,status,3,VILLAGER,ALIVE,HALU
0,status,4,VILLAGER,ALIVE,sample_py
0,status,5,SEER,ALIVE,sample_py
0,status,6,WEREWOLF,ALIVE,Takeda7
0,status,7,WEREWOLF,ALIVE,sample_py
0,status,8,POSSESSED,ALIVE,OKAMI
0,status,9,VILLAGER,ALIVE,sample_py
0,status,10,VILLAGER,ALIVE,OKAMI
0,status,11,MEDIUM,ALIVE,Takeda11
0,status,12,VILLAGER,ALIVE,SampleJava0
0,status,13,BODYGUARD,ALIVE,SampleJava1
0,status,14,VILLAGER,ALIVE,HALU
0,status,15,VILLAGER,ALIVE,HALU
0,whisper,0,0,7,COMINGOUT Agent[07] MEDIUM
0,whisper,1,0,6,Skip
0,whisper,2,0,2,COMINGOUT Agent[02] MEDIUM
0,whisper,3,1,2,COMINGOUT Agent[02] VILLAGER
0,whisper,4,1,6,Skip
0,whisper,5,1,7,COMINGOUT Agent[07] MEDIUM
0,whisper,6,2,2,Skip
0,whisper,7,2,7,COMINGOUT Agent[07] MEDIUM
0,whisper,8,2,6,Over
0,whisper,9,3,7,COMINGOUT Agent[07] MEDIUM
0,whisper,10,3,6,Over
0,whisper,11,3,2,Skip
0,whisper,12,4,6,Over
0,whisper,13,4,7,COMINGOUT Agent[07] MEDIUM
0,whisper,14,4,2,Over
0,whisper,15,5,6,Over
0,whisper,16,5,7,COMINGOUT Agent[07] MEDIUM
0,whisper,17,5,2,Over
0,whisper,18,6,2,Over
0,whisper,19,6,6,Over
0,whisper,20,6,7,COMINGOUT Agent[07] MEDIUM
0,whisper,21,7,7,COMINGOUT Agent[07] MEDIUM
0,whisper,22,7,2,Over
0,whisper,23,7,6,Over
0,whisper,24,8,2,Over
0,whisper,25,8,7,COMINGOUT Agent[07] MEDIUM
0,whisper,26,8,6,Over
0,whisper,27,9,7,COMINGOUT Agent[07] MEDIUM
0,whisper,28,9,2,Over
0,whisper,29,9,6,Over
0,whisper,30,10,6,Over
0,whisper,31,10,7,Over
0,whisper,32,10,2,Over
0,divine,5,14,HUMAN
1,status,1,VILLAGER,ALIVE,SampleJava6
1,status,2,WEREWOLF,ALIVE,OKAMI
1,status,3,VILLAGER,ALIVE,HALU
1,status,4,VILLAGER,ALIVE,sample_py
1,status,5,SEER,ALIVE,sample_py
1,status,6,WEREWOLF,ALIVE,Takeda7
1,status,7,WEREWOLF,ALIVE,sample_py
1,status,8,POSSESSED,ALIVE,OKAMI
1,status,9,VILLAGER,ALIVE,sample_py
1,status,10,VILLAGER,ALIVE,OKAMI
1,status,11,MEDIUM,ALIVE,Takeda11
1,status,12,VILLAGER,ALIVE,SampleJava0
1,status,13,BODYGUARD,ALIVE,SampleJava1
1,status,14,VILLAGER,ALIVE,HALU
1,status,15,VILLAGER,ALIVE,HALU
1,talk,0,0,6,VOTE Agent[10]
1,talk,1,0,15,VOTE Agent[06]
1,talk,2,0,9,VOTE Agent[08]
1,talk,3,0,14,VOTE Agent[15]
1,talk,4,0,12,VOTE Agent[02]
1,talk,5,0,7,COMINGOUT Agent[07] MEDIUM
1,talk,6,0,4,VOTE Agent[08]
1,talk,7,0,13,VOTE Agent[04]
1,talk,8,0,3,VOTE Agent[15]
1,talk,9,0,1,VOTE Agent[02]
1,talk,10,0,8,COMINGOUT Agent[08] VILLAGER
1,talk,11,0,10,VOTE Agent[08]
1,talk,12,0,11,COMINGOUT Agent[11] MEDIUM
1,talk,13,0,5,VOTE Agent[15]
1,talk,14,0,2,VOTE Agent[11]
1,talk,15,1,3,VOTE Agent[08]
1,talk,16,1,12,REQUEST ANY (VOTE Agent[02])
1,talk,17,1,8,Over
1,talk,18,1,1,REQUEST ANY (VOTE Agent[02])
1,talk,19,1,13,REQUEST ANY (VOTE Agent[04])
1,talk,20,1,6,VOTE Agent[07]
1,talk,21,1,4,Skip
1,talk,22,1,10,COMINGOUT Agent[10] VILLAGER
1,talk,23,1,2,VOTE Agent[07]
1,talk,24,1,14,VOTE Agent[12]
1,talk,25,1,5,Skip
1,talk,26,1,9,Skip
1,talk,27,1,11,VOTE Agent[07]
1,talk,28,1,15,VOTE Agent[10]
1,talk,29,1,7,VOTE Agent[11]
1,talk,30,2,11,Skip
1,talk,31,2,13,Skip
1,talk,32,2,15,VOTE Agent[10]
1,talk,33,2,3,VOTE Agent[08]
1,talk,34,2,12,Skip
1,talk,35,2,5,Skip
1,talk,36,2,2,VOTE Agent[07]
1,talk,37,2,8,DIVINED Agent[13] WEREWOLF
1,talk,38,2,1,Skip
1,talk,39,2,6,VOTE Agent[15]
1,talk,40,2,7,Skip
1,talk,41,2,14,VOTE Agent[13]
1,talk,42,2,9,VOTE Agent[13]
1,talk,43,2,10,VOTE Agent[13]
1,talk,44,2,4,VOTE Agent[13]
1,talk,45,3,7,Skip
1,talk,46,3,2,VOTE Agent[07]
1,talk,47,3,10,VOTE Agent[13]
1,talk,48,3,11,Skip
1,talk,49,3,3,VOTE Agent[12]
1,talk,50,3,14,VOTE Agent[13]
1,talk,51,3,9,Skip
1,talk,52,3,1,Skip
1,talk,53,3,8,VOTE Agent[13]
1,talk,54,3,15,VOTE Agent[10]
1,talk,55,3,4,Skip
1,talk,56,3,12,Skip
1,talk,57,3,6,VOTE Agent[07]
1,talk,58,3,5,Over
1,talk,59,3,13,BECAUSE (AND (COMINGOUT Agent[13] VILLAGER) (DAY 1 (Agent[08] DIVINED Agent[13] WEREWOLF))) (XOR (ESTIMATE Agent[08] WEREWOLF) (ESTIMATE Agent[08] POSSESSED))
1,talk,60,4,3,VOTE Agent[08]
1,talk,61,4,13,BECAUSE (XOR (ESTIMATE Agent[08] WEREWOLF) (ESTIMATE Agent[08] POSSESSED)) (AND (VOTE Agent[08]) (REQUEST ANY (VOTE Agent[08])))
1,talk,62,4,8,VOTE Agent[13]
1,talk,63,4,10,VOTE Agent[13]
1,talk,64,4,6,Skip
1,talk,65,4,12,Over
1,talk,66,4,4,Skip
1,talk,67,4,7,Over
1,talk,68,4,14,VOTE Agent[13]
1,talk,69,4,1,Over
1,talk,70,4,5,Over
1,talk,71,4,15,VOTE Agent[12]
1,talk,72,4,2,VOTE Agent[07]
1,talk,73,4,9,Skip
1,talk,74,4,11,Over
1,talk,75,5,3,VOTE Agent[08]
1,talk,76,5,9,Over
1,talk,77,5,15,VOTE Agent[10]
1,talk,78,5,5,Over
1,talk,79,5,13,VOTE Agent[08]
1,talk,80,5,2,VOTE Agent[07]
1,talk,81,5,14,VOTE Agent[13]
1,talk,82,5,11,Over
1,talk,83,5,4,Over
1,talk,84,5,8,VOTE Agent[13]
1,talk,85,5,1,Over
1,talk,86,5,7,Over
1,talk,87,5,10,VOTE Agent[13]
1,talk,88,5,6,Skip
1,talk,89,5,12,Over
1,talk,90,6,7,Over
1,talk,91,6,2,VOTE Agent[07]
1,talk,92,6,11,Over
1,talk,93,6,15,VOTE Agent[10]
1,talk,94,6,8,VOTE Agent[13]
1,talk,95,6,12,Over
1,talk,96,6,6,Over
1,talk,97,6,13,REQUEST ANY (VOTE Agent[08])
1,talk,98,6,1,Over
1,talk,99,6,14,VOTE Agent[13]
1,talk,100,6,3,VOTE Agent[08]
1,talk,101,6,9,Over
1,talk,102,6,4,Over
1,talk,103,6,5,Over
1,talk,104,6,10,VOTE Agent[13]
1,talk,105,7,2,VOTE Agent[07]
1,talk,106,7,5,Over
1,talk,107,7,15,VOTE Agent[10]
1,talk,108,7,3,VOTE Agent[08]
1,talk,109,7,7,Over
1,talk,110,7,13,Skip
1,talk,111,7,9,Over
1,talk,112,7,4,Over
1,talk,113,7,6,Over
1,talk,114,7,10,VOTE Agent[13]
1,talk,115,7,1,Over
1,talk,116,7,12,Over
1,talk,117,7,11,Over
1,talk,118,7,14,VOTE Agent[13]
1,talk,119,7,8,VOTE Agent[13]
1,talk,120,8,14,VOTE Agent[13]
1,talk,121,8,15,VOTE Agent[10]
1,talk,122,8,12,Over
1,talk,123,8,3,VOTE Agent[08]
1,talk,124,8,6,Over
1,talk,125,8,4,Over
1,talk,126,8,8,VOTE Agent[13]
1,talk,127,8,10,VOTE Agent[13]
1,talk,128,8,1,Over
1,talk,129,8,11,Over
1,talk,130,8,9,Over
1,talk,131,8,7,Over
1,talk,132,8,2,VOTE Agent[07]
1,talk,133,8,5,Over
1,talk,134,8,13,Skip
1,talk,135,9,10,Over
1,talk,136,9,3,Over
1,talk,137,9,7,Over
1,talk,138,9,11,Over
1,talk,139,9,13,Over
1,talk,140,9,9,Over
1,talk,141,9,14,Over
1,talk,142,9,15,Over
1,talk,143,9,8,Over
1,talk,144,9,6,Over
1,talk,145,9,2,Over
1,talk,146,9,5,Over
1,talk,147,9,4,Over
1,talk,148,9,12,Over
1,talk,149,9,1,Over
1,vote,1,2
1,vote,2,7
1,vote,3,12
1,vote,4,13
1,vote,5,15
1,vote,6,7
1,vote,7,11
1,vote,8,13
1,vote,9,13
1,vote,10,13
1,vote,11,7
1,vote,12,8
1,vote,13,8
1,vote,14,13
1,vote,15,10
1,execute,13,BODYGUARD
1,divine,5,2,WEREWOLF
1,whisper,0,0,6,Skip
1,whisper,1,0,2,ATTACK Agent[08]
1,whisper,2,0,7,ATTACK Agent[10]
1,whisper,3,1,6,Skip
1,whisper,4,1,2,Skip
1,whisper,5,1,7,Skip
1,whisper,6,2,6,Over
1,whisper,7,2,2,Skip
1,whisper,8,2,7,Skip
1,whisper,9,3,2,Over
1,whisper,10,3,7,Over
1,whisper,11,3,6,Over
1,attackVote,2,9
1,attackVote,6,14
1,attackVote,7,10
1,attackVote,2,4
1,attackVote,6,14
1,attackVote,7,10
1,attack,4,true
2,status,1,VILLAGER,ALIVE,SampleJava6
2,status,2,WEREWOLF,ALIVE,OKAMI
2,status,3,VILLAGER,ALIVE,HALU
2,status,4,VILLAGER,DEAD,sample_py
2,status,5,SEER,ALIVE,sample_py
2,status,6,WEREWOLF,ALIVE,Takeda7
2,status,7,WEREWOLF,ALIVE,sample_py
2,status,8,POSSESSED,ALIVE,OKAMI
2,status,9,VILLAGER,ALIVE,sample_py
2,status,10,VILLAGER,ALIVE,OKAMI
2,status,11,MEDIUM,ALIVE,Takeda11
2,status,12,VILLAGER,ALIVE,SampleJava0
2,status,13,BODYGUARD,DEAD,SampleJava1
2,status,14,VILLAGER,ALIVE,HALU
2,status,15,VILLAGER,ALIVE,HALU
2,talk,0,0,2,VOTE Agent[07]
2,talk,1,0,9,VOTE Agent[02]
2,talk,2,0,1,VOTE Agent[11]
2,talk,3,0,8,DIVINED Agent[09] WEREWOLF
2,talk,4,0,10,VOTE Agent[09]
2,talk,5,0,15,VOTE Agent[09]
2,talk,6,0,12,VOTE Agent[10]
2,talk,7,0,6,VOTE Agent[07]
2,talk,8,0,11,IDENTIFIED Agent[13] HUMAN
2,talk,9,0,5,COMINGOUT Agent[05] SEER
2,talk,10,0,14,VOTE Agent[09]
2,talk,11,0,3,VOTE Agent[09]
2,talk,12,0,7,IDENTIFIED Agent[13] HUMAN
2,talk,13,1,11,Skip
2,talk,14,1,9,VOTE Agent[08]
2,talk,15,1,12,REQUEST ANY (VOTE Agent[10])
2,talk,16,1,10,COMINGOUT Agent[10] VILLAGER
2,talk,17,1,7,VOTE Agent[11]
2,talk,18,1,2,VOTE Agent[11]
2,talk,19,1,6,Skip
2,talk,20,1,8,VOTE Agent[09]
2,talk,21,1,5,DIVINED Agent[14] HUMAN
2,talk,22,1,1,REQUEST ANY (VOTE Agent[11])
2,talk,23,1,3,VOTE Agent[12]
2,talk,24,1,15,VOTE Agent[12]
2,talk,25,1,14,VOTE Agent[12]
2,talk,26,2,9,Skip
2,talk,27,2,10,VOTE Agent[12]
2,talk,28,2,15,VOTE Agent[12]
2,talk,29,2,3,VOTE Agent[12]
2,talk,30,2,1,Skip
2,talk,31,2,6,VOTE Agent[05]
2,talk,32,2,7,Skip
2,talk,33,2,5,DIVINED Agent[02] WEREWOLF
2,talk,34,2,11,Skip
2,talk,35,2,8,VOTE Agent[09]
2,talk,36,2,14,VOTE Agent[02]
2,talk,37,2,12,Skip
2,talk,38,2,2,VOTE Agent[11]
2,talk,39,3,14,VOTE Agent[02]
2,talk,40,3,6,VOTE Agent[07]
2,talk,41,3,2,VOTE Agent[11]
2,talk,42,3,10,VOTE Agent[12]
2,talk,43,3,8,VOTE Agent[11]
2,talk,44,3,7,Skip
2,talk,45,3,12,Skip
2,talk,46,3,1,Skip
2,talk,47,3,9,VOTE Agent[02]
2,talk,48,3,3,VOTE Agent[12]
2,talk,49,3,11,Over
2,talk,50,3,5,VOTE Agent[02]
2,talk,51,3,15,VOTE Agent[12]
2,talk,52,4,3,VOTE Agent[12]
2,talk,53,4,12,Over
2,talk,54,4,11,Over
2,talk,55,4,1,Over
2,talk,56,4,15,VOTE Agent[12]
2,talk,57,4,6,Skip
2,talk,58,4,2,VOTE Agent[11]
2,talk,59,4,9,Skip
2,talk,60,4,5,Skip
2,talk,61,4,7,Over
2,talk,62,4,8,VOTE Agent[11]
2,talk,63,4,14,VOTE Agent[02]
2,talk,64,4,10,VOTE Agent[12]
2,talk,65,5,6,Skip
2,talk,66,5,1,Over
2,talk,67,5,12,Over
2,talk,68,5,5,Skip
2,talk,69,5,15,VOTE Agent[10]
2,talk,70,5,11,Over
2,talk,71,5,9,Skip
2,talk,72,5,8,VOTE Agent[11]
2,talk,73,5,7,Over
2,talk,74,5,3,VOTE Agent[08]
2,talk,75,5,14,VOTE Agent[02]
2,talk,76,5,10,VOTE Agent[12]
2,talk,77,5,2,VOTE Agent[11]
2,talk,78,6,1,Over
2,talk,79,6,2,VOTE Agent[11]
2,talk,80,6,12,Over
2,talk,81,6,15,VOTE Agent[10]
2,talk,82,6,11,Over
2,talk,83,6,5,Over
2,talk,84,6,14,VOTE Agent[02]
2,talk,85,6,9,Over
2,talk,86,6,8,VOTE Agent[11]
2,talk,87,6,6,Over
2,talk,88,6,10,VOTE Agent[12]
2,talk,89,6,3,VOTE Agent[08]
2,talk,90,6,7,Over
2,talk,91,7,15,VOTE Agent[10]
2,talk,92,7,8,VOTE Agent[11]
2,talk,93,7,14,VOTE Agent[02]
2,talk,94,7,9,Over
2,talk,95,7,12,Over
2,talk,96,7,1,Over
2,talk,97,7,2,VOTE Agent[11]
2,talk,98,7,5,Over
2,talk,99,7,3,VOTE Agent[08]
2,talk,100,7,10,VOTE Agent[12]
2,talk,101,7,11,Over
2,talk,102,7,6,Over
2,talk,103,7,7,Over
2,talk,104,8,7,Over
2,talk,105,8,15,VOTE Agent[10]
2,talk,106,8,1,Over
2,talk,107,8,3,VOTE Agent[08]
2,talk,108,8,2,VOTE Agent[11]
2,talk,109,8,12,Over
2,talk,110,8,11,Over
2,talk,111,8,8,VOTE Agent[11]
2,talk,112,8,6,Over
2,talk,113,8,5,Over
2,talk,114,8,9,Over
2,talk,115,8,14,VOTE Agent[02]
2,talk,116,8,10,VOTE Agent[12]
2,talk,117,9,15,Over
2,talk,118,9,10,Over
2,talk,119,9,1,Over
2,talk,120,9,8,Over
2,talk,121,9,11,Over
2,talk,122,9,7,Over
2,talk,123,9,6,Over
2,talk,124,9,2,Over
2,talk,125,9,14,Over
2,talk,126,9,9,Over
2,talk,127,9,12,Over
2,talk,128,9,5,Over
2,talk,129,9,3,Over
2,vote,1,10
2,vote,2,11
2,vote,3,8
2,vote,5,2
2,vote,6,7
2,vote,7,11
2,vote,8,11
2,vote,9,2
2,vote,10,12
2,vote,11,7
2,vote,12,11
2,vote,14,2
2,vote,15,10
2,execute,11,MEDIUM
2,divine,5,12,HUMAN
2,whisper,0,0,7,ATTACK Agent[10]
2,whisper,1,0,2,ATTACK Agent[05]
2,whisper,2,0,6,Skip
2,whisper,3,1,2,Skip
2,whisper,4,1,7,Skip
2,whisper,5,1,6,Skip
2,whisper,6,2,7,Skip
2,whisper,7,2,2,Skip
2,whisper,8,2,6,Over
2,whisper,9,3,7,Over
2,whisper,10,3,2,Over
2,whisper,11,3,6,Over
2,attackVote,2,5
2,attackVote,6,14
2,attackVote,7,10
2,attackVote,2,5
2,attackVote,6,14
2,attackVote,7,10
2,attack,14,true
3,status,1,VILLAGER,ALIVE,SampleJava6
3,status,2,WEREWOLF,ALIVE,OKAMI
3,status,3,VILLAGER,ALIVE,HALU
3,status,4,VILLAGER,DEAD,sample_py
3,status,5,SEER,ALIVE,sample_py
3,status,6,WEREWOLF,ALIVE,Takeda7
3,status,7,WEREWOLF,ALIVE,sample_py
3,status,8,POSSESSED,ALIVE,OKAMI
3,status,9,VILLAGER,ALIVE,sample_py
3,status,10,VILLAGER,ALIVE,OKAMI
3,status,11,MEDIUM,DEAD,Takeda11
3,status,12,VILLAGER,ALIVE,SampleJava0
3,status,13,BODYGUARD,DEAD,SampleJava1
3,status,14,VILLAGER,DEAD,HALU
3,status,15,VILLAGER,ALIVE,HALU
3,talk,0,0,9,VOTE Agent[02]
3,talk,1,0,5,DIVINED Agent[12] HUMAN
3,talk,2,0,10,VOTE Agent[12]
3,talk,3,0,1,VOTE Agent[08]
3,talk,4,0,2,VOTE Agent[07]
3,talk,5,0,8,DIVINED Agent[03] HUMAN
3,talk,6,0,12,VOTE Agent[10]
3,talk,7,0,7,IDENTIFIED Agent[11] WEREWOLF
3,talk,8,0,3,VOTE Agent[12]
3,talk,9,0,6,VOTE Agent[07]
3,talk,10,0,15,VOTE Agent[12]
3,talk,11,1,8,VOTE Agent[09]
3,talk,12,1,9,Skip
3,talk,13,1,5,VOTE Agent[02]
3,talk,14,1,3,VOTE Agent[12]
3,talk,15,1,1,REQUEST ANY (VOTE Agent[08])
3,talk,16,1,2,VOTE Agent[07]
3,talk,17,1,7,VOTE Agent[09]
3,talk,18,1,10,COMINGOUT Agent[10] VILLAGER
3,talk,19,1,6,VOTE Agent[09]
3,talk,20,1,15,VOTE Agent[12]
3,talk,21,1,12,REQUEST ANY (VOTE Agent[10])
3,talk,22,2,8,VOTE Agent[09]
3,talk,23,2,15,VOTE Agent[12]
3,talk,24,2,3,VOTE Agent[12]
3,talk,25,2,2,VOTE Agent[07]
3,talk,26,2,6,VOTE Agent[05]
3,talk,27,2,5,Skip
3,talk,28,2,10,VOTE Agent[12]
3,talk,29,2,1,Skip
3,talk,30,2,9,Skip
3,talk,31,2,7,Skip
3,talk,32,2,12,Skip
3,talk,33,3,12,Skip
3,talk,34,3,7,Skip
3,talk,35,3,6,Skip
3,talk,36,3,8,VOTE Agent[09]
3,talk,37,3,9,Over
3,talk,38,3,2,VOTE Agent[07]
3,talk,39,3,10,VOTE Agent[12]
3,talk,40,3,3,VOTE Agent[12]
3,talk,41,3,1,Skip
3,talk,42,3,5,Skip
3,talk,43,3,15,VOTE Agent[12]
3,talk,44,4,3,VOTE Agent[08]
3,talk,45,4,9,Over
3,talk,46,4,5,Over
3,talk,47,4,8,VOTE Agent[09]
3,talk,48,4,1,Over
3,talk,49,4,6,Skip
3,talk,50,4,7,Over
3,talk,51,4,2,VOTE Agent[07]
3,talk,52,4,15,VOTE Agent[12]
3,talk,53,4,12,Over
3,talk,54,4,10,VOTE Agent[12]
3,talk,55,5,8,VOTE Agent[09]
3,talk,56,5,15,VOTE Agent[10]
3,talk,57,5,6,Over
3,talk,58,5,12,Over
3,talk,59,5,9,Over
3,talk,60,5,7,Over
3,talk,61,5,2,VOTE Agent[07]
3,talk,62,5,10,VOTE Agent[12]
3,talk,63,5,1,Over
3,talk,64,5,3,VOTE Agent[08]
3,talk,65,5,5,Over
3,talk,66,6,12,Over
3,talk,67,6,1,Over
3,talk,68,6,15,VOTE Agent[10]
3,talk,69,6,7,Over
3,talk,70,6,3,VOTE Agent[08]
3,talk,71,6,5,Over
3,talk,72,6,10,VOTE Agent[12]
3,talk,73,6,9,Over
3,talk,74,6,8,VOTE Agent[09]
3,talk,75,6,2,VOTE Agent[07]
3,talk,76,6,6,Over
3,talk,77,7,6,Over
3,talk,78,7,9,Over
3,talk,79,7,2,VOTE Agent[07]
3,talk,80,7,10,VOTE Agent[12]
3,talk,81,7,15,VOTE Agent[10]
3,talk,82,7,5,Over
3,talk,83,7,12,Over
3,talk,84,7,8,VOTE Agent[09]
3,talk,85,7,7,Over
3,talk,86,7,1,Over
3,talk,87,7,3,VOTE Agent[08]
3,talk,88,8,7,Over
3,talk,89,8,10,VOTE Agent[12]
3,talk,90,8,5,Over
3,talk,91,8,6,Over
3,talk,92,8,2,VOTE Agent[07]
3,talk,93,8,8,VOTE Agent[09]
3,talk,94,8,12,Over
3,talk,95,8,9,Over
3,talk,96,8,1,Over
3,talk,97,8,3,VOTE Agent[08]
3,talk,98,8,15,VOTE Agent[10]
3,talk,99,9,12,Over
3,talk,100,9,5,Over
3,talk,101,9,15,Over
3,talk,102,9,3,Over
3,talk,103,9,1,Over
3,talk,104,9,10,Over
3,talk,105,9,9,Over
3,talk,106,9,8,Over
3,talk,107,9,2,Over
3,talk,108,9,7,Over
3,talk,109,9,6,Over
3,vote,1,10
3,vote,2,7
3,vote,3,8
3,vote,5,2
3,vote,6,2
3,vote,7,9
3,vote,8,9
3,vote,9,2
3,vote,10,12
3,vote,12,8
3,vote,15,10
3,execute,2,WEREWOLF
3,divine,5,6,WEREWOLF
3,whisper,0,0,6,Skip
3,whisper,1,0,7,ATTACK Agent[08]
3,whisper,2,1,6,Skip
3,whisper,3,1,7,Skip
3,whisper,4,2,6,Over
3,whisper,5,2,7,Skip
3,whisper,6,3,7,Over
3,whisper,7,3,6,Over
3,attackVote,6,10
3,attackVote,7,8
3,attackVote,6,10
3,attackVote,7,8
3,attack,10,true
4,status,1,VILLAGER,ALIVE,SampleJava6
4,status,2,WEREWOLF,DEAD,OKAMI
4,status,3,VILLAGER,ALIVE,HALU
4,status,4,VILLAGER,DEAD,sample_py
4,status,5,SEER,ALIVE,sample_py
4,status,6,WEREWOLF,ALIVE,Takeda7
4,status,7,WEREWOLF,ALIVE,sample_py
4,status,8,POSSESSED,ALIVE,OKAMI
4,status,9,VILLAGER,ALIVE,sample_py
4,status,10,VILLAGER,DEAD,OKAMI
4,status,11,MEDIUM,DEAD,Takeda11
4,status,12,VILLAGER,ALIVE,SampleJava0
4,status,13,BODYGUARD,DEAD,SampleJava1
4,status,14,VILLAGER,DEAD,HALU
4,status,15,VILLAGER,ALIVE,HALU
4,talk,0,0,9,VOTE Agent[08]
4,talk,1,0,3,VOTE Agent[12]
4,talk,2,0,6,VOTE Agent[05]
4,talk,3,0,8,DIVINED Agent[15] HUMAN
4,talk,4,0,7,IDENTIFIED Agent[02] HUMAN
4,talk,5,0,12,VOTE Agent[08]
4,talk,6,0,5,DIVINED Agent[06] WEREWOLF
4,talk,7,0,1,VOTE Agent[06]
4,talk,8,0,15,VOTE Agent[12]
4,talk,9,1,1,REQUEST ANY (VOTE Agent[06])
4,talk,10,1,5,VOTE Agent[06]
4,talk,11,1,8,VOTE Agent[09]
4,talk,12,1,12,REQUEST ANY (VOTE Agent[08])
4,talk,13,1,6,VOTE Agent[03]
4,talk,14,1,3,VOTE Agent[12]
4,talk,15,1,9,VOTE Agent[06]
4,talk,16,1,7,VOTE Agent[03]
4,talk,17,1,15,VOTE Agent[12]
4,talk,18,2,8,VOTE Agent[09]
4,talk,19,2,6,Skip
4,talk,20,2,15,VOTE Agent[12]
4,talk,21,2,3,VOTE Agent[08]
4,talk,22,2,5,Skip
4,talk,23,2,7,Skip
4,talk,24,2,9,Skip
4,talk,25,2,12,Skip
4,talk,26,2,1,Skip
4,talk,27,3,8,VOTE Agent[09]
4,talk,28,3,15,VOTE Agent[12]
4,talk,29,3,5,Skip
4,talk,30,3,1,Skip
4,talk,31,3,7,Skip
4,talk,32,3,6,Skip
4,talk,33,3,9,Skip
4,talk,34,3,3,VOTE Agent[08]
4,talk,35,3,12,Skip
4,talk,36,4,3,VOTE Agent[08]
4,talk,37,4,15,VOTE Agent[12]
4,talk,38,4,8,VOTE Agent[09]
4,talk,39,4,6,Over
4,talk,40,4,7,Over
4,talk,41,4,5,Over
4,talk,42,4,12,Over
4,talk,43,4,9,Over
4,talk,44,4,1,Over
4,talk,45,5,5,Over
4,talk,46,5,6,Over
4,talk,47,5,3,VOTE Agent[08]
4,talk,48,5,12,Over
4,talk,49,5,9,Over
4,talk,50,5,8,VOTE Agent[09]
4,talk,51,5,7,Over
4,talk,52,5,1,Over
4,talk,53,5,15,VOTE Agent[12]
4,talk,54,6,3,VOTE Agent[08]
4,talk,55,6,8,VOTE Agent[09]
4,talk,56,6,12,Over
4,talk,57,6,5,Over
4,talk,58,6,15,VOTE Agent[12]
4,talk,59,6,1,Over
4,talk,60,6,9,Over
4,talk,61,6,6,Over
4,talk,62,6,7,Over
4,talk,63,7,7,Over
4,talk,64,7,5,Over
4,talk,65,7,12,Over
4,talk,66,7,9,Over
4,talk,67,7,1,Over
4,talk,68,7,3,VOTE Agent[08]
4,talk,69,7,6,Over
4,talk,70,7,15,VOTE Agent[12]
4,talk,71,7,8,VOTE Agent[09]
4,talk,72,8,8,VOTE Agent[09]
4,talk,73,8,1,Over
4,talk,74,8,9,Over
4,talk,75,8,6,Over
4,talk,76,8,12,Over
4,talk,77,8,7,Over
4,talk,78,8,3,VOTE Agent[08]
4,talk,79,8,5,Over
4,talk,80,8,15,VOTE Agent[12]
4,talk,81,9,3,Over
4,talk,82,9,7,Over
4,talk,83,9,9,Over
4,talk,84,9,1,Over
4,talk,85,9,15,Over
4,talk,86,9,6,Over
4,talk,87,9,5,Over
4,talk,88,9,12,Over
4,talk,89,9,8,Over
4,vote,1,8
4,vote,3,8
4,vote,5,6
4,vote,6,3
4,vote,7,3
4,vote,8,9
4,vote,9,6
4,vote,12,6
4,vote,15,12
4,execute,6,WEREWOLF
4,divine,5,8,HUMAN
4,attack,5,true
5,status,1,VILLAGER,ALIVE,SampleJava6
5,status,2,WEREWOLF,DEAD,OKAMI
5,status,3,VILLAGER,ALIVE,HALU
5,status,4,VILLAGER,DEAD,sample_py
5,status,5,SEER,DEAD,sample_py
5,status,6,WEREWOLF,DEAD,Takeda7
5,status,7,WEREWOLF,ALIVE,sample_py
5,status,8,POSSESSED,ALIVE,OKAMI
5,status,9,VILLAGER,ALIVE,sample_py
5,status,10,VILLAGER,DEAD,OKAMI
5,status,11,MEDIUM,DEAD,Takeda11
5,status,12,VILLAGER,ALIVE,SampleJava0
5,status,13,BODYGUARD,DEAD,SampleJava1
5,status,14,VILLAGER,DEAD,HALU
5,status,15,VILLAGER,ALIVE,HALU
5,talk,0,0,12,VOTE Agent[01]
5,talk,1,0,15,VOTE Agent[12]
5,talk,2,0,1,VOTE Agent[03]
5,talk,3,0,7,IDENTIFIED Agent[06] HUMAN
5,talk,4,0,3,VOTE Agent[12]
5,talk,5,0,8,COMINGOUT Agent[08] POSSESSED
5,talk,6,0,9,VOTE Agent[08]
5,talk,7,1,12,REQUEST ANY (VOTE Agent[01])
5,talk,8,1,15,VOTE Agent[09]
5,talk,9,1,3,VOTE Agent[09]
5,talk,10,1,9,Skip
5,talk,11,1,7,VOTE Agent[12]
5,talk,12,1,1,REQUEST ANY (VOTE Agent[03])
5,talk,13,1,8,VOTE Agent[09]
5,talk,14,2,12,Skip
5,talk,15,2,8,VOTE Agent[09]
5,talk,16,2,15,VOTE Agent[12]
5,talk,17,2,7,Skip
5,talk,18,2,9,Skip
5,talk,19,2,3,VOTE Agent[12]
5,talk,20,2,1,Skip
5,talk,21,3,9,Over
5,talk,22,3,1,Skip
5,talk,23,3,3,VOTE Agent[09]
5,talk,24,3,12,Skip
5,talk,25,3,8,VOTE Agent[12]
5,talk,26,3,15,VOTE Agent[09]
5,talk,27,3,7,Skip
5,talk,28,4,8,VOTE Agent[09]
5,talk,29,4,1,Over
5,talk,30,4,3,VOTE Agent[09]
5,talk,31,4,7,Over
5,talk,32,4,9,Over
5,talk,33,4,15,VOTE Agent[09]
5,talk,34,4,12,Over
5,talk,35,5,8,VOTE Agent[09]
5,talk,36,5,1,Over
5,talk,37,5,12,Over
5,talk,38,5,15,VOTE Agent[12]
5,talk,39,5,3,VOTE Agent[09]
5,talk,40,5,7,Over
5,talk,41,5,9,Over
5,talk,42,6,7,Over
5,talk,43,6,1,Over
5,talk,44,6,15,VOTE Agent[09]
5,talk,45,6,9,Over
5,talk,46,6,12,Over
5,talk,47,6,8,VOTE Agent[09]
5,talk,48,6,3,VOTE Agent[12]
5,talk,49,7,8,VOTE Agent[12]
5,talk,50,7,9,Over
5,talk,51,7,12,Over
5,talk,52,7,1,Over
5,talk,53,7,15,VOTE Agent[09]
5,talk,54,7,3,VOTE Agent[12]
5,talk,55,7,7,Over
5,talk,56,8,7,Over
5,talk,57,8,1,Over
5,talk,58,8,12,Over
5,talk,59,8,9,Over
5,talk,60,8,3,VOTE Agent[12]
5,talk,61,8,15,VOTE Agent[09]
5,talk,62,8,8,VOTE Agent[12]
5,talk,63,9,15,Over
5,talk,64,9,1,Over
5,talk,65,9,9,Over
5,talk,66,9,12,Over
5,talk,67,9,7,Over
5,talk,68,9,3,Over
5,talk,69,9,8,VOTE Agent[12]
5,talk,70,10,8,Over
5,talk,71,10,1,Over
5,talk,72,10,9,Over
5,talk,73,10,15,Over
5,talk,74,10,12,Over
5,talk,75,10,7,Over
5,talk,76,10,3,Over
5,vote,1,15
5,vote,3,9
5,vote,7,12
5,vote,8,12
5,vote,9,8
5,vote,12,3
5,vote,15,9
5,vote,1,9
5,vote,3,12
5,vote,7,12
5,vote,8,12
5,vote,9,8
5,vote,12,9
5,vote,15,9
5,execute,12,VILLAGER
5,attack,15,true
6,status,1,VILLAGER,ALIVE,SampleJava6
6,status,2,WEREWOLF,DEAD,OKAMI
6,status,3,VILLAGER,ALIVE,HALU
6,status,4,VILLAGER,DEAD,sample_py
6,status,5,SEER,DEAD,sample_py
6,status,6,WEREWOLF,DEAD,Takeda7
6,status,7,WEREWOLF,ALIVE,sample_py
6,status,8,POSSESSED,ALIVE,OKAMI
6,status,9,VILLAGER,ALIVE,sample_py
6,status,10,VILLAGER,DEAD,OKAMI
6,status,11,MEDIUM,DEAD,Takeda11
6,status,12,VILLAGER,DEAD,SampleJava0
6,status,13,BODYGUARD,DEAD,SampleJava1
6,status,14,VILLAGER,DEAD,HALU
6,status,15,VILLAGER,DEAD,HALU
6,talk,0,0,1,VOTE Agent[07]
6,talk,1,0,7,IDENTIFIED Agent[12] HUMAN
6,talk,2,0,8,COMINGOUT Agent[08] POSSESSED
6,talk,3,0,9,VOTE Agent[08]
6,talk,4,0,3,VOTE Agent[09]
6,talk,5,1,1,REQUEST ANY (VOTE Agent[07])
6,talk,6,1,3,VOTE Agent[09]
6,talk,7,1,7,VOTE Agent[01]
6,talk,8,1,9,Skip
6,talk,9,1,8,VOTE Agent[01]
6,talk,10,2,7,Skip
6,talk,11,2,1,Skip
6,talk,12,2,3,VOTE Agent[09]
6,talk,13,2,8,VOTE Agent[01]
6,talk,14,2,9,Skip
6,talk,15,3,1,Skip
6,talk,16,3,7,Skip
6,talk,17,3,9,Over
6,talk,18,3,3,VOTE Agent[09]
6,talk,19,3,8,VOTE Agent[07]
6,talk,20,4,7,Over
6,talk,21,4,8,VOTE Agent[09]
6,talk,22,4,9,Over
6,talk,23,4,3,VOTE Agent[09]
6,talk,24,4,1,Over
6,talk,25,5,9,Over
6,talk,26,5,3,VOTE Agent[09]
6,talk,27,5,7,Over
6,talk,28,5,8,VOTE Agent[01]
6,talk,29,5,1,Over
6,talk,30,6,3,VOTE Agent[09]
6,talk,31,6,1,Over
6,talk,32,6,9,Over
6,talk,33,6,8,VOTE Agent[01]
6,talk,34,6,7,Over
6,talk,35,7,7,Over
6,talk,36,7,9,Over
6,talk,37,7,3,VOTE Agent[09]
6,talk,38,7,1,Over
6,talk,39,7,8,VOTE Agent[01]
6,talk,40,8,7,Over
6,talk,41,8,8,VOTE Agent[07]
6,talk,42,8,9,Over
6,talk,43,8,1,Over
6,talk,44,8,3,VOTE Agent[09]
6,talk,45,9,3,Over
6,talk,46,9,8,VOTE Agent[01]
6,talk,47,9,1,Over
6,talk,48,9,7,Over
6,talk,49,9,9,Over
6,talk,50,10,1,Over
6,talk,51,10,7,Over
6,talk,52,10,9,Over
6,talk,53,10,3,Over
6,talk,54,10,8,Over
6,vote,1,9
6,vote,3,9
6,vote,7,1
6,vote,8,1
6,vote,9,8
6,vote,1,9
6,vote,3,9
6,vote,7,1
6,vote,8,1
6,vote,9,8
6,execute,1,VILLAGER
6,attack,9,true
7,status,1,VILLAGER,DEAD,SampleJava6
7,status,2,WEREWOLF,DEAD,OKAMI
7,status,3,VILLAGER,ALIVE,HALU
7,status,4,VILLAGER,DEAD,sample_py
7,status,5,SEER,DEAD,sample_py
7,status,6,WEREWOLF,DEAD,Takeda7
7,status,7,WEREWOLF,ALIVE,sample_py
7,status,8,POSSESSED,ALIVE,OKAMI
7,status,9,VILLAGER,DEAD,sample_py
7,status,10,VILLAGER,DEAD,OKAMI
7,status,11,MEDIUM,DEAD,Takeda11
7,status,12,VILLAGER,DEAD,SampleJava0
7,status,13,BODYGUARD,DEAD,SampleJava1
7,status,14,VILLAGER,DEAD,HALU
7,status,15,VILLAGER,DEAD,HALU
7,talk,0,0,3,VOTE Agent[07]
7,talk,1,0,8,COMINGOUT Agent[08] POSSESSED
7,talk,2,0,7,IDENTIFIED Agent[01] HUMAN
7,talk,3,1,3,VOTE Agent[07]
7,talk,4,1,8,VOTE Agent[07]
7,talk,5,1,7,VOTE Agent[03]
7,talk,6,2,7,Skip
7,talk,7,2,3,VOTE Agent[08]
7,talk,8,2,8,VOTE Agent[03]
7,talk,9,3,3,VOTE Agent[08]
7,talk,10,3,8,VOTE Agent[03]
7,talk,11,3,7,Skip
7,talk,12,4,7,Over
7,talk,13,4,3,VOTE Agent[08]
7,talk,14,4,8,VOTE Agent[03]
7,talk,15,5,8,VOTE Agent[03]
7,talk,16,5,3,VOTE Agent[08]
7,talk,17,5,7,Over
7,talk,18,6,8,VOTE Agent[03]
7,talk,19,6,7,Over
7,talk,20,6,3,VOTE Agent[08]
7,talk,21,7,7,Over
7,talk,22,7,3,VOTE Agent[08]
7,talk,23,7,8,VOTE Agent[03]
7,talk,24,8,7,Over
7,talk,25,8,8,VOTE Agent[03]
7,talk,26,8,3,VOTE Agent[08]
7,talk,27,9,3,Over
7,talk,28,9,7,Over
7,talk,29,9,8,VOTE Agent[03]
7,talk,30,10,7,Over
7,talk,31,10,3,Over
7,talk,32,10,8,Over
7,vote,3,8
7,vote,7,3
7,vote,8,3
7,execute,3,VILLAGER
7,attack,8,true
8,status,1,VILLAGER,DEAD,SampleJava6
8,status,2,WEREWOLF,DEAD,OKAMI
8,status,3,VILLAGER,DEAD,HALU
8,status,4,VILLAGER,DEAD,sample_py
8,status,5,SEER,DEAD,sample_py
8,status,6,WEREWOLF,DEAD,Takeda7
8,status,7,WEREWOLF,ALIVE,sample_py
8,status,8,POSSESSED,DEAD,OKAMI
8,status,9,VILLAGER,DEAD,sample_py
8,status,10,VILLAGER,DEAD,OKAMI
8,status,11,MEDIUM,DEAD,Takeda11
8,status,12,VILLAGER,DEAD,SampleJava0
8,status,13,BODYGUARD,DEAD,SampleJava1
8,status,14,VILLAGER,DEAD,HALU
8,status,15,VILLAGER,DEAD,HALU
8,result,0,1,WEREWOLF
