0,status,1,POSSESSED,ALIVE,SampleJava6
0,status,2,VILLAGER,ALIVE,OKAMI
0,status,3,WEREWOLF,ALIVE,HALU
0,status,4,SEER,ALIVE,sample_py
0,status,5,VILLAGER,ALIVE,sample_py
0,status,6,VILLAGER,ALIVE,Takeda7
0,status,7,WEREWOLF,ALIVE,sample_py
0,status,8,BODYGUARD,ALIVE,OKAMI
0,status,9,VILLAGER,ALIVE,sample_py
0,status,10,WEREWOLF,ALIVE,OKAMI
0,status,11,MEDIUM,ALIVE,Takeda11
0,status,12,VILLAGER,ALIVE,SampleJava0
0,status,13,VILLAGER,ALIVE,SampleJava1
0,status,14,VILLAGER,ALIVE,HALU
0,status,15,VILLAGER,ALIVE,HALU
0,whisper,0,0,3,COMINGOUT Agent[03] VILLAGER
0,whisper,1,0,10,COMINGOUT Agent[10] VILLAGER
0,whisper,2,0,7,COMINGOUT Agent[07] MEDIUM
0,whisper,3,1,10,Skip
0,whisper,4,1,7,COMINGOUT Agent[07] MEDIUM
0,whisper,5,1,3,Skip
0,whisper,6,2,7,COMINGOUT Agent[07] MEDIUM
0,whisper,7,2,3,Skip
0,whisper,8,2,10,Skip
0,whisper,9,3,3,Over
0,whisper,10,3,7,COMINGOUT Agent[07] MEDIUM
0,whisper,11,3,10,Over
0,whisper,12,4,10,Over
0,whisper,13,4,7,COMINGOUT Agent[07] MEDIUM
0,whisper,14,4,3,Over
0,whisper,15,5,7,COMINGOUT Agent[07] MEDIUM
0,whisper,16,5,3,Over
0,whisper,17,5,10,Over
0,whisper,18,6,10,Over
0,whisper,19,6,7,COMINGOUT Agent[07] MEDIUM
0,whisper,20,6,3,Over
0,whisper,21,7,3,Over
0,whisper,22,7,7,COMINGOUT Agent[07] MEDIUM
0,whisper,23,7,10,Over
0,whisper,24,8,7,COMINGOUT Agent[07] MEDIUM
0,whisper,25,8,3,Over
0,whisper,26,8,10,Over
0,whisper,27,9,3,Over
0,whisper,28,9,7,COMINGOUT Agent[07] MEDIUM
0,whisper,29,9,10,Over
0,whisper,30,10,10,Over
0,whisper,31,10,7,Over
0,whisper,32,10,3,Over
0,divine,4,5,HUMAN
1,status,1,POSSESSED,ALIVE,SampleJava6
1,status,2,VILLAGER,ALIVE,OKAMI
1,status,3,WEREWOLF,ALIVE,HALU
1,status,4,SEER,ALIVE,sample_py
1,status,5,VILLAGER,ALIVE,sample_py
1,status,6,VILLAGER,ALIVE,Takeda7
1,status,7,WEREWOLF,ALIVE,sample_py
1,status,8,BODYGUARD,ALIVE,OKAMI
1,status,9,VILLAGER,ALIVE,sample_py
1,status,10,WEREWOLF,ALIVE,OKAMI
1,status,11,MEDIUM,ALIVE,Takeda11
1,status,12,VILLAGER,ALIVE,SampleJava0
1,status,13,VILLAGER,ALIVE,SampleJava1
1,status,14,VILLAGER,ALIVE,HALU
1,status,15,VILLAGER,ALIVE,HALU
1,talk,0,0,1,VOTE Agent[15]
1,talk,1,0,10,VOTE Agent[15]
1,talk,2,0,5,VOTE Agent[03]
1,talk,3,0,9,VOTE Agent[10]
1,talk,4,0,8,VOTE Agent[03]
1,talk,5,0,11,COMINGOUT Agent[11] MEDIUM
1,talk,6,0,2,VOTE Agent[03]
1,talk,7,0,7,VOTE Agent[11]
1,talk,8,0,12,VOTE Agent[10]
1,talk,9,0,4,VOTE Agent[05]
1,talk,10,0,13,VOTE Agent[06]
1,talk,11,0,15,VOTE Agent[12]
1,talk,12,0,6,VOTE Agent[03]
1,talk,13,0,3,VOTE Agent[12]
1,talk,14,0,14,VOTE Agent[07]
1,talk,15,1,7,Skip
1,talk,16,1,10,VOTE Agent[12]
1,talk,17,1,2,COMINGOUT Agent[02] VILLAGER
1,talk,18,1,9,Skip
1,talk,19,1,15,VOTE Agent[06]
1,talk,20,1,11,VOTE Agent[03]
1,talk,21,1,14,VOTE Agent[15]
1,talk,22,1,4,Skip
1,talk,23,1,6,Skip
1,talk,24,1,13,REQUEST ANY (VOTE Agent[06])
1,talk,25,1,12,REQUEST ANY (VOTE Agent[10])
1,talk,26,1,3,VOTE Agent[14]
1,talk,27,1,1,REQUEST ANY (VOTE Agent[15])
1,talk,28,1,8,VOTE Agent[12]
1,talk,29,1,5,Skip
1,talk,30,2,8,VOTE Agent[12]
1,talk,31,2,14,VOTE Agent[12]
1,talk,32,2,9,Skip
1,talk,33,2,10,VOTE Agent[06]
1,talk,34,2,12,Skip
1,talk,35,2,3,VOTE Agent[14]
1,talk,36,2,7,Skip
1,talk,37,2,15,VOTE Agent[12]
1,talk,38,2,5,Skip
1,talk,39,2,13,Skip
1,talk,40,2,6,VOTE Agent[10]
1,talk,41,2,11,VOTE Agent[10]
1,talk,42,2,1,Skip
1,talk,43,2,2,VOTE Agent[12]
1,talk,44,2,4,Skip
1,talk,45,3,8,VOTE Agent[12]
1,talk,46,3,15,VOTE Agent[12]
1,talk,47,3,9,Over
1,talk,48,3,11,VOTE Agent[06]
1,talk,49,3,7,Over
1,talk,50,3,10,VOTE Agent[12]
1,talk,51,3,3,VOTE Agent[14]
1,talk,52,3,6,Skip
1,talk,53,3,12,Skip
1,talk,54,3,13,Skip
1,talk,55,3,5,Over
1,talk,56,3,1,Skip
1,talk,57,3,4,Over
1,talk,58,3,2,VOTE Agent[12]
1,talk,59,3,14,VOTE Agent[12]
1,talk,60,4,7,Over
1,talk,61,4,6,Skip
1,talk,62,4,15,VOTE Agent[12]
1,talk,63,4,1,Over
1,talk,64,4,11,Skip
1,talk,65,4,9,Over
1,talk,66,4,13,Over
1,talk,67,4,8,VOTE Agent[12]
1,talk,68,4,12,Over
1,talk,69,4,5,Over
1,talk,70,4,4,Over
1,talk,71,4,10,VOTE Agent[12]
1,talk,72,4,14,VOTE Agent[12]
1,talk,73,4,2,VOTE Agent[12]
1,talk,74,4,3,VOTE Agent[14]
1,talk,75,5,1,Over
1,talk,76,5,2,VOTE Agent[12]
1,talk,77,5,6,Over
1,talk,78,5,9,Over
1,talk,79,5,7,Over
1,talk,80,5,8,VOTE Agent[12]
1,talk,81,5,10,VOTE Agent[12]
1,talk,82,5,12,Over
1,talk,83,5,3,VOTE Agent[01]
1,talk,84,5,13,Over
1,talk,85,5,14,VOTE Agent[12]
1,talk,86,5,4,Over
1,talk,87,5,11,Skip
1,talk,88,5,15,VOTE Agent[12]
1,talk,89,5,5,Over
1,talk,90,6,1,Over
1,talk,91,6,8,VOTE Agent[12]
1,talk,92,6,13,Over
1,talk,93,6,11,Over
1,talk,94,6,5,Over
1,talk,95,6,6,Over
1,talk,96,6,14,VOTE Agent[12]
1,talk,97,6,9,Over
1,talk,98,6,2,VOTE Agent[12]
1,talk,99,6,10,VOTE Agent[12]
1,talk,100,6,15,VOTE Agent[12]
1,talk,101,6,3,VOTE Agent[15]
1,talk,102,6,4,Over
1,talk,103,6,12,Over
1,talk,104,6,7,Over
1,talk,105,7,15,VOTE Agent[12]
1,talk,106,7,1,Over
1,talk,107,7,14,VOTE Agent[12]
1,talk,108,7,11,Over
1,talk,109,7,12,Over
1,talk,110,7,2,VOTE Agent[12]
1,talk,111,7,10,VOTE Agent[12]
1,talk,112,7,13,Over
1,talk,113,7,6,Over
1,talk,114,7,3,VOTE Agent[04]
1,talk,115,7,4,Over
1,talk,116,7,9,Over
1,talk,117,7,8,VOTE Agent[12]
1,talk,118,7,5,Over
1,talk,119,7,7,Over
1,talk,120,8,14,VOTE Agent[12]
1,talk,121,8,6,Over
1,talk,122,8,12,Over
1,talk,123,8,2,VOTE Agent[12]
1,talk,124,8,10,VOTE Agent[12]
1,talk,125,8,7,Over
1,talk,126,8,9,Over
1,talk,127,8,3,VOTE Agent[04]
1,talk,128,8,13,Over
1,talk,129,8,11,Over
1,talk,130,8,15,VOTE Agent[12]
1,talk,131,8,1,Over
1,talk,132,8,8,VOTE Agent[12]
1,talk,133,8,4,Over
1,talk,134,8,5,Over
1,talk,135,9,8,Over
1,talk,136,9,3,Over
1,talk,137,9,15,Over
1,talk,138,9,5,Over
1,talk,139,9,2,Over
1,talk,140,9,14,Over
1,talk,141,9,13,Over
1,talk,142,9,7,Over
1,talk,143,9,11,Over
1,talk,144,9,12,Over
1,talk,145,9,10,Over
1,talk,146,9,6,Over
1,talk,147,9,9,Over
1,talk,148,9,1,Over
1,talk,149,9,4,Over
1,vote,1,10
1,vote,2,12
1,vote,3,8
1,vote,4,5
1,vote,5,3
1,vote,6,10
1,vote,7,11
1,vote,8,12
1,vote,9,10
1,vote,10,12
1,vote,11,6
1,vote,12,6
1,vote,13,10
1,vote,14,12
1,vote,15,12
1,execute,12,VILLAGER
1,divine,4,3,WEREWOLF
1,whisper,0,0,7,ATTACK Agent[02]
1,whisper,1,0,10,ATTACK Agent[14]
1,whisper,2,0,3,ATTACK Agent[11]
1,whisper,3,1,7,Skip
1,whisper,4,1,3,Skip
1,whisper,5,1,10,Skip
1,whisper,6,2,3,Skip
1,whisper,7,2,7,Skip
1,whisper,8,2,10,Skip
1,whisper,9,3,3,Over
1,whisper,10,3,10,Over
1,whisper,11,3,7,Over
1,guard,8,11,MEDIUM
1,attackVote,3,5
1,attackVote,7,2
1,attackVote,10,9
1,attackVote,3,1
1,attackVote,7,2
1,attackVote,10,11
1,attack,11,false
2,status,1,POSSESSED,ALIVE,SampleJava6
2,status,2,VILLAGER,ALIVE,OKAMI
2,status,3,WEREWOLF,ALIVE,HALU
2,status,4,SEER,ALIVE,sample_py
2,status,5,VILLAGER,ALIVE,sample_py
2,status,6,VILLAGER,ALIVE,Takeda7
2,status,7,WEREWOLF,ALIVE,sample_py
2,status,8,BODYGUARD,ALIVE,OKAMI
2,status,9,VILLAGER,ALIVE,sample_py
2,status,10,WEREWOLF,ALIVE,OKAMI
2,status,11,MEDIUM,ALIVE,Takeda11
2,status,12,VILLAGER,DEAD,SampleJava0
2,status,13,VILLAGER,ALIVE,SampleJava1
2,status,14,VILLAGER,ALIVE,HALU
2,status,15,VILLAGER,ALIVE,HALU
2,talk,0,0,7,COMINGOUT Agent[07] MEDIUM
2,talk,1,0,2,VOTE Agent[13]
2,talk,2,0,13,VOTE Agent[10]
2,talk,3,0,10,VOTE Agent[07]
2,talk,4,0,8,VOTE Agent[07]
2,talk,5,0,6,VOTE Agent[10]
2,talk,6,0,11,IDENTIFIED Agent[12] HUMAN
2,talk,7,0,5,VOTE Agent[07]
2,talk,8,0,15,VOTE Agent[02]
2,talk,9,0,9,VOTE Agent[02]
2,talk,10,0,14,VOTE Agent[06]
2,talk,11,0,1,VOTE Agent[09]
2,talk,12,0,4,COMINGOUT Agent[04] SEER
2,talk,13,0,3,VOTE Agent[11]
2,talk,14,1,8,VOTE Agent[02]
2,talk,15,1,7,IDENTIFIED Agent[12] HUMAN
2,talk,16,1,2,COMINGOUT Agent[02] VILLAGER
2,talk,17,1,13,REQUEST ANY (VOTE Agent[10])
2,talk,18,1,1,REQUEST ANY (VOTE Agent[09])
2,talk,19,1,15,VOTE Agent[03]
2,talk,20,1,9,Skip
2,talk,21,1,5,Skip
2,talk,22,1,4,DIVINED Agent[05] HUMAN
2,talk,23,1,11,VOTE Agent[10]
2,talk,24,1,3,VOTE Agent[11]
2,talk,25,1,10,VOTE Agent[11]
2,talk,26,1,6,Skip
2,talk,27,1,14,VOTE Agent[01]
2,talk,28,2,7,VOTE Agent[11]
2,talk,29,2,15,VOTE Agent[02]
2,talk,30,2,5,Skip
2,talk,31,2,6,Skip
2,talk,32,2,10,VOTE Agent[11]
2,talk,33,2,3,VOTE Agent[11]
2,talk,34,2,11,Skip
2,talk,35,2,13,Skip
2,talk,36,2,14,VOTE Agent[03]
2,talk,37,2,2,VOTE Agent[09]
2,talk,38,2,8,VOTE Agent[09]
2,talk,39,2,1,COMINGOUT Agent[01] SEER
2,talk,40,2,9,Skip
2,talk,41,2,4,DIVINED Agent[03] WEREWOLF
2,talk,42,3,6,Over
2,talk,43,3,2,VOTE Agent[09]
2,talk,44,3,10,VOTE Agent[11]
2,talk,45,3,3,VOTE Agent[11]
2,talk,46,3,14,VOTE Agent[03]
2,talk,47,3,13,Skip
2,talk,48,3,4,VOTE Agent[03]
2,talk,49,3,15,VOTE Agent[02]
2,talk,50,3,8,VOTE Agent[09]
2,talk,51,3,11,VOTE Agent[07]
2,talk,52,3,9,VOTE Agent[03]
2,talk,53,3,5,VOTE Agent[03]
2,talk,54,3,7,Skip
2,talk,55,3,1,AND (DAY 1 (DIVINED Agent[14] HUMAN)) (DAY 2 (DIVINED Agent[04] WEREWOLF))
2,talk,56,4,3,VOTE Agent[11]
2,talk,57,4,8,VOTE Agent[09]
2,talk,58,4,5,Skip
2,talk,59,4,11,Skip
2,talk,60,4,7,Skip
2,talk,61,4,14,VOTE Agent[03]
2,talk,62,4,13,Over
2,talk,63,4,10,VOTE Agent[11]
2,talk,64,4,4,Skip
2,talk,65,4,2,VOTE Agent[10]
2,talk,66,4,1,DIVINED Agent[14] HUMAN
2,talk,67,4,9,Skip
2,talk,68,4,6,Over
2,talk,69,4,15,VOTE Agent[02]
2,talk,70,5,6,Over
2,talk,71,5,10,VOTE Agent[11]
2,talk,72,5,11,Skip
2,talk,73,5,4,Skip
2,talk,74,5,9,Skip
2,talk,75,5,1,DIVINED Agent[04] WEREWOLF
2,talk,76,5,13,Over
2,talk,77,5,15,VOTE Agent[02]
2,talk,78,5,8,VOTE Agent[10]
2,talk,79,5,14,VOTE Agent[15]
2,talk,80,5,2,VOTE Agent[10]
2,talk,81,5,3,VOTE Agent[11]
2,talk,82,5,7,Over
2,talk,83,5,5,Skip
2,talk,84,6,6,Over
2,talk,85,6,15,VOTE Agent[02]
2,talk,86,6,11,Over
2,talk,87,6,8,VOTE Agent[03]
2,talk,88,6,14,VOTE Agent[02]
2,talk,89,6,7,Over
2,talk,90,6,4,Over
2,talk,91,6,2,VOTE Agent[10]
2,talk,92,6,10,VOTE Agent[11]
2,talk,93,6,3,VOTE Agent[11]
2,talk,94,6,5,Over
2,talk,95,6,1,BECAUSE (DAY 2 (DIVINED Agent[04] WEREWOLF)) (AND (VOTE Agent[04]) (REQUEST ANY (VOTE Agent[04])))
2,talk,96,6,13,Over
2,talk,97,6,9,Over
2,talk,98,7,4,Over
2,talk,99,7,6,Over
2,talk,100,7,3,VOTE Agent[11]
2,talk,101,7,15,VOTE Agent[02]
2,talk,102,7,8,VOTE Agent[03]
2,talk,103,7,10,VOTE Agent[11]
2,talk,104,7,2,VOTE Agent[10]
2,talk,105,7,9,Over
2,talk,106,7,7,Over
2,talk,107,7,5,Over
2,talk,108,7,14,VOTE Agent[08]
2,talk,109,7,1,VOTE Agent[04]
2,talk,110,7,11,Over
2,talk,111,7,13,Over
2,talk,112,8,7,Over
2,talk,113,8,9,Over
2,talk,114,8,1,REQUEST ANY (VOTE Agent[04])
2,talk,115,8,10,VOTE Agent[11]
2,talk,116,8,3,VOTE Agent[11]
2,talk,117,8,8,VOTE Agent[03]
2,talk,118,8,13,Over
2,talk,119,8,4,Over
2,talk,120,8,2,VOTE Agent[10]
2,talk,121,8,6,Over
2,talk,122,8,5,Over
2,talk,123,8,14,VOTE Agent[02]
2,talk,124,8,15,VOTE Agent[08]
2,talk,125,8,11,Over
2,talk,126,9,13,Over
2,talk,127,9,2,Over
2,talk,128,9,5,Over
2,talk,129,9,1,Skip
2,talk,130,9,11,Over
2,talk,131,9,8,Over
2,talk,132,9,7,Over
2,talk,133,9,9,Over
2,talk,134,9,15,Over
2,talk,135,9,3,Over
2,talk,136,9,4,Over
2,talk,137,9,10,Over
2,talk,138,9,14,Over
2,talk,139,9,6,Over
2,talk,140,10,1,Skip
2,talk,141,10,4,Over
2,talk,142,10,11,Over
2,talk,143,10,6,Over
2,talk,144,10,3,Over
2,talk,145,10,5,Over
2,talk,146,10,15,Over
2,talk,147,10,9,Over
2,talk,148,10,13,Over
2,talk,149,10,2,Over
2,talk,150,10,8,Over
2,talk,151,10,10,Over
2,talk,152,10,7,Over
2,talk,153,10,14,Over
2,talk,154,11,9,Over
2,talk,155,11,7,Over
2,talk,156,11,11,Over
2,talk,157,11,6,Over
2,talk,158,11,2,Over
2,talk,159,11,3,Over
2,talk,160,11,4,Over
2,talk,161,11,1,Over
2,talk,162,11,8,Over
2,talk,163,11,14,Over
2,talk,164,11,10,Over
2,talk,165,11,13,Over
2,talk,166,11,15,Over
2,talk,167,11,5,Over
2,vote,1,4
2,vote,2,10
2,vote,3,11
2,vote,4,3
2,vote,5,3
2,vote,6,10
2,vote,7,11
2,vote,8,3
2,vote,9,3
2,vote,10,11
2,vote,11,7
2,vote,13,4
2,vote,14,8
2,vote,15,2
2,execute,3,WEREWOLF
2,divine,4,1,HUMAN
2,whisper,0,0,10,ATTACK Agent[11]
2,whisper,1,0,7,ATTACK Agent[04]
2,whisper,2,1,10,Skip
2,whisper,3,1,7,Skip
2,whisper,4,2,7,Skip
2,whisper,5,2,10,Skip
2,whisper,6,3,7,Over
2,whisper,7,3,10,Over
2,guard,8,4,SEER
2,attackVote,7,4
2,attackVote,10,11
2,attackVote,7,4
2,attackVote,10,11
2,attack,11,true
3,status,1,POSSESSED,ALIVE,SampleJava6
3,status,2,VILLAGER,ALIVE,OKAMI
3,status,3,WEREWOLF,DEAD,HALU
3,status,4,SEER,ALIVE,sample_py
3,status,5,VILLAGER,ALIVE,sample_py
3,status,6,VILLAGER,ALIVE,Takeda7
3,status,7,WEREWOLF,ALIVE,sample_py
3,status,8,BODYGUARD,ALIVE,OKAMI
3,status,9,VILLAGER,ALIVE,sample_py
3,status,10,WEREWOLF,ALIVE,OKAMI
3,status,11,MEDIUM,DEAD,Takeda11
3,status,12,VILLAGER,DEAD,SampleJava0
3,status,13,VILLAGER,ALIVE,SampleJava1
3,status,14,VILLAGER,ALIVE,HALU
3,status,15,VILLAGER,ALIVE,HALU
3,talk,0,0,8,VOTE Agent[10]
3,talk,1,0,6,VOTE Agent[10]
3,talk,2,0,10,VOTE Agent[07]
3,talk,3,0,5,VOTE Agent[04]
3,talk,4,0,9,VOTE Agent[04]
3,talk,5,0,13,VOTE Agent[02]
3,talk,6,0,14,VOTE Agent[06]
3,talk,7,0,2,VOTE Agent[06]
3,talk,8,0,1,DAY 3 (DIVINED Agent[02] HUMAN)
3,talk,9,0,15,VOTE Agent[13]
3,talk,10,0,4,DIVINED Agent[01] HUMAN
3,talk,11,0,7,IDENTIFIED Agent[03] HUMAN
3,talk,12,1,15,VOTE Agent[10]
3,talk,13,1,14,VOTE Agent[13]
3,talk,14,1,5,Skip
3,talk,15,1,2,COMINGOUT Agent[02] VILLAGER
3,talk,16,1,7,VOTE Agent[08]
3,talk,17,1,10,VOTE Agent[07]
3,talk,18,1,8,VOTE Agent[13]
3,talk,19,1,13,REQUEST ANY (VOTE Agent[02])
3,talk,20,1,9,Skip
3,talk,21,1,1,DIVINED Agent[02] HUMAN
3,talk,22,1,4,VOTE Agent[01]
3,talk,23,1,6,VOTE Agent[07]
3,talk,24,2,6,Skip
3,talk,25,2,4,Skip
3,talk,26,2,5,Skip
3,talk,27,2,7,Skip
3,talk,28,2,13,Skip
3,talk,29,2,8,VOTE Agent[13]
3,talk,30,2,2,VOTE Agent[08]
3,talk,31,2,14,VOTE Agent[09]
3,talk,32,2,15,VOTE Agent[14]
3,talk,33,2,9,Skip
3,talk,34,2,1,BECAUSE (DAY 2 (DIVINED Agent[04] WEREWOLF)) (AND (VOTE Agent[04]) (REQUEST ANY (VOTE Agent[04])))
3,talk,35,2,10,VOTE Agent[07]
3,talk,36,3,14,VOTE Agent[08]
3,talk,37,3,2,VOTE Agent[14]
3,talk,38,3,15,VOTE Agent[10]
3,talk,39,3,6,Skip
3,talk,40,3,13,Skip
3,talk,41,3,5,Over
3,talk,42,3,1,VOTE Agent[04]
3,talk,43,3,8,VOTE Agent[10]
3,talk,44,3,10,VOTE Agent[07]
3,talk,45,3,4,Skip
3,talk,46,3,7,Skip
3,talk,47,3,9,Over
3,talk,48,4,13,Over
3,talk,49,4,15,VOTE Agent[14]
3,talk,50,4,5,Over
3,talk,51,4,10,VOTE Agent[07]
3,talk,52,4,8,VOTE Agent[14]
3,talk,53,4,6,Over
3,talk,54,4,9,Over
3,talk,55,4,14,VOTE Agent[13]
3,talk,56,4,4,Over
3,talk,57,4,2,VOTE Agent[08]
3,talk,58,4,7,Over
3,talk,59,4,1,REQUEST ANY (VOTE Agent[04])
3,talk,60,5,2,VOTE Agent[13]
3,talk,61,5,8,VOTE Agent[14]
3,talk,62,5,7,Over
3,talk,63,5,1,Skip
3,talk,64,5,14,VOTE Agent[10]
3,talk,65,5,6,Over
3,talk,66,5,10,VOTE Agent[07]
3,talk,67,5,9,Over
3,talk,68,5,4,Over
3,talk,69,5,5,Over
3,talk,70,5,13,Over
3,talk,71,5,15,VOTE Agent[10]
3,talk,72,6,9,Over
3,talk,73,6,15,VOTE Agent[14]
3,talk,74,6,4,Over
3,talk,75,6,1,Skip
3,talk,76,6,7,Over
3,talk,77,6,10,VOTE Agent[07]
3,talk,78,6,6,Over
3,talk,79,6,5,Over
3,talk,80,6,8,VOTE Agent[13]
3,talk,81,6,13,Over
3,talk,82,6,14,VOTE Agent[10]
3,talk,83,6,2,VOTE Agent[14]
3,talk,84,7,8,VOTE Agent[10]
3,talk,85,7,2,VOTE Agent[08]
3,talk,86,7,10,VOTE Agent[07]
3,talk,87,7,13,Over
3,talk,88,7,1,Over
3,talk,89,7,4,Over
3,talk,90,7,7,Over
3,talk,91,7,14,VOTE Agent[10]
3,talk,92,7,9,Over
3,talk,93,7,5,Over
3,talk,94,7,15,VOTE Agent[10]
3,talk,95,7,6,Over
3,talk,96,8,15,VOTE Agent[13]
3,talk,97,8,13,Over
3,talk,98,8,8,VOTE Agent[13]
3,talk,99,8,1,Over
3,talk,100,8,2,VOTE Agent[10]
3,talk,101,8,10,VOTE Agent[07]
3,talk,102,8,6,Over
3,talk,103,8,7,Over
3,talk,104,8,4,Over
3,talk,105,8,9,Over
3,talk,106,8,5,Over
3,talk,107,8,14,VOTE Agent[08]
3,talk,108,9,14,Over
3,talk,109,9,13,Over
3,talk,110,9,8,Over
3,talk,111,9,4,Over
3,talk,112,9,6,Over
3,talk,113,9,15,Over
3,talk,114,9,5,Over
3,talk,115,9,7,Over
3,talk,116,9,9,Over
3,talk,117,9,1,Over
3,talk,118,9,10,Over
3,talk,119,9,2,Over
3,vote,1,4
3,vote,2,8
3,vote,4,1
3,vote,5,4
3,vote,6,7
3,vote,7,8
3,vote,8,13
3,vote,9,4
3,vote,10,7
3,vote,13,4
3,vote,14,10
3,vote,15,13
3,execute,4,SEER
3,whisper,0,0,7,ATTACK Agent[01]
3,whisper,1,0,10,ATTACK Agent[11]
3,whisper,2,1,7,Skip
3,whisper,3,1,10,Skip
3,whisper,4,2,10,Skip
3,whisper,5,2,7,Skip
3,whisper,6,3,10,Over
3,whisper,7,3,7,Over
3,guard,8,1,POSSESSED
3,attackVote,7,1
3,attack,1,false
4,status,1,POSSESSED,ALIVE,SampleJava6
4,status,2,VILLAGER,ALIVE,OKAMI
4,status,3,WEREWOLF,DEAD,HALU
4,status,4,SEER,DEAD,sample_py
4,status,5,VILLAGER,ALIVE,sample_py
4,status,6,VILLAGER,ALIVE,Takeda7
4,status,7,WEREWOLF,ALIVE,sample_py
4,status,8,BODYGUARD,ALIVE,OKAMI
4,status,9,VILLAGER,ALIVE,sample_py
4,status,10,WEREWOLF,ALIVE,OKAMI
4,status,11,MEDIUM,DEAD,Takeda11
4,status,12,VILLAGER,DEAD,SampleJava0
4,status,13,VILLAGER,ALIVE,SampleJava1
4,status,14,VILLAGER,ALIVE,HALU
4,status,15,VILLAGER,ALIVE,HALU
4,talk,0,0,15,VOTE Agent[06]
4,talk,1,0,10,VOTE Agent[07]
4,talk,2,0,2,VOTE Agent[06]
4,talk,3,0,9,VOTE Agent[14]
4,talk,4,0,13,VOTE Agent[08]
4,talk,5,0,5,VOTE Agent[08]
4,talk,6,0,7,IDENTIFIED Agent[04] HUMAN
4,talk,7,0,14,VOTE Agent[10]
4,talk,8,0,6,VOTE Agent[07]
4,talk,9,0,1,DAY 4 (DIVINED Agent[09] HUMAN)
4,talk,10,0,8,VOTE Agent[14]
4,talk,11,1,13,REQUEST ANY (VOTE Agent[08])
4,talk,12,1,10,VOTE Agent[07]
4,talk,13,1,15,VOTE Agent[08]
4,talk,14,1,1,DIVINED Agent[09] HUMAN
4,talk,15,1,9,Skip
4,talk,16,1,14,VOTE Agent[10]
4,talk,17,1,7,VOTE Agent[01]
4,talk,18,1,8,VOTE Agent[14]
4,talk,19,1,5,Skip
4,talk,20,1,6,Skip
4,talk,21,1,2,COMINGOUT Agent[02] VILLAGER
4,talk,22,2,6,Skip
4,talk,23,2,1,BECAUSE (AND (DAY 2 (DIVINED Agent[04] WEREWOLF)) (DAY 4 (Agent[07] IDENTIFIED Agent[04] HUMAN))) (XOR (ESTIMATE Agent[07] WEREWOLF) (ESTIMATE Agent[07] POSSESSED))
4,talk,24,2,5,Skip
4,talk,25,2,13,Skip
4,talk,26,2,14,VOTE Agent[15]
4,talk,27,2,7,Skip
4,talk,28,2,10,VOTE Agent[07]
4,talk,29,2,9,Skip
4,talk,30,2,2,VOTE Agent[14]
4,talk,31,2,15,VOTE Agent[10]
4,talk,32,2,8,VOTE Agent[10]
4,talk,33,3,10,VOTE Agent[07]
4,talk,34,3,8,VOTE Agent[10]
4,talk,35,3,7,Skip
4,talk,36,3,1,BECAUSE (XOR (ESTIMATE Agent[07] WEREWOLF) (ESTIMATE Agent[07] POSSESSED)) (AND (VOTE Agent[07]) (REQUEST ANY (VOTE Agent[07])))
4,talk,37,3,5,Over
4,talk,38,3,14,VOTE Agent[08]
4,talk,39,3,6,Over
4,talk,40,3,13,Skip
4,talk,41,3,9,Over
4,talk,42,3,15,VOTE Agent[14]
4,talk,43,3,2,VOTE Agent[14]
4,talk,44,4,6,Over
4,talk,45,4,14,VOTE Agent[08]
4,talk,46,4,7,Over
4,talk,47,4,13,Over
4,talk,48,4,10,VOTE Agent[07]
4,talk,49,4,5,Over
4,talk,50,4,2,VOTE Agent[14]
4,talk,51,4,9,Over
4,talk,52,4,15,VOTE Agent[08]
4,talk,53,4,1,VOTE Agent[07]
4,talk,54,4,8,VOTE Agent[14]
4,talk,55,5,15,VOTE Agent[08]
4,talk,56,5,6,Over
4,talk,57,5,2,VOTE Agent[14]
4,talk,58,5,13,Over
4,talk,59,5,1,REQUEST ANY (VOTE Agent[07])
4,talk,60,5,5,Over
4,talk,61,5,9,Over
4,talk,62,5,7,Over
4,talk,63,5,10,VOTE Agent[07]
4,talk,64,5,14,VOTE Agent[08]
4,talk,65,5,8,VOTE Agent[14]
4,talk,66,6,6,Over
4,talk,67,6,13,Over
4,talk,68,6,5,Over
4,talk,69,6,2,VOTE Agent[14]
4,talk,70,6,7,Over
4,talk,71,6,14,VOTE Agent[10]
4,talk,72,6,9,Over
4,talk,73,6,1,Skip
4,talk,74,6,8,VOTE Agent[10]
4,talk,75,6,10,VOTE Agent[07]
4,talk,76,6,15,VOTE Agent[08]
4,talk,77,7,14,VOTE Agent[10]
4,talk,78,7,1,Skip
4,talk,79,7,7,Over
4,talk,80,7,10,VOTE Agent[07]
4,talk,81,7,9,Over
4,talk,82,7,2,VOTE Agent[10]
4,talk,83,7,15,VOTE Agent[10]
4,talk,84,7,5,Over
4,talk,85,7,8,VOTE Agent[14]
4,talk,86,7,6,Over
4,talk,87,7,13,Over
4,talk,88,8,5,Over
4,talk,89,8,10,VOTE Agent[07]
4,talk,90,8,13,Over
4,talk,91,8,9,Over
4,talk,92,8,2,VOTE Agent[14]
4,talk,93,8,7,Over
4,talk,94,8,8,VOTE Agent[10]
4,talk,95,8,14,VOTE Agent[08]
4,talk,96,8,15,VOTE Agent[14]
4,talk,97,8,1,Over
4,talk,98,8,6,Over
4,talk,99,9,7,Over
4,talk,100,9,10,Over
4,talk,101,9,8,Over
4,talk,102,9,9,Over
4,talk,103,9,5,Over
4,talk,104,9,14,Over
4,talk,105,9,2,Over
4,talk,106,9,1,Over
4,talk,107,9,15,Over
4,talk,108,9,6,Over
4,talk,109,9,13,Over
4,vote,1,7
4,vote,2,14
4,vote,5,8
4,vote,6,7
4,vote,7,1
4,vote,8,14
4,vote,9,14
4,vote,10,7
4,vote,13,7
4,vote,14,10
4,vote,15,10
4,execute,7,WEREWOLF
4,guard,8,1,POSSESSED
4,attack,15,true
5,status,1,POSSESSED,ALIVE,SampleJava6
5,status,2,VILLAGER,ALIVE,OKAMI
5,status,3,WEREWOLF,DEAD,HALU
5,status,4,SEER,DEAD,sample_py
5,status,5,VILLAGER,ALIVE,sample_py
5,status,6,VILLAGER,ALIVE,Takeda7
5,status,7,WEREWOLF,DEAD,sample_py
5,status,8,BODYGUARD,ALIVE,OKAMI
5,status,9,VILLAGER,ALIVE,sample_py
5,status,10,WEREWOLF,ALIVE,OKAMI
5,status,11,MEDIUM,DEAD,Takeda11
5,status,12,VILLAGER,DEAD,SampleJava0
5,status,13,VILLAGER,ALIVE,SampleJava1
5,status,14,VILLAGER,ALIVE,HALU
5,status,15,VILLAGER,DEAD,HALU
5,talk,0,0,10,VOTE Agent[14]
5,talk,1,0,2,VOTE Agent[14]
5,talk,2,0,9,VOTE Agent[08]
5,talk,3,0,8,VOTE Agent[14]
5,talk,4,0,1,DAY 5 (DIVINED Agent[05] HUMAN)
5,talk,5,0,14,VOTE Agent[13]
5,talk,6,0,6,VOTE Agent[10]
5,talk,7,0,5,VOTE Agent[02]
5,talk,8,0,13,VOTE Agent[01]
5,talk,9,1,5,Skip
5,talk,10,1,13,REQUEST ANY (VOTE Agent[01])
5,talk,11,1,2,COMINGOUT Agent[02] VILLAGER
5,talk,12,1,8,VOTE Agent[10]
5,talk,13,1,6,Skip
5,talk,14,1,1,DIVINED Agent[05] HUMAN
5,talk,15,1,14,VOTE Agent[13]
5,talk,16,1,10,VOTE Agent[13]
5,talk,17,1,9,Skip
5,talk,18,2,8,VOTE Agent[10]
5,talk,19,2,5,Skip
5,talk,20,2,10,VOTE Agent[13]
5,talk,21,2,1,VOTE Agent[13]
5,talk,22,2,14,VOTE Agent[08]
5,talk,23,2,13,Skip
5,talk,24,2,2,VOTE Agent[08]
5,talk,25,2,6,Skip
5,talk,26,2,9,Skip
5,talk,27,3,13,Skip
5,talk,28,3,2,VOTE Agent[10]
5,talk,29,3,14,VOTE Agent[13]
5,talk,30,3,5,Over
5,talk,31,3,9,Over
5,talk,32,3,10,VOTE Agent[13]
5,talk,33,3,8,VOTE Agent[10]
5,talk,34,3,1,REQUEST ANY (VOTE Agent[13])
5,talk,35,3,6,Over
5,talk,36,4,13,Over
5,talk,37,4,9,Over
5,talk,38,4,8,VOTE Agent[10]
5,talk,39,4,5,Over
5,talk,40,4,10,VOTE Agent[13]
5,talk,41,4,1,Skip
5,talk,42,4,6,Over
5,talk,43,4,14,VOTE Agent[08]
5,talk,44,4,2,VOTE Agent[08]
5,talk,45,5,10,VOTE Agent[08]
5,talk,46,5,1,Skip
5,talk,47,5,13,Over
5,talk,48,5,9,Over
5,talk,49,5,5,Over
5,talk,50,5,14,VOTE Agent[13]
5,talk,51,5,8,VOTE Agent[10]
5,talk,52,5,6,Over
5,talk,53,5,2,VOTE Agent[13]
5,talk,54,6,9,Over
5,talk,55,6,14,VOTE Agent[10]
5,talk,56,6,6,Over
5,talk,57,6,8,VOTE Agent[13]
5,talk,58,6,2,VOTE Agent[13]
5,talk,59,6,13,Over
5,talk,60,6,10,VOTE Agent[13]
5,talk,61,6,5,Over
5,talk,62,6,1,Over
5,talk,63,7,1,Over
5,talk,64,7,9,Over
5,talk,65,7,10,VOTE Agent[13]
5,talk,66,7,2,VOTE Agent[10]
5,talk,67,7,14,VOTE Agent[13]
5,talk,68,7,8,VOTE Agent[10]
5,talk,69,7,13,Over
5,talk,70,7,6,Over
5,talk,71,7,5,Over
5,talk,72,8,14,VOTE Agent[10]
5,talk,73,8,5,Over
5,talk,74,8,2,VOTE Agent[13]
5,talk,75,8,10,VOTE Agent[13]
5,talk,76,8,13,Over
5,talk,77,8,9,Over
5,talk,78,8,1,Over
5,talk,79,8,8,VOTE Agent[10]
5,talk,80,8,6,Over
5,talk,81,9,10,Over
5,talk,82,9,14,Over
5,talk,83,9,2,Over
5,talk,84,9,6,Over
5,talk,85,9,8,Over
5,talk,86,9,5,Over
5,talk,87,9,9,Over
5,talk,88,9,1,Over
5,talk,89,9,13,Over
5,vote,1,5
5,vote,2,13
5,vote,5,2
5,vote,6,10
5,vote,8,10
5,vote,9,8
5,vote,10,13
5,vote,13,6
5,vote,14,8
5,vote,1,8
5,vote,2,13
5,vote,5,2
5,vote,6,10
5,vote,8,10
5,vote,9,8
5,vote,10,13
5,vote,13,8
5,vote,14,8
5,execute,8,BODYGUARD
5,attack,9,true
6,status,1,POSSESSED,ALIVE,SampleJava6
6,status,2,VILLAGER,ALIVE,OKAMI
6,status,3,WEREWOLF,DEAD,HALU
6,status,4,SEER,DEAD,sample_py
6,status,5,VILLAGER,ALIVE,sample_py
6,status,6,VILLAGER,ALIVE,Takeda7
6,status,7,WEREWOLF,DEAD,sample_py
6,status,8,BODYGUARD,DEAD,OKAMI
6,status,9,VILLAGER,DEAD,sample_py
6,status,10,WEREWOLF,ALIVE,OKAMI
6,status,11,MEDIUM,DEAD,Takeda11
6,status,12,VILLAGER,DEAD,SampleJava0
6,status,13,VILLAGER,ALIVE,SampleJava1
6,status,14,VILLAGER,ALIVE,HALU
6,status,15,VILLAGER,DEAD,HALU
6,talk,0,0,14,VOTE Agent[13]
6,talk,1,0,5,VOTE Agent[02]
6,talk,2,0,6,VOTE Agent[10]
6,talk,3,0,13,VOTE Agent[06]
6,talk,4,0,2,VOTE Agent[13]
6,talk,5,0,1,DAY 6 (DIVINED Agent[06] HUMAN)
6,talk,6,0,10,VOTE Agent[13]
6,talk,7,1,2,COMINGOUT Agent[02] VILLAGER
6,talk,8,1,14,VOTE Agent[13]
6,talk,9,1,6,Skip
6,talk,10,1,13,REQUEST ANY (VOTE Agent[06])
6,talk,11,1,10,VOTE Agent[13]
6,talk,12,1,5,Skip
6,talk,13,1,1,DIVINED Agent[06] HUMAN
6,talk,14,2,5,Skip
6,talk,15,2,1,VOTE Agent[13]
6,talk,16,2,6,Skip
6,talk,17,2,14,VOTE Agent[01]
6,talk,18,2,2,VOTE Agent[01]
6,talk,19,2,10,VOTE Agent[13]
6,talk,20,2,13,Skip
6,talk,21,3,1,REQUEST ANY (VOTE Agent[13])
6,talk,22,3,10,VOTE Agent[13]
6,talk,23,3,13,Skip
6,talk,24,3,14,VOTE Agent[13]
6,talk,25,3,5,Over
6,talk,26,3,2,VOTE Agent[13]
6,talk,27,3,6,Over
6,talk,28,4,13,Over
6,talk,29,4,10,VOTE Agent[13]
6,talk,30,4,14,VOTE Agent[13]
6,talk,31,4,5,Over
6,talk,32,4,1,Skip
6,talk,33,4,2,VOTE Agent[13]
6,talk,34,4,6,Over
6,talk,35,5,5,Over
6,talk,36,5,6,Over
6,talk,37,5,13,Over
6,talk,38,5,10,VOTE Agent[13]
6,talk,39,5,2,VOTE Agent[13]
6,talk,40,5,14,VOTE Agent[13]
6,talk,41,5,1,Skip
6,talk,42,6,13,Over
6,talk,43,6,1,Over
6,talk,44,6,10,VOTE Agent[13]
6,talk,45,6,14,VOTE Agent[13]
6,talk,46,6,2,VOTE Agent[13]
6,talk,47,6,6,Over
6,talk,48,6,5,Over
6,talk,49,7,10,VOTE Agent[13]
6,talk,50,7,5,Over
6,talk,51,7,2,VOTE Agent[13]
6,talk,52,7,13,Over
6,talk,53,7,1,Over
6,talk,54,7,6,Over
6,talk,55,7,14,VOTE Agent[13]
6,talk,56,8,6,Over
6,talk,57,8,13,Over
6,talk,58,8,14,VOTE Agent[13]
6,talk,59,8,5,Over
6,talk,60,8,10,VOTE Agent[13]
6,talk,61,8,2,VOTE Agent[13]
6,talk,62,8,1,Over
6,talk,63,9,5,Over
6,talk,64,9,6,Over
6,talk,65,9,13,Over
6,talk,66,9,2,Over
6,talk,67,9,14,Over
6,talk,68,9,1,Over
6,talk,69,9,10,Over
6,vote,1,6
6,vote,2,13
6,vote,5,2
6,vote,6,13
6,vote,10,13
6,vote,13,5
6,vote,14,13
6,execute,13,VILLAGER
6,attack,5,true
7,status,1,POSSESSED,ALIVE,SampleJava6
7,status,2,VILLAGER,ALIVE,OKAMI
7,status,3,WEREWOLF,DEAD,HALU
7,status,4,SEER,DEAD,sample_py
7,status,5,VILLAGER,DEAD,sample_py
7,status,6,VILLAGER,ALIVE,Takeda7
7,status,7,WEREWOLF,DEAD,sample_py
7,status,8,BODYGUARD,DEAD,OKAMI
7,status,9,VILLAGER,DEAD,sample_py
7,status,10,WEREWOLF,ALIVE,OKAMI
7,status,11,MEDIUM,DEAD,Takeda11
7,status,12,VILLAGER,DEAD,SampleJava0
7,status,13,VILLAGER,DEAD,SampleJava1
7,status,14,VILLAGER,ALIVE,HALU
7,status,15,VILLAGER,DEAD,HALU
7,talk,0,0,2,VOTE Agent[14]
7,talk,1,0,1,DAY 7 (DIVINED Agent[10] HUMAN)
7,talk,2,0,10,VOTE Agent[14]
7,talk,3,0,6,VOTE Agent[10]
7,talk,4,0,14,VOTE Agent[06]
7,talk,5,1,6,Skip
7,talk,6,1,10,VOTE Agent[14]
7,talk,7,1,14,VOTE Agent[06]
7,talk,8,1,1,DIVINED Agent[10] HUMAN
7,talk,9,1,2,COMINGOUT Agent[02] VILLAGER
7,talk,10,2,14,VOTE Agent[06]
7,talk,11,2,10,VOTE Agent[14]
7,talk,12,2,6,Skip
7,talk,13,2,2,VOTE Agent[14]
7,talk,14,2,1,VOTE Agent[13]
7,talk,15,3,2,VOTE Agent[14]
7,talk,16,3,6,Over
7,talk,17,3,14,VOTE Agent[01]
7,talk,18,3,10,VOTE Agent[14]
7,talk,19,3,1,REQUEST ANY (VOTE Agent[13])
7,talk,20,4,14,VOTE Agent[06]
7,talk,21,4,1,VOTE Agent[07]
7,talk,22,4,2,VOTE Agent[14]
7,talk,23,4,6,Over
7,talk,24,4,10,VOTE Agent[14]
7,talk,25,5,10,VOTE Agent[14]
7,talk,26,5,14,VOTE Agent[06]
7,talk,27,5,2,VOTE Agent[14]
7,talk,28,5,6,Over
7,talk,29,5,1,REQUEST ANY (VOTE Agent[07])
7,talk,30,6,10,VOTE Agent[14]
7,talk,31,6,2,VOTE Agent[14]
7,talk,32,6,14,VOTE Agent[06]
7,talk,33,6,6,Over
7,talk,34,6,1,VOTE Agent[12]
7,talk,35,7,1,REQUEST ANY (VOTE Agent[12])
7,talk,36,7,2,VOTE Agent[14]
7,talk,37,7,10,VOTE Agent[14]
7,talk,38,7,6,Over
7,talk,39,7,14,VOTE Agent[06]
7,talk,40,8,14,VOTE Agent[06]
7,talk,41,8,6,Over
7,talk,42,8,2,VOTE Agent[14]
7,talk,43,8,10,VOTE Agent[14]
7,talk,44,8,1,VOTE Agent[15]
7,talk,45,9,6,Over
7,talk,46,9,1,REQUEST ANY (VOTE Agent[15])
7,talk,47,9,14,Over
7,talk,48,9,10,Over
7,talk,49,9,2,Over
7,talk,50,10,10,Over
7,talk,51,10,1,Over
7,talk,52,10,2,Over
7,talk,53,10,14,Over
7,talk,54,10,6,Over
7,vote,1,2
7,vote,2,14
7,vote,6,10
7,vote,10,14
7,vote,14,6
7,execute,14,VILLAGER
7,attack,2,true
8,status,1,POSSESSED,ALIVE,SampleJava6
8,status,2,VILLAGER,DEAD,OKAMI
8,status,3,WEREWOLF,DEAD,HALU
8,status,4,SEER,DEAD,sample_py
8,status,5,VILLAGER,DEAD,sample_py
8,status,6,VILLAGER,ALIVE,Takeda7
8,status,7,WEREWOLF,DEAD,sample_py
8,status,8,BODYGUARD,DEAD,OKAMI
8,status,9,VILLAGER,DEAD,sample_py
8,status,10,WEREWOLF,ALIVE,OKAMI
8,status,11,MEDIUM,DEAD,Takeda11
8,status,12,VILLAGER,DEAD,SampleJava0
8,status,13,VILLAGER,DEAD,SampleJava1
8,status,14,VILLAGER,DEAD,HALU
8,status,15,VILLAGER,DEAD,HALU
8,talk,0,0,1,DAY 8 (DIVINED Agent[01] HUMAN)
8,talk,1,0,10,VOTE Agent[01]
8,talk,2,0,6,VOTE Agent[10]
8,talk,3,1,1,DIVINED Agent[01] HUMAN
8,talk,4,1,10,VOTE Agent[06]
8,talk,5,1,6,Skip
8,talk,6,2,6,Skip
8,talk,7,2,10,VOTE Agent[06]
8,talk,8,2,1,VOTE Agent[08]
8,talk,9,3,10,VOTE Agent[01]
8,talk,10,3,1,REQUEST ANY (VOTE Agent[08])
8,talk,11,3,6,Over
8,talk,12,4,1,Skip
8,talk,13,4,6,Over
8,talk,14,4,10,VOTE Agent[01]
8,talk,15,5,6,Over
8,talk,16,5,1,Skip
8,talk,17,5,10,VOTE Agent[06]
8,talk,18,6,1,VOTE Agent[12]
8,talk,19,6,6,Over
8,talk,20,6,10,VOTE Agent[06]
8,talk,21,7,1,REQUEST ANY (VOTE Agent[12])
8,talk,22,7,6,Over
8,talk,23,7,10,VOTE Agent[06]
8,talk,24,8,1,VOTE Agent[08]
8,talk,25,8,10,VOTE Agent[01]
8,talk,26,8,6,Over
8,talk,27,9,10,Over
8,talk,28,9,6,Over
8,talk,29,9,1,REQUEST ANY (VOTE Agent[08])
8,talk,30,10,1,VOTE Agent[12]
8,talk,31,10,6,Over
8,talk,32,10,10,Over
8,talk,33,11,1,REQUEST ANY (VOTE Agent[12])
8,talk,34,11,10,Over
8,talk,35,11,6,Over
8,talk,36,12,6,Over
8,talk,37,12,10,Over
8,talk,38,12,1,Over
8,vote,1,10
8,vote,6,10
8,vote,10,6
8,execute,10,WEREWOLF
9,status,1,POSSESSED,ALIVE,SampleJava6
9,status,2,VILLAGER,DEAD,OKAMI
9,status,3,WEREWOLF,DEAD,HALU
9,status,4,SEER,DEAD,sample_py
9,status,5,VILLAGER,DEAD,sample_py
9,status,6,VILLAGER,ALIVE,Takeda7
9,status,7,WEREWOLF,DEAD,sample_py
9,status,8,BODYGUARD,DEAD,OKAMI
9,status,9,VILLAGER,DEAD,sample_py
9,status,10,WEREWOLF,DEAD,OKAMI
9,status,11,MEDIUM,DEAD,Takeda11
9,status,12,VILLAGER,DEAD,SampleJava0
9,status,13,VILLAGER,DEAD,SampleJava1
9,status,14,VILLAGER,DEAD,HALU
9,status,15,VILLAGER,DEAD,HALU
9,result,2,0,VILLAGER
