0,status,1,VILLAGER,ALIVE,SampleJava6
0,status,2,WEREWOLF,ALIVE,OKAMI
0,status,3,VILLAGER,ALIVE,HALU
0,status,4,BODYGUARD,ALIVE,sample_py
0,status,5,VILLAGER,ALIVE,sample_py
0,status,6,SEER,ALIVE,Takeda7
0,status,7,VILLAGER,ALIVE,sample_py
0,status,8,VILLAGER,ALIVE,OKAMI
0,status,9,MEDIUM,ALIVE,sample_py
0,status,10,POSSESSED,ALIVE,OKAMI
0,status,11,VILLAGER,ALIVE,Takeda11
0,status,12,VILLAGER,ALIVE,SampleJava0
0,status,13,WEREWOLF,ALIVE,SampleJava1
0,status,14,VILLAGER,ALIVE,HALU
0,status,15,WEREWOLF,ALIVE,HALU
0,whisper,0,0,13,COMINGOUT Agent[13] MEDIUM
0,whisper,1,0,2,COMINGOUT Agent[02] VILLAGER
0,whisper,2,0,15,COMINGOUT Agent[15] MEDIUM
0,whisper,3,1,2,Skip
0,whisper,4,1,13,COMINGOUT Agent[13] VILLAGER
0,whisper,5,1,15,COMINGOUT Agent[15] VILLAGER
0,whisper,6,2,13,Skip
0,whisper,7,2,15,Skip
0,whisper,8,2,2,Skip
0,whisper,9,3,2,Over
0,whisper,10,3,13,Skip
0,whisper,11,3,15,Skip
0,whisper,12,4,15,Over
0,whisper,13,4,13,Over
0,whisper,14,4,2,Over
0,divine,6,9,HUMAN
1,status,1,VILLAGER,ALIVE,SampleJava6
1,status,2,WEREWOLF,ALIVE,OKAMI
1,status,3,VILLAGER,ALIVE,HALU
1,status,4,BODYGUARD,ALIVE,sample_py
1,status,5,VILLAGER,ALIVE,sample_py
1,status,6,SEER,ALIVE,Takeda7
1,status,7,VILLAGER,ALIVE,sample_py
1,status,8,VILLAGER,ALIVE,OKAMI
1,status,9,MEDIUM,ALIVE,sample_py
1,status,10,POSSESSED,ALIVE,OKAMI
1,status,11,VILLAGER,ALIVE,Takeda11
1,status,12,VILLAGER,ALIVE,SampleJava0
1,status,13,WEREWOLF,ALIVE,SampleJava1
1,status,14,VILLAGER,ALIVE,HALU
1,status,15,WEREWOLF,ALIVE,HALU
1,talk,0,0,6,COMINGOUT Agent[06] SEER
1,talk,1,0,15,VOTE Agent[09]
1,talk,2,0,9,VOTE Agent[07]
1,talk,3,0,8,VOTE Agent[07]
1,talk,4,0,2,VOTE Agent[07]
1,talk,5,0,13,VOTE Agent[11]
1,talk,6,0,5,VOTE Agent[01]
1,talk,7,0,14,VOTE Agent[02]
1,talk,8,0,3,VOTE Agent[02]
1,talk,9,0,11,VOTE Agent[07]
1,talk,10,0,10,COMINGOUT Agent[10] VILLAGER
1,talk,11,0,1,VOTE Agent[11]
1,talk,12,0,4,VOTE Agent[01]
1,talk,13,0,7,VOTE Agent[13]
1,talk,14,0,12,VOTE Agent[04]
1,talk,15,1,11,VOTE Agent[04]
1,talk,16,1,1,REQUEST ANY (VOTE Agent[11])
1,talk,17,1,14,VOTE Agent[10]
1,talk,18,1,7,Skip
1,talk,19,1,13,REQUEST ANY (VOTE Agent[11])
1,talk,20,1,2,VOTE Agent[11]
1,talk,21,1,6,DIVINED Agent[09] HUMAN
1,talk,22,1,8,COMINGOUT Agent[08] VILLAGER
1,talk,23,1,9,Skip
1,talk,24,1,12,REQUEST ANY (VOTE Agent[04])
1,talk,25,1,5,Skip
1,talk,26,1,15,VOTE Agent[11]
1,talk,27,1,3,VOTE Agent[12]
1,talk,28,1,4,Skip
1,talk,29,1,10,Over
1,talk,30,2,1,Skip
1,talk,31,2,15,VOTE Agent[03]
1,talk,32,2,10,DIVINED Agent[08] WEREWOLF
1,talk,33,2,11,VOTE Agent[02]
1,talk,34,2,14,VOTE Agent[12]
1,talk,35,2,9,VOTE Agent[08]
1,talk,36,2,5,VOTE Agent[08]
1,talk,37,2,2,VOTE Agent[08]
1,talk,38,2,4,VOTE Agent[08]
1,talk,39,2,13,Skip
1,talk,40,2,7,VOTE Agent[08]
1,talk,41,2,6,VOTE Agent[02]
1,talk,42,2,12,Skip
1,talk,43,2,8,VOTE Agent[12]
1,talk,44,2,3,VOTE Agent[08]
1,talk,45,3,15,VOTE Agent[14]
1,talk,46,3,14,VOTE Agent[12]
1,talk,47,3,6,VOTE Agent[02]
1,talk,48,3,13,Skip
1,talk,49,3,10,VOTE Agent[08]
1,talk,50,3,7,Skip
1,talk,51,3,9,Skip
1,talk,52,3,12,Skip
1,talk,53,3,8,VOTE Agent[12]
1,talk,54,3,3,VOTE Agent[08]
1,talk,55,3,11,Skip
1,talk,56,3,5,Skip
1,talk,57,3,2,VOTE Agent[08]
1,talk,58,3,1,Skip
1,talk,59,3,4,Skip
1,talk,60,4,9,Skip
1,talk,61,4,5,Skip
1,talk,62,4,13,Over
1,talk,63,4,11,Skip
1,talk,64,4,4,Skip
1,talk,65,4,6,VOTE Agent[02]
1,talk,66,4,2,VOTE Agent[08]
1,talk,67,4,8,VOTE Agent[12]
1,talk,68,4,10,VOTE Agent[08]
1,talk,69,4,14,VOTE Agent[12]
1,talk,70,4,7,Skip
1,talk,71,4,3,VOTE Agent[12]
1,talk,72,4,1,Over
1,talk,73,4,15,VOTE Agent[04]
1,talk,74,4,12,Over
1,talk,75,5,13,Over
1,talk,76,5,11,Over
1,talk,77,5,12,Over
1,talk,78,5,10,VOTE Agent[08]
1,talk,79,5,5,Over
1,talk,80,5,2,VOTE Agent[08]
1,talk,81,5,8,VOTE Agent[12]
1,talk,82,5,9,Over
1,talk,83,5,3,VOTE Agent[08]
1,talk,84,5,6,VOTE Agent[02]
1,talk,85,5,14,VOTE Agent[12]
1,talk,86,5,15,VOTE Agent[14]
1,talk,87,5,7,Over
1,talk,88,5,4,Over
1,talk,89,5,1,Over
1,talk,90,6,15,VOTE Agent[14]
1,talk,91,6,8,VOTE Agent[12]
1,talk,92,6,3,VOTE Agent[08]
1,talk,93,6,9,Over
1,talk,94,6,1,Over
1,talk,95,6,4,Over
1,talk,96,6,5,Over
1,talk,97,6,13,Over
1,talk,98,6,6,VOTE Agent[02]
1,talk,99,6,14,VOTE Agent[12]
1,talk,100,6,10,VOTE Agent[08]
1,talk,101,6,2,VOTE Agent[08]
1,talk,102,6,12,Over
1,talk,103,6,11,Over
1,talk,104,6,7,Over
1,talk,105,7,2,VOTE Agent[08]
1,talk,106,7,8,VOTE Agent[12]
1,talk,107,7,3,VOTE Agent[08]
1,talk,108,7,5,Over
1,talk,109,7,6,VOTE Agent[02]
1,talk,110,7,12,Over
1,talk,111,7,4,Over
1,talk,112,7,15,VOTE Agent[08]
1,talk,113,7,11,Over
1,talk,114,7,7,Over
1,talk,115,7,13,Over
1,talk,116,7,14,VOTE Agent[12]
1,talk,117,7,1,Over
1,talk,118,7,9,Over
1,talk,119,7,10,VOTE Agent[08]
1,talk,120,8,12,Over
1,talk,121,8,11,Over
1,talk,122,8,13,Over
1,talk,123,8,9,Over
1,talk,124,8,1,Over
1,talk,125,8,15,VOTE Agent[14]
1,talk,126,8,8,VOTE Agent[12]
1,talk,127,8,4,Over
1,talk,128,8,5,Over
1,talk,129,8,6,VOTE Agent[02]
1,talk,130,8,2,VOTE Agent[08]
1,talk,131,8,7,Over
1,talk,132,8,14,VOTE Agent[10]
1,talk,133,8,10,VOTE Agent[08]
1,talk,134,8,3,VOTE Agent[08]
1,talk,135,9,5,Over
1,talk,136,9,6,VOTE Agent[02]
1,talk,137,9,9,Over
1,talk,138,9,15,Over
1,talk,139,9,4,Over
1,talk,140,9,14,Over
1,talk,141,9,1,Over
1,talk,142,9,3,Over
1,talk,143,9,8,Over
1,talk,144,9,7,Over
1,talk,145,9,11,Over
1,talk,146,9,12,Over
1,talk,147,9,10,Over
1,talk,148,9,13,Over
1,talk,149,9,2,Over
1,talk,150,10,5,Over
1,talk,151,10,15,Over
1,talk,152,10,8,Over
1,talk,153,10,14,Over
1,talk,154,10,12,Over
1,talk,155,10,13,Over
1,talk,156,10,7,Over
1,talk,157,10,3,Over
1,talk,158,10,1,Over
1,talk,159,10,11,Over
1,talk,160,10,10,Over
1,talk,161,10,9,Over
1,talk,162,10,6,Over
1,talk,163,10,2,Over
1,talk,164,10,4,Over
1,vote,1,11
1,vote,2,8
1,vote,3,8
1,vote,4,8
1,vote,5,8
1,vote,6,2
1,vote,7,8
1,vote,8,10
1,vote,9,8
1,vote,10,8
1,vote,11,2
1,vote,12,11
1,vote,13,11
1,vote,14,10
1,vote,15,4
1,execute,8,VILLAGER
1,divine,6,2,WEREWOLF
1,whisper,0,0,2,ATTACK Agent[06]
1,whisper,1,0,13,BECAUSE (AND (NOT (COMINGOUT Agent[10] WEREWOLF)) (NOT (COMINGOUT Agent[08] WEREWOLF)) (DAY 1 (Agent[10] DIVINED Agent[08] WEREWOLF))) (ESTIMATE Agent[10] POSSESSED)
1,whisper,2,0,15,ATTACK Agent[06]
1,whisper,3,1,15,Skip
1,whisper,4,1,2,Skip
1,whisper,5,1,13,BECAUSE (Agent[06] COMINGOUT Agent[06] SEER) (ATTACK Agent[06])
1,whisper,6,2,2,Skip
1,whisper,7,2,15,Skip
1,whisper,8,2,13,ATTACK Agent[06]
1,whisper,9,3,2,Over
1,whisper,10,3,13,Skip
1,whisper,11,3,15,Over
1,whisper,12,4,2,Over
1,whisper,13,4,15,Over
1,whisper,14,4,13,Skip
1,whisper,15,5,15,Over
1,whisper,16,5,2,Over
1,whisper,17,5,13,Over
1,guard,4,6,SEER
1,attackVote,2,6
1,attackVote,13,6
1,attackVote,15,6
1,attack,6,false
2,status,1,VILLAGER,ALIVE,SampleJava6
2,status,2,WEREWOLF,ALIVE,OKAMI
2,status,3,VILLAGER,ALIVE,HALU
2,status,4,BODYGUARD,ALIVE,sample_py
2,status,5,VILLAGER,ALIVE,sample_py
2,status,6,SEER,ALIVE,Takeda7
2,status,7,VILLAGER,ALIVE,sample_py
2,status,8,VILLAGER,DEAD,OKAMI
2,status,9,MEDIUM,ALIVE,sample_py
2,status,10,POSSESSED,ALIVE,OKAMI
2,status,11,VILLAGER,ALIVE,Takeda11
2,status,12,VILLAGER,ALIVE,SampleJava0
2,status,13,WEREWOLF,ALIVE,SampleJava1
2,status,14,VILLAGER,ALIVE,HALU
2,status,15,WEREWOLF,ALIVE,HALU
2,talk,0,0,12,VOTE Agent[01]
2,talk,1,0,2,VOTE Agent[01]
2,talk,2,0,1,VOTE Agent[15]
2,talk,3,0,10,DIVINED Agent[09] WEREWOLF
2,talk,4,0,4,VOTE Agent[09]
2,talk,5,0,6,DIVINED Agent[02] WEREWOLF
2,talk,6,0,5,VOTE Agent[09]
2,talk,7,0,9,VOTE Agent[02]
2,talk,8,0,11,VOTE Agent[02]
2,talk,9,0,7,VOTE Agent[02]
2,talk,10,0,13,VOTE Agent[11]
2,talk,11,0,3,VOTE Agent[12]
2,talk,12,0,14,VOTE Agent[12]
2,talk,13,0,15,VOTE Agent[09]
2,talk,14,1,15,VOTE Agent[09]
2,talk,15,1,6,VOTE Agent[02]
2,talk,16,1,3,VOTE Agent[12]
2,talk,17,1,4,Skip
2,talk,18,1,11,Skip
2,talk,19,1,2,VOTE Agent[09]
2,talk,20,1,13,REQUEST ANY (VOTE Agent[11])
2,talk,21,1,12,REQUEST ANY (VOTE Agent[01])
2,talk,22,1,14,VOTE Agent[12]
2,talk,23,1,1,REQUEST ANY (VOTE Agent[15])
2,talk,24,1,10,VOTE Agent[09]
2,talk,25,1,5,Skip
2,talk,26,1,9,Skip
2,talk,27,1,7,Skip
2,talk,28,2,7,Skip
2,talk,29,2,9,Skip
2,talk,30,2,15,VOTE Agent[09]
2,talk,31,2,11,Skip
2,talk,32,2,2,VOTE Agent[09]
2,talk,33,2,5,Skip
2,talk,34,2,12,Skip
2,talk,35,2,4,Skip
2,talk,36,2,6,VOTE Agent[02]
2,talk,37,2,3,VOTE Agent[12]
2,talk,38,2,14,VOTE Agent[12]
2,talk,39,2,1,Skip
2,talk,40,2,13,Skip
2,talk,41,2,10,VOTE Agent[09]
2,talk,42,3,5,Over
2,talk,43,3,6,VOTE Agent[02]
2,talk,44,3,7,Over
2,talk,45,3,13,Skip
2,talk,46,3,9,Over
2,talk,47,3,10,VOTE Agent[09]
2,talk,48,3,12,Skip
2,talk,49,3,2,VOTE Agent[09]
2,talk,50,3,11,Over
2,talk,51,3,14,VOTE Agent[12]
2,talk,52,3,1,Skip
2,talk,53,3,15,VOTE Agent[09]
2,talk,54,3,4,Over
2,talk,55,3,3,VOTE Agent[12]
2,talk,56,4,12,Over
2,talk,57,4,7,Over
2,talk,58,4,4,Over
2,talk,59,4,3,VOTE Agent[12]
2,talk,60,4,6,VOTE Agent[02]
2,talk,61,4,11,Over
2,talk,62,4,15,VOTE Agent[09]
2,talk,63,4,9,Over
2,talk,64,4,5,Over
2,talk,65,4,2,VOTE Agent[09]
2,talk,66,4,1,Over
2,talk,67,4,13,Over
2,talk,68,4,10,VOTE Agent[09]
2,talk,69,4,14,VOTE Agent[10]
2,talk,70,5,10,VOTE Agent[09]
2,talk,71,5,5,Over
2,talk,72,5,6,VOTE Agent[02]
2,talk,73,5,14,VOTE Agent[10]
2,talk,74,5,15,VOTE Agent[09]
2,talk,75,5,2,VOTE Agent[09]
2,talk,76,5,4,Over
2,talk,77,5,9,Over
2,talk,78,5,7,Over
2,talk,79,5,3,VOTE Agent[12]
2,talk,80,5,1,Over
2,talk,81,5,11,Over
2,talk,82,5,13,Over
2,talk,83,5,12,Over
2,talk,84,6,6,VOTE Agent[02]
2,talk,85,6,3,VOTE Agent[12]
2,talk,86,6,4,Over
2,talk,87,6,7,Over
2,talk,88,6,2,VOTE Agent[09]
2,talk,89,6,5,Over
2,talk,90,6,9,Over
2,talk,91,6,15,VOTE Agent[09]
2,talk,92,6,11,Over
2,talk,93,6,10,VOTE Agent[09]
2,talk,94,6,13,Over
2,talk,95,6,12,Over
2,talk,96,6,14,VOTE Agent[10]
2,talk,97,6,1,Over
2,talk,98,7,9,Over
2,talk,99,7,12,Over
2,talk,100,7,3,VOTE Agent[12]
2,talk,101,7,10,VOTE Agent[09]
2,talk,102,7,4,Over
2,talk,103,7,14,VOTE Agent[12]
2,talk,104,7,11,Over
2,talk,105,7,6,VOTE Agent[02]
2,talk,106,7,15,VOTE Agent[09]
2,talk,107,7,5,Over
2,talk,108,7,13,Over
2,talk,109,7,7,Over
2,talk,110,7,2,VOTE Agent[09]
2,talk,111,7,1,Over
2,talk,112,8,11,Over
2,talk,113,8,1,Over
2,talk,114,8,9,Over
2,talk,115,8,13,Over
2,talk,116,8,2,VOTE Agent[09]
2,talk,117,8,3,VOTE Agent[12]
2,talk,118,8,15,VOTE Agent[09]
2,talk,119,8,6,VOTE Agent[02]
2,talk,120,8,5,Over
2,talk,121,8,4,Over
2,talk,122,8,12,Over
2,talk,123,8,14,VOTE Agent[12]
2,talk,124,8,10,VOTE Agent[09]
2,talk,125,8,7,Over
2,talk,126,9,11,Over
2,talk,127,9,9,Over
2,talk,128,9,15,Over
2,talk,129,9,12,Over
2,talk,130,9,4,Over
2,talk,131,9,1,Over
2,talk,132,9,6,VOTE Agent[02]
2,talk,133,9,2,Over
2,talk,134,9,13,Over
2,talk,135,9,10,Over
2,talk,136,9,3,Over
2,talk,137,9,5,Over
2,talk,138,9,7,Over
2,talk,139,9,14,Over
2,talk,140,10,13,Over
2,talk,141,10,7,Over
2,talk,142,10,5,Over
2,talk,143,10,11,Over
2,talk,144,10,4,Over
2,talk,145,10,15,Over
2,talk,146,10,9,Over
2,talk,147,10,1,Over
2,talk,148,10,3,Over
2,talk,149,10,12,Over
2,talk,150,10,14,Over
2,talk,151,10,6,Over
2,talk,152,10,2,Over
2,talk,153,10,10,Over
2,vote,1,11
2,vote,2,9
2,vote,3,12
2,vote,4,9
2,vote,5,9
2,vote,6,2
2,vote,7,2
2,vote,9,2
2,vote,10,9
2,vote,11,2
2,vote,12,15
2,vote,13,11
2,vote,14,10
2,vote,15,9
2,execute,9,MEDIUM
2,divine,6,3,HUMAN
2,whisper,0,0,13,BECAUSE (Agent[06] COMINGOUT Agent[06] SEER) (ATTACK Agent[06])
2,whisper,1,0,2,ATTACK Agent[03]
2,whisper,2,0,15,ATTACK Agent[06]
2,whisper,3,1,15,Skip
2,whisper,4,1,2,Skip
2,whisper,5,1,13,ATTACK Agent[06]
2,whisper,6,2,13,Skip
2,whisper,7,2,15,Skip
2,whisper,8,2,2,Skip
2,whisper,9,3,2,Over
2,whisper,10,3,13,Skip
2,whisper,11,3,15,Over
2,whisper,12,4,15,Over
2,whisper,13,4,2,Over
2,whisper,14,4,13,Over
2,guard,4,6,SEER
2,attackVote,2,3
2,attackVote,13,6
2,attackVote,15,6
2,attack,6,false
3,status,1,VILLAGER,ALIVE,SampleJava6
3,status,2,WEREWOLF,ALIVE,OKAMI
3,status,3,VILLAGER,ALIVE,HALU
3,status,4,BODYGUARD,ALIVE,sample_py
3,status,5,VILLAGER,ALIVE,sample_py
3,status,6,SEER,ALIVE,Takeda7
3,status,7,VILLAGER,ALIVE,sample_py
3,status,8,VILLAGER,DEAD,OKAMI
3,status,9,MEDIUM,DEAD,sample_py
3,status,10,POSSESSED,ALIVE,OKAMI
3,status,11,VILLAGER,ALIVE,Takeda11
3,status,12,VILLAGER,ALIVE,SampleJava0
3,status,13,WEREWOLF,ALIVE,SampleJava1
3,status,14,VILLAGER,ALIVE,HALU
3,status,15,WEREWOLF,ALIVE,HALU
3,talk,0,0,2,VOTE Agent[07]
3,talk,1,0,11,VOTE Agent[02]
3,talk,2,0,10,DIVINED Agent[03] WEREWOLF
3,talk,3,0,1,VOTE Agent[06]
3,talk,4,0,15,VOTE Agent[03]
3,talk,5,0,6,DIVINED Agent[03] HUMAN
3,talk,6,0,14,VOTE Agent[10]
3,talk,7,0,4,VOTE Agent[02]
3,talk,8,0,3,VOTE Agent[12]
3,talk,9,0,5,VOTE Agent[02]
3,talk,10,0,7,VOTE Agent[02]
3,talk,11,0,13,VOTE Agent[11]
3,talk,12,0,12,VOTE Agent[13]
3,talk,13,1,13,REQUEST ANY (VOTE Agent[11])
3,talk,14,1,7,Skip
3,talk,15,1,1,REQUEST ANY (VOTE Agent[06])
3,talk,16,1,6,VOTE Agent[02]
3,talk,17,1,10,VOTE Agent[03]
3,talk,18,1,3,VOTE Agent[12]
3,talk,19,1,12,REQUEST ANY (VOTE Agent[13])
3,talk,20,1,2,VOTE Agent[03]
3,talk,21,1,5,Skip
3,talk,22,1,14,VOTE Agent[12]
3,talk,23,1,4,Skip
3,talk,24,1,11,Skip
3,talk,25,1,15,VOTE Agent[03]
3,talk,26,2,12,Skip
3,talk,27,2,7,Skip
3,talk,28,2,15,VOTE Agent[03]
3,talk,29,2,1,Skip
3,talk,30,2,2,VOTE Agent[03]
3,talk,31,2,11,Skip
3,talk,32,2,6,VOTE Agent[02]
3,talk,33,2,3,VOTE Agent[12]
3,talk,34,2,10,VOTE Agent[03]
3,talk,35,2,5,Skip
3,talk,36,2,13,Skip
3,talk,37,2,14,VOTE Agent[12]
3,talk,38,2,4,Skip
3,talk,39,3,10,VOTE Agent[03]
3,talk,40,3,15,VOTE Agent[03]
3,talk,41,3,5,Over
3,talk,42,3,12,Skip
3,talk,43,3,7,Over
3,talk,44,3,11,Over
3,talk,45,3,4,Over
3,talk,46,3,13,Skip
3,talk,47,3,3,VOTE Agent[12]
3,talk,48,3,2,VOTE Agent[03]
3,talk,49,3,6,VOTE Agent[02]
3,talk,50,3,1,Skip
3,talk,51,3,14,VOTE Agent[12]
3,talk,52,4,13,Over
3,talk,53,4,7,Over
3,talk,54,4,2,VOTE Agent[03]
3,talk,55,4,11,Over
3,talk,56,4,10,VOTE Agent[03]
3,talk,57,4,12,Over
3,talk,58,4,3,VOTE Agent[12]
3,talk,59,4,4,Over
3,talk,60,4,15,VOTE Agent[03]
3,talk,61,4,1,Over
3,talk,62,4,6,VOTE Agent[02]
3,talk,63,4,5,Over
3,talk,64,4,14,VOTE Agent[12]
3,talk,65,5,14,VOTE Agent[12]
3,talk,66,5,3,VOTE Agent[12]
3,talk,67,5,7,Over
3,talk,68,5,13,Over
3,talk,69,5,6,VOTE Agent[02]
3,talk,70,5,10,VOTE Agent[03]
3,talk,71,5,1,Over
3,talk,72,5,5,Over
3,talk,73,5,15,VOTE Agent[03]
3,talk,74,5,12,Over
3,talk,75,5,4,Over
3,talk,76,5,11,Over
3,talk,77,5,2,VOTE Agent[03]
3,talk,78,6,4,Over
3,talk,79,6,7,Over
3,talk,80,6,11,Over
3,talk,81,6,3,VOTE Agent[12]
3,talk,82,6,1,Over
3,talk,83,6,6,VOTE Agent[02]
3,talk,84,6,5,Over
3,talk,85,6,14,VOTE Agent[12]
3,talk,86,6,12,Over
3,talk,87,6,10,VOTE Agent[03]
3,talk,88,6,13,Over
3,talk,89,6,15,VOTE Agent[03]
3,talk,90,6,2,VOTE Agent[03]
3,talk,91,7,6,VOTE Agent[02]
3,talk,92,7,14,VOTE Agent[12]
3,talk,93,7,12,Over
3,talk,94,7,15,VOTE Agent[03]
3,talk,95,7,11,Over
3,talk,96,7,10,VOTE Agent[03]
3,talk,97,7,7,Over
3,talk,98,7,4,Over
3,talk,99,7,1,Over
3,talk,100,7,3,VOTE Agent[12]
3,talk,101,7,13,Over
3,talk,102,7,2,VOTE Agent[03]
3,talk,103,7,5,Over
3,talk,104,8,12,Over
3,talk,105,8,5,Over
3,talk,106,8,10,VOTE Agent[03]
3,talk,107,8,13,Over
3,talk,108,8,1,Over
3,talk,109,8,15,VOTE Agent[03]
3,talk,110,8,4,Over
3,talk,111,8,11,Over
3,talk,112,8,3,VOTE Agent[12]
3,talk,113,8,7,Over
3,talk,114,8,14,VOTE Agent[12]
3,talk,115,8,2,VOTE Agent[03]
3,talk,116,8,6,VOTE Agent[02]
3,talk,117,9,11,Over
3,talk,118,9,6,VOTE Agent[02]
3,talk,119,9,14,Over
3,talk,120,9,7,Over
3,talk,121,9,5,Over
3,talk,122,9,13,Over
3,talk,123,9,10,Over
3,talk,124,9,15,Over
3,talk,125,9,1,Over
3,talk,126,9,12,Over
3,talk,127,9,4,Over
3,talk,128,9,2,Over
3,talk,129,9,3,Over
3,talk,130,10,6,Over
3,talk,131,10,13,Over
3,talk,132,10,3,Over
3,talk,133,10,14,Over
3,talk,134,10,11,Over
3,talk,135,10,5,Over
3,talk,136,10,4,Over
3,talk,137,10,7,Over
3,talk,138,10,2,Over
3,talk,139,10,12,Over
3,talk,140,10,15,Over
3,talk,141,10,1,Over
3,talk,142,10,10,Over
3,vote,1,13
3,vote,2,3
3,vote,3,12
3,vote,4,2
3,vote,5,2
3,vote,6,2
3,vote,7,2
3,vote,10,3
3,vote,11,2
3,vote,12,11
3,vote,13,11
3,vote,14,12
3,vote,15,3
3,execute,2,WEREWOLF
3,divine,6,14,HUMAN
3,whisper,0,0,13,BECAUSE (Agent[06] COMINGOUT Agent[06] SEER) (ATTACK Agent[06])
3,whisper,1,0,15,ATTACK Agent[06]
3,whisper,2,1,13,ATTACK Agent[06]
3,whisper,3,1,15,Skip
3,whisper,4,2,15,Skip
3,whisper,5,2,13,Skip
3,whisper,6,3,13,Skip
3,whisper,7,3,15,Over
3,whisper,8,4,13,Over
3,whisper,9,4,15,Over
3,guard,4,6,SEER
3,attackVote,13,6
3,attackVote,15,6
3,attack,6,false
4,status,1,VILLAGER,ALIVE,SampleJava6
4,status,2,WEREWOLF,DEAD,OKAMI
4,status,3,VILLAGER,ALIVE,HALU
4,status,4,BODYGUARD,ALIVE,sample_py
4,status,5,VILLAGER,ALIVE,sample_py
4,status,6,SEER,ALIVE,Takeda7
4,status,7,VILLAGER,ALIVE,sample_py
4,status,8,VILLAGER,DEAD,OKAMI
4,status,9,MEDIUM,DEAD,sample_py
4,status,10,POSSESSED,ALIVE,OKAMI
4,status,11,VILLAGER,ALIVE,Takeda11
4,status,12,VILLAGER,ALIVE,SampleJava0
4,status,13,WEREWOLF,ALIVE,SampleJava1
4,status,14,VILLAGER,ALIVE,HALU
4,status,15,WEREWOLF,ALIVE,HALU
4,talk,0,0,1,VOTE Agent[03]
4,talk,1,0,3,VOTE Agent[12]
4,talk,2,0,7,VOTE Agent[03]
4,talk,3,0,10,DIVINED Agent[13] HUMAN
4,talk,4,0,4,VOTE Agent[03]
4,talk,5,0,5,VOTE Agent[03]
4,talk,6,0,6,DIVINED Agent[14] HUMAN
4,talk,7,0,12,VOTE Agent[01]
4,talk,8,0,14,VOTE Agent[12]
4,talk,9,0,15,VOTE Agent[03]
4,talk,10,0,11,VOTE Agent[14]
4,talk,11,0,13,VOTE Agent[11]
4,talk,12,1,13,REQUEST ANY (VOTE Agent[11])
4,talk,13,1,1,REQUEST ANY (VOTE Agent[03])
4,talk,14,1,10,VOTE Agent[03]
4,talk,15,1,15,VOTE Agent[03]
4,talk,16,1,6,VOTE Agent[11]
4,talk,17,1,11,VOTE Agent[15]
4,talk,18,1,3,VOTE Agent[12]
4,talk,19,1,4,Skip
4,talk,20,1,14,VOTE Agent[12]
4,talk,21,1,12,REQUEST ANY (VOTE Agent[01])
4,talk,22,1,5,Skip
4,talk,23,1,7,Skip
4,talk,24,2,15,VOTE Agent[03]
4,talk,25,2,4,Skip
4,talk,26,2,11,Skip
4,talk,27,2,12,Skip
4,talk,28,2,1,Skip
4,talk,29,2,7,Skip
4,talk,30,2,14,VOTE Agent[12]
4,talk,31,2,6,VOTE Agent[11]
4,talk,32,2,10,VOTE Agent[03]
4,talk,33,2,13,Skip
4,talk,34,2,5,Skip
4,talk,35,2,3,VOTE Agent[12]
4,talk,36,3,11,Skip
4,talk,37,3,5,Over
4,talk,38,3,14,VOTE Agent[12]
4,talk,39,3,10,VOTE Agent[03]
4,talk,40,3,15,VOTE Agent[03]
4,talk,41,3,6,VOTE Agent[11]
4,talk,42,3,12,Skip
4,talk,43,3,7,Over
4,talk,44,3,13,Skip
4,talk,45,3,4,Over
4,talk,46,3,3,VOTE Agent[12]
4,talk,47,3,1,Skip
4,talk,48,4,1,Over
4,talk,49,4,7,Over
4,talk,50,4,11,Over
4,talk,51,4,15,VOTE Agent[03]
4,talk,52,4,6,VOTE Agent[11]
4,talk,53,4,13,Over
4,talk,54,4,4,Over
4,talk,55,4,12,Over
4,talk,56,4,14,VOTE Agent[12]
4,talk,57,4,3,VOTE Agent[12]
4,talk,58,4,10,VOTE Agent[03]
4,talk,59,4,5,Over
4,talk,60,5,1,Over
4,talk,61,5,11,Over
4,talk,62,5,7,Over
4,talk,63,5,15,VOTE Agent[03]
4,talk,64,5,14,VOTE Agent[12]
4,talk,65,5,4,Over
4,talk,66,5,10,VOTE Agent[03]
4,talk,67,5,3,VOTE Agent[12]
4,talk,68,5,5,Over
4,talk,69,5,13,Over
4,talk,70,5,12,Over
4,talk,71,5,6,VOTE Agent[11]
4,talk,72,6,10,VOTE Agent[03]
4,talk,73,6,1,Over
4,talk,74,6,5,Over
4,talk,75,6,14,VOTE Agent[10]
4,talk,76,6,6,VOTE Agent[11]
4,talk,77,6,3,VOTE Agent[12]
4,talk,78,6,4,Over
4,talk,79,6,15,VOTE Agent[03]
4,talk,80,6,12,Over
4,talk,81,6,13,Over
4,talk,82,6,7,Over
4,talk,83,6,11,Over
4,talk,84,7,13,Over
4,talk,85,7,6,VOTE Agent[11]
4,talk,86,7,3,VOTE Agent[12]
4,talk,87,7,14,VOTE Agent[12]
4,talk,88,7,4,Over
4,talk,89,7,11,Over
4,talk,90,7,7,Over
4,talk,91,7,5,Over
4,talk,92,7,12,Over
4,talk,93,7,15,VOTE Agent[03]
4,talk,94,7,10,VOTE Agent[03]
4,talk,95,7,1,Over
4,talk,96,8,4,Over
4,talk,97,8,12,Over
4,talk,98,8,14,VOTE Agent[10]
4,talk,99,8,13,Over
4,talk,100,8,6,VOTE Agent[11]
4,talk,101,8,1,Over
4,talk,102,8,15,VOTE Agent[03]
4,talk,103,8,11,Over
4,talk,104,8,3,VOTE Agent[12]
4,talk,105,8,7,Over
4,talk,106,8,5,Over
4,talk,107,8,10,VOTE Agent[03]
4,talk,108,9,4,Over
4,talk,109,9,13,Over
4,talk,110,9,5,Over
4,talk,111,9,12,Over
4,talk,112,9,10,Over
4,talk,113,9,11,Over
4,talk,114,9,1,Over
4,talk,115,9,7,Over
4,talk,116,9,14,Over
4,talk,117,9,6,VOTE Agent[11]
4,talk,118,9,3,Over
4,talk,119,9,15,Over
4,talk,120,10,13,Over
4,talk,121,10,11,Over
4,talk,122,10,1,Over
4,talk,123,10,5,Over
4,talk,124,10,3,Over
4,talk,125,10,4,Over
4,talk,126,10,12,Over
4,talk,127,10,15,Over
4,talk,128,10,14,Over
4,talk,129,10,7,Over
4,talk,130,10,6,Over
4,talk,131,10,10,Over
4,vote,1,11
4,vote,3,12
4,vote,4,3
4,vote,5,3
4,vote,6,11
4,vote,7,3
4,vote,10,3
4,vote,11,15
4,vote,12,11
4,vote,13,11
4,vote,14,10
4,vote,15,3
4,execute,3,VILLAGER
4,divine,6,11,HUMAN
4,whisper,0,0,13,BECAUSE (Agent[06] COMINGOUT Agent[06] SEER) (ATTACK Agent[06])
4,whisper,1,0,15,ATTACK Agent[06]
4,whisper,2,1,15,Skip
4,whisper,3,1,13,ATTACK Agent[06]
4,whisper,4,2,13,Skip
4,whisper,5,2,15,Skip
4,whisper,6,3,15,Over
4,whisper,7,3,13,Skip
4,whisper,8,4,15,Over
4,whisper,9,4,13,Over
4,guard,4,6,SEER
4,attackVote,13,6
4,attackVote,15,6
4,attack,6,false
5,status,1,VILLAGER,ALIVE,SampleJava6
5,status,2,WEREWOLF,DEAD,OKAMI
5,status,3,VILLAGER,DEAD,HALU
5,status,4,BODYGUARD,ALIVE,sample_py
5,status,5,VILLAGER,ALIVE,sample_py
5,status,6,SEER,ALIVE,Takeda7
5,status,7,VILLAGER,ALIVE,sample_py
5,status,8,VILLAGER,DEAD,OKAMI
5,status,9,MEDIUM,DEAD,sample_py
5,status,10,POSSESSED,ALIVE,OKAMI
5,status,11,VILLAGER,ALIVE,Takeda11
5,status,12,VILLAGER,ALIVE,SampleJava0
5,status,13,WEREWOLF,ALIVE,SampleJava1
5,status,14,VILLAGER,ALIVE,HALU
5,status,15,WEREWOLF,ALIVE,HALU
5,talk,0,0,13,VOTE Agent[11]
5,talk,1,0,7,VOTE Agent[14]
5,talk,2,0,14,VOTE Agent[10]
5,talk,3,0,1,VOTE Agent[05]
5,talk,4,0,5,VOTE Agent[15]
5,talk,5,0,6,DIVINED Agent[11] HUMAN
5,talk,6,0,4,VOTE Agent[05]
5,talk,7,0,11,VOTE Agent[15]
5,talk,8,0,15,VOTE Agent[07]
5,talk,9,0,10,DIVINED Agent[14] WEREWOLF
5,talk,10,0,12,VOTE Agent[14]
5,talk,11,1,7,Skip
5,talk,12,1,13,REQUEST ANY (VOTE Agent[11])
5,talk,13,1,11,Skip
5,talk,14,1,12,REQUEST ANY (VOTE Agent[14])
5,talk,15,1,14,VOTE Agent[10]
5,talk,16,1,10,VOTE Agent[14]
5,talk,17,1,15,VOTE Agent[14]
5,talk,18,1,6,VOTE Agent[15]
5,talk,19,1,1,REQUEST ANY (VOTE Agent[05])
5,talk,20,1,4,VOTE Agent[14]
5,talk,21,1,5,VOTE Agent[14]
5,talk,22,2,13,Skip
5,talk,23,2,11,Skip
5,talk,24,2,12,Skip
5,talk,25,2,7,Skip
5,talk,26,2,1,Skip
5,talk,27,2,6,VOTE Agent[15]
5,talk,28,2,15,VOTE Agent[14]
5,talk,29,2,5,Skip
5,talk,30,2,4,Skip
5,talk,31,2,14,VOTE Agent[12]
5,talk,32,2,10,VOTE Agent[14]
5,talk,33,3,13,Skip
5,talk,34,3,11,Over
5,talk,35,3,5,Skip
5,talk,36,3,14,VOTE Agent[12]
5,talk,37,3,15,VOTE Agent[14]
5,talk,38,3,4,Skip
5,talk,39,3,6,VOTE Agent[15]
5,talk,40,3,10,VOTE Agent[14]
5,talk,41,3,7,Over
5,talk,42,3,1,Skip
5,talk,43,3,12,Skip
5,talk,44,4,11,Over
5,talk,45,4,1,Over
5,talk,46,4,6,VOTE Agent[15]
5,talk,47,4,14,VOTE Agent[12]
5,talk,48,4,4,Over
5,talk,49,4,15,VOTE Agent[14]
5,talk,50,4,10,VOTE Agent[14]
5,talk,51,4,7,Over
5,talk,52,4,12,Over
5,talk,53,4,13,Over
5,talk,54,4,5,Over
5,talk,55,5,12,Over
5,talk,56,5,7,Over
5,talk,57,5,5,Over
5,talk,58,5,14,VOTE Agent[10]
5,talk,59,5,15,VOTE Agent[14]
5,talk,60,5,1,Over
5,talk,61,5,4,Over
5,talk,62,5,11,Over
5,talk,63,5,10,VOTE Agent[14]
5,talk,64,5,13,Over
5,talk,65,5,6,VOTE Agent[15]
5,talk,66,6,14,VOTE Agent[10]
5,talk,67,6,6,VOTE Agent[15]
5,talk,68,6,1,Over
5,talk,69,6,10,VOTE Agent[14]
5,talk,70,6,11,Over
5,talk,71,6,4,Over
5,talk,72,6,12,Over
5,talk,73,6,5,Over
5,talk,74,6,15,VOTE Agent[14]
5,talk,75,6,7,Over
5,talk,76,6,13,Over
5,talk,77,7,4,Over
5,talk,78,7,5,Over
5,talk,79,7,6,VOTE Agent[15]
5,talk,80,7,7,Over
5,talk,81,7,10,VOTE Agent[14]
5,talk,82,7,14,VOTE Agent[10]
5,talk,83,7,12,Over
5,talk,84,7,13,Over
5,talk,85,7,1,Over
5,talk,86,7,11,Over
5,talk,87,7,15,VOTE Agent[14]
5,talk,88,8,7,Over
5,talk,89,8,13,Over
5,talk,90,8,4,Over
5,talk,91,8,5,Over
5,talk,92,8,15,VOTE Agent[14]
5,talk,93,8,6,VOTE Agent[15]
5,talk,94,8,11,Over
5,talk,95,8,10,VOTE Agent[14]
5,talk,96,8,12,Over
5,talk,97,8,14,VOTE Agent[12]
5,talk,98,8,1,Over
5,talk,99,9,13,Over
5,talk,100,9,15,Over
5,talk,101,9,1,Over
5,talk,102,9,11,Over
5,talk,103,9,12,Over
5,talk,104,9,10,Over
5,talk,105,9,4,Over
5,talk,106,9,5,Over
5,talk,107,9,14,Over
5,talk,108,9,7,Over
5,talk,109,9,6,VOTE Agent[15]
5,talk,110,10,11,Over
5,talk,111,10,14,Over
5,talk,112,10,5,Over
5,talk,113,10,7,Over
5,talk,114,10,10,Over
5,talk,115,10,4,Over
5,talk,116,10,1,Over
5,talk,117,10,12,Over
5,talk,118,10,15,Over
5,talk,119,10,13,Over
5,talk,120,10,6,Over
5,vote,1,11
5,vote,4,14
5,vote,5,14
5,vote,6,15
5,vote,7,14
5,vote,10,14
5,vote,11,14
5,vote,12,5
5,vote,13,11
5,vote,14,10
5,vote,15,14
5,execute,14,VILLAGER
5,divine,6,15,WEREWOLF
5,whisper,0,0,15,ATTACK Agent[06]
5,whisper,1,0,13,BECAUSE (Agent[06] COMINGOUT Agent[06] SEER) (ATTACK Agent[06])
5,whisper,2,1,15,Skip
5,whisper,3,1,13,ATTACK Agent[06]
5,whisper,4,2,15,Skip
5,whisper,5,2,13,Skip
5,whisper,6,3,15,Over
5,whisper,7,3,13,Skip
5,whisper,8,4,15,Over
5,whisper,9,4,13,Over
5,guard,4,6,SEER
5,attackVote,13,6
5,attackVote,15,6
5,attack,6,false
6,status,1,VILLAGER,ALIVE,SampleJava6
6,status,2,WEREWOLF,DEAD,OKAMI
6,status,3,VILLAGER,DEAD,HALU
6,status,4,BODYGUARD,ALIVE,sample_py
6,status,5,VILLAGER,ALIVE,sample_py
6,status,6,SEER,ALIVE,Takeda7
6,status,7,VILLAGER,ALIVE,sample_py
6,status,8,VILLAGER,DEAD,OKAMI
6,status,9,MEDIUM,DEAD,sample_py
6,status,10,POSSESSED,ALIVE,OKAMI
6,status,11,VILLAGER,ALIVE,Takeda11
6,status,12,VILLAGER,ALIVE,SampleJava0
6,status,13,WEREWOLF,ALIVE,SampleJava1
6,status,14,VILLAGER,DEAD,HALU
6,status,15,WEREWOLF,ALIVE,HALU
6,talk,0,0,11,VOTE Agent[15]
6,talk,1,0,12,VOTE Agent[10]
6,talk,2,0,1,VOTE Agent[10]
6,talk,3,0,7,VOTE Agent[12]
6,talk,4,0,5,VOTE Agent[04]
6,talk,5,0,6,DIVINED Agent[15] WEREWOLF
6,talk,6,0,4,VOTE Agent[15]
6,talk,7,0,10,DIVINED Agent[11] WEREWOLF
6,talk,8,0,15,VOTE Agent[11]
6,talk,9,0,13,VOTE Agent[11]
6,talk,10,1,11,Skip
6,talk,11,1,1,REQUEST ANY (VOTE Agent[10])
6,talk,12,1,10,VOTE Agent[11]
6,talk,13,1,12,REQUEST ANY (VOTE Agent[10])
6,talk,14,1,15,VOTE Agent[11]
6,talk,15,1,6,VOTE Agent[15]
6,talk,16,1,13,REQUEST ANY (VOTE Agent[11])
6,talk,17,1,4,Skip
6,talk,18,1,5,VOTE Agent[11]
6,talk,19,1,7,VOTE Agent[15]
6,talk,20,2,15,VOTE Agent[11]
6,talk,21,2,12,Skip
6,talk,22,2,10,VOTE Agent[11]
6,talk,23,2,7,Skip
6,talk,24,2,4,Skip
6,talk,25,2,13,Skip
6,talk,26,2,11,Skip
6,talk,27,2,6,VOTE Agent[15]
6,talk,28,2,1,Skip
6,talk,29,2,5,Skip
6,talk,30,3,6,VOTE Agent[15]
6,talk,31,3,10,VOTE Agent[11]
6,talk,32,3,15,VOTE Agent[11]
6,talk,33,3,5,Skip
6,talk,34,3,12,Skip
6,talk,35,3,13,Skip
6,talk,36,3,7,Skip
6,talk,37,3,4,Over
6,talk,38,3,11,Over
6,talk,39,3,1,Skip
6,talk,40,4,10,VOTE Agent[11]
6,talk,41,4,11,Over
6,talk,42,4,1,Over
6,talk,43,4,15,VOTE Agent[11]
6,talk,44,4,4,Over
6,talk,45,4,12,Over
6,talk,46,4,6,VOTE Agent[15]
6,talk,47,4,13,Over
6,talk,48,4,7,Over
6,talk,49,4,5,Over
6,talk,50,5,13,Over
6,talk,51,5,11,Over
6,talk,52,5,7,Over
6,talk,53,5,10,VOTE Agent[11]
6,talk,54,5,4,Over
6,talk,55,5,5,Over
6,talk,56,5,6,VOTE Agent[15]
6,talk,57,5,15,VOTE Agent[11]
6,talk,58,5,1,Over
6,talk,59,5,12,Over
6,talk,60,6,4,Over
6,talk,61,6,5,Over
6,talk,62,6,13,Over
6,talk,63,6,10,VOTE Agent[11]
6,talk,64,6,6,VOTE Agent[15]
6,talk,65,6,15,VOTE Agent[11]
6,talk,66,6,1,Over
6,talk,67,6,11,Over
6,talk,68,6,7,Over
6,talk,69,6,12,Over
6,talk,70,7,1,Over
6,talk,71,7,12,Over
6,talk,72,7,7,Over
6,talk,73,7,15,VOTE Agent[11]
6,talk,74,7,4,Over
6,talk,75,7,10,VOTE Agent[11]
6,talk,76,7,11,Over
6,talk,77,7,5,Over
6,talk,78,7,13,Over
6,talk,79,7,6,VOTE Agent[15]
6,talk,80,8,10,VOTE Agent[11]
6,talk,81,8,12,Over
6,talk,82,8,1,Over
6,talk,83,8,6,VOTE Agent[15]
6,talk,84,8,7,Over
6,talk,85,8,15,VOTE Agent[11]
6,talk,86,8,4,Over
6,talk,87,8,5,Over
6,talk,88,8,13,Over
6,talk,89,8,11,Over
6,talk,90,9,15,Over
6,talk,91,9,10,Over
6,talk,92,9,5,Over
6,talk,93,9,1,Over
6,talk,94,9,13,Over
6,talk,95,9,4,Over
6,talk,96,9,12,Over
6,talk,97,9,6,VOTE Agent[15]
6,talk,98,9,11,Over
6,talk,99,9,7,Over
6,talk,100,10,1,Over
6,talk,101,10,10,Over
6,talk,102,10,7,Over
6,talk,103,10,6,Over
6,talk,104,10,11,Over
6,talk,105,10,15,Over
6,talk,106,10,13,Over
6,talk,107,10,5,Over
6,talk,108,10,4,Over
6,talk,109,10,12,Over
6,vote,1,10
6,vote,4,15
6,vote,5,11
6,vote,6,15
6,vote,7,15
6,vote,10,11
6,vote,11,15
6,vote,12,11
6,vote,13,11
6,vote,15,11
6,execute,11,VILLAGER
6,divine,6,12,HUMAN
6,whisper,0,0,15,ATTACK Agent[06]
6,whisper,1,0,13,BECAUSE (Agent[06] COMINGOUT Agent[06] SEER) (ATTACK Agent[06])
6,whisper,2,1,15,Skip
6,whisper,3,1,13,ATTACK Agent[06]
6,whisper,4,2,15,Skip
6,whisper,5,2,13,Skip
6,whisper,6,3,13,Skip
6,whisper,7,3,15,Over
6,whisper,8,4,13,Over
6,whisper,9,4,15,Over
6,guard,4,6,SEER
6,attackVote,13,6
6,attackVote,15,6
6,attack,6,false
7,status,1,VILLAGER,ALIVE,SampleJava6
7,status,2,WEREWOLF,DEAD,OKAMI
7,status,3,VILLAGER,DEAD,HALU
7,status,4,BODYGUARD,ALIVE,sample_py
7,status,5,VILLAGER,ALIVE,sample_py
7,status,6,SEER,ALIVE,Takeda7
7,status,7,VILLAGER,ALIVE,sample_py
7,status,8,VILLAGER,DEAD,OKAMI
7,status,9,MEDIUM,DEAD,sample_py
7,status,10,POSSESSED,ALIVE,OKAMI
7,status,11,VILLAGER,DEAD,Takeda11
7,status,12,VILLAGER,ALIVE,SampleJava0
7,status,13,WEREWOLF,ALIVE,SampleJava1
7,status,14,VILLAGER,DEAD,HALU
7,status,15,WEREWOLF,ALIVE,HALU
7,talk,0,0,13,VOTE Agent[11]
7,talk,1,0,6,DIVINED Agent[12] HUMAN
7,talk,2,0,1,VOTE Agent[13]
7,talk,3,0,5,VOTE Agent[15]
7,talk,4,0,4,VOTE Agent[15]
7,talk,5,0,15,VOTE Agent[01]
7,talk,6,0,12,VOTE Agent[07]
7,talk,7,0,10,DIVINED Agent[12] WEREWOLF
7,talk,8,0,7,VOTE Agent[12]
7,talk,9,1,10,VOTE Agent[12]
7,talk,10,1,1,REQUEST ANY (VOTE Agent[13])
7,talk,11,1,13,REQUEST ANY (VOTE Agent[11])
7,talk,12,1,12,REQUEST ANY (VOTE Agent[07])
7,talk,13,1,5,Skip
7,talk,14,1,15,VOTE Agent[12]
7,talk,15,1,4,Skip
7,talk,16,1,6,VOTE Agent[15]
7,talk,17,1,7,Skip
7,talk,18,2,6,VOTE Agent[15]
7,talk,19,2,4,Skip
7,talk,20,2,5,Skip
7,talk,21,2,15,VOTE Agent[12]
7,talk,22,2,13,Skip
7,talk,23,2,1,Skip
7,talk,24,2,12,BECAUSE (AND (COMINGOUT Agent[12] VILLAGER) (DAY 7 (Agent[10] DIVINED Agent[12] WEREWOLF))) (XOR (ESTIMATE Agent[10] WEREWOLF) (ESTIMATE Agent[10] POSSESSED))
7,talk,25,2,7,Skip
7,talk,26,2,10,VOTE Agent[12]
7,talk,27,3,4,Over
7,talk,28,3,12,BECAUSE (XOR (ESTIMATE Agent[10] WEREWOLF) (ESTIMATE Agent[10] POSSESSED)) (AND (VOTE Agent[10]) (REQUEST ANY (VOTE Agent[10])))
7,talk,29,3,1,Skip
7,talk,30,3,15,VOTE Agent[12]
7,talk,31,3,5,Over
7,talk,32,3,13,Skip
7,talk,33,3,7,Over
7,talk,34,3,6,VOTE Agent[15]
7,talk,35,3,10,VOTE Agent[12]
7,talk,36,4,1,Over
7,talk,37,4,12,VOTE Agent[10]
7,talk,38,4,7,Over
7,talk,39,4,15,VOTE Agent[12]
7,talk,40,4,5,Over
7,talk,41,4,13,Over
7,talk,42,4,4,Over
7,talk,43,4,6,VOTE Agent[15]
7,talk,44,4,10,VOTE Agent[12]
7,talk,45,5,13,Over
7,talk,46,5,7,Over
7,talk,47,5,15,VOTE Agent[12]
7,talk,48,5,10,VOTE Agent[12]
7,talk,49,5,1,Over
7,talk,50,5,5,Over
7,talk,51,5,4,Over
7,talk,52,5,12,REQUEST ANY (VOTE Agent[10])
7,talk,53,5,6,VOTE Agent[15]
7,talk,54,6,13,Over
7,talk,55,6,6,VOTE Agent[15]
7,talk,56,6,10,VOTE Agent[12]
7,talk,57,6,7,Over
7,talk,58,6,4,Over
7,talk,59,6,1,Over
7,talk,60,6,5,Over
7,talk,61,6,15,VOTE Agent[12]
7,talk,62,6,12,Skip
7,talk,63,7,13,Over
7,talk,64,7,6,VOTE Agent[15]
7,talk,65,7,12,Skip
7,talk,66,7,1,Over
7,talk,67,7,7,Over
7,talk,68,7,15,VOTE Agent[12]
7,talk,69,7,4,Over
7,talk,70,7,10,VOTE Agent[12]
7,talk,71,7,5,Over
7,talk,72,8,6,VOTE Agent[15]
7,talk,73,8,12,Over
7,talk,74,8,15,VOTE Agent[12]
7,talk,75,8,5,Over
7,talk,76,8,4,Over
7,talk,77,8,13,Over
7,talk,78,8,10,VOTE Agent[12]
7,talk,79,8,1,Over
7,talk,80,8,7,Over
7,talk,81,9,12,Over
7,talk,82,9,15,Over
7,talk,83,9,7,Over
7,talk,84,9,4,Over
7,talk,85,9,5,Over
7,talk,86,9,13,Over
7,talk,87,9,1,Over
7,talk,88,9,10,Over
7,talk,89,9,6,VOTE Agent[15]
7,talk,90,10,15,Over
7,talk,91,10,1,Over
7,talk,92,10,7,Over
7,talk,93,10,13,Over
7,talk,94,10,12,Over
7,talk,95,10,5,Over
7,talk,96,10,10,Over
7,talk,97,10,4,Over
7,talk,98,10,6,Over
7,vote,1,10
7,vote,4,15
7,vote,5,15
7,vote,6,15
7,vote,7,12
7,vote,10,12
7,vote,12,10
7,vote,13,10
7,vote,15,12
7,vote,1,10
7,vote,4,15
7,vote,5,15
7,vote,6,15
7,vote,7,12
7,vote,10,12
7,vote,12,10
7,vote,13,10
7,vote,15,12
7,execute,12,VILLAGER
7,divine,6,1,HUMAN
7,whisper,0,0,13,BECAUSE (Agent[06] COMINGOUT Agent[06] SEER) (ATTACK Agent[06])
7,whisper,1,0,15,ATTACK Agent[06]
7,whisper,2,1,13,ATTACK Agent[06]
7,whisper,3,1,15,Skip
7,whisper,4,2,13,Skip
7,whisper,5,2,15,Skip
7,whisper,6,3,15,Over
7,whisper,7,3,13,Skip
7,whisper,8,4,15,Over
7,whisper,9,4,13,Over
7,guard,4,6,SEER
7,attackVote,13,6
7,attackVote,15,6
7,attack,6,false
8,status,1,VILLAGER,ALIVE,SampleJava6
8,status,2,WEREWOLF,DEAD,OKAMI
8,status,3,VILLAGER,DEAD,HALU
8,status,4,BODYGUARD,ALIVE,sample_py
8,status,5,VILLAGER,ALIVE,sample_py
8,status,6,SEER,ALIVE,Takeda7
8,status,7,VILLAGER,ALIVE,sample_py
8,status,8,VILLAGER,DEAD,OKAMI
8,status,9,MEDIUM,DEAD,sample_py
8,status,10,POSSESSED,ALIVE,OKAMI
8,status,11,VILLAGER,DEAD,Takeda11
8,status,12,VILLAGER,DEAD,SampleJava0
8,status,13,WEREWOLF,ALIVE,SampleJava1
8,status,14,VILLAGER,DEAD,HALU
8,status,15,WEREWOLF,ALIVE,HALU
8,talk,0,0,5,VOTE Agent[15]
8,talk,1,0,1,VOTE Agent[07]
8,talk,2,0,13,VOTE Agent[11]
8,talk,3,0,4,VOTE Agent[15]
8,talk,4,0,10,DIVINED Agent[05] WEREWOLF
8,talk,5,0,15,VOTE Agent[05]
8,talk,6,0,7,VOTE Agent[15]
8,talk,7,0,6,DIVINED Agent[01] HUMAN
8,talk,8,1,7,Skip
8,talk,9,1,10,VOTE Agent[05]
8,talk,10,1,6,VOTE Agent[15]
8,talk,11,1,4,Skip
8,talk,12,1,15,VOTE Agent[05]
8,talk,13,1,5,Skip
8,talk,14,1,1,REQUEST ANY (VOTE Agent[07])
8,talk,15,1,13,REQUEST ANY (VOTE Agent[11])
8,talk,16,2,10,VOTE Agent[05]
8,talk,17,2,4,Skip
8,talk,18,2,7,Skip
8,talk,19,2,5,Skip
8,talk,20,2,1,Skip
8,talk,21,2,6,VOTE Agent[15]
8,talk,22,2,15,VOTE Agent[05]
8,talk,23,2,13,Skip
8,talk,24,3,15,VOTE Agent[05]
8,talk,25,3,13,Skip
8,talk,26,3,10,VOTE Agent[05]
8,talk,27,3,4,Over
8,talk,28,3,7,Over
8,talk,29,3,5,Over
8,talk,30,3,1,Skip
8,talk,31,3,6,VOTE Agent[15]
8,talk,32,4,1,Over
8,talk,33,4,15,VOTE Agent[05]
8,talk,34,4,6,VOTE Agent[15]
8,talk,35,4,13,Over
8,talk,36,4,4,Over
8,talk,37,4,5,Over
8,talk,38,4,10,VOTE Agent[05]
8,talk,39,4,7,Over
8,talk,40,5,5,Over
8,talk,41,5,13,Over
8,talk,42,5,4,Over
8,talk,43,5,7,Over
8,talk,44,5,6,VOTE Agent[15]
8,talk,45,5,15,VOTE Agent[05]
8,talk,46,5,1,Over
8,talk,47,5,10,VOTE Agent[05]
8,talk,48,6,13,Over
8,talk,49,6,15,VOTE Agent[05]
8,talk,50,6,7,Over
8,talk,51,6,1,Over
8,talk,52,6,4,Over
8,talk,53,6,6,VOTE Agent[15]
8,talk,54,6,10,VOTE Agent[05]
8,talk,55,6,5,Over
8,talk,56,7,5,Over
8,talk,57,7,1,Over
8,talk,58,7,10,VOTE Agent[05]
8,talk,59,7,13,Over
8,talk,60,7,6,VOTE Agent[15]
8,talk,61,7,4,Over
8,talk,62,7,15,VOTE Agent[05]
8,talk,63,7,7,Over
8,talk,64,8,7,Over
8,talk,65,8,15,VOTE Agent[05]
8,talk,66,8,13,Over
8,talk,67,8,6,VOTE Agent[15]
8,talk,68,8,1,Over
8,talk,69,8,4,Over
8,talk,70,8,5,Over
8,talk,71,8,10,VOTE Agent[05]
8,talk,72,9,1,Over
8,talk,73,9,5,Over
8,talk,74,9,7,Over
8,talk,75,9,4,Over
8,talk,76,9,6,VOTE Agent[15]
8,talk,77,9,13,Over
8,talk,78,9,10,Over
8,talk,79,9,15,Over
8,talk,80,10,1,Over
8,talk,81,10,6,Over
8,talk,82,10,5,Over
8,talk,83,10,7,Over
8,talk,84,10,13,Over
8,talk,85,10,4,Over
8,talk,86,10,15,Over
8,talk,87,10,10,Over
8,vote,1,13
8,vote,4,15
8,vote,5,15
8,vote,6,15
8,vote,7,15
8,vote,10,5
8,vote,13,5
8,vote,15,5
8,execute,15,WEREWOLF
8,divine,6,5,HUMAN
8,guard,4,6,SEER
8,attackVote,13,6
8,attack,6,false
9,status,1,VILLAGER,ALIVE,SampleJava6
9,status,2,WEREWOLF,DEAD,OKAMI
9,status,3,VILLAGER,DEAD,HALU
9,status,4,BODYGUARD,ALIVE,sample_py
9,status,5,VILLAGER,ALIVE,sample_py
9,status,6,SEER,ALIVE,Takeda7
9,status,7,VILLAGER,ALIVE,sample_py
9,status,8,VILLAGER,DEAD,OKAMI
9,status,9,MEDIUM,DEAD,sample_py
9,status,10,POSSESSED,ALIVE,OKAMI
9,status,11,VILLAGER,DEAD,Takeda11
9,status,12,VILLAGER,DEAD,SampleJava0
9,status,13,WEREWOLF,ALIVE,SampleJava1
9,status,14,VILLAGER,DEAD,HALU
9,status,15,WEREWOLF,DEAD,HALU
9,talk,0,0,4,VOTE Agent[05]
9,talk,1,0,10,COMINGOUT Agent[10] POSSESSED
9,talk,2,0,13,VOTE Agent[11]
9,talk,3,0,1,VOTE Agent[04]
9,talk,4,0,5,VOTE Agent[10]
9,talk,5,0,6,DIVINED Agent[05] HUMAN
9,talk,6,0,7,VOTE Agent[05]
9,talk,7,1,7,Skip
9,talk,8,1,6,VOTE Agent[04]
9,talk,9,1,4,Skip
9,talk,10,1,13,REQUEST ANY (VOTE Agent[11])
9,talk,11,1,1,REQUEST ANY (VOTE Agent[04])
9,talk,12,1,5,Skip
9,talk,13,1,10,VOTE Agent[05]
9,talk,14,2,1,Skip
9,talk,15,2,5,Skip
9,talk,16,2,7,Skip
9,talk,17,2,6,VOTE Agent[04]
9,talk,18,2,4,Skip
9,talk,19,2,10,VOTE Agent[05]
9,talk,20,2,13,Skip
9,talk,21,3,7,Over
9,talk,22,3,4,Over
9,talk,23,3,10,VOTE Agent[04]
9,talk,24,3,5,Over
9,talk,25,3,13,Skip
9,talk,26,3,6,VOTE Agent[04]
9,talk,27,3,1,Skip
9,talk,28,4,7,Over
9,talk,29,4,10,VOTE Agent[05]
9,talk,30,4,6,VOTE Agent[04]
9,talk,31,4,1,Over
9,talk,32,4,13,Over
9,talk,33,4,5,Over
9,talk,34,4,4,Over
9,talk,35,5,6,VOTE Agent[04]
9,talk,36,5,10,VOTE Agent[05]
9,talk,37,5,13,Over
9,talk,38,5,4,Over
9,talk,39,5,7,Over
9,talk,40,5,1,Over
9,talk,41,5,5,Over
9,talk,42,6,1,Over
9,talk,43,6,6,VOTE Agent[04]
9,talk,44,6,10,VOTE Agent[04]
9,talk,45,6,4,Over
9,talk,46,6,13,Over
9,talk,47,6,5,Over
9,talk,48,6,7,Over
9,talk,49,7,10,VOTE Agent[05]
9,talk,50,7,5,Over
9,talk,51,7,6,VOTE Agent[04]
9,talk,52,7,13,Over
9,talk,53,7,7,Over
9,talk,54,7,1,Over
9,talk,55,7,4,Over
9,talk,56,8,6,VOTE Agent[04]
9,talk,57,8,1,Over
9,talk,58,8,13,Over
9,talk,59,8,4,Over
9,talk,60,8,10,VOTE Agent[05]
9,talk,61,8,5,Over
9,talk,62,8,7,Over
9,talk,63,9,1,Over
9,talk,64,9,13,Over
9,talk,65,9,5,Over
9,talk,66,9,4,Over
9,talk,67,9,10,VOTE Agent[05]
9,talk,68,9,6,VOTE Agent[04]
9,talk,69,9,7,Over
9,talk,70,10,10,Over
9,talk,71,10,4,Over
9,talk,72,10,6,Over
9,talk,73,10,7,Over
9,talk,74,10,5,Over
9,talk,75,10,1,Over
9,talk,76,10,13,Over
9,vote,1,13
9,vote,4,5
9,vote,5,10
9,vote,6,4
9,vote,7,5
9,vote,10,5
9,vote,13,6
9,execute,5,VILLAGER
9,divine,6,4,HUMAN
9,guard,4,6,SEER
9,attackVote,13,6
9,attack,6,false
10,status,1,VILLAGER,ALIVE,SampleJava6
10,status,2,WEREWOLF,DEAD,OKAMI
10,status,3,VILLAGER,DEAD,HALU
10,status,4,BODYGUARD,ALIVE,sample_py
10,status,5,VILLAGER,DEAD,sample_py
10,status,6,SEER,ALIVE,Takeda7
10,status,7,VILLAGER,ALIVE,sample_py
10,status,8,VILLAGER,DEAD,OKAMI
10,status,9,MEDIUM,DEAD,sample_py
10,status,10,POSSESSED,ALIVE,OKAMI
10,status,11,VILLAGER,DEAD,Takeda11
10,status,12,VILLAGER,DEAD,SampleJava0
10,status,13,WEREWOLF,ALIVE,SampleJava1
10,status,14,VILLAGER,DEAD,HALU
10,status,15,WEREWOLF,DEAD,HALU
10,talk,0,0,10,COMINGOUT Agent[10] POSSESSED
10,talk,1,0,4,VOTE Agent[13]
10,talk,2,0,13,VOTE Agent[11]
10,talk,3,0,6,DIVINED Agent[04] HUMAN
10,talk,4,0,1,VOTE Agent[13]
10,talk,5,0,7,VOTE Agent[06]
10,talk,6,1,6,VOTE Agent[07]
10,talk,7,1,13,REQUEST ANY (VOTE Agent[11])
10,talk,8,1,10,VOTE Agent[13]
10,talk,9,1,4,Skip
10,talk,10,1,1,REQUEST ANY (VOTE Agent[13])
10,talk,11,1,7,Skip
10,talk,12,2,7,Skip
10,talk,13,2,4,Skip
10,talk,14,2,1,Skip
10,talk,15,2,6,VOTE Agent[07]
10,talk,16,2,13,Skip
10,talk,17,2,10,VOTE Agent[13]
10,talk,18,3,1,Skip
10,talk,19,3,6,VOTE Agent[07]
10,talk,20,3,10,VOTE Agent[13]
10,talk,21,3,4,Over
10,talk,22,3,7,Over
10,talk,23,3,13,Skip
10,talk,24,4,13,Over
10,talk,25,4,1,Over
10,talk,26,4,6,VOTE Agent[07]
10,talk,27,4,10,VOTE Agent[13]
10,talk,28,4,4,Over
10,talk,29,4,7,Over
10,talk,30,5,7,Over
10,talk,31,5,1,Over
10,talk,32,5,4,Over
10,talk,33,5,10,VOTE Agent[13]
10,talk,34,5,13,Over
10,talk,35,5,6,VOTE Agent[07]
10,talk,36,6,4,Over
10,talk,37,6,13,Over
10,talk,38,6,6,VOTE Agent[07]
10,talk,39,6,1,Over
10,talk,40,6,10,VOTE Agent[13]
10,talk,41,6,7,Over
10,talk,42,7,13,Over
10,talk,43,7,1,Over
10,talk,44,7,4,Over
10,talk,45,7,10,VOTE Agent[13]
10,talk,46,7,6,VOTE Agent[07]
10,talk,47,7,7,Over
10,talk,48,8,10,VOTE Agent[13]
10,talk,49,8,1,Over
10,talk,50,8,7,Over
10,talk,51,8,6,VOTE Agent[07]
10,talk,52,8,4,Over
10,talk,53,8,13,Over
10,talk,54,9,4,Over
10,talk,55,9,6,VOTE Agent[07]
10,talk,56,9,13,Over
10,talk,57,9,1,Over
10,talk,58,9,7,Over
10,talk,59,9,10,VOTE Agent[13]
10,talk,60,10,4,Over
10,talk,61,10,7,Over
10,talk,62,10,6,Over
10,talk,63,10,1,Over
10,talk,64,10,10,Over
10,talk,65,10,13,Over
10,vote,1,6
10,vote,4,13
10,vote,6,7
10,vote,7,6
10,vote,10,13
10,vote,13,6
10,execute,6,SEER
10,guard,4,10,POSSESSED
10,attackVote,13,1
10,attack,1,true
11,status,1,VILLAGER,DEAD,SampleJava6
11,status,2,WEREWOLF,DEAD,OKAMI
11,status,3,VILLAGER,DEAD,HALU
11,status,4,BODYGUARD,ALIVE,sample_py
11,status,5,VILLAGER,DEAD,sample_py
11,status,6,SEER,DEAD,Takeda7
11,status,7,VILLAGER,ALIVE,sample_py
11,status,8,VILLAGER,DEAD,OKAMI
11,status,9,MEDIUM,DEAD,sample_py
11,status,10,POSSESSED,ALIVE,OKAMI
11,status,11,VILLAGER,DEAD,Takeda11
11,status,12,VILLAGER,DEAD,SampleJava0
11,status,13,WEREWOLF,ALIVE,SampleJava1
11,status,14,VILLAGER,DEAD,HALU
11,status,15,WEREWOLF,DEAD,HALU
11,talk,0,0,7,VOTE Agent[04]
11,talk,1,0,10,COMINGOUT Agent[10] POSSESSED
11,talk,2,0,13,VOTE Agent[11]
11,talk,3,0,4,VOTE Agent[10]
11,talk,4,1,10,VOTE Agent[04]
11,talk,5,1,7,Skip
11,talk,6,1,4,Skip
11,talk,7,1,13,REQUEST ANY (VOTE Agent[11])
11,talk,8,2,10,VOTE Agent[04]
11,talk,9,2,7,Skip
11,talk,10,2,13,Skip
11,talk,11,2,4,Skip
11,talk,12,3,10,VOTE Agent[04]
11,talk,13,3,4,Over
11,talk,14,3,13,Skip
11,talk,15,3,7,Over
11,talk,16,4,4,Over
11,talk,17,4,13,Over
11,talk,18,4,10,VOTE Agent[04]
11,talk,19,4,7,Over
11,talk,20,5,10,VOTE Agent[04]
11,talk,21,5,7,Over
11,talk,22,5,13,Over
11,talk,23,5,4,Over
11,talk,24,6,7,Over
11,talk,25,6,13,Over
11,talk,26,6,10,VOTE Agent[04]
11,talk,27,6,4,Over
11,talk,28,7,10,VOTE Agent[04]
11,talk,29,7,4,Over
11,talk,30,7,7,Over
11,talk,31,7,13,Over
11,talk,32,8,10,VOTE Agent[04]
11,talk,33,8,4,Over
11,talk,34,8,13,Over
11,talk,35,8,7,Over
11,talk,36,9,4,Over
11,talk,37,9,10,VOTE Agent[04]
11,talk,38,9,7,Over
11,talk,39,9,13,Over
11,talk,40,10,7,Over
11,talk,41,10,4,Over
11,talk,42,10,10,Over
11,talk,43,10,13,Over
11,vote,4,10
11,vote,7,4
11,vote,10,4
11,vote,13,4
11,execute,4,BODYGUARD
11,attackVote,13,7
11,attack,7,true
12,status,1,VILLAGER,DEAD,SampleJava6
12,status,2,WEREWOLF,DEAD,OKAMI
12,status,3,VILLAGER,DEAD,HALU
12,status,4,BODYGUARD,DEAD,sample_py
12,status,5,VILLAGER,DEAD,sample_py
12,status,6,SEER,DEAD,Takeda7
12,status,7,VILLAGER,DEAD,sample_py
12,status,8,VILLAGER,DEAD,OKAMI
12,status,9,MEDIUM,DEAD,sample_py
12,status,10,POSSESSED,ALIVE,OKAMI
12,status,11,VILLAGER,DEAD,Takeda11
12,status,12,VILLAGER,DEAD,SampleJava0
12,status,13,WEREWOLF,ALIVE,SampleJava1
12,status,14,VILLAGER,DEAD,HALU
12,status,15,WEREWOLF,DEAD,HALU
12,result,1,1,WEREWOLF
