0,status,1,VILLAGER,ALIVE,OKAMI
0,status,2,VILLAGER,ALIVE,SampleJava14
0,status,3,BODYGUARD,ALIVE,OKAMI
0,status,4,MEDIUM,ALIVE,SampleJava6
0,status,5,WEREWOLF,ALIVE,OKAMI
0,status,6,VILLAGER,ALIVE,SampleJava11
0,status,7,VILLAGER,ALIVE,OKAMI
0,status,8,POSSESSED,ALIVE,TOKU5
0,status,9,WEREWOLF,ALIVE,sample_py
0,status,10,VILLAGER,ALIVE,sample_py
0,status,11,WEREWOLF,ALIVE,Takeda2
0,status,12,VILLAGER,ALIVE,Tomato0
0,status,13,VILLAGER,ALIVE,TOKU1
0,status,14,SEER,ALIVE,OKAMI
0,status,15,VILLAGER,ALIVE,TOKU4
0,whisper,0,0,9,COMINGOUT Agent[09] SEER
0,whisper,1,0,11,Skip
0,whisper,2,0,5,COMINGOUT Agent[05] SEER
0,whisper,3,1,5,COMINGOUT Agent[05] VILLAGER
0,whisper,4,1,9,COMINGOUT Agent[09] SEER
0,whisper,5,1,11,Skip
0,whisper,6,2,9,COMINGOUT Agent[09] SEER
0,whisper,7,2,11,Over
0,whisper,8,2,5,Skip
0,whisper,9,3,5,Skip
0,whisper,10,3,9,COMINGOUT Agent[09] SEER
0,whisper,11,3,11,Over
0,whisper,12,4,5,Over
0,whisper,13,4,9,COMINGOUT Agent[09] SEER
0,whisper,14,4,11,Over
0,whisper,15,5,5,Over
0,whisper,16,5,9,COMINGOUT Agent[09] SEER
0,whisper,17,5,11,Over
0,whisper,18,6,9,COMINGOUT Agent[09] SEER
0,whisper,19,6,11,Over
0,whisper,20,6,5,Over
0,whisper,21,7,9,COMINGOUT Agent[09] SEER
0,whisper,22,7,5,Over
0,whisper,23,7,11,Over
0,whisper,24,8,11,Over
0,whisper,25,8,5,Over
0,whisper,26,8,9,COMINGOUT Agent[09] SEER
0,whisper,27,9,11,Over
0,whisper,28,9,5,Over
0,whisper,29,9,9,COMINGOUT Agent[09] SEER
0,whisper,30,10,11,Over
0,whisper,31,10,5,Over
0,whisper,32,10,9,Over
0,divine,14,1,HUMAN
1,status,1,VILLAGER,ALIVE,OKAMI
1,status,2,VILLAGER,ALIVE,SampleJava14
1,status,3,BODYGUARD,ALIVE,OKAMI
1,status,4,MEDIUM,ALIVE,SampleJava6
1,status,5,WEREWOLF,ALIVE,OKAMI
1,status,6,VILLAGER,ALIVE,SampleJava11
1,status,7,VILLAGER,ALIVE,OKAMI
1,status,8,POSSESSED,ALIVE,TOKU5
1,status,9,WEREWOLF,ALIVE,sample_py
1,status,10,VILLAGER,ALIVE,sample_py
1,status,11,WEREWOLF,ALIVE,Takeda2
1,status,12,VILLAGER,ALIVE,Tomato0
1,status,13,VILLAGER,ALIVE,TOKU1
1,status,14,SEER,ALIVE,OKAMI
1,status,15,VILLAGER,ALIVE,TOKU4
1,talk,0,0,9,COMINGOUT Agent[09] SEER
1,talk,1,0,13,VOTE Agent[03]
1,talk,2,0,7,VOTE Agent[03]
1,talk,3,0,11,VOTE Agent[03]
1,talk,4,0,15,VOTE Agent[03]
1,talk,5,0,3,VOTE Agent[15]
1,talk,6,0,2,VOTE Agent[01]
1,talk,7,0,14,VOTE Agent[01]
1,talk,8,0,10,VOTE Agent[12]
1,talk,9,0,1,VOTE Agent[15]
1,talk,10,0,4,COMINGOUT Agent[04] MEDIUM
1,talk,11,0,8,COMINGOUT Agent[08] SEER
1,talk,12,0,12,VOTE Agent[03]
1,talk,13,0,6,VOTE Agent[03]
1,talk,14,0,5,VOTE Agent[03]
1,talk,15,1,11,VOTE Agent[13]
1,talk,16,1,7,COMINGOUT Agent[07] VILLAGER
1,talk,17,1,2,REQUEST ANY (VOTE Agent[01])
1,talk,18,1,4,VOTE Agent[09]
1,talk,19,1,9,DIVINED Agent[05] HUMAN
1,talk,20,1,10,Skip
1,talk,21,1,13,VOTE Agent[06]
1,talk,22,1,12,Skip
1,talk,23,1,6,REQUEST ANY (VOTE Agent[03])
1,talk,24,1,3,VOTE Agent[06]
1,talk,25,1,8,DIVINED Agent[05] WEREWOLF
1,talk,26,1,14,VOTE Agent[05]
1,talk,27,1,1,COMINGOUT Agent[01] VILLAGER
1,talk,28,1,5,VOTE Agent[03]
1,talk,29,1,15,VOTE Agent[13]
1,talk,30,2,6,Skip
1,talk,31,2,4,REQUEST ANY (VOTE Agent[09])
1,talk,32,2,1,VOTE Agent[05]
1,talk,33,2,7,VOTE Agent[05]
1,talk,34,2,10,VOTE Agent[05]
1,talk,35,2,14,VOTE Agent[01]
1,talk,36,2,3,VOTE Agent[05]
1,talk,37,2,2,Skip
1,talk,38,2,5,VOTE Agent[13]
1,talk,39,2,13,VOTE Agent[03]
1,talk,40,2,8,VOTE Agent[05]
1,talk,41,2,15,VOTE Agent[03]
1,talk,42,2,12,VOTE Agent[05]
1,talk,43,2,11,VOTE Agent[10]
1,talk,44,2,9,VOTE Agent[08]
1,talk,45,3,5,VOTE Agent[03]
1,talk,46,3,2,Skip
1,talk,47,3,11,VOTE Agent[13]
1,talk,48,3,10,Skip
1,talk,49,3,14,VOTE Agent[01]
1,talk,50,3,1,VOTE Agent[05]
1,talk,51,3,12,Skip
1,talk,52,3,9,Skip
1,talk,53,3,15,VOTE Agent[13]
1,talk,54,3,13,Skip
1,talk,55,3,4,Skip
1,talk,56,3,8,Skip
1,talk,57,3,7,VOTE Agent[05]
1,talk,58,3,3,VOTE Agent[05]
1,talk,59,3,6,Skip
1,talk,60,4,15,Skip
1,talk,61,4,6,Over
1,talk,62,4,7,VOTE Agent[05]
1,talk,63,4,1,VOTE Agent[05]
1,talk,64,4,2,Over
1,talk,65,4,10,Skip
1,talk,66,4,8,Skip
1,talk,67,4,14,VOTE Agent[01]
1,talk,68,4,13,Skip
1,talk,69,4,11,Skip
1,talk,70,4,3,VOTE Agent[05]
1,talk,71,4,12,Skip
1,talk,72,4,5,VOTE Agent[13]
1,talk,73,4,4,Skip
1,talk,74,4,9,Skip
1,talk,75,5,4,Over
1,talk,76,5,13,Over
1,talk,77,5,5,VOTE Agent[13]
1,talk,78,5,1,VOTE Agent[05]
1,talk,79,5,2,Over
1,talk,80,5,9,Over
1,talk,81,5,11,Skip
1,talk,82,5,7,VOTE Agent[05]
1,talk,83,5,12,Over
1,talk,84,5,3,VOTE Agent[05]
1,talk,85,5,6,Over
1,talk,86,5,14,VOTE Agent[01]
1,talk,87,5,10,Over
1,talk,88,5,15,VOTE Agent[03]
1,talk,89,5,8,Over
1,talk,90,6,6,Over
1,talk,91,6,15,Skip
1,talk,92,6,7,VOTE Agent[05]
1,talk,93,6,11,Over
1,talk,94,6,2,Over
1,talk,95,6,13,Over
1,talk,96,6,14,VOTE Agent[01]
1,talk,97,6,3,VOTE Agent[05]
1,talk,98,6,4,Over
1,talk,99,6,9,Over
1,talk,100,6,10,Over
1,talk,101,6,12,Over
1,talk,102,6,5,VOTE Agent[03]
1,talk,103,6,8,Over
1,talk,104,6,1,VOTE Agent[05]
1,talk,105,7,6,Over
1,talk,106,7,2,Over
1,talk,107,7,1,VOTE Agent[05]
1,talk,108,7,9,Over
1,talk,109,7,8,Over
1,talk,110,7,3,VOTE Agent[05]
1,talk,111,7,15,VOTE Agent[13]
1,talk,112,7,11,Over
1,talk,113,7,4,Over
1,talk,114,7,7,VOTE Agent[05]
1,talk,115,7,13,Over
1,talk,116,7,14,VOTE Agent[01]
1,talk,117,7,12,Over
1,talk,118,7,5,VOTE Agent[03]
1,talk,119,7,10,Over
1,talk,120,8,14,VOTE Agent[01]
1,talk,121,8,10,Over
1,talk,122,8,1,VOTE Agent[05]
1,talk,123,8,12,Over
1,talk,124,8,9,Over
1,talk,125,8,15,Skip
1,talk,126,8,13,Over
1,talk,127,8,5,VOTE Agent[03]
1,talk,128,8,4,Over
1,talk,129,8,7,VOTE Agent[05]
1,talk,130,8,3,VOTE Agent[05]
1,talk,131,8,8,Over
1,talk,132,8,2,Over
1,talk,133,8,11,Over
1,talk,134,8,6,Over
1,talk,135,9,9,Over
1,talk,136,9,13,Over
1,talk,137,9,7,Over
1,talk,138,9,8,Over
1,talk,139,9,12,Over
1,talk,140,9,2,Over
1,talk,141,9,6,Over
1,talk,142,9,4,Over
1,talk,143,9,14,Over
1,talk,144,9,3,Over
1,talk,145,9,5,Over
1,talk,146,9,15,VOTE Agent[03]
1,talk,147,9,10,Over
1,talk,148,9,1,Over
1,talk,149,9,11,Over
1,talk,150,10,7,Over
1,talk,151,10,15,Skip
1,talk,152,10,12,Over
1,talk,153,10,14,Over
1,talk,154,10,8,Over
1,talk,155,10,10,Over
1,talk,156,10,13,Over
1,talk,157,10,9,Over
1,talk,158,10,5,Over
1,talk,159,10,2,Over
1,talk,160,10,1,Over
1,talk,161,10,3,Over
1,talk,162,10,6,Over
1,talk,163,10,11,Over
1,talk,164,10,4,Over
1,talk,165,11,7,Over
1,talk,166,11,6,Over
1,talk,167,11,13,Over
1,talk,168,11,14,Over
1,talk,169,11,10,Over
1,talk,170,11,2,Over
1,talk,171,11,15,VOTE Agent[13]
1,talk,172,11,9,Over
1,talk,173,11,4,Over
1,talk,174,11,11,Over
1,talk,175,11,12,Over
1,talk,176,11,1,Over
1,talk,177,11,8,Over
1,talk,178,11,3,Over
1,talk,179,11,5,Over
1,talk,180,12,1,Over
1,talk,181,12,4,Over
1,talk,182,12,13,Over
1,talk,183,12,9,Over
1,talk,184,12,12,Over
1,talk,185,12,10,Over
1,talk,186,12,8,Over
1,talk,187,12,2,Over
1,talk,188,12,11,Over
1,talk,189,12,6,Over
1,talk,190,12,15,Skip
1,talk,191,12,14,Over
1,talk,192,12,7,Over
1,talk,193,12,5,Over
1,talk,194,12,3,Over
1,talk,195,13,12,Over
1,talk,196,13,4,Over
1,talk,197,13,14,Over
1,talk,198,13,10,Over
1,talk,199,13,2,Over
1,talk,200,13,5,Over
1,talk,201,13,7,Over
1,talk,202,13,1,Over
1,talk,203,13,3,Over
1,talk,204,13,6,Over
1,talk,205,13,11,Over
1,talk,206,13,13,Over
1,talk,207,13,8,Over
1,talk,208,13,15,Skip
1,talk,209,13,9,Over
1,talk,210,14,15,Over
1,talk,211,14,2,Over
1,talk,212,14,9,Over
1,talk,213,14,13,Over
1,talk,214,14,4,Over
1,talk,215,14,7,Over
1,talk,216,14,5,Over
1,talk,217,14,12,Over
1,talk,218,14,10,Over
1,talk,219,14,14,Over
1,talk,220,14,11,Over
1,talk,221,14,8,Over
1,talk,222,14,6,Over
1,talk,223,14,1,Over
1,talk,224,14,3,Over
1,vote,1,5
1,vote,2,9
1,vote,3,5
1,vote,4,3
1,vote,5,3
1,vote,6,1
1,vote,7,5
1,vote,8,3
1,vote,9,8
1,vote,10,5
1,vote,11,13
1,vote,12,5
1,vote,13,3
1,vote,14,1
1,vote,15,13
1,execute,5,WEREWOLF
1,divine,14,12,HUMAN
1,whisper,0,0,11,Skip
1,whisper,1,0,9,ATTACK Agent[04]
1,whisper,2,1,9,Skip
1,whisper,3,1,11,Skip
1,whisper,4,2,11,Over
1,whisper,5,2,9,Skip
1,whisper,6,3,9,Over
1,whisper,7,3,11,Over
1,guard,3,4,MEDIUM
1,attackVote,9,4
1,attackVote,11,10
1,attackVote,9,4
1,attackVote,11,10
1,attack,10,true
2,status,1,VILLAGER,ALIVE,OKAMI
2,status,2,VILLAGER,ALIVE,SampleJava14
2,status,3,BODYGUARD,ALIVE,OKAMI
2,status,4,MEDIUM,ALIVE,SampleJava6
2,status,5,WEREWOLF,DEAD,OKAMI
2,status,6,VILLAGER,ALIVE,SampleJava11
2,status,7,VILLAGER,ALIVE,OKAMI
2,status,8,POSSESSED,ALIVE,TOKU5
2,status,9,WEREWOLF,ALIVE,sample_py
2,status,10,VILLAGER,DEAD,sample_py
2,status,11,WEREWOLF,ALIVE,Takeda2
2,status,12,VILLAGER,ALIVE,Tomato0
2,status,13,VILLAGER,ALIVE,TOKU1
2,status,14,SEER,ALIVE,OKAMI
2,status,15,VILLAGER,ALIVE,TOKU4
2,talk,0,0,6,VOTE Agent[03]
2,talk,1,0,1,VOTE Agent[03]
2,talk,2,0,12,VOTE Agent[03]
2,talk,3,0,4,DAY 2 (IDENTIFIED Agent[05] WEREWOLF)
2,talk,4,0,2,VOTE Agent[15]
2,talk,5,0,3,VOTE Agent[15]
2,talk,6,0,11,VOTE Agent[13]
2,talk,7,0,9,DIVINED Agent[01] HUMAN
2,talk,8,0,7,VOTE Agent[15]
2,talk,9,0,15,VOTE Agent[13]
2,talk,10,0,14,VOTE Agent[09]
2,talk,11,0,8,DIVINED Agent[13] HUMAN
2,talk,12,0,13,VOTE Agent[03]
2,talk,13,1,9,VOTE Agent[08]
2,talk,14,1,7,COMINGOUT Agent[07] VILLAGER
2,talk,15,1,12,Skip
2,talk,16,1,11,Skip
2,talk,17,1,13,Skip
2,talk,18,1,4,IDENTIFIED Agent[05] WEREWOLF
2,talk,19,1,3,VOTE Agent[15]
2,talk,20,1,8,VOTE Agent[03]
2,talk,21,1,1,COMINGOUT Agent[01] VILLAGER
2,talk,22,1,6,REQUEST ANY (VOTE Agent[03])
2,talk,23,1,15,VOTE Agent[09]
2,talk,24,1,14,VOTE Agent[09]
2,talk,25,1,2,REQUEST ANY (VOTE Agent[15])
2,talk,26,2,14,VOTE Agent[09]
2,talk,27,2,11,VOTE Agent[03]
2,talk,28,2,13,Skip
2,talk,29,2,9,Skip
2,talk,30,2,3,VOTE Agent[15]
2,talk,31,2,1,VOTE Agent[15]
2,talk,32,2,7,VOTE Agent[15]
2,talk,33,2,8,Skip
2,talk,34,2,4,BECAUSE (AND (DAY 2 (IDENTIFIED Agent[05] WEREWOLF)) (DAY 1 (Agent[09] DIVINED Agent[05] HUMAN))) (XOR (ESTIMATE Agent[09] WEREWOLF) (ESTIMATE Agent[09] POSSESSED))
2,talk,35,2,6,Skip
2,talk,36,2,2,Skip
2,talk,37,2,12,VOTE Agent[15]
2,talk,38,2,15,VOTE Agent[03]
2,talk,39,3,1,VOTE Agent[15]
2,talk,40,3,15,VOTE Agent[09]
2,talk,41,3,7,VOTE Agent[15]
2,talk,42,3,12,VOTE Agent[03]
2,talk,43,3,14,VOTE Agent[09]
2,talk,44,3,13,VOTE Agent[09]
2,talk,45,3,8,Skip
2,talk,46,3,4,BECAUSE (XOR (ESTIMATE Agent[09] WEREWOLF) (ESTIMATE Agent[09] POSSESSED)) (AND (VOTE Agent[09]) (REQUEST ANY (VOTE Agent[09])))
2,talk,47,3,9,Skip
2,talk,48,3,3,VOTE Agent[15]
2,talk,49,3,6,Skip
2,talk,50,3,2,Skip
2,talk,51,3,11,Skip
2,talk,52,4,7,VOTE Agent[15]
2,talk,53,4,11,Skip
2,talk,54,4,15,Skip
2,talk,55,4,14,VOTE Agent[09]
2,talk,56,4,4,VOTE Agent[09]
2,talk,57,4,3,VOTE Agent[15]
2,talk,58,4,12,VOTE Agent[15]
2,talk,59,4,1,VOTE Agent[03]
2,talk,60,4,13,Skip
2,talk,61,4,9,Over
2,talk,62,4,2,Over
2,talk,63,4,8,Over
2,talk,64,4,6,Over
2,talk,65,5,8,Over
2,talk,66,5,7,VOTE Agent[15]
2,talk,67,5,12,VOTE Agent[09]
2,talk,68,5,6,Over
2,talk,69,5,11,Over
2,talk,70,5,9,Over
2,talk,71,5,2,Over
2,talk,72,5,4,REQUEST ANY (VOTE Agent[09])
2,talk,73,5,3,VOTE Agent[15]
2,talk,74,5,13,Skip
2,talk,75,5,15,Skip
2,talk,76,5,1,VOTE Agent[03]
2,talk,77,5,14,VOTE Agent[09]
2,talk,78,6,1,VOTE Agent[03]
2,talk,79,6,9,Over
2,talk,80,6,14,VOTE Agent[09]
2,talk,81,6,11,Over
2,talk,82,6,4,Skip
2,talk,83,6,3,VOTE Agent[15]
2,talk,84,6,8,Over
2,talk,85,6,6,Over
2,talk,86,6,15,Over
2,talk,87,6,13,Over
2,talk,88,6,12,VOTE Agent[03]
2,talk,89,6,7,VOTE Agent[15]
2,talk,90,6,2,Over
2,talk,91,7,14,VOTE Agent[09]
2,talk,92,7,3,VOTE Agent[15]
2,talk,93,7,8,Over
2,talk,94,7,13,Over
2,talk,95,7,4,Skip
2,talk,96,7,12,VOTE Agent[09]
2,talk,97,7,11,Over
2,talk,98,7,9,Over
2,talk,99,7,15,Over
2,talk,100,7,2,Over
2,talk,101,7,6,Over
2,talk,102,7,1,VOTE Agent[03]
2,talk,103,7,7,VOTE Agent[15]
2,talk,104,8,7,VOTE Agent[15]
2,talk,105,8,9,Over
2,talk,106,8,13,Over
2,talk,107,8,11,Over
2,talk,108,8,3,VOTE Agent[15]
2,talk,109,8,4,Over
2,talk,110,8,15,Over
2,talk,111,8,14,VOTE Agent[09]
2,talk,112,8,1,VOTE Agent[15]
2,talk,113,8,8,Over
2,talk,114,8,2,Over
2,talk,115,8,6,Over
2,talk,116,8,12,Skip
2,talk,117,9,4,Over
2,talk,118,9,14,Over
2,talk,119,9,15,Over
2,talk,120,9,3,Over
2,talk,121,9,8,Over
2,talk,122,9,13,Over
2,talk,123,9,9,Over
2,talk,124,9,12,Skip
2,talk,125,9,2,Over
2,talk,126,9,6,Over
2,talk,127,9,11,Over
2,talk,128,9,7,Over
2,talk,129,9,1,Over
2,talk,130,10,2,Over
2,talk,131,10,9,Over
2,talk,132,10,6,Over
2,talk,133,10,13,Over
2,talk,134,10,3,Over
2,talk,135,10,12,Over
2,talk,136,10,4,Over
2,talk,137,10,8,Over
2,talk,138,10,11,Over
2,talk,139,10,7,Over
2,talk,140,10,15,Over
2,talk,141,10,1,Over
2,talk,142,10,14,Over
2,vote,1,3
2,vote,2,3
2,vote,3,15
2,vote,4,9
2,vote,6,15
2,vote,7,15
2,vote,8,13
2,vote,9,8
2,vote,11,9
2,vote,12,9
2,vote,13,9
2,vote,14,9
2,vote,15,9
2,execute,9,WEREWOLF
2,divine,14,12,HUMAN
2,guard,3,8,POSSESSED
2,attackVote,11,14
2,attack,14,true
3,status,1,VILLAGER,ALIVE,OKAMI
3,status,2,VILLAGER,ALIVE,SampleJava14
3,status,3,BODYGUARD,ALIVE,OKAMI
3,status,4,MEDIUM,ALIVE,SampleJava6
3,status,5,WEREWOLF,DEAD,OKAMI
3,status,6,VILLAGER,ALIVE,SampleJava11
3,status,7,VILLAGER,ALIVE,OKAMI
3,status,8,POSSESSED,ALIVE,TOKU5
3,status,9,WEREWOLF,DEAD,sample_py
3,status,10,VILLAGER,DEAD,sample_py
3,status,11,WEREWOLF,ALIVE,Takeda2
3,status,12,VILLAGER,ALIVE,Tomato0
3,status,13,VILLAGER,ALIVE,TOKU1
3,status,14,SEER,DEAD,OKAMI
3,status,15,VILLAGER,ALIVE,TOKU4
3,talk,0,0,11,VOTE Agent[03]
3,talk,1,0,13,VOTE Agent[03]
3,talk,2,0,1,VOTE Agent[03]
3,talk,3,0,6,VOTE Agent[11]
3,talk,4,0,7,VOTE Agent[11]
3,talk,5,0,4,DAY 3 (IDENTIFIED Agent[09] WEREWOLF)
3,talk,6,0,8,DIVINED Agent[12] WEREWOLF
3,talk,7,0,3,VOTE Agent[12]
3,talk,8,0,2,VOTE Agent[11]
3,talk,9,0,12,VOTE Agent[08]
3,talk,10,0,15,VOTE Agent[03]
3,talk,11,1,1,COMINGOUT Agent[01] VILLAGER
3,talk,12,1,11,Skip
3,talk,13,1,4,IDENTIFIED Agent[09] WEREWOLF
3,talk,14,1,2,REQUEST ANY (VOTE Agent[11])
3,talk,15,1,12,Skip
3,talk,16,1,3,VOTE Agent[12]
3,talk,17,1,13,Skip
3,talk,18,1,15,Skip
3,talk,19,1,7,COMINGOUT Agent[07] VILLAGER
3,talk,20,1,6,REQUEST ANY (VOTE Agent[11])
3,talk,21,1,8,VOTE Agent[12]
3,talk,22,2,4,VOTE Agent[01]
3,talk,23,2,2,Skip
3,talk,24,2,15,Skip
3,talk,25,2,7,VOTE Agent[12]
3,talk,26,2,11,Skip
3,talk,27,2,12,Skip
3,talk,28,2,13,Skip
3,talk,29,2,1,VOTE Agent[12]
3,talk,30,2,8,Skip
3,talk,31,2,6,Skip
3,talk,32,2,3,VOTE Agent[12]
3,talk,33,3,13,Over
3,talk,34,3,11,Over
3,talk,35,3,12,Over
3,talk,36,3,3,VOTE Agent[12]
3,talk,37,3,7,VOTE Agent[12]
3,talk,38,3,15,Over
3,talk,39,3,2,Skip
3,talk,40,3,1,VOTE Agent[12]
3,talk,41,3,4,REQUEST ANY (VOTE Agent[01])
3,talk,42,3,8,Skip
3,talk,43,3,6,Skip
3,talk,44,4,15,Over
3,talk,45,4,3,VOTE Agent[12]
3,talk,46,4,12,Over
3,talk,47,4,8,Over
3,talk,48,4,7,VOTE Agent[12]
3,talk,49,4,11,Over
3,talk,50,4,2,Over
3,talk,51,4,1,VOTE Agent[12]
3,talk,52,4,4,Skip
3,talk,53,4,6,Over
3,talk,54,4,13,Over
3,talk,55,5,6,Over
3,talk,56,5,2,Over
3,talk,57,5,7,VOTE Agent[12]
3,talk,58,5,12,Over
3,talk,59,5,8,Over
3,talk,60,5,13,Over
3,talk,61,5,1,VOTE Agent[12]
3,talk,62,5,11,Over
3,talk,63,5,15,Over
3,talk,64,5,3,VOTE Agent[12]
3,talk,65,5,4,Skip
3,talk,66,6,1,VOTE Agent[12]
3,talk,67,6,7,VOTE Agent[12]
3,talk,68,6,13,Over
3,talk,69,6,11,Over
3,talk,70,6,8,Over
3,talk,71,6,2,Over
3,talk,72,6,12,Over
3,talk,73,6,6,Over
3,talk,74,6,4,Over
3,talk,75,6,15,Over
3,talk,76,6,3,VOTE Agent[12]
3,talk,77,7,1,VOTE Agent[12]
3,talk,78,7,15,Over
3,talk,79,7,2,Over
3,talk,80,7,8,Over
3,talk,81,7,11,Over
3,talk,82,7,6,Over
3,talk,83,7,12,Over
3,talk,84,7,3,VOTE Agent[12]
3,talk,85,7,7,VOTE Agent[12]
3,talk,86,7,13,Over
3,talk,87,7,4,Over
3,talk,88,8,12,Over
3,talk,89,8,15,Over
3,talk,90,8,2,Over
3,talk,91,8,7,VOTE Agent[12]
3,talk,92,8,4,Over
3,talk,93,8,6,Over
3,talk,94,8,1,VOTE Agent[12]
3,talk,95,8,3,VOTE Agent[12]
3,talk,96,8,13,Over
3,talk,97,8,11,Over
3,talk,98,8,8,Over
3,talk,99,9,11,Over
3,talk,100,9,1,Over
3,talk,101,9,15,Over
3,talk,102,9,2,Over
3,talk,103,9,6,Over
3,talk,104,9,7,Over
3,talk,105,9,4,Over
3,talk,106,9,3,Over
3,talk,107,9,8,Over
3,talk,108,9,13,Over
3,talk,109,9,12,Over
3,vote,1,12
3,vote,2,11
3,vote,3,12
3,vote,4,11
3,vote,6,11
3,vote,7,12
3,vote,8,12
3,vote,11,3
3,vote,12,8
3,vote,13,3
3,vote,15,3
3,execute,12,VILLAGER
3,guard,3,8,POSSESSED
3,attackVote,11,15
3,attack,15,true
4,status,1,VILLAGER,ALIVE,OKAMI
4,status,2,VILLAGER,ALIVE,SampleJava14
4,status,3,BODYGUARD,ALIVE,OKAMI
4,status,4,MEDIUM,ALIVE,SampleJava6
4,status,5,WEREWOLF,DEAD,OKAMI
4,status,6,VILLAGER,ALIVE,SampleJava11
4,status,7,VILLAGER,ALIVE,OKAMI
4,status,8,POSSESSED,ALIVE,TOKU5
4,status,9,WEREWOLF,DEAD,sample_py
4,status,10,VILLAGER,DEAD,sample_py
4,status,11,WEREWOLF,ALIVE,Takeda2
4,status,12,VILLAGER,DEAD,Tomato0
4,status,13,VILLAGER,ALIVE,TOKU1
4,status,14,SEER,DEAD,OKAMI
4,status,15,VILLAGER,DEAD,TOKU4
4,talk,0,0,11,VOTE Agent[03]
4,talk,1,0,1,VOTE Agent[03]
4,talk,2,0,6,VOTE Agent[11]
4,talk,3,0,7,VOTE Agent[11]
4,talk,4,0,2,VOTE Agent[01]
4,talk,5,0,8,DIVINED Agent[11] WEREWOLF
4,talk,6,0,3,VOTE Agent[11]
4,talk,7,0,4,DAY 4 (IDENTIFIED Agent[12] HUMAN)
4,talk,8,0,13,VOTE Agent[03]
4,talk,9,1,3,VOTE Agent[11]
4,talk,10,1,1,COMINGOUT Agent[01] VILLAGER
4,talk,11,1,13,Skip
4,talk,12,1,11,Skip
4,talk,13,1,6,REQUEST ANY (VOTE Agent[11])
4,talk,14,1,4,IDENTIFIED Agent[12] HUMAN
4,talk,15,1,8,VOTE Agent[11]
4,talk,16,1,7,COMINGOUT Agent[07] VILLAGER
4,talk,17,1,2,REQUEST ANY (VOTE Agent[01])
4,talk,18,2,2,Skip
4,talk,19,2,13,Skip
4,talk,20,2,6,Skip
4,talk,21,2,11,Skip
4,talk,22,2,1,VOTE Agent[03]
4,talk,23,2,7,VOTE Agent[11]
4,talk,24,2,3,VOTE Agent[11]
4,talk,25,2,4,VOTE Agent[08]
4,talk,26,2,8,Skip
4,talk,27,3,4,REQUEST ANY (VOTE Agent[08])
4,talk,28,3,8,Skip
4,talk,29,3,6,Skip
4,talk,30,3,3,VOTE Agent[03]
4,talk,31,3,7,VOTE Agent[11]
4,talk,32,3,11,Over
4,talk,33,3,13,Over
4,talk,34,3,1,VOTE Agent[11]
4,talk,35,3,2,Skip
4,talk,36,4,3,VOTE Agent[03]
4,talk,37,4,1,VOTE Agent[03]
4,talk,38,4,11,Over
4,talk,39,4,4,Skip
4,talk,40,4,6,Over
4,talk,41,4,13,Over
4,talk,42,4,2,Over
4,talk,43,4,7,VOTE Agent[11]
4,talk,44,4,8,Over
4,talk,45,5,3,VOTE Agent[11]
4,talk,46,5,6,Over
4,talk,47,5,1,VOTE Agent[03]
4,talk,48,5,11,Over
4,talk,49,5,2,Over
4,talk,50,5,8,Over
4,talk,51,5,7,VOTE Agent[03]
4,talk,52,5,13,Over
4,talk,53,5,4,Skip
4,talk,54,6,13,Over
4,talk,55,6,1,VOTE Agent[11]
4,talk,56,6,8,Over
4,talk,57,6,3,VOTE Agent[11]
4,talk,58,6,4,Over
4,talk,59,6,11,Over
4,talk,60,6,7,VOTE Agent[03]
4,talk,61,6,6,Over
4,talk,62,6,2,Over
4,talk,63,7,6,Over
4,talk,64,7,3,VOTE Agent[11]
4,talk,65,7,2,Over
4,talk,66,7,8,Over
4,talk,67,7,11,Over
4,talk,68,7,13,Over
4,talk,69,7,7,VOTE Agent[03]
4,talk,70,7,4,Over
4,talk,71,7,1,VOTE Agent[11]
4,talk,72,8,2,Over
4,talk,73,8,1,VOTE Agent[03]
4,talk,74,8,13,Over
4,talk,75,8,6,Over
4,talk,76,8,7,VOTE Agent[11]
4,talk,77,8,11,Over
4,talk,78,8,3,VOTE Agent[03]
4,talk,79,8,4,Over
4,talk,80,8,8,Over
4,talk,81,9,13,Over
4,talk,82,9,7,Over
4,talk,83,9,11,Over
4,talk,84,9,3,Over
4,talk,85,9,2,Over
4,talk,86,9,4,Over
4,talk,87,9,6,Over
4,talk,88,9,8,Over
4,talk,89,9,1,Over
4,vote,1,11
4,vote,2,8
4,vote,3,11
4,vote,4,8
4,vote,6,8
4,vote,7,11
4,vote,8,3
4,vote,11,3
4,vote,13,3
4,vote,1,3
4,vote,2,3
4,vote,3,11
4,vote,4,3
4,vote,6,3
4,vote,7,11
4,vote,8,3
4,vote,11,3
4,vote,13,3
4,execute,3,BODYGUARD
4,attackVote,11,7
4,attack,7,true
5,status,1,VILLAGER,ALIVE,OKAMI
5,status,2,VILLAGER,ALIVE,SampleJava14
5,status,3,BODYGUARD,DEAD,OKAMI
5,status,4,MEDIUM,ALIVE,SampleJava6
5,status,5,WEREWOLF,DEAD,OKAMI
5,status,6,VILLAGER,ALIVE,SampleJava11
5,status,7,VILLAGER,DEAD,OKAMI
5,status,8,POSSESSED,ALIVE,TOKU5
5,status,9,WEREWOLF,DEAD,sample_py
5,status,10,VILLAGER,DEAD,sample_py
5,status,11,WEREWOLF,ALIVE,Takeda2
5,status,12,VILLAGER,DEAD,Tomato0
5,status,13,VILLAGER,ALIVE,TOKU1
5,status,14,SEER,DEAD,OKAMI
5,status,15,VILLAGER,DEAD,TOKU4
5,talk,0,0,13,VOTE Agent[02]
5,talk,1,0,2,VOTE Agent[01]
5,talk,2,0,11,VOTE Agent[02]
5,talk,3,0,6,VOTE Agent[11]
5,talk,4,0,1,VOTE Agent[11]
5,talk,5,0,4,DAY 5 (IDENTIFIED Agent[03] HUMAN)
5,talk,6,0,8,DIVINED Agent[06] WEREWOLF
5,talk,7,1,13,Skip
5,talk,8,1,11,Skip
5,talk,9,1,2,REQUEST ANY (VOTE Agent[01])
5,talk,10,1,8,VOTE Agent[11]
5,talk,11,1,4,IDENTIFIED Agent[03] HUMAN
5,talk,12,1,6,REQUEST ANY (VOTE Agent[11])
5,talk,13,1,1,COMINGOUT Agent[01] VILLAGER
5,talk,14,2,1,VOTE Agent[11]
5,talk,15,2,8,Skip
5,talk,16,2,13,Skip
5,talk,17,2,6,BECAUSE (AND (COMINGOUT Agent[06] VILLAGER) (DAY 5 (Agent[08] DIVINED Agent[06] WEREWOLF))) (XOR (ESTIMATE Agent[08] WEREWOLF) (ESTIMATE Agent[08] POSSESSED))
5,talk,18,2,11,Skip
5,talk,19,2,4,VOTE Agent[08]
5,talk,20,2,2,Skip
5,talk,21,3,6,BECAUSE (XOR (ESTIMATE Agent[08] WEREWOLF) (ESTIMATE Agent[08] POSSESSED)) (AND (VOTE Agent[08]) (REQUEST ANY (VOTE Agent[08])))
5,talk,22,3,11,Over
5,talk,23,3,2,Skip
5,talk,24,3,1,VOTE Agent[08]
5,talk,25,3,13,Over
5,talk,26,3,8,Skip
5,talk,27,3,4,REQUEST ANY (VOTE Agent[08])
5,talk,28,4,13,Over
5,talk,29,4,4,Skip
5,talk,30,4,1,VOTE Agent[08]
5,talk,31,4,6,VOTE Agent[08]
5,talk,32,4,8,Over
5,talk,33,4,11,Over
5,talk,34,4,2,Over
5,talk,35,5,1,VOTE Agent[02]
5,talk,36,5,4,Skip
5,talk,37,5,2,Over
5,talk,38,5,6,REQUEST ANY (VOTE Agent[08])
5,talk,39,5,8,Over
5,talk,40,5,11,Over
5,talk,41,5,13,Over
5,talk,42,6,2,Over
5,talk,43,6,8,Over
5,talk,44,6,6,Skip
5,talk,45,6,11,Over
5,talk,46,6,1,VOTE Agent[08]
5,talk,47,6,4,Over
5,talk,48,6,13,Over
5,talk,49,7,1,VOTE Agent[02]
5,talk,50,7,2,Over
5,talk,51,7,11,Over
5,talk,52,7,8,Over
5,talk,53,7,6,Skip
5,talk,54,7,4,Over
5,talk,55,7,13,Over
5,talk,56,8,8,Over
5,talk,57,8,2,Over
5,talk,58,8,11,Over
5,talk,59,8,4,Over
5,talk,60,8,1,VOTE Agent[08]
5,talk,61,8,6,Over
5,talk,62,8,13,Over
5,talk,63,9,13,Over
5,talk,64,9,11,Over
5,talk,65,9,4,Over
5,talk,66,9,8,Over
5,talk,67,9,2,Over
5,talk,68,9,6,Over
5,talk,69,9,1,Over
5,vote,1,8
5,vote,2,8
5,vote,4,8
5,vote,6,8
5,vote,8,1
5,vote,11,2
5,vote,13,2
5,execute,8,POSSESSED
5,attackVote,11,6
5,attack,6,true
6,status,1,VILLAGER,ALIVE,OKAMI
6,status,2,VILLAGER,ALIVE,SampleJava14
6,status,3,BODYGUARD,DEAD,OKAMI
6,status,4,MEDIUM,ALIVE,SampleJava6
6,status,5,WEREWOLF,DEAD,OKAMI
6,status,6,VILLAGER,DEAD,SampleJava11
6,status,7,VILLAGER,DEAD,OKAMI
6,status,8,POSSESSED,DEAD,TOKU5
6,status,9,WEREWOLF,DEAD,sample_py
6,status,10,VILLAGER,DEAD,sample_py
6,status,11,WEREWOLF,ALIVE,Takeda2
6,status,12,VILLAGER,DEAD,Tomato0
6,status,13,VILLAGER,ALIVE,TOKU1
6,status,14,SEER,DEAD,OKAMI
6,status,15,VILLAGER,DEAD,TOKU4
6,talk,0,0,1,VOTE Agent[02]
6,talk,1,0,11,VOTE Agent[02]
6,talk,2,0,13,VOTE Agent[02]
6,talk,3,0,2,VOTE Agent[01]
6,talk,4,0,4,DAY 6 (IDENTIFIED Agent[08] HUMAN)
6,talk,5,1,1,COMINGOUT Agent[01] VILLAGER
6,talk,6,1,11,Skip
6,talk,7,1,2,REQUEST ANY (VOTE Agent[01])
6,talk,8,1,4,IDENTIFIED Agent[08] HUMAN
6,talk,9,1,13,Skip
6,talk,10,2,1,VOTE Agent[02]
6,talk,11,2,2,Skip
6,talk,12,2,11,Skip
6,talk,13,2,4,VOTE Agent[01]
6,talk,14,2,13,Skip
6,talk,15,3,1,VOTE Agent[02]
6,talk,16,3,11,Over
6,talk,17,3,4,REQUEST ANY (VOTE Agent[01])
6,talk,18,3,13,Over
6,talk,19,3,2,Skip
6,talk,20,4,1,VOTE Agent[02]
6,talk,21,4,11,Over
6,talk,22,4,2,Over
6,talk,23,4,4,Skip
6,talk,24,4,13,Over
6,talk,25,5,11,Over
6,talk,26,5,1,VOTE Agent[02]
6,talk,27,5,2,Over
6,talk,28,5,4,Skip
6,talk,29,5,13,Over
6,talk,30,6,2,Over
6,talk,31,6,1,VOTE Agent[02]
6,talk,32,6,11,Over
6,talk,33,6,13,Over
6,talk,34,6,4,Over
6,talk,35,7,13,Over
6,talk,36,7,2,Over
6,talk,37,7,4,Over
6,talk,38,7,11,Over
6,talk,39,7,1,VOTE Agent[02]
6,talk,40,8,11,Over
6,talk,41,8,2,Over
6,talk,42,8,13,Over
6,talk,43,8,1,VOTE Agent[02]
6,talk,44,8,4,Over
6,talk,45,9,1,Over
6,talk,46,9,2,Over
6,talk,47,9,13,Over
6,talk,48,9,4,Over
6,talk,49,9,11,Over
6,vote,1,2
6,vote,2,1
6,vote,4,1
6,vote,11,2
6,vote,13,2
6,execute,2,VILLAGER
6,attackVote,11,1
6,attack,1,true
7,status,1,VILLAGER,DEAD,OKAMI
7,status,2,VILLAGER,DEAD,SampleJava14
7,status,3,BODYGUARD,DEAD,OKAMI
7,status,4,MEDIUM,ALIVE,SampleJava6
7,status,5,WEREWOLF,DEAD,OKAMI
7,status,6,VILLAGER,DEAD,SampleJava11
7,status,7,VILLAGER,DEAD,OKAMI
7,status,8,POSSESSED,DEAD,TOKU5
7,status,9,WEREWOLF,DEAD,sample_py
7,status,10,VILLAGER,DEAD,sample_py
7,status,11,WEREWOLF,ALIVE,Takeda2
7,status,12,VILLAGER,DEAD,Tomato0
7,status,13,VILLAGER,ALIVE,TOKU1
7,status,14,SEER,DEAD,OKAMI
7,status,15,VILLAGER,DEAD,TOKU4
7,talk,0,0,13,VOTE Agent[11]
7,talk,1,0,4,DAY 7 (IDENTIFIED Agent[02] HUMAN)
7,talk,2,0,11,VOTE Agent[13]
7,talk,3,1,13,Skip
7,talk,4,1,11,Skip
7,talk,5,1,4,IDENTIFIED Agent[02] HUMAN
7,talk,6,2,11,Skip
7,talk,7,2,13,Skip
7,talk,8,2,4,VOTE Agent[13]
7,talk,9,3,4,REQUEST ANY (VOTE Agent[13])
7,talk,10,3,11,Over
7,talk,11,3,13,VOTE Agent[11]
7,talk,12,4,13,VOTE Agent[11]
7,talk,13,4,4,Skip
7,talk,14,4,11,Over
7,talk,15,5,11,Over
7,talk,16,5,4,Skip
7,talk,17,5,13,VOTE Agent[11]
7,talk,18,6,4,Over
7,talk,19,6,11,Over
7,talk,20,6,13,VOTE Agent[11]
7,talk,21,7,13,VOTE Agent[11]
7,talk,22,7,4,Over
7,talk,23,7,11,Over
7,talk,24,8,13,VOTE Agent[11]
7,talk,25,8,4,Over
7,talk,26,8,11,Over
7,talk,27,9,13,VOTE Agent[11]
7,talk,28,9,11,Over
7,talk,29,9,4,Over
7,talk,30,10,4,Over
7,talk,31,10,13,VOTE Agent[11]
7,talk,32,10,11,Over
7,talk,33,11,11,Over
7,talk,34,11,4,Over
7,talk,35,11,13,VOTE Agent[11]
7,talk,36,12,11,Over
7,talk,37,12,4,Over
7,talk,38,12,13,Over
7,vote,4,11
7,vote,11,4
7,vote,13,11
7,execute,11,WEREWOLF
8,status,1,VILLAGER,DEAD,OKAMI
8,status,2,VILLAGER,DEAD,SampleJava14
8,status,3,BODYGUARD,DEAD,OKAMI
8,status,4,MEDIUM,ALIVE,SampleJava6
8,status,5,WEREWOLF,DEAD,OKAMI
8,status,6,VILLAGER,DEAD,SampleJava11
8,status,7,VILLAGER,DEAD,OKAMI
8,status,8,POSSESSED,DEAD,TOKU5
8,status,9,WEREWOLF,DEAD,sample_py
8,status,10,VILLAGER,DEAD,sample_py
8,status,11,WEREWOLF,DEAD,Takeda2
8,status,12,VILLAGER,DEAD,Tomato0
8,status,13,VILLAGER,ALIVE,TOKU1
8,status,14,SEER,DEAD,OKAMI
8,status,15,VILLAGER,DEAD,TOKU4
8,result,2,0,VILLAGER
