0,status,1,WEREWOLF,ALIVE,OKAMI
0,status,2,VILLAGER,ALIVE,SampleJava14
0,status,3,MEDIUM,ALIVE,OKAMI
0,status,4,SEER,ALIVE,SampleJava6
0,status,5,VILLAGER,ALIVE,OKAMI
0,status,6,VILLAGER,ALIVE,SampleJava11
0,status,7,VILLAGER,ALIVE,OKAMI
0,status,8,VILLAGER,ALIVE,TOKU5
0,status,9,VILLAGER,ALIVE,sample_py
0,status,10,VILLAGER,ALIVE,sample_py
0,status,11,VILLAGER,ALIVE,Takeda2
0,status,12,POSSESSED,ALIVE,Tomato0
0,status,13,WEREWOLF,ALIVE,TOKU1
0,status,14,BODYGUARD,ALIVE,OKAMI
0,status,15,WEREWOLF,ALIVE,TOKU4
0,whisper,0,0,13,Skip
0,whisper,1,0,15,Skip
0,whisper,2,0,1,COMINGOUT Agent[01] MEDIUM
0,whisper,3,1,1,Skip
0,whisper,4,1,13,Skip
0,whisper,5,1,15,Skip
0,whisper,6,2,1,Skip
0,whisper,7,2,15,Over
0,whisper,8,2,13,Over
0,whisper,9,3,1,Over
0,whisper,10,3,13,Over
0,whisper,11,3,15,Over
0,divine,4,15,WEREWOLF
1,status,1,WEREWOLF,ALIVE,OKAMI
1,status,2,VILLAGER,ALIVE,SampleJava14
1,status,3,MEDIUM,ALIVE,OKAMI
1,status,4,SEER,ALIVE,SampleJava6
1,status,5,VILLAGER,ALIVE,OKAMI
1,status,6,VILLAGER,ALIVE,SampleJava11
1,status,7,VILLAGER,ALIVE,OKAMI
1,status,8,VILLAGER,ALIVE,TOKU5
1,status,9,VILLAGER,ALIVE,sample_py
1,status,10,VILLAGER,ALIVE,sample_py
1,status,11,VILLAGER,ALIVE,Takeda2
1,status,12,POSSESSED,ALIVE,Tomato0
1,status,13,WEREWOLF,ALIVE,TOKU1
1,status,14,BODYGUARD,ALIVE,OKAMI
1,status,15,WEREWOLF,ALIVE,TOKU4
1,talk,0,0,14,VOTE Agent[09]
1,talk,1,0,4,COMINGOUT Agent[04] SEER
1,talk,2,0,3,Over
1,talk,3,0,1,COMINGOUT Agent[01] MEDIUM
1,talk,4,0,2,VOTE Agent[03]
1,talk,5,0,7,VOTE Agent[09]
1,talk,6,0,13,VOTE Agent[03]
1,talk,7,0,15,VOTE Agent[03]
1,talk,8,0,5,VOTE Agent[09]
1,talk,9,0,6,VOTE Agent[07]
1,talk,10,0,8,VOTE Agent[03]
1,talk,11,0,10,VOTE Agent[04]
1,talk,12,0,11,VOTE Agent[04]
1,talk,13,0,12,COMINGOUT Agent[12] SEER
1,talk,14,0,9,VOTE Agent[06]
1,talk,15,1,6,REQUEST ANY (VOTE Agent[07])
1,talk,16,1,2,REQUEST ANY (VOTE Agent[03])
1,talk,17,1,5,COMINGOUT Agent[05] VILLAGER
1,talk,18,1,1,VOTE Agent[03]
1,talk,19,1,10,Skip
1,talk,20,1,8,VOTE Agent[12]
1,talk,21,1,7,COMINGOUT Agent[07] VILLAGER
1,talk,22,1,11,VOTE Agent[03]
1,talk,23,1,13,Skip
1,talk,24,1,15,VOTE Agent[14]
1,talk,25,1,12,DIVINED Agent[15] WEREWOLF
1,talk,26,1,4,DAY 1 (DIVINED Agent[15] WEREWOLF)
1,talk,27,1,3,Over
1,talk,28,1,9,VOTE Agent[15]
1,talk,29,1,14,VOTE Agent[15]
1,talk,30,2,3,Over
1,talk,31,2,7,VOTE Agent[15]
1,talk,32,2,5,VOTE Agent[15]
1,talk,33,2,11,VOTE Agent[01]
1,talk,34,2,1,VOTE Agent[03]
1,talk,35,2,13,VOTE Agent[06]
1,talk,36,2,4,DIVINED Agent[15] WEREWOLF
1,talk,37,2,14,VOTE Agent[15]
1,talk,38,2,9,Skip
1,talk,39,2,6,Skip
1,talk,40,2,12,VOTE Agent[15]
1,talk,41,2,10,VOTE Agent[15]
1,talk,42,2,8,VOTE Agent[14]
1,talk,43,2,2,Skip
1,talk,44,2,15,Skip
1,talk,45,3,2,Skip
1,talk,46,3,12,Skip
1,talk,47,3,7,VOTE Agent[15]
1,talk,48,3,15,Skip
1,talk,49,3,6,Skip
1,talk,50,3,9,Skip
1,talk,51,3,3,Over
1,talk,52,3,5,VOTE Agent[15]
1,talk,53,3,11,Skip
1,talk,54,3,13,VOTE Agent[09]
1,talk,55,3,14,VOTE Agent[15]
1,talk,56,3,1,VOTE Agent[14]
1,talk,57,3,10,Skip
1,talk,58,3,4,BECAUSE (DAY 1 (DIVINED Agent[15] WEREWOLF)) (AND (VOTE Agent[15]) (REQUEST ANY (VOTE Agent[15])))
1,talk,59,3,8,Skip
1,talk,60,4,15,Over
1,talk,61,4,14,VOTE Agent[15]
1,talk,62,4,7,VOTE Agent[15]
1,talk,63,4,5,VOTE Agent[15]
1,talk,64,4,3,Over
1,talk,65,4,9,Over
1,talk,66,4,4,VOTE Agent[15]
1,talk,67,4,11,Skip
1,talk,68,4,6,Over
1,talk,69,4,10,Skip
1,talk,70,4,1,VOTE Agent[14]
1,talk,71,4,13,VOTE Agent[01]
1,talk,72,4,12,Skip
1,talk,73,4,8,Skip
1,talk,74,4,2,Over
1,talk,75,5,7,VOTE Agent[15]
1,talk,76,5,15,VOTE Agent[01]
1,talk,77,5,14,VOTE Agent[15]
1,talk,78,5,11,Over
1,talk,79,5,2,Over
1,talk,80,5,9,Over
1,talk,81,5,5,VOTE Agent[15]
1,talk,82,5,13,VOTE Agent[14]
1,talk,83,5,1,VOTE Agent[14]
1,talk,84,5,10,Over
1,talk,85,5,6,Over
1,talk,86,5,12,Over
1,talk,87,5,8,Over
1,talk,88,5,4,REQUEST ANY (VOTE Agent[15])
1,talk,89,5,3,Over
1,talk,90,6,11,Over
1,talk,91,6,2,Over
1,talk,92,6,1,VOTE Agent[14]
1,talk,93,6,12,Over
1,talk,94,6,15,VOTE Agent[11]
1,talk,95,6,7,VOTE Agent[15]
1,talk,96,6,8,VOTE Agent[01]
1,talk,97,6,14,VOTE Agent[15]
1,talk,98,6,13,Skip
1,talk,99,6,6,Over
1,talk,100,6,10,Over
1,talk,101,6,9,Over
1,talk,102,6,4,Skip
1,talk,103,6,3,Over
1,talk,104,6,5,VOTE Agent[15]
1,talk,105,7,1,VOTE Agent[07]
1,talk,106,7,2,Over
1,talk,107,7,7,VOTE Agent[15]
1,talk,108,7,5,VOTE Agent[15]
1,talk,109,7,8,Skip
1,talk,110,7,6,Over
1,talk,111,7,10,Over
1,talk,112,7,4,Skip
1,talk,113,7,15,VOTE Agent[01]
1,talk,114,7,14,VOTE Agent[15]
1,talk,115,7,12,Over
1,talk,116,7,9,Over
1,talk,117,7,11,Over
1,talk,118,7,13,Skip
1,talk,119,7,3,Over
1,talk,120,8,9,Over
1,talk,121,8,8,Skip
1,talk,122,8,5,VOTE Agent[15]
1,talk,123,8,10,Over
1,talk,124,8,4,Over
1,talk,125,8,14,VOTE Agent[15]
1,talk,126,8,1,VOTE Agent[03]
1,talk,127,8,13,Over
1,talk,128,8,3,Over
1,talk,129,8,15,VOTE Agent[14]
1,talk,130,8,6,Over
1,talk,131,8,12,Over
1,talk,132,8,7,VOTE Agent[15]
1,talk,133,8,11,Over
1,talk,134,8,2,Over
1,talk,135,9,15,Skip
1,talk,136,9,4,Over
1,talk,137,9,10,Over
1,talk,138,9,7,Over
1,talk,139,9,1,Over
1,talk,140,9,13,Over
1,talk,141,9,3,Over
1,talk,142,9,6,Over
1,talk,143,9,14,Over
1,talk,144,9,5,Over
1,talk,145,9,2,Over
1,talk,146,9,8,Over
1,talk,147,9,9,Over
1,talk,148,9,11,Over
1,talk,149,9,12,Over
1,talk,150,10,15,Skip
1,talk,151,10,8,Over
1,talk,152,10,12,Over
1,talk,153,10,4,Over
1,talk,154,10,6,Over
1,talk,155,10,7,Over
1,talk,156,10,5,Over
1,talk,157,10,14,Over
1,talk,158,10,3,Over
1,talk,159,10,2,Over
1,talk,160,10,10,Over
1,talk,161,10,13,Over
1,talk,162,10,1,Over
1,talk,163,10,9,Over
1,talk,164,10,11,Over
1,talk,165,11,10,Over
1,talk,166,11,12,Over
1,talk,167,11,4,Over
1,talk,168,11,11,Over
1,talk,169,11,5,Over
1,talk,170,11,3,Over
1,talk,171,11,13,Over
1,talk,172,11,6,Over
1,talk,173,11,15,Over
1,talk,174,11,1,Over
1,talk,175,11,9,Over
1,talk,176,11,2,Over
1,talk,177,11,7,Over
1,talk,178,11,8,Over
1,talk,179,11,14,Over
1,vote,1,14
1,vote,2,7
1,vote,3,15
1,vote,4,15
1,vote,5,15
1,vote,6,15
1,vote,7,15
1,vote,8,1
1,vote,9,15
1,vote,10,15
1,vote,11,1
1,vote,12,15
1,vote,13,1
1,vote,14,15
1,vote,15,1
1,execute,15,WEREWOLF
1,divine,4,5,HUMAN
1,whisper,0,0,1,ATTACK Agent[12]
1,whisper,1,0,13,Skip
1,whisper,2,1,13,Skip
1,whisper,3,1,1,Skip
1,whisper,4,2,13,Over
1,whisper,5,2,1,Skip
1,whisper,6,3,1,Over
1,whisper,7,3,13,Over
1,guard,14,1,WEREWOLF
1,attackVote,1,12
1,attackVote,13,12
1,attack,12,true
2,status,1,WEREWOLF,ALIVE,OKAMI
2,status,2,VILLAGER,ALIVE,SampleJava14
2,status,3,MEDIUM,ALIVE,OKAMI
2,status,4,SEER,ALIVE,SampleJava6
2,status,5,VILLAGER,ALIVE,OKAMI
2,status,6,VILLAGER,ALIVE,SampleJava11
2,status,7,VILLAGER,ALIVE,OKAMI
2,status,8,VILLAGER,ALIVE,TOKU5
2,status,9,VILLAGER,ALIVE,sample_py
2,status,10,VILLAGER,ALIVE,sample_py
2,status,11,VILLAGER,ALIVE,Takeda2
2,status,12,POSSESSED,DEAD,Tomato0
2,status,13,WEREWOLF,ALIVE,TOKU1
2,status,14,BODYGUARD,ALIVE,OKAMI
2,status,15,WEREWOLF,DEAD,TOKU4
2,talk,0,0,6,VOTE Agent[14]
2,talk,1,0,13,VOTE Agent[14]
2,talk,2,0,10,VOTE Agent[01]
2,talk,3,0,8,VOTE Agent[01]
2,talk,4,0,2,VOTE Agent[08]
2,talk,5,0,14,VOTE Agent[08]
2,talk,6,0,3,ESTIMATE Agent[15] WEREWOLF
2,talk,7,0,5,VOTE Agent[14]
2,talk,8,0,11,VOTE Agent[01]
2,talk,9,0,1,IDENTIFIED Agent[15] WEREWOLF
2,talk,10,0,9,VOTE Agent[02]
2,talk,11,0,4,DAY 2 (DIVINED Agent[05] HUMAN)
2,talk,12,0,7,VOTE Agent[08]
2,talk,13,1,6,REQUEST ANY (VOTE Agent[14])
2,talk,14,1,1,VOTE Agent[08]
2,talk,15,1,8,Skip
2,talk,16,1,10,Skip
2,talk,17,1,5,COMINGOUT Agent[05] VILLAGER
2,talk,18,1,14,VOTE Agent[02]
2,talk,19,1,2,REQUEST ANY (VOTE Agent[08])
2,talk,20,1,11,VOTE Agent[14]
2,talk,21,1,13,VOTE Agent[08]
2,talk,22,1,3,Over
2,talk,23,1,7,COMINGOUT Agent[07] VILLAGER
2,talk,24,1,4,DIVINED Agent[05] HUMAN
2,talk,25,1,9,Skip
2,talk,26,2,8,VOTE Agent[03]
2,talk,27,2,1,VOTE Agent[08]
2,talk,28,2,6,Skip
2,talk,29,2,13,VOTE Agent[14]
2,talk,30,2,9,Skip
2,talk,31,2,14,VOTE Agent[02]
2,talk,32,2,10,Skip
2,talk,33,2,2,Skip
2,talk,34,2,3,Over
2,talk,35,2,11,Skip
2,talk,36,2,4,VOTE Agent[09]
2,talk,37,2,7,VOTE Agent[08]
2,talk,38,2,5,VOTE Agent[14]
2,talk,39,3,8,Skip
2,talk,40,3,9,Over
2,talk,41,3,1,VOTE Agent[14]
2,talk,42,3,7,VOTE Agent[02]
2,talk,43,3,10,Over
2,talk,44,3,2,Skip
2,talk,45,3,6,Skip
2,talk,46,3,11,Skip
2,talk,47,3,13,VOTE Agent[02]
2,talk,48,3,4,REQUEST ANY (VOTE Agent[09])
2,talk,49,3,3,Over
2,talk,50,3,5,VOTE Agent[14]
2,talk,51,3,14,VOTE Agent[08]
2,talk,52,4,3,Over
2,talk,53,4,1,VOTE Agent[02]
2,talk,54,4,4,Skip
2,talk,55,4,10,Over
2,talk,56,4,11,Over
2,talk,57,4,9,Over
2,talk,58,4,5,VOTE Agent[08]
2,talk,59,4,8,VOTE Agent[14]
2,talk,60,4,7,VOTE Agent[02]
2,talk,61,4,13,VOTE Agent[14]
2,talk,62,4,14,VOTE Agent[08]
2,talk,63,4,2,Over
2,talk,64,4,6,Over
2,talk,65,5,1,VOTE Agent[14]
2,talk,66,5,9,Over
2,talk,67,5,2,Over
2,talk,68,5,13,Skip
2,talk,69,5,3,Over
2,talk,70,5,10,Over
2,talk,71,5,8,Skip
2,talk,72,5,4,Skip
2,talk,73,5,14,VOTE Agent[08]
2,talk,74,5,6,Over
2,talk,75,5,7,VOTE Agent[08]
2,talk,76,5,5,VOTE Agent[08]
2,talk,77,5,11,Over
2,talk,78,6,5,VOTE Agent[08]
2,talk,79,6,11,Over
2,talk,80,6,13,Skip
2,talk,81,6,1,VOTE Agent[08]
2,talk,82,6,8,Skip
2,talk,83,6,4,Over
2,talk,84,6,10,Over
2,talk,85,6,2,Over
2,talk,86,6,3,Over
2,talk,87,6,6,Over
2,talk,88,6,14,VOTE Agent[02]
2,talk,89,6,7,VOTE Agent[08]
2,talk,90,6,9,Over
2,talk,91,7,13,Over
2,talk,92,7,8,Over
2,talk,93,7,14,VOTE Agent[09]
2,talk,94,7,2,Over
2,talk,95,7,9,Over
2,talk,96,7,7,VOTE Agent[08]
2,talk,97,7,6,Over
2,talk,98,7,10,Over
2,talk,99,7,3,Over
2,talk,100,7,1,VOTE Agent[14]
2,talk,101,7,5,VOTE Agent[08]
2,talk,102,7,11,Over
2,talk,103,7,4,Over
2,talk,104,8,7,VOTE Agent[08]
2,talk,105,8,1,VOTE Agent[14]
2,talk,106,8,14,VOTE Agent[02]
2,talk,107,8,11,Over
2,talk,108,8,2,Over
2,talk,109,8,5,VOTE Agent[08]
2,talk,110,8,13,Over
2,talk,111,8,10,Over
2,talk,112,8,4,Over
2,talk,113,8,6,Over
2,talk,114,8,8,Over
2,talk,115,8,9,Over
2,talk,116,8,3,Over
2,talk,117,9,10,Over
2,talk,118,9,3,Over
2,talk,119,9,9,Over
2,talk,120,9,4,Over
2,talk,121,9,6,Over
2,talk,122,9,1,Over
2,talk,123,9,13,Over
2,talk,124,9,8,Over
2,talk,125,9,11,Over
2,talk,126,9,5,Over
2,talk,127,9,7,Over
2,talk,128,9,14,Over
2,talk,129,9,2,Over
2,vote,1,14
2,vote,2,14
2,vote,3,8
2,vote,4,8
2,vote,5,8
2,vote,6,8
2,vote,7,8
2,vote,8,14
2,vote,9,2
2,vote,10,1
2,vote,11,14
2,vote,13,14
2,vote,14,9
2,vote,1,14
2,vote,2,8
2,vote,3,8
2,vote,4,8
2,vote,5,8
2,vote,6,8
2,vote,7,2
2,vote,8,14
2,vote,9,2
2,vote,10,1
2,vote,11,14
2,vote,13,14
2,vote,14,9
2,execute,8,VILLAGER
2,divine,4,10,HUMAN
2,whisper,0,0,13,Skip
2,whisper,1,0,1,ATTACK Agent[04]
2,whisper,2,1,13,Skip
2,whisper,3,1,1,Skip
2,whisper,4,2,1,Skip
2,whisper,5,2,13,Over
2,whisper,6,3,13,Over
2,whisper,7,3,1,Over
2,guard,14,4,SEER
2,attackVote,1,4
2,attackVote,13,4
2,attack,4,false
3,status,1,WEREWOLF,ALIVE,OKAMI
3,status,2,VILLAGER,ALIVE,SampleJava14
3,status,3,MEDIUM,ALIVE,OKAMI
3,status,4,SEER,ALIVE,SampleJava6
3,status,5,VILLAGER,ALIVE,OKAMI
3,status,6,VILLAGER,ALIVE,SampleJava11
3,status,7,VILLAGER,ALIVE,OKAMI
3,status,8,VILLAGER,DEAD,TOKU5
3,status,9,VILLAGER,ALIVE,sample_py
3,status,10,VILLAGER,ALIVE,sample_py
3,status,11,VILLAGER,ALIVE,Takeda2
3,status,12,POSSESSED,DEAD,Tomato0
3,status,13,WEREWOLF,ALIVE,TOKU1
3,status,14,BODYGUARD,ALIVE,OKAMI
3,status,15,WEREWOLF,DEAD,TOKU4
3,talk,0,0,14,VOTE Agent[11]
3,talk,1,0,6,VOTE Agent[14]
3,talk,2,0,11,VOTE Agent[14]
3,talk,3,0,5,VOTE Agent[11]
3,talk,4,0,4,DAY 3 (DIVINED Agent[10] HUMAN)
3,talk,5,0,1,IDENTIFIED Agent[08] HUMAN
3,talk,6,0,9,VOTE Agent[11]
3,talk,7,0,10,VOTE Agent[06]
3,talk,8,0,2,VOTE Agent[11]
3,talk,9,0,13,VOTE Agent[14]
3,talk,10,0,7,VOTE Agent[14]
3,talk,11,0,3,Skip
3,talk,12,1,11,Skip
3,talk,13,1,13,Skip
3,talk,14,1,9,Skip
3,talk,15,1,4,DIVINED Agent[10] HUMAN
3,talk,16,1,10,Skip
3,talk,17,1,1,VOTE Agent[14]
3,talk,18,1,14,VOTE Agent[06]
3,talk,19,1,7,COMINGOUT Agent[07] VILLAGER
3,talk,20,1,6,REQUEST ANY (VOTE Agent[14])
3,talk,21,1,5,COMINGOUT Agent[05] VILLAGER
3,talk,22,1,3,Over
3,talk,23,1,2,REQUEST ANY (VOTE Agent[11])
3,talk,24,2,2,Skip
3,talk,25,2,6,Skip
3,talk,26,2,13,Skip
3,talk,27,2,9,Skip
3,talk,28,2,5,VOTE Agent[11]
3,talk,29,2,11,Skip
3,talk,30,2,7,VOTE Agent[11]
3,talk,31,2,4,VOTE Agent[02]
3,talk,32,2,3,Over
3,talk,33,2,10,Skip
3,talk,34,2,1,VOTE Agent[11]
3,talk,35,2,14,VOTE Agent[02]
3,talk,36,3,10,Over
3,talk,37,3,2,Skip
3,talk,38,3,14,VOTE Agent[06]
3,talk,39,3,11,Over
3,talk,40,3,9,Over
3,talk,41,3,6,Skip
3,talk,42,3,4,REQUEST ANY (VOTE Agent[02])
3,talk,43,3,3,Over
3,talk,44,3,1,VOTE Agent[11]
3,talk,45,3,5,VOTE Agent[14]
3,talk,46,3,7,VOTE Agent[11]
3,talk,47,3,13,Over
3,talk,48,4,4,Skip
3,talk,49,4,13,Over
3,talk,50,4,6,Over
3,talk,51,4,10,Over
3,talk,52,4,11,Over
3,talk,53,4,7,VOTE Agent[11]
3,talk,54,4,9,Over
3,talk,55,4,1,VOTE Agent[14]
3,talk,56,4,14,VOTE Agent[02]
3,talk,57,4,2,Over
3,talk,58,4,3,Over
3,talk,59,4,5,VOTE Agent[11]
3,talk,60,5,6,Over
3,talk,61,5,9,Over
3,talk,62,5,1,VOTE Agent[11]
3,talk,63,5,14,VOTE Agent[02]
3,talk,64,5,4,Skip
3,talk,65,5,7,VOTE Agent[14]
3,talk,66,5,5,VOTE Agent[11]
3,talk,67,5,13,Over
3,talk,68,5,11,Over
3,talk,69,5,2,Over
3,talk,70,5,10,Over
3,talk,71,5,3,Over
3,talk,72,6,3,Over
3,talk,73,6,11,Over
3,talk,74,6,14,VOTE Agent[02]
3,talk,75,6,1,VOTE Agent[14]
3,talk,76,6,4,Over
3,talk,77,6,9,Over
3,talk,78,6,7,VOTE Agent[11]
3,talk,79,6,10,Over
3,talk,80,6,6,Over
3,talk,81,6,2,Over
3,talk,82,6,5,VOTE Agent[11]
3,talk,83,6,13,Over
3,talk,84,7,13,Over
3,talk,85,7,10,Over
3,talk,86,7,11,Over
3,talk,87,7,3,Over
3,talk,88,7,1,VOTE Agent[11]
3,talk,89,7,6,Over
3,talk,90,7,5,VOTE Agent[14]
3,talk,91,7,7,VOTE Agent[11]
3,talk,92,7,9,Over
3,talk,93,7,4,Over
3,talk,94,7,2,Over
3,talk,95,7,14,VOTE Agent[06]
3,talk,96,8,2,Over
3,talk,97,8,5,VOTE Agent[14]
3,talk,98,8,10,Over
3,talk,99,8,11,Over
3,talk,100,8,3,Over
3,talk,101,8,1,VOTE Agent[14]
3,talk,102,8,13,Over
3,talk,103,8,7,VOTE Agent[06]
3,talk,104,8,14,VOTE Agent[06]
3,talk,105,8,4,Over
3,talk,106,8,6,Over
3,talk,107,8,9,Over
3,talk,108,9,7,Over
3,talk,109,9,9,Over
3,talk,110,9,4,Over
3,talk,111,9,6,Over
3,talk,112,9,13,Over
3,talk,113,9,5,Over
3,talk,114,9,1,Over
3,talk,115,9,2,Over
3,talk,116,9,14,Over
3,talk,117,9,11,Over
3,talk,118,9,10,Over
3,talk,119,9,3,Over
3,vote,1,14
3,vote,2,14
3,vote,3,6
3,vote,4,14
3,vote,5,6
3,vote,6,2
3,vote,7,6
3,vote,9,11
3,vote,10,6
3,vote,11,14
3,vote,13,14
3,vote,14,6
3,vote,1,14
3,vote,2,6
3,vote,3,6
3,vote,4,6
3,vote,5,6
3,vote,6,14
3,vote,7,6
3,vote,9,11
3,vote,10,6
3,vote,11,14
3,vote,13,14
3,vote,14,11
3,execute,6,VILLAGER
3,divine,4,1,WEREWOLF
3,whisper,0,0,1,ATTACK Agent[04]
3,whisper,1,0,13,Skip
3,whisper,2,1,13,Skip
3,whisper,3,1,1,Skip
3,whisper,4,2,13,Over
3,whisper,5,2,1,Skip
3,whisper,6,3,13,Over
3,whisper,7,3,1,Over
3,guard,14,4,SEER
3,attackVote,1,4
3,attackVote,13,4
3,attack,4,false
4,status,1,WEREWOLF,ALIVE,OKAMI
4,status,2,VILLAGER,ALIVE,SampleJava14
4,status,3,MEDIUM,ALIVE,OKAMI
4,status,4,SEER,ALIVE,SampleJava6
4,status,5,VILLAGER,ALIVE,OKAMI
4,status,6,VILLAGER,DEAD,SampleJava11
4,status,7,VILLAGER,ALIVE,OKAMI
4,status,8,VILLAGER,DEAD,TOKU5
4,status,9,VILLAGER,ALIVE,sample_py
4,status,10,VILLAGER,ALIVE,sample_py
4,status,11,VILLAGER,ALIVE,Takeda2
4,status,12,POSSESSED,DEAD,Tomato0
4,status,13,WEREWOLF,ALIVE,TOKU1
4,status,14,BODYGUARD,ALIVE,OKAMI
4,status,15,WEREWOLF,DEAD,TOKU4
4,talk,0,0,2,VOTE Agent[09]
4,talk,1,0,14,VOTE Agent[09]
4,talk,2,0,13,VOTE Agent[14]
4,talk,3,0,9,VOTE Agent[13]
4,talk,4,0,5,VOTE Agent[13]
4,talk,5,0,10,VOTE Agent[11]
4,talk,6,0,3,Skip
4,talk,7,0,1,IDENTIFIED Agent[06] HUMAN
4,talk,8,0,11,VOTE Agent[14]
4,talk,9,0,7,VOTE Agent[09]
4,talk,10,0,4,DAY 4 (DIVINED Agent[01] WEREWOLF)
4,talk,11,1,9,Skip
4,talk,12,1,10,Skip
4,talk,13,1,7,COMINGOUT Agent[07] VILLAGER
4,talk,14,1,1,VOTE Agent[09]
4,talk,15,1,11,Skip
4,talk,16,1,3,Over
4,talk,17,1,5,COMINGOUT Agent[05] VILLAGER
4,talk,18,1,14,VOTE Agent[13]
4,talk,19,1,4,DIVINED Agent[01] WEREWOLF
4,talk,20,1,13,Skip
4,talk,21,1,2,REQUEST ANY (VOTE Agent[09])
4,talk,22,2,9,VOTE Agent[01]
4,talk,23,2,3,Over
4,talk,24,2,13,Skip
4,talk,25,2,14,VOTE Agent[13]
4,talk,26,2,1,VOTE Agent[14]
4,talk,27,2,7,VOTE Agent[13]
4,talk,28,2,11,Skip
4,talk,29,2,4,BECAUSE (DAY 4 (DIVINED Agent[01] WEREWOLF)) (AND (VOTE Agent[01]) (REQUEST ANY (VOTE Agent[01])))
4,talk,30,2,5,VOTE Agent[13]
4,talk,31,2,10,VOTE Agent[01]
4,talk,32,2,2,Skip
4,talk,33,3,11,Over
4,talk,34,3,9,Skip
4,talk,35,3,13,Over
4,talk,36,3,10,Skip
4,talk,37,3,1,VOTE Agent[14]
4,talk,38,3,2,Skip
4,talk,39,3,3,Over
4,talk,40,3,14,VOTE Agent[09]
4,talk,41,3,7,VOTE Agent[09]
4,talk,42,3,4,VOTE Agent[01]
4,talk,43,3,5,VOTE Agent[14]
4,talk,44,4,9,Skip
4,talk,45,4,10,Skip
4,talk,46,4,4,REQUEST ANY (VOTE Agent[01])
4,talk,47,4,13,Over
4,talk,48,4,11,Over
4,talk,49,4,1,VOTE Agent[14]
4,talk,50,4,7,VOTE Agent[09]
4,talk,51,4,14,VOTE Agent[09]
4,talk,52,4,3,Over
4,talk,53,4,2,Over
4,talk,54,4,5,VOTE Agent[09]
4,talk,55,5,5,VOTE Agent[14]
4,talk,56,5,1,VOTE Agent[14]
4,talk,57,5,7,VOTE Agent[09]
4,talk,58,5,9,Over
4,talk,59,5,3,Over
4,talk,60,5,4,Skip
4,talk,61,5,13,Over
4,talk,62,5,14,VOTE Agent[09]
4,talk,63,5,2,Over
4,talk,64,5,11,Over
4,talk,65,5,10,Over
4,talk,66,6,2,Over
4,talk,67,6,1,VOTE Agent[14]
4,talk,68,6,9,Over
4,talk,69,6,4,Skip
4,talk,70,6,14,VOTE Agent[09]
4,talk,71,6,11,Over
4,talk,72,6,13,Over
4,talk,73,6,7,VOTE Agent[09]
4,talk,74,6,10,Over
4,talk,75,6,5,VOTE Agent[09]
4,talk,76,6,3,Over
4,talk,77,7,1,VOTE Agent[09]
4,talk,78,7,10,Over
4,talk,79,7,11,Over
4,talk,80,7,14,VOTE Agent[09]
4,talk,81,7,5,VOTE Agent[14]
4,talk,82,7,2,Over
4,talk,83,7,13,Over
4,talk,84,7,3,Over
4,talk,85,7,9,Over
4,talk,86,7,7,VOTE Agent[09]
4,talk,87,7,4,Over
4,talk,88,8,14,VOTE Agent[09]
4,talk,89,8,9,Over
4,talk,90,8,10,Over
4,talk,91,8,5,VOTE Agent[14]
4,talk,92,8,13,Over
4,talk,93,8,2,Over
4,talk,94,8,11,Over
4,talk,95,8,1,VOTE Agent[14]
4,talk,96,8,7,VOTE Agent[09]
4,talk,97,8,4,Over
4,talk,98,8,3,Over
4,talk,99,9,3,Over
4,talk,100,9,7,Over
4,talk,101,9,2,Over
4,talk,102,9,4,Over
4,talk,103,9,11,Over
4,talk,104,9,13,Over
4,talk,105,9,10,Over
4,talk,106,9,1,Over
4,talk,107,9,5,Over
4,talk,108,9,9,Over
4,talk,109,9,14,Over
4,vote,1,9
4,vote,2,1
4,vote,3,9
4,vote,4,1
4,vote,5,9
4,vote,7,9
4,vote,9,1
4,vote,10,1
4,vote,11,14
4,vote,13,14
4,vote,14,9
4,execute,9,VILLAGER
4,divine,4,11,HUMAN
4,whisper,0,0,1,ATTACK Agent[09]
4,whisper,1,0,13,Skip
4,whisper,2,1,1,Skip
4,whisper,3,1,13,Skip
4,whisper,4,2,1,Skip
4,whisper,5,2,13,Over
4,whisper,6,3,1,Over
4,whisper,7,3,13,Over
4,guard,14,1,WEREWOLF
4,attackVote,1,7
4,attackVote,13,4
4,attackVote,1,10
4,attackVote,13,4
4,attack,10,true
5,status,1,WEREWOLF,ALIVE,OKAMI
5,status,2,VILLAGER,ALIVE,SampleJava14
5,status,3,MEDIUM,ALIVE,OKAMI
5,status,4,SEER,ALIVE,SampleJava6
5,status,5,VILLAGER,ALIVE,OKAMI
5,status,6,VILLAGER,DEAD,SampleJava11
5,status,7,VILLAGER,ALIVE,OKAMI
5,status,8,VILLAGER,DEAD,TOKU5
5,status,9,VILLAGER,DEAD,sample_py
5,status,10,VILLAGER,DEAD,sample_py
5,status,11,VILLAGER,ALIVE,Takeda2
5,status,12,POSSESSED,DEAD,Tomato0
5,status,13,WEREWOLF,ALIVE,TOKU1
5,status,14,BODYGUARD,ALIVE,OKAMI
5,status,15,WEREWOLF,DEAD,TOKU4
5,talk,0,0,5,VOTE Agent[13]
5,talk,1,0,3,Skip
5,talk,2,0,2,VOTE Agent[07]
5,talk,3,0,14,VOTE Agent[07]
5,talk,4,0,11,VOTE Agent[14]
5,talk,5,0,4,DAY 5 (DIVINED Agent[11] HUMAN)
5,talk,6,0,13,VOTE Agent[14]
5,talk,7,0,7,VOTE Agent[13]
5,talk,8,0,1,IDENTIFIED Agent[09] HUMAN
5,talk,9,1,14,VOTE Agent[07]
5,talk,10,1,5,COMINGOUT Agent[05] VILLAGER
5,talk,11,1,11,Skip
5,talk,12,1,3,Over
5,talk,13,1,4,DIVINED Agent[11] HUMAN
5,talk,14,1,7,COMINGOUT Agent[07] VILLAGER
5,talk,15,1,1,VOTE Agent[14]
5,talk,16,1,13,Skip
5,talk,17,1,2,REQUEST ANY (VOTE Agent[07])
5,talk,18,2,1,VOTE Agent[14]
5,talk,19,2,5,VOTE Agent[07]
5,talk,20,2,7,VOTE Agent[14]
5,talk,21,2,11,Skip
5,talk,22,2,14,VOTE Agent[07]
5,talk,23,2,2,Skip
5,talk,24,2,3,Over
5,talk,25,2,13,Skip
5,talk,26,2,4,BECAUSE (DAY 4 (DIVINED Agent[01] WEREWOLF)) (AND (VOTE Agent[01]) (REQUEST ANY (VOTE Agent[01])))
5,talk,27,3,7,VOTE Agent[14]
5,talk,28,3,4,VOTE Agent[01]
5,talk,29,3,3,Over
5,talk,30,3,14,VOTE Agent[07]
5,talk,31,3,5,VOTE Agent[07]
5,talk,32,3,13,Over
5,talk,33,3,11,Over
5,talk,34,3,2,Skip
5,talk,35,3,1,VOTE Agent[07]
5,talk,36,4,11,Over
5,talk,37,4,4,REQUEST ANY (VOTE Agent[01])
5,talk,38,4,7,VOTE Agent[14]
5,talk,39,4,13,Over
5,talk,40,4,14,VOTE Agent[07]
5,talk,41,4,3,Over
5,talk,42,4,1,VOTE Agent[07]
5,talk,43,4,5,VOTE Agent[07]
5,talk,44,4,2,Over
5,talk,45,5,13,Over
5,talk,46,5,2,Over
5,talk,47,5,7,VOTE Agent[14]
5,talk,48,5,1,VOTE Agent[14]
5,talk,49,5,4,Skip
5,talk,50,5,14,VOTE Agent[07]
5,talk,51,5,11,Over
5,talk,52,5,3,Over
5,talk,53,5,5,VOTE Agent[07]
5,talk,54,6,1,VOTE Agent[14]
5,talk,55,6,7,VOTE Agent[14]
5,talk,56,6,14,VOTE Agent[07]
5,talk,57,6,3,Over
5,talk,58,6,5,VOTE Agent[07]
5,talk,59,6,13,Over
5,talk,60,6,2,Over
5,talk,61,6,11,Over
5,talk,62,6,4,Skip
5,talk,63,7,14,VOTE Agent[07]
5,talk,64,7,7,VOTE Agent[14]
5,talk,65,7,4,Over
5,talk,66,7,1,VOTE Agent[14]
5,talk,67,7,13,Over
5,talk,68,7,11,Over
5,talk,69,7,5,VOTE Agent[07]
5,talk,70,7,2,Over
5,talk,71,7,3,Over
5,talk,72,8,1,VOTE Agent[07]
5,talk,73,8,14,VOTE Agent[07]
5,talk,74,8,4,Over
5,talk,75,8,7,VOTE Agent[14]
5,talk,76,8,2,Over
5,talk,77,8,13,Over
5,talk,78,8,11,Over
5,talk,79,8,5,VOTE Agent[14]
5,talk,80,8,3,Over
5,talk,81,9,4,Over
5,talk,82,9,5,Over
5,talk,83,9,1,Over
5,talk,84,9,13,Over
5,talk,85,9,14,Over
5,talk,86,9,3,Over
5,talk,87,9,11,Over
5,talk,88,9,2,Over
5,talk,89,9,7,Over
5,vote,1,14
5,vote,2,1
5,vote,3,7
5,vote,4,1
5,vote,5,7
5,vote,7,14
5,vote,11,14
5,vote,13,14
5,vote,14,7
5,execute,14,BODYGUARD
5,divine,4,7,HUMAN
5,whisper,0,0,13,Skip
5,whisper,1,0,1,ATTACK Agent[11]
5,whisper,2,1,13,Skip
5,whisper,3,1,1,Skip
5,whisper,4,2,13,Over
5,whisper,5,2,1,Skip
5,whisper,6,3,13,Over
5,whisper,7,3,1,Over
5,attackVote,1,7
5,attackVote,13,4
5,attackVote,1,5
5,attackVote,13,4
5,attack,4,true
6,status,1,WEREWOLF,ALIVE,OKAMI
6,status,2,VILLAGER,ALIVE,SampleJava14
6,status,3,MEDIUM,ALIVE,OKAMI
6,status,4,SEER,DEAD,SampleJava6
6,status,5,VILLAGER,ALIVE,OKAMI
6,status,6,VILLAGER,DEAD,SampleJava11
6,status,7,VILLAGER,ALIVE,OKAMI
6,status,8,VILLAGER,DEAD,TOKU5
6,status,9,VILLAGER,DEAD,sample_py
6,status,10,VILLAGER,DEAD,sample_py
6,status,11,VILLAGER,ALIVE,Takeda2
6,status,12,POSSESSED,DEAD,Tomato0
6,status,13,WEREWOLF,ALIVE,TOKU1
6,status,14,BODYGUARD,DEAD,OKAMI
6,status,15,WEREWOLF,DEAD,TOKU4
6,talk,0,0,2,VOTE Agent[11]
6,talk,1,0,3,Skip
6,talk,2,0,13,VOTE Agent[02]
6,talk,3,0,1,IDENTIFIED Agent[14] HUMAN
6,talk,4,0,5,VOTE Agent[11]
6,talk,5,0,7,VOTE Agent[11]
6,talk,6,0,11,VOTE Agent[02]
6,talk,7,1,1,VOTE Agent[02]
6,talk,8,1,5,COMINGOUT Agent[05] VILLAGER
6,talk,9,1,2,REQUEST ANY (VOTE Agent[11])
6,talk,10,1,7,COMINGOUT Agent[07] VILLAGER
6,talk,11,1,3,Over
6,talk,12,1,11,VOTE Agent[01]
6,talk,13,1,13,VOTE Agent[01]
6,talk,14,2,13,Skip
6,talk,15,2,3,Over
6,talk,16,2,11,Skip
6,talk,17,2,2,Skip
6,talk,18,2,5,VOTE Agent[11]
6,talk,19,2,1,VOTE Agent[03]
6,talk,20,2,7,VOTE Agent[11]
6,talk,21,3,13,Skip
6,talk,22,3,5,VOTE Agent[11]
6,talk,23,3,11,Skip
6,talk,24,3,3,Over
6,talk,25,3,7,VOTE Agent[11]
6,talk,26,3,1,VOTE Agent[03]
6,talk,27,3,2,Skip
6,talk,28,4,5,VOTE Agent[01]
6,talk,29,4,11,Over
6,talk,30,4,13,Over
6,talk,31,4,7,VOTE Agent[11]
6,talk,32,4,2,Over
6,talk,33,4,1,VOTE Agent[03]
6,talk,34,4,3,Over
6,talk,35,5,2,Over
6,talk,36,5,7,VOTE Agent[11]
6,talk,37,5,1,VOTE Agent[07]
6,talk,38,5,3,Over
6,talk,39,5,13,Over
6,talk,40,5,5,VOTE Agent[11]
6,talk,41,5,11,Over
6,talk,42,6,3,Over
6,talk,43,6,5,VOTE Agent[11]
6,talk,44,6,2,Over
6,talk,45,6,13,Over
6,talk,46,6,1,VOTE Agent[03]
6,talk,47,6,7,VOTE Agent[11]
6,talk,48,6,11,Over
6,talk,49,7,11,Over
6,talk,50,7,1,VOTE Agent[02]
6,talk,51,7,5,VOTE Agent[11]
6,talk,52,7,13,Over
6,talk,53,7,2,Over
6,talk,54,7,3,Over
6,talk,55,7,7,VOTE Agent[01]
6,talk,56,8,1,VOTE Agent[03]
6,talk,57,8,3,Over
6,talk,58,8,5,VOTE Agent[11]
6,talk,59,8,2,Over
6,talk,60,8,11,Over
6,talk,61,8,7,VOTE Agent[01]
6,talk,62,8,13,Over
6,talk,63,9,3,Over
6,talk,64,9,7,Over
6,talk,65,9,13,Over
6,talk,66,9,5,Over
6,talk,67,9,11,Over
6,talk,68,9,2,Over
6,talk,69,9,1,Over
6,vote,1,3
6,vote,2,5
6,vote,3,11
6,vote,5,11
6,vote,7,11
6,vote,11,1
6,vote,13,1
6,execute,11,VILLAGER
6,whisper,0,0,13,Skip
6,whisper,1,0,1,ATTACK Agent[05]
6,whisper,2,1,13,Skip
6,whisper,3,1,1,Skip
6,whisper,4,2,1,Skip
6,whisper,5,2,13,Over
6,whisper,6,3,13,Over
6,whisper,7,3,1,Over
6,attackVote,1,5
6,attackVote,13,3
6,attackVote,1,7
6,attackVote,13,3
6,attack,7,true
7,status,1,WEREWOLF,ALIVE,OKAMI
7,status,2,VILLAGER,ALIVE,SampleJava14
7,status,3,MEDIUM,ALIVE,OKAMI
7,status,4,SEER,DEAD,SampleJava6
7,status,5,VILLAGER,ALIVE,OKAMI
7,status,6,VILLAGER,DEAD,SampleJava11
7,status,7,VILLAGER,DEAD,OKAMI
7,status,8,VILLAGER,DEAD,TOKU5
7,status,9,VILLAGER,DEAD,sample_py
7,status,10,VILLAGER,DEAD,sample_py
7,status,11,VILLAGER,DEAD,Takeda2
7,status,12,POSSESSED,DEAD,Tomato0
7,status,13,WEREWOLF,ALIVE,TOKU1
7,status,14,BODYGUARD,DEAD,OKAMI
7,status,15,WEREWOLF,DEAD,TOKU4
7,talk,0,0,3,Skip
7,talk,1,0,1,IDENTIFIED Agent[11] HUMAN
7,talk,2,0,13,VOTE Agent[01]
7,talk,3,0,5,VOTE Agent[01]
7,talk,4,0,2,VOTE Agent[01]
7,talk,5,1,5,COMINGOUT Agent[05] VILLAGER
7,talk,6,1,1,VOTE Agent[02]
7,talk,7,1,13,Skip
7,talk,8,1,3,Over
7,talk,9,1,2,REQUEST ANY (VOTE Agent[01])
7,talk,10,2,1,VOTE Agent[02]
7,talk,11,2,13,Skip
7,talk,12,2,3,Over
7,talk,13,2,5,VOTE Agent[01]
7,talk,14,2,2,Skip
7,talk,15,3,5,VOTE Agent[01]
7,talk,16,3,13,Over
7,talk,17,3,1,VOTE Agent[02]
7,talk,18,3,3,Over
7,talk,19,3,2,Skip
7,talk,20,4,5,VOTE Agent[01]
7,talk,21,4,13,Over
7,talk,22,4,2,Over
7,talk,23,4,3,Over
7,talk,24,4,1,VOTE Agent[02]
7,talk,25,5,1,VOTE Agent[02]
7,talk,26,5,13,Over
7,talk,27,5,2,Over
7,talk,28,5,3,Over
7,talk,29,5,5,VOTE Agent[01]
7,talk,30,6,1,VOTE Agent[02]
7,talk,31,6,5,VOTE Agent[01]
7,talk,32,6,2,Over
7,talk,33,6,3,Over
7,talk,34,6,13,Over
7,talk,35,7,2,Over
7,talk,36,7,3,Over
7,talk,37,7,13,Over
7,talk,38,7,1,VOTE Agent[03]
7,talk,39,7,5,VOTE Agent[03]
7,talk,40,8,1,VOTE Agent[03]
7,talk,41,8,3,Over
7,talk,42,8,2,Over
7,talk,43,8,13,VOTE Agent[02]
7,talk,44,8,5,VOTE Agent[03]
7,talk,45,9,13,Skip
7,talk,46,9,2,Over
7,talk,47,9,3,Over
7,talk,48,9,1,Over
7,talk,49,9,5,Over
7,talk,50,10,2,Over
7,talk,51,10,5,Over
7,talk,52,10,3,Over
7,talk,53,10,1,Over
7,talk,54,10,13,Skip
7,talk,55,11,1,Over
7,talk,56,11,5,Over
7,talk,57,11,3,Over
7,talk,58,11,13,Over
7,talk,59,11,2,Over
7,vote,1,3
7,vote,2,13
7,vote,3,1
7,vote,5,3
7,vote,13,1
7,vote,1,2
7,vote,2,1
7,vote,3,1
7,vote,5,3
7,vote,13,1
7,execute,1,WEREWOLF
7,attackVote,13,3
7,attack,3,true
8,status,1,WEREWOLF,DEAD,OKAMI
8,status,2,VILLAGER,ALIVE,SampleJava14
8,status,3,MEDIUM,DEAD,OKAMI
8,status,4,SEER,DEAD,SampleJava6
8,status,5,VILLAGER,ALIVE,OKAMI
8,status,6,VILLAGER,DEAD,SampleJava11
8,status,7,VILLAGER,DEAD,OKAMI
8,status,8,VILLAGER,DEAD,TOKU5
8,status,9,VILLAGER,DEAD,sample_py
8,status,10,VILLAGER,DEAD,sample_py
8,status,11,VILLAGER,DEAD,Takeda2
8,status,12,POSSESSED,DEAD,Tomato0
8,status,13,WEREWOLF,ALIVE,TOKU1
8,status,14,BODYGUARD,DEAD,OKAMI
8,status,15,WEREWOLF,DEAD,TOKU4
8,talk,0,0,13,VOTE Agent[02]
8,talk,1,0,5,VOTE Agent[13]
8,talk,2,0,2,VOTE Agent[13]
8,talk,3,1,13,VOTE Agent[02]
8,talk,4,1,5,COMINGOUT Agent[05] VILLAGER
8,talk,5,1,2,REQUEST ANY (VOTE Agent[13])
8,talk,6,2,13,VOTE Agent[02]
8,talk,7,2,2,Skip
8,talk,8,2,5,VOTE Agent[13]
8,talk,9,3,13,VOTE Agent[02]
8,talk,10,3,5,VOTE Agent[13]
8,talk,11,3,2,Skip
8,talk,12,4,2,Over
8,talk,13,4,13,VOTE Agent[02]
8,talk,14,4,5,VOTE Agent[13]
8,talk,15,5,2,Over
8,talk,16,5,5,VOTE Agent[13]
8,talk,17,5,13,VOTE Agent[02]
8,talk,18,6,2,Over
8,talk,19,6,5,VOTE Agent[13]
8,talk,20,6,13,VOTE Agent[02]
8,talk,21,7,2,Over
8,talk,22,7,5,VOTE Agent[13]
8,talk,23,7,13,VOTE Agent[02]
8,talk,24,8,2,Over
8,talk,25,8,5,VOTE Agent[13]
8,talk,26,8,13,VOTE Agent[02]
8,talk,27,9,2,Over
8,talk,28,9,13,VOTE Agent[02]
8,talk,29,9,5,Over
8,talk,30,10,2,Over
8,talk,31,10,5,Over
8,talk,32,10,13,Over
8,vote,2,5
8,vote,5,13
8,vote,13,2
8,vote,2,5
8,vote,5,13
8,vote,13,5
8,execute,5,VILLAGER
8,attackVote,13,2
8,attack,2,true
9,status,1,WEREWOLF,DEAD,OKAMI
9,status,2,VILLAGER,DEAD,SampleJava14
9,status,3,MEDIUM,DEAD,OKAMI
9,status,4,SEER,DEAD,SampleJava6
9,status,5,VILLAGER,DEAD,OKAMI
9,status,6,VILLAGER,DEAD,SampleJava11
9,status,7,VILLAGER,DEAD,OKAMI
9,status,8,VILLAGER,DEAD,TOKU5
9,status,9,VILLAGER,DEAD,sample_py
9,status,10,VILLAGER,DEAD,sample_py
9,status,11,VILLAGER,DEAD,Takeda2
9,status,12,POSSESSED,DEAD,Tomato0
9,status,13,WEREWOLF,ALIVE,TOKU1
9,status,14,BODYGUARD,DEAD,OKAMI
9,status,15,WEREWOLF,DEAD,TOKU4
9,result,0,1,WEREWOLF
