0,status,1,WEREWOLF,ALIVE,Tomato4
0,status,2,VILLAGER,ALIVE,SampleJava14
0,status,3,VILLAGER,ALIVE,Takeda13
0,status,4,WEREWOLF,ALIVE,SampleJava8
0,status,5,BODYGUARD,ALIVE,OKAMI
0,status,6,VILLAGER,ALIVE,sample_py
0,status,7,VILLAGER,ALIVE,SampleJava9
0,status,8,WEREWOLF,ALIVE,sample_py
0,status,9,SEER,ALIVE,Takeda6
0,status,10,POSSESSED,ALIVE,sample_py
0,status,11,VILLAGER,ALIVE,TOKU1
0,status,12,VILLAGER,ALIVE,Takeda0
0,status,13,VILLAGER,ALIVE,sample_py
0,status,14,VILLAGER,ALIVE,sample_py
0,status,15,MEDIUM,ALIVE,Takeda7
0,whisper,0,0,1,COMINGOUT Agent[01] VILLAGER
0,whisper,1,0,4,COMINGOUT Agent[04] SEER
0,whisper,2,0,8,COMINGOUT Agent[08] MEDIUM
0,whisper,3,1,1,Skip
0,whisper,4,1,4,Skip
0,whisper,5,1,8,COMINGOUT Agent[08] MEDIUM
0,whisper,6,2,1,Skip
0,whisper,7,2,4,Skip
0,whisper,8,2,8,COMINGOUT Agent[08] MEDIUM
0,whisper,9,3,4,Over
0,whisper,10,3,1,Over
0,whisper,11,3,8,COMINGOUT Agent[08] MEDIUM
0,whisper,12,4,4,Over
0,whisper,13,4,8,COMINGOUT Agent[08] MEDIUM
0,whisper,14,4,1,Over
0,whisper,15,5,8,COMINGOUT Agent[08] MEDIUM
0,whisper,16,5,4,Over
0,whisper,17,5,1,Over
0,whisper,18,6,4,Over
0,whisper,19,6,8,COMINGOUT Agent[08] MEDIUM
0,whisper,20,6,1,Over
0,whisper,21,7,4,Over
0,whisper,22,7,8,COMINGOUT Agent[08] MEDIUM
0,whisper,23,7,1,Over
0,whisper,24,8,4,Over
0,whisper,25,8,1,Over
0,whisper,26,8,8,COMINGOUT Agent[08] MEDIUM
0,whisper,27,9,1,Over
0,whisper,28,9,8,COMINGOUT Agent[08] MEDIUM
0,whisper,29,9,4,Over
0,whisper,30,10,1,Over
0,whisper,31,10,8,Over
0,whisper,32,10,4,Over
0,divine,9,15,HUMAN
1,status,1,WEREWOLF,ALIVE,Tomato4
1,status,2,VILLAGER,ALIVE,SampleJava14
1,status,3,VILLAGER,ALIVE,Takeda13
1,status,4,WEREWOLF,ALIVE,SampleJava8
1,status,5,BODYGUARD,ALIVE,OKAMI
1,status,6,VILLAGER,ALIVE,sample_py
1,status,7,VILLAGER,ALIVE,SampleJava9
1,status,8,WEREWOLF,ALIVE,sample_py
1,status,9,SEER,ALIVE,Takeda6
1,status,10,POSSESSED,ALIVE,sample_py
1,status,11,VILLAGER,ALIVE,TOKU1
1,status,12,VILLAGER,ALIVE,Takeda0
1,status,13,VILLAGER,ALIVE,sample_py
1,status,14,VILLAGER,ALIVE,sample_py
1,status,15,MEDIUM,ALIVE,Takeda7
1,talk,0,0,10,COMINGOUT Agent[10] SEER
1,talk,1,0,14,VOTE Agent[11]
1,talk,2,0,5,VOTE Agent[11]
1,talk,3,0,1,VOTE Agent[11]
1,talk,4,0,2,VOTE Agent[08]
1,talk,5,0,15,COMINGOUT Agent[15] MEDIUM
1,talk,6,0,7,VOTE Agent[05]
1,talk,7,0,4,COMINGOUT Agent[04] SEER
1,talk,8,0,12,VOTE Agent[01]
1,talk,9,0,8,VOTE Agent[15]
1,talk,10,0,11,VOTE Agent[04]
1,talk,11,0,3,VOTE Agent[15]
1,talk,12,0,13,VOTE Agent[01]
1,talk,13,0,9,COMINGOUT Agent[09] SEER
1,talk,14,0,6,VOTE Agent[14]
1,talk,15,1,8,Skip
1,talk,16,1,11,Skip
1,talk,17,1,10,DIVINED Agent[05] HUMAN
1,talk,18,1,13,Skip
1,talk,19,1,6,Skip
1,talk,20,1,3,VOTE Agent[04]
1,talk,21,1,12,VOTE Agent[04]
1,talk,22,1,15,VOTE Agent[04]
1,talk,23,1,5,VOTE Agent[14]
1,talk,24,1,7,REQUEST ANY (VOTE Agent[05])
1,talk,25,1,4,DAY 1 (DIVINED Agent[06] WEREWOLF)
1,talk,26,1,9,DIVINED Agent[15] HUMAN
1,talk,27,1,2,REQUEST ANY (VOTE Agent[08])
1,talk,28,1,14,Skip
1,talk,29,1,1,VOTE Agent[04]
1,talk,30,2,14,Skip
1,talk,31,2,8,Skip
1,talk,32,2,4,DIVINED Agent[06] WEREWOLF
1,talk,33,2,15,Skip
1,talk,34,2,10,VOTE Agent[09]
1,talk,35,2,7,Skip
1,talk,36,2,5,VOTE Agent[09]
1,talk,37,2,11,Skip
1,talk,38,2,6,VOTE Agent[04]
1,talk,39,2,2,Skip
1,talk,40,2,9,VOTE Agent[04]
1,talk,41,2,13,VOTE Agent[06]
1,talk,42,2,1,Skip
1,talk,43,2,3,Skip
1,talk,44,2,12,Skip
1,talk,45,3,6,Skip
1,talk,46,3,3,Skip
1,talk,47,3,10,Skip
1,talk,48,3,5,VOTE Agent[09]
1,talk,49,3,12,Skip
1,talk,50,3,4,BECAUSE (DAY 1 (DIVINED Agent[06] WEREWOLF)) (AND (VOTE Agent[06]) (REQUEST ANY (VOTE Agent[06])))
1,talk,51,3,11,Over
1,talk,52,3,2,Skip
1,talk,53,3,7,Skip
1,talk,54,3,15,Skip
1,talk,55,3,1,Skip
1,talk,56,3,14,VOTE Agent[06]
1,talk,57,3,8,Over
1,talk,58,3,9,VOTE Agent[04]
1,talk,59,3,13,Skip
1,talk,60,4,4,VOTE Agent[06]
1,talk,61,4,7,Over
1,talk,62,4,13,Skip
1,talk,63,4,3,Over
1,talk,64,4,10,Skip
1,talk,65,4,15,Over
1,talk,66,4,11,Over
1,talk,67,4,5,VOTE Agent[09]
1,talk,68,4,6,Skip
1,talk,69,4,1,Over
1,talk,70,4,14,Skip
1,talk,71,4,8,Over
1,talk,72,4,12,Over
1,talk,73,4,9,VOTE Agent[04]
1,talk,74,4,2,Over
1,talk,75,5,2,Over
1,talk,76,5,13,Over
1,talk,77,5,15,Over
1,talk,78,5,14,Skip
1,talk,79,5,1,Over
1,talk,80,5,11,Over
1,talk,81,5,12,Over
1,talk,82,5,7,Over
1,talk,83,5,10,Over
1,talk,84,5,4,REQUEST ANY (VOTE Agent[06])
1,talk,85,5,6,Over
1,talk,86,5,5,VOTE Agent[09]
1,talk,87,5,3,Over
1,talk,88,5,8,Over
1,talk,89,5,9,VOTE Agent[04]
1,talk,90,6,5,VOTE Agent[09]
1,talk,91,6,7,Over
1,talk,92,6,11,Over
1,talk,93,6,12,Over
1,talk,94,6,8,Over
1,talk,95,6,15,Over
1,talk,96,6,14,Over
1,talk,97,6,13,Over
1,talk,98,6,1,Over
1,talk,99,6,10,Over
1,talk,100,6,3,Over
1,talk,101,6,2,Over
1,talk,102,6,6,Over
1,talk,103,6,4,Skip
1,talk,104,6,9,VOTE Agent[04]
1,talk,105,7,12,Over
1,talk,106,7,2,Over
1,talk,107,7,8,Over
1,talk,108,7,10,Over
1,talk,109,7,1,Over
1,talk,110,7,15,Over
1,talk,111,7,14,Over
1,talk,112,7,6,Over
1,talk,113,7,4,Skip
1,talk,114,7,3,Over
1,talk,115,7,7,Over
1,talk,116,7,13,Over
1,talk,117,7,5,VOTE Agent[09]
1,talk,118,7,11,Over
1,talk,119,7,9,VOTE Agent[04]
1,talk,120,8,2,Over
1,talk,121,8,7,Over
1,talk,122,8,3,Over
1,talk,123,8,11,Over
1,talk,124,8,10,Over
1,talk,125,8,13,Over
1,talk,126,8,8,Over
1,talk,127,8,12,Over
1,talk,128,8,5,VOTE Agent[09]
1,talk,129,8,1,Over
1,talk,130,8,6,Over
1,talk,131,8,15,Over
1,talk,132,8,4,Over
1,talk,133,8,14,Over
1,talk,134,8,9,VOTE Agent[04]
1,talk,135,9,11,Over
1,talk,136,9,5,Over
1,talk,137,9,2,Over
1,talk,138,9,8,Over
1,talk,139,9,15,Over
1,talk,140,9,12,Over
1,talk,141,9,6,Over
1,talk,142,9,1,Over
1,talk,143,9,3,Over
1,talk,144,9,4,Over
1,talk,145,9,10,Over
1,talk,146,9,14,Over
1,talk,147,9,13,Over
1,talk,148,9,7,Over
1,talk,149,9,9,VOTE Agent[04]
1,talk,150,10,2,Over
1,talk,151,10,13,Over
1,talk,152,10,10,Over
1,talk,153,10,14,Over
1,talk,154,10,3,Over
1,talk,155,10,4,Over
1,talk,156,10,15,Over
1,talk,157,10,5,Over
1,talk,158,10,9,Over
1,talk,159,10,12,Over
1,talk,160,10,1,Over
1,talk,161,10,6,Over
1,talk,162,10,7,Over
1,talk,163,10,11,Over
1,talk,164,10,8,Over
1,vote,1,4
1,vote,2,5
1,vote,3,4
1,vote,4,6
1,vote,5,9
1,vote,6,4
1,vote,7,8
1,vote,8,15
1,vote,9,4
1,vote,10,9
1,vote,11,4
1,vote,12,4
1,vote,13,6
1,vote,14,6
1,vote,15,4
1,execute,4,WEREWOLF
1,divine,9,5,HUMAN
1,whisper,0,0,8,ATTACK Agent[09]
1,whisper,1,0,1,ATTACK Agent[09]
1,whisper,2,1,8,Skip
1,whisper,3,1,1,Skip
1,whisper,4,2,8,Skip
1,whisper,5,2,1,Skip
1,whisper,6,3,8,Over
1,whisper,7,3,1,Over
1,guard,5,15,MEDIUM
1,attackVote,1,9
1,attackVote,8,9
1,attack,9,true
2,status,1,WEREWOLF,ALIVE,Tomato4
2,status,2,VILLAGER,ALIVE,SampleJava14
2,status,3,VILLAGER,ALIVE,Takeda13
2,status,4,WEREWOLF,DEAD,SampleJava8
2,status,5,BODYGUARD,ALIVE,OKAMI
2,status,6,VILLAGER,ALIVE,sample_py
2,status,7,VILLAGER,ALIVE,SampleJava9
2,status,8,WEREWOLF,ALIVE,sample_py
2,status,9,SEER,DEAD,Takeda6
2,status,10,POSSESSED,ALIVE,sample_py
2,status,11,VILLAGER,ALIVE,TOKU1
2,status,12,VILLAGER,ALIVE,Takeda0
2,status,13,VILLAGER,ALIVE,sample_py
2,status,14,VILLAGER,ALIVE,sample_py
2,status,15,MEDIUM,ALIVE,Takeda7
2,talk,0,0,6,VOTE Agent[07]
2,talk,1,0,2,VOTE Agent[03]
2,talk,2,0,1,VOTE Agent[03]
2,talk,3,0,7,VOTE Agent[02]
2,talk,4,0,15,IDENTIFIED Agent[04] WEREWOLF
2,talk,5,0,10,DIVINED Agent[02] WEREWOLF
2,talk,6,0,5,VOTE Agent[07]
2,talk,7,0,13,VOTE Agent[02]
2,talk,8,0,14,VOTE Agent[02]
2,talk,9,0,12,VOTE Agent[05]
2,talk,10,0,8,COMINGOUT Agent[08] MEDIUM
2,talk,11,0,11,VOTE Agent[05]
2,talk,12,0,3,VOTE Agent[05]
2,talk,13,1,5,VOTE Agent[10]
2,talk,14,1,7,REQUEST ANY (VOTE Agent[02])
2,talk,15,1,10,VOTE Agent[02]
2,talk,16,1,15,VOTE Agent[08]
2,talk,17,1,12,VOTE Agent[08]
2,talk,18,1,11,VOTE Agent[08]
2,talk,19,1,13,Skip
2,talk,20,1,6,VOTE Agent[02]
2,talk,21,1,3,VOTE Agent[08]
2,talk,22,1,1,VOTE Agent[02]
2,talk,23,1,14,Skip
2,talk,24,1,8,IDENTIFIED Agent[04] HUMAN
2,talk,25,1,2,REQUEST ANY (VOTE Agent[03])
2,talk,26,2,12,Skip
2,talk,27,2,10,Skip
2,talk,28,2,11,Skip
2,talk,29,2,3,Skip
2,talk,30,2,15,Skip
2,talk,31,2,2,BECAUSE (AND (COMINGOUT Agent[02] VILLAGER) (DAY 2 (Agent[10] DIVINED Agent[02] WEREWOLF))) (XOR (ESTIMATE Agent[10] WEREWOLF) (ESTIMATE Agent[10] POSSESSED))
2,talk,32,2,14,Skip
2,talk,33,2,7,Skip
2,talk,34,2,5,VOTE Agent[10]
2,talk,35,2,1,Skip
2,talk,36,2,6,Skip
2,talk,37,2,13,Skip
2,talk,38,2,8,VOTE Agent[15]
2,talk,39,3,13,Over
2,talk,40,3,8,Skip
2,talk,41,3,3,Skip
2,talk,42,3,2,BECAUSE (XOR (ESTIMATE Agent[10] WEREWOLF) (ESTIMATE Agent[10] POSSESSED)) (AND (VOTE Agent[10]) (REQUEST ANY (VOTE Agent[10])))
2,talk,43,3,12,Skip
2,talk,44,3,14,Over
2,talk,45,3,1,Skip
2,talk,46,3,7,Skip
2,talk,47,3,11,Skip
2,talk,48,3,5,VOTE Agent[10]
2,talk,49,3,15,Skip
2,talk,50,3,10,Skip
2,talk,51,3,6,Skip
2,talk,52,4,15,Over
2,talk,53,4,13,Over
2,talk,54,4,12,Over
2,talk,55,4,3,Over
2,talk,56,4,2,VOTE Agent[10]
2,talk,57,4,6,Over
2,talk,58,4,14,Over
2,talk,59,4,11,Over
2,talk,60,4,7,Over
2,talk,61,4,8,Skip
2,talk,62,4,5,VOTE Agent[10]
2,talk,63,4,1,Over
2,talk,64,4,10,Over
2,talk,65,5,10,Over
2,talk,66,5,12,Over
2,talk,67,5,15,Over
2,talk,68,5,7,Over
2,talk,69,5,3,Over
2,talk,70,5,8,Over
2,talk,71,5,13,Over
2,talk,72,5,1,Over
2,talk,73,5,5,VOTE Agent[10]
2,talk,74,5,2,REQUEST ANY (VOTE Agent[10])
2,talk,75,5,14,Over
2,talk,76,5,6,Over
2,talk,77,5,11,Over
2,talk,78,6,13,Over
2,talk,79,6,7,Over
2,talk,80,6,12,Over
2,talk,81,6,2,Skip
2,talk,82,6,6,Over
2,talk,83,6,10,Over
2,talk,84,6,11,Over
2,talk,85,6,14,Over
2,talk,86,6,1,Over
2,talk,87,6,5,VOTE Agent[10]
2,talk,88,6,15,Over
2,talk,89,6,3,Over
2,talk,90,6,8,Over
2,talk,91,7,1,Over
2,talk,92,7,5,VOTE Agent[10]
2,talk,93,7,6,Over
2,talk,94,7,7,Over
2,talk,95,7,10,Over
2,talk,96,7,11,Over
2,talk,97,7,12,Over
2,talk,98,7,13,Over
2,talk,99,7,8,Over
2,talk,100,7,2,Skip
2,talk,101,7,14,Over
2,talk,102,7,15,Over
2,talk,103,7,3,Over
2,talk,104,8,1,Over
2,talk,105,8,12,Over
2,talk,106,8,10,Over
2,talk,107,8,3,Over
2,talk,108,8,13,Over
2,talk,109,8,14,Over
2,talk,110,8,8,Over
2,talk,111,8,7,Over
2,talk,112,8,2,Over
2,talk,113,8,11,Over
2,talk,114,8,15,Over
2,talk,115,8,6,Over
2,talk,116,8,5,VOTE Agent[10]
2,talk,117,9,10,Over
2,talk,118,9,1,Over
2,talk,119,9,14,Over
2,talk,120,9,6,Over
2,talk,121,9,3,Over
2,talk,122,9,2,Over
2,talk,123,9,13,Over
2,talk,124,9,8,Over
2,talk,125,9,5,Over
2,talk,126,9,11,Over
2,talk,127,9,7,Over
2,talk,128,9,12,Over
2,talk,129,9,15,Over
2,vote,1,2
2,vote,2,10
2,vote,3,8
2,vote,5,10
2,vote,6,2
2,vote,7,10
2,vote,8,15
2,vote,10,2
2,vote,11,8
2,vote,12,8
2,vote,13,2
2,vote,14,2
2,vote,15,8
2,execute,2,VILLAGER
2,whisper,0,0,8,ATTACK Agent[10]
2,whisper,1,0,1,ATTACK Agent[10]
2,whisper,2,1,8,Skip
2,whisper,3,1,1,Skip
2,whisper,4,2,8,Skip
2,whisper,5,2,1,Skip
2,whisper,6,3,1,Over
2,whisper,7,3,8,Over
2,guard,5,15,MEDIUM
2,attackVote,1,10
2,attackVote,8,10
2,attack,10,true
3,status,1,WEREWOLF,ALIVE,Tomato4
3,status,2,VILLAGER,DEAD,SampleJava14
3,status,3,VILLAGER,ALIVE,Takeda13
3,status,4,WEREWOLF,DEAD,SampleJava8
3,status,5,BODYGUARD,ALIVE,OKAMI
3,status,6,VILLAGER,ALIVE,sample_py
3,status,7,VILLAGER,ALIVE,SampleJava9
3,status,8,WEREWOLF,ALIVE,sample_py
3,status,9,SEER,DEAD,Takeda6
3,status,10,POSSESSED,DEAD,sample_py
3,status,11,VILLAGER,ALIVE,TOKU1
3,status,12,VILLAGER,ALIVE,Takeda0
3,status,13,VILLAGER,ALIVE,sample_py
3,status,14,VILLAGER,ALIVE,sample_py
3,status,15,MEDIUM,ALIVE,Takeda7
3,talk,0,0,13,VOTE Agent[06]
3,talk,1,0,12,VOTE Agent[08]
3,talk,2,0,8,IDENTIFIED Agent[02] HUMAN
3,talk,3,0,15,IDENTIFIED Agent[02] HUMAN
3,talk,4,0,3,VOTE Agent[08]
3,talk,5,0,7,VOTE Agent[05]
3,talk,6,0,6,VOTE Agent[07]
3,talk,7,0,1,VOTE Agent[05]
3,talk,8,0,11,VOTE Agent[08]
3,talk,9,0,14,VOTE Agent[06]
3,talk,10,0,5,VOTE Agent[07]
3,talk,11,1,14,Skip
3,talk,12,1,5,VOTE Agent[07]
3,talk,13,1,3,Skip
3,talk,14,1,13,Skip
3,talk,15,1,6,Skip
3,talk,16,1,7,REQUEST ANY (VOTE Agent[05])
3,talk,17,1,15,Skip
3,talk,18,1,1,VOTE Agent[06]
3,talk,19,1,8,VOTE Agent[15]
3,talk,20,1,11,Skip
3,talk,21,1,12,Skip
3,talk,22,2,5,VOTE Agent[07]
3,talk,23,2,8,Skip
3,talk,24,2,15,Skip
3,talk,25,2,6,Skip
3,talk,26,2,7,Skip
3,talk,27,2,11,Skip
3,talk,28,2,1,Skip
3,talk,29,2,14,Skip
3,talk,30,2,3,Skip
3,talk,31,2,13,Skip
3,talk,32,2,12,Skip
3,talk,33,3,1,VOTE Agent[07]
3,talk,34,3,11,Over
3,talk,35,3,14,Over
3,talk,36,3,8,Skip
3,talk,37,3,15,Over
3,talk,38,3,13,Over
3,talk,39,3,6,Over
3,talk,40,3,12,Over
3,talk,41,3,5,VOTE Agent[07]
3,talk,42,3,3,Over
3,talk,43,3,7,Skip
3,talk,44,4,11,Over
3,talk,45,4,7,Over
3,talk,46,4,15,Over
3,talk,47,4,13,Over
3,talk,48,4,14,Over
3,talk,49,4,5,VOTE Agent[07]
3,talk,50,4,12,Over
3,talk,51,4,8,Over
3,talk,52,4,3,Over
3,talk,53,4,1,Skip
3,talk,54,4,6,Over
3,talk,55,5,6,Over
3,talk,56,5,12,Over
3,talk,57,5,13,Over
3,talk,58,5,5,VOTE Agent[07]
3,talk,59,5,15,Over
3,talk,60,5,1,Skip
3,talk,61,5,8,Over
3,talk,62,5,11,Over
3,talk,63,5,7,Over
3,talk,64,5,3,Over
3,talk,65,5,14,Over
3,talk,66,6,7,Over
3,talk,67,6,3,Over
3,talk,68,6,15,Over
3,talk,69,6,6,Over
3,talk,70,6,8,Over
3,talk,71,6,14,Over
3,talk,72,6,12,Over
3,talk,73,6,13,Over
3,talk,74,6,1,VOTE Agent[06]
3,talk,75,6,11,Over
3,talk,76,6,5,VOTE Agent[07]
3,talk,77,7,11,Over
3,talk,78,7,3,Over
3,talk,79,7,6,Over
3,talk,80,7,14,Over
3,talk,81,7,8,Over
3,talk,82,7,13,Over
3,talk,83,7,7,Over
3,talk,84,7,15,Over
3,talk,85,7,1,Skip
3,talk,86,7,5,VOTE Agent[07]
3,talk,87,7,12,Over
3,talk,88,8,5,VOTE Agent[07]
3,talk,89,8,11,Over
3,talk,90,8,8,Over
3,talk,91,8,1,VOTE Agent[07]
3,talk,92,8,12,Over
3,talk,93,8,14,Over
3,talk,94,8,3,Over
3,talk,95,8,7,Over
3,talk,96,8,6,Over
3,talk,97,8,13,Over
3,talk,98,8,15,Over
3,talk,99,9,1,Skip
3,talk,100,9,15,Over
3,talk,101,9,7,Over
3,talk,102,9,11,Over
3,talk,103,9,12,Over
3,talk,104,9,3,Over
3,talk,105,9,6,Over
3,talk,106,9,13,Over
3,talk,107,9,5,Over
3,talk,108,9,8,Over
3,talk,109,9,14,Over
3,talk,110,10,12,Over
3,talk,111,10,8,Over
3,talk,112,10,14,Over
3,talk,113,10,13,Over
3,talk,114,10,15,Over
3,talk,115,10,1,Skip
3,talk,116,10,11,Over
3,talk,117,10,3,Over
3,talk,118,10,6,Over
3,talk,119,10,5,Over
3,talk,120,10,7,Over
3,talk,121,11,7,Over
3,talk,122,11,12,Over
3,talk,123,11,8,Over
3,talk,124,11,3,Over
3,talk,125,11,1,VOTE Agent[06]
3,talk,126,11,5,Over
3,talk,127,11,14,Over
3,talk,128,11,6,Over
3,talk,129,11,13,Over
3,talk,130,11,11,Over
3,talk,131,11,15,Over
3,talk,132,12,7,Over
3,talk,133,12,5,Over
3,talk,134,12,14,Over
3,talk,135,12,3,Over
3,talk,136,12,12,Over
3,talk,137,12,1,VOTE Agent[07]
3,talk,138,12,13,Over
3,talk,139,12,6,Over
3,talk,140,12,8,Over
3,talk,141,12,15,Over
3,talk,142,12,11,Over
3,talk,143,13,15,Over
3,talk,144,13,1,VOTE Agent[06]
3,talk,145,13,11,Over
3,talk,146,13,5,Over
3,talk,147,13,8,Over
3,talk,148,13,12,Over
3,talk,149,13,6,Over
3,talk,150,13,14,Over
3,talk,151,13,7,Over
3,talk,152,13,13,Over
3,talk,153,13,3,Over
3,talk,154,14,5,Over
3,talk,155,14,3,Over
3,talk,156,14,12,Over
3,talk,157,14,7,Over
3,talk,158,14,8,Over
3,talk,159,14,15,Over
3,talk,160,14,11,Over
3,talk,161,14,14,Over
3,talk,162,14,13,Over
3,talk,163,14,1,Skip
3,talk,164,14,6,Over
3,talk,165,15,14,Over
3,talk,166,15,3,Over
3,talk,167,15,7,Over
3,talk,168,15,15,Over
3,talk,169,15,11,Over
3,talk,170,15,12,Over
3,talk,171,15,8,Over
3,talk,172,15,1,Skip
3,talk,173,15,6,Over
3,talk,174,15,13,Over
3,talk,175,15,5,Over
3,talk,176,16,14,Over
3,talk,177,16,15,Over
3,talk,178,16,1,VOTE Agent[07]
3,talk,179,16,13,Over
3,talk,180,16,5,Over
3,talk,181,16,7,Over
3,talk,182,16,8,Over
3,talk,183,16,11,Over
3,talk,184,16,6,Over
3,talk,185,16,12,Over
3,talk,186,16,3,Over
3,talk,187,17,5,Over
3,talk,188,17,8,Over
3,talk,189,17,15,Over
3,talk,190,17,11,Over
3,talk,191,17,7,Over
3,talk,192,17,12,Over
3,talk,193,17,1,Skip
3,talk,194,17,14,Over
3,talk,195,17,3,Over
3,talk,196,17,13,Over
3,talk,197,17,6,Over
3,talk,198,18,6,Over
3,talk,199,18,7,Over
3,talk,200,18,14,Over
3,talk,201,18,8,Over
3,talk,202,18,12,Over
3,talk,203,18,3,Over
3,talk,204,18,5,Over
3,talk,205,18,1,Skip
3,talk,206,18,11,Over
3,talk,207,18,15,Over
3,talk,208,18,13,Over
3,talk,209,19,11,Over
3,talk,210,19,6,Over
3,talk,211,19,15,Over
3,talk,212,19,5,Over
3,talk,213,19,13,Over
3,talk,214,19,3,Over
3,talk,215,19,14,Over
3,talk,216,19,12,Over
3,talk,217,19,1,VOTE Agent[06]
3,talk,218,19,7,Over
3,talk,219,19,8,Over
3,vote,1,6
3,vote,3,8
3,vote,5,7
3,vote,6,7
3,vote,7,8
3,vote,8,15
3,vote,11,8
3,vote,12,8
3,vote,13,6
3,vote,14,6
3,vote,15,8
3,execute,8,WEREWOLF
3,guard,5,15,MEDIUM
3,attack,7,true
4,status,1,WEREWOLF,ALIVE,Tomato4
4,status,2,VILLAGER,DEAD,SampleJava14
4,status,3,VILLAGER,ALIVE,Takeda13
4,status,4,WEREWOLF,DEAD,SampleJava8
4,status,5,BODYGUARD,ALIVE,OKAMI
4,status,6,VILLAGER,ALIVE,sample_py
4,status,7,VILLAGER,DEAD,SampleJava9
4,status,8,WEREWOLF,DEAD,sample_py
4,status,9,SEER,DEAD,Takeda6
4,status,10,POSSESSED,DEAD,sample_py
4,status,11,VILLAGER,ALIVE,TOKU1
4,status,12,VILLAGER,ALIVE,Takeda0
4,status,13,VILLAGER,ALIVE,sample_py
4,status,14,VILLAGER,ALIVE,sample_py
4,status,15,MEDIUM,ALIVE,Takeda7
4,talk,0,0,14,VOTE Agent[06]
4,talk,1,0,6,VOTE Agent[05]
4,talk,2,0,1,VOTE Agent[05]
4,talk,3,0,5,VOTE Agent[06]
4,talk,4,0,3,VOTE Agent[05]
4,talk,5,0,11,VOTE Agent[05]
4,talk,6,0,15,IDENTIFIED Agent[08] WEREWOLF
4,talk,7,0,12,VOTE Agent[05]
4,talk,8,0,13,VOTE Agent[06]
4,talk,9,1,6,Skip
4,talk,10,1,13,Skip
4,talk,11,1,15,VOTE Agent[05]
4,talk,12,1,3,Skip
4,talk,13,1,11,Skip
4,talk,14,1,1,Skip
4,talk,15,1,12,Skip
4,talk,16,1,14,Skip
4,talk,17,1,5,VOTE Agent[06]
4,talk,18,2,12,Skip
4,talk,19,2,13,Skip
4,talk,20,2,14,Skip
4,talk,21,2,6,Skip
4,talk,22,2,5,VOTE Agent[06]
4,talk,23,2,15,Skip
4,talk,24,2,1,Skip
4,talk,25,2,3,Skip
4,talk,26,2,11,Skip
4,talk,27,3,15,Skip
4,talk,28,3,6,Over
4,talk,29,3,14,Over
4,talk,30,3,12,Over
4,talk,31,3,11,Over
4,talk,32,3,13,Over
4,talk,33,3,3,Over
4,talk,34,3,5,VOTE Agent[06]
4,talk,35,3,1,Over
4,talk,36,4,1,Over
4,talk,37,4,6,Over
4,talk,38,4,15,Over
4,talk,39,4,3,Over
4,talk,40,4,5,VOTE Agent[06]
4,talk,41,4,11,Over
4,talk,42,4,14,Over
4,talk,43,4,12,Over
4,talk,44,4,13,Over
4,talk,45,5,14,Over
4,talk,46,5,11,Over
4,talk,47,5,1,Over
4,talk,48,5,3,Over
4,talk,49,5,13,Over
4,talk,50,5,15,Over
4,talk,51,5,6,Over
4,talk,52,5,12,Over
4,talk,53,5,5,VOTE Agent[06]
4,talk,54,6,1,Over
4,talk,55,6,5,VOTE Agent[06]
4,talk,56,6,12,Over
4,talk,57,6,11,Over
4,talk,58,6,13,Over
4,talk,59,6,14,Over
4,talk,60,6,3,Over
4,talk,61,6,6,Over
4,talk,62,6,15,Over
4,talk,63,7,3,Over
4,talk,64,7,6,Over
4,talk,65,7,13,Over
4,talk,66,7,14,Over
4,talk,67,7,5,VOTE Agent[06]
4,talk,68,7,1,Over
4,talk,69,7,11,Over
4,talk,70,7,12,Over
4,talk,71,7,15,Over
4,talk,72,8,5,VOTE Agent[06]
4,talk,73,8,11,Over
4,talk,74,8,12,Over
4,talk,75,8,3,Over
4,talk,76,8,6,Over
4,talk,77,8,13,Over
4,talk,78,8,15,Over
4,talk,79,8,14,Over
4,talk,80,8,1,Over
4,talk,81,9,12,Over
4,talk,82,9,15,Over
4,talk,83,9,14,Over
4,talk,84,9,3,Over
4,talk,85,9,13,Over
4,talk,86,9,6,Over
4,talk,87,9,11,Over
4,talk,88,9,1,Over
4,talk,89,9,5,Over
4,vote,1,5
4,vote,3,5
4,vote,5,6
4,vote,6,5
4,vote,11,5
4,vote,12,5
4,vote,13,6
4,vote,14,6
4,vote,15,5
4,execute,5,BODYGUARD
4,attack,15,true
5,status,1,WEREWOLF,ALIVE,Tomato4
5,status,2,VILLAGER,DEAD,SampleJava14
5,status,3,VILLAGER,ALIVE,Takeda13
5,status,4,WEREWOLF,DEAD,SampleJava8
5,status,5,BODYGUARD,DEAD,OKAMI
5,status,6,VILLAGER,ALIVE,sample_py
5,status,7,VILLAGER,DEAD,SampleJava9
5,status,8,WEREWOLF,DEAD,sample_py
5,status,9,SEER,DEAD,Takeda6
5,status,10,POSSESSED,DEAD,sample_py
5,status,11,VILLAGER,ALIVE,TOKU1
5,status,12,VILLAGER,ALIVE,Takeda0
5,status,13,VILLAGER,ALIVE,sample_py
5,status,14,VILLAGER,ALIVE,sample_py
5,status,15,MEDIUM,DEAD,Takeda7
5,talk,0,0,6,VOTE Agent[01]
5,talk,1,0,12,VOTE Agent[11]
5,talk,2,0,1,VOTE Agent[11]
5,talk,3,0,3,VOTE Agent[12]
5,talk,4,0,11,VOTE Agent[12]
5,talk,5,0,13,VOTE Agent[06]
5,talk,6,0,14,VOTE Agent[06]
5,talk,7,1,11,Skip
5,talk,8,1,1,VOTE Agent[12]
5,talk,9,1,6,Skip
5,talk,10,1,13,Skip
5,talk,11,1,14,Skip
5,talk,12,1,12,Skip
5,talk,13,1,3,Skip
5,talk,14,2,1,VOTE Agent[06]
5,talk,15,2,3,Skip
5,talk,16,2,13,Skip
5,talk,17,2,6,Skip
5,talk,18,2,11,Skip
5,talk,19,2,14,Skip
5,talk,20,2,12,VOTE Agent[01]
5,talk,21,3,12,Skip
5,talk,22,3,6,Over
5,talk,23,3,1,Skip
5,talk,24,3,3,VOTE Agent[01]
5,talk,25,3,13,Over
5,talk,26,3,11,VOTE Agent[01]
5,talk,27,3,14,Over
5,talk,28,4,11,Skip
5,talk,29,4,1,Skip
5,talk,30,4,3,Skip
5,talk,31,4,12,Skip
5,talk,32,4,6,Over
5,talk,33,4,13,Over
5,talk,34,4,14,Over
5,talk,35,5,12,Over
5,talk,36,5,11,Skip
5,talk,37,5,14,Over
5,talk,38,5,13,Over
5,talk,39,5,1,Over
5,talk,40,5,6,Over
5,talk,41,5,3,Skip
5,talk,42,6,1,Over
5,talk,43,6,14,Over
5,talk,44,6,3,Over
5,talk,45,6,13,Over
5,talk,46,6,6,Over
5,talk,47,6,12,Over
5,talk,48,6,11,Over
5,vote,1,6
5,vote,3,1
5,vote,6,1
5,vote,11,1
5,vote,12,1
5,vote,13,6
5,vote,14,6
5,execute,1,WEREWOLF
6,status,1,WEREWOLF,DEAD,Tomato4
6,status,2,VILLAGER,DEAD,SampleJava14
6,status,3,VILLAGER,ALIVE,Takeda13
6,status,4,WEREWOLF,DEAD,SampleJava8
6,status,5,BODYGUARD,DEAD,OKAMI
6,status,6,VILLAGER,ALIVE,sample_py
6,status,7,VILLAGER,DEAD,SampleJava9
6,status,8,WEREWOLF,DEAD,sample_py
6,status,9,SEER,DEAD,Takeda6
6,status,10,POSSESSED,DEAD,sample_py
6,status,11,VILLAGER,ALIVE,TOKU1
6,status,12,VILLAGER,ALIVE,Takeda0
6,status,13,VILLAGER,ALIVE,sample_py
6,status,14,VILLAGER,ALIVE,sample_py
6,status,15,MEDIUM,DEAD,Takeda7
6,result,6,0,VILLAGER
