0,status,1,VILLAGER,ALIVE,Tomato4
0,status,2,VILLAGER,ALIVE,SampleJava14
0,status,3,WEREWOLF,ALIVE,Takeda13
0,status,4,VILLAGER,ALIVE,SampleJava8
0,status,5,WEREWOLF,ALIVE,OKAMI
0,status,6,VILLAGER,ALIVE,sample_py
0,status,7,VILLAGER,ALIVE,SampleJava9
0,status,8,VILLAGER,ALIVE,sample_py
0,status,9,MEDIUM,ALIVE,Takeda6
0,status,10,SEER,ALIVE,sample_py
0,status,11,VILLAGER,ALIVE,TOKU1
0,status,12,BODYGUARD,ALIVE,Takeda0
0,status,13,POSSESSED,ALIVE,sample_py
0,status,14,VILLAGER,ALIVE,sample_py
0,status,15,WEREWOLF,ALIVE,Takeda7
0,whisper,0,0,15,Skip
0,whisper,1,0,5,COMINGOUT Agent[05] MEDIUM
0,whisper,2,0,3,Skip
0,whisper,3,1,5,Skip
0,whisper,4,1,15,Skip
0,whisper,5,1,3,Skip
0,whisper,6,2,3,Over
0,whisper,7,2,5,Skip
0,whisper,8,2,15,Over
0,whisper,9,3,3,Over
0,whisper,10,3,15,Over
0,whisper,11,3,5,Over
0,divine,10,2,HUMAN
1,status,1,VILLAGER,ALIVE,Tomato4
1,status,2,VILLAGER,ALIVE,SampleJava14
1,status,3,WEREWOLF,ALIVE,Takeda13
1,status,4,VILLAGER,ALIVE,SampleJava8
1,status,5,WEREWOLF,ALIVE,OKAMI
1,status,6,VILLAGER,ALIVE,sample_py
1,status,7,VILLAGER,ALIVE,SampleJava9
1,status,8,VILLAGER,ALIVE,sample_py
1,status,9,MEDIUM,ALIVE,Takeda6
1,status,10,SEER,ALIVE,sample_py
1,status,11,VILLAGER,ALIVE,TOKU1
1,status,12,BODYGUARD,ALIVE,Takeda0
1,status,13,POSSESSED,ALIVE,sample_py
1,status,14,VILLAGER,ALIVE,sample_py
1,status,15,WEREWOLF,ALIVE,Takeda7
1,talk,0,0,3,COMINGOUT Agent[03] SEER
1,talk,1,0,11,VOTE Agent[09]
1,talk,2,0,13,COMINGOUT Agent[13] SEER
1,talk,3,0,2,VOTE Agent[05]
1,talk,4,0,12,VOTE Agent[13]
1,talk,5,0,5,COMINGOUT Agent[05] MEDIUM
1,talk,6,0,1,VOTE Agent[13]
1,talk,7,0,4,VOTE Agent[11]
1,talk,8,0,10,VOTE Agent[03]
1,talk,9,0,7,VOTE Agent[15]
1,talk,10,0,8,VOTE Agent[05]
1,talk,11,0,6,VOTE Agent[11]
1,talk,12,0,15,COMINGOUT Agent[15] SEER
1,talk,13,0,14,VOTE Agent[06]
1,talk,14,0,9,COMINGOUT Agent[09] MEDIUM
1,talk,15,1,15,DIVINED Agent[05] HUMAN
1,talk,16,1,14,Skip
1,talk,17,1,3,DIVINED Agent[05] HUMAN
1,talk,18,1,10,Skip
1,talk,19,1,7,REQUEST ANY (VOTE Agent[15])
1,talk,20,1,9,VOTE Agent[05]
1,talk,21,1,6,Skip
1,talk,22,1,13,DIVINED Agent[03] HUMAN
1,talk,23,1,2,REQUEST ANY (VOTE Agent[05])
1,talk,24,1,1,VOTE Agent[05]
1,talk,25,1,4,REQUEST ANY (VOTE Agent[11])
1,talk,26,1,11,VOTE Agent[03]
1,talk,27,1,5,VOTE Agent[09]
1,talk,28,1,12,VOTE Agent[03]
1,talk,29,1,8,Skip
1,talk,30,2,10,Skip
1,talk,31,2,14,Skip
1,talk,32,2,8,Skip
1,talk,33,2,6,Skip
1,talk,34,2,11,VOTE Agent[05]
1,talk,35,2,9,VOTE Agent[03]
1,talk,36,2,7,Skip
1,talk,37,2,15,VOTE Agent[03]
1,talk,38,2,4,Skip
1,talk,39,2,5,VOTE Agent[09]
1,talk,40,2,2,Skip
1,talk,41,2,1,VOTE Agent[03]
1,talk,42,2,12,Skip
1,talk,43,2,13,VOTE Agent[03]
1,talk,44,2,3,VOTE Agent[09]
1,talk,45,3,8,Over
1,talk,46,3,1,Skip
1,talk,47,3,2,Skip
1,talk,48,3,12,VOTE Agent[05]
1,talk,49,3,13,Skip
1,talk,50,3,10,Over
1,talk,51,3,5,VOTE Agent[09]
1,talk,52,3,6,Over
1,talk,53,3,3,Skip
1,talk,54,3,14,Over
1,talk,55,3,11,Skip
1,talk,56,3,9,VOTE Agent[05]
1,talk,57,3,4,Skip
1,talk,58,3,15,VOTE Agent[09]
1,talk,59,3,7,Skip
1,talk,60,4,11,Skip
1,talk,61,4,3,Skip
1,talk,62,4,7,Over
1,talk,63,4,1,VOTE Agent[05]
1,talk,64,4,15,Skip
1,talk,65,4,9,Skip
1,talk,66,4,4,Over
1,talk,67,4,12,Skip
1,talk,68,4,5,VOTE Agent[09]
1,talk,69,4,10,Over
1,talk,70,4,14,Over
1,talk,71,4,13,Skip
1,talk,72,4,8,Over
1,talk,73,4,6,Over
1,talk,74,4,2,Over
1,talk,75,5,12,Skip
1,talk,76,5,10,Over
1,talk,77,5,13,Over
1,talk,78,5,4,Over
1,talk,79,5,6,Over
1,talk,80,5,2,Over
1,talk,81,5,9,Skip
1,talk,82,5,11,Over
1,talk,83,5,3,Over
1,talk,84,5,1,Skip
1,talk,85,5,7,Over
1,talk,86,5,8,Over
1,talk,87,5,15,Skip
1,talk,88,5,5,VOTE Agent[09]
1,talk,89,5,14,Over
1,talk,90,6,6,Over
1,talk,91,6,5,VOTE Agent[09]
1,talk,92,6,13,Over
1,talk,93,6,3,Over
1,talk,94,6,9,Over
1,talk,95,6,10,Over
1,talk,96,6,7,Over
1,talk,97,6,11,Over
1,talk,98,6,4,Over
1,talk,99,6,14,Over
1,talk,100,6,8,Over
1,talk,101,6,15,Over
1,talk,102,6,2,Over
1,talk,103,6,12,Over
1,talk,104,6,1,Skip
1,talk,105,7,8,Over
1,talk,106,7,5,VOTE Agent[09]
1,talk,107,7,12,Over
1,talk,108,7,6,Over
1,talk,109,7,3,Over
1,talk,110,7,4,Over
1,talk,111,7,14,Over
1,talk,112,7,15,Over
1,talk,113,7,13,Over
1,talk,114,7,2,Over
1,talk,115,7,10,Over
1,talk,116,7,1,Over
1,talk,117,7,11,Over
1,talk,118,7,9,Over
1,talk,119,7,7,Over
1,talk,120,8,6,Over
1,talk,121,8,7,Over
1,talk,122,8,2,Over
1,talk,123,8,4,Over
1,talk,124,8,11,Over
1,talk,125,8,14,Over
1,talk,126,8,12,Over
1,talk,127,8,1,Over
1,talk,128,8,9,Over
1,talk,129,8,3,Over
1,talk,130,8,13,Over
1,talk,131,8,5,VOTE Agent[09]
1,talk,132,8,8,Over
1,talk,133,8,10,Over
1,talk,134,8,15,Over
1,talk,135,9,2,Over
1,talk,136,9,10,Over
1,talk,137,9,8,Over
1,talk,138,9,3,Over
1,talk,139,9,6,Over
1,talk,140,9,1,Over
1,talk,141,9,9,Over
1,talk,142,9,11,Over
1,talk,143,9,14,Over
1,talk,144,9,5,Over
1,talk,145,9,15,Over
1,talk,146,9,13,Over
1,talk,147,9,4,Over
1,talk,148,9,12,Over
1,talk,149,9,7,Over
1,vote,1,5
1,vote,2,11
1,vote,3,15
1,vote,4,15
1,vote,5,9
1,vote,6,11
1,vote,7,5
1,vote,8,5
1,vote,9,5
1,vote,10,3
1,vote,11,5
1,vote,12,5
1,vote,13,3
1,vote,14,6
1,vote,15,3
1,execute,5,WEREWOLF
1,divine,10,6,HUMAN
1,whisper,0,0,15,Skip
1,whisper,1,0,3,Skip
1,whisper,2,1,3,Skip
1,whisper,3,1,15,Skip
1,whisper,4,2,15,Over
1,whisper,5,2,3,Over
1,guard,12,10,SEER
1,attackVote,3,9
1,attackVote,15,9
1,attack,9,true
2,status,1,VILLAGER,ALIVE,Tomato4
2,status,2,VILLAGER,ALIVE,SampleJava14
2,status,3,WEREWOLF,ALIVE,Takeda13
2,status,4,VILLAGER,ALIVE,SampleJava8
2,status,5,WEREWOLF,DEAD,OKAMI
2,status,6,VILLAGER,ALIVE,sample_py
2,status,7,VILLAGER,ALIVE,SampleJava9
2,status,8,VILLAGER,ALIVE,sample_py
2,status,9,MEDIUM,DEAD,Takeda6
2,status,10,SEER,ALIVE,sample_py
2,status,11,VILLAGER,ALIVE,TOKU1
2,status,12,BODYGUARD,ALIVE,Takeda0
2,status,13,POSSESSED,ALIVE,sample_py
2,status,14,VILLAGER,ALIVE,sample_py
2,status,15,WEREWOLF,ALIVE,Takeda7
2,talk,0,0,14,VOTE Agent[06]
2,talk,1,0,2,VOTE Agent[07]
2,talk,2,0,11,VOTE Agent[03]
2,talk,3,0,7,VOTE Agent[06]
2,talk,4,0,10,VOTE Agent[13]
2,talk,5,0,8,VOTE Agent[07]
2,talk,6,0,13,DIVINED Agent[15] WEREWOLF
2,talk,7,0,15,DIVINED Agent[03] HUMAN
2,talk,8,0,1,VOTE Agent[06]
2,talk,9,0,6,VOTE Agent[15]
2,talk,10,0,12,VOTE Agent[03]
2,talk,11,0,4,VOTE Agent[15]
2,talk,12,0,3,DIVINED Agent[13] WEREWOLF
2,talk,13,1,1,VOTE Agent[15]
2,talk,14,1,6,Skip
2,talk,15,1,7,REQUEST ANY (VOTE Agent[06])
2,talk,16,1,11,Skip
2,talk,17,1,14,VOTE Agent[13]
2,talk,18,1,8,VOTE Agent[15]
2,talk,19,1,3,VOTE Agent[13]
2,talk,20,1,15,VOTE Agent[13]
2,talk,21,1,12,Skip
2,talk,22,1,13,VOTE Agent[15]
2,talk,23,1,10,Skip
2,talk,24,1,4,REQUEST ANY (VOTE Agent[15])
2,talk,25,1,2,REQUEST ANY (VOTE Agent[07])
2,talk,26,2,1,VOTE Agent[13]
2,talk,27,2,3,Skip
2,talk,28,2,6,Skip
2,talk,29,2,11,Skip
2,talk,30,2,12,Skip
2,talk,31,2,15,Skip
2,talk,32,2,2,Skip
2,talk,33,2,13,Skip
2,talk,34,2,14,Skip
2,talk,35,2,8,Skip
2,talk,36,2,7,Skip
2,talk,37,2,4,Skip
2,talk,38,2,10,Skip
2,talk,39,3,15,Skip
2,talk,40,3,10,Over
2,talk,41,3,14,Skip
2,talk,42,3,1,VOTE Agent[15]
2,talk,43,3,3,Skip
2,talk,44,3,13,Skip
2,talk,45,3,4,Skip
2,talk,46,3,7,Skip
2,talk,47,3,8,Skip
2,talk,48,3,6,Over
2,talk,49,3,11,Over
2,talk,50,3,2,Skip
2,talk,51,3,12,Over
2,talk,52,4,11,Over
2,talk,53,4,7,Over
2,talk,54,4,1,VOTE Agent[13]
2,talk,55,4,10,Over
2,talk,56,4,2,Over
2,talk,57,4,12,Over
2,talk,58,4,3,Over
2,talk,59,4,15,Over
2,talk,60,4,8,Over
2,talk,61,4,13,Over
2,talk,62,4,4,Over
2,talk,63,4,14,Over
2,talk,64,4,6,Over
2,talk,65,5,4,Over
2,talk,66,5,14,Over
2,talk,67,5,12,Over
2,talk,68,5,11,Over
2,talk,69,5,6,Over
2,talk,70,5,2,Over
2,talk,71,5,10,Over
2,talk,72,5,8,Over
2,talk,73,5,3,Over
2,talk,74,5,1,Skip
2,talk,75,5,15,Over
2,talk,76,5,7,Over
2,talk,77,5,13,Over
2,talk,78,6,13,Over
2,talk,79,6,12,Over
2,talk,80,6,6,Over
2,talk,81,6,2,Over
2,talk,82,6,10,Over
2,talk,83,6,1,VOTE Agent[15]
2,talk,84,6,4,Over
2,talk,85,6,8,Over
2,talk,86,6,11,Over
2,talk,87,6,3,Over
2,talk,88,6,15,Over
2,talk,89,6,14,Over
2,talk,90,6,7,Over
2,talk,91,7,6,Over
2,talk,92,7,3,Over
2,talk,93,7,14,Over
2,talk,94,7,15,Over
2,talk,95,7,13,Over
2,talk,96,7,11,Over
2,talk,97,7,8,Over
2,talk,98,7,4,Over
2,talk,99,7,12,Over
2,talk,100,7,10,Over
2,talk,101,7,7,Over
2,talk,102,7,2,Over
2,talk,103,7,1,VOTE Agent[13]
2,talk,104,8,4,Over
2,talk,105,8,14,Over
2,talk,106,8,7,Over
2,talk,107,8,10,Over
2,talk,108,8,13,Over
2,talk,109,8,12,Over
2,talk,110,8,1,Skip
2,talk,111,8,2,Over
2,talk,112,8,8,Over
2,talk,113,8,3,Over
2,talk,114,8,6,Over
2,talk,115,8,15,Over
2,talk,116,8,11,Over
2,talk,117,9,1,Skip
2,talk,118,9,4,Over
2,talk,119,9,8,Over
2,talk,120,9,14,Over
2,talk,121,9,6,Over
2,talk,122,9,12,Over
2,talk,123,9,15,Over
2,talk,124,9,10,Over
2,talk,125,9,11,Over
2,talk,126,9,3,Over
2,talk,127,9,7,Over
2,talk,128,9,2,Over
2,talk,129,9,13,Over
2,talk,130,10,3,Over
2,talk,131,10,8,Over
2,talk,132,10,15,Over
2,talk,133,10,14,Over
2,talk,134,10,12,Over
2,talk,135,10,6,Over
2,talk,136,10,2,Over
2,talk,137,10,11,Over
2,talk,138,10,7,Over
2,talk,139,10,10,Over
2,talk,140,10,13,Over
2,talk,141,10,4,Over
2,talk,142,10,1,Over
2,vote,1,13
2,vote,2,6
2,vote,3,13
2,vote,4,6
2,vote,6,15
2,vote,7,15
2,vote,8,15
2,vote,10,13
2,vote,11,3
2,vote,12,3
2,vote,13,15
2,vote,14,13
2,vote,15,13
2,execute,13,POSSESSED
2,divine,10,14,HUMAN
2,whisper,0,0,15,Skip
2,whisper,1,0,3,Skip
2,whisper,2,1,15,Skip
2,whisper,3,1,3,Skip
2,whisper,4,2,15,Over
2,whisper,5,2,3,Over
2,guard,12,14,VILLAGER
2,attackVote,3,14
2,attackVote,15,14
2,attack,14,false
3,status,1,VILLAGER,ALIVE,Tomato4
3,status,2,VILLAGER,ALIVE,SampleJava14
3,status,3,WEREWOLF,ALIVE,Takeda13
3,status,4,VILLAGER,ALIVE,SampleJava8
3,status,5,WEREWOLF,DEAD,OKAMI
3,status,6,VILLAGER,ALIVE,sample_py
3,status,7,VILLAGER,ALIVE,SampleJava9
3,status,8,VILLAGER,ALIVE,sample_py
3,status,9,MEDIUM,DEAD,Takeda6
3,status,10,SEER,ALIVE,sample_py
3,status,11,VILLAGER,ALIVE,TOKU1
3,status,12,BODYGUARD,ALIVE,Takeda0
3,status,13,POSSESSED,DEAD,sample_py
3,status,14,VILLAGER,ALIVE,sample_py
3,status,15,WEREWOLF,ALIVE,Takeda7
3,talk,0,0,8,VOTE Agent[15]
3,talk,1,0,4,VOTE Agent[08]
3,talk,2,0,2,VOTE Agent[07]
3,talk,3,0,7,VOTE Agent[15]
3,talk,4,0,15,DIVINED Agent[08] WEREWOLF
3,talk,5,0,3,DIVINED Agent[15] HUMAN
3,talk,6,0,6,VOTE Agent[15]
3,talk,7,0,11,VOTE Agent[03]
3,talk,8,0,10,COMINGOUT Agent[10] SEER
3,talk,9,0,1,VOTE Agent[15]
3,talk,10,0,12,VOTE Agent[03]
3,talk,11,0,14,VOTE Agent[08]
3,talk,12,1,1,Skip
3,talk,13,1,15,VOTE Agent[08]
3,talk,14,1,10,DIVINED Agent[02] HUMAN
3,talk,15,1,2,REQUEST ANY (VOTE Agent[07])
3,talk,16,1,4,REQUEST ANY (VOTE Agent[08])
3,talk,17,1,14,Skip
3,talk,18,1,8,Skip
3,talk,19,1,12,Skip
3,talk,20,1,6,Skip
3,talk,21,1,3,VOTE Agent[10]
3,talk,22,1,7,REQUEST ANY (VOTE Agent[15])
3,talk,23,1,11,Skip
3,talk,24,2,6,Skip
3,talk,25,2,11,Skip
3,talk,26,2,12,Skip
3,talk,27,2,10,DIVINED Agent[06] HUMAN
3,talk,28,2,4,Skip
3,talk,29,2,14,Skip
3,talk,30,2,2,Skip
3,talk,31,2,8,Skip
3,talk,32,2,7,Skip
3,talk,33,2,1,Skip
3,talk,34,2,3,Skip
3,talk,35,2,15,Skip
3,talk,36,3,6,Over
3,talk,37,3,10,DIVINED Agent[14] HUMAN
3,talk,38,3,1,Over
3,talk,39,3,15,Skip
3,talk,40,3,4,Skip
3,talk,41,3,2,Skip
3,talk,42,3,8,Over
3,talk,43,3,7,Skip
3,talk,44,3,14,Over
3,talk,45,3,3,Skip
3,talk,46,3,12,Over
3,talk,47,3,11,Over
3,talk,48,4,1,Over
3,talk,49,4,4,Over
3,talk,50,4,2,Over
3,talk,51,4,12,Over
3,talk,52,4,15,Over
3,talk,53,4,11,Over
3,talk,54,4,7,Over
3,talk,55,4,6,Over
3,talk,56,4,10,VOTE Agent[03]
3,talk,57,4,14,Over
3,talk,58,4,8,Over
3,talk,59,4,3,Over
3,talk,60,5,11,Over
3,talk,61,5,8,Over
3,talk,62,5,15,Over
3,talk,63,5,2,Over
3,talk,64,5,6,Over
3,talk,65,5,14,Over
3,talk,66,5,7,Over
3,talk,67,5,4,Over
3,talk,68,5,10,Skip
3,talk,69,5,3,Over
3,talk,70,5,12,Over
3,talk,71,5,1,Over
3,talk,72,6,2,Over
3,talk,73,6,1,Over
3,talk,74,6,10,Skip
3,talk,75,6,6,Over
3,talk,76,6,11,Over
3,talk,77,6,7,Over
3,talk,78,6,3,Over
3,talk,79,6,4,Over
3,talk,80,6,14,Over
3,talk,81,6,15,Over
3,talk,82,6,8,Over
3,talk,83,6,12,Over
3,talk,84,7,12,Over
3,talk,85,7,10,Over
3,talk,86,7,14,Over
3,talk,87,7,6,Over
3,talk,88,7,11,Over
3,talk,89,7,3,Over
3,talk,90,7,2,Over
3,talk,91,7,8,Over
3,talk,92,7,7,Over
3,talk,93,7,4,Over
3,talk,94,7,1,Over
3,talk,95,7,15,Over
3,vote,1,15
3,vote,2,8
3,vote,3,10
3,vote,4,15
3,vote,6,15
3,vote,7,8
3,vote,8,15
3,vote,10,3
3,vote,11,3
3,vote,12,3
3,vote,14,8
3,vote,15,8
3,vote,1,15
3,vote,2,8
3,vote,3,10
3,vote,4,8
3,vote,6,15
3,vote,7,8
3,vote,8,15
3,vote,10,3
3,vote,11,3
3,vote,12,3
3,vote,14,8
3,vote,15,8
3,execute,8,VILLAGER
3,whisper,0,0,3,Skip
3,whisper,1,0,15,Skip
3,whisper,2,1,3,Skip
3,whisper,3,1,15,Skip
3,whisper,4,2,3,Over
3,whisper,5,2,15,Over
3,guard,12,10,SEER
3,attackVote,3,12
3,attackVote,15,12
3,attack,12,true
4,status,1,VILLAGER,ALIVE,Tomato4
4,status,2,VILLAGER,ALIVE,SampleJava14
4,status,3,WEREWOLF,ALIVE,Takeda13
4,status,4,VILLAGER,ALIVE,SampleJava8
4,status,5,WEREWOLF,DEAD,OKAMI
4,status,6,VILLAGER,ALIVE,sample_py
4,status,7,VILLAGER,ALIVE,SampleJava9
4,status,8,VILLAGER,DEAD,sample_py
4,status,9,MEDIUM,DEAD,Takeda6
4,status,10,SEER,ALIVE,sample_py
4,status,11,VILLAGER,ALIVE,TOKU1
4,status,12,BODYGUARD,DEAD,Takeda0
4,status,13,POSSESSED,DEAD,sample_py
4,status,14,VILLAGER,ALIVE,sample_py
4,status,15,WEREWOLF,ALIVE,Takeda7
4,talk,0,0,3,DIVINED Agent[10] WEREWOLF
4,talk,1,0,11,VOTE Agent[03]
4,talk,2,0,1,VOTE Agent[15]
4,talk,3,0,6,VOTE Agent[15]
4,talk,4,0,10,VOTE Agent[03]
4,talk,5,0,4,VOTE Agent[11]
4,talk,6,0,15,DIVINED Agent[10] WEREWOLF
4,talk,7,0,2,VOTE Agent[10]
4,talk,8,0,7,VOTE Agent[10]
4,talk,9,0,14,VOTE Agent[10]
4,talk,10,1,1,Skip
4,talk,11,1,11,Skip
4,talk,12,1,15,VOTE Agent[10]
4,talk,13,1,10,Skip
4,talk,14,1,6,Skip
4,talk,15,1,7,REQUEST ANY (VOTE Agent[10])
4,talk,16,1,4,REQUEST ANY (VOTE Agent[11])
4,talk,17,1,14,Skip
4,talk,18,1,2,REQUEST ANY (VOTE Agent[10])
4,talk,19,1,3,VOTE Agent[10]
4,talk,20,2,10,Skip
4,talk,21,2,15,Skip
4,talk,22,2,11,Skip
4,talk,23,2,4,Skip
4,talk,24,2,1,Skip
4,talk,25,2,14,Skip
4,talk,26,2,3,Skip
4,talk,27,2,6,Skip
4,talk,28,2,7,Skip
4,talk,29,2,2,Skip
4,talk,30,3,3,Skip
4,talk,31,3,10,Over
4,talk,32,3,2,Skip
4,talk,33,3,7,Skip
4,talk,34,3,6,Over
4,talk,35,3,1,Over
4,talk,36,3,14,Over
4,talk,37,3,11,Over
4,talk,38,3,4,Skip
4,talk,39,3,15,Skip
4,talk,40,4,14,Over
4,talk,41,4,2,Over
4,talk,42,4,4,Over
4,talk,43,4,3,Over
4,talk,44,4,7,Over
4,talk,45,4,11,Over
4,talk,46,4,15,Over
4,talk,47,4,1,Over
4,talk,48,4,10,Over
4,talk,49,4,6,Over
4,vote,1,15
4,vote,2,10
4,vote,3,10
4,vote,4,10
4,vote,6,15
4,vote,7,11
4,vote,10,3
4,vote,11,10
4,vote,14,10
4,vote,15,10
4,execute,10,SEER
4,whisper,0,0,15,Skip
4,whisper,1,0,3,Skip
4,whisper,2,1,15,Skip
4,whisper,3,1,3,Skip
4,whisper,4,2,15,Over
4,whisper,5,2,3,Over
4,attackVote,3,14
4,attackVote,15,14
4,attack,14,true
5,status,1,VILLAGER,ALIVE,Tomato4
5,status,2,VILLAGER,ALIVE,SampleJava14
5,status,3,WEREWOLF,ALIVE,Takeda13
5,status,4,VILLAGER,ALIVE,SampleJava8
5,status,5,WEREWOLF,DEAD,OKAMI
5,status,6,VILLAGER,ALIVE,sample_py
5,status,7,VILLAGER,ALIVE,SampleJava9
5,status,8,VILLAGER,DEAD,sample_py
5,status,9,MEDIUM,DEAD,Takeda6
5,status,10,SEER,DEAD,sample_py
5,status,11,VILLAGER,ALIVE,TOKU1
5,status,12,BODYGUARD,DEAD,Takeda0
5,status,13,POSSESSED,DEAD,sample_py
5,status,14,VILLAGER,DEAD,sample_py
5,status,15,WEREWOLF,ALIVE,Takeda7
5,talk,0,0,4,VOTE Agent[01]
5,talk,1,0,1,VOTE Agent[15]
5,talk,2,0,6,VOTE Agent[15]
5,talk,3,0,7,VOTE Agent[06]
5,talk,4,0,3,DIVINED Agent[02] WEREWOLF
5,talk,5,0,2,BECAUSE (AND (COMINGOUT Agent[02] VILLAGER) (DAY 5 (Agent[03] DIVINED Agent[02] WEREWOLF))) (XOR (ESTIMATE Agent[03] WEREWOLF) (ESTIMATE Agent[03] POSSESSED))
5,talk,6,0,15,DIVINED Agent[02] WEREWOLF
5,talk,7,0,11,VOTE Agent[03]
5,talk,8,1,1,Skip
5,talk,9,1,15,VOTE Agent[02]
5,talk,10,1,4,REQUEST ANY (VOTE Agent[01])
5,talk,11,1,6,Skip
5,talk,12,1,3,VOTE Agent[02]
5,talk,13,1,11,Skip
5,talk,14,1,7,REQUEST ANY (VOTE Agent[06])
5,talk,15,1,2,BECAUSE (XOR (ESTIMATE Agent[03] WEREWOLF) (ESTIMATE Agent[03] POSSESSED)) (AND (VOTE Agent[03]) (REQUEST ANY (VOTE Agent[03])))
5,talk,16,2,2,VOTE Agent[03]
5,talk,17,2,11,Skip
5,talk,18,2,6,Skip
5,talk,19,2,7,Skip
5,talk,20,2,1,Skip
5,talk,21,2,4,Skip
5,talk,22,2,3,Skip
5,talk,23,2,15,Skip
5,talk,24,3,11,Over
5,talk,25,3,15,Skip
5,talk,26,3,1,Over
5,talk,27,3,7,Skip
5,talk,28,3,4,Skip
5,talk,29,3,6,Over
5,talk,30,3,2,REQUEST ANY (VOTE Agent[03])
5,talk,31,3,3,Skip
5,talk,32,4,6,Over
5,talk,33,4,1,Over
5,talk,34,4,2,Skip
5,talk,35,4,4,Over
5,talk,36,4,11,Over
5,talk,37,4,7,Over
5,talk,38,4,3,Over
5,talk,39,4,15,Over
5,talk,40,5,7,Over
5,talk,41,5,3,Over
5,talk,42,5,6,Over
5,talk,43,5,15,Over
5,talk,44,5,4,Over
5,talk,45,5,1,Over
5,talk,46,5,11,Over
5,talk,47,5,2,Skip
5,talk,48,6,3,Over
5,talk,49,6,1,Over
5,talk,50,6,7,Over
5,talk,51,6,6,Over
5,talk,52,6,4,Over
5,talk,53,6,2,Over
5,talk,54,6,15,Over
5,talk,55,6,11,Over
5,vote,1,15
5,vote,2,3
5,vote,3,2
5,vote,4,3
5,vote,6,15
5,vote,7,1
5,vote,11,3
5,vote,15,2
5,execute,3,WEREWOLF
5,attackVote,15,2
5,attack,2,true
6,status,1,VILLAGER,ALIVE,Tomato4
6,status,2,VILLAGER,DEAD,SampleJava14
6,status,3,WEREWOLF,DEAD,Takeda13
6,status,4,VILLAGER,ALIVE,SampleJava8
6,status,5,WEREWOLF,DEAD,OKAMI
6,status,6,VILLAGER,ALIVE,sample_py
6,status,7,VILLAGER,ALIVE,SampleJava9
6,status,8,VILLAGER,DEAD,sample_py
6,status,9,MEDIUM,DEAD,Takeda6
6,status,10,SEER,DEAD,sample_py
6,status,11,VILLAGER,ALIVE,TOKU1
6,status,12,BODYGUARD,DEAD,Takeda0
6,status,13,POSSESSED,DEAD,sample_py
6,status,14,VILLAGER,DEAD,sample_py
6,status,15,WEREWOLF,ALIVE,Takeda7
6,talk,0,0,6,VOTE Agent[15]
6,talk,1,0,4,BECAUSE (AND (ANY ATTACKED Agent[02]) (DAY 5 (Agent[15] DIVINED Agent[02] WEREWOLF))) (XOR (ESTIMATE Agent[15] WEREWOLF) (ESTIMATE Agent[15] POSSESSED))
6,talk,2,0,11,VOTE Agent[15]
6,talk,3,0,7,BECAUSE (AND (ANY ATTACKED Agent[02]) (DAY 5 (Agent[15] DIVINED Agent[02] WEREWOLF))) (XOR (ESTIMATE Agent[15] WEREWOLF) (ESTIMATE Agent[15] POSSESSED))
6,talk,4,0,15,DIVINED Agent[11] WEREWOLF
6,talk,5,0,1,VOTE Agent[15]
6,talk,6,1,1,Skip
6,talk,7,1,15,VOTE Agent[11]
6,talk,8,1,4,BECAUSE (XOR (ESTIMATE Agent[15] WEREWOLF) (ESTIMATE Agent[15] POSSESSED)) (AND (VOTE Agent[15]) (REQUEST ANY (VOTE Agent[15])))
6,talk,9,1,6,Skip
6,talk,10,1,11,Skip
6,talk,11,1,7,BECAUSE (XOR (ESTIMATE Agent[15] WEREWOLF) (ESTIMATE Agent[15] POSSESSED)) (AND (VOTE Agent[15]) (REQUEST ANY (VOTE Agent[15])))
6,talk,12,2,15,VOTE Agent[11]
6,talk,13,2,7,VOTE Agent[15]
6,talk,14,2,4,VOTE Agent[15]
6,talk,15,2,11,Skip
6,talk,16,2,6,Skip
6,talk,17,2,1,Skip
6,talk,18,3,15,VOTE Agent[11]
6,talk,19,3,4,REQUEST ANY (VOTE Agent[15])
6,talk,20,3,6,Over
6,talk,21,3,11,Over
6,talk,22,3,1,Over
6,talk,23,3,7,REQUEST ANY (VOTE Agent[15])
6,talk,24,4,1,Over
6,talk,25,4,15,VOTE Agent[11]
6,talk,26,4,6,Over
6,talk,27,4,7,Skip
6,talk,28,4,11,Over
6,talk,29,4,4,Skip
6,talk,30,5,1,Over
6,talk,31,5,7,Skip
6,talk,32,5,6,Over
6,talk,33,5,11,Over
6,talk,34,5,4,Skip
6,talk,35,5,15,VOTE Agent[11]
6,talk,36,6,15,VOTE Agent[11]
6,talk,37,6,6,Over
6,talk,38,6,11,Over
6,talk,39,6,1,Over
6,talk,40,6,4,Over
6,talk,41,6,7,Over
6,talk,42,7,7,Over
6,talk,43,7,4,Over
6,talk,44,7,6,Over
6,talk,45,7,15,VOTE Agent[11]
6,talk,46,7,11,Over
6,talk,47,7,1,Over
6,talk,48,8,15,VOTE Agent[11]
6,talk,49,8,7,Over
6,talk,50,8,1,Over
6,talk,51,8,4,Over
6,talk,52,8,11,Over
6,talk,53,8,6,Over
6,talk,54,9,4,Over
6,talk,55,9,1,Over
6,talk,56,9,15,VOTE Agent[11]
6,talk,57,9,6,Over
6,talk,58,9,7,Over
6,talk,59,9,11,Over
6,talk,60,10,4,Over
6,talk,61,10,6,Over
6,talk,62,10,15,Over
6,talk,63,10,1,Over
6,talk,64,10,7,Over
6,talk,65,10,11,Over
6,vote,1,15
6,vote,4,15
6,vote,6,15
6,vote,7,15
6,vote,11,15
6,vote,15,11
6,execute,15,WEREWOLF
7,status,1,VILLAGER,ALIVE,Tomato4
7,status,2,VILLAGER,DEAD,SampleJava14
7,status,3,WEREWOLF,DEAD,Takeda13
7,status,4,VILLAGER,ALIVE,SampleJava8
7,status,5,WEREWOLF,DEAD,OKAMI
7,status,6,VILLAGER,ALIVE,sample_py
7,status,7,VILLAGER,ALIVE,SampleJava9
7,status,8,VILLAGER,DEAD,sample_py
7,status,9,MEDIUM,DEAD,Takeda6
7,status,10,SEER,DEAD,sample_py
7,status,11,VILLAGER,ALIVE,TOKU1
7,status,12,BODYGUARD,DEAD,Takeda0
7,status,13,POSSESSED,DEAD,sample_py
7,status,14,VILLAGER,DEAD,sample_py
7,status,15,WEREWOLF,DEAD,Takeda7
7,result,5,0,VILLAGER
