0,status,1,SEER,ALIVE,Tomato4
0,status,2,VILLAGER,ALIVE,SampleJava14
0,status,3,VILLAGER,ALIVE,Takeda13
0,status,4,MEDIUM,ALIVE,SampleJava8
0,status,5,VILLAGER,ALIVE,OKAMI
0,status,6,VILLAGER,ALIVE,sample_py
0,status,7,VILLAGER,ALIVE,SampleJava9
0,status,8,POSSESSED,ALIVE,sample_py
0,status,9,VILLAGER,ALIVE,Takeda6
0,status,10,WEREWOLF,ALIVE,sample_py
0,status,11,VILLAGER,ALIVE,TOKU1
0,status,12,VILLAGER,ALIVE,Takeda0
0,status,13,BODYGUARD,ALIVE,sample_py
0,status,14,WEREWOLF,ALIVE,sample_py
0,status,15,WEREWOLF,ALIVE,Takeda7
0,whisper,0,0,15,Skip
0,whisper,1,0,14,COMINGOUT Agent[14] MEDIUM
0,whisper,2,0,10,COMINGOUT Agent[10] SEER
0,whisper,3,1,14,COMINGOUT Agent[14] MEDIUM
0,whisper,4,1,15,Skip
0,whisper,5,1,10,COMINGOUT Agent[10] SEER
0,whisper,6,2,10,COMINGOUT Agent[10] SEER
0,whisper,7,2,14,COMINGOUT Agent[14] MEDIUM
0,whisper,8,2,15,Over
0,whisper,9,3,15,Over
0,whisper,10,3,10,COMINGOUT Agent[10] SEER
0,whisper,11,3,14,COMINGOUT Agent[14] MEDIUM
0,whisper,12,4,10,COMINGOUT Agent[10] SEER
0,whisper,13,4,15,Over
0,whisper,14,4,14,COMINGOUT Agent[14] MEDIUM
0,whisper,15,5,15,Over
0,whisper,16,5,10,COMINGOUT Agent[10] SEER
0,whisper,17,5,14,COMINGOUT Agent[14] MEDIUM
0,whisper,18,6,10,COMINGOUT Agent[10] SEER
0,whisper,19,6,14,COMINGOUT Agent[14] MEDIUM
0,whisper,20,6,15,Over
0,whisper,21,7,10,COMINGOUT Agent[10] SEER
0,whisper,22,7,14,COMINGOUT Agent[14] MEDIUM
0,whisper,23,7,15,Over
0,whisper,24,8,10,COMINGOUT Agent[10] SEER
0,whisper,25,8,14,COMINGOUT Agent[14] MEDIUM
0,whisper,26,8,15,Over
0,whisper,27,9,10,COMINGOUT Agent[10] SEER
0,whisper,28,9,14,COMINGOUT Agent[14] MEDIUM
0,whisper,29,9,15,Over
0,whisper,30,10,14,Over
0,whisper,31,10,15,Over
0,whisper,32,10,10,Over
0,divine,1,12,HUMAN
1,status,1,SEER,ALIVE,Tomato4
1,status,2,VILLAGER,ALIVE,SampleJava14
1,status,3,VILLAGER,ALIVE,Takeda13
1,status,4,MEDIUM,ALIVE,SampleJava8
1,status,5,VILLAGER,ALIVE,OKAMI
1,status,6,VILLAGER,ALIVE,sample_py
1,status,7,VILLAGER,ALIVE,SampleJava9
1,status,8,POSSESSED,ALIVE,sample_py
1,status,9,VILLAGER,ALIVE,Takeda6
1,status,10,WEREWOLF,ALIVE,sample_py
1,status,11,VILLAGER,ALIVE,TOKU1
1,status,12,VILLAGER,ALIVE,Takeda0
1,status,13,BODYGUARD,ALIVE,sample_py
1,status,14,WEREWOLF,ALIVE,sample_py
1,status,15,WEREWOLF,ALIVE,Takeda7
1,talk,0,0,5,VOTE Agent[01]
1,talk,1,0,13,VOTE Agent[06]
1,talk,2,0,10,VOTE Agent[13]
1,talk,3,0,11,VOTE Agent[01]
1,talk,4,0,4,VOTE Agent[09]
1,talk,5,0,3,VOTE Agent[01]
1,talk,6,0,15,COMINGOUT Agent[15] SEER
1,talk,7,0,1,COMINGOUT Agent[01] SEER
1,talk,8,0,6,VOTE Agent[01]
1,talk,9,0,8,COMINGOUT Agent[08] SEER
1,talk,10,0,2,VOTE Agent[14]
1,talk,11,0,12,VOTE Agent[01]
1,talk,12,0,9,VOTE Agent[01]
1,talk,13,0,14,COMINGOUT Agent[14] MEDIUM
1,talk,14,0,7,VOTE Agent[11]
1,talk,15,1,14,VOTE Agent[04]
1,talk,16,1,1,DIVINED Agent[12] HUMAN
1,talk,17,1,13,Skip
1,talk,18,1,4,REQUEST ANY (VOTE Agent[09])
1,talk,19,1,5,COMINGOUT Agent[05] VILLAGER
1,talk,20,1,9,VOTE Agent[14]
1,talk,21,1,12,Skip
1,talk,22,1,15,DIVINED Agent[01] WEREWOLF
1,talk,23,1,2,REQUEST ANY (VOTE Agent[14])
1,talk,24,1,3,Skip
1,talk,25,1,7,REQUEST ANY (VOTE Agent[11])
1,talk,26,1,10,VOTE Agent[15]
1,talk,27,1,11,Skip
1,talk,28,1,8,DIVINED Agent[12] WEREWOLF
1,talk,29,1,6,Skip
1,talk,30,2,11,Skip
1,talk,31,2,2,Skip
1,talk,32,2,3,Skip
1,talk,33,2,8,VOTE Agent[12]
1,talk,34,2,4,COMINGOUT Agent[04] MEDIUM
1,talk,35,2,14,Skip
1,talk,36,2,7,Skip
1,talk,37,2,15,VOTE Agent[01]
1,talk,38,2,1,VOTE Agent[14]
1,talk,39,2,10,Skip
1,talk,40,2,9,VOTE Agent[04]
1,talk,41,2,13,VOTE Agent[12]
1,talk,42,2,6,Skip
1,talk,43,2,12,VOTE Agent[04]
1,talk,44,2,5,VOTE Agent[15]
1,talk,45,3,5,VOTE Agent[15]
1,talk,46,3,1,VOTE Agent[04]
1,talk,47,3,9,Skip
1,talk,48,3,13,Skip
1,talk,49,3,3,VOTE Agent[04]
1,talk,50,3,15,Skip
1,talk,51,3,8,Skip
1,talk,52,3,6,Over
1,talk,53,3,2,Skip
1,talk,54,3,11,VOTE Agent[04]
1,talk,55,3,10,Skip
1,talk,56,3,4,BECAUSE (AND (COMINGOUT Agent[04] MEDIUM) (Agent[14] COMINGOUT Agent[14] MEDIUM)) (XOR (ESTIMATE Agent[14] WEREWOLF) (ESTIMATE Agent[14] POSSESSED))
1,talk,57,3,14,Skip
1,talk,58,3,7,Skip
1,talk,59,3,12,Skip
1,talk,60,4,8,Skip
1,talk,61,4,11,Skip
1,talk,62,4,13,Skip
1,talk,63,4,10,Over
1,talk,64,4,2,Over
1,talk,65,4,3,Skip
1,talk,66,4,9,Skip
1,talk,67,4,1,Skip
1,talk,68,4,4,BECAUSE (XOR (ESTIMATE Agent[14] WEREWOLF) (ESTIMATE Agent[14] POSSESSED)) (AND (VOTE Agent[14]) (REQUEST ANY (VOTE Agent[14])))
1,talk,69,4,7,Over
1,talk,70,4,5,VOTE Agent[15]
1,talk,71,4,6,Over
1,talk,72,4,15,Skip
1,talk,73,4,14,Over
1,talk,74,4,12,Skip
1,talk,75,5,1,Skip
1,talk,76,5,5,VOTE Agent[15]
1,talk,77,5,7,Over
1,talk,78,5,11,Skip
1,talk,79,5,8,Over
1,talk,80,5,2,Over
1,talk,81,5,10,Over
1,talk,82,5,15,Over
1,talk,83,5,6,Over
1,talk,84,5,4,VOTE Agent[14]
1,talk,85,5,9,Over
1,talk,86,5,13,Over
1,talk,87,5,3,Skip
1,talk,88,5,12,Over
1,talk,89,5,14,Over
1,talk,90,6,13,Over
1,talk,91,6,10,Over
1,talk,92,6,12,Over
1,talk,93,6,6,Over
1,talk,94,6,9,Over
1,talk,95,6,2,Over
1,talk,96,6,3,Over
1,talk,97,6,14,Over
1,talk,98,6,1,Over
1,talk,99,6,15,Over
1,talk,100,6,7,Over
1,talk,101,6,8,Over
1,talk,102,6,5,VOTE Agent[15]
1,talk,103,6,4,REQUEST ANY (VOTE Agent[14])
1,talk,104,6,11,Over
1,talk,105,7,1,Over
1,talk,106,7,10,Over
1,talk,107,7,2,Over
1,talk,108,7,12,Over
1,talk,109,7,3,Over
1,talk,110,7,9,Over
1,talk,111,7,14,Over
1,talk,112,7,8,Over
1,talk,113,7,4,Skip
1,talk,114,7,13,Over
1,talk,115,7,7,Over
1,talk,116,7,6,Over
1,talk,117,7,11,Over
1,talk,118,7,15,Over
1,talk,119,7,5,VOTE Agent[15]
1,talk,120,8,1,Over
1,talk,121,8,13,Over
1,talk,122,8,11,Over
1,talk,123,8,5,VOTE Agent[15]
1,talk,124,8,2,Over
1,talk,125,8,4,Skip
1,talk,126,8,14,Over
1,talk,127,8,9,Over
1,talk,128,8,12,Over
1,talk,129,8,15,Over
1,talk,130,8,8,Over
1,talk,131,8,6,Over
1,talk,132,8,7,Over
1,talk,133,8,3,Over
1,talk,134,8,10,Over
1,talk,135,9,12,Over
1,talk,136,9,3,Over
1,talk,137,9,4,Over
1,talk,138,9,8,Over
1,talk,139,9,2,Over
1,talk,140,9,5,Over
1,talk,141,9,7,Over
1,talk,142,9,14,Over
1,talk,143,9,15,Over
1,talk,144,9,13,Over
1,talk,145,9,10,Over
1,talk,146,9,6,Over
1,talk,147,9,11,Over
1,talk,148,9,1,Over
1,talk,149,9,9,Over
1,vote,1,4
1,vote,2,14
1,vote,3,4
1,vote,4,14
1,vote,5,15
1,vote,6,1
1,vote,7,14
1,vote,8,12
1,vote,9,4
1,vote,10,15
1,vote,11,4
1,vote,12,4
1,vote,13,12
1,vote,14,4
1,vote,15,1
1,execute,4,MEDIUM
1,divine,1,8,HUMAN
1,whisper,0,0,14,ATTACK Agent[05]
1,whisper,1,0,10,ATTACK Agent[01]
1,whisper,2,0,15,Skip
1,whisper,3,1,10,Skip
1,whisper,4,1,14,Skip
1,whisper,5,1,15,Skip
1,whisper,6,2,15,Over
1,whisper,7,2,10,Skip
1,whisper,8,2,14,Skip
1,whisper,9,3,15,Over
1,whisper,10,3,10,Over
1,whisper,11,3,14,Over
1,guard,13,15,WEREWOLF
1,attackVote,10,1
1,attackVote,14,5
1,attackVote,15,9
1,attackVote,10,1
1,attackVote,14,5
1,attackVote,15,9
1,attack,1,true
2,status,1,SEER,DEAD,Tomato4
2,status,2,VILLAGER,ALIVE,SampleJava14
2,status,3,VILLAGER,ALIVE,Takeda13
2,status,4,MEDIUM,DEAD,SampleJava8
2,status,5,VILLAGER,ALIVE,OKAMI
2,status,6,VILLAGER,ALIVE,sample_py
2,status,7,VILLAGER,ALIVE,SampleJava9
2,status,8,POSSESSED,ALIVE,sample_py
2,status,9,VILLAGER,ALIVE,Takeda6
2,status,10,WEREWOLF,ALIVE,sample_py
2,status,11,VILLAGER,ALIVE,TOKU1
2,status,12,VILLAGER,ALIVE,Takeda0
2,status,13,BODYGUARD,ALIVE,sample_py
2,status,14,WEREWOLF,ALIVE,sample_py
2,status,15,WEREWOLF,ALIVE,Takeda7
2,talk,0,0,2,BECAUSE (AND (ANY ATTACKED Agent[01]) (DAY 1 (Agent[15] DIVINED Agent[01] WEREWOLF))) (XOR (ESTIMATE Agent[15] WEREWOLF) (ESTIMATE Agent[15] POSSESSED))
2,talk,1,0,7,BECAUSE (AND (ANY ATTACKED Agent[01]) (DAY 1 (Agent[15] DIVINED Agent[01] WEREWOLF))) (XOR (ESTIMATE Agent[15] WEREWOLF) (ESTIMATE Agent[15] POSSESSED))
2,talk,2,0,10,COMINGOUT Agent[10] SEER
2,talk,3,0,13,VOTE Agent[12]
2,talk,4,0,6,VOTE Agent[12]
2,talk,5,0,15,DIVINED Agent[10] HUMAN
2,talk,6,0,5,VOTE Agent[08]
2,talk,7,0,11,VOTE Agent[15]
2,talk,8,0,14,IDENTIFIED Agent[04] WEREWOLF
2,talk,9,0,8,DIVINED Agent[02] HUMAN
2,talk,10,0,3,VOTE Agent[15]
2,talk,11,0,12,VOTE Agent[15]
2,talk,12,0,9,VOTE Agent[15]
2,talk,13,1,10,DIVINED Agent[15] HUMAN
2,talk,14,1,7,BECAUSE (XOR (ESTIMATE Agent[15] WEREWOLF) (ESTIMATE Agent[15] POSSESSED)) (AND (VOTE Agent[15]) (REQUEST ANY (VOTE Agent[15])))
2,talk,15,1,9,VOTE Agent[10]
2,talk,16,1,13,Skip
2,talk,17,1,15,VOTE Agent[07]
2,talk,18,1,2,BECAUSE (XOR (ESTIMATE Agent[15] WEREWOLF) (ESTIMATE Agent[15] POSSESSED)) (AND (VOTE Agent[15]) (REQUEST ANY (VOTE Agent[15])))
2,talk,19,1,14,VOTE Agent[03]
2,talk,20,1,8,VOTE Agent[12]
2,talk,21,1,12,VOTE Agent[10]
2,talk,22,1,3,VOTE Agent[10]
2,talk,23,1,5,COMINGOUT Agent[05] VILLAGER
2,talk,24,1,11,VOTE Agent[10]
2,talk,25,1,6,Skip
2,talk,26,2,15,VOTE Agent[02]
2,talk,27,2,12,Skip
2,talk,28,2,3,Skip
2,talk,29,2,8,Skip
2,talk,30,2,7,VOTE Agent[15]
2,talk,31,2,2,VOTE Agent[15]
2,talk,32,2,13,Skip
2,talk,33,2,11,Skip
2,talk,34,2,9,Skip
2,talk,35,2,14,Skip
2,talk,36,2,6,Skip
2,talk,37,2,10,DIVINED Agent[07] WEREWOLF
2,talk,38,2,5,VOTE Agent[15]
2,talk,39,3,9,Skip
2,talk,40,3,12,Skip
2,talk,41,3,8,Skip
2,talk,42,3,14,Skip
2,talk,43,3,2,REQUEST ANY (VOTE Agent[15])
2,talk,44,3,11,Skip
2,talk,45,3,10,VOTE Agent[07]
2,talk,46,3,6,Over
2,talk,47,3,5,VOTE Agent[15]
2,talk,48,3,3,Skip
2,talk,49,3,13,Over
2,talk,50,3,7,REQUEST ANY (VOTE Agent[15])
2,talk,51,3,15,VOTE Agent[07]
2,talk,52,4,12,Over
2,talk,53,4,9,Over
2,talk,54,4,6,Over
2,talk,55,4,7,Skip
2,talk,56,4,2,Skip
2,talk,57,4,10,Skip
2,talk,58,4,5,VOTE Agent[15]
2,talk,59,4,14,Over
2,talk,60,4,11,Over
2,talk,61,4,3,Over
2,talk,62,4,8,Over
2,talk,63,4,15,Skip
2,talk,64,4,13,Over
2,talk,65,5,10,Skip
2,talk,66,5,9,Over
2,talk,67,5,2,Skip
2,talk,68,5,8,Over
2,talk,69,5,7,Skip
2,talk,70,5,5,VOTE Agent[15]
2,talk,71,5,15,Skip
2,talk,72,5,3,Over
2,talk,73,5,11,Over
2,talk,74,5,6,Over
2,talk,75,5,14,Over
2,talk,76,5,13,Over
2,talk,77,5,12,Over
2,talk,78,6,9,Over
2,talk,79,6,10,Over
2,talk,80,6,3,Over
2,talk,81,6,8,Over
2,talk,82,6,13,Over
2,talk,83,6,11,Over
2,talk,84,6,12,Over
2,talk,85,6,7,Over
2,talk,86,6,15,Over
2,talk,87,6,5,VOTE Agent[15]
2,talk,88,6,2,Over
2,talk,89,6,6,Over
2,talk,90,6,14,Over
2,talk,91,7,8,Over
2,talk,92,7,15,Over
2,talk,93,7,13,Over
2,talk,94,7,6,Over
2,talk,95,7,11,Over
2,talk,96,7,9,Over
2,talk,97,7,3,Over
2,talk,98,7,5,VOTE Agent[15]
2,talk,99,7,2,Over
2,talk,100,7,14,Over
2,talk,101,7,10,Over
2,talk,102,7,12,Over
2,talk,103,7,7,Over
2,talk,104,8,2,Over
2,talk,105,8,5,VOTE Agent[15]
2,talk,106,8,6,Over
2,talk,107,8,14,Over
2,talk,108,8,8,Over
2,talk,109,8,9,Over
2,talk,110,8,15,Over
2,talk,111,8,10,Over
2,talk,112,8,12,Over
2,talk,113,8,7,Over
2,talk,114,8,11,Over
2,talk,115,8,3,Over
2,talk,116,8,13,Over
2,talk,117,9,3,Over
2,talk,118,9,7,Over
2,talk,119,9,13,Over
2,talk,120,9,8,Over
2,talk,121,9,6,Over
2,talk,122,9,10,Over
2,talk,123,9,11,Over
2,talk,124,9,9,Over
2,talk,125,9,2,Over
2,talk,126,9,14,Over
2,talk,127,9,15,Over
2,talk,128,9,12,Over
2,talk,129,9,5,Over
2,vote,2,15
2,vote,3,10
2,vote,5,15
2,vote,6,12
2,vote,7,15
2,vote,8,12
2,vote,9,10
2,vote,10,7
2,vote,11,10
2,vote,12,10
2,vote,13,12
2,vote,14,3
2,vote,15,7
2,execute,10,WEREWOLF
2,whisper,0,0,15,Skip
2,whisper,1,0,14,ATTACK Agent[05]
2,whisper,2,1,15,Skip
2,whisper,3,1,14,Skip
2,whisper,4,2,15,Over
2,whisper,5,2,14,Skip
2,whisper,6,3,15,Over
2,whisper,7,3,14,Over
2,guard,13,15,WEREWOLF
2,attackVote,14,5
2,attackVote,15,9
2,attackVote,14,5
2,attackVote,15,9
2,attack,5,true
3,status,1,SEER,DEAD,Tomato4
3,status,2,VILLAGER,ALIVE,SampleJava14
3,status,3,VILLAGER,ALIVE,Takeda13
3,status,4,MEDIUM,DEAD,SampleJava8
3,status,5,VILLAGER,DEAD,OKAMI
3,status,6,VILLAGER,ALIVE,sample_py
3,status,7,VILLAGER,ALIVE,SampleJava9
3,status,8,POSSESSED,ALIVE,sample_py
3,status,9,VILLAGER,ALIVE,Takeda6
3,status,10,WEREWOLF,DEAD,sample_py
3,status,11,VILLAGER,ALIVE,TOKU1
3,status,12,VILLAGER,ALIVE,Takeda0
3,status,13,BODYGUARD,ALIVE,sample_py
3,status,14,WEREWOLF,ALIVE,sample_py
3,status,15,WEREWOLF,ALIVE,Takeda7
3,talk,0,0,2,BECAUSE (AND (ANY ATTACKED Agent[01]) (DAY 1 (Agent[15] DIVINED Agent[01] WEREWOLF))) (XOR (ESTIMATE Agent[15] WEREWOLF) (ESTIMATE Agent[15] POSSESSED))
3,talk,1,0,13,VOTE Agent[12]
3,talk,2,0,7,BECAUSE (AND (ANY ATTACKED Agent[01]) (DAY 1 (Agent[15] DIVINED Agent[01] WEREWOLF))) (XOR (ESTIMATE Agent[15] WEREWOLF) (ESTIMATE Agent[15] POSSESSED))
3,talk,3,0,8,DIVINED Agent[15] HUMAN
3,talk,4,0,14,IDENTIFIED Agent[10] HUMAN
3,talk,5,0,6,VOTE Agent[12]
3,talk,6,0,12,VOTE Agent[15]
3,talk,7,0,9,VOTE Agent[15]
3,talk,8,0,11,VOTE Agent[15]
3,talk,9,0,15,DIVINED Agent[07] WEREWOLF
3,talk,10,0,3,VOTE Agent[15]
3,talk,11,1,14,VOTE Agent[03]
3,talk,12,1,12,VOTE Agent[07]
3,talk,13,1,6,Skip
3,talk,14,1,11,VOTE Agent[07]
3,talk,15,1,7,BECAUSE (XOR (ESTIMATE Agent[15] WEREWOLF) (ESTIMATE Agent[15] POSSESSED)) (AND (VOTE Agent[15]) (REQUEST ANY (VOTE Agent[15])))
3,talk,16,1,2,BECAUSE (XOR (ESTIMATE Agent[15] WEREWOLF) (ESTIMATE Agent[15] POSSESSED)) (AND (VOTE Agent[15]) (REQUEST ANY (VOTE Agent[15])))
3,talk,17,1,15,VOTE Agent[07]
3,talk,18,1,8,VOTE Agent[12]
3,talk,19,1,3,VOTE Agent[07]
3,talk,20,1,9,VOTE Agent[07]
3,talk,21,1,13,Skip
3,talk,22,2,7,VOTE Agent[15]
3,talk,23,2,14,Skip
3,talk,24,2,9,VOTE Agent[15]
3,talk,25,2,15,Skip
3,talk,26,2,12,VOTE Agent[15]
3,talk,27,2,6,Skip
3,talk,28,2,13,Skip
3,talk,29,2,11,VOTE Agent[15]
3,talk,30,2,3,VOTE Agent[15]
3,talk,31,2,2,VOTE Agent[15]
3,talk,32,2,8,Skip
3,talk,33,3,9,VOTE Agent[07]
3,talk,34,3,3,VOTE Agent[07]
3,talk,35,3,14,Skip
3,talk,36,3,8,Skip
3,talk,37,3,12,VOTE Agent[07]
3,talk,38,3,15,Skip
3,talk,39,3,13,Over
3,talk,40,3,7,REQUEST ANY (VOTE Agent[15])
3,talk,41,3,11,VOTE Agent[07]
3,talk,42,3,6,Over
3,talk,43,3,2,REQUEST ANY (VOTE Agent[15])
3,talk,44,4,14,Over
3,talk,45,4,9,Skip
3,talk,46,4,2,Skip
3,talk,47,4,15,Over
3,talk,48,4,13,Over
3,talk,49,4,12,Skip
3,talk,50,4,7,Skip
3,talk,51,4,11,Skip
3,talk,52,4,6,Over
3,talk,53,4,3,Skip
3,talk,54,4,8,Over
3,talk,55,5,7,Skip
3,talk,56,5,12,Skip
3,talk,57,5,15,Over
3,talk,58,5,2,Skip
3,talk,59,5,11,Skip
3,talk,60,5,8,Over
3,talk,61,5,3,Skip
3,talk,62,5,14,Over
3,talk,63,5,13,Over
3,talk,64,5,9,Skip
3,talk,65,5,6,Over
3,talk,66,6,2,Over
3,talk,67,6,13,Over
3,talk,68,6,12,Over
3,talk,69,6,14,Over
3,talk,70,6,7,Over
3,talk,71,6,6,Over
3,talk,72,6,3,Over
3,talk,73,6,8,Over
3,talk,74,6,9,Over
3,talk,75,6,11,Over
3,talk,76,6,15,Over
3,vote,2,15
3,vote,3,7
3,vote,6,12
3,vote,7,15
3,vote,8,12
3,vote,9,7
3,vote,11,7
3,vote,12,7
3,vote,13,12
3,vote,14,3
3,vote,15,7
3,execute,7,VILLAGER
3,whisper,0,0,15,Skip
3,whisper,1,0,14,ATTACK Agent[08]
3,whisper,2,1,15,Skip
3,whisper,3,1,14,Skip
3,whisper,4,2,14,Skip
3,whisper,5,2,15,Over
3,whisper,6,3,14,Over
3,whisper,7,3,15,Over
3,guard,13,15,WEREWOLF
3,attackVote,14,8
3,attackVote,15,9
3,attackVote,14,8
3,attackVote,15,9
3,attack,9,true
4,status,1,SEER,DEAD,Tomato4
4,status,2,VILLAGER,ALIVE,SampleJava14
4,status,3,VILLAGER,ALIVE,Takeda13
4,status,4,MEDIUM,DEAD,SampleJava8
4,status,5,VILLAGER,DEAD,OKAMI
4,status,6,VILLAGER,ALIVE,sample_py
4,status,7,VILLAGER,DEAD,SampleJava9
4,status,8,POSSESSED,ALIVE,sample_py
4,status,9,VILLAGER,DEAD,Takeda6
4,status,10,WEREWOLF,DEAD,sample_py
4,status,11,VILLAGER,ALIVE,TOKU1
4,status,12,VILLAGER,ALIVE,Takeda0
4,status,13,BODYGUARD,ALIVE,sample_py
4,status,14,WEREWOLF,ALIVE,sample_py
4,status,15,WEREWOLF,ALIVE,Takeda7
4,talk,0,0,8,DIVINED Agent[11] WEREWOLF
4,talk,1,0,12,VOTE Agent[15]
4,talk,2,0,14,IDENTIFIED Agent[07] HUMAN
4,talk,3,0,15,DIVINED Agent[08] WEREWOLF
4,talk,4,0,13,VOTE Agent[12]
4,talk,5,0,3,VOTE Agent[15]
4,talk,6,0,11,VOTE Agent[15]
4,talk,7,0,6,VOTE Agent[12]
4,talk,8,0,2,BECAUSE (AND (ANY ATTACKED Agent[01]) (DAY 1 (Agent[15] DIVINED Agent[01] WEREWOLF))) (XOR (ESTIMATE Agent[15] WEREWOLF) (ESTIMATE Agent[15] POSSESSED))
4,talk,9,1,2,BECAUSE (XOR (ESTIMATE Agent[15] WEREWOLF) (ESTIMATE Agent[15] POSSESSED)) (AND (VOTE Agent[15]) (REQUEST ANY (VOTE Agent[15])))
4,talk,10,1,15,VOTE Agent[08]
4,talk,11,1,8,VOTE Agent[12]
4,talk,12,1,11,VOTE Agent[02]
4,talk,13,1,14,VOTE Agent[11]
4,talk,14,1,6,Skip
4,talk,15,1,12,VOTE Agent[02]
4,talk,16,1,3,VOTE Agent[02]
4,talk,17,1,13,Skip
4,talk,18,2,13,Skip
4,talk,19,2,8,Skip
4,talk,20,2,14,Skip
4,talk,21,2,12,Skip
4,talk,22,2,2,VOTE Agent[15]
4,talk,23,2,15,Skip
4,talk,24,2,6,Skip
4,talk,25,2,11,Skip
4,talk,26,2,3,Skip
4,talk,27,3,8,Skip
4,talk,28,3,12,Skip
4,talk,29,3,6,Over
4,talk,30,3,15,Skip
4,talk,31,3,13,Over
4,talk,32,3,3,Skip
4,talk,33,3,2,REQUEST ANY (VOTE Agent[15])
4,talk,34,3,14,Skip
4,talk,35,3,11,Skip
4,talk,36,4,13,Over
4,talk,37,4,6,Over
4,talk,38,4,3,Over
4,talk,39,4,12,Over
4,talk,40,4,11,Over
4,talk,41,4,14,Over
4,talk,42,4,15,Over
4,talk,43,4,8,Over
4,talk,44,4,2,Skip
4,talk,45,5,13,Over
4,talk,46,5,14,Over
4,talk,47,5,8,Over
4,talk,48,5,12,Over
4,talk,49,5,2,Skip
4,talk,50,5,15,Over
4,talk,51,5,11,Over
4,talk,52,5,6,Over
4,talk,53,5,3,Over
4,talk,54,6,2,Over
4,talk,55,6,13,Over
4,talk,56,6,14,Over
4,talk,57,6,8,Over
4,talk,58,6,12,Over
4,talk,59,6,6,Over
4,talk,60,6,3,Over
4,talk,61,6,11,Over
4,talk,62,6,15,Over
4,vote,2,15
4,vote,3,2
4,vote,6,12
4,vote,8,12
4,vote,11,2
4,vote,12,2
4,vote,13,12
4,vote,14,11
4,vote,15,8
4,vote,2,12
4,vote,3,2
4,vote,6,12
4,vote,8,12
4,vote,11,2
4,vote,12,2
4,vote,13,12
4,vote,14,11
4,vote,15,8
4,execute,12,VILLAGER
4,whisper,0,0,15,Skip
4,whisper,1,0,14,ATTACK Agent[08]
4,whisper,2,1,14,Skip
4,whisper,3,1,15,Skip
4,whisper,4,2,15,Over
4,whisper,5,2,14,Skip
4,whisper,6,3,14,Over
4,whisper,7,3,15,Over
4,guard,13,15,WEREWOLF
4,attackVote,14,8
4,attackVote,15,2
4,attackVote,14,8
4,attackVote,15,2
4,attack,8,true
5,status,1,SEER,DEAD,Tomato4
5,status,2,VILLAGER,ALIVE,SampleJava14
5,status,3,VILLAGER,ALIVE,Takeda13
5,status,4,MEDIUM,DEAD,SampleJava8
5,status,5,VILLAGER,DEAD,OKAMI
5,status,6,VILLAGER,ALIVE,sample_py
5,status,7,VILLAGER,DEAD,SampleJava9
5,status,8,POSSESSED,DEAD,sample_py
5,status,9,VILLAGER,DEAD,Takeda6
5,status,10,WEREWOLF,DEAD,sample_py
5,status,11,VILLAGER,ALIVE,TOKU1
5,status,12,VILLAGER,DEAD,Takeda0
5,status,13,BODYGUARD,ALIVE,sample_py
5,status,14,WEREWOLF,ALIVE,sample_py
5,status,15,WEREWOLF,ALIVE,Takeda7
5,talk,0,0,2,BECAUSE (AND (ANY ATTACKED Agent[01]) (DAY 1 (Agent[15] DIVINED Agent[01] WEREWOLF))) (XOR (ESTIMATE Agent[15] WEREWOLF) (ESTIMATE Agent[15] POSSESSED))
5,talk,1,0,13,VOTE Agent[11]
5,talk,2,0,3,VOTE Agent[15]
5,talk,3,0,14,IDENTIFIED Agent[12] HUMAN
5,talk,4,0,11,VOTE Agent[15]
5,talk,5,0,6,VOTE Agent[11]
5,talk,6,0,15,DIVINED Agent[14] HUMAN
5,talk,7,1,14,VOTE Agent[13]
5,talk,8,1,2,BECAUSE (XOR (ESTIMATE Agent[15] WEREWOLF) (ESTIMATE Agent[15] POSSESSED)) (AND (VOTE Agent[15]) (REQUEST ANY (VOTE Agent[15])))
5,talk,9,1,11,Skip
5,talk,10,1,13,Skip
5,talk,11,1,3,Skip
5,talk,12,1,6,Skip
5,talk,13,1,15,VOTE Agent[02]
5,talk,14,2,14,Skip
5,talk,15,2,3,Skip
5,talk,16,2,11,Skip
5,talk,17,2,15,Skip
5,talk,18,2,6,Skip
5,talk,19,2,2,VOTE Agent[15]
5,talk,20,2,13,Skip
5,talk,21,3,14,Skip
5,talk,22,3,6,Over
5,talk,23,3,11,Over
5,talk,24,3,13,Over
5,talk,25,3,3,Over
5,talk,26,3,2,REQUEST ANY (VOTE Agent[15])
5,talk,27,3,15,Skip
5,talk,28,4,14,Over
5,talk,29,4,3,Over
5,talk,30,4,2,Skip
5,talk,31,4,6,Over
5,talk,32,4,15,Over
5,talk,33,4,13,Over
5,talk,34,4,11,Over
5,talk,35,5,6,Over
5,talk,36,5,14,Over
5,talk,37,5,13,Over
5,talk,38,5,15,Over
5,talk,39,5,11,Over
5,talk,40,5,3,Over
5,talk,41,5,2,Skip
5,talk,42,6,14,Over
5,talk,43,6,3,Over
5,talk,44,6,6,Over
5,talk,45,6,15,Over
5,talk,46,6,11,Over
5,talk,47,6,2,Over
5,talk,48,6,13,Over
5,vote,2,15
5,vote,3,15
5,vote,6,11
5,vote,11,15
5,vote,13,11
5,vote,14,13
5,vote,15,2
5,execute,15,WEREWOLF
5,guard,13,14,WEREWOLF
5,attack,3,true
6,status,1,SEER,DEAD,Tomato4
6,status,2,VILLAGER,ALIVE,SampleJava14
6,status,3,VILLAGER,DEAD,Takeda13
6,status,4,MEDIUM,DEAD,SampleJava8
6,status,5,VILLAGER,DEAD,OKAMI
6,status,6,VILLAGER,ALIVE,sample_py
6,status,7,VILLAGER,DEAD,SampleJava9
6,status,8,POSSESSED,DEAD,sample_py
6,status,9,VILLAGER,DEAD,Takeda6
6,status,10,WEREWOLF,DEAD,sample_py
6,status,11,VILLAGER,ALIVE,TOKU1
6,status,12,VILLAGER,DEAD,Takeda0
6,status,13,BODYGUARD,ALIVE,sample_py
6,status,14,WEREWOLF,ALIVE,sample_py
6,status,15,WEREWOLF,DEAD,Takeda7
6,talk,0,0,13,VOTE Agent[11]
6,talk,1,0,14,IDENTIFIED Agent[15] HUMAN
6,talk,2,0,6,VOTE Agent[11]
6,talk,3,0,2,VOTE Agent[11]
6,talk,4,0,11,VOTE Agent[02]
6,talk,5,1,13,Skip
6,talk,6,1,6,Skip
6,talk,7,1,14,VOTE Agent[06]
6,talk,8,1,11,VOTE Agent[02]
6,talk,9,1,2,REQUEST ANY (VOTE Agent[11])
6,talk,10,2,11,VOTE Agent[14]
6,talk,11,2,13,Skip
6,talk,12,2,2,Skip
6,talk,13,2,6,Skip
6,talk,14,2,14,Skip
6,talk,15,3,6,Over
6,talk,16,3,14,Skip
6,talk,17,3,2,Skip
6,talk,18,3,13,Over
6,talk,19,3,11,VOTE Agent[14]
6,talk,20,4,2,Over
6,talk,21,4,11,VOTE Agent[14]
6,talk,22,4,6,Over
6,talk,23,4,13,Over
6,talk,24,4,14,Over
6,talk,25,5,11,VOTE Agent[14]
6,talk,26,5,6,Over
6,talk,27,5,2,Over
6,talk,28,5,13,Over
6,talk,29,5,14,Over
6,talk,30,6,13,Over
6,talk,31,6,11,VOTE Agent[14]
6,talk,32,6,6,Over
6,talk,33,6,14,Over
6,talk,34,6,2,Over
6,talk,35,7,2,Over
6,talk,36,7,13,Over
6,talk,37,7,6,Over
6,talk,38,7,11,VOTE Agent[14]
6,talk,39,7,14,Over
6,talk,40,8,6,Over
6,talk,41,8,2,Over
6,talk,42,8,13,Over
6,talk,43,8,11,VOTE Agent[14]
6,talk,44,8,14,Over
6,talk,45,9,2,Over
6,talk,46,9,11,VOTE Agent[14]
6,talk,47,9,6,Over
6,talk,48,9,14,Over
6,talk,49,9,13,Over
6,talk,50,10,6,Over
6,talk,51,10,14,Over
6,talk,52,10,2,Over
6,talk,53,10,13,Over
6,talk,54,10,11,Over
6,vote,2,14
6,vote,6,11
6,vote,11,14
6,vote,13,11
6,vote,14,6
6,vote,2,11
6,vote,6,11
6,vote,11,14
6,vote,13,11
6,vote,14,6
6,execute,11,VILLAGER
6,guard,13,14,WEREWOLF
6,attack,13,true
7,status,1,SEER,DEAD,Tomato4
7,status,2,VILLAGER,ALIVE,SampleJava14
7,status,3,VILLAGER,DEAD,Takeda13
7,status,4,MEDIUM,DEAD,SampleJava8
7,status,5,VILLAGER,DEAD,OKAMI
7,status,6,VILLAGER,ALIVE,sample_py
7,status,7,VILLAGER,DEAD,SampleJava9
7,status,8,POSSESSED,DEAD,sample_py
7,status,9,VILLAGER,DEAD,Takeda6
7,status,10,WEREWOLF,DEAD,sample_py
7,status,11,VILLAGER,DEAD,TOKU1
7,status,12,VILLAGER,DEAD,Takeda0
7,status,13,BODYGUARD,DEAD,sample_py
7,status,14,WEREWOLF,ALIVE,sample_py
7,status,15,WEREWOLF,DEAD,Takeda7
7,talk,0,0,14,IDENTIFIED Agent[11] HUMAN
7,talk,1,0,2,VOTE Agent[14]
7,talk,2,0,6,VOTE Agent[02]
7,talk,3,1,14,VOTE Agent[02]
7,talk,4,1,2,REQUEST ANY (VOTE Agent[14])
7,talk,5,1,6,Skip
7,talk,6,2,14,Skip
7,talk,7,2,2,Skip
7,talk,8,2,6,Skip
7,talk,9,3,14,Skip
7,talk,10,3,6,Over
7,talk,11,3,2,Skip
7,talk,12,4,6,Over
7,talk,13,4,2,Over
7,talk,14,4,14,Over
7,vote,2,6
7,vote,6,2
7,vote,14,2
7,execute,2,VILLAGER
7,attack,6,true
8,status,1,SEER,DEAD,Tomato4
8,status,2,VILLAGER,DEAD,SampleJava14
8,status,3,VILLAGER,DEAD,Takeda13
8,status,4,MEDIUM,DEAD,SampleJava8
8,status,5,VILLAGER,DEAD,OKAMI
8,status,6,VILLAGER,DEAD,sample_py
8,status,7,VILLAGER,DEAD,SampleJava9
8,status,8,POSSESSED,DEAD,sample_py
8,status,9,VILLAGER,DEAD,Takeda6
8,status,10,WEREWOLF,DEAD,sample_py
8,status,11,VILLAGER,DEAD,TOKU1
8,status,12,VILLAGER,DEAD,Takeda0
8,status,13,BODYGUARD,DEAD,sample_py
8,status,14,WEREWOLF,ALIVE,sample_py
8,status,15,WEREWOLF,DEAD,Takeda7
8,result,0,1,WEREWOLF
