0,status,1,VILLAGER,ALIVE,OKAMI
0,status,2,VILLAGER,ALIVE,Takeda7
0,status,3,VILLAGER,ALIVE,TOKU14
0,status,4,MEDIUM,ALIVE,TOKU12
0,status,5,POSSESSED,ALIVE,Takeda3
0,status,6,VILLAGER,ALIVE,OKAMI
0,status,7,VILLAGER,ALIVE,HALU
0,status,8,WEREWOLF,ALIVE,Takeda9
0,status,9,VILLAGER,ALIVE,TOKU1
0,status,10,SEER,ALIVE,HALU
0,status,11,VILLAGER,ALIVE,SampleJava10
0,status,12,WEREWOLF,ALIVE,Takeda2
0,status,13,BODYGUARD,ALIVE,Takeda6
0,status,14,WEREWOLF,ALIVE,Takeda0
0,status,15,VILLAGER,ALIVE,sample_py
0,whisper,0,0,14,Skip
0,whisper,1,0,8,Skip
0,whisper,2,0,12,Skip
0,whisper,3,1,8,Skip
0,whisper,4,1,14,Skip
0,whisper,5,1,12,Skip
0,whisper,6,2,12,Over
0,whisper,7,2,8,Over
0,whisper,8,2,14,Over
0,divine,10,7,HUMAN
1,status,1,VILLAGER,ALIVE,OKAMI
1,status,2,VILLAGER,ALIVE,Takeda7
1,status,3,VILLAGER,ALIVE,TOKU14
1,status,4,MEDIUM,ALIVE,TOKU12
1,status,5,POSSESSED,ALIVE,Takeda3
1,status,6,VILLAGER,ALIVE,OKAMI
1,status,7,VILLAGER,ALIVE,HALU
1,status,8,WEREWOLF,ALIVE,Takeda9
1,status,9,VILLAGER,ALIVE,TOKU1
1,status,10,SEER,ALIVE,HALU
1,status,11,VILLAGER,ALIVE,SampleJava10
1,status,12,WEREWOLF,ALIVE,Takeda2
1,status,13,BODYGUARD,ALIVE,Takeda6
1,status,14,WEREWOLF,ALIVE,Takeda0
1,status,15,VILLAGER,ALIVE,sample_py
1,talk,0,0,1,VOTE Agent[02]
1,talk,1,0,15,VOTE Agent[14]
1,talk,2,0,8,Skip
1,talk,3,0,2,VOTE Agent[14]
1,talk,4,0,4,COMINGOUT Agent[04] MEDIUM
1,talk,5,0,7,VOTE Agent[02]
1,talk,6,0,14,Skip
1,talk,7,0,3,VOTE Agent[14]
1,talk,8,0,12,Skip
1,talk,9,0,6,VOTE Agent[02]
1,talk,10,0,11,VOTE Agent[14]
1,talk,11,0,13,VOTE Agent[14]
1,talk,12,0,10,COMINGOUT Agent[10] SEER
1,talk,13,0,5,COMINGOUT Agent[05] SEER
1,talk,14,0,9,VOTE Agent[14]
1,talk,15,1,1,COMINGOUT Agent[01] VILLAGER
1,talk,16,1,14,VOTE Agent[06]
1,talk,17,1,5,DIVINED Agent[03] WEREWOLF
1,talk,18,1,2,Skip
1,talk,19,1,6,COMINGOUT Agent[06] VILLAGER
1,talk,20,1,10,DIVINED Agent[07] HUMAN
1,talk,21,1,3,VOTE Agent[12]
1,talk,22,1,8,VOTE Agent[09]
1,talk,23,1,4,VOTE Agent[14]
1,talk,24,1,11,REQUEST ANY (VOTE Agent[14])
1,talk,25,1,12,VOTE Agent[10]
1,talk,26,1,13,VOTE Agent[12]
1,talk,27,1,7,VOTE Agent[01]
1,talk,28,1,15,VOTE Agent[03]
1,talk,29,1,9,VOTE Agent[10]
1,talk,30,2,1,VOTE Agent[06]
1,talk,31,2,10,VOTE Agent[01]
1,talk,32,2,14,VOTE Agent[12]
1,talk,33,2,12,VOTE Agent[04]
1,talk,34,2,7,VOTE Agent[01]
1,talk,35,2,15,Skip
1,talk,36,2,9,VOTE Agent[14]
1,talk,37,2,4,Skip
1,talk,38,2,11,Skip
1,talk,39,2,2,VOTE Agent[12]
1,talk,40,2,3,VOTE Agent[14]
1,talk,41,2,13,Skip
1,talk,42,2,5,VOTE Agent[03]
1,talk,43,2,8,VOTE Agent[12]
1,talk,44,2,6,VOTE Agent[01]
1,talk,45,3,4,VOTE Agent[12]
1,talk,46,3,10,VOTE Agent[01]
1,talk,47,3,11,Skip
1,talk,48,3,2,Skip
1,talk,49,3,12,VOTE Agent[15]
1,talk,50,3,3,Skip
1,talk,51,3,13,Skip
1,talk,52,3,15,Skip
1,talk,53,3,7,VOTE Agent[01]
1,talk,54,3,5,Skip
1,talk,55,3,9,VOTE Agent[12]
1,talk,56,3,8,VOTE Agent[02]
1,talk,57,3,14,Skip
1,talk,58,3,1,VOTE Agent[06]
1,talk,59,3,6,VOTE Agent[01]
1,talk,60,4,15,Over
1,talk,61,4,7,VOTE Agent[01]
1,talk,62,4,13,Over
1,talk,63,4,12,VOTE Agent[02]
1,talk,64,4,2,Skip
1,talk,65,4,8,Skip
1,talk,66,4,3,Skip
1,talk,67,4,10,VOTE Agent[01]
1,talk,68,4,4,Skip
1,talk,69,4,5,Skip
1,talk,70,4,6,VOTE Agent[01]
1,talk,71,4,9,VOTE Agent[14]
1,talk,72,4,1,VOTE Agent[06]
1,talk,73,4,11,Over
1,talk,74,4,14,Skip
1,talk,75,5,13,Over
1,talk,76,5,1,VOTE Agent[06]
1,talk,77,5,2,Over
1,talk,78,5,9,Skip
1,talk,79,5,4,Skip
1,talk,80,5,14,Over
1,talk,81,5,15,Over
1,talk,82,5,7,VOTE Agent[01]
1,talk,83,5,10,VOTE Agent[01]
1,talk,84,5,3,Over
1,talk,85,5,5,Over
1,talk,86,5,8,VOTE Agent[12]
1,talk,87,5,12,VOTE Agent[14]
1,talk,88,5,11,Over
1,talk,89,5,6,VOTE Agent[01]
1,talk,90,6,10,VOTE Agent[01]
1,talk,91,6,3,Over
1,talk,92,6,9,VOTE Agent[12]
1,talk,93,6,13,Over
1,talk,94,6,5,Over
1,talk,95,6,8,Skip
1,talk,96,6,12,Skip
1,talk,97,6,2,Over
1,talk,98,6,11,Over
1,talk,99,6,1,VOTE Agent[06]
1,talk,100,6,7,VOTE Agent[01]
1,talk,101,6,4,Over
1,talk,102,6,15,Over
1,talk,103,6,6,VOTE Agent[01]
1,talk,104,6,14,Over
1,talk,105,7,9,Skip
1,talk,106,7,5,Over
1,talk,107,7,2,Over
1,talk,108,7,13,Over
1,talk,109,7,14,Over
1,talk,110,7,10,VOTE Agent[01]
1,talk,111,7,1,VOTE Agent[06]
1,talk,112,7,6,VOTE Agent[01]
1,talk,113,7,15,Over
1,talk,114,7,11,Over
1,talk,115,7,12,Skip
1,talk,116,7,4,Over
1,talk,117,7,3,VOTE Agent[12]
1,talk,118,7,7,VOTE Agent[01]
1,talk,119,7,8,Skip
1,talk,120,8,8,Over
1,talk,121,8,4,Over
1,talk,122,8,1,VOTE Agent[06]
1,talk,123,8,9,Skip
1,talk,124,8,13,Over
1,talk,125,8,10,VOTE Agent[01]
1,talk,126,8,5,Over
1,talk,127,8,2,Over
1,talk,128,8,6,VOTE Agent[01]
1,talk,129,8,12,Over
1,talk,130,8,15,Over
1,talk,131,8,7,VOTE Agent[01]
1,talk,132,8,3,Skip
1,talk,133,8,11,Over
1,talk,134,8,14,Over
1,talk,135,9,13,Over
1,talk,136,9,2,Over
1,talk,137,9,10,Over
1,talk,138,9,5,Over
1,talk,139,9,3,Skip
1,talk,140,9,11,Over
1,talk,141,9,15,Over
1,talk,142,9,6,Over
1,talk,143,9,4,Over
1,talk,144,9,9,Over
1,talk,145,9,12,Over
1,talk,146,9,14,Over
1,talk,147,9,7,Over
1,talk,148,9,8,Over
1,talk,149,9,1,Over
1,talk,150,10,9,Over
1,talk,151,10,10,Over
1,talk,152,10,2,Over
1,talk,153,10,8,Over
1,talk,154,10,11,Over
1,talk,155,10,3,Over
1,talk,156,10,7,Over
1,talk,157,10,14,Over
1,talk,158,10,1,Over
1,talk,159,10,6,Over
1,talk,160,10,13,Over
1,talk,161,10,12,Over
1,talk,162,10,15,Over
1,talk,163,10,5,Over
1,talk,164,10,4,Over
1,vote,1,6
1,vote,2,12
1,vote,3,12
1,vote,4,12
1,vote,5,14
1,vote,6,1
1,vote,7,1
1,vote,8,12
1,vote,9,12
1,vote,10,1
1,vote,11,14
1,vote,12,14
1,vote,13,12
1,vote,14,12
1,vote,15,3
1,execute,12,WEREWOLF
1,divine,10,3,HUMAN
1,whisper,0,0,14,Skip
1,whisper,1,0,8,Skip
1,whisper,2,1,14,Skip
1,whisper,3,1,8,Skip
1,whisper,4,2,14,Over
1,whisper,5,2,8,Over
1,guard,13,10,SEER
1,attackVote,8,2
1,attackVote,14,2
1,attack,2,true
2,status,1,VILLAGER,ALIVE,OKAMI
2,status,2,VILLAGER,DEAD,Takeda7
2,status,3,VILLAGER,ALIVE,TOKU14
2,status,4,MEDIUM,ALIVE,TOKU12
2,status,5,POSSESSED,ALIVE,Takeda3
2,status,6,VILLAGER,ALIVE,OKAMI
2,status,7,VILLAGER,ALIVE,HALU
2,status,8,WEREWOLF,ALIVE,Takeda9
2,status,9,VILLAGER,ALIVE,TOKU1
2,status,10,SEER,ALIVE,HALU
2,status,11,VILLAGER,ALIVE,SampleJava10
2,status,12,WEREWOLF,DEAD,Takeda2
2,status,13,BODYGUARD,ALIVE,Takeda6
2,status,14,WEREWOLF,ALIVE,Takeda0
2,status,15,VILLAGER,ALIVE,sample_py
2,talk,0,0,5,DIVINED Agent[14] HUMAN
2,talk,1,0,9,VOTE Agent[14]
2,talk,2,0,13,VOTE Agent[14]
2,talk,3,0,10,DIVINED Agent[03] HUMAN
2,talk,4,0,3,VOTE Agent[14]
2,talk,5,0,8,VOTE Agent[14]
2,talk,6,0,6,VOTE Agent[01]
2,talk,7,0,7,VOTE Agent[01]
2,talk,8,0,11,VOTE Agent[05]
2,talk,9,0,14,VOTE Agent[08]
2,talk,10,0,15,VOTE Agent[03]
2,talk,11,0,4,IDENTIFIED Agent[12] WEREWOLF
2,talk,12,0,1,VOTE Agent[06]
2,talk,13,1,7,VOTE Agent[01]
2,talk,14,1,15,Skip
2,talk,15,1,6,COMINGOUT Agent[06] VILLAGER
2,talk,16,1,4,VOTE Agent[14]
2,talk,17,1,1,COMINGOUT Agent[01] VILLAGER
2,talk,18,1,9,Skip
2,talk,19,1,11,REQUEST ANY (VOTE Agent[05])
2,talk,20,1,10,VOTE Agent[01]
2,talk,21,1,14,Skip
2,talk,22,1,5,VOTE Agent[03]
2,talk,23,1,8,Skip
2,talk,24,1,3,Skip
2,talk,25,1,13,Skip
2,talk,26,2,8,VOTE Agent[09]
2,talk,27,2,10,VOTE Agent[01]
2,talk,28,2,6,VOTE Agent[01]
2,talk,29,2,1,VOTE Agent[06]
2,talk,30,2,7,VOTE Agent[01]
2,talk,31,2,5,Skip
2,talk,32,2,14,VOTE Agent[09]
2,talk,33,2,9,Skip
2,talk,34,2,11,Skip
2,talk,35,2,4,Skip
2,talk,36,2,13,Skip
2,talk,37,2,15,Skip
2,talk,38,2,3,Skip
2,talk,39,3,7,VOTE Agent[01]
2,talk,40,3,15,Over
2,talk,41,3,8,Skip
2,talk,42,3,11,Skip
2,talk,43,3,5,Skip
2,talk,44,3,13,Over
2,talk,45,3,1,VOTE Agent[06]
2,talk,46,3,4,Skip
2,talk,47,3,3,Over
2,talk,48,3,9,Over
2,talk,49,3,10,VOTE Agent[01]
2,talk,50,3,14,Skip
2,talk,51,3,6,VOTE Agent[01]
2,talk,52,4,11,Over
2,talk,53,4,5,Over
2,talk,54,4,1,VOTE Agent[06]
2,talk,55,4,6,VOTE Agent[01]
2,talk,56,4,9,Over
2,talk,57,4,3,Over
2,talk,58,4,4,Over
2,talk,59,4,15,Over
2,talk,60,4,7,VOTE Agent[01]
2,talk,61,4,14,Skip
2,talk,62,4,8,Skip
2,talk,63,4,10,VOTE Agent[01]
2,talk,64,4,13,Over
2,talk,65,5,8,Over
2,talk,66,5,7,VOTE Agent[01]
2,talk,67,5,5,Over
2,talk,68,5,13,Over
2,talk,69,5,15,Over
2,talk,70,5,9,Over
2,talk,71,5,14,Over
2,talk,72,5,1,VOTE Agent[06]
2,talk,73,5,3,Over
2,talk,74,5,4,Over
2,talk,75,5,11,Over
2,talk,76,5,10,VOTE Agent[01]
2,talk,77,5,6,VOTE Agent[01]
2,talk,78,6,5,Over
2,talk,79,6,3,Over
2,talk,80,6,11,Over
2,talk,81,6,4,Over
2,talk,82,6,15,Over
2,talk,83,6,8,Over
2,talk,84,6,1,VOTE Agent[06]
2,talk,85,6,13,Over
2,talk,86,6,7,VOTE Agent[01]
2,talk,87,6,9,Over
2,talk,88,6,6,VOTE Agent[01]
2,talk,89,6,10,VOTE Agent[01]
2,talk,90,6,14,Over
2,talk,91,7,1,VOTE Agent[06]
2,talk,92,7,9,Over
2,talk,93,7,5,Over
2,talk,94,7,15,Over
2,talk,95,7,7,VOTE Agent[01]
2,talk,96,7,4,Over
2,talk,97,7,11,Over
2,talk,98,7,8,Over
2,talk,99,7,6,VOTE Agent[01]
2,talk,100,7,14,Over
2,talk,101,7,10,VOTE Agent[01]
2,talk,102,7,13,Over
2,talk,103,7,3,Over
2,talk,104,8,11,Over
2,talk,105,8,10,VOTE Agent[01]
2,talk,106,8,4,Over
2,talk,107,8,15,Over
2,talk,108,8,8,Over
2,talk,109,8,9,Over
2,talk,110,8,3,Over
2,talk,111,8,13,Over
2,talk,112,8,5,Over
2,talk,113,8,7,VOTE Agent[01]
2,talk,114,8,1,VOTE Agent[06]
2,talk,115,8,6,VOTE Agent[01]
2,talk,116,8,14,Over
2,talk,117,9,4,Over
2,talk,118,9,6,Over
2,talk,119,9,15,Over
2,talk,120,9,13,Over
2,talk,121,9,11,Over
2,talk,122,9,1,Over
2,talk,123,9,10,Over
2,talk,124,9,5,Over
2,talk,125,9,7,Over
2,talk,126,9,3,Over
2,talk,127,9,9,Over
2,talk,128,9,14,Over
2,talk,129,9,8,Over
2,vote,1,6
2,vote,3,14
2,vote,4,14
2,vote,5,9
2,vote,6,1
2,vote,7,1
2,vote,8,14
2,vote,9,14
2,vote,10,1
2,vote,11,9
2,vote,13,14
2,vote,14,9
2,vote,15,3
2,execute,14,WEREWOLF
2,divine,10,8,WEREWOLF
2,guard,13,10,SEER
2,attackVote,8,7
2,attack,7,true
3,status,1,VILLAGER,ALIVE,OKAMI
3,status,2,VILLAGER,DEAD,Takeda7
3,status,3,VILLAGER,ALIVE,TOKU14
3,status,4,MEDIUM,ALIVE,TOKU12
3,status,5,POSSESSED,ALIVE,Takeda3
3,status,6,VILLAGER,ALIVE,OKAMI
3,status,7,VILLAGER,DEAD,HALU
3,status,8,WEREWOLF,ALIVE,Takeda9
3,status,9,VILLAGER,ALIVE,TOKU1
3,status,10,SEER,ALIVE,HALU
3,status,11,VILLAGER,ALIVE,SampleJava10
3,status,12,WEREWOLF,DEAD,Takeda2
3,status,13,BODYGUARD,ALIVE,Takeda6
3,status,14,WEREWOLF,DEAD,Takeda0
3,status,15,VILLAGER,ALIVE,sample_py
3,talk,0,0,4,IDENTIFIED Agent[14] WEREWOLF
3,talk,1,0,5,DIVINED Agent[11] WEREWOLF
3,talk,2,0,15,VOTE Agent[11]
3,talk,3,0,8,VOTE Agent[09]
3,talk,4,0,13,VOTE Agent[08]
3,talk,5,0,9,VOTE Agent[08]
3,talk,6,0,11,BECAUSE (AND (COMINGOUT Agent[11] VILLAGER) (DAY 3 (Agent[05] DIVINED Agent[11] WEREWOLF))) (XOR (ESTIMATE Agent[05] WEREWOLF) (ESTIMATE Agent[05] POSSESSED))
3,talk,7,0,1,VOTE Agent[06]
3,talk,8,0,6,VOTE Agent[01]
3,talk,9,0,3,VOTE Agent[09]
3,talk,10,0,10,DIVINED Agent[08] WEREWOLF
3,talk,11,1,10,VOTE Agent[08]
3,talk,12,1,8,Skip
3,talk,13,1,6,COMINGOUT Agent[06] VILLAGER
3,talk,14,1,5,VOTE Agent[03]
3,talk,15,1,11,BECAUSE (XOR (ESTIMATE Agent[05] WEREWOLF) (ESTIMATE Agent[05] POSSESSED)) (AND (VOTE Agent[05]) (REQUEST ANY (VOTE Agent[05])))
3,talk,16,1,9,Skip
3,talk,17,1,1,COMINGOUT Agent[01] VILLAGER
3,talk,18,1,3,VOTE Agent[08]
3,talk,19,1,4,VOTE Agent[08]
3,talk,20,1,13,Skip
3,talk,21,1,15,Skip
3,talk,22,2,6,VOTE Agent[08]
3,talk,23,2,11,VOTE Agent[05]
3,talk,24,2,9,Skip
3,talk,25,2,8,VOTE Agent[09]
3,talk,26,2,5,Skip
3,talk,27,2,1,VOTE Agent[08]
3,talk,28,2,13,Skip
3,talk,29,2,4,VOTE Agent[09]
3,talk,30,2,15,Skip
3,talk,31,2,10,VOTE Agent[08]
3,talk,32,2,3,VOTE Agent[09]
3,talk,33,3,13,VOTE Agent[09]
3,talk,34,3,3,Skip
3,talk,35,3,6,VOTE Agent[08]
3,talk,36,3,9,Over
3,talk,37,3,1,VOTE Agent[08]
3,talk,38,3,5,Skip
3,talk,39,3,10,VOTE Agent[08]
3,talk,40,3,11,REQUEST ANY (VOTE Agent[05])
3,talk,41,3,8,Skip
3,talk,42,3,15,Over
3,talk,43,3,4,Skip
3,talk,44,4,1,VOTE Agent[08]
3,talk,45,4,15,Over
3,talk,46,4,8,Skip
3,talk,47,4,5,Over
3,talk,48,4,3,Skip
3,talk,49,4,9,Over
3,talk,50,4,6,VOTE Agent[08]
3,talk,51,4,11,Skip
3,talk,52,4,4,Skip
3,talk,53,4,13,Skip
3,talk,54,4,10,VOTE Agent[08]
3,talk,55,5,15,Over
3,talk,56,5,1,VOTE Agent[08]
3,talk,57,5,10,VOTE Agent[08]
3,talk,58,5,13,Skip
3,talk,59,5,11,Skip
3,talk,60,5,4,Over
3,talk,61,5,5,Over
3,talk,62,5,8,Over
3,talk,63,5,3,Over
3,talk,64,5,6,VOTE Agent[08]
3,talk,65,5,9,Over
3,talk,66,6,5,Over
3,talk,67,6,9,Over
3,talk,68,6,11,Over
3,talk,69,6,3,Over
3,talk,70,6,1,VOTE Agent[08]
3,talk,71,6,4,Over
3,talk,72,6,13,Over
3,talk,73,6,6,VOTE Agent[08]
3,talk,74,6,8,Over
3,talk,75,6,10,VOTE Agent[08]
3,talk,76,6,15,Over
3,talk,77,7,11,Over
3,talk,78,7,1,VOTE Agent[08]
3,talk,79,7,13,Over
3,talk,80,7,15,Over
3,talk,81,7,6,VOTE Agent[08]
3,talk,82,7,8,Over
3,talk,83,7,10,VOTE Agent[08]
3,talk,84,7,4,Over
3,talk,85,7,5,Over
3,talk,86,7,9,Over
3,talk,87,7,3,Over
3,talk,88,8,13,Over
3,talk,89,8,15,Over
3,talk,90,8,9,Over
3,talk,91,8,8,Over
3,talk,92,8,5,Over
3,talk,93,8,11,Over
3,talk,94,8,6,VOTE Agent[08]
3,talk,95,8,10,VOTE Agent[08]
3,talk,96,8,4,Over
3,talk,97,8,3,Over
3,talk,98,8,1,VOTE Agent[08]
3,talk,99,9,5,Over
3,talk,100,9,3,Over
3,talk,101,9,9,Over
3,talk,102,9,13,Over
3,talk,103,9,10,Over
3,talk,104,9,11,Over
3,talk,105,9,15,Over
3,talk,106,9,1,Over
3,talk,107,9,8,Over
3,talk,108,9,6,Over
3,talk,109,9,4,Over
3,vote,1,8
3,vote,3,9
3,vote,4,9
3,vote,5,8
3,vote,6,8
3,vote,8,9
3,vote,9,8
3,vote,10,8
3,vote,11,5
3,vote,13,9
3,vote,15,11
3,execute,8,WEREWOLF
3,divine,10,6,HUMAN
3,guard,13,10,SEER
4,status,1,VILLAGER,ALIVE,OKAMI
4,status,2,VILLAGER,DEAD,Takeda7
4,status,3,VILLAGER,ALIVE,TOKU14
4,status,4,MEDIUM,ALIVE,TOKU12
4,status,5,POSSESSED,ALIVE,Takeda3
4,status,6,VILLAGER,ALIVE,OKAMI
4,status,7,VILLAGER,DEAD,HALU
4,status,8,WEREWOLF,DEAD,Takeda9
4,status,9,VILLAGER,ALIVE,TOKU1
4,status,10,SEER,ALIVE,HALU
4,status,11,VILLAGER,ALIVE,SampleJava10
4,status,12,WEREWOLF,DEAD,Takeda2
4,status,13,BODYGUARD,ALIVE,Takeda6
4,status,14,WEREWOLF,DEAD,Takeda0
4,status,15,VILLAGER,ALIVE,sample_py
4,result,10,0,VILLAGER
