0,status,1,SEER,ALIVE,HALU
0,status,2,VILLAGER,ALIVE,SampleJava12
0,status,3,POSSESSED,ALIVE,HALU
0,status,4,VILLAGER,ALIVE,Tomato1
0,status,5,VILLAGER,ALIVE,OKAMI
0,status,6,WEREWOLF,ALIVE,sample_py
0,status,7,VILLAGER,ALIVE,HALU
0,status,8,VILLAGER,ALIVE,OKAMI
0,status,9,WEREWOLF,ALIVE,sample_py
0,status,10,VILLAGER,ALIVE,Takeda10
0,status,11,BODYGUARD,ALIVE,sample_py
0,status,12,VILLAGER,ALIVE,OKAMI
0,status,13,MEDIUM,ALIVE,SampleJava4
0,status,14,WEREWOLF,ALIVE,SampleJava2
0,status,15,VILLAGER,ALIVE,TOKU0
0,whisper,0,0,6,COMINGOUT Agent[06] SEER
0,whisper,1,0,9,COMINGOUT Agent[09] SEER
0,whisper,2,0,14,COMINGOUT Agent[14] MEDIUM
0,whisper,3,1,6,COMINGOUT Agent[06] SEER
0,whisper,4,1,14,Skip
0,whisper,5,1,9,COMINGOUT Agent[09] SEER
0,whisper,6,2,14,Skip
0,whisper,7,2,9,COMINGOUT Agent[09] SEER
0,whisper,8,2,6,COMINGOUT Agent[06] SEER
0,whisper,9,3,6,COMINGOUT Agent[06] SEER
0,whisper,10,3,9,COMINGOUT Agent[09] SEER
0,whisper,11,3,14,Over
0,whisper,12,4,6,COMINGOUT Agent[06] SEER
0,whisper,13,4,14,Over
0,whisper,14,4,9,COMINGOUT Agent[09] SEER
0,whisper,15,5,6,COMINGOUT Agent[06] SEER
0,whisper,16,5,9,COMINGOUT Agent[09] SEER
0,whisper,17,5,14,Over
0,whisper,18,6,6,COMINGOUT Agent[06] SEER
0,whisper,19,6,9,COMINGOUT Agent[09] SEER
0,whisper,20,6,14,Over
0,whisper,21,7,9,COMINGOUT Agent[09] SEER
0,whisper,22,7,6,COMINGOUT Agent[06] SEER
0,whisper,23,7,14,Over
0,whisper,24,8,9,COMINGOUT Agent[09] SEER
0,whisper,25,8,14,Over
0,whisper,26,8,6,COMINGOUT Agent[06] SEER
0,whisper,27,9,9,COMINGOUT Agent[09] SEER
0,whisper,28,9,14,Over
0,whisper,29,9,6,COMINGOUT Agent[06] SEER
0,whisper,30,10,14,Over
0,whisper,31,10,6,Over
0,whisper,32,10,9,Over
0,divine,1,7,HUMAN
1,status,1,SEER,ALIVE,HALU
1,status,2,VILLAGER,ALIVE,SampleJava12
1,status,3,POSSESSED,ALIVE,HALU
1,status,4,VILLAGER,ALIVE,Tomato1
1,status,5,VILLAGER,ALIVE,OKAMI
1,status,6,WEREWOLF,ALIVE,sample_py
1,status,7,VILLAGER,ALIVE,HALU
1,status,8,VILLAGER,ALIVE,OKAMI
1,status,9,WEREWOLF,ALIVE,sample_py
1,status,10,VILLAGER,ALIVE,Takeda10
1,status,11,BODYGUARD,ALIVE,sample_py
1,status,12,VILLAGER,ALIVE,OKAMI
1,status,13,MEDIUM,ALIVE,SampleJava4
1,status,14,WEREWOLF,ALIVE,SampleJava2
1,status,15,VILLAGER,ALIVE,TOKU0
1,talk,0,0,2,VOTE Agent[15]
1,talk,1,0,7,VOTE Agent[02]
1,talk,2,0,13,VOTE Agent[04]
1,talk,3,0,14,VOTE Agent[02]
1,talk,4,0,4,VOTE Agent[02]
1,talk,5,0,9,COMINGOUT Agent[09] SEER
1,talk,6,0,15,VOTE Agent[02]
1,talk,7,0,3,COMINGOUT Agent[03] SEER
1,talk,8,0,12,VOTE Agent[04]
1,talk,9,0,6,VOTE Agent[03]
1,talk,10,0,10,VOTE Agent[02]
1,talk,11,0,11,VOTE Agent[02]
1,talk,12,0,5,VOTE Agent[04]
1,talk,13,0,8,VOTE Agent[04]
1,talk,14,0,1,COMINGOUT Agent[01] SEER
1,talk,15,1,5,COMINGOUT Agent[05] VILLAGER
1,talk,16,1,9,DIVINED Agent[10] HUMAN
1,talk,17,1,7,VOTE Agent[11]
1,talk,18,1,8,COMINGOUT Agent[08] VILLAGER
1,talk,19,1,13,REQUEST ANY (VOTE Agent[04])
1,talk,20,1,10,Skip
1,talk,21,1,2,REQUEST ANY (VOTE Agent[15])
1,talk,22,1,14,REQUEST ANY (VOTE Agent[02])
1,talk,23,1,4,Skip
1,talk,24,1,3,DIVINED Agent[01] WEREWOLF
1,talk,25,1,15,VOTE Agent[01]
1,talk,26,1,11,VOTE Agent[01]
1,talk,27,1,6,Skip
1,talk,28,1,12,COMINGOUT Agent[12] VILLAGER
1,talk,29,1,1,DIVINED Agent[07] HUMAN
1,talk,30,2,5,VOTE Agent[03]
1,talk,31,2,3,VOTE Agent[01]
1,talk,32,2,10,VOTE Agent[14]
1,talk,33,2,11,Skip
1,talk,34,2,9,VOTE Agent[01]
1,talk,35,2,7,VOTE Agent[09]
1,talk,36,2,13,Skip
1,talk,37,2,6,Skip
1,talk,38,2,1,VOTE Agent[13]
1,talk,39,2,2,Skip
1,talk,40,2,14,Skip
1,talk,41,2,12,VOTE Agent[03]
1,talk,42,2,4,VOTE Agent[01]
1,talk,43,2,15,Skip
1,talk,44,2,8,VOTE Agent[03]
1,talk,45,3,15,Skip
1,talk,46,3,8,VOTE Agent[03]
1,talk,47,3,6,Over
1,talk,48,3,10,VOTE Agent[11]
1,talk,49,3,12,VOTE Agent[03]
1,talk,50,3,14,Skip
1,talk,51,3,11,Skip
1,talk,52,3,2,Skip
1,talk,53,3,4,Skip
1,talk,54,3,13,Skip
1,talk,55,3,7,VOTE Agent[01]
1,talk,56,3,3,VOTE Agent[01]
1,talk,57,3,1,VOTE Agent[13]
1,talk,58,3,9,Skip
1,talk,59,3,5,VOTE Agent[03]
1,talk,60,4,1,VOTE Agent[13]
1,talk,61,4,11,Over
1,talk,62,4,10,Skip
1,talk,63,4,5,VOTE Agent[03]
1,talk,64,4,6,Over
1,talk,65,4,14,Over
1,talk,66,4,4,Skip
1,talk,67,4,9,Skip
1,talk,68,4,2,Over
1,talk,69,4,12,VOTE Agent[03]
1,talk,70,4,13,Over
1,talk,71,4,3,VOTE Agent[01]
1,talk,72,4,8,VOTE Agent[03]
1,talk,73,4,7,VOTE Agent[03]
1,talk,74,4,15,Over
1,talk,75,5,3,VOTE Agent[01]
1,talk,76,5,14,Over
1,talk,77,5,15,Over
1,talk,78,5,7,VOTE Agent[03]
1,talk,79,5,8,VOTE Agent[03]
1,talk,80,5,12,VOTE Agent[03]
1,talk,81,5,1,VOTE Agent[12]
1,talk,82,5,13,Over
1,talk,83,5,10,Skip
1,talk,84,5,6,Over
1,talk,85,5,11,Over
1,talk,86,5,9,Over
1,talk,87,5,2,Over
1,talk,88,5,4,Over
1,talk,89,5,5,VOTE Agent[03]
1,talk,90,6,10,Over
1,talk,91,6,8,VOTE Agent[03]
1,talk,92,6,1,VOTE Agent[13]
1,talk,93,6,6,Over
1,talk,94,6,9,Over
1,talk,95,6,4,Over
1,talk,96,6,3,VOTE Agent[01]
1,talk,97,6,11,Over
1,talk,98,6,13,Over
1,talk,99,6,7,VOTE Agent[03]
1,talk,100,6,14,Over
1,talk,101,6,2,Over
1,talk,102,6,15,Over
1,talk,103,6,5,VOTE Agent[03]
1,talk,104,6,12,VOTE Agent[03]
1,talk,105,7,12,VOTE Agent[03]
1,talk,106,7,5,VOTE Agent[03]
1,talk,107,7,11,Over
1,talk,108,7,13,Over
1,talk,109,7,2,Over
1,talk,110,7,6,Over
1,talk,111,7,15,Over
1,talk,112,7,9,Over
1,talk,113,7,14,Over
1,talk,114,7,10,Over
1,talk,115,7,7,VOTE Agent[03]
1,talk,116,7,8,VOTE Agent[03]
1,talk,117,7,4,Over
1,talk,118,7,3,VOTE Agent[01]
1,talk,119,7,1,VOTE Agent[13]
1,talk,120,8,2,Over
1,talk,121,8,8,VOTE Agent[03]
1,talk,122,8,12,VOTE Agent[03]
1,talk,123,8,6,Over
1,talk,124,8,14,Over
1,talk,125,8,15,Over
1,talk,126,8,11,Over
1,talk,127,8,7,VOTE Agent[03]
1,talk,128,8,3,VOTE Agent[01]
1,talk,129,8,4,Over
1,talk,130,8,9,Over
1,talk,131,8,5,VOTE Agent[03]
1,talk,132,8,13,Over
1,talk,133,8,10,Over
1,talk,134,8,1,VOTE Agent[13]
1,talk,135,9,15,Over
1,talk,136,9,7,Over
1,talk,137,9,12,Over
1,talk,138,9,1,Over
1,talk,139,9,13,Over
1,talk,140,9,3,Over
1,talk,141,9,2,Over
1,talk,142,9,5,Over
1,talk,143,9,11,Over
1,talk,144,9,4,Over
1,talk,145,9,9,Over
1,talk,146,9,14,Over
1,talk,147,9,6,Over
1,talk,148,9,8,Over
1,talk,149,9,10,Over
1,vote,1,13
1,vote,2,4
1,vote,3,1
1,vote,4,1
1,vote,5,3
1,vote,6,3
1,vote,7,3
1,vote,8,3
1,vote,9,1
1,vote,10,11
1,vote,11,1
1,vote,12,3
1,vote,13,2
1,vote,14,2
1,vote,15,1
1,vote,1,13
1,vote,2,1
1,vote,3,1
1,vote,4,1
1,vote,5,3
1,vote,6,3
1,vote,7,3
1,vote,8,3
1,vote,9,1
1,vote,10,11
1,vote,11,1
1,vote,12,3
1,vote,13,1
1,vote,14,1
1,vote,15,1
1,execute,1,SEER
1,whisper,0,0,14,BECAUSE (AND (NOT (COMINGOUT Agent[03] WEREWOLF)) (NOT (COMINGOUT Agent[01] WEREWOLF)) (DAY 1 (Agent[03] DIVINED Agent[01] WEREWOLF))) (ESTIMATE Agent[03] POSSESSED)
1,whisper,1,0,6,ATTACK Agent[08]
1,whisper,2,0,9,ATTACK Agent[05]
1,whisper,3,1,6,Skip
1,whisper,4,1,14,ATTACK Agent[05]
1,whisper,5,1,9,Skip
1,whisper,6,2,6,Skip
1,whisper,7,2,14,Skip
1,whisper,8,2,9,Skip
1,whisper,9,3,6,Over
1,whisper,10,3,14,Skip
1,whisper,11,3,9,Over
1,whisper,12,4,6,Over
1,whisper,13,4,9,Over
1,whisper,14,4,14,Over
1,guard,11,9,WEREWOLF
1,attackVote,6,8
1,attackVote,9,5
1,attackVote,14,5
1,attack,5,true
2,status,1,SEER,DEAD,HALU
2,status,2,VILLAGER,ALIVE,SampleJava12
2,status,3,POSSESSED,ALIVE,HALU
2,status,4,VILLAGER,ALIVE,Tomato1
2,status,5,VILLAGER,DEAD,OKAMI
2,status,6,WEREWOLF,ALIVE,sample_py
2,status,7,VILLAGER,ALIVE,HALU
2,status,8,VILLAGER,ALIVE,OKAMI
2,status,9,WEREWOLF,ALIVE,sample_py
2,status,10,VILLAGER,ALIVE,Takeda10
2,status,11,BODYGUARD,ALIVE,sample_py
2,status,12,VILLAGER,ALIVE,OKAMI
2,status,13,MEDIUM,ALIVE,SampleJava4
2,status,14,WEREWOLF,ALIVE,SampleJava2
2,status,15,VILLAGER,ALIVE,TOKU0
2,talk,0,0,10,VOTE Agent[11]
2,talk,1,0,2,VOTE Agent[13]
2,talk,2,0,13,VOTE Agent[03]
2,talk,3,0,15,VOTE Agent[11]
2,talk,4,0,7,VOTE Agent[03]
2,talk,5,0,11,VOTE Agent[07]
2,talk,6,0,12,VOTE Agent[03]
2,talk,7,0,6,COMINGOUT Agent[06] SEER
2,talk,8,0,14,VOTE Agent[02]
2,talk,9,0,3,DIVINED Agent[07] WEREWOLF
2,talk,10,0,9,DIVINED Agent[12] HUMAN
2,talk,11,0,4,VOTE Agent[03]
2,talk,12,0,8,VOTE Agent[03]
2,talk,13,1,4,Skip
2,talk,14,1,15,VOTE Agent[06]
2,talk,15,1,9,VOTE Agent[03]
2,talk,16,1,8,COMINGOUT Agent[08] VILLAGER
2,talk,17,1,2,REQUEST ANY (VOTE Agent[13])
2,talk,18,1,13,REQUEST ANY (VOTE Agent[03])
2,talk,19,1,7,VOTE Agent[03]
2,talk,20,1,10,VOTE Agent[06]
2,talk,21,1,6,DIVINED Agent[03] HUMAN
2,talk,22,1,11,Skip
2,talk,23,1,14,REQUEST ANY (VOTE Agent[02])
2,talk,24,1,12,COMINGOUT Agent[12] VILLAGER
2,talk,25,1,3,VOTE Agent[07]
2,talk,26,2,15,Skip
2,talk,27,2,10,Skip
2,talk,28,2,3,VOTE Agent[07]
2,talk,29,2,9,Skip
2,talk,30,2,6,DIVINED Agent[02] HUMAN
2,talk,31,2,8,VOTE Agent[06]
2,talk,32,2,13,Skip
2,talk,33,2,11,Skip
2,talk,34,2,14,Skip
2,talk,35,2,7,VOTE Agent[09]
2,talk,36,2,12,VOTE Agent[03]
2,talk,37,2,2,Skip
2,talk,38,2,4,VOTE Agent[06]
2,talk,39,3,9,Skip
2,talk,40,3,2,Skip
2,talk,41,3,6,VOTE Agent[09]
2,talk,42,3,4,VOTE Agent[03]
2,talk,43,3,15,Skip
2,talk,44,3,7,VOTE Agent[06]
2,talk,45,3,3,VOTE Agent[06]
2,talk,46,3,14,Skip
2,talk,47,3,10,Skip
2,talk,48,3,12,VOTE Agent[03]
2,talk,49,3,8,VOTE Agent[06]
2,talk,50,3,11,Over
2,talk,51,3,13,Skip
2,talk,52,4,12,VOTE Agent[03]
2,talk,53,4,9,Over
2,talk,54,4,4,VOTE Agent[06]
2,talk,55,4,13,Over
2,talk,56,4,11,Over
2,talk,57,4,15,Over
2,talk,58,4,6,Skip
2,talk,59,4,2,Over
2,talk,60,4,8,VOTE Agent[03]
2,talk,61,4,7,VOTE Agent[06]
2,talk,62,4,14,Over
2,talk,63,4,3,VOTE Agent[06]
2,talk,64,4,10,Over
2,talk,65,5,8,VOTE Agent[03]
2,talk,66,5,7,VOTE Agent[06]
2,talk,67,5,9,Over
2,talk,68,5,4,VOTE Agent[03]
2,talk,69,5,10,Over
2,talk,70,5,12,VOTE Agent[06]
2,talk,71,5,15,Over
2,talk,72,5,13,Over
2,talk,73,5,6,Skip
2,talk,74,5,14,Over
2,talk,75,5,2,Over
2,talk,76,5,3,VOTE Agent[06]
2,talk,77,5,11,Over
2,talk,78,6,2,Over
2,talk,79,6,11,Over
2,talk,80,6,4,VOTE Agent[06]
2,talk,81,6,10,Over
2,talk,82,6,13,Over
2,talk,83,6,12,VOTE Agent[03]
2,talk,84,6,7,VOTE Agent[06]
2,talk,85,6,6,Over
2,talk,86,6,8,VOTE Agent[03]
2,talk,87,6,3,VOTE Agent[06]
2,talk,88,6,9,Over
2,talk,89,6,14,Over
2,talk,90,6,15,Over
2,talk,91,7,3,VOTE Agent[07]
2,talk,92,7,9,Over
2,talk,93,7,10,Over
2,talk,94,7,11,Over
2,talk,95,7,6,Over
2,talk,96,7,4,VOTE Agent[03]
2,talk,97,7,12,VOTE Agent[06]
2,talk,98,7,14,Over
2,talk,99,7,13,Over
2,talk,100,7,8,VOTE Agent[03]
2,talk,101,7,2,Over
2,talk,102,7,7,VOTE Agent[06]
2,talk,103,7,15,Over
2,talk,104,8,3,VOTE Agent[06]
2,talk,105,8,7,VOTE Agent[03]
2,talk,106,8,12,VOTE Agent[06]
2,talk,107,8,11,Over
2,talk,108,8,9,Over
2,talk,109,8,8,VOTE Agent[03]
2,talk,110,8,14,Over
2,talk,111,8,15,Over
2,talk,112,8,4,VOTE Agent[06]
2,talk,113,8,10,Over
2,talk,114,8,6,Over
2,talk,115,8,13,Over
2,talk,116,8,2,Over
2,talk,117,9,3,Over
2,talk,118,9,4,Skip
2,talk,119,9,13,Over
2,talk,120,9,2,Over
2,talk,121,9,15,Over
2,talk,122,9,12,Over
2,talk,123,9,6,Over
2,talk,124,9,11,Over
2,talk,125,9,10,Over
2,talk,126,9,9,Over
2,talk,127,9,7,Over
2,talk,128,9,8,Over
2,talk,129,9,14,Over
2,talk,130,10,6,Over
2,talk,131,10,7,Over
2,talk,132,10,15,Over
2,talk,133,10,8,Over
2,talk,134,10,11,Over
2,talk,135,10,12,Over
2,talk,136,10,9,Over
2,talk,137,10,13,Over
2,talk,138,10,3,Over
2,talk,139,10,10,Over
2,talk,140,10,4,Skip
2,talk,141,10,2,Over
2,talk,142,10,14,Over
2,talk,143,11,7,Over
2,talk,144,11,13,Over
2,talk,145,11,14,Over
2,talk,146,11,15,Over
2,talk,147,11,6,Over
2,talk,148,11,8,Over
2,talk,149,11,9,Over
2,talk,150,11,4,VOTE Agent[03]
2,talk,151,11,11,Over
2,talk,152,11,12,Over
2,talk,153,11,3,Over
2,talk,154,11,2,Over
2,talk,155,11,10,Over
2,talk,156,12,11,Over
2,talk,157,12,6,Over
2,talk,158,12,15,Over
2,talk,159,12,12,Over
2,talk,160,12,8,Over
2,talk,161,12,10,Over
2,talk,162,12,4,VOTE Agent[06]
2,talk,163,12,2,Over
2,talk,164,12,9,Over
2,talk,165,12,13,Over
2,talk,166,12,14,Over
2,talk,167,12,3,Over
2,talk,168,12,7,Over
2,talk,169,13,13,Over
2,talk,170,13,2,Over
2,talk,171,13,9,Over
2,talk,172,13,3,Over
2,talk,173,13,7,Over
2,talk,174,13,14,Over
2,talk,175,13,4,Over
2,talk,176,13,8,Over
2,talk,177,13,10,Over
2,talk,178,13,12,Over
2,talk,179,13,11,Over
2,talk,180,13,15,Over
2,talk,181,13,6,Over
2,vote,2,3
2,vote,3,6
2,vote,4,6
2,vote,6,9
2,vote,7,6
2,vote,8,3
2,vote,9,3
2,vote,10,6
2,vote,11,7
2,vote,12,6
2,vote,13,3
2,vote,14,2
2,vote,15,6
2,execute,6,WEREWOLF
2,whisper,0,0,14,BECAUSE (Agent[12] COMINGOUT Agent[12] VILLAGER) (ATTACK Agent[12])
2,whisper,1,0,9,ATTACK Agent[03]
2,whisper,2,1,9,Skip
2,whisper,3,1,14,ATTACK Agent[12]
2,whisper,4,2,9,Skip
2,whisper,5,2,14,Skip
2,whisper,6,3,9,Over
2,whisper,7,3,14,Skip
2,whisper,8,4,9,Over
2,whisper,9,4,14,Over
2,guard,11,9,WEREWOLF
2,attackVote,9,3
2,attackVote,14,12
2,attackVote,9,3
2,attackVote,14,12
2,attack,12,true
3,status,1,SEER,DEAD,HALU
3,status,2,VILLAGER,ALIVE,SampleJava12
3,status,3,POSSESSED,ALIVE,HALU
3,status,4,VILLAGER,ALIVE,Tomato1
3,status,5,VILLAGER,DEAD,OKAMI
3,status,6,WEREWOLF,DEAD,sample_py
3,status,7,VILLAGER,ALIVE,HALU
3,status,8,VILLAGER,ALIVE,OKAMI
3,status,9,WEREWOLF,ALIVE,sample_py
3,status,10,VILLAGER,ALIVE,Takeda10
3,status,11,BODYGUARD,ALIVE,sample_py
3,status,12,VILLAGER,DEAD,OKAMI
3,status,13,MEDIUM,ALIVE,SampleJava4
3,status,14,WEREWOLF,ALIVE,SampleJava2
3,status,15,VILLAGER,ALIVE,TOKU0
3,talk,0,0,14,COMINGOUT Agent[14] MEDIUM
3,talk,1,0,13,COMINGOUT Agent[13] MEDIUM
3,talk,2,0,7,VOTE Agent[03]
3,talk,3,0,11,VOTE Agent[07]
3,talk,4,0,9,DIVINED Agent[13] HUMAN
3,talk,5,0,3,DIVINED Agent[14] HUMAN
3,talk,6,0,15,VOTE Agent[03]
3,talk,7,0,2,VOTE Agent[07]
3,talk,8,0,8,VOTE Agent[03]
3,talk,9,0,4,VOTE Agent[09]
3,talk,10,0,10,VOTE Agent[11]
3,talk,11,1,15,VOTE Agent[14]
3,talk,12,1,2,REQUEST ANY (VOTE Agent[07])
3,talk,13,1,10,VOTE Agent[03]
3,talk,14,1,8,COMINGOUT Agent[08] VILLAGER
3,talk,15,1,9,VOTE Agent[03]
3,talk,16,1,11,Skip
3,talk,17,1,7,VOTE Agent[09]
3,talk,18,1,13,AND (DAY 2 (IDENTIFIED Agent[01] HUMAN)) (DAY 3 (IDENTIFIED Agent[06] WEREWOLF))
3,talk,19,1,14,AND (DAY 2 (IDENTIFIED Agent[01] WEREWOLF)) (DAY 3 (IDENTIFIED Agent[06] HUMAN))
3,talk,20,1,4,Skip
3,talk,21,1,3,VOTE Agent[07]
3,talk,22,2,7,VOTE Agent[09]
3,talk,23,2,9,Skip
3,talk,24,2,11,Skip
3,talk,25,2,2,Skip
3,talk,26,2,10,Skip
3,talk,27,2,14,IDENTIFIED Agent[01] WEREWOLF
3,talk,28,2,15,VOTE Agent[09]
3,talk,29,2,4,Skip
3,talk,30,2,13,IDENTIFIED Agent[01] HUMAN
3,talk,31,2,8,VOTE Agent[03]
3,talk,32,2,3,VOTE Agent[07]
3,talk,33,3,9,Skip
3,talk,34,3,15,Skip
3,talk,35,3,7,VOTE Agent[03]
3,talk,36,3,10,VOTE Agent[13]
3,talk,37,3,11,Over
3,talk,38,3,4,Over
3,talk,39,3,8,VOTE Agent[03]
3,talk,40,3,3,VOTE Agent[07]
3,talk,41,3,13,IDENTIFIED Agent[06] WEREWOLF
3,talk,42,3,14,IDENTIFIED Agent[06] HUMAN
3,talk,43,3,2,Skip
3,talk,44,4,15,VOTE Agent[14]
3,talk,45,4,10,VOTE Agent[14]
3,talk,46,4,4,Over
3,talk,47,4,8,VOTE Agent[09]
3,talk,48,4,2,Over
3,talk,49,4,11,Over
3,talk,50,4,9,Over
3,talk,51,4,13,BECAUSE (AND (COMINGOUT Agent[13] MEDIUM) (Agent[14] COMINGOUT Agent[14] MEDIUM)) (XOR (ESTIMATE Agent[14] WEREWOLF) (ESTIMATE Agent[14] POSSESSED))
3,talk,52,4,14,VOTE Agent[02]
3,talk,53,4,3,VOTE Agent[07]
3,talk,54,4,7,VOTE Agent[09]
3,talk,55,5,11,Over
3,talk,56,5,14,REQUEST ANY (VOTE Agent[02])
3,talk,57,5,2,Over
3,talk,58,5,9,Over
3,talk,59,5,13,BECAUSE (XOR (ESTIMATE Agent[14] WEREWOLF) (ESTIMATE Agent[14] POSSESSED)) (AND (VOTE Agent[14]) (REQUEST ANY (VOTE Agent[14])))
3,talk,60,5,10,Skip
3,talk,61,5,8,VOTE Agent[03]
3,talk,62,5,7,VOTE Agent[09]
3,talk,63,5,4,Over
3,talk,64,5,15,Skip
3,talk,65,5,3,VOTE Agent[07]
3,talk,66,6,3,VOTE Agent[07]
3,talk,67,6,11,Over
3,talk,68,6,10,Skip
3,talk,69,6,9,Over
3,talk,70,6,14,Skip
3,talk,71,6,7,VOTE Agent[03]
3,talk,72,6,4,Over
3,talk,73,6,15,Skip
3,talk,74,6,8,VOTE Agent[09]
3,talk,75,6,2,Over
3,talk,76,6,13,VOTE Agent[14]
3,talk,77,7,4,Over
3,talk,78,7,2,Over
3,talk,79,7,11,Over
3,talk,80,7,8,VOTE Agent[09]
3,talk,81,7,9,Over
3,talk,82,7,13,REQUEST ANY (VOTE Agent[14])
3,talk,83,7,14,Skip
3,talk,84,7,15,Over
3,talk,85,7,3,VOTE Agent[07]
3,talk,86,7,7,VOTE Agent[09]
3,talk,87,7,10,Over
3,talk,88,8,7,VOTE Agent[03]
3,talk,89,8,11,Over
3,talk,90,8,2,Over
3,talk,91,8,15,Over
3,talk,92,8,3,VOTE Agent[07]
3,talk,93,8,8,VOTE Agent[09]
3,talk,94,8,10,Over
3,talk,95,8,13,Skip
3,talk,96,8,9,Over
3,talk,97,8,14,Over
3,talk,98,8,4,Over
3,talk,99,9,15,Over
3,talk,100,9,13,Skip
3,talk,101,9,3,Over
3,talk,102,9,4,Over
3,talk,103,9,8,Over
3,talk,104,9,11,Over
3,talk,105,9,7,Over
3,talk,106,9,9,Over
3,talk,107,9,10,Over
3,talk,108,9,2,Over
3,talk,109,9,14,Over
3,talk,110,10,14,Over
3,talk,111,10,3,Over
3,talk,112,10,7,Over
3,talk,113,10,2,Over
3,talk,114,10,13,Over
3,talk,115,10,9,Over
3,talk,116,10,8,Over
3,talk,117,10,4,Over
3,talk,118,10,10,Over
3,talk,119,10,11,Over
3,talk,120,10,15,Over
3,vote,2,14
3,vote,3,7
3,vote,4,9
3,vote,7,3
3,vote,8,9
3,vote,9,3
3,vote,10,14
3,vote,11,7
3,vote,13,14
3,vote,14,2
3,vote,15,14
3,execute,14,WEREWOLF
3,guard,11,9,WEREWOLF
3,attack,10,true
4,status,1,SEER,DEAD,HALU
4,status,2,VILLAGER,ALIVE,SampleJava12
4,status,3,POSSESSED,ALIVE,HALU
4,status,4,VILLAGER,ALIVE,Tomato1
4,status,5,VILLAGER,DEAD,OKAMI
4,status,6,WEREWOLF,DEAD,sample_py
4,status,7,VILLAGER,ALIVE,HALU
4,status,8,VILLAGER,ALIVE,OKAMI
4,status,9,WEREWOLF,ALIVE,sample_py
4,status,10,VILLAGER,DEAD,Takeda10
4,status,11,BODYGUARD,ALIVE,sample_py
4,status,12,VILLAGER,DEAD,OKAMI
4,status,13,MEDIUM,ALIVE,SampleJava4
4,status,14,WEREWOLF,DEAD,SampleJava2
4,status,15,VILLAGER,ALIVE,TOKU0
4,talk,0,0,8,VOTE Agent[03]
4,talk,1,0,2,VOTE Agent[03]
4,talk,2,0,7,VOTE Agent[03]
4,talk,3,0,4,VOTE Agent[09]
4,talk,4,0,9,DIVINED Agent[15] HUMAN
4,talk,5,0,13,DAY 4 (IDENTIFIED Agent[14] WEREWOLF)
4,talk,6,0,3,DIVINED Agent[08] HUMAN
4,talk,7,0,11,VOTE Agent[07]
4,talk,8,0,15,VOTE Agent[03]
4,talk,9,1,7,VOTE Agent[09]
4,talk,10,1,11,Skip
4,talk,11,1,2,REQUEST ANY (VOTE Agent[03])
4,talk,12,1,3,VOTE Agent[07]
4,talk,13,1,15,Skip
4,talk,14,1,4,Skip
4,talk,15,1,9,VOTE Agent[03]
4,talk,16,1,13,IDENTIFIED Agent[14] WEREWOLF
4,talk,17,1,8,COMINGOUT Agent[08] VILLAGER
4,talk,18,2,13,VOTE Agent[03]
4,talk,19,2,4,Skip
4,talk,20,2,11,Skip
4,talk,21,2,7,VOTE Agent[03]
4,talk,22,2,3,VOTE Agent[07]
4,talk,23,2,2,Skip
4,talk,24,2,9,Skip
4,talk,25,2,15,Skip
4,talk,26,2,8,VOTE Agent[09]
4,talk,27,3,15,Over
4,talk,28,3,3,VOTE Agent[07]
4,talk,29,3,7,VOTE Agent[03]
4,talk,30,3,13,REQUEST ANY (VOTE Agent[03])
4,talk,31,3,9,Skip
4,talk,32,3,8,VOTE Agent[09]
4,talk,33,3,2,Skip
4,talk,34,3,4,Over
4,talk,35,3,11,Over
4,talk,36,4,7,VOTE Agent[09]
4,talk,37,4,8,VOTE Agent[09]
4,talk,38,4,9,Over
4,talk,39,4,2,Over
4,talk,40,4,4,Over
4,talk,41,4,11,Over
4,talk,42,4,15,Over
4,talk,43,4,3,VOTE Agent[07]
4,talk,44,4,13,Skip
4,talk,45,5,7,VOTE Agent[09]
4,talk,46,5,8,VOTE Agent[09]
4,talk,47,5,3,VOTE Agent[07]
4,talk,48,5,4,Over
4,talk,49,5,9,Over
4,talk,50,5,2,Over
4,talk,51,5,15,Over
4,talk,52,5,11,Over
4,talk,53,5,13,Skip
4,talk,54,6,2,Over
4,talk,55,6,15,Over
4,talk,56,6,13,Over
4,talk,57,6,3,VOTE Agent[07]
4,talk,58,6,7,VOTE Agent[03]
4,talk,59,6,11,Over
4,talk,60,6,8,VOTE Agent[09]
4,talk,61,6,9,Over
4,talk,62,6,4,Over
4,talk,63,7,11,Over
4,talk,64,7,15,Over
4,talk,65,7,13,Over
4,talk,66,7,8,VOTE Agent[09]
4,talk,67,7,2,Over
4,talk,68,7,7,VOTE Agent[09]
4,talk,69,7,4,Over
4,talk,70,7,3,VOTE Agent[07]
4,talk,71,7,9,Over
4,talk,72,8,8,VOTE Agent[09]
4,talk,73,8,3,VOTE Agent[07]
4,talk,74,8,11,Over
4,talk,75,8,13,Over
4,talk,76,8,7,VOTE Agent[09]
4,talk,77,8,2,Over
4,talk,78,8,9,Over
4,talk,79,8,4,Over
4,talk,80,8,15,Over
4,talk,81,9,2,Over
4,talk,82,9,4,Over
4,talk,83,9,3,Over
4,talk,84,9,15,Over
4,talk,85,9,8,Over
4,talk,86,9,7,Over
4,talk,87,9,9,Over
4,talk,88,9,13,Over
4,talk,89,9,11,Over
4,vote,2,3
4,vote,3,7
4,vote,4,9
4,vote,7,3
4,vote,8,9
4,vote,9,3
4,vote,11,7
4,vote,13,3
4,vote,15,3
4,execute,3,POSSESSED
4,guard,11,9,WEREWOLF
4,attack,7,true
5,status,1,SEER,DEAD,HALU
5,status,2,VILLAGER,ALIVE,SampleJava12
5,status,3,POSSESSED,DEAD,HALU
5,status,4,VILLAGER,ALIVE,Tomato1
5,status,5,VILLAGER,DEAD,OKAMI
5,status,6,WEREWOLF,DEAD,sample_py
5,status,7,VILLAGER,DEAD,HALU
5,status,8,VILLAGER,ALIVE,OKAMI
5,status,9,WEREWOLF,ALIVE,sample_py
5,status,10,VILLAGER,DEAD,Takeda10
5,status,11,BODYGUARD,ALIVE,sample_py
5,status,12,VILLAGER,DEAD,OKAMI
5,status,13,MEDIUM,ALIVE,SampleJava4
5,status,14,WEREWOLF,DEAD,SampleJava2
5,status,15,VILLAGER,ALIVE,TOKU0
5,talk,0,0,11,VOTE Agent[08]
5,talk,1,0,9,DIVINED Agent[11] WEREWOLF
5,talk,2,0,15,VOTE Agent[09]
5,talk,3,0,4,VOTE Agent[09]
5,talk,4,0,2,VOTE Agent[04]
5,talk,5,0,13,DAY 5 (IDENTIFIED Agent[03] HUMAN)
5,talk,6,0,8,VOTE Agent[09]
5,talk,7,1,13,IDENTIFIED Agent[03] HUMAN
5,talk,8,1,4,Skip
5,talk,9,1,11,VOTE Agent[09]
5,talk,10,1,8,COMINGOUT Agent[08] VILLAGER
5,talk,11,1,15,Skip
5,talk,12,1,2,REQUEST ANY (VOTE Agent[04])
5,talk,13,1,9,VOTE Agent[11]
5,talk,14,2,4,Skip
5,talk,15,2,13,VOTE Agent[08]
5,talk,16,2,2,Skip
5,talk,17,2,8,VOTE Agent[09]
5,talk,18,2,9,Skip
5,talk,19,2,15,Skip
5,talk,20,2,11,Skip
5,talk,21,3,8,VOTE Agent[09]
5,talk,22,3,9,Skip
5,talk,23,3,13,REQUEST ANY (VOTE Agent[08])
5,talk,24,3,4,Over
5,talk,25,3,2,Skip
5,talk,26,3,15,Over
5,talk,27,3,11,Skip
5,talk,28,4,8,VOTE Agent[09]
5,talk,29,4,9,Over
5,talk,30,4,2,Over
5,talk,31,4,11,Over
5,talk,32,4,4,Over
5,talk,33,4,13,Skip
5,talk,34,4,15,Over
5,talk,35,5,2,Over
5,talk,36,5,9,Over
5,talk,37,5,8,VOTE Agent[09]
5,talk,38,5,11,Over
5,talk,39,5,13,Skip
5,talk,40,5,4,Over
5,talk,41,5,15,Over
5,talk,42,6,2,Over
5,talk,43,6,8,VOTE Agent[09]
5,talk,44,6,15,Over
5,talk,45,6,4,Over
5,talk,46,6,13,Over
5,talk,47,6,11,Over
5,talk,48,6,9,Over
5,talk,49,7,15,Over
5,talk,50,7,4,Over
5,talk,51,7,13,Over
5,talk,52,7,11,Over
5,talk,53,7,9,Over
5,talk,54,7,2,Over
5,talk,55,7,8,VOTE Agent[09]
5,talk,56,8,9,Over
5,talk,57,8,13,Over
5,talk,58,8,11,Over
5,talk,59,8,4,Over
5,talk,60,8,2,Over
5,talk,61,8,15,Over
5,talk,62,8,8,VOTE Agent[09]
5,talk,63,9,9,Over
5,talk,64,9,15,Over
5,talk,65,9,11,Over
5,talk,66,9,8,Over
5,talk,67,9,2,Over
5,talk,68,9,13,Over
5,talk,69,9,4,Over
5,vote,2,8
5,vote,4,9
5,vote,8,9
5,vote,9,11
5,vote,11,9
5,vote,13,4
5,vote,15,9
5,execute,9,WEREWOLF
5,guard,11,13,MEDIUM
6,status,1,SEER,DEAD,HALU
6,status,2,VILLAGER,ALIVE,SampleJava12
6,status,3,POSSESSED,DEAD,HALU
6,status,4,VILLAGER,ALIVE,Tomato1
6,status,5,VILLAGER,DEAD,OKAMI
6,status,6,WEREWOLF,DEAD,sample_py
6,status,7,VILLAGER,DEAD,HALU
6,status,8,VILLAGER,ALIVE,OKAMI
6,status,9,WEREWOLF,DEAD,sample_py
6,status,10,VILLAGER,DEAD,Takeda10
6,status,11,BODYGUARD,ALIVE,sample_py
6,status,12,VILLAGER,DEAD,OKAMI
6,status,13,MEDIUM,ALIVE,SampleJava4
6,status,14,WEREWOLF,DEAD,SampleJava2
6,status,15,VILLAGER,ALIVE,TOKU0
6,result,6,0,VILLAGER
