0,status,1,VILLAGER,ALIVE,HALU
0,status,2,VILLAGER,ALIVE,SampleJava12
0,status,3,WEREWOLF,ALIVE,HALU
0,status,4,BODYGUARD,ALIVE,Tomato1
0,status,5,VILLAGER,ALIVE,OKAMI
0,status,6,WEREWOLF,ALIVE,sample_py
0,status,7,VILLAGER,ALIVE,HALU
0,status,8,MEDIUM,ALIVE,OKAMI
0,status,9,VILLAGER,ALIVE,sample_py
0,status,10,POSSESSED,ALIVE,Takeda10
0,status,11,VILLAGER,ALIVE,sample_py
0,status,12,SEER,ALIVE,OKAMI
0,status,13,WEREWOLF,ALIVE,SampleJava4
0,status,14,VILLAGER,ALIVE,SampleJava2
0,status,15,VILLAGER,ALIVE,TOKU0
0,whisper,0,0,6,COMINGOUT Agent[06] SEER
0,whisper,1,0,13,COMINGOUT Agent[13] SEER
0,whisper,2,0,3,COMINGOUT Agent[03] VILLAGER
0,whisper,3,1,13,COMINGOUT Agent[13] MEDIUM
0,whisper,4,1,3,Skip
0,whisper,5,1,6,COMINGOUT Agent[06] SEER
0,whisper,6,2,3,Skip
0,whisper,7,2,13,Skip
0,whisper,8,2,6,COMINGOUT Agent[06] SEER
0,whisper,9,3,6,COMINGOUT Agent[06] SEER
0,whisper,10,3,13,Skip
0,whisper,11,3,3,Over
0,whisper,12,4,3,Over
0,whisper,13,4,6,COMINGOUT Agent[06] SEER
0,whisper,14,4,13,Over
0,whisper,15,5,13,Over
0,whisper,16,5,3,Over
0,whisper,17,5,6,COMINGOUT Agent[06] SEER
0,whisper,18,6,6,COMINGOUT Agent[06] SEER
0,whisper,19,6,3,Over
0,whisper,20,6,13,Over
0,whisper,21,7,3,Over
0,whisper,22,7,6,COMINGOUT Agent[06] SEER
0,whisper,23,7,13,Over
0,whisper,24,8,3,Over
0,whisper,25,8,6,COMINGOUT Agent[06] SEER
0,whisper,26,8,13,Over
0,whisper,27,9,13,Over
0,whisper,28,9,6,COMINGOUT Agent[06] SEER
0,whisper,29,9,3,Over
0,whisper,30,10,13,Over
0,whisper,31,10,3,Over
0,whisper,32,10,6,Over
0,divine,12,2,HUMAN
1,status,1,VILLAGER,ALIVE,HALU
1,status,2,VILLAGER,ALIVE,SampleJava12
1,status,3,WEREWOLF,ALIVE,HALU
1,status,4,BODYGUARD,ALIVE,Tomato1
1,status,5,VILLAGER,ALIVE,OKAMI
1,status,6,WEREWOLF,ALIVE,sample_py
1,status,7,VILLAGER,ALIVE,HALU
1,status,8,MEDIUM,ALIVE,OKAMI
1,status,9,VILLAGER,ALIVE,sample_py
1,status,10,POSSESSED,ALIVE,Takeda10
1,status,11,VILLAGER,ALIVE,sample_py
1,status,12,SEER,ALIVE,OKAMI
1,status,13,WEREWOLF,ALIVE,SampleJava4
1,status,14,VILLAGER,ALIVE,SampleJava2
1,status,15,VILLAGER,ALIVE,TOKU0
1,talk,0,0,5,VOTE Agent[02]
1,talk,1,0,10,COMINGOUT Agent[10] SEER
1,talk,2,0,2,VOTE Agent[08]
1,talk,3,0,13,COMINGOUT Agent[13] MEDIUM
1,talk,4,0,8,Over
1,talk,5,0,14,VOTE Agent[11]
1,talk,6,0,1,VOTE Agent[14]
1,talk,7,0,11,VOTE Agent[07]
1,talk,8,0,9,VOTE Agent[15]
1,talk,9,0,15,VOTE Agent[13]
1,talk,10,0,6,VOTE Agent[10]
1,talk,11,0,7,VOTE Agent[01]
1,talk,12,0,4,VOTE Agent[07]
1,talk,13,0,12,VOTE Agent[15]
1,talk,14,0,3,VOTE Agent[04]
1,talk,15,1,7,VOTE Agent[03]
1,talk,16,1,5,COMINGOUT Agent[05] VILLAGER
1,talk,17,1,3,VOTE Agent[14]
1,talk,18,1,4,VOTE Agent[15]
1,talk,19,1,14,REQUEST ANY (VOTE Agent[11])
1,talk,20,1,9,Skip
1,talk,21,1,2,REQUEST ANY (VOTE Agent[08])
1,talk,22,1,15,VOTE Agent[02]
1,talk,23,1,13,VOTE Agent[01]
1,talk,24,1,1,VOTE Agent[15]
1,talk,25,1,12,VOTE Agent[02]
1,talk,26,1,10,DIVINED Agent[08] WEREWOLF
1,talk,27,1,11,VOTE Agent[08]
1,talk,28,1,8,Over
1,talk,29,1,6,Skip
1,talk,30,2,6,Skip
1,talk,31,2,9,VOTE Agent[08]
1,talk,32,2,8,Over
1,talk,33,2,1,VOTE Agent[08]
1,talk,34,2,15,VOTE Agent[12]
1,talk,35,2,3,VOTE Agent[08]
1,talk,36,2,14,Skip
1,talk,37,2,2,Skip
1,talk,38,2,11,Skip
1,talk,39,2,10,VOTE Agent[08]
1,talk,40,2,7,VOTE Agent[08]
1,talk,41,2,5,VOTE Agent[08]
1,talk,42,2,12,VOTE Agent[08]
1,talk,43,2,4,VOTE Agent[08]
1,talk,44,2,13,REQUEST ANY (VOTE Agent[01])
1,talk,45,3,5,VOTE Agent[08]
1,talk,46,3,1,VOTE Agent[08]
1,talk,47,3,6,Over
1,talk,48,3,14,Skip
1,talk,49,3,9,Skip
1,talk,50,3,3,VOTE Agent[08]
1,talk,51,3,12,VOTE Agent[08]
1,talk,52,3,7,VOTE Agent[08]
1,talk,53,3,13,Skip
1,talk,54,3,2,Skip
1,talk,55,3,10,Skip
1,talk,56,3,4,Skip
1,talk,57,3,8,Over
1,talk,58,3,15,Skip
1,talk,59,3,11,Skip
1,talk,60,4,3,VOTE Agent[08]
1,talk,61,4,10,Skip
1,talk,62,4,14,Over
1,talk,63,4,8,Over
1,talk,64,4,15,Skip
1,talk,65,4,12,VOTE Agent[08]
1,talk,66,4,1,VOTE Agent[08]
1,talk,67,4,5,VOTE Agent[08]
1,talk,68,4,2,Over
1,talk,69,4,7,VOTE Agent[08]
1,talk,70,4,9,Skip
1,talk,71,4,6,Over
1,talk,72,4,13,Skip
1,talk,73,4,4,Skip
1,talk,74,4,11,Over
1,talk,75,5,7,VOTE Agent[08]
1,talk,76,5,8,Over
1,talk,77,5,13,Over
1,talk,78,5,1,VOTE Agent[08]
1,talk,79,5,15,Over
1,talk,80,5,6,Over
1,talk,81,5,12,VOTE Agent[08]
1,talk,82,5,3,VOTE Agent[08]
1,talk,83,5,4,Over
1,talk,84,5,5,VOTE Agent[08]
1,talk,85,5,9,Over
1,talk,86,5,14,Over
1,talk,87,5,2,Over
1,talk,88,5,11,Over
1,talk,89,5,10,Over
1,talk,90,6,14,Over
1,talk,91,6,6,Over
1,talk,92,6,2,Over
1,talk,93,6,9,Over
1,talk,94,6,1,VOTE Agent[08]
1,talk,95,6,5,VOTE Agent[08]
1,talk,96,6,10,Over
1,talk,97,6,4,Over
1,talk,98,6,3,VOTE Agent[08]
1,talk,99,6,7,VOTE Agent[08]
1,talk,100,6,15,Over
1,talk,101,6,8,Over
1,talk,102,6,11,Over
1,talk,103,6,13,Over
1,talk,104,6,12,VOTE Agent[08]
1,talk,105,7,14,Over
1,talk,106,7,11,Over
1,talk,107,7,2,Over
1,talk,108,7,10,Over
1,talk,109,7,13,Over
1,talk,110,7,9,Over
1,talk,111,7,8,Over
1,talk,112,7,6,Over
1,talk,113,7,3,VOTE Agent[08]
1,talk,114,7,4,Over
1,talk,115,7,15,VOTE Agent[13]
1,talk,116,7,12,VOTE Agent[08]
1,talk,117,7,7,VOTE Agent[08]
1,talk,118,7,1,VOTE Agent[08]
1,talk,119,7,5,VOTE Agent[08]
1,talk,120,8,9,Over
1,talk,121,8,6,Over
1,talk,122,8,13,Over
1,talk,123,8,2,Over
1,talk,124,8,8,Over
1,talk,125,8,5,VOTE Agent[08]
1,talk,126,8,3,VOTE Agent[08]
1,talk,127,8,4,Over
1,talk,128,8,10,Over
1,talk,129,8,7,VOTE Agent[08]
1,talk,130,8,1,VOTE Agent[08]
1,talk,131,8,15,Skip
1,talk,132,8,14,Over
1,talk,133,8,11,Over
1,talk,134,8,12,VOTE Agent[08]
1,talk,135,9,5,Over
1,talk,136,9,3,Over
1,talk,137,9,8,Over
1,talk,138,9,15,Skip
1,talk,139,9,12,Over
1,talk,140,9,10,Over
1,talk,141,9,6,Over
1,talk,142,9,4,Over
1,talk,143,9,13,Over
1,talk,144,9,1,Over
1,talk,145,9,9,Over
1,talk,146,9,11,Over
1,talk,147,9,2,Over
1,talk,148,9,7,Over
1,talk,149,9,14,Over
1,talk,150,10,15,Over
1,talk,151,10,6,Over
1,talk,152,10,5,Over
1,talk,153,10,9,Over
1,talk,154,10,11,Over
1,talk,155,10,4,Over
1,talk,156,10,3,Over
1,talk,157,10,10,Over
1,talk,158,10,2,Over
1,talk,159,10,7,Over
1,talk,160,10,1,Over
1,talk,161,10,13,Over
1,talk,162,10,12,Over
1,talk,163,10,14,Over
1,talk,164,10,8,Over
1,vote,1,8
1,vote,2,11
1,vote,3,8
1,vote,4,8
1,vote,5,8
1,vote,6,10
1,vote,7,8
1,vote,8,14
1,vote,9,8
1,vote,10,1
1,vote,11,8
1,vote,12,8
1,vote,13,1
1,vote,14,1
1,vote,15,8
1,execute,8,MEDIUM
1,divine,12,5,HUMAN
1,whisper,0,0,3,ATTACK Agent[10]
1,whisper,1,0,6,ATTACK Agent[10]
1,whisper,2,0,13,BECAUSE (AND (NOT (COMINGOUT Agent[10] WEREWOLF)) (NOT (COMINGOUT Agent[08] WEREWOLF)) (DAY 1 (Agent[10] DIVINED Agent[08] WEREWOLF))) (ESTIMATE Agent[10] POSSESSED)
1,whisper,3,1,6,Skip
1,whisper,4,1,3,Skip
1,whisper,5,1,13,BECAUSE (Agent[05] COMINGOUT Agent[05] VILLAGER) (ATTACK Agent[05])
1,whisper,6,2,3,Skip
1,whisper,7,2,6,Skip
1,whisper,8,2,13,ATTACK Agent[05]
1,whisper,9,3,6,Over
1,whisper,10,3,3,Over
1,whisper,11,3,13,Skip
1,whisper,12,4,6,Over
1,whisper,13,4,3,Over
1,whisper,14,4,13,Skip
1,whisper,15,5,13,Over
1,whisper,16,5,6,Over
1,whisper,17,5,3,Over
1,guard,4,10,POSSESSED
1,attackVote,3,10
1,attackVote,6,10
1,attackVote,13,5
1,attack,10,false
2,status,1,VILLAGER,ALIVE,HALU
2,status,2,VILLAGER,ALIVE,SampleJava12
2,status,3,WEREWOLF,ALIVE,HALU
2,status,4,BODYGUARD,ALIVE,Tomato1
2,status,5,VILLAGER,ALIVE,OKAMI
2,status,6,WEREWOLF,ALIVE,sample_py
2,status,7,VILLAGER,ALIVE,HALU
2,status,8,MEDIUM,DEAD,OKAMI
2,status,9,VILLAGER,ALIVE,sample_py
2,status,10,POSSESSED,ALIVE,Takeda10
2,status,11,VILLAGER,ALIVE,sample_py
2,status,12,SEER,ALIVE,OKAMI
2,status,13,WEREWOLF,ALIVE,SampleJava4
2,status,14,VILLAGER,ALIVE,SampleJava2
2,status,15,VILLAGER,ALIVE,TOKU0
2,talk,0,0,11,VOTE Agent[12]
2,talk,1,0,15,VOTE Agent[13]
2,talk,2,0,12,VOTE Agent[13]
2,talk,3,0,4,VOTE Agent[13]
2,talk,4,0,2,VOTE Agent[15]
2,talk,5,0,14,VOTE Agent[01]
2,talk,6,0,9,VOTE Agent[02]
2,talk,7,0,6,COMINGOUT Agent[06] SEER
2,talk,8,0,5,VOTE Agent[13]
2,talk,9,0,7,VOTE Agent[13]
2,talk,10,0,1,VOTE Agent[13]
2,talk,11,0,10,DIVINED Agent[11] HUMAN
2,talk,12,0,13,DAY 2 (IDENTIFIED Agent[08] WEREWOLF)
2,talk,13,0,3,VOTE Agent[01]
2,talk,14,1,10,VOTE Agent[06]
2,talk,15,1,13,IDENTIFIED Agent[08] WEREWOLF
2,talk,16,1,14,REQUEST ANY (VOTE Agent[01])
2,talk,17,1,6,DIVINED Agent[02] HUMAN
2,talk,18,1,9,Skip
2,talk,19,1,12,VOTE Agent[13]
2,talk,20,1,3,VOTE Agent[12]
2,talk,21,1,5,COMINGOUT Agent[05] VILLAGER
2,talk,22,1,4,Skip
2,talk,23,1,11,Skip
2,talk,24,1,2,REQUEST ANY (VOTE Agent[15])
2,talk,25,1,1,VOTE Agent[13]
2,talk,26,1,7,VOTE Agent[13]
2,talk,27,1,15,VOTE Agent[12]
2,talk,28,2,6,DIVINED Agent[09] HUMAN
2,talk,29,2,4,Skip
2,talk,30,2,7,VOTE Agent[13]
2,talk,31,2,15,Skip
2,talk,32,2,2,Skip
2,talk,33,2,5,VOTE Agent[13]
2,talk,34,2,11,Skip
2,talk,35,2,12,VOTE Agent[13]
2,talk,36,2,14,Skip
2,talk,37,2,9,Skip
2,talk,38,2,3,VOTE Agent[15]
2,talk,39,2,10,Skip
2,talk,40,2,13,VOTE Agent[01]
2,talk,41,2,1,VOTE Agent[13]
2,talk,42,3,15,VOTE Agent[06]
2,talk,43,3,2,Skip
2,talk,44,3,11,Over
2,talk,45,3,3,VOTE Agent[15]
2,talk,46,3,10,Skip
2,talk,47,3,12,VOTE Agent[13]
2,talk,48,3,6,VOTE Agent[10]
2,talk,49,3,14,Skip
2,talk,50,3,9,Over
2,talk,51,3,13,REQUEST ANY (VOTE Agent[01])
2,talk,52,3,4,Over
2,talk,53,3,5,VOTE Agent[13]
2,talk,54,3,1,VOTE Agent[13]
2,talk,55,3,7,VOTE Agent[13]
2,talk,56,4,9,Over
2,talk,57,4,7,VOTE Agent[13]
2,talk,58,4,14,Over
2,talk,59,4,3,VOTE Agent[15]
2,talk,60,4,11,Over
2,talk,61,4,15,Skip
2,talk,62,4,5,VOTE Agent[13]
2,talk,63,4,13,Skip
2,talk,64,4,10,Over
2,talk,65,4,1,VOTE Agent[13]
2,talk,66,4,2,Over
2,talk,67,4,12,VOTE Agent[13]
2,talk,68,4,6,Skip
2,talk,69,4,4,Over
2,talk,70,5,1,VOTE Agent[13]
2,talk,71,5,14,Over
2,talk,72,5,3,VOTE Agent[15]
2,talk,73,5,13,Skip
2,talk,74,5,9,Over
2,talk,75,5,4,Over
2,talk,76,5,2,Over
2,talk,77,5,12,VOTE Agent[13]
2,talk,78,5,7,VOTE Agent[13]
2,talk,79,5,10,Over
2,talk,80,5,15,Skip
2,talk,81,5,6,Skip
2,talk,82,5,11,Over
2,talk,83,5,5,VOTE Agent[13]
2,talk,84,6,13,Over
2,talk,85,6,2,Over
2,talk,86,6,10,Over
2,talk,87,6,7,VOTE Agent[13]
2,talk,88,6,3,VOTE Agent[15]
2,talk,89,6,14,Over
2,talk,90,6,4,Over
2,talk,91,6,1,VOTE Agent[13]
2,talk,92,6,9,Over
2,talk,93,6,11,Over
2,talk,94,6,6,Over
2,talk,95,6,15,Over
2,talk,96,6,12,VOTE Agent[13]
2,talk,97,6,5,VOTE Agent[13]
2,talk,98,7,1,VOTE Agent[13]
2,talk,99,7,15,Over
2,talk,100,7,14,Over
2,talk,101,7,5,VOTE Agent[13]
2,talk,102,7,2,Over
2,talk,103,7,9,Over
2,talk,104,7,13,Over
2,talk,105,7,6,Over
2,talk,106,7,4,Over
2,talk,107,7,12,VOTE Agent[13]
2,talk,108,7,11,Over
2,talk,109,7,3,VOTE Agent[15]
2,talk,110,7,7,VOTE Agent[13]
2,talk,111,7,10,Over
2,talk,112,8,10,Over
2,talk,113,8,3,VOTE Agent[15]
2,talk,114,8,4,Over
2,talk,115,8,15,Over
2,talk,116,8,14,Over
2,talk,117,8,1,VOTE Agent[13]
2,talk,118,8,6,Over
2,talk,119,8,5,VOTE Agent[13]
2,talk,120,8,9,Over
2,talk,121,8,13,Over
2,talk,122,8,7,VOTE Agent[13]
2,talk,123,8,11,Over
2,talk,124,8,12,VOTE Agent[13]
2,talk,125,8,2,Over
2,talk,126,9,5,Over
2,talk,127,9,11,Over
2,talk,128,9,10,Over
2,talk,129,9,15,Over
2,talk,130,9,12,Over
2,talk,131,9,14,Over
2,talk,132,9,1,Over
2,talk,133,9,13,Over
2,talk,134,9,2,Over
2,talk,135,9,3,Over
2,talk,136,9,4,Over
2,talk,137,9,6,Over
2,talk,138,9,7,Over
2,talk,139,9,9,Over
2,vote,1,13
2,vote,2,1
2,vote,3,15
2,vote,4,13
2,vote,5,13
2,vote,6,10
2,vote,7,13
2,vote,9,2
2,vote,10,11
2,vote,11,12
2,vote,12,13
2,vote,13,1
2,vote,14,1
2,vote,15,6
2,execute,13,WEREWOLF
2,divine,12,7,HUMAN
2,whisper,0,0,6,ATTACK Agent[05]
2,whisper,1,0,3,ATTACK Agent[05]
2,whisper,2,1,6,Skip
2,whisper,3,1,3,Skip
2,whisper,4,2,6,Skip
2,whisper,5,2,3,Skip
2,whisper,6,3,6,Over
2,whisper,7,3,3,Over
2,guard,4,10,POSSESSED
2,attackVote,3,14
2,attackVote,6,5
2,attackVote,3,1
2,attackVote,6,5
2,attack,5,true
3,status,1,VILLAGER,ALIVE,HALU
3,status,2,VILLAGER,ALIVE,SampleJava12
3,status,3,WEREWOLF,ALIVE,HALU
3,status,4,BODYGUARD,ALIVE,Tomato1
3,status,5,VILLAGER,DEAD,OKAMI
3,status,6,WEREWOLF,ALIVE,sample_py
3,status,7,VILLAGER,ALIVE,HALU
3,status,8,MEDIUM,DEAD,OKAMI
3,status,9,VILLAGER,ALIVE,sample_py
3,status,10,POSSESSED,ALIVE,Takeda10
3,status,11,VILLAGER,ALIVE,sample_py
3,status,12,SEER,ALIVE,OKAMI
3,status,13,WEREWOLF,DEAD,SampleJava4
3,status,14,VILLAGER,ALIVE,SampleJava2
3,status,15,VILLAGER,ALIVE,TOKU0
3,talk,0,0,4,VOTE Agent[10]
3,talk,1,0,3,VOTE Agent[04]
3,talk,2,0,9,VOTE Agent[15]
3,talk,3,0,15,VOTE Agent[06]
3,talk,4,0,12,VOTE Agent[15]
3,talk,5,0,10,DIVINED Agent[04] WEREWOLF
3,talk,6,0,2,VOTE Agent[04]
3,talk,7,0,7,VOTE Agent[04]
3,talk,8,0,14,VOTE Agent[07]
3,talk,9,0,1,VOTE Agent[04]
3,talk,10,0,6,DIVINED Agent[11] WEREWOLF
3,talk,11,0,11,VOTE Agent[04]
3,talk,12,1,3,VOTE Agent[04]
3,talk,13,1,6,VOTE Agent[11]
3,talk,14,1,4,Skip
3,talk,15,1,10,VOTE Agent[04]
3,talk,16,1,12,VOTE Agent[15]
3,talk,17,1,1,VOTE Agent[04]
3,talk,18,1,11,Skip
3,talk,19,1,7,VOTE Agent[04]
3,talk,20,1,15,Skip
3,talk,21,1,14,REQUEST ANY (VOTE Agent[07])
3,talk,22,1,9,VOTE Agent[04]
3,talk,23,1,2,REQUEST ANY (VOTE Agent[04])
3,talk,24,2,14,Skip
3,talk,25,2,7,VOTE Agent[04]
3,talk,26,2,1,VOTE Agent[04]
3,talk,27,2,15,Skip
3,talk,28,2,10,Skip
3,talk,29,2,12,VOTE Agent[01]
3,talk,30,2,9,Skip
3,talk,31,2,4,Skip
3,talk,32,2,2,Skip
3,talk,33,2,11,Skip
3,talk,34,2,6,Skip
3,talk,35,2,3,VOTE Agent[04]
3,talk,36,3,12,VOTE Agent[15]
3,talk,37,3,9,Skip
3,talk,38,3,14,Skip
3,talk,39,3,1,VOTE Agent[04]
3,talk,40,3,10,Skip
3,talk,41,3,4,Over
3,talk,42,3,2,Skip
3,talk,43,3,7,VOTE Agent[04]
3,talk,44,3,11,Over
3,talk,45,3,15,Over
3,talk,46,3,3,VOTE Agent[04]
3,talk,47,3,6,Skip
3,talk,48,4,6,Over
3,talk,49,4,10,Over
3,talk,50,4,11,Over
3,talk,51,4,15,Over
3,talk,52,4,4,Over
3,talk,53,4,2,Over
3,talk,54,4,3,VOTE Agent[04]
3,talk,55,4,1,VOTE Agent[04]
3,talk,56,4,9,Over
3,talk,57,4,7,VOTE Agent[04]
3,talk,58,4,12,VOTE Agent[14]
3,talk,59,4,14,Over
3,talk,60,5,2,Over
3,talk,61,5,14,Over
3,talk,62,5,12,VOTE Agent[09]
3,talk,63,5,1,VOTE Agent[04]
3,talk,64,5,10,Over
3,talk,65,5,7,VOTE Agent[04]
3,talk,66,5,9,Over
3,talk,67,5,11,Over
3,talk,68,5,4,Over
3,talk,69,5,3,VOTE Agent[04]
3,talk,70,5,15,Over
3,talk,71,5,6,Over
3,talk,72,6,11,Over
3,talk,73,6,7,VOTE Agent[04]
3,talk,74,6,6,Over
3,talk,75,6,10,Over
3,talk,76,6,12,VOTE Agent[14]
3,talk,77,6,15,Over
3,talk,78,6,9,Over
3,talk,79,6,4,Over
3,talk,80,6,14,Over
3,talk,81,6,1,VOTE Agent[04]
3,talk,82,6,3,VOTE Agent[04]
3,talk,83,6,2,Over
3,talk,84,7,7,VOTE Agent[04]
3,talk,85,7,4,Over
3,talk,86,7,12,VOTE Agent[09]
3,talk,87,7,2,Over
3,talk,88,7,15,Over
3,talk,89,7,11,Over
3,talk,90,7,14,Over
3,talk,91,7,3,VOTE Agent[04]
3,talk,92,7,9,Over
3,talk,93,7,10,Over
3,talk,94,7,6,Over
3,talk,95,7,1,VOTE Agent[04]
3,talk,96,8,1,VOTE Agent[04]
3,talk,97,8,12,VOTE Agent[03]
3,talk,98,8,11,Over
3,talk,99,8,4,Over
3,talk,100,8,15,Over
3,talk,101,8,2,Over
3,talk,102,8,9,Over
3,talk,103,8,3,VOTE Agent[04]
3,talk,104,8,6,Over
3,talk,105,8,14,Over
3,talk,106,8,7,VOTE Agent[04]
3,talk,107,8,10,Over
3,talk,108,9,2,Over
3,talk,109,9,1,Over
3,talk,110,9,10,Over
3,talk,111,9,11,Over
3,talk,112,9,9,Over
3,talk,113,9,4,Over
3,talk,114,9,7,Over
3,talk,115,9,15,Over
3,talk,116,9,6,Over
3,talk,117,9,12,Over
3,talk,118,9,14,Over
3,talk,119,9,3,Over
3,vote,1,4
3,vote,2,7
3,vote,3,4
3,vote,4,10
3,vote,6,11
3,vote,7,4
3,vote,9,4
3,vote,10,11
3,vote,11,4
3,vote,12,15
3,vote,14,4
3,vote,15,4
3,execute,4,BODYGUARD
3,divine,12,11,HUMAN
3,whisper,0,0,6,ATTACK Agent[10]
3,whisper,1,0,3,ATTACK Agent[07]
3,whisper,2,1,6,Skip
3,whisper,3,1,3,Skip
3,whisper,4,2,3,Skip
3,whisper,5,2,6,Skip
3,whisper,6,3,3,Over
3,whisper,7,3,6,Over
3,attackVote,3,12
3,attackVote,6,10
3,attackVote,3,1
3,attackVote,6,10
3,attack,10,true
4,status,1,VILLAGER,ALIVE,HALU
4,status,2,VILLAGER,ALIVE,SampleJava12
4,status,3,WEREWOLF,ALIVE,HALU
4,status,4,BODYGUARD,DEAD,Tomato1
4,status,5,VILLAGER,DEAD,OKAMI
4,status,6,WEREWOLF,ALIVE,sample_py
4,status,7,VILLAGER,ALIVE,HALU
4,status,8,MEDIUM,DEAD,OKAMI
4,status,9,VILLAGER,ALIVE,sample_py
4,status,10,POSSESSED,DEAD,Takeda10
4,status,11,VILLAGER,ALIVE,sample_py
4,status,12,SEER,ALIVE,OKAMI
4,status,13,WEREWOLF,DEAD,SampleJava4
4,status,14,VILLAGER,ALIVE,SampleJava2
4,status,15,VILLAGER,ALIVE,TOKU0
4,talk,0,0,6,DIVINED Agent[03] HUMAN
4,talk,1,0,14,VOTE Agent[11]
4,talk,2,0,9,VOTE Agent[11]
4,talk,3,0,2,VOTE Agent[11]
4,talk,4,0,15,VOTE Agent[06]
4,talk,5,0,3,VOTE Agent[11]
4,talk,6,0,12,VOTE Agent[14]
4,talk,7,0,1,VOTE Agent[11]
4,talk,8,0,7,VOTE Agent[11]
4,talk,9,0,11,VOTE Agent[06]
4,talk,10,1,3,VOTE Agent[11]
4,talk,11,1,7,VOTE Agent[11]
4,talk,12,1,12,VOTE Agent[14]
4,talk,13,1,2,REQUEST ANY (VOTE Agent[11])
4,talk,14,1,11,Skip
4,talk,15,1,15,Skip
4,talk,16,1,6,VOTE Agent[11]
4,talk,17,1,14,REQUEST ANY (VOTE Agent[11])
4,talk,18,1,1,VOTE Agent[11]
4,talk,19,1,9,Skip
4,talk,20,2,11,Skip
4,talk,21,2,2,Skip
4,talk,22,2,12,VOTE Agent[09]
4,talk,23,2,15,VOTE Agent[11]
4,talk,24,2,14,Skip
4,talk,25,2,7,VOTE Agent[11]
4,talk,26,2,9,Skip
4,talk,27,2,6,Skip
4,talk,28,2,1,VOTE Agent[11]
4,talk,29,2,3,VOTE Agent[11]
4,talk,30,3,6,Skip
4,talk,31,3,14,Skip
4,talk,32,3,1,VOTE Agent[11]
4,talk,33,3,3,VOTE Agent[11]
4,talk,34,3,7,VOTE Agent[11]
4,talk,35,3,15,Skip
4,talk,36,3,2,Skip
4,talk,37,3,9,Over
4,talk,38,3,11,Over
4,talk,39,3,12,VOTE Agent[01]
4,talk,40,4,9,Over
4,talk,41,4,2,Over
4,talk,42,4,12,VOTE Agent[03]
4,talk,43,4,14,Over
4,talk,44,4,15,Skip
4,talk,45,4,3,VOTE Agent[11]
4,talk,46,4,6,Over
4,talk,47,4,7,VOTE Agent[11]
4,talk,48,4,1,VOTE Agent[11]
4,talk,49,4,11,Over
4,talk,50,5,2,Over
4,talk,51,5,11,Over
4,talk,52,5,6,Over
4,talk,53,5,3,VOTE Agent[11]
4,talk,54,5,9,Over
4,talk,55,5,15,Over
4,talk,56,5,12,VOTE Agent[03]
4,talk,57,5,14,Over
4,talk,58,5,1,VOTE Agent[11]
4,talk,59,5,7,VOTE Agent[11]
4,talk,60,6,3,VOTE Agent[11]
4,talk,61,6,15,Over
4,talk,62,6,2,Over
4,talk,63,6,1,VOTE Agent[11]
4,talk,64,6,11,Over
4,talk,65,6,14,Over
4,talk,66,6,6,Over
4,talk,67,6,9,Over
4,talk,68,6,12,VOTE Agent[09]
4,talk,69,6,7,VOTE Agent[11]
4,talk,70,7,7,VOTE Agent[11]
4,talk,71,7,1,VOTE Agent[11]
4,talk,72,7,11,Over
4,talk,73,7,3,VOTE Agent[11]
4,talk,74,7,9,Over
4,talk,75,7,6,Over
4,talk,76,7,15,Over
4,talk,77,7,2,Over
4,talk,78,7,12,VOTE Agent[09]
4,talk,79,7,14,Over
4,talk,80,8,6,Over
4,talk,81,8,15,Over
4,talk,82,8,11,Over
4,talk,83,8,2,Over
4,talk,84,8,14,Over
4,talk,85,8,1,VOTE Agent[11]
4,talk,86,8,7,VOTE Agent[11]
4,talk,87,8,12,VOTE Agent[03]
4,talk,88,8,9,Over
4,talk,89,8,3,VOTE Agent[11]
4,talk,90,9,2,Over
4,talk,91,9,11,Over
4,talk,92,9,14,Over
4,talk,93,9,15,Over
4,talk,94,9,1,Over
4,talk,95,9,9,Over
4,talk,96,9,3,Over
4,talk,97,9,12,Over
4,talk,98,9,6,Over
4,talk,99,9,7,Over
4,vote,1,11
4,vote,2,11
4,vote,3,11
4,vote,6,11
4,vote,7,11
4,vote,9,11
4,vote,11,6
4,vote,12,3
4,vote,14,11
4,vote,15,11
4,execute,11,VILLAGER
4,divine,12,12,HUMAN
4,whisper,0,0,3,ATTACK Agent[07]
4,whisper,1,0,6,ATTACK Agent[15]
4,whisper,2,1,6,Skip
4,whisper,3,1,3,Skip
4,whisper,4,2,3,Skip
4,whisper,5,2,6,Skip
4,whisper,6,3,6,Over
4,whisper,7,3,3,Over
4,attackVote,3,14
4,attackVote,6,15
4,attackVote,3,7
4,attackVote,6,15
4,attack,15,true
5,status,1,VILLAGER,ALIVE,HALU
5,status,2,VILLAGER,ALIVE,SampleJava12
5,status,3,WEREWOLF,ALIVE,HALU
5,status,4,BODYGUARD,DEAD,Tomato1
5,status,5,VILLAGER,DEAD,OKAMI
5,status,6,WEREWOLF,ALIVE,sample_py
5,status,7,VILLAGER,ALIVE,HALU
5,status,8,MEDIUM,DEAD,OKAMI
5,status,9,VILLAGER,ALIVE,sample_py
5,status,10,POSSESSED,DEAD,Takeda10
5,status,11,VILLAGER,DEAD,sample_py
5,status,12,SEER,ALIVE,OKAMI
5,status,13,WEREWOLF,DEAD,SampleJava4
5,status,14,VILLAGER,ALIVE,SampleJava2
5,status,15,VILLAGER,DEAD,TOKU0
5,talk,0,0,7,VOTE Agent[12]
5,talk,1,0,6,DIVINED Agent[01] HUMAN
5,talk,2,0,2,VOTE Agent[06]
5,talk,3,0,1,VOTE Agent[07]
5,talk,4,0,3,VOTE Agent[07]
5,talk,5,0,9,VOTE Agent[06]
5,talk,6,0,14,VOTE Agent[03]
5,talk,7,0,12,VOTE Agent[03]
5,talk,8,1,7,VOTE Agent[12]
5,talk,9,1,2,REQUEST ANY (VOTE Agent[06])
5,talk,10,1,3,VOTE Agent[07]
5,talk,11,1,6,VOTE Agent[07]
5,talk,12,1,12,VOTE Agent[03]
5,talk,13,1,9,Skip
5,talk,14,1,14,REQUEST ANY (VOTE Agent[03])
5,talk,15,1,1,VOTE Agent[14]
5,talk,16,2,2,Skip
5,talk,17,2,3,VOTE Agent[07]
5,talk,18,2,12,VOTE Agent[03]
5,talk,19,2,9,Skip
5,talk,20,2,6,Skip
5,talk,21,2,7,VOTE Agent[12]
5,talk,22,2,1,VOTE Agent[07]
5,talk,23,2,14,Skip
5,talk,24,3,3,VOTE Agent[07]
5,talk,25,3,6,Skip
5,talk,26,3,7,VOTE Agent[12]
5,talk,27,3,9,Over
5,talk,28,3,2,Skip
5,talk,29,3,1,VOTE Agent[12]
5,talk,30,3,14,Skip
5,talk,31,3,12,VOTE Agent[03]
5,talk,32,4,2,Over
5,talk,33,4,3,VOTE Agent[14]
5,talk,34,4,6,Over
5,talk,35,4,1,VOTE Agent[12]
5,talk,36,4,7,VOTE Agent[12]
5,talk,37,4,14,Over
5,talk,38,4,9,Over
5,talk,39,4,12,VOTE Agent[14]
5,talk,40,5,7,VOTE Agent[12]
5,talk,41,5,3,VOTE Agent[12]
5,talk,42,5,9,Over
5,talk,43,5,6,Over
5,talk,44,5,14,Over
5,talk,45,5,2,Over
5,talk,46,5,12,VOTE Agent[03]
5,talk,47,5,1,VOTE Agent[12]
5,talk,48,6,7,VOTE Agent[12]
5,talk,49,6,12,VOTE Agent[03]
5,talk,50,6,14,Over
5,talk,51,6,6,Over
5,talk,52,6,9,Over
5,talk,53,6,2,Over
5,talk,54,6,3,VOTE Agent[12]
5,talk,55,6,1,VOTE Agent[12]
5,talk,56,7,7,VOTE Agent[12]
5,talk,57,7,14,Over
5,talk,58,7,9,Over
5,talk,59,7,3,VOTE Agent[07]
5,talk,60,7,1,VOTE Agent[07]
5,talk,61,7,2,Over
5,talk,62,7,6,Over
5,talk,63,7,12,VOTE Agent[03]
5,talk,64,8,12,VOTE Agent[03]
5,talk,65,8,9,Over
5,talk,66,8,6,Over
5,talk,67,8,2,Over
5,talk,68,8,1,VOTE Agent[07]
5,talk,69,8,14,Over
5,talk,70,8,3,VOTE Agent[07]
5,talk,71,8,7,VOTE Agent[12]
5,talk,72,9,7,Over
5,talk,73,9,2,Over
5,talk,74,9,9,Over
5,talk,75,9,14,Over
5,talk,76,9,1,Over
5,talk,77,9,3,Over
5,talk,78,9,6,Over
5,talk,79,9,12,Over
5,vote,1,7
5,vote,2,3
5,vote,3,12
5,vote,6,7
5,vote,7,12
5,vote,9,6
5,vote,12,3
5,vote,14,6
5,vote,1,7
5,vote,2,3
5,vote,3,7
5,vote,6,7
5,vote,7,12
5,vote,9,6
5,vote,12,3
5,vote,14,3
5,execute,7,VILLAGER
5,divine,12,14,HUMAN
5,whisper,0,0,3,ATTACK Agent[07]
5,whisper,1,0,6,ATTACK Agent[09]
5,whisper,2,1,6,Skip
5,whisper,3,1,3,Skip
5,whisper,4,2,6,Skip
5,whisper,5,2,3,Skip
5,whisper,6,3,6,Over
5,whisper,7,3,3,Over
5,attackVote,3,12
5,attackVote,6,9
5,attackVote,3,14
5,attackVote,6,9
5,attack,14,true
6,status,1,VILLAGER,ALIVE,HALU
6,status,2,VILLAGER,ALIVE,SampleJava12
6,status,3,WEREWOLF,ALIVE,HALU
6,status,4,BODYGUARD,DEAD,Tomato1
6,status,5,VILLAGER,DEAD,OKAMI
6,status,6,WEREWOLF,ALIVE,sample_py
6,status,7,VILLAGER,DEAD,HALU
6,status,8,MEDIUM,DEAD,OKAMI
6,status,9,VILLAGER,ALIVE,sample_py
6,status,10,POSSESSED,DEAD,Takeda10
6,status,11,VILLAGER,DEAD,sample_py
6,status,12,SEER,ALIVE,OKAMI
6,status,13,WEREWOLF,DEAD,SampleJava4
6,status,14,VILLAGER,DEAD,SampleJava2
6,status,15,VILLAGER,DEAD,TOKU0
6,talk,0,0,1,VOTE Agent[06]
6,talk,1,0,12,VOTE Agent[03]
6,talk,2,0,6,DIVINED Agent[12] HUMAN
6,talk,3,0,2,VOTE Agent[09]
6,talk,4,0,3,VOTE Agent[01]
6,talk,5,0,9,VOTE Agent[03]
6,talk,6,1,9,Skip
6,talk,7,1,1,VOTE Agent[03]
6,talk,8,1,6,VOTE Agent[03]
6,talk,9,1,12,VOTE Agent[09]
6,talk,10,1,2,REQUEST ANY (VOTE Agent[09])
6,talk,11,1,3,VOTE Agent[01]
6,talk,12,2,6,Skip
6,talk,13,2,12,VOTE Agent[09]
6,talk,14,2,3,VOTE Agent[01]
6,talk,15,2,1,VOTE Agent[06]
6,talk,16,2,9,Skip
6,talk,17,2,2,Skip
6,talk,18,3,12,VOTE Agent[09]
6,talk,19,3,9,Over
6,talk,20,3,3,VOTE Agent[12]
6,talk,21,3,2,Skip
6,talk,22,3,6,Skip
6,talk,23,3,1,VOTE Agent[06]
6,talk,24,4,6,Over
6,talk,25,4,2,Over
6,talk,26,4,1,VOTE Agent[06]
6,talk,27,4,9,Over
6,talk,28,4,12,VOTE Agent[09]
6,talk,29,4,3,VOTE Agent[12]
6,talk,30,5,2,Over
6,talk,31,5,6,Over
6,talk,32,5,1,VOTE Agent[03]
6,talk,33,5,12,VOTE Agent[09]
6,talk,34,5,9,Over
6,talk,35,5,3,VOTE Agent[01]
6,talk,36,6,1,VOTE Agent[03]
6,talk,37,6,9,Over
6,talk,38,6,3,VOTE Agent[01]
6,talk,39,6,6,Over
6,talk,40,6,12,VOTE Agent[01]
6,talk,41,6,2,Over
6,talk,42,7,9,Over
6,talk,43,7,6,Over
6,talk,44,7,1,VOTE Agent[03]
6,talk,45,7,2,Over
6,talk,46,7,12,VOTE Agent[09]
6,talk,47,7,3,VOTE Agent[12]
6,talk,48,8,1,VOTE Agent[03]
6,talk,49,8,9,Over
6,talk,50,8,12,VOTE Agent[09]
6,talk,51,8,2,Over
6,talk,52,8,3,VOTE Agent[12]
6,talk,53,8,6,Over
6,talk,54,9,12,Over
6,talk,55,9,3,Over
6,talk,56,9,9,Over
6,talk,57,9,6,Over
6,talk,58,9,2,Over
6,talk,59,9,1,Over
6,vote,1,3
6,vote,2,9
6,vote,3,12
6,vote,6,3
6,vote,9,3
6,vote,12,9
6,execute,3,WEREWOLF
6,divine,12,6,WEREWOLF
6,attack,12,true
7,status,1,VILLAGER,ALIVE,HALU
7,status,2,VILLAGER,ALIVE,SampleJava12
7,status,3,WEREWOLF,DEAD,HALU
7,status,4,BODYGUARD,DEAD,Tomato1
7,status,5,VILLAGER,DEAD,OKAMI
7,status,6,WEREWOLF,ALIVE,sample_py
7,status,7,VILLAGER,DEAD,HALU
7,status,8,MEDIUM,DEAD,OKAMI
7,status,9,VILLAGER,ALIVE,sample_py
7,status,10,POSSESSED,DEAD,Takeda10
7,status,11,VILLAGER,DEAD,sample_py
7,status,12,SEER,DEAD,OKAMI
7,status,13,WEREWOLF,DEAD,SampleJava4
7,status,14,VILLAGER,DEAD,SampleJava2
7,status,15,VILLAGER,DEAD,TOKU0
7,talk,0,0,2,VOTE Agent[09]
7,talk,1,0,9,VOTE Agent[06]
7,talk,2,0,6,VOTE Agent[01]
7,talk,3,0,1,VOTE Agent[06]
7,talk,4,1,6,Skip
7,talk,5,1,2,REQUEST ANY (VOTE Agent[09])
7,talk,6,1,1,VOTE Agent[06]
7,talk,7,1,9,Skip
7,talk,8,2,9,Skip
7,talk,9,2,6,Skip
7,talk,10,2,2,Skip
7,talk,11,2,1,VOTE Agent[06]
7,talk,12,3,9,Over
7,talk,13,3,1,VOTE Agent[06]
7,talk,14,3,2,Skip
7,talk,15,3,6,Over
7,talk,16,4,6,Over
7,talk,17,4,9,Over
7,talk,18,4,1,VOTE Agent[06]
7,talk,19,4,2,Over
7,talk,20,5,2,Over
7,talk,21,5,1,VOTE Agent[06]
7,talk,22,5,6,Over
7,talk,23,5,9,Over
7,talk,24,6,2,Over
7,talk,25,6,9,Over
7,talk,26,6,1,VOTE Agent[06]
7,talk,27,6,6,Over
7,talk,28,7,1,VOTE Agent[06]
7,talk,29,7,2,Over
7,talk,30,7,9,Over
7,talk,31,7,6,Over
7,talk,32,8,6,Over
7,talk,33,8,9,Over
7,talk,34,8,2,Over
7,talk,35,8,1,VOTE Agent[06]
7,talk,36,9,1,Over
7,talk,37,9,2,Over
7,talk,38,9,9,Over
7,talk,39,9,6,Over
7,vote,1,6
7,vote,2,6
7,vote,6,1
7,vote,9,6
7,execute,6,WEREWOLF
8,status,1,VILLAGER,ALIVE,HALU
8,status,2,VILLAGER,ALIVE,SampleJava12
8,status,3,WEREWOLF,DEAD,HALU
8,status,4,BODYGUARD,DEAD,Tomato1
8,status,5,VILLAGER,DEAD,OKAMI
8,status,6,WEREWOLF,DEAD,sample_py
8,status,7,VILLAGER,DEAD,HALU
8,status,8,MEDIUM,DEAD,OKAMI
8,status,9,VILLAGER,ALIVE,sample_py
8,status,10,POSSESSED,DEAD,Takeda10
8,status,11,VILLAGER,DEAD,sample_py
8,status,12,SEER,DEAD,OKAMI
8,status,13,WEREWOLF,DEAD,SampleJava4
8,status,14,VILLAGER,DEAD,SampleJava2
8,status,15,VILLAGER,DEAD,TOKU0
8,result,3,0,VILLAGER
