0,status,1,VILLAGER,ALIVE,Tomato14
0,status,2,POSSESSED,ALIVE,OKAMI
0,status,3,WEREWOLF,ALIVE,HALU
0,status,4,VILLAGER,ALIVE,Takeda12
0,status,5,VILLAGER,ALIVE,SampleJava2
0,status,6,BODYGUARD,ALIVE,Takeda6
0,status,7,SEER,ALIVE,Tomato5
0,status,8,VILLAGER,ALIVE,Takeda4
0,status,9,WEREWOLF,ALIVE,sample_py
0,status,10,MEDIUM,ALIVE,Takeda11
0,status,11,VILLAGER,ALIVE,Takeda7
0,status,12,VILLAGER,ALIVE,sample_py
0,status,13,VILLAGER,ALIVE,OKAMI
0,status,14,VILLAGER,ALIVE,sample_py
0,status,15,WEREWOLF,ALIVE,Tomato9
0,whisper,0,0,3,COMINGOUT Agent[03] MEDIUM
0,whisper,1,0,15,COMINGOUT Agent[15] SEER
0,whisper,2,0,9,COMINGOUT Agent[09] VILLAGER
0,whisper,3,1,15,Skip
0,whisper,4,1,3,COMINGOUT Agent[03] VILLAGER
0,whisper,5,1,9,COMINGOUT Agent[09] VILLAGER
0,whisper,6,2,15,Skip
0,whisper,7,2,3,Skip
0,whisper,8,2,9,COMINGOUT Agent[09] VILLAGER
0,whisper,9,3,3,Skip
0,whisper,10,3,9,COMINGOUT Agent[09] VILLAGER
0,whisper,11,3,15,Over
0,whisper,12,4,15,Over
0,whisper,13,4,3,Over
0,whisper,14,4,9,COMINGOUT Agent[09] VILLAGER
0,whisper,15,5,15,Over
0,whisper,16,5,9,COMINGOUT Agent[09] VILLAGER
0,whisper,17,5,3,Over
0,whisper,18,6,3,Over
0,whisper,19,6,9,COMINGOUT Agent[09] VILLAGER
0,whisper,20,6,15,Over
0,whisper,21,7,3,Over
0,whisper,22,7,9,COMINGOUT Agent[09] VILLAGER
0,whisper,23,7,15,Over
0,whisper,24,8,3,Over
0,whisper,25,8,9,COMINGOUT Agent[09] VILLAGER
0,whisper,26,8,15,Over
0,whisper,27,9,15,Over
0,whisper,28,9,9,COMINGOUT Agent[09] VILLAGER
0,whisper,29,9,3,Over
0,whisper,30,10,15,Over
0,whisper,31,10,9,Over
0,whisper,32,10,3,Over
0,divine,7,8,HUMAN
1,status,1,VILLAGER,ALIVE,Tomato14
1,status,2,POSSESSED,ALIVE,OKAMI
1,status,3,WEREWOLF,ALIVE,HALU
1,status,4,VILLAGER,ALIVE,Takeda12
1,status,5,VILLAGER,ALIVE,SampleJava2
1,status,6,BODYGUARD,ALIVE,Takeda6
1,status,7,SEER,ALIVE,Tomato5
1,status,8,VILLAGER,ALIVE,Takeda4
1,status,9,WEREWOLF,ALIVE,sample_py
1,status,10,MEDIUM,ALIVE,Takeda11
1,status,11,VILLAGER,ALIVE,Takeda7
1,status,12,VILLAGER,ALIVE,sample_py
1,status,13,VILLAGER,ALIVE,OKAMI
1,status,14,VILLAGER,ALIVE,sample_py
1,status,15,WEREWOLF,ALIVE,Tomato9
1,talk,0,0,5,VOTE Agent[04]
1,talk,1,0,14,VOTE Agent[12]
1,talk,2,0,9,VOTE Agent[07]
1,talk,3,0,11,VOTE Agent[12]
1,talk,4,0,10,COMINGOUT Agent[10] MEDIUM
1,talk,5,0,1,VOTE Agent[12]
1,talk,6,0,6,VOTE Agent[12]
1,talk,7,0,7,COMINGOUT Agent[07] SEER
1,talk,8,0,3,VOTE Agent[06]
1,talk,9,0,13,VOTE Agent[04]
1,talk,10,0,15,COMINGOUT Agent[15] SEER
1,talk,11,0,4,VOTE Agent[07]
1,talk,12,0,8,VOTE Agent[07]
1,talk,13,0,12,VOTE Agent[09]
1,talk,14,0,2,COMINGOUT Agent[02] VILLAGER
1,talk,15,1,7,DIVINED Agent[08] HUMAN
1,talk,16,1,13,COMINGOUT Agent[13] VILLAGER
1,talk,17,1,10,VOTE Agent[07]
1,talk,18,1,15,DIVINED Agent[05] HUMAN
1,talk,19,1,12,Skip
1,talk,20,1,11,VOTE Agent[15]
1,talk,21,1,1,VOTE Agent[07]
1,talk,22,1,4,Skip
1,talk,23,1,3,VOTE Agent[12]
1,talk,24,1,14,Skip
1,talk,25,1,2,Over
1,talk,26,1,6,VOTE Agent[15]
1,talk,27,1,8,VOTE Agent[12]
1,talk,28,1,9,VOTE Agent[02]
1,talk,29,1,5,REQUEST ANY (VOTE Agent[04])
1,talk,30,2,6,VOTE Agent[07]
1,talk,31,2,5,Skip
1,talk,32,2,7,VOTE Agent[12]
1,talk,33,2,14,Skip
1,talk,34,2,8,VOTE Agent[15]
1,talk,35,2,15,VOTE Agent[12]
1,talk,36,2,3,VOTE Agent[06]
1,talk,37,2,2,DIVINED Agent[04] WEREWOLF
1,talk,38,2,12,VOTE Agent[04]
1,talk,39,2,13,VOTE Agent[15]
1,talk,40,2,10,VOTE Agent[15]
1,talk,41,2,11,Skip
1,talk,42,2,4,VOTE Agent[15]
1,talk,43,2,1,VOTE Agent[15]
1,talk,44,2,9,Skip
1,talk,45,3,6,VOTE Agent[15]
1,talk,46,3,8,Skip
1,talk,47,3,11,Skip
1,talk,48,3,14,VOTE Agent[04]
1,talk,49,3,5,Skip
1,talk,50,3,7,VOTE Agent[15]
1,talk,51,3,12,Skip
1,talk,52,3,13,VOTE Agent[02]
1,talk,53,3,15,VOTE Agent[04]
1,talk,54,3,9,Skip
1,talk,55,3,4,Skip
1,talk,56,3,2,VOTE Agent[15]
1,talk,57,3,3,VOTE Agent[02]
1,talk,58,3,1,VOTE Agent[04]
1,talk,59,3,10,Skip
1,talk,60,4,9,Over
1,talk,61,4,12,Skip
1,talk,62,4,6,Skip
1,talk,63,4,11,Over
1,talk,64,4,2,VOTE Agent[15]
1,talk,65,4,13,VOTE Agent[02]
1,talk,66,4,5,Over
1,talk,67,4,7,VOTE Agent[04]
1,talk,68,4,10,Skip
1,talk,69,4,14,Skip
1,talk,70,4,3,VOTE Agent[13]
1,talk,71,4,15,Skip
1,talk,72,4,8,Skip
1,talk,73,4,4,Skip
1,talk,74,4,1,Skip
1,talk,75,5,15,Skip
1,talk,76,5,9,Over
1,talk,77,5,13,VOTE Agent[02]
1,talk,78,5,4,Over
1,talk,79,5,11,Over
1,talk,80,5,2,VOTE Agent[04]
1,talk,81,5,5,Over
1,talk,82,5,3,VOTE Agent[02]
1,talk,83,5,10,Over
1,talk,84,5,7,Skip
1,talk,85,5,8,Over
1,talk,86,5,6,Skip
1,talk,87,5,12,Over
1,talk,88,5,1,Skip
1,talk,89,5,14,Skip
1,talk,90,6,4,Over
1,talk,91,6,7,Skip
1,talk,92,6,13,VOTE Agent[02]
1,talk,93,6,2,VOTE Agent[04]
1,talk,94,6,1,Over
1,talk,95,6,11,Over
1,talk,96,6,14,Over
1,talk,97,6,9,Over
1,talk,98,6,5,Over
1,talk,99,6,6,Over
1,talk,100,6,3,VOTE Agent[02]
1,talk,101,6,15,Over
1,talk,102,6,10,Over
1,talk,103,6,12,Over
1,talk,104,6,8,Over
1,talk,105,7,7,Over
1,talk,106,7,10,Over
1,talk,107,7,5,Over
1,talk,108,7,2,VOTE Agent[04]
1,talk,109,7,15,Over
1,talk,110,7,9,Over
1,talk,111,7,6,Over
1,talk,112,7,8,Over
1,talk,113,7,4,Over
1,talk,114,7,14,Over
1,talk,115,7,3,VOTE Agent[02]
1,talk,116,7,1,Over
1,talk,117,7,13,VOTE Agent[02]
1,talk,118,7,12,Over
1,talk,119,7,11,Over
1,talk,120,8,7,Over
1,talk,121,8,12,Over
1,talk,122,8,13,VOTE Agent[02]
1,talk,123,8,8,Over
1,talk,124,8,9,Over
1,talk,125,8,14,Over
1,talk,126,8,2,VOTE Agent[04]
1,talk,127,8,10,Over
1,talk,128,8,5,Over
1,talk,129,8,3,VOTE Agent[02]
1,talk,130,8,15,Over
1,talk,131,8,4,Over
1,talk,132,8,6,Over
1,talk,133,8,1,Over
1,talk,134,8,11,Over
1,talk,135,9,6,Over
1,talk,136,9,11,Over
1,talk,137,9,2,Over
1,talk,138,9,8,Over
1,talk,139,9,10,Over
1,talk,140,9,9,Over
1,talk,141,9,7,Over
1,talk,142,9,4,Over
1,talk,143,9,15,Over
1,talk,144,9,12,Over
1,talk,145,9,3,Over
1,talk,146,9,5,Over
1,talk,147,9,14,Over
1,talk,148,9,1,Over
1,talk,149,9,13,Over
1,vote,1,4
1,vote,2,4
1,vote,3,2
1,vote,4,15
1,vote,5,6
1,vote,6,4
1,vote,7,4
1,vote,8,15
1,vote,9,2
1,vote,10,15
1,vote,11,15
1,vote,12,4
1,vote,13,2
1,vote,14,4
1,vote,15,4
1,execute,4,VILLAGER
1,divine,7,15,WEREWOLF
1,whisper,0,0,3,ATTACK Agent[07]
1,whisper,1,0,9,ATTACK Agent[02]
1,whisper,2,0,15,ATTACK Agent[07]
1,whisper,3,1,3,Skip
1,whisper,4,1,9,Skip
1,whisper,5,1,15,Skip
1,whisper,6,2,15,Skip
1,whisper,7,2,9,Skip
1,whisper,8,2,3,Skip
1,whisper,9,3,3,Over
1,whisper,10,3,9,Over
1,whisper,11,3,15,Over
1,guard,6,7,SEER
1,attackVote,3,7
1,attackVote,9,2
1,attackVote,15,7
1,attack,7,false
2,status,1,VILLAGER,ALIVE,Tomato14
2,status,2,POSSESSED,ALIVE,OKAMI
2,status,3,WEREWOLF,ALIVE,HALU
2,status,4,VILLAGER,DEAD,Takeda12
2,status,5,VILLAGER,ALIVE,SampleJava2
2,status,6,BODYGUARD,ALIVE,Takeda6
2,status,7,SEER,ALIVE,Tomato5
2,status,8,VILLAGER,ALIVE,Takeda4
2,status,9,WEREWOLF,ALIVE,sample_py
2,status,10,MEDIUM,ALIVE,Takeda11
2,status,11,VILLAGER,ALIVE,Takeda7
2,status,12,VILLAGER,ALIVE,sample_py
2,status,13,VILLAGER,ALIVE,OKAMI
2,status,14,VILLAGER,ALIVE,sample_py
2,status,15,WEREWOLF,ALIVE,Tomato9
2,talk,0,0,15,DIVINED Agent[08] HUMAN
2,talk,1,0,13,VOTE Agent[02]
2,talk,2,0,12,VOTE Agent[15]
2,talk,3,0,1,VOTE Agent[02]
2,talk,4,0,2,DIVINED Agent[08] WEREWOLF
2,talk,5,0,10,IDENTIFIED Agent[04] HUMAN
2,talk,6,0,3,VOTE Agent[08]
2,talk,7,0,11,VOTE Agent[15]
2,talk,8,0,8,VOTE Agent[15]
2,talk,9,0,7,DIVINED Agent[15] WEREWOLF
2,talk,10,0,6,VOTE Agent[15]
2,talk,11,0,14,VOTE Agent[08]
2,talk,12,0,9,VOTE Agent[02]
2,talk,13,0,5,VOTE Agent[15]
2,talk,14,1,6,Skip
2,talk,15,1,10,Skip
2,talk,16,1,3,VOTE Agent[08]
2,talk,17,1,1,VOTE Agent[15]
2,talk,18,1,9,Skip
2,talk,19,1,11,Skip
2,talk,20,1,14,Skip
2,talk,21,1,8,Skip
2,talk,22,1,13,COMINGOUT Agent[13] VILLAGER
2,talk,23,1,5,REQUEST ANY (VOTE Agent[15])
2,talk,24,1,12,Skip
2,talk,25,1,2,VOTE Agent[15]
2,talk,26,1,15,VOTE Agent[02]
2,talk,27,1,7,VOTE Agent[15]
2,talk,28,2,12,Skip
2,talk,29,2,8,Skip
2,talk,30,2,1,Skip
2,talk,31,2,5,Skip
2,talk,32,2,13,VOTE Agent[02]
2,talk,33,2,2,VOTE Agent[15]
2,talk,34,2,7,Skip
2,talk,35,2,11,Skip
2,talk,36,2,6,Skip
2,talk,37,2,14,Skip
2,talk,38,2,15,Skip
2,talk,39,2,3,VOTE Agent[08]
2,talk,40,2,9,Skip
2,talk,41,2,10,Skip
2,talk,42,3,6,Over
2,talk,43,3,13,VOTE Agent[02]
2,talk,44,3,2,VOTE Agent[15]
2,talk,45,3,15,Skip
2,talk,46,3,7,Skip
2,talk,47,3,12,Over
2,talk,48,3,11,Over
2,talk,49,3,3,VOTE Agent[08]
2,talk,50,3,5,Skip
2,talk,51,3,1,Skip
2,talk,52,3,14,Over
2,talk,53,3,8,Over
2,talk,54,3,10,Over
2,talk,55,3,9,Over
2,talk,56,4,11,Over
2,talk,57,4,12,Over
2,talk,58,4,10,Over
2,talk,59,4,13,VOTE Agent[02]
2,talk,60,4,8,Over
2,talk,61,4,6,Over
2,talk,62,4,3,VOTE Agent[08]
2,talk,63,4,15,Over
2,talk,64,4,5,Over
2,talk,65,4,14,Over
2,talk,66,4,9,Over
2,talk,67,4,1,Over
2,talk,68,4,2,VOTE Agent[15]
2,talk,69,4,7,Over
2,talk,70,5,10,Over
2,talk,71,5,14,Over
2,talk,72,5,1,Over
2,talk,73,5,6,Over
2,talk,74,5,9,Over
2,talk,75,5,11,Over
2,talk,76,5,12,Over
2,talk,77,5,5,Over
2,talk,78,5,8,Over
2,talk,79,5,15,Over
2,talk,80,5,2,VOTE Agent[15]
2,talk,81,5,3,VOTE Agent[08]
2,talk,82,5,7,Over
2,talk,83,5,13,VOTE Agent[02]
2,talk,84,6,9,Over
2,talk,85,6,11,Over
2,talk,86,6,5,Over
2,talk,87,6,12,Over
2,talk,88,6,15,Over
2,talk,89,6,8,Over
2,talk,90,6,7,Over
2,talk,91,6,10,Over
2,talk,92,6,2,VOTE Agent[15]
2,talk,93,6,14,Over
2,talk,94,6,1,Over
2,talk,95,6,13,VOTE Agent[02]
2,talk,96,6,6,Over
2,talk,97,6,3,VOTE Agent[08]
2,talk,98,7,6,Over
2,talk,99,7,11,Over
2,talk,100,7,7,Over
2,talk,101,7,10,Over
2,talk,102,7,9,Over
2,talk,103,7,12,Over
2,talk,104,7,1,Over
2,talk,105,7,13,VOTE Agent[02]
2,talk,106,7,14,Over
2,talk,107,7,15,Over
2,talk,108,7,8,Over
2,talk,109,7,3,VOTE Agent[08]
2,talk,110,7,2,VOTE Agent[15]
2,talk,111,7,5,Over
2,talk,112,8,11,Over
2,talk,113,8,14,Over
2,talk,114,8,15,Over
2,talk,115,8,12,Over
2,talk,116,8,8,Over
2,talk,117,8,13,VOTE Agent[02]
2,talk,118,8,3,VOTE Agent[08]
2,talk,119,8,10,Over
2,talk,120,8,6,Over
2,talk,121,8,1,Over
2,talk,122,8,9,Over
2,talk,123,8,5,Over
2,talk,124,8,2,VOTE Agent[15]
2,talk,125,8,7,Over
2,talk,126,9,9,Over
2,talk,127,9,6,Over
2,talk,128,9,15,Over
2,talk,129,9,14,Over
2,talk,130,9,2,Over
2,talk,131,9,8,Over
2,talk,132,9,1,Over
2,talk,133,9,12,Over
2,talk,134,9,13,Over
2,talk,135,9,5,Over
2,talk,136,9,11,Over
2,talk,137,9,10,Over
2,talk,138,9,3,Over
2,talk,139,9,7,Over
2,vote,1,15
2,vote,2,15
2,vote,3,8
2,vote,5,15
2,vote,6,15
2,vote,7,15
2,vote,8,15
2,vote,9,2
2,vote,10,15
2,vote,11,15
2,vote,12,15
2,vote,13,2
2,vote,14,8
2,vote,15,2
2,execute,15,WEREWOLF
2,divine,7,9,WEREWOLF
2,whisper,0,0,9,ATTACK Agent[02]
2,whisper,1,0,3,ATTACK Agent[07]
2,whisper,2,1,9,Skip
2,whisper,3,1,3,Skip
2,whisper,4,2,9,Skip
2,whisper,5,2,3,Skip
2,whisper,6,3,3,Over
2,whisper,7,3,9,Over
2,guard,6,7,SEER
2,attackVote,3,7
2,attackVote,9,2
2,attackVote,3,7
2,attackVote,9,2
2,attack,2,true
3,status,1,VILLAGER,ALIVE,Tomato14
3,status,2,POSSESSED,DEAD,OKAMI
3,status,3,WEREWOLF,ALIVE,HALU
3,status,4,VILLAGER,DEAD,Takeda12
3,status,5,VILLAGER,ALIVE,SampleJava2
3,status,6,BODYGUARD,ALIVE,Takeda6
3,status,7,SEER,ALIVE,Tomato5
3,status,8,VILLAGER,ALIVE,Takeda4
3,status,9,WEREWOLF,ALIVE,sample_py
3,status,10,MEDIUM,ALIVE,Takeda11
3,status,11,VILLAGER,ALIVE,Takeda7
3,status,12,VILLAGER,ALIVE,sample_py
3,status,13,VILLAGER,ALIVE,OKAMI
3,status,14,VILLAGER,ALIVE,sample_py
3,status,15,WEREWOLF,DEAD,Tomato9
3,talk,0,0,6,VOTE Agent[03]
3,talk,1,0,13,VOTE Agent[07]
3,talk,2,0,7,DIVINED Agent[09] WEREWOLF
3,talk,3,0,12,VOTE Agent[08]
3,talk,4,0,8,VOTE Agent[06]
3,talk,5,0,14,VOTE Agent[08]
3,talk,6,0,9,VOTE Agent[13]
3,talk,7,0,5,VOTE Agent[13]
3,talk,8,0,10,IDENTIFIED Agent[15] WEREWOLF
3,talk,9,0,1,VOTE Agent[07]
3,talk,10,0,11,VOTE Agent[06]
3,talk,11,0,3,VOTE Agent[08]
3,talk,12,1,7,VOTE Agent[09]
3,talk,13,1,5,REQUEST ANY (VOTE Agent[13])
3,talk,14,1,13,COMINGOUT Agent[13] VILLAGER
3,talk,15,1,11,Skip
3,talk,16,1,1,Skip
3,talk,17,1,12,Skip
3,talk,18,1,9,Skip
3,talk,19,1,10,VOTE Agent[06]
3,talk,20,1,8,Skip
3,talk,21,1,14,Skip
3,talk,22,1,6,Skip
3,talk,23,1,3,VOTE Agent[08]
3,talk,24,2,7,Skip
3,talk,25,2,10,Skip
3,talk,26,2,1,Skip
3,talk,27,2,6,Skip
3,talk,28,2,11,Skip
3,talk,29,2,14,Skip
3,talk,30,2,12,Skip
3,talk,31,2,8,Skip
3,talk,32,2,5,Skip
3,talk,33,2,9,Skip
3,talk,34,2,3,VOTE Agent[08]
3,talk,35,2,13,VOTE Agent[09]
3,talk,36,3,6,Over
3,talk,37,3,11,Over
3,talk,38,3,5,Skip
3,talk,39,3,14,Over
3,talk,40,3,13,VOTE Agent[09]
3,talk,41,3,12,Over
3,talk,42,3,1,Over
3,talk,43,3,3,VOTE Agent[08]
3,talk,44,3,10,Skip
3,talk,45,3,8,Over
3,talk,46,3,9,Over
3,talk,47,3,7,Skip
3,talk,48,4,10,Over
3,talk,49,4,3,VOTE Agent[08]
3,talk,50,4,11,Over
3,talk,51,4,9,Over
3,talk,52,4,5,Over
3,talk,53,4,8,Over
3,talk,54,4,13,VOTE Agent[09]
3,talk,55,4,7,Over
3,talk,56,4,12,Over
3,talk,57,4,14,Over
3,talk,58,4,1,Over
3,talk,59,4,6,Over
3,talk,60,5,13,VOTE Agent[09]
3,talk,61,5,1,Over
3,talk,62,5,9,Over
3,talk,63,5,7,Over
3,talk,64,5,14,Over
3,talk,65,5,3,VOTE Agent[08]
3,talk,66,5,6,Over
3,talk,67,5,11,Over
3,talk,68,5,10,Over
3,talk,69,5,5,Over
3,talk,70,5,8,Over
3,talk,71,5,12,Over
3,talk,72,6,6,Over
3,talk,73,6,11,Over
3,talk,74,6,8,Over
3,talk,75,6,12,Over
3,talk,76,6,9,Over
3,talk,77,6,1,Over
3,talk,78,6,3,VOTE Agent[08]
3,talk,79,6,5,Over
3,talk,80,6,7,Over
3,talk,81,6,10,Over
3,talk,82,6,14,Over
3,talk,83,6,13,VOTE Agent[09]
3,talk,84,7,5,Over
3,talk,85,7,9,Over
3,talk,86,7,12,Over
3,talk,87,7,10,Over
3,talk,88,7,6,Over
3,talk,89,7,7,Over
3,talk,90,7,14,Over
3,talk,91,7,13,VOTE Agent[09]
3,talk,92,7,3,VOTE Agent[08]
3,talk,93,7,8,Over
3,talk,94,7,11,Over
3,talk,95,7,1,Over
3,talk,96,8,13,VOTE Agent[09]
3,talk,97,8,10,Over
3,talk,98,8,5,Over
3,talk,99,8,8,Over
3,talk,100,8,1,Over
3,talk,101,8,9,Over
3,talk,102,8,11,Over
3,talk,103,8,14,Over
3,talk,104,8,6,Over
3,talk,105,8,7,Over
3,talk,106,8,3,VOTE Agent[08]
3,talk,107,8,12,Over
3,talk,108,9,13,Over
3,talk,109,9,12,Over
3,talk,110,9,6,Over
3,talk,111,9,11,Over
3,talk,112,9,7,Over
3,talk,113,9,8,Over
3,talk,114,9,9,Over
3,talk,115,9,1,Over
3,talk,116,9,10,Over
3,talk,117,9,5,Over
3,talk,118,9,3,Over
3,talk,119,9,14,Over
3,vote,1,7
3,vote,3,8
3,vote,5,6
3,vote,6,3
3,vote,7,9
3,vote,8,6
3,vote,9,13
3,vote,10,6
3,vote,11,6
3,vote,12,8
3,vote,13,9
3,vote,14,8
3,execute,6,BODYGUARD
3,divine,7,1,HUMAN
3,whisper,0,0,3,ATTACK Agent[07]
3,whisper,1,0,9,ATTACK Agent[07]
3,whisper,2,1,3,Skip
3,whisper,3,1,9,Skip
3,whisper,4,2,9,Skip
3,whisper,5,2,3,Skip
3,whisper,6,3,3,Over
3,whisper,7,3,9,Over
3,attackVote,3,7
3,attackVote,9,7
3,attack,7,true
4,status,1,VILLAGER,ALIVE,Tomato14
4,status,2,POSSESSED,DEAD,OKAMI
4,status,3,WEREWOLF,ALIVE,HALU
4,status,4,VILLAGER,DEAD,Takeda12
4,status,5,VILLAGER,ALIVE,SampleJava2
4,status,6,BODYGUARD,DEAD,Takeda6
4,status,7,SEER,DEAD,Tomato5
4,status,8,VILLAGER,ALIVE,Takeda4
4,status,9,WEREWOLF,ALIVE,sample_py
4,status,10,MEDIUM,ALIVE,Takeda11
4,status,11,VILLAGER,ALIVE,Takeda7
4,status,12,VILLAGER,ALIVE,sample_py
4,status,13,VILLAGER,ALIVE,OKAMI
4,status,14,VILLAGER,ALIVE,sample_py
4,status,15,WEREWOLF,DEAD,Tomato9
4,talk,0,0,11,VOTE Agent[03]
4,talk,1,0,8,VOTE Agent[03]
4,talk,2,0,14,VOTE Agent[09]
4,talk,3,0,1,VOTE Agent[09]
4,talk,4,0,10,IDENTIFIED Agent[06] HUMAN
4,talk,5,0,12,VOTE Agent[08]
4,talk,6,0,9,VOTE Agent[13]
4,talk,7,0,5,VOTE Agent[09]
4,talk,8,0,13,VOTE Agent[09]
4,talk,9,0,3,VOTE Agent[08]
4,talk,10,1,13,COMINGOUT Agent[13] VILLAGER
4,talk,11,1,9,Skip
4,talk,12,1,3,VOTE Agent[08]
4,talk,13,1,5,REQUEST ANY (VOTE Agent[09])
4,talk,14,1,14,Skip
4,talk,15,1,8,Skip
4,talk,16,1,10,VOTE Agent[03]
4,talk,17,1,11,Skip
4,talk,18,1,12,Skip
4,talk,19,1,1,Skip
4,talk,20,2,5,Skip
4,talk,21,2,9,Skip
4,talk,22,2,14,Skip
4,talk,23,2,8,Skip
4,talk,24,2,3,VOTE Agent[08]
4,talk,25,2,13,VOTE Agent[09]
4,talk,26,2,10,Skip
4,talk,27,2,12,Skip
4,talk,28,2,11,Skip
4,talk,29,2,1,Skip
4,talk,30,3,12,Over
4,talk,31,3,5,Skip
4,talk,32,3,13,VOTE Agent[09]
4,talk,33,3,8,VOTE Agent[11]
4,talk,34,3,1,Over
4,talk,35,3,3,VOTE Agent[08]
4,talk,36,3,9,Over
4,talk,37,3,11,Over
4,talk,38,3,10,VOTE Agent[11]
4,talk,39,3,14,Over
4,talk,40,4,10,Skip
4,talk,41,4,12,Over
4,talk,42,4,5,Over
4,talk,43,4,1,Over
4,talk,44,4,13,VOTE Agent[09]
4,talk,45,4,8,Skip
4,talk,46,4,9,Over
4,talk,47,4,11,Over
4,talk,48,4,3,VOTE Agent[08]
4,talk,49,4,14,Over
4,talk,50,5,3,VOTE Agent[08]
4,talk,51,5,8,Skip
4,talk,52,5,13,VOTE Agent[09]
4,talk,53,5,1,Over
4,talk,54,5,14,Over
4,talk,55,5,11,Over
4,talk,56,5,5,Over
4,talk,57,5,12,Over
4,talk,58,5,9,Over
4,talk,59,5,10,Skip
4,talk,60,6,14,Over
4,talk,61,6,3,VOTE Agent[08]
4,talk,62,6,5,Over
4,talk,63,6,11,Over
4,talk,64,6,9,Over
4,talk,65,6,8,Over
4,talk,66,6,1,Over
4,talk,67,6,12,Over
4,talk,68,6,13,VOTE Agent[09]
4,talk,69,6,10,Over
4,talk,70,7,10,Over
4,talk,71,7,8,Over
4,talk,72,7,14,Over
4,talk,73,7,5,Over
4,talk,74,7,9,Over
4,talk,75,7,1,Over
4,talk,76,7,3,VOTE Agent[08]
4,talk,77,7,11,Over
4,talk,78,7,12,Over
4,talk,79,7,13,VOTE Agent[09]
4,talk,80,8,5,Over
4,talk,81,8,12,Over
4,talk,82,8,10,Over
4,talk,83,8,11,Over
4,talk,84,8,14,Over
4,talk,85,8,1,Over
4,talk,86,8,8,Over
4,talk,87,8,13,VOTE Agent[09]
4,talk,88,8,9,Over
4,talk,89,8,3,VOTE Agent[08]
4,talk,90,9,1,Over
4,talk,91,9,13,Over
4,talk,92,9,9,Over
4,talk,93,9,3,Over
4,talk,94,9,12,Over
4,talk,95,9,8,Over
4,talk,96,9,11,Over
4,talk,97,9,14,Over
4,talk,98,9,5,Over
4,talk,99,9,10,Over
4,vote,1,9
4,vote,3,8
4,vote,5,13
4,vote,8,11
4,vote,9,13
4,vote,10,11
4,vote,11,3
4,vote,12,8
4,vote,13,9
4,vote,14,9
4,execute,9,WEREWOLF
4,attackVote,3,5
4,attack,5,true
5,status,1,VILLAGER,ALIVE,Tomato14
5,status,2,POSSESSED,DEAD,OKAMI
5,status,3,WEREWOLF,ALIVE,HALU
5,status,4,VILLAGER,DEAD,Takeda12
5,status,5,VILLAGER,DEAD,SampleJava2
5,status,6,BODYGUARD,DEAD,Takeda6
5,status,7,SEER,DEAD,Tomato5
5,status,8,VILLAGER,ALIVE,Takeda4
5,status,9,WEREWOLF,DEAD,sample_py
5,status,10,MEDIUM,ALIVE,Takeda11
5,status,11,VILLAGER,ALIVE,Takeda7
5,status,12,VILLAGER,ALIVE,sample_py
5,status,13,VILLAGER,ALIVE,OKAMI
5,status,14,VILLAGER,ALIVE,sample_py
5,status,15,WEREWOLF,DEAD,Tomato9
5,talk,0,0,12,VOTE Agent[08]
5,talk,1,0,10,IDENTIFIED Agent[09] WEREWOLF
5,talk,2,0,1,VOTE Agent[10]
5,talk,3,0,13,VOTE Agent[11]
5,talk,4,0,14,VOTE Agent[08]
5,talk,5,0,3,VOTE Agent[08]
5,talk,6,0,11,VOTE Agent[03]
5,talk,7,0,8,VOTE Agent[11]
5,talk,8,1,10,Skip
5,talk,9,1,1,Skip
5,talk,10,1,3,VOTE Agent[08]
5,talk,11,1,14,Skip
5,talk,12,1,12,Skip
5,talk,13,1,8,Skip
5,talk,14,1,11,Skip
5,talk,15,1,13,COMINGOUT Agent[13] VILLAGER
5,talk,16,2,13,VOTE Agent[11]
5,talk,17,2,10,Skip
5,talk,18,2,14,Skip
5,talk,19,2,1,Skip
5,talk,20,2,3,VOTE Agent[08]
5,talk,21,2,12,Skip
5,talk,22,2,8,Skip
5,talk,23,2,11,Skip
5,talk,24,3,1,Over
5,talk,25,3,13,VOTE Agent[11]
5,talk,26,3,14,Over
5,talk,27,3,11,Over
5,talk,28,3,8,Over
5,talk,29,3,12,Over
5,talk,30,3,10,Over
5,talk,31,3,3,VOTE Agent[08]
5,talk,32,4,3,VOTE Agent[08]
5,talk,33,4,8,Over
5,talk,34,4,12,Over
5,talk,35,4,14,Over
5,talk,36,4,13,VOTE Agent[03]
5,talk,37,4,1,Over
5,talk,38,4,11,Over
5,talk,39,4,10,Over
5,talk,40,5,12,Over
5,talk,41,5,13,VOTE Agent[11]
5,talk,42,5,3,VOTE Agent[08]
5,talk,43,5,1,Over
5,talk,44,5,11,Over
5,talk,45,5,8,Over
5,talk,46,5,10,Over
5,talk,47,5,14,Over
5,talk,48,6,10,Over
5,talk,49,6,14,Over
5,talk,50,6,12,Over
5,talk,51,6,8,Over
5,talk,52,6,3,VOTE Agent[08]
5,talk,53,6,13,VOTE Agent[03]
5,talk,54,6,11,Over
5,talk,55,6,1,Over
5,talk,56,7,12,Over
5,talk,57,7,1,Over
5,talk,58,7,8,Over
5,talk,59,7,13,VOTE Agent[11]
5,talk,60,7,10,Over
5,talk,61,7,14,Over
5,talk,62,7,11,Over
5,talk,63,7,3,VOTE Agent[08]
5,talk,64,8,1,Over
5,talk,65,8,12,Over
5,talk,66,8,11,Over
5,talk,67,8,14,Over
5,talk,68,8,10,Over
5,talk,69,8,3,VOTE Agent[08]
5,talk,70,8,13,VOTE Agent[03]
5,talk,71,8,8,Over
5,talk,72,9,1,Over
5,talk,73,9,12,Over
5,talk,74,9,11,Over
5,talk,75,9,14,Over
5,talk,76,9,8,Over
5,talk,77,9,10,Over
5,talk,78,9,13,Over
5,talk,79,9,3,Over
5,vote,1,10
5,vote,3,8
5,vote,8,11
5,vote,10,11
5,vote,11,3
5,vote,12,8
5,vote,13,3
5,vote,14,8
5,execute,8,VILLAGER
5,attackVote,3,1
5,attack,1,true
6,status,1,VILLAGER,DEAD,Tomato14
6,status,2,POSSESSED,DEAD,OKAMI
6,status,3,WEREWOLF,ALIVE,HALU
6,status,4,VILLAGER,DEAD,Takeda12
6,status,5,VILLAGER,DEAD,SampleJava2
6,status,6,BODYGUARD,DEAD,Takeda6
6,status,7,SEER,DEAD,Tomato5
6,status,8,VILLAGER,DEAD,Takeda4
6,status,9,WEREWOLF,DEAD,sample_py
6,status,10,MEDIUM,ALIVE,Takeda11
6,status,11,VILLAGER,ALIVE,Takeda7
6,status,12,VILLAGER,ALIVE,sample_py
6,status,13,VILLAGER,ALIVE,OKAMI
6,status,14,VILLAGER,ALIVE,sample_py
6,status,15,WEREWOLF,DEAD,Tomato9
6,talk,0,0,13,VOTE Agent[12]
6,talk,1,0,10,IDENTIFIED Agent[08] HUMAN
6,talk,2,0,11,VOTE Agent[03]
6,talk,3,0,3,VOTE Agent[13]
6,talk,4,0,14,VOTE Agent[11]
6,talk,5,0,12,VOTE Agent[03]
6,talk,6,1,11,Skip
6,talk,7,1,10,Skip
6,talk,8,1,13,COMINGOUT Agent[13] VILLAGER
6,talk,9,1,12,Skip
6,talk,10,1,3,VOTE Agent[14]
6,talk,11,1,14,Skip
6,talk,12,2,3,VOTE Agent[13]
6,talk,13,2,10,Skip
6,talk,14,2,12,Skip
6,talk,15,2,11,Skip
6,talk,16,2,14,Skip
6,talk,17,2,13,VOTE Agent[03]
6,talk,18,3,14,Over
6,talk,19,3,10,Over
6,talk,20,3,3,VOTE Agent[14]
6,talk,21,3,13,VOTE Agent[14]
6,talk,22,3,11,Over
6,talk,23,3,12,Over
6,talk,24,4,12,Over
6,talk,25,4,13,VOTE Agent[14]
6,talk,26,4,14,Over
6,talk,27,4,10,Over
6,talk,28,4,3,VOTE Agent[13]
6,talk,29,4,11,Over
6,talk,30,5,14,Over
6,talk,31,5,11,Over
6,talk,32,5,10,Over
6,talk,33,5,12,Over
6,talk,34,5,3,VOTE Agent[13]
6,talk,35,5,13,VOTE Agent[03]
6,talk,36,6,12,Over
6,talk,37,6,11,Over
6,talk,38,6,13,VOTE Agent[03]
6,talk,39,6,3,VOTE Agent[13]
6,talk,40,6,14,Over
6,talk,41,6,10,Over
6,talk,42,7,10,Over
6,talk,43,7,11,Over
6,talk,44,7,13,VOTE Agent[03]
6,talk,45,7,14,Over
6,talk,46,7,12,Over
6,talk,47,7,3,VOTE Agent[13]
6,talk,48,8,12,Over
6,talk,49,8,3,VOTE Agent[13]
6,talk,50,8,11,Over
6,talk,51,8,10,Over
6,talk,52,8,13,VOTE Agent[03]
6,talk,53,8,14,Over
6,talk,54,9,11,Over
6,talk,55,9,3,Over
6,talk,56,9,12,Over
6,talk,57,9,10,Over
6,talk,58,9,13,Over
6,talk,59,9,14,Over
6,vote,3,13
6,vote,10,11
6,vote,11,3
6,vote,12,3
6,vote,13,3
6,vote,14,11
6,execute,3,WEREWOLF
7,status,1,VILLAGER,DEAD,Tomato14
7,status,2,POSSESSED,DEAD,OKAMI
7,status,3,WEREWOLF,DEAD,HALU
7,status,4,VILLAGER,DEAD,Takeda12
7,status,5,VILLAGER,DEAD,SampleJava2
7,status,6,BODYGUARD,DEAD,Takeda6
7,status,7,SEER,DEAD,Tomato5
7,status,8,VILLAGER,DEAD,Takeda4
7,status,9,WEREWOLF,DEAD,sample_py
7,status,10,MEDIUM,ALIVE,Takeda11
7,status,11,VILLAGER,ALIVE,Takeda7
7,status,12,VILLAGER,ALIVE,sample_py
7,status,13,VILLAGER,ALIVE,OKAMI
7,status,14,VILLAGER,ALIVE,sample_py
7,status,15,WEREWOLF,DEAD,Tomato9
7,result,5,0,VILLAGER
