0,status,1,VILLAGER,ALIVE,Tomato14
0,status,2,WEREWOLF,ALIVE,OKAMI
0,status,3,VILLAGER,ALIVE,HALU
0,status,4,VILLAGER,ALIVE,Takeda12
0,status,5,VILLAGER,ALIVE,SampleJava2
0,status,6,WEREWOLF,ALIVE,Takeda6
0,status,7,VILLAGER,ALIVE,Tomato5
0,status,8,VILLAGER,ALIVE,Takeda4
0,status,9,SEER,ALIVE,sample_py
0,status,10,BODYGUARD,ALIVE,Takeda11
0,status,11,VILLAGER,ALIVE,Takeda7
0,status,12,MEDIUM,ALIVE,sample_py
0,status,13,WEREWOLF,ALIVE,OKAMI
0,status,14,POSSESSED,ALIVE,sample_py
0,status,15,VILLAGER,ALIVE,Tomato9
0,whisper,0,0,2,COMINGOUT Agent[02] MEDIUM
0,whisper,1,0,6,Skip
0,whisper,2,0,13,COMINGOUT Agent[13] VILLAGER
0,whisper,3,1,13,Skip
0,whisper,4,1,2,Skip
0,whisper,5,1,6,Skip
0,whisper,6,2,2,Skip
0,whisper,7,2,6,Over
0,whisper,8,2,13,Skip
0,whisper,9,3,6,Over
0,whisper,10,3,2,Over
0,whisper,11,3,13,Over
0,divine,9,2,WEREWOLF
1,status,1,VILLAGER,ALIVE,Tomato14
1,status,2,WEREWOLF,ALIVE,OKAMI
1,status,3,VILLAGER,ALIVE,HALU
1,status,4,VILLAGER,ALIVE,Takeda12
1,status,5,VILLAGER,ALIVE,SampleJava2
1,status,6,WEREWOLF,ALIVE,Takeda6
1,status,7,VILLAGER,ALIVE,Tomato5
1,status,8,VILLAGER,ALIVE,Takeda4
1,status,9,SEER,ALIVE,sample_py
1,status,10,BODYGUARD,ALIVE,Takeda11
1,status,11,VILLAGER,ALIVE,Takeda7
1,status,12,MEDIUM,ALIVE,sample_py
1,status,13,WEREWOLF,ALIVE,OKAMI
1,status,14,POSSESSED,ALIVE,sample_py
1,status,15,VILLAGER,ALIVE,Tomato9
1,talk,0,0,14,COMINGOUT Agent[14] SEER
1,talk,1,0,7,VOTE Agent[06]
1,talk,2,0,11,VOTE Agent[06]
1,talk,3,0,10,VOTE Agent[06]
1,talk,4,0,8,VOTE Agent[06]
1,talk,5,0,1,VOTE Agent[06]
1,talk,6,0,3,VOTE Agent[01]
1,talk,7,0,15,VOTE Agent[06]
1,talk,8,0,5,VOTE Agent[09]
1,talk,9,0,9,COMINGOUT Agent[09] SEER
1,talk,10,0,12,VOTE Agent[10]
1,talk,11,0,6,VOTE Agent[09]
1,talk,12,0,13,VOTE Agent[01]
1,talk,13,0,4,VOTE Agent[09]
1,talk,14,0,2,COMINGOUT Agent[02] MEDIUM
1,talk,15,1,1,Skip
1,talk,16,1,10,VOTE Agent[04]
1,talk,17,1,5,REQUEST ANY (VOTE Agent[09])
1,talk,18,1,4,VOTE Agent[06]
1,talk,19,1,8,Skip
1,talk,20,1,12,VOTE Agent[02]
1,talk,21,1,15,Skip
1,talk,22,1,14,DIVINED Agent[06] HUMAN
1,talk,23,1,11,VOTE Agent[03]
1,talk,24,1,3,VOTE Agent[13]
1,talk,25,1,7,Skip
1,talk,26,1,2,VOTE Agent[04]
1,talk,27,1,6,VOTE Agent[14]
1,talk,28,1,13,VOTE Agent[04]
1,talk,29,1,9,DIVINED Agent[02] WEREWOLF
1,talk,30,2,1,Skip
1,talk,31,2,5,Skip
1,talk,32,2,4,VOTE Agent[12]
1,talk,33,2,7,Skip
1,talk,34,2,10,VOTE Agent[13]
1,talk,35,2,12,Skip
1,talk,36,2,15,Skip
1,talk,37,2,6,VOTE Agent[08]
1,talk,38,2,2,VOTE Agent[04]
1,talk,39,2,14,VOTE Agent[09]
1,talk,40,2,9,VOTE Agent[02]
1,talk,41,2,13,VOTE Agent[08]
1,talk,42,2,3,VOTE Agent[04]
1,talk,43,2,11,VOTE Agent[06]
1,talk,44,2,8,VOTE Agent[13]
1,talk,45,3,14,Skip
1,talk,46,3,10,Skip
1,talk,47,3,11,VOTE Agent[02]
1,talk,48,3,15,Over
1,talk,49,3,6,VOTE Agent[03]
1,talk,50,3,7,Over
1,talk,51,3,9,Skip
1,talk,52,3,8,VOTE Agent[02]
1,talk,53,3,5,Skip
1,talk,54,3,12,Skip
1,talk,55,3,1,VOTE Agent[02]
1,talk,56,3,3,VOTE Agent[04]
1,talk,57,3,4,VOTE Agent[06]
1,talk,58,3,13,VOTE Agent[04]
1,talk,59,3,2,VOTE Agent[04]
1,talk,60,4,9,Skip
1,talk,61,4,5,Over
1,talk,62,4,6,Skip
1,talk,63,4,2,VOTE Agent[04]
1,talk,64,4,14,Skip
1,talk,65,4,11,Skip
1,talk,66,4,1,Skip
1,talk,67,4,8,Skip
1,talk,68,4,4,Skip
1,talk,69,4,13,VOTE Agent[04]
1,talk,70,4,3,VOTE Agent[04]
1,talk,71,4,7,VOTE Agent[02]
1,talk,72,4,15,VOTE Agent[02]
1,talk,73,4,12,Over
1,talk,74,4,10,Skip
1,talk,75,5,1,Skip
1,talk,76,5,9,Over
1,talk,77,5,6,VOTE Agent[02]
1,talk,78,5,7,Skip
1,talk,79,5,2,VOTE Agent[04]
1,talk,80,5,10,Over
1,talk,81,5,11,Skip
1,talk,82,5,4,Skip
1,talk,83,5,5,Over
1,talk,84,5,3,VOTE Agent[04]
1,talk,85,5,8,Skip
1,talk,86,5,13,VOTE Agent[04]
1,talk,87,5,14,Over
1,talk,88,5,15,Skip
1,talk,89,5,12,Over
1,talk,90,6,14,Over
1,talk,91,6,9,Over
1,talk,92,6,6,Skip
1,talk,93,6,1,Over
1,talk,94,6,13,VOTE Agent[04]
1,talk,95,6,8,Over
1,talk,96,6,3,VOTE Agent[04]
1,talk,97,6,2,VOTE Agent[04]
1,talk,98,6,11,Over
1,talk,99,6,12,Over
1,talk,100,6,7,Skip
1,talk,101,6,10,Over
1,talk,102,6,5,Over
1,talk,103,6,15,Skip
1,talk,104,6,4,VOTE Agent[02]
1,talk,105,7,1,Over
1,talk,106,7,11,Over
1,talk,107,7,15,Over
1,talk,108,7,2,VOTE Agent[04]
1,talk,109,7,8,Over
1,talk,110,7,12,Over
1,talk,111,7,10,Over
1,talk,112,7,7,Over
1,talk,113,7,4,Skip
1,talk,114,7,9,Over
1,talk,115,7,6,Skip
1,talk,116,7,3,VOTE Agent[13]
1,talk,117,7,5,Over
1,talk,118,7,14,Over
1,talk,119,7,13,VOTE Agent[04]
1,talk,120,8,11,Over
1,talk,121,8,2,VOTE Agent[04]
1,talk,122,8,9,Over
1,talk,123,8,1,Over
1,talk,124,8,8,Over
1,talk,125,8,5,Over
1,talk,126,8,4,Skip
1,talk,127,8,15,Over
1,talk,128,8,13,VOTE Agent[04]
1,talk,129,8,7,Over
1,talk,130,8,3,VOTE Agent[04]
1,talk,131,8,6,Over
1,talk,132,8,12,Over
1,talk,133,8,14,Over
1,talk,134,8,10,Over
1,talk,135,9,15,Over
1,talk,136,9,10,Over
1,talk,137,9,6,Over
1,talk,138,9,1,Over
1,talk,139,9,5,Over
1,talk,140,9,2,Over
1,talk,141,9,7,Over
1,talk,142,9,13,Over
1,talk,143,9,3,Over
1,talk,144,9,8,Over
1,talk,145,9,12,Over
1,talk,146,9,11,Over
1,talk,147,9,4,Over
1,talk,148,9,14,Over
1,talk,149,9,9,Over
1,vote,1,2
1,vote,2,4
1,vote,3,13
1,vote,4,2
1,vote,5,6
1,vote,6,2
1,vote,7,2
1,vote,8,2
1,vote,9,2
1,vote,10,2
1,vote,11,2
1,vote,12,2
1,vote,13,4
1,vote,14,9
1,vote,15,2
1,execute,2,WEREWOLF
1,divine,9,14,HUMAN
1,whisper,0,0,6,Skip
1,whisper,1,0,13,ATTACK Agent[14]
1,whisper,2,1,13,Skip
1,whisper,3,1,6,Skip
1,whisper,4,2,6,Over
1,whisper,5,2,13,Skip
1,whisper,6,3,6,Over
1,whisper,7,3,13,Over
1,guard,10,9,SEER
1,attackVote,6,8
1,attackVote,13,9
1,attackVote,6,8
1,attackVote,13,14
1,attack,14,true
2,status,1,VILLAGER,ALIVE,Tomato14
2,status,2,WEREWOLF,DEAD,OKAMI
2,status,3,VILLAGER,ALIVE,HALU
2,status,4,VILLAGER,ALIVE,Takeda12
2,status,5,VILLAGER,ALIVE,SampleJava2
2,status,6,WEREWOLF,ALIVE,Takeda6
2,status,7,VILLAGER,ALIVE,Tomato5
2,status,8,VILLAGER,ALIVE,Takeda4
2,status,9,SEER,ALIVE,sample_py
2,status,10,BODYGUARD,ALIVE,Takeda11
2,status,11,VILLAGER,ALIVE,Takeda7
2,status,12,MEDIUM,ALIVE,sample_py
2,status,13,WEREWOLF,ALIVE,OKAMI
2,status,14,POSSESSED,DEAD,sample_py
2,status,15,VILLAGER,ALIVE,Tomato9
2,talk,0,0,6,VOTE Agent[08]
2,talk,1,0,10,VOTE Agent[13]
2,talk,2,0,11,VOTE Agent[06]
2,talk,3,0,8,VOTE Agent[13]
2,talk,4,0,12,COMINGOUT Agent[12] MEDIUM
2,talk,5,0,1,VOTE Agent[13]
2,talk,6,0,7,VOTE Agent[13]
2,talk,7,0,9,DIVINED Agent[14] HUMAN
2,talk,8,0,13,VOTE Agent[12]
2,talk,9,0,15,VOTE Agent[13]
2,talk,10,0,3,VOTE Agent[13]
2,talk,11,0,5,VOTE Agent[03]
2,talk,12,0,4,VOTE Agent[06]
2,talk,13,1,9,VOTE Agent[06]
2,talk,14,1,12,IDENTIFIED Agent[02] WEREWOLF
2,talk,15,1,5,REQUEST ANY (VOTE Agent[03])
2,talk,16,1,1,Skip
2,talk,17,1,10,Skip
2,talk,18,1,15,Skip
2,talk,19,1,13,VOTE Agent[12]
2,talk,20,1,7,Skip
2,talk,21,1,6,Skip
2,talk,22,1,4,Skip
2,talk,23,1,3,VOTE Agent[13]
2,talk,24,1,8,VOTE Agent[06]
2,talk,25,1,11,Skip
2,talk,26,2,4,VOTE Agent[13]
2,talk,27,2,12,VOTE Agent[07]
2,talk,28,2,8,VOTE Agent[13]
2,talk,29,2,1,Skip
2,talk,30,2,5,Skip
2,talk,31,2,7,Skip
2,talk,32,2,6,VOTE Agent[13]
2,talk,33,2,10,Skip
2,talk,34,2,11,VOTE Agent[13]
2,talk,35,2,15,Skip
2,talk,36,2,13,VOTE Agent[12]
2,talk,37,2,9,Skip
2,talk,38,2,3,VOTE Agent[13]
2,talk,39,3,9,Skip
2,talk,40,3,8,Skip
2,talk,41,3,15,Over
2,talk,42,3,10,Over
2,talk,43,3,7,Over
2,talk,44,3,12,Skip
2,talk,45,3,6,Skip
2,talk,46,3,3,VOTE Agent[08]
2,talk,47,3,11,Skip
2,talk,48,3,13,VOTE Agent[12]
2,talk,49,3,5,Skip
2,talk,50,3,1,Over
2,talk,51,3,4,Skip
2,talk,52,4,3,VOTE Agent[13]
2,talk,53,4,10,Over
2,talk,54,4,1,Over
2,talk,55,4,12,Skip
2,talk,56,4,8,Skip
2,talk,57,4,13,VOTE Agent[12]
2,talk,58,4,6,Skip
2,talk,59,4,7,Over
2,talk,60,4,15,Over
2,talk,61,4,9,Over
2,talk,62,4,4,Skip
2,talk,63,4,11,Skip
2,talk,64,4,5,Over
2,talk,65,5,6,Over
2,talk,66,5,8,Over
2,talk,67,5,1,Over
2,talk,68,5,4,Over
2,talk,69,5,7,Over
2,talk,70,5,15,Over
2,talk,71,5,13,VOTE Agent[12]
2,talk,72,5,10,Over
2,talk,73,5,9,Over
2,talk,74,5,3,VOTE Agent[13]
2,talk,75,5,5,Over
2,talk,76,5,11,Over
2,talk,77,5,12,Over
2,talk,78,6,6,Over
2,talk,79,6,10,Over
2,talk,80,6,3,VOTE Agent[13]
2,talk,81,6,13,VOTE Agent[12]
2,talk,82,6,4,Over
2,talk,83,6,11,Over
2,talk,84,6,9,Over
2,talk,85,6,1,Over
2,talk,86,6,7,Over
2,talk,87,6,15,Over
2,talk,88,6,8,Over
2,talk,89,6,12,Over
2,talk,90,6,5,Over
2,talk,91,7,15,Over
2,talk,92,7,3,VOTE Agent[08]
2,talk,93,7,5,Over
2,talk,94,7,9,Over
2,talk,95,7,13,VOTE Agent[12]
2,talk,96,7,11,Over
2,talk,97,7,8,Over
2,talk,98,7,1,Over
2,talk,99,7,4,Over
2,talk,100,7,7,Over
2,talk,101,7,6,Over
2,talk,102,7,10,Over
2,talk,103,7,12,Over
2,talk,104,8,1,Over
2,talk,105,8,7,Over
2,talk,106,8,10,Over
2,talk,107,8,4,Over
2,talk,108,8,12,Over
2,talk,109,8,6,Over
2,talk,110,8,13,VOTE Agent[12]
2,talk,111,8,8,Over
2,talk,112,8,11,Over
2,talk,113,8,9,Over
2,talk,114,8,15,Over
2,talk,115,8,3,VOTE Agent[08]
2,talk,116,8,5,Over
2,talk,117,9,5,Over
2,talk,118,9,7,Over
2,talk,119,9,6,Over
2,talk,120,9,4,Over
2,talk,121,9,9,Over
2,talk,122,9,1,Over
2,talk,123,9,3,Over
2,talk,124,9,13,Over
2,talk,125,9,10,Over
2,talk,126,9,15,Over
2,talk,127,9,8,Over
2,talk,128,9,12,Over
2,talk,129,9,11,Over
2,vote,1,13
2,vote,3,13
2,vote,4,13
2,vote,5,11
2,vote,6,13
2,vote,7,13
2,vote,8,13
2,vote,9,6
2,vote,10,13
2,vote,11,13
2,vote,12,7
2,vote,13,12
2,vote,15,13
2,execute,13,WEREWOLF
2,divine,9,1,HUMAN
2,guard,10,9,SEER
2,attackVote,6,8
2,attack,8,true
3,status,1,VILLAGER,ALIVE,Tomato14
3,status,2,WEREWOLF,DEAD,OKAMI
3,status,3,VILLAGER,ALIVE,HALU
3,status,4,VILLAGER,ALIVE,Takeda12
3,status,5,VILLAGER,ALIVE,SampleJava2
3,status,6,WEREWOLF,ALIVE,Takeda6
3,status,7,VILLAGER,ALIVE,Tomato5
3,status,8,VILLAGER,DEAD,Takeda4
3,status,9,SEER,ALIVE,sample_py
3,status,10,BODYGUARD,ALIVE,Takeda11
3,status,11,VILLAGER,ALIVE,Takeda7
3,status,12,MEDIUM,ALIVE,sample_py
3,status,13,WEREWOLF,DEAD,OKAMI
3,status,14,POSSESSED,DEAD,sample_py
3,status,15,VILLAGER,ALIVE,Tomato9
3,talk,0,0,3,VOTE Agent[10]
3,talk,1,0,12,IDENTIFIED Agent[13] WEREWOLF
3,talk,2,0,11,VOTE Agent[06]
3,talk,3,0,10,VOTE Agent[06]
3,talk,4,0,5,VOTE Agent[03]
3,talk,5,0,9,DIVINED Agent[01] HUMAN
3,talk,6,0,1,VOTE Agent[09]
3,talk,7,0,15,VOTE Agent[09]
3,talk,8,0,4,VOTE Agent[06]
3,talk,9,0,7,VOTE Agent[09]
3,talk,10,0,6,VOTE Agent[11]
3,talk,11,1,15,Skip
3,talk,12,1,6,Skip
3,talk,13,1,4,VOTE Agent[11]
3,talk,14,1,11,VOTE Agent[04]
3,talk,15,1,12,VOTE Agent[15]
3,talk,16,1,10,VOTE Agent[11]
3,talk,17,1,3,VOTE Agent[04]
3,talk,18,1,9,VOTE Agent[10]
3,talk,19,1,7,Skip
3,talk,20,1,5,REQUEST ANY (VOTE Agent[03])
3,talk,21,1,1,Skip
3,talk,22,2,5,Skip
3,talk,23,2,4,VOTE Agent[03]
3,talk,24,2,6,VOTE Agent[04]
3,talk,25,2,15,Skip
3,talk,26,2,9,Skip
3,talk,27,2,1,Skip
3,talk,28,2,10,VOTE Agent[04]
3,talk,29,2,7,Skip
3,talk,30,2,3,VOTE Agent[04]
3,talk,31,2,12,Skip
3,talk,32,2,11,Skip
3,talk,33,3,12,Skip
3,talk,34,3,4,Skip
3,talk,35,3,9,Skip
3,talk,36,3,1,Over
3,talk,37,3,5,Skip
3,talk,38,3,7,Over
3,talk,39,3,6,Skip
3,talk,40,3,10,VOTE Agent[11]
3,talk,41,3,15,Over
3,talk,42,3,11,Skip
3,talk,43,3,3,VOTE Agent[07]
3,talk,44,4,9,Over
3,talk,45,4,4,Skip
3,talk,46,4,15,Over
3,talk,47,4,6,Skip
3,talk,48,4,11,Over
3,talk,49,4,3,VOTE Agent[07]
3,talk,50,4,7,Over
3,talk,51,4,5,Over
3,talk,52,4,10,Skip
3,talk,53,4,12,Over
3,talk,54,4,1,Over
3,talk,55,5,6,Over
3,talk,56,5,15,Over
3,talk,57,5,11,Over
3,talk,58,5,5,Over
3,talk,59,5,1,Over
3,talk,60,5,4,Over
3,talk,61,5,9,Over
3,talk,62,5,7,Over
3,talk,63,5,12,Over
3,talk,64,5,10,Skip
3,talk,65,5,3,VOTE Agent[10]
3,talk,66,6,6,Over
3,talk,67,6,11,Over
3,talk,68,6,12,Over
3,talk,69,6,3,VOTE Agent[10]
3,talk,70,6,10,Over
3,talk,71,6,1,Over
3,talk,72,6,15,Over
3,talk,73,6,7,Over
3,talk,74,6,9,Over
3,talk,75,6,5,Over
3,talk,76,6,4,Over
3,talk,77,7,1,Over
3,talk,78,7,12,Over
3,talk,79,7,9,Over
3,talk,80,7,7,Over
3,talk,81,7,6,Over
3,talk,82,7,10,Over
3,talk,83,7,15,Over
3,talk,84,7,5,Over
3,talk,85,7,4,Over
3,talk,86,7,11,Over
3,talk,87,7,3,VOTE Agent[07]
3,talk,88,8,10,Over
3,talk,89,8,9,Over
3,talk,90,8,12,Over
3,talk,91,8,1,Over
3,talk,92,8,7,Over
3,talk,93,8,5,Over
3,talk,94,8,6,Over
3,talk,95,8,3,VOTE Agent[04]
3,talk,96,8,11,Over
3,talk,97,8,4,Over
3,talk,98,8,15,Over
3,talk,99,9,6,Over
3,talk,100,9,12,Over
3,talk,101,9,3,Over
3,talk,102,9,1,Over
3,talk,103,9,7,Over
3,talk,104,9,10,Over
3,talk,105,9,5,Over
3,talk,106,9,4,Over
3,talk,107,9,15,Over
3,talk,108,9,11,Over
3,talk,109,9,9,Over
3,vote,1,9
3,vote,3,10
3,vote,4,3
3,vote,5,10
3,vote,6,4
3,vote,7,9
3,vote,9,10
3,vote,10,11
3,vote,11,4
3,vote,12,15
3,vote,15,9
3,vote,1,9
3,vote,3,7
3,vote,4,3
3,vote,5,9
3,vote,6,4
3,vote,7,9
3,vote,9,10
3,vote,10,11
3,vote,11,4
3,vote,12,15
3,vote,15,9
3,execute,9,SEER
3,guard,10,1,VILLAGER
3,attackVote,6,1
3,attack,1,false
4,status,1,VILLAGER,ALIVE,Tomato14
4,status,2,WEREWOLF,DEAD,OKAMI
4,status,3,VILLAGER,ALIVE,HALU
4,status,4,VILLAGER,ALIVE,Takeda12
4,status,5,VILLAGER,ALIVE,SampleJava2
4,status,6,WEREWOLF,ALIVE,Takeda6
4,status,7,VILLAGER,ALIVE,Tomato5
4,status,8,VILLAGER,DEAD,Takeda4
4,status,9,SEER,DEAD,sample_py
4,status,10,BODYGUARD,ALIVE,Takeda11
4,status,11,VILLAGER,ALIVE,Takeda7
4,status,12,MEDIUM,ALIVE,sample_py
4,status,13,WEREWOLF,DEAD,OKAMI
4,status,14,POSSESSED,DEAD,sample_py
4,status,15,VILLAGER,ALIVE,Tomato9
4,talk,0,0,1,VOTE Agent[15]
4,talk,1,0,7,VOTE Agent[01]
4,talk,2,0,10,VOTE Agent[11]
4,talk,3,0,15,VOTE Agent[01]
4,talk,4,0,11,VOTE Agent[04]
4,talk,5,0,6,VOTE Agent[04]
4,talk,6,0,5,VOTE Agent[12]
4,talk,7,0,4,VOTE Agent[03]
4,talk,8,0,12,IDENTIFIED Agent[09] HUMAN
4,talk,9,0,3,VOTE Agent[10]
4,talk,10,1,7,VOTE Agent[15]
4,talk,11,1,15,Skip
4,talk,12,1,11,Skip
4,talk,13,1,4,VOTE Agent[11]
4,talk,14,1,6,Skip
4,talk,15,1,1,Skip
4,talk,16,1,5,REQUEST ANY (VOTE Agent[12])
4,talk,17,1,10,Skip
4,talk,18,1,3,VOTE Agent[07]
4,talk,19,1,12,VOTE Agent[11]
4,talk,20,2,7,Skip
4,talk,21,2,11,VOTE Agent[03]
4,talk,22,2,10,Skip
4,talk,23,2,6,VOTE Agent[11]
4,talk,24,2,4,Skip
4,talk,25,2,1,Skip
4,talk,26,2,5,Skip
4,talk,27,2,3,VOTE Agent[15]
4,talk,28,2,12,Skip
4,talk,29,2,15,Skip
4,talk,30,3,10,VOTE Agent[03]
4,talk,31,3,15,Over
4,talk,32,3,5,Skip
4,talk,33,3,1,Over
4,talk,34,3,3,VOTE Agent[05]
4,talk,35,3,12,Skip
4,talk,36,3,6,VOTE Agent[03]
4,talk,37,3,11,Skip
4,talk,38,3,7,Skip
4,talk,39,3,4,VOTE Agent[03]
4,talk,40,4,1,Over
4,talk,41,4,11,Skip
4,talk,42,4,4,Skip
4,talk,43,4,12,Over
4,talk,44,4,10,Skip
4,talk,45,4,15,Over
4,talk,46,4,7,Over
4,talk,47,4,3,VOTE Agent[15]
4,talk,48,4,6,Skip
4,talk,49,4,5,Over
4,talk,50,5,3,VOTE Agent[15]
4,talk,51,5,11,Over
4,talk,52,5,15,Over
4,talk,53,5,12,Over
4,talk,54,5,1,Over
4,talk,55,5,5,Over
4,talk,56,5,10,Skip
4,talk,57,5,7,Over
4,talk,58,5,6,Skip
4,talk,59,5,4,Skip
4,talk,60,6,6,Over
4,talk,61,6,11,Over
4,talk,62,6,12,Over
4,talk,63,6,7,Over
4,talk,64,6,1,Over
4,talk,65,6,10,Over
4,talk,66,6,5,Over
4,talk,67,6,15,Over
4,talk,68,6,4,Over
4,talk,69,6,3,VOTE Agent[05]
4,talk,70,7,6,Over
4,talk,71,7,10,Over
4,talk,72,7,7,Over
4,talk,73,7,12,Over
4,talk,74,7,5,Over
4,talk,75,7,15,Over
4,talk,76,7,1,Over
4,talk,77,7,11,Over
4,talk,78,7,4,Over
4,talk,79,7,3,VOTE Agent[15]
4,talk,80,8,1,Over
4,talk,81,8,10,Over
4,talk,82,8,11,Over
4,talk,83,8,5,Over
4,talk,84,8,15,Over
4,talk,85,8,4,Over
4,talk,86,8,12,Over
4,talk,87,8,3,VOTE Agent[05]
4,talk,88,8,7,Over
4,talk,89,8,6,Over
4,talk,90,9,11,Over
4,talk,91,9,5,Over
4,talk,92,9,3,Over
4,talk,93,9,1,Over
4,talk,94,9,6,Over
4,talk,95,9,7,Over
4,talk,96,9,4,Over
4,talk,97,9,10,Over
4,talk,98,9,15,Over
4,talk,99,9,12,Over
4,vote,1,15
4,vote,3,15
4,vote,4,3
4,vote,5,6
4,vote,6,3
4,vote,7,15
4,vote,10,3
4,vote,11,3
4,vote,12,11
4,vote,15,1
4,execute,3,VILLAGER
4,guard,10,1,VILLAGER
4,attackVote,6,1
4,attack,1,false
5,status,1,VILLAGER,ALIVE,Tomato14
5,status,2,WEREWOLF,DEAD,OKAMI
5,status,3,VILLAGER,DEAD,HALU
5,status,4,VILLAGER,ALIVE,Takeda12
5,status,5,VILLAGER,ALIVE,SampleJava2
5,status,6,WEREWOLF,ALIVE,Takeda6
5,status,7,VILLAGER,ALIVE,Tomato5
5,status,8,VILLAGER,DEAD,Takeda4
5,status,9,SEER,DEAD,sample_py
5,status,10,BODYGUARD,ALIVE,Takeda11
5,status,11,VILLAGER,ALIVE,Takeda7
5,status,12,MEDIUM,ALIVE,sample_py
5,status,13,WEREWOLF,DEAD,OKAMI
5,status,14,POSSESSED,DEAD,sample_py
5,status,15,VILLAGER,ALIVE,Tomato9
5,talk,0,0,10,VOTE Agent[04]
5,talk,1,0,5,VOTE Agent[12]
5,talk,2,0,15,VOTE Agent[01]
5,talk,3,0,11,VOTE Agent[04]
5,talk,4,0,6,VOTE Agent[04]
5,talk,5,0,7,VOTE Agent[15]
5,talk,6,0,1,VOTE Agent[15]
5,talk,7,0,4,VOTE Agent[07]
5,talk,8,0,12,IDENTIFIED Agent[03] HUMAN
5,talk,9,1,12,VOTE Agent[04]
5,talk,10,1,4,Skip
5,talk,11,1,7,Skip
5,talk,12,1,1,Skip
5,talk,13,1,10,Skip
5,talk,14,1,6,Skip
5,talk,15,1,11,Skip
5,talk,16,1,15,Skip
5,talk,17,1,5,REQUEST ANY (VOTE Agent[12])
5,talk,18,2,6,Skip
5,talk,19,2,7,Skip
5,talk,20,2,11,Skip
5,talk,21,2,1,Skip
5,talk,22,2,15,Skip
5,talk,23,2,5,Skip
5,talk,24,2,10,Skip
5,talk,25,2,4,Skip
5,talk,26,2,12,Skip
5,talk,27,3,5,Skip
5,talk,28,3,7,Over
5,talk,29,3,6,Over
5,talk,30,3,10,Over
5,talk,31,3,1,Over
5,talk,32,3,4,VOTE Agent[11]
5,talk,33,3,11,Over
5,talk,34,3,15,Over
5,talk,35,3,12,Skip
5,talk,36,4,5,Over
5,talk,37,4,11,Over
5,talk,38,4,6,Over
5,talk,39,4,4,Skip
5,talk,40,4,15,Over
5,talk,41,4,12,Over
5,talk,42,4,7,Over
5,talk,43,4,10,Over
5,talk,44,4,1,Over
5,talk,45,5,1,Over
5,talk,46,5,10,Over
5,talk,47,5,15,Over
5,talk,48,5,12,Over
5,talk,49,5,4,Skip
5,talk,50,5,5,Over
5,talk,51,5,6,Over
5,talk,52,5,7,Over
5,talk,53,5,11,Over
5,talk,54,6,15,Over
5,talk,55,6,6,Over
5,talk,56,6,11,Over
5,talk,57,6,5,Over
5,talk,58,6,4,Over
5,talk,59,6,1,Over
5,talk,60,6,10,Over
5,talk,61,6,7,Over
5,talk,62,6,12,Over
5,vote,1,15
5,vote,4,11
5,vote,5,11
5,vote,6,4
5,vote,7,15
5,vote,10,4
5,vote,11,4
5,vote,12,4
5,vote,15,1
5,execute,4,VILLAGER
5,guard,10,1,VILLAGER
5,attackVote,6,1
5,attack,1,false
6,status,1,VILLAGER,ALIVE,Tomato14
6,status,2,WEREWOLF,DEAD,OKAMI
6,status,3,VILLAGER,DEAD,HALU
6,status,4,VILLAGER,DEAD,Takeda12
6,status,5,VILLAGER,ALIVE,SampleJava2
6,status,6,WEREWOLF,ALIVE,Takeda6
6,status,7,VILLAGER,ALIVE,Tomato5
6,status,8,VILLAGER,DEAD,Takeda4
6,status,9,SEER,DEAD,sample_py
6,status,10,BODYGUARD,ALIVE,Takeda11
6,status,11,VILLAGER,ALIVE,Takeda7
6,status,12,MEDIUM,ALIVE,sample_py
6,status,13,WEREWOLF,DEAD,OKAMI
6,status,14,POSSESSED,DEAD,sample_py
6,status,15,VILLAGER,ALIVE,Tomato9
6,talk,0,0,11,VOTE Agent[10]
6,talk,1,0,5,VOTE Agent[10]
6,talk,2,0,15,VOTE Agent[01]
6,talk,3,0,12,IDENTIFIED Agent[04] HUMAN
6,talk,4,0,1,VOTE Agent[15]
6,talk,5,0,6,VOTE Agent[11]
6,talk,6,0,10,VOTE Agent[11]
6,talk,7,0,7,VOTE Agent[15]
6,talk,8,1,15,Skip
6,talk,9,1,12,VOTE Agent[15]
6,talk,10,1,5,REQUEST ANY (VOTE Agent[10])
6,talk,11,1,11,Skip
6,talk,12,1,6,Skip
6,talk,13,1,10,Skip
6,talk,14,1,1,Skip
6,talk,15,1,7,Skip
6,talk,16,2,7,Skip
6,talk,17,2,10,Skip
6,talk,18,2,11,Skip
6,talk,19,2,5,Skip
6,talk,20,2,6,Skip
6,talk,21,2,1,Skip
6,talk,22,2,15,Skip
6,talk,23,2,12,Skip
6,talk,24,3,5,Skip
6,talk,25,3,7,Over
6,talk,26,3,15,Over
6,talk,27,3,1,Over
6,talk,28,3,12,Skip
6,talk,29,3,11,Over
6,talk,30,3,10,Over
6,talk,31,3,6,Over
6,talk,32,4,6,Over
6,talk,33,4,1,Over
6,talk,34,4,5,Over
6,talk,35,4,10,Over
6,talk,36,4,12,Over
6,talk,37,4,11,Over
6,talk,38,4,7,VOTE Agent[01]
6,talk,39,4,15,Over
6,talk,40,5,12,Over
6,talk,41,5,7,VOTE Agent[15]
6,talk,42,5,10,Over
6,talk,43,5,5,Over
6,talk,44,5,11,Over
6,talk,45,5,6,Over
6,talk,46,5,15,Over
6,talk,47,5,1,Over
6,talk,48,6,11,Over
6,talk,49,6,6,Over
6,talk,50,6,15,Over
6,talk,51,6,10,Over
6,talk,52,6,12,Over
6,talk,53,6,5,Over
6,talk,54,6,1,Over
6,talk,55,6,7,Skip
6,talk,56,7,12,Over
6,talk,57,7,10,Over
6,talk,58,7,1,Over
6,talk,59,7,7,VOTE Agent[01]
6,talk,60,7,6,Over
6,talk,61,7,11,Over
6,talk,62,7,5,Over
6,talk,63,7,15,Over
6,talk,64,8,12,Over
6,talk,65,8,1,Over
6,talk,66,8,10,Over
6,talk,67,8,11,Over
6,talk,68,8,5,Over
6,talk,69,8,6,Over
6,talk,70,8,7,Skip
6,talk,71,8,15,Over
6,talk,72,9,7,VOTE Agent[15]
6,talk,73,9,12,Over
6,talk,74,9,15,Over
6,talk,75,9,1,Over
6,talk,76,9,11,Over
6,talk,77,9,6,Over
6,talk,78,9,5,Over
6,talk,79,9,10,Over
6,talk,80,10,12,Over
6,talk,81,10,11,Over
6,talk,82,10,15,Over
6,talk,83,10,1,Over
6,talk,84,10,10,Over
6,talk,85,10,6,Over
6,talk,86,10,5,Over
6,talk,87,10,7,Skip
6,talk,88,11,15,Over
6,talk,89,11,5,Over
6,talk,90,11,12,Over
6,talk,91,11,11,Over
6,talk,92,11,6,Over
6,talk,93,11,10,Over
6,talk,94,11,7,Skip
6,talk,95,11,1,Over
6,talk,96,12,11,Over
6,talk,97,12,6,Over
6,talk,98,12,12,Over
6,talk,99,12,1,Over
6,talk,100,12,5,Over
6,talk,101,12,10,Over
6,talk,102,12,15,Over
6,talk,103,12,7,Over
6,vote,1,15
6,vote,5,1
6,vote,6,11
6,vote,7,15
6,vote,10,11
6,vote,11,10
6,vote,12,15
6,vote,15,1
6,execute,15,VILLAGER
6,guard,10,1,VILLAGER
6,attackVote,6,1
6,attack,1,false
7,status,1,VILLAGER,ALIVE,Tomato14
7,status,2,WEREWOLF,DEAD,OKAMI
7,status,3,VILLAGER,DEAD,HALU
7,status,4,VILLAGER,DEAD,Takeda12
7,status,5,VILLAGER,ALIVE,SampleJava2
7,status,6,WEREWOLF,ALIVE,Takeda6
7,status,7,VILLAGER,ALIVE,Tomato5
7,status,8,VILLAGER,DEAD,Takeda4
7,status,9,SEER,DEAD,sample_py
7,status,10,BODYGUARD,ALIVE,Takeda11
7,status,11,VILLAGER,ALIVE,Takeda7
7,status,12,MEDIUM,ALIVE,sample_py
7,status,13,WEREWOLF,DEAD,OKAMI
7,status,14,POSSESSED,DEAD,sample_py
7,status,15,VILLAGER,DEAD,Tomato9
7,talk,0,0,1,VOTE Agent[12]
7,talk,1,0,5,VOTE Agent[11]
7,talk,2,0,10,VOTE Agent[11]
7,talk,3,0,7,VOTE Agent[01]
7,talk,4,0,6,VOTE Agent[11]
7,talk,5,0,11,VOTE Agent[10]
7,talk,6,0,12,IDENTIFIED Agent[15] HUMAN
7,talk,7,1,6,Skip
7,talk,8,1,10,Skip
7,talk,9,1,7,Skip
7,talk,10,1,5,REQUEST ANY (VOTE Agent[11])
7,talk,11,1,12,VOTE Agent[11]
7,talk,12,1,1,Skip
7,talk,13,1,11,VOTE Agent[10]
7,talk,14,2,7,Skip
7,talk,15,2,12,Skip
7,talk,16,2,1,Skip
7,talk,17,2,10,Skip
7,talk,18,2,6,Skip
7,talk,19,2,11,VOTE Agent[10]
7,talk,20,2,5,Skip
7,talk,21,3,7,Over
7,talk,22,3,5,Skip
7,talk,23,3,12,Skip
7,talk,24,3,6,Over
7,talk,25,3,10,Over
7,talk,26,3,11,VOTE Agent[07]
7,talk,27,3,1,Over
7,talk,28,4,7,Over
7,talk,29,4,5,Over
7,talk,30,4,1,Over
7,talk,31,4,11,VOTE Agent[07]
7,talk,32,4,10,Over
7,talk,33,4,6,Over
7,talk,34,4,12,Over
7,talk,35,5,7,Over
7,talk,36,5,10,Over
7,talk,37,5,1,Over
7,talk,38,5,6,Over
7,talk,39,5,5,Over
7,talk,40,5,12,Over
7,talk,41,5,11,VOTE Agent[07]
7,talk,42,6,12,Over
7,talk,43,6,1,Over
7,talk,44,6,11,VOTE Agent[07]
7,talk,45,6,5,Over
7,talk,46,6,10,Over
7,talk,47,6,6,Over
7,talk,48,6,7,Over
7,talk,49,7,11,VOTE Agent[07]
7,talk,50,7,12,Over
7,talk,51,7,5,Over
7,talk,52,7,6,Over
7,talk,53,7,10,Over
7,talk,54,7,1,Over
7,talk,55,7,7,Over
7,talk,56,8,10,Over
7,talk,57,8,5,Over
7,talk,58,8,11,VOTE Agent[07]
7,talk,59,8,7,Over
7,talk,60,8,12,Over
7,talk,61,8,6,Over
7,talk,62,8,1,Over
7,talk,63,9,10,Over
7,talk,64,9,6,Over
7,talk,65,9,11,VOTE Agent[07]
7,talk,66,9,5,Over
7,talk,67,9,1,Over
7,talk,68,9,12,Over
7,talk,69,9,7,Over
7,talk,70,10,7,Over
7,talk,71,10,12,Over
7,talk,72,10,5,Over
7,talk,73,10,10,Over
7,talk,74,10,1,Over
7,talk,75,10,11,Over
7,talk,76,10,6,Over
7,vote,1,12
7,vote,5,6
7,vote,6,11
7,vote,7,1
7,vote,10,11
7,vote,11,7
7,vote,12,11
7,execute,11,VILLAGER
7,guard,10,1,VILLAGER
7,attackVote,6,1
7,attack,1,false
8,status,1,VILLAGER,ALIVE,Tomato14
8,status,2,WEREWOLF,DEAD,OKAMI
8,status,3,VILLAGER,DEAD,HALU
8,status,4,VILLAGER,DEAD,Takeda12
8,status,5,VILLAGER,ALIVE,SampleJava2
8,status,6,WEREWOLF,ALIVE,Takeda6
8,status,7,VILLAGER,ALIVE,Tomato5
8,status,8,VILLAGER,DEAD,Takeda4
8,status,9,SEER,DEAD,sample_py
8,status,10,BODYGUARD,ALIVE,Takeda11
8,status,11,VILLAGER,DEAD,Takeda7
8,status,12,MEDIUM,ALIVE,sample_py
8,status,13,WEREWOLF,DEAD,OKAMI
8,status,14,POSSESSED,DEAD,sample_py
8,status,15,VILLAGER,DEAD,Tomato9
8,talk,0,0,1,VOTE Agent[12]
8,talk,1,0,10,VOTE Agent[07]
8,talk,2,0,7,VOTE Agent[01]
8,talk,3,0,6,VOTE Agent[07]
8,talk,4,0,5,VOTE Agent[07]
8,talk,5,0,12,IDENTIFIED Agent[11] HUMAN
8,talk,6,1,7,Skip
8,talk,7,1,12,VOTE Agent[05]
8,talk,8,1,10,Skip
8,talk,9,1,6,Skip
8,talk,10,1,5,REQUEST ANY (VOTE Agent[07])
8,talk,11,1,1,Skip
8,talk,12,2,10,Skip
8,talk,13,2,7,Skip
8,talk,14,2,5,Skip
8,talk,15,2,1,Skip
8,talk,16,2,6,Skip
8,talk,17,2,12,Skip
8,talk,18,3,5,Skip
8,talk,19,3,12,Skip
8,talk,20,3,1,Over
8,talk,21,3,7,Over
8,talk,22,3,10,Over
8,talk,23,3,6,Over
8,talk,24,4,5,Over
8,talk,25,4,10,Over
8,talk,26,4,1,Over
8,talk,27,4,6,Over
8,talk,28,4,7,Over
8,talk,29,4,12,Over
8,vote,1,12
8,vote,5,6
8,vote,6,7
8,vote,7,1
8,vote,10,7
8,vote,12,5
8,execute,7,VILLAGER
8,guard,10,1,VILLAGER
8,attackVote,6,1
8,attack,1,false
9,status,1,VILLAGER,ALIVE,Tomato14
9,status,2,WEREWOLF,DEAD,OKAMI
9,status,3,VILLAGER,DEAD,HALU
9,status,4,VILLAGER,DEAD,Takeda12
9,status,5,VILLAGER,ALIVE,SampleJava2
9,status,6,WEREWOLF,ALIVE,Takeda6
9,status,7,VILLAGER,DEAD,Tomato5
9,status,8,VILLAGER,DEAD,Takeda4
9,status,9,SEER,DEAD,sample_py
9,status,10,BODYGUARD,ALIVE,Takeda11
9,status,11,VILLAGER,DEAD,Takeda7
9,status,12,MEDIUM,ALIVE,sample_py
9,status,13,WEREWOLF,DEAD,OKAMI
9,status,14,POSSESSED,DEAD,sample_py
9,status,15,VILLAGER,DEAD,Tomato9
9,talk,0,0,5,VOTE Agent[01]
9,talk,1,0,10,VOTE Agent[06]
9,talk,2,0,1,VOTE Agent[12]
9,talk,3,0,12,IDENTIFIED Agent[07] HUMAN
9,talk,4,0,6,VOTE Agent[10]
9,talk,5,1,10,Skip
9,talk,6,1,5,REQUEST ANY (VOTE Agent[01])
9,talk,7,1,6,Skip
9,talk,8,1,12,VOTE Agent[01]
9,talk,9,1,1,Skip
9,talk,10,2,10,Skip
9,talk,11,2,6,Skip
9,talk,12,2,5,Skip
9,talk,13,2,12,Skip
9,talk,14,2,1,Skip
9,talk,15,3,6,Over
9,talk,16,3,1,Over
9,talk,17,3,10,Over
9,talk,18,3,5,Skip
9,talk,19,3,12,Skip
9,talk,20,4,12,Over
9,talk,21,4,6,Over
9,talk,22,4,10,Over
9,talk,23,4,5,Over
9,talk,24,4,1,Over
9,vote,1,12
9,vote,5,10
9,vote,6,10
9,vote,10,6
9,vote,12,1
9,execute,10,BODYGUARD
9,attackVote,6,1
9,attack,1,true
10,status,1,VILLAGER,DEAD,Tomato14
10,status,2,WEREWOLF,DEAD,OKAMI
10,status,3,VILLAGER,DEAD,HALU
10,status,4,VILLAGER,DEAD,Takeda12
10,status,5,VILLAGER,ALIVE,SampleJava2
10,status,6,WEREWOLF,ALIVE,Takeda6
10,status,7,VILLAGER,DEAD,Tomato5
10,status,8,VILLAGER,DEAD,Takeda4
10,status,9,SEER,DEAD,sample_py
10,status,10,BODYGUARD,DEAD,Takeda11
10,status,11,VILLAGER,DEAD,Takeda7
10,status,12,MEDIUM,ALIVE,sample_py
10,status,13,WEREWOLF,DEAD,OKAMI
10,status,14,POSSESSED,DEAD,sample_py
10,status,15,VILLAGER,DEAD,Tomato9
10,talk,0,0,6,VOTE Agent[05]
10,talk,1,0,5,VOTE Agent[12]
10,talk,2,0,12,IDENTIFIED Agent[10] HUMAN
10,talk,3,1,12,VOTE Agent[06]
10,talk,4,1,6,Skip
10,talk,5,1,5,REQUEST ANY (VOTE Agent[12])
10,talk,6,2,5,Skip
10,talk,7,2,12,Skip
10,talk,8,2,6,Skip
10,talk,9,3,12,Skip
10,talk,10,3,5,Skip
10,talk,11,3,6,Over
10,talk,12,4,12,Over
10,talk,13,4,5,Over
10,talk,14,4,6,Over
10,vote,5,6
10,vote,6,5
10,vote,12,6
10,execute,6,WEREWOLF
11,status,1,VILLAGER,DEAD,Tomato14
11,status,2,WEREWOLF,DEAD,OKAMI
11,status,3,VILLAGER,DEAD,HALU
11,status,4,VILLAGER,DEAD,Takeda12
11,status,5,VILLAGER,ALIVE,SampleJava2
11,status,6,WEREWOLF,DEAD,Takeda6
11,status,7,VILLAGER,DEAD,Tomato5
11,status,8,VILLAGER,DEAD,Takeda4
11,status,9,SEER,DEAD,sample_py
11,status,10,BODYGUARD,DEAD,Takeda11
11,status,11,VILLAGER,DEAD,Takeda7
11,status,12,MEDIUM,ALIVE,sample_py
11,status,13,WEREWOLF,DEAD,OKAMI
11,status,14,POSSESSED,DEAD,sample_py
11,status,15,VILLAGER,DEAD,Tomato9
11,result,2,0,VILLAGER
