0,status,1,VILLAGER,ALIVE,Tomato14
0,status,2,VILLAGER,ALIVE,OKAMI
0,status,3,POSSESSED,ALIVE,HALU
0,status,4,WEREWOLF,ALIVE,Takeda12
0,status,5,VILLAGER,ALIVE,SampleJava2
0,status,6,SEER,ALIVE,Takeda6
0,status,7,VILLAGER,ALIVE,Tomato5
0,status,8,BODYGUARD,ALIVE,Takeda4
0,status,9,WEREWOLF,ALIVE,sample_py
0,status,10,VILLAGER,ALIVE,Takeda11
0,status,11,MEDIUM,ALIVE,Takeda7
0,status,12,VILLAGER,ALIVE,sample_py
0,status,13,VILLAGER,ALIVE,OKAMI
0,status,14,VILLAGER,ALIVE,sample_py
0,status,15,WEREWOLF,ALIVE,Tomato9
0,whisper,0,0,9,COMINGOUT Agent[09] SEER
0,whisper,1,0,15,COMINGOUT Agent[15] VILLAGER
0,whisper,2,0,4,Skip
0,whisper,3,1,9,COMINGOUT Agent[09] SEER
0,whisper,4,1,4,Skip
0,whisper,5,1,15,Skip
0,whisper,6,2,9,COMINGOUT Agent[09] SEER
0,whisper,7,2,15,Skip
0,whisper,8,2,4,Over
0,whisper,9,3,4,Over
0,whisper,10,3,9,COMINGOUT Agent[09] SEER
0,whisper,11,3,15,Over
0,whisper,12,4,4,Over
0,whisper,13,4,9,COMINGOUT Agent[09] SEER
0,whisper,14,4,15,Over
0,whisper,15,5,9,COMINGOUT Agent[09] SEER
0,whisper,16,5,4,Over
0,whisper,17,5,15,Over
0,whisper,18,6,9,COMINGOUT Agent[09] SEER
0,whisper,19,6,4,Over
0,whisper,20,6,15,Over
0,whisper,21,7,9,COMINGOUT Agent[09] SEER
0,whisper,22,7,15,Over
0,whisper,23,7,4,Over
0,whisper,24,8,15,Over
0,whisper,25,8,9,COMINGOUT Agent[09] SEER
0,whisper,26,8,4,Over
0,whisper,27,9,15,Over
0,whisper,28,9,4,Over
0,whisper,29,9,9,COMINGOUT Agent[09] SEER
0,whisper,30,10,15,Over
0,whisper,31,10,4,Over
0,whisper,32,10,9,Over
0,divine,6,7,HUMAN
1,status,1,VILLAGER,ALIVE,Tomato14
1,status,2,VILLAGER,ALIVE,OKAMI
1,status,3,POSSESSED,ALIVE,HALU
1,status,4,WEREWOLF,ALIVE,Takeda12
1,status,5,VILLAGER,ALIVE,SampleJava2
1,status,6,SEER,ALIVE,Takeda6
1,status,7,VILLAGER,ALIVE,Tomato5
1,status,8,BODYGUARD,ALIVE,Takeda4
1,status,9,WEREWOLF,ALIVE,sample_py
1,status,10,VILLAGER,ALIVE,Takeda11
1,status,11,MEDIUM,ALIVE,Takeda7
1,status,12,VILLAGER,ALIVE,sample_py
1,status,13,VILLAGER,ALIVE,OKAMI
1,status,14,VILLAGER,ALIVE,sample_py
1,status,15,WEREWOLF,ALIVE,Tomato9
1,talk,0,0,4,VOTE Agent[12]
1,talk,1,0,3,COMINGOUT Agent[03] SEER
1,talk,2,0,14,VOTE Agent[09]
1,talk,3,0,2,VOTE Agent[09]
1,talk,4,0,10,VOTE Agent[09]
1,talk,5,0,11,COMINGOUT Agent[11] MEDIUM
1,talk,6,0,5,VOTE Agent[01]
1,talk,7,0,6,COMINGOUT Agent[06] SEER
1,talk,8,0,1,VOTE Agent[09]
1,talk,9,0,12,VOTE Agent[11]
1,talk,10,0,9,VOTE Agent[06]
1,talk,11,0,13,VOTE Agent[06]
1,talk,12,0,15,VOTE Agent[09]
1,talk,13,0,8,VOTE Agent[06]
1,talk,14,0,7,VOTE Agent[09]
1,talk,15,1,1,Skip
1,talk,16,1,10,VOTE Agent[12]
1,talk,17,1,4,VOTE Agent[05]
1,talk,18,1,3,DIVINED Agent[10] WEREWOLF
1,talk,19,1,15,Skip
1,talk,20,1,6,DIVINED Agent[07] HUMAN
1,talk,21,1,2,COMINGOUT Agent[02] VILLAGER
1,talk,22,1,11,VOTE Agent[09]
1,talk,23,1,5,REQUEST ANY (VOTE Agent[01])
1,talk,24,1,14,VOTE Agent[10]
1,talk,25,1,13,COMINGOUT Agent[13] VILLAGER
1,talk,26,1,9,Skip
1,talk,27,1,12,VOTE Agent[10]
1,talk,28,1,7,Skip
1,talk,29,1,8,VOTE Agent[02]
1,talk,30,2,10,VOTE Agent[08]
1,talk,31,2,13,VOTE Agent[02]
1,talk,32,2,8,VOTE Agent[10]
1,talk,33,2,14,Skip
1,talk,34,2,9,Skip
1,talk,35,2,15,Skip
1,talk,36,2,12,Skip
1,talk,37,2,4,VOTE Agent[10]
1,talk,38,2,1,Skip
1,talk,39,2,5,Skip
1,talk,40,2,3,VOTE Agent[10]
1,talk,41,2,11,VOTE Agent[12]
1,talk,42,2,6,VOTE Agent[10]
1,talk,43,2,7,VOTE Agent[10]
1,talk,44,2,2,VOTE Agent[13]
1,talk,45,3,7,Skip
1,talk,46,3,3,VOTE Agent[11]
1,talk,47,3,14,Skip
1,talk,48,3,10,Skip
1,talk,49,3,15,VOTE Agent[10]
1,talk,50,3,8,VOTE Agent[05]
1,talk,51,3,13,VOTE Agent[02]
1,talk,52,3,11,Skip
1,talk,53,3,2,VOTE Agent[13]
1,talk,54,3,1,VOTE Agent[10]
1,talk,55,3,5,Skip
1,talk,56,3,9,Over
1,talk,57,3,6,VOTE Agent[08]
1,talk,58,3,4,VOTE Agent[12]
1,talk,59,3,12,Skip
1,talk,60,4,15,Skip
1,talk,61,4,6,VOTE Agent[08]
1,talk,62,4,8,VOTE Agent[10]
1,talk,63,4,4,Skip
1,talk,64,4,13,VOTE Agent[02]
1,talk,65,4,1,Skip
1,talk,66,4,10,Skip
1,talk,67,4,5,Over
1,talk,68,4,9,Over
1,talk,69,4,7,Skip
1,talk,70,4,12,Over
1,talk,71,4,14,Over
1,talk,72,4,3,VOTE Agent[10]
1,talk,73,4,11,Skip
1,talk,74,4,2,VOTE Agent[13]
1,talk,75,5,4,Skip
1,talk,76,5,7,Over
1,talk,77,5,11,Over
1,talk,78,5,14,Over
1,talk,79,5,15,Skip
1,talk,80,5,2,VOTE Agent[13]
1,talk,81,5,6,VOTE Agent[08]
1,talk,82,5,12,Over
1,talk,83,5,3,VOTE Agent[10]
1,talk,84,5,9,Over
1,talk,85,5,13,VOTE Agent[02]
1,talk,86,5,1,Skip
1,talk,87,5,10,Over
1,talk,88,5,8,Skip
1,talk,89,5,5,Over
1,talk,90,6,4,Over
1,talk,91,6,14,Over
1,talk,92,6,9,Over
1,talk,93,6,3,VOTE Agent[10]
1,talk,94,6,11,Over
1,talk,95,6,6,VOTE Agent[08]
1,talk,96,6,12,Over
1,talk,97,6,1,Over
1,talk,98,6,10,Over
1,talk,99,6,13,VOTE Agent[02]
1,talk,100,6,15,Over
1,talk,101,6,5,Over
1,talk,102,6,2,VOTE Agent[13]
1,talk,103,6,7,Over
1,talk,104,6,8,Skip
1,talk,105,7,11,VOTE Agent[10]
1,talk,106,7,6,VOTE Agent[08]
1,talk,107,7,10,VOTE Agent[08]
1,talk,108,7,4,VOTE Agent[10]
1,talk,109,7,9,Over
1,talk,110,7,5,Over
1,talk,111,7,1,Over
1,talk,112,7,15,Over
1,talk,113,7,8,Over
1,talk,114,7,7,Over
1,talk,115,7,2,VOTE Agent[13]
1,talk,116,7,13,VOTE Agent[02]
1,talk,117,7,3,VOTE Agent[10]
1,talk,118,7,12,Over
1,talk,119,7,14,Over
1,talk,120,8,2,VOTE Agent[13]
1,talk,121,8,8,Over
1,talk,122,8,9,Over
1,talk,123,8,15,Over
1,talk,124,8,6,VOTE Agent[08]
1,talk,125,8,10,VOTE Agent[08]
1,talk,126,8,5,Over
1,talk,127,8,1,Over
1,talk,128,8,4,Skip
1,talk,129,8,12,Over
1,talk,130,8,7,Over
1,talk,131,8,13,VOTE Agent[02]
1,talk,132,8,14,Over
1,talk,133,8,3,VOTE Agent[10]
1,talk,134,8,11,VOTE Agent[12]
1,talk,135,9,14,Over
1,talk,136,9,2,Over
1,talk,137,9,13,Over
1,talk,138,9,15,Over
1,talk,139,9,3,Over
1,talk,140,9,8,Over
1,talk,141,9,4,Skip
1,talk,142,9,9,Over
1,talk,143,9,1,Over
1,talk,144,9,6,VOTE Agent[08]
1,talk,145,9,11,Skip
1,talk,146,9,10,VOTE Agent[08]
1,talk,147,9,7,Over
1,talk,148,9,5,Over
1,talk,149,9,12,Over
1,talk,150,10,7,Over
1,talk,151,10,2,Over
1,talk,152,10,12,Over
1,talk,153,10,8,VOTE Agent[12]
1,talk,154,10,4,Over
1,talk,155,10,3,Over
1,talk,156,10,15,Over
1,talk,157,10,13,Over
1,talk,158,10,11,VOTE Agent[10]
1,talk,159,10,5,Over
1,talk,160,10,1,Over
1,talk,161,10,14,Over
1,talk,162,10,9,Over
1,talk,163,10,10,VOTE Agent[08]
1,talk,164,10,6,Over
1,talk,165,11,6,Over
1,talk,166,11,5,Over
1,talk,167,11,11,Skip
1,talk,168,11,9,Over
1,talk,169,11,14,Over
1,talk,170,11,2,Over
1,talk,171,11,1,Over
1,talk,172,11,4,Over
1,talk,173,11,13,Over
1,talk,174,11,15,Over
1,talk,175,11,12,Over
1,talk,176,11,3,Over
1,talk,177,11,8,Skip
1,talk,178,11,7,Over
1,talk,179,11,10,VOTE Agent[08]
1,talk,180,12,3,Over
1,talk,181,12,6,Over
1,talk,182,12,11,Skip
1,talk,183,12,14,Over
1,talk,184,12,15,Over
1,talk,185,12,7,Over
1,talk,186,12,12,Over
1,talk,187,12,13,Over
1,talk,188,12,1,Over
1,talk,189,12,8,Skip
1,talk,190,12,5,Over
1,talk,191,12,2,Over
1,talk,192,12,10,VOTE Agent[08]
1,talk,193,12,4,Over
1,talk,194,12,9,Over
1,talk,195,13,5,Over
1,talk,196,13,12,Over
1,talk,197,13,4,Over
1,talk,198,13,15,Over
1,talk,199,13,1,Over
1,talk,200,13,9,Over
1,talk,201,13,3,Over
1,talk,202,13,2,Over
1,talk,203,13,13,Over
1,talk,204,13,6,Over
1,talk,205,13,11,Over
1,talk,206,13,8,Over
1,talk,207,13,7,Over
1,talk,208,13,14,Over
1,talk,209,13,10,VOTE Agent[08]
1,talk,210,14,3,Over
1,talk,211,14,14,Over
1,talk,212,14,1,Over
1,talk,213,14,11,Over
1,talk,214,14,9,Over
1,talk,215,14,10,Over
1,talk,216,14,5,Over
1,talk,217,14,8,Over
1,talk,218,14,6,Over
1,talk,219,14,2,Over
1,talk,220,14,15,Over
1,talk,221,14,7,Over
1,talk,222,14,12,Over
1,talk,223,14,13,Over
1,talk,224,14,4,Over
1,vote,1,10
1,vote,2,13
1,vote,3,10
1,vote,4,10
1,vote,5,13
1,vote,6,8
1,vote,7,10
1,vote,8,10
1,vote,9,6
1,vote,10,8
1,vote,11,10
1,vote,12,10
1,vote,13,2
1,vote,14,10
1,vote,15,10
1,execute,10,VILLAGER
1,divine,6,8,HUMAN
1,whisper,0,0,15,ATTACK Agent[03]
1,whisper,1,0,4,Skip
1,whisper,2,0,9,ATTACK Agent[03]
1,whisper,3,1,9,Skip
1,whisper,4,1,15,Skip
1,whisper,5,1,4,Skip
1,whisper,6,2,15,Skip
1,whisper,7,2,9,Skip
1,whisper,8,2,4,Over
1,whisper,9,3,9,Over
1,whisper,10,3,15,Over
1,whisper,11,3,4,Over
1,guard,8,3,POSSESSED
1,attackVote,4,8
1,attackVote,9,3
1,attackVote,15,3
1,attack,3,false
2,status,1,VILLAGER,ALIVE,Tomato14
2,status,2,VILLAGER,ALIVE,OKAMI
2,status,3,POSSESSED,ALIVE,HALU
2,status,4,WEREWOLF,ALIVE,Takeda12
2,status,5,VILLAGER,ALIVE,SampleJava2
2,status,6,SEER,ALIVE,Takeda6
2,status,7,VILLAGER,ALIVE,Tomato5
2,status,8,BODYGUARD,ALIVE,Takeda4
2,status,9,WEREWOLF,ALIVE,sample_py
2,status,10,VILLAGER,DEAD,Takeda11
2,status,11,MEDIUM,ALIVE,Takeda7
2,status,12,VILLAGER,ALIVE,sample_py
2,status,13,VILLAGER,ALIVE,OKAMI
2,status,14,VILLAGER,ALIVE,sample_py
2,status,15,WEREWOLF,ALIVE,Tomato9
2,talk,0,0,2,VOTE Agent[13]
2,talk,1,0,13,VOTE Agent[02]
2,talk,2,0,14,VOTE Agent[11]
2,talk,3,0,9,COMINGOUT Agent[09] SEER
2,talk,4,0,15,VOTE Agent[11]
2,talk,5,0,7,VOTE Agent[11]
2,talk,6,0,5,VOTE Agent[07]
2,talk,7,0,4,VOTE Agent[08]
2,talk,8,0,8,VOTE Agent[12]
2,talk,9,0,1,VOTE Agent[11]
2,talk,10,0,6,DIVINED Agent[08] HUMAN
2,talk,11,0,11,IDENTIFIED Agent[10] HUMAN
2,talk,12,0,3,DIVINED Agent[08] WEREWOLF
2,talk,13,0,12,VOTE Agent[08]
2,talk,14,1,15,Skip
2,talk,15,1,11,VOTE Agent[09]
2,talk,16,1,12,Skip
2,talk,17,1,5,REQUEST ANY (VOTE Agent[07])
2,talk,18,1,8,VOTE Agent[09]
2,talk,19,1,3,VOTE Agent[08]
2,talk,20,1,6,VOTE Agent[09]
2,talk,21,1,7,Skip
2,talk,22,1,9,DIVINED Agent[11] HUMAN
2,talk,23,1,4,Skip
2,talk,24,1,1,Skip
2,talk,25,1,14,VOTE Agent[08]
2,talk,26,1,2,COMINGOUT Agent[02] VILLAGER
2,talk,27,1,13,COMINGOUT Agent[13] VILLAGER
2,talk,28,2,13,VOTE Agent[09]
2,talk,29,2,3,VOTE Agent[08]
2,talk,30,2,8,Skip
2,talk,31,2,11,Skip
2,talk,32,2,2,VOTE Agent[09]
2,talk,33,2,1,VOTE Agent[09]
2,talk,34,2,12,Skip
2,talk,35,2,14,Skip
2,talk,36,2,15,VOTE Agent[09]
2,talk,37,2,6,VOTE Agent[09]
2,talk,38,2,5,Skip
2,talk,39,2,7,VOTE Agent[09]
2,talk,40,2,4,VOTE Agent[09]
2,talk,41,2,9,DIVINED Agent[07] WEREWOLF
2,talk,42,3,8,Skip
2,talk,43,3,1,Skip
2,talk,44,3,15,Skip
2,talk,45,3,7,Skip
2,talk,46,3,4,Skip
2,talk,47,3,13,VOTE Agent[09]
2,talk,48,3,9,VOTE Agent[07]
2,talk,49,3,6,VOTE Agent[09]
2,talk,50,3,2,VOTE Agent[09]
2,talk,51,3,11,Skip
2,talk,52,3,12,Over
2,talk,53,3,3,VOTE Agent[08]
2,talk,54,3,5,Skip
2,talk,55,3,14,Skip
2,talk,56,4,14,Over
2,talk,57,4,13,VOTE Agent[09]
2,talk,58,4,5,Over
2,talk,59,4,15,Skip
2,talk,60,4,11,Over
2,talk,61,4,4,Skip
2,talk,62,4,9,Skip
2,talk,63,4,6,VOTE Agent[09]
2,talk,64,4,1,Skip
2,talk,65,4,12,Over
2,talk,66,4,7,Skip
2,talk,67,4,8,Over
2,talk,68,4,2,VOTE Agent[09]
2,talk,69,4,3,VOTE Agent[08]
2,talk,70,5,11,Over
2,talk,71,5,12,Over
2,talk,72,5,8,Over
2,talk,73,5,2,VOTE Agent[09]
2,talk,74,5,4,Over
2,talk,75,5,6,VOTE Agent[09]
2,talk,76,5,15,Over
2,talk,77,5,5,Over
2,talk,78,5,1,Over
2,talk,79,5,7,Over
2,talk,80,5,3,VOTE Agent[09]
2,talk,81,5,9,Skip
2,talk,82,5,13,VOTE Agent[09]
2,talk,83,5,14,Over
2,talk,84,6,7,Over
2,talk,85,6,14,Over
2,talk,86,6,9,Over
2,talk,87,6,13,VOTE Agent[09]
2,talk,88,6,5,Over
2,talk,89,6,6,VOTE Agent[09]
2,talk,90,6,12,Over
2,talk,91,6,3,VOTE Agent[09]
2,talk,92,6,2,VOTE Agent[09]
2,talk,93,6,11,Over
2,talk,94,6,1,Over
2,talk,95,6,8,Over
2,talk,96,6,4,Over
2,talk,97,6,15,Over
2,talk,98,7,1,Over
2,talk,99,7,15,Over
2,talk,100,7,8,Over
2,talk,101,7,7,Over
2,talk,102,7,6,VOTE Agent[09]
2,talk,103,7,3,VOTE Agent[09]
2,talk,104,7,11,Over
2,talk,105,7,2,VOTE Agent[09]
2,talk,106,7,12,Over
2,talk,107,7,13,VOTE Agent[09]
2,talk,108,7,5,Over
2,talk,109,7,9,Over
2,talk,110,7,14,Over
2,talk,111,7,4,Over
2,talk,112,8,11,Over
2,talk,113,8,1,Over
2,talk,114,8,14,Over
2,talk,115,8,15,Over
2,talk,116,8,8,Over
2,talk,117,8,4,Over
2,talk,118,8,7,Over
2,talk,119,8,12,Over
2,talk,120,8,13,VOTE Agent[09]
2,talk,121,8,5,Over
2,talk,122,8,3,VOTE Agent[08]
2,talk,123,8,9,Over
2,talk,124,8,2,VOTE Agent[09]
2,talk,125,8,6,VOTE Agent[09]
2,talk,126,9,1,Over
2,talk,127,9,3,Over
2,talk,128,9,2,Over
2,talk,129,9,5,Over
2,talk,130,9,14,Over
2,talk,131,9,8,Over
2,talk,132,9,6,VOTE Agent[09]
2,talk,133,9,13,Over
2,talk,134,9,9,Over
2,talk,135,9,15,Over
2,talk,136,9,12,Over
2,talk,137,9,7,Over
2,talk,138,9,11,Over
2,talk,139,9,4,Over
2,talk,140,10,13,Over
2,talk,141,10,5,Over
2,talk,142,10,7,Over
2,talk,143,10,12,Over
2,talk,144,10,8,Over
2,talk,145,10,15,Over
2,talk,146,10,2,Over
2,talk,147,10,9,Over
2,talk,148,10,4,Over
2,talk,149,10,3,Over
2,talk,150,10,6,Over
2,talk,151,10,11,Over
2,talk,152,10,1,Over
2,talk,153,10,14,Over
2,vote,1,9
2,vote,2,9
2,vote,3,9
2,vote,4,9
2,vote,5,1
2,vote,6,9
2,vote,7,9
2,vote,8,9
2,vote,9,7
2,vote,11,9
2,vote,12,8
2,vote,13,9
2,vote,14,8
2,vote,15,9
2,execute,9,WEREWOLF
2,divine,6,4,WEREWOLF
2,whisper,0,0,4,Skip
2,whisper,1,0,15,ATTACK Agent[11]
2,whisper,2,1,15,Skip
2,whisper,3,1,4,Skip
2,whisper,4,2,4,Over
2,whisper,5,2,15,Skip
2,whisper,6,3,15,Over
2,whisper,7,3,4,Over
2,guard,8,3,POSSESSED
2,attackVote,4,8
2,attackVote,15,11
2,attackVote,4,8
2,attackVote,15,11
2,attack,11,true
3,status,1,VILLAGER,ALIVE,Tomato14
3,status,2,VILLAGER,ALIVE,OKAMI
3,status,3,POSSESSED,ALIVE,HALU
3,status,4,WEREWOLF,ALIVE,Takeda12
3,status,5,VILLAGER,ALIVE,SampleJava2
3,status,6,SEER,ALIVE,Takeda6
3,status,7,VILLAGER,ALIVE,Tomato5
3,status,8,BODYGUARD,ALIVE,Takeda4
3,status,9,WEREWOLF,DEAD,sample_py
3,status,10,VILLAGER,DEAD,Takeda11
3,status,11,MEDIUM,DEAD,Takeda7
3,status,12,VILLAGER,ALIVE,sample_py
3,status,13,VILLAGER,ALIVE,OKAMI
3,status,14,VILLAGER,ALIVE,sample_py
3,status,15,WEREWOLF,ALIVE,Tomato9
3,talk,0,0,1,VOTE Agent[15]
3,talk,1,0,6,DIVINED Agent[04] WEREWOLF
3,talk,2,0,13,VOTE Agent[06]
3,talk,3,0,7,VOTE Agent[15]
3,talk,4,0,12,VOTE Agent[08]
3,talk,5,0,2,VOTE Agent[06]
3,talk,6,0,4,VOTE Agent[07]
3,talk,7,0,14,VOTE Agent[04]
3,talk,8,0,15,VOTE Agent[06]
3,talk,9,0,5,VOTE Agent[12]
3,talk,10,0,3,DIVINED Agent[04] HUMAN
3,talk,11,0,8,VOTE Agent[04]
3,talk,12,1,4,VOTE Agent[08]
3,talk,13,1,15,Skip
3,talk,14,1,13,COMINGOUT Agent[13] VILLAGER
3,talk,15,1,8,VOTE Agent[07]
3,talk,16,1,5,REQUEST ANY (VOTE Agent[12])
3,talk,17,1,7,Skip
3,talk,18,1,6,VOTE Agent[04]
3,talk,19,1,2,COMINGOUT Agent[02] VILLAGER
3,talk,20,1,14,Skip
3,talk,21,1,12,Skip
3,talk,22,1,1,Skip
3,talk,23,1,3,VOTE Agent[06]
3,talk,24,2,8,VOTE Agent[14]
3,talk,25,2,15,Skip
3,talk,26,2,12,Skip
3,talk,27,2,13,VOTE Agent[06]
3,talk,28,2,6,VOTE Agent[04]
3,talk,29,2,5,Skip
3,talk,30,2,2,VOTE Agent[06]
3,talk,31,2,4,Skip
3,talk,32,2,3,VOTE Agent[08]
3,talk,33,2,14,Skip
3,talk,34,2,7,Skip
3,talk,35,2,1,Skip
3,talk,36,3,7,Over
3,talk,37,3,3,VOTE Agent[08]
3,talk,38,3,1,Over
3,talk,39,3,2,VOTE Agent[06]
3,talk,40,3,8,Skip
3,talk,41,3,5,Skip
3,talk,42,3,12,Over
3,talk,43,3,13,VOTE Agent[06]
3,talk,44,3,4,VOTE Agent[14]
3,talk,45,3,14,Over
3,talk,46,3,6,VOTE Agent[04]
3,talk,47,3,15,Over
3,talk,48,4,13,VOTE Agent[06]
3,talk,49,4,8,Skip
3,talk,50,4,1,Over
3,talk,51,4,14,Over
3,talk,52,4,7,Over
3,talk,53,4,5,Over
3,talk,54,4,12,Over
3,talk,55,4,2,VOTE Agent[06]
3,talk,56,4,15,Over
3,talk,57,4,3,VOTE Agent[06]
3,talk,58,4,6,VOTE Agent[04]
3,talk,59,4,4,Skip
3,talk,60,5,4,Skip
3,talk,61,5,7,Over
3,talk,62,5,8,Over
3,talk,63,5,14,Over
3,talk,64,5,15,Over
3,talk,65,5,5,Over
3,talk,66,5,6,VOTE Agent[04]
3,talk,67,5,13,VOTE Agent[06]
3,talk,68,5,1,Over
3,talk,69,5,12,Over
3,talk,70,5,2,VOTE Agent[06]
3,talk,71,5,3,VOTE Agent[06]
3,talk,72,6,13,VOTE Agent[06]
3,talk,73,6,4,Over
3,talk,74,6,2,VOTE Agent[06]
3,talk,75,6,12,Over
3,talk,76,6,6,VOTE Agent[04]
3,talk,77,6,8,Over
3,talk,78,6,15,Over
3,talk,79,6,3,VOTE Agent[06]
3,talk,80,6,7,Over
3,talk,81,6,14,Over
3,talk,82,6,5,Over
3,talk,83,6,1,Over
3,talk,84,7,1,Over
3,talk,85,7,2,VOTE Agent[06]
3,talk,86,7,5,Over
3,talk,87,7,8,Over
3,talk,88,7,14,Over
3,talk,89,7,3,VOTE Agent[06]
3,talk,90,7,6,VOTE Agent[04]
3,talk,91,7,12,Over
3,talk,92,7,7,Over
3,talk,93,7,15,Over
3,talk,94,7,13,VOTE Agent[06]
3,talk,95,7,4,Over
3,talk,96,8,14,Over
3,talk,97,8,13,VOTE Agent[06]
3,talk,98,8,6,VOTE Agent[04]
3,talk,99,8,8,Over
3,talk,100,8,1,Over
3,talk,101,8,5,Over
3,talk,102,8,2,VOTE Agent[06]
3,talk,103,8,4,Over
3,talk,104,8,12,Over
3,talk,105,8,7,Over
3,talk,106,8,3,VOTE Agent[06]
3,talk,107,8,15,Over
3,talk,108,9,6,VOTE Agent[04]
3,talk,109,9,1,Over
3,talk,110,9,5,Over
3,talk,111,9,14,Over
3,talk,112,9,15,Over
3,talk,113,9,12,Over
3,talk,114,9,7,Over
3,talk,115,9,2,Over
3,talk,116,9,3,Over
3,talk,117,9,8,Over
3,talk,118,9,4,Over
3,talk,119,9,13,Over
3,talk,120,10,7,Over
3,talk,121,10,2,Over
3,talk,122,10,6,Over
3,talk,123,10,3,Over
3,talk,124,10,5,Over
3,talk,125,10,4,Over
3,talk,126,10,12,Over
3,talk,127,10,13,Over
3,talk,128,10,15,Over
3,talk,129,10,1,Over
3,talk,130,10,14,Over
3,talk,131,10,8,Over
3,vote,1,15
3,vote,2,6
3,vote,3,8
3,vote,4,14
3,vote,5,8
3,vote,6,4
3,vote,7,15
3,vote,8,14
3,vote,12,8
3,vote,13,6
3,vote,14,4
3,vote,15,6
3,vote,1,15
3,vote,2,6
3,vote,3,8
3,vote,4,14
3,vote,5,6
3,vote,6,4
3,vote,7,15
3,vote,8,14
3,vote,12,8
3,vote,13,6
3,vote,14,4
3,vote,15,6
3,execute,6,SEER
3,whisper,0,0,4,Skip
3,whisper,1,0,15,ATTACK Agent[03]
3,whisper,2,1,15,Skip
3,whisper,3,1,4,Skip
3,whisper,4,2,4,Over
3,whisper,5,2,15,Skip
3,whisper,6,3,15,Over
3,whisper,7,3,4,Over
3,guard,8,3,POSSESSED
3,attackVote,4,8
3,attackVote,15,3
3,attackVote,4,8
3,attackVote,15,3
3,attack,3,false
4,status,1,VILLAGER,ALIVE,Tomato14
4,status,2,VILLAGER,ALIVE,OKAMI
4,status,3,POSSESSED,ALIVE,HALU
4,status,4,WEREWOLF,ALIVE,Takeda12
4,status,5,VILLAGER,ALIVE,SampleJava2
4,status,6,SEER,DEAD,Takeda6
4,status,7,VILLAGER,ALIVE,Tomato5
4,status,8,BODYGUARD,ALIVE,Takeda4
4,status,9,WEREWOLF,DEAD,sample_py
4,status,10,VILLAGER,DEAD,Takeda11
4,status,11,MEDIUM,DEAD,Takeda7
4,status,12,VILLAGER,ALIVE,sample_py
4,status,13,VILLAGER,ALIVE,OKAMI
4,status,14,VILLAGER,ALIVE,sample_py
4,status,15,WEREWOLF,ALIVE,Tomato9
4,talk,0,0,14,VOTE Agent[07]
4,talk,1,0,15,VOTE Agent[07]
4,talk,2,0,2,VOTE Agent[03]
4,talk,3,0,4,VOTE Agent[14]
4,talk,4,0,12,VOTE Agent[08]
4,talk,5,0,5,VOTE Agent[02]
4,talk,6,0,13,VOTE Agent[03]
4,talk,7,0,7,VOTE Agent[15]
4,talk,8,0,8,VOTE Agent[14]
4,talk,9,0,3,DIVINED Agent[07] HUMAN
4,talk,10,0,1,VOTE Agent[15]
4,talk,11,1,7,Skip
4,talk,12,1,12,Skip
4,talk,13,1,2,COMINGOUT Agent[02] VILLAGER
4,talk,14,1,15,VOTE Agent[03]
4,talk,15,1,4,Skip
4,talk,16,1,14,Skip
4,talk,17,1,5,REQUEST ANY (VOTE Agent[02])
4,talk,18,1,3,VOTE Agent[08]
4,talk,19,1,13,COMINGOUT Agent[13] VILLAGER
4,talk,20,1,1,Skip
4,talk,21,1,8,Skip
4,talk,22,2,5,Skip
4,talk,23,2,7,Skip
4,talk,24,2,2,VOTE Agent[03]
4,talk,25,2,13,VOTE Agent[03]
4,talk,26,2,4,VOTE Agent[15]
4,talk,27,2,3,VOTE Agent[08]
4,talk,28,2,15,Skip
4,talk,29,2,14,Skip
4,talk,30,2,8,VOTE Agent[15]
4,talk,31,2,12,Skip
4,talk,32,2,1,Skip
4,talk,33,3,8,Skip
4,talk,34,3,15,Skip
4,talk,35,3,7,Over
4,talk,36,3,5,Skip
4,talk,37,3,2,VOTE Agent[03]
4,talk,38,3,4,VOTE Agent[14]
4,talk,39,3,3,VOTE Agent[08]
4,talk,40,3,1,Over
4,talk,41,3,12,Over
4,talk,42,3,14,Over
4,talk,43,3,13,VOTE Agent[03]
4,talk,44,4,14,Over
4,talk,45,4,13,VOTE Agent[03]
4,talk,46,4,12,Over
4,talk,47,4,3,VOTE Agent[08]
4,talk,48,4,2,VOTE Agent[03]
4,talk,49,4,4,Skip
4,talk,50,4,1,Over
4,talk,51,4,5,Over
4,talk,52,4,8,Skip
4,talk,53,4,7,Over
4,talk,54,4,15,Over
4,talk,55,5,5,Over
4,talk,56,5,2,VOTE Agent[03]
4,talk,57,5,14,Over
4,talk,58,5,8,Over
4,talk,59,5,1,Over
4,talk,60,5,13,VOTE Agent[03]
4,talk,61,5,7,Over
4,talk,62,5,3,VOTE Agent[08]
4,talk,63,5,12,Over
4,talk,64,5,4,Skip
4,talk,65,5,15,Over
4,talk,66,6,5,Over
4,talk,67,6,13,VOTE Agent[03]
4,talk,68,6,14,Over
4,talk,69,6,3,VOTE Agent[08]
4,talk,70,6,8,Over
4,talk,71,6,7,Over
4,talk,72,6,2,VOTE Agent[03]
4,talk,73,6,1,Over
4,talk,74,6,4,Over
4,talk,75,6,15,Over
4,talk,76,6,12,Over
4,talk,77,7,1,Over
4,talk,78,7,14,Over
4,talk,79,7,2,VOTE Agent[03]
4,talk,80,7,8,Over
4,talk,81,7,12,Over
4,talk,82,7,5,Over
4,talk,83,7,7,Over
4,talk,84,7,3,VOTE Agent[08]
4,talk,85,7,15,Over
4,talk,86,7,13,VOTE Agent[03]
4,talk,87,7,4,Over
4,talk,88,8,4,Over
4,talk,89,8,14,Over
4,talk,90,8,15,Over
4,talk,91,8,2,VOTE Agent[03]
4,talk,92,8,13,VOTE Agent[03]
4,talk,93,8,12,Over
4,talk,94,8,3,VOTE Agent[08]
4,talk,95,8,8,Over
4,talk,96,8,7,Over
4,talk,97,8,5,Over
4,talk,98,8,1,Over
4,talk,99,9,7,Over
4,talk,100,9,12,Over
4,talk,101,9,8,Over
4,talk,102,9,3,Over
4,talk,103,9,14,Over
4,talk,104,9,13,Over
4,talk,105,9,4,Over
4,talk,106,9,5,Over
4,talk,107,9,15,Over
4,talk,108,9,2,Over
4,talk,109,9,1,Over
4,vote,1,15
4,vote,2,3
4,vote,3,8
4,vote,4,15
4,vote,5,13
4,vote,7,15
4,vote,8,15
4,vote,12,8
4,vote,13,3
4,vote,14,7
4,vote,15,3
4,execute,15,WEREWOLF
4,guard,8,3,POSSESSED
4,attackVote,4,8
4,attack,8,true
5,status,1,VILLAGER,ALIVE,Tomato14
5,status,2,VILLAGER,ALIVE,OKAMI
5,status,3,POSSESSED,ALIVE,HALU
5,status,4,WEREWOLF,ALIVE,Takeda12
5,status,5,VILLAGER,ALIVE,SampleJava2
5,status,6,SEER,DEAD,Takeda6
5,status,7,VILLAGER,ALIVE,Tomato5
5,status,8,BODYGUARD,DEAD,Takeda4
5,status,9,WEREWOLF,DEAD,sample_py
5,status,10,VILLAGER,DEAD,Takeda11
5,status,11,MEDIUM,DEAD,Takeda7
5,status,12,VILLAGER,ALIVE,sample_py
5,status,13,VILLAGER,ALIVE,OKAMI
5,status,14,VILLAGER,ALIVE,sample_py
5,status,15,WEREWOLF,DEAD,Tomato9
5,talk,0,0,5,BECAUSE (AND (ANY ATTACKED Agent[08]) (DAY 2 (Agent[03] DIVINED Agent[08] WEREWOLF))) (XOR (ESTIMATE Agent[03] WEREWOLF) (ESTIMATE Agent[03] POSSESSED))
5,talk,1,0,13,VOTE Agent[03]
5,talk,2,0,2,VOTE Agent[03]
5,talk,3,0,12,VOTE Agent[07]
5,talk,4,0,1,VOTE Agent[07]
5,talk,5,0,14,VOTE Agent[04]
5,talk,6,0,4,VOTE Agent[14]
5,talk,7,0,7,VOTE Agent[01]
5,talk,8,0,3,DIVINED Agent[07] WEREWOLF
5,talk,9,1,14,Skip
5,talk,10,1,4,Skip
5,talk,11,1,13,COMINGOUT Agent[13] VILLAGER
5,talk,12,1,7,Skip
5,talk,13,1,3,VOTE Agent[07]
5,talk,14,1,5,BECAUSE (XOR (ESTIMATE Agent[03] WEREWOLF) (ESTIMATE Agent[03] POSSESSED)) (AND (VOTE Agent[03]) (REQUEST ANY (VOTE Agent[03])))
5,talk,15,1,2,COMINGOUT Agent[02] VILLAGER
5,talk,16,1,1,Skip
5,talk,17,1,12,Skip
5,talk,18,2,7,Skip
5,talk,19,2,1,Skip
5,talk,20,2,3,VOTE Agent[07]
5,talk,21,2,13,VOTE Agent[03]
5,talk,22,2,14,Skip
5,talk,23,2,12,Skip
5,talk,24,2,4,Skip
5,talk,25,2,5,VOTE Agent[03]
5,talk,26,2,2,VOTE Agent[03]
5,talk,27,3,7,Over
5,talk,28,3,12,Over
5,talk,29,3,14,Over
5,talk,30,3,1,Over
5,talk,31,3,5,REQUEST ANY (VOTE Agent[03])
5,talk,32,3,4,Over
5,talk,33,3,3,VOTE Agent[07]
5,talk,34,3,2,VOTE Agent[03]
5,talk,35,3,13,VOTE Agent[03]
5,talk,36,4,4,Over
5,talk,37,4,1,Over
5,talk,38,4,5,Skip
5,talk,39,4,3,VOTE Agent[07]
5,talk,40,4,7,Over
5,talk,41,4,2,VOTE Agent[03]
5,talk,42,4,14,Over
5,talk,43,4,13,VOTE Agent[03]
5,talk,44,4,12,Over
5,talk,45,5,3,VOTE Agent[07]
5,talk,46,5,12,Over
5,talk,47,5,7,Over
5,talk,48,5,1,Over
5,talk,49,5,5,Skip
5,talk,50,5,13,VOTE Agent[03]
5,talk,51,5,4,Over
5,talk,52,5,14,Over
5,talk,53,5,2,VOTE Agent[03]
5,talk,54,6,14,Over
5,talk,55,6,5,Over
5,talk,56,6,4,Over
5,talk,57,6,13,VOTE Agent[03]
5,talk,58,6,12,Over
5,talk,59,6,3,VOTE Agent[07]
5,talk,60,6,2,VOTE Agent[03]
5,talk,61,6,1,Over
5,talk,62,6,7,Over
5,talk,63,7,7,Over
5,talk,64,7,5,Over
5,talk,65,7,4,Over
5,talk,66,7,2,VOTE Agent[03]
5,talk,67,7,1,Over
5,talk,68,7,3,VOTE Agent[07]
5,talk,69,7,14,Over
5,talk,70,7,12,Over
5,talk,71,7,13,VOTE Agent[03]
5,talk,72,8,13,VOTE Agent[03]
5,talk,73,8,1,Over
5,talk,74,8,4,Over
5,talk,75,8,3,VOTE Agent[07]
5,talk,76,8,2,VOTE Agent[03]
5,talk,77,8,7,Over
5,talk,78,8,14,Over
5,talk,79,8,12,Over
5,talk,80,8,5,Over
5,talk,81,9,13,Over
5,talk,82,9,1,Over
5,talk,83,9,2,Over
5,talk,84,9,4,Over
5,talk,85,9,5,Over
5,talk,86,9,14,Over
5,talk,87,9,3,Over
5,talk,88,9,12,Over
5,talk,89,9,7,Over
5,vote,1,7
5,vote,2,3
5,vote,3,7
5,vote,4,14
5,vote,5,3
5,vote,7,1
5,vote,12,7
5,vote,13,3
5,vote,14,4
5,vote,1,7
5,vote,2,3
5,vote,3,7
5,vote,4,14
5,vote,5,3
5,vote,7,1
5,vote,12,7
5,vote,13,3
5,vote,14,4
5,execute,3,POSSESSED
5,attackVote,4,1
5,attack,1,true
6,status,1,VILLAGER,DEAD,Tomato14
6,status,2,VILLAGER,ALIVE,OKAMI
6,status,3,POSSESSED,DEAD,HALU
6,status,4,WEREWOLF,ALIVE,Takeda12
6,status,5,VILLAGER,ALIVE,SampleJava2
6,status,6,SEER,DEAD,Takeda6
6,status,7,VILLAGER,ALIVE,Tomato5
6,status,8,BODYGUARD,DEAD,Takeda4
6,status,9,WEREWOLF,DEAD,sample_py
6,status,10,VILLAGER,DEAD,Takeda11
6,status,11,MEDIUM,DEAD,Takeda7
6,status,12,VILLAGER,ALIVE,sample_py
6,status,13,VILLAGER,ALIVE,OKAMI
6,status,14,VILLAGER,ALIVE,sample_py
6,status,15,WEREWOLF,DEAD,Tomato9
6,talk,0,0,7,VOTE Agent[04]
6,talk,1,0,2,VOTE Agent[05]
6,talk,2,0,13,VOTE Agent[05]
6,talk,3,0,14,VOTE Agent[07]
6,talk,4,0,4,VOTE Agent[14]
6,talk,5,0,12,VOTE Agent[07]
6,talk,6,0,5,VOTE Agent[14]
6,talk,7,1,7,Skip
6,talk,8,1,5,REQUEST ANY (VOTE Agent[14])
6,talk,9,1,12,Skip
6,talk,10,1,14,Skip
6,talk,11,1,2,COMINGOUT Agent[02] VILLAGER
6,talk,12,1,4,VOTE Agent[05]
6,talk,13,1,13,COMINGOUT Agent[13] VILLAGER
6,talk,14,2,2,VOTE Agent[05]
6,talk,15,2,14,Skip
6,talk,16,2,7,Skip
6,talk,17,2,5,Skip
6,talk,18,2,12,Skip
6,talk,19,2,4,VOTE Agent[14]
6,talk,20,2,13,VOTE Agent[05]
6,talk,21,3,5,Skip
6,talk,22,3,7,Over
6,talk,23,3,12,Over
6,talk,24,3,14,Over
6,talk,25,3,2,VOTE Agent[05]
6,talk,26,3,13,VOTE Agent[05]
6,talk,27,3,4,Skip
6,talk,28,4,5,Over
6,talk,29,4,12,Over
6,talk,30,4,14,Over
6,talk,31,4,13,VOTE Agent[05]
6,talk,32,4,4,Skip
6,talk,33,4,2,VOTE Agent[05]
6,talk,34,4,7,Over
6,talk,35,5,4,Over
6,talk,36,5,5,Over
6,talk,37,5,12,Over
6,talk,38,5,14,Over
6,talk,39,5,7,Over
6,talk,40,5,13,VOTE Agent[05]
6,talk,41,5,2,VOTE Agent[05]
6,talk,42,6,7,Over
6,talk,43,6,2,VOTE Agent[05]
6,talk,44,6,12,Over
6,talk,45,6,13,VOTE Agent[05]
6,talk,46,6,4,Over
6,talk,47,6,14,Over
6,talk,48,6,5,Over
6,talk,49,7,13,VOTE Agent[05]
6,talk,50,7,4,Over
6,talk,51,7,2,VOTE Agent[05]
6,talk,52,7,14,Over
6,talk,53,7,12,Over
6,talk,54,7,5,Over
6,talk,55,7,7,Over
6,talk,56,8,5,Over
6,talk,57,8,4,Over
6,talk,58,8,12,Over
6,talk,59,8,13,VOTE Agent[05]
6,talk,60,8,2,VOTE Agent[05]
6,talk,61,8,14,Over
6,talk,62,8,7,Over
6,talk,63,9,14,Over
6,talk,64,9,7,Over
6,talk,65,9,4,Over
6,talk,66,9,13,Over
6,talk,67,9,12,Over
6,talk,68,9,2,Over
6,talk,69,9,5,Over
6,vote,2,5
6,vote,4,14
6,vote,5,4
6,vote,7,4
6,vote,12,7
6,vote,13,5
6,vote,14,7
6,vote,2,5
6,vote,4,14
6,vote,5,4
6,vote,7,4
6,vote,12,7
6,vote,13,5
6,vote,14,7
6,execute,4,WEREWOLF
7,status,1,VILLAGER,DEAD,Tomato14
7,status,2,VILLAGER,ALIVE,OKAMI
7,status,3,POSSESSED,DEAD,HALU
7,status,4,WEREWOLF,DEAD,Takeda12
7,status,5,VILLAGER,ALIVE,SampleJava2
7,status,6,SEER,DEAD,Takeda6
7,status,7,VILLAGER,ALIVE,Tomato5
7,status,8,BODYGUARD,DEAD,Takeda4
7,status,9,WEREWOLF,DEAD,sample_py
7,status,10,VILLAGER,DEAD,Takeda11
7,status,11,MEDIUM,DEAD,Takeda7
7,status,12,VILLAGER,ALIVE,sample_py
7,status,13,VILLAGER,ALIVE,OKAMI
7,status,14,VILLAGER,ALIVE,sample_py
7,status,15,WEREWOLF,DEAD,Tomato9
7,result,6,0,VILLAGER
