0,status,1,BODYGUARD,ALIVE,sample_py
0,status,2,POSSESSED,ALIVE,sample_py
0,status,3,VILLAGER,ALIVE,SampleJava1
0,status,4,VILLAGER,ALIVE,HALU
0,status,5,WEREWOLF,ALIVE,Takeda10
0,status,6,VILLAGER,ALIVE,sample_py
0,status,7,VILLAGER,ALIVE,OKAMI
0,status,8,VILLAGER,ALIVE,SampleJava5
0,status,9,VILLAGER,ALIVE,HALU
0,status,10,MEDIUM,ALIVE,TOKU2
0,status,11,VILLAGER,ALIVE,HALU
0,status,12,WEREWOLF,ALIVE,TOKU0
0,status,13,WEREWOLF,ALIVE,TOKU9
0,status,14,VILLAGER,ALIVE,SampleJava11
0,status,15,SEER,ALIVE,OKAMI
0,whisper,0,0,13,Skip
0,whisper,1,0,5,Skip
0,whisper,2,0,12,Skip
0,whisper,3,1,5,Skip
0,whisper,4,1,13,Skip
0,whisper,5,1,12,Skip
0,whisper,6,2,5,Over
0,whisper,7,2,12,Over
0,whisper,8,2,13,Over
0,divine,15,10,HUMAN
1,status,1,BODYGUARD,ALIVE,sample_py
1,status,2,POSSESSED,ALIVE,sample_py
1,status,3,VILLAGER,ALIVE,SampleJava1
1,status,4,VILLAGER,ALIVE,HALU
1,status,5,WEREWOLF,ALIVE,Takeda10
1,status,6,VILLAGER,ALIVE,sample_py
1,status,7,VILLAGER,ALIVE,OKAMI
1,status,8,VILLAGER,ALIVE,SampleJava5
1,status,9,VILLAGER,ALIVE,HALU
1,status,10,MEDIUM,ALIVE,TOKU2
1,status,11,VILLAGER,ALIVE,HALU
1,status,12,WEREWOLF,ALIVE,TOKU0
1,status,13,WEREWOLF,ALIVE,TOKU9
1,status,14,VILLAGER,ALIVE,SampleJava11
1,status,15,SEER,ALIVE,OKAMI
1,talk,0,0,15,VOTE Agent[04]
1,talk,1,0,13,VOTE Agent[04]
1,talk,2,0,1,VOTE Agent[11]
1,talk,3,0,4,VOTE Agent[01]
1,talk,4,0,6,VOTE Agent[15]
1,talk,5,0,7,VOTE Agent[11]
1,talk,6,0,14,VOTE Agent[05]
1,talk,7,0,10,COMINGOUT Agent[10] MEDIUM
1,talk,8,0,12,VOTE Agent[11]
1,talk,9,0,3,VOTE Agent[14]
1,talk,10,0,9,VOTE Agent[06]
1,talk,11,0,2,COMINGOUT Agent[02] SEER
1,talk,12,0,11,VOTE Agent[13]
1,talk,13,0,5,VOTE Agent[11]
1,talk,14,0,8,VOTE Agent[12]
1,talk,15,1,2,DIVINED Agent[04] WEREWOLF
1,talk,16,1,1,VOTE Agent[04]
1,talk,17,1,9,VOTE Agent[04]
1,talk,18,1,11,VOTE Agent[04]
1,talk,19,1,6,VOTE Agent[04]
1,talk,20,1,8,REQUEST ANY (VOTE Agent[12])
1,talk,21,1,10,VOTE Agent[11]
1,talk,22,1,15,VOTE Agent[04]
1,talk,23,1,12,VOTE Agent[08]
1,talk,24,1,13,VOTE Agent[03]
1,talk,25,1,7,COMINGOUT Agent[07] VILLAGER
1,talk,26,1,3,REQUEST ANY (VOTE Agent[14])
1,talk,27,1,4,VOTE Agent[04]
1,talk,28,1,14,REQUEST ANY (VOTE Agent[05])
1,talk,29,1,5,Skip
1,talk,30,2,10,VOTE Agent[05]
1,talk,31,2,12,VOTE Agent[15]
1,talk,32,2,5,VOTE Agent[01]
1,talk,33,2,1,Skip
1,talk,34,2,2,VOTE Agent[04]
1,talk,35,2,11,VOTE Agent[04]
1,talk,36,2,8,Skip
1,talk,37,2,15,VOTE Agent[04]
1,talk,38,2,3,Skip
1,talk,39,2,13,VOTE Agent[04]
1,talk,40,2,7,VOTE Agent[04]
1,talk,41,2,6,Skip
1,talk,42,2,9,VOTE Agent[04]
1,talk,43,2,4,VOTE Agent[04]
1,talk,44,2,14,Skip
1,talk,45,3,11,VOTE Agent[04]
1,talk,46,3,7,VOTE Agent[04]
1,talk,47,3,2,Skip
1,talk,48,3,4,VOTE Agent[04]
1,talk,49,3,12,VOTE Agent[04]
1,talk,50,3,1,Skip
1,talk,51,3,13,Skip
1,talk,52,3,3,Skip
1,talk,53,3,14,Skip
1,talk,54,3,9,VOTE Agent[04]
1,talk,55,3,8,Skip
1,talk,56,3,10,Skip
1,talk,57,3,15,VOTE Agent[04]
1,talk,58,3,6,Skip
1,talk,59,3,5,VOTE Agent[04]
1,talk,60,4,10,VOTE Agent[04]
1,talk,61,4,12,Skip
1,talk,62,4,8,Over
1,talk,63,4,14,Over
1,talk,64,4,13,Skip
1,talk,65,4,4,VOTE Agent[04]
1,talk,66,4,3,Over
1,talk,67,4,11,VOTE Agent[04]
1,talk,68,4,5,Skip
1,talk,69,4,7,VOTE Agent[04]
1,talk,70,4,9,VOTE Agent[04]
1,talk,71,4,1,Over
1,talk,72,4,6,Over
1,talk,73,4,2,Skip
1,talk,74,4,15,VOTE Agent[04]
1,talk,75,5,9,VOTE Agent[04]
1,talk,76,5,11,VOTE Agent[04]
1,talk,77,5,5,Skip
1,talk,78,5,7,VOTE Agent[04]
1,talk,79,5,15,VOTE Agent[04]
1,talk,80,5,12,Skip
1,talk,81,5,13,Over
1,talk,82,5,1,Over
1,talk,83,5,8,Over
1,talk,84,5,6,Over
1,talk,85,5,14,Over
1,talk,86,5,2,Over
1,talk,87,5,3,Over
1,talk,88,5,10,Skip
1,talk,89,5,4,VOTE Agent[04]
1,talk,90,6,9,VOTE Agent[04]
1,talk,91,6,13,Over
1,talk,92,6,2,Over
1,talk,93,6,14,Over
1,talk,94,6,1,Over
1,talk,95,6,8,Over
1,talk,96,6,11,VOTE Agent[04]
1,talk,97,6,15,VOTE Agent[04]
1,talk,98,6,10,Skip
1,talk,99,6,3,Over
1,talk,100,6,7,VOTE Agent[04]
1,talk,101,6,6,Over
1,talk,102,6,4,VOTE Agent[04]
1,talk,103,6,5,Over
1,talk,104,6,12,Over
1,talk,105,7,13,Over
1,talk,106,7,1,Over
1,talk,107,7,11,VOTE Agent[04]
1,talk,108,7,6,Over
1,talk,109,7,14,Over
1,talk,110,7,7,VOTE Agent[04]
1,talk,111,7,4,VOTE Agent[04]
1,talk,112,7,5,Over
1,talk,113,7,2,Over
1,talk,114,7,9,VOTE Agent[04]
1,talk,115,7,3,Over
1,talk,116,7,10,Over
1,talk,117,7,12,Over
1,talk,118,7,15,VOTE Agent[04]
1,talk,119,7,8,Over
1,talk,120,8,7,VOTE Agent[04]
1,talk,121,8,9,VOTE Agent[04]
1,talk,122,8,3,Over
1,talk,123,8,5,Over
1,talk,124,8,1,Over
1,talk,125,8,8,Over
1,talk,126,8,13,Over
1,talk,127,8,15,VOTE Agent[04]
1,talk,128,8,14,Over
1,talk,129,8,4,VOTE Agent[04]
1,talk,130,8,10,Over
1,talk,131,8,11,VOTE Agent[04]
1,talk,132,8,6,Over
1,talk,133,8,12,Over
1,talk,134,8,2,Over
1,talk,135,9,7,Over
1,talk,136,9,9,Over
1,talk,137,9,2,Over
1,talk,138,9,11,Over
1,talk,139,9,10,Over
1,talk,140,9,1,Over
1,talk,141,9,3,Over
1,talk,142,9,6,Over
1,talk,143,9,13,Over
1,talk,144,9,5,Over
1,talk,145,9,14,Over
1,talk,146,9,4,Over
1,talk,147,9,12,Over
1,talk,148,9,8,Over
1,talk,149,9,15,Over
1,vote,1,4
1,vote,2,4
1,vote,3,5
1,vote,4,14
1,vote,5,4
1,vote,6,4
1,vote,7,4
1,vote,8,14
1,vote,9,4
1,vote,10,5
1,vote,11,4
1,vote,12,4
1,vote,13,4
1,vote,14,12
1,vote,15,4
1,execute,4,VILLAGER
1,divine,15,13,WEREWOLF
1,whisper,0,0,13,Skip
1,whisper,1,0,12,Skip
1,whisper,2,0,5,Skip
1,whisper,3,1,13,Skip
1,whisper,4,1,12,Skip
1,whisper,5,1,5,Skip
1,whisper,6,2,5,Over
1,whisper,7,2,13,Over
1,whisper,8,2,12,Over
1,guard,1,2,POSSESSED
1,attackVote,5,1
1,attackVote,12,2
1,attackVote,13,2
1,attack,2,false
2,status,1,BODYGUARD,ALIVE,sample_py
2,status,2,POSSESSED,ALIVE,sample_py
2,status,3,VILLAGER,ALIVE,SampleJava1
2,status,4,VILLAGER,DEAD,HALU
2,status,5,WEREWOLF,ALIVE,Takeda10
2,status,6,VILLAGER,ALIVE,sample_py
2,status,7,VILLAGER,ALIVE,OKAMI
2,status,8,VILLAGER,ALIVE,SampleJava5
2,status,9,VILLAGER,ALIVE,HALU
2,status,10,MEDIUM,ALIVE,TOKU2
2,status,11,VILLAGER,ALIVE,HALU
2,status,12,WEREWOLF,ALIVE,TOKU0
2,status,13,WEREWOLF,ALIVE,TOKU9
2,status,14,VILLAGER,ALIVE,SampleJava11
2,status,15,SEER,ALIVE,OKAMI
2,talk,0,0,15,VOTE Agent[13]
2,talk,1,0,14,VOTE Agent[06]
2,talk,2,0,6,VOTE Agent[14]
2,talk,3,0,3,VOTE Agent[07]
2,talk,4,0,11,VOTE Agent[14]
2,talk,5,0,12,VOTE Agent[09]
2,talk,6,0,13,VOTE Agent[09]
2,talk,7,0,1,VOTE Agent[10]
2,talk,8,0,9,VOTE Agent[14]
2,talk,9,0,10,IDENTIFIED Agent[04] HUMAN
2,talk,10,0,2,DIVINED Agent[14] HUMAN
2,talk,11,0,8,VOTE Agent[15]
2,talk,12,0,7,VOTE Agent[09]
2,talk,13,0,5,VOTE Agent[09]
2,talk,14,1,6,Skip
2,talk,15,1,15,VOTE Agent[14]
2,talk,16,1,7,COMINGOUT Agent[07] VILLAGER
2,talk,17,1,3,REQUEST ANY (VOTE Agent[07])
2,talk,18,1,5,Skip
2,talk,19,1,11,VOTE Agent[03]
2,talk,20,1,9,VOTE Agent[14]
2,talk,21,1,1,Skip
2,talk,22,1,8,REQUEST ANY (VOTE Agent[15])
2,talk,23,1,14,REQUEST ANY (VOTE Agent[06])
2,talk,24,1,13,Skip
2,talk,25,1,12,Skip
2,talk,26,1,2,VOTE Agent[05]
2,talk,27,1,10,VOTE Agent[05]
2,talk,28,2,2,Skip
2,talk,29,2,7,VOTE Agent[14]
2,talk,30,2,13,Skip
2,talk,31,2,14,Skip
2,talk,32,2,6,Skip
2,talk,33,2,9,VOTE Agent[14]
2,talk,34,2,3,Skip
2,talk,35,2,12,Skip
2,talk,36,2,5,Skip
2,talk,37,2,1,Skip
2,talk,38,2,8,Skip
2,talk,39,2,11,VOTE Agent[08]
2,talk,40,2,15,VOTE Agent[09]
2,talk,41,2,10,VOTE Agent[09]
2,talk,42,3,15,VOTE Agent[14]
2,talk,43,3,7,VOTE Agent[14]
2,talk,44,3,11,VOTE Agent[10]
2,talk,45,3,2,Skip
2,talk,46,3,6,Over
2,talk,47,3,3,Skip
2,talk,48,3,13,Over
2,talk,49,3,5,Over
2,talk,50,3,8,Skip
2,talk,51,3,1,Over
2,talk,52,3,9,VOTE Agent[10]
2,talk,53,3,10,Skip
2,talk,54,3,12,Over
2,talk,55,3,14,Skip
2,talk,56,4,2,Over
2,talk,57,4,7,VOTE Agent[10]
2,talk,58,4,6,Over
2,talk,59,4,15,VOTE Agent[09]
2,talk,60,4,10,Skip
2,talk,61,4,1,Over
2,talk,62,4,3,Over
2,talk,63,4,5,Over
2,talk,64,4,9,VOTE Agent[11]
2,talk,65,4,13,Over
2,talk,66,4,12,Over
2,talk,67,4,11,VOTE Agent[15]
2,talk,68,4,8,Over
2,talk,69,4,14,Over
2,talk,70,5,10,Over
2,talk,71,5,8,Over
2,talk,72,5,3,Over
2,talk,73,5,13,Over
2,talk,74,5,14,Over
2,talk,75,5,1,Over
2,talk,76,5,5,Over
2,talk,77,5,2,Over
2,talk,78,5,6,Over
2,talk,79,5,15,VOTE Agent[15]
2,talk,80,5,7,VOTE Agent[15]
2,talk,81,5,9,VOTE Agent[11]
2,talk,82,5,12,Over
2,talk,83,5,11,VOTE Agent[11]
2,talk,84,6,6,Over
2,talk,85,6,10,Over
2,talk,86,6,9,VOTE Agent[11]
2,talk,87,6,13,Over
2,talk,88,6,2,Over
2,talk,89,6,12,Over
2,talk,90,6,14,Over
2,talk,91,6,3,Over
2,talk,92,6,11,VOTE Agent[15]
2,talk,93,6,8,Over
2,talk,94,6,15,VOTE Agent[15]
2,talk,95,6,1,Over
2,talk,96,6,7,VOTE Agent[15]
2,talk,97,6,5,Over
2,talk,98,7,11,VOTE Agent[15]
2,talk,99,7,7,VOTE Agent[15]
2,talk,100,7,14,Over
2,talk,101,7,8,Over
2,talk,102,7,3,Over
2,talk,103,7,12,Over
2,talk,104,7,9,VOTE Agent[11]
2,talk,105,7,15,VOTE Agent[15]
2,talk,106,7,2,Over
2,talk,107,7,10,Over
2,talk,108,7,13,Over
2,talk,109,7,5,Over
2,talk,110,7,1,Over
2,talk,111,7,6,Over
2,talk,112,8,14,Over
2,talk,113,8,1,Over
2,talk,114,8,13,Over
2,talk,115,8,7,VOTE Agent[15]
2,talk,116,8,8,Over
2,talk,117,8,2,Over
2,talk,118,8,10,Over
2,talk,119,8,15,VOTE Agent[15]
2,talk,120,8,5,Over
2,talk,121,8,11,VOTE Agent[11]
2,talk,122,8,9,VOTE Agent[15]
2,talk,123,8,12,Over
2,talk,124,8,6,Over
2,talk,125,8,3,Over
2,talk,126,9,7,Over
2,talk,127,9,2,Over
2,talk,128,9,6,Over
2,talk,129,9,12,Over
2,talk,130,9,8,Over
2,talk,131,9,9,Over
2,talk,132,9,15,Over
2,talk,133,9,14,Over
2,talk,134,9,3,Over
2,talk,135,9,11,Over
2,talk,136,9,13,Over
2,talk,137,9,10,Over
2,talk,138,9,1,Over
2,talk,139,9,5,Over
2,vote,1,10
2,vote,2,5
2,vote,3,15
2,vote,5,9
2,vote,6,14
2,vote,7,15
2,vote,8,6
2,vote,9,7
2,vote,10,9
2,vote,11,7
2,vote,12,9
2,vote,13,9
2,vote,14,15
2,vote,15,8
2,execute,9,VILLAGER
2,divine,15,7,HUMAN
2,whisper,0,0,13,Skip
2,whisper,1,0,5,Skip
2,whisper,2,0,12,Skip
2,whisper,3,1,5,Skip
2,whisper,4,1,13,Skip
2,whisper,5,1,12,Skip
2,whisper,6,2,12,Over
2,whisper,7,2,5,Over
2,whisper,8,2,13,Over
2,guard,1,2,POSSESSED
2,attackVote,5,1
2,attackVote,12,2
2,attackVote,13,2
2,attack,2,false
3,status,1,BODYGUARD,ALIVE,sample_py
3,status,2,POSSESSED,ALIVE,sample_py
3,status,3,VILLAGER,ALIVE,SampleJava1
3,status,4,VILLAGER,DEAD,HALU
3,status,5,WEREWOLF,ALIVE,Takeda10
3,status,6,VILLAGER,ALIVE,sample_py
3,status,7,VILLAGER,ALIVE,OKAMI
3,status,8,VILLAGER,ALIVE,SampleJava5
3,status,9,VILLAGER,DEAD,HALU
3,status,10,MEDIUM,ALIVE,TOKU2
3,status,11,VILLAGER,ALIVE,HALU
3,status,12,WEREWOLF,ALIVE,TOKU0
3,status,13,WEREWOLF,ALIVE,TOKU9
3,status,14,VILLAGER,ALIVE,SampleJava11
3,status,15,SEER,ALIVE,OKAMI
3,talk,0,0,10,IDENTIFIED Agent[09] HUMAN
3,talk,1,0,11,VOTE Agent[05]
3,talk,2,0,13,VOTE Agent[15]
3,talk,3,0,3,VOTE Agent[06]
3,talk,4,0,7,VOTE Agent[15]
3,talk,5,0,12,VOTE Agent[15]
3,talk,6,0,8,VOTE Agent[10]
3,talk,7,0,14,VOTE Agent[01]
3,talk,8,0,15,VOTE Agent[05]
3,talk,9,0,5,VOTE Agent[15]
3,talk,10,0,2,DIVINED Agent[10] WEREWOLF
3,talk,11,0,6,VOTE Agent[10]
3,talk,12,0,1,VOTE Agent[10]
3,talk,13,1,5,VOTE Agent[11]
3,talk,14,1,6,Skip
3,talk,15,1,2,VOTE Agent[10]
3,talk,16,1,8,REQUEST ANY (VOTE Agent[10])
3,talk,17,1,11,VOTE Agent[08]
3,talk,18,1,14,REQUEST ANY (VOTE Agent[01])
3,talk,19,1,3,REQUEST ANY (VOTE Agent[06])
3,talk,20,1,15,VOTE Agent[15]
3,talk,21,1,10,VOTE Agent[12]
3,talk,22,1,7,COMINGOUT Agent[07] VILLAGER
3,talk,23,1,13,VOTE Agent[11]
3,talk,24,1,1,Skip
3,talk,25,1,12,VOTE Agent[11]
3,talk,26,2,2,Skip
3,talk,27,2,15,VOTE Agent[11]
3,talk,28,2,1,Skip
3,talk,29,2,14,Skip
3,talk,30,2,6,Skip
3,talk,31,2,11,VOTE Agent[14]
3,talk,32,2,10,Skip
3,talk,33,2,13,Skip
3,talk,34,2,3,Skip
3,talk,35,2,7,VOTE Agent[10]
3,talk,36,2,5,Skip
3,talk,37,2,12,Skip
3,talk,38,2,8,Skip
3,talk,39,3,10,VOTE Agent[05]
3,talk,40,3,8,Skip
3,talk,41,3,7,VOTE Agent[10]
3,talk,42,3,3,Skip
3,talk,43,3,6,Over
3,talk,44,3,13,Skip
3,talk,45,3,15,VOTE Agent[11]
3,talk,46,3,2,Skip
3,talk,47,3,5,Skip
3,talk,48,3,1,Over
3,talk,49,3,12,Skip
3,talk,50,3,14,Skip
3,talk,51,3,11,VOTE Agent[11]
3,talk,52,4,13,Over
3,talk,53,4,15,VOTE Agent[11]
3,talk,54,4,10,Skip
3,talk,55,4,14,Over
3,talk,56,4,5,Over
3,talk,57,4,12,Over
3,talk,58,4,3,Over
3,talk,59,4,6,Over
3,talk,60,4,2,Over
3,talk,61,4,8,Over
3,talk,62,4,7,VOTE Agent[10]
3,talk,63,4,11,VOTE Agent[11]
3,talk,64,4,1,Over
3,talk,65,5,14,Over
3,talk,66,5,2,Over
3,talk,67,5,5,Over
3,talk,68,5,13,Over
3,talk,69,5,15,VOTE Agent[11]
3,talk,70,5,11,VOTE Agent[11]
3,talk,71,5,7,VOTE Agent[10]
3,talk,72,5,10,Skip
3,talk,73,5,3,Over
3,talk,74,5,8,Over
3,talk,75,5,12,Over
3,talk,76,5,1,Over
3,talk,77,5,6,Over
3,talk,78,6,11,VOTE Agent[10]
3,talk,79,6,1,Over
3,talk,80,6,3,Over
3,talk,81,6,6,Over
3,talk,82,6,5,Over
3,talk,83,6,13,Over
3,talk,84,6,14,Over
3,talk,85,6,7,VOTE Agent[11]
3,talk,86,6,10,Over
3,talk,87,6,2,Over
3,talk,88,6,12,Over
3,talk,89,6,8,Over
3,talk,90,6,15,VOTE Agent[11]
3,talk,91,7,1,Over
3,talk,92,7,8,Over
3,talk,93,7,10,Over
3,talk,94,7,7,VOTE Agent[11]
3,talk,95,7,5,Over
3,talk,96,7,2,Over
3,talk,97,7,3,Over
3,talk,98,7,13,Over
3,talk,99,7,11,VOTE Agent[10]
3,talk,100,7,15,VOTE Agent[11]
3,talk,101,7,6,Over
3,talk,102,7,12,Over
3,talk,103,7,14,Over
3,talk,104,8,3,Over
3,talk,105,8,5,Over
3,talk,106,8,2,Over
3,talk,107,8,12,Over
3,talk,108,8,6,Over
3,talk,109,8,7,VOTE Agent[11]
3,talk,110,8,10,Over
3,talk,111,8,14,Over
3,talk,112,8,13,Over
3,talk,113,8,8,Over
3,talk,114,8,15,VOTE Agent[11]
3,talk,115,8,11,VOTE Agent[10]
3,talk,116,8,1,Over
3,talk,117,9,14,Over
3,talk,118,9,10,Over
3,talk,119,9,3,Over
3,talk,120,9,12,Over
3,talk,121,9,5,Over
3,talk,122,9,6,Over
3,talk,123,9,2,Over
3,talk,124,9,8,Over
3,talk,125,9,15,Over
3,talk,126,9,7,Over
3,talk,127,9,1,Over
3,talk,128,9,13,Over
3,talk,129,9,11,Over
3,vote,1,10
3,vote,2,10
3,vote,3,1
3,vote,5,12
3,vote,6,10
3,vote,7,11
3,vote,8,1
3,vote,10,5
3,vote,11,10
3,vote,12,5
3,vote,13,5
3,vote,14,10
3,vote,15,11
3,execute,10,MEDIUM
3,divine,15,1,HUMAN
3,whisper,0,0,12,Skip
3,whisper,1,0,5,Skip
3,whisper,2,0,13,Skip
3,whisper,3,1,13,Skip
3,whisper,4,1,12,Skip
3,whisper,5,1,5,Skip
3,whisper,6,2,13,Over
3,whisper,7,2,5,Over
3,whisper,8,2,12,Over
3,guard,1,2,POSSESSED
3,attackVote,5,15
3,attackVote,12,2
3,attackVote,13,2
3,attack,2,false
4,status,1,BODYGUARD,ALIVE,sample_py
4,status,2,POSSESSED,ALIVE,sample_py
4,status,3,VILLAGER,ALIVE,SampleJava1
4,status,4,VILLAGER,DEAD,HALU
4,status,5,WEREWOLF,ALIVE,Takeda10
4,status,6,VILLAGER,ALIVE,sample_py
4,status,7,VILLAGER,ALIVE,OKAMI
4,status,8,VILLAGER,ALIVE,SampleJava5
4,status,9,VILLAGER,DEAD,HALU
4,status,10,MEDIUM,DEAD,TOKU2
4,status,11,VILLAGER,ALIVE,HALU
4,status,12,WEREWOLF,ALIVE,TOKU0
4,status,13,WEREWOLF,ALIVE,TOKU9
4,status,14,VILLAGER,ALIVE,SampleJava11
4,status,15,SEER,ALIVE,OKAMI
4,talk,0,0,8,VOTE Agent[07]
4,talk,1,0,12,VOTE Agent[11]
4,talk,2,0,13,VOTE Agent[11]
4,talk,3,0,6,VOTE Agent[07]
4,talk,4,0,7,VOTE Agent[11]
4,talk,5,0,15,VOTE Agent[07]
4,talk,6,0,2,DIVINED Agent[07] WEREWOLF
4,talk,7,0,5,VOTE Agent[11]
4,talk,8,0,11,VOTE Agent[15]
4,talk,9,0,14,VOTE Agent[13]
4,talk,10,0,1,VOTE Agent[07]
4,talk,11,0,3,VOTE Agent[11]
4,talk,12,1,5,Skip
4,talk,13,1,7,COMINGOUT Agent[07] VILLAGER
4,talk,14,1,13,Skip
4,talk,15,1,14,REQUEST ANY (VOTE Agent[13])
4,talk,16,1,12,Skip
4,talk,17,1,6,Skip
4,talk,18,1,1,Skip
4,talk,19,1,11,VOTE Agent[11]
4,talk,20,1,15,VOTE Agent[07]
4,talk,21,1,2,VOTE Agent[07]
4,talk,22,1,8,REQUEST ANY (VOTE Agent[07])
4,talk,23,1,3,REQUEST ANY (VOTE Agent[11])
4,talk,24,2,7,VOTE Agent[11]
4,talk,25,2,5,Skip
4,talk,26,2,11,VOTE Agent[11]
4,talk,27,2,1,Skip
4,talk,28,2,8,Skip
4,talk,29,2,13,Skip
4,talk,30,2,15,VOTE Agent[07]
4,talk,31,2,14,Skip
4,talk,32,2,6,Skip
4,talk,33,2,3,Skip
4,talk,34,2,2,Skip
4,talk,35,2,12,Skip
4,talk,36,3,14,Skip
4,talk,37,3,15,VOTE Agent[07]
4,talk,38,3,7,VOTE Agent[07]
4,talk,39,3,1,Over
4,talk,40,3,2,Skip
4,talk,41,3,6,Over
4,talk,42,3,12,VOTE Agent[07]
4,talk,43,3,5,VOTE Agent[07]
4,talk,44,3,8,Skip
4,talk,45,3,11,VOTE Agent[05]
4,talk,46,3,3,Skip
4,talk,47,3,13,VOTE Agent[07]
4,talk,48,4,7,VOTE Agent[13]
4,talk,49,4,13,Skip
4,talk,50,4,11,VOTE Agent[07]
4,talk,51,4,15,VOTE Agent[13]
4,talk,52,4,8,Over
4,talk,53,4,14,Over
4,talk,54,4,2,Over
4,talk,55,4,3,Over
4,talk,56,4,5,Skip
4,talk,57,4,1,Over
4,talk,58,4,12,Skip
4,talk,59,4,6,Over
4,talk,60,5,8,Over
4,talk,61,5,13,Skip
4,talk,62,5,2,Over
4,talk,63,5,5,Skip
4,talk,64,5,1,Over
4,talk,65,5,11,VOTE Agent[15]
4,talk,66,5,12,Skip
4,talk,67,5,14,Over
4,talk,68,5,6,Over
4,talk,69,5,15,VOTE Agent[13]
4,talk,70,5,3,Over
4,talk,71,5,7,VOTE Agent[13]
4,talk,72,6,6,Over
4,talk,73,6,12,Over
4,talk,74,6,14,Over
4,talk,75,6,2,Over
4,talk,76,6,5,Over
4,talk,77,6,8,Over
4,talk,78,6,3,Over
4,talk,79,6,13,Over
4,talk,80,6,7,VOTE Agent[13]
4,talk,81,6,1,Over
4,talk,82,6,15,VOTE Agent[13]
4,talk,83,6,11,VOTE Agent[15]
4,talk,84,7,14,Over
4,talk,85,7,5,Over
4,talk,86,7,3,Over
4,talk,87,7,2,Over
4,talk,88,7,7,VOTE Agent[13]
4,talk,89,7,12,Over
4,talk,90,7,13,Over
4,talk,91,7,15,VOTE Agent[13]
4,talk,92,7,6,Over
4,talk,93,7,1,Over
4,talk,94,7,8,Over
4,talk,95,7,11,VOTE Agent[15]
4,talk,96,8,2,Over
4,talk,97,8,11,VOTE Agent[15]
4,talk,98,8,8,Over
4,talk,99,8,7,VOTE Agent[13]
4,talk,100,8,13,Over
4,talk,101,8,6,Over
4,talk,102,8,5,Over
4,talk,103,8,1,Over
4,talk,104,8,3,Over
4,talk,105,8,14,Over
4,talk,106,8,15,VOTE Agent[13]
4,talk,107,8,12,Over
4,talk,108,9,3,Over
4,talk,109,9,14,Over
4,talk,110,9,2,Over
4,talk,111,9,6,Over
4,talk,112,9,13,Over
4,talk,113,9,7,Over
4,talk,114,9,12,Over
4,talk,115,9,5,Over
4,talk,116,9,8,Over
4,talk,117,9,1,Over
4,talk,118,9,15,Over
4,talk,119,9,11,Over
4,vote,1,7
4,vote,2,7
4,vote,3,13
4,vote,5,7
4,vote,6,7
4,vote,7,13
4,vote,8,13
4,vote,11,15
4,vote,12,7
4,vote,13,7
4,vote,14,7
4,vote,15,13
4,execute,7,VILLAGER
4,divine,15,11,HUMAN
4,whisper,0,0,13,Skip
4,whisper,1,0,5,Skip
4,whisper,2,0,12,Skip
4,whisper,3,1,5,Skip
4,whisper,4,1,13,Skip
4,whisper,5,1,12,Skip
4,whisper,6,2,12,Over
4,whisper,7,2,13,Over
4,whisper,8,2,5,Over
4,guard,1,2,POSSESSED
4,attackVote,5,15
4,attackVote,12,2
4,attackVote,13,2
4,attack,2,false
5,status,1,BODYGUARD,ALIVE,sample_py
5,status,2,POSSESSED,ALIVE,sample_py
5,status,3,VILLAGER,ALIVE,SampleJava1
5,status,4,VILLAGER,DEAD,HALU
5,status,5,WEREWOLF,ALIVE,Takeda10
5,status,6,VILLAGER,ALIVE,sample_py
5,status,7,VILLAGER,DEAD,OKAMI
5,status,8,VILLAGER,ALIVE,SampleJava5
5,status,9,VILLAGER,DEAD,HALU
5,status,10,MEDIUM,DEAD,TOKU2
5,status,11,VILLAGER,ALIVE,HALU
5,status,12,WEREWOLF,ALIVE,TOKU0
5,status,13,WEREWOLF,ALIVE,TOKU9
5,status,14,VILLAGER,ALIVE,SampleJava11
5,status,15,SEER,ALIVE,OKAMI
5,talk,0,0,6,VOTE Agent[08]
5,talk,1,0,11,VOTE Agent[06]
5,talk,2,0,2,DIVINED Agent[05] HUMAN
5,talk,3,0,14,VOTE Agent[06]
5,talk,4,0,15,VOTE Agent[08]
5,talk,5,0,12,VOTE Agent[11]
5,talk,6,0,13,VOTE Agent[11]
5,talk,7,0,8,VOTE Agent[13]
5,talk,8,0,1,VOTE Agent[11]
5,talk,9,0,5,VOTE Agent[11]
5,talk,10,0,3,VOTE Agent[05]
5,talk,11,1,5,Skip
5,talk,12,1,3,REQUEST ANY (VOTE Agent[05])
5,talk,13,1,12,Skip
5,talk,14,1,1,Skip
5,talk,15,1,14,REQUEST ANY (VOTE Agent[06])
5,talk,16,1,13,Skip
5,talk,17,1,2,VOTE Agent[05]
5,talk,18,1,8,REQUEST ANY (VOTE Agent[13])
5,talk,19,1,15,VOTE Agent[06]
5,talk,20,1,11,VOTE Agent[08]
5,talk,21,1,6,Skip
5,talk,22,2,13,Skip
5,talk,23,2,2,Skip
5,talk,24,2,8,Skip
5,talk,25,2,1,Skip
5,talk,26,2,11,VOTE Agent[08]
5,talk,27,2,3,Skip
5,talk,28,2,5,Skip
5,talk,29,2,12,Skip
5,talk,30,2,14,Skip
5,talk,31,2,6,Skip
5,talk,32,2,15,VOTE Agent[08]
5,talk,33,3,11,VOTE Agent[08]
5,talk,34,3,8,Skip
5,talk,35,3,14,Skip
5,talk,36,3,1,Over
5,talk,37,3,6,Over
5,talk,38,3,13,Over
5,talk,39,3,5,Over
5,talk,40,3,15,VOTE Agent[05]
5,talk,41,3,12,Over
5,talk,42,3,2,Skip
5,talk,43,3,3,Skip
5,talk,44,4,8,Over
5,talk,45,4,14,Over
5,talk,46,4,6,Over
5,talk,47,4,5,Over
5,talk,48,4,11,VOTE Agent[11]
5,talk,49,4,1,Over
5,talk,50,4,12,Over
5,talk,51,4,13,Over
5,talk,52,4,15,VOTE Agent[05]
5,talk,53,4,2,Over
5,talk,54,4,3,Over
5,talk,55,5,5,Over
5,talk,56,5,11,VOTE Agent[08]
5,talk,57,5,3,Over
5,talk,58,5,13,Over
5,talk,59,5,14,Over
5,talk,60,5,8,Over
5,talk,61,5,15,VOTE Agent[08]
5,talk,62,5,1,Over
5,talk,63,5,2,Over
5,talk,64,5,12,Over
5,talk,65,5,6,Over
5,talk,66,6,12,Over
5,talk,67,6,5,Over
5,talk,68,6,3,Over
5,talk,69,6,15,VOTE Agent[08]
5,talk,70,6,8,Over
5,talk,71,6,6,Over
5,talk,72,6,14,Over
5,talk,73,6,2,Over
5,talk,74,6,1,Over
5,talk,75,6,11,VOTE Agent[08]
5,talk,76,6,13,Over
5,talk,77,7,15,VOTE Agent[05]
5,talk,78,7,2,Over
5,talk,79,7,14,Over
5,talk,80,7,12,Over
5,talk,81,7,8,Over
5,talk,82,7,11,VOTE Agent[08]
5,talk,83,7,13,Over
5,talk,84,7,3,Over
5,talk,85,7,5,Over
5,talk,86,7,6,Over
5,talk,87,7,1,Over
5,talk,88,8,14,Over
5,talk,89,8,13,Over
5,talk,90,8,8,Over
5,talk,91,8,11,VOTE Agent[08]
5,talk,92,8,1,Over
5,talk,93,8,12,Over
5,talk,94,8,5,Over
5,talk,95,8,2,Over
5,talk,96,8,15,VOTE Agent[05]
5,talk,97,8,6,Over
5,talk,98,8,3,Over
5,talk,99,9,11,Over
5,talk,100,9,2,Over
5,talk,101,9,6,Over
5,talk,102,9,1,Over
5,talk,103,9,12,Over
5,talk,104,9,14,Over
5,talk,105,9,15,Over
5,talk,106,9,3,Over
5,talk,107,9,13,Over
5,talk,108,9,5,Over
5,talk,109,9,8,Over
5,vote,1,11
5,vote,2,5
5,vote,3,6
5,vote,5,12
5,vote,6,8
5,vote,8,6
5,vote,11,8
5,vote,12,5
5,vote,13,12
5,vote,14,13
5,vote,15,5
5,execute,5,WEREWOLF
5,divine,15,3,HUMAN
5,whisper,0,0,12,Skip
5,whisper,1,0,13,Skip
5,whisper,2,1,12,Skip
5,whisper,3,1,13,Skip
5,whisper,4,2,13,Over
5,whisper,5,2,12,Over
5,guard,1,2,POSSESSED
5,attackVote,12,2
5,attackVote,13,2
5,attack,2,false
6,status,1,BODYGUARD,ALIVE,sample_py
6,status,2,POSSESSED,ALIVE,sample_py
6,status,3,VILLAGER,ALIVE,SampleJava1
6,status,4,VILLAGER,DEAD,HALU
6,status,5,WEREWOLF,DEAD,Takeda10
6,status,6,VILLAGER,ALIVE,sample_py
6,status,7,VILLAGER,DEAD,OKAMI
6,status,8,VILLAGER,ALIVE,SampleJava5
6,status,9,VILLAGER,DEAD,HALU
6,status,10,MEDIUM,DEAD,TOKU2
6,status,11,VILLAGER,ALIVE,HALU
6,status,12,WEREWOLF,ALIVE,TOKU0
6,status,13,WEREWOLF,ALIVE,TOKU9
6,status,14,VILLAGER,ALIVE,SampleJava11
6,status,15,SEER,ALIVE,OKAMI
6,talk,0,0,11,VOTE Agent[11]
6,talk,1,0,8,VOTE Agent[13]
6,talk,2,0,13,VOTE Agent[11]
6,talk,3,0,15,VOTE Agent[13]
6,talk,4,0,12,VOTE Agent[11]
6,talk,5,0,14,VOTE Agent[03]
6,talk,6,0,2,DIVINED Agent[03] HUMAN
6,talk,7,0,3,VOTE Agent[14]
6,talk,8,0,6,VOTE Agent[12]
6,talk,9,0,1,VOTE Agent[03]
6,talk,10,1,13,Skip
6,talk,11,1,3,REQUEST ANY (VOTE Agent[14])
6,talk,12,1,1,Skip
6,talk,13,1,8,REQUEST ANY (VOTE Agent[13])
6,talk,14,1,12,Skip
6,talk,15,1,11,VOTE Agent[08]
6,talk,16,1,15,VOTE Agent[03]
6,talk,17,1,2,VOTE Agent[03]
6,talk,18,1,6,Skip
6,talk,19,1,14,REQUEST ANY (VOTE Agent[03])
6,talk,20,2,13,Skip
6,talk,21,2,1,Skip
6,talk,22,2,6,Skip
6,talk,23,2,14,Skip
6,talk,24,2,11,VOTE Agent[14]
6,talk,25,2,2,Skip
6,talk,26,2,3,Skip
6,talk,27,2,12,Skip
6,talk,28,2,8,Skip
6,talk,29,2,15,VOTE Agent[14]
6,talk,30,3,14,Skip
6,talk,31,3,1,Over
6,talk,32,3,13,Over
6,talk,33,3,12,Over
6,talk,34,3,11,VOTE Agent[06]
6,talk,35,3,8,Skip
6,talk,36,3,2,Skip
6,talk,37,3,15,VOTE Agent[11]
6,talk,38,3,3,Skip
6,talk,39,3,6,Over
6,talk,40,4,8,Over
6,talk,41,4,6,Over
6,talk,42,4,3,Over
6,talk,43,4,15,VOTE Agent[11]
6,talk,44,4,2,Over
6,talk,45,4,14,Over
6,talk,46,4,11,VOTE Agent[14]
6,talk,47,4,1,Over
6,talk,48,4,12,Over
6,talk,49,4,13,Over
6,talk,50,5,6,Over
6,talk,51,5,3,Over
6,talk,52,5,13,Over
6,talk,53,5,8,Over
6,talk,54,5,12,Over
6,talk,55,5,11,VOTE Agent[08]
6,talk,56,5,15,VOTE Agent[11]
6,talk,57,5,14,Over
6,talk,58,5,1,Over
6,talk,59,5,2,Over
6,talk,60,6,2,Over
6,talk,61,6,8,Over
6,talk,62,6,13,Over
6,talk,63,6,3,Over
6,talk,64,6,6,Over
6,talk,65,6,14,Over
6,talk,66,6,15,VOTE Agent[11]
6,talk,67,6,12,Over
6,talk,68,6,1,Over
6,talk,69,6,11,VOTE Agent[06]
6,talk,70,7,6,Over
6,talk,71,7,8,Over
6,talk,72,7,12,Over
6,talk,73,7,3,Over
6,talk,74,7,13,Over
6,talk,75,7,2,Over
6,talk,76,7,15,VOTE Agent[11]
6,talk,77,7,11,VOTE Agent[14]
6,talk,78,7,14,Over
6,talk,79,7,1,Over
6,talk,80,8,6,Over
6,talk,81,8,11,VOTE Agent[14]
6,talk,82,8,3,Over
6,talk,83,8,14,Over
6,talk,84,8,1,Over
6,talk,85,8,12,Over
6,talk,86,8,13,Over
6,talk,87,8,15,VOTE Agent[11]
6,talk,88,8,8,Over
6,talk,89,8,2,Over
6,talk,90,9,1,Over
6,talk,91,9,3,Over
6,talk,92,9,15,Over
6,talk,93,9,13,Over
6,talk,94,9,2,Over
6,talk,95,9,14,Over
6,talk,96,9,11,Over
6,talk,97,9,8,Over
6,talk,98,9,6,Over
6,talk,99,9,12,Over
6,vote,1,3
6,vote,2,3
6,vote,3,13
6,vote,6,12
6,vote,8,3
6,vote,11,6
6,vote,12,11
6,vote,13,12
6,vote,14,13
6,vote,15,14
6,execute,3,VILLAGER
6,divine,15,12,WEREWOLF
6,whisper,0,0,12,Skip
6,whisper,1,0,13,Skip
6,whisper,2,1,12,Skip
6,whisper,3,1,13,Skip
6,whisper,4,2,12,Over
6,whisper,5,2,13,Over
6,guard,1,2,POSSESSED
6,attackVote,12,2
6,attackVote,13,2
6,attack,2,false
7,status,1,BODYGUARD,ALIVE,sample_py
7,status,2,POSSESSED,ALIVE,sample_py
7,status,3,VILLAGER,DEAD,SampleJava1
7,status,4,VILLAGER,DEAD,HALU
7,status,5,WEREWOLF,DEAD,Takeda10
7,status,6,VILLAGER,ALIVE,sample_py
7,status,7,VILLAGER,DEAD,OKAMI
7,status,8,VILLAGER,ALIVE,SampleJava5
7,status,9,VILLAGER,DEAD,HALU
7,status,10,MEDIUM,DEAD,TOKU2
7,status,11,VILLAGER,ALIVE,HALU
7,status,12,WEREWOLF,ALIVE,TOKU0
7,status,13,WEREWOLF,ALIVE,TOKU9
7,status,14,VILLAGER,ALIVE,SampleJava11
7,status,15,SEER,ALIVE,OKAMI
7,talk,0,0,8,VOTE Agent[12]
7,talk,1,0,13,VOTE Agent[11]
7,talk,2,0,1,VOTE Agent[02]
7,talk,3,0,6,VOTE Agent[11]
7,talk,4,0,14,VOTE Agent[12]
7,talk,5,0,2,DIVINED Agent[13] HUMAN
7,talk,6,0,12,VOTE Agent[11]
7,talk,7,0,11,VOTE Agent[14]
7,talk,8,0,15,VOTE Agent[12]
7,talk,9,1,14,REQUEST ANY (VOTE Agent[12])
7,talk,10,1,1,Skip
7,talk,11,1,13,Skip
7,talk,12,1,12,Skip
7,talk,13,1,2,VOTE Agent[08]
7,talk,14,1,6,Skip
7,talk,15,1,8,REQUEST ANY (VOTE Agent[12])
7,talk,16,1,15,VOTE Agent[12]
7,talk,17,1,11,VOTE Agent[01]
7,talk,18,2,11,VOTE Agent[01]
7,talk,19,2,12,VOTE Agent[15]
7,talk,20,2,8,Skip
7,talk,21,2,6,Skip
7,talk,22,2,15,VOTE Agent[11]
7,talk,23,2,13,VOTE Agent[15]
7,talk,24,2,2,Skip
7,talk,25,2,14,Skip
7,talk,26,2,1,Skip
7,talk,27,3,13,Skip
7,talk,28,3,11,VOTE Agent[15]
7,talk,29,3,15,VOTE Agent[12]
7,talk,30,3,12,Skip
7,talk,31,3,14,Skip
7,talk,32,3,2,Skip
7,talk,33,3,6,Over
7,talk,34,3,1,Over
7,talk,35,3,8,Skip
7,talk,36,4,15,VOTE Agent[12]
7,talk,37,4,1,Over
7,talk,38,4,11,VOTE Agent[15]
7,talk,39,4,2,Over
7,talk,40,4,12,Skip
7,talk,41,4,14,Over
7,talk,42,4,13,Skip
7,talk,43,4,8,Over
7,talk,44,4,6,Over
7,talk,45,5,12,Over
7,talk,46,5,1,Over
7,talk,47,5,2,Over
7,talk,48,5,13,Over
7,talk,49,5,11,VOTE Agent[02]
7,talk,50,5,6,Over
7,talk,51,5,8,Over
7,talk,52,5,14,Over
7,talk,53,5,15,VOTE Agent[02]
7,talk,54,6,12,Over
7,talk,55,6,1,Over
7,talk,56,6,15,VOTE Agent[15]
7,talk,57,6,11,VOTE Agent[11]
7,talk,58,6,14,Over
7,talk,59,6,13,Over
7,talk,60,6,2,Over
7,talk,61,6,8,Over
7,talk,62,6,6,Over
7,talk,63,7,6,Over
7,talk,64,7,2,Over
7,talk,65,7,1,Over
7,talk,66,7,15,VOTE Agent[15]
7,talk,67,7,12,Over
7,talk,68,7,14,Over
7,talk,69,7,13,Over
7,talk,70,7,8,Over
7,talk,71,7,11,VOTE Agent[11]
7,talk,72,8,2,Over
7,talk,73,8,15,VOTE Agent[15]
7,talk,74,8,6,Over
7,talk,75,8,12,Over
7,talk,76,8,8,Over
7,talk,77,8,14,Over
7,talk,78,8,13,Over
7,talk,79,8,1,Over
7,talk,80,8,11,VOTE Agent[11]
7,talk,81,9,6,Over
7,talk,82,9,8,Over
7,talk,83,9,11,Over
7,talk,84,9,1,Over
7,talk,85,9,2,Over
7,talk,86,9,13,Over
7,talk,87,9,12,Over
7,talk,88,9,14,Over
7,talk,89,9,15,Over
7,vote,1,2
7,vote,2,8
7,vote,6,11
7,vote,8,12
7,vote,11,1
7,vote,12,15
7,vote,13,15
7,vote,14,12
7,vote,15,14
7,vote,1,2
7,vote,2,8
7,vote,6,11
7,vote,8,12
7,vote,11,13
7,vote,12,15
7,vote,13,15
7,vote,14,12
7,vote,15,8
7,execute,8,VILLAGER
7,divine,15,12,WEREWOLF
7,whisper,0,0,13,Skip
7,whisper,1,0,12,Skip
7,whisper,2,1,13,Skip
7,whisper,3,1,12,Skip
7,whisper,4,2,13,Over
7,whisper,5,2,12,Over
7,guard,1,2,POSSESSED
7,attackVote,12,2
7,attackVote,13,2
7,attack,2,false
8,status,1,BODYGUARD,ALIVE,sample_py
8,status,2,POSSESSED,ALIVE,sample_py
8,status,3,VILLAGER,DEAD,SampleJava1
8,status,4,VILLAGER,DEAD,HALU
8,status,5,WEREWOLF,DEAD,Takeda10
8,status,6,VILLAGER,ALIVE,sample_py
8,status,7,VILLAGER,DEAD,OKAMI
8,status,8,VILLAGER,DEAD,SampleJava5
8,status,9,VILLAGER,DEAD,HALU
8,status,10,MEDIUM,DEAD,TOKU2
8,status,11,VILLAGER,ALIVE,HALU
8,status,12,WEREWOLF,ALIVE,TOKU0
8,status,13,WEREWOLF,ALIVE,TOKU9
8,status,14,VILLAGER,ALIVE,SampleJava11
8,status,15,SEER,ALIVE,OKAMI
8,talk,0,0,1,VOTE Agent[13]
8,talk,1,0,12,VOTE Agent[15]
8,talk,2,0,11,VOTE Agent[01]
8,talk,3,0,15,VOTE Agent[15]
8,talk,4,0,14,VOTE Agent[11]
8,talk,5,0,2,DIVINED Agent[06] HUMAN
8,talk,6,0,13,VOTE Agent[15]
8,talk,7,0,6,VOTE Agent[12]
8,talk,8,1,13,Skip
8,talk,9,1,12,Skip
8,talk,10,1,14,REQUEST ANY (VOTE Agent[11])
8,talk,11,1,2,VOTE Agent[06]
8,talk,12,1,6,Skip
8,talk,13,1,15,VOTE Agent[13]
8,talk,14,1,1,Skip
8,talk,15,1,11,VOTE Agent[06]
8,talk,16,2,1,Skip
8,talk,17,2,11,VOTE Agent[13]
8,talk,18,2,14,Skip
8,talk,19,2,2,Skip
8,talk,20,2,13,Skip
8,talk,21,2,6,Skip
8,talk,22,2,15,VOTE Agent[15]
8,talk,23,2,12,Skip
8,talk,24,3,11,VOTE Agent[15]
8,talk,25,3,14,Skip
8,talk,26,3,13,Over
8,talk,27,3,6,Over
8,talk,28,3,1,Over
8,talk,29,3,15,VOTE Agent[12]
8,talk,30,3,2,Skip
8,talk,31,3,12,Over
8,talk,32,4,6,Over
8,talk,33,4,13,Over
8,talk,34,4,12,Over
8,talk,35,4,1,Over
8,talk,36,4,15,VOTE Agent[12]
8,talk,37,4,11,VOTE Agent[15]
8,talk,38,4,14,Over
8,talk,39,4,2,Over
8,talk,40,5,11,VOTE Agent[15]
8,talk,41,5,6,Over
8,talk,42,5,13,Over
8,talk,43,5,12,Over
8,talk,44,5,14,Over
8,talk,45,5,2,Over
8,talk,46,5,1,Over
8,talk,47,5,15,VOTE Agent[11]
8,talk,48,6,2,Over
8,talk,49,6,12,Over
8,talk,50,6,1,Over
8,talk,51,6,13,Over
8,talk,52,6,11,VOTE Agent[15]
8,talk,53,6,15,VOTE Agent[12]
8,talk,54,6,6,Over
8,talk,55,6,14,Over
8,talk,56,7,13,Over
8,talk,57,7,2,Over
8,talk,58,7,6,Over
8,talk,59,7,1,Over
8,talk,60,7,14,Over
8,talk,61,7,15,VOTE Agent[12]
8,talk,62,7,12,Over
8,talk,63,7,11,VOTE Agent[15]
8,talk,64,8,11,VOTE Agent[15]
8,talk,65,8,1,Over
8,talk,66,8,13,Over
8,talk,67,8,12,Over
8,talk,68,8,2,Over
8,talk,69,8,6,Over
8,talk,70,8,15,VOTE Agent[11]
8,talk,71,8,14,Over
8,talk,72,9,6,Over
8,talk,73,9,11,Over
8,talk,74,9,1,Over
8,talk,75,9,14,Over
8,talk,76,9,15,Over
8,talk,77,9,2,Over
8,talk,78,9,12,Over
8,talk,79,9,13,Over
8,vote,1,13
8,vote,2,6
8,vote,6,12
8,vote,11,15
8,vote,12,15
8,vote,13,15
8,vote,14,2
8,vote,15,11
8,execute,15,SEER
8,whisper,0,0,13,Skip
8,whisper,1,0,12,Skip
8,whisper,2,1,12,Skip
8,whisper,3,1,13,Skip
8,whisper,4,2,13,Over
8,whisper,5,2,12,Over
8,guard,1,2,POSSESSED
8,attackVote,12,2
8,attackVote,13,2
8,attack,2,false
9,status,1,BODYGUARD,ALIVE,sample_py
9,status,2,POSSESSED,ALIVE,sample_py
9,status,3,VILLAGER,DEAD,SampleJava1
9,status,4,VILLAGER,DEAD,HALU
9,status,5,WEREWOLF,DEAD,Takeda10
9,status,6,VILLAGER,ALIVE,sample_py
9,status,7,VILLAGER,DEAD,OKAMI
9,status,8,VILLAGER,DEAD,SampleJava5
9,status,9,VILLAGER,DEAD,HALU
9,status,10,MEDIUM,DEAD,TOKU2
9,status,11,VILLAGER,ALIVE,HALU
9,status,12,WEREWOLF,ALIVE,TOKU0
9,status,13,WEREWOLF,ALIVE,TOKU9
9,status,14,VILLAGER,ALIVE,SampleJava11
9,status,15,SEER,DEAD,OKAMI
9,talk,0,0,12,VOTE Agent[13]
9,talk,1,0,6,VOTE Agent[14]
9,talk,2,0,14,VOTE Agent[11]
9,talk,3,0,2,DIVINED Agent[11] HUMAN
9,talk,4,0,1,VOTE Agent[13]
9,talk,5,0,11,VOTE Agent[13]
9,talk,6,0,13,VOTE Agent[12]
9,talk,7,1,1,Skip
9,talk,8,1,6,Skip
9,talk,9,1,13,Skip
9,talk,10,1,14,REQUEST ANY (VOTE Agent[11])
9,talk,11,1,2,VOTE Agent[06]
9,talk,12,1,11,VOTE Agent[13]
9,talk,13,1,12,Skip
9,talk,14,2,14,Skip
9,talk,15,2,2,Skip
9,talk,16,2,12,Skip
9,talk,17,2,11,VOTE Agent[13]
9,talk,18,2,13,VOTE Agent[14]
9,talk,19,2,6,Skip
9,talk,20,2,1,Skip
9,talk,21,3,1,Over
9,talk,22,3,13,Skip
9,talk,23,3,12,VOTE Agent[14]
9,talk,24,3,6,Over
9,talk,25,3,2,Skip
9,talk,26,3,14,Skip
9,talk,27,3,11,VOTE Agent[12]
9,talk,28,4,12,Skip
9,talk,29,4,14,Over
9,talk,30,4,1,Over
9,talk,31,4,2,Over
9,talk,32,4,6,Over
9,talk,33,4,11,VOTE Agent[12]
9,talk,34,4,13,Skip
9,talk,35,5,6,Over
9,talk,36,5,11,VOTE Agent[12]
9,talk,37,5,14,Over
9,talk,38,5,1,Over
9,talk,39,5,13,Over
9,talk,40,5,2,Over
9,talk,41,5,12,Skip
9,talk,42,6,6,Over
9,talk,43,6,12,Over
9,talk,44,6,1,Over
9,talk,45,6,13,Over
9,talk,46,6,14,Over
9,talk,47,6,2,Over
9,talk,48,6,11,VOTE Agent[12]
9,talk,49,7,6,Over
9,talk,50,7,12,Over
9,talk,51,7,2,Over
9,talk,52,7,1,Over
9,talk,53,7,11,VOTE Agent[12]
9,talk,54,7,14,Over
9,talk,55,7,13,Over
9,talk,56,8,2,Over
9,talk,57,8,13,Over
9,talk,58,8,6,Over
9,talk,59,8,12,Over
9,talk,60,8,1,Over
9,talk,61,8,11,VOTE Agent[12]
9,talk,62,8,14,Over
9,talk,63,9,13,Over
9,talk,64,9,11,Over
9,talk,65,9,2,Over
9,talk,66,9,6,Over
9,talk,67,9,1,Over
9,talk,68,9,12,Over
9,talk,69,9,14,Over
9,vote,1,13
9,vote,2,6
9,vote,6,14
9,vote,11,12
9,vote,12,13
9,vote,13,14
9,vote,14,13
9,execute,13,WEREWOLF
9,guard,1,2,POSSESSED
9,attackVote,12,2
9,attack,2,false
10,status,1,BODYGUARD,ALIVE,sample_py
10,status,2,POSSESSED,ALIVE,sample_py
10,status,3,VILLAGER,DEAD,SampleJava1
10,status,4,VILLAGER,DEAD,HALU
10,status,5,WEREWOLF,DEAD,Takeda10
10,status,6,VILLAGER,ALIVE,sample_py
10,status,7,VILLAGER,DEAD,OKAMI
10,status,8,VILLAGER,DEAD,SampleJava5
10,status,9,VILLAGER,DEAD,HALU
10,status,10,MEDIUM,DEAD,TOKU2
10,status,11,VILLAGER,ALIVE,HALU
10,status,12,WEREWOLF,ALIVE,TOKU0
10,status,13,WEREWOLF,DEAD,TOKU9
10,status,14,VILLAGER,ALIVE,SampleJava11
10,status,15,SEER,DEAD,OKAMI
10,talk,0,0,12,VOTE Agent[14]
10,talk,1,0,11,VOTE Agent[12]
10,talk,2,0,14,VOTE Agent[02]
10,talk,3,0,1,VOTE Agent[12]
10,talk,4,0,2,DIVINED Agent[12] HUMAN
10,talk,5,0,6,VOTE Agent[12]
10,talk,6,1,6,Skip
10,talk,7,1,14,REQUEST ANY (VOTE Agent[02])
10,talk,8,1,2,VOTE Agent[14]
10,talk,9,1,12,VOTE Agent[14]
10,talk,10,1,11,VOTE Agent[12]
10,talk,11,1,1,Skip
10,talk,12,2,2,Skip
10,talk,13,2,12,VOTE Agent[14]
10,talk,14,2,6,Skip
10,talk,15,2,1,Skip
10,talk,16,2,14,Skip
10,talk,17,2,11,VOTE Agent[12]
10,talk,18,3,2,Skip
10,talk,19,3,11,VOTE Agent[12]
10,talk,20,3,12,VOTE Agent[14]
10,talk,21,3,14,Skip
10,talk,22,3,1,Over
10,talk,23,3,6,Over
10,talk,24,4,6,Over
10,talk,25,4,11,VOTE Agent[12]
10,talk,26,4,1,Over
10,talk,27,4,14,Over
10,talk,28,4,12,VOTE Agent[14]
10,talk,29,4,2,Over
10,talk,30,5,12,VOTE Agent[14]
10,talk,31,5,14,Over
10,talk,32,5,1,Over
10,talk,33,5,6,Over
10,talk,34,5,2,Over
10,talk,35,5,11,VOTE Agent[12]
10,talk,36,6,6,Over
10,talk,37,6,11,VOTE Agent[12]
10,talk,38,6,14,Over
10,talk,39,6,12,VOTE Agent[14]
10,talk,40,6,2,Over
10,talk,41,6,1,Over
10,talk,42,7,6,Over
10,talk,43,7,11,VOTE Agent[12]
10,talk,44,7,14,Over
10,talk,45,7,2,Over
10,talk,46,7,12,VOTE Agent[14]
10,talk,47,7,1,Over
10,talk,48,8,11,VOTE Agent[12]
10,talk,49,8,2,Over
10,talk,50,8,1,Over
10,talk,51,8,14,Over
10,talk,52,8,6,Over
10,talk,53,8,12,VOTE Agent[14]
10,talk,54,9,12,VOTE Agent[14]
10,talk,55,9,14,Over
10,talk,56,9,2,Over
10,talk,57,9,6,Over
10,talk,58,9,11,Over
10,talk,59,9,1,Over
10,talk,60,10,6,Over
10,talk,61,10,14,Over
10,talk,62,10,11,Over
10,talk,63,10,2,Over
10,talk,64,10,1,Over
10,talk,65,10,12,Over
10,vote,1,12
10,vote,2,14
10,vote,6,12
10,vote,11,12
10,vote,12,14
10,vote,14,1
10,execute,12,WEREWOLF
10,guard,1,2,POSSESSED
11,status,1,BODYGUARD,ALIVE,sample_py
11,status,2,POSSESSED,ALIVE,sample_py
11,status,3,VILLAGER,DEAD,SampleJava1
11,status,4,VILLAGER,DEAD,HALU
11,status,5,WEREWOLF,DEAD,Takeda10
11,status,6,VILLAGER,ALIVE,sample_py
11,status,7,VILLAGER,DEAD,OKAMI
11,status,8,VILLAGER,DEAD,SampleJava5
11,status,9,VILLAGER,DEAD,HALU
11,status,10,MEDIUM,DEAD,TOKU2
11,status,11,VILLAGER,ALIVE,HALU
11,status,12,WEREWOLF,DEAD,TOKU0
11,status,13,WEREWOLF,DEAD,TOKU9
11,status,14,VILLAGER,ALIVE,SampleJava11
11,status,15,SEER,DEAD,OKAMI
11,result,5,0,VILLAGER
