0,status,1,POSSESSED,ALIVE,Tomato5
0,status,2,VILLAGER,ALIVE,TOKU10
0,status,3,WEREWOLF,ALIVE,HALU
0,status,4,WEREWOLF,ALIVE,OKAMI
0,status,5,BODYGUARD,ALIVE,Takeda2
0,status,6,WEREWOLF,ALIVE,Takeda6
0,status,7,VILLAGER,ALIVE,SampleJava7
0,status,8,VILLAGER,ALIVE,OKAMI
0,status,9,VILLAGER,ALIVE,TOKU9
0,status,10,VILLAGER,ALIVE,OKAMI
0,status,11,VILLAGER,ALIVE,TOKU14
0,status,12,SEER,ALIVE,SampleJava0
0,status,13,MEDIUM,ALIVE,TOKU1
0,status,14,VILLAGER,ALIVE,SampleJava13
0,status,15,VILLAGER,ALIVE,TOKU8
0,whisper,0,0,3,COMINGOUT Agent[03] VILLAGER
0,whisper,1,0,4,COMINGOUT Agent[04] MEDIUM
0,whisper,2,0,6,Skip
0,whisper,3,1,3,Skip
0,whisper,4,1,6,Skip
0,whisper,5,1,4,Skip
0,whisper,6,2,6,Over
0,whisper,7,2,3,Skip
0,whisper,8,2,4,Skip
0,whisper,9,3,3,Over
0,whisper,10,3,4,Over
0,whisper,11,3,6,Over
0,divine,12,11,HUMAN
1,status,1,POSSESSED,ALIVE,Tomato5
1,status,2,VILLAGER,ALIVE,TOKU10
1,status,3,WEREWOLF,ALIVE,HALU
1,status,4,WEREWOLF,ALIVE,OKAMI
1,status,5,BODYGUARD,ALIVE,Takeda2
1,status,6,WEREWOLF,ALIVE,Takeda6
1,status,7,VILLAGER,ALIVE,SampleJava7
1,status,8,VILLAGER,ALIVE,OKAMI
1,status,9,VILLAGER,ALIVE,TOKU9
1,status,10,VILLAGER,ALIVE,OKAMI
1,status,11,VILLAGER,ALIVE,TOKU14
1,status,12,SEER,ALIVE,SampleJava0
1,status,13,MEDIUM,ALIVE,TOKU1
1,status,14,VILLAGER,ALIVE,SampleJava13
1,status,15,VILLAGER,ALIVE,TOKU8
1,talk,0,0,1,COMINGOUT Agent[01] SEER
1,talk,1,0,12,COMINGOUT Agent[12] SEER
1,talk,2,0,4,COMINGOUT Agent[04] MEDIUM
1,talk,3,0,7,VOTE Agent[05]
1,talk,4,0,8,VOTE Agent[05]
1,talk,5,0,11,VOTE Agent[12]
1,talk,6,0,13,COMINGOUT Agent[13] MEDIUM
1,talk,7,0,9,VOTE Agent[14]
1,talk,8,0,3,VOTE Agent[04]
1,talk,9,0,15,VOTE Agent[09]
1,talk,10,0,14,VOTE Agent[11]
1,talk,11,0,5,VOTE Agent[12]
1,talk,12,0,2,VOTE Agent[05]
1,talk,13,0,6,VOTE Agent[12]
1,talk,14,0,10,VOTE Agent[05]
1,talk,15,1,4,VOTE Agent[13]
1,talk,16,1,13,VOTE Agent[04]
1,talk,17,1,14,REQUEST ANY (VOTE Agent[11])
1,talk,18,1,2,VOTE Agent[04]
1,talk,19,1,12,DAY 1 (DIVINED Agent[11] HUMAN)
1,talk,20,1,15,VOTE Agent[04]
1,talk,21,1,1,DIVINED Agent[05] HUMAN
1,talk,22,1,11,VOTE Agent[04]
1,talk,23,1,8,COMINGOUT Agent[08] VILLAGER
1,talk,24,1,7,REQUEST ANY (VOTE Agent[05])
1,talk,25,1,6,VOTE Agent[04]
1,talk,26,1,10,COMINGOUT Agent[10] VILLAGER
1,talk,27,1,9,VOTE Agent[04]
1,talk,28,1,3,VOTE Agent[04]
1,talk,29,1,5,VOTE Agent[04]
1,talk,30,2,8,VOTE Agent[10]
1,talk,31,2,6,Skip
1,talk,32,2,1,VOTE Agent[04]
1,talk,33,2,4,VOTE Agent[13]
1,talk,34,2,7,Skip
1,talk,35,2,13,Skip
1,talk,36,2,14,Skip
1,talk,37,2,10,VOTE Agent[14]
1,talk,38,2,9,Skip
1,talk,39,2,5,Skip
1,talk,40,2,11,Skip
1,talk,41,2,3,VOTE Agent[04]
1,talk,42,2,12,DIVINED Agent[11] HUMAN
1,talk,43,2,15,Skip
1,talk,44,2,2,Skip
1,talk,45,3,4,VOTE Agent[13]
1,talk,46,3,3,VOTE Agent[04]
1,talk,47,3,11,Skip
1,talk,48,3,10,VOTE Agent[06]
1,talk,49,3,13,Skip
1,talk,50,3,12,BECAUSE (AND (COMINGOUT Agent[12] SEER) (Agent[01] COMINGOUT Agent[01] SEER)) (XOR (ESTIMATE Agent[01] WEREWOLF) (ESTIMATE Agent[01] POSSESSED))
1,talk,51,3,14,Skip
1,talk,52,3,9,Skip
1,talk,53,3,1,Skip
1,talk,54,3,7,Skip
1,talk,55,3,5,Skip
1,talk,56,3,15,Skip
1,talk,57,3,8,VOTE Agent[10]
1,talk,58,3,6,Skip
1,talk,59,3,2,Skip
1,talk,60,4,1,Skip
1,talk,61,4,5,Over
1,talk,62,4,10,VOTE Agent[06]
1,talk,63,4,7,Over
1,talk,64,4,14,Over
1,talk,65,4,8,VOTE Agent[10]
1,talk,66,4,13,Over
1,talk,67,4,4,VOTE Agent[13]
1,talk,68,4,2,Over
1,talk,69,4,15,Over
1,talk,70,4,9,Over
1,talk,71,4,11,Over
1,talk,72,4,12,BECAUSE (XOR (ESTIMATE Agent[01] WEREWOLF) (ESTIMATE Agent[01] POSSESSED)) (AND (VOTE Agent[01]) (REQUEST ANY (VOTE Agent[01])))
1,talk,73,4,3,VOTE Agent[04]
1,talk,74,4,6,Over
1,talk,75,5,4,VOTE Agent[13]
1,talk,76,5,14,Over
1,talk,77,5,7,Over
1,talk,78,5,11,Over
1,talk,79,5,8,VOTE Agent[10]
1,talk,80,5,15,Over
1,talk,81,5,2,Over
1,talk,82,5,3,VOTE Agent[04]
1,talk,83,5,5,Over
1,talk,84,5,6,Over
1,talk,85,5,12,VOTE Agent[01]
1,talk,86,5,10,VOTE Agent[09]
1,talk,87,5,1,Over
1,talk,88,5,13,Over
1,talk,89,5,9,Over
1,talk,90,6,11,Over
1,talk,91,6,12,REQUEST ANY (VOTE Agent[01])
1,talk,92,6,3,VOTE Agent[04]
1,talk,93,6,15,Over
1,talk,94,6,14,Over
1,talk,95,6,1,Over
1,talk,96,6,4,VOTE Agent[13]
1,talk,97,6,2,Over
1,talk,98,6,6,Over
1,talk,99,6,13,Over
1,talk,100,6,9,Over
1,talk,101,6,8,VOTE Agent[10]
1,talk,102,6,10,VOTE Agent[07]
1,talk,103,6,5,Over
1,talk,104,6,7,Over
1,talk,105,7,12,Skip
1,talk,106,7,4,VOTE Agent[13]
1,talk,107,7,7,Over
1,talk,108,7,8,VOTE Agent[10]
1,talk,109,7,9,Over
1,talk,110,7,3,VOTE Agent[04]
1,talk,111,7,10,VOTE Agent[08]
1,talk,112,7,6,Over
1,talk,113,7,13,Over
1,talk,114,7,5,Over
1,talk,115,7,2,Over
1,talk,116,7,11,Over
1,talk,117,7,1,Over
1,talk,118,7,14,Over
1,talk,119,7,15,Over
1,talk,120,8,13,Over
1,talk,121,8,9,Over
1,talk,122,8,12,Skip
1,talk,123,8,11,Over
1,talk,124,8,2,Over
1,talk,125,8,6,Over
1,talk,126,8,14,Over
1,talk,127,8,1,Over
1,talk,128,8,10,VOTE Agent[09]
1,talk,129,8,3,VOTE Agent[04]
1,talk,130,8,15,Over
1,talk,131,8,4,VOTE Agent[13]
1,talk,132,8,5,Over
1,talk,133,8,7,Over
1,talk,134,8,8,VOTE Agent[10]
1,talk,135,9,10,Over
1,talk,136,9,11,Over
1,talk,137,9,15,Over
1,talk,138,9,9,Over
1,talk,139,9,14,Over
1,talk,140,9,1,Over
1,talk,141,9,8,Over
1,talk,142,9,5,Over
1,talk,143,9,12,Over
1,talk,144,9,4,Over
1,talk,145,9,6,Over
1,talk,146,9,13,Over
1,talk,147,9,3,Over
1,talk,148,9,2,Over
1,talk,149,9,7,Over
1,vote,1,4
1,vote,2,4
1,vote,3,4
1,vote,4,13
1,vote,5,4
1,vote,6,4
1,vote,7,1
1,vote,8,10
1,vote,9,4
1,vote,10,3
1,vote,11,4
1,vote,12,1
1,vote,13,4
1,vote,14,1
1,vote,15,4
1,execute,4,WEREWOLF
1,divine,12,1,HUMAN
1,whisper,0,0,3,ATTACK Agent[12]
1,whisper,1,0,6,Skip
1,whisper,2,1,6,Skip
1,whisper,3,1,3,Skip
1,whisper,4,2,3,Skip
1,whisper,5,2,6,Over
1,whisper,6,3,6,Over
1,whisper,7,3,3,Over
1,guard,5,12,SEER
1,attackVote,3,1
1,attackVote,6,5
1,attackVote,3,12
1,attackVote,6,5
1,attack,12,false
2,status,1,POSSESSED,ALIVE,Tomato5
2,status,2,VILLAGER,ALIVE,TOKU10
2,status,3,WEREWOLF,ALIVE,HALU
2,status,4,WEREWOLF,DEAD,OKAMI
2,status,5,BODYGUARD,ALIVE,Takeda2
2,status,6,WEREWOLF,ALIVE,Takeda6
2,status,7,VILLAGER,ALIVE,SampleJava7
2,status,8,VILLAGER,ALIVE,OKAMI
2,status,9,VILLAGER,ALIVE,TOKU9
2,status,10,VILLAGER,ALIVE,OKAMI
2,status,11,VILLAGER,ALIVE,TOKU14
2,status,12,SEER,ALIVE,SampleJava0
2,status,13,MEDIUM,ALIVE,TOKU1
2,status,14,VILLAGER,ALIVE,SampleJava13
2,status,15,VILLAGER,ALIVE,TOKU8
2,talk,0,0,13,IDENTIFIED Agent[04] WEREWOLF
2,talk,1,0,10,VOTE Agent[08]
2,talk,2,0,11,VOTE Agent[05]
2,talk,3,0,8,VOTE Agent[10]
2,talk,4,0,2,VOTE Agent[05]
2,talk,5,0,9,VOTE Agent[05]
2,talk,6,0,12,DAY 2 (DIVINED Agent[01] HUMAN)
2,talk,7,0,6,VOTE Agent[05]
2,talk,8,0,3,VOTE Agent[13]
2,talk,9,0,14,VOTE Agent[08]
2,talk,10,0,5,VOTE Agent[09]
2,talk,11,0,1,DIVINED Agent[10] HUMAN
2,talk,12,0,15,VOTE Agent[09]
2,talk,13,0,7,VOTE Agent[12]
2,talk,14,1,7,REQUEST ANY (VOTE Agent[12])
2,talk,15,1,1,VOTE Agent[08]
2,talk,16,1,11,Skip
2,talk,17,1,9,Skip
2,talk,18,1,14,REQUEST ANY (VOTE Agent[08])
2,talk,19,1,2,Skip
2,talk,20,1,8,COMINGOUT Agent[08] VILLAGER
2,talk,21,1,10,COMINGOUT Agent[10] VILLAGER
2,talk,22,1,13,VOTE Agent[05]
2,talk,23,1,5,Skip
2,talk,24,1,12,DIVINED Agent[01] HUMAN
2,talk,25,1,6,VOTE Agent[09]
2,talk,26,1,15,Skip
2,talk,27,1,3,VOTE Agent[13]
2,talk,28,2,11,VOTE Agent[09]
2,talk,29,2,10,VOTE Agent[08]
2,talk,30,2,5,Skip
2,talk,31,2,9,Skip
2,talk,32,2,14,Skip
2,talk,33,2,2,Skip
2,talk,34,2,12,BECAUSE (AND (AND (COMINGOUT Agent[12] SEER) (Agent[01] COMINGOUT Agent[01] SEER)) (DAY 2 (DIVINED Agent[01] HUMAN))) (ESTIMATE Agent[01] POSSESSED)
2,talk,35,2,7,Skip
2,talk,36,2,3,VOTE Agent[13]
2,talk,37,2,15,VOTE Agent[05]
2,talk,38,2,1,VOTE Agent[09]
2,talk,39,2,13,Skip
2,talk,40,2,8,VOTE Agent[10]
2,talk,41,2,6,Skip
2,talk,42,3,8,VOTE Agent[10]
2,talk,43,3,2,Over
2,talk,44,3,9,Over
2,talk,45,3,11,VOTE Agent[05]
2,talk,46,3,7,Skip
2,talk,47,3,1,VOTE Agent[08]
2,talk,48,3,13,Skip
2,talk,49,3,6,VOTE Agent[05]
2,talk,50,3,10,VOTE Agent[09]
2,talk,51,3,12,VOTE Agent[10]
2,talk,52,3,15,Skip
2,talk,53,3,5,Over
2,talk,54,3,14,Skip
2,talk,55,3,3,VOTE Agent[13]
2,talk,56,4,2,Over
2,talk,57,4,11,Skip
2,talk,58,4,10,VOTE Agent[09]
2,talk,59,4,15,Skip
2,talk,60,4,3,VOTE Agent[13]
2,talk,61,4,7,Over
2,talk,62,4,8,VOTE Agent[10]
2,talk,63,4,13,Over
2,talk,64,4,5,Over
2,talk,65,4,14,Over
2,talk,66,4,1,VOTE Agent[09]
2,talk,67,4,12,REQUEST ANY (VOTE Agent[10])
2,talk,68,4,9,Over
2,talk,69,4,6,Skip
2,talk,70,5,8,VOTE Agent[10]
2,talk,71,5,11,Skip
2,talk,72,5,1,Skip
2,talk,73,5,7,Over
2,talk,74,5,2,Over
2,talk,75,5,6,Skip
2,talk,76,5,3,VOTE Agent[13]
2,talk,77,5,12,Skip
2,talk,78,5,9,Over
2,talk,79,5,10,VOTE Agent[08]
2,talk,80,5,14,Over
2,talk,81,5,15,Over
2,talk,82,5,13,Over
2,talk,83,5,5,Over
2,talk,84,6,12,Skip
2,talk,85,6,3,VOTE Agent[13]
2,talk,86,6,5,Over
2,talk,87,6,13,Over
2,talk,88,6,6,Over
2,talk,89,6,15,Over
2,talk,90,6,14,Over
2,talk,91,6,2,Over
2,talk,92,6,10,VOTE Agent[08]
2,talk,93,6,7,Over
2,talk,94,6,1,VOTE Agent[08]
2,talk,95,6,9,Over
2,talk,96,6,11,Over
2,talk,97,6,8,VOTE Agent[10]
2,talk,98,7,3,VOTE Agent[13]
2,talk,99,7,6,Over
2,talk,100,7,1,Skip
2,talk,101,7,7,Over
2,talk,102,7,10,VOTE Agent[09]
2,talk,103,7,14,Over
2,talk,104,7,8,VOTE Agent[10]
2,talk,105,7,2,Over
2,talk,106,7,13,Over
2,talk,107,7,5,Over
2,talk,108,7,9,Over
2,talk,109,7,15,Over
2,talk,110,7,12,Over
2,talk,111,7,11,Over
2,talk,112,8,15,Over
2,talk,113,8,3,VOTE Agent[13]
2,talk,114,8,9,Over
2,talk,115,8,14,Over
2,talk,116,8,8,VOTE Agent[10]
2,talk,117,8,1,VOTE Agent[09]
2,talk,118,8,6,Over
2,talk,119,8,10,VOTE Agent[08]
2,talk,120,8,7,Over
2,talk,121,8,11,Over
2,talk,122,8,2,Over
2,talk,123,8,12,Over
2,talk,124,8,5,Over
2,talk,125,8,13,Over
2,talk,126,9,6,Over
2,talk,127,9,13,Over
2,talk,128,9,7,Over
2,talk,129,9,9,Over
2,talk,130,9,3,Over
2,talk,131,9,1,VOTE Agent[08]
2,talk,132,9,11,Over
2,talk,133,9,2,Over
2,talk,134,9,10,Over
2,talk,135,9,14,Over
2,talk,136,9,12,Over
2,talk,137,9,15,Over
2,talk,138,9,5,Over
2,talk,139,9,8,Over
2,talk,140,10,10,Over
2,talk,141,10,1,Skip
2,talk,142,10,12,Over
2,talk,143,10,5,Over
2,talk,144,10,13,Over
2,talk,145,10,14,Over
2,talk,146,10,7,Over
2,talk,147,10,3,Over
2,talk,148,10,9,Over
2,talk,149,10,15,Over
2,talk,150,10,6,Over
2,talk,151,10,11,Over
2,talk,152,10,8,Over
2,talk,153,10,2,Over
2,talk,154,11,7,Over
2,talk,155,11,5,Over
2,talk,156,11,15,Over
2,talk,157,11,14,Over
2,talk,158,11,11,Over
2,talk,159,11,10,Over
2,talk,160,11,13,Over
2,talk,161,11,3,Over
2,talk,162,11,9,Over
2,talk,163,11,8,Over
2,talk,164,11,6,Over
2,talk,165,11,2,Over
2,talk,166,11,1,Skip
2,talk,167,11,12,Over
2,talk,168,12,15,Over
2,talk,169,12,6,Over
2,talk,170,12,1,Over
2,talk,171,12,2,Over
2,talk,172,12,14,Over
2,talk,173,12,12,Over
2,talk,174,12,3,Over
2,talk,175,12,11,Over
2,talk,176,12,5,Over
2,talk,177,12,8,Over
2,talk,178,12,13,Over
2,talk,179,12,9,Over
2,talk,180,12,10,Over
2,talk,181,12,7,Over
2,vote,1,8
2,vote,2,5
2,vote,3,13
2,vote,5,9
2,vote,6,5
2,vote,7,8
2,vote,8,10
2,vote,9,5
2,vote,10,9
2,vote,11,5
2,vote,12,8
2,vote,13,5
2,vote,14,10
2,vote,15,5
2,execute,5,BODYGUARD
2,divine,12,13,HUMAN
2,whisper,0,0,6,Skip
2,whisper,1,0,3,ATTACK Agent[13]
2,whisper,2,1,6,Skip
2,whisper,3,1,3,Skip
2,whisper,4,2,3,Skip
2,whisper,5,2,6,Over
2,whisper,6,3,3,Over
2,whisper,7,3,6,Over
2,attackVote,3,13
2,attackVote,6,12
2,attackVote,3,13
2,attackVote,6,12
2,attack,13,true
3,status,1,POSSESSED,ALIVE,Tomato5
3,status,2,VILLAGER,ALIVE,TOKU10
3,status,3,WEREWOLF,ALIVE,HALU
3,status,4,WEREWOLF,DEAD,OKAMI
3,status,5,BODYGUARD,DEAD,Takeda2
3,status,6,WEREWOLF,ALIVE,Takeda6
3,status,7,VILLAGER,ALIVE,SampleJava7
3,status,8,VILLAGER,ALIVE,OKAMI
3,status,9,VILLAGER,ALIVE,TOKU9
3,status,10,VILLAGER,ALIVE,OKAMI
3,status,11,VILLAGER,ALIVE,TOKU14
3,status,12,SEER,ALIVE,SampleJava0
3,status,13,MEDIUM,DEAD,TOKU1
3,status,14,VILLAGER,ALIVE,SampleJava13
3,status,15,VILLAGER,ALIVE,TOKU8
3,talk,0,0,8,VOTE Agent[10]
3,talk,1,0,14,VOTE Agent[08]
3,talk,2,0,7,VOTE Agent[15]
3,talk,3,0,9,VOTE Agent[15]
3,talk,4,0,12,DAY 3 (DIVINED Agent[13] HUMAN)
3,talk,5,0,2,VOTE Agent[09]
3,talk,6,0,11,VOTE Agent[09]
3,talk,7,0,15,VOTE Agent[09]
3,talk,8,0,3,VOTE Agent[08]
3,talk,9,0,1,DIVINED Agent[14] WEREWOLF
3,talk,10,0,10,VOTE Agent[14]
3,talk,11,0,6,VOTE Agent[09]
3,talk,12,1,9,Skip
3,talk,13,1,12,DIVINED Agent[13] HUMAN
3,talk,14,1,3,VOTE Agent[14]
3,talk,15,1,7,REQUEST ANY (VOTE Agent[15])
3,talk,16,1,11,Skip
3,talk,17,1,1,VOTE Agent[09]
3,talk,18,1,6,Skip
3,talk,19,1,14,REQUEST ANY (VOTE Agent[08])
3,talk,20,1,8,COMINGOUT Agent[08] VILLAGER
3,talk,21,1,10,COMINGOUT Agent[10] VILLAGER
3,talk,22,1,2,Skip
3,talk,23,1,15,Skip
3,talk,24,2,12,VOTE Agent[02]
3,talk,25,2,9,Skip
3,talk,26,2,7,Skip
3,talk,27,2,1,Skip
3,talk,28,2,11,Skip
3,talk,29,2,14,BECAUSE (AND (COMINGOUT Agent[14] VILLAGER) (DAY 3 (Agent[01] DIVINED Agent[14] WEREWOLF))) (XOR (ESTIMATE Agent[01] WEREWOLF) (ESTIMATE Agent[01] POSSESSED))
3,talk,30,2,15,Skip
3,talk,31,2,8,VOTE Agent[10]
3,talk,32,2,6,Skip
3,talk,33,2,2,Skip
3,talk,34,2,10,VOTE Agent[14]
3,talk,35,2,3,VOTE Agent[14]
3,talk,36,3,8,VOTE Agent[10]
3,talk,37,3,2,Over
3,talk,38,3,12,REQUEST ANY (VOTE Agent[02])
3,talk,39,3,3,VOTE Agent[14]
3,talk,40,3,14,BECAUSE (XOR (ESTIMATE Agent[01] WEREWOLF) (ESTIMATE Agent[01] POSSESSED)) (AND (VOTE Agent[01]) (REQUEST ANY (VOTE Agent[01])))
3,talk,41,3,11,Over
3,talk,42,3,15,VOTE Agent[14]
3,talk,43,3,6,Over
3,talk,44,3,1,Skip
3,talk,45,3,10,VOTE Agent[14]
3,talk,46,3,9,VOTE Agent[14]
3,talk,47,3,7,Skip
3,talk,48,4,15,Skip
3,talk,49,4,10,VOTE Agent[14]
3,talk,50,4,2,VOTE Agent[14]
3,talk,51,4,8,VOTE Agent[10]
3,talk,52,4,7,Over
3,talk,53,4,14,VOTE Agent[01]
3,talk,54,4,9,Skip
3,talk,55,4,12,Skip
3,talk,56,4,11,Over
3,talk,57,4,3,VOTE Agent[14]
3,talk,58,4,6,VOTE Agent[14]
3,talk,59,4,1,Over
3,talk,60,5,6,Skip
3,talk,61,5,9,Skip
3,talk,62,5,15,Skip
3,talk,63,5,7,Over
3,talk,64,5,12,Skip
3,talk,65,5,2,Skip
3,talk,66,5,10,VOTE Agent[14]
3,talk,67,5,11,VOTE Agent[14]
3,talk,68,5,14,REQUEST ANY (VOTE Agent[01])
3,talk,69,5,8,VOTE Agent[10]
3,talk,70,5,1,VOTE Agent[15]
3,talk,71,5,3,VOTE Agent[14]
3,talk,72,6,1,Skip
3,talk,73,6,7,Over
3,talk,74,6,8,VOTE Agent[10]
3,talk,75,6,6,Skip
3,talk,76,6,12,Over
3,talk,77,6,2,Skip
3,talk,78,6,14,Skip
3,talk,79,6,11,Skip
3,talk,80,6,9,Over
3,talk,81,6,3,VOTE Agent[14]
3,talk,82,6,10,VOTE Agent[14]
3,talk,83,6,15,Over
3,talk,84,7,10,VOTE Agent[14]
3,talk,85,7,9,Over
3,talk,86,7,6,Over
3,talk,87,7,11,Skip
3,talk,88,7,2,Over
3,talk,89,7,12,Over
3,talk,90,7,8,VOTE Agent[10]
3,talk,91,7,14,Skip
3,talk,92,7,1,VOTE Agent[10]
3,talk,93,7,3,VOTE Agent[14]
3,talk,94,7,7,Over
3,talk,95,7,15,Over
3,talk,96,8,2,Over
3,talk,97,8,8,VOTE Agent[10]
3,talk,98,8,12,Over
3,talk,99,8,1,VOTE Agent[02]
3,talk,100,8,9,Over
3,talk,101,8,15,Over
3,talk,102,8,10,VOTE Agent[14]
3,talk,103,8,3,VOTE Agent[14]
3,talk,104,8,7,Over
3,talk,105,8,6,Over
3,talk,106,8,14,Over
3,talk,107,8,11,Over
3,talk,108,9,11,Over
3,talk,109,9,12,Over
3,talk,110,9,6,Over
3,talk,111,9,15,Over
3,talk,112,9,10,Over
3,talk,113,9,1,Skip
3,talk,114,9,14,Over
3,talk,115,9,7,Over
3,talk,116,9,8,Over
3,talk,117,9,3,Over
3,talk,118,9,2,Over
3,talk,119,9,9,Over
3,talk,120,10,2,Over
3,talk,121,10,7,Over
3,talk,122,10,12,Over
3,talk,123,10,14,Over
3,talk,124,10,15,Over
3,talk,125,10,9,Over
3,talk,126,10,1,VOTE Agent[10]
3,talk,127,10,11,Over
3,talk,128,10,6,Over
3,talk,129,10,8,Over
3,talk,130,10,10,Over
3,talk,131,10,3,Over
3,talk,132,11,8,Over
3,talk,133,11,7,Over
3,talk,134,11,15,Over
3,talk,135,11,9,Over
3,talk,136,11,6,Over
3,talk,137,11,11,Over
3,talk,138,11,12,Over
3,talk,139,11,3,Over
3,talk,140,11,1,VOTE Agent[15]
3,talk,141,11,10,Over
3,talk,142,11,2,Over
3,talk,143,11,14,Over
3,talk,144,12,1,Skip
3,talk,145,12,12,Over
3,talk,146,12,3,Over
3,talk,147,12,10,Over
3,talk,148,12,2,Over
3,talk,149,12,11,Over
3,talk,150,12,15,Over
3,talk,151,12,6,Over
3,talk,152,12,7,Over
3,talk,153,12,8,Over
3,talk,154,12,9,Over
3,talk,155,12,14,Over
3,talk,156,13,12,Over
3,talk,157,13,11,Over
3,talk,158,13,6,Over
3,talk,159,13,8,Over
3,talk,160,13,9,Over
3,talk,161,13,15,Over
3,talk,162,13,10,Over
3,talk,163,13,2,Over
3,talk,164,13,14,Over
3,talk,165,13,3,Over
3,talk,166,13,1,VOTE Agent[02]
3,talk,167,13,7,Over
3,talk,168,14,15,Over
3,talk,169,14,3,Over
3,talk,170,14,9,Over
3,talk,171,14,1,VOTE Agent[10]
3,talk,172,14,14,Over
3,talk,173,14,2,Over
3,talk,174,14,10,Over
3,talk,175,14,6,Over
3,talk,176,14,7,Over
3,talk,177,14,8,Over
3,talk,178,14,12,Over
3,talk,179,14,11,Over
3,talk,180,15,2,Over
3,talk,181,15,1,VOTE Agent[02]
3,talk,182,15,8,Over
3,talk,183,15,9,Over
3,talk,184,15,7,Over
3,talk,185,15,6,Over
3,talk,186,15,14,Over
3,talk,187,15,12,Over
3,talk,188,15,15,Over
3,talk,189,15,11,Over
3,talk,190,15,10,Over
3,talk,191,15,3,Over
3,talk,192,16,2,Over
3,talk,193,16,7,Over
3,talk,194,16,9,Over
3,talk,195,16,10,Over
3,talk,196,16,12,Over
3,talk,197,16,11,Over
3,talk,198,16,15,Over
3,talk,199,16,8,Over
3,talk,200,16,14,Over
3,talk,201,16,1,Over
3,talk,202,16,6,Over
3,talk,203,16,3,Over
3,vote,1,2
3,vote,2,14
3,vote,3,14
3,vote,6,14
3,vote,7,1
3,vote,8,10
3,vote,9,14
3,vote,10,14
3,vote,11,14
3,vote,12,15
3,vote,14,1
3,vote,15,14
3,execute,14,VILLAGER
3,divine,12,8,HUMAN
3,whisper,0,0,6,Skip
3,whisper,1,0,3,ATTACK Agent[13]
3,whisper,2,1,6,Skip
3,whisper,3,1,3,Skip
3,whisper,4,2,3,Skip
3,whisper,5,2,6,Over
3,whisper,6,3,3,Over
3,whisper,7,3,6,Over
3,attackVote,6,12
3,attack,12,true
4,status,1,POSSESSED,ALIVE,Tomato5
4,status,2,VILLAGER,ALIVE,TOKU10
4,status,3,WEREWOLF,ALIVE,HALU
4,status,4,WEREWOLF,DEAD,OKAMI
4,status,5,BODYGUARD,DEAD,Takeda2
4,status,6,WEREWOLF,ALIVE,Takeda6
4,status,7,VILLAGER,ALIVE,SampleJava7
4,status,8,VILLAGER,ALIVE,OKAMI
4,status,9,VILLAGER,ALIVE,TOKU9
4,status,10,VILLAGER,ALIVE,OKAMI
4,status,11,VILLAGER,ALIVE,TOKU14
4,status,12,SEER,DEAD,SampleJava0
4,status,13,MEDIUM,DEAD,TOKU1
4,status,14,VILLAGER,DEAD,SampleJava13
4,status,15,VILLAGER,ALIVE,TOKU8
4,talk,0,0,15,VOTE Agent[09]
4,talk,1,0,9,VOTE Agent[15]
4,talk,2,0,11,VOTE Agent[09]
4,talk,3,0,2,VOTE Agent[09]
4,talk,4,0,10,VOTE Agent[15]
4,talk,5,0,8,VOTE Agent[10]
4,talk,6,0,6,VOTE Agent[09]
4,talk,7,0,7,VOTE Agent[09]
4,talk,8,0,1,DIVINED Agent[08] WEREWOLF
4,talk,9,0,3,VOTE Agent[08]
4,talk,10,1,8,COMINGOUT Agent[08] VILLAGER
4,talk,11,1,9,VOTE Agent[15]
4,talk,12,1,6,Skip
4,talk,13,1,7,REQUEST ANY (VOTE Agent[09])
4,talk,14,1,2,Skip
4,talk,15,1,3,VOTE Agent[08]
4,talk,16,1,15,Skip
4,talk,17,1,1,VOTE Agent[09]
4,talk,18,1,10,COMINGOUT Agent[10] VILLAGER
4,talk,19,1,11,Skip
4,talk,20,2,11,VOTE Agent[15]
4,talk,21,2,15,Skip
4,talk,22,2,9,VOTE Agent[15]
4,talk,23,2,7,Skip
4,talk,24,2,2,VOTE Agent[15]
4,talk,25,2,6,VOTE Agent[15]
4,talk,26,2,3,VOTE Agent[08]
4,talk,27,2,1,VOTE Agent[15]
4,talk,28,2,10,VOTE Agent[08]
4,talk,29,2,8,VOTE Agent[10]
4,talk,30,3,11,VOTE Agent[09]
4,talk,31,3,9,Skip
4,talk,32,3,10,VOTE Agent[08]
4,talk,33,3,7,Skip
4,talk,34,3,8,VOTE Agent[10]
4,talk,35,3,6,VOTE Agent[09]
4,talk,36,3,15,Over
4,talk,37,3,1,VOTE Agent[09]
4,talk,38,3,2,VOTE Agent[09]
4,talk,39,3,3,VOTE Agent[08]
4,talk,40,4,2,Skip
4,talk,41,4,11,Skip
4,talk,42,4,10,VOTE Agent[08]
4,talk,43,4,3,VOTE Agent[08]
4,talk,44,4,15,Over
4,talk,45,4,6,Skip
4,talk,46,4,9,VOTE Agent[15]
4,talk,47,4,8,VOTE Agent[10]
4,talk,48,4,1,Skip
4,talk,49,4,7,Over
4,talk,50,5,2,Skip
4,talk,51,5,6,Skip
4,talk,52,5,3,VOTE Agent[08]
4,talk,53,5,15,Over
4,talk,54,5,1,Skip
4,talk,55,5,8,VOTE Agent[10]
4,talk,56,5,9,VOTE Agent[15]
4,talk,57,5,10,VOTE Agent[08]
4,talk,58,5,7,Over
4,talk,59,5,11,Skip
4,talk,60,6,1,Over
4,talk,61,6,2,Over
4,talk,62,6,3,VOTE Agent[08]
4,talk,63,6,15,Over
4,talk,64,6,10,VOTE Agent[08]
4,talk,65,6,7,Over
4,talk,66,6,9,VOTE Agent[15]
4,talk,67,6,11,Over
4,talk,68,6,8,VOTE Agent[10]
4,talk,69,6,6,Over
4,talk,70,7,3,VOTE Agent[08]
4,talk,71,7,9,VOTE Agent[15]
4,talk,72,7,15,Over
4,talk,73,7,6,Over
4,talk,74,7,7,Over
4,talk,75,7,1,Over
4,talk,76,7,8,VOTE Agent[10]
4,talk,77,7,11,Over
4,talk,78,7,2,Over
4,talk,79,7,10,VOTE Agent[08]
4,talk,80,8,2,Over
4,talk,81,8,7,Over
4,talk,82,8,3,VOTE Agent[08]
4,talk,83,8,11,Over
4,talk,84,8,1,Over
4,talk,85,8,8,VOTE Agent[10]
4,talk,86,8,6,Over
4,talk,87,8,9,VOTE Agent[15]
4,talk,88,8,15,Over
4,talk,89,8,10,VOTE Agent[08]
4,talk,90,9,10,Over
4,talk,91,9,15,Over
4,talk,92,9,1,Over
4,talk,93,9,8,Over
4,talk,94,9,9,VOTE Agent[15]
4,talk,95,9,6,Over
4,talk,96,9,7,Over
4,talk,97,9,2,Over
4,talk,98,9,3,Over
4,talk,99,9,11,Over
4,talk,100,10,10,Over
4,talk,101,10,3,Over
4,talk,102,10,1,Over
4,talk,103,10,8,Over
4,talk,104,10,6,Over
4,talk,105,10,11,Over
4,talk,106,10,15,Over
4,talk,107,10,2,Over
4,talk,108,10,7,Over
4,talk,109,10,9,VOTE Agent[15]
4,talk,110,11,2,Over
4,talk,111,11,10,Over
4,talk,112,11,1,Over
4,talk,113,11,3,Over
4,talk,114,11,11,Over
4,talk,115,11,6,Over
4,talk,116,11,15,Over
4,talk,117,11,7,Over
4,talk,118,11,9,Over
4,talk,119,11,8,Over
4,vote,1,9
4,vote,2,9
4,vote,3,8
4,vote,6,9
4,vote,7,1
4,vote,8,10
4,vote,9,15
4,vote,10,8
4,vote,11,9
4,vote,15,9
4,execute,9,VILLAGER
4,whisper,0,0,3,ATTACK Agent[13]
4,whisper,1,0,6,Skip
4,whisper,2,1,6,Skip
4,whisper,3,1,3,Skip
4,whisper,4,2,3,Skip
4,whisper,5,2,6,Over
4,whisper,6,3,6,Over
4,whisper,7,3,3,Over
4,attackVote,6,10
4,attack,10,true
5,status,1,POSSESSED,ALIVE,Tomato5
5,status,2,VILLAGER,ALIVE,TOKU10
5,status,3,WEREWOLF,ALIVE,HALU
5,status,4,WEREWOLF,DEAD,OKAMI
5,status,5,BODYGUARD,DEAD,Takeda2
5,status,6,WEREWOLF,ALIVE,Takeda6
5,status,7,VILLAGER,ALIVE,SampleJava7
5,status,8,VILLAGER,ALIVE,OKAMI
5,status,9,VILLAGER,DEAD,TOKU9
5,status,10,VILLAGER,DEAD,OKAMI
5,status,11,VILLAGER,ALIVE,TOKU14
5,status,12,SEER,DEAD,SampleJava0
5,status,13,MEDIUM,DEAD,TOKU1
5,status,14,VILLAGER,DEAD,SampleJava13
5,status,15,VILLAGER,ALIVE,TOKU8
5,talk,0,0,1,DIVINED Agent[03] HUMAN
5,talk,1,0,11,VOTE Agent[15]
5,talk,2,0,8,VOTE Agent[15]
5,talk,3,0,15,VOTE Agent[06]
5,talk,4,0,2,VOTE Agent[15]
5,talk,5,0,3,VOTE Agent[08]
5,talk,6,0,6,VOTE Agent[15]
5,talk,7,0,7,VOTE Agent[03]
5,talk,8,1,7,REQUEST ANY (VOTE Agent[03])
5,talk,9,1,1,VOTE Agent[15]
5,talk,10,1,8,COMINGOUT Agent[08] VILLAGER
5,talk,11,1,3,VOTE Agent[08]
5,talk,12,1,11,Skip
5,talk,13,1,2,Skip
5,talk,14,1,15,VOTE Agent[06]
5,talk,15,1,6,Skip
5,talk,16,2,8,VOTE Agent[03]
5,talk,17,2,3,VOTE Agent[08]
5,talk,18,2,7,Skip
5,talk,19,2,1,Skip
5,talk,20,2,15,VOTE Agent[03]
5,talk,21,2,2,Skip
5,talk,22,2,6,Skip
5,talk,23,2,11,Skip
5,talk,24,3,8,VOTE Agent[03]
5,talk,25,3,6,Over
5,talk,26,3,1,Skip
5,talk,27,3,11,Over
5,talk,28,3,15,VOTE Agent[03]
5,talk,29,3,2,Over
5,talk,30,3,3,VOTE Agent[08]
5,talk,31,3,7,Skip
5,talk,32,4,3,VOTE Agent[08]
5,talk,33,4,15,VOTE Agent[03]
5,talk,34,4,1,Over
5,talk,35,4,11,Over
5,talk,36,4,2,Over
5,talk,37,4,7,Over
5,talk,38,4,6,Over
5,talk,39,4,8,VOTE Agent[03]
5,talk,40,5,7,Over
5,talk,41,5,1,Over
5,talk,42,5,11,Over
5,talk,43,5,15,VOTE Agent[03]
5,talk,44,5,3,VOTE Agent[08]
5,talk,45,5,6,Over
5,talk,46,5,8,VOTE Agent[03]
5,talk,47,5,2,Over
5,talk,48,6,11,Over
5,talk,49,6,7,Over
5,talk,50,6,15,VOTE Agent[03]
5,talk,51,6,1,Over
5,talk,52,6,8,VOTE Agent[03]
5,talk,53,6,2,Over
5,talk,54,6,3,VOTE Agent[08]
5,talk,55,6,6,Over
5,talk,56,7,1,Over
5,talk,57,7,8,VOTE Agent[03]
5,talk,58,7,7,Over
5,talk,59,7,2,Over
5,talk,60,7,6,Over
5,talk,61,7,3,VOTE Agent[08]
5,talk,62,7,15,VOTE Agent[03]
5,talk,63,7,11,Over
5,talk,64,8,8,VOTE Agent[03]
5,talk,65,8,3,VOTE Agent[08]
5,talk,66,8,1,Over
5,talk,67,8,2,Over
5,talk,68,8,6,Over
5,talk,69,8,7,Over
5,talk,70,8,15,VOTE Agent[03]
5,talk,71,8,11,Over
5,talk,72,9,15,VOTE Agent[03]
5,talk,73,9,7,Over
5,talk,74,9,3,Over
5,talk,75,9,11,Over
5,talk,76,9,6,Over
5,talk,77,9,8,Over
5,talk,78,9,2,Over
5,talk,79,9,1,VOTE Agent[03]
5,talk,80,10,3,Over
5,talk,81,10,11,Over
5,talk,82,10,7,Over
5,talk,83,10,15,Over
5,talk,84,10,1,Skip
5,talk,85,10,2,Over
5,talk,86,10,8,Over
5,talk,87,10,6,VOTE Agent[03]
5,talk,88,11,8,Over
5,talk,89,11,1,Skip
5,talk,90,11,3,Over
5,talk,91,11,7,Over
5,talk,92,11,2,Over
5,talk,93,11,6,Skip
5,talk,94,11,11,Over
5,talk,95,11,15,Over
5,talk,96,12,3,Over
5,talk,97,12,11,Over
5,talk,98,12,8,Over
5,talk,99,12,2,Over
5,talk,100,12,7,Over
5,talk,101,12,6,Skip
5,talk,102,12,1,Over
5,talk,103,12,15,Over
5,talk,104,13,3,Over
5,talk,105,13,6,Over
5,talk,106,13,7,Over
5,talk,107,13,15,Over
5,talk,108,13,8,Over
5,talk,109,13,11,Over
5,talk,110,13,2,Over
5,talk,111,13,1,Over
5,vote,1,3
5,vote,2,3
5,vote,3,8
5,vote,6,3
5,vote,7,1
5,vote,8,15
5,vote,11,3
5,vote,15,3
5,execute,3,WEREWOLF
5,attackVote,6,8
5,attack,8,true
6,status,1,POSSESSED,ALIVE,Tomato5
6,status,2,VILLAGER,ALIVE,TOKU10
6,status,3,WEREWOLF,DEAD,HALU
6,status,4,WEREWOLF,DEAD,OKAMI
6,status,5,BODYGUARD,DEAD,Takeda2
6,status,6,WEREWOLF,ALIVE,Takeda6
6,status,7,VILLAGER,ALIVE,SampleJava7
6,status,8,VILLAGER,DEAD,OKAMI
6,status,9,VILLAGER,DEAD,TOKU9
6,status,10,VILLAGER,DEAD,OKAMI
6,status,11,VILLAGER,ALIVE,TOKU14
6,status,12,SEER,DEAD,SampleJava0
6,status,13,MEDIUM,DEAD,TOKU1
6,status,14,VILLAGER,DEAD,SampleJava13
6,status,15,VILLAGER,ALIVE,TOKU8
6,talk,0,0,6,VOTE Agent[15]
6,talk,1,0,7,BECAUSE (AND (ANY ATTACKED Agent[08]) (DAY 4 (Agent[01] DIVINED Agent[08] WEREWOLF))) (XOR (ESTIMATE Agent[01] WEREWOLF) (ESTIMATE Agent[01] POSSESSED))
6,talk,2,0,15,VOTE Agent[06]
6,talk,3,0,2,VOTE Agent[15]
6,talk,4,0,1,DIVINED Agent[15] HUMAN
6,talk,5,0,11,VOTE Agent[15]
6,talk,6,1,6,Skip
6,talk,7,1,7,BECAUSE (XOR (ESTIMATE Agent[01] WEREWOLF) (ESTIMATE Agent[01] POSSESSED)) (AND (VOTE Agent[01]) (REQUEST ANY (VOTE Agent[01])))
6,talk,8,1,1,VOTE Agent[15]
6,talk,9,1,11,Skip
6,talk,10,1,2,Skip
6,talk,11,1,15,VOTE Agent[06]
6,talk,12,2,6,Skip
6,talk,13,2,11,Skip
6,talk,14,2,1,Skip
6,talk,15,2,15,VOTE Agent[06]
6,talk,16,2,2,Skip
6,talk,17,2,7,VOTE Agent[01]
6,talk,18,3,15,VOTE Agent[06]
6,talk,19,3,6,Over
6,talk,20,3,2,Over
6,talk,21,3,1,Skip
6,talk,22,3,11,Over
6,talk,23,3,7,REQUEST ANY (VOTE Agent[01])
6,talk,24,4,2,Over
6,talk,25,4,7,Skip
6,talk,26,4,6,Over
6,talk,27,4,11,Over
6,talk,28,4,1,Over
6,talk,29,4,15,VOTE Agent[06]
6,talk,30,5,2,Over
6,talk,31,5,7,Skip
6,talk,32,5,11,Over
6,talk,33,5,1,Over
6,talk,34,5,15,VOTE Agent[06]
6,talk,35,5,6,Over
6,talk,36,6,11,Over
6,talk,37,6,6,Over
6,talk,38,6,15,VOTE Agent[06]
6,talk,39,6,7,Over
6,talk,40,6,1,Over
6,talk,41,6,2,Over
6,talk,42,7,11,Over
6,talk,43,7,2,Over
6,talk,44,7,7,Over
6,talk,45,7,6,Over
6,talk,46,7,15,VOTE Agent[06]
6,talk,47,7,1,Over
6,talk,48,8,15,VOTE Agent[06]
6,talk,49,8,7,Over
6,talk,50,8,2,Over
6,talk,51,8,1,Over
6,talk,52,8,11,Over
6,talk,53,8,6,Over
6,talk,54,9,6,Over
6,talk,55,9,15,VOTE Agent[06]
6,talk,56,9,7,Over
6,talk,57,9,1,Over
6,talk,58,9,2,Over
6,talk,59,9,11,Over
6,talk,60,10,15,Over
6,talk,61,10,1,Over
6,talk,62,10,2,Over
6,talk,63,10,7,Over
6,talk,64,10,6,Over
6,talk,65,10,11,Over
6,vote,1,15
6,vote,2,15
6,vote,6,15
6,vote,7,1
6,vote,11,15
6,vote,15,6
6,execute,15,VILLAGER
6,attackVote,6,7
6,attack,7,true
7,status,1,POSSESSED,ALIVE,Tomato5
7,status,2,VILLAGER,ALIVE,TOKU10
7,status,3,WEREWOLF,DEAD,HALU
7,status,4,WEREWOLF,DEAD,OKAMI
7,status,5,BODYGUARD,DEAD,Takeda2
7,status,6,WEREWOLF,ALIVE,Takeda6
7,status,7,VILLAGER,DEAD,SampleJava7
7,status,8,VILLAGER,DEAD,OKAMI
7,status,9,VILLAGER,DEAD,TOKU9
7,status,10,VILLAGER,DEAD,OKAMI
7,status,11,VILLAGER,ALIVE,TOKU14
7,status,12,SEER,DEAD,SampleJava0
7,status,13,MEDIUM,DEAD,TOKU1
7,status,14,VILLAGER,DEAD,SampleJava13
7,status,15,VILLAGER,DEAD,TOKU8
7,talk,0,0,2,VOTE Agent[06]
7,talk,1,0,6,VOTE Agent[02]
7,talk,2,0,11,VOTE Agent[06]
7,talk,3,0,1,DIVINED Agent[06] HUMAN
7,talk,4,1,6,VOTE Agent[02]
7,talk,5,1,2,Skip
7,talk,6,1,11,Skip
7,talk,7,1,1,VOTE Agent[06]
7,talk,8,2,11,Skip
7,talk,9,2,6,VOTE Agent[02]
7,talk,10,2,2,Skip
7,talk,11,2,1,Skip
7,talk,12,3,11,Over
7,talk,13,3,6,VOTE Agent[02]
7,talk,14,3,1,Skip
7,talk,15,3,2,Over
7,talk,16,4,6,VOTE Agent[02]
7,talk,17,4,1,Over
7,talk,18,4,2,Over
7,talk,19,4,11,Over
7,talk,20,5,11,Over
7,talk,21,5,2,Over
7,talk,22,5,6,VOTE Agent[02]
7,talk,23,5,1,Over
7,talk,24,6,2,Over
7,talk,25,6,6,VOTE Agent[02]
7,talk,26,6,1,Over
7,talk,27,6,11,Over
7,talk,28,7,11,Over
7,talk,29,7,6,VOTE Agent[02]
7,talk,30,7,2,Over
7,talk,31,7,1,Over
7,talk,32,8,2,Over
7,talk,33,8,11,Over
7,talk,34,8,6,VOTE Agent[02]
7,talk,35,8,1,Over
7,talk,36,9,2,Over
7,talk,37,9,11,Over
7,talk,38,9,6,VOTE Agent[02]
7,talk,39,9,1,Over
7,talk,40,10,11,Over
7,talk,41,10,2,Over
7,talk,42,10,6,Over
7,talk,43,10,1,Over
7,vote,1,6
7,vote,2,6
7,vote,6,2
7,vote,11,6
7,execute,6,WEREWOLF
8,status,1,POSSESSED,ALIVE,Tomato5
8,status,2,VILLAGER,ALIVE,TOKU10
8,status,3,WEREWOLF,DEAD,HALU
8,status,4,WEREWOLF,DEAD,OKAMI
8,status,5,BODYGUARD,DEAD,Takeda2
8,status,6,WEREWOLF,DEAD,Takeda6
8,status,7,VILLAGER,DEAD,SampleJava7
8,status,8,VILLAGER,DEAD,OKAMI
8,status,9,VILLAGER,DEAD,TOKU9
8,status,10,VILLAGER,DEAD,OKAMI
8,status,11,VILLAGER,ALIVE,TOKU14
8,status,12,SEER,DEAD,SampleJava0
8,status,13,MEDIUM,DEAD,TOKU1
8,status,14,VILLAGER,DEAD,SampleJava13
8,status,15,VILLAGER,DEAD,TOKU8
8,result,3,0,VILLAGER
