0,status,1,WEREWOLF,ALIVE,TOKU14
0,status,2,WEREWOLF,ALIVE,TOKU6
0,status,3,BODYGUARD,ALIVE,OKAMI
0,status,4,VILLAGER,ALIVE,HALU
0,status,5,SEER,ALIVE,Takeda11
0,status,6,VILLAGER,ALIVE,Tomato3
0,status,7,POSSESSED,ALIVE,sample_py
0,status,8,VILLAGER,ALIVE,Tomato4
0,status,9,WEREWOLF,ALIVE,SampleJava1
0,status,10,VILLAGER,ALIVE,HALU
0,status,11,VILLAGER,ALIVE,TOKU0
0,status,12,VILLAGER,ALIVE,sample_py
0,status,13,VILLAGER,ALIVE,Takeda8
0,status,14,VILLAGER,ALIVE,HALU
0,status,15,MEDIUM,ALIVE,SampleJava9
0,whisper,0,0,9,COMINGOUT Agent[09] VILLAGER
0,whisper,1,0,2,Skip
0,whisper,2,0,1,Skip
0,whisper,3,1,2,Skip
0,whisper,4,1,1,Skip
0,whisper,5,1,9,Skip
0,whisper,6,2,9,Skip
0,whisper,7,2,2,Over
0,whisper,8,2,1,Over
0,whisper,9,3,9,Over
0,whisper,10,3,1,Over
0,whisper,11,3,2,Over
0,divine,5,15,HUMAN
1,status,1,WEREWOLF,ALIVE,TOKU14
1,status,2,WEREWOLF,ALIVE,TOKU6
1,status,3,BODYGUARD,ALIVE,OKAMI
1,status,4,VILLAGER,ALIVE,HALU
1,status,5,SEER,ALIVE,Takeda11
1,status,6,VILLAGER,ALIVE,Tomato3
1,status,7,POSSESSED,ALIVE,sample_py
1,status,8,VILLAGER,ALIVE,Tomato4
1,status,9,WEREWOLF,ALIVE,SampleJava1
1,status,10,VILLAGER,ALIVE,HALU
1,status,11,VILLAGER,ALIVE,TOKU0
1,status,12,VILLAGER,ALIVE,sample_py
1,status,13,VILLAGER,ALIVE,Takeda8
1,status,14,VILLAGER,ALIVE,HALU
1,status,15,MEDIUM,ALIVE,SampleJava9
1,talk,0,0,11,VOTE Agent[12]
1,talk,1,0,4,VOTE Agent[11]
1,talk,2,0,5,COMINGOUT Agent[05] SEER
1,talk,3,0,14,VOTE Agent[04]
1,talk,4,0,12,VOTE Agent[11]
1,talk,5,0,6,VOTE Agent[11]
1,talk,6,0,3,VOTE Agent[04]
1,talk,7,0,7,COMINGOUT Agent[07] SEER
1,talk,8,0,13,VOTE Agent[07]
1,talk,9,0,15,VOTE Agent[03]
1,talk,10,0,2,VOTE Agent[07]
1,talk,11,0,8,VOTE Agent[11]
1,talk,12,0,9,VOTE Agent[13]
1,talk,13,0,10,VOTE Agent[03]
1,talk,14,0,1,VOTE Agent[07]
1,talk,15,1,3,VOTE Agent[07]
1,talk,16,1,15,REQUEST ANY (VOTE Agent[03])
1,talk,17,1,6,VOTE Agent[07]
1,talk,18,1,10,VOTE Agent[09]
1,talk,19,1,4,VOTE Agent[06]
1,talk,20,1,1,VOTE Agent[11]
1,talk,21,1,2,VOTE Agent[11]
1,talk,22,1,8,Skip
1,talk,23,1,12,Skip
1,talk,24,1,14,VOTE Agent[10]
1,talk,25,1,7,DIVINED Agent[02] HUMAN
1,talk,26,1,11,VOTE Agent[14]
1,talk,27,1,5,DIVINED Agent[15] HUMAN
1,talk,28,1,9,REQUEST ANY (VOTE Agent[13])
1,talk,29,1,13,Skip
1,talk,30,2,2,VOTE Agent[03]
1,talk,31,2,13,VOTE Agent[03]
1,talk,32,2,12,Skip
1,talk,33,2,4,VOTE Agent[10]
1,talk,34,2,10,VOTE Agent[06]
1,talk,35,2,7,VOTE Agent[05]
1,talk,36,2,15,Skip
1,talk,37,2,8,Skip
1,talk,38,2,5,VOTE Agent[03]
1,talk,39,2,9,Skip
1,talk,40,2,1,VOTE Agent[03]
1,talk,41,2,3,VOTE Agent[10]
1,talk,42,2,14,VOTE Agent[03]
1,talk,43,2,6,VOTE Agent[03]
1,talk,44,2,11,VOTE Agent[03]
1,talk,45,3,12,Over
1,talk,46,3,6,Skip
1,talk,47,3,4,VOTE Agent[10]
1,talk,48,3,13,Skip
1,talk,49,3,11,Skip
1,talk,50,3,1,Skip
1,talk,51,3,8,VOTE Agent[03]
1,talk,52,3,14,VOTE Agent[04]
1,talk,53,3,9,Skip
1,talk,54,3,3,VOTE Agent[11]
1,talk,55,3,5,VOTE Agent[03]
1,talk,56,3,2,Skip
1,talk,57,3,10,VOTE Agent[09]
1,talk,58,3,7,Skip
1,talk,59,3,15,Skip
1,talk,60,4,15,Over
1,talk,61,4,2,Skip
1,talk,62,4,6,Skip
1,talk,63,4,14,VOTE Agent[11]
1,talk,64,4,1,Skip
1,talk,65,4,12,Over
1,talk,66,4,3,VOTE Agent[10]
1,talk,67,4,4,VOTE Agent[11]
1,talk,68,4,9,Over
1,talk,69,4,5,VOTE Agent[03]
1,talk,70,4,11,Skip
1,talk,71,4,13,Skip
1,talk,72,4,7,Skip
1,talk,73,4,10,VOTE Agent[14]
1,talk,74,4,8,Skip
1,talk,75,5,13,Over
1,talk,76,5,3,VOTE Agent[14]
1,talk,77,5,10,VOTE Agent[04]
1,talk,78,5,9,Over
1,talk,79,5,14,VOTE Agent[11]
1,talk,80,5,15,Over
1,talk,81,5,12,Over
1,talk,82,5,4,VOTE Agent[10]
1,talk,83,5,1,Over
1,talk,84,5,8,Skip
1,talk,85,5,5,VOTE Agent[03]
1,talk,86,5,7,Over
1,talk,87,5,6,Over
1,talk,88,5,2,Over
1,talk,89,5,11,Over
1,talk,90,6,1,Over
1,talk,91,6,6,Over
1,talk,92,6,2,Over
1,talk,93,6,3,VOTE Agent[13]
1,talk,94,6,5,VOTE Agent[03]
1,talk,95,6,12,Over
1,talk,96,6,10,VOTE Agent[06]
1,talk,97,6,11,Over
1,talk,98,6,13,Over
1,talk,99,6,15,Over
1,talk,100,6,7,Over
1,talk,101,6,8,Over
1,talk,102,6,14,VOTE Agent[03]
1,talk,103,6,9,Over
1,talk,104,6,4,VOTE Agent[14]
1,talk,105,7,10,VOTE Agent[03]
1,talk,106,7,3,VOTE Agent[11]
1,talk,107,7,9,Over
1,talk,108,7,15,Over
1,talk,109,7,2,Over
1,talk,110,7,8,Over
1,talk,111,7,4,VOTE Agent[03]
1,talk,112,7,6,Over
1,talk,113,7,13,Over
1,talk,114,7,1,Over
1,talk,115,7,12,Over
1,talk,116,7,5,VOTE Agent[03]
1,talk,117,7,14,VOTE Agent[03]
1,talk,118,7,11,Over
1,talk,119,7,7,Over
1,talk,120,8,8,Over
1,talk,121,8,12,Over
1,talk,122,8,6,Over
1,talk,123,8,9,Over
1,talk,124,8,11,Over
1,talk,125,8,1,Over
1,talk,126,8,7,Over
1,talk,127,8,14,VOTE Agent[03]
1,talk,128,8,10,VOTE Agent[14]
1,talk,129,8,2,Over
1,talk,130,8,15,Over
1,talk,131,8,13,Over
1,talk,132,8,3,VOTE Agent[14]
1,talk,133,8,5,VOTE Agent[03]
1,talk,134,8,4,VOTE Agent[10]
1,talk,135,9,8,Over
1,talk,136,9,7,Over
1,talk,137,9,12,Over
1,talk,138,9,13,Over
1,talk,139,9,14,Over
1,talk,140,9,4,Over
1,talk,141,9,2,Over
1,talk,142,9,5,VOTE Agent[03]
1,talk,143,9,11,Over
1,talk,144,9,10,Over
1,talk,145,9,9,Over
1,talk,146,9,15,Over
1,talk,147,9,3,Over
1,talk,148,9,6,Over
1,talk,149,9,1,Over
1,talk,150,10,1,Over
1,talk,151,10,15,Over
1,talk,152,10,14,Over
1,talk,153,10,9,Over
1,talk,154,10,12,Over
1,talk,155,10,4,Over
1,talk,156,10,6,Over
1,talk,157,10,13,Over
1,talk,158,10,7,Over
1,talk,159,10,11,Over
1,talk,160,10,5,Over
1,talk,161,10,8,Over
1,talk,162,10,10,Over
1,talk,163,10,2,Over
1,talk,164,10,3,Over
1,vote,1,3
1,vote,2,3
1,vote,3,11
1,vote,4,10
1,vote,5,3
1,vote,6,3
1,vote,7,5
1,vote,8,3
1,vote,9,13
1,vote,10,11
1,vote,11,3
1,vote,12,11
1,vote,13,3
1,vote,14,3
1,vote,15,13
1,execute,3,BODYGUARD
1,divine,5,8,HUMAN
1,whisper,0,0,1,Skip
1,whisper,1,0,9,BECAUSE (AND (NOT (COMINGOUT Agent[07] WEREWOLF)) (COMINGOUT Agent[02] WEREWOLF) (DAY 1 (Agent[07] DIVINED Agent[02] HUMAN))) (ESTIMATE Agent[07] POSSESSED)
1,whisper,2,0,2,Skip
1,whisper,3,1,2,Skip
1,whisper,4,1,1,Skip
1,whisper,5,1,9,BECAUSE (Agent[05] COMINGOUT Agent[05] SEER) (ATTACK Agent[05])
1,whisper,6,2,2,Over
1,whisper,7,2,9,ATTACK Agent[05]
1,whisper,8,2,1,Over
1,whisper,9,3,2,Over
1,whisper,10,3,9,Skip
1,whisper,11,3,1,Over
1,whisper,12,4,2,Over
1,whisper,13,4,1,Over
1,whisper,14,4,9,Skip
1,whisper,15,5,9,Over
1,whisper,16,5,1,Over
1,whisper,17,5,2,Over
1,attackVote,1,7
1,attackVote,2,7
1,attackVote,9,5
1,attack,7,true
2,status,1,WEREWOLF,ALIVE,TOKU14
2,status,2,WEREWOLF,ALIVE,TOKU6
2,status,3,BODYGUARD,DEAD,OKAMI
2,status,4,VILLAGER,ALIVE,HALU
2,status,5,SEER,ALIVE,Takeda11
2,status,6,VILLAGER,ALIVE,Tomato3
2,status,7,POSSESSED,DEAD,sample_py
2,status,8,VILLAGER,ALIVE,Tomato4
2,status,9,WEREWOLF,ALIVE,SampleJava1
2,status,10,VILLAGER,ALIVE,HALU
2,status,11,VILLAGER,ALIVE,TOKU0
2,status,12,VILLAGER,ALIVE,sample_py
2,status,13,VILLAGER,ALIVE,Takeda8
2,status,14,VILLAGER,ALIVE,HALU
2,status,15,MEDIUM,ALIVE,SampleJava9
2,talk,0,0,1,VOTE Agent[08]
2,talk,1,0,10,VOTE Agent[01]
2,talk,2,0,12,VOTE Agent[04]
2,talk,3,0,14,VOTE Agent[12]
2,talk,4,0,2,VOTE Agent[08]
2,talk,5,0,13,VOTE Agent[08]
2,talk,6,0,5,DIVINED Agent[08] HUMAN
2,talk,7,0,6,VOTE Agent[08]
2,talk,8,0,11,VOTE Agent[08]
2,talk,9,0,4,VOTE Agent[14]
2,talk,10,0,15,VOTE Agent[06]
2,talk,11,0,9,VOTE Agent[13]
2,talk,12,0,8,VOTE Agent[04]
2,talk,13,1,12,Skip
2,talk,14,1,4,VOTE Agent[14]
2,talk,15,1,9,REQUEST ANY (VOTE Agent[13])
2,talk,16,1,8,Skip
2,talk,17,1,10,VOTE Agent[04]
2,talk,18,1,2,VOTE Agent[04]
2,talk,19,1,6,VOTE Agent[04]
2,talk,20,1,13,VOTE Agent[09]
2,talk,21,1,11,VOTE Agent[09]
2,talk,22,1,5,VOTE Agent[09]
2,talk,23,1,1,VOTE Agent[04]
2,talk,24,1,15,REQUEST ANY (VOTE Agent[06])
2,talk,25,1,14,VOTE Agent[11]
2,talk,26,2,8,Skip
2,talk,27,2,13,VOTE Agent[02]
2,talk,28,2,14,VOTE Agent[11]
2,talk,29,2,9,Skip
2,talk,30,2,4,VOTE Agent[10]
2,talk,31,2,15,Skip
2,talk,32,2,2,Skip
2,talk,33,2,6,Skip
2,talk,34,2,5,VOTE Agent[02]
2,talk,35,2,10,VOTE Agent[09]
2,talk,36,2,11,VOTE Agent[02]
2,talk,37,2,1,Skip
2,talk,38,2,12,Skip
2,talk,39,3,2,Skip
2,talk,40,3,13,Skip
2,talk,41,3,6,Skip
2,talk,42,3,14,VOTE Agent[11]
2,talk,43,3,4,VOTE Agent[10]
2,talk,44,3,10,VOTE Agent[11]
2,talk,45,3,1,Skip
2,talk,46,3,8,Over
2,talk,47,3,5,VOTE Agent[02]
2,talk,48,3,15,Skip
2,talk,49,3,9,Skip
2,talk,50,3,11,Skip
2,talk,51,3,12,Over
2,talk,52,4,13,Skip
2,talk,53,4,12,Over
2,talk,54,4,4,VOTE Agent[09]
2,talk,55,4,5,VOTE Agent[02]
2,talk,56,4,9,Over
2,talk,57,4,6,Over
2,talk,58,4,2,Over
2,talk,59,4,8,Over
2,talk,60,4,10,VOTE Agent[14]
2,talk,61,4,14,VOTE Agent[10]
2,talk,62,4,15,Over
2,talk,63,4,11,Skip
2,talk,64,4,1,Over
2,talk,65,5,15,Over
2,talk,66,5,9,Over
2,talk,67,5,6,Over
2,talk,68,5,13,Over
2,talk,69,5,8,Over
2,talk,70,5,12,Over
2,talk,71,5,4,VOTE Agent[14]
2,talk,72,5,10,VOTE Agent[11]
2,talk,73,5,11,Over
2,talk,74,5,2,Over
2,talk,75,5,14,VOTE Agent[04]
2,talk,76,5,1,Over
2,talk,77,5,5,VOTE Agent[02]
2,talk,78,6,12,Over
2,talk,79,6,9,Over
2,talk,80,6,13,Over
2,talk,81,6,2,Over
2,talk,82,6,1,Over
2,talk,83,6,11,Over
2,talk,84,6,4,VOTE Agent[10]
2,talk,85,6,14,VOTE Agent[04]
2,talk,86,6,5,VOTE Agent[02]
2,talk,87,6,15,Over
2,talk,88,6,8,Over
2,talk,89,6,10,VOTE Agent[14]
2,talk,90,6,6,Over
2,talk,91,7,9,Over
2,talk,92,7,12,Over
2,talk,93,7,8,Over
2,talk,94,7,4,VOTE Agent[11]
2,talk,95,7,6,Over
2,talk,96,7,14,VOTE Agent[10]
2,talk,97,7,5,VOTE Agent[02]
2,talk,98,7,11,Over
2,talk,99,7,10,VOTE Agent[04]
2,talk,100,7,2,Over
2,talk,101,7,13,Over
2,talk,102,7,15,Over
2,talk,103,7,1,Over
2,talk,104,8,9,Over
2,talk,105,8,8,Over
2,talk,106,8,15,Over
2,talk,107,8,10,VOTE Agent[14]
2,talk,108,8,4,VOTE Agent[14]
2,talk,109,8,12,Over
2,talk,110,8,14,VOTE Agent[04]
2,talk,111,8,5,VOTE Agent[02]
2,talk,112,8,13,Over
2,talk,113,8,1,Over
2,talk,114,8,6,Over
2,talk,115,8,2,Over
2,talk,116,8,11,Over
2,talk,117,9,8,Over
2,talk,118,9,6,Over
2,talk,119,9,2,Over
2,talk,120,9,5,VOTE Agent[02]
2,talk,121,9,14,Over
2,talk,122,9,15,Over
2,talk,123,9,11,Over
2,talk,124,9,4,Over
2,talk,125,9,1,Over
2,talk,126,9,9,Over
2,talk,127,9,12,Over
2,talk,128,9,13,Over
2,talk,129,9,10,Over
2,talk,130,10,15,Over
2,talk,131,10,2,Over
2,talk,132,10,1,Over
2,talk,133,10,12,Over
2,talk,134,10,8,Over
2,talk,135,10,10,Over
2,talk,136,10,11,Over
2,talk,137,10,5,Over
2,talk,138,10,14,Over
2,talk,139,10,13,Over
2,talk,140,10,6,Over
2,talk,141,10,9,Over
2,talk,142,10,4,Over
2,vote,1,2
2,vote,2,9
2,vote,4,11
2,vote,5,2
2,vote,6,4
2,vote,8,4
2,vote,9,13
2,vote,10,14
2,vote,11,2
2,vote,12,4
2,vote,13,2
2,vote,14,10
2,vote,15,13
2,execute,2,WEREWOLF
2,divine,5,4,HUMAN
2,whisper,0,0,1,Skip
2,whisper,1,0,9,BECAUSE (Agent[05] COMINGOUT Agent[05] SEER) (ATTACK Agent[05])
2,whisper,2,1,9,ATTACK Agent[05]
2,whisper,3,1,1,Skip
2,whisper,4,2,9,Skip
2,whisper,5,2,1,Over
2,whisper,6,3,1,Over
2,whisper,7,3,9,Skip
2,whisper,8,4,1,Over
2,whisper,9,4,9,Over
2,attackVote,1,5
2,attackVote,9,5
2,attack,5,true
3,status,1,WEREWOLF,ALIVE,TOKU14
3,status,2,WEREWOLF,DEAD,TOKU6
3,status,3,BODYGUARD,DEAD,OKAMI
3,status,4,VILLAGER,ALIVE,HALU
3,status,5,SEER,DEAD,Takeda11
3,status,6,VILLAGER,ALIVE,Tomato3
3,status,7,POSSESSED,DEAD,sample_py
3,status,8,VILLAGER,ALIVE,Tomato4
3,status,9,WEREWOLF,ALIVE,SampleJava1
3,status,10,VILLAGER,ALIVE,HALU
3,status,11,VILLAGER,ALIVE,TOKU0
3,status,12,VILLAGER,ALIVE,sample_py
3,status,13,VILLAGER,ALIVE,Takeda8
3,status,14,VILLAGER,ALIVE,HALU
3,status,15,MEDIUM,ALIVE,SampleJava9
3,talk,0,0,4,VOTE Agent[12]
3,talk,1,0,15,COMINGOUT Agent[15] MEDIUM
3,talk,2,0,1,VOTE Agent[04]
3,talk,3,0,8,VOTE Agent[09]
3,talk,4,0,10,VOTE Agent[01]
3,talk,5,0,14,VOTE Agent[04]
3,talk,6,0,6,VOTE Agent[08]
3,talk,7,0,13,VOTE Agent[09]
3,talk,8,0,12,VOTE Agent[10]
3,talk,9,0,11,VOTE Agent[04]
3,talk,10,0,9,VOTE Agent[13]
3,talk,11,1,13,Skip
3,talk,12,1,4,VOTE Agent[09]
3,talk,13,1,11,VOTE Agent[09]
3,talk,14,1,15,AND (DAY 2 (IDENTIFIED Agent[03] HUMAN)) (DAY 3 (IDENTIFIED Agent[02] WEREWOLF))
3,talk,15,1,10,VOTE Agent[06]
3,talk,16,1,6,Skip
3,talk,17,1,9,REQUEST ANY (VOTE Agent[13])
3,talk,18,1,14,VOTE Agent[11]
3,talk,19,1,8,VOTE Agent[15]
3,talk,20,1,12,Skip
3,talk,21,1,1,Skip
3,talk,22,2,8,Skip
3,talk,23,2,14,VOTE Agent[10]
3,talk,24,2,15,IDENTIFIED Agent[03] HUMAN
3,talk,25,2,12,Skip
3,talk,26,2,13,VOTE Agent[04]
3,talk,27,2,1,Skip
3,talk,28,2,6,Skip
3,talk,29,2,10,VOTE Agent[04]
3,talk,30,2,4,VOTE Agent[14]
3,talk,31,2,11,VOTE Agent[14]
3,talk,32,2,9,Skip
3,talk,33,3,6,Over
3,talk,34,3,13,VOTE Agent[09]
3,talk,35,3,11,VOTE Agent[09]
3,talk,36,3,15,IDENTIFIED Agent[02] WEREWOLF
3,talk,37,3,12,Over
3,talk,38,3,1,Over
3,talk,39,3,8,Skip
3,talk,40,3,9,Skip
3,talk,41,3,10,VOTE Agent[06]
3,talk,42,3,4,VOTE Agent[14]
3,talk,43,3,14,VOTE Agent[11]
3,talk,44,4,15,VOTE Agent[08]
3,talk,45,4,10,VOTE Agent[09]
3,talk,46,4,8,Over
3,talk,47,4,6,Over
3,talk,48,4,11,VOTE Agent[14]
3,talk,49,4,12,Over
3,talk,50,4,14,VOTE Agent[09]
3,talk,51,4,13,Skip
3,talk,52,4,1,Over
3,talk,53,4,4,VOTE Agent[10]
3,talk,54,4,9,Over
3,talk,55,5,13,Skip
3,talk,56,5,12,Over
3,talk,57,5,15,REQUEST ANY (VOTE Agent[08])
3,talk,58,5,8,Over
3,talk,59,5,4,VOTE Agent[14]
3,talk,60,5,11,Skip
3,talk,61,5,10,VOTE Agent[04]
3,talk,62,5,9,Over
3,talk,63,5,6,Over
3,talk,64,5,14,VOTE Agent[04]
3,talk,65,5,1,Over
3,talk,66,6,13,Over
3,talk,67,6,12,Over
3,talk,68,6,9,Over
3,talk,69,6,8,Over
3,talk,70,6,10,VOTE Agent[04]
3,talk,71,6,15,Skip
3,talk,72,6,14,VOTE Agent[04]
3,talk,73,6,11,Skip
3,talk,74,6,4,VOTE Agent[10]
3,talk,75,6,6,Over
3,talk,76,6,1,Over
3,talk,77,7,11,VOTE Agent[09]
3,talk,78,7,4,VOTE Agent[11]
3,talk,79,7,12,Over
3,talk,80,7,10,VOTE Agent[09]
3,talk,81,7,13,Over
3,talk,82,7,14,VOTE Agent[10]
3,talk,83,7,1,Over
3,talk,84,7,9,Over
3,talk,85,7,8,Over
3,talk,86,7,6,Over
3,talk,87,7,15,Skip
3,talk,88,8,4,VOTE Agent[14]
3,talk,89,8,9,Over
3,talk,90,8,12,Over
3,talk,91,8,10,VOTE Agent[09]
3,talk,92,8,6,Over
3,talk,93,8,13,Over
3,talk,94,8,11,Skip
3,talk,95,8,14,VOTE Agent[04]
3,talk,96,8,8,Over
3,talk,97,8,15,Over
3,talk,98,8,1,Over
3,talk,99,9,6,Over
3,talk,100,9,15,Over
3,talk,101,9,8,Over
3,talk,102,9,9,Over
3,talk,103,9,13,Over
3,talk,104,9,14,Over
3,talk,105,9,4,Over
3,talk,106,9,10,Over
3,talk,107,9,12,Over
3,talk,108,9,1,Over
3,talk,109,9,11,Skip
3,talk,110,10,9,Over
3,talk,111,10,1,Over
3,talk,112,10,8,Over
3,talk,113,10,10,Over
3,talk,114,10,6,Over
3,talk,115,10,13,Over
3,talk,116,10,4,Over
3,talk,117,10,11,Over
3,talk,118,10,12,Over
3,talk,119,10,14,Over
3,talk,120,10,15,Over
3,vote,1,9
3,vote,4,14
3,vote,6,8
3,vote,8,15
3,vote,9,13
3,vote,10,14
3,vote,11,9
3,vote,12,10
3,vote,13,9
3,vote,14,4
3,vote,15,13
3,execute,9,WEREWOLF
3,attackVote,1,15
3,attack,15,true
4,status,1,WEREWOLF,ALIVE,TOKU14
4,status,2,WEREWOLF,DEAD,TOKU6
4,status,3,BODYGUARD,DEAD,OKAMI
4,status,4,VILLAGER,ALIVE,HALU
4,status,5,SEER,DEAD,Takeda11
4,status,6,VILLAGER,ALIVE,Tomato3
4,status,7,POSSESSED,DEAD,sample_py
4,status,8,VILLAGER,ALIVE,Tomato4
4,status,9,WEREWOLF,DEAD,SampleJava1
4,status,10,VILLAGER,ALIVE,HALU
4,status,11,VILLAGER,ALIVE,TOKU0
4,status,12,VILLAGER,ALIVE,sample_py
4,status,13,VILLAGER,ALIVE,Takeda8
4,status,14,VILLAGER,ALIVE,HALU
4,status,15,MEDIUM,DEAD,SampleJava9
4,talk,0,0,14,VOTE Agent[11]
4,talk,1,0,1,VOTE Agent[04]
4,talk,2,0,8,VOTE Agent[12]
4,talk,3,0,4,VOTE Agent[14]
4,talk,4,0,13,VOTE Agent[04]
4,talk,5,0,6,VOTE Agent[08]
4,talk,6,0,12,VOTE Agent[10]
4,talk,7,0,11,VOTE Agent[04]
4,talk,8,0,10,VOTE Agent[14]
4,talk,9,1,12,Skip
4,talk,10,1,4,VOTE Agent[12]
4,talk,11,1,1,Skip
4,talk,12,1,8,Skip
4,talk,13,1,6,Skip
4,talk,14,1,10,VOTE Agent[04]
4,talk,15,1,13,Skip
4,talk,16,1,11,Skip
4,talk,17,1,14,VOTE Agent[06]
4,talk,18,2,8,Skip
4,talk,19,2,12,Skip
4,talk,20,2,4,VOTE Agent[10]
4,talk,21,2,14,VOTE Agent[10]
4,talk,22,2,1,Skip
4,talk,23,2,10,VOTE Agent[06]
4,talk,24,2,13,Skip
4,talk,25,2,6,Skip
4,talk,26,2,11,Skip
4,talk,27,3,4,VOTE Agent[10]
4,talk,28,3,10,VOTE Agent[14]
4,talk,29,3,8,Over
4,talk,30,3,11,Over
4,talk,31,3,12,Over
4,talk,32,3,13,Over
4,talk,33,3,6,Over
4,talk,34,3,14,VOTE Agent[10]
4,talk,35,3,1,Over
4,talk,36,4,10,VOTE Agent[14]
4,talk,37,4,1,Over
4,talk,38,4,4,VOTE Agent[10]
4,talk,39,4,14,VOTE Agent[04]
4,talk,40,4,13,Over
4,talk,41,4,12,Over
4,talk,42,4,11,Over
4,talk,43,4,6,Over
4,talk,44,4,8,Over
4,talk,45,5,12,Over
4,talk,46,5,6,Over
4,talk,47,5,11,Over
4,talk,48,5,13,Over
4,talk,49,5,4,VOTE Agent[06]
4,talk,50,5,8,Over
4,talk,51,5,1,Over
4,talk,52,5,14,VOTE Agent[06]
4,talk,53,5,10,VOTE Agent[06]
4,talk,54,6,4,VOTE Agent[14]
4,talk,55,6,6,Over
4,talk,56,6,10,VOTE Agent[04]
4,talk,57,6,11,Over
4,talk,58,6,1,Over
4,talk,59,6,13,Over
4,talk,60,6,8,Over
4,talk,61,6,14,VOTE Agent[04]
4,talk,62,6,12,Over
4,talk,63,7,11,Over
4,talk,64,7,6,Over
4,talk,65,7,14,VOTE Agent[06]
4,talk,66,7,12,Over
4,talk,67,7,10,VOTE Agent[04]
4,talk,68,7,1,Over
4,talk,69,7,4,VOTE Agent[06]
4,talk,70,7,13,Over
4,talk,71,7,8,Over
4,talk,72,8,10,VOTE Agent[14]
4,talk,73,8,12,Over
4,talk,74,8,6,Over
4,talk,75,8,4,VOTE Agent[10]
4,talk,76,8,14,VOTE Agent[06]
4,talk,77,8,11,Over
4,talk,78,8,1,Over
4,talk,79,8,13,Over
4,talk,80,8,8,Over
4,talk,81,9,11,Over
4,talk,82,9,4,Over
4,talk,83,9,6,Over
4,talk,84,9,13,Over
4,talk,85,9,14,Over
4,talk,86,9,10,Over
4,talk,87,9,12,Over
4,talk,88,9,1,Over
4,talk,89,9,8,Over
4,vote,1,4
4,vote,4,10
4,vote,6,8
4,vote,8,12
4,vote,10,4
4,vote,11,4
4,vote,12,10
4,vote,13,4
4,vote,14,6
4,execute,4,VILLAGER
4,attackVote,1,11
4,attack,11,true
5,status,1,WEREWOLF,ALIVE,TOKU14
5,status,2,WEREWOLF,DEAD,TOKU6
5,status,3,BODYGUARD,DEAD,OKAMI
5,status,4,VILLAGER,DEAD,HALU
5,status,5,SEER,DEAD,Takeda11
5,status,6,VILLAGER,ALIVE,Tomato3
5,status,7,POSSESSED,DEAD,sample_py
5,status,8,VILLAGER,ALIVE,Tomato4
5,status,9,WEREWOLF,DEAD,SampleJava1
5,status,10,VILLAGER,ALIVE,HALU
5,status,11,VILLAGER,DEAD,TOKU0
5,status,12,VILLAGER,ALIVE,sample_py
5,status,13,VILLAGER,ALIVE,Takeda8
5,status,14,VILLAGER,ALIVE,HALU
5,status,15,MEDIUM,DEAD,SampleJava9
5,talk,0,0,10,VOTE Agent[01]
5,talk,1,0,12,VOTE Agent[14]
5,talk,2,0,14,VOTE Agent[10]
5,talk,3,0,6,VOTE Agent[08]
5,talk,4,0,8,VOTE Agent[12]
5,talk,5,0,1,VOTE Agent[14]
5,talk,6,0,13,VOTE Agent[14]
5,talk,7,1,6,Skip
5,talk,8,1,12,Skip
5,talk,9,1,10,VOTE Agent[13]
5,talk,10,1,13,Skip
5,talk,11,1,1,Skip
5,talk,12,1,14,VOTE Agent[10]
5,talk,13,1,8,Skip
5,talk,14,2,10,VOTE Agent[13]
5,talk,15,2,1,Skip
5,talk,16,2,8,Skip
5,talk,17,2,14,VOTE Agent[10]
5,talk,18,2,6,Skip
5,talk,19,2,12,Skip
5,talk,20,2,13,Skip
5,talk,21,3,14,VOTE Agent[10]
5,talk,22,3,1,Over
5,talk,23,3,8,Over
5,talk,24,3,10,VOTE Agent[13]
5,talk,25,3,6,Over
5,talk,26,3,13,Over
5,talk,27,3,12,Over
5,talk,28,4,13,Over
5,talk,29,4,6,Over
5,talk,30,4,8,Over
5,talk,31,4,14,VOTE Agent[10]
5,talk,32,4,1,Over
5,talk,33,4,12,Over
5,talk,34,4,10,VOTE Agent[13]
5,talk,35,5,8,Over
5,talk,36,5,1,Over
5,talk,37,5,6,Over
5,talk,38,5,12,Over
5,talk,39,5,10,VOTE Agent[13]
5,talk,40,5,13,Over
5,talk,41,5,14,VOTE Agent[10]
5,talk,42,6,10,VOTE Agent[13]
5,talk,43,6,6,Over
5,talk,44,6,14,VOTE Agent[10]
5,talk,45,6,13,Over
5,talk,46,6,8,Over
5,talk,47,6,1,Over
5,talk,48,6,12,Over
5,talk,49,7,12,Over
5,talk,50,7,1,Over
5,talk,51,7,13,Over
5,talk,52,7,8,Over
5,talk,53,7,6,Over
5,talk,54,7,10,VOTE Agent[13]
5,talk,55,7,14,VOTE Agent[10]
5,talk,56,8,1,Over
5,talk,57,8,13,Over
5,talk,58,8,8,Over
5,talk,59,8,14,VOTE Agent[10]
5,talk,60,8,6,Over
5,talk,61,8,10,VOTE Agent[13]
5,talk,62,8,12,Over
5,talk,63,9,14,Over
5,talk,64,9,10,Over
5,talk,65,9,6,Over
5,talk,66,9,8,Over
5,talk,67,9,13,Over
5,talk,68,9,12,Over
5,talk,69,9,1,Over
5,vote,1,14
5,vote,6,8
5,vote,8,12
5,vote,10,13
5,vote,12,14
5,vote,13,14
5,vote,14,10
5,execute,14,VILLAGER
5,attackVote,1,6
5,attack,6,true
6,status,1,WEREWOLF,ALIVE,TOKU14
6,status,2,WEREWOLF,DEAD,TOKU6
6,status,3,BODYGUARD,DEAD,OKAMI
6,status,4,VILLAGER,DEAD,HALU
6,status,5,SEER,DEAD,Takeda11
6,status,6,VILLAGER,DEAD,Tomato3
6,status,7,POSSESSED,DEAD,sample_py
6,status,8,VILLAGER,ALIVE,Tomato4
6,status,9,WEREWOLF,DEAD,SampleJava1
6,status,10,VILLAGER,ALIVE,HALU
6,status,11,VILLAGER,DEAD,TOKU0
6,status,12,VILLAGER,ALIVE,sample_py
6,status,13,VILLAGER,ALIVE,Takeda8
6,status,14,VILLAGER,DEAD,HALU
6,status,15,MEDIUM,DEAD,SampleJava9
6,talk,0,0,8,VOTE Agent[12]
6,talk,1,0,13,VOTE Agent[01]
6,talk,2,0,12,VOTE Agent[10]
6,talk,3,0,1,VOTE Agent[10]
6,talk,4,0,10,VOTE Agent[13]
6,talk,5,1,13,Skip
6,talk,6,1,10,VOTE Agent[13]
6,talk,7,1,12,Skip
6,talk,8,1,1,Skip
6,talk,9,1,8,Skip
6,talk,10,2,12,Skip
6,talk,11,2,8,Skip
6,talk,12,2,1,Skip
6,talk,13,2,13,Skip
6,talk,14,2,10,VOTE Agent[13]
6,talk,15,3,13,Over
6,talk,16,3,12,Over
6,talk,17,3,1,Over
6,talk,18,3,8,Over
6,talk,19,3,10,VOTE Agent[13]
6,talk,20,4,10,VOTE Agent[13]
6,talk,21,4,1,Over
6,talk,22,4,13,Over
6,talk,23,4,12,Over
6,talk,24,4,8,Over
6,talk,25,5,8,Over
6,talk,26,5,1,Over
6,talk,27,5,10,VOTE Agent[13]
6,talk,28,5,12,Over
6,talk,29,5,13,Over
6,talk,30,6,13,Over
6,talk,31,6,10,VOTE Agent[13]
6,talk,32,6,1,Over
6,talk,33,6,8,Over
6,talk,34,6,12,Over
6,talk,35,7,12,Over
6,talk,36,7,8,Over
6,talk,37,7,13,Over
6,talk,38,7,10,VOTE Agent[13]
6,talk,39,7,1,Over
6,talk,40,8,8,Over
6,talk,41,8,1,Over
6,talk,42,8,13,Over
6,talk,43,8,10,VOTE Agent[13]
6,talk,44,8,12,Over
6,talk,45,9,8,Over
6,talk,46,9,1,Over
6,talk,47,9,12,Over
6,talk,48,9,10,Over
6,talk,49,9,13,Over
6,vote,1,10
6,vote,8,12
6,vote,10,13
6,vote,12,10
6,vote,13,1
6,execute,10,VILLAGER
6,attackVote,1,12
6,attack,12,true
7,status,1,WEREWOLF,ALIVE,TOKU14
7,status,2,WEREWOLF,DEAD,TOKU6
7,status,3,BODYGUARD,DEAD,OKAMI
7,status,4,VILLAGER,DEAD,HALU
7,status,5,SEER,DEAD,Takeda11
7,status,6,VILLAGER,DEAD,Tomato3
7,status,7,POSSESSED,DEAD,sample_py
7,status,8,VILLAGER,ALIVE,Tomato4
7,status,9,WEREWOLF,DEAD,SampleJava1
7,status,10,VILLAGER,DEAD,HALU
7,status,11,VILLAGER,DEAD,TOKU0
7,status,12,VILLAGER,DEAD,sample_py
7,status,13,VILLAGER,ALIVE,Takeda8
7,status,14,VILLAGER,DEAD,HALU
7,status,15,MEDIUM,DEAD,SampleJava9
7,talk,0,0,13,VOTE Agent[01]
7,talk,1,0,1,VOTE Agent[08]
7,talk,2,0,8,VOTE Agent[01]
7,talk,3,1,1,VOTE Agent[08]
7,talk,4,1,8,Skip
7,talk,5,1,13,Skip
7,talk,6,2,1,VOTE Agent[08]
7,talk,7,2,13,Skip
7,talk,8,2,8,Skip
7,talk,9,3,1,VOTE Agent[08]
7,talk,10,3,8,Over
7,talk,11,3,13,Over
7,talk,12,4,1,VOTE Agent[08]
7,talk,13,4,8,Over
7,talk,14,4,13,Over
7,talk,15,5,1,VOTE Agent[08]
7,talk,16,5,13,Over
7,talk,17,5,8,Over
7,talk,18,6,13,Over
7,talk,19,6,8,Over
7,talk,20,6,1,VOTE Agent[08]
7,talk,21,7,8,Over
7,talk,22,7,13,Over
7,talk,23,7,1,VOTE Agent[08]
7,talk,24,8,1,VOTE Agent[08]
7,talk,25,8,8,Over
7,talk,26,8,13,Over
7,talk,27,9,13,Over
7,talk,28,9,8,Over
7,talk,29,9,1,VOTE Agent[08]
7,talk,30,10,13,Over
7,talk,31,10,8,Over
7,talk,32,10,1,Over
7,vote,1,8
7,vote,8,1
7,vote,13,1
7,execute,1,WEREWOLF
8,status,1,WEREWOLF,DEAD,TOKU14
8,status,2,WEREWOLF,DEAD,TOKU6
8,status,3,BODYGUARD,DEAD,OKAMI
8,status,4,VILLAGER,DEAD,HALU
8,status,5,SEER,DEAD,Takeda11
8,status,6,VILLAGER,DEAD,Tomato3
8,status,7,POSSESSED,DEAD,sample_py
8,status,8,VILLAGER,ALIVE,Tomato4
8,status,9,WEREWOLF,DEAD,SampleJava1
8,status,10,VILLAGER,DEAD,HALU
8,status,11,VILLAGER,DEAD,TOKU0
8,status,12,VILLAGER,DEAD,sample_py
8,status,13,VILLAGER,ALIVE,Takeda8
8,status,14,VILLAGER,DEAD,HALU
8,status,15,MEDIUM,DEAD,SampleJava9
8,result,2,0,VILLAGER
