0,status,1,VILLAGER,ALIVE,SampleJava6
0,status,2,VILLAGER,ALIVE,Takeda0
0,status,3,VILLAGER,ALIVE,Tomato14
0,status,4,VILLAGER,ALIVE,SampleJava7
0,status,5,BODYGUARD,ALIVE,OKAMI
0,status,6,VILLAGER,ALIVE,Takeda1
0,status,7,WEREWOLF,ALIVE,sample_py
0,status,8,VILLAGER,ALIVE,Tomato8
0,status,9,MEDIUM,ALIVE,SampleJava13
0,status,10,WEREWOLF,ALIVE,Tomato5
0,status,11,VILLAGER,ALIVE,Tomato10
0,status,12,VILLAGER,ALIVE,SampleJava2
0,status,13,WEREWOLF,ALIVE,SampleJava4
0,status,14,SEER,ALIVE,Takeda12
0,status,15,POSSESSED,ALIVE,TOKU9
0,whisper,0,0,7,COMINGOUT Agent[07] SEER
0,whisper,1,0,10,COMINGOUT Agent[10] VILLAGER
0,whisper,2,0,13,COMINGOUT Agent[13] MEDIUM
0,whisper,3,1,7,COMINGOUT Agent[07] SEER
0,whisper,4,1,13,Skip
0,whisper,5,1,10,Skip
0,whisper,6,2,13,Skip
0,whisper,7,2,7,COMINGOUT Agent[07] SEER
0,whisper,8,2,10,Skip
0,whisper,9,3,13,Over
0,whisper,10,3,7,COMINGOUT Agent[07] SEER
0,whisper,11,3,10,Over
0,whisper,12,4,10,Over
0,whisper,13,4,13,Over
0,whisper,14,4,7,COMINGOUT Agent[07] SEER
0,whisper,15,5,7,COMINGOUT Agent[07] SEER
0,whisper,16,5,10,Over
0,whisper,17,5,13,Over
0,whisper,18,6,13,Over
0,whisper,19,6,10,Over
0,whisper,20,6,7,COMINGOUT Agent[07] SEER
0,whisper,21,7,10,Over
0,whisper,22,7,7,COMINGOUT Agent[07] SEER
0,whisper,23,7,13,Over
0,whisper,24,8,10,Over
0,whisper,25,8,7,COMINGOUT Agent[07] SEER
0,whisper,26,8,13,Over
0,whisper,27,9,13,Over
0,whisper,28,9,10,Over
0,whisper,29,9,7,COMINGOUT Agent[07] SEER
0,whisper,30,10,10,Over
0,whisper,31,10,7,Over
0,whisper,32,10,13,Over
0,divine,14,6,HUMAN
1,status,1,VILLAGER,ALIVE,SampleJava6
1,status,2,VILLAGER,ALIVE,Takeda0
1,status,3,VILLAGER,ALIVE,Tomato14
1,status,4,VILLAGER,ALIVE,SampleJava7
1,status,5,BODYGUARD,ALIVE,OKAMI
1,status,6,VILLAGER,ALIVE,Takeda1
1,status,7,WEREWOLF,ALIVE,sample_py
1,status,8,VILLAGER,ALIVE,Tomato8
1,status,9,MEDIUM,ALIVE,SampleJava13
1,status,10,WEREWOLF,ALIVE,Tomato5
1,status,11,VILLAGER,ALIVE,Tomato10
1,status,12,VILLAGER,ALIVE,SampleJava2
1,status,13,WEREWOLF,ALIVE,SampleJava4
1,status,14,SEER,ALIVE,Takeda12
1,status,15,POSSESSED,ALIVE,TOKU9
1,talk,0,0,2,VOTE Agent[09]
1,talk,1,0,13,VOTE Agent[07]
1,talk,2,0,10,VOTE Agent[07]
1,talk,3,0,5,VOTE Agent[09]
1,talk,4,0,11,VOTE Agent[09]
1,talk,5,0,14,COMINGOUT Agent[14] SEER
1,talk,6,0,9,VOTE Agent[10]
1,talk,7,0,15,COMINGOUT Agent[15] SEER
1,talk,8,0,8,VOTE Agent[09]
1,talk,9,0,3,VOTE Agent[09]
1,talk,10,0,1,VOTE Agent[10]
1,talk,11,0,7,VOTE Agent[14]
1,talk,12,0,12,VOTE Agent[09]
1,talk,13,0,4,VOTE Agent[09]
1,talk,14,0,6,VOTE Agent[14]
1,talk,15,1,14,DIVINED Agent[06] HUMAN
1,talk,16,1,13,REQUEST ANY (VOTE Agent[07])
1,talk,17,1,2,Skip
1,talk,18,1,15,DIVINED Agent[06] WEREWOLF
1,talk,19,1,4,REQUEST ANY (VOTE Agent[09])
1,talk,20,1,6,VOTE Agent[10]
1,talk,21,1,10,VOTE Agent[09]
1,talk,22,1,9,REQUEST ANY (VOTE Agent[10])
1,talk,23,1,7,Skip
1,talk,24,1,12,REQUEST ANY (VOTE Agent[09])
1,talk,25,1,5,VOTE Agent[12]
1,talk,26,1,3,Skip
1,talk,27,1,8,Skip
1,talk,28,1,11,Skip
1,talk,29,1,1,REQUEST ANY (VOTE Agent[10])
1,talk,30,2,7,Skip
1,talk,31,2,1,Skip
1,talk,32,2,3,Skip
1,talk,33,2,15,VOTE Agent[06]
1,talk,34,2,10,Skip
1,talk,35,2,13,Skip
1,talk,36,2,8,Skip
1,talk,37,2,14,VOTE Agent[05]
1,talk,38,2,5,VOTE Agent[12]
1,talk,39,2,9,Skip
1,talk,40,2,11,Skip
1,talk,41,2,2,VOTE Agent[05]
1,talk,42,2,12,Skip
1,talk,43,2,6,VOTE Agent[05]
1,talk,44,2,4,Skip
1,talk,45,3,1,Skip
1,talk,46,3,5,VOTE Agent[12]
1,talk,47,3,4,Skip
1,talk,48,3,8,Over
1,talk,49,3,10,Skip
1,talk,50,3,3,Over
1,talk,51,3,9,Skip
1,talk,52,3,6,Skip
1,talk,53,3,11,Over
1,talk,54,3,14,VOTE Agent[05]
1,talk,55,3,12,Skip
1,talk,56,3,13,Skip
1,talk,57,3,7,Over
1,talk,58,3,2,Skip
1,talk,59,3,15,Skip
1,talk,60,4,1,Over
1,talk,61,4,11,Over
1,talk,62,4,2,Skip
1,talk,63,4,3,Over
1,talk,64,4,14,VOTE Agent[05]
1,talk,65,4,12,Over
1,talk,66,4,10,Over
1,talk,67,4,9,Over
1,talk,68,4,8,Over
1,talk,69,4,4,Over
1,talk,70,4,5,VOTE Agent[12]
1,talk,71,4,7,Over
1,talk,72,4,15,Skip
1,talk,73,4,13,Over
1,talk,74,4,6,Skip
1,talk,75,5,12,Over
1,talk,76,5,8,Over
1,talk,77,5,6,Over
1,talk,78,5,11,Over
1,talk,79,5,4,Over
1,talk,80,5,9,Over
1,talk,81,5,10,Over
1,talk,82,5,5,VOTE Agent[12]
1,talk,83,5,14,VOTE Agent[05]
1,talk,84,5,3,Over
1,talk,85,5,15,Over
1,talk,86,5,2,Over
1,talk,87,5,1,Over
1,talk,88,5,7,Over
1,talk,89,5,13,Over
1,talk,90,6,15,Over
1,talk,91,6,7,Over
1,talk,92,6,4,Over
1,talk,93,6,10,Over
1,talk,94,6,13,Over
1,talk,95,6,8,Over
1,talk,96,6,14,VOTE Agent[05]
1,talk,97,6,11,Over
1,talk,98,6,2,Over
1,talk,99,6,5,VOTE Agent[12]
1,talk,100,6,1,Over
1,talk,101,6,6,Over
1,talk,102,6,12,Over
1,talk,103,6,3,Over
1,talk,104,6,9,Over
1,talk,105,7,6,Over
1,talk,106,7,2,Over
1,talk,107,7,5,VOTE Agent[12]
1,talk,108,7,7,Over
1,talk,109,7,10,Over
1,talk,110,7,1,Over
1,talk,111,7,3,Over
1,talk,112,7,9,Over
1,talk,113,7,12,Over
1,talk,114,7,15,Over
1,talk,115,7,4,Over
1,talk,116,7,14,VOTE Agent[05]
1,talk,117,7,13,Over
1,talk,118,7,8,Over
1,talk,119,7,11,Over
1,talk,120,8,13,Over
1,talk,121,8,2,Over
1,talk,122,8,6,Over
1,talk,123,8,7,Over
1,talk,124,8,3,Over
1,talk,125,8,10,Over
1,talk,126,8,15,Over
1,talk,127,8,12,Over
1,talk,128,8,5,VOTE Agent[12]
1,talk,129,8,14,VOTE Agent[05]
1,talk,130,8,1,Over
1,talk,131,8,9,Over
1,talk,132,8,11,Over
1,talk,133,8,8,Over
1,talk,134,8,4,Over
1,talk,135,9,8,Over
1,talk,136,9,9,Over
1,talk,137,9,12,Over
1,talk,138,9,11,Over
1,talk,139,9,4,Over
1,talk,140,9,5,Over
1,talk,141,9,6,Over
1,talk,142,9,2,Over
1,talk,143,9,1,Over
1,talk,144,9,13,Over
1,talk,145,9,3,Over
1,talk,146,9,7,Over
1,talk,147,9,15,Over
1,talk,148,9,10,Over
1,talk,149,9,14,VOTE Agent[05]
1,talk,150,10,7,Over
1,talk,151,10,15,Over
1,talk,152,10,14,Over
1,talk,153,10,5,Over
1,talk,154,10,2,Over
1,talk,155,10,13,Over
1,talk,156,10,9,Over
1,talk,157,10,8,Over
1,talk,158,10,6,Over
1,talk,159,10,3,Over
1,talk,160,10,4,Over
1,talk,161,10,11,Over
1,talk,162,10,1,Over
1,talk,163,10,12,Over
1,talk,164,10,10,Over
1,vote,1,9
1,vote,2,5
1,vote,3,9
1,vote,4,7
1,vote,5,12
1,vote,6,5
1,vote,7,14
1,vote,8,9
1,vote,9,7
1,vote,10,9
1,vote,11,9
1,vote,12,10
1,vote,13,7
1,vote,14,5
1,vote,15,12
1,execute,9,MEDIUM
1,divine,14,5,HUMAN
1,whisper,0,0,13,BECAUSE (AND (NOT (COMINGOUT Agent[15] WEREWOLF)) (NOT (COMINGOUT Agent[06] WEREWOLF)) (DAY 1 (Agent[15] DIVINED Agent[06] WEREWOLF))) (ESTIMATE Agent[15] POSSESSED)
1,whisper,1,0,7,ATTACK Agent[15]
1,whisper,2,0,10,ATTACK Agent[14]
1,whisper,3,1,7,Skip
1,whisper,4,1,13,BECAUSE (Agent[14] COMINGOUT Agent[14] SEER) (ATTACK Agent[14])
1,whisper,5,1,10,Skip
1,whisper,6,2,13,ATTACK Agent[14]
1,whisper,7,2,10,Skip
1,whisper,8,2,7,Skip
1,whisper,9,3,7,Over
1,whisper,10,3,13,Skip
1,whisper,11,3,10,Over
1,whisper,12,4,10,Over
1,whisper,13,4,7,Over
1,whisper,14,4,13,Skip
1,whisper,15,5,10,Over
1,whisper,16,5,7,Over
1,whisper,17,5,13,Over
1,guard,5,15,POSSESSED
1,attackVote,7,15
1,attackVote,10,14
1,attackVote,13,14
1,attack,14,true
2,status,1,VILLAGER,ALIVE,SampleJava6
2,status,2,VILLAGER,ALIVE,Takeda0
2,status,3,VILLAGER,ALIVE,Tomato14
2,status,4,VILLAGER,ALIVE,SampleJava7
2,status,5,BODYGUARD,ALIVE,OKAMI
2,status,6,VILLAGER,ALIVE,Takeda1
2,status,7,WEREWOLF,ALIVE,sample_py
2,status,8,VILLAGER,ALIVE,Tomato8
2,status,9,MEDIUM,DEAD,SampleJava13
2,status,10,WEREWOLF,ALIVE,Tomato5
2,status,11,VILLAGER,ALIVE,Tomato10
2,status,12,VILLAGER,ALIVE,SampleJava2
2,status,13,WEREWOLF,ALIVE,SampleJava4
2,status,14,SEER,DEAD,Takeda12
2,status,15,POSSESSED,ALIVE,TOKU9
2,talk,0,0,15,DIVINED Agent[05] HUMAN
2,talk,1,0,11,VOTE Agent[03]
2,talk,2,0,4,VOTE Agent[15]
2,talk,3,0,6,VOTE Agent[05]
2,talk,4,0,12,VOTE Agent[15]
2,talk,5,0,3,VOTE Agent[15]
2,talk,6,0,5,VOTE Agent[12]
2,talk,7,0,8,VOTE Agent[15]
2,talk,8,0,2,VOTE Agent[05]
2,talk,9,0,13,VOTE Agent[07]
2,talk,10,0,1,VOTE Agent[06]
2,talk,11,0,7,COMINGOUT Agent[07] SEER
2,talk,12,0,10,VOTE Agent[15]
2,talk,13,1,3,Skip
2,talk,14,1,8,Skip
2,talk,15,1,15,VOTE Agent[06]
2,talk,16,1,13,REQUEST ANY (VOTE Agent[07])
2,talk,17,1,12,REQUEST ANY (VOTE Agent[15])
2,talk,18,1,6,VOTE Agent[07]
2,talk,19,1,10,Skip
2,talk,20,1,7,DIVINED Agent[05] HUMAN
2,talk,21,1,5,VOTE Agent[07]
2,talk,22,1,11,VOTE Agent[15]
2,talk,23,1,2,VOTE Agent[07]
2,talk,24,1,1,REQUEST ANY (VOTE Agent[06])
2,talk,25,1,4,REQUEST ANY (VOTE Agent[15])
2,talk,26,2,7,DIVINED Agent[15] HUMAN
2,talk,27,2,1,Skip
2,talk,28,2,4,Skip
2,talk,29,2,6,Skip
2,talk,30,2,12,Skip
2,talk,31,2,3,Skip
2,talk,32,2,5,VOTE Agent[07]
2,talk,33,2,8,Skip
2,talk,34,2,15,Skip
2,talk,35,2,11,Skip
2,talk,36,2,2,Skip
2,talk,37,2,10,Skip
2,talk,38,2,13,Skip
2,talk,39,3,4,Skip
2,talk,40,3,5,VOTE Agent[07]
2,talk,41,3,13,Skip
2,talk,42,3,1,Skip
2,talk,43,3,12,Skip
2,talk,44,3,15,Skip
2,talk,45,3,6,Skip
2,talk,46,3,3,Over
2,talk,47,3,10,Over
2,talk,48,3,11,Skip
2,talk,49,3,8,Over
2,talk,50,3,2,Skip
2,talk,51,3,7,VOTE Agent[15]
2,talk,52,4,2,Over
2,talk,53,4,5,VOTE Agent[07]
2,talk,54,4,8,Over
2,talk,55,4,3,Over
2,talk,56,4,1,Over
2,talk,57,4,13,Over
2,talk,58,4,11,Over
2,talk,59,4,15,Over
2,talk,60,4,6,Over
2,talk,61,4,12,Over
2,talk,62,4,4,Over
2,talk,63,4,10,Over
2,talk,64,4,7,Skip
2,talk,65,5,11,Over
2,talk,66,5,12,Over
2,talk,67,5,3,Over
2,talk,68,5,6,Over
2,talk,69,5,8,Over
2,talk,70,5,7,Skip
2,talk,71,5,2,Over
2,talk,72,5,5,VOTE Agent[07]
2,talk,73,5,10,Over
2,talk,74,5,15,Over
2,talk,75,5,4,Over
2,talk,76,5,13,Over
2,talk,77,5,1,Over
2,talk,78,6,2,Over
2,talk,79,6,3,Over
2,talk,80,6,13,Over
2,talk,81,6,15,Over
2,talk,82,6,6,Over
2,talk,83,6,8,Over
2,talk,84,6,7,Over
2,talk,85,6,12,Over
2,talk,86,6,1,Over
2,talk,87,6,10,Over
2,talk,88,6,5,VOTE Agent[07]
2,talk,89,6,11,Over
2,talk,90,6,4,Over
2,talk,91,7,1,Over
2,talk,92,7,7,Over
2,talk,93,7,11,Over
2,talk,94,7,15,Over
2,talk,95,7,10,Over
2,talk,96,7,8,Over
2,talk,97,7,3,Over
2,talk,98,7,4,Over
2,talk,99,7,6,Over
2,talk,100,7,13,Over
2,talk,101,7,12,Over
2,talk,102,7,2,Over
2,talk,103,7,5,VOTE Agent[07]
2,talk,104,8,15,Over
2,talk,105,8,6,Over
2,talk,106,8,10,Over
2,talk,107,8,11,Over
2,talk,108,8,13,Over
2,talk,109,8,5,VOTE Agent[07]
2,talk,110,8,8,Over
2,talk,111,8,3,Over
2,talk,112,8,7,Over
2,talk,113,8,4,Over
2,talk,114,8,2,Over
2,talk,115,8,1,Over
2,talk,116,8,12,Over
2,talk,117,9,12,Over
2,talk,118,9,7,Over
2,talk,119,9,4,Over
2,talk,120,9,5,Over
2,talk,121,9,1,Over
2,talk,122,9,10,Over
2,talk,123,9,6,Over
2,talk,124,9,2,Over
2,talk,125,9,3,Over
2,talk,126,9,11,Over
2,talk,127,9,13,Over
2,talk,128,9,8,Over
2,talk,129,9,15,Over
2,vote,1,7
2,vote,2,15
2,vote,3,15
2,vote,4,15
2,vote,5,7
2,vote,6,15
2,vote,7,15
2,vote,8,15
2,vote,10,15
2,vote,11,15
2,vote,12,6
2,vote,13,7
2,vote,15,10
2,execute,15,POSSESSED
2,whisper,0,0,7,ATTACK Agent[08]
2,whisper,1,0,13,ATTACK Agent[03]
2,whisper,2,0,10,ATTACK Agent[04]
2,whisper,3,1,13,Skip
2,whisper,4,1,7,Skip
2,whisper,5,1,10,Skip
2,whisper,6,2,7,Skip
2,whisper,7,2,13,Skip
2,whisper,8,2,10,Skip
2,whisper,9,3,7,Over
2,whisper,10,3,10,Over
2,whisper,11,3,13,Over
2,guard,5,7,WEREWOLF
2,attackVote,7,8
2,attackVote,10,4
2,attackVote,13,3
2,attackVote,7,8
2,attackVote,10,4
2,attackVote,13,3
2,attack,4,true
3,status,1,VILLAGER,ALIVE,SampleJava6
3,status,2,VILLAGER,ALIVE,Takeda0
3,status,3,VILLAGER,ALIVE,Tomato14
3,status,4,VILLAGER,DEAD,SampleJava7
3,status,5,BODYGUARD,ALIVE,OKAMI
3,status,6,VILLAGER,ALIVE,Takeda1
3,status,7,WEREWOLF,ALIVE,sample_py
3,status,8,VILLAGER,ALIVE,Tomato8
3,status,9,MEDIUM,DEAD,SampleJava13
3,status,10,WEREWOLF,ALIVE,Tomato5
3,status,11,VILLAGER,ALIVE,Tomato10
3,status,12,VILLAGER,ALIVE,SampleJava2
3,status,13,WEREWOLF,ALIVE,SampleJava4
3,status,14,SEER,DEAD,Takeda12
3,status,15,POSSESSED,DEAD,TOKU9
3,talk,0,0,8,VOTE Agent[07]
3,talk,1,0,12,VOTE Agent[01]
3,talk,2,0,13,COMINGOUT Agent[13] MEDIUM
3,talk,3,0,6,VOTE Agent[07]
3,talk,4,0,5,VOTE Agent[07]
3,talk,5,0,11,VOTE Agent[07]
3,talk,6,0,2,VOTE Agent[07]
3,talk,7,0,10,VOTE Agent[01]
3,talk,8,0,1,VOTE Agent[07]
3,talk,9,0,3,VOTE Agent[07]
3,talk,10,0,7,DIVINED Agent[08] HUMAN
3,talk,11,1,10,Skip
3,talk,12,1,5,VOTE Agent[07]
3,talk,13,1,11,Skip
3,talk,14,1,13,AND (DAY 2 (IDENTIFIED Agent[09] HUMAN)) (DAY 3 (IDENTIFIED Agent[15] HUMAN))
3,talk,15,1,7,VOTE Agent[10]
3,talk,16,1,12,REQUEST ANY (VOTE Agent[01])
3,talk,17,1,6,Skip
3,talk,18,1,3,Skip
3,talk,19,1,2,Skip
3,talk,20,1,8,Skip
3,talk,21,1,1,REQUEST ANY (VOTE Agent[07])
3,talk,22,2,13,IDENTIFIED Agent[09] HUMAN
3,talk,23,2,6,Skip
3,talk,24,2,7,Skip
3,talk,25,2,1,Skip
3,talk,26,2,5,VOTE Agent[07]
3,talk,27,2,8,Skip
3,talk,28,2,10,Skip
3,talk,29,2,11,Skip
3,talk,30,2,2,Skip
3,talk,31,2,12,Skip
3,talk,32,2,3,Skip
3,talk,33,3,7,Skip
3,talk,34,3,5,VOTE Agent[07]
3,talk,35,3,11,Over
3,talk,36,3,3,Over
3,talk,37,3,6,Over
3,talk,38,3,2,Over
3,talk,39,3,1,Skip
3,talk,40,3,13,IDENTIFIED Agent[15] HUMAN
3,talk,41,3,8,Over
3,talk,42,3,10,Over
3,talk,43,3,12,Skip
3,talk,44,4,1,Over
3,talk,45,4,6,Over
3,talk,46,4,3,Over
3,talk,47,4,8,Over
3,talk,48,4,11,Over
3,talk,49,4,2,Over
3,talk,50,4,7,Over
3,talk,51,4,5,VOTE Agent[07]
3,talk,52,4,13,VOTE Agent[07]
3,talk,53,4,12,Over
3,talk,54,4,10,Over
3,talk,55,5,2,Over
3,talk,56,5,3,Over
3,talk,57,5,13,REQUEST ANY (VOTE Agent[07])
3,talk,58,5,6,Over
3,talk,59,5,11,Over
3,talk,60,5,10,Over
3,talk,61,5,1,Over
3,talk,62,5,12,Over
3,talk,63,5,7,Over
3,talk,64,5,8,Over
3,talk,65,5,5,VOTE Agent[07]
3,talk,66,6,5,VOTE Agent[07]
3,talk,67,6,6,Over
3,talk,68,6,8,Over
3,talk,69,6,3,Over
3,talk,70,6,1,Over
3,talk,71,6,12,Over
3,talk,72,6,7,Over
3,talk,73,6,11,Over
3,talk,74,6,13,Skip
3,talk,75,6,10,Over
3,talk,76,6,2,Over
3,talk,77,7,6,Over
3,talk,78,7,11,Over
3,talk,79,7,13,Skip
3,talk,80,7,3,Over
3,talk,81,7,1,Over
3,talk,82,7,10,Over
3,talk,83,7,2,Over
3,talk,84,7,8,Over
3,talk,85,7,5,VOTE Agent[07]
3,talk,86,7,12,Over
3,talk,87,7,7,Over
3,talk,88,8,13,Over
3,talk,89,8,12,Over
3,talk,90,8,1,Over
3,talk,91,8,6,Over
3,talk,92,8,3,Over
3,talk,93,8,2,Over
3,talk,94,8,11,Over
3,talk,95,8,8,Over
3,talk,96,8,5,VOTE Agent[07]
3,talk,97,8,10,Over
3,talk,98,8,7,Over
3,talk,99,9,10,Over
3,talk,100,9,2,Over
3,talk,101,9,5,Over
3,talk,102,9,7,Over
3,talk,103,9,11,Over
3,talk,104,9,1,Over
3,talk,105,9,3,Over
3,talk,106,9,6,Over
3,talk,107,9,12,Over
3,talk,108,9,8,Over
3,talk,109,9,13,Over
3,vote,1,7
3,vote,2,7
3,vote,3,7
3,vote,5,7
3,vote,6,7
3,vote,7,10
3,vote,8,7
3,vote,10,1
3,vote,11,7
3,vote,12,7
3,vote,13,7
3,execute,7,WEREWOLF
3,whisper,0,0,13,ATTACK Agent[08]
3,whisper,1,0,10,ATTACK Agent[06]
3,whisper,2,1,10,Skip
3,whisper,3,1,13,Skip
3,whisper,4,2,13,Skip
3,whisper,5,2,10,Skip
3,whisper,6,3,13,Over
3,whisper,7,3,10,Over
3,guard,5,13,WEREWOLF
3,attackVote,10,6
3,attackVote,13,8
3,attackVote,10,6
3,attackVote,13,8
3,attack,6,true
4,status,1,VILLAGER,ALIVE,SampleJava6
4,status,2,VILLAGER,ALIVE,Takeda0
4,status,3,VILLAGER,ALIVE,Tomato14
4,status,4,VILLAGER,DEAD,SampleJava7
4,status,5,BODYGUARD,ALIVE,OKAMI
4,status,6,VILLAGER,DEAD,Takeda1
4,status,7,WEREWOLF,DEAD,sample_py
4,status,8,VILLAGER,ALIVE,Tomato8
4,status,9,MEDIUM,DEAD,SampleJava13
4,status,10,WEREWOLF,ALIVE,Tomato5
4,status,11,VILLAGER,ALIVE,Tomato10
4,status,12,VILLAGER,ALIVE,SampleJava2
4,status,13,WEREWOLF,ALIVE,SampleJava4
4,status,14,SEER,DEAD,Takeda12
4,status,15,POSSESSED,DEAD,TOKU9
4,talk,0,0,11,VOTE Agent[13]
4,talk,1,0,10,VOTE Agent[13]
4,talk,2,0,12,VOTE Agent[10]
4,talk,3,0,8,VOTE Agent[13]
4,talk,4,0,1,VOTE Agent[03]
4,talk,5,0,3,VOTE Agent[13]
4,talk,6,0,5,VOTE Agent[12]
4,talk,7,0,2,VOTE Agent[05]
4,talk,8,0,13,DAY 4 (IDENTIFIED Agent[07] HUMAN)
4,talk,9,1,3,Skip
4,talk,10,1,1,REQUEST ANY (VOTE Agent[03])
4,talk,11,1,2,Skip
4,talk,12,1,12,REQUEST ANY (VOTE Agent[10])
4,talk,13,1,5,VOTE Agent[12]
4,talk,14,1,11,Skip
4,talk,15,1,8,Skip
4,talk,16,1,13,IDENTIFIED Agent[07] HUMAN
4,talk,17,1,10,VOTE Agent[12]
4,talk,18,2,3,Skip
4,talk,19,2,10,Skip
4,talk,20,2,13,VOTE Agent[07]
4,talk,21,2,5,VOTE Agent[12]
4,talk,22,2,11,Skip
4,talk,23,2,8,Skip
4,talk,24,2,12,Skip
4,talk,25,2,1,Skip
4,talk,26,2,2,VOTE Agent[13]
4,talk,27,3,12,Skip
4,talk,28,3,13,REQUEST ANY (VOTE Agent[07])
4,talk,29,3,10,Skip
4,talk,30,3,5,VOTE Agent[12]
4,talk,31,3,2,Skip
4,talk,32,3,8,Over
4,talk,33,3,3,Over
4,talk,34,3,1,Skip
4,talk,35,3,11,Over
4,talk,36,4,11,Over
4,talk,37,4,13,Skip
4,talk,38,4,1,Over
4,talk,39,4,5,VOTE Agent[12]
4,talk,40,4,2,Skip
4,talk,41,4,8,Over
4,talk,42,4,10,Over
4,talk,43,4,3,Over
4,talk,44,4,12,Over
4,talk,45,5,1,Over
4,talk,46,5,3,Over
4,talk,47,5,13,Skip
4,talk,48,5,10,Over
4,talk,49,5,11,Over
4,talk,50,5,8,Over
4,talk,51,5,12,Over
4,talk,52,5,2,Over
4,talk,53,5,5,VOTE Agent[12]
4,talk,54,6,12,Over
4,talk,55,6,11,Over
4,talk,56,6,5,VOTE Agent[12]
4,talk,57,6,10,Over
4,talk,58,6,2,Over
4,talk,59,6,3,Over
4,talk,60,6,1,Over
4,talk,61,6,8,Over
4,talk,62,6,13,Over
4,talk,63,7,8,Over
4,talk,64,7,2,Over
4,talk,65,7,11,Over
4,talk,66,7,5,VOTE Agent[12]
4,talk,67,7,3,Over
4,talk,68,7,1,Over
4,talk,69,7,13,Over
4,talk,70,7,12,Over
4,talk,71,7,10,Over
4,talk,72,8,10,Over
4,talk,73,8,13,Over
4,talk,74,8,12,Over
4,talk,75,8,1,Over
4,talk,76,8,5,VOTE Agent[12]
4,talk,77,8,3,Over
4,talk,78,8,2,Over
4,talk,79,8,8,Over
4,talk,80,8,11,Over
4,talk,81,9,5,Over
4,talk,82,9,8,Over
4,talk,83,9,11,Over
4,talk,84,9,2,Over
4,talk,85,9,13,Over
4,talk,86,9,1,Over
4,talk,87,9,12,Over
4,talk,88,9,10,Over
4,talk,89,9,3,Over
4,vote,1,10
4,vote,2,13
4,vote,3,13
4,vote,5,12
4,vote,8,13
4,vote,10,12
4,vote,11,13
4,vote,12,3
4,vote,13,8
4,execute,13,WEREWOLF
4,guard,5,10,WEREWOLF
4,attack,2,true
5,status,1,VILLAGER,ALIVE,SampleJava6
5,status,2,VILLAGER,DEAD,Takeda0
5,status,3,VILLAGER,ALIVE,Tomato14
5,status,4,VILLAGER,DEAD,SampleJava7
5,status,5,BODYGUARD,ALIVE,OKAMI
5,status,6,VILLAGER,DEAD,Takeda1
5,status,7,WEREWOLF,DEAD,sample_py
5,status,8,VILLAGER,ALIVE,Tomato8
5,status,9,MEDIUM,DEAD,SampleJava13
5,status,10,WEREWOLF,ALIVE,Tomato5
5,status,11,VILLAGER,ALIVE,Tomato10
5,status,12,VILLAGER,ALIVE,SampleJava2
5,status,13,WEREWOLF,DEAD,SampleJava4
5,status,14,SEER,DEAD,Takeda12
5,status,15,POSSESSED,DEAD,TOKU9
5,talk,0,0,8,VOTE Agent[10]
5,talk,1,0,12,VOTE Agent[05]
5,talk,2,0,3,VOTE Agent[10]
5,talk,3,0,11,VOTE Agent[10]
5,talk,4,0,5,VOTE Agent[11]
5,talk,5,0,1,VOTE Agent[05]
5,talk,6,0,10,VOTE Agent[05]
5,talk,7,1,8,Skip
5,talk,8,1,5,VOTE Agent[08]
5,talk,9,1,3,Skip
5,talk,10,1,11,Skip
5,talk,11,1,12,REQUEST ANY (VOTE Agent[05])
5,talk,12,1,10,Skip
5,talk,13,1,1,REQUEST ANY (VOTE Agent[05])
5,talk,14,2,3,Skip
5,talk,15,2,5,VOTE Agent[03]
5,talk,16,2,10,Skip
5,talk,17,2,11,Skip
5,talk,18,2,12,Skip
5,talk,19,2,8,Skip
5,talk,20,2,1,Skip
5,talk,21,3,11,Over
5,talk,22,3,10,Over
5,talk,23,3,1,Skip
5,talk,24,3,3,Over
5,talk,25,3,12,Skip
5,talk,26,3,8,Over
5,talk,27,3,5,VOTE Agent[03]
5,talk,28,4,10,Over
5,talk,29,4,3,Over
5,talk,30,4,1,Over
5,talk,31,4,12,Over
5,talk,32,4,8,Over
5,talk,33,4,5,VOTE Agent[08]
5,talk,34,4,11,Over
5,talk,35,5,11,Over
5,talk,36,5,1,Over
5,talk,37,5,3,Over
5,talk,38,5,12,Over
5,talk,39,5,10,Over
5,talk,40,5,5,VOTE Agent[11]
5,talk,41,5,8,Over
5,talk,42,6,12,Over
5,talk,43,6,3,Over
5,talk,44,6,10,Over
5,talk,45,6,11,Over
5,talk,46,6,1,Over
5,talk,47,6,5,VOTE Agent[08]
5,talk,48,6,8,Over
5,talk,49,7,5,VOTE Agent[03]
5,talk,50,7,1,Over
5,talk,51,7,3,Over
5,talk,52,7,11,Over
5,talk,53,7,12,Over
5,talk,54,7,10,Over
5,talk,55,7,8,Over
5,talk,56,8,5,VOTE Agent[08]
5,talk,57,8,3,Over
5,talk,58,8,10,Over
5,talk,59,8,12,Over
5,talk,60,8,11,Over
5,talk,61,8,1,Over
5,talk,62,8,8,Over
5,talk,63,9,3,Over
5,talk,64,9,12,Over
5,talk,65,9,1,Over
5,talk,66,9,11,Over
5,talk,67,9,5,Over
5,talk,68,9,10,Over
5,talk,69,9,8,Over
5,vote,1,5
5,vote,3,10
5,vote,5,3
5,vote,8,10
5,vote,10,5
5,vote,11,10
5,vote,12,5
5,vote,1,5
5,vote,3,10
5,vote,5,8
5,vote,8,10
5,vote,10,5
5,vote,11,10
5,vote,12,5
5,execute,5,BODYGUARD
5,attack,11,true
6,status,1,VILLAGER,ALIVE,SampleJava6
6,status,2,VILLAGER,DEAD,Takeda0
6,status,3,VILLAGER,ALIVE,Tomato14
6,status,4,VILLAGER,DEAD,SampleJava7
6,status,5,BODYGUARD,DEAD,OKAMI
6,status,6,VILLAGER,DEAD,Takeda1
6,status,7,WEREWOLF,DEAD,sample_py
6,status,8,VILLAGER,ALIVE,Tomato8
6,status,9,MEDIUM,DEAD,SampleJava13
6,status,10,WEREWOLF,ALIVE,Tomato5
6,status,11,VILLAGER,DEAD,Tomato10
6,status,12,VILLAGER,ALIVE,SampleJava2
6,status,13,WEREWOLF,DEAD,SampleJava4
6,status,14,SEER,DEAD,Takeda12
6,status,15,POSSESSED,DEAD,TOKU9
6,talk,0,0,8,VOTE Agent[10]
6,talk,1,0,3,VOTE Agent[10]
6,talk,2,0,12,VOTE Agent[03]
6,talk,3,0,10,VOTE Agent[03]
6,talk,4,0,1,VOTE Agent[08]
6,talk,5,1,12,REQUEST ANY (VOTE Agent[03])
6,talk,6,1,3,Skip
6,talk,7,1,10,VOTE Agent[08]
6,talk,8,1,1,REQUEST ANY (VOTE Agent[08])
6,talk,9,1,8,Skip
6,talk,10,2,1,Skip
6,talk,11,2,10,VOTE Agent[03]
6,talk,12,2,3,Skip
6,talk,13,2,8,Skip
6,talk,14,2,12,Skip
6,talk,15,3,1,Skip
6,talk,16,3,8,Over
6,talk,17,3,12,Skip
6,talk,18,3,10,Skip
6,talk,19,3,3,Over
6,talk,20,4,1,Over
6,talk,21,4,8,Over
6,talk,22,4,12,Over
6,talk,23,4,10,Skip
6,talk,24,4,3,Over
6,talk,25,5,1,Over
6,talk,26,5,12,Over
6,talk,27,5,3,Over
6,talk,28,5,8,Over
6,talk,29,5,10,Over
6,vote,1,3
6,vote,3,10
6,vote,8,10
6,vote,10,3
6,vote,12,8
6,vote,1,3
6,vote,3,10
6,vote,8,10
6,vote,10,3
6,vote,12,3
6,execute,3,VILLAGER
6,attack,1,true
7,status,1,VILLAGER,DEAD,SampleJava6
7,status,2,VILLAGER,DEAD,Takeda0
7,status,3,VILLAGER,DEAD,Tomato14
7,status,4,VILLAGER,DEAD,SampleJava7
7,status,5,BODYGUARD,DEAD,OKAMI
7,status,6,VILLAGER,DEAD,Takeda1
7,status,7,WEREWOLF,DEAD,sample_py
7,status,8,VILLAGER,ALIVE,Tomato8
7,status,9,MEDIUM,DEAD,SampleJava13
7,status,10,WEREWOLF,ALIVE,Tomato5
7,status,11,VILLAGER,DEAD,Tomato10
7,status,12,VILLAGER,ALIVE,SampleJava2
7,status,13,WEREWOLF,DEAD,SampleJava4
7,status,14,SEER,DEAD,Takeda12
7,status,15,POSSESSED,DEAD,TOKU9
7,talk,0,0,8,VOTE Agent[10]
7,talk,1,0,10,VOTE Agent[08]
7,talk,2,0,12,VOTE Agent[08]
7,talk,3,1,8,Skip
7,talk,4,1,12,REQUEST ANY (VOTE Agent[08])
7,talk,5,1,10,Skip
7,talk,6,2,8,Skip
7,talk,7,2,12,Skip
7,talk,8,2,10,Skip
7,talk,9,3,10,Over
7,talk,10,3,12,Skip
7,talk,11,3,8,Over
7,talk,12,4,12,Over
7,talk,13,4,10,Over
7,talk,14,4,8,Over
7,vote,8,10
7,vote,10,8
7,vote,12,10
7,execute,10,WEREWOLF
8,status,1,VILLAGER,DEAD,SampleJava6
8,status,2,VILLAGER,DEAD,Takeda0
8,status,3,VILLAGER,DEAD,Tomato14
8,status,4,VILLAGER,DEAD,SampleJava7
8,status,5,BODYGUARD,DEAD,OKAMI
8,status,6,VILLAGER,DEAD,Takeda1
8,status,7,WEREWOLF,DEAD,sample_py
8,status,8,VILLAGER,ALIVE,Tomato8
8,status,9,MEDIUM,DEAD,SampleJava13
8,status,10,WEREWOLF,DEAD,Tomato5
8,status,11,VILLAGER,DEAD,Tomato10
8,status,12,VILLAGER,ALIVE,SampleJava2
8,status,13,WEREWOLF,DEAD,SampleJava4
8,status,14,SEER,DEAD,Takeda12
8,status,15,POSSESSED,DEAD,TOKU9
8,result,2,0,VILLAGER
