0,status,1,WEREWOLF,ALIVE,SampleJava6
0,status,2,VILLAGER,ALIVE,Takeda0
0,status,3,MEDIUM,ALIVE,Tomato14
0,status,4,POSSESSED,ALIVE,SampleJava7
0,status,5,WEREWOLF,ALIVE,OKAMI
0,status,6,VILLAGER,ALIVE,Takeda1
0,status,7,VILLAGER,ALIVE,sample_py
0,status,8,SEER,ALIVE,Tomato8
0,status,9,VILLAGER,ALIVE,SampleJava13
0,status,10,VILLAGER,ALIVE,Tomato5
0,status,11,VILLAGER,ALIVE,Tomato10
0,status,12,VILLAGER,ALIVE,SampleJava2
0,status,13,BODYGUARD,ALIVE,SampleJava4
0,status,14,WEREWOLF,ALIVE,Takeda12
0,status,15,VILLAGER,ALIVE,TOKU9
0,whisper,0,0,1,COMINGOUT Agent[01] SEER
0,whisper,1,0,14,Skip
0,whisper,2,0,5,COMINGOUT Agent[05] MEDIUM
0,whisper,3,1,1,Skip
0,whisper,4,1,5,COMINGOUT Agent[05] VILLAGER
0,whisper,5,1,14,Skip
0,whisper,6,2,5,Skip
0,whisper,7,2,1,Skip
0,whisper,8,2,14,Over
0,whisper,9,3,1,Over
0,whisper,10,3,14,Over
0,whisper,11,3,5,Skip
0,whisper,12,4,1,Over
0,whisper,13,4,5,Over
0,whisper,14,4,14,Over
0,divine,8,9,HUMAN
1,status,1,WEREWOLF,ALIVE,SampleJava6
1,status,2,VILLAGER,ALIVE,Takeda0
1,status,3,MEDIUM,ALIVE,Tomato14
1,status,4,POSSESSED,ALIVE,SampleJava7
1,status,5,WEREWOLF,ALIVE,OKAMI
1,status,6,VILLAGER,ALIVE,Takeda1
1,status,7,VILLAGER,ALIVE,sample_py
1,status,8,SEER,ALIVE,Tomato8
1,status,9,VILLAGER,ALIVE,SampleJava13
1,status,10,VILLAGER,ALIVE,Tomato5
1,status,11,VILLAGER,ALIVE,Tomato10
1,status,12,VILLAGER,ALIVE,SampleJava2
1,status,13,BODYGUARD,ALIVE,SampleJava4
1,status,14,WEREWOLF,ALIVE,Takeda12
1,status,15,VILLAGER,ALIVE,TOKU9
1,talk,0,0,3,COMINGOUT Agent[03] MEDIUM
1,talk,1,0,2,VOTE Agent[06]
1,talk,2,0,14,Skip
1,talk,3,0,10,VOTE Agent[06]
1,talk,4,0,1,COMINGOUT Agent[01] SEER
1,talk,5,0,12,VOTE Agent[07]
1,talk,6,0,13,VOTE Agent[08]
1,talk,7,0,6,VOTE Agent[01]
1,talk,8,0,9,VOTE Agent[07]
1,talk,9,0,7,VOTE Agent[03]
1,talk,10,0,11,VOTE Agent[06]
1,talk,11,0,8,COMINGOUT Agent[08] SEER
1,talk,12,0,4,COMINGOUT Agent[04] SEER
1,talk,13,0,15,VOTE Agent[03]
1,talk,14,0,5,VOTE Agent[06]
1,talk,15,1,8,DIVINED Agent[09] HUMAN
1,talk,16,1,12,REQUEST ANY (VOTE Agent[07])
1,talk,17,1,5,VOTE Agent[06]
1,talk,18,1,11,Skip
1,talk,19,1,9,REQUEST ANY (VOTE Agent[07])
1,talk,20,1,1,DAY 1 (DIVINED Agent[12] WEREWOLF)
1,talk,21,1,6,VOTE Agent[08]
1,talk,22,1,4,DAY 1 (DIVINED Agent[01] WEREWOLF)
1,talk,23,1,10,Skip
1,talk,24,1,14,VOTE Agent[08]
1,talk,25,1,7,Skip
1,talk,26,1,13,REQUEST ANY (VOTE Agent[08])
1,talk,27,1,2,VOTE Agent[08]
1,talk,28,1,15,VOTE Agent[08]
1,talk,29,1,3,VOTE Agent[08]
1,talk,30,2,3,Skip
1,talk,31,2,12,BECAUSE (AND (COMINGOUT Agent[12] VILLAGER) (DAY 1 (Agent[01] DIVINED Agent[12] WEREWOLF))) (XOR (ESTIMATE Agent[01] WEREWOLF) (ESTIMATE Agent[01] POSSESSED))
1,talk,32,2,9,Skip
1,talk,33,2,15,Skip
1,talk,34,2,1,DIVINED Agent[12] WEREWOLF
1,talk,35,2,6,Skip
1,talk,36,2,4,DIVINED Agent[01] WEREWOLF
1,talk,37,2,2,Skip
1,talk,38,2,10,VOTE Agent[08]
1,talk,39,2,11,VOTE Agent[08]
1,talk,40,2,13,Skip
1,talk,41,2,14,Skip
1,talk,42,2,7,VOTE Agent[12]
1,talk,43,2,5,VOTE Agent[12]
1,talk,44,2,8,VOTE Agent[07]
1,talk,45,3,15,Skip
1,talk,46,3,10,VOTE Agent[07]
1,talk,47,3,1,BECAUSE (DAY 1 (DIVINED Agent[12] WEREWOLF)) (AND (VOTE Agent[12]) (REQUEST ANY (VOTE Agent[12])))
1,talk,48,3,5,VOTE Agent[12]
1,talk,49,3,4,BECAUSE (DAY 1 (DIVINED Agent[01] WEREWOLF)) (AND (VOTE Agent[01]) (REQUEST ANY (VOTE Agent[01])))
1,talk,50,3,14,Skip
1,talk,51,3,8,Skip
1,talk,52,3,12,BECAUSE (XOR (ESTIMATE Agent[01] WEREWOLF) (ESTIMATE Agent[01] POSSESSED)) (AND (VOTE Agent[01]) (REQUEST ANY (VOTE Agent[01])))
1,talk,53,3,13,Skip
1,talk,54,3,9,Skip
1,talk,55,3,3,VOTE Agent[01]
1,talk,56,3,6,Skip
1,talk,57,3,2,Skip
1,talk,58,3,7,Skip
1,talk,59,3,11,VOTE Agent[01]
1,talk,60,4,6,Over
1,talk,61,4,9,Over
1,talk,62,4,4,VOTE Agent[01]
1,talk,63,4,14,Over
1,talk,64,4,2,Over
1,talk,65,4,5,VOTE Agent[12]
1,talk,66,4,1,VOTE Agent[12]
1,talk,67,4,11,Skip
1,talk,68,4,15,Over
1,talk,69,4,10,VOTE Agent[01]
1,talk,70,4,13,Over
1,talk,71,4,8,VOTE Agent[01]
1,talk,72,4,3,Skip
1,talk,73,4,7,Skip
1,talk,74,4,12,VOTE Agent[01]
1,talk,75,5,11,Skip
1,talk,76,5,15,Over
1,talk,77,5,2,Over
1,talk,78,5,4,REQUEST ANY (VOTE Agent[01])
1,talk,79,5,12,REQUEST ANY (VOTE Agent[01])
1,talk,80,5,1,REQUEST ANY (VOTE Agent[12])
1,talk,81,5,9,Over
1,talk,82,5,7,Over
1,talk,83,5,13,Over
1,talk,84,5,5,VOTE Agent[12]
1,talk,85,5,14,Over
1,talk,86,5,8,Skip
1,talk,87,5,3,Skip
1,talk,88,5,6,Over
1,talk,89,5,10,Skip
1,talk,90,6,10,Skip
1,talk,91,6,15,Over
1,talk,92,6,3,Over
1,talk,93,6,7,Over
1,talk,94,6,13,Over
1,talk,95,6,2,Over
1,talk,96,6,11,Over
1,talk,97,6,4,Skip
1,talk,98,6,8,Skip
1,talk,99,6,14,Over
1,talk,100,6,1,Skip
1,talk,101,6,12,Skip
1,talk,102,6,9,Over
1,talk,103,6,5,VOTE Agent[12]
1,talk,104,6,6,Over
1,talk,105,7,14,Over
1,talk,106,7,10,Over
1,talk,107,7,11,Over
1,talk,108,7,1,Skip
1,talk,109,7,7,Over
1,talk,110,7,5,VOTE Agent[12]
1,talk,111,7,9,Over
1,talk,112,7,12,Skip
1,talk,113,7,4,Skip
1,talk,114,7,8,Over
1,talk,115,7,6,Over
1,talk,116,7,2,Over
1,talk,117,7,13,Over
1,talk,118,7,3,Over
1,talk,119,7,15,Over
1,talk,120,8,4,Over
1,talk,121,8,9,Over
1,talk,122,8,11,Over
1,talk,123,8,1,Over
1,talk,124,8,2,Over
1,talk,125,8,15,Over
1,talk,126,8,6,Over
1,talk,127,8,8,Over
1,talk,128,8,7,Over
1,talk,129,8,12,Over
1,talk,130,8,3,Over
1,talk,131,8,5,VOTE Agent[12]
1,talk,132,8,10,Over
1,talk,133,8,14,Over
1,talk,134,8,13,Over
1,talk,135,9,5,Over
1,talk,136,9,14,Over
1,talk,137,9,7,Over
1,talk,138,9,15,Over
1,talk,139,9,11,Over
1,talk,140,9,12,Over
1,talk,141,9,4,Over
1,talk,142,9,9,Over
1,talk,143,9,1,Over
1,talk,144,9,8,Over
1,talk,145,9,3,Over
1,talk,146,9,13,Over
1,talk,147,9,2,Over
1,talk,148,9,10,Over
1,talk,149,9,6,Over
1,vote,1,12
1,vote,2,8
1,vote,3,1
1,vote,4,1
1,vote,5,12
1,vote,6,8
1,vote,7,12
1,vote,8,1
1,vote,9,1
1,vote,10,1
1,vote,11,1
1,vote,12,1
1,vote,13,1
1,vote,14,8
1,vote,15,8
1,execute,1,WEREWOLF
1,divine,8,4,HUMAN
1,whisper,0,0,14,Skip
1,whisper,1,0,5,ATTACK Agent[08]
1,whisper,2,1,14,Skip
1,whisper,3,1,5,Skip
1,whisper,4,2,14,Over
1,whisper,5,2,5,Skip
1,whisper,6,3,5,Over
1,whisper,7,3,14,Over
1,guard,13,4,POSSESSED
1,attackVote,5,4
1,attackVote,14,13
1,attackVote,5,4
1,attackVote,14,13
1,attack,4,false
2,status,1,WEREWOLF,DEAD,SampleJava6
2,status,2,VILLAGER,ALIVE,Takeda0
2,status,3,MEDIUM,ALIVE,Tomato14
2,status,4,POSSESSED,ALIVE,SampleJava7
2,status,5,WEREWOLF,ALIVE,OKAMI
2,status,6,VILLAGER,ALIVE,Takeda1
2,status,7,VILLAGER,ALIVE,sample_py
2,status,8,SEER,ALIVE,Tomato8
2,status,9,VILLAGER,ALIVE,SampleJava13
2,status,10,VILLAGER,ALIVE,Tomato5
2,status,11,VILLAGER,ALIVE,Tomato10
2,status,12,VILLAGER,ALIVE,SampleJava2
2,status,13,BODYGUARD,ALIVE,SampleJava4
2,status,14,WEREWOLF,ALIVE,Takeda12
2,status,15,VILLAGER,ALIVE,TOKU9
2,talk,0,0,7,VOTE Agent[12]
2,talk,1,0,4,DAY 2 (DIVINED Agent[09] HUMAN)
2,talk,2,0,8,DIVINED Agent[04] HUMAN
2,talk,3,0,10,VOTE Agent[12]
2,talk,4,0,3,IDENTIFIED Agent[01] WEREWOLF
2,talk,5,0,2,VOTE Agent[08]
2,talk,6,0,12,VOTE Agent[02]
2,talk,7,0,11,VOTE Agent[12]
2,talk,8,0,5,VOTE Agent[12]
2,talk,9,0,13,VOTE Agent[14]
2,talk,10,0,14,VOTE Agent[08]
2,talk,11,0,6,VOTE Agent[08]
2,talk,12,0,15,VOTE Agent[08]
2,talk,13,0,9,VOTE Agent[15]
2,talk,14,1,13,REQUEST ANY (VOTE Agent[14])
2,talk,15,1,3,VOTE Agent[08]
2,talk,16,1,9,REQUEST ANY (VOTE Agent[15])
2,talk,17,1,2,VOTE Agent[14]
2,talk,18,1,5,VOTE Agent[12]
2,talk,19,1,4,DIVINED Agent[09] HUMAN
2,talk,20,1,11,Skip
2,talk,21,1,10,VOTE Agent[08]
2,talk,22,1,15,VOTE Agent[06]
2,talk,23,1,8,VOTE Agent[12]
2,talk,24,1,14,VOTE Agent[05]
2,talk,25,1,12,REQUEST ANY (VOTE Agent[02])
2,talk,26,1,7,Skip
2,talk,27,1,6,VOTE Agent[05]
2,talk,28,2,13,Skip
2,talk,29,2,12,Skip
2,talk,30,2,15,Skip
2,talk,31,2,3,VOTE Agent[12]
2,talk,32,2,14,Skip
2,talk,33,2,8,Skip
2,talk,34,2,6,Skip
2,talk,35,2,11,Skip
2,talk,36,2,5,VOTE Agent[12]
2,talk,37,2,9,Skip
2,talk,38,2,4,BECAUSE (AND (COMINGOUT Agent[04] SEER) (Agent[08] COMINGOUT Agent[08] SEER)) (XOR (ESTIMATE Agent[08] WEREWOLF) (ESTIMATE Agent[08] POSSESSED))
2,talk,39,2,7,Skip
2,talk,40,2,2,VOTE Agent[05]
2,talk,41,2,10,VOTE Agent[12]
2,talk,42,3,5,VOTE Agent[12]
2,talk,43,3,10,Skip
2,talk,44,3,7,Over
2,talk,45,3,12,Skip
2,talk,46,3,4,BECAUSE (XOR (ESTIMATE Agent[08] WEREWOLF) (ESTIMATE Agent[08] POSSESSED)) (AND (VOTE Agent[08]) (REQUEST ANY (VOTE Agent[08])))
2,talk,47,3,11,Over
2,talk,48,3,3,Skip
2,talk,49,3,9,Skip
2,talk,50,3,8,Skip
2,talk,51,3,2,Skip
2,talk,52,3,14,VOTE Agent[02]
2,talk,53,3,15,VOTE Agent[02]
2,talk,54,3,13,Skip
2,talk,55,3,6,Skip
2,talk,56,4,7,Over
2,talk,57,4,11,Over
2,talk,58,4,8,Over
2,talk,59,4,10,Skip
2,talk,60,4,13,Over
2,talk,61,4,15,Skip
2,talk,62,4,2,Skip
2,talk,63,4,4,VOTE Agent[08]
2,talk,64,4,14,Skip
2,talk,65,4,5,VOTE Agent[12]
2,talk,66,4,9,Over
2,talk,67,4,12,Over
2,talk,68,4,6,Over
2,talk,69,4,3,Skip
2,talk,70,5,6,Over
2,talk,71,5,9,Over
2,talk,72,5,11,Over
2,talk,73,5,15,Skip
2,talk,74,5,5,VOTE Agent[12]
2,talk,75,5,8,Over
2,talk,76,5,13,Over
2,talk,77,5,4,REQUEST ANY (VOTE Agent[08])
2,talk,78,5,3,Over
2,talk,79,5,12,Over
2,talk,80,5,2,Over
2,talk,81,5,10,Over
2,talk,82,5,14,Skip
2,talk,83,5,7,Over
2,talk,84,6,15,VOTE Agent[05]
2,talk,85,6,3,Over
2,talk,86,6,10,Over
2,talk,87,6,11,Over
2,talk,88,6,14,Over
2,talk,89,6,2,Over
2,talk,90,6,12,Over
2,talk,91,6,8,Over
2,talk,92,6,7,Over
2,talk,93,6,13,Over
2,talk,94,6,4,Skip
2,talk,95,6,5,VOTE Agent[12]
2,talk,96,6,9,Over
2,talk,97,6,6,Over
2,talk,98,7,5,VOTE Agent[12]
2,talk,99,7,6,Over
2,talk,100,7,3,Over
2,talk,101,7,2,Over
2,talk,102,7,11,Over
2,talk,103,7,9,Over
2,talk,104,7,15,VOTE Agent[02]
2,talk,105,7,13,Over
2,talk,106,7,4,Skip
2,talk,107,7,12,Over
2,talk,108,7,10,Over
2,talk,109,7,8,Over
2,talk,110,7,7,Over
2,talk,111,7,14,Over
2,talk,112,8,7,Over
2,talk,113,8,15,Skip
2,talk,114,8,4,Over
2,talk,115,8,2,Over
2,talk,116,8,10,Over
2,talk,117,8,9,Over
2,talk,118,8,5,VOTE Agent[12]
2,talk,119,8,8,Over
2,talk,120,8,3,Over
2,talk,121,8,6,Over
2,talk,122,8,14,Over
2,talk,123,8,13,Over
2,talk,124,8,11,Over
2,talk,125,8,12,Over
2,talk,126,9,14,Over
2,talk,127,9,4,Over
2,talk,128,9,7,Over
2,talk,129,9,9,Over
2,talk,130,9,5,Over
2,talk,131,9,15,Skip
2,talk,132,9,13,Over
2,talk,133,9,10,Over
2,talk,134,9,8,Over
2,talk,135,9,6,Over
2,talk,136,9,11,Over
2,talk,137,9,3,Over
2,talk,138,9,12,Over
2,talk,139,9,2,Over
2,talk,140,10,7,Over
2,talk,141,10,12,Over
2,talk,142,10,8,Over
2,talk,143,10,4,Over
2,talk,144,10,13,Over
2,talk,145,10,9,Over
2,talk,146,10,5,Over
2,talk,147,10,14,Over
2,talk,148,10,3,Over
2,talk,149,10,6,Over
2,talk,150,10,15,VOTE Agent[05]
2,talk,151,10,2,Over
2,talk,152,10,10,Over
2,talk,153,10,11,Over
2,talk,154,11,13,Over
2,talk,155,11,5,Over
2,talk,156,11,9,Over
2,talk,157,11,14,Over
2,talk,158,11,6,Over
2,talk,159,11,11,Over
2,talk,160,11,10,Over
2,talk,161,11,15,Skip
2,talk,162,11,8,Over
2,talk,163,11,12,Over
2,talk,164,11,2,Over
2,talk,165,11,7,Over
2,talk,166,11,3,Over
2,talk,167,11,4,Over
2,talk,168,12,12,Over
2,talk,169,12,10,Over
2,talk,170,12,14,Over
2,talk,171,12,3,Over
2,talk,172,12,13,Over
2,talk,173,12,6,Over
2,talk,174,12,5,Over
2,talk,175,12,7,Over
2,talk,176,12,4,Over
2,talk,177,12,11,Over
2,talk,178,12,8,Over
2,talk,179,12,9,Over
2,talk,180,12,2,Over
2,talk,181,12,15,Skip
2,talk,182,13,9,Over
2,talk,183,13,5,Over
2,talk,184,13,11,Over
2,talk,185,13,13,Over
2,talk,186,13,6,Over
2,talk,187,13,3,Over
2,talk,188,13,8,Over
2,talk,189,13,14,Over
2,talk,190,13,4,Over
2,talk,191,13,2,Over
2,talk,192,13,7,Over
2,talk,193,13,12,Over
2,talk,194,13,15,Over
2,talk,195,13,10,Over
2,vote,2,5
2,vote,3,12
2,vote,4,8
2,vote,5,12
2,vote,6,5
2,vote,7,12
2,vote,8,12
2,vote,9,2
2,vote,10,12
2,vote,11,12
2,vote,12,15
2,vote,13,2
2,vote,14,5
2,vote,15,5
2,execute,12,VILLAGER
2,divine,8,3,HUMAN
2,whisper,0,0,5,ATTACK Agent[08]
2,whisper,1,0,14,Skip
2,whisper,2,1,5,Skip
2,whisper,3,1,14,Skip
2,whisper,4,2,14,Over
2,whisper,5,2,5,Skip
2,whisper,6,3,14,Over
2,whisper,7,3,5,Over
2,guard,13,4,POSSESSED
2,attackVote,5,8
2,attackVote,14,13
2,attackVote,5,4
2,attackVote,14,13
2,attack,13,true
3,status,1,WEREWOLF,DEAD,SampleJava6
3,status,2,VILLAGER,ALIVE,Takeda0
3,status,3,MEDIUM,ALIVE,Tomato14
3,status,4,POSSESSED,ALIVE,SampleJava7
3,status,5,WEREWOLF,ALIVE,OKAMI
3,status,6,VILLAGER,ALIVE,Takeda1
3,status,7,VILLAGER,ALIVE,sample_py
3,status,8,SEER,ALIVE,Tomato8
3,status,9,VILLAGER,ALIVE,SampleJava13
3,status,10,VILLAGER,ALIVE,Tomato5
3,status,11,VILLAGER,ALIVE,Tomato10
3,status,12,VILLAGER,DEAD,SampleJava2
3,status,13,BODYGUARD,DEAD,SampleJava4
3,status,14,WEREWOLF,ALIVE,Takeda12
3,status,15,VILLAGER,ALIVE,TOKU9
3,talk,0,0,2,VOTE Agent[05]
3,talk,1,0,3,IDENTIFIED Agent[12] HUMAN
3,talk,2,0,11,VOTE Agent[08]
3,talk,3,0,10,VOTE Agent[08]
3,talk,4,0,14,VOTE Agent[02]
3,talk,5,0,8,DIVINED Agent[03] HUMAN
3,talk,6,0,7,VOTE Agent[09]
3,talk,7,0,9,VOTE Agent[14]
3,talk,8,0,5,VOTE Agent[02]
3,talk,9,0,6,VOTE Agent[05]
3,talk,10,0,15,VOTE Agent[05]
3,talk,11,0,4,DAY 3 (DIVINED Agent[10] HUMAN)
3,talk,12,1,8,VOTE Agent[11]
3,talk,13,1,6,Skip
3,talk,14,1,9,REQUEST ANY (VOTE Agent[14])
3,talk,15,1,11,Skip
3,talk,16,1,4,DIVINED Agent[10] HUMAN
3,talk,17,1,15,Skip
3,talk,18,1,14,Skip
3,talk,19,1,2,Skip
3,talk,20,1,5,VOTE Agent[02]
3,talk,21,1,10,Skip
3,talk,22,1,7,Skip
3,talk,23,1,3,VOTE Agent[08]
3,talk,24,2,10,Skip
3,talk,25,2,2,Skip
3,talk,26,2,14,Skip
3,talk,27,2,15,Skip
3,talk,28,2,6,Skip
3,talk,29,2,7,Skip
3,talk,30,2,11,Skip
3,talk,31,2,8,Skip
3,talk,32,2,3,Skip
3,talk,33,2,5,VOTE Agent[11]
3,talk,34,2,9,Skip
3,talk,35,2,4,BECAUSE (AND (COMINGOUT Agent[04] SEER) (Agent[08] COMINGOUT Agent[08] SEER)) (XOR (ESTIMATE Agent[08] WEREWOLF) (ESTIMATE Agent[08] POSSESSED))
3,talk,36,3,4,BECAUSE (XOR (ESTIMATE Agent[08] WEREWOLF) (ESTIMATE Agent[08] POSSESSED)) (AND (VOTE Agent[08]) (REQUEST ANY (VOTE Agent[08])))
3,talk,37,3,10,Over
3,talk,38,3,5,VOTE Agent[02]
3,talk,39,3,9,Skip
3,talk,40,3,2,Over
3,talk,41,3,8,Skip
3,talk,42,3,6,Over
3,talk,43,3,14,Over
3,talk,44,3,11,Over
3,talk,45,3,15,Over
3,talk,46,3,3,Skip
3,talk,47,3,7,Over
3,talk,48,4,7,Over
3,talk,49,4,11,Over
3,talk,50,4,3,Over
3,talk,51,4,4,VOTE Agent[08]
3,talk,52,4,14,Over
3,talk,53,4,9,Over
3,talk,54,4,8,Over
3,talk,55,4,15,Over
3,talk,56,4,5,VOTE Agent[11]
3,talk,57,4,6,Over
3,talk,58,4,10,Over
3,talk,59,4,2,Over
3,talk,60,5,7,Over
3,talk,61,5,2,Over
3,talk,62,5,8,Over
3,talk,63,5,14,Over
3,talk,64,5,6,Over
3,talk,65,5,15,Over
3,talk,66,5,5,VOTE Agent[11]
3,talk,67,5,11,Over
3,talk,68,5,10,Over
3,talk,69,5,3,Over
3,talk,70,5,9,Over
3,talk,71,5,4,REQUEST ANY (VOTE Agent[08])
3,talk,72,6,10,Over
3,talk,73,6,4,Skip
3,talk,74,6,9,Over
3,talk,75,6,3,Over
3,talk,76,6,2,Over
3,talk,77,6,11,Over
3,talk,78,6,6,Over
3,talk,79,6,8,Over
3,talk,80,6,7,Over
3,talk,81,6,5,VOTE Agent[02]
3,talk,82,6,14,Over
3,talk,83,6,15,Over
3,talk,84,7,3,Over
3,talk,85,7,10,Over
3,talk,86,7,2,Over
3,talk,87,7,7,Over
3,talk,88,7,8,Over
3,talk,89,7,11,Over
3,talk,90,7,9,Over
3,talk,91,7,6,Over
3,talk,92,7,5,VOTE Agent[02]
3,talk,93,7,14,Over
3,talk,94,7,4,Skip
3,talk,95,7,15,Over
3,talk,96,8,4,Over
3,talk,97,8,15,Over
3,talk,98,8,9,Over
3,talk,99,8,2,Over
3,talk,100,8,3,Over
3,talk,101,8,11,Over
3,talk,102,8,6,Over
3,talk,103,8,10,Over
3,talk,104,8,5,VOTE Agent[11]
3,talk,105,8,14,Over
3,talk,106,8,7,Over
3,talk,107,8,8,Over
3,talk,108,9,6,Over
3,talk,109,9,9,Over
3,talk,110,9,10,Over
3,talk,111,9,7,Over
3,talk,112,9,2,Over
3,talk,113,9,15,Over
3,talk,114,9,11,Over
3,talk,115,9,5,Over
3,talk,116,9,4,Over
3,talk,117,9,3,Over
3,talk,118,9,14,Over
3,talk,119,9,8,Over
3,vote,2,5
3,vote,3,8
3,vote,4,8
3,vote,5,11
3,vote,6,5
3,vote,7,9
3,vote,8,11
3,vote,9,8
3,vote,10,8
3,vote,11,8
3,vote,14,5
3,vote,15,5
3,execute,8,SEER
3,whisper,0,0,14,Skip
3,whisper,1,0,5,ATTACK Agent[04]
3,whisper,2,1,14,Skip
3,whisper,3,1,5,Skip
3,whisper,4,2,14,Over
3,whisper,5,2,5,Skip
3,whisper,6,3,14,Over
3,whisper,7,3,5,Over
3,attackVote,5,4
3,attackVote,14,15
3,attackVote,5,4
3,attackVote,14,15
3,attack,4,true
4,status,1,WEREWOLF,DEAD,SampleJava6
4,status,2,VILLAGER,ALIVE,Takeda0
4,status,3,MEDIUM,ALIVE,Tomato14
4,status,4,POSSESSED,DEAD,SampleJava7
4,status,5,WEREWOLF,ALIVE,OKAMI
4,status,6,VILLAGER,ALIVE,Takeda1
4,status,7,VILLAGER,ALIVE,sample_py
4,status,8,SEER,DEAD,Tomato8
4,status,9,VILLAGER,ALIVE,SampleJava13
4,status,10,VILLAGER,ALIVE,Tomato5
4,status,11,VILLAGER,ALIVE,Tomato10
4,status,12,VILLAGER,DEAD,SampleJava2
4,status,13,BODYGUARD,DEAD,SampleJava4
4,status,14,WEREWOLF,ALIVE,Takeda12
4,status,15,VILLAGER,ALIVE,TOKU9
4,talk,0,0,15,VOTE Agent[05]
4,talk,1,0,9,VOTE Agent[06]
4,talk,2,0,2,VOTE Agent[05]
4,talk,3,0,5,VOTE Agent[06]
4,talk,4,0,10,VOTE Agent[11]
4,talk,5,0,6,VOTE Agent[05]
4,talk,6,0,11,VOTE Agent[07]
4,talk,7,0,3,IDENTIFIED Agent[08] HUMAN
4,talk,8,0,14,VOTE Agent[02]
4,talk,9,0,7,VOTE Agent[11]
4,talk,10,1,15,Skip
4,talk,11,1,10,Skip
4,talk,12,1,7,Skip
4,talk,13,1,3,VOTE Agent[11]
4,talk,14,1,14,Skip
4,talk,15,1,9,REQUEST ANY (VOTE Agent[06])
4,talk,16,1,5,VOTE Agent[11]
4,talk,17,1,6,Skip
4,talk,18,1,11,Skip
4,talk,19,1,2,Skip
4,talk,20,2,2,Skip
4,talk,21,2,9,Skip
4,talk,22,2,11,Skip
4,talk,23,2,14,VOTE Agent[06]
4,talk,24,2,15,Skip
4,talk,25,2,3,Skip
4,talk,26,2,5,VOTE Agent[11]
4,talk,27,2,7,Skip
4,talk,28,2,10,Skip
4,talk,29,2,6,Skip
4,talk,30,3,2,Over
4,talk,31,3,7,Over
4,talk,32,3,11,Over
4,talk,33,3,14,Skip
4,talk,34,3,10,Over
4,talk,35,3,3,Skip
4,talk,36,3,5,VOTE Agent[11]
4,talk,37,3,9,Skip
4,talk,38,3,6,Over
4,talk,39,3,15,Over
4,talk,40,4,10,Over
4,talk,41,4,3,Over
4,talk,42,4,5,VOTE Agent[11]
4,talk,43,4,2,Over
4,talk,44,4,6,Over
4,talk,45,4,15,Over
4,talk,46,4,14,Skip
4,talk,47,4,9,Over
4,talk,48,4,7,Over
4,talk,49,4,11,Over
4,talk,50,5,5,VOTE Agent[11]
4,talk,51,5,7,Over
4,talk,52,5,10,Over
4,talk,53,5,3,Over
4,talk,54,5,11,Over
4,talk,55,5,15,Over
4,talk,56,5,14,Over
4,talk,57,5,2,Over
4,talk,58,5,9,Over
4,talk,59,5,6,Over
4,talk,60,6,7,Over
4,talk,61,6,15,Over
4,talk,62,6,11,Over
4,talk,63,6,14,Over
4,talk,64,6,2,Over
4,talk,65,6,5,VOTE Agent[11]
4,talk,66,6,6,Over
4,talk,67,6,10,Over
4,talk,68,6,9,Over
4,talk,69,6,3,Over
4,talk,70,7,14,Over
4,talk,71,7,9,Over
4,talk,72,7,2,Over
4,talk,73,7,10,Over
4,talk,74,7,7,Over
4,talk,75,7,5,VOTE Agent[11]
4,talk,76,7,3,Over
4,talk,77,7,15,Over
4,talk,78,7,6,Over
4,talk,79,7,11,Over
4,talk,80,8,6,Over
4,talk,81,8,14,Over
4,talk,82,8,3,Over
4,talk,83,8,15,Over
4,talk,84,8,10,Over
4,talk,85,8,7,Over
4,talk,86,8,9,Over
4,talk,87,8,2,Over
4,talk,88,8,11,Over
4,talk,89,8,5,VOTE Agent[11]
4,talk,90,9,3,Over
4,talk,91,9,5,Over
4,talk,92,9,11,Over
4,talk,93,9,10,Over
4,talk,94,9,15,Over
4,talk,95,9,9,Over
4,talk,96,9,14,Over
4,talk,97,9,7,Over
4,talk,98,9,6,Over
4,talk,99,9,2,Over
4,vote,2,5
4,vote,3,11
4,vote,5,11
4,vote,6,5
4,vote,7,11
4,vote,9,11
4,vote,10,11
4,vote,11,7
4,vote,14,5
4,vote,15,5
4,execute,11,VILLAGER
4,whisper,0,0,14,Skip
4,whisper,1,0,5,ATTACK Agent[09]
4,whisper,2,1,5,Skip
4,whisper,3,1,14,Skip
4,whisper,4,2,14,Over
4,whisper,5,2,5,Skip
4,whisper,6,3,14,Over
4,whisper,7,3,5,Over
4,attackVote,5,9
4,attackVote,14,15
4,attackVote,5,10
4,attackVote,14,15
4,attack,15,true
5,status,1,WEREWOLF,DEAD,SampleJava6
5,status,2,VILLAGER,ALIVE,Takeda0
5,status,3,MEDIUM,ALIVE,Tomato14
5,status,4,POSSESSED,DEAD,SampleJava7
5,status,5,WEREWOLF,ALIVE,OKAMI
5,status,6,VILLAGER,ALIVE,Takeda1
5,status,7,VILLAGER,ALIVE,sample_py
5,status,8,SEER,DEAD,Tomato8
5,status,9,VILLAGER,ALIVE,SampleJava13
5,status,10,VILLAGER,ALIVE,Tomato5
5,status,11,VILLAGER,DEAD,Tomato10
5,status,12,VILLAGER,DEAD,SampleJava2
5,status,13,BODYGUARD,DEAD,SampleJava4
5,status,14,WEREWOLF,ALIVE,Takeda12
5,status,15,VILLAGER,DEAD,TOKU9
5,talk,0,0,7,VOTE Agent[14]
5,talk,1,0,3,IDENTIFIED Agent[11] HUMAN
5,talk,2,0,6,VOTE Agent[05]
5,talk,3,0,5,VOTE Agent[06]
5,talk,4,0,9,VOTE Agent[14]
5,talk,5,0,2,VOTE Agent[05]
5,talk,6,0,14,VOTE Agent[06]
5,talk,7,0,10,VOTE Agent[07]
5,talk,8,1,2,Skip
5,talk,9,1,9,REQUEST ANY (VOTE Agent[14])
5,talk,10,1,10,Skip
5,talk,11,1,7,Skip
5,talk,12,1,3,VOTE Agent[07]
5,talk,13,1,6,Skip
5,talk,14,1,5,VOTE Agent[07]
5,talk,15,1,14,Skip
5,talk,16,2,10,Skip
5,talk,17,2,7,Skip
5,talk,18,2,3,Skip
5,talk,19,2,9,Skip
5,talk,20,2,2,Skip
5,talk,21,2,14,Skip
5,talk,22,2,5,VOTE Agent[07]
5,talk,23,2,6,Skip
5,talk,24,3,9,Skip
5,talk,25,3,5,VOTE Agent[07]
5,talk,26,3,14,Over
5,talk,27,3,10,Over
5,talk,28,3,7,Over
5,talk,29,3,6,Over
5,talk,30,3,2,Over
5,talk,31,3,3,Skip
5,talk,32,4,9,Over
5,talk,33,4,7,Over
5,talk,34,4,10,Over
5,talk,35,4,6,Over
5,talk,36,4,3,Over
5,talk,37,4,14,Over
5,talk,38,4,5,VOTE Agent[07]
5,talk,39,4,2,Over
5,talk,40,5,3,Over
5,talk,41,5,10,Over
5,talk,42,5,7,Over
5,talk,43,5,14,Over
5,talk,44,5,2,Over
5,talk,45,5,6,Over
5,talk,46,5,5,VOTE Agent[07]
5,talk,47,5,9,Over
5,talk,48,6,7,Over
5,talk,49,6,10,Over
5,talk,50,6,3,Over
5,talk,51,6,5,VOTE Agent[07]
5,talk,52,6,9,Over
5,talk,53,6,14,Over
5,talk,54,6,6,Over
5,talk,55,6,2,Over
5,talk,56,7,3,Over
5,talk,57,7,9,Over
5,talk,58,7,7,Over
5,talk,59,7,14,Over
5,talk,60,7,2,Over
5,talk,61,7,5,VOTE Agent[07]
5,talk,62,7,6,Over
5,talk,63,7,10,Over
5,talk,64,8,5,VOTE Agent[07]
5,talk,65,8,7,Over
5,talk,66,8,2,Over
5,talk,67,8,9,Over
5,talk,68,8,10,Over
5,talk,69,8,6,Over
5,talk,70,8,14,Over
5,talk,71,8,3,Over
5,talk,72,9,6,Over
5,talk,73,9,14,Over
5,talk,74,9,3,Over
5,talk,75,9,2,Over
5,talk,76,9,10,Over
5,talk,77,9,9,Over
5,talk,78,9,7,Over
5,talk,79,9,5,Over
5,vote,2,5
5,vote,3,7
5,vote,5,7
5,vote,6,5
5,vote,7,14
5,vote,9,5
5,vote,10,7
5,vote,14,5
5,execute,5,WEREWOLF
5,attackVote,14,6
5,attack,6,true
6,status,1,WEREWOLF,DEAD,SampleJava6
6,status,2,VILLAGER,ALIVE,Takeda0
6,status,3,MEDIUM,ALIVE,Tomato14
6,status,4,POSSESSED,DEAD,SampleJava7
6,status,5,WEREWOLF,DEAD,OKAMI
6,status,6,VILLAGER,DEAD,Takeda1
6,status,7,VILLAGER,ALIVE,sample_py
6,status,8,SEER,DEAD,Tomato8
6,status,9,VILLAGER,ALIVE,SampleJava13
6,status,10,VILLAGER,ALIVE,Tomato5
6,status,11,VILLAGER,DEAD,Tomato10
6,status,12,VILLAGER,DEAD,SampleJava2
6,status,13,BODYGUARD,DEAD,SampleJava4
6,status,14,WEREWOLF,ALIVE,Takeda12
6,status,15,VILLAGER,DEAD,TOKU9
6,talk,0,0,10,VOTE Agent[07]
6,talk,1,0,9,VOTE Agent[14]
6,talk,2,0,7,VOTE Agent[09]
6,talk,3,0,2,VOTE Agent[14]
6,talk,4,0,14,VOTE Agent[02]
6,talk,5,0,3,IDENTIFIED Agent[05] WEREWOLF
6,talk,6,1,3,VOTE Agent[07]
6,talk,7,1,10,Skip
6,talk,8,1,2,Skip
6,talk,9,1,9,REQUEST ANY (VOTE Agent[14])
6,talk,10,1,7,Skip
6,talk,11,1,14,Skip
6,talk,12,2,14,Skip
6,talk,13,2,3,Skip
6,talk,14,2,10,Skip
6,talk,15,2,9,Skip
6,talk,16,2,2,Skip
6,talk,17,2,7,Skip
6,talk,18,3,3,Skip
6,talk,19,3,9,Skip
6,talk,20,3,7,Over
6,talk,21,3,2,Over
6,talk,22,3,14,Over
6,talk,23,3,10,Over
6,talk,24,4,3,Over
6,talk,25,4,2,Over
6,talk,26,4,14,Over
6,talk,27,4,10,Over
6,talk,28,4,9,Over
6,talk,29,4,7,Over
6,vote,2,14
6,vote,3,7
6,vote,7,9
6,vote,9,3
6,vote,10,7
6,vote,14,2
6,execute,7,VILLAGER
6,attackVote,14,9
6,attack,9,true
7,status,1,WEREWOLF,DEAD,SampleJava6
7,status,2,VILLAGER,ALIVE,Takeda0
7,status,3,MEDIUM,ALIVE,Tomato14
7,status,4,POSSESSED,DEAD,SampleJava7
7,status,5,WEREWOLF,DEAD,OKAMI
7,status,6,VILLAGER,DEAD,Takeda1
7,status,7,VILLAGER,DEAD,sample_py
7,status,8,SEER,DEAD,Tomato8
7,status,9,VILLAGER,DEAD,SampleJava13
7,status,10,VILLAGER,ALIVE,Tomato5
7,status,11,VILLAGER,DEAD,Tomato10
7,status,12,VILLAGER,DEAD,SampleJava2
7,status,13,BODYGUARD,DEAD,SampleJava4
7,status,14,WEREWOLF,ALIVE,Takeda12
7,status,15,VILLAGER,DEAD,TOKU9
7,talk,0,0,3,IDENTIFIED Agent[07] HUMAN
7,talk,1,0,10,VOTE Agent[14]
7,talk,2,0,14,VOTE Agent[02]
7,talk,3,0,2,VOTE Agent[14]
7,talk,4,1,14,VOTE Agent[02]
7,talk,5,1,10,Skip
7,talk,6,1,2,Skip
7,talk,7,1,3,VOTE Agent[14]
7,talk,8,2,10,Skip
7,talk,9,2,3,Skip
7,talk,10,2,14,VOTE Agent[02]
7,talk,11,2,2,Skip
7,talk,12,3,10,Over
7,talk,13,3,2,Over
7,talk,14,3,3,Skip
7,talk,15,3,14,VOTE Agent[02]
7,talk,16,4,3,Over
7,talk,17,4,10,Over
7,talk,18,4,2,Over
7,talk,19,4,14,VOTE Agent[02]
7,talk,20,5,2,Over
7,talk,21,5,14,VOTE Agent[02]
7,talk,22,5,3,Over
7,talk,23,5,10,Over
7,talk,24,6,3,Over
7,talk,25,6,14,VOTE Agent[02]
7,talk,26,6,2,Over
7,talk,27,6,10,Over
7,talk,28,7,10,Over
7,talk,29,7,14,VOTE Agent[02]
7,talk,30,7,3,Over
7,talk,31,7,2,Over
7,talk,32,8,3,Over
7,talk,33,8,10,Over
7,talk,34,8,2,Over
7,talk,35,8,14,VOTE Agent[02]
7,talk,36,9,3,Over
7,talk,37,9,10,Over
7,talk,38,9,14,VOTE Agent[02]
7,talk,39,9,2,Over
7,talk,40,10,14,Over
7,talk,41,10,2,Over
7,talk,42,10,10,Over
7,talk,43,10,3,Over
7,vote,2,14
7,vote,3,14
7,vote,10,14
7,vote,14,2
7,execute,14,WEREWOLF
8,status,1,WEREWOLF,DEAD,SampleJava6
8,status,2,VILLAGER,ALIVE,Takeda0
8,status,3,MEDIUM,ALIVE,Tomato14
8,status,4,POSSESSED,DEAD,SampleJava7
8,status,5,WEREWOLF,DEAD,OKAMI
8,status,6,VILLAGER,DEAD,Takeda1
8,status,7,VILLAGER,DEAD,sample_py
8,status,8,SEER,DEAD,Tomato8
8,status,9,VILLAGER,DEAD,SampleJava13
8,status,10,VILLAGER,ALIVE,Tomato5
8,status,11,VILLAGER,DEAD,Tomato10
8,status,12,VILLAGER,DEAD,SampleJava2
8,status,13,BODYGUARD,DEAD,SampleJava4
8,status,14,WEREWOLF,DEAD,Takeda12
8,status,15,VILLAGER,DEAD,TOKU9
8,result,3,0,VILLAGER
