0,status,1,WEREWOLF,ALIVE,TOKU0
0,status,2,VILLAGER,ALIVE,TOKU6
0,status,3,MEDIUM,ALIVE,SampleJava12
0,status,4,VILLAGER,ALIVE,HALU
0,status,5,VILLAGER,ALIVE,sample_py
0,status,6,WEREWOLF,ALIVE,TOKU8
0,status,7,VILLAGER,ALIVE,SampleJava5
0,status,8,WEREWOLF,ALIVE,Takeda14
0,status,9,VILLAGER,ALIVE,Tomato9
0,status,10,BODYGUARD,ALIVE,Takeda11
0,status,11,SEER,ALIVE,HALU
0,status,12,POSSESSED,ALIVE,SampleJava4
0,status,13,VILLAGER,ALIVE,Tomato7
0,status,14,VILLAGER,ALIVE,sample_py
0,status,15,VILLAGER,ALIVE,sample_py
0,whisper,0,0,1,Skip
0,whisper,1,0,6,Skip
0,whisper,2,0,8,Skip
0,whisper,3,1,6,Skip
0,whisper,4,1,1,Skip
0,whisper,5,1,8,Skip
0,whisper,6,2,1,Over
0,whisper,7,2,8,Over
0,whisper,8,2,6,Over
0,divine,11,3,HUMAN
1,status,1,WEREWOLF,ALIVE,TOKU0
1,status,2,VILLAGER,ALIVE,TOKU6
1,status,3,MEDIUM,ALIVE,SampleJava12
1,status,4,VILLAGER,ALIVE,HALU
1,status,5,VILLAGER,ALIVE,sample_py
1,status,6,WEREWOLF,ALIVE,TOKU8
1,status,7,VILLAGER,ALIVE,SampleJava5
1,status,8,WEREWOLF,ALIVE,Takeda14
1,status,9,VILLAGER,ALIVE,Tomato9
1,status,10,BODYGUARD,ALIVE,Takeda11
1,status,11,SEER,ALIVE,HALU
1,status,12,POSSESSED,ALIVE,SampleJava4
1,status,13,VILLAGER,ALIVE,Tomato7
1,status,14,VILLAGER,ALIVE,sample_py
1,status,15,VILLAGER,ALIVE,sample_py
1,talk,0,0,4,VOTE Agent[06]
1,talk,1,0,6,VOTE Agent[04]
1,talk,2,0,10,VOTE Agent[04]
1,talk,3,0,11,COMINGOUT Agent[11] SEER
1,talk,4,0,2,VOTE Agent[04]
1,talk,5,0,13,VOTE Agent[04]
1,talk,6,0,12,COMINGOUT Agent[12] SEER
1,talk,7,0,9,VOTE Agent[04]
1,talk,8,0,5,VOTE Agent[08]
1,talk,9,0,15,VOTE Agent[13]
1,talk,10,0,14,VOTE Agent[09]
1,talk,11,0,3,COMINGOUT Agent[03] MEDIUM
1,talk,12,0,8,VOTE Agent[03]
1,talk,13,0,1,VOTE Agent[03]
1,talk,14,0,7,VOTE Agent[05]
1,talk,15,1,13,Skip
1,talk,16,1,5,Skip
1,talk,17,1,15,Skip
1,talk,18,1,7,REQUEST ANY (VOTE Agent[05])
1,talk,19,1,12,DAY 1 (DIVINED Agent[11] WEREWOLF)
1,talk,20,1,11,DIVINED Agent[03] HUMAN
1,talk,21,1,6,Skip
1,talk,22,1,3,VOTE Agent[15]
1,talk,23,1,1,VOTE Agent[04]
1,talk,24,1,14,Skip
1,talk,25,1,2,VOTE Agent[14]
1,talk,26,1,9,Skip
1,talk,27,1,10,VOTE Agent[01]
1,talk,28,1,4,VOTE Agent[15]
1,talk,29,1,8,VOTE Agent[09]
1,talk,30,2,5,Skip
1,talk,31,2,2,VOTE Agent[08]
1,talk,32,2,9,Skip
1,talk,33,2,12,DIVINED Agent[11] WEREWOLF
1,talk,34,2,3,REQUEST ANY (VOTE Agent[15])
1,talk,35,2,6,VOTE Agent[02]
1,talk,36,2,14,VOTE Agent[11]
1,talk,37,2,1,VOTE Agent[02]
1,talk,38,2,15,VOTE Agent[11]
1,talk,39,2,13,VOTE Agent[11]
1,talk,40,2,10,VOTE Agent[08]
1,talk,41,2,8,VOTE Agent[02]
1,talk,42,2,11,VOTE Agent[01]
1,talk,43,2,7,Skip
1,talk,44,2,4,VOTE Agent[13]
1,talk,45,3,3,Skip
1,talk,46,3,7,Skip
1,talk,47,3,12,BECAUSE (DAY 1 (DIVINED Agent[11] WEREWOLF)) (AND (VOTE Agent[11]) (REQUEST ANY (VOTE Agent[11])))
1,talk,48,3,5,VOTE Agent[11]
1,talk,49,3,9,VOTE Agent[11]
1,talk,50,3,14,Skip
1,talk,51,3,8,Skip
1,talk,52,3,10,Skip
1,talk,53,3,15,Skip
1,talk,54,3,4,VOTE Agent[09]
1,talk,55,3,13,Skip
1,talk,56,3,1,VOTE Agent[04]
1,talk,57,3,11,VOTE Agent[01]
1,talk,58,3,6,Skip
1,talk,59,3,2,Skip
1,talk,60,4,11,VOTE Agent[01]
1,talk,61,4,7,Over
1,talk,62,4,14,Skip
1,talk,63,4,2,Skip
1,talk,64,4,15,Skip
1,talk,65,4,6,VOTE Agent[08]
1,talk,66,4,10,Skip
1,talk,67,4,9,Skip
1,talk,68,4,1,Skip
1,talk,69,4,3,Skip
1,talk,70,4,13,Skip
1,talk,71,4,5,Skip
1,talk,72,4,8,Skip
1,talk,73,4,4,VOTE Agent[01]
1,talk,74,4,12,VOTE Agent[11]
1,talk,75,5,6,Skip
1,talk,76,5,15,Over
1,talk,77,5,11,VOTE Agent[01]
1,talk,78,5,12,REQUEST ANY (VOTE Agent[11])
1,talk,79,5,7,Over
1,talk,80,5,2,Over
1,talk,81,5,10,Over
1,talk,82,5,9,Skip
1,talk,83,5,14,Over
1,talk,84,5,4,VOTE Agent[01]
1,talk,85,5,8,VOTE Agent[09]
1,talk,86,5,3,Over
1,talk,87,5,1,VOTE Agent[02]
1,talk,88,5,13,Over
1,talk,89,5,5,Skip
1,talk,90,6,12,Skip
1,talk,91,6,10,Over
1,talk,92,6,4,VOTE Agent[02]
1,talk,93,6,13,Over
1,talk,94,6,15,Over
1,talk,95,6,11,VOTE Agent[01]
1,talk,96,6,8,Skip
1,talk,97,6,14,Over
1,talk,98,6,7,Over
1,talk,99,6,5,Over
1,talk,100,6,9,Over
1,talk,101,6,2,Over
1,talk,102,6,3,Over
1,talk,103,6,1,VOTE Agent[09]
1,talk,104,6,6,Skip
1,talk,105,7,6,Over
1,talk,106,7,12,Skip
1,talk,107,7,8,VOTE Agent[02]
1,talk,108,7,7,Over
1,talk,109,7,1,Skip
1,talk,110,7,5,Over
1,talk,111,7,11,VOTE Agent[04]
1,talk,112,7,4,VOTE Agent[07]
1,talk,113,7,3,Over
1,talk,114,7,14,Over
1,talk,115,7,13,Over
1,talk,116,7,9,Over
1,talk,117,7,10,Over
1,talk,118,7,15,Over
1,talk,119,7,2,Over
1,talk,120,8,14,Over
1,talk,121,8,3,Over
1,talk,122,8,1,Skip
1,talk,123,8,7,Over
1,talk,124,8,9,Over
1,talk,125,8,15,Over
1,talk,126,8,5,Over
1,talk,127,8,12,Over
1,talk,128,8,2,Over
1,talk,129,8,11,VOTE Agent[01]
1,talk,130,8,10,Over
1,talk,131,8,4,VOTE Agent[06]
1,talk,132,8,8,Skip
1,talk,133,8,13,Over
1,talk,134,8,6,Over
1,talk,135,9,4,Over
1,talk,136,9,15,Over
1,talk,137,9,2,Over
1,talk,138,9,11,Over
1,talk,139,9,7,Over
1,talk,140,9,14,Over
1,talk,141,9,13,Over
1,talk,142,9,10,Over
1,talk,143,9,12,Over
1,talk,144,9,9,Over
1,talk,145,9,3,Over
1,talk,146,9,1,Over
1,talk,147,9,8,Skip
1,talk,148,9,5,Over
1,talk,149,9,6,VOTE Agent[01]
1,talk,150,10,14,Over
1,talk,151,10,10,Over
1,talk,152,10,7,Over
1,talk,153,10,1,Over
1,talk,154,10,3,Over
1,talk,155,10,13,Over
1,talk,156,10,6,VOTE Agent[08]
1,talk,157,10,9,Over
1,talk,158,10,4,Over
1,talk,159,10,8,Over
1,talk,160,10,2,Over
1,talk,161,10,11,Over
1,talk,162,10,15,Over
1,talk,163,10,5,Over
1,talk,164,10,12,Over
1,talk,165,11,12,Over
1,talk,166,11,13,Over
1,talk,167,11,4,Over
1,talk,168,11,15,Over
1,talk,169,11,1,Over
1,talk,170,11,11,Over
1,talk,171,11,3,Over
1,talk,172,11,6,Skip
1,talk,173,11,9,Over
1,talk,174,11,14,Over
1,talk,175,11,8,Over
1,talk,176,11,10,Over
1,talk,177,11,5,Over
1,talk,178,11,2,Over
1,talk,179,11,7,Over
1,talk,180,12,5,Over
1,talk,181,12,9,Over
1,talk,182,12,13,Over
1,talk,183,12,10,VOTE Agent[01]
1,talk,184,12,3,Over
1,talk,185,12,6,Skip
1,talk,186,12,14,Over
1,talk,187,12,12,Over
1,talk,188,12,4,Over
1,talk,189,12,1,Over
1,talk,190,12,2,Over
1,talk,191,12,8,Over
1,talk,192,12,15,Over
1,talk,193,12,7,Over
1,talk,194,12,11,Over
1,talk,195,13,7,Over
1,talk,196,13,12,Over
1,talk,197,13,15,Over
1,talk,198,13,2,VOTE Agent[01]
1,talk,199,13,5,Over
1,talk,200,13,6,VOTE Agent[01]
1,talk,201,13,3,Over
1,talk,202,13,8,VOTE Agent[09]
1,talk,203,13,1,VOTE Agent[08]
1,talk,204,13,14,Over
1,talk,205,13,4,Over
1,talk,206,13,9,Over
1,talk,207,13,10,VOTE Agent[08]
1,talk,208,13,13,Over
1,talk,209,13,11,Over
1,talk,210,14,13,Over
1,talk,211,14,9,Over
1,talk,212,14,2,Skip
1,talk,213,14,12,Over
1,talk,214,14,14,Over
1,talk,215,14,3,Over
1,talk,216,14,6,Skip
1,talk,217,14,15,Over
1,talk,218,14,7,Over
1,talk,219,14,11,Over
1,talk,220,14,4,Over
1,talk,221,14,8,Skip
1,talk,222,14,10,Skip
1,talk,223,14,1,Skip
1,talk,224,14,5,Over
1,talk,225,15,9,Over
1,talk,226,15,12,Over
1,talk,227,15,13,Over
1,talk,228,15,8,Skip
1,talk,229,15,14,Over
1,talk,230,15,15,Over
1,talk,231,15,2,Skip
1,talk,232,15,3,Over
1,talk,233,15,5,Over
1,talk,234,15,4,Over
1,talk,235,15,7,Over
1,talk,236,15,11,Over
1,talk,237,15,10,Skip
1,talk,238,15,6,Skip
1,talk,239,15,1,VOTE Agent[09]
1,talk,240,16,7,Over
1,talk,241,16,11,Over
1,talk,242,16,3,Over
1,talk,243,16,8,Over
1,talk,244,16,15,Over
1,talk,245,16,12,Over
1,talk,246,16,14,Over
1,talk,247,16,5,Over
1,talk,248,16,2,Over
1,talk,249,16,1,VOTE Agent[08]
1,talk,250,16,10,Over
1,talk,251,16,4,Over
1,talk,252,16,9,Over
1,talk,253,16,6,Over
1,talk,254,16,13,Over
1,talk,255,17,12,Over
1,talk,256,17,5,Over
1,talk,257,17,11,Over
1,talk,258,17,3,Over
1,talk,259,17,9,Over
1,talk,260,17,1,Skip
1,talk,261,17,14,Over
1,talk,262,17,6,Over
1,talk,263,17,13,Over
1,talk,264,17,10,Over
1,talk,265,17,8,Over
1,talk,266,17,15,Over
1,talk,267,17,4,Over
1,talk,268,17,7,Over
1,talk,269,17,2,Over
1,talk,270,18,3,Over
1,talk,271,18,9,Over
1,talk,272,18,10,Over
1,talk,273,18,4,Over
1,talk,274,18,6,Over
1,talk,275,18,13,Over
1,talk,276,18,2,Over
1,talk,277,18,11,Over
1,talk,278,18,7,Over
1,talk,279,18,1,Skip
1,talk,280,18,14,Over
1,talk,281,18,5,Over
1,talk,282,18,12,Over
1,talk,283,18,8,Over
1,talk,284,18,15,Over
1,talk,285,19,15,Over
1,talk,286,19,12,Over
1,talk,287,19,5,Over
1,talk,288,19,13,Over
1,talk,289,19,10,Over
1,talk,290,19,1,Over
1,talk,291,19,6,VOTE Agent[08]
1,talk,292,19,8,Over
1,talk,293,19,2,Over
1,talk,294,19,9,Over
1,talk,295,19,4,Over
1,talk,296,19,7,Over
1,talk,297,19,14,Over
1,talk,298,19,3,Over
1,talk,299,19,11,Over
1,vote,1,8
1,vote,2,1
1,vote,3,11
1,vote,4,1
1,vote,5,11
1,vote,6,8
1,vote,7,11
1,vote,8,1
1,vote,9,11
1,vote,10,8
1,vote,11,6
1,vote,12,11
1,vote,13,11
1,vote,14,11
1,vote,15,11
1,execute,11,SEER
1,whisper,0,0,6,Skip
1,whisper,1,0,8,Skip
1,whisper,2,0,1,Skip
1,whisper,3,1,6,Skip
1,whisper,4,1,8,Skip
1,whisper,5,1,1,Skip
1,whisper,6,2,6,Over
1,whisper,7,2,1,Over
1,whisper,8,2,8,Over
1,guard,10,11,SEER
1,attackVote,1,12
1,attackVote,6,12
1,attackVote,8,4
1,attack,12,true
2,status,1,WEREWOLF,ALIVE,TOKU0
2,status,2,VILLAGER,ALIVE,TOKU6
2,status,3,MEDIUM,ALIVE,SampleJava12
2,status,4,VILLAGER,ALIVE,HALU
2,status,5,VILLAGER,ALIVE,sample_py
2,status,6,WEREWOLF,ALIVE,TOKU8
2,status,7,VILLAGER,ALIVE,SampleJava5
2,status,8,WEREWOLF,ALIVE,Takeda14
2,status,9,VILLAGER,ALIVE,Tomato9
2,status,10,BODYGUARD,ALIVE,Takeda11
2,status,11,SEER,DEAD,HALU
2,status,12,POSSESSED,DEAD,SampleJava4
2,status,13,VILLAGER,ALIVE,Tomato7
2,status,14,VILLAGER,ALIVE,sample_py
2,status,15,VILLAGER,ALIVE,sample_py
2,talk,0,0,7,VOTE Agent[10]
2,talk,1,0,3,DAY 2 (IDENTIFIED Agent[11] HUMAN)
2,talk,2,0,1,VOTE Agent[08]
2,talk,3,0,15,VOTE Agent[09]
2,talk,4,0,8,VOTE Agent[09]
2,talk,5,0,4,VOTE Agent[08]
2,talk,6,0,2,VOTE Agent[01]
2,talk,7,0,13,VOTE Agent[09]
2,talk,8,0,14,VOTE Agent[08]
2,talk,9,0,10,VOTE Agent[08]
2,talk,10,0,6,VOTE Agent[08]
2,talk,11,0,5,VOTE Agent[03]
2,talk,12,0,9,VOTE Agent[08]
2,talk,13,1,7,REQUEST ANY (VOTE Agent[10])
2,talk,14,1,1,VOTE Agent[09]
2,talk,15,1,5,Skip
2,talk,16,1,13,VOTE Agent[08]
2,talk,17,1,8,Skip
2,talk,18,1,10,Skip
2,talk,19,1,14,Skip
2,talk,20,1,3,IDENTIFIED Agent[11] HUMAN
2,talk,21,1,4,VOTE Agent[05]
2,talk,22,1,15,Skip
2,talk,23,1,2,VOTE Agent[08]
2,talk,24,1,6,Skip
2,talk,25,1,9,Skip
2,talk,26,2,4,VOTE Agent[01]
2,talk,27,2,5,Skip
2,talk,28,2,13,Skip
2,talk,29,2,9,Skip
2,talk,30,2,7,Skip
2,talk,31,2,8,Skip
2,talk,32,2,3,VOTE Agent[14]
2,talk,33,2,2,VOTE Agent[01]
2,talk,34,2,15,Skip
2,talk,35,2,14,Skip
2,talk,36,2,6,VOTE Agent[09]
2,talk,37,2,1,Skip
2,talk,38,2,10,VOTE Agent[01]
2,talk,39,3,1,Skip
2,talk,40,3,9,VOTE Agent[01]
2,talk,41,3,10,Skip
2,talk,42,3,4,VOTE Agent[07]
2,talk,43,3,7,Skip
2,talk,44,3,3,REQUEST ANY (VOTE Agent[14])
2,talk,45,3,8,Over
2,talk,46,3,14,Over
2,talk,47,3,6,Skip
2,talk,48,3,13,VOTE Agent[01]
2,talk,49,3,2,Skip
2,talk,50,3,15,Over
2,talk,51,3,5,Over
2,talk,52,4,1,Over
2,talk,53,4,5,Over
2,talk,54,4,8,Over
2,talk,55,4,6,Skip
2,talk,56,4,14,Over
2,talk,57,4,7,Over
2,talk,58,4,2,Skip
2,talk,59,4,3,Skip
2,talk,60,4,4,VOTE Agent[13]
2,talk,61,4,10,Skip
2,talk,62,4,15,Over
2,talk,63,4,9,Skip
2,talk,64,4,13,Skip
2,talk,65,5,15,Over
2,talk,66,5,4,VOTE Agent[05]
2,talk,67,5,1,Over
2,talk,68,5,13,Skip
2,talk,69,5,7,Over
2,talk,70,5,2,Over
2,talk,71,5,6,Over
2,talk,72,5,5,Over
2,talk,73,5,8,Over
2,talk,74,5,3,Skip
2,talk,75,5,9,Skip
2,talk,76,5,10,Over
2,talk,77,5,14,Over
2,talk,78,6,6,Over
2,talk,79,6,15,Over
2,talk,80,6,1,Over
2,talk,81,6,10,Over
2,talk,82,6,4,VOTE Agent[05]
2,talk,83,6,14,Over
2,talk,84,6,9,Over
2,talk,85,6,8,Over
2,talk,86,6,3,Over
2,talk,87,6,13,Over
2,talk,88,6,7,Over
2,talk,89,6,2,Over
2,talk,90,6,5,Over
2,talk,91,7,6,Over
2,talk,92,7,10,Over
2,talk,93,7,4,VOTE Agent[02]
2,talk,94,7,9,Over
2,talk,95,7,8,Over
2,talk,96,7,2,Over
2,talk,97,7,1,Over
2,talk,98,7,3,Over
2,talk,99,7,7,Over
2,talk,100,7,13,Over
2,talk,101,7,15,Over
2,talk,102,7,5,Over
2,talk,103,7,14,Over
2,talk,104,8,15,Over
2,talk,105,8,13,Over
2,talk,106,8,3,Over
2,talk,107,8,9,Over
2,talk,108,8,4,VOTE Agent[06]
2,talk,109,8,1,Over
2,talk,110,8,2,Over
2,talk,111,8,5,Over
2,talk,112,8,10,Over
2,talk,113,8,7,Over
2,talk,114,8,8,Over
2,talk,115,8,6,Over
2,talk,116,8,14,Over
2,talk,117,9,5,Over
2,talk,118,9,6,Over
2,talk,119,9,9,Over
2,talk,120,9,8,Over
2,talk,121,9,4,Over
2,talk,122,9,1,Over
2,talk,123,9,10,Over
2,talk,124,9,13,Over
2,talk,125,9,3,Over
2,talk,126,9,14,Over
2,talk,127,9,2,Over
2,talk,128,9,15,Over
2,talk,129,9,7,Over
2,vote,1,8
2,vote,2,1
2,vote,3,10
2,vote,4,5
2,vote,5,3
2,vote,6,1
2,vote,7,14
2,vote,8,1
2,vote,9,1
2,vote,10,1
2,vote,13,1
2,vote,14,8
2,vote,15,9
2,execute,1,WEREWOLF
2,whisper,0,0,8,Skip
2,whisper,1,0,6,Skip
2,whisper,2,1,8,Skip
2,whisper,3,1,6,Skip
2,whisper,4,2,6,Over
2,whisper,5,2,8,Over
2,guard,10,7,VILLAGER
2,attackVote,6,4
2,attackVote,8,4
2,attack,4,true
3,status,1,WEREWOLF,DEAD,TOKU0
3,status,2,VILLAGER,ALIVE,TOKU6
3,status,3,MEDIUM,ALIVE,SampleJava12
3,status,4,VILLAGER,DEAD,HALU
3,status,5,VILLAGER,ALIVE,sample_py
3,status,6,WEREWOLF,ALIVE,TOKU8
3,status,7,VILLAGER,ALIVE,SampleJava5
3,status,8,WEREWOLF,ALIVE,Takeda14
3,status,9,VILLAGER,ALIVE,Tomato9
3,status,10,BODYGUARD,ALIVE,Takeda11
3,status,11,SEER,DEAD,HALU
3,status,12,POSSESSED,DEAD,SampleJava4
3,status,13,VILLAGER,ALIVE,Tomato7
3,status,14,VILLAGER,ALIVE,sample_py
3,status,15,VILLAGER,ALIVE,sample_py
3,talk,0,0,6,VOTE Agent[09]
3,talk,1,0,9,VOTE Agent[13]
3,talk,2,0,13,VOTE Agent[03]
3,talk,3,0,3,DAY 3 (IDENTIFIED Agent[01] WEREWOLF)
3,talk,4,0,2,VOTE Agent[08]
3,talk,5,0,10,VOTE Agent[08]
3,talk,6,0,7,VOTE Agent[06]
3,talk,7,0,14,VOTE Agent[07]
3,talk,8,0,15,VOTE Agent[13]
3,talk,9,0,8,VOTE Agent[09]
3,talk,10,0,5,VOTE Agent[08]
3,talk,11,1,6,Skip
3,talk,12,1,15,Skip
3,talk,13,1,8,Skip
3,talk,14,1,10,Skip
3,talk,15,1,14,Skip
3,talk,16,1,3,IDENTIFIED Agent[01] WEREWOLF
3,talk,17,1,9,Skip
3,talk,18,1,13,Skip
3,talk,19,1,5,Skip
3,talk,20,1,2,Skip
3,talk,21,1,7,REQUEST ANY (VOTE Agent[06])
3,talk,22,2,14,Skip
3,talk,23,2,2,Skip
3,talk,24,2,9,Skip
3,talk,25,2,8,Skip
3,talk,26,2,3,VOTE Agent[08]
3,talk,27,2,5,Skip
3,talk,28,2,6,Skip
3,talk,29,2,10,Skip
3,talk,30,2,13,Skip
3,talk,31,2,7,Skip
3,talk,32,2,15,Skip
3,talk,33,3,9,Over
3,talk,34,3,8,Over
3,talk,35,3,2,Over
3,talk,36,3,10,Over
3,talk,37,3,13,Over
3,talk,38,3,7,Skip
3,talk,39,3,5,Over
3,talk,40,3,6,Over
3,talk,41,3,15,Over
3,talk,42,3,3,REQUEST ANY (VOTE Agent[08])
3,talk,43,3,14,Over
3,talk,44,4,14,Over
3,talk,45,4,7,Over
3,talk,46,4,10,Over
3,talk,47,4,6,Over
3,talk,48,4,5,Over
3,talk,49,4,15,Over
3,talk,50,4,2,Over
3,talk,51,4,8,Over
3,talk,52,4,3,Skip
3,talk,53,4,13,Over
3,talk,54,4,9,Over
3,talk,55,5,14,Over
3,talk,56,5,2,Over
3,talk,57,5,9,Over
3,talk,58,5,3,Skip
3,talk,59,5,13,Over
3,talk,60,5,7,Over
3,talk,61,5,8,Over
3,talk,62,5,10,Over
3,talk,63,5,15,Over
3,talk,64,5,5,Over
3,talk,65,5,6,Over
3,talk,66,6,2,Over
3,talk,67,6,15,Over
3,talk,68,6,6,Over
3,talk,69,6,3,Over
3,talk,70,6,10,Over
3,talk,71,6,8,Over
3,talk,72,6,9,Over
3,talk,73,6,14,Over
3,talk,74,6,5,Over
3,talk,75,6,13,Over
3,talk,76,6,7,Over
3,vote,2,8
3,vote,3,6
3,vote,5,8
3,vote,6,8
3,vote,7,8
3,vote,8,9
3,vote,9,13
3,vote,10,8
3,vote,13,3
3,vote,14,7
3,vote,15,13
3,execute,8,WEREWOLF
3,guard,10,7,VILLAGER
3,attackVote,6,9
3,attack,9,true
4,status,1,WEREWOLF,DEAD,TOKU0
4,status,2,VILLAGER,ALIVE,TOKU6
4,status,3,MEDIUM,ALIVE,SampleJava12
4,status,4,VILLAGER,DEAD,HALU
4,status,5,VILLAGER,ALIVE,sample_py
4,status,6,WEREWOLF,ALIVE,TOKU8
4,status,7,VILLAGER,ALIVE,SampleJava5
4,status,8,WEREWOLF,DEAD,Takeda14
4,status,9,VILLAGER,DEAD,Tomato9
4,status,10,BODYGUARD,ALIVE,Takeda11
4,status,11,SEER,DEAD,HALU
4,status,12,POSSESSED,DEAD,SampleJava4
4,status,13,VILLAGER,ALIVE,Tomato7
4,status,14,VILLAGER,ALIVE,sample_py
4,status,15,VILLAGER,ALIVE,sample_py
4,talk,0,0,14,VOTE Agent[13]
4,talk,1,0,2,VOTE Agent[15]
4,talk,2,0,3,DAY 4 (IDENTIFIED Agent[08] WEREWOLF)
4,talk,3,0,13,VOTE Agent[03]
4,talk,4,0,6,VOTE Agent[02]
4,talk,5,0,5,VOTE Agent[14]
4,talk,6,0,15,VOTE Agent[07]
4,talk,7,0,7,VOTE Agent[05]
4,talk,8,0,10,VOTE Agent[02]
4,talk,9,1,6,Skip
4,talk,10,1,7,REQUEST ANY (VOTE Agent[05])
4,talk,11,1,10,Skip
4,talk,12,1,13,Skip
4,talk,13,1,2,Skip
4,talk,14,1,15,Skip
4,talk,15,1,3,IDENTIFIED Agent[08] WEREWOLF
4,talk,16,1,5,Skip
4,talk,17,1,14,Skip
4,talk,18,2,14,Skip
4,talk,19,2,3,VOTE Agent[07]
4,talk,20,2,15,Skip
4,talk,21,2,5,Skip
4,talk,22,2,13,Skip
4,talk,23,2,6,Skip
4,talk,24,2,7,Skip
4,talk,25,2,10,Skip
4,talk,26,2,2,Skip
4,talk,27,3,7,Skip
4,talk,28,3,3,REQUEST ANY (VOTE Agent[07])
4,talk,29,3,13,Over
4,talk,30,3,2,Over
4,talk,31,3,5,Over
4,talk,32,3,15,Over
4,talk,33,3,10,Over
4,talk,34,3,6,Over
4,talk,35,3,14,Over
4,talk,36,4,15,Over
4,talk,37,4,6,Over
4,talk,38,4,2,Over
4,talk,39,4,10,Over
4,talk,40,4,3,Skip
4,talk,41,4,14,Over
4,talk,42,4,13,Over
4,talk,43,4,7,Over
4,talk,44,4,5,Over
4,talk,45,5,6,Over
4,talk,46,5,13,Over
4,talk,47,5,5,Over
4,talk,48,5,15,Over
4,talk,49,5,7,Over
4,talk,50,5,10,Over
4,talk,51,5,2,Over
4,talk,52,5,3,Skip
4,talk,53,5,14,Over
4,talk,54,6,3,Over
4,talk,55,6,10,Over
4,talk,56,6,15,Over
4,talk,57,6,14,Over
4,talk,58,6,2,Over
4,talk,59,6,13,Over
4,talk,60,6,5,Over
4,talk,61,6,6,Over
4,talk,62,6,7,Over
4,vote,2,15
4,vote,3,5
4,vote,5,14
4,vote,6,2
4,vote,7,6
4,vote,10,2
4,vote,13,3
4,vote,14,13
4,vote,15,7
4,execute,2,VILLAGER
4,guard,10,7,VILLAGER
4,attackVote,6,15
4,attack,15,true
5,status,1,WEREWOLF,DEAD,TOKU0
5,status,2,VILLAGER,DEAD,TOKU6
5,status,3,MEDIUM,ALIVE,SampleJava12
5,status,4,VILLAGER,DEAD,HALU
5,status,5,VILLAGER,ALIVE,sample_py
5,status,6,WEREWOLF,ALIVE,TOKU8
5,status,7,VILLAGER,ALIVE,SampleJava5
5,status,8,WEREWOLF,DEAD,Takeda14
5,status,9,VILLAGER,DEAD,Tomato9
5,status,10,BODYGUARD,ALIVE,Takeda11
5,status,11,SEER,DEAD,HALU
5,status,12,POSSESSED,DEAD,SampleJava4
5,status,13,VILLAGER,ALIVE,Tomato7
5,status,14,VILLAGER,ALIVE,sample_py
5,status,15,VILLAGER,DEAD,sample_py
5,talk,0,0,13,VOTE Agent[03]
5,talk,1,0,3,DAY 5 (IDENTIFIED Agent[02] HUMAN)
5,talk,2,0,14,VOTE Agent[03]
5,talk,3,0,7,VOTE Agent[05]
5,talk,4,0,6,VOTE Agent[10]
5,talk,5,0,10,VOTE Agent[06]
5,talk,6,0,5,VOTE Agent[06]
5,talk,7,1,14,Skip
5,talk,8,1,13,Skip
5,talk,9,1,6,Skip
5,talk,10,1,10,Skip
5,talk,11,1,3,IDENTIFIED Agent[02] HUMAN
5,talk,12,1,7,REQUEST ANY (VOTE Agent[05])
5,talk,13,1,5,Skip
5,talk,14,2,3,VOTE Agent[07]
5,talk,15,2,6,Skip
5,talk,16,2,14,Skip
5,talk,17,2,7,Skip
5,talk,18,2,13,Skip
5,talk,19,2,5,Skip
5,talk,20,2,10,Skip
5,talk,21,3,5,Over
5,talk,22,3,3,REQUEST ANY (VOTE Agent[07])
5,talk,23,3,6,Over
5,talk,24,3,7,Skip
5,talk,25,3,14,Over
5,talk,26,3,10,Over
5,talk,27,3,13,Over
5,talk,28,4,13,Over
5,talk,29,4,3,Skip
5,talk,30,4,7,Over
5,talk,31,4,10,Over
5,talk,32,4,14,Over
5,talk,33,4,6,Over
5,talk,34,4,5,Over
5,talk,35,5,13,Over
5,talk,36,5,3,Skip
5,talk,37,5,10,Over
5,talk,38,5,6,Over
5,talk,39,5,7,Over
5,talk,40,5,14,Over
5,talk,41,5,5,Over
5,talk,42,6,6,Over
5,talk,43,6,14,Over
5,talk,44,6,7,Over
5,talk,45,6,5,Over
5,talk,46,6,3,Over
5,talk,47,6,13,Over
5,talk,48,6,10,Over
5,vote,3,5
5,vote,5,6
5,vote,6,10
5,vote,7,3
5,vote,10,6
5,vote,13,3
5,vote,14,3
5,execute,3,MEDIUM
5,guard,10,7,VILLAGER
5,attackVote,6,7
5,attack,7,false
6,status,1,WEREWOLF,DEAD,TOKU0
6,status,2,VILLAGER,DEAD,TOKU6
6,status,3,MEDIUM,DEAD,SampleJava12
6,status,4,VILLAGER,DEAD,HALU
6,status,5,VILLAGER,ALIVE,sample_py
6,status,6,WEREWOLF,ALIVE,TOKU8
6,status,7,VILLAGER,ALIVE,SampleJava5
6,status,8,WEREWOLF,DEAD,Takeda14
6,status,9,VILLAGER,DEAD,Tomato9
6,status,10,BODYGUARD,ALIVE,Takeda11
6,status,11,SEER,DEAD,HALU
6,status,12,POSSESSED,DEAD,SampleJava4
6,status,13,VILLAGER,ALIVE,Tomato7
6,status,14,VILLAGER,ALIVE,sample_py
6,status,15,VILLAGER,DEAD,sample_py
6,talk,0,0,5,VOTE Agent[13]
6,talk,1,0,14,VOTE Agent[10]
6,talk,2,0,10,VOTE Agent[06]
6,talk,3,0,6,VOTE Agent[10]
6,talk,4,0,7,VOTE Agent[06]
6,talk,5,0,13,VOTE Agent[07]
6,talk,6,1,10,Skip
6,talk,7,1,6,Skip
6,talk,8,1,7,REQUEST ANY (VOTE Agent[06])
6,talk,9,1,14,Skip
6,talk,10,1,13,Skip
6,talk,11,1,5,Skip
6,talk,12,2,14,Skip
6,talk,13,2,5,Skip
6,talk,14,2,13,Skip
6,talk,15,2,10,Skip
6,talk,16,2,7,Skip
6,talk,17,2,6,Skip
6,talk,18,3,10,Over
6,talk,19,3,14,Over
6,talk,20,3,7,Skip
6,talk,21,3,13,Over
6,talk,22,3,5,Over
6,talk,23,3,6,Over
6,talk,24,4,6,Over
6,talk,25,4,10,Over
6,talk,26,4,7,Over
6,talk,27,4,5,Over
6,talk,28,4,14,Over
6,talk,29,4,13,Over
6,vote,5,13
6,vote,6,10
6,vote,7,14
6,vote,10,6
6,vote,13,7
6,vote,14,10
6,execute,10,BODYGUARD
6,attackVote,6,7
6,attack,7,true
7,status,1,WEREWOLF,DEAD,TOKU0
7,status,2,VILLAGER,DEAD,TOKU6
7,status,3,MEDIUM,DEAD,SampleJava12
7,status,4,VILLAGER,DEAD,HALU
7,status,5,VILLAGER,ALIVE,sample_py
7,status,6,WEREWOLF,ALIVE,TOKU8
7,status,7,VILLAGER,DEAD,SampleJava5
7,status,8,WEREWOLF,DEAD,Takeda14
7,status,9,VILLAGER,DEAD,Tomato9
7,status,10,BODYGUARD,DEAD,Takeda11
7,status,11,SEER,DEAD,HALU
7,status,12,POSSESSED,DEAD,SampleJava4
7,status,13,VILLAGER,ALIVE,Tomato7
7,status,14,VILLAGER,ALIVE,sample_py
7,status,15,VILLAGER,DEAD,sample_py
7,talk,0,0,13,VOTE Agent[05]
7,talk,1,0,5,VOTE Agent[06]
7,talk,2,0,14,VOTE Agent[06]
7,talk,3,0,6,VOTE Agent[05]
7,talk,4,1,5,Skip
7,talk,5,1,6,VOTE Agent[05]
7,talk,6,1,14,Skip
7,talk,7,1,13,Skip
7,talk,8,2,14,Skip
7,talk,9,2,6,VOTE Agent[05]
7,talk,10,2,5,Skip
7,talk,11,2,13,Skip
7,talk,12,3,6,VOTE Agent[05]
7,talk,13,3,13,Over
7,talk,14,3,14,Over
7,talk,15,3,5,Over
7,talk,16,4,6,VOTE Agent[05]
7,talk,17,4,13,Over
7,talk,18,4,5,Over
7,talk,19,4,14,Over
7,talk,20,5,13,Over
7,talk,21,5,6,VOTE Agent[05]
7,talk,22,5,14,Over
7,talk,23,5,5,Over
7,talk,24,6,5,Over
7,talk,25,6,6,VOTE Agent[05]
7,talk,26,6,13,Over
7,talk,27,6,14,Over
7,talk,28,7,6,VOTE Agent[05]
7,talk,29,7,13,Over
7,talk,30,7,5,Over
7,talk,31,7,14,Over
7,talk,32,8,6,VOTE Agent[05]
7,talk,33,8,13,Over
7,talk,34,8,5,Over
7,talk,35,8,14,Over
7,talk,36,9,5,Over
7,talk,37,9,13,Over
7,talk,38,9,6,VOTE Agent[05]
7,talk,39,9,14,Over
7,talk,40,10,6,Over
7,talk,41,10,14,Over
7,talk,42,10,5,Over
7,talk,43,10,13,Over
7,vote,5,6
7,vote,6,5
7,vote,13,5
7,vote,14,6
7,vote,5,6
7,vote,6,5
7,vote,13,5
7,vote,14,6
7,execute,5,VILLAGER
7,attackVote,6,14
7,attack,14,true
8,status,1,WEREWOLF,DEAD,TOKU0
8,status,2,VILLAGER,DEAD,TOKU6
8,status,3,MEDIUM,DEAD,SampleJava12
8,status,4,VILLAGER,DEAD,HALU
8,status,5,VILLAGER,DEAD,sample_py
8,status,6,WEREWOLF,ALIVE,TOKU8
8,status,7,VILLAGER,DEAD,SampleJava5
8,status,8,WEREWOLF,DEAD,Takeda14
8,status,9,VILLAGER,DEAD,Tomato9
8,status,10,BODYGUARD,DEAD,Takeda11
8,status,11,SEER,DEAD,HALU
8,status,12,POSSESSED,DEAD,SampleJava4
8,status,13,VILLAGER,ALIVE,Tomato7
8,status,14,VILLAGER,DEAD,sample_py
8,status,15,VILLAGER,DEAD,sample_py
8,result,1,1,WEREWOLF
