0,status,1,VILLAGER,ALIVE,TOKU0
0,status,2,VILLAGER,ALIVE,TOKU6
0,status,3,VILLAGER,ALIVE,SampleJava12
0,status,4,POSSESSED,ALIVE,HALU
0,status,5,VILLAGER,ALIVE,sample_py
0,status,6,BODYGUARD,ALIVE,TOKU8
0,status,7,SEER,ALIVE,SampleJava5
0,status,8,WEREWOLF,ALIVE,Takeda14
0,status,9,VILLAGER,ALIVE,Tomato9
0,status,10,VILLAGER,ALIVE,Takeda11
0,status,11,VILLAGER,ALIVE,HALU
0,status,12,VILLAGER,ALIVE,SampleJava4
0,status,13,WEREWOLF,ALIVE,Tomato7
0,status,14,WEREWOLF,ALIVE,sample_py
0,status,15,MEDIUM,ALIVE,sample_py
0,whisper,0,0,13,COMINGOUT Agent[13] SEER
0,whisper,1,0,14,COMINGOUT Agent[14] SEER
0,whisper,2,0,8,Skip
0,whisper,3,1,13,Skip
0,whisper,4,1,14,COMINGOUT Agent[14] SEER
0,whisper,5,1,8,Skip
0,whisper,6,2,8,Over
0,whisper,7,2,13,COMINGOUT Agent[13] VILLAGER
0,whisper,8,2,14,COMINGOUT Agent[14] SEER
0,whisper,9,3,13,Skip
0,whisper,10,3,14,COMINGOUT Agent[14] SEER
0,whisper,11,3,8,Over
0,whisper,12,4,8,Over
0,whisper,13,4,14,COMINGOUT Agent[14] SEER
0,whisper,14,4,13,Skip
0,whisper,15,5,8,Over
0,whisper,16,5,14,COMINGOUT Agent[14] SEER
0,whisper,17,5,13,Over
0,whisper,18,6,8,Over
0,whisper,19,6,13,Over
0,whisper,20,6,14,COMINGOUT Agent[14] SEER
0,whisper,21,7,8,Over
0,whisper,22,7,14,COMINGOUT Agent[14] SEER
0,whisper,23,7,13,Over
0,whisper,24,8,13,Over
0,whisper,25,8,14,COMINGOUT Agent[14] SEER
0,whisper,26,8,8,Over
0,whisper,27,9,13,Over
0,whisper,28,9,8,Over
0,whisper,29,9,14,COMINGOUT Agent[14] SEER
0,whisper,30,10,13,Over
0,whisper,31,10,8,Over
0,whisper,32,10,14,Over
0,divine,7,9,HUMAN
1,status,1,VILLAGER,ALIVE,TOKU0
1,status,2,VILLAGER,ALIVE,TOKU6
1,status,3,VILLAGER,ALIVE,SampleJava12
1,status,4,POSSESSED,ALIVE,HALU
1,status,5,VILLAGER,ALIVE,sample_py
1,status,6,BODYGUARD,ALIVE,TOKU8
1,status,7,SEER,ALIVE,SampleJava5
1,status,8,WEREWOLF,ALIVE,Takeda14
1,status,9,VILLAGER,ALIVE,Tomato9
1,status,10,VILLAGER,ALIVE,Takeda11
1,status,11,VILLAGER,ALIVE,HALU
1,status,12,VILLAGER,ALIVE,SampleJava4
1,status,13,WEREWOLF,ALIVE,Tomato7
1,status,14,WEREWOLF,ALIVE,sample_py
1,status,15,MEDIUM,ALIVE,sample_py
1,talk,0,0,4,COMINGOUT Agent[04] SEER
1,talk,1,0,7,COMINGOUT Agent[07] SEER
1,talk,2,0,3,VOTE Agent[14]
1,talk,3,0,11,VOTE Agent[03]
1,talk,4,0,9,VOTE Agent[03]
1,talk,5,0,6,VOTE Agent[14]
1,talk,6,0,5,VOTE Agent[10]
1,talk,7,0,13,VOTE Agent[03]
1,talk,8,0,10,VOTE Agent[07]
1,talk,9,0,1,VOTE Agent[07]
1,talk,10,0,15,VOTE Agent[13]
1,talk,11,0,14,VOTE Agent[07]
1,talk,12,0,2,VOTE Agent[07]
1,talk,13,0,12,VOTE Agent[13]
1,talk,14,0,8,Skip
1,talk,15,1,7,DAY 1 (DIVINED Agent[09] HUMAN)
1,talk,16,1,14,Skip
1,talk,17,1,10,VOTE Agent[08]
1,talk,18,1,11,VOTE Agent[06]
1,talk,19,1,1,VOTE Agent[08]
1,talk,20,1,12,REQUEST ANY (VOTE Agent[13])
1,talk,21,1,6,VOTE Agent[07]
1,talk,22,1,13,VOTE Agent[07]
1,talk,23,1,3,REQUEST ANY (VOTE Agent[14])
1,talk,24,1,9,VOTE Agent[07]
1,talk,25,1,2,VOTE Agent[13]
1,talk,26,1,15,Skip
1,talk,27,1,4,DIVINED Agent[06] WEREWOLF
1,talk,28,1,5,VOTE Agent[06]
1,talk,29,1,8,VOTE Agent[07]
1,talk,30,2,11,VOTE Agent[06]
1,talk,31,2,7,DIVINED Agent[09] HUMAN
1,talk,32,2,4,VOTE Agent[06]
1,talk,33,2,5,Skip
1,talk,34,2,15,VOTE Agent[06]
1,talk,35,2,14,Skip
1,talk,36,2,13,Skip
1,talk,37,2,8,VOTE Agent[02]
1,talk,38,2,2,VOTE Agent[08]
1,talk,39,2,6,VOTE Agent[08]
1,talk,40,2,9,VOTE Agent[06]
1,talk,41,2,1,Skip
1,talk,42,2,10,Skip
1,talk,43,2,3,Skip
1,talk,44,2,12,Skip
1,talk,45,3,2,Skip
1,talk,46,3,6,Skip
1,talk,47,3,9,Skip
1,talk,48,3,10,Skip
1,talk,49,3,15,Skip
1,talk,50,3,14,Over
1,talk,51,3,12,Skip
1,talk,52,3,8,VOTE Agent[06]
1,talk,53,3,11,VOTE Agent[06]
1,talk,54,3,13,VOTE Agent[06]
1,talk,55,3,4,VOTE Agent[06]
1,talk,56,3,7,BECAUSE (AND (COMINGOUT Agent[07] SEER) (Agent[04] COMINGOUT Agent[04] SEER)) (XOR (ESTIMATE Agent[04] WEREWOLF) (ESTIMATE Agent[04] POSSESSED))
1,talk,57,3,1,Skip
1,talk,58,3,5,Skip
1,talk,59,3,3,Skip
1,talk,60,4,3,Over
1,talk,61,4,5,Over
1,talk,62,4,11,VOTE Agent[06]
1,talk,63,4,8,Skip
1,talk,64,4,6,Skip
1,talk,65,4,7,BECAUSE (XOR (ESTIMATE Agent[04] WEREWOLF) (ESTIMATE Agent[04] POSSESSED)) (AND (VOTE Agent[04]) (REQUEST ANY (VOTE Agent[04])))
1,talk,66,4,9,Skip
1,talk,67,4,4,VOTE Agent[06]
1,talk,68,4,2,Skip
1,talk,69,4,1,Over
1,talk,70,4,10,Over
1,talk,71,4,13,Skip
1,talk,72,4,15,Skip
1,talk,73,4,12,Over
1,talk,74,4,14,Over
1,talk,75,5,11,VOTE Agent[06]
1,talk,76,5,9,Over
1,talk,77,5,3,Over
1,talk,78,5,5,Over
1,talk,79,5,1,Over
1,talk,80,5,13,Skip
1,talk,81,5,8,Skip
1,talk,82,5,2,Over
1,talk,83,5,12,Over
1,talk,84,5,10,Over
1,talk,85,5,14,Over
1,talk,86,5,6,Over
1,talk,87,5,15,Over
1,talk,88,5,4,VOTE Agent[06]
1,talk,89,5,7,VOTE Agent[04]
1,talk,90,6,10,Over
1,talk,91,6,13,Over
1,talk,92,6,2,Over
1,talk,93,6,6,Over
1,talk,94,6,7,REQUEST ANY (VOTE Agent[04])
1,talk,95,6,12,Over
1,talk,96,6,9,Over
1,talk,97,6,4,VOTE Agent[06]
1,talk,98,6,14,Over
1,talk,99,6,3,Over
1,talk,100,6,8,Over
1,talk,101,6,1,Over
1,talk,102,6,11,VOTE Agent[06]
1,talk,103,6,5,Over
1,talk,104,6,15,Over
1,talk,105,7,15,Over
1,talk,106,7,12,Over
1,talk,107,7,5,Over
1,talk,108,7,4,VOTE Agent[06]
1,talk,109,7,6,Over
1,talk,110,7,13,Over
1,talk,111,7,9,Over
1,talk,112,7,14,Over
1,talk,113,7,8,Over
1,talk,114,7,1,Over
1,talk,115,7,3,Over
1,talk,116,7,7,Skip
1,talk,117,7,10,Over
1,talk,118,7,2,Over
1,talk,119,7,11,VOTE Agent[06]
1,talk,120,8,2,Over
1,talk,121,8,6,Over
1,talk,122,8,15,Over
1,talk,123,8,7,Skip
1,talk,124,8,10,Over
1,talk,125,8,12,Over
1,talk,126,8,4,VOTE Agent[06]
1,talk,127,8,9,Over
1,talk,128,8,5,Over
1,talk,129,8,13,Over
1,talk,130,8,3,Over
1,talk,131,8,11,VOTE Agent[06]
1,talk,132,8,8,Over
1,talk,133,8,1,Over
1,talk,134,8,14,Over
1,talk,135,9,12,Over
1,talk,136,9,13,Over
1,talk,137,9,5,Over
1,talk,138,9,7,Over
1,talk,139,9,3,Over
1,talk,140,9,2,Over
1,talk,141,9,4,Over
1,talk,142,9,9,Over
1,talk,143,9,1,Over
1,talk,144,9,15,Over
1,talk,145,9,14,Over
1,talk,146,9,8,Over
1,talk,147,9,6,Over
1,talk,148,9,10,Over
1,talk,149,9,11,Over
1,vote,1,6
1,vote,2,6
1,vote,3,13
1,vote,4,6
1,vote,5,6
1,vote,6,8
1,vote,7,4
1,vote,8,6
1,vote,9,6
1,vote,10,6
1,vote,11,6
1,vote,12,4
1,vote,13,6
1,vote,14,7
1,vote,15,6
1,execute,6,BODYGUARD
1,divine,7,4,HUMAN
1,whisper,0,0,13,ATTACK Agent[04]
1,whisper,1,0,14,ATTACK Agent[07]
1,whisper,2,0,8,Skip
1,whisper,3,1,14,Skip
1,whisper,4,1,13,Skip
1,whisper,5,1,8,Skip
1,whisper,6,2,14,Skip
1,whisper,7,2,8,Over
1,whisper,8,2,13,Skip
1,whisper,9,3,8,Over
1,whisper,10,3,13,Over
1,whisper,11,3,14,Over
1,attackVote,8,7
1,attackVote,13,4
1,attackVote,14,7
1,attack,7,true
2,status,1,VILLAGER,ALIVE,TOKU0
2,status,2,VILLAGER,ALIVE,TOKU6
2,status,3,VILLAGER,ALIVE,SampleJava12
2,status,4,POSSESSED,ALIVE,HALU
2,status,5,VILLAGER,ALIVE,sample_py
2,status,6,BODYGUARD,DEAD,TOKU8
2,status,7,SEER,DEAD,SampleJava5
2,status,8,WEREWOLF,ALIVE,Takeda14
2,status,9,VILLAGER,ALIVE,Tomato9
2,status,10,VILLAGER,ALIVE,Takeda11
2,status,11,VILLAGER,ALIVE,HALU
2,status,12,VILLAGER,ALIVE,SampleJava4
2,status,13,WEREWOLF,ALIVE,Tomato7
2,status,14,WEREWOLF,ALIVE,sample_py
2,status,15,MEDIUM,ALIVE,sample_py
2,talk,0,0,1,VOTE Agent[08]
2,talk,1,0,13,VOTE Agent[08]
2,talk,2,0,9,VOTE Agent[08]
2,talk,3,0,12,VOTE Agent[10]
2,talk,4,0,11,VOTE Agent[12]
2,talk,5,0,14,COMINGOUT Agent[14] SEER
2,talk,6,0,2,VOTE Agent[08]
2,talk,7,0,10,VOTE Agent[08]
2,talk,8,0,4,DIVINED Agent[09] WEREWOLF
2,talk,9,0,15,VOTE Agent[09]
2,talk,10,0,3,VOTE Agent[08]
2,talk,11,0,5,VOTE Agent[09]
2,talk,12,0,8,VOTE Agent[02]
2,talk,13,1,1,VOTE Agent[14]
2,talk,14,1,12,REQUEST ANY (VOTE Agent[10])
2,talk,15,1,3,REQUEST ANY (VOTE Agent[08])
2,talk,16,1,9,Skip
2,talk,17,1,5,Skip
2,talk,18,1,4,VOTE Agent[09]
2,talk,19,1,10,VOTE Agent[14]
2,talk,20,1,11,VOTE Agent[09]
2,talk,21,1,15,Skip
2,talk,22,1,8,VOTE Agent[14]
2,talk,23,1,13,Skip
2,talk,24,1,2,VOTE Agent[14]
2,talk,25,1,14,DIVINED Agent[12] HUMAN
2,talk,26,2,14,DIVINED Agent[02] WEREWOLF
2,talk,27,2,15,Skip
2,talk,28,2,3,Skip
2,talk,29,2,10,Skip
2,talk,30,2,13,VOTE Agent[09]
2,talk,31,2,5,Skip
2,talk,32,2,2,Skip
2,talk,33,2,8,Skip
2,talk,34,2,4,VOTE Agent[09]
2,talk,35,2,9,VOTE Agent[14]
2,talk,36,2,1,Skip
2,talk,37,2,11,VOTE Agent[04]
2,talk,38,2,12,Skip
2,talk,39,3,3,Skip
2,talk,40,3,10,Skip
2,talk,41,3,4,VOTE Agent[09]
2,talk,42,3,2,Skip
2,talk,43,3,9,Skip
2,talk,44,3,13,VOTE Agent[14]
2,talk,45,3,5,Over
2,talk,46,3,15,Over
2,talk,47,3,12,Skip
2,talk,48,3,8,Skip
2,talk,49,3,1,Skip
2,talk,50,3,11,VOTE Agent[04]
2,talk,51,3,14,VOTE Agent[02]
2,talk,52,4,2,Over
2,talk,53,4,11,VOTE Agent[14]
2,talk,54,4,15,Over
2,talk,55,4,5,Over
2,talk,56,4,8,Over
2,talk,57,4,14,Skip
2,talk,58,4,3,Over
2,talk,59,4,13,Skip
2,talk,60,4,1,Over
2,talk,61,4,10,Over
2,talk,62,4,4,VOTE Agent[09]
2,talk,63,4,9,Skip
2,talk,64,4,12,Over
2,talk,65,5,14,Skip
2,talk,66,5,10,Over
2,talk,67,5,5,Over
2,talk,68,5,11,VOTE Agent[14]
2,talk,69,5,15,Over
2,talk,70,5,13,Skip
2,talk,71,5,8,Over
2,talk,72,5,1,Over
2,talk,73,5,9,Over
2,talk,74,5,4,VOTE Agent[09]
2,talk,75,5,2,Over
2,talk,76,5,3,Over
2,talk,77,5,12,Over
2,talk,78,6,9,Over
2,talk,79,6,3,Over
2,talk,80,6,5,Over
2,talk,81,6,14,Over
2,talk,82,6,4,VOTE Agent[09]
2,talk,83,6,13,Over
2,talk,84,6,10,Over
2,talk,85,6,2,Over
2,talk,86,6,12,Over
2,talk,87,6,11,VOTE Agent[04]
2,talk,88,6,15,Over
2,talk,89,6,8,Over
2,talk,90,6,1,Over
2,talk,91,7,13,Over
2,talk,92,7,12,Over
2,talk,93,7,9,Over
2,talk,94,7,2,Over
2,talk,95,7,15,Over
2,talk,96,7,14,Over
2,talk,97,7,3,Over
2,talk,98,7,10,Over
2,talk,99,7,5,Over
2,talk,100,7,11,VOTE Agent[04]
2,talk,101,7,8,Over
2,talk,102,7,4,VOTE Agent[09]
2,talk,103,7,1,Over
2,talk,104,8,11,VOTE Agent[14]
2,talk,105,8,5,Over
2,talk,106,8,1,Over
2,talk,107,8,3,Over
2,talk,108,8,8,Over
2,talk,109,8,10,Over
2,talk,110,8,4,VOTE Agent[09]
2,talk,111,8,14,Over
2,talk,112,8,9,Over
2,talk,113,8,2,Over
2,talk,114,8,13,Over
2,talk,115,8,15,Over
2,talk,116,8,12,Over
2,talk,117,9,13,Over
2,talk,118,9,14,Over
2,talk,119,9,10,Over
2,talk,120,9,3,Over
2,talk,121,9,9,Over
2,talk,122,9,15,Over
2,talk,123,9,11,Over
2,talk,124,9,12,Over
2,talk,125,9,2,Over
2,talk,126,9,1,Over
2,talk,127,9,5,Over
2,talk,128,9,4,Over
2,talk,129,9,8,Over
2,vote,1,14
2,vote,2,14
2,vote,3,10
2,vote,4,9
2,vote,5,9
2,vote,8,14
2,vote,9,14
2,vote,10,14
2,vote,11,4
2,vote,12,8
2,vote,13,14
2,vote,14,2
2,vote,15,9
2,execute,14,WEREWOLF
2,whisper,0,0,13,ATTACK Agent[04]
2,whisper,1,0,8,Skip
2,whisper,2,1,13,Skip
2,whisper,3,1,8,Skip
2,whisper,4,2,8,Over
2,whisper,5,2,13,Skip
2,whisper,6,3,8,Over
2,whisper,7,3,13,Over
2,attackVote,8,11
2,attackVote,13,4
2,attackVote,8,11
2,attackVote,13,4
2,attack,11,true
3,status,1,VILLAGER,ALIVE,TOKU0
3,status,2,VILLAGER,ALIVE,TOKU6
3,status,3,VILLAGER,ALIVE,SampleJava12
3,status,4,POSSESSED,ALIVE,HALU
3,status,5,VILLAGER,ALIVE,sample_py
3,status,6,BODYGUARD,DEAD,TOKU8
3,status,7,SEER,DEAD,SampleJava5
3,status,8,WEREWOLF,ALIVE,Takeda14
3,status,9,VILLAGER,ALIVE,Tomato9
3,status,10,VILLAGER,ALIVE,Takeda11
3,status,11,VILLAGER,DEAD,HALU
3,status,12,VILLAGER,ALIVE,SampleJava4
3,status,13,WEREWOLF,ALIVE,Tomato7
3,status,14,WEREWOLF,DEAD,sample_py
3,status,15,MEDIUM,ALIVE,sample_py
3,talk,0,0,3,VOTE Agent[10]
3,talk,1,0,10,VOTE Agent[08]
3,talk,2,0,13,VOTE Agent[10]
3,talk,3,0,9,VOTE Agent[13]
3,talk,4,0,8,VOTE Agent[10]
3,talk,5,0,12,VOTE Agent[09]
3,talk,6,0,2,VOTE Agent[08]
3,talk,7,0,5,VOTE Agent[09]
3,talk,8,0,15,COMINGOUT Agent[15] MEDIUM
3,talk,9,0,1,VOTE Agent[08]
3,talk,10,0,4,DIVINED Agent[09] HUMAN
3,talk,11,1,9,Skip
3,talk,12,1,4,VOTE Agent[09]
3,talk,13,1,10,Skip
3,talk,14,1,1,Skip
3,talk,15,1,3,REQUEST ANY (VOTE Agent[10])
3,talk,16,1,15,IDENTIFIED Agent[06] HUMAN
3,talk,17,1,13,VOTE Agent[09]
3,talk,18,1,12,REQUEST ANY (VOTE Agent[09])
3,talk,19,1,8,Skip
3,talk,20,1,2,Skip
3,talk,21,1,5,Skip
3,talk,22,2,5,Skip
3,talk,23,2,15,IDENTIFIED Agent[14] WEREWOLF
3,talk,24,2,3,Skip
3,talk,25,2,4,VOTE Agent[09]
3,talk,26,2,2,Skip
3,talk,27,2,12,Skip
3,talk,28,2,8,Skip
3,talk,29,2,1,Skip
3,talk,30,2,9,Skip
3,talk,31,2,13,Skip
3,talk,32,2,10,Skip
3,talk,33,3,8,VOTE Agent[02]
3,talk,34,3,15,VOTE Agent[02]
3,talk,35,3,4,VOTE Agent[15]
3,talk,36,3,9,Over
3,talk,37,3,10,Over
3,talk,38,3,13,Skip
3,talk,39,3,3,Skip
3,talk,40,3,2,Over
3,talk,41,3,12,Skip
3,talk,42,3,5,Over
3,talk,43,3,1,Over
3,talk,44,4,4,VOTE Agent[09]
3,talk,45,4,1,Over
3,talk,46,4,15,Skip
3,talk,47,4,9,Over
3,talk,48,4,8,VOTE Agent[10]
3,talk,49,4,5,Over
3,talk,50,4,3,Over
3,talk,51,4,2,Over
3,talk,52,4,12,Over
3,talk,53,4,10,Over
3,talk,54,4,13,Over
3,talk,55,5,13,Over
3,talk,56,5,3,Over
3,talk,57,5,5,Over
3,talk,58,5,9,Over
3,talk,59,5,4,VOTE Agent[09]
3,talk,60,5,1,Over
3,talk,61,5,10,Over
3,talk,62,5,2,Over
3,talk,63,5,15,Skip
3,talk,64,5,8,VOTE Agent[02]
3,talk,65,5,12,Over
3,talk,66,6,5,Over
3,talk,67,6,2,Over
3,talk,68,6,15,Over
3,talk,69,6,8,Skip
3,talk,70,6,1,Over
3,talk,71,6,4,VOTE Agent[09]
3,talk,72,6,10,Over
3,talk,73,6,3,Over
3,talk,74,6,13,Over
3,talk,75,6,12,Over
3,talk,76,6,9,Over
3,talk,77,7,12,Over
3,talk,78,7,9,Over
3,talk,79,7,2,Over
3,talk,80,7,1,Over
3,talk,81,7,5,Over
3,talk,82,7,4,VOTE Agent[09]
3,talk,83,7,3,Over
3,talk,84,7,8,Skip
3,talk,85,7,13,Over
3,talk,86,7,10,Over
3,talk,87,7,15,Over
3,talk,88,8,8,Over
3,talk,89,8,3,Over
3,talk,90,8,2,Over
3,talk,91,8,9,Over
3,talk,92,8,15,Over
3,talk,93,8,4,VOTE Agent[09]
3,talk,94,8,10,Over
3,talk,95,8,12,Over
3,talk,96,8,13,Over
3,talk,97,8,5,Over
3,talk,98,8,1,Over
3,talk,99,9,4,Over
3,talk,100,9,2,Over
3,talk,101,9,5,Over
3,talk,102,9,1,Over
3,talk,103,9,12,Over
3,talk,104,9,13,Over
3,talk,105,9,15,Over
3,talk,106,9,3,Over
3,talk,107,9,9,Over
3,talk,108,9,8,Over
3,talk,109,9,10,Over
3,vote,1,8
3,vote,2,8
3,vote,3,9
3,vote,4,9
3,vote,5,9
3,vote,8,13
3,vote,9,13
3,vote,10,8
3,vote,12,10
3,vote,13,9
3,vote,15,2
3,execute,9,VILLAGER
3,whisper,0,0,8,Skip
3,whisper,1,0,13,ATTACK Agent[04]
3,whisper,2,1,13,Skip
3,whisper,3,1,8,Skip
3,whisper,4,2,8,Over
3,whisper,5,2,13,Skip
3,whisper,6,3,13,Over
3,whisper,7,3,8,Over
3,attackVote,8,3
3,attackVote,13,4
3,attackVote,8,3
3,attackVote,13,4
3,attack,3,true
4,status,1,VILLAGER,ALIVE,TOKU0
4,status,2,VILLAGER,ALIVE,TOKU6
4,status,3,VILLAGER,DEAD,SampleJava12
4,status,4,POSSESSED,ALIVE,HALU
4,status,5,VILLAGER,ALIVE,sample_py
4,status,6,BODYGUARD,DEAD,TOKU8
4,status,7,SEER,DEAD,SampleJava5
4,status,8,WEREWOLF,ALIVE,Takeda14
4,status,9,VILLAGER,DEAD,Tomato9
4,status,10,VILLAGER,ALIVE,Takeda11
4,status,11,VILLAGER,DEAD,HALU
4,status,12,VILLAGER,ALIVE,SampleJava4
4,status,13,WEREWOLF,ALIVE,Tomato7
4,status,14,WEREWOLF,DEAD,sample_py
4,status,15,MEDIUM,ALIVE,sample_py
4,talk,0,0,4,DIVINED Agent[12] WEREWOLF
4,talk,1,0,5,VOTE Agent[12]
4,talk,2,0,13,VOTE Agent[12]
4,talk,3,0,12,BECAUSE (AND (COMINGOUT Agent[12] VILLAGER) (DAY 4 (Agent[04] DIVINED Agent[12] WEREWOLF))) (XOR (ESTIMATE Agent[04] WEREWOLF) (ESTIMATE Agent[04] POSSESSED))
4,talk,4,0,8,VOTE Agent[02]
4,talk,5,0,15,IDENTIFIED Agent[09] HUMAN
4,talk,6,0,1,VOTE Agent[08]
4,talk,7,0,10,VOTE Agent[08]
4,talk,8,0,2,VOTE Agent[08]
4,talk,9,1,2,Skip
4,talk,10,1,10,Skip
4,talk,11,1,8,Skip
4,talk,12,1,15,VOTE Agent[02]
4,talk,13,1,5,Skip
4,talk,14,1,4,VOTE Agent[15]
4,talk,15,1,13,VOTE Agent[02]
4,talk,16,1,12,BECAUSE (XOR (ESTIMATE Agent[04] WEREWOLF) (ESTIMATE Agent[04] POSSESSED)) (AND (VOTE Agent[04]) (REQUEST ANY (VOTE Agent[04])))
4,talk,17,1,1,Skip
4,talk,18,2,13,Skip
4,talk,19,2,2,Skip
4,talk,20,2,1,Skip
4,talk,21,2,8,VOTE Agent[13]
4,talk,22,2,5,Skip
4,talk,23,2,10,Skip
4,talk,24,2,15,Skip
4,talk,25,2,12,VOTE Agent[04]
4,talk,26,2,4,VOTE Agent[12]
4,talk,27,3,8,Skip
4,talk,28,3,2,Over
4,talk,29,3,1,Over
4,talk,30,3,10,Over
4,talk,31,3,12,REQUEST ANY (VOTE Agent[04])
4,talk,32,3,5,Over
4,talk,33,3,13,VOTE Agent[12]
4,talk,34,3,4,VOTE Agent[12]
4,talk,35,3,15,Skip
4,talk,36,4,1,Over
4,talk,37,4,4,VOTE Agent[12]
4,talk,38,4,15,Over
4,talk,39,4,13,Skip
4,talk,40,4,2,Over
4,talk,41,4,10,Over
4,talk,42,4,8,Skip
4,talk,43,4,5,Over
4,talk,44,4,12,Skip
4,talk,45,5,5,Over
4,talk,46,5,10,Over
4,talk,47,5,15,Over
4,talk,48,5,1,Over
4,talk,49,5,13,Skip
4,talk,50,5,4,VOTE Agent[12]
4,talk,51,5,12,Skip
4,talk,52,5,2,Over
4,talk,53,5,8,Over
4,talk,54,6,10,Over
4,talk,55,6,4,VOTE Agent[12]
4,talk,56,6,12,Over
4,talk,57,6,1,Over
4,talk,58,6,15,Over
4,talk,59,6,8,Over
4,talk,60,6,13,Over
4,talk,61,6,2,Over
4,talk,62,6,5,Over
4,talk,63,7,2,Over
4,talk,64,7,5,Over
4,talk,65,7,8,Over
4,talk,66,7,15,Over
4,talk,67,7,1,Over
4,talk,68,7,12,Over
4,talk,69,7,13,Over
4,talk,70,7,4,VOTE Agent[12]
4,talk,71,7,10,Over
4,talk,72,8,8,Over
4,talk,73,8,12,Over
4,talk,74,8,15,Over
4,talk,75,8,4,VOTE Agent[12]
4,talk,76,8,1,Over
4,talk,77,8,10,Over
4,talk,78,8,2,Over
4,talk,79,8,5,Over
4,talk,80,8,13,Over
4,talk,81,9,2,Over
4,talk,82,9,13,Over
4,talk,83,9,4,Over
4,talk,84,9,5,Over
4,talk,85,9,10,Over
4,talk,86,9,15,Over
4,talk,87,9,8,Over
4,talk,88,9,1,Over
4,talk,89,9,12,Over
4,vote,1,8
4,vote,2,8
4,vote,4,12
4,vote,5,12
4,vote,8,13
4,vote,10,8
4,vote,12,4
4,vote,13,12
4,vote,15,2
4,vote,1,8
4,vote,2,8
4,vote,4,12
4,vote,5,12
4,vote,8,13
4,vote,10,8
4,vote,12,8
4,vote,13,12
4,vote,15,2
4,execute,8,WEREWOLF
4,attack,1,true
5,status,1,VILLAGER,DEAD,TOKU0
5,status,2,VILLAGER,ALIVE,TOKU6
5,status,3,VILLAGER,DEAD,SampleJava12
5,status,4,POSSESSED,ALIVE,HALU
5,status,5,VILLAGER,ALIVE,sample_py
5,status,6,BODYGUARD,DEAD,TOKU8
5,status,7,SEER,DEAD,SampleJava5
5,status,8,WEREWOLF,DEAD,Takeda14
5,status,9,VILLAGER,DEAD,Tomato9
5,status,10,VILLAGER,ALIVE,Takeda11
5,status,11,VILLAGER,DEAD,HALU
5,status,12,VILLAGER,ALIVE,SampleJava4
5,status,13,WEREWOLF,ALIVE,Tomato7
5,status,14,WEREWOLF,DEAD,sample_py
5,status,15,MEDIUM,ALIVE,sample_py
5,talk,0,0,13,VOTE Agent[02]
5,talk,1,0,10,VOTE Agent[13]
5,talk,2,0,5,VOTE Agent[02]
5,talk,3,0,4,COMINGOUT Agent[04] POSSESSED
5,talk,4,0,15,IDENTIFIED Agent[08] WEREWOLF
5,talk,5,0,2,VOTE Agent[13]
5,talk,6,0,12,BECAUSE (AND (COMINGOUT Agent[12] VILLAGER) (DAY 4 (Agent[04] DIVINED Agent[12] WEREWOLF))) (XOR (ESTIMATE Agent[04] WEREWOLF) (ESTIMATE Agent[04] POSSESSED))
5,talk,7,1,5,Skip
5,talk,8,1,4,VOTE Agent[05]
5,talk,9,1,15,VOTE Agent[12]
5,talk,10,1,2,Skip
5,talk,11,1,13,Skip
5,talk,12,1,12,BECAUSE (XOR (ESTIMATE Agent[04] WEREWOLF) (ESTIMATE Agent[04] POSSESSED)) (AND (VOTE Agent[04]) (REQUEST ANY (VOTE Agent[04])))
5,talk,13,1,10,Skip
5,talk,14,2,4,VOTE Agent[15]
5,talk,15,2,15,Skip
5,talk,16,2,5,Skip
5,talk,17,2,10,Skip
5,talk,18,2,2,Skip
5,talk,19,2,12,VOTE Agent[04]
5,talk,20,2,13,VOTE Agent[12]
5,talk,21,3,15,Skip
5,talk,22,3,10,Over
5,talk,23,3,4,VOTE Agent[02]
5,talk,24,3,13,VOTE Agent[02]
5,talk,25,3,5,Over
5,talk,26,3,2,Over
5,talk,27,3,12,REQUEST ANY (VOTE Agent[04])
5,talk,28,4,4,VOTE Agent[13]
5,talk,29,4,2,Over
5,talk,30,4,10,Over
5,talk,31,4,13,Skip
5,talk,32,4,5,Over
5,talk,33,4,12,Skip
5,talk,34,4,15,Over
5,talk,35,5,2,Over
5,talk,36,5,10,Over
5,talk,37,5,15,Over
5,talk,38,5,5,Over
5,talk,39,5,12,Skip
5,talk,40,5,4,VOTE Agent[13]
5,talk,41,5,13,VOTE Agent[12]
5,talk,42,6,5,Over
5,talk,43,6,15,Over
5,talk,44,6,12,Over
5,talk,45,6,10,Over
5,talk,46,6,4,VOTE Agent[13]
5,talk,47,6,13,Skip
5,talk,48,6,2,Over
5,talk,49,7,2,Over
5,talk,50,7,5,Over
5,talk,51,7,13,VOTE Agent[04]
5,talk,52,7,15,Over
5,talk,53,7,10,Over
5,talk,54,7,12,Over
5,talk,55,7,4,VOTE Agent[13]
5,talk,56,8,13,VOTE Agent[02]
5,talk,57,8,12,Over
5,talk,58,8,10,Over
5,talk,59,8,4,VOTE Agent[13]
5,talk,60,8,15,Over
5,talk,61,8,2,Over
5,talk,62,8,5,Over
5,talk,63,9,4,VOTE Agent[13]
5,talk,64,9,5,Over
5,talk,65,9,10,Over
5,talk,66,9,2,Over
5,talk,67,9,12,Over
5,talk,68,9,13,VOTE Agent[12]
5,talk,69,9,15,Over
5,talk,70,10,13,Skip
5,talk,71,10,4,Over
5,talk,72,10,2,Over
5,talk,73,10,5,Over
5,talk,74,10,15,Over
5,talk,75,10,12,Over
5,talk,76,10,10,Over
5,talk,77,11,5,Over
5,talk,78,11,10,Over
5,talk,79,11,2,Over
5,talk,80,11,12,Over
5,talk,81,11,4,Over
5,talk,82,11,13,Skip
5,talk,83,11,15,Over
5,talk,84,12,13,VOTE Agent[04]
5,talk,85,12,12,Over
5,talk,86,12,15,Over
5,talk,87,12,5,Over
5,talk,88,12,2,Over
5,talk,89,12,4,Over
5,talk,90,12,10,Over
5,talk,91,13,15,Over
5,talk,92,13,5,Over
5,talk,93,13,12,Over
5,talk,94,13,13,Skip
5,talk,95,13,4,Over
5,talk,96,13,10,Over
5,talk,97,13,2,Over
5,talk,98,14,15,Over
5,talk,99,14,10,Over
5,talk,100,14,12,Over
5,talk,101,14,5,Over
5,talk,102,14,4,Over
5,talk,103,14,13,VOTE Agent[02]
5,talk,104,14,2,Over
5,talk,105,15,2,Over
5,talk,106,15,5,Over
5,talk,107,15,12,Over
5,talk,108,15,10,Over
5,talk,109,15,4,Over
5,talk,110,15,13,VOTE Agent[04]
5,talk,111,15,15,Over
5,talk,112,16,15,Over
5,talk,113,16,10,Over
5,talk,114,16,4,Over
5,talk,115,16,5,Over
5,talk,116,16,13,Over
5,talk,117,16,2,Over
5,talk,118,16,12,Over
5,vote,2,13
5,vote,4,13
5,vote,5,2
5,vote,10,13
5,vote,12,4
5,vote,13,4
5,vote,15,12
5,execute,13,WEREWOLF
6,status,1,VILLAGER,DEAD,TOKU0
6,status,2,VILLAGER,ALIVE,TOKU6
6,status,3,VILLAGER,DEAD,SampleJava12
6,status,4,POSSESSED,ALIVE,HALU
6,status,5,VILLAGER,ALIVE,sample_py
6,status,6,BODYGUARD,DEAD,TOKU8
6,status,7,SEER,DEAD,SampleJava5
6,status,8,WEREWOLF,DEAD,Takeda14
6,status,9,VILLAGER,DEAD,Tomato9
6,status,10,VILLAGER,ALIVE,Takeda11
6,status,11,VILLAGER,DEAD,HALU
6,status,12,VILLAGER,ALIVE,SampleJava4
6,status,13,WEREWOLF,DEAD,Tomato7
6,status,14,WEREWOLF,DEAD,sample_py
6,status,15,MEDIUM,ALIVE,sample_py
6,result,6,0,VILLAGER
