0,status,1,WEREWOLF,ALIVE,TOKU12
0,status,2,MEDIUM,ALIVE,HALU
0,status,3,WEREWOLF,ALIVE,sample_py
0,status,4,VILLAGER,ALIVE,OKAMI
0,status,5,SEER,ALIVE,SampleJava9
0,status,6,VILLAGER,ALIVE,sample_py
0,status,7,VILLAGER,ALIVE,SampleJava2
0,status,8,VILLAGER,ALIVE,SampleJava3
0,status,9,VILLAGER,ALIVE,sample_py
0,status,10,WEREWOLF,ALIVE,SampleJava1
0,status,11,VILLAGER,ALIVE,Takeda0
0,status,12,BODYGUARD,ALIVE,TOKU4
0,status,13,VILLAGER,ALIVE,OKAMI
0,status,14,POSSESSED,ALIVE,Takeda5
0,status,15,VILLAGER,ALIVE,SampleJava11
0,whisper,0,0,3,COMINGOUT Agent[03] VILLAGER
0,whisper,1,0,1,Skip
0,whisper,2,0,10,COMINGOUT Agent[10] VILLAGER
0,whisper,3,1,1,Skip
0,whisper,4,1,3,COMINGOUT Agent[03] VILLAGER
0,whisper,5,1,10,Skip
0,whisper,6,2,1,Over
0,whisper,7,2,10,Skip
0,whisper,8,2,3,COMINGOUT Agent[03] VILLAGER
0,whisper,9,3,3,COMINGOUT Agent[03] VILLAGER
0,whisper,10,3,1,Over
0,whisper,11,3,10,Over
0,whisper,12,4,1,Over
0,whisper,13,4,3,COMINGOUT Agent[03] VILLAGER
0,whisper,14,4,10,Over
0,whisper,15,5,3,COMINGOUT Agent[03] VILLAGER
0,whisper,16,5,1,Over
0,whisper,17,5,10,Over
0,whisper,18,6,1,Over
0,whisper,19,6,3,COMINGOUT Agent[03] VILLAGER
0,whisper,20,6,10,Over
0,whisper,21,7,1,Over
0,whisper,22,7,10,Over
0,whisper,23,7,3,COMINGOUT Agent[03] VILLAGER
0,whisper,24,8,1,Over
0,whisper,25,8,10,Over
0,whisper,26,8,3,COMINGOUT Agent[03] VILLAGER
0,whisper,27,9,10,Over
0,whisper,28,9,3,COMINGOUT Agent[03] VILLAGER
0,whisper,29,9,1,Over
0,whisper,30,10,10,Over
0,whisper,31,10,3,Over
0,whisper,32,10,1,Over
0,divine,5,9,HUMAN
1,status,1,WEREWOLF,ALIVE,TOKU12
1,status,2,MEDIUM,ALIVE,HALU
1,status,3,WEREWOLF,ALIVE,sample_py
1,status,4,VILLAGER,ALIVE,OKAMI
1,status,5,SEER,ALIVE,SampleJava9
1,status,6,VILLAGER,ALIVE,sample_py
1,status,7,VILLAGER,ALIVE,SampleJava2
1,status,8,VILLAGER,ALIVE,SampleJava3
1,status,9,VILLAGER,ALIVE,sample_py
1,status,10,WEREWOLF,ALIVE,SampleJava1
1,status,11,VILLAGER,ALIVE,Takeda0
1,status,12,BODYGUARD,ALIVE,TOKU4
1,status,13,VILLAGER,ALIVE,OKAMI
1,status,14,POSSESSED,ALIVE,Takeda5
1,status,15,VILLAGER,ALIVE,SampleJava11
1,talk,0,0,4,VOTE Agent[10]
1,talk,1,0,12,VOTE Agent[10]
1,talk,2,0,6,VOTE Agent[07]
1,talk,3,0,15,VOTE Agent[14]
1,talk,4,0,3,VOTE Agent[02]
1,talk,5,0,1,Skip
1,talk,6,0,9,VOTE Agent[05]
1,talk,7,0,2,VOTE Agent[12]
1,talk,8,0,5,VOTE Agent[01]
1,talk,9,0,11,VOTE Agent[10]
1,talk,10,0,14,COMINGOUT Agent[14] SEER
1,talk,11,0,10,VOTE Agent[05]
1,talk,12,0,7,VOTE Agent[01]
1,talk,13,0,8,VOTE Agent[09]
1,talk,14,0,13,VOTE Agent[01]
1,talk,15,1,7,REQUEST ANY (VOTE Agent[01])
1,talk,16,1,5,REQUEST ANY (VOTE Agent[01])
1,talk,17,1,13,COMINGOUT Agent[13] VILLAGER
1,talk,18,1,10,REQUEST ANY (VOTE Agent[05])
1,talk,19,1,14,DIVINED Agent[08] WEREWOLF
1,talk,20,1,3,VOTE Agent[13]
1,talk,21,1,4,COMINGOUT Agent[04] VILLAGER
1,talk,22,1,1,VOTE Agent[04]
1,talk,23,1,12,VOTE Agent[01]
1,talk,24,1,2,COMINGOUT Agent[02] MEDIUM
1,talk,25,1,8,REQUEST ANY (VOTE Agent[09])
1,talk,26,1,11,VOTE Agent[01]
1,talk,27,1,9,VOTE Agent[08]
1,talk,28,1,6,VOTE Agent[08]
1,talk,29,1,15,REQUEST ANY (VOTE Agent[14])
1,talk,30,2,8,BECAUSE (AND (COMINGOUT Agent[08] VILLAGER) (DAY 1 (Agent[14] DIVINED Agent[08] WEREWOLF))) (XOR (ESTIMATE Agent[14] WEREWOLF) (ESTIMATE Agent[14] POSSESSED))
1,talk,31,2,9,Skip
1,talk,32,2,5,COMINGOUT Agent[05] SEER
1,talk,33,2,4,VOTE Agent[08]
1,talk,34,2,13,VOTE Agent[08]
1,talk,35,2,14,VOTE Agent[08]
1,talk,36,2,15,Skip
1,talk,37,2,12,Skip
1,talk,38,2,11,VOTE Agent[05]
1,talk,39,2,10,Skip
1,talk,40,2,2,VOTE Agent[08]
1,talk,41,2,1,VOTE Agent[05]
1,talk,42,2,7,Skip
1,talk,43,2,3,Skip
1,talk,44,2,6,Skip
1,talk,45,3,15,Skip
1,talk,46,3,13,VOTE Agent[08]
1,talk,47,3,1,VOTE Agent[08]
1,talk,48,3,2,VOTE Agent[08]
1,talk,49,3,7,Skip
1,talk,50,3,3,Skip
1,talk,51,3,5,DAY 1 (DIVINED Agent[09] HUMAN)
1,talk,52,3,4,VOTE Agent[08]
1,talk,53,3,11,Skip
1,talk,54,3,9,Skip
1,talk,55,3,10,Skip
1,talk,56,3,14,Skip
1,talk,57,3,8,BECAUSE (XOR (ESTIMATE Agent[14] WEREWOLF) (ESTIMATE Agent[14] POSSESSED)) (AND (VOTE Agent[14]) (REQUEST ANY (VOTE Agent[14])))
1,talk,58,3,6,Skip
1,talk,59,3,12,Skip
1,talk,60,4,7,Over
1,talk,61,4,12,Over
1,talk,62,4,10,Over
1,talk,63,4,15,Over
1,talk,64,4,8,VOTE Agent[14]
1,talk,65,4,11,Skip
1,talk,66,4,14,Skip
1,talk,67,4,3,Over
1,talk,68,4,4,VOTE Agent[08]
1,talk,69,4,5,DIVINED Agent[09] HUMAN
1,talk,70,4,1,Skip
1,talk,71,4,6,Over
1,talk,72,4,9,Over
1,talk,73,4,13,VOTE Agent[08]
1,talk,74,4,2,VOTE Agent[08]
1,talk,75,5,13,VOTE Agent[08]
1,talk,76,5,3,Over
1,talk,77,5,9,Over
1,talk,78,5,15,Over
1,talk,79,5,1,Skip
1,talk,80,5,6,Over
1,talk,81,5,11,Over
1,talk,82,5,5,BECAUSE (AND (COMINGOUT Agent[05] SEER) (Agent[14] COMINGOUT Agent[14] SEER)) (XOR (ESTIMATE Agent[14] WEREWOLF) (ESTIMATE Agent[14] POSSESSED))
1,talk,83,5,10,Over
1,talk,84,5,4,VOTE Agent[08]
1,talk,85,5,7,Over
1,talk,86,5,14,Over
1,talk,87,5,8,REQUEST ANY (VOTE Agent[14])
1,talk,88,5,12,Over
1,talk,89,5,2,VOTE Agent[08]
1,talk,90,6,11,VOTE Agent[01]
1,talk,91,6,5,BECAUSE (XOR (ESTIMATE Agent[14] WEREWOLF) (ESTIMATE Agent[14] POSSESSED)) (AND (VOTE Agent[14]) (REQUEST ANY (VOTE Agent[14])))
1,talk,92,6,4,VOTE Agent[08]
1,talk,93,6,6,Over
1,talk,94,6,9,Over
1,talk,95,6,1,Over
1,talk,96,6,12,Over
1,talk,97,6,13,VOTE Agent[08]
1,talk,98,6,2,VOTE Agent[08]
1,talk,99,6,10,Over
1,talk,100,6,14,Over
1,talk,101,6,8,Skip
1,talk,102,6,3,Over
1,talk,103,6,15,Over
1,talk,104,6,7,Over
1,talk,105,7,3,Over
1,talk,106,7,14,Over
1,talk,107,7,15,Over
1,talk,108,7,1,Over
1,talk,109,7,11,Skip
1,talk,110,7,13,VOTE Agent[08]
1,talk,111,7,2,VOTE Agent[08]
1,talk,112,7,7,Over
1,talk,113,7,12,Over
1,talk,114,7,6,Over
1,talk,115,7,8,Skip
1,talk,116,7,5,VOTE Agent[14]
1,talk,117,7,4,VOTE Agent[08]
1,talk,118,7,10,Over
1,talk,119,7,9,Over
1,talk,120,8,15,Over
1,talk,121,8,7,Over
1,talk,122,8,2,VOTE Agent[08]
1,talk,123,8,5,REQUEST ANY (VOTE Agent[14])
1,talk,124,8,10,Over
1,talk,125,8,12,Over
1,talk,126,8,3,Over
1,talk,127,8,13,VOTE Agent[08]
1,talk,128,8,8,Over
1,talk,129,8,6,Over
1,talk,130,8,9,Over
1,talk,131,8,14,Over
1,talk,132,8,11,Skip
1,talk,133,8,1,Over
1,talk,134,8,4,VOTE Agent[08]
1,talk,135,9,6,Over
1,talk,136,9,1,Over
1,talk,137,9,2,Over
1,talk,138,9,9,Over
1,talk,139,9,7,Over
1,talk,140,9,13,Over
1,talk,141,9,3,Over
1,talk,142,9,11,Over
1,talk,143,9,15,Over
1,talk,144,9,10,Over
1,talk,145,9,14,Over
1,talk,146,9,8,Over
1,talk,147,9,4,Over
1,talk,148,9,5,Skip
1,talk,149,9,12,Over
1,talk,150,10,8,Over
1,talk,151,10,11,Over
1,talk,152,10,1,Over
1,talk,153,10,5,Skip
1,talk,154,10,14,Over
1,talk,155,10,12,Over
1,talk,156,10,3,Over
1,talk,157,10,6,Over
1,talk,158,10,15,Over
1,talk,159,10,10,Over
1,talk,160,10,4,Over
1,talk,161,10,9,Over
1,talk,162,10,2,Over
1,talk,163,10,7,Over
1,talk,164,10,13,Over
1,talk,165,11,9,Over
1,talk,166,11,1,Over
1,talk,167,11,14,Over
1,talk,168,11,3,Over
1,talk,169,11,6,Over
1,talk,170,11,4,Over
1,talk,171,11,5,Over
1,talk,172,11,7,Over
1,talk,173,11,15,Over
1,talk,174,11,8,Over
1,talk,175,11,2,Over
1,talk,176,11,12,Over
1,talk,177,11,11,Over
1,talk,178,11,10,Over
1,talk,179,11,13,Over
1,vote,1,8
1,vote,2,8
1,vote,3,13
1,vote,4,8
1,vote,5,14
1,vote,6,8
1,vote,7,14
1,vote,8,14
1,vote,9,8
1,vote,10,5
1,vote,11,1
1,vote,12,1
1,vote,13,8
1,vote,14,8
1,vote,15,14
1,execute,8,VILLAGER
1,divine,5,14,HUMAN
1,whisper,0,0,3,ATTACK Agent[14]
1,whisper,1,0,1,Skip
1,whisper,2,0,10,BECAUSE (AND (NOT (COMINGOUT Agent[14] WEREWOLF)) (NOT (COMINGOUT Agent[08] WEREWOLF)) (DAY 1 (Agent[14] DIVINED Agent[08] WEREWOLF))) (ESTIMATE Agent[14] POSSESSED)
1,whisper,3,1,3,Skip
1,whisper,4,1,1,Skip
1,whisper,5,1,10,ATTACK Agent[02]
1,whisper,6,2,10,Skip
1,whisper,7,2,3,Skip
1,whisper,8,2,1,Over
1,whisper,9,3,3,Over
1,whisper,10,3,10,Skip
1,whisper,11,3,1,Over
1,whisper,12,4,10,Over
1,whisper,13,4,1,Over
1,whisper,14,4,3,Over
1,guard,12,14,POSSESSED
1,attackVote,1,14
1,attackVote,3,14
1,attackVote,10,2
1,attack,14,false
2,status,1,WEREWOLF,ALIVE,TOKU12
2,status,2,MEDIUM,ALIVE,HALU
2,status,3,WEREWOLF,ALIVE,sample_py
2,status,4,VILLAGER,ALIVE,OKAMI
2,status,5,SEER,ALIVE,SampleJava9
2,status,6,VILLAGER,ALIVE,sample_py
2,status,7,VILLAGER,ALIVE,SampleJava2
2,status,8,VILLAGER,DEAD,SampleJava3
2,status,9,VILLAGER,ALIVE,sample_py
2,status,10,WEREWOLF,ALIVE,SampleJava1
2,status,11,VILLAGER,ALIVE,Takeda0
2,status,12,BODYGUARD,ALIVE,TOKU4
2,status,13,VILLAGER,ALIVE,OKAMI
2,status,14,POSSESSED,ALIVE,Takeda5
2,status,15,VILLAGER,ALIVE,SampleJava11
2,talk,0,0,12,VOTE Agent[01]
2,talk,1,0,10,VOTE Agent[05]
2,talk,2,0,7,VOTE Agent[12]
2,talk,3,0,15,VOTE Agent[06]
2,talk,4,0,9,VOTE Agent[12]
2,talk,5,0,14,DIVINED Agent[01] HUMAN
2,talk,6,0,4,VOTE Agent[15]
2,talk,7,0,3,VOTE Agent[04]
2,talk,8,0,1,VOTE Agent[05]
2,talk,9,0,11,VOTE Agent[01]
2,talk,10,0,5,DAY 2 (DIVINED Agent[14] HUMAN)
2,talk,11,0,6,VOTE Agent[13]
2,talk,12,0,13,VOTE Agent[04]
2,talk,13,0,2,IDENTIFIED Agent[08] HUMAN
2,talk,14,1,1,VOTE Agent[12]
2,talk,15,1,6,Skip
2,talk,16,1,10,REQUEST ANY (VOTE Agent[05])
2,talk,17,1,11,Skip
2,talk,18,1,4,COMINGOUT Agent[04] VILLAGER
2,talk,19,1,7,REQUEST ANY (VOTE Agent[12])
2,talk,20,1,3,Skip
2,talk,21,1,12,Skip
2,talk,22,1,2,VOTE Agent[15]
2,talk,23,1,5,DIVINED Agent[14] HUMAN
2,talk,24,1,14,VOTE Agent[02]
2,talk,25,1,13,COMINGOUT Agent[13] VILLAGER
2,talk,26,1,15,REQUEST ANY (VOTE Agent[06])
2,talk,27,1,9,Skip
2,talk,28,2,7,Skip
2,talk,29,2,9,Skip
2,talk,30,2,14,Skip
2,talk,31,2,3,Skip
2,talk,32,2,6,Skip
2,talk,33,2,4,VOTE Agent[13]
2,talk,34,2,12,Skip
2,talk,35,2,1,VOTE Agent[11]
2,talk,36,2,5,BECAUSE (AND (AND (COMINGOUT Agent[05] SEER) (Agent[14] COMINGOUT Agent[14] SEER)) (DAY 2 (DIVINED Agent[14] HUMAN))) (ESTIMATE Agent[14] POSSESSED)
2,talk,37,2,15,Skip
2,talk,38,2,2,VOTE Agent[15]
2,talk,39,2,10,Skip
2,talk,40,2,11,Skip
2,talk,41,2,13,VOTE Agent[15]
2,talk,42,3,10,Skip
2,talk,43,3,12,Over
2,talk,44,3,6,Over
2,talk,45,3,7,Skip
2,talk,46,3,13,VOTE Agent[04]
2,talk,47,3,2,VOTE Agent[15]
2,talk,48,3,3,Over
2,talk,49,3,14,Skip
2,talk,50,3,1,Skip
2,talk,51,3,15,Skip
2,talk,52,3,5,VOTE Agent[13]
2,talk,53,3,9,Over
2,talk,54,3,11,Over
2,talk,55,3,4,VOTE Agent[15]
2,talk,56,4,5,REQUEST ANY (VOTE Agent[13])
2,talk,57,4,14,Over
2,talk,58,4,9,Over
2,talk,59,4,11,Over
2,talk,60,4,6,Over
2,talk,61,4,7,Over
2,talk,62,4,13,VOTE Agent[04]
2,talk,63,4,1,Skip
2,talk,64,4,10,Over
2,talk,65,4,15,Over
2,talk,66,4,3,Over
2,talk,67,4,4,VOTE Agent[15]
2,talk,68,4,2,VOTE Agent[15]
2,talk,69,4,12,Over
2,talk,70,5,6,Over
2,talk,71,5,10,Over
2,talk,72,5,3,Over
2,talk,73,5,12,Over
2,talk,74,5,7,Over
2,talk,75,5,5,Skip
2,talk,76,5,1,Over
2,talk,77,5,2,VOTE Agent[15]
2,talk,78,5,4,VOTE Agent[15]
2,talk,79,5,15,Over
2,talk,80,5,14,Over
2,talk,81,5,11,Over
2,talk,82,5,13,VOTE Agent[04]
2,talk,83,5,9,Over
2,talk,84,6,6,Over
2,talk,85,6,7,Over
2,talk,86,6,9,Over
2,talk,87,6,13,VOTE Agent[04]
2,talk,88,6,3,Over
2,talk,89,6,12,Over
2,talk,90,6,2,VOTE Agent[04]
2,talk,91,6,5,Skip
2,talk,92,6,11,Over
2,talk,93,6,4,VOTE Agent[13]
2,talk,94,6,10,Over
2,talk,95,6,1,Over
2,talk,96,6,15,Over
2,talk,97,6,14,Over
2,talk,98,7,12,Over
2,talk,99,7,10,Over
2,talk,100,7,5,Over
2,talk,101,7,13,VOTE Agent[04]
2,talk,102,7,4,VOTE Agent[13]
2,talk,103,7,14,Over
2,talk,104,7,9,Over
2,talk,105,7,3,Over
2,talk,106,7,2,VOTE Agent[15]
2,talk,107,7,7,Over
2,talk,108,7,11,Over
2,talk,109,7,6,Over
2,talk,110,7,1,Over
2,talk,111,7,15,Over
2,talk,112,8,15,Over
2,talk,113,8,3,Over
2,talk,114,8,10,Over
2,talk,115,8,7,Over
2,talk,116,8,5,Over
2,talk,117,8,2,VOTE Agent[04]
2,talk,118,8,1,Over
2,talk,119,8,4,VOTE Agent[13]
2,talk,120,8,13,VOTE Agent[04]
2,talk,121,8,11,Over
2,talk,122,8,12,Over
2,talk,123,8,14,Over
2,talk,124,8,6,Over
2,talk,125,8,9,Over
2,talk,126,9,6,Over
2,talk,127,9,2,Over
2,talk,128,9,11,Over
2,talk,129,9,4,Over
2,talk,130,9,3,Over
2,talk,131,9,14,Over
2,talk,132,9,13,Over
2,talk,133,9,15,Over
2,talk,134,9,10,Over
2,talk,135,9,5,Over
2,talk,136,9,7,Over
2,talk,137,9,9,Over
2,talk,138,9,12,Over
2,talk,139,9,1,Over
2,vote,1,3
2,vote,2,4
2,vote,3,4
2,vote,4,13
2,vote,5,12
2,vote,6,13
2,vote,7,13
2,vote,9,12
2,vote,10,5
2,vote,11,1
2,vote,12,1
2,vote,13,4
2,vote,14,11
2,vote,15,13
2,execute,13,VILLAGER
2,divine,5,4,HUMAN
2,whisper,0,0,1,Skip
2,whisper,1,0,3,ATTACK Agent[04]
2,whisper,2,0,10,ATTACK Agent[02]
2,whisper,3,1,1,Skip
2,whisper,4,1,3,Skip
2,whisper,5,1,10,Skip
2,whisper,6,2,1,Over
2,whisper,7,2,3,Skip
2,whisper,8,2,10,Skip
2,whisper,9,3,1,Over
2,whisper,10,3,3,Over
2,whisper,11,3,10,Over
2,guard,12,5,SEER
2,attackVote,1,14
2,attackVote,3,4
2,attackVote,10,2
2,attackVote,1,14
2,attackVote,3,4
2,attackVote,10,2
2,attack,2,true
3,status,1,WEREWOLF,ALIVE,TOKU12
3,status,2,MEDIUM,DEAD,HALU
3,status,3,WEREWOLF,ALIVE,sample_py
3,status,4,VILLAGER,ALIVE,OKAMI
3,status,5,SEER,ALIVE,SampleJava9
3,status,6,VILLAGER,ALIVE,sample_py
3,status,7,VILLAGER,ALIVE,SampleJava2
3,status,8,VILLAGER,DEAD,SampleJava3
3,status,9,VILLAGER,ALIVE,sample_py
3,status,10,WEREWOLF,ALIVE,SampleJava1
3,status,11,VILLAGER,ALIVE,Takeda0
3,status,12,BODYGUARD,ALIVE,TOKU4
3,status,13,VILLAGER,DEAD,OKAMI
3,status,14,POSSESSED,ALIVE,Takeda5
3,status,15,VILLAGER,ALIVE,SampleJava11
3,talk,0,0,7,VOTE Agent[11]
3,talk,1,0,5,DAY 3 (DIVINED Agent[04] HUMAN)
3,talk,2,0,4,VOTE Agent[15]
3,talk,3,0,14,DIVINED Agent[09] WEREWOLF
3,talk,4,0,11,VOTE Agent[01]
3,talk,5,0,1,VOTE Agent[11]
3,talk,6,0,15,VOTE Agent[10]
3,talk,7,0,12,VOTE Agent[01]
3,talk,8,0,10,VOTE Agent[05]
3,talk,9,0,9,VOTE Agent[14]
3,talk,10,0,3,VOTE Agent[04]
3,talk,11,0,6,VOTE Agent[09]
3,talk,12,1,4,COMINGOUT Agent[04] VILLAGER
3,talk,13,1,15,REQUEST ANY (VOTE Agent[10])
3,talk,14,1,5,DIVINED Agent[04] HUMAN
3,talk,15,1,11,Skip
3,talk,16,1,3,Skip
3,talk,17,1,7,REQUEST ANY (VOTE Agent[11])
3,talk,18,1,6,Skip
3,talk,19,1,12,Skip
3,talk,20,1,14,VOTE Agent[09]
3,talk,21,1,9,Skip
3,talk,22,1,1,Skip
3,talk,23,1,10,REQUEST ANY (VOTE Agent[05])
3,talk,24,2,5,VOTE Agent[12]
3,talk,25,2,11,Skip
3,talk,26,2,1,Skip
3,talk,27,2,10,Skip
3,talk,28,2,9,Skip
3,talk,29,2,3,Skip
3,talk,30,2,14,Skip
3,talk,31,2,12,Skip
3,talk,32,2,7,Skip
3,talk,33,2,4,VOTE Agent[15]
3,talk,34,2,6,Skip
3,talk,35,2,15,Skip
3,talk,36,3,9,Over
3,talk,37,3,12,Over
3,talk,38,3,4,VOTE Agent[15]
3,talk,39,3,15,Skip
3,talk,40,3,14,Skip
3,talk,41,3,11,Over
3,talk,42,3,3,Over
3,talk,43,3,7,Skip
3,talk,44,3,1,Over
3,talk,45,3,10,Skip
3,talk,46,3,5,REQUEST ANY (VOTE Agent[12])
3,talk,47,3,6,Over
3,talk,48,4,4,VOTE Agent[15]
3,talk,49,4,14,Over
3,talk,50,4,11,Over
3,talk,51,4,3,Over
3,talk,52,4,5,Skip
3,talk,53,4,6,Over
3,talk,54,4,12,Over
3,talk,55,4,9,Over
3,talk,56,4,15,Over
3,talk,57,4,7,Over
3,talk,58,4,10,Over
3,talk,59,4,1,Over
3,talk,60,5,14,Over
3,talk,61,5,5,Skip
3,talk,62,5,15,Over
3,talk,63,5,11,Over
3,talk,64,5,10,Over
3,talk,65,5,12,Over
3,talk,66,5,3,Over
3,talk,67,5,9,Over
3,talk,68,5,4,VOTE Agent[15]
3,talk,69,5,1,Over
3,talk,70,5,6,Over
3,talk,71,5,7,Over
3,talk,72,6,6,Over
3,talk,73,6,9,Over
3,talk,74,6,5,Over
3,talk,75,6,4,VOTE Agent[15]
3,talk,76,6,11,Over
3,talk,77,6,1,Over
3,talk,78,6,10,Over
3,talk,79,6,14,Over
3,talk,80,6,15,Over
3,talk,81,6,12,Over
3,talk,82,6,7,Over
3,talk,83,6,3,Over
3,talk,84,7,7,Over
3,talk,85,7,9,Over
3,talk,86,7,5,Over
3,talk,87,7,10,Over
3,talk,88,7,14,Over
3,talk,89,7,1,Over
3,talk,90,7,11,Over
3,talk,91,7,15,Over
3,talk,92,7,3,Over
3,talk,93,7,12,Over
3,talk,94,7,6,Over
3,talk,95,7,4,VOTE Agent[15]
3,talk,96,8,15,Over
3,talk,97,8,14,Over
3,talk,98,8,3,Over
3,talk,99,8,9,Over
3,talk,100,8,6,Over
3,talk,101,8,10,Over
3,talk,102,8,1,Over
3,talk,103,8,11,Over
3,talk,104,8,5,Over
3,talk,105,8,4,VOTE Agent[15]
3,talk,106,8,12,Over
3,talk,107,8,7,Over
3,talk,108,9,14,Over
3,talk,109,9,7,Over
3,talk,110,9,4,Over
3,talk,111,9,9,Over
3,talk,112,9,15,Over
3,talk,113,9,3,Over
3,talk,114,9,10,Over
3,talk,115,9,12,Over
3,talk,116,9,1,Over
3,talk,117,9,6,Over
3,talk,118,9,5,Over
3,talk,119,9,11,Over
3,vote,1,11
3,vote,3,4
3,vote,4,15
3,vote,5,11
3,vote,6,9
3,vote,7,10
3,vote,9,14
3,vote,10,5
3,vote,11,1
3,vote,12,1
3,vote,14,11
3,vote,15,11
3,execute,11,VILLAGER
3,divine,5,15,HUMAN
3,whisper,0,0,1,Skip
3,whisper,1,0,10,BECAUSE (Agent[05] COMINGOUT Agent[05] SEER) (ATTACK Agent[05])
3,whisper,2,0,3,ATTACK Agent[05]
3,whisper,3,1,1,Skip
3,whisper,4,1,3,Skip
3,whisper,5,1,10,ATTACK Agent[05]
3,whisper,6,2,3,Skip
3,whisper,7,2,10,Skip
3,whisper,8,2,1,Over
3,whisper,9,3,1,Over
3,whisper,10,3,3,Over
3,whisper,11,3,10,Skip
3,whisper,12,4,10,Over
3,whisper,13,4,3,Over
3,whisper,14,4,1,Over
3,guard,12,5,SEER
3,attackVote,1,14
3,attackVote,3,5
3,attackVote,10,5
3,attack,5,false
4,status,1,WEREWOLF,ALIVE,TOKU12
4,status,2,MEDIUM,DEAD,HALU
4,status,3,WEREWOLF,ALIVE,sample_py
4,status,4,VILLAGER,ALIVE,OKAMI
4,status,5,SEER,ALIVE,SampleJava9
4,status,6,VILLAGER,ALIVE,sample_py
4,status,7,VILLAGER,ALIVE,SampleJava2
4,status,8,VILLAGER,DEAD,SampleJava3
4,status,9,VILLAGER,ALIVE,sample_py
4,status,10,WEREWOLF,ALIVE,SampleJava1
4,status,11,VILLAGER,DEAD,Takeda0
4,status,12,BODYGUARD,ALIVE,TOKU4
4,status,13,VILLAGER,DEAD,OKAMI
4,status,14,POSSESSED,ALIVE,Takeda5
4,status,15,VILLAGER,ALIVE,SampleJava11
4,talk,0,0,3,VOTE Agent[04]
4,talk,1,0,5,DAY 4 (DIVINED Agent[15] HUMAN)
4,talk,2,0,15,VOTE Agent[14]
4,talk,3,0,4,VOTE Agent[15]
4,talk,4,0,6,VOTE Agent[09]
4,talk,5,0,10,VOTE Agent[05]
4,talk,6,0,1,VOTE Agent[12]
4,talk,7,0,9,VOTE Agent[14]
4,talk,8,0,12,VOTE Agent[01]
4,talk,9,0,7,VOTE Agent[06]
4,talk,10,0,14,DIVINED Agent[07] WEREWOLF
4,talk,11,1,9,Skip
4,talk,12,1,7,REQUEST ANY (VOTE Agent[06])
4,talk,13,1,1,Skip
4,talk,14,1,4,COMINGOUT Agent[04] VILLAGER
4,talk,15,1,6,Skip
4,talk,16,1,3,Skip
4,talk,17,1,10,REQUEST ANY (VOTE Agent[05])
4,talk,18,1,5,DIVINED Agent[15] HUMAN
4,talk,19,1,12,Skip
4,talk,20,1,15,REQUEST ANY (VOTE Agent[14])
4,talk,21,1,14,VOTE Agent[07]
4,talk,22,2,9,Skip
4,talk,23,2,3,Skip
4,talk,24,2,4,VOTE Agent[15]
4,talk,25,2,7,BECAUSE (AND (COMINGOUT Agent[07] VILLAGER) (DAY 4 (Agent[14] DIVINED Agent[07] WEREWOLF))) (XOR (ESTIMATE Agent[14] WEREWOLF) (ESTIMATE Agent[14] POSSESSED))
4,talk,26,2,6,Skip
4,talk,27,2,1,Skip
4,talk,28,2,5,VOTE Agent[10]
4,talk,29,2,15,Skip
4,talk,30,2,12,Skip
4,talk,31,2,10,Skip
4,talk,32,2,14,Skip
4,talk,33,3,9,Over
4,talk,34,3,3,Over
4,talk,35,3,4,VOTE Agent[15]
4,talk,36,3,12,Over
4,talk,37,3,10,Skip
4,talk,38,3,5,REQUEST ANY (VOTE Agent[10])
4,talk,39,3,7,BECAUSE (XOR (ESTIMATE Agent[14] WEREWOLF) (ESTIMATE Agent[14] POSSESSED)) (AND (VOTE Agent[14]) (REQUEST ANY (VOTE Agent[14])))
4,talk,40,3,6,Over
4,talk,41,3,1,VOTE Agent[05]
4,talk,42,3,15,Skip
4,talk,43,3,14,Skip
4,talk,44,4,14,Over
4,talk,45,4,1,Skip
4,talk,46,4,10,Over
4,talk,47,4,4,VOTE Agent[15]
4,talk,48,4,12,Over
4,talk,49,4,7,VOTE Agent[14]
4,talk,50,4,15,Over
4,talk,51,4,5,Skip
4,talk,52,4,9,Over
4,talk,53,4,6,Over
4,talk,54,4,3,Over
4,talk,55,5,6,Over
4,talk,56,5,3,Over
4,talk,57,5,5,Skip
4,talk,58,5,1,Skip
4,talk,59,5,9,Over
4,talk,60,5,15,Over
4,talk,61,5,10,Over
4,talk,62,5,7,REQUEST ANY (VOTE Agent[14])
4,talk,63,5,4,VOTE Agent[15]
4,talk,64,5,12,Over
4,talk,65,5,14,Over
4,talk,66,6,3,Over
4,talk,67,6,10,Over
4,talk,68,6,1,Over
4,talk,69,6,6,Over
4,talk,70,6,12,Over
4,talk,71,6,14,Over
4,talk,72,6,4,VOTE Agent[15]
4,talk,73,6,7,Skip
4,talk,74,6,15,Over
4,talk,75,6,9,Over
4,talk,76,6,5,Over
4,talk,77,7,9,Over
4,talk,78,7,6,Over
4,talk,79,7,12,Over
4,talk,80,7,7,Skip
4,talk,81,7,15,Over
4,talk,82,7,1,Over
4,talk,83,7,14,Over
4,talk,84,7,5,Over
4,talk,85,7,10,Over
4,talk,86,7,4,VOTE Agent[15]
4,talk,87,7,3,Over
4,talk,88,8,14,Over
4,talk,89,8,4,VOTE Agent[15]
4,talk,90,8,1,Over
4,talk,91,8,10,Over
4,talk,92,8,6,Over
4,talk,93,8,12,Over
4,talk,94,8,5,Over
4,talk,95,8,3,Over
4,talk,96,8,9,Over
4,talk,97,8,7,Over
4,talk,98,8,15,Over
4,talk,99,9,10,Over
4,talk,100,9,6,Over
4,talk,101,9,15,Over
4,talk,102,9,3,Over
4,talk,103,9,12,Over
4,talk,104,9,1,Over
4,talk,105,9,7,Over
4,talk,106,9,4,Over
4,talk,107,9,5,Over
4,talk,108,9,14,Over
4,talk,109,9,9,Over
4,vote,1,5
4,vote,3,4
4,vote,4,15
4,vote,5,14
4,vote,6,9
4,vote,7,14
4,vote,9,14
4,vote,10,5
4,vote,12,1
4,vote,14,5
4,vote,15,14
4,execute,14,POSSESSED
4,divine,5,6,HUMAN
4,whisper,0,0,10,BECAUSE (Agent[05] COMINGOUT Agent[05] SEER) (ATTACK Agent[05])
4,whisper,1,0,3,ATTACK Agent[04]
4,whisper,2,0,1,Skip
4,whisper,3,1,1,Skip
4,whisper,4,1,10,ATTACK Agent[05]
4,whisper,5,1,3,Skip
4,whisper,6,2,3,Skip
4,whisper,7,2,1,Over
4,whisper,8,2,10,Skip
4,whisper,9,3,10,Skip
4,whisper,10,3,1,Over
4,whisper,11,3,3,Over
4,whisper,12,4,3,Over
4,whisper,13,4,10,Over
4,whisper,14,4,1,Over
4,guard,12,10,WEREWOLF
4,attackVote,1,5
4,attackVote,3,4
4,attackVote,10,5
4,attack,5,true
5,status,1,WEREWOLF,ALIVE,TOKU12
5,status,2,MEDIUM,DEAD,HALU
5,status,3,WEREWOLF,ALIVE,sample_py
5,status,4,VILLAGER,ALIVE,OKAMI
5,status,5,SEER,DEAD,SampleJava9
5,status,6,VILLAGER,ALIVE,sample_py
5,status,7,VILLAGER,ALIVE,SampleJava2
5,status,8,VILLAGER,DEAD,SampleJava3
5,status,9,VILLAGER,ALIVE,sample_py
5,status,10,WEREWOLF,ALIVE,SampleJava1
5,status,11,VILLAGER,DEAD,Takeda0
5,status,12,BODYGUARD,ALIVE,TOKU4
5,status,13,VILLAGER,DEAD,OKAMI
5,status,14,POSSESSED,DEAD,Takeda5
5,status,15,VILLAGER,ALIVE,SampleJava11
5,talk,0,0,9,VOTE Agent[06]
5,talk,1,0,4,VOTE Agent[15]
5,talk,2,0,7,VOTE Agent[01]
5,talk,3,0,12,VOTE Agent[01]
5,talk,4,0,10,VOTE Agent[05]
5,talk,5,0,15,VOTE Agent[06]
5,talk,6,0,6,VOTE Agent[09]
5,talk,7,0,1,VOTE Agent[12]
5,talk,8,0,3,VOTE Agent[04]
5,talk,9,1,9,Skip
5,talk,10,1,3,Skip
5,talk,11,1,10,REQUEST ANY (VOTE Agent[05])
5,talk,12,1,4,COMINGOUT Agent[04] VILLAGER
5,talk,13,1,12,Skip
5,talk,14,1,1,Skip
5,talk,15,1,7,REQUEST ANY (VOTE Agent[01])
5,talk,16,1,15,REQUEST ANY (VOTE Agent[06])
5,talk,17,1,6,Skip
5,talk,18,2,15,Skip
5,talk,19,2,6,Skip
5,talk,20,2,12,Skip
5,talk,21,2,9,Skip
5,talk,22,2,3,Skip
5,talk,23,2,1,Skip
5,talk,24,2,10,Skip
5,talk,25,2,4,VOTE Agent[15]
5,talk,26,2,7,Skip
5,talk,27,3,7,Skip
5,talk,28,3,1,Over
5,talk,29,3,3,Over
5,talk,30,3,12,Over
5,talk,31,3,15,Skip
5,talk,32,3,4,VOTE Agent[15]
5,talk,33,3,10,Skip
5,talk,34,3,6,Over
5,talk,35,3,9,Over
5,talk,36,4,4,VOTE Agent[15]
5,talk,37,4,12,Over
5,talk,38,4,9,Over
5,talk,39,4,15,Over
5,talk,40,4,7,Over
5,talk,41,4,6,Over
5,talk,42,4,1,Over
5,talk,43,4,3,Over
5,talk,44,4,10,Over
5,talk,45,5,7,Over
5,talk,46,5,9,Over
5,talk,47,5,12,Over
5,talk,48,5,6,Over
5,talk,49,5,15,Over
5,talk,50,5,1,Over
5,talk,51,5,4,VOTE Agent[15]
5,talk,52,5,10,Over
5,talk,53,5,3,Over
5,talk,54,6,3,Over
5,talk,55,6,10,Over
5,talk,56,6,6,Over
5,talk,57,6,7,Over
5,talk,58,6,15,Over
5,talk,59,6,4,VOTE Agent[15]
5,talk,60,6,1,Over
5,talk,61,6,9,Over
5,talk,62,6,12,Over
5,talk,63,7,7,Over
5,talk,64,7,15,Over
5,talk,65,7,6,Over
5,talk,66,7,4,VOTE Agent[15]
5,talk,67,7,9,Over
5,talk,68,7,1,Over
5,talk,69,7,3,Over
5,talk,70,7,10,Over
5,talk,71,7,12,Over
5,talk,72,8,10,Over
5,talk,73,8,1,Over
5,talk,74,8,12,Over
5,talk,75,8,7,Over
5,talk,76,8,4,VOTE Agent[15]
5,talk,77,8,6,Over
5,talk,78,8,9,Over
5,talk,79,8,15,Over
5,talk,80,8,3,Over
5,talk,81,9,6,Over
5,talk,82,9,9,Over
5,talk,83,9,7,Over
5,talk,84,9,4,Over
5,talk,85,9,3,Over
5,talk,86,9,12,Over
5,talk,87,9,15,Over
5,talk,88,9,10,Over
5,talk,89,9,1,Over
5,vote,1,12
5,vote,3,4
5,vote,4,15
5,vote,6,9
5,vote,7,6
5,vote,9,6
5,vote,10,9
5,vote,12,1
5,vote,15,6
5,execute,6,VILLAGER
5,whisper,0,0,10,BECAUSE (Agent[04] COMINGOUT Agent[04] VILLAGER) (ATTACK Agent[04])
5,whisper,1,0,3,ATTACK Agent[04]
5,whisper,2,0,1,Skip
5,whisper,3,1,10,ATTACK Agent[04]
5,whisper,4,1,1,Skip
5,whisper,5,1,3,Skip
5,whisper,6,2,10,Skip
5,whisper,7,2,3,Skip
5,whisper,8,2,1,Over
5,whisper,9,3,3,Over
5,whisper,10,3,10,Skip
5,whisper,11,3,1,Over
5,whisper,12,4,1,Over
5,whisper,13,4,3,Over
5,whisper,14,4,10,Over
5,guard,12,15,VILLAGER
5,attackVote,1,15
5,attackVote,3,4
5,attackVote,10,4
5,attack,4,true
6,status,1,WEREWOLF,ALIVE,TOKU12
6,status,2,MEDIUM,DEAD,HALU
6,status,3,WEREWOLF,ALIVE,sample_py
6,status,4,VILLAGER,DEAD,OKAMI
6,status,5,SEER,DEAD,SampleJava9
6,status,6,VILLAGER,DEAD,sample_py
6,status,7,VILLAGER,ALIVE,SampleJava2
6,status,8,VILLAGER,DEAD,SampleJava3
6,status,9,VILLAGER,ALIVE,sample_py
6,status,10,WEREWOLF,ALIVE,SampleJava1
6,status,11,VILLAGER,DEAD,Takeda0
6,status,12,BODYGUARD,ALIVE,TOKU4
6,status,13,VILLAGER,DEAD,OKAMI
6,status,14,POSSESSED,DEAD,Takeda5
6,status,15,VILLAGER,ALIVE,SampleJava11
6,talk,0,0,9,VOTE Agent[15]
6,talk,1,0,15,VOTE Agent[03]
6,talk,2,0,7,VOTE Agent[10]
6,talk,3,0,1,VOTE Agent[12]
6,talk,4,0,10,VOTE Agent[05]
6,talk,5,0,12,VOTE Agent[01]
6,talk,6,0,3,VOTE Agent[12]
6,talk,7,1,7,REQUEST ANY (VOTE Agent[10])
6,talk,8,1,1,Skip
6,talk,9,1,9,Skip
6,talk,10,1,12,Skip
6,talk,11,1,15,REQUEST ANY (VOTE Agent[03])
6,talk,12,1,10,REQUEST ANY (VOTE Agent[05])
6,talk,13,1,3,Skip
6,talk,14,2,15,Skip
6,talk,15,2,10,Skip
6,talk,16,2,12,Skip
6,talk,17,2,1,Skip
6,talk,18,2,9,Skip
6,talk,19,2,3,Skip
6,talk,20,2,7,Skip
6,talk,21,3,7,Skip
6,talk,22,3,9,Over
6,talk,23,3,15,Skip
6,talk,24,3,10,Skip
6,talk,25,3,3,Over
6,talk,26,3,12,Over
6,talk,27,3,1,Over
6,talk,28,4,7,Over
6,talk,29,4,9,Over
6,talk,30,4,10,Over
6,talk,31,4,12,Over
6,talk,32,4,3,Over
6,talk,33,4,15,Over
6,talk,34,4,1,Over
6,vote,1,12
6,vote,3,12
6,vote,7,15
6,vote,9,15
6,vote,10,7
6,vote,12,1
6,vote,15,10
6,vote,1,12
6,vote,3,12
6,vote,7,12
6,vote,9,15
6,vote,10,12
6,vote,12,1
6,vote,15,12
6,execute,12,BODYGUARD
6,whisper,0,0,10,ATTACK Agent[15]
6,whisper,1,0,3,ATTACK Agent[09]
6,whisper,2,0,1,Skip
6,whisper,3,1,10,Skip
6,whisper,4,1,1,Skip
6,whisper,5,1,3,Skip
6,whisper,6,2,3,Skip
6,whisper,7,2,1,Over
6,whisper,8,2,10,Skip
6,whisper,9,3,1,Over
6,whisper,10,3,3,Over
6,whisper,11,3,10,Over
6,attackVote,1,15
6,attackVote,3,9
6,attackVote,10,15
6,attack,15,true
7,status,1,WEREWOLF,ALIVE,TOKU12
7,status,2,MEDIUM,DEAD,HALU
7,status,3,WEREWOLF,ALIVE,sample_py
7,status,4,VILLAGER,DEAD,OKAMI
7,status,5,SEER,DEAD,SampleJava9
7,status,6,VILLAGER,DEAD,sample_py
7,status,7,VILLAGER,ALIVE,SampleJava2
7,status,8,VILLAGER,DEAD,SampleJava3
7,status,9,VILLAGER,ALIVE,sample_py
7,status,10,WEREWOLF,ALIVE,SampleJava1
7,status,11,VILLAGER,DEAD,Takeda0
7,status,12,BODYGUARD,DEAD,TOKU4
7,status,13,VILLAGER,DEAD,OKAMI
7,status,14,POSSESSED,DEAD,Takeda5
7,status,15,VILLAGER,DEAD,SampleJava11
7,result,2,3,WEREWOLF
