0,status,1,VILLAGER,ALIVE,TOKU12
0,status,2,VILLAGER,ALIVE,HALU
0,status,3,WEREWOLF,ALIVE,sample_py
0,status,4,VILLAGER,ALIVE,OKAMI
0,status,5,VILLAGER,ALIVE,SampleJava9
0,status,6,VILLAGER,ALIVE,sample_py
0,status,7,MEDIUM,ALIVE,SampleJava2
0,status,8,POSSESSED,ALIVE,SampleJava3
0,status,9,VILLAGER,ALIVE,sample_py
0,status,10,WEREWOLF,ALIVE,SampleJava1
0,status,11,BODYGUARD,ALIVE,Takeda0
0,status,12,VILLAGER,ALIVE,TOKU4
0,status,13,WEREWOLF,ALIVE,OKAMI
0,status,14,SEER,ALIVE,Takeda5
0,status,15,VILLAGER,ALIVE,SampleJava11
0,whisper,0,0,3,COMINGOUT Agent[03] MEDIUM
0,whisper,1,0,10,COMINGOUT Agent[10] VILLAGER
0,whisper,2,0,13,COMINGOUT Agent[13] VILLAGER
0,whisper,3,1,10,Skip
0,whisper,4,1,3,COMINGOUT Agent[03] MEDIUM
0,whisper,5,1,13,Skip
0,whisper,6,2,10,Skip
0,whisper,7,2,3,COMINGOUT Agent[03] MEDIUM
0,whisper,8,2,13,Skip
0,whisper,9,3,13,Over
0,whisper,10,3,3,COMINGOUT Agent[03] MEDIUM
0,whisper,11,3,10,Over
0,whisper,12,4,10,Over
0,whisper,13,4,13,Over
0,whisper,14,4,3,COMINGOUT Agent[03] MEDIUM
0,whisper,15,5,10,Over
0,whisper,16,5,13,Over
0,whisper,17,5,3,COMINGOUT Agent[03] MEDIUM
0,whisper,18,6,13,Over
0,whisper,19,6,10,Over
0,whisper,20,6,3,COMINGOUT Agent[03] MEDIUM
0,whisper,21,7,3,COMINGOUT Agent[03] MEDIUM
0,whisper,22,7,10,Over
0,whisper,23,7,13,Over
0,whisper,24,8,13,Over
0,whisper,25,8,3,COMINGOUT Agent[03] MEDIUM
0,whisper,26,8,10,Over
0,whisper,27,9,3,COMINGOUT Agent[03] MEDIUM
0,whisper,28,9,13,Over
0,whisper,29,9,10,Over
0,whisper,30,10,13,Over
0,whisper,31,10,10,Over
0,whisper,32,10,3,Over
0,divine,14,4,HUMAN
1,status,1,VILLAGER,ALIVE,TOKU12
1,status,2,VILLAGER,ALIVE,HALU
1,status,3,WEREWOLF,ALIVE,sample_py
1,status,4,VILLAGER,ALIVE,OKAMI
1,status,5,VILLAGER,ALIVE,SampleJava9
1,status,6,VILLAGER,ALIVE,sample_py
1,status,7,MEDIUM,ALIVE,SampleJava2
1,status,8,POSSESSED,ALIVE,SampleJava3
1,status,9,VILLAGER,ALIVE,sample_py
1,status,10,WEREWOLF,ALIVE,SampleJava1
1,status,11,BODYGUARD,ALIVE,Takeda0
1,status,12,VILLAGER,ALIVE,TOKU4
1,status,13,WEREWOLF,ALIVE,OKAMI
1,status,14,SEER,ALIVE,Takeda5
1,status,15,VILLAGER,ALIVE,SampleJava11
1,talk,0,0,14,COMINGOUT Agent[14] SEER
1,talk,1,0,4,VOTE Agent[07]
1,talk,2,0,2,VOTE Agent[04]
1,talk,3,0,12,VOTE Agent[14]
1,talk,4,0,3,COMINGOUT Agent[03] MEDIUM
1,talk,5,0,11,VOTE Agent[14]
1,talk,6,0,9,VOTE Agent[06]
1,talk,7,0,7,COMINGOUT Agent[07] MEDIUM
1,talk,8,0,8,COMINGOUT Agent[08] SEER
1,talk,9,0,10,VOTE Agent[05]
1,talk,10,0,13,VOTE Agent[07]
1,talk,11,0,6,VOTE Agent[10]
1,talk,12,0,5,VOTE Agent[15]
1,talk,13,0,15,VOTE Agent[05]
1,talk,14,0,1,VOTE Agent[10]
1,talk,15,1,2,VOTE Agent[05]
1,talk,16,1,1,VOTE Agent[07]
1,talk,17,1,12,VOTE Agent[07]
1,talk,18,1,13,VOTE Agent[07]
1,talk,19,1,8,DAY 1 (DIVINED Agent[14] WEREWOLF)
1,talk,20,1,5,REQUEST ANY (VOTE Agent[15])
1,talk,21,1,9,Skip
1,talk,22,1,10,REQUEST ANY (VOTE Agent[05])
1,talk,23,1,6,Skip
1,talk,24,1,14,DIVINED Agent[04] HUMAN
1,talk,25,1,4,COMINGOUT Agent[04] VILLAGER
1,talk,26,1,15,REQUEST ANY (VOTE Agent[05])
1,talk,27,1,3,VOTE Agent[07]
1,talk,28,1,7,BECAUSE (AND (COMINGOUT Agent[07] MEDIUM) (Agent[03] COMINGOUT Agent[03] MEDIUM)) (XOR (ESTIMATE Agent[03] WEREWOLF) (ESTIMATE Agent[03] POSSESSED))
1,talk,29,1,11,VOTE Agent[07]
1,talk,30,2,1,VOTE Agent[03]
1,talk,31,2,7,BECAUSE (XOR (ESTIMATE Agent[03] WEREWOLF) (ESTIMATE Agent[03] POSSESSED)) (AND (VOTE Agent[03]) (REQUEST ANY (VOTE Agent[03])))
1,talk,32,2,6,Skip
1,talk,33,2,10,Skip
1,talk,34,2,13,VOTE Agent[07]
1,talk,35,2,9,Skip
1,talk,36,2,4,VOTE Agent[15]
1,talk,37,2,2,VOTE Agent[15]
1,talk,38,2,12,VOTE Agent[13]
1,talk,39,2,8,DIVINED Agent[14] WEREWOLF
1,talk,40,2,15,Skip
1,talk,41,2,11,VOTE Agent[13]
1,talk,42,2,3,Skip
1,talk,43,2,5,Skip
1,talk,44,2,14,VOTE Agent[03]
1,talk,45,3,7,VOTE Agent[03]
1,talk,46,3,14,VOTE Agent[03]
1,talk,47,3,3,Skip
1,talk,48,3,12,VOTE Agent[03]
1,talk,49,3,5,Skip
1,talk,50,3,1,Skip
1,talk,51,3,10,Skip
1,talk,52,3,2,VOTE Agent[15]
1,talk,53,3,15,Skip
1,talk,54,3,6,VOTE Agent[14]
1,talk,55,3,8,BECAUSE (DAY 1 (DIVINED Agent[14] WEREWOLF)) (AND (VOTE Agent[14]) (REQUEST ANY (VOTE Agent[14])))
1,talk,56,3,9,VOTE Agent[14]
1,talk,57,3,11,Skip
1,talk,58,3,4,VOTE Agent[15]
1,talk,59,3,13,VOTE Agent[03]
1,talk,60,4,5,Over
1,talk,61,4,11,Skip
1,talk,62,4,6,Skip
1,talk,63,4,13,VOTE Agent[03]
1,talk,64,4,2,VOTE Agent[04]
1,talk,65,4,15,Over
1,talk,66,4,7,REQUEST ANY (VOTE Agent[03])
1,talk,67,4,14,VOTE Agent[03]
1,talk,68,4,9,Skip
1,talk,69,4,4,VOTE Agent[15]
1,talk,70,4,3,Over
1,talk,71,4,1,Skip
1,talk,72,4,10,Over
1,talk,73,4,12,Skip
1,talk,74,4,8,VOTE Agent[14]
1,talk,75,5,4,VOTE Agent[15]
1,talk,76,5,13,VOTE Agent[03]
1,talk,77,5,12,Skip
1,talk,78,5,11,Over
1,talk,79,5,5,Over
1,talk,80,5,7,Skip
1,talk,81,5,15,Over
1,talk,82,5,8,REQUEST ANY (VOTE Agent[14])
1,talk,83,5,2,VOTE Agent[04]
1,talk,84,5,14,VOTE Agent[03]
1,talk,85,5,3,Over
1,talk,86,5,9,Skip
1,talk,87,5,10,Over
1,talk,88,5,6,Skip
1,talk,89,5,1,Over
1,talk,90,6,10,Over
1,talk,91,6,9,Over
1,talk,92,6,11,Over
1,talk,93,6,15,Over
1,talk,94,6,13,VOTE Agent[03]
1,talk,95,6,2,VOTE Agent[04]
1,talk,96,6,5,Over
1,talk,97,6,6,Over
1,talk,98,6,1,Over
1,talk,99,6,14,VOTE Agent[03]
1,talk,100,6,3,Over
1,talk,101,6,4,VOTE Agent[15]
1,talk,102,6,7,Skip
1,talk,103,6,12,Over
1,talk,104,6,8,Skip
1,talk,105,7,3,Over
1,talk,106,7,11,Over
1,talk,107,7,14,VOTE Agent[03]
1,talk,108,7,1,Over
1,talk,109,7,6,Over
1,talk,110,7,7,Over
1,talk,111,7,8,Skip
1,talk,112,7,5,Over
1,talk,113,7,2,VOTE Agent[15]
1,talk,114,7,15,Over
1,talk,115,7,9,Over
1,talk,116,7,10,Over
1,talk,117,7,13,VOTE Agent[03]
1,talk,118,7,4,VOTE Agent[15]
1,talk,119,7,12,Over
1,talk,120,8,11,Over
1,talk,121,8,14,VOTE Agent[03]
1,talk,122,8,4,VOTE Agent[15]
1,talk,123,8,10,Over
1,talk,124,8,1,Over
1,talk,125,8,12,Over
1,talk,126,8,8,Over
1,talk,127,8,9,Over
1,talk,128,8,7,Over
1,talk,129,8,2,VOTE Agent[04]
1,talk,130,8,6,Over
1,talk,131,8,3,Over
1,talk,132,8,13,VOTE Agent[03]
1,talk,133,8,5,Over
1,talk,134,8,15,Over
1,talk,135,9,3,Over
1,talk,136,9,14,VOTE Agent[03]
1,talk,137,9,10,Over
1,talk,138,9,8,Over
1,talk,139,9,5,Over
1,talk,140,9,13,Over
1,talk,141,9,15,Over
1,talk,142,9,12,Over
1,talk,143,9,4,Over
1,talk,144,9,6,Over
1,talk,145,9,2,Over
1,talk,146,9,1,Over
1,talk,147,9,7,Over
1,talk,148,9,11,Over
1,talk,149,9,9,Over
1,talk,150,10,14,Over
1,talk,151,10,10,Over
1,talk,152,10,3,Over
1,talk,153,10,7,Over
1,talk,154,10,9,Over
1,talk,155,10,4,Over
1,talk,156,10,13,Over
1,talk,157,10,11,Over
1,talk,158,10,6,Over
1,talk,159,10,5,Over
1,talk,160,10,15,Over
1,talk,161,10,2,Over
1,talk,162,10,1,Over
1,talk,163,10,8,Over
1,talk,164,10,12,Over
1,vote,1,3
1,vote,2,4
1,vote,3,7
1,vote,4,15
1,vote,5,3
1,vote,6,14
1,vote,7,3
1,vote,8,14
1,vote,9,14
1,vote,10,5
1,vote,11,13
1,vote,12,3
1,vote,13,3
1,vote,14,3
1,vote,15,3
1,execute,3,WEREWOLF
1,divine,14,13,WEREWOLF
1,whisper,0,0,10,BECAUSE (AND (NOT (COMINGOUT Agent[08] WEREWOLF)) (NOT (COMINGOUT Agent[14] WEREWOLF)) (DAY 1 (Agent[08] DIVINED Agent[14] WEREWOLF))) (ESTIMATE Agent[08] POSSESSED)
1,whisper,1,0,13,ATTACK Agent[14]
1,whisper,2,1,13,Skip
1,whisper,3,1,10,ATTACK Agent[07]
1,whisper,4,2,10,Skip
1,whisper,5,2,13,Skip
1,whisper,6,3,10,Skip
1,whisper,7,3,13,Over
1,whisper,8,4,10,Over
1,whisper,9,4,13,Over
1,guard,11,14,SEER
1,attackVote,10,7
1,attackVote,13,14
1,attackVote,10,7
1,attackVote,13,14
1,attack,14,false
2,status,1,VILLAGER,ALIVE,TOKU12
2,status,2,VILLAGER,ALIVE,HALU
2,status,3,WEREWOLF,DEAD,sample_py
2,status,4,VILLAGER,ALIVE,OKAMI
2,status,5,VILLAGER,ALIVE,SampleJava9
2,status,6,VILLAGER,ALIVE,sample_py
2,status,7,MEDIUM,ALIVE,SampleJava2
2,status,8,POSSESSED,ALIVE,SampleJava3
2,status,9,VILLAGER,ALIVE,sample_py
2,status,10,WEREWOLF,ALIVE,SampleJava1
2,status,11,BODYGUARD,ALIVE,Takeda0
2,status,12,VILLAGER,ALIVE,TOKU4
2,status,13,WEREWOLF,ALIVE,OKAMI
2,status,14,SEER,ALIVE,Takeda5
2,status,15,VILLAGER,ALIVE,SampleJava11
2,talk,0,0,1,VOTE Agent[13]
2,talk,1,0,14,DIVINED Agent[13] WEREWOLF
2,talk,2,0,15,VOTE Agent[14]
2,talk,3,0,2,VOTE Agent[15]
2,talk,4,0,13,VOTE Agent[07]
2,talk,5,0,11,VOTE Agent[13]
2,talk,6,0,9,VOTE Agent[13]
2,talk,7,0,12,VOTE Agent[13]
2,talk,8,0,5,VOTE Agent[13]
2,talk,9,0,10,VOTE Agent[05]
2,talk,10,0,7,DAY 2 (IDENTIFIED Agent[03] WEREWOLF)
2,talk,11,0,8,DAY 2 (DIVINED Agent[05] HUMAN)
2,talk,12,0,4,VOTE Agent[15]
2,talk,13,0,6,VOTE Agent[13]
2,talk,14,1,4,COMINGOUT Agent[04] VILLAGER
2,talk,15,1,5,REQUEST ANY (VOTE Agent[13])
2,talk,16,1,10,REQUEST ANY (VOTE Agent[05])
2,talk,17,1,6,Skip
2,talk,18,1,7,IDENTIFIED Agent[03] WEREWOLF
2,talk,19,1,14,VOTE Agent[13]
2,talk,20,1,13,VOTE Agent[07]
2,talk,21,1,1,Skip
2,talk,22,1,15,REQUEST ANY (VOTE Agent[14])
2,talk,23,1,8,DIVINED Agent[05] HUMAN
2,talk,24,1,12,Skip
2,talk,25,1,11,Skip
2,talk,26,1,9,Skip
2,talk,27,1,2,VOTE Agent[15]
2,talk,28,2,11,Skip
2,talk,29,2,7,VOTE Agent[04]
2,talk,30,2,8,BECAUSE (DAY 1 (DIVINED Agent[14] WEREWOLF)) (AND (VOTE Agent[14]) (REQUEST ANY (VOTE Agent[14])))
2,talk,31,2,4,VOTE Agent[15]
2,talk,32,2,13,VOTE Agent[07]
2,talk,33,2,15,Skip
2,talk,34,2,14,VOTE Agent[13]
2,talk,35,2,5,Skip
2,talk,36,2,6,Skip
2,talk,37,2,10,Skip
2,talk,38,2,12,Skip
2,talk,39,2,9,Skip
2,talk,40,2,2,VOTE Agent[04]
2,talk,41,2,1,Skip
2,talk,42,3,4,VOTE Agent[15]
2,talk,43,3,12,Over
2,talk,44,3,9,Over
2,talk,45,3,8,VOTE Agent[14]
2,talk,46,3,6,Over
2,talk,47,3,5,Skip
2,talk,48,3,13,VOTE Agent[07]
2,talk,49,3,15,Skip
2,talk,50,3,7,REQUEST ANY (VOTE Agent[04])
2,talk,51,3,14,VOTE Agent[13]
2,talk,52,3,2,VOTE Agent[04]
2,talk,53,3,10,Skip
2,talk,54,3,1,Over
2,talk,55,3,11,Over
2,talk,56,4,2,VOTE Agent[04]
2,talk,57,4,6,Over
2,talk,58,4,8,REQUEST ANY (VOTE Agent[14])
2,talk,59,4,4,VOTE Agent[15]
2,talk,60,4,9,Over
2,talk,61,4,1,Over
2,talk,62,4,15,Over
2,talk,63,4,13,VOTE Agent[07]
2,talk,64,4,5,Over
2,talk,65,4,11,Over
2,talk,66,4,10,Over
2,talk,67,4,7,Skip
2,talk,68,4,14,VOTE Agent[13]
2,talk,69,4,12,Over
2,talk,70,5,6,Over
2,talk,71,5,2,VOTE Agent[04]
2,talk,72,5,1,Over
2,talk,73,5,9,Over
2,talk,74,5,11,Over
2,talk,75,5,10,Over
2,talk,76,5,15,Over
2,talk,77,5,5,Over
2,talk,78,5,14,VOTE Agent[13]
2,talk,79,5,12,Over
2,talk,80,5,8,Skip
2,talk,81,5,4,VOTE Agent[15]
2,talk,82,5,13,VOTE Agent[07]
2,talk,83,5,7,Skip
2,talk,84,6,8,Skip
2,talk,85,6,7,Over
2,talk,86,6,11,Over
2,talk,87,6,5,Over
2,talk,88,6,14,VOTE Agent[13]
2,talk,89,6,1,Over
2,talk,90,6,12,Over
2,talk,91,6,10,Over
2,talk,92,6,13,VOTE Agent[07]
2,talk,93,6,6,Over
2,talk,94,6,9,Over
2,talk,95,6,4,VOTE Agent[15]
2,talk,96,6,15,Over
2,talk,97,6,2,VOTE Agent[04]
2,talk,98,7,4,VOTE Agent[15]
2,talk,99,7,1,Over
2,talk,100,7,13,VOTE Agent[07]
2,talk,101,7,5,Over
2,talk,102,7,12,Over
2,talk,103,7,2,VOTE Agent[04]
2,talk,104,7,7,Over
2,talk,105,7,15,Over
2,talk,106,7,10,Over
2,talk,107,7,8,Over
2,talk,108,7,11,Over
2,talk,109,7,6,Over
2,talk,110,7,9,Over
2,talk,111,7,14,VOTE Agent[13]
2,talk,112,8,8,Over
2,talk,113,8,11,Over
2,talk,114,8,15,Over
2,talk,115,8,10,Over
2,talk,116,8,1,Over
2,talk,117,8,5,Over
2,talk,118,8,9,Over
2,talk,119,8,2,VOTE Agent[04]
2,talk,120,8,13,VOTE Agent[07]
2,talk,121,8,12,Over
2,talk,122,8,14,VOTE Agent[13]
2,talk,123,8,6,Over
2,talk,124,8,7,Over
2,talk,125,8,4,VOTE Agent[15]
2,talk,126,9,4,Over
2,talk,127,9,14,VOTE Agent[13]
2,talk,128,9,11,Over
2,talk,129,9,7,Over
2,talk,130,9,12,Over
2,talk,131,9,10,Over
2,talk,132,9,8,Over
2,talk,133,9,5,Over
2,talk,134,9,2,Over
2,talk,135,9,1,Over
2,talk,136,9,15,Over
2,talk,137,9,13,Over
2,talk,138,9,9,Over
2,talk,139,9,6,Over
2,talk,140,10,9,Over
2,talk,141,10,1,Over
2,talk,142,10,11,Over
2,talk,143,10,6,Over
2,talk,144,10,8,Over
2,talk,145,10,13,Over
2,talk,146,10,14,Over
2,talk,147,10,7,Over
2,talk,148,10,10,Over
2,talk,149,10,12,Over
2,talk,150,10,2,Over
2,talk,151,10,5,Over
2,talk,152,10,15,Over
2,talk,153,10,4,Over
2,vote,1,13
2,vote,2,4
2,vote,4,15
2,vote,5,14
2,vote,6,13
2,vote,7,13
2,vote,8,14
2,vote,9,13
2,vote,10,5
2,vote,11,13
2,vote,12,13
2,vote,13,7
2,vote,14,13
2,vote,15,4
2,execute,13,WEREWOLF
2,divine,14,11,HUMAN
2,guard,11,14,SEER
2,attackVote,10,7
2,attack,7,true
3,status,1,VILLAGER,ALIVE,TOKU12
3,status,2,VILLAGER,ALIVE,HALU
3,status,3,WEREWOLF,DEAD,sample_py
3,status,4,VILLAGER,ALIVE,OKAMI
3,status,5,VILLAGER,ALIVE,SampleJava9
3,status,6,VILLAGER,ALIVE,sample_py
3,status,7,MEDIUM,DEAD,SampleJava2
3,status,8,POSSESSED,ALIVE,SampleJava3
3,status,9,VILLAGER,ALIVE,sample_py
3,status,10,WEREWOLF,ALIVE,SampleJava1
3,status,11,BODYGUARD,ALIVE,Takeda0
3,status,12,VILLAGER,ALIVE,TOKU4
3,status,13,WEREWOLF,DEAD,OKAMI
3,status,14,SEER,ALIVE,Takeda5
3,status,15,VILLAGER,ALIVE,SampleJava11
3,talk,0,0,1,VOTE Agent[11]
3,talk,1,0,9,VOTE Agent[14]
3,talk,2,0,6,VOTE Agent[14]
3,talk,3,0,4,VOTE Agent[15]
3,talk,4,0,12,VOTE Agent[11]
3,talk,5,0,11,VOTE Agent[01]
3,talk,6,0,5,VOTE Agent[11]
3,talk,7,0,15,VOTE Agent[01]
3,talk,8,0,14,DIVINED Agent[11] HUMAN
3,talk,9,0,8,DAY 3 (DIVINED Agent[15] HUMAN)
3,talk,10,0,2,VOTE Agent[04]
3,talk,11,0,10,VOTE Agent[05]
3,talk,12,1,1,VOTE Agent[02]
3,talk,13,1,2,VOTE Agent[15]
3,talk,14,1,12,VOTE Agent[01]
3,talk,15,1,9,Skip
3,talk,16,1,15,REQUEST ANY (VOTE Agent[01])
3,talk,17,1,5,REQUEST ANY (VOTE Agent[11])
3,talk,18,1,11,Skip
3,talk,19,1,14,VOTE Agent[01]
3,talk,20,1,6,Skip
3,talk,21,1,10,REQUEST ANY (VOTE Agent[05])
3,talk,22,1,4,COMINGOUT Agent[04] VILLAGER
3,talk,23,1,8,DIVINED Agent[15] HUMAN
3,talk,24,2,5,Skip
3,talk,25,2,9,Skip
3,talk,26,2,10,Skip
3,talk,27,2,14,VOTE Agent[01]
3,talk,28,2,8,BECAUSE (DAY 1 (DIVINED Agent[14] WEREWOLF)) (AND (VOTE Agent[14]) (REQUEST ANY (VOTE Agent[14])))
3,talk,29,2,12,Skip
3,talk,30,2,1,Skip
3,talk,31,2,15,Skip
3,talk,32,2,11,Skip
3,talk,33,2,6,Skip
3,talk,34,2,4,VOTE Agent[15]
3,talk,35,2,2,VOTE Agent[04]
3,talk,36,3,8,VOTE Agent[14]
3,talk,37,3,1,Skip
3,talk,38,3,15,Skip
3,talk,39,3,11,Over
3,talk,40,3,14,VOTE Agent[01]
3,talk,41,3,2,VOTE Agent[04]
3,talk,42,3,10,Skip
3,talk,43,3,5,Skip
3,talk,44,3,12,Skip
3,talk,45,3,4,VOTE Agent[15]
3,talk,46,3,9,Over
3,talk,47,3,6,Over
3,talk,48,4,12,Over
3,talk,49,4,6,Over
3,talk,50,4,11,Over
3,talk,51,4,9,Over
3,talk,52,4,5,Over
3,talk,53,4,1,Over
3,talk,54,4,8,REQUEST ANY (VOTE Agent[14])
3,talk,55,4,14,VOTE Agent[01]
3,talk,56,4,15,Over
3,talk,57,4,2,VOTE Agent[04]
3,talk,58,4,10,Over
3,talk,59,4,4,VOTE Agent[15]
3,talk,60,5,2,VOTE Agent[04]
3,talk,61,5,9,Over
3,talk,62,5,1,Over
3,talk,63,5,11,Over
3,talk,64,5,6,Over
3,talk,65,5,5,Over
3,talk,66,5,10,Over
3,talk,67,5,14,VOTE Agent[01]
3,talk,68,5,8,Skip
3,talk,69,5,15,Over
3,talk,70,5,4,VOTE Agent[15]
3,talk,71,5,12,Over
3,talk,72,6,1,Over
3,talk,73,6,4,VOTE Agent[15]
3,talk,74,6,9,Over
3,talk,75,6,8,Skip
3,talk,76,6,2,VOTE Agent[04]
3,talk,77,6,6,Over
3,talk,78,6,14,VOTE Agent[01]
3,talk,79,6,15,Over
3,talk,80,6,12,Over
3,talk,81,6,11,Over
3,talk,82,6,5,Over
3,talk,83,6,10,Over
3,talk,84,7,6,Over
3,talk,85,7,2,VOTE Agent[04]
3,talk,86,7,5,Over
3,talk,87,7,9,Over
3,talk,88,7,10,Over
3,talk,89,7,1,Over
3,talk,90,7,15,Over
3,talk,91,7,12,Over
3,talk,92,7,8,Over
3,talk,93,7,11,Over
3,talk,94,7,14,VOTE Agent[01]
3,talk,95,7,4,VOTE Agent[15]
3,talk,96,8,10,Over
3,talk,97,8,8,Over
3,talk,98,8,5,Over
3,talk,99,8,4,VOTE Agent[15]
3,talk,100,8,14,VOTE Agent[01]
3,talk,101,8,1,Over
3,talk,102,8,9,Over
3,talk,103,8,15,Over
3,talk,104,8,12,Over
3,talk,105,8,11,Over
3,talk,106,8,6,Over
3,talk,107,8,2,VOTE Agent[04]
3,talk,108,9,8,Over
3,talk,109,9,11,Over
3,talk,110,9,9,Over
3,talk,111,9,10,Over
3,talk,112,9,2,Over
3,talk,113,9,6,Over
3,talk,114,9,14,VOTE Agent[01]
3,talk,115,9,15,Over
3,talk,116,9,4,Over
3,talk,117,9,5,Over
3,talk,118,9,1,Over
3,talk,119,9,12,Over
3,talk,120,10,5,Over
3,talk,121,10,1,Over
3,talk,122,10,14,Over
3,talk,123,10,6,Over
3,talk,124,10,10,Over
3,talk,125,10,15,Over
3,talk,126,10,8,Over
3,talk,127,10,11,Over
3,talk,128,10,2,Over
3,talk,129,10,9,Over
3,talk,130,10,12,Over
3,talk,131,10,4,Over
3,vote,1,2
3,vote,2,4
3,vote,4,15
3,vote,5,14
3,vote,6,14
3,vote,8,14
3,vote,9,14
3,vote,10,5
3,vote,11,1
3,vote,12,1
3,vote,14,1
3,vote,15,14
3,execute,14,SEER
3,guard,11,14,SEER
3,attackVote,10,4
3,attack,4,true
4,status,1,VILLAGER,ALIVE,TOKU12
4,status,2,VILLAGER,ALIVE,HALU
4,status,3,WEREWOLF,DEAD,sample_py
4,status,4,VILLAGER,DEAD,OKAMI
4,status,5,VILLAGER,ALIVE,SampleJava9
4,status,6,VILLAGER,ALIVE,sample_py
4,status,7,MEDIUM,DEAD,SampleJava2
4,status,8,POSSESSED,ALIVE,SampleJava3
4,status,9,VILLAGER,ALIVE,sample_py
4,status,10,WEREWOLF,ALIVE,SampleJava1
4,status,11,BODYGUARD,ALIVE,Takeda0
4,status,12,VILLAGER,ALIVE,TOKU4
4,status,13,WEREWOLF,DEAD,OKAMI
4,status,14,SEER,DEAD,Takeda5
4,status,15,VILLAGER,ALIVE,SampleJava11
4,talk,0,0,8,DAY 4 (DIVINED Agent[01] HUMAN)
4,talk,1,0,6,VOTE Agent[10]
4,talk,2,0,1,VOTE Agent[02]
4,talk,3,0,5,VOTE Agent[08]
4,talk,4,0,12,VOTE Agent[01]
4,talk,5,0,11,VOTE Agent[01]
4,talk,6,0,9,VOTE Agent[10]
4,talk,7,0,10,VOTE Agent[05]
4,talk,8,0,15,VOTE Agent[12]
4,talk,9,0,2,VOTE Agent[15]
4,talk,10,1,15,REQUEST ANY (VOTE Agent[12])
4,talk,11,1,1,Skip
4,talk,12,1,9,Skip
4,talk,13,1,11,Skip
4,talk,14,1,2,VOTE Agent[15]
4,talk,15,1,12,Skip
4,talk,16,1,8,DIVINED Agent[01] HUMAN
4,talk,17,1,6,Skip
4,talk,18,1,5,REQUEST ANY (VOTE Agent[08])
4,talk,19,1,10,REQUEST ANY (VOTE Agent[05])
4,talk,20,2,9,Skip
4,talk,21,2,2,VOTE Agent[15]
4,talk,22,2,1,Skip
4,talk,23,2,6,Skip
4,talk,24,2,5,Skip
4,talk,25,2,8,VOTE Agent[10]
4,talk,26,2,11,Skip
4,talk,27,2,15,Skip
4,talk,28,2,12,Skip
4,talk,29,2,10,Skip
4,talk,30,3,11,Over
4,talk,31,3,1,Over
4,talk,32,3,5,Skip
4,talk,33,3,8,REQUEST ANY (VOTE Agent[10])
4,talk,34,3,10,Skip
4,talk,35,3,9,Over
4,talk,36,3,6,Over
4,talk,37,3,15,Skip
4,talk,38,3,12,Over
4,talk,39,3,2,VOTE Agent[15]
4,talk,40,4,1,Over
4,talk,41,4,12,Over
4,talk,42,4,6,Over
4,talk,43,4,8,Skip
4,talk,44,4,15,Over
4,talk,45,4,5,Over
4,talk,46,4,10,Over
4,talk,47,4,9,Over
4,talk,48,4,11,Over
4,talk,49,4,2,VOTE Agent[15]
4,talk,50,5,1,Over
4,talk,51,5,5,Over
4,talk,52,5,15,Over
4,talk,53,5,2,VOTE Agent[15]
4,talk,54,5,10,Over
4,talk,55,5,8,Skip
4,talk,56,5,9,Over
4,talk,57,5,11,Over
4,talk,58,5,6,Over
4,talk,59,5,12,Over
4,talk,60,6,11,Over
4,talk,61,6,15,Over
4,talk,62,6,10,Over
4,talk,63,6,12,Over
4,talk,64,6,2,VOTE Agent[15]
4,talk,65,6,5,Over
4,talk,66,6,1,Over
4,talk,67,6,9,Over
4,talk,68,6,8,Over
4,talk,69,6,6,Over
4,talk,70,7,9,Over
4,talk,71,7,5,Over
4,talk,72,7,1,Over
4,talk,73,7,8,Over
4,talk,74,7,6,Over
4,talk,75,7,11,Over
4,talk,76,7,15,Over
4,talk,77,7,10,Over
4,talk,78,7,12,Over
4,talk,79,7,2,VOTE Agent[15]
4,talk,80,8,9,Over
4,talk,81,8,2,VOTE Agent[15]
4,talk,82,8,10,Over
4,talk,83,8,1,Over
4,talk,84,8,6,Over
4,talk,85,8,8,Over
4,talk,86,8,12,Over
4,talk,87,8,5,Over
4,talk,88,8,15,Over
4,talk,89,8,11,Over
4,talk,90,9,2,Over
4,talk,91,9,15,Over
4,talk,92,9,5,Over
4,talk,93,9,10,Over
4,talk,94,9,1,Over
4,talk,95,9,8,Over
4,talk,96,9,9,Over
4,talk,97,9,6,Over
4,talk,98,9,11,Over
4,talk,99,9,12,Over
4,vote,1,2
4,vote,2,15
4,vote,5,12
4,vote,6,10
4,vote,8,5
4,vote,9,10
4,vote,10,5
4,vote,11,1
4,vote,12,1
4,vote,15,10
4,execute,10,WEREWOLF
4,guard,11,10,WEREWOLF
5,status,1,VILLAGER,ALIVE,TOKU12
5,status,2,VILLAGER,ALIVE,HALU
5,status,3,WEREWOLF,DEAD,sample_py
5,status,4,VILLAGER,DEAD,OKAMI
5,status,5,VILLAGER,ALIVE,SampleJava9
5,status,6,VILLAGER,ALIVE,sample_py
5,status,7,MEDIUM,DEAD,SampleJava2
5,status,8,POSSESSED,ALIVE,SampleJava3
5,status,9,VILLAGER,ALIVE,sample_py
5,status,10,WEREWOLF,DEAD,SampleJava1
5,status,11,BODYGUARD,ALIVE,Takeda0
5,status,12,VILLAGER,ALIVE,TOKU4
5,status,13,WEREWOLF,DEAD,OKAMI
5,status,14,SEER,DEAD,Takeda5
5,status,15,VILLAGER,ALIVE,SampleJava11
5,result,9,0,VILLAGER
