0,status,1,MEDIUM,ALIVE,TOKU12
0,status,2,VILLAGER,ALIVE,HALU
0,status,3,VILLAGER,ALIVE,sample_py
0,status,4,POSSESSED,ALIVE,OKAMI
0,status,5,VILLAGER,ALIVE,SampleJava9
0,status,6,WEREWOLF,ALIVE,sample_py
0,status,7,WEREWOLF,ALIVE,SampleJava2
0,status,8,VILLAGER,ALIVE,SampleJava3
0,status,9,VILLAGER,ALIVE,sample_py
0,status,10,SEER,ALIVE,SampleJava1
0,status,11,BODYGUARD,ALIVE,Takeda0
0,status,12,VILLAGER,ALIVE,TOKU4
0,status,13,WEREWOLF,ALIVE,OKAMI
0,status,14,VILLAGER,ALIVE,Takeda5
0,status,15,VILLAGER,ALIVE,SampleJava11
0,whisper,0,0,6,COMINGOUT Agent[06] MEDIUM
0,whisper,1,0,13,COMINGOUT Agent[13] MEDIUM
0,whisper,2,0,7,COMINGOUT Agent[07] SEER
0,whisper,3,1,7,Skip
0,whisper,4,1,6,COMINGOUT Agent[06] MEDIUM
0,whisper,5,1,13,COMINGOUT Agent[13] VILLAGER
0,whisper,6,2,6,COMINGOUT Agent[06] MEDIUM
0,whisper,7,2,13,Skip
0,whisper,8,2,7,Skip
0,whisper,9,3,7,Over
0,whisper,10,3,13,Skip
0,whisper,11,3,6,COMINGOUT Agent[06] MEDIUM
0,whisper,12,4,7,Over
0,whisper,13,4,6,COMINGOUT Agent[06] MEDIUM
0,whisper,14,4,13,Over
0,whisper,15,5,13,Over
0,whisper,16,5,6,COMINGOUT Agent[06] MEDIUM
0,whisper,17,5,7,Over
0,whisper,18,6,13,Over
0,whisper,19,6,6,COMINGOUT Agent[06] MEDIUM
0,whisper,20,6,7,Over
0,whisper,21,7,6,COMINGOUT Agent[06] MEDIUM
0,whisper,22,7,13,Over
0,whisper,23,7,7,Over
0,whisper,24,8,7,Over
0,whisper,25,8,6,COMINGOUT Agent[06] MEDIUM
0,whisper,26,8,13,Over
0,whisper,27,9,7,Over
0,whisper,28,9,13,Over
0,whisper,29,9,6,COMINGOUT Agent[06] MEDIUM
0,whisper,30,10,13,Over
0,whisper,31,10,7,Over
0,whisper,32,10,6,Over
0,divine,10,3,HUMAN
1,status,1,MEDIUM,ALIVE,TOKU12
1,status,2,VILLAGER,ALIVE,HALU
1,status,3,VILLAGER,ALIVE,sample_py
1,status,4,POSSESSED,ALIVE,OKAMI
1,status,5,VILLAGER,ALIVE,SampleJava9
1,status,6,WEREWOLF,ALIVE,sample_py
1,status,7,WEREWOLF,ALIVE,SampleJava2
1,status,8,VILLAGER,ALIVE,SampleJava3
1,status,9,VILLAGER,ALIVE,sample_py
1,status,10,SEER,ALIVE,SampleJava1
1,status,11,BODYGUARD,ALIVE,Takeda0
1,status,12,VILLAGER,ALIVE,TOKU4
1,status,13,WEREWOLF,ALIVE,OKAMI
1,status,14,VILLAGER,ALIVE,Takeda5
1,status,15,VILLAGER,ALIVE,SampleJava11
1,talk,0,0,3,VOTE Agent[14]
1,talk,1,0,13,VOTE Agent[14]
1,talk,2,0,9,VOTE Agent[04]
1,talk,3,0,14,VOTE Agent[04]
1,talk,4,0,4,COMINGOUT Agent[04] VILLAGER
1,talk,5,0,15,VOTE Agent[14]
1,talk,6,0,6,VOTE Agent[02]
1,talk,7,0,10,COMINGOUT Agent[10] SEER
1,talk,8,0,2,VOTE Agent[04]
1,talk,9,0,8,VOTE Agent[12]
1,talk,10,0,11,VOTE Agent[04]
1,talk,11,0,5,VOTE Agent[01]
1,talk,12,0,1,COMINGOUT Agent[01] MEDIUM
1,talk,13,0,12,VOTE Agent[01]
1,talk,14,0,7,COMINGOUT Agent[07] SEER
1,talk,15,1,13,VOTE Agent[04]
1,talk,16,1,14,VOTE Agent[10]
1,talk,17,1,7,BECAUSE (AND (COMINGOUT Agent[07] SEER) (Agent[10] COMINGOUT Agent[10] SEER)) (XOR (ESTIMATE Agent[10] WEREWOLF) (ESTIMATE Agent[10] POSSESSED))
1,talk,18,1,3,Skip
1,talk,19,1,2,VOTE Agent[04]
1,talk,20,1,9,Skip
1,talk,21,1,15,REQUEST ANY (VOTE Agent[14])
1,talk,22,1,12,VOTE Agent[15]
1,talk,23,1,8,REQUEST ANY (VOTE Agent[12])
1,talk,24,1,6,VOTE Agent[01]
1,talk,25,1,11,VOTE Agent[07]
1,talk,26,1,10,DAY 1 (DIVINED Agent[03] HUMAN)
1,talk,27,1,5,REQUEST ANY (VOTE Agent[01])
1,talk,28,1,1,VOTE Agent[04]
1,talk,29,1,4,Over
1,talk,30,2,3,Skip
1,talk,31,2,1,VOTE Agent[07]
1,talk,32,2,6,Skip
1,talk,33,2,4,DIVINED Agent[04] WEREWOLF
1,talk,34,2,11,VOTE Agent[13]
1,talk,35,2,9,Skip
1,talk,36,2,13,VOTE Agent[04]
1,talk,37,2,8,Skip
1,talk,38,2,12,VOTE Agent[07]
1,talk,39,2,15,Skip
1,talk,40,2,5,Skip
1,talk,41,2,2,VOTE Agent[15]
1,talk,42,2,10,DIVINED Agent[03] HUMAN
1,talk,43,2,14,VOTE Agent[13]
1,talk,44,2,7,DAY 1 (DIVINED Agent[03] HUMAN)
1,talk,45,3,14,VOTE Agent[07]
1,talk,46,3,1,Skip
1,talk,47,3,10,BECAUSE (AND (COMINGOUT Agent[10] SEER) (Agent[07] COMINGOUT Agent[07] SEER)) (XOR (ESTIMATE Agent[07] WEREWOLF) (ESTIMATE Agent[07] POSSESSED))
1,talk,48,3,12,Skip
1,talk,49,3,5,Skip
1,talk,50,3,9,Over
1,talk,51,3,3,VOTE Agent[04]
1,talk,52,3,6,Skip
1,talk,53,3,13,VOTE Agent[04]
1,talk,54,3,4,VOTE Agent[07]
1,talk,55,3,7,DIVINED Agent[03] HUMAN
1,talk,56,3,15,Skip
1,talk,57,3,8,Skip
1,talk,58,3,11,VOTE Agent[07]
1,talk,59,3,2,VOTE Agent[15]
1,talk,60,4,14,Skip
1,talk,61,4,6,Over
1,talk,62,4,15,Over
1,talk,63,4,12,Skip
1,talk,64,4,13,VOTE Agent[04]
1,talk,65,4,1,Skip
1,talk,66,4,8,Over
1,talk,67,4,11,Skip
1,talk,68,4,10,BECAUSE (XOR (ESTIMATE Agent[07] WEREWOLF) (ESTIMATE Agent[07] POSSESSED)) (AND (VOTE Agent[07]) (REQUEST ANY (VOTE Agent[07])))
1,talk,69,4,2,VOTE Agent[15]
1,talk,70,4,5,Over
1,talk,71,4,4,VOTE Agent[07]
1,talk,72,4,3,Skip
1,talk,73,4,7,BECAUSE (XOR (ESTIMATE Agent[10] WEREWOLF) (ESTIMATE Agent[10] POSSESSED)) (AND (VOTE Agent[10]) (REQUEST ANY (VOTE Agent[10])))
1,talk,74,4,9,Over
1,talk,75,5,13,VOTE Agent[04]
1,talk,76,5,3,Skip
1,talk,77,5,6,Over
1,talk,78,5,1,Over
1,talk,79,5,10,VOTE Agent[07]
1,talk,80,5,4,VOTE Agent[07]
1,talk,81,5,9,Over
1,talk,82,5,11,Skip
1,talk,83,5,12,Over
1,talk,84,5,15,Over
1,talk,85,5,7,VOTE Agent[10]
1,talk,86,5,14,Skip
1,talk,87,5,2,VOTE Agent[04]
1,talk,88,5,8,Over
1,talk,89,5,5,Over
1,talk,90,6,7,REQUEST ANY (VOTE Agent[10])
1,talk,91,6,3,Over
1,talk,92,6,1,Over
1,talk,93,6,13,VOTE Agent[04]
1,talk,94,6,12,Over
1,talk,95,6,6,Over
1,talk,96,6,8,Over
1,talk,97,6,10,REQUEST ANY (VOTE Agent[07])
1,talk,98,6,5,Over
1,talk,99,6,2,VOTE Agent[15]
1,talk,100,6,14,Over
1,talk,101,6,15,Over
1,talk,102,6,4,VOTE Agent[07]
1,talk,103,6,11,Over
1,talk,104,6,9,Over
1,talk,105,7,4,VOTE Agent[07]
1,talk,106,7,2,VOTE Agent[15]
1,talk,107,7,5,Over
1,talk,108,7,3,Over
1,talk,109,7,11,Over
1,talk,110,7,6,Over
1,talk,111,7,12,Over
1,talk,112,7,15,Over
1,talk,113,7,1,Over
1,talk,114,7,7,Skip
1,talk,115,7,13,VOTE Agent[04]
1,talk,116,7,9,Over
1,talk,117,7,14,Over
1,talk,118,7,8,Over
1,talk,119,7,10,Skip
1,talk,120,8,14,Over
1,talk,121,8,15,Over
1,talk,122,8,4,VOTE Agent[07]
1,talk,123,8,8,Over
1,talk,124,8,3,Over
1,talk,125,8,9,Over
1,talk,126,8,5,Over
1,talk,127,8,11,Over
1,talk,128,8,13,VOTE Agent[04]
1,talk,129,8,2,VOTE Agent[04]
1,talk,130,8,1,Over
1,talk,131,8,10,Skip
1,talk,132,8,12,Over
1,talk,133,8,7,Skip
1,talk,134,8,6,Over
1,talk,135,9,9,Over
1,talk,136,9,4,Over
1,talk,137,9,5,Over
1,talk,138,9,10,Over
1,talk,139,9,3,Over
1,talk,140,9,12,Over
1,talk,141,9,14,Over
1,talk,142,9,6,Over
1,talk,143,9,11,Over
1,talk,144,9,7,Over
1,talk,145,9,8,Over
1,talk,146,9,13,Over
1,talk,147,9,1,Over
1,talk,148,9,15,Over
1,talk,149,9,2,Over
1,vote,1,7
1,vote,2,15
1,vote,3,4
1,vote,4,7
1,vote,5,14
1,vote,6,1
1,vote,7,10
1,vote,8,10
1,vote,9,4
1,vote,10,7
1,vote,11,7
1,vote,12,7
1,vote,13,4
1,vote,14,7
1,vote,15,10
1,execute,7,WEREWOLF
1,whisper,0,0,13,ATTACK Agent[10]
1,whisper,1,0,6,ATTACK Agent[04]
1,whisper,2,1,13,Skip
1,whisper,3,1,6,Skip
1,whisper,4,2,13,Skip
1,whisper,5,2,6,Skip
1,whisper,6,3,13,Over
1,whisper,7,3,6,Over
1,guard,11,10,SEER
1,attackVote,6,4
1,attackVote,13,10
1,attackVote,6,4
1,attackVote,13,10
1,attack,10,false
2,status,1,MEDIUM,ALIVE,TOKU12
2,status,2,VILLAGER,ALIVE,HALU
2,status,3,VILLAGER,ALIVE,sample_py
2,status,4,POSSESSED,ALIVE,OKAMI
2,status,5,VILLAGER,ALIVE,SampleJava9
2,status,6,WEREWOLF,ALIVE,sample_py
2,status,7,WEREWOLF,DEAD,SampleJava2
2,status,8,VILLAGER,ALIVE,SampleJava3
2,status,9,VILLAGER,ALIVE,sample_py
2,status,10,SEER,ALIVE,SampleJava1
2,status,11,BODYGUARD,ALIVE,Takeda0
2,status,12,VILLAGER,ALIVE,TOKU4
2,status,13,WEREWOLF,ALIVE,OKAMI
2,status,14,VILLAGER,ALIVE,Takeda5
2,status,15,VILLAGER,ALIVE,SampleJava11
2,talk,0,0,2,VOTE Agent[04]
2,talk,1,0,9,VOTE Agent[04]
2,talk,2,0,3,VOTE Agent[04]
2,talk,3,0,1,IDENTIFIED Agent[07] WEREWOLF
2,talk,4,0,6,VOTE Agent[01]
2,talk,5,0,13,VOTE Agent[04]
2,talk,6,0,12,VOTE Agent[13]
2,talk,7,0,4,DIVINED Agent[09] HUMAN
2,talk,8,0,15,VOTE Agent[08]
2,talk,9,0,8,VOTE Agent[10]
2,talk,10,0,10,VOTE Agent[07]
2,talk,11,0,11,VOTE Agent[13]
2,talk,12,0,14,VOTE Agent[13]
2,talk,13,0,5,VOTE Agent[02]
2,talk,14,1,8,REQUEST ANY (VOTE Agent[10])
2,talk,15,1,11,Skip
2,talk,16,1,14,Skip
2,talk,17,1,15,REQUEST ANY (VOTE Agent[08])
2,talk,18,1,12,Skip
2,talk,19,1,2,VOTE Agent[15]
2,talk,20,1,4,VOTE Agent[04]
2,talk,21,1,10,REQUEST ANY (VOTE Agent[07])
2,talk,22,1,6,Skip
2,talk,23,1,9,Skip
2,talk,24,1,5,REQUEST ANY (VOTE Agent[02])
2,talk,25,1,1,VOTE Agent[13]
2,talk,26,1,13,VOTE Agent[04]
2,talk,27,1,3,Skip
2,talk,28,2,2,VOTE Agent[15]
2,talk,29,2,11,Skip
2,talk,30,2,8,Skip
2,talk,31,2,14,Skip
2,talk,32,2,1,Skip
2,talk,33,2,9,Skip
2,talk,34,2,15,Skip
2,talk,35,2,6,Skip
2,talk,36,2,4,VOTE Agent[04]
2,talk,37,2,3,Skip
2,talk,38,2,13,VOTE Agent[04]
2,talk,39,2,10,VOTE Agent[12]
2,talk,40,2,5,Skip
2,talk,41,2,12,Skip
2,talk,42,3,3,Over
2,talk,43,3,8,Skip
2,talk,44,3,14,Over
2,talk,45,3,11,Over
2,talk,46,3,2,VOTE Agent[15]
2,talk,47,3,15,Skip
2,talk,48,3,6,Over
2,talk,49,3,1,Skip
2,talk,50,3,5,Skip
2,talk,51,3,4,VOTE Agent[04]
2,talk,52,3,13,VOTE Agent[04]
2,talk,53,3,12,Over
2,talk,54,3,10,REQUEST ANY (VOTE Agent[12])
2,talk,55,3,9,Over
2,talk,56,4,5,Over
2,talk,57,4,12,Over
2,talk,58,4,14,Over
2,talk,59,4,9,Over
2,talk,60,4,1,Over
2,talk,61,4,6,Over
2,talk,62,4,3,Over
2,talk,63,4,10,Skip
2,talk,64,4,15,Over
2,talk,65,4,11,Over
2,talk,66,4,4,VOTE Agent[04]
2,talk,67,4,8,Over
2,talk,68,4,13,VOTE Agent[04]
2,talk,69,4,2,VOTE Agent[15]
2,talk,70,5,8,Over
2,talk,71,5,4,VOTE Agent[04]
2,talk,72,5,13,VOTE Agent[04]
2,talk,73,5,6,Over
2,talk,74,5,12,Over
2,talk,75,5,15,Over
2,talk,76,5,11,Over
2,talk,77,5,2,VOTE Agent[15]
2,talk,78,5,14,Over
2,talk,79,5,9,Over
2,talk,80,5,10,Skip
2,talk,81,5,1,Over
2,talk,82,5,3,Over
2,talk,83,5,5,Over
2,talk,84,6,3,Over
2,talk,85,6,10,Over
2,talk,86,6,15,Over
2,talk,87,6,13,VOTE Agent[04]
2,talk,88,6,9,Over
2,talk,89,6,8,Over
2,talk,90,6,5,Over
2,talk,91,6,12,Over
2,talk,92,6,4,VOTE Agent[04]
2,talk,93,6,2,VOTE Agent[15]
2,talk,94,6,1,Over
2,talk,95,6,14,Over
2,talk,96,6,6,Over
2,talk,97,6,11,Over
2,talk,98,7,9,Over
2,talk,99,7,3,Over
2,talk,100,7,4,VOTE Agent[04]
2,talk,101,7,10,Over
2,talk,102,7,6,Over
2,talk,103,7,13,VOTE Agent[04]
2,talk,104,7,8,Over
2,talk,105,7,12,Over
2,talk,106,7,15,Over
2,talk,107,7,14,Over
2,talk,108,7,2,VOTE Agent[15]
2,talk,109,7,5,Over
2,talk,110,7,1,Over
2,talk,111,7,11,Over
2,talk,112,8,9,Over
2,talk,113,8,11,Over
2,talk,114,8,4,VOTE Agent[04]
2,talk,115,8,14,Over
2,talk,116,8,12,Over
2,talk,117,8,5,Over
2,talk,118,8,15,Over
2,talk,119,8,6,Over
2,talk,120,8,13,VOTE Agent[04]
2,talk,121,8,1,Over
2,talk,122,8,10,Over
2,talk,123,8,8,Over
2,talk,124,8,2,VOTE Agent[15]
2,talk,125,8,3,Over
2,talk,126,9,1,Over
2,talk,127,9,15,Over
2,talk,128,9,6,Over
2,talk,129,9,9,Over
2,talk,130,9,8,Over
2,talk,131,9,13,Over
2,talk,132,9,10,Over
2,talk,133,9,3,Over
2,talk,134,9,11,Over
2,talk,135,9,12,Over
2,talk,136,9,5,Over
2,talk,137,9,2,Over
2,talk,138,9,14,Over
2,talk,139,9,4,Over
2,vote,1,13
2,vote,2,15
2,vote,3,4
2,vote,4,3
2,vote,5,10
2,vote,6,1
2,vote,8,2
2,vote,9,4
2,vote,10,2
2,vote,11,13
2,vote,12,13
2,vote,13,4
2,vote,14,13
2,vote,15,10
2,execute,13,WEREWOLF
2,divine,10,8,HUMAN
2,guard,11,10,SEER
2,attack,9,true
3,status,1,MEDIUM,ALIVE,TOKU12
3,status,2,VILLAGER,ALIVE,HALU
3,status,3,VILLAGER,ALIVE,sample_py
3,status,4,POSSESSED,ALIVE,OKAMI
3,status,5,VILLAGER,ALIVE,SampleJava9
3,status,6,WEREWOLF,ALIVE,sample_py
3,status,7,WEREWOLF,DEAD,SampleJava2
3,status,8,VILLAGER,ALIVE,SampleJava3
3,status,9,VILLAGER,DEAD,sample_py
3,status,10,SEER,ALIVE,SampleJava1
3,status,11,BODYGUARD,ALIVE,Takeda0
3,status,12,VILLAGER,ALIVE,TOKU4
3,status,13,WEREWOLF,DEAD,OKAMI
3,status,14,VILLAGER,ALIVE,Takeda5
3,status,15,VILLAGER,ALIVE,SampleJava11
3,talk,0,0,10,DAY 3 (DIVINED Agent[08] HUMAN)
3,talk,1,0,4,DIVINED Agent[01] HUMAN
3,talk,2,0,14,VOTE Agent[02]
3,talk,3,0,2,VOTE Agent[15]
3,talk,4,0,1,IDENTIFIED Agent[13] WEREWOLF
3,talk,5,0,15,VOTE Agent[14]
3,talk,6,0,3,VOTE Agent[04]
3,talk,7,0,11,VOTE Agent[02]
3,talk,8,0,8,VOTE Agent[04]
3,talk,9,0,6,COMINGOUT Agent[06] MEDIUM
3,talk,10,0,12,VOTE Agent[02]
3,talk,11,0,5,VOTE Agent[14]
3,talk,12,1,2,VOTE Agent[15]
3,talk,13,1,14,VOTE Agent[06]
3,talk,14,1,11,VOTE Agent[06]
3,talk,15,1,5,REQUEST ANY (VOTE Agent[14])
3,talk,16,1,15,REQUEST ANY (VOTE Agent[14])
3,talk,17,1,8,REQUEST ANY (VOTE Agent[04])
3,talk,18,1,3,Skip
3,talk,19,1,6,IDENTIFIED Agent[07] HUMAN
3,talk,20,1,1,VOTE Agent[06]
3,talk,21,1,10,DIVINED Agent[08] HUMAN
3,talk,22,1,4,VOTE Agent[06]
3,talk,23,1,12,VOTE Agent[06]
3,talk,24,2,14,Skip
3,talk,25,2,4,VOTE Agent[06]
3,talk,26,2,11,Skip
3,talk,27,2,1,Skip
3,talk,28,2,2,VOTE Agent[15]
3,talk,29,2,6,IDENTIFIED Agent[13] HUMAN
3,talk,30,2,5,Skip
3,talk,31,2,8,Skip
3,talk,32,2,15,Skip
3,talk,33,2,3,Skip
3,talk,34,2,12,Skip
3,talk,35,2,10,VOTE Agent[15]
3,talk,36,3,10,REQUEST ANY (VOTE Agent[15])
3,talk,37,3,12,Skip
3,talk,38,3,8,Skip
3,talk,39,3,4,VOTE Agent[06]
3,talk,40,3,3,Over
3,talk,41,3,5,Skip
3,talk,42,3,2,VOTE Agent[15]
3,talk,43,3,15,Skip
3,talk,44,3,1,Skip
3,talk,45,3,6,VOTE Agent[01]
3,talk,46,3,11,Skip
3,talk,47,3,14,Skip
3,talk,48,4,11,Over
3,talk,49,4,12,Over
3,talk,50,4,2,VOTE Agent[15]
3,talk,51,4,6,Skip
3,talk,52,4,15,Over
3,talk,53,4,4,VOTE Agent[06]
3,talk,54,4,14,Over
3,talk,55,4,1,Over
3,talk,56,4,3,Over
3,talk,57,4,10,Skip
3,talk,58,4,5,Over
3,talk,59,4,8,Over
3,talk,60,5,6,Skip
3,talk,61,5,8,Over
3,talk,62,5,15,Over
3,talk,63,5,5,Over
3,talk,64,5,3,Over
3,talk,65,5,4,VOTE Agent[06]
3,talk,66,5,11,Over
3,talk,67,5,12,Over
3,talk,68,5,2,VOTE Agent[15]
3,talk,69,5,1,Over
3,talk,70,5,10,Skip
3,talk,71,5,14,Over
3,talk,72,6,3,Over
3,talk,73,6,8,Over
3,talk,74,6,4,VOTE Agent[06]
3,talk,75,6,11,Over
3,talk,76,6,6,Over
3,talk,77,6,14,Over
3,talk,78,6,10,Over
3,talk,79,6,2,VOTE Agent[04]
3,talk,80,6,12,Over
3,talk,81,6,15,Over
3,talk,82,6,1,Over
3,talk,83,6,5,Over
3,talk,84,7,6,Over
3,talk,85,7,5,Over
3,talk,86,7,3,Over
3,talk,87,7,12,Over
3,talk,88,7,10,Over
3,talk,89,7,8,Over
3,talk,90,7,2,VOTE Agent[04]
3,talk,91,7,11,Over
3,talk,92,7,15,Over
3,talk,93,7,4,VOTE Agent[06]
3,talk,94,7,14,Over
3,talk,95,7,1,Over
3,talk,96,8,2,VOTE Agent[15]
3,talk,97,8,11,Over
3,talk,98,8,1,Over
3,talk,99,8,6,Over
3,talk,100,8,15,Over
3,talk,101,8,14,Over
3,talk,102,8,3,Over
3,talk,103,8,4,VOTE Agent[06]
3,talk,104,8,5,Over
3,talk,105,8,10,Over
3,talk,106,8,8,Over
3,talk,107,8,12,Over
3,talk,108,9,1,Over
3,talk,109,9,8,Over
3,talk,110,9,15,Over
3,talk,111,9,2,Over
3,talk,112,9,12,Over
3,talk,113,9,3,Over
3,talk,114,9,14,Over
3,talk,115,9,5,Over
3,talk,116,9,6,Over
3,talk,117,9,10,Over
3,talk,118,9,11,Over
3,talk,119,9,4,Over
3,vote,1,6
3,vote,2,4
3,vote,3,4
3,vote,4,6
3,vote,5,15
3,vote,6,1
3,vote,8,14
3,vote,10,4
3,vote,11,6
3,vote,12,6
3,vote,14,6
3,vote,15,4
3,execute,6,WEREWOLF
3,divine,10,4,HUMAN
3,guard,11,10,SEER
4,status,1,MEDIUM,ALIVE,TOKU12
4,status,2,VILLAGER,ALIVE,HALU
4,status,3,VILLAGER,ALIVE,sample_py
4,status,4,POSSESSED,ALIVE,OKAMI
4,status,5,VILLAGER,ALIVE,SampleJava9
4,status,6,WEREWOLF,DEAD,sample_py
4,status,7,WEREWOLF,DEAD,SampleJava2
4,status,8,VILLAGER,ALIVE,SampleJava3
4,status,9,VILLAGER,DEAD,sample_py
4,status,10,SEER,ALIVE,SampleJava1
4,status,11,BODYGUARD,ALIVE,Takeda0
4,status,12,VILLAGER,ALIVE,TOKU4
4,status,13,WEREWOLF,DEAD,OKAMI
4,status,14,VILLAGER,ALIVE,Takeda5
4,status,15,VILLAGER,ALIVE,SampleJava11
4,result,11,0,VILLAGER
