0,status,1,VILLAGER,ALIVE,TOKU5
0,status,2,BODYGUARD,ALIVE,HALU
0,status,3,VILLAGER,ALIVE,TOKU14
0,status,4,SEER,ALIVE,OKAMI
0,status,5,MEDIUM,ALIVE,HALU
0,status,6,VILLAGER,ALIVE,HALU
0,status,7,WEREWOLF,ALIVE,sample_py
0,status,8,VILLAGER,ALIVE,SampleJava0
0,status,9,VILLAGER,ALIVE,Tomato7
0,status,10,VILLAGER,ALIVE,SampleJava12
0,status,11,POSSESSED,ALIVE,Tomato11
0,status,12,WEREWOLF,ALIVE,TOKU1
0,status,13,WEREWOLF,ALIVE,SampleJava8
0,status,14,VILLAGER,ALIVE,HALU
0,status,15,VILLAGER,ALIVE,Takeda4
0,whisper,0,0,7,COMINGOUT Agent[07] SEER
0,whisper,1,0,13,COMINGOUT Agent[13] MEDIUM
0,whisper,2,0,12,Skip
0,whisper,3,1,12,Skip
0,whisper,4,1,13,Skip
0,whisper,5,1,7,COMINGOUT Agent[07] SEER
0,whisper,6,2,13,Skip
0,whisper,7,2,7,COMINGOUT Agent[07] SEER
0,whisper,8,2,12,Over
0,whisper,9,3,7,COMINGOUT Agent[07] SEER
0,whisper,10,3,12,Over
0,whisper,11,3,13,Over
0,whisper,12,4,13,Over
0,whisper,13,4,12,Over
0,whisper,14,4,7,COMINGOUT Agent[07] SEER
0,whisper,15,5,13,Over
0,whisper,16,5,12,Over
0,whisper,17,5,7,COMINGOUT Agent[07] SEER
0,whisper,18,6,12,Over
0,whisper,19,6,7,COMINGOUT Agent[07] SEER
0,whisper,20,6,13,Over
0,whisper,21,7,13,Over
0,whisper,22,7,7,COMINGOUT Agent[07] SEER
0,whisper,23,7,12,Over
0,whisper,24,8,12,Over
0,whisper,25,8,7,COMINGOUT Agent[07] SEER
0,whisper,26,8,13,Over
0,whisper,27,9,12,Over
0,whisper,28,9,13,Over
0,whisper,29,9,7,COMINGOUT Agent[07] SEER
0,whisper,30,10,7,Over
0,whisper,31,10,13,Over
0,whisper,32,10,12,Over
0,divine,4,13,WEREWOLF
1,status,1,VILLAGER,ALIVE,TOKU5
1,status,2,BODYGUARD,ALIVE,HALU
1,status,3,VILLAGER,ALIVE,TOKU14
1,status,4,SEER,ALIVE,OKAMI
1,status,5,MEDIUM,ALIVE,HALU
1,status,6,VILLAGER,ALIVE,HALU
1,status,7,WEREWOLF,ALIVE,sample_py
1,status,8,VILLAGER,ALIVE,SampleJava0
1,status,9,VILLAGER,ALIVE,Tomato7
1,status,10,VILLAGER,ALIVE,SampleJava12
1,status,11,POSSESSED,ALIVE,Tomato11
1,status,12,WEREWOLF,ALIVE,TOKU1
1,status,13,WEREWOLF,ALIVE,SampleJava8
1,status,14,VILLAGER,ALIVE,HALU
1,status,15,VILLAGER,ALIVE,Takeda4
1,talk,0,0,7,VOTE Agent[03]
1,talk,1,0,11,COMINGOUT Agent[11] SEER
1,talk,2,0,15,VOTE Agent[03]
1,talk,3,0,6,VOTE Agent[15]
1,talk,4,0,13,VOTE Agent[11]
1,talk,5,0,5,VOTE Agent[06]
1,talk,6,0,12,VOTE Agent[11]
1,talk,7,0,8,VOTE Agent[14]
1,talk,8,0,4,VOTE Agent[11]
1,talk,9,0,1,VOTE Agent[11]
1,talk,10,0,2,VOTE Agent[05]
1,talk,11,0,9,VOTE Agent[11]
1,talk,12,0,3,VOTE Agent[11]
1,talk,13,0,14,VOTE Agent[15]
1,talk,14,0,10,VOTE Agent[13]
1,talk,15,1,6,VOTE Agent[03]
1,talk,16,1,4,VOTE Agent[03]
1,talk,17,1,12,VOTE Agent[15]
1,talk,18,1,3,VOTE Agent[15]
1,talk,19,1,11,DIVINED Agent[15] HUMAN
1,talk,20,1,13,REQUEST ANY (VOTE Agent[11])
1,talk,21,1,1,VOTE Agent[03]
1,talk,22,1,8,REQUEST ANY (VOTE Agent[14])
1,talk,23,1,5,COMINGOUT Agent[05] MEDIUM
1,talk,24,1,15,VOTE Agent[05]
1,talk,25,1,7,VOTE Agent[11]
1,talk,26,1,10,REQUEST ANY (VOTE Agent[13])
1,talk,27,1,9,VOTE Agent[03]
1,talk,28,1,2,VOTE Agent[10]
1,talk,29,1,14,VOTE Agent[10]
1,talk,30,2,10,Skip
1,talk,31,2,5,VOTE Agent[10]
1,talk,32,2,9,VOTE Agent[10]
1,talk,33,2,8,Skip
1,talk,34,2,11,VOTE Agent[10]
1,talk,35,2,15,VOTE Agent[07]
1,talk,36,2,13,COMINGOUT Agent[13] MEDIUM
1,talk,37,2,6,VOTE Agent[10]
1,talk,38,2,12,VOTE Agent[04]
1,talk,39,2,1,VOTE Agent[04]
1,talk,40,2,3,VOTE Agent[13]
1,talk,41,2,7,Skip
1,talk,42,2,2,VOTE Agent[10]
1,talk,43,2,4,VOTE Agent[13]
1,talk,44,2,14,VOTE Agent[10]
1,talk,45,3,2,VOTE Agent[10]
1,talk,46,3,9,Skip
1,talk,47,3,10,Skip
1,talk,48,3,14,VOTE Agent[10]
1,talk,49,3,3,Skip
1,talk,50,3,5,VOTE Agent[13]
1,talk,51,3,1,VOTE Agent[13]
1,talk,52,3,4,VOTE Agent[13]
1,talk,53,3,6,VOTE Agent[10]
1,talk,54,3,11,VOTE Agent[13]
1,talk,55,3,7,Skip
1,talk,56,3,8,Skip
1,talk,57,3,13,Skip
1,talk,58,3,15,Skip
1,talk,59,3,12,VOTE Agent[06]
1,talk,60,4,6,VOTE Agent[10]
1,talk,61,4,10,Over
1,talk,62,4,2,VOTE Agent[10]
1,talk,63,4,1,Skip
1,talk,64,4,7,Over
1,talk,65,4,4,VOTE Agent[13]
1,talk,66,4,5,VOTE Agent[13]
1,talk,67,4,14,VOTE Agent[10]
1,talk,68,4,13,Skip
1,talk,69,4,8,Over
1,talk,70,4,3,VOTE Agent[04]
1,talk,71,4,9,VOTE Agent[13]
1,talk,72,4,12,Skip
1,talk,73,4,11,Skip
1,talk,74,4,15,Skip
1,talk,75,5,13,Over
1,talk,76,5,4,VOTE Agent[13]
1,talk,77,5,6,VOTE Agent[10]
1,talk,78,5,2,VOTE Agent[10]
1,talk,79,5,15,Over
1,talk,80,5,14,VOTE Agent[10]
1,talk,81,5,1,Skip
1,talk,82,5,11,Skip
1,talk,83,5,8,Over
1,talk,84,5,7,Over
1,talk,85,5,12,Skip
1,talk,86,5,9,Skip
1,talk,87,5,5,VOTE Agent[13]
1,talk,88,5,3,Skip
1,talk,89,5,10,Over
1,talk,90,6,6,VOTE Agent[10]
1,talk,91,6,13,Over
1,talk,92,6,1,Over
1,talk,93,6,4,VOTE Agent[13]
1,talk,94,6,10,Over
1,talk,95,6,11,Over
1,talk,96,6,12,Over
1,talk,97,6,3,Skip
1,talk,98,6,7,Over
1,talk,99,6,9,Skip
1,talk,100,6,2,VOTE Agent[10]
1,talk,101,6,15,Over
1,talk,102,6,8,Over
1,talk,103,6,5,VOTE Agent[13]
1,talk,104,6,14,VOTE Agent[10]
1,talk,105,7,12,VOTE Agent[01]
1,talk,106,7,2,VOTE Agent[10]
1,talk,107,7,11,Over
1,talk,108,7,8,Over
1,talk,109,7,4,VOTE Agent[13]
1,talk,110,7,10,Over
1,talk,111,7,13,Over
1,talk,112,7,7,Over
1,talk,113,7,3,VOTE Agent[13]
1,talk,114,7,1,Over
1,talk,115,7,9,Over
1,talk,116,7,6,VOTE Agent[10]
1,talk,117,7,15,Over
1,talk,118,7,14,VOTE Agent[10]
1,talk,119,7,5,VOTE Agent[13]
1,talk,120,8,13,Over
1,talk,121,8,5,VOTE Agent[13]
1,talk,122,8,9,Over
1,talk,123,8,2,VOTE Agent[10]
1,talk,124,8,11,Over
1,talk,125,8,7,Over
1,talk,126,8,4,VOTE Agent[13]
1,talk,127,8,10,Over
1,talk,128,8,14,VOTE Agent[10]
1,talk,129,8,15,Over
1,talk,130,8,8,Over
1,talk,131,8,3,Skip
1,talk,132,8,1,Over
1,talk,133,8,12,VOTE Agent[04]
1,talk,134,8,6,VOTE Agent[10]
1,talk,135,9,14,Over
1,talk,136,9,9,Over
1,talk,137,9,13,Over
1,talk,138,9,2,Over
1,talk,139,9,10,Over
1,talk,140,9,5,Over
1,talk,141,9,11,Over
1,talk,142,9,8,Over
1,talk,143,9,6,Over
1,talk,144,9,15,Over
1,talk,145,9,1,Over
1,talk,146,9,7,Over
1,talk,147,9,4,Over
1,talk,148,9,3,Skip
1,talk,149,9,12,Skip
1,talk,150,10,2,Over
1,talk,151,10,11,Over
1,talk,152,10,7,Over
1,talk,153,10,1,Over
1,talk,154,10,6,Over
1,talk,155,10,8,Over
1,talk,156,10,3,Over
1,talk,157,10,12,Skip
1,talk,158,10,10,Over
1,talk,159,10,4,Over
1,talk,160,10,5,Over
1,talk,161,10,15,Over
1,talk,162,10,14,Over
1,talk,163,10,13,Over
1,talk,164,10,9,Over
1,talk,165,11,2,Over
1,talk,166,11,15,Over
1,talk,167,11,1,Over
1,talk,168,11,6,Over
1,talk,169,11,8,Over
1,talk,170,11,11,Over
1,talk,171,11,14,Over
1,talk,172,11,4,Over
1,talk,173,11,10,Over
1,talk,174,11,12,Over
1,talk,175,11,9,Over
1,talk,176,11,7,Over
1,talk,177,11,5,Over
1,talk,178,11,3,VOTE Agent[07]
1,talk,179,11,13,Over
1,talk,180,12,12,Over
1,talk,181,12,1,VOTE Agent[07]
1,talk,182,12,13,Over
1,talk,183,12,6,Over
1,talk,184,12,4,Over
1,talk,185,12,14,Over
1,talk,186,12,11,Over
1,talk,187,12,3,Skip
1,talk,188,12,8,Over
1,talk,189,12,2,Over
1,talk,190,12,9,Over
1,talk,191,12,10,Over
1,talk,192,12,7,Over
1,talk,193,12,5,Over
1,talk,194,12,15,Over
1,talk,195,13,10,Over
1,talk,196,13,11,Over
1,talk,197,13,12,Over
1,talk,198,13,8,Over
1,talk,199,13,1,Skip
1,talk,200,13,14,Over
1,talk,201,13,4,Over
1,talk,202,13,5,Over
1,talk,203,13,3,Skip
1,talk,204,13,15,Over
1,talk,205,13,9,Over
1,talk,206,13,13,Over
1,talk,207,13,6,Over
1,talk,208,13,7,Over
1,talk,209,13,2,Over
1,talk,210,14,1,Skip
1,talk,211,14,8,Over
1,talk,212,14,14,Over
1,talk,213,14,5,Over
1,talk,214,14,2,Over
1,talk,215,14,4,Over
1,talk,216,14,9,Over
1,talk,217,14,3,Over
1,talk,218,14,6,Over
1,talk,219,14,11,Over
1,talk,220,14,13,Over
1,talk,221,14,10,Over
1,talk,222,14,12,Over
1,talk,223,14,15,Over
1,talk,224,14,7,Over
1,talk,225,15,4,Over
1,talk,226,15,14,Over
1,talk,227,15,5,Over
1,talk,228,15,8,Over
1,talk,229,15,2,Over
1,talk,230,15,7,Over
1,talk,231,15,3,Over
1,talk,232,15,9,Over
1,talk,233,15,12,Over
1,talk,234,15,15,Over
1,talk,235,15,10,Over
1,talk,236,15,1,Over
1,talk,237,15,11,Over
1,talk,238,15,13,Over
1,talk,239,15,6,Over
1,vote,1,7
1,vote,2,10
1,vote,3,7
1,vote,4,13
1,vote,5,13
1,vote,6,10
1,vote,7,11
1,vote,8,13
1,vote,9,13
1,vote,10,14
1,vote,11,13
1,vote,12,7
1,vote,13,11
1,vote,14,10
1,vote,15,7
1,execute,13,WEREWOLF
1,divine,4,5,HUMAN
1,whisper,0,0,7,ATTACK Agent[05]
1,whisper,1,0,12,Skip
1,whisper,2,1,12,Skip
1,whisper,3,1,7,Skip
1,whisper,4,2,12,Over
1,whisper,5,2,7,Skip
1,whisper,6,3,7,Over
1,whisper,7,3,12,Over
1,guard,2,11,POSSESSED
1,attackVote,7,5
1,attackVote,12,11
1,attackVote,7,5
1,attackVote,12,11
1,attack,11,false
2,status,1,VILLAGER,ALIVE,TOKU5
2,status,2,BODYGUARD,ALIVE,HALU
2,status,3,VILLAGER,ALIVE,TOKU14
2,status,4,SEER,ALIVE,OKAMI
2,status,5,MEDIUM,ALIVE,HALU
2,status,6,VILLAGER,ALIVE,HALU
2,status,7,WEREWOLF,ALIVE,sample_py
2,status,8,VILLAGER,ALIVE,SampleJava0
2,status,9,VILLAGER,ALIVE,Tomato7
2,status,10,VILLAGER,ALIVE,SampleJava12
2,status,11,POSSESSED,ALIVE,Tomato11
2,status,12,WEREWOLF,ALIVE,TOKU1
2,status,13,WEREWOLF,DEAD,SampleJava8
2,status,14,VILLAGER,ALIVE,HALU
2,status,15,VILLAGER,ALIVE,Takeda4
2,talk,0,0,7,COMINGOUT Agent[07] SEER
2,talk,1,0,12,VOTE Agent[04]
2,talk,2,0,11,DIVINED Agent[03] HUMAN
2,talk,3,0,14,VOTE Agent[10]
2,talk,4,0,2,VOTE Agent[10]
2,talk,5,0,1,VOTE Agent[07]
2,talk,6,0,9,VOTE Agent[10]
2,talk,7,0,15,VOTE Agent[07]
2,talk,8,0,8,VOTE Agent[07]
2,talk,9,0,6,VOTE Agent[10]
2,talk,10,0,5,IDENTIFIED Agent[13] WEREWOLF
2,talk,11,0,4,VOTE Agent[10]
2,talk,12,0,10,VOTE Agent[06]
2,talk,13,0,3,VOTE Agent[07]
2,talk,14,1,10,REQUEST ANY (VOTE Agent[06])
2,talk,15,1,6,VOTE Agent[10]
2,talk,16,1,8,REQUEST ANY (VOTE Agent[07])
2,talk,17,1,2,VOTE Agent[10]
2,talk,18,1,5,VOTE Agent[10]
2,talk,19,1,11,VOTE Agent[10]
2,talk,20,1,3,Skip
2,talk,21,1,15,Skip
2,talk,22,1,1,Skip
2,talk,23,1,9,Skip
2,talk,24,1,14,VOTE Agent[10]
2,talk,25,1,4,VOTE Agent[10]
2,talk,26,1,12,VOTE Agent[10]
2,talk,27,1,7,DIVINED Agent[03] HUMAN
2,talk,28,2,12,Skip
2,talk,29,2,1,Skip
2,talk,30,2,6,VOTE Agent[10]
2,talk,31,2,10,Skip
2,talk,32,2,4,VOTE Agent[10]
2,talk,33,2,15,Skip
2,talk,34,2,5,VOTE Agent[10]
2,talk,35,2,8,Skip
2,talk,36,2,9,Skip
2,talk,37,2,11,Skip
2,talk,38,2,2,VOTE Agent[10]
2,talk,39,2,14,VOTE Agent[10]
2,talk,40,2,7,DIVINED Agent[08] HUMAN
2,talk,41,2,3,Skip
2,talk,42,3,8,Skip
2,talk,43,3,12,Skip
2,talk,44,3,11,Skip
2,talk,45,3,9,Over
2,talk,46,3,3,Over
2,talk,47,3,5,VOTE Agent[10]
2,talk,48,3,1,Over
2,talk,49,3,10,Skip
2,talk,50,3,4,VOTE Agent[10]
2,talk,51,3,15,Over
2,talk,52,3,2,VOTE Agent[10]
2,talk,53,3,7,VOTE Agent[11]
2,talk,54,3,14,VOTE Agent[10]
2,talk,55,3,6,VOTE Agent[10]
2,talk,56,4,15,Over
2,talk,57,4,5,VOTE Agent[10]
2,talk,58,4,11,Over
2,talk,59,4,8,Over
2,talk,60,4,1,Over
2,talk,61,4,2,VOTE Agent[10]
2,talk,62,4,6,VOTE Agent[10]
2,talk,63,4,9,Over
2,talk,64,4,4,VOTE Agent[10]
2,talk,65,4,14,VOTE Agent[10]
2,talk,66,4,10,Over
2,talk,67,4,3,Over
2,talk,68,4,7,Skip
2,talk,69,4,12,Over
2,talk,70,5,9,Over
2,talk,71,5,14,VOTE Agent[10]
2,talk,72,5,2,VOTE Agent[10]
2,talk,73,5,4,VOTE Agent[10]
2,talk,74,5,1,Over
2,talk,75,5,6,VOTE Agent[10]
2,talk,76,5,12,Over
2,talk,77,5,7,Skip
2,talk,78,5,10,Over
2,talk,79,5,5,VOTE Agent[10]
2,talk,80,5,11,Over
2,talk,81,5,15,Over
2,talk,82,5,3,Over
2,talk,83,5,8,Over
2,talk,84,6,8,Over
2,talk,85,6,3,Over
2,talk,86,6,9,Over
2,talk,87,6,11,Over
2,talk,88,6,1,Over
2,talk,89,6,4,VOTE Agent[10]
2,talk,90,6,10,Over
2,talk,91,6,14,VOTE Agent[10]
2,talk,92,6,15,Over
2,talk,93,6,2,VOTE Agent[10]
2,talk,94,6,5,VOTE Agent[10]
2,talk,95,6,7,Over
2,talk,96,6,6,VOTE Agent[10]
2,talk,97,6,12,Over
2,talk,98,7,10,Over
2,talk,99,7,11,Over
2,talk,100,7,14,VOTE Agent[10]
2,talk,101,7,1,Over
2,talk,102,7,8,Over
2,talk,103,7,3,Over
2,talk,104,7,4,VOTE Agent[10]
2,talk,105,7,12,Over
2,talk,106,7,6,VOTE Agent[10]
2,talk,107,7,5,VOTE Agent[10]
2,talk,108,7,15,Over
2,talk,109,7,9,Over
2,talk,110,7,2,VOTE Agent[10]
2,talk,111,7,7,Over
2,talk,112,8,4,VOTE Agent[10]
2,talk,113,8,3,Over
2,talk,114,8,11,Over
2,talk,115,8,10,Over
2,talk,116,8,7,Over
2,talk,117,8,6,VOTE Agent[10]
2,talk,118,8,12,Over
2,talk,119,8,5,VOTE Agent[10]
2,talk,120,8,14,VOTE Agent[10]
2,talk,121,8,2,VOTE Agent[10]
2,talk,122,8,8,Over
2,talk,123,8,9,Over
2,talk,124,8,15,Over
2,talk,125,8,1,Over
2,talk,126,9,8,Over
2,talk,127,9,6,Over
2,talk,128,9,3,Over
2,talk,129,9,14,Over
2,talk,130,9,7,Over
2,talk,131,9,15,Over
2,talk,132,9,9,Over
2,talk,133,9,10,Over
2,talk,134,9,5,Over
2,talk,135,9,11,Over
2,talk,136,9,2,Over
2,talk,137,9,12,Over
2,talk,138,9,1,Over
2,talk,139,9,4,Over
2,vote,1,10
2,vote,2,10
2,vote,3,10
2,vote,4,10
2,vote,5,10
2,vote,6,10
2,vote,7,11
2,vote,8,6
2,vote,9,10
2,vote,10,7
2,vote,11,10
2,vote,12,10
2,vote,14,10
2,vote,15,10
2,execute,10,VILLAGER
2,divine,4,5,HUMAN
2,whisper,0,0,7,ATTACK Agent[05]
2,whisper,1,0,12,Skip
2,whisper,2,1,7,Skip
2,whisper,3,1,12,Skip
2,whisper,4,2,7,Skip
2,whisper,5,2,12,Over
2,whisper,6,3,7,Over
2,whisper,7,3,12,Over
2,guard,2,11,POSSESSED
2,attackVote,7,5
2,attackVote,12,11
2,attackVote,7,5
2,attackVote,12,11
2,attack,5,true
3,status,1,VILLAGER,ALIVE,TOKU5
3,status,2,BODYGUARD,ALIVE,HALU
3,status,3,VILLAGER,ALIVE,TOKU14
3,status,4,SEER,ALIVE,OKAMI
3,status,5,MEDIUM,DEAD,HALU
3,status,6,VILLAGER,ALIVE,HALU
3,status,7,WEREWOLF,ALIVE,sample_py
3,status,8,VILLAGER,ALIVE,SampleJava0
3,status,9,VILLAGER,ALIVE,Tomato7
3,status,10,VILLAGER,DEAD,SampleJava12
3,status,11,POSSESSED,ALIVE,Tomato11
3,status,12,WEREWOLF,ALIVE,TOKU1
3,status,13,WEREWOLF,DEAD,SampleJava8
3,status,14,VILLAGER,ALIVE,HALU
3,status,15,VILLAGER,ALIVE,Takeda4
3,talk,0,0,3,VOTE Agent[07]
3,talk,1,0,9,VOTE Agent[11]
3,talk,2,0,15,VOTE Agent[07]
3,talk,3,0,12,VOTE Agent[07]
3,talk,4,0,6,VOTE Agent[09]
3,talk,5,0,1,VOTE Agent[07]
3,talk,6,0,4,VOTE Agent[09]
3,talk,7,0,11,DIVINED Agent[12] WEREWOLF
3,talk,8,0,8,VOTE Agent[03]
3,talk,9,0,7,DIVINED Agent[11] HUMAN
3,talk,10,0,14,VOTE Agent[12]
3,talk,11,0,2,VOTE Agent[12]
3,talk,12,1,15,Skip
3,talk,13,1,7,VOTE Agent[11]
3,talk,14,1,8,REQUEST ANY (VOTE Agent[03])
3,talk,15,1,11,VOTE Agent[09]
3,talk,16,1,1,Skip
3,talk,17,1,6,VOTE Agent[12]
3,talk,18,1,14,VOTE Agent[12]
3,talk,19,1,12,Skip
3,talk,20,1,3,Skip
3,talk,21,1,4,VOTE Agent[03]
3,talk,22,1,9,Skip
3,talk,23,1,2,VOTE Agent[12]
3,talk,24,2,4,VOTE Agent[09]
3,talk,25,2,8,Skip
3,talk,26,2,12,Skip
3,talk,27,2,9,Skip
3,talk,28,2,11,VOTE Agent[12]
3,talk,29,2,14,VOTE Agent[12]
3,talk,30,2,1,Skip
3,talk,31,2,3,Skip
3,talk,32,2,7,Skip
3,talk,33,2,15,Skip
3,talk,34,2,2,VOTE Agent[12]
3,talk,35,2,6,VOTE Agent[12]
3,talk,36,3,3,Over
3,talk,37,3,11,Skip
3,talk,38,3,2,VOTE Agent[12]
3,talk,39,3,8,Skip
3,talk,40,3,9,Over
3,talk,41,3,14,VOTE Agent[12]
3,talk,42,3,1,Over
3,talk,43,3,6,VOTE Agent[12]
3,talk,44,3,15,Over
3,talk,45,3,12,Over
3,talk,46,3,7,Skip
3,talk,47,3,4,VOTE Agent[03]
3,talk,48,4,15,Over
3,talk,49,4,2,VOTE Agent[12]
3,talk,50,4,9,Over
3,talk,51,4,4,VOTE Agent[03]
3,talk,52,4,3,Over
3,talk,53,4,12,Over
3,talk,54,4,8,Over
3,talk,55,4,14,VOTE Agent[12]
3,talk,56,4,6,VOTE Agent[12]
3,talk,57,4,7,Over
3,talk,58,4,11,Skip
3,talk,59,4,1,Over
3,talk,60,5,9,Over
3,talk,61,5,1,Over
3,talk,62,5,3,Over
3,talk,63,5,12,Over
3,talk,64,5,14,VOTE Agent[12]
3,talk,65,5,7,Over
3,talk,66,5,6,VOTE Agent[12]
3,talk,67,5,11,Over
3,talk,68,5,8,Over
3,talk,69,5,15,Over
3,talk,70,5,4,VOTE Agent[03]
3,talk,71,5,2,VOTE Agent[12]
3,talk,72,6,15,Over
3,talk,73,6,12,Over
3,talk,74,6,3,Over
3,talk,75,6,8,Over
3,talk,76,6,9,Over
3,talk,77,6,2,VOTE Agent[12]
3,talk,78,6,14,VOTE Agent[12]
3,talk,79,6,6,VOTE Agent[12]
3,talk,80,6,7,Over
3,talk,81,6,1,Over
3,talk,82,6,4,VOTE Agent[03]
3,talk,83,6,11,Over
3,talk,84,7,12,Over
3,talk,85,7,4,VOTE Agent[03]
3,talk,86,7,3,Over
3,talk,87,7,7,Over
3,talk,88,7,6,VOTE Agent[12]
3,talk,89,7,14,VOTE Agent[12]
3,talk,90,7,8,Over
3,talk,91,7,1,Over
3,talk,92,7,11,Over
3,talk,93,7,15,Over
3,talk,94,7,2,VOTE Agent[12]
3,talk,95,7,9,Over
3,talk,96,8,8,Over
3,talk,97,8,6,VOTE Agent[12]
3,talk,98,8,12,Over
3,talk,99,8,3,Over
3,talk,100,8,11,Over
3,talk,101,8,14,VOTE Agent[12]
3,talk,102,8,9,Over
3,talk,103,8,4,VOTE Agent[03]
3,talk,104,8,7,Over
3,talk,105,8,2,VOTE Agent[12]
3,talk,106,8,15,Over
3,talk,107,8,1,Over
3,talk,108,9,9,Over
3,talk,109,9,11,Over
3,talk,110,9,1,Over
3,talk,111,9,2,Over
3,talk,112,9,14,Over
3,talk,113,9,6,Over
3,talk,114,9,8,Over
3,talk,115,9,7,Over
3,talk,116,9,12,Over
3,talk,117,9,15,Over
3,talk,118,9,4,Over
3,talk,119,9,3,Over
3,vote,1,7
3,vote,2,12
3,vote,3,7
3,vote,4,3
3,vote,6,12
3,vote,7,11
3,vote,8,7
3,vote,9,11
3,vote,11,12
3,vote,12,7
3,vote,14,12
3,vote,15,7
3,execute,7,WEREWOLF
3,divine,4,12,WEREWOLF
3,guard,2,11,POSSESSED
3,attackVote,12,11
3,attack,11,false
4,status,1,VILLAGER,ALIVE,TOKU5
4,status,2,BODYGUARD,ALIVE,HALU
4,status,3,VILLAGER,ALIVE,TOKU14
4,status,4,SEER,ALIVE,OKAMI
4,status,5,MEDIUM,DEAD,HALU
4,status,6,VILLAGER,ALIVE,HALU
4,status,7,WEREWOLF,DEAD,sample_py
4,status,8,VILLAGER,ALIVE,SampleJava0
4,status,9,VILLAGER,ALIVE,Tomato7
4,status,10,VILLAGER,DEAD,SampleJava12
4,status,11,POSSESSED,ALIVE,Tomato11
4,status,12,WEREWOLF,ALIVE,TOKU1
4,status,13,WEREWOLF,DEAD,SampleJava8
4,status,14,VILLAGER,ALIVE,HALU
4,status,15,VILLAGER,ALIVE,Takeda4
4,talk,0,0,3,VOTE Agent[12]
4,talk,1,0,9,VOTE Agent[11]
4,talk,2,0,12,VOTE Agent[03]
4,talk,3,0,6,VOTE Agent[12]
4,talk,4,0,1,VOTE Agent[03]
4,talk,5,0,15,VOTE Agent[03]
4,talk,6,0,8,VOTE Agent[04]
4,talk,7,0,14,VOTE Agent[12]
4,talk,8,0,2,VOTE Agent[12]
4,talk,9,0,4,VOTE Agent[12]
4,talk,10,0,11,DIVINED Agent[02] HUMAN
4,talk,11,1,14,VOTE Agent[12]
4,talk,12,1,12,Skip
4,talk,13,1,8,REQUEST ANY (VOTE Agent[04])
4,talk,14,1,3,Skip
4,talk,15,1,4,VOTE Agent[12]
4,talk,16,1,2,VOTE Agent[12]
4,talk,17,1,15,Skip
4,talk,18,1,1,Skip
4,talk,19,1,6,VOTE Agent[12]
4,talk,20,1,11,VOTE Agent[12]
4,talk,21,1,9,Skip
4,talk,22,2,1,Skip
4,talk,23,2,11,Skip
4,talk,24,2,12,VOTE Agent[03]
4,talk,25,2,8,Skip
4,talk,26,2,9,Skip
4,talk,27,2,15,Skip
4,talk,28,2,6,VOTE Agent[12]
4,talk,29,2,4,VOTE Agent[12]
4,talk,30,2,3,Skip
4,talk,31,2,2,VOTE Agent[12]
4,talk,32,2,14,VOTE Agent[12]
4,talk,33,3,14,VOTE Agent[12]
4,talk,34,3,6,VOTE Agent[12]
4,talk,35,3,3,VOTE Agent[04]
4,talk,36,3,8,Skip
4,talk,37,3,12,VOTE Agent[04]
4,talk,38,3,9,Over
4,talk,39,3,15,VOTE Agent[04]
4,talk,40,3,11,Skip
4,talk,41,3,2,VOTE Agent[12]
4,talk,42,3,4,VOTE Agent[12]
4,talk,43,3,1,VOTE Agent[12]
4,talk,44,4,6,VOTE Agent[12]
4,talk,45,4,4,VOTE Agent[12]
4,talk,46,4,8,Over
4,talk,47,4,12,VOTE Agent[04]
4,talk,48,4,15,Skip
4,talk,49,4,9,Over
4,talk,50,4,11,Over
4,talk,51,4,2,VOTE Agent[12]
4,talk,52,4,3,Skip
4,talk,53,4,14,VOTE Agent[12]
4,talk,54,4,1,Skip
4,talk,55,5,3,Skip
4,talk,56,5,8,Over
4,talk,57,5,1,Skip
4,talk,58,5,15,Skip
4,talk,59,5,4,VOTE Agent[12]
4,talk,60,5,14,VOTE Agent[12]
4,talk,61,5,6,VOTE Agent[12]
4,talk,62,5,11,Over
4,talk,63,5,12,VOTE Agent[04]
4,talk,64,5,2,VOTE Agent[12]
4,talk,65,5,9,Over
4,talk,66,6,6,VOTE Agent[12]
4,talk,67,6,12,VOTE Agent[04]
4,talk,68,6,11,Over
4,talk,69,6,15,Over
4,talk,70,6,9,Over
4,talk,71,6,4,VOTE Agent[12]
4,talk,72,6,8,Over
4,talk,73,6,14,VOTE Agent[12]
4,talk,74,6,1,Over
4,talk,75,6,2,VOTE Agent[12]
4,talk,76,6,3,Over
4,talk,77,7,14,VOTE Agent[12]
4,talk,78,7,11,Over
4,talk,79,7,4,VOTE Agent[12]
4,talk,80,7,6,VOTE Agent[12]
4,talk,81,7,8,Over
4,talk,82,7,15,Over
4,talk,83,7,1,Over
4,talk,84,7,12,VOTE Agent[04]
4,talk,85,7,9,Over
4,talk,86,7,2,VOTE Agent[12]
4,talk,87,7,3,Over
4,talk,88,8,3,Over
4,talk,89,8,4,VOTE Agent[12]
4,talk,90,8,12,VOTE Agent[04]
4,talk,91,8,2,VOTE Agent[12]
4,talk,92,8,6,VOTE Agent[12]
4,talk,93,8,15,Over
4,talk,94,8,8,Over
4,talk,95,8,9,Over
4,talk,96,8,11,Over
4,talk,97,8,1,Over
4,talk,98,8,14,VOTE Agent[12]
4,talk,99,9,14,Over
4,talk,100,9,6,Over
4,talk,101,9,8,Over
4,talk,102,9,1,Over
4,talk,103,9,4,Over
4,talk,104,9,9,Over
4,talk,105,9,12,VOTE Agent[04]
4,talk,106,9,2,Over
4,talk,107,9,15,Over
4,talk,108,9,11,Over
4,talk,109,9,3,Over
4,talk,110,10,14,Over
4,talk,111,10,2,Over
4,talk,112,10,8,Over
4,talk,113,10,11,Over
4,talk,114,10,6,Over
4,talk,115,10,12,VOTE Agent[04]
4,talk,116,10,1,Over
4,talk,117,10,9,Over
4,talk,118,10,3,Over
4,talk,119,10,15,Over
4,talk,120,10,4,Over
4,talk,121,11,15,Over
4,talk,122,11,14,Over
4,talk,123,11,12,Over
4,talk,124,11,1,Over
4,talk,125,11,6,Over
4,talk,126,11,9,Over
4,talk,127,11,2,Over
4,talk,128,11,8,Over
4,talk,129,11,11,Over
4,talk,130,11,4,Over
4,talk,131,11,3,Over
4,vote,1,12
4,vote,2,12
4,vote,3,12
4,vote,4,12
4,vote,6,12
4,vote,8,12
4,vote,9,11
4,vote,11,12
4,vote,12,4
4,vote,14,12
4,vote,15,12
4,execute,12,WEREWOLF
4,divine,4,9,HUMAN
4,guard,2,11,POSSESSED
5,status,1,VILLAGER,ALIVE,TOKU5
5,status,2,BODYGUARD,ALIVE,HALU
5,status,3,VILLAGER,ALIVE,TOKU14
5,status,4,SEER,ALIVE,OKAMI
5,status,5,MEDIUM,DEAD,HALU
5,status,6,VILLAGER,ALIVE,HALU
5,status,7,WEREWOLF,DEAD,sample_py
5,status,8,VILLAGER,ALIVE,SampleJava0
5,status,9,VILLAGER,ALIVE,Tomato7
5,status,10,VILLAGER,DEAD,SampleJava12
5,status,11,POSSESSED,ALIVE,Tomato11
5,status,12,WEREWOLF,DEAD,TOKU1
5,status,13,WEREWOLF,DEAD,SampleJava8
5,status,14,VILLAGER,ALIVE,HALU
5,status,15,VILLAGER,ALIVE,Takeda4
5,result,10,0,VILLAGER
