0,status,1,VILLAGER,ALIVE,TOKU5
0,status,2,VILLAGER,ALIVE,HALU
0,status,3,WEREWOLF,ALIVE,TOKU14
0,status,4,POSSESSED,ALIVE,OKAMI
0,status,5,MEDIUM,ALIVE,HALU
0,status,6,WEREWOLF,ALIVE,HALU
0,status,7,VILLAGER,ALIVE,sample_py
0,status,8,VILLAGER,ALIVE,SampleJava0
0,status,9,SEER,ALIVE,Tomato7
0,status,10,BODYGUARD,ALIVE,SampleJava12
0,status,11,VILLAGER,ALIVE,Tomato11
0,status,12,WEREWOLF,ALIVE,TOKU1
0,status,13,VILLAGER,ALIVE,SampleJava8
0,status,14,VILLAGER,ALIVE,HALU
0,status,15,VILLAGER,ALIVE,Takeda4
0,whisper,0,0,12,Skip
0,whisper,1,0,6,COMINGOUT Agent[06] SEER
0,whisper,2,0,3,Skip
0,whisper,3,1,3,Skip
0,whisper,4,1,12,Skip
0,whisper,5,1,6,Skip
0,whisper,6,2,6,Skip
0,whisper,7,2,3,Over
0,whisper,8,2,12,Over
0,whisper,9,3,12,Over
0,whisper,10,3,6,Over
0,whisper,11,3,3,Over
0,divine,9,2,HUMAN
1,status,1,VILLAGER,ALIVE,TOKU5
1,status,2,VILLAGER,ALIVE,HALU
1,status,3,WEREWOLF,ALIVE,TOKU14
1,status,4,POSSESSED,ALIVE,OKAMI
1,status,5,MEDIUM,ALIVE,HALU
1,status,6,WEREWOLF,ALIVE,HALU
1,status,7,VILLAGER,ALIVE,sample_py
1,status,8,VILLAGER,ALIVE,SampleJava0
1,status,9,SEER,ALIVE,Tomato7
1,status,10,BODYGUARD,ALIVE,SampleJava12
1,status,11,VILLAGER,ALIVE,Tomato11
1,status,12,WEREWOLF,ALIVE,TOKU1
1,status,13,VILLAGER,ALIVE,SampleJava8
1,status,14,VILLAGER,ALIVE,HALU
1,status,15,VILLAGER,ALIVE,Takeda4
1,talk,0,0,15,VOTE Agent[11]
1,talk,1,0,1,VOTE Agent[11]
1,talk,2,0,3,VOTE Agent[11]
1,talk,3,0,14,VOTE Agent[03]
1,talk,4,0,13,VOTE Agent[09]
1,talk,5,0,8,VOTE Agent[12]
1,talk,6,0,9,COMINGOUT Agent[09] SEER
1,talk,7,0,6,COMINGOUT Agent[06] SEER
1,talk,8,0,10,VOTE Agent[08]
1,talk,9,0,2,VOTE Agent[03]
1,talk,10,0,12,VOTE Agent[09]
1,talk,11,0,4,COMINGOUT Agent[04] VILLAGER
1,talk,12,0,11,VOTE Agent[09]
1,talk,13,0,5,VOTE Agent[04]
1,talk,14,0,7,VOTE Agent[15]
1,talk,15,1,3,VOTE Agent[09]
1,talk,16,1,5,COMINGOUT Agent[05] MEDIUM
1,talk,17,1,13,REQUEST ANY (VOTE Agent[09])
1,talk,18,1,1,VOTE Agent[13]
1,talk,19,1,14,VOTE Agent[04]
1,talk,20,1,8,REQUEST ANY (VOTE Agent[12])
1,talk,21,1,10,REQUEST ANY (VOTE Agent[08])
1,talk,22,1,15,VOTE Agent[05]
1,talk,23,1,2,VOTE Agent[10]
1,talk,24,1,4,Over
1,talk,25,1,6,DIVINED Agent[09] WEREWOLF
1,talk,26,1,11,Skip
1,talk,27,1,7,VOTE Agent[09]
1,talk,28,1,12,Skip
1,talk,29,1,9,DIVINED Agent[02] HUMAN
1,talk,30,2,9,VOTE Agent[04]
1,talk,31,2,10,Skip
1,talk,32,2,1,VOTE Agent[09]
1,talk,33,2,14,VOTE Agent[10]
1,talk,34,2,3,Skip
1,talk,35,2,4,DIVINED Agent[08] WEREWOLF
1,talk,36,2,5,VOTE Agent[09]
1,talk,37,2,15,VOTE Agent[09]
1,talk,38,2,13,Skip
1,talk,39,2,2,VOTE Agent[09]
1,talk,40,2,6,VOTE Agent[09]
1,talk,41,2,12,Skip
1,talk,42,2,7,Skip
1,talk,43,2,8,BECAUSE (AND (COMINGOUT Agent[08] VILLAGER) (DAY 1 (Agent[04] DIVINED Agent[08] WEREWOLF))) (XOR (ESTIMATE Agent[04] WEREWOLF) (ESTIMATE Agent[04] POSSESSED))
1,talk,44,2,11,Skip
1,talk,45,3,9,Skip
1,talk,46,3,8,BECAUSE (XOR (ESTIMATE Agent[04] WEREWOLF) (ESTIMATE Agent[04] POSSESSED)) (AND (VOTE Agent[04]) (REQUEST ANY (VOTE Agent[04])))
1,talk,47,3,14,VOTE Agent[10]
1,talk,48,3,11,Over
1,talk,49,3,2,VOTE Agent[06]
1,talk,50,3,12,Over
1,talk,51,3,10,Skip
1,talk,52,3,1,Skip
1,talk,53,3,15,Skip
1,talk,54,3,5,VOTE Agent[06]
1,talk,55,3,3,Skip
1,talk,56,3,7,Skip
1,talk,57,3,13,Skip
1,talk,58,3,6,VOTE Agent[09]
1,talk,59,3,4,VOTE Agent[09]
1,talk,60,4,8,VOTE Agent[04]
1,talk,61,4,9,Skip
1,talk,62,4,6,VOTE Agent[09]
1,talk,63,4,10,Over
1,talk,64,4,7,Over
1,talk,65,4,1,Skip
1,talk,66,4,2,VOTE Agent[06]
1,talk,67,4,14,VOTE Agent[10]
1,talk,68,4,13,Over
1,talk,69,4,3,Over
1,talk,70,4,4,VOTE Agent[09]
1,talk,71,4,11,Over
1,talk,72,4,12,Over
1,talk,73,4,5,VOTE Agent[04]
1,talk,74,4,15,Skip
1,talk,75,5,7,Over
1,talk,76,5,1,Over
1,talk,77,5,3,Over
1,talk,78,5,13,Over
1,talk,79,5,5,VOTE Agent[04]
1,talk,80,5,10,Over
1,talk,81,5,6,VOTE Agent[09]
1,talk,82,5,15,Over
1,talk,83,5,9,Over
1,talk,84,5,12,Over
1,talk,85,5,14,VOTE Agent[10]
1,talk,86,5,4,VOTE Agent[09]
1,talk,87,5,8,REQUEST ANY (VOTE Agent[04])
1,talk,88,5,11,Over
1,talk,89,5,2,VOTE Agent[04]
1,talk,90,6,10,Over
1,talk,91,6,14,VOTE Agent[04]
1,talk,92,6,4,VOTE Agent[09]
1,talk,93,6,3,Over
1,talk,94,6,12,Over
1,talk,95,6,2,VOTE Agent[04]
1,talk,96,6,15,Over
1,talk,97,6,6,VOTE Agent[09]
1,talk,98,6,11,Over
1,talk,99,6,1,Over
1,talk,100,6,8,Skip
1,talk,101,6,13,Over
1,talk,102,6,7,Over
1,talk,103,6,5,VOTE Agent[06]
1,talk,104,6,9,Over
1,talk,105,7,12,Over
1,talk,106,7,2,VOTE Agent[06]
1,talk,107,7,3,Over
1,talk,108,7,9,Over
1,talk,109,7,7,Over
1,talk,110,7,1,Over
1,talk,111,7,11,Over
1,talk,112,7,14,VOTE Agent[10]
1,talk,113,7,4,VOTE Agent[09]
1,talk,114,7,6,VOTE Agent[09]
1,talk,115,7,5,VOTE Agent[06]
1,talk,116,7,15,Over
1,talk,117,7,10,Over
1,talk,118,7,13,Over
1,talk,119,7,8,Skip
1,talk,120,8,8,Over
1,talk,121,8,11,Over
1,talk,122,8,2,VOTE Agent[06]
1,talk,123,8,14,VOTE Agent[10]
1,talk,124,8,7,Over
1,talk,125,8,9,Over
1,talk,126,8,15,Over
1,talk,127,8,12,Over
1,talk,128,8,5,VOTE Agent[06]
1,talk,129,8,13,Over
1,talk,130,8,1,Over
1,talk,131,8,4,VOTE Agent[09]
1,talk,132,8,10,Over
1,talk,133,8,6,VOTE Agent[09]
1,talk,134,8,3,Over
1,talk,135,9,7,Over
1,talk,136,9,2,Over
1,talk,137,9,14,Over
1,talk,138,9,5,Over
1,talk,139,9,4,Over
1,talk,140,9,11,Over
1,talk,141,9,12,Over
1,talk,142,9,3,Over
1,talk,143,9,1,Over
1,talk,144,9,8,Over
1,talk,145,9,6,VOTE Agent[09]
1,talk,146,9,13,Over
1,talk,147,9,15,Over
1,talk,148,9,9,Over
1,talk,149,9,10,Over
1,talk,150,10,12,Over
1,talk,151,10,1,Over
1,talk,152,10,8,Over
1,talk,153,10,15,Over
1,talk,154,10,4,Over
1,talk,155,10,14,Over
1,talk,156,10,6,Over
1,talk,157,10,13,Over
1,talk,158,10,10,Over
1,talk,159,10,3,Over
1,talk,160,10,5,Over
1,talk,161,10,11,Over
1,talk,162,10,7,Over
1,talk,163,10,2,Over
1,talk,164,10,9,Over
1,vote,1,9
1,vote,2,6
1,vote,3,9
1,vote,4,9
1,vote,5,6
1,vote,6,9
1,vote,7,9
1,vote,8,4
1,vote,9,4
1,vote,10,9
1,vote,11,9
1,vote,12,9
1,vote,13,4
1,vote,14,10
1,vote,15,9
1,execute,9,SEER
1,whisper,0,0,3,Skip
1,whisper,1,0,6,ATTACK Agent[05]
1,whisper,2,0,12,Skip
1,whisper,3,1,3,Skip
1,whisper,4,1,12,Skip
1,whisper,5,1,6,Skip
1,whisper,6,2,6,Skip
1,whisper,7,2,12,Over
1,whisper,8,2,3,Over
1,whisper,9,3,12,Over
1,whisper,10,3,3,Over
1,whisper,11,3,6,Over
1,guard,10,6,WEREWOLF
1,attackVote,3,15
1,attackVote,6,5
1,attackVote,12,15
1,attack,15,true
2,status,1,VILLAGER,ALIVE,TOKU5
2,status,2,VILLAGER,ALIVE,HALU
2,status,3,WEREWOLF,ALIVE,TOKU14
2,status,4,POSSESSED,ALIVE,OKAMI
2,status,5,MEDIUM,ALIVE,HALU
2,status,6,WEREWOLF,ALIVE,HALU
2,status,7,VILLAGER,ALIVE,sample_py
2,status,8,VILLAGER,ALIVE,SampleJava0
2,status,9,SEER,DEAD,Tomato7
2,status,10,BODYGUARD,ALIVE,SampleJava12
2,status,11,VILLAGER,ALIVE,Tomato11
2,status,12,WEREWOLF,ALIVE,TOKU1
2,status,13,VILLAGER,ALIVE,SampleJava8
2,status,14,VILLAGER,ALIVE,HALU
2,status,15,VILLAGER,DEAD,Takeda4
2,talk,0,0,4,DIVINED Agent[05] HUMAN
2,talk,1,0,12,VOTE Agent[08]
2,talk,2,0,7,VOTE Agent[08]
2,talk,3,0,11,VOTE Agent[08]
2,talk,4,0,6,DIVINED Agent[14] HUMAN
2,talk,5,0,13,VOTE Agent[06]
2,talk,6,0,3,VOTE Agent[08]
2,talk,7,0,2,VOTE Agent[04]
2,talk,8,0,14,VOTE Agent[04]
2,talk,9,0,5,IDENTIFIED Agent[09] HUMAN
2,talk,10,0,1,VOTE Agent[08]
2,talk,11,0,10,VOTE Agent[04]
2,talk,12,0,8,BECAUSE (AND (COMINGOUT Agent[08] VILLAGER) (DAY 1 (Agent[04] DIVINED Agent[08] WEREWOLF))) (XOR (ESTIMATE Agent[04] WEREWOLF) (ESTIMATE Agent[04] POSSESSED))
2,talk,13,1,3,Skip
2,talk,14,1,12,Skip
2,talk,15,1,1,VOTE Agent[06]
2,talk,16,1,8,BECAUSE (XOR (ESTIMATE Agent[04] WEREWOLF) (ESTIMATE Agent[04] POSSESSED)) (AND (VOTE Agent[04]) (REQUEST ANY (VOTE Agent[04])))
2,talk,17,1,5,VOTE Agent[06]
2,talk,18,1,7,Skip
2,talk,19,1,6,VOTE Agent[08]
2,talk,20,1,13,REQUEST ANY (VOTE Agent[06])
2,talk,21,1,11,Skip
2,talk,22,1,2,VOTE Agent[06]
2,talk,23,1,14,VOTE Agent[06]
2,talk,24,1,10,REQUEST ANY (VOTE Agent[04])
2,talk,25,1,4,VOTE Agent[06]
2,talk,26,2,8,VOTE Agent[04]
2,talk,27,2,11,VOTE Agent[06]
2,talk,28,2,1,VOTE Agent[08]
2,talk,29,2,3,Skip
2,talk,30,2,14,VOTE Agent[04]
2,talk,31,2,7,Skip
2,talk,32,2,4,VOTE Agent[08]
2,talk,33,2,10,Skip
2,talk,34,2,6,VOTE Agent[08]
2,talk,35,2,2,VOTE Agent[06]
2,talk,36,2,5,VOTE Agent[06]
2,talk,37,2,12,Skip
2,talk,38,2,13,Skip
2,talk,39,3,8,REQUEST ANY (VOTE Agent[04])
2,talk,40,3,12,Over
2,talk,41,3,4,VOTE Agent[08]
2,talk,42,3,14,VOTE Agent[04]
2,talk,43,3,10,Skip
2,talk,44,3,2,VOTE Agent[04]
2,talk,45,3,6,VOTE Agent[08]
2,talk,46,3,13,Skip
2,talk,47,3,11,VOTE Agent[08]
2,talk,48,3,7,Over
2,talk,49,3,3,Over
2,talk,50,3,5,VOTE Agent[06]
2,talk,51,3,1,VOTE Agent[06]
2,talk,52,4,13,Over
2,talk,53,4,11,Skip
2,talk,54,4,14,VOTE Agent[06]
2,talk,55,4,10,Over
2,talk,56,4,5,VOTE Agent[04]
2,talk,57,4,6,VOTE Agent[08]
2,talk,58,4,3,Over
2,talk,59,4,8,Skip
2,talk,60,4,12,Over
2,talk,61,4,2,VOTE Agent[06]
2,talk,62,4,7,Over
2,talk,63,4,4,VOTE Agent[08]
2,talk,64,4,1,Skip
2,talk,65,5,14,VOTE Agent[04]
2,talk,66,5,6,VOTE Agent[08]
2,talk,67,5,10,Over
2,talk,68,5,11,Skip
2,talk,69,5,7,Over
2,talk,70,5,3,Over
2,talk,71,5,2,VOTE Agent[06]
2,talk,72,5,4,VOTE Agent[08]
2,talk,73,5,12,Over
2,talk,74,5,5,VOTE Agent[04]
2,talk,75,5,13,Over
2,talk,76,5,1,Skip
2,talk,77,5,8,Skip
2,talk,78,6,10,Over
2,talk,79,6,1,Over
2,talk,80,6,13,Over
2,talk,81,6,4,VOTE Agent[08]
2,talk,82,6,3,Over
2,talk,83,6,8,Over
2,talk,84,6,14,VOTE Agent[04]
2,talk,85,6,2,VOTE Agent[04]
2,talk,86,6,7,Over
2,talk,87,6,12,Over
2,talk,88,6,6,VOTE Agent[08]
2,talk,89,6,5,VOTE Agent[06]
2,talk,90,6,11,Over
2,talk,91,7,4,VOTE Agent[08]
2,talk,92,7,1,Over
2,talk,93,7,5,VOTE Agent[04]
2,talk,94,7,8,Over
2,talk,95,7,11,Over
2,talk,96,7,3,Over
2,talk,97,7,6,VOTE Agent[08]
2,talk,98,7,13,Over
2,talk,99,7,2,VOTE Agent[06]
2,talk,100,7,14,VOTE Agent[06]
2,talk,101,7,12,Over
2,talk,102,7,7,Over
2,talk,103,7,10,Over
2,talk,104,8,14,VOTE Agent[06]
2,talk,105,8,1,Over
2,talk,106,8,3,Over
2,talk,107,8,2,VOTE Agent[06]
2,talk,108,8,12,Over
2,talk,109,8,10,Over
2,talk,110,8,8,Over
2,talk,111,8,4,VOTE Agent[08]
2,talk,112,8,11,Over
2,talk,113,8,13,Over
2,talk,114,8,6,VOTE Agent[08]
2,talk,115,8,5,VOTE Agent[06]
2,talk,116,8,7,Over
2,talk,117,9,11,Over
2,talk,118,9,2,Over
2,talk,119,9,7,Over
2,talk,120,9,14,Over
2,talk,121,9,4,Over
2,talk,122,9,1,Over
2,talk,123,9,13,Over
2,talk,124,9,12,Over
2,talk,125,9,8,Over
2,talk,126,9,10,Over
2,talk,127,9,3,Over
2,talk,128,9,5,Over
2,talk,129,9,6,VOTE Agent[08]
2,talk,130,10,6,Over
2,talk,131,10,3,Over
2,talk,132,10,7,Over
2,talk,133,10,5,Over
2,talk,134,10,12,Over
2,talk,135,10,2,Over
2,talk,136,10,8,Over
2,talk,137,10,13,Over
2,talk,138,10,1,Over
2,talk,139,10,11,VOTE Agent[06]
2,talk,140,10,14,Over
2,talk,141,10,10,Over
2,talk,142,10,4,Over
2,talk,143,11,5,Over
2,talk,144,11,13,Over
2,talk,145,11,1,Over
2,talk,146,11,10,Over
2,talk,147,11,12,Over
2,talk,148,11,11,VOTE Agent[08]
2,talk,149,11,14,Over
2,talk,150,11,6,Over
2,talk,151,11,8,Over
2,talk,152,11,7,Over
2,talk,153,11,2,Over
2,talk,154,11,4,Over
2,talk,155,11,3,Over
2,talk,156,12,1,Over
2,talk,157,12,13,Over
2,talk,158,12,11,VOTE Agent[06]
2,talk,159,12,7,Over
2,talk,160,12,2,Over
2,talk,161,12,14,Over
2,talk,162,12,8,Over
2,talk,163,12,4,Over
2,talk,164,12,3,Over
2,talk,165,12,12,Over
2,talk,166,12,10,Over
2,talk,167,12,5,Over
2,talk,168,12,6,Over
2,talk,169,13,2,Over
2,talk,170,13,14,Over
2,talk,171,13,12,Over
2,talk,172,13,13,Over
2,talk,173,13,7,Over
2,talk,174,13,8,Over
2,talk,175,13,3,Over
2,talk,176,13,6,Over
2,talk,177,13,11,Skip
2,talk,178,13,1,Over
2,talk,179,13,10,Over
2,talk,180,13,4,Over
2,talk,181,13,5,Over
2,talk,182,14,4,Over
2,talk,183,14,11,VOTE Agent[08]
2,talk,184,14,8,Over
2,talk,185,14,6,Over
2,talk,186,14,10,Over
2,talk,187,14,14,Over
2,talk,188,14,1,Over
2,talk,189,14,5,Over
2,talk,190,14,2,Over
2,talk,191,14,7,Over
2,talk,192,14,13,Over
2,talk,193,14,3,Over
2,talk,194,14,12,Over
2,talk,195,15,2,Over
2,talk,196,15,3,Over
2,talk,197,15,8,Over
2,talk,198,15,5,Over
2,talk,199,15,6,Over
2,talk,200,15,12,Over
2,talk,201,15,11,VOTE Agent[06]
2,talk,202,15,7,Over
2,talk,203,15,14,Over
2,talk,204,15,1,Over
2,talk,205,15,10,Over
2,talk,206,15,4,Over
2,talk,207,15,13,Over
2,talk,208,16,6,Over
2,talk,209,16,5,Over
2,talk,210,16,13,Over
2,talk,211,16,1,Over
2,talk,212,16,11,Skip
2,talk,213,16,14,Over
2,talk,214,16,4,Over
2,talk,215,16,7,Over
2,talk,216,16,12,Over
2,talk,217,16,10,Over
2,talk,218,16,2,Over
2,talk,219,16,3,Over
2,talk,220,16,8,Over
2,talk,221,17,11,VOTE Agent[08]
2,talk,222,17,3,Over
2,talk,223,17,4,Over
2,talk,224,17,7,Over
2,talk,225,17,5,Over
2,talk,226,17,10,Over
2,talk,227,17,12,Over
2,talk,228,17,14,Over
2,talk,229,17,8,Over
2,talk,230,17,6,Over
2,talk,231,17,1,Over
2,talk,232,17,13,Over
2,talk,233,17,2,Over
2,talk,234,18,8,Over
2,talk,235,18,3,Over
2,talk,236,18,5,Over
2,talk,237,18,6,Over
2,talk,238,18,13,Over
2,talk,239,18,7,Over
2,talk,240,18,1,Over
2,talk,241,18,14,Over
2,talk,242,18,10,Over
2,talk,243,18,12,Over
2,talk,244,18,11,Skip
2,talk,245,18,4,Over
2,talk,246,18,2,Over
2,talk,247,19,14,Over
2,talk,248,19,11,VOTE Agent[06]
2,talk,249,19,3,Over
2,talk,250,19,5,Over
2,talk,251,19,4,Over
2,talk,252,19,6,Over
2,talk,253,19,10,Over
2,talk,254,19,1,Over
2,talk,255,19,7,Over
2,talk,256,19,8,Over
2,talk,257,19,2,Over
2,talk,258,19,12,Over
2,talk,259,19,13,Over
2,vote,1,6
2,vote,2,4
2,vote,3,6
2,vote,4,6
2,vote,5,4
2,vote,6,8
2,vote,7,8
2,vote,8,4
2,vote,10,6
2,vote,11,6
2,vote,12,6
2,vote,13,4
2,vote,14,6
2,execute,6,WEREWOLF
2,whisper,0,0,12,Skip
2,whisper,1,0,3,Skip
2,whisper,2,1,3,Skip
2,whisper,3,1,12,Skip
2,whisper,4,2,12,Over
2,whisper,5,2,3,Over
2,guard,10,5,MEDIUM
2,attackVote,3,8
2,attackVote,12,8
2,attack,8,true
3,status,1,VILLAGER,ALIVE,TOKU5
3,status,2,VILLAGER,ALIVE,HALU
3,status,3,WEREWOLF,ALIVE,TOKU14
3,status,4,POSSESSED,ALIVE,OKAMI
3,status,5,MEDIUM,ALIVE,HALU
3,status,6,WEREWOLF,DEAD,HALU
3,status,7,VILLAGER,ALIVE,sample_py
3,status,8,VILLAGER,DEAD,SampleJava0
3,status,9,SEER,DEAD,Tomato7
3,status,10,BODYGUARD,ALIVE,SampleJava12
3,status,11,VILLAGER,ALIVE,Tomato11
3,status,12,WEREWOLF,ALIVE,TOKU1
3,status,13,VILLAGER,ALIVE,SampleJava8
3,status,14,VILLAGER,ALIVE,HALU
3,status,15,VILLAGER,DEAD,Takeda4
3,talk,0,0,2,VOTE Agent[04]
3,talk,1,0,7,VOTE Agent[14]
3,talk,2,0,5,IDENTIFIED Agent[06] WEREWOLF
3,talk,3,0,1,VOTE Agent[03]
3,talk,4,0,3,VOTE Agent[05]
3,talk,5,0,13,BECAUSE (AND (ANY ATTACKED Agent[08]) (DAY 1 (Agent[04] DIVINED Agent[08] WEREWOLF))) (XOR (ESTIMATE Agent[04] WEREWOLF) (ESTIMATE Agent[04] POSSESSED))
3,talk,6,0,14,VOTE Agent[04]
3,talk,7,0,12,VOTE Agent[05]
3,talk,8,0,10,BECAUSE (AND (ANY ATTACKED Agent[08]) (DAY 1 (Agent[04] DIVINED Agent[08] WEREWOLF))) (XOR (ESTIMATE Agent[04] WEREWOLF) (ESTIMATE Agent[04] POSSESSED))
3,talk,9,0,11,VOTE Agent[10]
3,talk,10,0,4,DIVINED Agent[14] WEREWOLF
3,talk,11,1,2,VOTE Agent[10]
3,talk,12,1,14,VOTE Agent[10]
3,talk,13,1,4,VOTE Agent[14]
3,talk,14,1,13,BECAUSE (XOR (ESTIMATE Agent[04] WEREWOLF) (ESTIMATE Agent[04] POSSESSED)) (AND (VOTE Agent[04]) (REQUEST ANY (VOTE Agent[04])))
3,talk,15,1,11,Skip
3,talk,16,1,10,BECAUSE (XOR (ESTIMATE Agent[04] WEREWOLF) (ESTIMATE Agent[04] POSSESSED)) (AND (VOTE Agent[04]) (REQUEST ANY (VOTE Agent[04])))
3,talk,17,1,3,VOTE Agent[14]
3,talk,18,1,5,VOTE Agent[10]
3,talk,19,1,1,Skip
3,talk,20,1,12,VOTE Agent[03]
3,talk,21,1,7,Skip
3,talk,22,2,13,VOTE Agent[04]
3,talk,23,2,11,Skip
3,talk,24,2,5,VOTE Agent[04]
3,talk,25,2,2,VOTE Agent[10]
3,talk,26,2,14,VOTE Agent[10]
3,talk,27,2,1,Skip
3,talk,28,2,7,Skip
3,talk,29,2,3,Skip
3,talk,30,2,10,VOTE Agent[04]
3,talk,31,2,12,Skip
3,talk,32,2,4,VOTE Agent[14]
3,talk,33,3,4,VOTE Agent[14]
3,talk,34,3,1,Over
3,talk,35,3,12,Skip
3,talk,36,3,13,REQUEST ANY (VOTE Agent[04])
3,talk,37,3,11,Over
3,talk,38,3,2,VOTE Agent[04]
3,talk,39,3,10,REQUEST ANY (VOTE Agent[04])
3,talk,40,3,3,VOTE Agent[01]
3,talk,41,3,14,VOTE Agent[10]
3,talk,42,3,5,VOTE Agent[04]
3,talk,43,3,7,Over
3,talk,44,4,7,Over
3,talk,45,4,13,Skip
3,talk,46,4,4,VOTE Agent[14]
3,talk,47,4,12,Over
3,talk,48,4,2,VOTE Agent[04]
3,talk,49,4,10,Skip
3,talk,50,4,1,Over
3,talk,51,4,14,VOTE Agent[04]
3,talk,52,4,5,VOTE Agent[04]
3,talk,53,4,3,Skip
3,talk,54,4,11,Over
3,talk,55,5,5,VOTE Agent[04]
3,talk,56,5,2,VOTE Agent[04]
3,talk,57,5,7,Over
3,talk,58,5,4,VOTE Agent[14]
3,talk,59,5,12,Over
3,talk,60,5,3,Skip
3,talk,61,5,1,Over
3,talk,62,5,10,Skip
3,talk,63,5,11,Over
3,talk,64,5,14,VOTE Agent[10]
3,talk,65,5,13,Skip
3,talk,66,6,1,Over
3,talk,67,6,7,Over
3,talk,68,6,10,Over
3,talk,69,6,14,VOTE Agent[04]
3,talk,70,6,3,Over
3,talk,71,6,13,Over
3,talk,72,6,2,VOTE Agent[04]
3,talk,73,6,12,Over
3,talk,74,6,4,VOTE Agent[14]
3,talk,75,6,5,VOTE Agent[04]
3,talk,76,6,11,Over
3,talk,77,7,10,Over
3,talk,78,7,7,Over
3,talk,79,7,1,Over
3,talk,80,7,14,VOTE Agent[04]
3,talk,81,7,4,VOTE Agent[14]
3,talk,82,7,2,VOTE Agent[04]
3,talk,83,7,5,VOTE Agent[04]
3,talk,84,7,13,Over
3,talk,85,7,3,Over
3,talk,86,7,11,Over
3,talk,87,7,12,Over
3,talk,88,8,5,VOTE Agent[04]
3,talk,89,8,11,Over
3,talk,90,8,7,Over
3,talk,91,8,3,Over
3,talk,92,8,14,VOTE Agent[04]
3,talk,93,8,1,Over
3,talk,94,8,12,Over
3,talk,95,8,10,Over
3,talk,96,8,2,VOTE Agent[04]
3,talk,97,8,13,Over
3,talk,98,8,4,VOTE Agent[14]
3,talk,99,9,12,Over
3,talk,100,9,3,Over
3,talk,101,9,4,Over
3,talk,102,9,2,Over
3,talk,103,9,1,Over
3,talk,104,9,13,Over
3,talk,105,9,10,Over
3,talk,106,9,5,Over
3,talk,107,9,7,Over
3,talk,108,9,11,Over
3,talk,109,9,14,Over
3,vote,1,3
3,vote,2,4
3,vote,3,1
3,vote,4,14
3,vote,5,4
3,vote,7,14
3,vote,10,4
3,vote,11,10
3,vote,12,3
3,vote,13,4
3,vote,14,4
3,execute,4,POSSESSED
3,whisper,0,0,3,Skip
3,whisper,1,0,12,Skip
3,whisper,2,1,12,Skip
3,whisper,3,1,3,Skip
3,whisper,4,2,3,Over
3,whisper,5,2,12,Over
3,guard,10,5,MEDIUM
3,attackVote,3,2
3,attackVote,12,2
3,attack,2,true
4,status,1,VILLAGER,ALIVE,TOKU5
4,status,2,VILLAGER,DEAD,HALU
4,status,3,WEREWOLF,ALIVE,TOKU14
4,status,4,POSSESSED,DEAD,OKAMI
4,status,5,MEDIUM,ALIVE,HALU
4,status,6,WEREWOLF,DEAD,HALU
4,status,7,VILLAGER,ALIVE,sample_py
4,status,8,VILLAGER,DEAD,SampleJava0
4,status,9,SEER,DEAD,Tomato7
4,status,10,BODYGUARD,ALIVE,SampleJava12
4,status,11,VILLAGER,ALIVE,Tomato11
4,status,12,WEREWOLF,ALIVE,TOKU1
4,status,13,VILLAGER,ALIVE,SampleJava8
4,status,14,VILLAGER,ALIVE,HALU
4,status,15,VILLAGER,DEAD,Takeda4
4,talk,0,0,13,VOTE Agent[14]
4,talk,1,0,11,VOTE Agent[10]
4,talk,2,0,5,IDENTIFIED Agent[04] HUMAN
4,talk,3,0,1,VOTE Agent[03]
4,talk,4,0,14,VOTE Agent[10]
4,talk,5,0,3,VOTE Agent[01]
4,talk,6,0,12,VOTE Agent[03]
4,talk,7,0,7,VOTE Agent[14]
4,talk,8,0,10,VOTE Agent[12]
4,talk,9,1,11,Skip
4,talk,10,1,3,Skip
4,talk,11,1,5,VOTE Agent[10]
4,talk,12,1,10,REQUEST ANY (VOTE Agent[12])
4,talk,13,1,14,VOTE Agent[10]
4,talk,14,1,1,Skip
4,talk,15,1,13,REQUEST ANY (VOTE Agent[14])
4,talk,16,1,12,VOTE Agent[01]
4,talk,17,1,7,Skip
4,talk,18,2,10,Skip
4,talk,19,2,7,Skip
4,talk,20,2,3,Skip
4,talk,21,2,5,VOTE Agent[10]
4,talk,22,2,13,Skip
4,talk,23,2,12,Skip
4,talk,24,2,1,Skip
4,talk,25,2,14,VOTE Agent[10]
4,talk,26,2,11,Skip
4,talk,27,3,12,Skip
4,talk,28,3,1,Over
4,talk,29,3,13,Skip
4,talk,30,3,3,Over
4,talk,31,3,5,VOTE Agent[10]
4,talk,32,3,7,Over
4,talk,33,3,11,Over
4,talk,34,3,14,VOTE Agent[10]
4,talk,35,3,10,Skip
4,talk,36,4,7,Over
4,talk,37,4,13,Over
4,talk,38,4,1,Over
4,talk,39,4,5,VOTE Agent[10]
4,talk,40,4,14,VOTE Agent[10]
4,talk,41,4,12,Over
4,talk,42,4,3,Over
4,talk,43,4,10,Over
4,talk,44,4,11,Over
4,talk,45,5,7,Over
4,talk,46,5,12,Over
4,talk,47,5,11,Over
4,talk,48,5,3,Over
4,talk,49,5,1,Over
4,talk,50,5,14,VOTE Agent[10]
4,talk,51,5,5,VOTE Agent[10]
4,talk,52,5,13,Over
4,talk,53,5,10,Over
4,talk,54,6,3,Over
4,talk,55,6,5,VOTE Agent[10]
4,talk,56,6,11,Over
4,talk,57,6,10,Over
4,talk,58,6,12,Over
4,talk,59,6,13,Over
4,talk,60,6,14,VOTE Agent[10]
4,talk,61,6,1,Over
4,talk,62,6,7,Over
4,talk,63,7,12,Over
4,talk,64,7,7,Over
4,talk,65,7,1,Over
4,talk,66,7,13,Over
4,talk,67,7,11,Over
4,talk,68,7,5,VOTE Agent[10]
4,talk,69,7,10,Over
4,talk,70,7,14,VOTE Agent[10]
4,talk,71,7,3,Over
4,talk,72,8,10,Over
4,talk,73,8,12,Over
4,talk,74,8,14,VOTE Agent[10]
4,talk,75,8,13,Over
4,talk,76,8,3,Over
4,talk,77,8,7,Over
4,talk,78,8,11,Over
4,talk,79,8,1,Over
4,talk,80,8,5,VOTE Agent[10]
4,talk,81,9,14,Over
4,talk,82,9,13,Over
4,talk,83,9,5,Over
4,talk,84,9,10,Over
4,talk,85,9,7,Over
4,talk,86,9,12,Over
4,talk,87,9,1,Over
4,talk,88,9,3,Over
4,talk,89,9,11,Over
4,vote,1,3
4,vote,3,1
4,vote,5,10
4,vote,7,14
4,vote,10,14
4,vote,11,10
4,vote,12,3
4,vote,13,12
4,vote,14,10
4,execute,10,BODYGUARD
4,whisper,0,0,12,Skip
4,whisper,1,0,3,Skip
4,whisper,2,1,3,Skip
4,whisper,3,1,12,Skip
4,whisper,4,2,12,Over
4,whisper,5,2,3,Over
4,attackVote,3,1
4,attackVote,12,1
4,attack,1,true
5,status,1,VILLAGER,DEAD,TOKU5
5,status,2,VILLAGER,DEAD,HALU
5,status,3,WEREWOLF,ALIVE,TOKU14
5,status,4,POSSESSED,DEAD,OKAMI
5,status,5,MEDIUM,ALIVE,HALU
5,status,6,WEREWOLF,DEAD,HALU
5,status,7,VILLAGER,ALIVE,sample_py
5,status,8,VILLAGER,DEAD,SampleJava0
5,status,9,SEER,DEAD,Tomato7
5,status,10,BODYGUARD,DEAD,SampleJava12
5,status,11,VILLAGER,ALIVE,Tomato11
5,status,12,WEREWOLF,ALIVE,TOKU1
5,status,13,VILLAGER,ALIVE,SampleJava8
5,status,14,VILLAGER,ALIVE,HALU
5,status,15,VILLAGER,DEAD,Takeda4
5,talk,0,0,3,VOTE Agent[14]
5,talk,1,0,13,VOTE Agent[03]
5,talk,2,0,7,VOTE Agent[14]
5,talk,3,0,12,VOTE Agent[14]
5,talk,4,0,14,VOTE Agent[05]
5,talk,5,0,11,VOTE Agent[13]
5,talk,6,0,5,IDENTIFIED Agent[10] HUMAN
5,talk,7,1,13,REQUEST ANY (VOTE Agent[03])
5,talk,8,1,5,VOTE Agent[11]
5,talk,9,1,14,VOTE Agent[11]
5,talk,10,1,3,Skip
5,talk,11,1,7,Skip
5,talk,12,1,12,Skip
5,talk,13,1,11,Skip
5,talk,14,2,12,Skip
5,talk,15,2,13,Skip
5,talk,16,2,14,VOTE Agent[11]
5,talk,17,2,5,VOTE Agent[14]
5,talk,18,2,3,Skip
5,talk,19,2,7,Skip
5,talk,20,2,11,Skip
5,talk,21,3,5,VOTE Agent[14]
5,talk,22,3,12,Over
5,talk,23,3,7,Over
5,talk,24,3,13,Skip
5,talk,25,3,14,VOTE Agent[11]
5,talk,26,3,11,Over
5,talk,27,3,3,Over
5,talk,28,4,5,VOTE Agent[14]
5,talk,29,4,3,Over
5,talk,30,4,11,Over
5,talk,31,4,12,Over
5,talk,32,4,14,VOTE Agent[11]
5,talk,33,4,7,Over
5,talk,34,4,13,Over
5,talk,35,5,3,Over
5,talk,36,5,14,VOTE Agent[11]
5,talk,37,5,11,Over
5,talk,38,5,5,VOTE Agent[11]
5,talk,39,5,7,Over
5,talk,40,5,13,Over
5,talk,41,5,12,Over
5,talk,42,6,11,Over
5,talk,43,6,12,Over
5,talk,44,6,5,VOTE Agent[11]
5,talk,45,6,3,Over
5,talk,46,6,14,VOTE Agent[11]
5,talk,47,6,13,Over
5,talk,48,6,7,Over
5,talk,49,7,11,Over
5,talk,50,7,12,Over
5,talk,51,7,3,Over
5,talk,52,7,13,Over
5,talk,53,7,7,Over
5,talk,54,7,5,VOTE Agent[14]
5,talk,55,7,14,VOTE Agent[11]
5,talk,56,8,14,VOTE Agent[11]
5,talk,57,8,7,Over
5,talk,58,8,3,Over
5,talk,59,8,11,Over
5,talk,60,8,12,Over
5,talk,61,8,13,Over
5,talk,62,8,5,VOTE Agent[14]
5,talk,63,9,11,Over
5,talk,64,9,3,Over
5,talk,65,9,5,Over
5,talk,66,9,7,Over
5,talk,67,9,14,Over
5,talk,68,9,12,Over
5,talk,69,9,13,Over
5,vote,3,14
5,vote,5,14
5,vote,7,14
5,vote,11,13
5,vote,12,14
5,vote,13,3
5,vote,14,11
5,execute,14,VILLAGER
5,whisper,0,0,3,Skip
5,whisper,1,0,12,Skip
5,whisper,2,1,12,Skip
5,whisper,3,1,3,Skip
5,whisper,4,2,3,Over
5,whisper,5,2,12,Over
5,attackVote,3,11
5,attackVote,12,11
5,attack,11,true
6,status,1,VILLAGER,DEAD,TOKU5
6,status,2,VILLAGER,DEAD,HALU
6,status,3,WEREWOLF,ALIVE,TOKU14
6,status,4,POSSESSED,DEAD,OKAMI
6,status,5,MEDIUM,ALIVE,HALU
6,status,6,WEREWOLF,DEAD,HALU
6,status,7,VILLAGER,ALIVE,sample_py
6,status,8,VILLAGER,DEAD,SampleJava0
6,status,9,SEER,DEAD,Tomato7
6,status,10,BODYGUARD,DEAD,SampleJava12
6,status,11,VILLAGER,DEAD,Tomato11
6,status,12,WEREWOLF,ALIVE,TOKU1
6,status,13,VILLAGER,ALIVE,SampleJava8
6,status,14,VILLAGER,DEAD,HALU
6,status,15,VILLAGER,DEAD,Takeda4
6,talk,0,0,13,VOTE Agent[12]
6,talk,1,0,3,VOTE Agent[12]
6,talk,2,0,7,VOTE Agent[05]
6,talk,3,0,12,VOTE Agent[03]
6,talk,4,0,5,IDENTIFIED Agent[14] HUMAN
6,talk,5,1,13,REQUEST ANY (VOTE Agent[12])
6,talk,6,1,5,VOTE Agent[12]
6,talk,7,1,3,Skip
6,talk,8,1,7,Skip
6,talk,9,1,12,VOTE Agent[07]
6,talk,10,2,5,VOTE Agent[12]
6,talk,11,2,3,Skip
6,talk,12,2,12,VOTE Agent[07]
6,talk,13,2,7,Skip
6,talk,14,2,13,Skip
6,talk,15,3,12,VOTE Agent[07]
6,talk,16,3,5,VOTE Agent[12]
6,talk,17,3,13,Skip
6,talk,18,3,3,Over
6,talk,19,3,7,Over
6,talk,20,4,12,VOTE Agent[07]
6,talk,21,4,5,VOTE Agent[12]
6,talk,22,4,7,Over
6,talk,23,4,13,Over
6,talk,24,4,3,Over
6,talk,25,5,13,Over
6,talk,26,5,3,Over
6,talk,27,5,12,VOTE Agent[07]
6,talk,28,5,5,VOTE Agent[12]
6,talk,29,5,7,Over
6,talk,30,6,5,VOTE Agent[12]
6,talk,31,6,3,Over
6,talk,32,6,12,VOTE Agent[07]
6,talk,33,6,7,Over
6,talk,34,6,13,Over
6,talk,35,7,7,Over
6,talk,36,7,13,Over
6,talk,37,7,12,VOTE Agent[07]
6,talk,38,7,3,Over
6,talk,39,7,5,VOTE Agent[12]
6,talk,40,8,7,Over
6,talk,41,8,3,Over
6,talk,42,8,13,Over
6,talk,43,8,5,VOTE Agent[12]
6,talk,44,8,12,VOTE Agent[07]
6,talk,45,9,12,VOTE Agent[07]
6,talk,46,9,7,Over
6,talk,47,9,3,Over
6,talk,48,9,5,Over
6,talk,49,9,13,Over
6,talk,50,10,12,Over
6,talk,51,10,13,Over
6,talk,52,10,3,Over
6,talk,53,10,7,Over
6,talk,54,10,5,Over
6,vote,3,12
6,vote,5,12
6,vote,7,5
6,vote,12,3
6,vote,13,7
6,execute,12,WEREWOLF
6,attackVote,3,5
6,attack,5,true
7,status,1,VILLAGER,DEAD,TOKU5
7,status,2,VILLAGER,DEAD,HALU
7,status,3,WEREWOLF,ALIVE,TOKU14
7,status,4,POSSESSED,DEAD,OKAMI
7,status,5,MEDIUM,DEAD,HALU
7,status,6,WEREWOLF,DEAD,HALU
7,status,7,VILLAGER,ALIVE,sample_py
7,status,8,VILLAGER,DEAD,SampleJava0
7,status,9,SEER,DEAD,Tomato7
7,status,10,BODYGUARD,DEAD,SampleJava12
7,status,11,VILLAGER,DEAD,Tomato11
7,status,12,WEREWOLF,DEAD,TOKU1
7,status,13,VILLAGER,ALIVE,SampleJava8
7,status,14,VILLAGER,DEAD,HALU
7,status,15,VILLAGER,DEAD,Takeda4
7,talk,0,0,3,VOTE Agent[07]
7,talk,1,0,7,VOTE Agent[13]
7,talk,2,0,13,VOTE Agent[03]
7,talk,3,1,7,Skip
7,talk,4,1,3,Skip
7,talk,5,1,13,REQUEST ANY (VOTE Agent[03])
7,talk,6,2,3,Skip
7,talk,7,2,13,Skip
7,talk,8,2,7,Skip
7,talk,9,3,13,Skip
7,talk,10,3,3,Over
7,talk,11,3,7,Over
7,talk,12,4,7,Over
7,talk,13,4,13,Over
7,talk,14,4,3,Over
7,vote,3,7
7,vote,7,13
7,vote,13,3
7,vote,3,7
7,vote,7,13
7,vote,13,3
7,execute,3,WEREWOLF
8,status,1,VILLAGER,DEAD,TOKU5
8,status,2,VILLAGER,DEAD,HALU
8,status,3,WEREWOLF,DEAD,TOKU14
8,status,4,POSSESSED,DEAD,OKAMI
8,status,5,MEDIUM,DEAD,HALU
8,status,6,WEREWOLF,DEAD,HALU
8,status,7,VILLAGER,ALIVE,sample_py
8,status,8,VILLAGER,DEAD,SampleJava0
8,status,9,SEER,DEAD,Tomato7
8,status,10,BODYGUARD,DEAD,SampleJava12
8,status,11,VILLAGER,DEAD,Tomato11
8,status,12,WEREWOLF,DEAD,TOKU1
8,status,13,VILLAGER,ALIVE,SampleJava8
8,status,14,VILLAGER,DEAD,HALU
8,status,15,VILLAGER,DEAD,Takeda4
8,result,2,0,VILLAGER
