0,status,1,WEREWOLF,ALIVE,TOKU5
0,status,2,VILLAGER,ALIVE,HALU
0,status,3,VILLAGER,ALIVE,TOKU14
0,status,4,BODYGUARD,ALIVE,OKAMI
0,status,5,VILLAGER,ALIVE,HALU
0,status,6,VILLAGER,ALIVE,HALU
0,status,7,VILLAGER,ALIVE,sample_py
0,status,8,VILLAGER,ALIVE,SampleJava0
0,status,9,WEREWOLF,ALIVE,Tomato7
0,status,10,WEREWOLF,ALIVE,SampleJava12
0,status,11,SEER,ALIVE,Tomato11
0,status,12,VILLAGER,ALIVE,TOKU1
0,status,13,MEDIUM,ALIVE,SampleJava8
0,status,14,VILLAGER,ALIVE,HALU
0,status,15,POSSESSED,ALIVE,Takeda4
0,whisper,0,0,10,COMINGOUT Agent[10] MEDIUM
0,whisper,1,0,9,COMINGOUT Agent[09] VILLAGER
0,whisper,2,0,1,Skip
0,whisper,3,1,10,Skip
0,whisper,4,1,1,Skip
0,whisper,5,1,9,Skip
0,whisper,6,2,9,Skip
0,whisper,7,2,10,Skip
0,whisper,8,2,1,Over
0,whisper,9,3,10,Over
0,whisper,10,3,1,Over
0,whisper,11,3,9,Over
0,divine,11,12,HUMAN
1,status,1,WEREWOLF,ALIVE,TOKU5
1,status,2,VILLAGER,ALIVE,HALU
1,status,3,VILLAGER,ALIVE,TOKU14
1,status,4,BODYGUARD,ALIVE,OKAMI
1,status,5,VILLAGER,ALIVE,HALU
1,status,6,VILLAGER,ALIVE,HALU
1,status,7,VILLAGER,ALIVE,sample_py
1,status,8,VILLAGER,ALIVE,SampleJava0
1,status,9,WEREWOLF,ALIVE,Tomato7
1,status,10,WEREWOLF,ALIVE,SampleJava12
1,status,11,SEER,ALIVE,Tomato11
1,status,12,VILLAGER,ALIVE,TOKU1
1,status,13,MEDIUM,ALIVE,SampleJava8
1,status,14,VILLAGER,ALIVE,HALU
1,status,15,POSSESSED,ALIVE,Takeda4
1,talk,0,0,2,VOTE Agent[03]
1,talk,1,0,9,VOTE Agent[03]
1,talk,2,0,10,COMINGOUT Agent[10] MEDIUM
1,talk,3,0,6,VOTE Agent[09]
1,talk,4,0,4,VOTE Agent[09]
1,talk,5,0,8,VOTE Agent[04]
1,talk,6,0,15,COMINGOUT Agent[15] SEER
1,talk,7,0,13,COMINGOUT Agent[13] MEDIUM
1,talk,8,0,14,VOTE Agent[04]
1,talk,9,0,11,COMINGOUT Agent[11] SEER
1,talk,10,0,1,COMINGOUT Agent[01] SEER
1,talk,11,0,3,VOTE Agent[02]
1,talk,12,0,7,VOTE Agent[15]
1,talk,13,0,12,VOTE Agent[05]
1,talk,14,0,5,VOTE Agent[03]
1,talk,15,1,6,VOTE Agent[07]
1,talk,16,1,8,REQUEST ANY (VOTE Agent[04])
1,talk,17,1,12,VOTE Agent[13]
1,talk,18,1,11,DIVINED Agent[12] HUMAN
1,talk,19,1,4,VOTE Agent[07]
1,talk,20,1,13,BECAUSE (AND (COMINGOUT Agent[13] MEDIUM) (Agent[10] COMINGOUT Agent[10] MEDIUM)) (XOR (ESTIMATE Agent[10] WEREWOLF) (ESTIMATE Agent[10] POSSESSED))
1,talk,21,1,10,VOTE Agent[14]
1,talk,22,1,14,VOTE Agent[07]
1,talk,23,1,3,VOTE Agent[13]
1,talk,24,1,15,DIVINED Agent[03] WEREWOLF
1,talk,25,1,9,VOTE Agent[07]
1,talk,26,1,5,VOTE Agent[03]
1,talk,27,1,1,DIVINED Agent[13] WEREWOLF
1,talk,28,1,7,VOTE Agent[13]
1,talk,29,1,2,VOTE Agent[11]
1,talk,30,2,14,VOTE Agent[11]
1,talk,31,2,4,VOTE Agent[11]
1,talk,32,2,2,VOTE Agent[15]
1,talk,33,2,8,Skip
1,talk,34,2,7,Skip
1,talk,35,2,15,VOTE Agent[03]
1,talk,36,2,3,Skip
1,talk,37,2,13,BECAUSE (XOR (ESTIMATE Agent[10] WEREWOLF) (ESTIMATE Agent[10] POSSESSED)) (AND (VOTE Agent[10]) (REQUEST ANY (VOTE Agent[10])))
1,talk,38,2,10,REQUEST ANY (VOTE Agent[14])
1,talk,39,2,6,VOTE Agent[15]
1,talk,40,2,5,VOTE Agent[15]
1,talk,41,2,12,Skip
1,talk,42,2,1,VOTE Agent[13]
1,talk,43,2,11,VOTE Agent[13]
1,talk,44,2,9,VOTE Agent[13]
1,talk,45,3,15,Skip
1,talk,46,3,8,Skip
1,talk,47,3,11,Skip
1,talk,48,3,3,Skip
1,talk,49,3,4,VOTE Agent[11]
1,talk,50,3,2,VOTE Agent[15]
1,talk,51,3,5,VOTE Agent[15]
1,talk,52,3,10,Skip
1,talk,53,3,13,VOTE Agent[10]
1,talk,54,3,9,Skip
1,talk,55,3,7,Skip
1,talk,56,3,12,Skip
1,talk,57,3,14,VOTE Agent[15]
1,talk,58,3,6,VOTE Agent[15]
1,talk,59,3,1,Skip
1,talk,60,4,15,Skip
1,talk,61,4,12,Over
1,talk,62,4,13,REQUEST ANY (VOTE Agent[10])
1,talk,63,4,5,VOTE Agent[15]
1,talk,64,4,8,Over
1,talk,65,4,7,Over
1,talk,66,4,14,VOTE Agent[15]
1,talk,67,4,3,Over
1,talk,68,4,11,Skip
1,talk,69,4,4,VOTE Agent[15]
1,talk,70,4,1,Skip
1,talk,71,4,10,Skip
1,talk,72,4,6,VOTE Agent[15]
1,talk,73,4,2,VOTE Agent[15]
1,talk,74,4,9,Skip
1,talk,75,5,9,Over
1,talk,76,5,13,Skip
1,talk,77,5,3,Over
1,talk,78,5,15,Over
1,talk,79,5,7,Over
1,talk,80,5,1,Over
1,talk,81,5,12,Over
1,talk,82,5,14,VOTE Agent[15]
1,talk,83,5,6,VOTE Agent[15]
1,talk,84,5,2,VOTE Agent[15]
1,talk,85,5,4,VOTE Agent[15]
1,talk,86,5,8,Over
1,talk,87,5,5,VOTE Agent[15]
1,talk,88,5,11,Over
1,talk,89,5,10,Over
1,talk,90,6,10,Over
1,talk,91,6,2,VOTE Agent[15]
1,talk,92,6,14,VOTE Agent[15]
1,talk,93,6,6,VOTE Agent[15]
1,talk,94,6,12,Over
1,talk,95,6,4,VOTE Agent[15]
1,talk,96,6,8,Over
1,talk,97,6,1,Over
1,talk,98,6,11,Over
1,talk,99,6,7,Over
1,talk,100,6,5,VOTE Agent[15]
1,talk,101,6,3,Over
1,talk,102,6,13,Skip
1,talk,103,6,15,Over
1,talk,104,6,9,Over
1,talk,105,7,1,Over
1,talk,106,7,7,Over
1,talk,107,7,2,VOTE Agent[15]
1,talk,108,7,11,Over
1,talk,109,7,13,Over
1,talk,110,7,14,VOTE Agent[15]
1,talk,111,7,6,VOTE Agent[15]
1,talk,112,7,3,Over
1,talk,113,7,9,Over
1,talk,114,7,5,VOTE Agent[15]
1,talk,115,7,10,Over
1,talk,116,7,12,Over
1,talk,117,7,15,Over
1,talk,118,7,4,VOTE Agent[15]
1,talk,119,7,8,Over
1,talk,120,8,1,Over
1,talk,121,8,13,Over
1,talk,122,8,2,VOTE Agent[15]
1,talk,123,8,9,Over
1,talk,124,8,3,Over
1,talk,125,8,11,Over
1,talk,126,8,5,VOTE Agent[15]
1,talk,127,8,10,Over
1,talk,128,8,12,Over
1,talk,129,8,15,Over
1,talk,130,8,6,VOTE Agent[15]
1,talk,131,8,4,VOTE Agent[15]
1,talk,132,8,14,VOTE Agent[15]
1,talk,133,8,7,Over
1,talk,134,8,8,Over
1,talk,135,9,10,Over
1,talk,136,9,7,Over
1,talk,137,9,13,Over
1,talk,138,9,8,Over
1,talk,139,9,9,Over
1,talk,140,9,12,Over
1,talk,141,9,6,Over
1,talk,142,9,14,Over
1,talk,143,9,15,Over
1,talk,144,9,1,Over
1,talk,145,9,3,Over
1,talk,146,9,2,Over
1,talk,147,9,11,Over
1,talk,148,9,4,Over
1,talk,149,9,5,Over
1,vote,1,13
1,vote,2,15
1,vote,3,13
1,vote,4,15
1,vote,5,15
1,vote,6,15
1,vote,7,13
1,vote,8,10
1,vote,9,13
1,vote,10,14
1,vote,11,13
1,vote,12,13
1,vote,13,10
1,vote,14,15
1,vote,15,10
1,execute,13,MEDIUM
1,divine,11,1,WEREWOLF
1,whisper,0,0,9,ATTACK Agent[15]
1,whisper,1,0,1,Skip
1,whisper,2,0,10,BECAUSE (AND (NOT (COMINGOUT Agent[15] WEREWOLF)) (NOT (COMINGOUT Agent[03] WEREWOLF)) (DAY 1 (Agent[15] DIVINED Agent[03] WEREWOLF))) (ESTIMATE Agent[15] POSSESSED)
1,whisper,3,1,9,Skip
1,whisper,4,1,1,Skip
1,whisper,5,1,10,BECAUSE (Agent[11] COMINGOUT Agent[11] SEER) (ATTACK Agent[11])
1,whisper,6,2,9,Skip
1,whisper,7,2,1,Over
1,whisper,8,2,10,ATTACK Agent[11]
1,whisper,9,3,10,Skip
1,whisper,10,3,9,Over
1,whisper,11,3,1,Over
1,whisper,12,4,1,Over
1,whisper,13,4,9,Over
1,whisper,14,4,10,Skip
1,whisper,15,5,1,Over
1,whisper,16,5,10,Over
1,whisper,17,5,9,Over
1,guard,4,10,WEREWOLF
1,attackVote,1,15
1,attackVote,9,15
1,attackVote,10,11
1,attack,15,true
2,status,1,WEREWOLF,ALIVE,TOKU5
2,status,2,VILLAGER,ALIVE,HALU
2,status,3,VILLAGER,ALIVE,TOKU14
2,status,4,BODYGUARD,ALIVE,OKAMI
2,status,5,VILLAGER,ALIVE,HALU
2,status,6,VILLAGER,ALIVE,HALU
2,status,7,VILLAGER,ALIVE,sample_py
2,status,8,VILLAGER,ALIVE,SampleJava0
2,status,9,WEREWOLF,ALIVE,Tomato7
2,status,10,WEREWOLF,ALIVE,SampleJava12
2,status,11,SEER,ALIVE,Tomato11
2,status,12,VILLAGER,ALIVE,TOKU1
2,status,13,MEDIUM,DEAD,SampleJava8
2,status,14,VILLAGER,ALIVE,HALU
2,status,15,POSSESSED,DEAD,Takeda4
2,talk,0,0,9,VOTE Agent[08]
2,talk,1,0,1,DIVINED Agent[11] WEREWOLF
2,talk,2,0,4,VOTE Agent[11]
2,talk,3,0,10,DAY 2 (IDENTIFIED Agent[13] WEREWOLF)
2,talk,4,0,8,VOTE Agent[14]
2,talk,5,0,6,VOTE Agent[11]
2,talk,6,0,3,VOTE Agent[11]
2,talk,7,0,12,VOTE Agent[11]
2,talk,8,0,5,VOTE Agent[01]
2,talk,9,0,14,VOTE Agent[11]
2,talk,10,0,11,DIVINED Agent[01] WEREWOLF
2,talk,11,0,7,VOTE Agent[01]
2,talk,12,0,2,VOTE Agent[11]
2,talk,13,1,6,VOTE Agent[11]
2,talk,14,1,11,VOTE Agent[01]
2,talk,15,1,8,REQUEST ANY (VOTE Agent[14])
2,talk,16,1,10,IDENTIFIED Agent[13] WEREWOLF
2,talk,17,1,4,VOTE Agent[01]
2,talk,18,1,9,VOTE Agent[11]
2,talk,19,1,1,VOTE Agent[11]
2,talk,20,1,5,VOTE Agent[01]
2,talk,21,1,14,VOTE Agent[01]
2,talk,22,1,12,VOTE Agent[01]
2,talk,23,1,7,Skip
2,talk,24,1,2,VOTE Agent[01]
2,talk,25,1,3,VOTE Agent[01]
2,talk,26,2,4,VOTE Agent[11]
2,talk,27,2,12,Skip
2,talk,28,2,11,Skip
2,talk,29,2,8,Skip
2,talk,30,2,14,VOTE Agent[01]
2,talk,31,2,2,VOTE Agent[11]
2,talk,32,2,7,Skip
2,talk,33,2,10,BECAUSE (AND (COMINGOUT Agent[10] MEDIUM) (Agent[13] COMINGOUT Agent[13] MEDIUM)) (XOR (ESTIMATE Agent[13] WEREWOLF) (ESTIMATE Agent[13] POSSESSED))
2,talk,34,2,6,VOTE Agent[01]
2,talk,35,2,1,VOTE Agent[11]
2,talk,36,2,3,Skip
2,talk,37,2,5,VOTE Agent[01]
2,talk,38,2,9,Skip
2,talk,39,3,9,Skip
2,talk,40,3,10,BECAUSE (XOR (ESTIMATE Agent[13] WEREWOLF) (ESTIMATE Agent[13] POSSESSED)) (AND (VOTE Agent[13]) (REQUEST ANY (VOTE Agent[13])))
2,talk,41,3,5,VOTE Agent[01]
2,talk,42,3,1,VOTE Agent[11]
2,talk,43,3,3,Skip
2,talk,44,3,6,VOTE Agent[01]
2,talk,45,3,8,Skip
2,talk,46,3,7,Over
2,talk,47,3,4,VOTE Agent[11]
2,talk,48,3,2,VOTE Agent[11]
2,talk,49,3,11,Skip
2,talk,50,3,14,VOTE Agent[11]
2,talk,51,3,12,Skip
2,talk,52,4,4,VOTE Agent[11]
2,talk,53,4,11,Over
2,talk,54,4,5,VOTE Agent[01]
2,talk,55,4,2,VOTE Agent[11]
2,talk,56,4,9,Over
2,talk,57,4,12,Over
2,talk,58,4,1,Skip
2,talk,59,4,10,VOTE Agent[13]
2,talk,60,4,14,VOTE Agent[11]
2,talk,61,4,7,Over
2,talk,62,4,3,Over
2,talk,63,4,8,Over
2,talk,64,4,6,VOTE Agent[11]
2,talk,65,5,4,VOTE Agent[11]
2,talk,66,5,9,Over
2,talk,67,5,3,Over
2,talk,68,5,14,VOTE Agent[01]
2,talk,69,5,6,VOTE Agent[11]
2,talk,70,5,2,VOTE Agent[01]
2,talk,71,5,7,Over
2,talk,72,5,10,REQUEST ANY (VOTE Agent[13])
2,talk,73,5,8,Over
2,talk,74,5,12,Over
2,talk,75,5,11,Over
2,talk,76,5,1,VOTE Agent[11]
2,talk,77,5,5,VOTE Agent[01]
2,talk,78,6,5,VOTE Agent[01]
2,talk,79,6,2,VOTE Agent[01]
2,talk,80,6,14,VOTE Agent[01]
2,talk,81,6,8,Over
2,talk,82,6,9,Over
2,talk,83,6,10,Skip
2,talk,84,6,3,Over
2,talk,85,6,7,Over
2,talk,86,6,1,VOTE Agent[11]
2,talk,87,6,6,VOTE Agent[01]
2,talk,88,6,11,Over
2,talk,89,6,4,VOTE Agent[11]
2,talk,90,6,12,Over
2,talk,91,7,11,Over
2,talk,92,7,4,VOTE Agent[11]
2,talk,93,7,6,VOTE Agent[11]
2,talk,94,7,12,Over
2,talk,95,7,8,Over
2,talk,96,7,3,Over
2,talk,97,7,10,Skip
2,talk,98,7,14,VOTE Agent[01]
2,talk,99,7,5,VOTE Agent[11]
2,talk,100,7,9,Over
2,talk,101,7,2,VOTE Agent[11]
2,talk,102,7,7,Over
2,talk,103,7,1,Skip
2,talk,104,8,9,Over
2,talk,105,8,8,Over
2,talk,106,8,12,Over
2,talk,107,8,1,Skip
2,talk,108,8,2,VOTE Agent[11]
2,talk,109,8,4,VOTE Agent[01]
2,talk,110,8,3,Over
2,talk,111,8,14,VOTE Agent[01]
2,talk,112,8,6,VOTE Agent[01]
2,talk,113,8,11,Over
2,talk,114,8,5,VOTE Agent[01]
2,talk,115,8,10,Over
2,talk,116,8,7,Over
2,talk,117,9,11,Over
2,talk,118,9,12,Over
2,talk,119,9,7,Over
2,talk,120,9,10,Over
2,talk,121,9,6,Over
2,talk,122,9,4,Over
2,talk,123,9,9,Over
2,talk,124,9,1,VOTE Agent[11]
2,talk,125,9,5,Over
2,talk,126,9,8,Over
2,talk,127,9,2,Over
2,talk,128,9,3,Over
2,talk,129,9,14,Over
2,talk,130,10,7,Over
2,talk,131,10,5,Over
2,talk,132,10,9,Over
2,talk,133,10,11,Over
2,talk,134,10,4,Over
2,talk,135,10,1,VOTE Agent[11]
2,talk,136,10,10,Over
2,talk,137,10,14,Over
2,talk,138,10,3,Over
2,talk,139,10,12,Over
2,talk,140,10,8,Over
2,talk,141,10,2,Over
2,talk,142,10,6,Over
2,talk,143,11,2,Over
2,talk,144,11,8,Over
2,talk,145,11,14,Over
2,talk,146,11,10,Over
2,talk,147,11,3,Over
2,talk,148,11,4,Over
2,talk,149,11,9,Over
2,talk,150,11,12,Over
2,talk,151,11,5,Over
2,talk,152,11,1,VOTE Agent[11]
2,talk,153,11,11,Over
2,talk,154,11,7,Over
2,talk,155,11,6,Over
2,talk,156,12,1,VOTE Agent[11]
2,talk,157,12,4,Over
2,talk,158,12,6,Over
2,talk,159,12,3,Over
2,talk,160,12,2,Over
2,talk,161,12,10,Over
2,talk,162,12,11,Over
2,talk,163,12,9,Over
2,talk,164,12,5,Over
2,talk,165,12,8,Over
2,talk,166,12,12,Over
2,talk,167,12,14,Over
2,talk,168,12,7,Over
2,talk,169,13,6,Over
2,talk,170,13,11,Over
2,talk,171,13,3,Over
2,talk,172,13,8,Over
2,talk,173,13,7,Over
2,talk,174,13,14,Over
2,talk,175,13,2,Over
2,talk,176,13,5,Over
2,talk,177,13,9,Over
2,talk,178,13,12,Over
2,talk,179,13,4,Over
2,talk,180,13,10,Over
2,talk,181,13,1,Over
2,vote,1,11
2,vote,2,1
2,vote,3,1
2,vote,4,11
2,vote,5,1
2,vote,6,1
2,vote,7,1
2,vote,8,14
2,vote,9,11
2,vote,10,2
2,vote,11,1
2,vote,12,1
2,vote,14,1
2,execute,1,WEREWOLF
2,divine,11,10,WEREWOLF
2,whisper,0,0,9,ATTACK Agent[11]
2,whisper,1,0,10,BECAUSE (Agent[11] COMINGOUT Agent[11] SEER) (ATTACK Agent[11])
2,whisper,2,1,9,Skip
2,whisper,3,1,10,ATTACK Agent[11]
2,whisper,4,2,9,Skip
2,whisper,5,2,10,Skip
2,whisper,6,3,10,Skip
2,whisper,7,3,9,Over
2,whisper,8,4,9,Over
2,whisper,9,4,10,Over
2,guard,4,10,WEREWOLF
2,attackVote,9,11
2,attackVote,10,11
2,attack,11,true
3,status,1,WEREWOLF,DEAD,TOKU5
3,status,2,VILLAGER,ALIVE,HALU
3,status,3,VILLAGER,ALIVE,TOKU14
3,status,4,BODYGUARD,ALIVE,OKAMI
3,status,5,VILLAGER,ALIVE,HALU
3,status,6,VILLAGER,ALIVE,HALU
3,status,7,VILLAGER,ALIVE,sample_py
3,status,8,VILLAGER,ALIVE,SampleJava0
3,status,9,WEREWOLF,ALIVE,Tomato7
3,status,10,WEREWOLF,ALIVE,SampleJava12
3,status,11,SEER,DEAD,Tomato11
3,status,12,VILLAGER,ALIVE,TOKU1
3,status,13,MEDIUM,DEAD,SampleJava8
3,status,14,VILLAGER,ALIVE,HALU
3,status,15,POSSESSED,DEAD,Takeda4
3,talk,0,0,6,VOTE Agent[10]
3,talk,1,0,14,VOTE Agent[10]
3,talk,2,0,4,VOTE Agent[10]
3,talk,3,0,3,VOTE Agent[04]
3,talk,4,0,9,VOTE Agent[04]
3,talk,5,0,2,VOTE Agent[10]
3,talk,6,0,12,VOTE Agent[04]
3,talk,7,0,5,VOTE Agent[10]
3,talk,8,0,8,VOTE Agent[10]
3,talk,9,0,7,VOTE Agent[03]
3,talk,10,0,10,DAY 3 (IDENTIFIED Agent[01] HUMAN)
3,talk,11,1,2,VOTE Agent[10]
3,talk,12,1,10,IDENTIFIED Agent[01] HUMAN
3,talk,13,1,14,VOTE Agent[10]
3,talk,14,1,5,VOTE Agent[10]
3,talk,15,1,8,REQUEST ANY (VOTE Agent[10])
3,talk,16,1,12,Skip
3,talk,17,1,7,Skip
3,talk,18,1,9,Skip
3,talk,19,1,3,Skip
3,talk,20,1,4,VOTE Agent[10]
3,talk,21,1,6,VOTE Agent[10]
3,talk,22,2,6,VOTE Agent[10]
3,talk,23,2,4,VOTE Agent[10]
3,talk,24,2,3,Skip
3,talk,25,2,2,VOTE Agent[10]
3,talk,26,2,14,VOTE Agent[10]
3,talk,27,2,5,VOTE Agent[10]
3,talk,28,2,10,VOTE Agent[14]
3,talk,29,2,7,Skip
3,talk,30,2,9,Skip
3,talk,31,2,12,Skip
3,talk,32,2,8,Skip
3,talk,33,3,9,Over
3,talk,34,3,8,Skip
3,talk,35,3,12,Over
3,talk,36,3,5,VOTE Agent[10]
3,talk,37,3,10,REQUEST ANY (VOTE Agent[14])
3,talk,38,3,4,VOTE Agent[10]
3,talk,39,3,7,Over
3,talk,40,3,2,VOTE Agent[10]
3,talk,41,3,14,VOTE Agent[10]
3,talk,42,3,6,VOTE Agent[10]
3,talk,43,3,3,Over
3,talk,44,4,14,VOTE Agent[10]
3,talk,45,4,3,Over
3,talk,46,4,5,VOTE Agent[10]
3,talk,47,4,4,VOTE Agent[10]
3,talk,48,4,6,VOTE Agent[10]
3,talk,49,4,7,Over
3,talk,50,4,10,Skip
3,talk,51,4,8,Over
3,talk,52,4,12,Over
3,talk,53,4,9,Over
3,talk,54,4,2,VOTE Agent[10]
3,talk,55,5,2,VOTE Agent[10]
3,talk,56,5,8,Over
3,talk,57,5,6,VOTE Agent[10]
3,talk,58,5,14,VOTE Agent[10]
3,talk,59,5,7,Over
3,talk,60,5,3,Over
3,talk,61,5,5,VOTE Agent[10]
3,talk,62,5,12,Over
3,talk,63,5,9,Over
3,talk,64,5,4,VOTE Agent[10]
3,talk,65,5,10,Skip
3,talk,66,6,8,Over
3,talk,67,6,10,Over
3,talk,68,6,4,VOTE Agent[10]
3,talk,69,6,5,VOTE Agent[10]
3,talk,70,6,7,Over
3,talk,71,6,3,Over
3,talk,72,6,2,VOTE Agent[10]
3,talk,73,6,9,Over
3,talk,74,6,14,VOTE Agent[10]
3,talk,75,6,6,VOTE Agent[10]
3,talk,76,6,12,Over
3,talk,77,7,4,VOTE Agent[10]
3,talk,78,7,14,VOTE Agent[10]
3,talk,79,7,8,Over
3,talk,80,7,2,VOTE Agent[10]
3,talk,81,7,9,Over
3,talk,82,7,7,Over
3,talk,83,7,5,VOTE Agent[10]
3,talk,84,7,12,Over
3,talk,85,7,6,VOTE Agent[10]
3,talk,86,7,10,Over
3,talk,87,7,3,Over
3,talk,88,8,3,Over
3,talk,89,8,2,VOTE Agent[10]
3,talk,90,8,6,VOTE Agent[10]
3,talk,91,8,10,Over
3,talk,92,8,9,Over
3,talk,93,8,4,VOTE Agent[10]
3,talk,94,8,14,VOTE Agent[10]
3,talk,95,8,7,Over
3,talk,96,8,12,Over
3,talk,97,8,5,VOTE Agent[10]
3,talk,98,8,8,Over
3,talk,99,9,2,Over
3,talk,100,9,12,Over
3,talk,101,9,14,Over
3,talk,102,9,9,Over
3,talk,103,9,6,Over
3,talk,104,9,3,Over
3,talk,105,9,4,Over
3,talk,106,9,7,Over
3,talk,107,9,5,Over
3,talk,108,9,8,Over
3,talk,109,9,10,Over
3,vote,2,10
3,vote,3,10
3,vote,4,10
3,vote,5,10
3,vote,6,10
3,vote,7,3
3,vote,8,14
3,vote,9,4
3,vote,10,14
3,vote,12,10
3,vote,14,10
3,execute,10,WEREWOLF
3,guard,4,7,VILLAGER
3,attack,6,true
4,status,1,WEREWOLF,DEAD,TOKU5
4,status,2,VILLAGER,ALIVE,HALU
4,status,3,VILLAGER,ALIVE,TOKU14
4,status,4,BODYGUARD,ALIVE,OKAMI
4,status,5,VILLAGER,ALIVE,HALU
4,status,6,VILLAGER,DEAD,HALU
4,status,7,VILLAGER,ALIVE,sample_py
4,status,8,VILLAGER,ALIVE,SampleJava0
4,status,9,WEREWOLF,ALIVE,Tomato7
4,status,10,WEREWOLF,DEAD,SampleJava12
4,status,11,SEER,DEAD,Tomato11
4,status,12,VILLAGER,ALIVE,TOKU1
4,status,13,MEDIUM,DEAD,SampleJava8
4,status,14,VILLAGER,ALIVE,HALU
4,status,15,POSSESSED,DEAD,Takeda4
4,talk,0,0,7,VOTE Agent[03]
4,talk,1,0,3,VOTE Agent[04]
4,talk,2,0,12,VOTE Agent[04]
4,talk,3,0,14,VOTE Agent[03]
4,talk,4,0,5,VOTE Agent[03]
4,talk,5,0,9,VOTE Agent[03]
4,talk,6,0,8,VOTE Agent[02]
4,talk,7,0,2,VOTE Agent[03]
4,talk,8,0,4,VOTE Agent[03]
4,talk,9,1,14,VOTE Agent[03]
4,talk,10,1,8,REQUEST ANY (VOTE Agent[02])
4,talk,11,1,9,Skip
4,talk,12,1,2,VOTE Agent[03]
4,talk,13,1,5,VOTE Agent[03]
4,talk,14,1,7,Skip
4,talk,15,1,3,VOTE Agent[04]
4,talk,16,1,4,VOTE Agent[03]
4,talk,17,1,12,Skip
4,talk,18,2,7,Skip
4,talk,19,2,12,Skip
4,talk,20,2,5,VOTE Agent[03]
4,talk,21,2,14,VOTE Agent[03]
4,talk,22,2,4,VOTE Agent[03]
4,talk,23,2,3,VOTE Agent[04]
4,talk,24,2,8,Skip
4,talk,25,2,2,VOTE Agent[03]
4,talk,26,2,9,Skip
4,talk,27,3,7,Over
4,talk,28,3,8,Skip
4,talk,29,3,9,Over
4,talk,30,3,4,VOTE Agent[03]
4,talk,31,3,2,VOTE Agent[03]
4,talk,32,3,14,VOTE Agent[03]
4,talk,33,3,5,VOTE Agent[03]
4,talk,34,3,12,Over
4,talk,35,3,3,VOTE Agent[04]
4,talk,36,4,5,VOTE Agent[03]
4,talk,37,4,4,VOTE Agent[03]
4,talk,38,4,8,Over
4,talk,39,4,7,Over
4,talk,40,4,14,VOTE Agent[03]
4,talk,41,4,9,Over
4,talk,42,4,2,VOTE Agent[03]
4,talk,43,4,3,VOTE Agent[04]
4,talk,44,4,12,Over
4,talk,45,5,12,Over
4,talk,46,5,8,Over
4,talk,47,5,5,VOTE Agent[03]
4,talk,48,5,9,Over
4,talk,49,5,7,Over
4,talk,50,5,3,VOTE Agent[04]
4,talk,51,5,2,VOTE Agent[03]
4,talk,52,5,4,VOTE Agent[03]
4,talk,53,5,14,VOTE Agent[03]
4,talk,54,6,8,Over
4,talk,55,6,9,Over
4,talk,56,6,14,VOTE Agent[03]
4,talk,57,6,4,VOTE Agent[03]
4,talk,58,6,2,VOTE Agent[03]
4,talk,59,6,5,VOTE Agent[03]
4,talk,60,6,12,Over
4,talk,61,6,7,Over
4,talk,62,6,3,VOTE Agent[04]
4,talk,63,7,7,Over
4,talk,64,7,2,VOTE Agent[03]
4,talk,65,7,5,VOTE Agent[03]
4,talk,66,7,3,VOTE Agent[04]
4,talk,67,7,4,VOTE Agent[03]
4,talk,68,7,12,Over
4,talk,69,7,9,Over
4,talk,70,7,8,Over
4,talk,71,7,14,VOTE Agent[03]
4,talk,72,8,2,VOTE Agent[03]
4,talk,73,8,7,Over
4,talk,74,8,9,Over
4,talk,75,8,3,VOTE Agent[04]
4,talk,76,8,5,VOTE Agent[03]
4,talk,77,8,14,VOTE Agent[03]
4,talk,78,8,12,Over
4,talk,79,8,4,VOTE Agent[03]
4,talk,80,8,8,Over
4,talk,81,9,14,Over
4,talk,82,9,9,Over
4,talk,83,9,3,VOTE Agent[04]
4,talk,84,9,7,Over
4,talk,85,9,12,Over
4,talk,86,9,5,Over
4,talk,87,9,4,Over
4,talk,88,9,2,Over
4,talk,89,9,8,Over
4,talk,90,10,4,Over
4,talk,91,10,9,Over
4,talk,92,10,7,Over
4,talk,93,10,14,Over
4,talk,94,10,2,Over
4,talk,95,10,3,Over
4,talk,96,10,8,Over
4,talk,97,10,5,Over
4,talk,98,10,12,Over
4,vote,2,3
4,vote,3,4
4,vote,4,3
4,vote,5,3
4,vote,7,3
4,vote,8,5
4,vote,9,3
4,vote,12,3
4,vote,14,3
4,execute,3,VILLAGER
4,guard,4,8,VILLAGER
4,attack,8,false
5,status,1,WEREWOLF,DEAD,TOKU5
5,status,2,VILLAGER,ALIVE,HALU
5,status,3,VILLAGER,DEAD,TOKU14
5,status,4,BODYGUARD,ALIVE,OKAMI
5,status,5,VILLAGER,ALIVE,HALU
5,status,6,VILLAGER,DEAD,HALU
5,status,7,VILLAGER,ALIVE,sample_py
5,status,8,VILLAGER,ALIVE,SampleJava0
5,status,9,WEREWOLF,ALIVE,Tomato7
5,status,10,WEREWOLF,DEAD,SampleJava12
5,status,11,SEER,DEAD,Tomato11
5,status,12,VILLAGER,ALIVE,TOKU1
5,status,13,MEDIUM,DEAD,SampleJava8
5,status,14,VILLAGER,ALIVE,HALU
5,status,15,POSSESSED,DEAD,Takeda4
5,talk,0,0,9,VOTE Agent[08]
5,talk,1,0,14,VOTE Agent[09]
5,talk,2,0,5,VOTE Agent[14]
5,talk,3,0,7,VOTE Agent[08]
5,talk,4,0,4,VOTE Agent[09]
5,talk,5,0,2,VOTE Agent[05]
5,talk,6,0,8,VOTE Agent[12]
5,talk,7,0,12,VOTE Agent[04]
5,talk,8,1,14,VOTE Agent[08]
5,talk,9,1,5,VOTE Agent[14]
5,talk,10,1,12,Skip
5,talk,11,1,7,Skip
5,talk,12,1,8,REQUEST ANY (VOTE Agent[12])
5,talk,13,1,4,VOTE Agent[05]
5,talk,14,1,9,Skip
5,talk,15,1,2,VOTE Agent[08]
5,talk,16,2,7,Skip
5,talk,17,2,2,VOTE Agent[05]
5,talk,18,2,4,VOTE Agent[05]
5,talk,19,2,8,Skip
5,talk,20,2,12,Skip
5,talk,21,2,14,VOTE Agent[02]
5,talk,22,2,5,VOTE Agent[14]
5,talk,23,2,9,VOTE Agent[05]
5,talk,24,3,12,Over
5,talk,25,3,4,VOTE Agent[14]
5,talk,26,3,5,VOTE Agent[08]
5,talk,27,3,8,Skip
5,talk,28,3,7,Over
5,talk,29,3,9,VOTE Agent[08]
5,talk,30,3,2,VOTE Agent[04]
5,talk,31,3,14,VOTE Agent[02]
5,talk,32,4,8,Over
5,talk,33,4,7,Over
5,talk,34,4,14,VOTE Agent[04]
5,talk,35,4,4,VOTE Agent[07]
5,talk,36,4,9,VOTE Agent[04]
5,talk,37,4,2,VOTE Agent[09]
5,talk,38,4,12,Over
5,talk,39,4,5,VOTE Agent[09]
5,talk,40,5,14,VOTE Agent[04]
5,talk,41,5,4,VOTE Agent[09]
5,talk,42,5,5,VOTE Agent[14]
5,talk,43,5,7,Over
5,talk,44,5,9,Skip
5,talk,45,5,12,Over
5,talk,46,5,2,VOTE Agent[04]
5,talk,47,5,8,Over
5,talk,48,6,4,VOTE Agent[14]
5,talk,49,6,14,VOTE Agent[09]
5,talk,50,6,7,Over
5,talk,51,6,5,VOTE Agent[14]
5,talk,52,6,9,VOTE Agent[14]
5,talk,53,6,2,VOTE Agent[14]
5,talk,54,6,12,Over
5,talk,55,6,8,Over
5,talk,56,7,7,Over
5,talk,57,7,9,Skip
5,talk,58,7,12,Over
5,talk,59,7,2,VOTE Agent[08]
5,talk,60,7,8,Over
5,talk,61,7,14,VOTE Agent[09]
5,talk,62,7,5,VOTE Agent[14]
5,talk,63,7,4,VOTE Agent[09]
5,talk,64,8,2,VOTE Agent[09]
5,talk,65,8,4,VOTE Agent[14]
5,talk,66,8,12,Over
5,talk,67,8,14,VOTE Agent[09]
5,talk,68,8,7,Over
5,talk,69,8,5,VOTE Agent[04]
5,talk,70,8,9,VOTE Agent[04]
5,talk,71,8,8,Over
5,talk,72,9,5,Over
5,talk,73,9,14,Over
5,talk,74,9,2,Over
5,talk,75,9,4,Over
5,talk,76,9,9,Skip
5,talk,77,9,12,Over
5,talk,78,9,7,Over
5,talk,79,9,8,Over
5,talk,80,10,5,Over
5,talk,81,10,12,Over
5,talk,82,10,7,Over
5,talk,83,10,4,Over
5,talk,84,10,14,Over
5,talk,85,10,9,Skip
5,talk,86,10,2,Over
5,talk,87,10,8,Over
5,talk,88,11,7,Over
5,talk,89,11,4,Over
5,talk,90,11,8,Over
5,talk,91,11,12,Over
5,talk,92,11,9,Over
5,talk,93,11,5,Over
5,talk,94,11,2,Over
5,talk,95,11,14,Over
5,vote,2,9
5,vote,4,9
5,vote,5,4
5,vote,7,8
5,vote,8,7
5,vote,9,4
5,vote,12,4
5,vote,14,8
5,execute,4,BODYGUARD
5,attack,2,true
6,status,1,WEREWOLF,DEAD,TOKU5
6,status,2,VILLAGER,DEAD,HALU
6,status,3,VILLAGER,DEAD,TOKU14
6,status,4,BODYGUARD,DEAD,OKAMI
6,status,5,VILLAGER,ALIVE,HALU
6,status,6,VILLAGER,DEAD,HALU
6,status,7,VILLAGER,ALIVE,sample_py
6,status,8,VILLAGER,ALIVE,SampleJava0
6,status,9,WEREWOLF,ALIVE,Tomato7
6,status,10,WEREWOLF,DEAD,SampleJava12
6,status,11,SEER,DEAD,Tomato11
6,status,12,VILLAGER,ALIVE,TOKU1
6,status,13,MEDIUM,DEAD,SampleJava8
6,status,14,VILLAGER,ALIVE,HALU
6,status,15,POSSESSED,DEAD,Takeda4
6,talk,0,0,12,VOTE Agent[05]
6,talk,1,0,14,VOTE Agent[12]
6,talk,2,0,8,VOTE Agent[12]
6,talk,3,0,5,VOTE Agent[09]
6,talk,4,0,9,VOTE Agent[12]
6,talk,5,0,7,VOTE Agent[05]
6,talk,6,1,14,VOTE Agent[09]
6,talk,7,1,9,VOTE Agent[05]
6,talk,8,1,8,REQUEST ANY (VOTE Agent[12])
6,talk,9,1,12,Skip
6,talk,10,1,5,VOTE Agent[09]
6,talk,11,1,7,Skip
6,talk,12,2,8,Skip
6,talk,13,2,12,VOTE Agent[09]
6,talk,14,2,14,VOTE Agent[09]
6,talk,15,2,9,Skip
6,talk,16,2,7,Skip
6,talk,17,2,5,VOTE Agent[12]
6,talk,18,3,5,VOTE Agent[09]
6,talk,19,3,12,Skip
6,talk,20,3,8,Skip
6,talk,21,3,9,Skip
6,talk,22,3,14,VOTE Agent[09]
6,talk,23,3,7,Over
6,talk,24,4,8,Over
6,talk,25,4,12,Skip
6,talk,26,4,14,VOTE Agent[09]
6,talk,27,4,7,Over
6,talk,28,4,9,Over
6,talk,29,4,5,VOTE Agent[09]
6,talk,30,5,5,VOTE Agent[12]
6,talk,31,5,7,Over
6,talk,32,5,9,VOTE Agent[12]
6,talk,33,5,12,VOTE Agent[09]
6,talk,34,5,14,VOTE Agent[12]
6,talk,35,5,8,Over
6,talk,36,6,7,Over
6,talk,37,6,5,VOTE Agent[12]
6,talk,38,6,12,VOTE Agent[09]
6,talk,39,6,14,VOTE Agent[12]
6,talk,40,6,8,Over
6,talk,41,6,9,Skip
6,talk,42,7,12,VOTE Agent[09]
6,talk,43,7,7,Over
6,talk,44,7,5,VOTE Agent[12]
6,talk,45,7,8,Over
6,talk,46,7,14,VOTE Agent[12]
6,talk,47,7,9,Skip
6,talk,48,8,7,Over
6,talk,49,8,5,VOTE Agent[12]
6,talk,50,8,9,Over
6,talk,51,8,14,VOTE Agent[05]
6,talk,52,8,12,VOTE Agent[09]
6,talk,53,8,8,Over
6,talk,54,9,7,Over
6,talk,55,9,5,Over
6,talk,56,9,8,Over
6,talk,57,9,9,Over
6,talk,58,9,12,VOTE Agent[09]
6,talk,59,9,14,Over
6,talk,60,10,9,VOTE Agent[05]
6,talk,61,10,8,Over
6,talk,62,10,5,Over
6,talk,63,10,12,Skip
6,talk,64,10,14,Over
6,talk,65,10,7,Over
6,talk,66,11,8,Over
6,talk,67,11,7,Over
6,talk,68,11,14,Over
6,talk,69,11,12,Skip
6,talk,70,11,5,Over
6,talk,71,11,9,VOTE Agent[12]
6,talk,72,12,8,Over
6,talk,73,12,12,VOTE Agent[09]
6,talk,74,12,14,Over
6,talk,75,12,5,Over
6,talk,76,12,9,VOTE Agent[05]
6,talk,77,12,7,Over
6,talk,78,13,7,Over
6,talk,79,13,9,VOTE Agent[12]
6,talk,80,13,5,Over
6,talk,81,13,8,Over
6,talk,82,13,12,VOTE Agent[09]
6,talk,83,13,14,Over
6,talk,84,14,14,Over
6,talk,85,14,5,Over
6,talk,86,14,8,Over
6,talk,87,14,12,VOTE Agent[09]
6,talk,88,14,9,VOTE Agent[05]
6,talk,89,14,7,Over
6,talk,90,15,12,Over
6,talk,91,15,8,Over
6,talk,92,15,9,Skip
6,talk,93,15,5,Over
6,talk,94,15,7,Over
6,talk,95,15,14,Over
6,talk,96,16,14,Over
6,talk,97,16,7,Over
6,talk,98,16,9,Skip
6,talk,99,16,12,Over
6,talk,100,16,8,Over
6,talk,101,16,5,Over
6,talk,102,17,14,Over
6,talk,103,17,12,Over
6,talk,104,17,8,Over
6,talk,105,17,9,Over
6,talk,106,17,5,Over
6,talk,107,17,7,Over
6,vote,5,12
6,vote,7,5
6,vote,8,12
6,vote,9,5
6,vote,12,5
6,vote,14,12
6,vote,5,12
6,vote,7,5
6,vote,8,5
6,vote,9,5
6,vote,12,5
6,vote,14,12
6,execute,5,VILLAGER
6,attack,12,true
7,status,1,WEREWOLF,DEAD,TOKU5
7,status,2,VILLAGER,DEAD,HALU
7,status,3,VILLAGER,DEAD,TOKU14
7,status,4,BODYGUARD,DEAD,OKAMI
7,status,5,VILLAGER,DEAD,HALU
7,status,6,VILLAGER,DEAD,HALU
7,status,7,VILLAGER,ALIVE,sample_py
7,status,8,VILLAGER,ALIVE,SampleJava0
7,status,9,WEREWOLF,ALIVE,Tomato7
7,status,10,WEREWOLF,DEAD,SampleJava12
7,status,11,SEER,DEAD,Tomato11
7,status,12,VILLAGER,DEAD,TOKU1
7,status,13,MEDIUM,DEAD,SampleJava8
7,status,14,VILLAGER,ALIVE,HALU
7,status,15,POSSESSED,DEAD,Takeda4
7,talk,0,0,7,VOTE Agent[08]
7,talk,1,0,8,VOTE Agent[14]
7,talk,2,0,14,VOTE Agent[09]
7,talk,3,0,9,VOTE Agent[14]
7,talk,4,1,14,VOTE Agent[09]
7,talk,5,1,9,VOTE Agent[08]
7,talk,6,1,8,REQUEST ANY (VOTE Agent[14])
7,talk,7,1,7,Skip
7,talk,8,2,14,VOTE Agent[09]
7,talk,9,2,9,VOTE Agent[14]
7,talk,10,2,7,Skip
7,talk,11,2,8,Skip
7,talk,12,3,7,Over
7,talk,13,3,14,VOTE Agent[09]
7,talk,14,3,8,Skip
7,talk,15,3,9,Skip
7,talk,16,4,8,Over
7,talk,17,4,7,Over
7,talk,18,4,9,VOTE Agent[08]
7,talk,19,4,14,VOTE Agent[09]
7,talk,20,5,9,Skip
7,talk,21,5,8,Over
7,talk,22,5,7,Over
7,talk,23,5,14,VOTE Agent[09]
7,talk,24,6,14,VOTE Agent[09]
7,talk,25,6,9,Skip
7,talk,26,6,7,Over
7,talk,27,6,8,Over
7,talk,28,7,9,Over
7,talk,29,7,7,Over
7,talk,30,7,14,VOTE Agent[09]
7,talk,31,7,8,Over
7,talk,32,8,8,Over
7,talk,33,8,7,Over
7,talk,34,8,9,Over
7,talk,35,8,14,VOTE Agent[09]
7,talk,36,9,8,Over
7,talk,37,9,9,VOTE Agent[14]
7,talk,38,9,14,Over
7,talk,39,9,7,Over
7,talk,40,10,7,Over
7,talk,41,10,8,Over
7,talk,42,10,9,Skip
7,talk,43,10,14,Over
7,talk,44,11,8,Over
7,talk,45,11,14,Over
7,talk,46,11,7,Over
7,talk,47,11,9,VOTE Agent[08]
7,talk,48,12,9,Skip
7,talk,49,12,7,Over
7,talk,50,12,8,Over
7,talk,51,12,14,Over
7,talk,52,13,7,Over
7,talk,53,13,9,Skip
7,talk,54,13,8,Over
7,talk,55,13,14,Over
7,talk,56,14,7,Over
7,talk,57,14,8,Over
7,talk,58,14,9,VOTE Agent[14]
7,talk,59,14,14,Over
7,talk,60,15,7,Over
7,talk,61,15,8,Over
7,talk,62,15,14,Over
7,talk,63,15,9,Skip
7,talk,64,16,7,Over
7,talk,65,16,9,VOTE Agent[08]
7,talk,66,16,14,Over
7,talk,67,16,8,Over
7,talk,68,17,9,VOTE Agent[14]
7,talk,69,17,8,Over
7,talk,70,17,7,Over
7,talk,71,17,14,Over
7,talk,72,18,7,Over
7,talk,73,18,14,Over
7,talk,74,18,8,Over
7,talk,75,18,9,VOTE Agent[08]
7,talk,76,19,8,Over
7,talk,77,19,9,Over
7,talk,78,19,14,Over
7,talk,79,19,7,Over
7,vote,7,8
7,vote,8,14
7,vote,9,8
7,vote,14,9
7,execute,8,VILLAGER
7,attack,7,true
8,status,1,WEREWOLF,DEAD,TOKU5
8,status,2,VILLAGER,DEAD,HALU
8,status,3,VILLAGER,DEAD,TOKU14
8,status,4,BODYGUARD,DEAD,OKAMI
8,status,5,VILLAGER,DEAD,HALU
8,status,6,VILLAGER,DEAD,HALU
8,status,7,VILLAGER,DEAD,sample_py
8,status,8,VILLAGER,DEAD,SampleJava0
8,status,9,WEREWOLF,ALIVE,Tomato7
8,status,10,WEREWOLF,DEAD,SampleJava12
8,status,11,SEER,DEAD,Tomato11
8,status,12,VILLAGER,DEAD,TOKU1
8,status,13,MEDIUM,DEAD,SampleJava8
8,status,14,VILLAGER,ALIVE,HALU
8,status,15,POSSESSED,DEAD,Takeda4
8,result,1,1,WEREWOLF
