0,status,1,VILLAGER,ALIVE,Tomato9
0,status,2,SEER,ALIVE,TOKU8
0,status,3,VILLAGER,ALIVE,HALU
0,status,4,VILLAGER,ALIVE,OKAMI
0,status,5,VILLAGER,ALIVE,SampleJava11
0,status,6,WEREWOLF,ALIVE,HALU
0,status,7,POSSESSED,ALIVE,OKAMI
0,status,8,VILLAGER,ALIVE,OKAMI
0,status,9,BODYGUARD,ALIVE,SampleJava0
0,status,10,WEREWOLF,ALIVE,SampleJava2
0,status,11,MEDIUM,ALIVE,Takeda14
0,status,12,VILLAGER,ALIVE,TOKU3
0,status,13,VILLAGER,ALIVE,OKAMI
0,status,14,VILLAGER,ALIVE,Tomato1
0,status,15,WEREWOLF,ALIVE,sample_py
0,whisper,0,0,6,COMINGOUT Agent[06] MEDIUM
0,whisper,1,0,15,COMINGOUT Agent[15] VILLAGER
0,whisper,2,0,10,COMINGOUT Agent[10] VILLAGER
0,whisper,3,1,10,Skip
0,whisper,4,1,6,Skip
0,whisper,5,1,15,COMINGOUT Agent[15] VILLAGER
0,whisper,6,2,6,Skip
0,whisper,7,2,10,Skip
0,whisper,8,2,15,COMINGOUT Agent[15] VILLAGER
0,whisper,9,3,10,Over
0,whisper,10,3,15,COMINGOUT Agent[15] VILLAGER
0,whisper,11,3,6,Over
0,whisper,12,4,6,Over
0,whisper,13,4,15,COMINGOUT Agent[15] VILLAGER
0,whisper,14,4,10,Over
0,whisper,15,5,15,COMINGOUT Agent[15] VILLAGER
0,whisper,16,5,10,Over
0,whisper,17,5,6,Over
0,whisper,18,6,15,COMINGOUT Agent[15] VILLAGER
0,whisper,19,6,6,Over
0,whisper,20,6,10,Over
0,whisper,21,7,6,Over
0,whisper,22,7,15,COMINGOUT Agent[15] VILLAGER
0,whisper,23,7,10,Over
0,whisper,24,8,6,Over
0,whisper,25,8,10,Over
0,whisper,26,8,15,COMINGOUT Agent[15] VILLAGER
0,whisper,27,9,10,Over
0,whisper,28,9,6,Over
0,whisper,29,9,15,COMINGOUT Agent[15] VILLAGER
0,whisper,30,10,15,Over
0,whisper,31,10,6,Over
0,whisper,32,10,10,Over
0,divine,2,14,HUMAN
1,status,1,VILLAGER,ALIVE,Tomato9
1,status,2,SEER,ALIVE,TOKU8
1,status,3,VILLAGER,ALIVE,HALU
1,status,4,VILLAGER,ALIVE,OKAMI
1,status,5,VILLAGER,ALIVE,SampleJava11
1,status,6,WEREWOLF,ALIVE,HALU
1,status,7,POSSESSED,ALIVE,OKAMI
1,status,8,VILLAGER,ALIVE,OKAMI
1,status,9,BODYGUARD,ALIVE,SampleJava0
1,status,10,WEREWOLF,ALIVE,SampleJava2
1,status,11,MEDIUM,ALIVE,Takeda14
1,status,12,VILLAGER,ALIVE,TOKU3
1,status,13,VILLAGER,ALIVE,OKAMI
1,status,14,VILLAGER,ALIVE,Tomato1
1,status,15,WEREWOLF,ALIVE,sample_py
1,talk,0,0,8,VOTE Agent[11]
1,talk,1,0,11,COMINGOUT Agent[11] MEDIUM
1,talk,2,0,4,VOTE Agent[11]
1,talk,3,0,15,VOTE Agent[02]
1,talk,4,0,1,VOTE Agent[11]
1,talk,5,0,13,VOTE Agent[02]
1,talk,6,0,6,COMINGOUT Agent[06] MEDIUM
1,talk,7,0,5,VOTE Agent[12]
1,talk,8,0,2,COMINGOUT Agent[02] SEER
1,talk,9,0,3,VOTE Agent[13]
1,talk,10,0,12,VOTE Agent[11]
1,talk,11,0,9,VOTE Agent[07]
1,talk,12,0,10,VOTE Agent[01]
1,talk,13,0,14,VOTE Agent[11]
1,talk,14,0,7,COMINGOUT Agent[07] VILLAGER
1,talk,15,1,4,COMINGOUT Agent[04] VILLAGER
1,talk,16,1,8,COMINGOUT Agent[08] VILLAGER
1,talk,17,1,1,Skip
1,talk,18,1,13,COMINGOUT Agent[13] VILLAGER
1,talk,19,1,5,REQUEST ANY (VOTE Agent[12])
1,talk,20,1,12,VOTE Agent[06]
1,talk,21,1,2,DIVINED Agent[14] HUMAN
1,talk,22,1,10,REQUEST ANY (VOTE Agent[01])
1,talk,23,1,3,VOTE Agent[13]
1,talk,24,1,9,REQUEST ANY (VOTE Agent[07])
1,talk,25,1,14,Skip
1,talk,26,1,15,VOTE Agent[13]
1,talk,27,1,11,VOTE Agent[06]
1,talk,28,1,6,VOTE Agent[11]
1,talk,29,1,7,Over
1,talk,30,2,15,Skip
1,talk,31,2,6,VOTE Agent[11]
1,talk,32,2,1,Skip
1,talk,33,2,5,Skip
1,talk,34,2,4,VOTE Agent[13]
1,talk,35,2,12,Skip
1,talk,36,2,8,VOTE Agent[13]
1,talk,37,2,7,DIVINED Agent[07] WEREWOLF
1,talk,38,2,10,Skip
1,talk,39,2,3,VOTE Agent[13]
1,talk,40,2,13,VOTE Agent[07]
1,talk,41,2,14,VOTE Agent[13]
1,talk,42,2,9,Skip
1,talk,43,2,11,Skip
1,talk,44,2,2,VOTE Agent[06]
1,talk,45,3,13,VOTE Agent[07]
1,talk,46,3,9,Skip
1,talk,47,3,7,VOTE Agent[07]
1,talk,48,3,14,Skip
1,talk,49,3,3,VOTE Agent[13]
1,talk,50,3,4,VOTE Agent[13]
1,talk,51,3,15,Skip
1,talk,52,3,5,Skip
1,talk,53,3,11,Skip
1,talk,54,3,1,VOTE Agent[13]
1,talk,55,3,12,Skip
1,talk,56,3,8,VOTE Agent[13]
1,talk,57,3,6,VOTE Agent[11]
1,talk,58,3,10,Skip
1,talk,59,3,2,VOTE Agent[06]
1,talk,60,4,12,Over
1,talk,61,4,9,Over
1,talk,62,4,6,VOTE Agent[11]
1,talk,63,4,2,VOTE Agent[06]
1,talk,64,4,13,VOTE Agent[07]
1,talk,65,4,5,Over
1,talk,66,4,1,Skip
1,talk,67,4,7,VOTE Agent[07]
1,talk,68,4,4,VOTE Agent[13]
1,talk,69,4,8,VOTE Agent[13]
1,talk,70,4,11,Over
1,talk,71,4,14,Skip
1,talk,72,4,15,Over
1,talk,73,4,10,Over
1,talk,74,4,3,VOTE Agent[13]
1,talk,75,5,11,Over
1,talk,76,5,2,VOTE Agent[06]
1,talk,77,5,7,VOTE Agent[07]
1,talk,78,5,12,Over
1,talk,79,5,15,Over
1,talk,80,5,13,VOTE Agent[07]
1,talk,81,5,9,Over
1,talk,82,5,5,Over
1,talk,83,5,6,VOTE Agent[11]
1,talk,84,5,1,Skip
1,talk,85,5,3,VOTE Agent[05]
1,talk,86,5,4,VOTE Agent[05]
1,talk,87,5,10,Over
1,talk,88,5,14,Over
1,talk,89,5,8,VOTE Agent[05]
1,talk,90,6,10,Over
1,talk,91,6,12,Over
1,talk,92,6,3,VOTE Agent[05]
1,talk,93,6,2,VOTE Agent[06]
1,talk,94,6,8,VOTE Agent[05]
1,talk,95,6,4,VOTE Agent[05]
1,talk,96,6,11,Over
1,talk,97,6,6,VOTE Agent[11]
1,talk,98,6,1,VOTE Agent[05]
1,talk,99,6,7,VOTE Agent[07]
1,talk,100,6,15,Over
1,talk,101,6,14,VOTE Agent[05]
1,talk,102,6,5,Over
1,talk,103,6,9,Over
1,talk,104,6,13,VOTE Agent[07]
1,talk,105,7,3,VOTE Agent[05]
1,talk,106,7,13,VOTE Agent[07]
1,talk,107,7,12,Over
1,talk,108,7,2,VOTE Agent[06]
1,talk,109,7,6,VOTE Agent[11]
1,talk,110,7,1,Skip
1,talk,111,7,15,Over
1,talk,112,7,9,Over
1,talk,113,7,11,Over
1,talk,114,7,10,Over
1,talk,115,7,7,VOTE Agent[07]
1,talk,116,7,8,VOTE Agent[13]
1,talk,117,7,4,VOTE Agent[13]
1,talk,118,7,5,Over
1,talk,119,7,14,Skip
1,talk,120,8,15,Over
1,talk,121,8,4,VOTE Agent[13]
1,talk,122,8,3,VOTE Agent[05]
1,talk,123,8,2,VOTE Agent[06]
1,talk,124,8,5,Over
1,talk,125,8,11,Over
1,talk,126,8,6,VOTE Agent[11]
1,talk,127,8,8,VOTE Agent[13]
1,talk,128,8,1,Skip
1,talk,129,8,7,VOTE Agent[06]
1,talk,130,8,10,Over
1,talk,131,8,14,VOTE Agent[06]
1,talk,132,8,13,VOTE Agent[07]
1,talk,133,8,9,Over
1,talk,134,8,12,Over
1,talk,135,9,4,Over
1,talk,136,9,15,Over
1,talk,137,9,7,Over
1,talk,138,9,6,Over
1,talk,139,9,3,Over
1,talk,140,9,13,Over
1,talk,141,9,1,VOTE Agent[06]
1,talk,142,9,12,Over
1,talk,143,9,14,Skip
1,talk,144,9,9,Over
1,talk,145,9,5,Over
1,talk,146,9,2,VOTE Agent[06]
1,talk,147,9,8,Over
1,talk,148,9,11,Over
1,talk,149,9,10,Over
1,talk,150,10,2,Over
1,talk,151,10,10,Over
1,talk,152,10,13,Over
1,talk,153,10,12,Over
1,talk,154,10,15,Over
1,talk,155,10,14,Skip
1,talk,156,10,8,Over
1,talk,157,10,11,Over
1,talk,158,10,7,Over
1,talk,159,10,9,Over
1,talk,160,10,6,Over
1,talk,161,10,1,Skip
1,talk,162,10,5,Over
1,talk,163,10,3,Over
1,talk,164,10,4,Over
1,talk,165,11,5,Over
1,talk,166,11,3,Over
1,talk,167,11,12,Over
1,talk,168,11,9,Over
1,talk,169,11,6,Over
1,talk,170,11,8,Over
1,talk,171,11,14,Over
1,talk,172,11,1,Skip
1,talk,173,11,10,Over
1,talk,174,11,13,Over
1,talk,175,11,2,Over
1,talk,176,11,15,Over
1,talk,177,11,4,Over
1,talk,178,11,7,Over
1,talk,179,11,11,Over
1,talk,180,12,8,Over
1,talk,181,12,7,Over
1,talk,182,12,13,Over
1,talk,183,12,1,Over
1,talk,184,12,2,Over
1,talk,185,12,12,Over
1,talk,186,12,10,Over
1,talk,187,12,14,Over
1,talk,188,12,3,Over
1,talk,189,12,11,Over
1,talk,190,12,5,Over
1,talk,191,12,4,Over
1,talk,192,12,6,Over
1,talk,193,12,15,Over
1,talk,194,12,9,Over
1,vote,1,6
1,vote,2,6
1,vote,3,5
1,vote,4,5
1,vote,5,1
1,vote,6,11
1,vote,7,6
1,vote,8,5
1,vote,9,12
1,vote,10,1
1,vote,11,6
1,vote,12,6
1,vote,13,5
1,vote,14,6
1,vote,15,13
1,execute,6,WEREWOLF
1,divine,2,15,WEREWOLF
1,whisper,0,0,10,BECAUSE (AND (NOT (COMINGOUT Agent[07] WEREWOLF)) (NOT (COMINGOUT Agent[07] WEREWOLF)) (DAY 1 (Agent[07] DIVINED Agent[07] WEREWOLF))) (ESTIMATE Agent[07] POSSESSED)
1,whisper,1,0,15,ATTACK Agent[11]
1,whisper,2,1,15,Skip
1,whisper,3,1,10,ATTACK Agent[08]
1,whisper,4,2,15,Skip
1,whisper,5,2,10,Skip
1,whisper,6,3,10,Skip
1,whisper,7,3,15,Over
1,whisper,8,4,15,Over
1,whisper,9,4,10,Over
1,guard,9,2,SEER
1,attackVote,10,8
1,attackVote,15,11
1,attackVote,10,8
1,attackVote,15,11
1,attack,8,true
2,status,1,VILLAGER,ALIVE,Tomato9
2,status,2,SEER,ALIVE,TOKU8
2,status,3,VILLAGER,ALIVE,HALU
2,status,4,VILLAGER,ALIVE,OKAMI
2,status,5,VILLAGER,ALIVE,SampleJava11
2,status,6,WEREWOLF,DEAD,HALU
2,status,7,POSSESSED,ALIVE,OKAMI
2,status,8,VILLAGER,DEAD,OKAMI
2,status,9,BODYGUARD,ALIVE,SampleJava0
2,status,10,WEREWOLF,ALIVE,SampleJava2
2,status,11,MEDIUM,ALIVE,Takeda14
2,status,12,VILLAGER,ALIVE,TOKU3
2,status,13,VILLAGER,ALIVE,OKAMI
2,status,14,VILLAGER,ALIVE,Tomato1
2,status,15,WEREWOLF,ALIVE,sample_py
2,talk,0,0,10,VOTE Agent[01]
2,talk,1,0,15,VOTE Agent[13]
2,talk,2,0,12,VOTE Agent[15]
2,talk,3,0,13,VOTE Agent[07]
2,talk,4,0,2,DIVINED Agent[15] WEREWOLF
2,talk,5,0,4,VOTE Agent[15]
2,talk,6,0,1,VOTE Agent[15]
2,talk,7,0,7,DIVINED Agent[03] HUMAN
2,talk,8,0,5,VOTE Agent[12]
2,talk,9,0,9,VOTE Agent[11]
2,talk,10,0,3,VOTE Agent[05]
2,talk,11,0,11,IDENTIFIED Agent[06] WEREWOLF
2,talk,12,0,14,VOTE Agent[15]
2,talk,13,1,3,VOTE Agent[05]
2,talk,14,1,4,COMINGOUT Agent[04] VILLAGER
2,talk,15,1,15,Skip
2,talk,16,1,11,VOTE Agent[15]
2,talk,17,1,14,Skip
2,talk,18,1,5,REQUEST ANY (VOTE Agent[12])
2,talk,19,1,13,COMINGOUT Agent[13] VILLAGER
2,talk,20,1,1,Skip
2,talk,21,1,9,REQUEST ANY (VOTE Agent[11])
2,talk,22,1,7,VOTE Agent[07]
2,talk,23,1,12,Skip
2,talk,24,1,2,VOTE Agent[15]
2,talk,25,1,10,REQUEST ANY (VOTE Agent[01])
2,talk,26,2,10,Skip
2,talk,27,2,14,Skip
2,talk,28,2,13,VOTE Agent[05]
2,talk,29,2,1,Skip
2,talk,30,2,4,VOTE Agent[13]
2,talk,31,2,9,Skip
2,talk,32,2,12,Skip
2,talk,33,2,5,Skip
2,talk,34,2,11,Skip
2,talk,35,2,7,VOTE Agent[07]
2,talk,36,2,3,VOTE Agent[13]
2,talk,37,2,2,VOTE Agent[15]
2,talk,38,2,15,Skip
2,talk,39,3,7,VOTE Agent[07]
2,talk,40,3,14,Over
2,talk,41,3,10,Skip
2,talk,42,3,2,VOTE Agent[15]
2,talk,43,3,3,VOTE Agent[05]
2,talk,44,3,5,Skip
2,talk,45,3,4,VOTE Agent[13]
2,talk,46,3,1,Over
2,talk,47,3,9,Skip
2,talk,48,3,15,Over
2,talk,49,3,12,Over
2,talk,50,3,13,VOTE Agent[05]
2,talk,51,3,11,Skip
2,talk,52,4,11,Over
2,talk,53,4,15,Over
2,talk,54,4,14,Over
2,talk,55,4,4,VOTE Agent[13]
2,talk,56,4,3,VOTE Agent[05]
2,talk,57,4,1,Over
2,talk,58,4,7,VOTE Agent[07]
2,talk,59,4,5,Over
2,talk,60,4,13,VOTE Agent[05]
2,talk,61,4,9,Over
2,talk,62,4,10,Over
2,talk,63,4,2,VOTE Agent[15]
2,talk,64,4,12,Over
2,talk,65,5,2,VOTE Agent[15]
2,talk,66,5,1,Over
2,talk,67,5,11,Over
2,talk,68,5,10,Over
2,talk,69,5,5,Over
2,talk,70,5,9,Over
2,talk,71,5,4,VOTE Agent[13]
2,talk,72,5,14,Over
2,talk,73,5,15,Over
2,talk,74,5,7,VOTE Agent[07]
2,talk,75,5,12,Over
2,talk,76,5,3,VOTE Agent[13]
2,talk,77,5,13,VOTE Agent[07]
2,talk,78,6,1,Over
2,talk,79,6,5,Over
2,talk,80,6,7,VOTE Agent[07]
2,talk,81,6,3,VOTE Agent[13]
2,talk,82,6,4,VOTE Agent[13]
2,talk,83,6,12,Over
2,talk,84,6,14,Over
2,talk,85,6,2,VOTE Agent[15]
2,talk,86,6,9,Over
2,talk,87,6,10,Over
2,talk,88,6,15,Over
2,talk,89,6,13,VOTE Agent[07]
2,talk,90,6,11,Over
2,talk,91,7,11,Over
2,talk,92,7,5,Over
2,talk,93,7,2,VOTE Agent[15]
2,talk,94,7,1,Over
2,talk,95,7,10,Over
2,talk,96,7,7,VOTE Agent[07]
2,talk,97,7,12,Over
2,talk,98,7,9,Over
2,talk,99,7,13,VOTE Agent[07]
2,talk,100,7,15,Over
2,talk,101,7,14,Over
2,talk,102,7,4,VOTE Agent[13]
2,talk,103,7,3,VOTE Agent[05]
2,talk,104,8,11,Over
2,talk,105,8,3,VOTE Agent[05]
2,talk,106,8,1,Over
2,talk,107,8,9,Over
2,talk,108,8,15,Over
2,talk,109,8,7,VOTE Agent[07]
2,talk,110,8,14,Over
2,talk,111,8,2,VOTE Agent[15]
2,talk,112,8,13,VOTE Agent[07]
2,talk,113,8,4,VOTE Agent[13]
2,talk,114,8,12,Over
2,talk,115,8,10,Over
2,talk,116,8,5,Over
2,talk,117,9,2,VOTE Agent[15]
2,talk,118,9,1,Over
2,talk,119,9,13,Over
2,talk,120,9,4,Over
2,talk,121,9,9,Over
2,talk,122,9,10,Over
2,talk,123,9,11,Over
2,talk,124,9,7,Over
2,talk,125,9,5,Over
2,talk,126,9,12,Over
2,talk,127,9,14,Over
2,talk,128,9,3,Over
2,talk,129,9,15,Over
2,talk,130,10,13,Over
2,talk,131,10,11,Over
2,talk,132,10,12,Over
2,talk,133,10,10,Over
2,talk,134,10,14,Over
2,talk,135,10,3,Over
2,talk,136,10,1,Over
2,talk,137,10,2,Over
2,talk,138,10,7,Over
2,talk,139,10,5,Over
2,talk,140,10,9,Over
2,talk,141,10,15,Over
2,talk,142,10,4,Over
2,vote,1,15
2,vote,2,15
2,vote,3,5
2,vote,4,13
2,vote,5,1
2,vote,7,10
2,vote,9,1
2,vote,10,1
2,vote,11,15
2,vote,12,15
2,vote,13,7
2,vote,14,15
2,vote,15,13
2,execute,15,WEREWOLF
2,divine,2,3,HUMAN
2,guard,9,2,SEER
2,attackVote,10,11
2,attack,11,true
3,status,1,VILLAGER,ALIVE,Tomato9
3,status,2,SEER,ALIVE,TOKU8
3,status,3,VILLAGER,ALIVE,HALU
3,status,4,VILLAGER,ALIVE,OKAMI
3,status,5,VILLAGER,ALIVE,SampleJava11
3,status,6,WEREWOLF,DEAD,HALU
3,status,7,POSSESSED,ALIVE,OKAMI
3,status,8,VILLAGER,DEAD,OKAMI
3,status,9,BODYGUARD,ALIVE,SampleJava0
3,status,10,WEREWOLF,ALIVE,SampleJava2
3,status,11,MEDIUM,DEAD,Takeda14
3,status,12,VILLAGER,ALIVE,TOKU3
3,status,13,VILLAGER,ALIVE,OKAMI
3,status,14,VILLAGER,ALIVE,Tomato1
3,status,15,WEREWOLF,DEAD,sample_py
3,talk,0,0,14,VOTE Agent[05]
3,talk,1,0,7,DIVINED Agent[01] HUMAN
3,talk,2,0,10,VOTE Agent[01]
3,talk,3,0,13,VOTE Agent[05]
3,talk,4,0,3,VOTE Agent[13]
3,talk,5,0,1,VOTE Agent[14]
3,talk,6,0,4,VOTE Agent[13]
3,talk,7,0,5,VOTE Agent[14]
3,talk,8,0,2,DIVINED Agent[03] HUMAN
3,talk,9,0,9,VOTE Agent[04]
3,talk,10,0,12,VOTE Agent[03]
3,talk,11,1,9,REQUEST ANY (VOTE Agent[04])
3,talk,12,1,12,VOTE Agent[05]
3,talk,13,1,13,COMINGOUT Agent[13] VILLAGER
3,talk,14,1,2,VOTE Agent[12]
3,talk,15,1,14,Skip
3,talk,16,1,7,VOTE Agent[07]
3,talk,17,1,5,REQUEST ANY (VOTE Agent[14])
3,talk,18,1,10,REQUEST ANY (VOTE Agent[01])
3,talk,19,1,4,COMINGOUT Agent[04] VILLAGER
3,talk,20,1,3,VOTE Agent[05]
3,talk,21,1,1,Skip
3,talk,22,2,4,VOTE Agent[05]
3,talk,23,2,13,VOTE Agent[07]
3,talk,24,2,1,Skip
3,talk,25,2,2,VOTE Agent[12]
3,talk,26,2,9,Skip
3,talk,27,2,3,VOTE Agent[05]
3,talk,28,2,10,Skip
3,talk,29,2,5,Skip
3,talk,30,2,12,Skip
3,talk,31,2,14,Skip
3,talk,32,2,7,VOTE Agent[07]
3,talk,33,3,7,VOTE Agent[07]
3,talk,34,3,3,VOTE Agent[05]
3,talk,35,3,4,VOTE Agent[05]
3,talk,36,3,13,VOTE Agent[07]
3,talk,37,3,10,Skip
3,talk,38,3,9,Skip
3,talk,39,3,12,VOTE Agent[10]
3,talk,40,3,2,VOTE Agent[12]
3,talk,41,3,1,Over
3,talk,42,3,5,Skip
3,talk,43,3,14,Over
3,talk,44,4,2,VOTE Agent[12]
3,talk,45,4,13,VOTE Agent[07]
3,talk,46,4,14,Over
3,talk,47,4,10,Over
3,talk,48,4,9,Over
3,talk,49,4,7,VOTE Agent[07]
3,talk,50,4,12,Skip
3,talk,51,4,5,Over
3,talk,52,4,4,VOTE Agent[05]
3,talk,53,4,1,Over
3,talk,54,4,3,VOTE Agent[05]
3,talk,55,5,13,VOTE Agent[07]
3,talk,56,5,7,VOTE Agent[07]
3,talk,57,5,3,VOTE Agent[05]
3,talk,58,5,14,Over
3,talk,59,5,12,Skip
3,talk,60,5,9,Over
3,talk,61,5,1,Over
3,talk,62,5,5,Over
3,talk,63,5,2,VOTE Agent[12]
3,talk,64,5,10,Over
3,talk,65,5,4,VOTE Agent[05]
3,talk,66,6,12,Over
3,talk,67,6,4,VOTE Agent[05]
3,talk,68,6,2,VOTE Agent[12]
3,talk,69,6,14,Over
3,talk,70,6,7,VOTE Agent[07]
3,talk,71,6,3,VOTE Agent[05]
3,talk,72,6,13,VOTE Agent[07]
3,talk,73,6,9,Over
3,talk,74,6,5,Over
3,talk,75,6,10,Over
3,talk,76,6,1,Over
3,talk,77,7,2,VOTE Agent[12]
3,talk,78,7,7,VOTE Agent[07]
3,talk,79,7,5,Over
3,talk,80,7,9,Over
3,talk,81,7,4,VOTE Agent[05]
3,talk,82,7,12,Over
3,talk,83,7,10,Over
3,talk,84,7,3,VOTE Agent[05]
3,talk,85,7,1,Over
3,talk,86,7,14,Over
3,talk,87,7,13,VOTE Agent[07]
3,talk,88,8,4,VOTE Agent[05]
3,talk,89,8,2,VOTE Agent[12]
3,talk,90,8,5,Over
3,talk,91,8,13,VOTE Agent[07]
3,talk,92,8,1,Over
3,talk,93,8,3,VOTE Agent[13]
3,talk,94,8,9,Over
3,talk,95,8,12,Over
3,talk,96,8,10,Over
3,talk,97,8,7,VOTE Agent[07]
3,talk,98,8,14,Over
3,talk,99,9,2,VOTE Agent[12]
3,talk,100,9,13,Over
3,talk,101,9,3,Over
3,talk,102,9,9,Over
3,talk,103,9,12,Over
3,talk,104,9,1,Over
3,talk,105,9,4,Over
3,talk,106,9,14,Over
3,talk,107,9,10,Over
3,talk,108,9,7,Over
3,talk,109,9,5,Over
3,talk,110,10,3,Over
3,talk,111,10,12,Over
3,talk,112,10,13,Over
3,talk,113,10,10,Over
3,talk,114,10,4,Over
3,talk,115,10,7,Over
3,talk,116,10,14,Over
3,talk,117,10,5,Over
3,talk,118,10,9,Over
3,talk,119,10,2,Over
3,talk,120,10,1,Over
3,vote,1,14
3,vote,2,12
3,vote,3,5
3,vote,4,5
3,vote,5,1
3,vote,7,13
3,vote,9,14
3,vote,10,1
3,vote,12,10
3,vote,13,7
3,vote,14,5
3,execute,5,VILLAGER
3,divine,2,12,HUMAN
3,guard,9,2,SEER
3,attackVote,10,4
3,attack,4,true
4,status,1,VILLAGER,ALIVE,Tomato9
4,status,2,SEER,ALIVE,TOKU8
4,status,3,VILLAGER,ALIVE,HALU
4,status,4,VILLAGER,DEAD,OKAMI
4,status,5,VILLAGER,DEAD,SampleJava11
4,status,6,WEREWOLF,DEAD,HALU
4,status,7,POSSESSED,ALIVE,OKAMI
4,status,8,VILLAGER,DEAD,OKAMI
4,status,9,BODYGUARD,ALIVE,SampleJava0
4,status,10,WEREWOLF,ALIVE,SampleJava2
4,status,11,MEDIUM,DEAD,Takeda14
4,status,12,VILLAGER,ALIVE,TOKU3
4,status,13,VILLAGER,ALIVE,OKAMI
4,status,14,VILLAGER,ALIVE,Tomato1
4,status,15,WEREWOLF,DEAD,sample_py
4,talk,0,0,10,VOTE Agent[01]
4,talk,1,0,9,VOTE Agent[01]
4,talk,2,0,13,VOTE Agent[07]
4,talk,3,0,7,DIVINED Agent[12] HUMAN
4,talk,4,0,1,VOTE Agent[14]
4,talk,5,0,2,DIVINED Agent[12] HUMAN
4,talk,6,0,14,VOTE Agent[09]
4,talk,7,0,12,VOTE Agent[10]
4,talk,8,0,3,VOTE Agent[13]
4,talk,9,1,7,VOTE Agent[07]
4,talk,10,1,14,Skip
4,talk,11,1,9,REQUEST ANY (VOTE Agent[01])
4,talk,12,1,3,VOTE Agent[13]
4,talk,13,1,10,REQUEST ANY (VOTE Agent[01])
4,talk,14,1,13,COMINGOUT Agent[13] VILLAGER
4,talk,15,1,12,Skip
4,talk,16,1,2,VOTE Agent[10]
4,talk,17,1,1,Skip
4,talk,18,2,2,VOTE Agent[10]
4,talk,19,2,1,Skip
4,talk,20,2,7,VOTE Agent[07]
4,talk,21,2,3,VOTE Agent[13]
4,talk,22,2,13,VOTE Agent[07]
4,talk,23,2,9,Skip
4,talk,24,2,12,Skip
4,talk,25,2,10,Skip
4,talk,26,2,14,Skip
4,talk,27,3,10,Skip
4,talk,28,3,2,VOTE Agent[10]
4,talk,29,3,9,Skip
4,talk,30,3,13,VOTE Agent[07]
4,talk,31,3,7,VOTE Agent[07]
4,talk,32,3,14,Over
4,talk,33,3,1,Over
4,talk,34,3,3,VOTE Agent[13]
4,talk,35,3,12,Over
4,talk,36,4,2,VOTE Agent[10]
4,talk,37,4,1,Over
4,talk,38,4,7,VOTE Agent[07]
4,talk,39,4,10,Over
4,talk,40,4,9,Over
4,talk,41,4,3,VOTE Agent[13]
4,talk,42,4,12,Over
4,talk,43,4,14,Over
4,talk,44,4,13,VOTE Agent[07]
4,talk,45,5,14,Over
4,talk,46,5,7,VOTE Agent[07]
4,talk,47,5,9,Over
4,talk,48,5,3,VOTE Agent[13]
4,talk,49,5,13,VOTE Agent[07]
4,talk,50,5,2,VOTE Agent[10]
4,talk,51,5,1,Over
4,talk,52,5,12,Over
4,talk,53,5,10,Over
4,talk,54,6,14,Over
4,talk,55,6,13,VOTE Agent[07]
4,talk,56,6,7,VOTE Agent[07]
4,talk,57,6,10,Over
4,talk,58,6,1,Over
4,talk,59,6,12,Over
4,talk,60,6,3,VOTE Agent[13]
4,talk,61,6,9,Over
4,talk,62,6,2,VOTE Agent[10]
4,talk,63,7,7,VOTE Agent[07]
4,talk,64,7,3,VOTE Agent[13]
4,talk,65,7,14,Over
4,talk,66,7,9,Over
4,talk,67,7,12,Over
4,talk,68,7,13,VOTE Agent[07]
4,talk,69,7,1,Over
4,talk,70,7,2,VOTE Agent[10]
4,talk,71,7,10,Over
4,talk,72,8,1,Over
4,talk,73,8,13,VOTE Agent[07]
4,talk,74,8,2,VOTE Agent[10]
4,talk,75,8,7,VOTE Agent[07]
4,talk,76,8,14,Over
4,talk,77,8,3,VOTE Agent[13]
4,talk,78,8,9,Over
4,talk,79,8,12,Over
4,talk,80,8,10,Over
4,talk,81,9,9,Over
4,talk,82,9,13,Over
4,talk,83,9,14,Over
4,talk,84,9,3,Over
4,talk,85,9,1,Over
4,talk,86,9,12,Over
4,talk,87,9,7,Over
4,talk,88,9,10,Over
4,talk,89,9,2,VOTE Agent[10]
4,talk,90,10,12,Over
4,talk,91,10,9,Over
4,talk,92,10,7,Over
4,talk,93,10,2,Over
4,talk,94,10,1,Over
4,talk,95,10,10,Over
4,talk,96,10,14,Over
4,talk,97,10,3,Over
4,talk,98,10,13,Over
4,vote,1,14
4,vote,2,10
4,vote,3,13
4,vote,7,14
4,vote,9,1
4,vote,10,1
4,vote,12,10
4,vote,13,7
4,vote,14,9
4,vote,1,14
4,vote,2,10
4,vote,3,13
4,vote,7,9
4,vote,9,1
4,vote,10,1
4,vote,12,10
4,vote,13,7
4,vote,14,9
4,execute,9,BODYGUARD
4,divine,2,10,WEREWOLF
4,attackVote,10,2
4,attack,2,true
5,status,1,VILLAGER,ALIVE,Tomato9
5,status,2,SEER,DEAD,TOKU8
5,status,3,VILLAGER,ALIVE,HALU
5,status,4,VILLAGER,DEAD,OKAMI
5,status,5,VILLAGER,DEAD,SampleJava11
5,status,6,WEREWOLF,DEAD,HALU
5,status,7,POSSESSED,ALIVE,OKAMI
5,status,8,VILLAGER,DEAD,OKAMI
5,status,9,BODYGUARD,DEAD,SampleJava0
5,status,10,WEREWOLF,ALIVE,SampleJava2
5,status,11,MEDIUM,DEAD,Takeda14
5,status,12,VILLAGER,ALIVE,TOKU3
5,status,13,VILLAGER,ALIVE,OKAMI
5,status,14,VILLAGER,ALIVE,Tomato1
5,status,15,WEREWOLF,DEAD,sample_py
5,talk,0,0,13,VOTE Agent[07]
5,talk,1,0,12,VOTE Agent[10]
5,talk,2,0,1,VOTE Agent[14]
5,talk,3,0,3,VOTE Agent[07]
5,talk,4,0,10,VOTE Agent[01]
5,talk,5,0,14,VOTE Agent[10]
5,talk,6,0,7,COMINGOUT Agent[07] POSSESSED
5,talk,7,1,3,VOTE Agent[14]
5,talk,8,1,10,REQUEST ANY (VOTE Agent[01])
5,talk,9,1,1,Skip
5,talk,10,1,14,Skip
5,talk,11,1,13,COMINGOUT Agent[13] VILLAGER
5,talk,12,1,7,VOTE Agent[10]
5,talk,13,1,12,Skip
5,talk,14,2,3,VOTE Agent[07]
5,talk,15,2,14,Skip
5,talk,16,2,10,Skip
5,talk,17,2,1,Skip
5,talk,18,2,7,VOTE Agent[10]
5,talk,19,2,13,VOTE Agent[07]
5,talk,20,2,12,Skip
5,talk,21,3,3,VOTE Agent[07]
5,talk,22,3,14,Over
5,talk,23,3,1,Over
5,talk,24,3,13,VOTE Agent[07]
5,talk,25,3,12,Over
5,talk,26,3,7,VOTE Agent[10]
5,talk,27,3,10,Skip
5,talk,28,4,1,Over
5,talk,29,4,7,VOTE Agent[10]
5,talk,30,4,3,VOTE Agent[07]
5,talk,31,4,12,Over
5,talk,32,4,13,VOTE Agent[07]
5,talk,33,4,14,Over
5,talk,34,4,10,Over
5,talk,35,5,12,Over
5,talk,36,5,1,Over
5,talk,37,5,13,VOTE Agent[14]
5,talk,38,5,7,VOTE Agent[10]
5,talk,39,5,14,Over
5,talk,40,5,3,VOTE Agent[07]
5,talk,41,5,10,Over
5,talk,42,6,13,VOTE Agent[07]
5,talk,43,6,1,Over
5,talk,44,6,14,Over
5,talk,45,6,3,VOTE Agent[07]
5,talk,46,6,12,Over
5,talk,47,6,10,Over
5,talk,48,6,7,VOTE Agent[10]
5,talk,49,7,3,VOTE Agent[07]
5,talk,50,7,10,Over
5,talk,51,7,14,Over
5,talk,52,7,13,VOTE Agent[07]
5,talk,53,7,1,Over
5,talk,54,7,7,VOTE Agent[10]
5,talk,55,7,12,Over
5,talk,56,8,14,Over
5,talk,57,8,1,Over
5,talk,58,8,10,Over
5,talk,59,8,3,VOTE Agent[07]
5,talk,60,8,13,VOTE Agent[14]
5,talk,61,8,12,Over
5,talk,62,8,7,VOTE Agent[14]
5,talk,63,9,1,Over
5,talk,64,9,10,Over
5,talk,65,9,7,VOTE Agent[10]
5,talk,66,9,13,Over
5,talk,67,9,12,Over
5,talk,68,9,14,Over
5,talk,69,9,3,Over
5,talk,70,10,3,Over
5,talk,71,10,12,Over
5,talk,72,10,1,Over
5,talk,73,10,10,Over
5,talk,74,10,7,Over
5,talk,75,10,13,Over
5,talk,76,10,14,Over
5,vote,1,14
5,vote,3,7
5,vote,7,10
5,vote,10,1
5,vote,12,10
5,vote,13,7
5,vote,14,10
5,execute,10,WEREWOLF
6,status,1,VILLAGER,ALIVE,Tomato9
6,status,2,SEER,DEAD,TOKU8
6,status,3,VILLAGER,ALIVE,HALU
6,status,4,VILLAGER,DEAD,OKAMI
6,status,5,VILLAGER,DEAD,SampleJava11
6,status,6,WEREWOLF,DEAD,HALU
6,status,7,POSSESSED,ALIVE,OKAMI
6,status,8,VILLAGER,DEAD,OKAMI
6,status,9,BODYGUARD,DEAD,SampleJava0
6,status,10,WEREWOLF,DEAD,SampleJava2
6,status,11,MEDIUM,DEAD,Takeda14
6,status,12,VILLAGER,ALIVE,TOKU3
6,status,13,VILLAGER,ALIVE,OKAMI
6,status,14,VILLAGER,ALIVE,Tomato1
6,status,15,WEREWOLF,DEAD,sample_py
6,result,6,0,VILLAGER
