0,status,1,VILLAGER,ALIVE,Tomato9
0,status,2,WEREWOLF,ALIVE,TOKU8
0,status,3,POSSESSED,ALIVE,HALU
0,status,4,BODYGUARD,ALIVE,OKAMI
0,status,5,VILLAGER,ALIVE,SampleJava11
0,status,6,VILLAGER,ALIVE,HALU
0,status,7,VILLAGER,ALIVE,OKAMI
0,status,8,SEER,ALIVE,OKAMI
0,status,9,VILLAGER,ALIVE,SampleJava0
0,status,10,VILLAGER,ALIVE,SampleJava2
0,status,11,VILLAGER,ALIVE,Takeda14
0,status,12,WEREWOLF,ALIVE,TOKU3
0,status,13,VILLAGER,ALIVE,OKAMI
0,status,14,WEREWOLF,ALIVE,Tomato1
0,status,15,MEDIUM,ALIVE,sample_py
0,whisper,0,0,2,Skip
0,whisper,1,0,14,COMINGOUT Agent[14] VILLAGER
0,whisper,2,0,12,Skip
0,whisper,3,1,12,Skip
0,whisper,4,1,14,Skip
0,whisper,5,1,2,Skip
0,whisper,6,2,2,Over
0,whisper,7,2,12,Over
0,whisper,8,2,14,Skip
0,whisper,9,3,2,Over
0,whisper,10,3,12,Over
0,whisper,11,3,14,Over
0,divine,8,9,HUMAN
1,status,1,VILLAGER,ALIVE,Tomato9
1,status,2,WEREWOLF,ALIVE,TOKU8
1,status,3,POSSESSED,ALIVE,HALU
1,status,4,BODYGUARD,ALIVE,OKAMI
1,status,5,VILLAGER,ALIVE,SampleJava11
1,status,6,VILLAGER,ALIVE,HALU
1,status,7,VILLAGER,ALIVE,OKAMI
1,status,8,SEER,ALIVE,OKAMI
1,status,9,VILLAGER,ALIVE,SampleJava0
1,status,10,VILLAGER,ALIVE,SampleJava2
1,status,11,VILLAGER,ALIVE,Takeda14
1,status,12,WEREWOLF,ALIVE,TOKU3
1,status,13,VILLAGER,ALIVE,OKAMI
1,status,14,WEREWOLF,ALIVE,Tomato1
1,status,15,MEDIUM,ALIVE,sample_py
1,talk,0,0,7,VOTE Agent[12]
1,talk,1,0,9,VOTE Agent[15]
1,talk,2,0,6,VOTE Agent[09]
1,talk,3,0,12,Skip
1,talk,4,0,1,VOTE Agent[12]
1,talk,5,0,14,VOTE Agent[12]
1,talk,6,0,8,VOTE Agent[15]
1,talk,7,0,4,VOTE Agent[15]
1,talk,8,0,2,Skip
1,talk,9,0,15,VOTE Agent[08]
1,talk,10,0,3,COMINGOUT Agent[03] SEER
1,talk,11,0,11,VOTE Agent[12]
1,talk,12,0,13,VOTE Agent[15]
1,talk,13,0,10,VOTE Agent[01]
1,talk,14,0,5,VOTE Agent[04]
1,talk,15,1,8,VOTE Agent[15]
1,talk,16,1,12,VOTE Agent[02]
1,talk,17,1,11,Skip
1,talk,18,1,9,REQUEST ANY (VOTE Agent[15])
1,talk,19,1,3,DIVINED Agent[15] WEREWOLF
1,talk,20,1,14,VOTE Agent[15]
1,talk,21,1,4,VOTE Agent[15]
1,talk,22,1,15,VOTE Agent[03]
1,talk,23,1,5,REQUEST ANY (VOTE Agent[04])
1,talk,24,1,2,VOTE Agent[12]
1,talk,25,1,1,VOTE Agent[15]
1,talk,26,1,10,REQUEST ANY (VOTE Agent[01])
1,talk,27,1,6,VOTE Agent[15]
1,talk,28,1,13,COMINGOUT Agent[13] VILLAGER
1,talk,29,1,7,COMINGOUT Agent[07] VILLAGER
1,talk,30,2,9,Skip
1,talk,31,2,15,Skip
1,talk,32,2,7,VOTE Agent[15]
1,talk,33,2,13,VOTE Agent[15]
1,talk,34,2,14,Skip
1,talk,35,2,8,VOTE Agent[15]
1,talk,36,2,6,VOTE Agent[15]
1,talk,37,2,1,Skip
1,talk,38,2,12,VOTE Agent[15]
1,talk,39,2,3,VOTE Agent[15]
1,talk,40,2,5,Skip
1,talk,41,2,4,VOTE Agent[15]
1,talk,42,2,2,VOTE Agent[15]
1,talk,43,2,11,VOTE Agent[15]
1,talk,44,2,10,Skip
1,talk,45,3,1,Skip
1,talk,46,3,8,VOTE Agent[15]
1,talk,47,3,2,Skip
1,talk,48,3,11,Skip
1,talk,49,3,5,Skip
1,talk,50,3,9,Skip
1,talk,51,3,7,VOTE Agent[15]
1,talk,52,3,15,Skip
1,talk,53,3,12,Skip
1,talk,54,3,6,VOTE Agent[15]
1,talk,55,3,13,VOTE Agent[15]
1,talk,56,3,4,VOTE Agent[15]
1,talk,57,3,10,Skip
1,talk,58,3,14,Skip
1,talk,59,3,3,VOTE Agent[15]
1,talk,60,4,12,Skip
1,talk,61,4,5,Over
1,talk,62,4,8,VOTE Agent[15]
1,talk,63,4,2,Skip
1,talk,64,4,4,VOTE Agent[15]
1,talk,65,4,13,VOTE Agent[15]
1,talk,66,4,9,Over
1,talk,67,4,7,VOTE Agent[15]
1,talk,68,4,11,Skip
1,talk,69,4,15,Over
1,talk,70,4,14,Over
1,talk,71,4,10,Over
1,talk,72,4,6,VOTE Agent[15]
1,talk,73,4,1,Over
1,talk,74,4,3,VOTE Agent[15]
1,talk,75,5,15,Over
1,talk,76,5,10,Over
1,talk,77,5,4,VOTE Agent[15]
1,talk,78,5,9,Over
1,talk,79,5,7,VOTE Agent[15]
1,talk,80,5,3,VOTE Agent[15]
1,talk,81,5,1,Over
1,talk,82,5,11,Over
1,talk,83,5,12,Over
1,talk,84,5,6,VOTE Agent[15]
1,talk,85,5,5,Over
1,talk,86,5,14,Over
1,talk,87,5,2,Over
1,talk,88,5,8,VOTE Agent[15]
1,talk,89,5,13,VOTE Agent[15]
1,talk,90,6,10,Over
1,talk,91,6,13,VOTE Agent[15]
1,talk,92,6,12,Over
1,talk,93,6,4,VOTE Agent[15]
1,talk,94,6,1,Over
1,talk,95,6,8,VOTE Agent[15]
1,talk,96,6,15,Over
1,talk,97,6,5,Over
1,talk,98,6,11,Over
1,talk,99,6,2,Over
1,talk,100,6,7,VOTE Agent[15]
1,talk,101,6,3,VOTE Agent[15]
1,talk,102,6,9,Over
1,talk,103,6,6,VOTE Agent[15]
1,talk,104,6,14,Over
1,talk,105,7,6,VOTE Agent[15]
1,talk,106,7,4,VOTE Agent[15]
1,talk,107,7,10,Over
1,talk,108,7,3,VOTE Agent[15]
1,talk,109,7,12,Over
1,talk,110,7,2,Over
1,talk,111,7,15,Over
1,talk,112,7,8,VOTE Agent[15]
1,talk,113,7,11,Over
1,talk,114,7,1,Over
1,talk,115,7,13,VOTE Agent[15]
1,talk,116,7,7,VOTE Agent[15]
1,talk,117,7,14,Over
1,talk,118,7,5,Over
1,talk,119,7,9,Over
1,talk,120,8,14,Over
1,talk,121,8,1,Over
1,talk,122,8,5,Over
1,talk,123,8,10,Over
1,talk,124,8,7,VOTE Agent[15]
1,talk,125,8,9,Over
1,talk,126,8,13,VOTE Agent[15]
1,talk,127,8,15,Over
1,talk,128,8,11,Over
1,talk,129,8,4,VOTE Agent[15]
1,talk,130,8,12,Over
1,talk,131,8,8,VOTE Agent[15]
1,talk,132,8,2,Over
1,talk,133,8,3,VOTE Agent[15]
1,talk,134,8,6,VOTE Agent[15]
1,talk,135,9,4,Over
1,talk,136,9,2,Over
1,talk,137,9,1,Over
1,talk,138,9,14,Over
1,talk,139,9,13,Over
1,talk,140,9,5,Over
1,talk,141,9,11,Over
1,talk,142,9,9,Over
1,talk,143,9,8,Over
1,talk,144,9,6,Over
1,talk,145,9,3,Over
1,talk,146,9,12,Over
1,talk,147,9,10,Over
1,talk,148,9,7,Over
1,talk,149,9,15,Over
1,vote,1,15
1,vote,2,15
1,vote,3,15
1,vote,4,15
1,vote,5,1
1,vote,6,15
1,vote,7,15
1,vote,8,15
1,vote,9,1
1,vote,10,4
1,vote,11,15
1,vote,12,15
1,vote,13,15
1,vote,14,15
1,vote,15,3
1,execute,15,MEDIUM
1,divine,8,12,WEREWOLF
1,whisper,0,0,12,Skip
1,whisper,1,0,2,Skip
1,whisper,2,0,14,ATTACK Agent[03]
1,whisper,3,1,12,Skip
1,whisper,4,1,14,Skip
1,whisper,5,1,2,Skip
1,whisper,6,2,2,Over
1,whisper,7,2,14,Skip
1,whisper,8,2,12,Over
1,whisper,9,3,12,Over
1,whisper,10,3,14,Over
1,whisper,11,3,2,Over
1,guard,4,3,POSSESSED
1,attackVote,2,3
1,attackVote,12,3
1,attackVote,14,3
1,attack,3,false
2,status,1,VILLAGER,ALIVE,Tomato9
2,status,2,WEREWOLF,ALIVE,TOKU8
2,status,3,POSSESSED,ALIVE,HALU
2,status,4,BODYGUARD,ALIVE,OKAMI
2,status,5,VILLAGER,ALIVE,SampleJava11
2,status,6,VILLAGER,ALIVE,HALU
2,status,7,VILLAGER,ALIVE,OKAMI
2,status,8,SEER,ALIVE,OKAMI
2,status,9,VILLAGER,ALIVE,SampleJava0
2,status,10,VILLAGER,ALIVE,SampleJava2
2,status,11,VILLAGER,ALIVE,Takeda14
2,status,12,WEREWOLF,ALIVE,TOKU3
2,status,13,VILLAGER,ALIVE,OKAMI
2,status,14,WEREWOLF,ALIVE,Tomato1
2,status,15,MEDIUM,DEAD,sample_py
2,talk,0,0,8,VOTE Agent[12]
2,talk,1,0,10,VOTE Agent[01]
2,talk,2,0,12,VOTE Agent[04]
2,talk,3,0,13,VOTE Agent[07]
2,talk,4,0,7,VOTE Agent[13]
2,talk,5,0,3,DIVINED Agent[10] WEREWOLF
2,talk,6,0,2,VOTE Agent[12]
2,talk,7,0,5,VOTE Agent[08]
2,talk,8,0,1,VOTE Agent[12]
2,talk,9,0,11,VOTE Agent[12]
2,talk,10,0,14,VOTE Agent[12]
2,talk,11,0,4,VOTE Agent[10]
2,talk,12,0,9,VOTE Agent[08]
2,talk,13,0,6,VOTE Agent[10]
2,talk,14,1,10,REQUEST ANY (VOTE Agent[01])
2,talk,15,1,6,VOTE Agent[10]
2,talk,16,1,7,COMINGOUT Agent[07] VILLAGER
2,talk,17,1,14,Skip
2,talk,18,1,11,Skip
2,talk,19,1,4,VOTE Agent[10]
2,talk,20,1,9,REQUEST ANY (VOTE Agent[08])
2,talk,21,1,2,VOTE Agent[04]
2,talk,22,1,12,VOTE Agent[02]
2,talk,23,1,13,COMINGOUT Agent[13] VILLAGER
2,talk,24,1,5,REQUEST ANY (VOTE Agent[08])
2,talk,25,1,1,Skip
2,talk,26,1,8,VOTE Agent[10]
2,talk,27,1,3,VOTE Agent[10]
2,talk,28,2,6,VOTE Agent[10]
2,talk,29,2,12,Skip
2,talk,30,2,3,VOTE Agent[10]
2,talk,31,2,13,VOTE Agent[10]
2,talk,32,2,8,VOTE Agent[10]
2,talk,33,2,11,Skip
2,talk,34,2,7,VOTE Agent[10]
2,talk,35,2,5,Skip
2,talk,36,2,2,Skip
2,talk,37,2,10,BECAUSE (AND (COMINGOUT Agent[10] VILLAGER) (DAY 2 (Agent[03] DIVINED Agent[10] WEREWOLF))) (XOR (ESTIMATE Agent[03] WEREWOLF) (ESTIMATE Agent[03] POSSESSED))
2,talk,38,2,1,VOTE Agent[10]
2,talk,39,2,9,Skip
2,talk,40,2,14,VOTE Agent[10]
2,talk,41,2,4,VOTE Agent[10]
2,talk,42,3,3,VOTE Agent[10]
2,talk,43,3,12,VOTE Agent[10]
2,talk,44,3,14,Skip
2,talk,45,3,2,VOTE Agent[10]
2,talk,46,3,11,VOTE Agent[10]
2,talk,47,3,8,VOTE Agent[10]
2,talk,48,3,5,Skip
2,talk,49,3,6,VOTE Agent[10]
2,talk,50,3,13,VOTE Agent[10]
2,talk,51,3,9,Skip
2,talk,52,3,4,VOTE Agent[10]
2,talk,53,3,10,BECAUSE (XOR (ESTIMATE Agent[03] WEREWOLF) (ESTIMATE Agent[03] POSSESSED)) (AND (VOTE Agent[03]) (REQUEST ANY (VOTE Agent[03])))
2,talk,54,3,1,Skip
2,talk,55,3,7,VOTE Agent[10]
2,talk,56,4,8,VOTE Agent[10]
2,talk,57,4,9,Over
2,talk,58,4,13,VOTE Agent[10]
2,talk,59,4,3,VOTE Agent[10]
2,talk,60,4,1,Skip
2,talk,61,4,7,VOTE Agent[10]
2,talk,62,4,4,VOTE Agent[10]
2,talk,63,4,6,VOTE Agent[10]
2,talk,64,4,10,VOTE Agent[03]
2,talk,65,4,14,Skip
2,talk,66,4,5,Over
2,talk,67,4,11,Skip
2,talk,68,4,2,Skip
2,talk,69,4,12,Skip
2,talk,70,5,14,Over
2,talk,71,5,8,VOTE Agent[10]
2,talk,72,5,1,Over
2,talk,73,5,12,Skip
2,talk,74,5,9,Over
2,talk,75,5,13,VOTE Agent[10]
2,talk,76,5,7,VOTE Agent[10]
2,talk,77,5,11,Skip
2,talk,78,5,5,Over
2,talk,79,5,3,VOTE Agent[10]
2,talk,80,5,10,REQUEST ANY (VOTE Agent[03])
2,talk,81,5,2,Skip
2,talk,82,5,6,VOTE Agent[10]
2,talk,83,5,4,VOTE Agent[10]
2,talk,84,6,1,Over
2,talk,85,6,5,Over
2,talk,86,6,11,Over
2,talk,87,6,9,Over
2,talk,88,6,12,Over
2,talk,89,6,4,VOTE Agent[10]
2,talk,90,6,3,VOTE Agent[10]
2,talk,91,6,8,VOTE Agent[10]
2,talk,92,6,13,VOTE Agent[10]
2,talk,93,6,6,VOTE Agent[10]
2,talk,94,6,7,VOTE Agent[10]
2,talk,95,6,2,Over
2,talk,96,6,14,Over
2,talk,97,6,10,Skip
2,talk,98,7,9,Over
2,talk,99,7,14,Over
2,talk,100,7,7,VOTE Agent[10]
2,talk,101,7,11,Over
2,talk,102,7,1,Over
2,talk,103,7,2,Over
2,talk,104,7,5,Over
2,talk,105,7,13,VOTE Agent[10]
2,talk,106,7,3,VOTE Agent[10]
2,talk,107,7,12,Over
2,talk,108,7,10,Skip
2,talk,109,7,8,VOTE Agent[10]
2,talk,110,7,4,VOTE Agent[10]
2,talk,111,7,6,VOTE Agent[10]
2,talk,112,8,13,VOTE Agent[10]
2,talk,113,8,1,Over
2,talk,114,8,3,VOTE Agent[10]
2,talk,115,8,11,Over
2,talk,116,8,14,Over
2,talk,117,8,6,VOTE Agent[10]
2,talk,118,8,10,Over
2,talk,119,8,5,Over
2,talk,120,8,12,Over
2,talk,121,8,4,VOTE Agent[10]
2,talk,122,8,7,VOTE Agent[10]
2,talk,123,8,9,Over
2,talk,124,8,2,Over
2,talk,125,8,8,VOTE Agent[10]
2,talk,126,9,14,Over
2,talk,127,9,1,Over
2,talk,128,9,8,Over
2,talk,129,9,6,Over
2,talk,130,9,9,Over
2,talk,131,9,3,Over
2,talk,132,9,10,Over
2,talk,133,9,5,Over
2,talk,134,9,11,Over
2,talk,135,9,2,Over
2,talk,136,9,12,Over
2,talk,137,9,13,Over
2,talk,138,9,7,Over
2,talk,139,9,4,Over
2,vote,1,10
2,vote,2,10
2,vote,3,10
2,vote,4,10
2,vote,5,3
2,vote,6,10
2,vote,7,10
2,vote,8,10
2,vote,9,8
2,vote,10,3
2,vote,11,10
2,vote,12,10
2,vote,13,10
2,vote,14,10
2,execute,10,VILLAGER
2,divine,8,9,HUMAN
2,whisper,0,0,14,ATTACK Agent[03]
2,whisper,1,0,2,Skip
2,whisper,2,0,12,Skip
2,whisper,3,1,12,Skip
2,whisper,4,1,2,Skip
2,whisper,5,1,14,Skip
2,whisper,6,2,12,Over
2,whisper,7,2,2,Over
2,whisper,8,2,14,Skip
2,whisper,9,3,2,Over
2,whisper,10,3,14,Over
2,whisper,11,3,12,Over
2,guard,4,3,POSSESSED
2,attackVote,2,3
2,attackVote,12,3
2,attackVote,14,3
2,attack,3,false
3,status,1,VILLAGER,ALIVE,Tomato9
3,status,2,WEREWOLF,ALIVE,TOKU8
3,status,3,POSSESSED,ALIVE,HALU
3,status,4,BODYGUARD,ALIVE,OKAMI
3,status,5,VILLAGER,ALIVE,SampleJava11
3,status,6,VILLAGER,ALIVE,HALU
3,status,7,VILLAGER,ALIVE,OKAMI
3,status,8,SEER,ALIVE,OKAMI
3,status,9,VILLAGER,ALIVE,SampleJava0
3,status,10,VILLAGER,DEAD,SampleJava2
3,status,11,VILLAGER,ALIVE,Takeda14
3,status,12,WEREWOLF,ALIVE,TOKU3
3,status,13,VILLAGER,ALIVE,OKAMI
3,status,14,WEREWOLF,ALIVE,Tomato1
3,status,15,MEDIUM,DEAD,sample_py
3,talk,0,0,6,VOTE Agent[07]
3,talk,1,0,9,VOTE Agent[02]
3,talk,2,0,2,VOTE Agent[12]
3,talk,3,0,7,VOTE Agent[05]
3,talk,4,0,5,VOTE Agent[07]
3,talk,5,0,12,VOTE Agent[02]
3,talk,6,0,14,VOTE Agent[07]
3,talk,7,0,13,VOTE Agent[05]
3,talk,8,0,11,VOTE Agent[12]
3,talk,9,0,4,VOTE Agent[05]
3,talk,10,0,1,VOTE Agent[14]
3,talk,11,0,8,VOTE Agent[12]
3,talk,12,0,3,DIVINED Agent[09] WEREWOLF
3,talk,13,1,2,Skip
3,talk,14,1,9,REQUEST ANY (VOTE Agent[02])
3,talk,15,1,6,VOTE Agent[09]
3,talk,16,1,5,REQUEST ANY (VOTE Agent[07])
3,talk,17,1,12,Skip
3,talk,18,1,3,VOTE Agent[09]
3,talk,19,1,14,VOTE Agent[05]
3,talk,20,1,13,COMINGOUT Agent[13] VILLAGER
3,talk,21,1,11,Skip
3,talk,22,1,7,COMINGOUT Agent[07] VILLAGER
3,talk,23,1,8,VOTE Agent[09]
3,talk,24,1,1,Skip
3,talk,25,1,4,VOTE Agent[09]
3,talk,26,2,5,Skip
3,talk,27,2,7,VOTE Agent[09]
3,talk,28,2,14,VOTE Agent[09]
3,talk,29,2,6,VOTE Agent[09]
3,talk,30,2,2,Skip
3,talk,31,2,11,Skip
3,talk,32,2,4,VOTE Agent[09]
3,talk,33,2,12,Skip
3,talk,34,2,8,VOTE Agent[09]
3,talk,35,2,13,VOTE Agent[09]
3,talk,36,2,1,Skip
3,talk,37,2,9,BECAUSE (AND (COMINGOUT Agent[09] VILLAGER) (DAY 3 (Agent[03] DIVINED Agent[09] WEREWOLF))) (XOR (ESTIMATE Agent[03] WEREWOLF) (ESTIMATE Agent[03] POSSESSED))
3,talk,38,2,3,VOTE Agent[09]
3,talk,39,3,9,BECAUSE (XOR (ESTIMATE Agent[03] WEREWOLF) (ESTIMATE Agent[03] POSSESSED)) (AND (VOTE Agent[03]) (REQUEST ANY (VOTE Agent[03])))
3,talk,40,3,5,Skip
3,talk,41,3,13,VOTE Agent[09]
3,talk,42,3,11,Over
3,talk,43,3,6,VOTE Agent[09]
3,talk,44,3,8,VOTE Agent[09]
3,talk,45,3,7,VOTE Agent[09]
3,talk,46,3,1,Over
3,talk,47,3,4,VOTE Agent[09]
3,talk,48,3,12,VOTE Agent[09]
3,talk,49,3,3,VOTE Agent[09]
3,talk,50,3,2,VOTE Agent[09]
3,talk,51,3,14,Skip
3,talk,52,4,5,Over
3,talk,53,4,3,VOTE Agent[09]
3,talk,54,4,7,VOTE Agent[09]
3,talk,55,4,8,VOTE Agent[09]
3,talk,56,4,4,VOTE Agent[09]
3,talk,57,4,12,Skip
3,talk,58,4,14,Skip
3,talk,59,4,13,VOTE Agent[09]
3,talk,60,4,9,VOTE Agent[03]
3,talk,61,4,2,Skip
3,talk,62,4,6,VOTE Agent[09]
3,talk,63,4,1,Over
3,talk,64,4,11,Over
3,talk,65,5,2,Skip
3,talk,66,5,9,REQUEST ANY (VOTE Agent[03])
3,talk,67,5,14,Over
3,talk,68,5,4,VOTE Agent[09]
3,talk,69,5,11,Over
3,talk,70,5,8,VOTE Agent[09]
3,talk,71,5,7,VOTE Agent[09]
3,talk,72,5,5,Over
3,talk,73,5,12,Skip
3,talk,74,5,3,VOTE Agent[09]
3,talk,75,5,13,VOTE Agent[09]
3,talk,76,5,1,Over
3,talk,77,5,6,VOTE Agent[09]
3,talk,78,6,7,VOTE Agent[09]
3,talk,79,6,14,Over
3,talk,80,6,2,Over
3,talk,81,6,9,Skip
3,talk,82,6,11,Over
3,talk,83,6,1,Over
3,talk,84,6,6,VOTE Agent[09]
3,talk,85,6,3,VOTE Agent[09]
3,talk,86,6,13,VOTE Agent[09]
3,talk,87,6,8,VOTE Agent[09]
3,talk,88,6,5,Over
3,talk,89,6,4,VOTE Agent[09]
3,talk,90,6,12,Over
3,talk,91,7,4,VOTE Agent[09]
3,talk,92,7,2,Over
3,talk,93,7,11,Over
3,talk,94,7,8,VOTE Agent[09]
3,talk,95,7,9,Skip
3,talk,96,7,5,Over
3,talk,97,7,1,Over
3,talk,98,7,6,VOTE Agent[09]
3,talk,99,7,3,VOTE Agent[09]
3,talk,100,7,7,VOTE Agent[09]
3,talk,101,7,14,Over
3,talk,102,7,12,Over
3,talk,103,7,13,VOTE Agent[09]
3,talk,104,8,14,Over
3,talk,105,8,1,Over
3,talk,106,8,7,VOTE Agent[09]
3,talk,107,8,13,VOTE Agent[09]
3,talk,108,8,2,Over
3,talk,109,8,11,Over
3,talk,110,8,12,Over
3,talk,111,8,3,VOTE Agent[09]
3,talk,112,8,9,Over
3,talk,113,8,5,Over
3,talk,114,8,4,VOTE Agent[09]
3,talk,115,8,6,VOTE Agent[09]
3,talk,116,8,8,VOTE Agent[09]
3,talk,117,9,2,Over
3,talk,118,9,9,Over
3,talk,119,9,1,Over
3,talk,120,9,7,Over
3,talk,121,9,14,Over
3,talk,122,9,6,Over
3,talk,123,9,3,Over
3,talk,124,9,5,Over
3,talk,125,9,4,Over
3,talk,126,9,8,Over
3,talk,127,9,12,Over
3,talk,128,9,11,Over
3,talk,129,9,13,Over
3,vote,1,14
3,vote,2,9
3,vote,3,9
3,vote,4,9
3,vote,5,3
3,vote,6,9
3,vote,7,9
3,vote,8,9
3,vote,9,3
3,vote,11,9
3,vote,12,9
3,vote,13,9
3,vote,14,9
3,execute,9,VILLAGER
3,divine,8,2,WEREWOLF
3,whisper,0,0,14,ATTACK Agent[03]
3,whisper,1,0,2,Skip
3,whisper,2,0,12,Skip
3,whisper,3,1,14,Skip
3,whisper,4,1,12,Skip
3,whisper,5,1,2,Skip
3,whisper,6,2,12,Over
3,whisper,7,2,2,Over
3,whisper,8,2,14,Skip
3,whisper,9,3,2,Over
3,whisper,10,3,12,Over
3,whisper,11,3,14,Over
3,guard,4,3,POSSESSED
3,attackVote,2,3
3,attackVote,12,3
3,attackVote,14,3
3,attack,3,false
4,status,1,VILLAGER,ALIVE,Tomato9
4,status,2,WEREWOLF,ALIVE,TOKU8
4,status,3,POSSESSED,ALIVE,HALU
4,status,4,BODYGUARD,ALIVE,OKAMI
4,status,5,VILLAGER,ALIVE,SampleJava11
4,status,6,VILLAGER,ALIVE,HALU
4,status,7,VILLAGER,ALIVE,OKAMI
4,status,8,SEER,ALIVE,OKAMI
4,status,9,VILLAGER,DEAD,SampleJava0
4,status,10,VILLAGER,DEAD,SampleJava2
4,status,11,VILLAGER,ALIVE,Takeda14
4,status,12,WEREWOLF,ALIVE,TOKU3
4,status,13,VILLAGER,ALIVE,OKAMI
4,status,14,WEREWOLF,ALIVE,Tomato1
4,status,15,MEDIUM,DEAD,sample_py
4,talk,0,0,14,VOTE Agent[13]
4,talk,1,0,13,VOTE Agent[07]
4,talk,2,0,12,VOTE Agent[02]
4,talk,3,0,11,VOTE Agent[12]
4,talk,4,0,5,VOTE Agent[01]
4,talk,5,0,6,VOTE Agent[05]
4,talk,6,0,7,VOTE Agent[13]
4,talk,7,0,2,VOTE Agent[12]
4,talk,8,0,3,DIVINED Agent[02] WEREWOLF
4,talk,9,0,4,VOTE Agent[02]
4,talk,10,0,8,VOTE Agent[02]
4,talk,11,0,1,VOTE Agent[14]
4,talk,12,1,13,COMINGOUT Agent[13] VILLAGER
4,talk,13,1,11,Skip
4,talk,14,1,14,Skip
4,talk,15,1,4,VOTE Agent[02]
4,talk,16,1,5,REQUEST ANY (VOTE Agent[01])
4,talk,17,1,8,VOTE Agent[02]
4,talk,18,1,6,VOTE Agent[02]
4,talk,19,1,3,VOTE Agent[02]
4,talk,20,1,7,COMINGOUT Agent[07] VILLAGER
4,talk,21,1,1,Skip
4,talk,22,1,2,Skip
4,talk,23,1,12,Skip
4,talk,24,2,13,VOTE Agent[02]
4,talk,25,2,12,Skip
4,talk,26,2,3,VOTE Agent[02]
4,talk,27,2,4,VOTE Agent[02]
4,talk,28,2,5,Skip
4,talk,29,2,14,Skip
4,talk,30,2,2,VOTE Agent[12]
4,talk,31,2,6,VOTE Agent[02]
4,talk,32,2,1,Skip
4,talk,33,2,11,Skip
4,talk,34,2,7,VOTE Agent[02]
4,talk,35,2,8,VOTE Agent[02]
4,talk,36,3,7,VOTE Agent[02]
4,talk,37,3,3,VOTE Agent[02]
4,talk,38,3,2,VOTE Agent[12]
4,talk,39,3,6,VOTE Agent[02]
4,talk,40,3,8,VOTE Agent[02]
4,talk,41,3,13,VOTE Agent[02]
4,talk,42,3,4,VOTE Agent[02]
4,talk,43,3,11,Over
4,talk,44,3,1,Over
4,talk,45,3,12,Over
4,talk,46,3,14,Over
4,talk,47,3,5,Skip
4,talk,48,4,13,VOTE Agent[02]
4,talk,49,4,12,Over
4,talk,50,4,6,VOTE Agent[02]
4,talk,51,4,11,Over
4,talk,52,4,8,VOTE Agent[02]
4,talk,53,4,14,VOTE Agent[01]
4,talk,54,4,4,VOTE Agent[02]
4,talk,55,4,3,VOTE Agent[02]
4,talk,56,4,2,VOTE Agent[12]
4,talk,57,4,5,Over
4,talk,58,4,1,Over
4,talk,59,4,7,VOTE Agent[02]
4,talk,60,5,12,Over
4,talk,61,5,6,VOTE Agent[02]
4,talk,62,5,13,VOTE Agent[02]
4,talk,63,5,8,VOTE Agent[02]
4,talk,64,5,3,VOTE Agent[02]
4,talk,65,5,5,Over
4,talk,66,5,4,VOTE Agent[02]
4,talk,67,5,11,Over
4,talk,68,5,2,VOTE Agent[12]
4,talk,69,5,7,VOTE Agent[02]
4,talk,70,5,1,Over
4,talk,71,5,14,Skip
4,talk,72,6,3,VOTE Agent[02]
4,talk,73,6,8,VOTE Agent[02]
4,talk,74,6,2,VOTE Agent[12]
4,talk,75,6,5,Over
4,talk,76,6,11,Over
4,talk,77,6,7,VOTE Agent[02]
4,talk,78,6,13,VOTE Agent[02]
4,talk,79,6,1,Over
4,talk,80,6,4,VOTE Agent[02]
4,talk,81,6,14,Skip
4,talk,82,6,6,VOTE Agent[02]
4,talk,83,6,12,Over
4,talk,84,7,5,Over
4,talk,85,7,14,Over
4,talk,86,7,1,Over
4,talk,87,7,13,VOTE Agent[02]
4,talk,88,7,7,VOTE Agent[02]
4,talk,89,7,2,VOTE Agent[12]
4,talk,90,7,6,VOTE Agent[02]
4,talk,91,7,11,Over
4,talk,92,7,12,Over
4,talk,93,7,8,VOTE Agent[02]
4,talk,94,7,4,VOTE Agent[02]
4,talk,95,7,3,VOTE Agent[02]
4,talk,96,8,3,VOTE Agent[02]
4,talk,97,8,8,VOTE Agent[02]
4,talk,98,8,1,Over
4,talk,99,8,6,VOTE Agent[02]
4,talk,100,8,7,VOTE Agent[02]
4,talk,101,8,11,Over
4,talk,102,8,13,VOTE Agent[02]
4,talk,103,8,12,Over
4,talk,104,8,14,Over
4,talk,105,8,2,VOTE Agent[12]
4,talk,106,8,5,Over
4,talk,107,8,4,VOTE Agent[02]
4,talk,108,9,6,Over
4,talk,109,9,12,Over
4,talk,110,9,5,Over
4,talk,111,9,7,Over
4,talk,112,9,13,Over
4,talk,113,9,2,VOTE Agent[12]
4,talk,114,9,8,Over
4,talk,115,9,3,Over
4,talk,116,9,14,Over
4,talk,117,9,11,Over
4,talk,118,9,1,Over
4,talk,119,9,4,Over
4,talk,120,10,11,Over
4,talk,121,10,8,Over
4,talk,122,10,14,Over
4,talk,123,10,7,Over
4,talk,124,10,3,Over
4,talk,125,10,13,Over
4,talk,126,10,4,Over
4,talk,127,10,5,Over
4,talk,128,10,1,Over
4,talk,129,10,2,VOTE Agent[12]
4,talk,130,10,6,Over
4,talk,131,10,12,Over
4,talk,132,11,8,Over
4,talk,133,11,3,Over
4,talk,134,11,6,Over
4,talk,135,11,4,Over
4,talk,136,11,2,Over
4,talk,137,11,13,Over
4,talk,138,11,1,Over
4,talk,139,11,11,Over
4,talk,140,11,7,Over
4,talk,141,11,12,Over
4,talk,142,11,5,Over
4,talk,143,11,14,Over
4,vote,1,14
4,vote,2,12
4,vote,3,2
4,vote,4,2
4,vote,5,7
4,vote,6,2
4,vote,7,2
4,vote,8,2
4,vote,11,2
4,vote,12,2
4,vote,13,2
4,vote,14,1
4,execute,2,WEREWOLF
4,divine,8,1,HUMAN
4,whisper,0,0,14,ATTACK Agent[03]
4,whisper,1,0,12,Skip
4,whisper,2,1,12,Skip
4,whisper,3,1,14,Skip
4,whisper,4,2,14,Skip
4,whisper,5,2,12,Over
4,whisper,6,3,12,Over
4,whisper,7,3,14,Over
4,guard,4,3,POSSESSED
4,attackVote,12,3
4,attackVote,14,3
4,attack,3,false
5,status,1,VILLAGER,ALIVE,Tomato9
5,status,2,WEREWOLF,DEAD,TOKU8
5,status,3,POSSESSED,ALIVE,HALU
5,status,4,BODYGUARD,ALIVE,OKAMI
5,status,5,VILLAGER,ALIVE,SampleJava11
5,status,6,VILLAGER,ALIVE,HALU
5,status,7,VILLAGER,ALIVE,OKAMI
5,status,8,SEER,ALIVE,OKAMI
5,status,9,VILLAGER,DEAD,SampleJava0
5,status,10,VILLAGER,DEAD,SampleJava2
5,status,11,VILLAGER,ALIVE,Takeda14
5,status,12,WEREWOLF,ALIVE,TOKU3
5,status,13,VILLAGER,ALIVE,OKAMI
5,status,14,WEREWOLF,ALIVE,Tomato1
5,status,15,MEDIUM,DEAD,sample_py
5,talk,0,0,11,VOTE Agent[12]
5,talk,1,0,6,VOTE Agent[05]
5,talk,2,0,13,VOTE Agent[05]
5,talk,3,0,14,VOTE Agent[05]
5,talk,4,0,4,VOTE Agent[05]
5,talk,5,0,7,VOTE Agent[05]
5,talk,6,0,3,DIVINED Agent[14] WEREWOLF
5,talk,7,0,1,VOTE Agent[14]
5,talk,8,0,5,VOTE Agent[06]
5,talk,9,0,12,VOTE Agent[08]
5,talk,10,0,8,VOTE Agent[14]
5,talk,11,1,14,Skip
5,talk,12,1,3,VOTE Agent[14]
5,talk,13,1,13,COMINGOUT Agent[13] VILLAGER
5,talk,14,1,4,VOTE Agent[14]
5,talk,15,1,12,VOTE Agent[04]
5,talk,16,1,5,REQUEST ANY (VOTE Agent[06])
5,talk,17,1,7,COMINGOUT Agent[07] VILLAGER
5,talk,18,1,11,Skip
5,talk,19,1,6,VOTE Agent[14]
5,talk,20,1,8,VOTE Agent[14]
5,talk,21,1,1,Skip
5,talk,22,2,5,Skip
5,talk,23,2,14,Skip
5,talk,24,2,13,VOTE Agent[14]
5,talk,25,2,7,VOTE Agent[14]
5,talk,26,2,12,VOTE Agent[14]
5,talk,27,2,11,VOTE Agent[14]
5,talk,28,2,3,VOTE Agent[14]
5,talk,29,2,1,Skip
5,talk,30,2,6,VOTE Agent[14]
5,talk,31,2,8,VOTE Agent[14]
5,talk,32,2,4,VOTE Agent[14]
5,talk,33,3,1,Over
5,talk,34,3,6,VOTE Agent[14]
5,talk,35,3,3,VOTE Agent[14]
5,talk,36,3,14,VOTE Agent[06]
5,talk,37,3,13,VOTE Agent[14]
5,talk,38,3,5,Skip
5,talk,39,3,7,VOTE Agent[14]
5,talk,40,3,11,Skip
5,talk,41,3,8,VOTE Agent[14]
5,talk,42,3,4,VOTE Agent[14]
5,talk,43,3,12,Skip
5,talk,44,4,1,Over
5,talk,45,4,6,VOTE Agent[14]
5,talk,46,4,11,Skip
5,talk,47,4,5,Over
5,talk,48,4,7,VOTE Agent[14]
5,talk,49,4,14,Skip
5,talk,50,4,8,VOTE Agent[14]
5,talk,51,4,12,Skip
5,talk,52,4,3,VOTE Agent[14]
5,talk,53,4,13,VOTE Agent[14]
5,talk,54,4,4,VOTE Agent[14]
5,talk,55,5,8,VOTE Agent[14]
5,talk,56,5,5,Over
5,talk,57,5,12,Over
5,talk,58,5,14,Skip
5,talk,59,5,11,Over
5,talk,60,5,3,VOTE Agent[14]
5,talk,61,5,7,VOTE Agent[14]
5,talk,62,5,13,VOTE Agent[14]
5,talk,63,5,4,VOTE Agent[14]
5,talk,64,5,1,Over
5,talk,65,5,6,VOTE Agent[14]
5,talk,66,6,3,VOTE Agent[14]
5,talk,67,6,11,Over
5,talk,68,6,13,VOTE Agent[14]
5,talk,69,6,6,VOTE Agent[14]
5,talk,70,6,4,VOTE Agent[14]
5,talk,71,6,1,Over
5,talk,72,6,5,Over
5,talk,73,6,12,Over
5,talk,74,6,14,Over
5,talk,75,6,8,VOTE Agent[14]
5,talk,76,6,7,VOTE Agent[14]
5,talk,77,7,1,Over
5,talk,78,7,11,Over
5,talk,79,7,8,VOTE Agent[14]
5,talk,80,7,13,VOTE Agent[14]
5,talk,81,7,3,VOTE Agent[14]
5,talk,82,7,14,Over
5,talk,83,7,12,Over
5,talk,84,7,5,Over
5,talk,85,7,7,VOTE Agent[14]
5,talk,86,7,4,VOTE Agent[14]
5,talk,87,7,6,VOTE Agent[14]
5,talk,88,8,4,VOTE Agent[14]
5,talk,89,8,3,VOTE Agent[14]
5,talk,90,8,5,Over
5,talk,91,8,1,Over
5,talk,92,8,6,VOTE Agent[14]
5,talk,93,8,14,Over
5,talk,94,8,8,VOTE Agent[14]
5,talk,95,8,7,VOTE Agent[14]
5,talk,96,8,12,Over
5,talk,97,8,11,Over
5,talk,98,8,13,VOTE Agent[14]
5,talk,99,9,13,Over
5,talk,100,9,7,Over
5,talk,101,9,5,Over
5,talk,102,9,11,Over
5,talk,103,9,8,Over
5,talk,104,9,4,Over
5,talk,105,9,3,Over
5,talk,106,9,1,Over
5,talk,107,9,12,Over
5,talk,108,9,14,Over
5,talk,109,9,6,Over
5,vote,1,14
5,vote,3,14
5,vote,4,14
5,vote,5,6
5,vote,6,14
5,vote,7,14
5,vote,8,14
5,vote,11,14
5,vote,12,14
5,vote,13,14
5,vote,14,6
5,execute,14,WEREWOLF
5,divine,8,8,HUMAN
5,guard,4,3,POSSESSED
5,attackVote,12,3
5,attack,3,false
6,status,1,VILLAGER,ALIVE,Tomato9
6,status,2,WEREWOLF,DEAD,TOKU8
6,status,3,POSSESSED,ALIVE,HALU
6,status,4,BODYGUARD,ALIVE,OKAMI
6,status,5,VILLAGER,ALIVE,SampleJava11
6,status,6,VILLAGER,ALIVE,HALU
6,status,7,VILLAGER,ALIVE,OKAMI
6,status,8,SEER,ALIVE,OKAMI
6,status,9,VILLAGER,DEAD,SampleJava0
6,status,10,VILLAGER,DEAD,SampleJava2
6,status,11,VILLAGER,ALIVE,Takeda14
6,status,12,WEREWOLF,ALIVE,TOKU3
6,status,13,VILLAGER,ALIVE,OKAMI
6,status,14,WEREWOLF,DEAD,Tomato1
6,status,15,MEDIUM,DEAD,sample_py
6,talk,0,0,13,VOTE Agent[07]
6,talk,1,0,11,VOTE Agent[12]
6,talk,2,0,5,VOTE Agent[08]
6,talk,3,0,1,VOTE Agent[12]
6,talk,4,0,3,DIVINED Agent[06] WEREWOLF
6,talk,5,0,4,VOTE Agent[06]
6,talk,6,0,8,VOTE Agent[06]
6,talk,7,0,12,VOTE Agent[04]
6,talk,8,0,7,VOTE Agent[06]
6,talk,9,0,6,VOTE Agent[06]
6,talk,10,1,7,COMINGOUT Agent[07] VILLAGER
6,talk,11,1,11,Skip
6,talk,12,1,3,VOTE Agent[06]
6,talk,13,1,1,Skip
6,talk,14,1,5,REQUEST ANY (VOTE Agent[08])
6,talk,15,1,8,VOTE Agent[06]
6,talk,16,1,6,VOTE Agent[06]
6,talk,17,1,13,COMINGOUT Agent[13] VILLAGER
6,talk,18,1,12,VOTE Agent[06]
6,talk,19,1,4,VOTE Agent[06]
6,talk,20,2,12,Skip
6,talk,21,2,1,Skip
6,talk,22,2,5,Skip
6,talk,23,2,13,VOTE Agent[06]
6,talk,24,2,8,VOTE Agent[06]
6,talk,25,2,11,VOTE Agent[06]
6,talk,26,2,3,VOTE Agent[06]
6,talk,27,2,7,VOTE Agent[06]
6,talk,28,2,4,VOTE Agent[06]
6,talk,29,2,6,VOTE Agent[06]
6,talk,30,3,12,Skip
6,talk,31,3,3,VOTE Agent[06]
6,talk,32,3,11,Skip
6,talk,33,3,13,VOTE Agent[06]
6,talk,34,3,7,VOTE Agent[06]
6,talk,35,3,8,VOTE Agent[06]
6,talk,36,3,5,Skip
6,talk,37,3,6,VOTE Agent[06]
6,talk,38,3,4,VOTE Agent[06]
6,talk,39,3,1,Over
6,talk,40,4,7,VOTE Agent[06]
6,talk,41,4,3,VOTE Agent[06]
6,talk,42,4,11,Skip
6,talk,43,4,13,VOTE Agent[06]
6,talk,44,4,8,VOTE Agent[06]
6,talk,45,4,5,Over
6,talk,46,4,12,Over
6,talk,47,4,1,Over
6,talk,48,4,6,VOTE Agent[06]
6,talk,49,4,4,VOTE Agent[06]
6,talk,50,5,4,VOTE Agent[06]
6,talk,51,5,6,VOTE Agent[06]
6,talk,52,5,12,Over
6,talk,53,5,11,Over
6,talk,54,5,1,Over
6,talk,55,5,3,VOTE Agent[06]
6,talk,56,5,5,Over
6,talk,57,5,13,VOTE Agent[06]
6,talk,58,5,8,VOTE Agent[06]
6,talk,59,5,7,VOTE Agent[06]
6,talk,60,6,4,VOTE Agent[06]
6,talk,61,6,1,Over
6,talk,62,6,7,VOTE Agent[06]
6,talk,63,6,5,Over
6,talk,64,6,13,VOTE Agent[06]
6,talk,65,6,12,Over
6,talk,66,6,8,VOTE Agent[06]
6,talk,67,6,3,VOTE Agent[06]
6,talk,68,6,6,VOTE Agent[06]
6,talk,69,6,11,Over
6,talk,70,7,6,VOTE Agent[06]
6,talk,71,7,8,VOTE Agent[06]
6,talk,72,7,1,Over
6,talk,73,7,13,VOTE Agent[06]
6,talk,74,7,4,VOTE Agent[06]
6,talk,75,7,3,VOTE Agent[06]
6,talk,76,7,7,VOTE Agent[06]
6,talk,77,7,12,Over
6,talk,78,7,5,Over
6,talk,79,7,11,Over
6,talk,80,8,3,VOTE Agent[06]
6,talk,81,8,7,VOTE Agent[06]
6,talk,82,8,12,Over
6,talk,83,8,13,VOTE Agent[06]
6,talk,84,8,8,VOTE Agent[06]
6,talk,85,8,11,Over
6,talk,86,8,1,Over
6,talk,87,8,4,VOTE Agent[06]
6,talk,88,8,6,VOTE Agent[06]
6,talk,89,8,5,Over
6,talk,90,9,12,Over
6,talk,91,9,13,Over
6,talk,92,9,7,Over
6,talk,93,9,1,Over
6,talk,94,9,4,Over
6,talk,95,9,8,Over
6,talk,96,9,3,Over
6,talk,97,9,11,Over
6,talk,98,9,5,Over
6,talk,99,9,6,Over
6,vote,1,12
6,vote,3,6
6,vote,4,6
6,vote,5,6
6,vote,6,5
6,vote,7,6
6,vote,8,6
6,vote,11,6
6,vote,12,6
6,vote,13,6
6,execute,6,VILLAGER
6,divine,8,1,HUMAN
6,guard,4,3,POSSESSED
6,attackVote,12,3
6,attack,3,false
7,status,1,VILLAGER,ALIVE,Tomato9
7,status,2,WEREWOLF,DEAD,TOKU8
7,status,3,POSSESSED,ALIVE,HALU
7,status,4,BODYGUARD,ALIVE,OKAMI
7,status,5,VILLAGER,ALIVE,SampleJava11
7,status,6,VILLAGER,DEAD,HALU
7,status,7,VILLAGER,ALIVE,OKAMI
7,status,8,SEER,ALIVE,OKAMI
7,status,9,VILLAGER,DEAD,SampleJava0
7,status,10,VILLAGER,DEAD,SampleJava2
7,status,11,VILLAGER,ALIVE,Takeda14
7,status,12,WEREWOLF,ALIVE,TOKU3
7,status,13,VILLAGER,ALIVE,OKAMI
7,status,14,WEREWOLF,DEAD,Tomato1
7,status,15,MEDIUM,DEAD,sample_py
7,talk,0,0,4,VOTE Agent[05]
7,talk,1,0,3,DIVINED Agent[05] WEREWOLF
7,talk,2,0,7,VOTE Agent[05]
7,talk,3,0,13,VOTE Agent[05]
7,talk,4,0,12,VOTE Agent[04]
7,talk,5,0,1,VOTE Agent[12]
7,talk,6,0,5,BECAUSE (AND (COMINGOUT Agent[05] VILLAGER) (DAY 7 (Agent[03] DIVINED Agent[05] WEREWOLF))) (XOR (ESTIMATE Agent[03] WEREWOLF) (ESTIMATE Agent[03] POSSESSED))
7,talk,7,0,8,VOTE Agent[05]
7,talk,8,0,11,VOTE Agent[04]
7,talk,9,1,4,VOTE Agent[05]
7,talk,10,1,11,Skip
7,talk,11,1,7,COMINGOUT Agent[07] VILLAGER
7,talk,12,1,12,Skip
7,talk,13,1,5,BECAUSE (XOR (ESTIMATE Agent[03] WEREWOLF) (ESTIMATE Agent[03] POSSESSED)) (AND (VOTE Agent[03]) (REQUEST ANY (VOTE Agent[03])))
7,talk,14,1,8,VOTE Agent[05]
7,talk,15,1,13,COMINGOUT Agent[13] VILLAGER
7,talk,16,1,3,VOTE Agent[05]
7,talk,17,1,1,Skip
7,talk,18,2,8,VOTE Agent[05]
7,talk,19,2,13,VOTE Agent[05]
7,talk,20,2,5,VOTE Agent[03]
7,talk,21,2,4,VOTE Agent[05]
7,talk,22,2,3,VOTE Agent[05]
7,talk,23,2,1,Skip
7,talk,24,2,7,VOTE Agent[05]
7,talk,25,2,11,Skip
7,talk,26,2,12,VOTE Agent[05]
7,talk,27,3,11,Over
7,talk,28,3,1,Over
7,talk,29,3,8,VOTE Agent[05]
7,talk,30,3,7,VOTE Agent[05]
7,talk,31,3,5,REQUEST ANY (VOTE Agent[03])
7,talk,32,3,12,Skip
7,talk,33,3,4,VOTE Agent[05]
7,talk,34,3,3,VOTE Agent[05]
7,talk,35,3,13,VOTE Agent[05]
7,talk,36,4,1,Over
7,talk,37,4,5,Skip
7,talk,38,4,3,VOTE Agent[05]
7,talk,39,4,4,VOTE Agent[05]
7,talk,40,4,11,Over
7,talk,41,4,12,Skip
7,talk,42,4,8,VOTE Agent[05]
7,talk,43,4,13,VOTE Agent[05]
7,talk,44,4,7,VOTE Agent[05]
7,talk,45,5,13,VOTE Agent[05]
7,talk,46,5,1,Over
7,talk,47,5,12,Over
7,talk,48,5,11,Over
7,talk,49,5,3,VOTE Agent[05]
7,talk,50,5,8,VOTE Agent[05]
7,talk,51,5,5,Skip
7,talk,52,5,4,VOTE Agent[05]
7,talk,53,5,7,VOTE Agent[05]
7,talk,54,6,12,Over
7,talk,55,6,1,Over
7,talk,56,6,11,Over
7,talk,57,6,5,Over
7,talk,58,6,13,VOTE Agent[05]
7,talk,59,6,7,VOTE Agent[05]
7,talk,60,6,3,VOTE Agent[05]
7,talk,61,6,4,VOTE Agent[05]
7,talk,62,6,8,VOTE Agent[05]
7,talk,63,7,5,Over
7,talk,64,7,1,Over
7,talk,65,7,4,VOTE Agent[05]
7,talk,66,7,8,VOTE Agent[05]
7,talk,67,7,3,VOTE Agent[05]
7,talk,68,7,12,Over
7,talk,69,7,7,VOTE Agent[05]
7,talk,70,7,11,Over
7,talk,71,7,13,VOTE Agent[05]
7,talk,72,8,5,Over
7,talk,73,8,8,VOTE Agent[05]
7,talk,74,8,7,VOTE Agent[05]
7,talk,75,8,1,Over
7,talk,76,8,4,VOTE Agent[05]
7,talk,77,8,13,VOTE Agent[05]
7,talk,78,8,3,VOTE Agent[05]
7,talk,79,8,11,Over
7,talk,80,8,12,Over
7,talk,81,9,13,Over
7,talk,82,9,5,Over
7,talk,83,9,4,Over
7,talk,84,9,12,Over
7,talk,85,9,8,Over
7,talk,86,9,3,Over
7,talk,87,9,1,Over
7,talk,88,9,7,Over
7,talk,89,9,11,Over
7,vote,1,12
7,vote,3,5
7,vote,4,5
7,vote,5,3
7,vote,7,5
7,vote,8,5
7,vote,11,5
7,vote,12,5
7,vote,13,5
7,execute,5,VILLAGER
7,divine,8,8,HUMAN
7,guard,4,3,POSSESSED
7,attackVote,12,3
7,attack,3,false
8,status,1,VILLAGER,ALIVE,Tomato9
8,status,2,WEREWOLF,DEAD,TOKU8
8,status,3,POSSESSED,ALIVE,HALU
8,status,4,BODYGUARD,ALIVE,OKAMI
8,status,5,VILLAGER,DEAD,SampleJava11
8,status,6,VILLAGER,DEAD,HALU
8,status,7,VILLAGER,ALIVE,OKAMI
8,status,8,SEER,ALIVE,OKAMI
8,status,9,VILLAGER,DEAD,SampleJava0
8,status,10,VILLAGER,DEAD,SampleJava2
8,status,11,VILLAGER,ALIVE,Takeda14
8,status,12,WEREWOLF,ALIVE,TOKU3
8,status,13,VILLAGER,ALIVE,OKAMI
8,status,14,WEREWOLF,DEAD,Tomato1
8,status,15,MEDIUM,DEAD,sample_py
8,talk,0,0,8,VOTE Agent[12]
8,talk,1,0,11,VOTE Agent[04]
8,talk,2,0,13,VOTE Agent[07]
8,talk,3,0,12,VOTE Agent[04]
8,talk,4,0,1,VOTE Agent[12]
8,talk,5,0,7,VOTE Agent[13]
8,talk,6,0,4,VOTE Agent[13]
8,talk,7,0,3,DIVINED Agent[08] WEREWOLF
8,talk,8,1,1,Skip
8,talk,9,1,3,VOTE Agent[08]
8,talk,10,1,13,COMINGOUT Agent[13] VILLAGER
8,talk,11,1,7,COMINGOUT Agent[07] VILLAGER
8,talk,12,1,12,Skip
8,talk,13,1,4,VOTE Agent[08]
8,talk,14,1,8,VOTE Agent[08]
8,talk,15,1,11,Skip
8,talk,16,2,11,Skip
8,talk,17,2,13,VOTE Agent[08]
8,talk,18,2,12,VOTE Agent[08]
8,talk,19,2,8,VOTE Agent[08]
8,talk,20,2,1,Skip
8,talk,21,2,3,VOTE Agent[08]
8,talk,22,2,4,VOTE Agent[08]
8,talk,23,2,7,VOTE Agent[08]
8,talk,24,3,11,VOTE Agent[08]
8,talk,25,3,13,VOTE Agent[08]
8,talk,26,3,1,Over
8,talk,27,3,3,VOTE Agent[08]
8,talk,28,3,12,Skip
8,talk,29,3,4,VOTE Agent[08]
8,talk,30,3,7,VOTE Agent[08]
8,talk,31,3,8,VOTE Agent[08]
8,talk,32,4,11,Skip
8,talk,33,4,8,VOTE Agent[08]
8,talk,34,4,3,VOTE Agent[08]
8,talk,35,4,13,VOTE Agent[08]
8,talk,36,4,12,Skip
8,talk,37,4,7,VOTE Agent[08]
8,talk,38,4,1,Over
8,talk,39,4,4,VOTE Agent[08]
8,talk,40,5,1,Over
8,talk,41,5,4,VOTE Agent[08]
8,talk,42,5,11,Skip
8,talk,43,5,7,VOTE Agent[08]
8,talk,44,5,8,VOTE Agent[08]
8,talk,45,5,13,VOTE Agent[08]
8,talk,46,5,3,VOTE Agent[08]
8,talk,47,5,12,Over
8,talk,48,6,11,Over
8,talk,49,6,8,VOTE Agent[08]
8,talk,50,6,3,VOTE Agent[08]
8,talk,51,6,7,VOTE Agent[08]
8,talk,52,6,4,VOTE Agent[08]
8,talk,53,6,1,Over
8,talk,54,6,13,VOTE Agent[08]
8,talk,55,6,12,Over
8,talk,56,7,8,VOTE Agent[08]
8,talk,57,7,7,VOTE Agent[08]
8,talk,58,7,1,Over
8,talk,59,7,3,VOTE Agent[08]
8,talk,60,7,12,Over
8,talk,61,7,4,VOTE Agent[08]
8,talk,62,7,13,VOTE Agent[08]
8,talk,63,7,11,Over
8,talk,64,8,12,Over
8,talk,65,8,11,Over
8,talk,66,8,4,VOTE Agent[08]
8,talk,67,8,3,VOTE Agent[08]
8,talk,68,8,8,VOTE Agent[08]
8,talk,69,8,1,Over
8,talk,70,8,7,VOTE Agent[08]
8,talk,71,8,13,VOTE Agent[08]
8,talk,72,9,3,Over
8,talk,73,9,4,Over
8,talk,74,9,11,Over
8,talk,75,9,12,Over
8,talk,76,9,13,Over
8,talk,77,9,8,Over
8,talk,78,9,7,Over
8,talk,79,9,1,Over
8,vote,1,12
8,vote,3,8
8,vote,4,8
8,vote,7,8
8,vote,8,1
8,vote,11,8
8,vote,12,8
8,vote,13,8
8,execute,8,SEER
8,guard,4,3,POSSESSED
8,attackVote,12,3
8,attack,3,false
9,status,1,VILLAGER,ALIVE,Tomato9
9,status,2,WEREWOLF,DEAD,TOKU8
9,status,3,POSSESSED,ALIVE,HALU
9,status,4,BODYGUARD,ALIVE,OKAMI
9,status,5,VILLAGER,DEAD,SampleJava11
9,status,6,VILLAGER,DEAD,HALU
9,status,7,VILLAGER,ALIVE,OKAMI
9,status,8,SEER,DEAD,OKAMI
9,status,9,VILLAGER,DEAD,SampleJava0
9,status,10,VILLAGER,DEAD,SampleJava2
9,status,11,VILLAGER,ALIVE,Takeda14
9,status,12,WEREWOLF,ALIVE,TOKU3
9,status,13,VILLAGER,ALIVE,OKAMI
9,status,14,WEREWOLF,DEAD,Tomato1
9,status,15,MEDIUM,DEAD,sample_py
9,talk,0,0,12,VOTE Agent[04]
9,talk,1,0,1,VOTE Agent[12]
9,talk,2,0,13,VOTE Agent[04]
9,talk,3,0,4,VOTE Agent[12]
9,talk,4,0,3,COMINGOUT Agent[03] POSSESSED
9,talk,5,0,7,VOTE Agent[04]
9,talk,6,0,11,VOTE Agent[04]
9,talk,7,1,3,VOTE Agent[11]
9,talk,8,1,13,COMINGOUT Agent[13] VILLAGER
9,talk,9,1,7,COMINGOUT Agent[07] VILLAGER
9,talk,10,1,12,Skip
9,talk,11,1,1,Skip
9,talk,12,1,4,VOTE Agent[11]
9,talk,13,1,11,Skip
9,talk,14,2,4,VOTE Agent[12]
9,talk,15,2,1,Skip
9,talk,16,2,12,Skip
9,talk,17,2,13,VOTE Agent[12]
9,talk,18,2,7,VOTE Agent[04]
9,talk,19,2,11,Skip
9,talk,20,2,3,VOTE Agent[13]
9,talk,21,3,3,VOTE Agent[07]
9,talk,22,3,1,Over
9,talk,23,3,11,Over
9,talk,24,3,13,VOTE Agent[12]
9,talk,25,3,4,VOTE Agent[07]
9,talk,26,3,7,VOTE Agent[04]
9,talk,27,3,12,Over
9,talk,28,4,13,VOTE Agent[07]
9,talk,29,4,4,VOTE Agent[12]
9,talk,30,4,7,VOTE Agent[04]
9,talk,31,4,11,Over
9,talk,32,4,1,Over
9,talk,33,4,12,Over
9,talk,34,4,3,VOTE Agent[04]
9,talk,35,5,3,VOTE Agent[04]
9,talk,36,5,11,Over
9,talk,37,5,13,VOTE Agent[12]
9,talk,38,5,1,Over
9,talk,39,5,7,VOTE Agent[04]
9,talk,40,5,12,Over
9,talk,41,5,4,VOTE Agent[12]
9,talk,42,6,13,VOTE Agent[12]
9,talk,43,6,4,VOTE Agent[12]
9,talk,44,6,12,Over
9,talk,45,6,1,Over
9,talk,46,6,3,VOTE Agent[04]
9,talk,47,6,11,Over
9,talk,48,6,7,VOTE Agent[04]
9,talk,49,7,3,VOTE Agent[04]
9,talk,50,7,7,VOTE Agent[04]
9,talk,51,7,13,VOTE Agent[12]
9,talk,52,7,11,Over
9,talk,53,7,12,Over
9,talk,54,7,1,Over
9,talk,55,7,4,VOTE Agent[12]
9,talk,56,8,3,VOTE Agent[04]
9,talk,57,8,13,VOTE Agent[12]
9,talk,58,8,11,Over
9,talk,59,8,7,VOTE Agent[04]
9,talk,60,8,4,VOTE Agent[12]
9,talk,61,8,1,Over
9,talk,62,8,12,Over
9,talk,63,9,7,Over
9,talk,64,9,3,VOTE Agent[04]
9,talk,65,9,4,Over
9,talk,66,9,1,Over
9,talk,67,9,12,Over
9,talk,68,9,13,Over
9,talk,69,9,11,Over
9,talk,70,10,12,Over
9,talk,71,10,13,Over
9,talk,72,10,1,Over
9,talk,73,10,4,Over
9,talk,74,10,7,Over
9,talk,75,10,11,Over
9,talk,76,10,3,Over
9,vote,1,12
9,vote,3,4
9,vote,4,12
9,vote,7,12
9,vote,11,4
9,vote,12,4
9,vote,13,12
9,execute,12,WEREWOLF
9,guard,4,3,POSSESSED
10,status,1,VILLAGER,ALIVE,Tomato9
10,status,2,WEREWOLF,DEAD,TOKU8
10,status,3,POSSESSED,ALIVE,HALU
10,status,4,BODYGUARD,ALIVE,OKAMI
10,status,5,VILLAGER,DEAD,SampleJava11
10,status,6,VILLAGER,DEAD,HALU
10,status,7,VILLAGER,ALIVE,OKAMI
10,status,8,SEER,DEAD,OKAMI
10,status,9,VILLAGER,DEAD,SampleJava0
10,status,10,VILLAGER,DEAD,SampleJava2
10,status,11,VILLAGER,ALIVE,Takeda14
10,status,12,WEREWOLF,DEAD,TOKU3
10,status,13,VILLAGER,ALIVE,OKAMI
10,status,14,WEREWOLF,DEAD,Tomato1
10,status,15,MEDIUM,DEAD,sample_py
10,result,6,0,VILLAGER
