0,status,1,VILLAGER,ALIVE,sample_py
0,status,2,VILLAGER,ALIVE,SampleJava14
0,status,3,MEDIUM,ALIVE,Takeda7
0,status,4,VILLAGER,ALIVE,HALU
0,status,5,BODYGUARD,ALIVE,SampleJava12
0,status,6,WEREWOLF,ALIVE,HALU
0,status,7,VILLAGER,ALIVE,HALU
0,status,8,VILLAGER,ALIVE,OKAMI
0,status,9,POSSESSED,ALIVE,OKAMI
0,status,10,VILLAGER,ALIVE,TOKU10
0,status,11,SEER,ALIVE,HALU
0,status,12,VILLAGER,ALIVE,SampleJava2
0,status,13,VILLAGER,ALIVE,TOKU8
0,status,14,WEREWOLF,ALIVE,OKAMI
0,status,15,WEREWOLF,ALIVE,Tomato4
0,whisper,0,0,6,COMINGOUT Agent[06] VILLAGER
0,whisper,1,0,14,COMINGOUT Agent[14] MEDIUM
0,whisper,2,0,15,COMINGOUT Agent[15] VILLAGER
0,whisper,3,1,14,Skip
0,whisper,4,1,6,Skip
0,whisper,5,1,15,Skip
0,whisper,6,2,14,Skip
0,whisper,7,2,15,Skip
0,whisper,8,2,6,Skip
0,whisper,9,3,6,Over
0,whisper,10,3,14,Over
0,whisper,11,3,15,Over
0,divine,11,10,HUMAN
1,status,1,VILLAGER,ALIVE,sample_py
1,status,2,VILLAGER,ALIVE,SampleJava14
1,status,3,MEDIUM,ALIVE,Takeda7
1,status,4,VILLAGER,ALIVE,HALU
1,status,5,BODYGUARD,ALIVE,SampleJava12
1,status,6,WEREWOLF,ALIVE,HALU
1,status,7,VILLAGER,ALIVE,HALU
1,status,8,VILLAGER,ALIVE,OKAMI
1,status,9,POSSESSED,ALIVE,OKAMI
1,status,10,VILLAGER,ALIVE,TOKU10
1,status,11,SEER,ALIVE,HALU
1,status,12,VILLAGER,ALIVE,SampleJava2
1,status,13,VILLAGER,ALIVE,TOKU8
1,status,14,WEREWOLF,ALIVE,OKAMI
1,status,15,WEREWOLF,ALIVE,Tomato4
1,talk,0,0,9,COMINGOUT Agent[09] VILLAGER
1,talk,1,0,12,VOTE Agent[11]
1,talk,2,0,2,VOTE Agent[09]
1,talk,3,0,10,VOTE Agent[11]
1,talk,4,0,13,VOTE Agent[11]
1,talk,5,0,8,VOTE Agent[09]
1,talk,6,0,4,VOTE Agent[09]
1,talk,7,0,7,VOTE Agent[09]
1,talk,8,0,15,VOTE Agent[09]
1,talk,9,0,5,VOTE Agent[06]
1,talk,10,0,11,COMINGOUT Agent[11] SEER
1,talk,11,0,6,VOTE Agent[13]
1,talk,12,0,3,COMINGOUT Agent[03] MEDIUM
1,talk,13,0,14,COMINGOUT Agent[14] MEDIUM
1,talk,14,0,1,VOTE Agent[02]
1,talk,15,1,2,REQUEST ANY (VOTE Agent[09])
1,talk,16,1,7,VOTE Agent[09]
1,talk,17,1,5,REQUEST ANY (VOTE Agent[06])
1,talk,18,1,3,VOTE Agent[14]
1,talk,19,1,4,VOTE Agent[09]
1,talk,20,1,12,REQUEST ANY (VOTE Agent[11])
1,talk,21,1,14,VOTE Agent[03]
1,talk,22,1,9,Over
1,talk,23,1,11,DIVINED Agent[10] HUMAN
1,talk,24,1,15,Skip
1,talk,25,1,13,VOTE Agent[14]
1,talk,26,1,1,Skip
1,talk,27,1,8,COMINGOUT Agent[08] VILLAGER
1,talk,28,1,6,VOTE Agent[14]
1,talk,29,1,10,VOTE Agent[04]
1,talk,30,2,10,VOTE Agent[14]
1,talk,31,2,1,Skip
1,talk,32,2,3,Skip
1,talk,33,2,9,DIVINED Agent[07] WEREWOLF
1,talk,34,2,5,Skip
1,talk,35,2,8,VOTE Agent[09]
1,talk,36,2,14,VOTE Agent[03]
1,talk,37,2,13,Skip
1,talk,38,2,11,VOTE Agent[09]
1,talk,39,2,6,VOTE Agent[14]
1,talk,40,2,4,VOTE Agent[09]
1,talk,41,2,7,VOTE Agent[09]
1,talk,42,2,2,Skip
1,talk,43,2,12,Skip
1,talk,44,2,15,Skip
1,talk,45,3,14,VOTE Agent[03]
1,talk,46,3,12,Skip
1,talk,47,3,8,VOTE Agent[09]
1,talk,48,3,1,VOTE Agent[07]
1,talk,49,3,11,VOTE Agent[09]
1,talk,50,3,2,Skip
1,talk,51,3,7,VOTE Agent[09]
1,talk,52,3,13,Skip
1,talk,53,3,3,Skip
1,talk,54,3,5,Skip
1,talk,55,3,6,VOTE Agent[14]
1,talk,56,3,10,Skip
1,talk,57,3,15,Over
1,talk,58,3,4,VOTE Agent[09]
1,talk,59,3,9,VOTE Agent[07]
1,talk,60,4,8,VOTE Agent[09]
1,talk,61,4,7,VOTE Agent[09]
1,talk,62,4,6,VOTE Agent[14]
1,talk,63,4,2,Over
1,talk,64,4,3,Over
1,talk,65,4,1,Skip
1,talk,66,4,4,VOTE Agent[09]
1,talk,67,4,13,Over
1,talk,68,4,14,VOTE Agent[03]
1,talk,69,4,10,Skip
1,talk,70,4,12,Over
1,talk,71,4,11,VOTE Agent[09]
1,talk,72,4,15,Over
1,talk,73,4,9,VOTE Agent[07]
1,talk,74,4,5,Over
1,talk,75,5,7,VOTE Agent[09]
1,talk,76,5,13,Over
1,talk,77,5,11,VOTE Agent[09]
1,talk,78,5,10,Over
1,talk,79,5,2,Over
1,talk,80,5,6,VOTE Agent[14]
1,talk,81,5,3,Over
1,talk,82,5,15,Over
1,talk,83,5,1,Skip
1,talk,84,5,8,VOTE Agent[09]
1,talk,85,5,4,VOTE Agent[09]
1,talk,86,5,14,VOTE Agent[03]
1,talk,87,5,9,VOTE Agent[07]
1,talk,88,5,5,Over
1,talk,89,5,12,Over
1,talk,90,6,1,Over
1,talk,91,6,13,Over
1,talk,92,6,11,VOTE Agent[09]
1,talk,93,6,15,Over
1,talk,94,6,10,Over
1,talk,95,6,4,VOTE Agent[09]
1,talk,96,6,12,Over
1,talk,97,6,7,VOTE Agent[09]
1,talk,98,6,3,Over
1,talk,99,6,8,VOTE Agent[09]
1,talk,100,6,5,Over
1,talk,101,6,2,Over
1,talk,102,6,6,VOTE Agent[14]
1,talk,103,6,14,VOTE Agent[03]
1,talk,104,6,9,VOTE Agent[07]
1,talk,105,7,12,Over
1,talk,106,7,9,VOTE Agent[07]
1,talk,107,7,6,VOTE Agent[14]
1,talk,108,7,10,Over
1,talk,109,7,11,VOTE Agent[09]
1,talk,110,7,5,Over
1,talk,111,7,3,Over
1,talk,112,7,15,Over
1,talk,113,7,2,Over
1,talk,114,7,14,VOTE Agent[03]
1,talk,115,7,13,Over
1,talk,116,7,1,Over
1,talk,117,7,7,VOTE Agent[09]
1,talk,118,7,8,VOTE Agent[09]
1,talk,119,7,4,VOTE Agent[09]
1,talk,120,8,8,VOTE Agent[09]
1,talk,121,8,5,Over
1,talk,122,8,12,Over
1,talk,123,8,4,VOTE Agent[09]
1,talk,124,8,6,VOTE Agent[14]
1,talk,125,8,7,VOTE Agent[09]
1,talk,126,8,3,Over
1,talk,127,8,14,VOTE Agent[03]
1,talk,128,8,10,Over
1,talk,129,8,13,Over
1,talk,130,8,2,Over
1,talk,131,8,9,VOTE Agent[07]
1,talk,132,8,15,Over
1,talk,133,8,11,VOTE Agent[09]
1,talk,134,8,1,Over
1,talk,135,9,2,Over
1,talk,136,9,10,Over
1,talk,137,9,12,Over
1,talk,138,9,6,Over
1,talk,139,9,1,Over
1,talk,140,9,15,Over
1,talk,141,9,14,Over
1,talk,142,9,9,Over
1,talk,143,9,5,Over
1,talk,144,9,3,Over
1,talk,145,9,8,Over
1,talk,146,9,4,Over
1,talk,147,9,7,Over
1,talk,148,9,13,Over
1,talk,149,9,11,Over
1,vote,1,7
1,vote,2,6
1,vote,3,14
1,vote,4,9
1,vote,5,11
1,vote,6,14
1,vote,7,9
1,vote,8,9
1,vote,9,7
1,vote,10,14
1,vote,11,9
1,vote,12,6
1,vote,13,14
1,vote,14,3
1,vote,15,9
1,execute,9,POSSESSED
1,divine,11,14,WEREWOLF
1,whisper,0,0,14,ATTACK Agent[11]
1,whisper,1,0,6,ATTACK Agent[11]
1,whisper,2,0,15,ATTACK Agent[11]
1,whisper,3,1,14,Skip
1,whisper,4,1,15,Skip
1,whisper,5,1,6,Skip
1,whisper,6,2,6,Skip
1,whisper,7,2,15,Skip
1,whisper,8,2,14,Skip
1,whisper,9,3,14,Over
1,whisper,10,3,6,Over
1,whisper,11,3,15,Over
1,guard,5,11,SEER
1,attackVote,6,11
1,attackVote,14,11
1,attackVote,15,11
1,attack,11,false
2,status,1,VILLAGER,ALIVE,sample_py
2,status,2,VILLAGER,ALIVE,SampleJava14
2,status,3,MEDIUM,ALIVE,Takeda7
2,status,4,VILLAGER,ALIVE,HALU
2,status,5,BODYGUARD,ALIVE,SampleJava12
2,status,6,WEREWOLF,ALIVE,HALU
2,status,7,VILLAGER,ALIVE,HALU
2,status,8,VILLAGER,ALIVE,OKAMI
2,status,9,POSSESSED,DEAD,OKAMI
2,status,10,VILLAGER,ALIVE,TOKU10
2,status,11,SEER,ALIVE,HALU
2,status,12,VILLAGER,ALIVE,SampleJava2
2,status,13,VILLAGER,ALIVE,TOKU8
2,status,14,WEREWOLF,ALIVE,OKAMI
2,status,15,WEREWOLF,ALIVE,Tomato4
2,talk,0,0,12,VOTE Agent[06]
2,talk,1,0,1,VOTE Agent[07]
2,talk,2,0,15,VOTE Agent[07]
2,talk,3,0,7,VOTE Agent[12]
2,talk,4,0,11,DIVINED Agent[14] WEREWOLF
2,talk,5,0,2,VOTE Agent[01]
2,talk,6,0,14,IDENTIFIED Agent[09] HUMAN
2,talk,7,0,6,VOTE Agent[03]
2,talk,8,0,5,VOTE Agent[12]
2,talk,9,0,13,VOTE Agent[14]
2,talk,10,0,8,VOTE Agent[14]
2,talk,11,0,10,VOTE Agent[14]
2,talk,12,0,4,VOTE Agent[14]
2,talk,13,0,3,IDENTIFIED Agent[09] HUMAN
2,talk,14,1,6,VOTE Agent[03]
2,talk,15,1,12,REQUEST ANY (VOTE Agent[06])
2,talk,16,1,7,VOTE Agent[14]
2,talk,17,1,8,COMINGOUT Agent[08] VILLAGER
2,talk,18,1,13,Skip
2,talk,19,1,15,VOTE Agent[14]
2,talk,20,1,10,Skip
2,talk,21,1,3,Skip
2,talk,22,1,14,VOTE Agent[03]
2,talk,23,1,1,Skip
2,talk,24,1,4,VOTE Agent[14]
2,talk,25,1,5,REQUEST ANY (VOTE Agent[12])
2,talk,26,1,2,REQUEST ANY (VOTE Agent[01])
2,talk,27,1,11,VOTE Agent[14]
2,talk,28,2,6,VOTE Agent[14]
2,talk,29,2,13,Skip
2,talk,30,2,2,Skip
2,talk,31,2,4,VOTE Agent[14]
2,talk,32,2,1,Skip
2,talk,33,2,10,Skip
2,talk,34,2,5,Skip
2,talk,35,2,8,VOTE Agent[14]
2,talk,36,2,12,Skip
2,talk,37,2,14,VOTE Agent[03]
2,talk,38,2,3,Skip
2,talk,39,2,15,Skip
2,talk,40,2,7,VOTE Agent[14]
2,talk,41,2,11,VOTE Agent[14]
2,talk,42,3,4,VOTE Agent[14]
2,talk,43,3,14,VOTE Agent[03]
2,talk,44,3,12,Skip
2,talk,45,3,6,VOTE Agent[14]
2,talk,46,3,10,Over
2,talk,47,3,1,Over
2,talk,48,3,8,VOTE Agent[14]
2,talk,49,3,2,Skip
2,talk,50,3,13,Over
2,talk,51,3,15,Skip
2,talk,52,3,7,VOTE Agent[14]
2,talk,53,3,3,Over
2,talk,54,3,5,Skip
2,talk,55,3,11,VOTE Agent[14]
2,talk,56,4,7,VOTE Agent[14]
2,talk,57,4,3,Over
2,talk,58,4,14,VOTE Agent[03]
2,talk,59,4,11,VOTE Agent[14]
2,talk,60,4,15,Over
2,talk,61,4,1,Over
2,talk,62,4,13,Over
2,talk,63,4,4,VOTE Agent[14]
2,talk,64,4,5,Over
2,talk,65,4,6,VOTE Agent[14]
2,talk,66,4,8,VOTE Agent[14]
2,talk,67,4,2,Over
2,talk,68,4,12,Over
2,talk,69,4,10,Over
2,talk,70,5,8,VOTE Agent[14]
2,talk,71,5,7,VOTE Agent[14]
2,talk,72,5,11,VOTE Agent[14]
2,talk,73,5,15,Over
2,talk,74,5,14,VOTE Agent[03]
2,talk,75,5,2,Over
2,talk,76,5,1,Over
2,talk,77,5,3,Over
2,talk,78,5,12,Over
2,talk,79,5,10,Over
2,talk,80,5,6,VOTE Agent[14]
2,talk,81,5,13,Over
2,talk,82,5,4,VOTE Agent[14]
2,talk,83,5,5,Over
2,talk,84,6,1,Over
2,talk,85,6,3,Over
2,talk,86,6,14,VOTE Agent[03]
2,talk,87,6,12,Over
2,talk,88,6,6,VOTE Agent[14]
2,talk,89,6,5,Over
2,talk,90,6,2,Over
2,talk,91,6,7,VOTE Agent[14]
2,talk,92,6,15,Over
2,talk,93,6,11,VOTE Agent[14]
2,talk,94,6,8,VOTE Agent[14]
2,talk,95,6,10,Over
2,talk,96,6,4,VOTE Agent[14]
2,talk,97,6,13,Over
2,talk,98,7,5,Over
2,talk,99,7,14,VOTE Agent[03]
2,talk,100,7,7,VOTE Agent[14]
2,talk,101,7,4,VOTE Agent[14]
2,talk,102,7,1,Over
2,talk,103,7,12,Over
2,talk,104,7,8,VOTE Agent[14]
2,talk,105,7,6,VOTE Agent[14]
2,talk,106,7,13,Over
2,talk,107,7,2,Over
2,talk,108,7,10,Over
2,talk,109,7,3,Over
2,talk,110,7,15,Over
2,talk,111,7,11,VOTE Agent[14]
2,talk,112,8,12,Over
2,talk,113,8,8,VOTE Agent[14]
2,talk,114,8,2,Over
2,talk,115,8,6,VOTE Agent[14]
2,talk,116,8,15,Over
2,talk,117,8,13,Over
2,talk,118,8,5,Over
2,talk,119,8,3,Over
2,talk,120,8,7,VOTE Agent[14]
2,talk,121,8,14,VOTE Agent[03]
2,talk,122,8,1,Over
2,talk,123,8,4,VOTE Agent[14]
2,talk,124,8,11,VOTE Agent[14]
2,talk,125,8,10,Over
2,talk,126,9,3,Over
2,talk,127,9,1,Over
2,talk,128,9,4,Over
2,talk,129,9,14,Over
2,talk,130,9,13,Over
2,talk,131,9,8,Over
2,talk,132,9,12,Over
2,talk,133,9,5,Over
2,talk,134,9,2,Over
2,talk,135,9,6,Over
2,talk,136,9,10,Over
2,talk,137,9,7,Over
2,talk,138,9,11,Over
2,talk,139,9,15,Over
2,vote,1,7
2,vote,2,6
2,vote,3,14
2,vote,4,14
2,vote,5,1
2,vote,6,14
2,vote,7,14
2,vote,8,14
2,vote,10,14
2,vote,11,14
2,vote,12,1
2,vote,13,14
2,vote,14,3
2,vote,15,14
2,execute,14,WEREWOLF
2,divine,11,3,HUMAN
2,whisper,0,0,6,ATTACK Agent[03]
2,whisper,1,0,15,ATTACK Agent[03]
2,whisper,2,1,15,Skip
2,whisper,3,1,6,Skip
2,whisper,4,2,15,Skip
2,whisper,5,2,6,Skip
2,whisper,6,3,15,Over
2,whisper,7,3,6,Over
2,guard,5,11,SEER
2,attackVote,6,3
2,attackVote,15,3
2,attack,3,true
3,status,1,VILLAGER,ALIVE,sample_py
3,status,2,VILLAGER,ALIVE,SampleJava14
3,status,3,MEDIUM,DEAD,Takeda7
3,status,4,VILLAGER,ALIVE,HALU
3,status,5,BODYGUARD,ALIVE,SampleJava12
3,status,6,WEREWOLF,ALIVE,HALU
3,status,7,VILLAGER,ALIVE,HALU
3,status,8,VILLAGER,ALIVE,OKAMI
3,status,9,POSSESSED,DEAD,OKAMI
3,status,10,VILLAGER,ALIVE,TOKU10
3,status,11,SEER,ALIVE,HALU
3,status,12,VILLAGER,ALIVE,SampleJava2
3,status,13,VILLAGER,ALIVE,TOKU8
3,status,14,WEREWOLF,DEAD,OKAMI
3,status,15,WEREWOLF,ALIVE,Tomato4
3,talk,0,0,11,DIVINED Agent[03] HUMAN
3,talk,1,0,5,VOTE Agent[07]
3,talk,2,0,1,VOTE Agent[07]
3,talk,3,0,4,VOTE Agent[01]
3,talk,4,0,6,VOTE Agent[07]
3,talk,5,0,2,VOTE Agent[11]
3,talk,6,0,12,VOTE Agent[05]
3,talk,7,0,10,VOTE Agent[13]
3,talk,8,0,7,VOTE Agent[04]
3,talk,9,0,8,VOTE Agent[01]
3,talk,10,0,15,VOTE Agent[07]
3,talk,11,0,13,VOTE Agent[07]
3,talk,12,1,15,Skip
3,talk,13,1,11,VOTE Agent[08]
3,talk,14,1,6,VOTE Agent[07]
3,talk,15,1,7,VOTE Agent[12]
3,talk,16,1,5,REQUEST ANY (VOTE Agent[07])
3,talk,17,1,8,COMINGOUT Agent[08] VILLAGER
3,talk,18,1,1,Skip
3,talk,19,1,12,REQUEST ANY (VOTE Agent[05])
3,talk,20,1,4,VOTE Agent[05]
3,talk,21,1,13,Skip
3,talk,22,1,10,Skip
3,talk,23,1,2,REQUEST ANY (VOTE Agent[11])
3,talk,24,2,8,VOTE Agent[05]
3,talk,25,2,7,VOTE Agent[02]
3,talk,26,2,5,Skip
3,talk,27,2,13,Skip
3,talk,28,2,11,VOTE Agent[05]
3,talk,29,2,1,Skip
3,talk,30,2,4,VOTE Agent[02]
3,talk,31,2,6,VOTE Agent[07]
3,talk,32,2,12,Skip
3,talk,33,2,10,Skip
3,talk,34,2,2,Skip
3,talk,35,2,15,Skip
3,talk,36,3,15,Over
3,talk,37,3,1,Over
3,talk,38,3,2,Skip
3,talk,39,3,6,VOTE Agent[07]
3,talk,40,3,5,Skip
3,talk,41,3,12,Skip
3,talk,42,3,4,VOTE Agent[06]
3,talk,43,3,13,Over
3,talk,44,3,10,Over
3,talk,45,3,7,VOTE Agent[08]
3,talk,46,3,8,VOTE Agent[05]
3,talk,47,3,11,VOTE Agent[04]
3,talk,48,4,7,VOTE Agent[04]
3,talk,49,4,4,VOTE Agent[07]
3,talk,50,4,8,VOTE Agent[04]
3,talk,51,4,11,VOTE Agent[04]
3,talk,52,4,10,Over
3,talk,53,4,2,Over
3,talk,54,4,1,Over
3,talk,55,4,5,Over
3,talk,56,4,6,VOTE Agent[07]
3,talk,57,4,15,Over
3,talk,58,4,13,Over
3,talk,59,4,12,Over
3,talk,60,5,10,Over
3,talk,61,5,1,Over
3,talk,62,5,6,VOTE Agent[07]
3,talk,63,5,4,VOTE Agent[08]
3,talk,64,5,13,Over
3,talk,65,5,15,Over
3,talk,66,5,11,VOTE Agent[08]
3,talk,67,5,8,VOTE Agent[04]
3,talk,68,5,7,VOTE Agent[04]
3,talk,69,5,5,Over
3,talk,70,5,12,Over
3,talk,71,5,2,Over
3,talk,72,6,13,Over
3,talk,73,6,1,Over
3,talk,74,6,12,Over
3,talk,75,6,6,VOTE Agent[07]
3,talk,76,6,7,VOTE Agent[04]
3,talk,77,6,2,Over
3,talk,78,6,11,VOTE Agent[08]
3,talk,79,6,8,VOTE Agent[13]
3,talk,80,6,5,Over
3,talk,81,6,4,VOTE Agent[02]
3,talk,82,6,10,Over
3,talk,83,6,15,Over
3,talk,84,7,2,Over
3,talk,85,7,15,Over
3,talk,86,7,7,VOTE Agent[04]
3,talk,87,7,11,VOTE Agent[04]
3,talk,88,7,12,Over
3,talk,89,7,8,VOTE Agent[04]
3,talk,90,7,10,Over
3,talk,91,7,1,Over
3,talk,92,7,6,VOTE Agent[07]
3,talk,93,7,4,VOTE Agent[06]
3,talk,94,7,13,Over
3,talk,95,7,5,Over
3,talk,96,8,10,Over
3,talk,97,8,5,Over
3,talk,98,8,2,Over
3,talk,99,8,7,VOTE Agent[04]
3,talk,100,8,1,Over
3,talk,101,8,13,Over
3,talk,102,8,12,Over
3,talk,103,8,4,VOTE Agent[07]
3,talk,104,8,11,VOTE Agent[08]
3,talk,105,8,6,VOTE Agent[07]
3,talk,106,8,15,Over
3,talk,107,8,8,VOTE Agent[05]
3,talk,108,9,11,Over
3,talk,109,9,2,Over
3,talk,110,9,5,Over
3,talk,111,9,13,Over
3,talk,112,9,7,Over
3,talk,113,9,6,Over
3,talk,114,9,15,Over
3,talk,115,9,12,Over
3,talk,116,9,4,Over
3,talk,117,9,1,Over
3,talk,118,9,10,Over
3,talk,119,9,8,Over
3,vote,1,7
3,vote,2,5
3,vote,4,7
3,vote,5,15
3,vote,6,7
3,vote,7,4
3,vote,8,5
3,vote,10,7
3,vote,11,4
3,vote,12,11
3,vote,13,7
3,vote,15,7
3,execute,7,VILLAGER
3,divine,11,12,HUMAN
3,whisper,0,0,6,ATTACK Agent[03]
3,whisper,1,0,15,ATTACK Agent[11]
3,whisper,2,1,15,Skip
3,whisper,3,1,6,Skip
3,whisper,4,2,15,Skip
3,whisper,5,2,6,Skip
3,whisper,6,3,6,Over
3,whisper,7,3,15,Over
3,guard,5,11,SEER
3,attackVote,15,11
3,attack,11,false
4,status,1,VILLAGER,ALIVE,sample_py
4,status,2,VILLAGER,ALIVE,SampleJava14
4,status,3,MEDIUM,DEAD,Takeda7
4,status,4,VILLAGER,ALIVE,HALU
4,status,5,BODYGUARD,ALIVE,SampleJava12
4,status,6,WEREWOLF,ALIVE,HALU
4,status,7,VILLAGER,DEAD,HALU
4,status,8,VILLAGER,ALIVE,OKAMI
4,status,9,POSSESSED,DEAD,OKAMI
4,status,10,VILLAGER,ALIVE,TOKU10
4,status,11,SEER,ALIVE,HALU
4,status,12,VILLAGER,ALIVE,SampleJava2
4,status,13,VILLAGER,ALIVE,TOKU8
4,status,14,WEREWOLF,DEAD,OKAMI
4,status,15,WEREWOLF,ALIVE,Tomato4
4,talk,0,0,15,VOTE Agent[05]
4,talk,1,0,1,VOTE Agent[02]
4,talk,2,0,6,VOTE Agent[01]
4,talk,3,0,13,VOTE Agent[06]
4,talk,4,0,4,VOTE Agent[13]
4,talk,5,0,2,VOTE Agent[11]
4,talk,6,0,11,DIVINED Agent[12] HUMAN
4,talk,7,0,12,VOTE Agent[04]
4,talk,8,0,8,VOTE Agent[13]
4,talk,9,0,5,VOTE Agent[15]
4,talk,10,0,10,VOTE Agent[13]
4,talk,11,1,12,REQUEST ANY (VOTE Agent[04])
4,talk,12,1,1,Skip
4,talk,13,1,13,Skip
4,talk,14,1,10,Skip
4,talk,15,1,4,VOTE Agent[06]
4,talk,16,1,5,REQUEST ANY (VOTE Agent[15])
4,talk,17,1,11,VOTE Agent[15]
4,talk,18,1,15,VOTE Agent[13]
4,talk,19,1,8,COMINGOUT Agent[08] VILLAGER
4,talk,20,1,2,REQUEST ANY (VOTE Agent[11])
4,talk,21,1,6,VOTE Agent[02]
4,talk,22,2,13,Skip
4,talk,23,2,6,VOTE Agent[02]
4,talk,24,2,1,Skip
4,talk,25,2,2,Skip
4,talk,26,2,8,VOTE Agent[06]
4,talk,27,2,11,VOTE Agent[15]
4,talk,28,2,10,Skip
4,talk,29,2,4,VOTE Agent[06]
4,talk,30,2,15,VOTE Agent[02]
4,talk,31,2,5,Skip
4,talk,32,2,12,Skip
4,talk,33,3,1,Over
4,talk,34,3,2,Skip
4,talk,35,3,13,Over
4,talk,36,3,10,Over
4,talk,37,3,5,Skip
4,talk,38,3,4,VOTE Agent[02]
4,talk,39,3,6,VOTE Agent[02]
4,talk,40,3,15,Skip
4,talk,41,3,8,VOTE Agent[15]
4,talk,42,3,12,Skip
4,talk,43,3,11,VOTE Agent[15]
4,talk,44,4,6,VOTE Agent[02]
4,talk,45,4,11,VOTE Agent[06]
4,talk,46,4,8,VOTE Agent[06]
4,talk,47,4,5,Over
4,talk,48,4,13,Over
4,talk,49,4,2,Over
4,talk,50,4,4,VOTE Agent[06]
4,talk,51,4,15,Skip
4,talk,52,4,12,Over
4,talk,53,4,10,Over
4,talk,54,4,1,Over
4,talk,55,5,11,VOTE Agent[06]
4,talk,56,5,12,Over
4,talk,57,5,10,Over
4,talk,58,5,4,VOTE Agent[06]
4,talk,59,5,6,VOTE Agent[02]
4,talk,60,5,8,VOTE Agent[06]
4,talk,61,5,1,Over
4,talk,62,5,2,Over
4,talk,63,5,5,Over
4,talk,64,5,13,Over
4,talk,65,5,15,Over
4,talk,66,6,6,VOTE Agent[02]
4,talk,67,6,13,Over
4,talk,68,6,4,VOTE Agent[15]
4,talk,69,6,8,VOTE Agent[06]
4,talk,70,6,5,Over
4,talk,71,6,10,Over
4,talk,72,6,15,Over
4,talk,73,6,12,Over
4,talk,74,6,2,Over
4,talk,75,6,1,Over
4,talk,76,6,11,VOTE Agent[15]
4,talk,77,7,4,VOTE Agent[15]
4,talk,78,7,15,Over
4,talk,79,7,2,Over
4,talk,80,7,10,Over
4,talk,81,7,1,Over
4,talk,82,7,12,Over
4,talk,83,7,5,Over
4,talk,84,7,11,VOTE Agent[06]
4,talk,85,7,6,VOTE Agent[04]
4,talk,86,7,8,VOTE Agent[06]
4,talk,87,7,13,Over
4,talk,88,8,12,Over
4,talk,89,8,5,Over
4,talk,90,8,6,VOTE Agent[02]
4,talk,91,8,10,Over
4,talk,92,8,8,VOTE Agent[15]
4,talk,93,8,11,VOTE Agent[08]
4,talk,94,8,4,VOTE Agent[08]
4,talk,95,8,2,Over
4,talk,96,8,1,Over
4,talk,97,8,13,Over
4,talk,98,8,15,Over
4,talk,99,9,4,Over
4,talk,100,9,8,Over
4,talk,101,9,13,Over
4,talk,102,9,12,Over
4,talk,103,9,10,Over
4,talk,104,9,2,Over
4,talk,105,9,5,Over
4,talk,106,9,15,VOTE Agent[08]
4,talk,107,9,1,Over
4,talk,108,9,11,Over
4,talk,109,9,6,Over
4,talk,110,10,2,Over
4,talk,111,10,10,Over
4,talk,112,10,15,VOTE Agent[02]
4,talk,113,10,13,Over
4,talk,114,10,6,Over
4,talk,115,10,8,Over
4,talk,116,10,5,Over
4,talk,117,10,4,Over
4,talk,118,10,1,Over
4,talk,119,10,11,Over
4,talk,120,10,12,Over
4,talk,121,11,1,Over
4,talk,122,11,2,Over
4,talk,123,11,11,Over
4,talk,124,11,12,Over
4,talk,125,11,8,Over
4,talk,126,11,15,VOTE Agent[08]
4,talk,127,11,13,Over
4,talk,128,11,5,Over
4,talk,129,11,6,Over
4,talk,130,11,10,Over
4,talk,131,11,4,Over
4,talk,132,12,6,Over
4,talk,133,12,1,Over
4,talk,134,12,10,Over
4,talk,135,12,15,Skip
4,talk,136,12,11,Over
4,talk,137,12,2,Over
4,talk,138,12,12,Over
4,talk,139,12,8,Over
4,talk,140,12,5,Over
4,talk,141,12,13,Over
4,talk,142,12,4,Over
4,talk,143,13,1,Over
4,talk,144,13,6,Over
4,talk,145,13,11,Over
4,talk,146,13,15,Skip
4,talk,147,13,10,Over
4,talk,148,13,5,Over
4,talk,149,13,2,Over
4,talk,150,13,12,Over
4,talk,151,13,13,Over
4,talk,152,13,4,Over
4,talk,153,13,8,Over
4,talk,154,14,11,Over
4,talk,155,14,12,Over
4,talk,156,14,15,VOTE Agent[02]
4,talk,157,14,6,Over
4,talk,158,14,4,Over
4,talk,159,14,8,Over
4,talk,160,14,1,Over
4,talk,161,14,5,Over
4,talk,162,14,2,Over
4,talk,163,14,10,Over
4,talk,164,14,13,Over
4,talk,165,15,2,Over
4,talk,166,15,10,Over
4,talk,167,15,1,Over
4,talk,168,15,12,Over
4,talk,169,15,5,Over
4,talk,170,15,4,Over
4,talk,171,15,6,Over
4,talk,172,15,8,Over
4,talk,173,15,15,Skip
4,talk,174,15,13,Over
4,talk,175,15,11,Over
4,talk,176,16,10,Over
4,talk,177,16,11,Over
4,talk,178,16,12,Over
4,talk,179,16,1,Over
4,talk,180,16,13,Over
4,talk,181,16,8,Over
4,talk,182,16,5,Over
4,talk,183,16,4,Over
4,talk,184,16,2,Over
4,talk,185,16,15,Skip
4,talk,186,16,6,Over
4,talk,187,17,8,Over
4,talk,188,17,11,Over
4,talk,189,17,12,Over
4,talk,190,17,2,Over
4,talk,191,17,15,Over
4,talk,192,17,1,Over
4,talk,193,17,5,Over
4,talk,194,17,6,Over
4,talk,195,17,4,Over
4,talk,196,17,13,Over
4,talk,197,17,10,Over
4,vote,1,2
4,vote,2,15
4,vote,4,8
4,vote,5,4
4,vote,6,8
4,vote,8,4
4,vote,10,13
4,vote,11,8
4,vote,12,11
4,vote,13,6
4,vote,15,2
4,execute,8,VILLAGER
4,divine,11,2,HUMAN
4,whisper,0,0,15,ATTACK Agent[12]
4,whisper,1,0,6,ATTACK Agent[03]
4,whisper,2,1,6,Skip
4,whisper,3,1,15,Skip
4,whisper,4,2,15,Skip
4,whisper,5,2,6,Skip
4,whisper,6,3,15,Over
4,whisper,7,3,6,Over
4,guard,5,11,SEER
4,attackVote,15,12
4,attack,12,true
5,status,1,VILLAGER,ALIVE,sample_py
5,status,2,VILLAGER,ALIVE,SampleJava14
5,status,3,MEDIUM,DEAD,Takeda7
5,status,4,VILLAGER,ALIVE,HALU
5,status,5,BODYGUARD,ALIVE,SampleJava12
5,status,6,WEREWOLF,ALIVE,HALU
5,status,7,VILLAGER,DEAD,HALU
5,status,8,VILLAGER,DEAD,OKAMI
5,status,9,POSSESSED,DEAD,OKAMI
5,status,10,VILLAGER,ALIVE,TOKU10
5,status,11,SEER,ALIVE,HALU
5,status,12,VILLAGER,DEAD,SampleJava2
5,status,13,VILLAGER,ALIVE,TOKU8
5,status,14,WEREWOLF,DEAD,OKAMI
5,status,15,WEREWOLF,ALIVE,Tomato4
5,talk,0,0,5,VOTE Agent[02]
5,talk,1,0,1,VOTE Agent[15]
5,talk,2,0,13,VOTE Agent[06]
5,talk,3,0,11,DIVINED Agent[02] HUMAN
5,talk,4,0,4,VOTE Agent[01]
5,talk,5,0,2,VOTE Agent[06]
5,talk,6,0,10,VOTE Agent[13]
5,talk,7,0,15,VOTE Agent[02]
5,talk,8,0,6,VOTE Agent[01]
5,talk,9,1,4,VOTE Agent[15]
5,talk,10,1,5,REQUEST ANY (VOTE Agent[02])
5,talk,11,1,15,Skip
5,talk,12,1,6,VOTE Agent[05]
5,talk,13,1,2,REQUEST ANY (VOTE Agent[06])
5,talk,14,1,11,VOTE Agent[05]
5,talk,15,1,13,Skip
5,talk,16,1,10,Skip
5,talk,17,1,1,Skip
5,talk,18,2,11,VOTE Agent[06]
5,talk,19,2,4,VOTE Agent[06]
5,talk,20,2,6,VOTE Agent[04]
5,talk,21,2,10,Skip
5,talk,22,2,5,Skip
5,talk,23,2,2,Skip
5,talk,24,2,13,Skip
5,talk,25,2,15,VOTE Agent[04]
5,talk,26,2,1,Skip
5,talk,27,3,10,Over
5,talk,28,3,4,VOTE Agent[05]
5,talk,29,3,1,Over
5,talk,30,3,15,Skip
5,talk,31,3,2,Skip
5,talk,32,3,11,VOTE Agent[06]
5,talk,33,3,6,VOTE Agent[04]
5,talk,34,3,5,Skip
5,talk,35,3,13,VOTE Agent[10]
5,talk,36,4,10,Over
5,talk,37,4,13,Skip
5,talk,38,4,11,VOTE Agent[06]
5,talk,39,4,15,VOTE Agent[10]
5,talk,40,4,4,VOTE Agent[06]
5,talk,41,4,2,Over
5,talk,42,4,5,Over
5,talk,43,4,6,VOTE Agent[04]
5,talk,44,4,1,Over
5,talk,45,5,2,Over
5,talk,46,5,5,Over
5,talk,47,5,10,Over
5,talk,48,5,13,Skip
5,talk,49,5,11,VOTE Agent[06]
5,talk,50,5,15,VOTE Agent[04]
5,talk,51,5,6,VOTE Agent[04]
5,talk,52,5,4,VOTE Agent[06]
5,talk,53,5,1,Over
5,talk,54,6,6,VOTE Agent[04]
5,talk,55,6,10,Over
5,talk,56,6,11,VOTE Agent[06]
5,talk,57,6,2,Over
5,talk,58,6,13,Over
5,talk,59,6,4,VOTE Agent[15]
5,talk,60,6,15,VOTE Agent[02]
5,talk,61,6,1,Over
5,talk,62,6,5,Over
5,talk,63,7,15,VOTE Agent[04]
5,talk,64,7,13,Over
5,talk,65,7,2,Over
5,talk,66,7,1,Over
5,talk,67,7,5,Over
5,talk,68,7,10,Over
5,talk,69,7,6,VOTE Agent[04]
5,talk,70,7,4,VOTE Agent[06]
5,talk,71,7,11,VOTE Agent[06]
5,talk,72,8,10,Over
5,talk,73,8,5,Over
5,talk,74,8,1,Over
5,talk,75,8,6,VOTE Agent[04]
5,talk,76,8,4,VOTE Agent[06]
5,talk,77,8,13,Over
5,talk,78,8,11,VOTE Agent[15]
5,talk,79,8,15,VOTE Agent[02]
5,talk,80,8,2,Over
5,talk,81,9,2,Over
5,talk,82,9,10,Over
5,talk,83,9,5,Over
5,talk,84,9,15,VOTE Agent[10]
5,talk,85,9,13,Over
5,talk,86,9,1,Over
5,talk,87,9,11,Over
5,talk,88,9,4,Over
5,talk,89,9,6,Over
5,talk,90,10,11,Over
5,talk,91,10,1,Over
5,talk,92,10,10,Over
5,talk,93,10,13,Over
5,talk,94,10,15,VOTE Agent[13]
5,talk,95,10,6,Over
5,talk,96,10,5,Over
5,talk,97,10,4,Over
5,talk,98,10,2,Over
5,talk,99,11,10,Over
5,talk,100,11,2,Over
5,talk,101,11,15,VOTE Agent[04]
5,talk,102,11,6,Over
5,talk,103,11,1,Over
5,talk,104,11,13,Over
5,talk,105,11,5,Over
5,talk,106,11,11,Over
5,talk,107,11,4,Over
5,talk,108,12,15,Over
5,talk,109,12,13,Over
5,talk,110,12,1,Over
5,talk,111,12,5,Over
5,talk,112,12,6,Over
5,talk,113,12,4,Over
5,talk,114,12,10,Over
5,talk,115,12,2,Over
5,talk,116,12,11,Over
5,vote,1,15
5,vote,2,13
5,vote,4,6
5,vote,5,6
5,vote,6,4
5,vote,10,13
5,vote,11,4
5,vote,13,10
5,vote,15,4
5,execute,4,VILLAGER
5,divine,11,1,HUMAN
5,whisper,0,0,15,ATTACK Agent[11]
5,whisper,1,0,6,ATTACK Agent[03]
5,whisper,2,1,15,Skip
5,whisper,3,1,6,Skip
5,whisper,4,2,6,Skip
5,whisper,5,2,15,Skip
5,whisper,6,3,6,Over
5,whisper,7,3,15,Over
5,guard,5,11,SEER
5,attackVote,15,11
5,attack,11,false
6,status,1,VILLAGER,ALIVE,sample_py
6,status,2,VILLAGER,ALIVE,SampleJava14
6,status,3,MEDIUM,DEAD,Takeda7
6,status,4,VILLAGER,DEAD,HALU
6,status,5,BODYGUARD,ALIVE,SampleJava12
6,status,6,WEREWOLF,ALIVE,HALU
6,status,7,VILLAGER,DEAD,HALU
6,status,8,VILLAGER,DEAD,OKAMI
6,status,9,POSSESSED,DEAD,OKAMI
6,status,10,VILLAGER,ALIVE,TOKU10
6,status,11,SEER,ALIVE,HALU
6,status,12,VILLAGER,DEAD,SampleJava2
6,status,13,VILLAGER,ALIVE,TOKU8
6,status,14,WEREWOLF,DEAD,OKAMI
6,status,15,WEREWOLF,ALIVE,Tomato4
6,talk,0,0,6,VOTE Agent[13]
6,talk,1,0,13,VOTE Agent[10]
6,talk,2,0,5,VOTE Agent[01]
6,talk,3,0,15,VOTE Agent[13]
6,talk,4,0,2,VOTE Agent[01]
6,talk,5,0,11,DIVINED Agent[01] HUMAN
6,talk,6,0,1,VOTE Agent[05]
6,talk,7,0,10,VOTE Agent[13]
6,talk,8,1,13,Skip
6,talk,9,1,6,VOTE Agent[13]
6,talk,10,1,11,VOTE Agent[06]
6,talk,11,1,1,Skip
6,talk,12,1,15,Skip
6,talk,13,1,2,REQUEST ANY (VOTE Agent[01])
6,talk,14,1,5,REQUEST ANY (VOTE Agent[01])
6,talk,15,1,10,Skip
6,talk,16,2,5,Skip
6,talk,17,2,13,VOTE Agent[06]
6,talk,18,2,15,Skip
6,talk,19,2,2,Skip
6,talk,20,2,6,VOTE Agent[05]
6,talk,21,2,11,VOTE Agent[13]
6,talk,22,2,10,VOTE Agent[06]
6,talk,23,2,1,Skip
6,talk,24,3,10,VOTE Agent[13]
6,talk,25,3,15,VOTE Agent[05]
6,talk,26,3,11,VOTE Agent[15]
6,talk,27,3,6,VOTE Agent[13]
6,talk,28,3,1,Over
6,talk,29,3,13,VOTE Agent[10]
6,talk,30,3,5,Skip
6,talk,31,3,2,Skip
6,talk,32,4,13,Skip
6,talk,33,4,5,Over
6,talk,34,4,11,VOTE Agent[13]
6,talk,35,4,15,VOTE Agent[13]
6,talk,36,4,2,Over
6,talk,37,4,1,Over
6,talk,38,4,6,VOTE Agent[05]
6,talk,39,4,10,Skip
6,talk,40,5,6,VOTE Agent[13]
6,talk,41,5,15,Skip
6,talk,42,5,10,Skip
6,talk,43,5,11,VOTE Agent[13]
6,talk,44,5,5,Over
6,talk,45,5,13,VOTE Agent[10]
6,talk,46,5,2,Over
6,talk,47,5,1,Over
6,talk,48,6,2,Over
6,talk,49,6,15,Skip
6,talk,50,6,5,Over
6,talk,51,6,1,Over
6,talk,52,6,6,VOTE Agent[05]
6,talk,53,6,10,Over
6,talk,54,6,13,Skip
6,talk,55,6,11,VOTE Agent[05]
6,talk,56,7,2,Over
6,talk,57,7,5,Over
6,talk,58,7,1,Over
6,talk,59,7,13,Skip
6,talk,60,7,10,Over
6,talk,61,7,6,VOTE Agent[13]
6,talk,62,7,11,VOTE Agent[06]
6,talk,63,7,15,Over
6,talk,64,8,11,VOTE Agent[13]
6,talk,65,8,5,Over
6,talk,66,8,13,VOTE Agent[10]
6,talk,67,8,15,Over
6,talk,68,8,1,Over
6,talk,69,8,2,Over
6,talk,70,8,6,VOTE Agent[05]
6,talk,71,8,10,Over
6,talk,72,9,2,Over
6,talk,73,9,15,VOTE Agent[05]
6,talk,74,9,10,Over
6,talk,75,9,6,Over
6,talk,76,9,13,Skip
6,talk,77,9,1,Over
6,talk,78,9,11,Over
6,talk,79,9,5,Over
6,talk,80,10,13,Skip
6,talk,81,10,1,Over
6,talk,82,10,5,Over
6,talk,83,10,6,Over
6,talk,84,10,10,Over
6,talk,85,10,15,VOTE Agent[13]
6,talk,86,10,11,Over
6,talk,87,10,2,Over
6,talk,88,11,6,Over
6,talk,89,11,2,Over
6,talk,90,11,10,Over
6,talk,91,11,13,Over
6,talk,92,11,11,Over
6,talk,93,11,1,Over
6,talk,94,11,5,Over
6,talk,95,11,15,VOTE Agent[05]
6,talk,96,12,5,Over
6,talk,97,12,6,Over
6,talk,98,12,2,Over
6,talk,99,12,10,Over
6,talk,100,12,11,Over
6,talk,101,12,1,Over
6,talk,102,12,13,Over
6,talk,103,12,15,Skip
6,talk,104,13,1,Over
6,talk,105,13,13,Over
6,talk,106,13,11,Over
6,talk,107,13,2,Over
6,talk,108,13,6,Over
6,talk,109,13,10,Over
6,talk,110,13,15,VOTE Agent[01]
6,talk,111,13,5,Over
6,talk,112,14,5,Over
6,talk,113,14,2,Over
6,talk,114,14,15,VOTE Agent[13]
6,talk,115,14,11,Over
6,talk,116,14,10,Over
6,talk,117,14,6,Over
6,talk,118,14,1,Over
6,talk,119,14,13,Over
6,talk,120,15,13,Over
6,talk,121,15,11,Over
6,talk,122,15,15,VOTE Agent[05]
6,talk,123,15,5,Over
6,talk,124,15,10,Over
6,talk,125,15,6,Over
6,talk,126,15,2,Over
6,talk,127,15,1,Over
6,talk,128,16,10,Over
6,talk,129,16,1,Over
6,talk,130,16,15,Skip
6,talk,131,16,11,Over
6,talk,132,16,5,Over
6,talk,133,16,13,Over
6,talk,134,16,2,Over
6,talk,135,16,6,Over
6,talk,136,17,11,Over
6,talk,137,17,6,Over
6,talk,138,17,10,Over
6,talk,139,17,5,Over
6,talk,140,17,1,Over
6,talk,141,17,13,Over
6,talk,142,17,15,Skip
6,talk,143,17,2,Over
6,talk,144,18,10,Over
6,talk,145,18,13,Over
6,talk,146,18,1,Over
6,talk,147,18,15,VOTE Agent[13]
6,talk,148,18,6,Over
6,talk,149,18,11,Over
6,talk,150,18,2,Over
6,talk,151,18,5,Over
6,talk,152,19,10,Over
6,talk,153,19,11,Over
6,talk,154,19,5,Over
6,talk,155,19,13,Over
6,talk,156,19,15,Over
6,talk,157,19,6,Over
6,talk,158,19,2,Over
6,talk,159,19,1,Over
6,vote,1,5
6,vote,2,1
6,vote,5,1
6,vote,6,13
6,vote,10,13
6,vote,11,13
6,vote,13,10
6,vote,15,13
6,execute,13,VILLAGER
6,divine,11,5,HUMAN
6,whisper,0,0,6,ATTACK Agent[03]
6,whisper,1,0,15,ATTACK Agent[02]
6,whisper,2,1,6,Skip
6,whisper,3,1,15,Skip
6,whisper,4,2,15,Skip
6,whisper,5,2,6,Skip
6,whisper,6,3,15,Over
6,whisper,7,3,6,Over
6,guard,5,11,SEER
6,attackVote,15,2
6,attack,2,true
7,status,1,VILLAGER,ALIVE,sample_py
7,status,2,VILLAGER,DEAD,SampleJava14
7,status,3,MEDIUM,DEAD,Takeda7
7,status,4,VILLAGER,DEAD,HALU
7,status,5,BODYGUARD,ALIVE,SampleJava12
7,status,6,WEREWOLF,ALIVE,HALU
7,status,7,VILLAGER,DEAD,HALU
7,status,8,VILLAGER,DEAD,OKAMI
7,status,9,POSSESSED,DEAD,OKAMI
7,status,10,VILLAGER,ALIVE,TOKU10
7,status,11,SEER,ALIVE,HALU
7,status,12,VILLAGER,DEAD,SampleJava2
7,status,13,VILLAGER,DEAD,TOKU8
7,status,14,WEREWOLF,DEAD,OKAMI
7,status,15,WEREWOLF,ALIVE,Tomato4
7,talk,0,0,15,VOTE Agent[01]
7,talk,1,0,6,VOTE Agent[05]
7,talk,2,0,1,VOTE Agent[05]
7,talk,3,0,10,VOTE Agent[06]
7,talk,4,0,5,VOTE Agent[01]
7,talk,5,0,11,DIVINED Agent[05] HUMAN
7,talk,6,1,1,Skip
7,talk,7,1,5,REQUEST ANY (VOTE Agent[01])
7,talk,8,1,10,Skip
7,talk,9,1,11,VOTE Agent[06]
7,talk,10,1,6,VOTE Agent[01]
7,talk,11,1,15,Skip
7,talk,12,2,6,VOTE Agent[01]
7,talk,13,2,1,Skip
7,talk,14,2,5,Skip
7,talk,15,2,10,Skip
7,talk,16,2,15,Skip
7,talk,17,2,11,VOTE Agent[06]
7,talk,18,3,6,VOTE Agent[01]
7,talk,19,3,11,VOTE Agent[06]
7,talk,20,3,1,Over
7,talk,21,3,10,Over
7,talk,22,3,5,Skip
7,talk,23,3,15,Over
7,talk,24,4,15,Over
7,talk,25,4,11,VOTE Agent[06]
7,talk,26,4,1,Over
7,talk,27,4,6,VOTE Agent[01]
7,talk,28,4,5,Over
7,talk,29,4,10,Over
7,talk,30,5,15,Over
7,talk,31,5,10,Over
7,talk,32,5,5,Over
7,talk,33,5,11,VOTE Agent[06]
7,talk,34,5,6,VOTE Agent[01]
7,talk,35,5,1,Over
7,talk,36,6,5,Over
7,talk,37,6,15,Over
7,talk,38,6,1,Over
7,talk,39,6,10,Over
7,talk,40,6,11,VOTE Agent[06]
7,talk,41,6,6,VOTE Agent[01]
7,talk,42,7,6,VOTE Agent[01]
7,talk,43,7,11,VOTE Agent[06]
7,talk,44,7,5,Over
7,talk,45,7,15,Over
7,talk,46,7,10,Over
7,talk,47,7,1,Over
7,talk,48,8,10,Over
7,talk,49,8,1,Over
7,talk,50,8,6,VOTE Agent[01]
7,talk,51,8,15,Over
7,talk,52,8,5,Over
7,talk,53,8,11,VOTE Agent[06]
7,talk,54,9,11,Over
7,talk,55,9,1,Over
7,talk,56,9,15,Over
7,talk,57,9,10,Over
7,talk,58,9,5,Over
7,talk,59,9,6,Over
7,vote,1,5
7,vote,5,11
7,vote,6,1
7,vote,10,6
7,vote,11,6
7,vote,15,1
7,vote,1,5
7,vote,5,1
7,vote,6,1
7,vote,10,6
7,vote,11,6
7,vote,15,1
7,execute,1,VILLAGER
7,divine,11,6,WEREWOLF
7,whisper,0,0,6,ATTACK Agent[03]
7,whisper,1,0,15,ATTACK Agent[11]
7,whisper,2,1,6,Skip
7,whisper,3,1,15,Skip
7,whisper,4,2,15,Skip
7,whisper,5,2,6,Skip
7,whisper,6,3,6,Over
7,whisper,7,3,15,Over
7,guard,5,11,SEER
7,attackVote,15,11
7,attack,11,false
8,status,1,VILLAGER,DEAD,sample_py
8,status,2,VILLAGER,DEAD,SampleJava14
8,status,3,MEDIUM,DEAD,Takeda7
8,status,4,VILLAGER,DEAD,HALU
8,status,5,BODYGUARD,ALIVE,SampleJava12
8,status,6,WEREWOLF,ALIVE,HALU
8,status,7,VILLAGER,DEAD,HALU
8,status,8,VILLAGER,DEAD,OKAMI
8,status,9,POSSESSED,DEAD,OKAMI
8,status,10,VILLAGER,ALIVE,TOKU10
8,status,11,SEER,ALIVE,HALU
8,status,12,VILLAGER,DEAD,SampleJava2
8,status,13,VILLAGER,DEAD,TOKU8
8,status,14,WEREWOLF,DEAD,OKAMI
8,status,15,WEREWOLF,ALIVE,Tomato4
8,talk,0,0,5,VOTE Agent[15]
8,talk,1,0,6,VOTE Agent[05]
8,talk,2,0,15,VOTE Agent[05]
8,talk,3,0,10,VOTE Agent[06]
8,talk,4,0,11,DIVINED Agent[06] WEREWOLF
8,talk,5,1,11,VOTE Agent[06]
8,talk,6,1,10,Skip
8,talk,7,1,5,REQUEST ANY (VOTE Agent[15])
8,talk,8,1,6,VOTE Agent[05]
8,talk,9,1,15,Skip
8,talk,10,2,15,Skip
8,talk,11,2,6,VOTE Agent[05]
8,talk,12,2,11,VOTE Agent[06]
8,talk,13,2,5,Skip
8,talk,14,2,10,Skip
8,talk,15,3,11,VOTE Agent[06]
8,talk,16,3,10,Over
8,talk,17,3,6,VOTE Agent[05]
8,talk,18,3,5,Skip
8,talk,19,3,15,Over
8,talk,20,4,15,Over
8,talk,21,4,10,Over
8,talk,22,4,11,VOTE Agent[06]
8,talk,23,4,6,VOTE Agent[05]
8,talk,24,4,5,Over
8,talk,25,5,15,Over
8,talk,26,5,6,VOTE Agent[05]
8,talk,27,5,11,VOTE Agent[06]
8,talk,28,5,10,Over
8,talk,29,5,5,Over
8,talk,30,6,10,Over
8,talk,31,6,11,VOTE Agent[06]
8,talk,32,6,6,VOTE Agent[05]
8,talk,33,6,5,Over
8,talk,34,6,15,Over
8,talk,35,7,10,Over
8,talk,36,7,11,VOTE Agent[06]
8,talk,37,7,5,Over
8,talk,38,7,6,VOTE Agent[05]
8,talk,39,7,15,Over
8,talk,40,8,10,Over
8,talk,41,8,6,VOTE Agent[05]
8,talk,42,8,5,Over
8,talk,43,8,15,Over
8,talk,44,8,11,VOTE Agent[06]
8,talk,45,9,11,Over
8,talk,46,9,15,Over
8,talk,47,9,6,Over
8,talk,48,9,10,Over
8,talk,49,9,5,Over
8,vote,5,6
8,vote,6,5
8,vote,10,6
8,vote,11,6
8,vote,15,5
8,execute,6,WEREWOLF
8,divine,11,15,WEREWOLF
8,guard,5,11,SEER
8,attack,5,true
9,status,1,VILLAGER,DEAD,sample_py
9,status,2,VILLAGER,DEAD,SampleJava14
9,status,3,MEDIUM,DEAD,Takeda7
9,status,4,VILLAGER,DEAD,HALU
9,status,5,BODYGUARD,DEAD,SampleJava12
9,status,6,WEREWOLF,DEAD,HALU
9,status,7,VILLAGER,DEAD,HALU
9,status,8,VILLAGER,DEAD,OKAMI
9,status,9,POSSESSED,DEAD,OKAMI
9,status,10,VILLAGER,ALIVE,TOKU10
9,status,11,SEER,ALIVE,HALU
9,status,12,VILLAGER,DEAD,SampleJava2
9,status,13,VILLAGER,DEAD,TOKU8
9,status,14,WEREWOLF,DEAD,OKAMI
9,status,15,WEREWOLF,ALIVE,Tomato4
9,talk,0,0,11,DIVINED Agent[15] WEREWOLF
9,talk,1,0,15,VOTE Agent[11]
9,talk,2,0,10,VOTE Agent[15]
9,talk,3,1,10,Skip
9,talk,4,1,11,VOTE Agent[15]
9,talk,5,1,15,VOTE Agent[10]
9,talk,6,2,10,Skip
9,talk,7,2,15,Skip
9,talk,8,2,11,VOTE Agent[15]
9,talk,9,3,15,VOTE Agent[11]
9,talk,10,3,11,VOTE Agent[15]
9,talk,11,3,10,Over
9,talk,12,4,11,VOTE Agent[15]
9,talk,13,4,10,Over
9,talk,14,4,15,Skip
9,talk,15,5,11,VOTE Agent[15]
9,talk,16,5,10,Over
9,talk,17,5,15,Skip
9,talk,18,6,11,VOTE Agent[15]
9,talk,19,6,15,Over
9,talk,20,6,10,Over
9,talk,21,7,11,VOTE Agent[15]
9,talk,22,7,10,Over
9,talk,23,7,15,Over
9,talk,24,8,11,VOTE Agent[15]
9,talk,25,8,10,Over
9,talk,26,8,15,Over
9,talk,27,9,10,Over
9,talk,28,9,11,Over
9,talk,29,9,15,Over
9,vote,10,15
9,vote,11,15
9,vote,15,11
9,execute,15,WEREWOLF
9,divine,11,10,HUMAN
10,status,1,VILLAGER,DEAD,sample_py
10,status,2,VILLAGER,DEAD,SampleJava14
10,status,3,MEDIUM,DEAD,Takeda7
10,status,4,VILLAGER,DEAD,HALU
10,status,5,BODYGUARD,DEAD,SampleJava12
10,status,6,WEREWOLF,DEAD,HALU
10,status,7,VILLAGER,DEAD,HALU
10,status,8,VILLAGER,DEAD,OKAMI
10,status,9,POSSESSED,DEAD,OKAMI
10,status,10,VILLAGER,ALIVE,TOKU10
10,status,11,SEER,ALIVE,HALU
10,status,12,VILLAGER,DEAD,SampleJava2
10,status,13,VILLAGER,DEAD,TOKU8
10,status,14,WEREWOLF,DEAD,OKAMI
10,status,15,WEREWOLF,DEAD,Tomato4
10,result,2,0,VILLAGER
