0,status,1,VILLAGER,ALIVE,sample_py
0,status,2,VILLAGER,ALIVE,SampleJava14
0,status,3,MEDIUM,ALIVE,Takeda7
0,status,4,VILLAGER,ALIVE,HALU
0,status,5,VILLAGER,ALIVE,SampleJava12
0,status,6,WEREWOLF,ALIVE,HALU
0,status,7,BODYGUARD,ALIVE,HALU
0,status,8,SEER,ALIVE,OKAMI
0,status,9,VILLAGER,ALIVE,OKAMI
0,status,10,VILLAGER,ALIVE,TOKU10
0,status,11,VILLAGER,ALIVE,HALU
0,status,12,WEREWOLF,ALIVE,SampleJava2
0,status,13,VILLAGER,ALIVE,TOKU8
0,status,14,WEREWOLF,ALIVE,OKAMI
0,status,15,POSSESSED,ALIVE,Tomato4
0,whisper,0,0,14,COMINGOUT Agent[14] VILLAGER
0,whisper,1,0,6,COMINGOUT Agent[06] VILLAGER
0,whisper,2,0,12,COMINGOUT Agent[12] SEER
0,whisper,3,1,6,Skip
0,whisper,4,1,12,Skip
0,whisper,5,1,14,Skip
0,whisper,6,2,12,Skip
0,whisper,7,2,6,Skip
0,whisper,8,2,14,Skip
0,whisper,9,3,14,Over
0,whisper,10,3,6,Over
0,whisper,11,3,12,Over
0,divine,8,9,HUMAN
1,status,1,VILLAGER,ALIVE,sample_py
1,status,2,VILLAGER,ALIVE,SampleJava14
1,status,3,MEDIUM,ALIVE,Takeda7
1,status,4,VILLAGER,ALIVE,HALU
1,status,5,VILLAGER,ALIVE,SampleJava12
1,status,6,WEREWOLF,ALIVE,HALU
1,status,7,BODYGUARD,ALIVE,HALU
1,status,8,SEER,ALIVE,OKAMI
1,status,9,VILLAGER,ALIVE,OKAMI
1,status,10,VILLAGER,ALIVE,TOKU10
1,status,11,VILLAGER,ALIVE,HALU
1,status,12,WEREWOLF,ALIVE,SampleJava2
1,status,13,VILLAGER,ALIVE,TOKU8
1,status,14,WEREWOLF,ALIVE,OKAMI
1,status,15,POSSESSED,ALIVE,Tomato4
1,talk,0,0,2,VOTE Agent[13]
1,talk,1,0,5,VOTE Agent[13]
1,talk,2,0,9,VOTE Agent[13]
1,talk,3,0,15,COMINGOUT Agent[15] SEER
1,talk,4,0,14,VOTE Agent[13]
1,talk,5,0,13,VOTE Agent[02]
1,talk,6,0,4,VOTE Agent[14]
1,talk,7,0,1,VOTE Agent[04]
1,talk,8,0,6,VOTE Agent[01]
1,talk,9,0,12,COMINGOUT Agent[12] SEER
1,talk,10,0,7,VOTE Agent[01]
1,talk,11,0,8,VOTE Agent[01]
1,talk,12,0,10,VOTE Agent[13]
1,talk,13,0,3,COMINGOUT Agent[03] MEDIUM
1,talk,14,0,11,VOTE Agent[13]
1,talk,15,1,3,VOTE Agent[13]
1,talk,16,1,4,VOTE Agent[03]
1,talk,17,1,10,Skip
1,talk,18,1,5,REQUEST ANY (VOTE Agent[13])
1,talk,19,1,9,COMINGOUT Agent[09] VILLAGER
1,talk,20,1,14,VOTE Agent[13]
1,talk,21,1,2,REQUEST ANY (VOTE Agent[13])
1,talk,22,1,1,Skip
1,talk,23,1,11,VOTE Agent[09]
1,talk,24,1,6,VOTE Agent[04]
1,talk,25,1,7,VOTE Agent[09]
1,talk,26,1,13,VOTE Agent[07]
1,talk,27,1,15,DIVINED Agent[12] HUMAN
1,talk,28,1,8,VOTE Agent[09]
1,talk,29,1,12,BECAUSE (AND (COMINGOUT Agent[12] SEER) (Agent[15] COMINGOUT Agent[15] SEER)) (XOR (ESTIMATE Agent[15] WEREWOLF) (ESTIMATE Agent[15] POSSESSED))
1,talk,30,2,1,Skip
1,talk,31,2,5,Skip
1,talk,32,2,8,VOTE Agent[09]
1,talk,33,2,15,VOTE Agent[13]
1,talk,34,2,13,VOTE Agent[14]
1,talk,35,2,14,VOTE Agent[13]
1,talk,36,2,4,VOTE Agent[09]
1,talk,37,2,10,VOTE Agent[08]
1,talk,38,2,3,VOTE Agent[08]
1,talk,39,2,2,Skip
1,talk,40,2,11,VOTE Agent[09]
1,talk,41,2,6,VOTE Agent[13]
1,talk,42,2,9,VOTE Agent[08]
1,talk,43,2,12,DAY 1 (DIVINED Agent[09] HUMAN)
1,talk,44,2,7,VOTE Agent[09]
1,talk,45,3,12,DIVINED Agent[09] HUMAN
1,talk,46,3,4,VOTE Agent[09]
1,talk,47,3,10,VOTE Agent[14]
1,talk,48,3,15,VOTE Agent[09]
1,talk,49,3,1,Over
1,talk,50,3,7,VOTE Agent[09]
1,talk,51,3,5,Skip
1,talk,52,3,14,VOTE Agent[09]
1,talk,53,3,6,VOTE Agent[13]
1,talk,54,3,11,VOTE Agent[09]
1,talk,55,3,9,VOTE Agent[14]
1,talk,56,3,13,VOTE Agent[12]
1,talk,57,3,2,Skip
1,talk,58,3,8,VOTE Agent[09]
1,talk,59,3,3,Skip
1,talk,60,4,14,VOTE Agent[09]
1,talk,61,4,8,VOTE Agent[09]
1,talk,62,4,13,Skip
1,talk,63,4,1,Over
1,talk,64,4,2,Over
1,talk,65,4,15,Skip
1,talk,66,4,3,Skip
1,talk,67,4,6,VOTE Agent[13]
1,talk,68,4,4,VOTE Agent[09]
1,talk,69,4,7,VOTE Agent[09]
1,talk,70,4,11,VOTE Agent[09]
1,talk,71,4,9,VOTE Agent[08]
1,talk,72,4,12,BECAUSE (XOR (ESTIMATE Agent[15] WEREWOLF) (ESTIMATE Agent[15] POSSESSED)) (AND (VOTE Agent[15]) (REQUEST ANY (VOTE Agent[15])))
1,talk,73,4,10,Skip
1,talk,74,4,5,Over
1,talk,75,5,14,VOTE Agent[09]
1,talk,76,5,7,VOTE Agent[09]
1,talk,77,5,5,Over
1,talk,78,5,13,Skip
1,talk,79,5,9,VOTE Agent[14]
1,talk,80,5,2,Over
1,talk,81,5,11,VOTE Agent[09]
1,talk,82,5,12,VOTE Agent[15]
1,talk,83,5,1,Over
1,talk,84,5,3,Over
1,talk,85,5,10,Skip
1,talk,86,5,4,VOTE Agent[09]
1,talk,87,5,15,Skip
1,talk,88,5,6,VOTE Agent[13]
1,talk,89,5,8,VOTE Agent[09]
1,talk,90,6,14,VOTE Agent[09]
1,talk,91,6,8,VOTE Agent[09]
1,talk,92,6,12,REQUEST ANY (VOTE Agent[15])
1,talk,93,6,2,Over
1,talk,94,6,13,Over
1,talk,95,6,10,Over
1,talk,96,6,6,VOTE Agent[13]
1,talk,97,6,4,VOTE Agent[09]
1,talk,98,6,7,VOTE Agent[09]
1,talk,99,6,1,Over
1,talk,100,6,11,VOTE Agent[09]
1,talk,101,6,3,VOTE Agent[14]
1,talk,102,6,5,Over
1,talk,103,6,9,VOTE Agent[14]
1,talk,104,6,15,Over
1,talk,105,7,11,VOTE Agent[09]
1,talk,106,7,10,VOTE Agent[12]
1,talk,107,7,3,Skip
1,talk,108,7,2,Over
1,talk,109,7,12,Skip
1,talk,110,7,7,VOTE Agent[09]
1,talk,111,7,4,VOTE Agent[09]
1,talk,112,7,5,Over
1,talk,113,7,1,Over
1,talk,114,7,9,VOTE Agent[14]
1,talk,115,7,15,Over
1,talk,116,7,14,VOTE Agent[09]
1,talk,117,7,6,VOTE Agent[09]
1,talk,118,7,13,Over
1,talk,119,7,8,VOTE Agent[09]
1,talk,120,8,3,VOTE Agent[12]
1,talk,121,8,12,Skip
1,talk,122,8,13,Over
1,talk,123,8,8,VOTE Agent[09]
1,talk,124,8,1,Over
1,talk,125,8,15,Over
1,talk,126,8,7,VOTE Agent[09]
1,talk,127,8,4,VOTE Agent[09]
1,talk,128,8,9,VOTE Agent[04]
1,talk,129,8,11,VOTE Agent[09]
1,talk,130,8,2,Over
1,talk,131,8,6,VOTE Agent[09]
1,talk,132,8,10,Skip
1,talk,133,8,5,Over
1,talk,134,8,14,VOTE Agent[09]
1,talk,135,9,4,Over
1,talk,136,9,8,Over
1,talk,137,9,5,Over
1,talk,138,9,13,Over
1,talk,139,9,14,Over
1,talk,140,9,1,Over
1,talk,141,9,12,Over
1,talk,142,9,2,Over
1,talk,143,9,6,Over
1,talk,144,9,9,Over
1,talk,145,9,10,Skip
1,talk,146,9,15,Over
1,talk,147,9,11,Over
1,talk,148,9,3,Skip
1,talk,149,9,7,Over
1,talk,150,10,11,Over
1,talk,151,10,13,Over
1,talk,152,10,15,Over
1,talk,153,10,7,Over
1,talk,154,10,5,Over
1,talk,155,10,3,Skip
1,talk,156,10,12,Over
1,talk,157,10,1,Over
1,talk,158,10,4,Over
1,talk,159,10,8,Over
1,talk,160,10,14,Over
1,talk,161,10,9,Over
1,talk,162,10,6,Over
1,talk,163,10,2,Over
1,talk,164,10,10,Over
1,talk,165,11,1,Over
1,talk,166,11,6,Over
1,talk,167,11,5,Over
1,talk,168,11,11,Over
1,talk,169,11,10,Over
1,talk,170,11,3,Over
1,talk,171,11,13,Over
1,talk,172,11,15,Over
1,talk,173,11,14,Over
1,talk,174,11,9,Over
1,talk,175,11,2,Over
1,talk,176,11,4,Over
1,talk,177,11,8,Over
1,talk,178,11,7,Over
1,talk,179,11,12,Over
1,vote,1,4
1,vote,2,15
1,vote,3,12
1,vote,4,9
1,vote,5,13
1,vote,6,9
1,vote,7,9
1,vote,8,9
1,vote,9,4
1,vote,10,12
1,vote,11,9
1,vote,12,15
1,vote,13,12
1,vote,14,9
1,vote,15,9
1,execute,9,VILLAGER
1,divine,8,6,WEREWOLF
1,whisper,0,0,6,ATTACK Agent[15]
1,whisper,1,0,12,BECAUSE (AND (NOT (COMINGOUT Agent[15] WEREWOLF)) (COMINGOUT Agent[12] WEREWOLF) (DAY 1 (Agent[15] DIVINED Agent[12] HUMAN))) (ESTIMATE Agent[15] POSSESSED)
1,whisper,2,0,14,ATTACK Agent[15]
1,whisper,3,1,12,BECAUSE (Agent[03] COMINGOUT Agent[03] MEDIUM) (ATTACK Agent[03])
1,whisper,4,1,14,Skip
1,whisper,5,1,6,Skip
1,whisper,6,2,14,Skip
1,whisper,7,2,6,Skip
1,whisper,8,2,12,ATTACK Agent[03]
1,whisper,9,3,12,Skip
1,whisper,10,3,14,Over
1,whisper,11,3,6,Over
1,whisper,12,4,12,Skip
1,whisper,13,4,14,Over
1,whisper,14,4,6,Over
1,whisper,15,5,14,Over
1,whisper,16,5,6,Over
1,whisper,17,5,12,Over
1,guard,7,15,POSSESSED
1,attackVote,6,15
1,attackVote,12,3
1,attackVote,14,15
1,attack,15,false
2,status,1,VILLAGER,ALIVE,sample_py
2,status,2,VILLAGER,ALIVE,SampleJava14
2,status,3,MEDIUM,ALIVE,Takeda7
2,status,4,VILLAGER,ALIVE,HALU
2,status,5,VILLAGER,ALIVE,SampleJava12
2,status,6,WEREWOLF,ALIVE,HALU
2,status,7,BODYGUARD,ALIVE,HALU
2,status,8,SEER,ALIVE,OKAMI
2,status,9,VILLAGER,DEAD,OKAMI
2,status,10,VILLAGER,ALIVE,TOKU10
2,status,11,VILLAGER,ALIVE,HALU
2,status,12,WEREWOLF,ALIVE,SampleJava2
2,status,13,VILLAGER,ALIVE,TOKU8
2,status,14,WEREWOLF,ALIVE,OKAMI
2,status,15,POSSESSED,ALIVE,Tomato4
2,talk,0,0,7,VOTE Agent[04]
2,talk,1,0,1,VOTE Agent[12]
2,talk,2,0,2,VOTE Agent[08]
2,talk,3,0,3,IDENTIFIED Agent[09] HUMAN
2,talk,4,0,11,VOTE Agent[07]
2,talk,5,0,6,VOTE Agent[02]
2,talk,6,0,14,VOTE Agent[07]
2,talk,7,0,8,VOTE Agent[06]
2,talk,8,0,4,VOTE Agent[14]
2,talk,9,0,13,VOTE Agent[12]
2,talk,10,0,15,DIVINED Agent[03] HUMAN
2,talk,11,0,12,DAY 2 (DIVINED Agent[08] HUMAN)
2,talk,12,0,5,VOTE Agent[06]
2,talk,13,0,10,VOTE Agent[12]
2,talk,14,1,4,VOTE Agent[14]
2,talk,15,1,2,REQUEST ANY (VOTE Agent[08])
2,talk,16,1,12,DIVINED Agent[08] HUMAN
2,talk,17,1,1,Skip
2,talk,18,1,14,VOTE Agent[07]
2,talk,19,1,6,VOTE Agent[10]
2,talk,20,1,10,Skip
2,talk,21,1,11,VOTE Agent[05]
2,talk,22,1,13,Skip
2,talk,23,1,3,Skip
2,talk,24,1,7,VOTE Agent[10]
2,talk,25,1,15,VOTE Agent[06]
2,talk,26,1,5,REQUEST ANY (VOTE Agent[06])
2,talk,27,1,8,VOTE Agent[06]
2,talk,28,2,7,VOTE Agent[02]
2,talk,29,2,4,VOTE Agent[11]
2,talk,30,2,11,VOTE Agent[10]
2,talk,31,2,5,Skip
2,talk,32,2,3,Skip
2,talk,33,2,14,VOTE Agent[10]
2,talk,34,2,13,Skip
2,talk,35,2,8,VOTE Agent[06]
2,talk,36,2,10,Skip
2,talk,37,2,2,Skip
2,talk,38,2,1,Skip
2,talk,39,2,12,BECAUSE (AND (COMINGOUT Agent[12] SEER) (Agent[15] COMINGOUT Agent[15] SEER)) (XOR (ESTIMATE Agent[15] WEREWOLF) (ESTIMATE Agent[15] POSSESSED))
2,talk,40,2,15,VOTE Agent[10]
2,talk,41,2,6,VOTE Agent[07]
2,talk,42,3,10,VOTE Agent[14]
2,talk,43,3,14,VOTE Agent[10]
2,talk,44,3,2,Skip
2,talk,45,3,7,VOTE Agent[14]
2,talk,46,3,15,VOTE Agent[06]
2,talk,47,3,11,VOTE Agent[02]
2,talk,48,3,1,Over
2,talk,49,3,8,VOTE Agent[06]
2,talk,50,3,13,VOTE Agent[14]
2,talk,51,3,3,VOTE Agent[14]
2,talk,52,3,12,BECAUSE (XOR (ESTIMATE Agent[15] WEREWOLF) (ESTIMATE Agent[15] POSSESSED)) (AND (VOTE Agent[15]) (REQUEST ANY (VOTE Agent[15])))
2,talk,53,3,4,VOTE Agent[14]
2,talk,54,3,6,VOTE Agent[11]
2,talk,55,3,5,Skip
2,talk,56,4,8,VOTE Agent[06]
2,talk,57,4,6,VOTE Agent[11]
2,talk,58,4,4,VOTE Agent[06]
2,talk,59,4,10,Skip
2,talk,60,4,13,Skip
2,talk,61,4,3,Skip
2,talk,62,4,2,Over
2,talk,63,4,11,VOTE Agent[02]
2,talk,64,4,5,Over
2,talk,65,4,12,VOTE Agent[15]
2,talk,66,4,1,Over
2,talk,67,4,15,VOTE Agent[14]
2,talk,68,4,14,VOTE Agent[11]
2,talk,69,4,7,VOTE Agent[11]
2,talk,70,5,8,VOTE Agent[06]
2,talk,71,5,10,Skip
2,talk,72,5,14,VOTE Agent[11]
2,talk,73,5,7,VOTE Agent[11]
2,talk,74,5,1,Over
2,talk,75,5,3,Skip
2,talk,76,5,13,Skip
2,talk,77,5,12,REQUEST ANY (VOTE Agent[15])
2,talk,78,5,4,VOTE Agent[06]
2,talk,79,5,15,Skip
2,talk,80,5,11,VOTE Agent[06]
2,talk,81,5,2,Over
2,talk,82,5,6,VOTE Agent[07]
2,talk,83,5,5,Over
2,talk,84,6,12,Skip
2,talk,85,6,7,VOTE Agent[10]
2,talk,86,6,5,Over
2,talk,87,6,15,VOTE Agent[06]
2,talk,88,6,8,VOTE Agent[06]
2,talk,89,6,2,Over
2,talk,90,6,13,Over
2,talk,91,6,10,Over
2,talk,92,6,4,VOTE Agent[11]
2,talk,93,6,14,VOTE Agent[10]
2,talk,94,6,3,Over
2,talk,95,6,11,VOTE Agent[10]
2,talk,96,6,1,Over
2,talk,97,6,6,VOTE Agent[11]
2,talk,98,7,6,VOTE Agent[11]
2,talk,99,7,11,VOTE Agent[02]
2,talk,100,7,14,VOTE Agent[11]
2,talk,101,7,12,Skip
2,talk,102,7,1,Over
2,talk,103,7,15,VOTE Agent[11]
2,talk,104,7,10,Over
2,talk,105,7,13,VOTE Agent[08]
2,talk,106,7,4,VOTE Agent[13]
2,talk,107,7,8,VOTE Agent[06]
2,talk,108,7,5,Over
2,talk,109,7,7,VOTE Agent[04]
2,talk,110,7,3,Over
2,talk,111,7,2,Over
2,talk,112,8,12,Over
2,talk,113,8,2,Over
2,talk,114,8,4,VOTE Agent[06]
2,talk,115,8,15,VOTE Agent[06]
2,talk,116,8,10,Over
2,talk,117,8,8,VOTE Agent[06]
2,talk,118,8,7,VOTE Agent[13]
2,talk,119,8,5,Over
2,talk,120,8,14,VOTE Agent[02]
2,talk,121,8,11,VOTE Agent[10]
2,talk,122,8,6,VOTE Agent[07]
2,talk,123,8,13,Skip
2,talk,124,8,3,Over
2,talk,125,8,1,Over
2,talk,126,9,6,Over
2,talk,127,9,7,Over
2,talk,128,9,8,Over
2,talk,129,9,12,Over
2,talk,130,9,13,Skip
2,talk,131,9,14,Over
2,talk,132,9,2,Over
2,talk,133,9,3,VOTE Agent[08]
2,talk,134,9,11,Over
2,talk,135,9,4,Over
2,talk,136,9,15,VOTE Agent[08]
2,talk,137,9,1,Over
2,talk,138,9,10,Over
2,talk,139,9,5,Over
2,talk,140,10,8,Over
2,talk,141,10,14,Over
2,talk,142,10,13,Over
2,talk,143,10,10,Over
2,talk,144,10,7,Over
2,talk,145,10,11,Over
2,talk,146,10,1,Over
2,talk,147,10,4,Over
2,talk,148,10,15,Skip
2,talk,149,10,5,Over
2,talk,150,10,6,Over
2,talk,151,10,3,Skip
2,talk,152,10,12,Over
2,talk,153,10,2,Over
2,talk,154,11,15,VOTE Agent[06]
2,talk,155,11,12,Over
2,talk,156,11,3,Skip
2,talk,157,11,11,Over
2,talk,158,11,13,Over
2,talk,159,11,10,Over
2,talk,160,11,7,Over
2,talk,161,11,5,Over
2,talk,162,11,6,Over
2,talk,163,11,14,Over
2,talk,164,11,1,Over
2,talk,165,11,8,Over
2,talk,166,11,4,Over
2,talk,167,11,2,Over
2,talk,168,12,14,Over
2,talk,169,12,13,Over
2,talk,170,12,7,Over
2,talk,171,12,1,Over
2,talk,172,12,6,Over
2,talk,173,12,4,Over
2,talk,174,12,11,Over
2,talk,175,12,2,Over
2,talk,176,12,10,Over
2,talk,177,12,5,Over
2,talk,178,12,12,Over
2,talk,179,12,3,Over
2,talk,180,12,15,Over
2,talk,181,12,8,Over
2,vote,1,12
2,vote,2,15
2,vote,3,8
2,vote,4,14
2,vote,5,8
2,vote,6,7
2,vote,7,10
2,vote,8,6
2,vote,10,8
2,vote,11,14
2,vote,12,15
2,vote,13,8
2,vote,14,13
2,vote,15,6
2,execute,8,SEER
2,whisper,0,0,14,ATTACK Agent[03]
2,whisper,1,0,6,ATTACK Agent[03]
2,whisper,2,0,12,BECAUSE (Agent[03] COMINGOUT Agent[03] MEDIUM) (ATTACK Agent[03])
2,whisper,3,1,14,Skip
2,whisper,4,1,6,Skip
2,whisper,5,1,12,ATTACK Agent[03]
2,whisper,6,2,6,Skip
2,whisper,7,2,14,Skip
2,whisper,8,2,12,Skip
2,whisper,9,3,6,Over
2,whisper,10,3,14,Over
2,whisper,11,3,12,Skip
2,whisper,12,4,14,Over
2,whisper,13,4,12,Over
2,whisper,14,4,6,Over
2,guard,7,15,POSSESSED
2,attackVote,6,3
2,attackVote,12,3
2,attackVote,14,3
2,attack,3,true
3,status,1,VILLAGER,ALIVE,sample_py
3,status,2,VILLAGER,ALIVE,SampleJava14
3,status,3,MEDIUM,DEAD,Takeda7
3,status,4,VILLAGER,ALIVE,HALU
3,status,5,VILLAGER,ALIVE,SampleJava12
3,status,6,WEREWOLF,ALIVE,HALU
3,status,7,BODYGUARD,ALIVE,HALU
3,status,8,SEER,DEAD,OKAMI
3,status,9,VILLAGER,DEAD,OKAMI
3,status,10,VILLAGER,ALIVE,TOKU10
3,status,11,VILLAGER,ALIVE,HALU
3,status,12,WEREWOLF,ALIVE,SampleJava2
3,status,13,VILLAGER,ALIVE,TOKU8
3,status,14,WEREWOLF,ALIVE,OKAMI
3,status,15,POSSESSED,ALIVE,Tomato4
3,talk,0,0,10,VOTE Agent[14]
3,talk,1,0,14,VOTE Agent[01]
3,talk,2,0,12,DAY 3 (DIVINED Agent[07] WEREWOLF)
3,talk,3,0,13,VOTE Agent[14]
3,talk,4,0,6,VOTE Agent[07]
3,talk,5,0,7,VOTE Agent[13]
3,talk,6,0,15,DIVINED Agent[04] WEREWOLF
3,talk,7,0,11,VOTE Agent[07]
3,talk,8,0,1,VOTE Agent[04]
3,talk,9,0,4,VOTE Agent[07]
3,talk,10,0,2,VOTE Agent[05]
3,talk,11,0,5,VOTE Agent[01]
3,talk,12,1,14,VOTE Agent[07]
3,talk,13,1,12,DIVINED Agent[07] WEREWOLF
3,talk,14,1,7,VOTE Agent[04]
3,talk,15,1,15,VOTE Agent[07]
3,talk,16,1,5,REQUEST ANY (VOTE Agent[01])
3,talk,17,1,4,VOTE Agent[07]
3,talk,18,1,10,VOTE Agent[12]
3,talk,19,1,6,VOTE Agent[07]
3,talk,20,1,1,Skip
3,talk,21,1,13,VOTE Agent[12]
3,talk,22,1,2,REQUEST ANY (VOTE Agent[05])
3,talk,23,1,11,VOTE Agent[07]
3,talk,24,2,4,VOTE Agent[07]
3,talk,25,2,12,BECAUSE (DAY 3 (DIVINED Agent[07] WEREWOLF)) (AND (VOTE Agent[07]) (REQUEST ANY (VOTE Agent[07])))
3,talk,26,2,5,Skip
3,talk,27,2,13,VOTE Agent[14]
3,talk,28,2,15,Skip
3,talk,29,2,11,VOTE Agent[07]
3,talk,30,2,10,VOTE Agent[14]
3,talk,31,2,6,VOTE Agent[07]
3,talk,32,2,1,Skip
3,talk,33,2,7,VOTE Agent[04]
3,talk,34,2,2,Skip
3,talk,35,2,14,VOTE Agent[07]
3,talk,36,3,11,VOTE Agent[07]
3,talk,37,3,15,Skip
3,talk,38,3,1,Over
3,talk,39,3,14,VOTE Agent[07]
3,talk,40,3,13,Skip
3,talk,41,3,4,VOTE Agent[07]
3,talk,42,3,10,Skip
3,talk,43,3,6,VOTE Agent[07]
3,talk,44,3,7,VOTE Agent[04]
3,talk,45,3,2,Skip
3,talk,46,3,5,Skip
3,talk,47,3,12,VOTE Agent[07]
3,talk,48,4,4,VOTE Agent[07]
3,talk,49,4,14,VOTE Agent[07]
3,talk,50,4,1,Over
3,talk,51,4,15,Over
3,talk,52,4,11,VOTE Agent[07]
3,talk,53,4,12,REQUEST ANY (VOTE Agent[07])
3,talk,54,4,10,Skip
3,talk,55,4,7,VOTE Agent[04]
3,talk,56,4,5,Over
3,talk,57,4,2,Over
3,talk,58,4,13,Skip
3,talk,59,4,6,VOTE Agent[07]
3,talk,60,5,13,Over
3,talk,61,5,15,Over
3,talk,62,5,11,VOTE Agent[07]
3,talk,63,5,5,Over
3,talk,64,5,4,VOTE Agent[07]
3,talk,65,5,1,Over
3,talk,66,5,2,Over
3,talk,67,5,12,Skip
3,talk,68,5,6,VOTE Agent[07]
3,talk,69,5,10,Over
3,talk,70,5,14,VOTE Agent[07]
3,talk,71,5,7,VOTE Agent[04]
3,talk,72,6,1,Over
3,talk,73,6,14,VOTE Agent[07]
3,talk,74,6,11,VOTE Agent[07]
3,talk,75,6,6,VOTE Agent[07]
3,talk,76,6,4,VOTE Agent[07]
3,talk,77,6,5,Over
3,talk,78,6,15,Over
3,talk,79,6,2,Over
3,talk,80,6,7,VOTE Agent[04]
3,talk,81,6,12,Skip
3,talk,82,6,13,Over
3,talk,83,6,10,Over
3,talk,84,7,7,VOTE Agent[04]
3,talk,85,7,1,Over
3,talk,86,7,11,VOTE Agent[04]
3,talk,87,7,12,Over
3,talk,88,7,5,Over
3,talk,89,7,10,Over
3,talk,90,7,14,VOTE Agent[07]
3,talk,91,7,6,VOTE Agent[07]
3,talk,92,7,15,Over
3,talk,93,7,4,VOTE Agent[07]
3,talk,94,7,13,Over
3,talk,95,7,2,Over
3,talk,96,8,6,VOTE Agent[07]
3,talk,97,8,2,Over
3,talk,98,8,12,Over
3,talk,99,8,11,VOTE Agent[07]
3,talk,100,8,13,Over
3,talk,101,8,10,Over
3,talk,102,8,5,Over
3,talk,103,8,7,VOTE Agent[04]
3,talk,104,8,14,VOTE Agent[07]
3,talk,105,8,1,Over
3,talk,106,8,4,VOTE Agent[07]
3,talk,107,8,15,Over
3,talk,108,9,15,Over
3,talk,109,9,5,Over
3,talk,110,9,1,Over
3,talk,111,9,2,Over
3,talk,112,9,10,Over
3,talk,113,9,7,Over
3,talk,114,9,12,Over
3,talk,115,9,14,Over
3,talk,116,9,6,Over
3,talk,117,9,11,Over
3,talk,118,9,13,Over
3,talk,119,9,4,Over
3,vote,1,4
3,vote,2,1
3,vote,4,7
3,vote,5,7
3,vote,6,7
3,vote,7,4
3,vote,10,7
3,vote,11,4
3,vote,12,7
3,vote,13,7
3,vote,14,7
3,vote,15,7
3,execute,7,BODYGUARD
3,whisper,0,0,14,ATTACK Agent[03]
3,whisper,1,0,12,ATTACK Agent[04]
3,whisper,2,0,6,ATTACK Agent[03]
3,whisper,3,1,6,Skip
3,whisper,4,1,14,Skip
3,whisper,5,1,12,Skip
3,whisper,6,2,6,Skip
3,whisper,7,2,14,Skip
3,whisper,8,2,12,Skip
3,whisper,9,3,6,Over
3,whisper,10,3,12,Over
3,whisper,11,3,14,Over
3,attackVote,12,4
3,attack,4,true
4,status,1,VILLAGER,ALIVE,sample_py
4,status,2,VILLAGER,ALIVE,SampleJava14
4,status,3,MEDIUM,DEAD,Takeda7
4,status,4,VILLAGER,DEAD,HALU
4,status,5,VILLAGER,ALIVE,SampleJava12
4,status,6,WEREWOLF,ALIVE,HALU
4,status,7,BODYGUARD,DEAD,HALU
4,status,8,SEER,DEAD,OKAMI
4,status,9,VILLAGER,DEAD,OKAMI
4,status,10,VILLAGER,ALIVE,TOKU10
4,status,11,VILLAGER,ALIVE,HALU
4,status,12,WEREWOLF,ALIVE,SampleJava2
4,status,13,VILLAGER,ALIVE,TOKU8
4,status,14,WEREWOLF,ALIVE,OKAMI
4,status,15,POSSESSED,ALIVE,Tomato4
4,talk,0,0,11,VOTE Agent[02]
4,talk,1,0,14,VOTE Agent[02]
4,talk,2,0,6,VOTE Agent[01]
4,talk,3,0,1,VOTE Agent[06]
4,talk,4,0,10,VOTE Agent[14]
4,talk,5,0,13,VOTE Agent[14]
4,talk,6,0,12,DAY 4 (DIVINED Agent[14] HUMAN)
4,talk,7,0,2,BECAUSE (AND (ANY ATTACKED Agent[04]) (DAY 3 (Agent[15] DIVINED Agent[04] WEREWOLF))) (XOR (ESTIMATE Agent[15] WEREWOLF) (ESTIMATE Agent[15] POSSESSED))
4,talk,8,0,15,DIVINED Agent[02] WEREWOLF
4,talk,9,0,5,BECAUSE (AND (ANY ATTACKED Agent[04]) (DAY 3 (Agent[15] DIVINED Agent[04] WEREWOLF))) (XOR (ESTIMATE Agent[15] WEREWOLF) (ESTIMATE Agent[15] POSSESSED))
4,talk,10,1,10,Skip
4,talk,11,1,1,VOTE Agent[02]
4,talk,12,1,15,VOTE Agent[02]
4,talk,13,1,2,BECAUSE (XOR (ESTIMATE Agent[15] WEREWOLF) (ESTIMATE Agent[15] POSSESSED)) (AND (VOTE Agent[15]) (REQUEST ANY (VOTE Agent[15])))
4,talk,14,1,14,VOTE Agent[01]
4,talk,15,1,12,DIVINED Agent[14] HUMAN
4,talk,16,1,6,VOTE Agent[13]
4,talk,17,1,5,BECAUSE (XOR (ESTIMATE Agent[15] WEREWOLF) (ESTIMATE Agent[15] POSSESSED)) (AND (VOTE Agent[15]) (REQUEST ANY (VOTE Agent[15])))
4,talk,18,1,13,VOTE Agent[10]
4,talk,19,1,11,VOTE Agent[01]
4,talk,20,2,12,BECAUSE (AND (COMINGOUT Agent[12] SEER) (Agent[15] COMINGOUT Agent[15] SEER)) (XOR (ESTIMATE Agent[15] WEREWOLF) (ESTIMATE Agent[15] POSSESSED))
4,talk,21,2,1,Skip
4,talk,22,2,6,VOTE Agent[13]
4,talk,23,2,14,VOTE Agent[10]
4,talk,24,2,5,VOTE Agent[15]
4,talk,25,2,13,VOTE Agent[14]
4,talk,26,2,10,Skip
4,talk,27,2,2,VOTE Agent[15]
4,talk,28,2,11,VOTE Agent[01]
4,talk,29,2,15,VOTE Agent[14]
4,talk,30,3,11,VOTE Agent[06]
4,talk,31,3,12,BECAUSE (XOR (ESTIMATE Agent[15] WEREWOLF) (ESTIMATE Agent[15] POSSESSED)) (AND (VOTE Agent[15]) (REQUEST ANY (VOTE Agent[15])))
4,talk,32,3,10,Over
4,talk,33,3,6,VOTE Agent[11]
4,talk,34,3,5,REQUEST ANY (VOTE Agent[15])
4,talk,35,3,14,VOTE Agent[11]
4,talk,36,3,1,Skip
4,talk,37,3,2,REQUEST ANY (VOTE Agent[15])
4,talk,38,3,13,VOTE Agent[10]
4,talk,39,3,15,VOTE Agent[11]
4,talk,40,4,5,Skip
4,talk,41,4,14,VOTE Agent[11]
4,talk,42,4,2,Skip
4,talk,43,4,10,VOTE Agent[15]
4,talk,44,4,15,Skip
4,talk,45,4,1,Over
4,talk,46,4,12,VOTE Agent[15]
4,talk,47,4,11,VOTE Agent[06]
4,talk,48,4,13,VOTE Agent[15]
4,talk,49,4,6,VOTE Agent[13]
4,talk,50,5,5,Skip
4,talk,51,5,10,Skip
4,talk,52,5,11,VOTE Agent[06]
4,talk,53,5,6,VOTE Agent[13]
4,talk,54,5,2,Skip
4,talk,55,5,1,Over
4,talk,56,5,13,Skip
4,talk,57,5,12,REQUEST ANY (VOTE Agent[15])
4,talk,58,5,15,Skip
4,talk,59,5,14,VOTE Agent[13]
4,talk,60,6,15,VOTE Agent[13]
4,talk,61,6,11,VOTE Agent[13]
4,talk,62,6,10,Skip
4,talk,63,6,2,Over
4,talk,64,6,6,VOTE Agent[11]
4,talk,65,6,13,Skip
4,talk,66,6,12,Skip
4,talk,67,6,1,Over
4,talk,68,6,5,Over
4,talk,69,6,14,VOTE Agent[13]
4,talk,70,7,1,Over
4,talk,71,7,13,Over
4,talk,72,7,12,Skip
4,talk,73,7,15,Skip
4,talk,74,7,10,Over
4,talk,75,7,11,VOTE Agent[13]
4,talk,76,7,6,VOTE Agent[11]
4,talk,77,7,2,Over
4,talk,78,7,5,Over
4,talk,79,7,14,VOTE Agent[13]
4,talk,80,8,5,Over
4,talk,81,8,14,VOTE Agent[13]
4,talk,82,8,15,Skip
4,talk,83,8,13,Over
4,talk,84,8,10,Over
4,talk,85,8,2,Over
4,talk,86,8,1,Over
4,talk,87,8,11,VOTE Agent[13]
4,talk,88,8,12,Over
4,talk,89,8,6,VOTE Agent[11]
4,talk,90,9,14,Over
4,talk,91,9,11,Over
4,talk,92,9,13,Over
4,talk,93,9,1,Over
4,talk,94,9,6,Over
4,talk,95,9,10,Over
4,talk,96,9,5,Over
4,talk,97,9,15,Over
4,talk,98,9,12,Over
4,talk,99,9,2,Over
4,vote,1,2
4,vote,2,15
4,vote,5,15
4,vote,6,11
4,vote,10,15
4,vote,11,13
4,vote,12,15
4,vote,13,15
4,vote,14,13
4,vote,15,13
4,execute,15,POSSESSED
4,whisper,0,0,12,ATTACK Agent[10]
4,whisper,1,0,6,ATTACK Agent[03]
4,whisper,2,0,14,ATTACK Agent[03]
4,whisper,3,1,6,Skip
4,whisper,4,1,12,Skip
4,whisper,5,1,14,Skip
4,whisper,6,2,14,Skip
4,whisper,7,2,6,Skip
4,whisper,8,2,12,Skip
4,whisper,9,3,12,Over
4,whisper,10,3,6,Over
4,whisper,11,3,14,Over
4,attackVote,12,10
4,attack,10,true
5,status,1,VILLAGER,ALIVE,sample_py
5,status,2,VILLAGER,ALIVE,SampleJava14
5,status,3,MEDIUM,DEAD,Takeda7
5,status,4,VILLAGER,DEAD,HALU
5,status,5,VILLAGER,ALIVE,SampleJava12
5,status,6,WEREWOLF,ALIVE,HALU
5,status,7,BODYGUARD,DEAD,HALU
5,status,8,SEER,DEAD,OKAMI
5,status,9,VILLAGER,DEAD,OKAMI
5,status,10,VILLAGER,DEAD,TOKU10
5,status,11,VILLAGER,ALIVE,HALU
5,status,12,WEREWOLF,ALIVE,SampleJava2
5,status,13,VILLAGER,ALIVE,TOKU8
5,status,14,WEREWOLF,ALIVE,OKAMI
5,status,15,POSSESSED,DEAD,Tomato4
5,talk,0,0,12,DAY 5 (DIVINED Agent[06] HUMAN)
5,talk,1,0,2,VOTE Agent[01]
5,talk,2,0,13,VOTE Agent[14]
5,talk,3,0,11,VOTE Agent[02]
5,talk,4,0,6,VOTE Agent[11]
5,talk,5,0,5,VOTE Agent[06]
5,talk,6,0,14,VOTE Agent[01]
5,talk,7,0,1,VOTE Agent[02]
5,talk,8,1,11,VOTE Agent[13]
5,talk,9,1,14,VOTE Agent[11]
5,talk,10,1,6,VOTE Agent[11]
5,talk,11,1,12,DIVINED Agent[06] HUMAN
5,talk,12,1,13,Skip
5,talk,13,1,2,REQUEST ANY (VOTE Agent[01])
5,talk,14,1,1,Skip
5,talk,15,1,5,REQUEST ANY (VOTE Agent[06])
5,talk,16,2,14,VOTE Agent[11]
5,talk,17,2,11,VOTE Agent[01]
5,talk,18,2,13,Skip
5,talk,19,2,12,VOTE Agent[05]
5,talk,20,2,5,Skip
5,talk,21,2,6,VOTE Agent[11]
5,talk,22,2,2,Skip
5,talk,23,2,1,Skip
5,talk,24,3,14,VOTE Agent[01]
5,talk,25,3,11,VOTE Agent[13]
5,talk,26,3,13,Over
5,talk,27,3,5,Skip
5,talk,28,3,2,Skip
5,talk,29,3,12,REQUEST ANY (VOTE Agent[05])
5,talk,30,3,6,VOTE Agent[01]
5,talk,31,3,1,Over
5,talk,32,4,11,VOTE Agent[01]
5,talk,33,4,1,Over
5,talk,34,4,13,Over
5,talk,35,4,2,Over
5,talk,36,4,5,Over
5,talk,37,4,14,VOTE Agent[01]
5,talk,38,4,12,Skip
5,talk,39,4,6,VOTE Agent[11]
5,talk,40,5,12,Skip
5,talk,41,5,14,VOTE Agent[01]
5,talk,42,5,6,VOTE Agent[01]
5,talk,43,5,11,VOTE Agent[01]
5,talk,44,5,2,Over
5,talk,45,5,5,Over
5,talk,46,5,1,Over
5,talk,47,5,13,Over
5,talk,48,6,5,Over
5,talk,49,6,11,VOTE Agent[13]
5,talk,50,6,14,VOTE Agent[01]
5,talk,51,6,13,Over
5,talk,52,6,12,Over
5,talk,53,6,1,Over
5,talk,54,6,2,Over
5,talk,55,6,6,VOTE Agent[11]
5,talk,56,7,11,VOTE Agent[13]
5,talk,57,7,12,Over
5,talk,58,7,6,VOTE Agent[01]
5,talk,59,7,2,Over
5,talk,60,7,14,VOTE Agent[01]
5,talk,61,7,13,Over
5,talk,62,7,5,Over
5,talk,63,7,1,Over
5,talk,64,8,13,Over
5,talk,65,8,6,VOTE Agent[11]
5,talk,66,8,2,Over
5,talk,67,8,5,Over
5,talk,68,8,14,VOTE Agent[13]
5,talk,69,8,1,Over
5,talk,70,8,11,VOTE Agent[13]
5,talk,71,8,12,Over
5,talk,72,9,14,Over
5,talk,73,9,13,Over
5,talk,74,9,2,Over
5,talk,75,9,5,Over
5,talk,76,9,1,Over
5,talk,77,9,11,Over
5,talk,78,9,6,Over
5,talk,79,9,12,Over
5,vote,1,2
5,vote,2,6
5,vote,5,1
5,vote,6,11
5,vote,11,1
5,vote,12,5
5,vote,13,14
5,vote,14,5
5,vote,1,2
5,vote,2,1
5,vote,5,1
5,vote,6,1
5,vote,11,1
5,vote,12,1
5,vote,13,14
5,vote,14,1
5,execute,1,VILLAGER
5,whisper,0,0,12,ATTACK Agent[13]
5,whisper,1,0,6,ATTACK Agent[03]
5,whisper,2,0,14,ATTACK Agent[03]
5,whisper,3,1,12,Skip
5,whisper,4,1,14,Skip
5,whisper,5,1,6,Skip
5,whisper,6,2,14,Skip
5,whisper,7,2,12,Skip
5,whisper,8,2,6,Skip
5,whisper,9,3,6,Over
5,whisper,10,3,12,Over
5,whisper,11,3,14,Over
5,attackVote,12,13
5,attack,13,true
6,status,1,VILLAGER,DEAD,sample_py
6,status,2,VILLAGER,ALIVE,SampleJava14
6,status,3,MEDIUM,DEAD,Takeda7
6,status,4,VILLAGER,DEAD,HALU
6,status,5,VILLAGER,ALIVE,SampleJava12
6,status,6,WEREWOLF,ALIVE,HALU
6,status,7,BODYGUARD,DEAD,HALU
6,status,8,SEER,DEAD,OKAMI
6,status,9,VILLAGER,DEAD,OKAMI
6,status,10,VILLAGER,DEAD,TOKU10
6,status,11,VILLAGER,ALIVE,HALU
6,status,12,WEREWOLF,ALIVE,SampleJava2
6,status,13,VILLAGER,DEAD,TOKU8
6,status,14,WEREWOLF,ALIVE,OKAMI
6,status,15,POSSESSED,DEAD,Tomato4
6,result,3,3,WEREWOLF
