0,status,1,BODYGUARD,ALIVE,Tomato8
0,status,2,VILLAGER,ALIVE,HALU
0,status,3,VILLAGER,ALIVE,HALU
0,status,4,WEREWOLF,ALIVE,Tomato6
0,status,5,WEREWOLF,ALIVE,sample_py
0,status,6,VILLAGER,ALIVE,OKAMI
0,status,7,VILLAGER,ALIVE,sample_py
0,status,8,VILLAGER,ALIVE,OKAMI
0,status,9,SEER,ALIVE,SampleJava10
0,status,10,VILLAGER,ALIVE,sample_py
0,status,11,VILLAGER,ALIVE,Tomato5
0,status,12,POSSESSED,ALIVE,Takeda11
0,status,13,VILLAGER,ALIVE,TOKU9
0,status,14,WEREWOLF,ALIVE,SampleJava13
0,status,15,MEDIUM,ALIVE,SampleJava14
0,whisper,0,0,5,COMINGOUT Agent[05] MEDIUM
0,whisper,1,0,4,COMINGOUT Agent[04] VILLAGER
0,whisper,2,0,14,COMINGOUT Agent[14] VILLAGER
0,whisper,3,1,4,Skip
0,whisper,4,1,14,Skip
0,whisper,5,1,5,COMINGOUT Agent[05] MEDIUM
0,whisper,6,2,4,COMINGOUT Agent[04] SEER
0,whisper,7,2,5,COMINGOUT Agent[05] MEDIUM
0,whisper,8,2,14,Skip
0,whisper,9,3,4,Skip
0,whisper,10,3,14,Over
0,whisper,11,3,5,COMINGOUT Agent[05] MEDIUM
0,whisper,12,4,4,Skip
0,whisper,13,4,5,COMINGOUT Agent[05] MEDIUM
0,whisper,14,4,14,Over
0,whisper,15,5,5,COMINGOUT Agent[05] MEDIUM
0,whisper,16,5,14,Over
0,whisper,17,5,4,Over
0,whisper,18,6,14,Over
0,whisper,19,6,4,Over
0,whisper,20,6,5,COMINGOUT Agent[05] MEDIUM
0,whisper,21,7,5,COMINGOUT Agent[05] MEDIUM
0,whisper,22,7,14,Over
0,whisper,23,7,4,Over
0,whisper,24,8,14,Over
0,whisper,25,8,4,Over
0,whisper,26,8,5,COMINGOUT Agent[05] MEDIUM
0,whisper,27,9,4,Over
0,whisper,28,9,14,Over
0,whisper,29,9,5,COMINGOUT Agent[05] MEDIUM
0,whisper,30,10,5,Over
0,whisper,31,10,4,Over
0,whisper,32,10,14,Over
0,divine,9,3,HUMAN
1,status,1,BODYGUARD,ALIVE,Tomato8
1,status,2,VILLAGER,ALIVE,HALU
1,status,3,VILLAGER,ALIVE,HALU
1,status,4,WEREWOLF,ALIVE,Tomato6
1,status,5,WEREWOLF,ALIVE,sample_py
1,status,6,VILLAGER,ALIVE,OKAMI
1,status,7,VILLAGER,ALIVE,sample_py
1,status,8,VILLAGER,ALIVE,OKAMI
1,status,9,SEER,ALIVE,SampleJava10
1,status,10,VILLAGER,ALIVE,sample_py
1,status,11,VILLAGER,ALIVE,Tomato5
1,status,12,POSSESSED,ALIVE,Takeda11
1,status,13,VILLAGER,ALIVE,TOKU9
1,status,14,WEREWOLF,ALIVE,SampleJava13
1,status,15,MEDIUM,ALIVE,SampleJava14
1,talk,0,0,13,VOTE Agent[03]
1,talk,1,0,9,COMINGOUT Agent[09] SEER
1,talk,2,0,10,VOTE Agent[11]
1,talk,3,0,8,VOTE Agent[11]
1,talk,4,0,12,COMINGOUT Agent[12] SEER
1,talk,5,0,3,VOTE Agent[08]
1,talk,6,0,15,VOTE Agent[01]
1,talk,7,0,2,VOTE Agent[03]
1,talk,8,0,7,VOTE Agent[03]
1,talk,9,0,11,VOTE Agent[03]
1,talk,10,0,6,VOTE Agent[11]
1,talk,11,0,14,VOTE Agent[09]
1,talk,12,0,5,COMINGOUT Agent[05] MEDIUM
1,talk,13,0,4,COMINGOUT Agent[04] SEER
1,talk,14,0,1,VOTE Agent[03]
1,talk,15,1,4,DIVINED Agent[03] HUMAN
1,talk,16,1,8,COMINGOUT Agent[08] VILLAGER
1,talk,17,1,5,VOTE Agent[07]
1,talk,18,1,6,COMINGOUT Agent[06] VILLAGER
1,talk,19,1,14,REQUEST ANY (VOTE Agent[09])
1,talk,20,1,2,VOTE Agent[06]
1,talk,21,1,12,DIVINED Agent[10] WEREWOLF
1,talk,22,1,1,Skip
1,talk,23,1,7,VOTE Agent[10]
1,talk,24,1,13,VOTE Agent[09]
1,talk,25,1,10,VOTE Agent[12]
1,talk,26,1,9,DAY 1 (DIVINED Agent[03] HUMAN)
1,talk,27,1,3,VOTE Agent[09]
1,talk,28,1,11,VOTE Agent[09]
1,talk,29,1,15,REQUEST ANY (VOTE Agent[01])
1,talk,30,2,12,VOTE Agent[10]
1,talk,31,2,13,VOTE Agent[04]
1,talk,32,2,5,Skip
1,talk,33,2,14,Skip
1,talk,34,2,10,Skip
1,talk,35,2,2,VOTE Agent[12]
1,talk,36,2,1,VOTE Agent[09]
1,talk,37,2,7,Skip
1,talk,38,2,6,VOTE Agent[12]
1,talk,39,2,4,VOTE Agent[09]
1,talk,40,2,15,COMINGOUT Agent[15] MEDIUM
1,talk,41,2,8,VOTE Agent[12]
1,talk,42,2,9,DIVINED Agent[03] HUMAN
1,talk,43,2,11,Skip
1,talk,44,2,3,VOTE Agent[12]
1,talk,45,3,1,VOTE Agent[12]
1,talk,46,3,9,VOTE Agent[12]
1,talk,47,3,6,VOTE Agent[09]
1,talk,48,3,15,BECAUSE (AND (COMINGOUT Agent[15] MEDIUM) (Agent[05] COMINGOUT Agent[05] MEDIUM)) (XOR (ESTIMATE Agent[05] WEREWOLF) (ESTIMATE Agent[05] POSSESSED))
1,talk,49,3,4,VOTE Agent[12]
1,talk,50,3,10,Skip
1,talk,51,3,2,VOTE Agent[04]
1,talk,52,3,14,Skip
1,talk,53,3,7,Skip
1,talk,54,3,11,VOTE Agent[12]
1,talk,55,3,8,VOTE Agent[09]
1,talk,56,3,5,VOTE Agent[15]
1,talk,57,3,12,Skip
1,talk,58,3,13,VOTE Agent[15]
1,talk,59,3,3,VOTE Agent[12]
1,talk,60,4,9,REQUEST ANY (VOTE Agent[12])
1,talk,61,4,13,Skip
1,talk,62,4,12,Skip
1,talk,63,4,4,Skip
1,talk,64,4,2,VOTE Agent[12]
1,talk,65,4,6,VOTE Agent[09]
1,talk,66,4,1,Skip
1,talk,67,4,5,Skip
1,talk,68,4,11,Skip
1,talk,69,4,7,Over
1,talk,70,4,15,BECAUSE (XOR (ESTIMATE Agent[05] WEREWOLF) (ESTIMATE Agent[05] POSSESSED)) (AND (VOTE Agent[05]) (REQUEST ANY (VOTE Agent[05])))
1,talk,71,4,3,VOTE Agent[12]
1,talk,72,4,8,VOTE Agent[09]
1,talk,73,4,10,Over
1,talk,74,4,14,Over
1,talk,75,5,4,Skip
1,talk,76,5,8,VOTE Agent[09]
1,talk,77,5,5,Skip
1,talk,78,5,11,Skip
1,talk,79,5,12,Over
1,talk,80,5,15,VOTE Agent[05]
1,talk,81,5,7,Over
1,talk,82,5,13,Skip
1,talk,83,5,14,Over
1,talk,84,5,9,Skip
1,talk,85,5,6,VOTE Agent[09]
1,talk,86,5,10,Over
1,talk,87,5,2,VOTE Agent[12]
1,talk,88,5,3,VOTE Agent[12]
1,talk,89,5,1,Skip
1,talk,90,6,7,Over
1,talk,91,6,14,Over
1,talk,92,6,13,Over
1,talk,93,6,12,Over
1,talk,94,6,9,Skip
1,talk,95,6,8,VOTE Agent[09]
1,talk,96,6,2,VOTE Agent[12]
1,talk,97,6,3,VOTE Agent[12]
1,talk,98,6,5,Over
1,talk,99,6,1,Over
1,talk,100,6,6,VOTE Agent[09]
1,talk,101,6,10,Over
1,talk,102,6,15,REQUEST ANY (VOTE Agent[05])
1,talk,103,6,4,Over
1,talk,104,6,11,Over
1,talk,105,7,15,Skip
1,talk,106,7,13,Over
1,talk,107,7,7,Over
1,talk,108,7,1,Over
1,talk,109,7,5,Over
1,talk,110,7,14,Over
1,talk,111,7,10,Over
1,talk,112,7,8,VOTE Agent[09]
1,talk,113,7,4,Over
1,talk,114,7,12,Over
1,talk,115,7,2,VOTE Agent[12]
1,talk,116,7,11,Over
1,talk,117,7,9,Over
1,talk,118,7,3,VOTE Agent[12]
1,talk,119,7,6,VOTE Agent[09]
1,talk,120,8,2,VOTE Agent[12]
1,talk,121,8,9,Over
1,talk,122,8,8,VOTE Agent[09]
1,talk,123,8,13,Over
1,talk,124,8,1,Over
1,talk,125,8,7,Over
1,talk,126,8,12,Over
1,talk,127,8,3,VOTE Agent[12]
1,talk,128,8,15,Skip
1,talk,129,8,11,Over
1,talk,130,8,6,VOTE Agent[09]
1,talk,131,8,10,Over
1,talk,132,8,4,Over
1,talk,133,8,5,Over
1,talk,134,8,14,Over
1,talk,135,9,12,Over
1,talk,136,9,1,Over
1,talk,137,9,14,Over
1,talk,138,9,11,Over
1,talk,139,9,5,Over
1,talk,140,9,10,Over
1,talk,141,9,2,Over
1,talk,142,9,3,Over
1,talk,143,9,8,Over
1,talk,144,9,15,Over
1,talk,145,9,9,Over
1,talk,146,9,7,Over
1,talk,147,9,4,Over
1,talk,148,9,13,Over
1,talk,149,9,6,Over
1,vote,1,12
1,vote,2,12
1,vote,3,12
1,vote,4,12
1,vote,5,15
1,vote,6,9
1,vote,7,10
1,vote,8,9
1,vote,9,12
1,vote,10,12
1,vote,11,12
1,vote,12,8
1,vote,13,15
1,vote,14,9
1,vote,15,5
1,execute,12,POSSESSED
1,whisper,0,0,5,ATTACK Agent[08]
1,whisper,1,0,14,BECAUSE (AND (NOT (COMINGOUT Agent[12] WEREWOLF)) (NOT (COMINGOUT Agent[10] WEREWOLF)) (DAY 1 (Agent[12] DIVINED Agent[10] WEREWOLF))) (ESTIMATE Agent[12] POSSESSED)
1,whisper,2,0,4,ATTACK Agent[09]
1,whisper,3,1,4,Skip
1,whisper,4,1,5,Skip
1,whisper,5,1,14,ATTACK Agent[08]
1,whisper,6,2,4,Skip
1,whisper,7,2,5,Skip
1,whisper,8,2,14,Skip
1,whisper,9,3,14,Skip
1,whisper,10,3,5,Over
1,whisper,11,3,4,Over
1,whisper,12,4,5,Over
1,whisper,13,4,4,Over
1,whisper,14,4,14,Over
1,guard,1,5,WEREWOLF
1,attackVote,4,9
1,attackVote,5,8
1,attackVote,14,8
1,attack,8,true
2,status,1,BODYGUARD,ALIVE,Tomato8
2,status,2,VILLAGER,ALIVE,HALU
2,status,3,VILLAGER,ALIVE,HALU
2,status,4,WEREWOLF,ALIVE,Tomato6
2,status,5,WEREWOLF,ALIVE,sample_py
2,status,6,VILLAGER,ALIVE,OKAMI
2,status,7,VILLAGER,ALIVE,sample_py
2,status,8,VILLAGER,DEAD,OKAMI
2,status,9,SEER,ALIVE,SampleJava10
2,status,10,VILLAGER,ALIVE,sample_py
2,status,11,VILLAGER,ALIVE,Tomato5
2,status,12,POSSESSED,DEAD,Takeda11
2,status,13,VILLAGER,ALIVE,TOKU9
2,status,14,WEREWOLF,ALIVE,SampleJava13
2,status,15,MEDIUM,ALIVE,SampleJava14
2,talk,0,0,3,VOTE Agent[09]
2,talk,1,0,10,VOTE Agent[07]
2,talk,2,0,13,VOTE Agent[15]
2,talk,3,0,2,VOTE Agent[04]
2,talk,4,0,4,DIVINED Agent[14] WEREWOLF
2,talk,5,0,5,IDENTIFIED Agent[12] HUMAN
2,talk,6,0,11,VOTE Agent[15]
2,talk,7,0,1,VOTE Agent[15]
2,talk,8,0,9,BECAUSE (AND (COMINGOUT Agent[09] SEER) (Agent[04] COMINGOUT Agent[04] SEER)) (XOR (ESTIMATE Agent[04] WEREWOLF) (ESTIMATE Agent[04] POSSESSED))
2,talk,9,0,15,DAY 2 (IDENTIFIED Agent[12] HUMAN)
2,talk,10,0,7,VOTE Agent[14]
2,talk,11,0,6,VOTE Agent[09]
2,talk,12,0,14,VOTE Agent[09]
2,talk,13,1,7,Skip
2,talk,14,1,13,VOTE Agent[04]
2,talk,15,1,2,VOTE Agent[09]
2,talk,16,1,6,COMINGOUT Agent[06] VILLAGER
2,talk,17,1,1,VOTE Agent[09]
2,talk,18,1,3,VOTE Agent[09]
2,talk,19,1,4,VOTE Agent[09]
2,talk,20,1,15,IDENTIFIED Agent[12] HUMAN
2,talk,21,1,14,REQUEST ANY (VOTE Agent[09])
2,talk,22,1,10,VOTE Agent[14]
2,talk,23,1,9,BECAUSE (XOR (ESTIMATE Agent[04] WEREWOLF) (ESTIMATE Agent[04] POSSESSED)) (AND (VOTE Agent[04]) (REQUEST ANY (VOTE Agent[04])))
2,talk,24,1,5,VOTE Agent[15]
2,talk,25,1,11,VOTE Agent[09]
2,talk,26,2,10,Skip
2,talk,27,2,4,Skip
2,talk,28,2,9,VOTE Agent[04]
2,talk,29,2,6,VOTE Agent[04]
2,talk,30,2,2,VOTE Agent[04]
2,talk,31,2,3,VOTE Agent[09]
2,talk,32,2,11,Skip
2,talk,33,2,15,BECAUSE (AND (COMINGOUT Agent[15] MEDIUM) (Agent[05] COMINGOUT Agent[05] MEDIUM)) (XOR (ESTIMATE Agent[05] WEREWOLF) (ESTIMATE Agent[05] POSSESSED))
2,talk,34,2,5,Skip
2,talk,35,2,13,Skip
2,talk,36,2,14,Skip
2,talk,37,2,1,Skip
2,talk,38,2,7,Skip
2,talk,39,3,2,VOTE Agent[04]
2,talk,40,3,6,VOTE Agent[04]
2,talk,41,3,9,REQUEST ANY (VOTE Agent[04])
2,talk,42,3,7,Over
2,talk,43,3,15,BECAUSE (XOR (ESTIMATE Agent[05] WEREWOLF) (ESTIMATE Agent[05] POSSESSED)) (AND (VOTE Agent[05]) (REQUEST ANY (VOTE Agent[05])))
2,talk,44,3,13,Skip
2,talk,45,3,1,Skip
2,talk,46,3,10,Skip
2,talk,47,3,14,Skip
2,talk,48,3,4,Skip
2,talk,49,3,11,Skip
2,talk,50,3,3,VOTE Agent[09]
2,talk,51,3,5,Skip
2,talk,52,4,11,Over
2,talk,53,4,14,Over
2,talk,54,4,3,VOTE Agent[09]
2,talk,55,4,9,Skip
2,talk,56,4,5,Over
2,talk,57,4,10,Over
2,talk,58,4,2,VOTE Agent[09]
2,talk,59,4,1,Over
2,talk,60,4,15,VOTE Agent[05]
2,talk,61,4,4,Over
2,talk,62,4,6,VOTE Agent[04]
2,talk,63,4,7,Over
2,talk,64,4,13,Over
2,talk,65,5,7,Over
2,talk,66,5,4,Over
2,talk,67,5,3,VOTE Agent[09]
2,talk,68,5,5,Over
2,talk,69,5,9,Skip
2,talk,70,5,1,Over
2,talk,71,5,10,Over
2,talk,72,5,2,VOTE Agent[04]
2,talk,73,5,13,Over
2,talk,74,5,15,REQUEST ANY (VOTE Agent[05])
2,talk,75,5,14,Over
2,talk,76,5,11,Over
2,talk,77,5,6,VOTE Agent[04]
2,talk,78,6,6,VOTE Agent[04]
2,talk,79,6,11,Over
2,talk,80,6,7,Over
2,talk,81,6,9,Over
2,talk,82,6,4,Over
2,talk,83,6,14,Over
2,talk,84,6,3,VOTE Agent[09]
2,talk,85,6,1,Over
2,talk,86,6,15,Skip
2,talk,87,6,2,VOTE Agent[04]
2,talk,88,6,5,Over
2,talk,89,6,10,Over
2,talk,90,6,13,Over
2,talk,91,7,6,VOTE Agent[04]
2,talk,92,7,10,Over
2,talk,93,7,5,Over
2,talk,94,7,7,Over
2,talk,95,7,15,Skip
2,talk,96,7,2,VOTE Agent[04]
2,talk,97,7,13,Over
2,talk,98,7,3,VOTE Agent[09]
2,talk,99,7,1,Over
2,talk,100,7,4,Over
2,talk,101,7,14,Over
2,talk,102,7,9,Over
2,talk,103,7,11,Over
2,talk,104,8,10,Over
2,talk,105,8,15,Over
2,talk,106,8,7,Over
2,talk,107,8,11,Over
2,talk,108,8,13,Over
2,talk,109,8,2,VOTE Agent[04]
2,talk,110,8,3,VOTE Agent[04]
2,talk,111,8,1,VOTE Agent[04]
2,talk,112,8,5,Over
2,talk,113,8,6,VOTE Agent[09]
2,talk,114,8,9,Over
2,talk,115,8,14,Over
2,talk,116,8,4,Over
2,talk,117,9,11,VOTE Agent[04]
2,talk,118,9,10,Over
2,talk,119,9,5,Over
2,talk,120,9,14,Over
2,talk,121,9,2,Over
2,talk,122,9,15,Over
2,talk,123,9,3,Over
2,talk,124,9,7,Over
2,talk,125,9,9,Over
2,talk,126,9,1,Skip
2,talk,127,9,6,Over
2,talk,128,9,4,Over
2,talk,129,9,13,Over
2,talk,130,10,2,Over
2,talk,131,10,7,Over
2,talk,132,10,3,Over
2,talk,133,10,6,Over
2,talk,134,10,4,Over
2,talk,135,10,11,Skip
2,talk,136,10,9,Over
2,talk,137,10,15,Over
2,talk,138,10,1,Skip
2,talk,139,10,5,Over
2,talk,140,10,13,Over
2,talk,141,10,14,Over
2,talk,142,10,10,Over
2,talk,143,11,6,Over
2,talk,144,11,13,Over
2,talk,145,11,7,Over
2,talk,146,11,10,Over
2,talk,147,11,5,Over
2,talk,148,11,9,Over
2,talk,149,11,15,Over
2,talk,150,11,11,Skip
2,talk,151,11,3,Over
2,talk,152,11,1,Over
2,talk,153,11,2,Over
2,talk,154,11,14,Over
2,talk,155,11,4,Over
2,talk,156,12,14,Over
2,talk,157,12,1,Over
2,talk,158,12,10,Over
2,talk,159,12,6,Over
2,talk,160,12,2,Over
2,talk,161,12,7,Over
2,talk,162,12,3,Over
2,talk,163,12,13,Over
2,talk,164,12,15,Over
2,talk,165,12,4,Over
2,talk,166,12,9,Over
2,talk,167,12,11,Over
2,talk,168,12,5,Over
2,vote,1,4
2,vote,2,4
2,vote,3,9
2,vote,4,9
2,vote,5,15
2,vote,6,9
2,vote,7,14
2,vote,9,4
2,vote,10,14
2,vote,11,4
2,vote,13,4
2,vote,14,9
2,vote,15,5
2,execute,4,WEREWOLF
2,whisper,0,0,14,BECAUSE (Agent[15] COMINGOUT Agent[15] MEDIUM) (ATTACK Agent[15])
2,whisper,1,0,5,ATTACK Agent[09]
2,whisper,2,1,5,Skip
2,whisper,3,1,14,ATTACK Agent[15]
2,whisper,4,2,14,Skip
2,whisper,5,2,5,Skip
2,whisper,6,3,5,Over
2,whisper,7,3,14,Skip
2,whisper,8,4,14,Over
2,whisper,9,4,5,Over
2,guard,1,5,WEREWOLF
2,attackVote,5,9
2,attackVote,14,15
2,attackVote,5,9
2,attackVote,14,15
2,attack,15,true
3,status,1,BODYGUARD,ALIVE,Tomato8
3,status,2,VILLAGER,ALIVE,HALU
3,status,3,VILLAGER,ALIVE,HALU
3,status,4,WEREWOLF,DEAD,Tomato6
3,status,5,WEREWOLF,ALIVE,sample_py
3,status,6,VILLAGER,ALIVE,OKAMI
3,status,7,VILLAGER,ALIVE,sample_py
3,status,8,VILLAGER,DEAD,OKAMI
3,status,9,SEER,ALIVE,SampleJava10
3,status,10,VILLAGER,ALIVE,sample_py
3,status,11,VILLAGER,ALIVE,Tomato5
3,status,12,POSSESSED,DEAD,Takeda11
3,status,13,VILLAGER,ALIVE,TOKU9
3,status,14,WEREWOLF,ALIVE,SampleJava13
3,status,15,MEDIUM,DEAD,SampleJava14
3,talk,0,0,10,VOTE Agent[14]
3,talk,1,0,3,VOTE Agent[09]
3,talk,2,0,9,VOTE Agent[11]
3,talk,3,0,13,VOTE Agent[05]
3,talk,4,0,11,VOTE Agent[09]
3,talk,5,0,2,VOTE Agent[09]
3,talk,6,0,6,VOTE Agent[09]
3,talk,7,0,1,VOTE Agent[09]
3,talk,8,0,7,VOTE Agent[14]
3,talk,9,0,14,VOTE Agent[09]
3,talk,10,0,5,IDENTIFIED Agent[04] HUMAN
3,talk,11,1,9,REQUEST ANY (VOTE Agent[11])
3,talk,12,1,1,Skip
3,talk,13,1,5,VOTE Agent[10]
3,talk,14,1,10,Skip
3,talk,15,1,11,Skip
3,talk,16,1,7,Skip
3,talk,17,1,13,Skip
3,talk,18,1,6,COMINGOUT Agent[06] VILLAGER
3,talk,19,1,14,REQUEST ANY (VOTE Agent[09])
3,talk,20,1,3,VOTE Agent[09]
3,talk,21,1,2,VOTE Agent[09]
3,talk,22,2,9,Skip
3,talk,23,2,1,Skip
3,talk,24,2,10,Skip
3,talk,25,2,7,Skip
3,talk,26,2,11,Skip
3,talk,27,2,13,Skip
3,talk,28,2,5,Skip
3,talk,29,2,3,VOTE Agent[09]
3,talk,30,2,6,VOTE Agent[09]
3,talk,31,2,14,Skip
3,talk,32,2,2,VOTE Agent[09]
3,talk,33,3,14,Skip
3,talk,34,3,10,Over
3,talk,35,3,7,Over
3,talk,36,3,2,VOTE Agent[09]
3,talk,37,3,13,Over
3,talk,38,3,9,Skip
3,talk,39,3,6,VOTE Agent[09]
3,talk,40,3,5,Skip
3,talk,41,3,1,Over
3,talk,42,3,11,Over
3,talk,43,3,3,VOTE Agent[09]
3,talk,44,4,9,Over
3,talk,45,4,3,VOTE Agent[09]
3,talk,46,4,13,Over
3,talk,47,4,2,VOTE Agent[09]
3,talk,48,4,1,Over
3,talk,49,4,5,Over
3,talk,50,4,6,VOTE Agent[09]
3,talk,51,4,10,Over
3,talk,52,4,11,Over
3,talk,53,4,14,Over
3,talk,54,4,7,Over
3,talk,55,5,14,Over
3,talk,56,5,10,Over
3,talk,57,5,6,VOTE Agent[09]
3,talk,58,5,5,Over
3,talk,59,5,2,VOTE Agent[09]
3,talk,60,5,1,Over
3,talk,61,5,3,VOTE Agent[09]
3,talk,62,5,13,Over
3,talk,63,5,11,Over
3,talk,64,5,9,Over
3,talk,65,5,7,Over
3,talk,66,6,9,Over
3,talk,67,6,13,Over
3,talk,68,6,6,VOTE Agent[09]
3,talk,69,6,7,Over
3,talk,70,6,14,Over
3,talk,71,6,2,VOTE Agent[09]
3,talk,72,6,10,Over
3,talk,73,6,3,VOTE Agent[09]
3,talk,74,6,1,Over
3,talk,75,6,11,Over
3,talk,76,6,5,Over
3,talk,77,7,2,VOTE Agent[09]
3,talk,78,7,10,Over
3,talk,79,7,6,VOTE Agent[09]
3,talk,80,7,11,Over
3,talk,81,7,1,Over
3,talk,82,7,7,Over
3,talk,83,7,13,Over
3,talk,84,7,5,Over
3,talk,85,7,14,Over
3,talk,86,7,3,VOTE Agent[09]
3,talk,87,7,9,Over
3,talk,88,8,6,VOTE Agent[09]
3,talk,89,8,11,Over
3,talk,90,8,5,Over
3,talk,91,8,14,Over
3,talk,92,8,10,Over
3,talk,93,8,1,Over
3,talk,94,8,3,VOTE Agent[09]
3,talk,95,8,13,Over
3,talk,96,8,9,Over
3,talk,97,8,7,Over
3,talk,98,8,2,VOTE Agent[09]
3,talk,99,9,11,Over
3,talk,100,9,9,Over
3,talk,101,9,3,Over
3,talk,102,9,5,Over
3,talk,103,9,7,Over
3,talk,104,9,10,Over
3,talk,105,9,14,Over
3,talk,106,9,1,Over
3,talk,107,9,13,Over
3,talk,108,9,6,Over
3,talk,109,9,2,Over
3,vote,1,9
3,vote,2,9
3,vote,3,9
3,vote,5,10
3,vote,6,9
3,vote,7,14
3,vote,9,6
3,vote,10,14
3,vote,11,9
3,vote,13,9
3,vote,14,9
3,execute,9,SEER
3,whisper,0,0,5,ATTACK Agent[06]
3,whisper,1,0,14,BECAUSE (Agent[06] COMINGOUT Agent[06] VILLAGER) (ATTACK Agent[06])
3,whisper,2,1,14,ATTACK Agent[06]
3,whisper,3,1,5,Skip
3,whisper,4,2,14,Skip
3,whisper,5,2,5,Skip
3,whisper,6,3,14,Skip
3,whisper,7,3,5,Over
3,whisper,8,4,5,Over
3,whisper,9,4,14,Over
3,guard,1,5,WEREWOLF
3,attackVote,5,6
3,attackVote,14,6
3,attack,6,true
4,status,1,BODYGUARD,ALIVE,Tomato8
4,status,2,VILLAGER,ALIVE,HALU
4,status,3,VILLAGER,ALIVE,HALU
4,status,4,WEREWOLF,DEAD,Tomato6
4,status,5,WEREWOLF,ALIVE,sample_py
4,status,6,VILLAGER,DEAD,OKAMI
4,status,7,VILLAGER,ALIVE,sample_py
4,status,8,VILLAGER,DEAD,OKAMI
4,status,9,SEER,DEAD,SampleJava10
4,status,10,VILLAGER,ALIVE,sample_py
4,status,11,VILLAGER,ALIVE,Tomato5
4,status,12,POSSESSED,DEAD,Takeda11
4,status,13,VILLAGER,ALIVE,TOKU9
4,status,14,WEREWOLF,ALIVE,SampleJava13
4,status,15,MEDIUM,DEAD,SampleJava14
4,talk,0,0,5,IDENTIFIED Agent[09] WEREWOLF
4,talk,1,0,14,VOTE Agent[09]
4,talk,2,0,7,VOTE Agent[14]
4,talk,3,0,10,VOTE Agent[14]
4,talk,4,0,2,VOTE Agent[14]
4,talk,5,0,1,VOTE Agent[05]
4,talk,6,0,11,VOTE Agent[05]
4,talk,7,0,3,VOTE Agent[14]
4,talk,8,0,13,VOTE Agent[05]
4,talk,9,1,5,VOTE Agent[02]
4,talk,10,1,3,VOTE Agent[14]
4,talk,11,1,14,REQUEST ANY (VOTE Agent[09])
4,talk,12,1,11,Skip
4,talk,13,1,13,VOTE Agent[10]
4,talk,14,1,7,Skip
4,talk,15,1,2,VOTE Agent[14]
4,talk,16,1,1,Skip
4,talk,17,1,10,Skip
4,talk,18,2,1,Skip
4,talk,19,2,14,Skip
4,talk,20,2,10,Skip
4,talk,21,2,2,VOTE Agent[14]
4,talk,22,2,3,VOTE Agent[14]
4,talk,23,2,11,Skip
4,talk,24,2,13,VOTE Agent[14]
4,talk,25,2,7,Skip
4,talk,26,2,5,Skip
4,talk,27,3,2,VOTE Agent[14]
4,talk,28,3,5,Skip
4,talk,29,3,3,VOTE Agent[14]
4,talk,30,3,14,Skip
4,talk,31,3,10,Over
4,talk,32,3,7,Over
4,talk,33,3,1,Over
4,talk,34,3,11,Over
4,talk,35,3,13,VOTE Agent[03]
4,talk,36,4,10,Over
4,talk,37,4,1,Over
4,talk,38,4,14,Over
4,talk,39,4,3,VOTE Agent[14]
4,talk,40,4,11,Over
4,talk,41,4,2,VOTE Agent[14]
4,talk,42,4,5,Over
4,talk,43,4,13,Skip
4,talk,44,4,7,Over
4,talk,45,5,5,Over
4,talk,46,5,1,Over
4,talk,47,5,10,Over
4,talk,48,5,14,Over
4,talk,49,5,3,VOTE Agent[14]
4,talk,50,5,11,Over
4,talk,51,5,2,VOTE Agent[14]
4,talk,52,5,7,Over
4,talk,53,5,13,Skip
4,talk,54,6,2,VOTE Agent[14]
4,talk,55,6,14,Over
4,talk,56,6,3,VOTE Agent[14]
4,talk,57,6,7,Over
4,talk,58,6,11,Over
4,talk,59,6,5,Over
4,talk,60,6,13,Over
4,talk,61,6,10,Over
4,talk,62,6,1,Over
4,talk,63,7,13,Over
4,talk,64,7,10,Over
4,talk,65,7,5,Over
4,talk,66,7,1,Over
4,talk,67,7,3,VOTE Agent[14]
4,talk,68,7,7,Over
4,talk,69,7,11,Over
4,talk,70,7,14,Over
4,talk,71,7,2,VOTE Agent[14]
4,talk,72,8,10,Over
4,talk,73,8,13,Over
4,talk,74,8,7,Over
4,talk,75,8,1,Over
4,talk,76,8,14,Over
4,talk,77,8,5,Over
4,talk,78,8,3,VOTE Agent[14]
4,talk,79,8,11,Over
4,talk,80,8,2,VOTE Agent[14]
4,talk,81,9,1,Over
4,talk,82,9,10,Over
4,talk,83,9,13,Over
4,talk,84,9,2,Over
4,talk,85,9,14,Over
4,talk,86,9,5,Over
4,talk,87,9,3,Over
4,talk,88,9,11,Over
4,talk,89,9,7,Over
4,vote,1,5
4,vote,2,14
4,vote,3,14
4,vote,5,2
4,vote,7,14
4,vote,10,14
4,vote,11,5
4,vote,13,3
4,vote,14,5
4,execute,14,WEREWOLF
4,guard,1,5,WEREWOLF
4,attack,3,true
5,status,1,BODYGUARD,ALIVE,Tomato8
5,status,2,VILLAGER,ALIVE,HALU
5,status,3,VILLAGER,DEAD,HALU
5,status,4,WEREWOLF,DEAD,Tomato6
5,status,5,WEREWOLF,ALIVE,sample_py
5,status,6,VILLAGER,DEAD,OKAMI
5,status,7,VILLAGER,ALIVE,sample_py
5,status,8,VILLAGER,DEAD,OKAMI
5,status,9,SEER,DEAD,SampleJava10
5,status,10,VILLAGER,ALIVE,sample_py
5,status,11,VILLAGER,ALIVE,Tomato5
5,status,12,POSSESSED,DEAD,Takeda11
5,status,13,VILLAGER,ALIVE,TOKU9
5,status,14,WEREWOLF,DEAD,SampleJava13
5,status,15,MEDIUM,DEAD,SampleJava14
5,talk,0,0,1,VOTE Agent[05]
5,talk,1,0,10,VOTE Agent[01]
5,talk,2,0,13,VOTE Agent[02]
5,talk,3,0,2,VOTE Agent[10]
5,talk,4,0,7,VOTE Agent[10]
5,talk,5,0,5,IDENTIFIED Agent[14] HUMAN
5,talk,6,0,11,VOTE Agent[05]
5,talk,7,1,2,VOTE Agent[07]
5,talk,8,1,11,Skip
5,talk,9,1,5,VOTE Agent[01]
5,talk,10,1,13,Skip
5,talk,11,1,7,Skip
5,talk,12,1,10,Skip
5,talk,13,1,1,Skip
5,talk,14,2,11,Skip
5,talk,15,2,7,Skip
5,talk,16,2,5,Skip
5,talk,17,2,1,Skip
5,talk,18,2,2,VOTE Agent[07]
5,talk,19,2,13,Skip
5,talk,20,2,10,Skip
5,talk,21,3,10,Over
5,talk,22,3,7,Over
5,talk,23,3,13,Over
5,talk,24,3,2,VOTE Agent[07]
5,talk,25,3,11,Over
5,talk,26,3,5,Skip
5,talk,27,3,1,Over
5,talk,28,4,13,Over
5,talk,29,4,2,VOTE Agent[07]
5,talk,30,4,11,Over
5,talk,31,4,5,Over
5,talk,32,4,10,Over
5,talk,33,4,1,Over
5,talk,34,4,7,Over
5,talk,35,5,5,Over
5,talk,36,5,7,Over
5,talk,37,5,11,Over
5,talk,38,5,1,Over
5,talk,39,5,2,VOTE Agent[07]
5,talk,40,5,10,Over
5,talk,41,5,13,Over
5,talk,42,6,2,VOTE Agent[07]
5,talk,43,6,13,Over
5,talk,44,6,7,Over
5,talk,45,6,1,Over
5,talk,46,6,11,Over
5,talk,47,6,10,Over
5,talk,48,6,5,Over
5,talk,49,7,5,Over
5,talk,50,7,13,Over
5,talk,51,7,7,Over
5,talk,52,7,10,Over
5,talk,53,7,1,Over
5,talk,54,7,2,VOTE Agent[07]
5,talk,55,7,11,Over
5,talk,56,8,5,Over
5,talk,57,8,10,Over
5,talk,58,8,13,Over
5,talk,59,8,1,Over
5,talk,60,8,2,VOTE Agent[07]
5,talk,61,8,11,Over
5,talk,62,8,7,Over
5,talk,63,9,13,Over
5,talk,64,9,1,Over
5,talk,65,9,10,Over
5,talk,66,9,5,Over
5,talk,67,9,2,Over
5,talk,68,9,7,Over
5,talk,69,9,11,Over
5,vote,1,5
5,vote,2,7
5,vote,5,1
5,vote,7,10
5,vote,10,1
5,vote,11,5
5,vote,13,2
5,vote,1,5
5,vote,2,7
5,vote,5,1
5,vote,7,10
5,vote,10,1
5,vote,11,5
5,vote,13,2
5,execute,1,BODYGUARD
5,attack,13,true
6,status,1,BODYGUARD,DEAD,Tomato8
6,status,2,VILLAGER,ALIVE,HALU
6,status,3,VILLAGER,DEAD,HALU
6,status,4,WEREWOLF,DEAD,Tomato6
6,status,5,WEREWOLF,ALIVE,sample_py
6,status,6,VILLAGER,DEAD,OKAMI
6,status,7,VILLAGER,ALIVE,sample_py
6,status,8,VILLAGER,DEAD,OKAMI
6,status,9,SEER,DEAD,SampleJava10
6,status,10,VILLAGER,ALIVE,sample_py
6,status,11,VILLAGER,ALIVE,Tomato5
6,status,12,POSSESSED,DEAD,Takeda11
6,status,13,VILLAGER,DEAD,TOKU9
6,status,14,WEREWOLF,DEAD,SampleJava13
6,status,15,MEDIUM,DEAD,SampleJava14
6,talk,0,0,10,VOTE Agent[02]
6,talk,1,0,5,IDENTIFIED Agent[01] HUMAN
6,talk,2,0,7,VOTE Agent[10]
6,talk,3,0,11,VOTE Agent[05]
6,talk,4,0,2,VOTE Agent[10]
6,talk,5,1,5,VOTE Agent[07]
6,talk,6,1,7,Skip
6,talk,7,1,11,Skip
6,talk,8,1,2,VOTE Agent[10]
6,talk,9,1,10,Skip
6,talk,10,2,11,Skip
6,talk,11,2,5,Skip
6,talk,12,2,7,Skip
6,talk,13,2,10,Skip
6,talk,14,2,2,VOTE Agent[10]
6,talk,15,3,11,Over
6,talk,16,3,2,VOTE Agent[10]
6,talk,17,3,10,Over
6,talk,18,3,5,Skip
6,talk,19,3,7,Over
6,talk,20,4,7,Over
6,talk,21,4,2,VOTE Agent[10]
6,talk,22,4,5,Over
6,talk,23,4,10,Over
6,talk,24,4,11,Over
6,talk,25,5,7,Over
6,talk,26,5,5,Over
6,talk,27,5,11,Over
6,talk,28,5,2,VOTE Agent[10]
6,talk,29,5,10,Over
6,talk,30,6,10,Over
6,talk,31,6,7,Over
6,talk,32,6,5,Over
6,talk,33,6,2,VOTE Agent[10]
6,talk,34,6,11,Over
6,talk,35,7,11,Over
6,talk,36,7,2,VOTE Agent[10]
6,talk,37,7,7,Over
6,talk,38,7,5,Over
6,talk,39,7,10,Over
6,talk,40,8,7,Over
6,talk,41,8,10,Over
6,talk,42,8,2,VOTE Agent[10]
6,talk,43,8,5,Over
6,talk,44,8,11,Over
6,talk,45,9,2,Over
6,talk,46,9,11,Over
6,talk,47,9,5,Over
6,talk,48,9,7,Over
6,talk,49,9,10,Over
6,vote,2,10
6,vote,5,7
6,vote,7,10
6,vote,10,2
6,vote,11,5
6,execute,10,VILLAGER
6,attack,11,true
7,status,1,BODYGUARD,DEAD,Tomato8
7,status,2,VILLAGER,ALIVE,HALU
7,status,3,VILLAGER,DEAD,HALU
7,status,4,WEREWOLF,DEAD,Tomato6
7,status,5,WEREWOLF,ALIVE,sample_py
7,status,6,VILLAGER,DEAD,OKAMI
7,status,7,VILLAGER,ALIVE,sample_py
7,status,8,VILLAGER,DEAD,OKAMI
7,status,9,SEER,DEAD,SampleJava10
7,status,10,VILLAGER,DEAD,sample_py
7,status,11,VILLAGER,DEAD,Tomato5
7,status,12,POSSESSED,DEAD,Takeda11
7,status,13,VILLAGER,DEAD,TOKU9
7,status,14,WEREWOLF,DEAD,SampleJava13
7,status,15,MEDIUM,DEAD,SampleJava14
7,talk,0,0,5,IDENTIFIED Agent[10] HUMAN
7,talk,1,0,7,VOTE Agent[05]
7,talk,2,0,2,VOTE Agent[07]
7,talk,3,1,5,VOTE Agent[07]
7,talk,4,1,2,VOTE Agent[07]
7,talk,5,1,7,Skip
7,talk,6,2,2,VOTE Agent[07]
7,talk,7,2,7,Skip
7,talk,8,2,5,Skip
7,talk,9,3,5,Skip
7,talk,10,3,2,VOTE Agent[07]
7,talk,11,3,7,Over
7,talk,12,4,5,Over
7,talk,13,4,7,Over
7,talk,14,4,2,VOTE Agent[07]
7,talk,15,5,5,Over
7,talk,16,5,2,VOTE Agent[07]
7,talk,17,5,7,Over
7,talk,18,6,2,VOTE Agent[07]
7,talk,19,6,7,Over
7,talk,20,6,5,Over
7,talk,21,7,2,VOTE Agent[07]
7,talk,22,7,5,Over
7,talk,23,7,7,Over
7,talk,24,8,2,VOTE Agent[07]
7,talk,25,8,7,Over
7,talk,26,8,5,Over
7,talk,27,9,7,Over
7,talk,28,9,2,Over
7,talk,29,9,5,Over
7,vote,2,7
7,vote,5,7
7,vote,7,5
7,execute,7,VILLAGER
7,attack,2,true
8,status,1,BODYGUARD,DEAD,Tomato8
8,status,2,VILLAGER,DEAD,HALU
8,status,3,VILLAGER,DEAD,HALU
8,status,4,WEREWOLF,DEAD,Tomato6
8,status,5,WEREWOLF,ALIVE,sample_py
8,status,6,VILLAGER,DEAD,OKAMI
8,status,7,VILLAGER,DEAD,sample_py
8,status,8,VILLAGER,DEAD,OKAMI
8,status,9,SEER,DEAD,SampleJava10
8,status,10,VILLAGER,DEAD,sample_py
8,status,11,VILLAGER,DEAD,Tomato5
8,status,12,POSSESSED,DEAD,Takeda11
8,status,13,VILLAGER,DEAD,TOKU9
8,status,14,WEREWOLF,DEAD,SampleJava13
8,status,15,MEDIUM,DEAD,SampleJava14
8,result,0,1,WEREWOLF
