0,status,1,VILLAGER,ALIVE,Tomato8
0,status,2,VILLAGER,ALIVE,HALU
0,status,3,VILLAGER,ALIVE,HALU
0,status,4,VILLAGER,ALIVE,Tomato6
0,status,5,MEDIUM,ALIVE,sample_py
0,status,6,WEREWOLF,ALIVE,OKAMI
0,status,7,VILLAGER,ALIVE,sample_py
0,status,8,WEREWOLF,ALIVE,OKAMI
0,status,9,BODYGUARD,ALIVE,SampleJava10
0,status,10,SEER,ALIVE,sample_py
0,status,11,VILLAGER,ALIVE,Tomato5
0,status,12,WEREWOLF,ALIVE,Takeda11
0,status,13,VILLAGER,ALIVE,TOKU9
0,status,14,POSSESSED,ALIVE,SampleJava13
0,status,15,VILLAGER,ALIVE,SampleJava14
0,whisper,0,0,8,COMINGOUT Agent[08] MEDIUM
0,whisper,1,0,6,COMINGOUT Agent[06] VILLAGER
0,whisper,2,0,12,Skip
0,whisper,3,1,8,Skip
0,whisper,4,1,6,Skip
0,whisper,5,1,12,Skip
0,whisper,6,2,6,Skip
0,whisper,7,2,12,Over
0,whisper,8,2,8,Skip
0,whisper,9,3,8,Over
0,whisper,10,3,6,Over
0,whisper,11,3,12,Over
0,divine,10,12,WEREWOLF
1,status,1,VILLAGER,ALIVE,Tomato8
1,status,2,VILLAGER,ALIVE,HALU
1,status,3,VILLAGER,ALIVE,HALU
1,status,4,VILLAGER,ALIVE,Tomato6
1,status,5,MEDIUM,ALIVE,sample_py
1,status,6,WEREWOLF,ALIVE,OKAMI
1,status,7,VILLAGER,ALIVE,sample_py
1,status,8,WEREWOLF,ALIVE,OKAMI
1,status,9,BODYGUARD,ALIVE,SampleJava10
1,status,10,SEER,ALIVE,sample_py
1,status,11,VILLAGER,ALIVE,Tomato5
1,status,12,WEREWOLF,ALIVE,Takeda11
1,status,13,VILLAGER,ALIVE,TOKU9
1,status,14,POSSESSED,ALIVE,SampleJava13
1,status,15,VILLAGER,ALIVE,SampleJava14
1,talk,0,0,14,VOTE Agent[09]
1,talk,1,0,7,VOTE Agent[11]
1,talk,2,0,10,COMINGOUT Agent[10] SEER
1,talk,3,0,8,COMINGOUT Agent[08] MEDIUM
1,talk,4,0,13,VOTE Agent[11]
1,talk,5,0,5,VOTE Agent[08]
1,talk,6,0,2,VOTE Agent[05]
1,talk,7,0,1,VOTE Agent[11]
1,talk,8,0,3,VOTE Agent[14]
1,talk,9,0,9,VOTE Agent[10]
1,talk,10,0,4,VOTE Agent[11]
1,talk,11,0,6,VOTE Agent[11]
1,talk,12,0,15,VOTE Agent[06]
1,talk,13,0,11,VOTE Agent[05]
1,talk,14,0,12,VOTE Agent[11]
1,talk,15,1,9,REQUEST ANY (VOTE Agent[10])
1,talk,16,1,1,Skip
1,talk,17,1,15,REQUEST ANY (VOTE Agent[06])
1,talk,18,1,12,Skip
1,talk,19,1,10,DIVINED Agent[12] WEREWOLF
1,talk,20,1,11,Skip
1,talk,21,1,4,Skip
1,talk,22,1,5,Skip
1,talk,23,1,2,VOTE Agent[12]
1,talk,24,1,8,VOTE Agent[11]
1,talk,25,1,6,VOTE Agent[11]
1,talk,26,1,14,REQUEST ANY (VOTE Agent[09])
1,talk,27,1,13,VOTE Agent[09]
1,talk,28,1,3,VOTE Agent[12]
1,talk,29,1,7,VOTE Agent[12]
1,talk,30,2,4,Skip
1,talk,31,2,9,Skip
1,talk,32,2,8,VOTE Agent[11]
1,talk,33,2,7,Skip
1,talk,34,2,2,VOTE Agent[12]
1,talk,35,2,3,VOTE Agent[12]
1,talk,36,2,1,Skip
1,talk,37,2,10,VOTE Agent[12]
1,talk,38,2,14,COMINGOUT Agent[14] SEER
1,talk,39,2,5,Skip
1,talk,40,2,13,VOTE Agent[06]
1,talk,41,2,12,VOTE Agent[14]
1,talk,42,2,11,VOTE Agent[12]
1,talk,43,2,15,Skip
1,talk,44,2,6,VOTE Agent[11]
1,talk,45,3,6,VOTE Agent[11]
1,talk,46,3,11,Skip
1,talk,47,3,10,Skip
1,talk,48,3,14,DAY 1 (DIVINED Agent[10] WEREWOLF)
1,talk,49,3,12,VOTE Agent[03]
1,talk,50,3,3,VOTE Agent[12]
1,talk,51,3,1,VOTE Agent[10]
1,talk,52,3,4,VOTE Agent[10]
1,talk,53,3,2,VOTE Agent[12]
1,talk,54,3,5,Over
1,talk,55,3,8,VOTE Agent[11]
1,talk,56,3,7,Skip
1,talk,57,3,13,Skip
1,talk,58,3,15,Skip
1,talk,59,3,9,Skip
1,talk,60,4,7,Over
1,talk,61,4,15,Over
1,talk,62,4,12,VOTE Agent[06]
1,talk,63,4,2,VOTE Agent[12]
1,talk,64,4,1,Skip
1,talk,65,4,9,Over
1,talk,66,4,14,DIVINED Agent[10] WEREWOLF
1,talk,67,4,10,Skip
1,talk,68,4,11,VOTE Agent[10]
1,talk,69,4,3,VOTE Agent[12]
1,talk,70,4,8,VOTE Agent[11]
1,talk,71,4,4,Skip
1,talk,72,4,6,VOTE Agent[11]
1,talk,73,4,5,Over
1,talk,74,4,13,Skip
1,talk,75,5,1,Skip
1,talk,76,5,14,BECAUSE (DAY 1 (DIVINED Agent[10] WEREWOLF)) (AND (VOTE Agent[10]) (REQUEST ANY (VOTE Agent[10])))
1,talk,77,5,15,Over
1,talk,78,5,10,Over
1,talk,79,5,11,Skip
1,talk,80,5,4,Skip
1,talk,81,5,3,VOTE Agent[12]
1,talk,82,5,6,VOTE Agent[11]
1,talk,83,5,13,Over
1,talk,84,5,5,Over
1,talk,85,5,7,Over
1,talk,86,5,2,VOTE Agent[12]
1,talk,87,5,12,Skip
1,talk,88,5,9,Over
1,talk,89,5,8,VOTE Agent[11]
1,talk,90,6,8,VOTE Agent[11]
1,talk,91,6,2,VOTE Agent[12]
1,talk,92,6,9,Over
1,talk,93,6,14,VOTE Agent[10]
1,talk,94,6,12,Skip
1,talk,95,6,11,Skip
1,talk,96,6,5,Over
1,talk,97,6,15,Over
1,talk,98,6,6,VOTE Agent[11]
1,talk,99,6,1,Over
1,talk,100,6,13,Over
1,talk,101,6,3,VOTE Agent[12]
1,talk,102,6,7,Over
1,talk,103,6,10,Over
1,talk,104,6,4,Over
1,talk,105,7,13,Over
1,talk,106,7,14,REQUEST ANY (VOTE Agent[10])
1,talk,107,7,12,Over
1,talk,108,7,15,Over
1,talk,109,7,10,Over
1,talk,110,7,3,VOTE Agent[12]
1,talk,111,7,9,Over
1,talk,112,7,5,Over
1,talk,113,7,8,VOTE Agent[11]
1,talk,114,7,1,Over
1,talk,115,7,6,VOTE Agent[11]
1,talk,116,7,4,Over
1,talk,117,7,11,Over
1,talk,118,7,7,Over
1,talk,119,7,2,VOTE Agent[12]
1,talk,120,8,2,VOTE Agent[12]
1,talk,121,8,5,Over
1,talk,122,8,3,VOTE Agent[12]
1,talk,123,8,9,Over
1,talk,124,8,13,Over
1,talk,125,8,15,Over
1,talk,126,8,7,Over
1,talk,127,8,10,Over
1,talk,128,8,12,VOTE Agent[08]
1,talk,129,8,14,Skip
1,talk,130,8,6,VOTE Agent[11]
1,talk,131,8,8,VOTE Agent[11]
1,talk,132,8,11,Over
1,talk,133,8,4,Over
1,talk,134,8,1,Over
1,talk,135,9,13,Over
1,talk,136,9,10,Over
1,talk,137,9,8,Over
1,talk,138,9,11,Over
1,talk,139,9,15,Over
1,talk,140,9,2,Over
1,talk,141,9,1,Over
1,talk,142,9,3,Over
1,talk,143,9,4,Over
1,talk,144,9,5,Over
1,talk,145,9,14,Skip
1,talk,146,9,6,Over
1,talk,147,9,9,Over
1,talk,148,9,7,Over
1,talk,149,9,12,Skip
1,talk,150,10,3,Over
1,talk,151,10,15,Over
1,talk,152,10,4,Over
1,talk,153,10,8,Over
1,talk,154,10,10,Over
1,talk,155,10,14,Over
1,talk,156,10,9,Over
1,talk,157,10,2,Over
1,talk,158,10,6,Over
1,talk,159,10,11,Over
1,talk,160,10,7,Over
1,talk,161,10,1,Over
1,talk,162,10,12,Skip
1,talk,163,10,5,Over
1,talk,164,10,13,Over
1,talk,165,11,9,Over
1,talk,166,11,8,Over
1,talk,167,11,6,Over
1,talk,168,11,7,Over
1,talk,169,11,3,Over
1,talk,170,11,15,Over
1,talk,171,11,11,Over
1,talk,172,11,5,Over
1,talk,173,11,4,Over
1,talk,174,11,13,VOTE Agent[08]
1,talk,175,11,12,Over
1,talk,176,11,10,Over
1,talk,177,11,14,Over
1,talk,178,11,1,Over
1,talk,179,11,2,Over
1,talk,180,12,12,Over
1,talk,181,12,3,Over
1,talk,182,12,9,Over
1,talk,183,12,2,Over
1,talk,184,12,5,Over
1,talk,185,12,11,Over
1,talk,186,12,8,Over
1,talk,187,12,14,Over
1,talk,188,12,7,Over
1,talk,189,12,15,Over
1,talk,190,12,4,Over
1,talk,191,12,1,Over
1,talk,192,12,10,Over
1,talk,193,12,6,Over
1,talk,194,12,13,Skip
1,talk,195,13,2,Over
1,talk,196,13,13,Skip
1,talk,197,13,1,Over
1,talk,198,13,10,Over
1,talk,199,13,12,Over
1,talk,200,13,4,Over
1,talk,201,13,6,Over
1,talk,202,13,7,Over
1,talk,203,13,3,Over
1,talk,204,13,14,Over
1,talk,205,13,8,Over
1,talk,206,13,5,Over
1,talk,207,13,9,Over
1,talk,208,13,15,Over
1,talk,209,13,11,Over
1,talk,210,14,13,Over
1,talk,211,14,14,Over
1,talk,212,14,10,Over
1,talk,213,14,4,Over
1,talk,214,14,9,Over
1,talk,215,14,1,Over
1,talk,216,14,5,Over
1,talk,217,14,12,Over
1,talk,218,14,15,Over
1,talk,219,14,11,Over
1,talk,220,14,3,Over
1,talk,221,14,6,Over
1,talk,222,14,2,Over
1,talk,223,14,7,Over
1,talk,224,14,8,Over
1,vote,1,10
1,vote,2,12
1,vote,3,12
1,vote,4,10
1,vote,5,8
1,vote,6,11
1,vote,7,12
1,vote,8,11
1,vote,9,10
1,vote,10,12
1,vote,11,10
1,vote,12,8
1,vote,13,8
1,vote,14,10
1,vote,15,10
1,execute,10,SEER
1,whisper,0,0,12,Skip
1,whisper,1,0,8,ATTACK Agent[10]
1,whisper,2,0,6,ATTACK Agent[10]
1,whisper,3,1,8,Skip
1,whisper,4,1,12,Skip
1,whisper,5,1,6,Skip
1,whisper,6,2,6,Skip
1,whisper,7,2,12,Over
1,whisper,8,2,8,Skip
1,whisper,9,3,8,Over
1,whisper,10,3,12,Over
1,whisper,11,3,6,Over
1,guard,9,14,POSSESSED
1,attackVote,6,3
1,attackVote,8,2
1,attackVote,12,14
1,attackVote,6,13
1,attackVote,8,1
1,attackVote,12,14
1,attack,13,true
2,status,1,VILLAGER,ALIVE,Tomato8
2,status,2,VILLAGER,ALIVE,HALU
2,status,3,VILLAGER,ALIVE,HALU
2,status,4,VILLAGER,ALIVE,Tomato6
2,status,5,MEDIUM,ALIVE,sample_py
2,status,6,WEREWOLF,ALIVE,OKAMI
2,status,7,VILLAGER,ALIVE,sample_py
2,status,8,WEREWOLF,ALIVE,OKAMI
2,status,9,BODYGUARD,ALIVE,SampleJava10
2,status,10,SEER,DEAD,sample_py
2,status,11,VILLAGER,ALIVE,Tomato5
2,status,12,WEREWOLF,ALIVE,Takeda11
2,status,13,VILLAGER,DEAD,TOKU9
2,status,14,POSSESSED,ALIVE,SampleJava13
2,status,15,VILLAGER,ALIVE,SampleJava14
2,talk,0,0,1,VOTE Agent[07]
2,talk,1,0,6,VOTE Agent[07]
2,talk,2,0,7,VOTE Agent[12]
2,talk,3,0,8,IDENTIFIED Agent[10] HUMAN
2,talk,4,0,9,VOTE Agent[06]
2,talk,5,0,2,VOTE Agent[12]
2,talk,6,0,5,VOTE Agent[08]
2,talk,7,0,15,VOTE Agent[05]
2,talk,8,0,14,DAY 2 (DIVINED Agent[02] HUMAN)
2,talk,9,0,11,VOTE Agent[12]
2,talk,10,0,4,VOTE Agent[12]
2,talk,11,0,12,VOTE Agent[08]
2,talk,12,0,3,VOTE Agent[15]
2,talk,13,1,4,Skip
2,talk,14,1,12,Skip
2,talk,15,1,8,VOTE Agent[07]
2,talk,16,1,1,VOTE Agent[12]
2,talk,17,1,15,REQUEST ANY (VOTE Agent[05])
2,talk,18,1,3,VOTE Agent[15]
2,talk,19,1,9,REQUEST ANY (VOTE Agent[06])
2,talk,20,1,11,Skip
2,talk,21,1,14,DIVINED Agent[02] HUMAN
2,talk,22,1,7,Skip
2,talk,23,1,5,Skip
2,talk,24,1,6,VOTE Agent[05]
2,talk,25,1,2,VOTE Agent[15]
2,talk,26,2,11,Skip
2,talk,27,2,2,VOTE Agent[15]
2,talk,28,2,9,Skip
2,talk,29,2,15,Skip
2,talk,30,2,3,VOTE Agent[15]
2,talk,31,2,6,VOTE Agent[15]
2,talk,32,2,14,BECAUSE (AND (DAY 1 (DIVINED Agent[10] WEREWOLF)) (DAY 2 (Agent[08] IDENTIFIED Agent[10] HUMAN))) (XOR (ESTIMATE Agent[08] WEREWOLF) (ESTIMATE Agent[08] POSSESSED))
2,talk,33,2,1,Skip
2,talk,34,2,8,VOTE Agent[15]
2,talk,35,2,5,Skip
2,talk,36,2,4,Skip
2,talk,37,2,7,Skip
2,talk,38,2,12,Skip
2,talk,39,3,3,VOTE Agent[15]
2,talk,40,3,14,BECAUSE (XOR (ESTIMATE Agent[08] WEREWOLF) (ESTIMATE Agent[08] POSSESSED)) (AND (VOTE Agent[08]) (REQUEST ANY (VOTE Agent[08])))
2,talk,41,3,12,Over
2,talk,42,3,5,Over
2,talk,43,3,7,Over
2,talk,44,3,15,Skip
2,talk,45,3,6,VOTE Agent[15]
2,talk,46,3,4,VOTE Agent[15]
2,talk,47,3,11,VOTE Agent[15]
2,talk,48,3,2,VOTE Agent[15]
2,talk,49,3,9,Skip
2,talk,50,3,1,VOTE Agent[15]
2,talk,51,3,8,VOTE Agent[15]
2,talk,52,4,12,VOTE Agent[15]
2,talk,53,4,4,Skip
2,talk,54,4,2,VOTE Agent[15]
2,talk,55,4,9,Over
2,talk,56,4,8,VOTE Agent[15]
2,talk,57,4,3,VOTE Agent[15]
2,talk,58,4,1,Skip
2,talk,59,4,5,Over
2,talk,60,4,14,VOTE Agent[08]
2,talk,61,4,11,Skip
2,talk,62,4,15,Over
2,talk,63,4,7,Over
2,talk,64,4,6,VOTE Agent[15]
2,talk,65,5,12,Skip
2,talk,66,5,5,Over
2,talk,67,5,7,Over
2,talk,68,5,1,Skip
2,talk,69,5,9,Over
2,talk,70,5,15,Over
2,talk,71,5,3,VOTE Agent[15]
2,talk,72,5,14,REQUEST ANY (VOTE Agent[08])
2,talk,73,5,2,VOTE Agent[15]
2,talk,74,5,6,VOTE Agent[15]
2,talk,75,5,11,Skip
2,talk,76,5,4,Skip
2,talk,77,5,8,VOTE Agent[15]
2,talk,78,6,14,Skip
2,talk,79,6,2,VOTE Agent[15]
2,talk,80,6,4,Over
2,talk,81,6,15,Over
2,talk,82,6,5,Over
2,talk,83,6,9,Over
2,talk,84,6,3,VOTE Agent[15]
2,talk,85,6,6,VOTE Agent[15]
2,talk,86,6,12,Skip
2,talk,87,6,11,Over
2,talk,88,6,8,VOTE Agent[15]
2,talk,89,6,1,Over
2,talk,90,6,7,Over
2,talk,91,7,6,VOTE Agent[15]
2,talk,92,7,11,Over
2,talk,93,7,1,Over
2,talk,94,7,9,Over
2,talk,95,7,15,Over
2,talk,96,7,2,VOTE Agent[15]
2,talk,97,7,4,Over
2,talk,98,7,3,VOTE Agent[15]
2,talk,99,7,12,Over
2,talk,100,7,7,Over
2,talk,101,7,8,VOTE Agent[15]
2,talk,102,7,14,Skip
2,talk,103,7,5,Over
2,talk,104,8,14,Over
2,talk,105,8,12,Over
2,talk,106,8,2,VOTE Agent[15]
2,talk,107,8,3,VOTE Agent[15]
2,talk,108,8,9,Over
2,talk,109,8,8,VOTE Agent[15]
2,talk,110,8,6,VOTE Agent[15]
2,talk,111,8,5,Over
2,talk,112,8,1,Over
2,talk,113,8,11,Over
2,talk,114,8,7,Over
2,talk,115,8,15,Over
2,talk,116,8,4,Over
2,talk,117,9,1,Over
2,talk,118,9,6,Over
2,talk,119,9,12,Over
2,talk,120,9,15,Over
2,talk,121,9,8,Over
2,talk,122,9,14,Over
2,talk,123,9,9,Over
2,talk,124,9,5,Over
2,talk,125,9,7,Over
2,talk,126,9,3,Over
2,talk,127,9,11,Over
2,talk,128,9,4,Over
2,talk,129,9,2,Over
2,vote,1,15
2,vote,2,15
2,vote,3,15
2,vote,4,15
2,vote,5,8
2,vote,6,15
2,vote,7,12
2,vote,8,15
2,vote,9,8
2,vote,11,15
2,vote,12,15
2,vote,14,8
2,vote,15,8
2,execute,15,VILLAGER
2,whisper,0,0,6,ATTACK Agent[11]
2,whisper,1,0,8,ATTACK Agent[11]
2,whisper,2,0,12,Skip
2,whisper,3,1,8,Skip
2,whisper,4,1,12,Skip
2,whisper,5,1,6,Skip
2,whisper,6,2,12,Over
2,whisper,7,2,8,Skip
2,whisper,8,2,6,Skip
2,whisper,9,3,6,Over
2,whisper,10,3,8,Over
2,whisper,11,3,12,Over
2,guard,9,14,POSSESSED
2,attackVote,6,14
2,attackVote,8,1
2,attackVote,12,14
2,attack,14,false
3,status,1,VILLAGER,ALIVE,Tomato8
3,status,2,VILLAGER,ALIVE,HALU
3,status,3,VILLAGER,ALIVE,HALU
3,status,4,VILLAGER,ALIVE,Tomato6
3,status,5,MEDIUM,ALIVE,sample_py
3,status,6,WEREWOLF,ALIVE,OKAMI
3,status,7,VILLAGER,ALIVE,sample_py
3,status,8,WEREWOLF,ALIVE,OKAMI
3,status,9,BODYGUARD,ALIVE,SampleJava10
3,status,10,SEER,DEAD,sample_py
3,status,11,VILLAGER,ALIVE,Tomato5
3,status,12,WEREWOLF,ALIVE,Takeda11
3,status,13,VILLAGER,DEAD,TOKU9
3,status,14,POSSESSED,ALIVE,SampleJava13
3,status,15,VILLAGER,DEAD,SampleJava14
3,talk,0,0,3,VOTE Agent[12]
3,talk,1,0,9,VOTE Agent[12]
3,talk,2,0,4,VOTE Agent[14]
3,talk,3,0,8,IDENTIFIED Agent[15] HUMAN
3,talk,4,0,5,COMINGOUT Agent[05] MEDIUM
3,talk,5,0,2,VOTE Agent[12]
3,talk,6,0,14,DAY 3 (DIVINED Agent[05] HUMAN)
3,talk,7,0,1,VOTE Agent[14]
3,talk,8,0,7,VOTE Agent[12]
3,talk,9,0,6,VOTE Agent[08]
3,talk,10,0,11,VOTE Agent[14]
3,talk,11,0,12,VOTE Agent[08]
3,talk,12,1,2,VOTE Agent[12]
3,talk,13,1,6,VOTE Agent[08]
3,talk,14,1,12,Skip
3,talk,15,1,5,IDENTIFIED Agent[10] HUMAN
3,talk,16,1,1,Skip
3,talk,17,1,4,Skip
3,talk,18,1,7,Skip
3,talk,19,1,14,DIVINED Agent[05] HUMAN
3,talk,20,1,8,VOTE Agent[05]
3,talk,21,1,11,Skip
3,talk,22,1,3,VOTE Agent[12]
3,talk,23,1,9,REQUEST ANY (VOTE Agent[12])
3,talk,24,2,8,VOTE Agent[05]
3,talk,25,2,5,IDENTIFIED Agent[15] HUMAN
3,talk,26,2,9,Skip
3,talk,27,2,1,Skip
3,talk,28,2,6,VOTE Agent[05]
3,talk,29,2,12,Skip
3,talk,30,2,11,Skip
3,talk,31,2,2,VOTE Agent[12]
3,talk,32,2,7,Skip
3,talk,33,2,4,Skip
3,talk,34,2,3,VOTE Agent[12]
3,talk,35,2,14,BECAUSE (AND (DAY 1 (DIVINED Agent[10] WEREWOLF)) (DAY 2 (Agent[08] IDENTIFIED Agent[10] HUMAN))) (XOR (ESTIMATE Agent[08] WEREWOLF) (ESTIMATE Agent[08] POSSESSED))
3,talk,36,3,1,Over
3,talk,37,3,7,Over
3,talk,38,3,14,BECAUSE (XOR (ESTIMATE Agent[08] WEREWOLF) (ESTIMATE Agent[08] POSSESSED)) (AND (VOTE Agent[08]) (REQUEST ANY (VOTE Agent[08])))
3,talk,39,3,11,Over
3,talk,40,3,4,Over
3,talk,41,3,12,Over
3,talk,42,3,2,VOTE Agent[12]
3,talk,43,3,6,VOTE Agent[08]
3,talk,44,3,8,VOTE Agent[05]
3,talk,45,3,9,Skip
3,talk,46,3,5,VOTE Agent[08]
3,talk,47,3,3,VOTE Agent[12]
3,talk,48,4,8,VOTE Agent[05]
3,talk,49,4,1,Over
3,talk,50,4,7,Over
3,talk,51,4,14,VOTE Agent[08]
3,talk,52,4,6,VOTE Agent[08]
3,talk,53,4,5,Skip
3,talk,54,4,2,VOTE Agent[12]
3,talk,55,4,4,Over
3,talk,56,4,12,Over
3,talk,57,4,11,Over
3,talk,58,4,9,Over
3,talk,59,4,3,VOTE Agent[12]
3,talk,60,5,14,REQUEST ANY (VOTE Agent[08])
3,talk,61,5,8,VOTE Agent[05]
3,talk,62,5,12,Over
3,talk,63,5,5,Skip
3,talk,64,5,9,Over
3,talk,65,5,2,VOTE Agent[12]
3,talk,66,5,4,Over
3,talk,67,5,1,Over
3,talk,68,5,11,Over
3,talk,69,5,6,VOTE Agent[08]
3,talk,70,5,7,Over
3,talk,71,5,3,VOTE Agent[12]
3,talk,72,6,7,Over
3,talk,73,6,9,Over
3,talk,74,6,5,Over
3,talk,75,6,3,VOTE Agent[12]
3,talk,76,6,1,Over
3,talk,77,6,6,VOTE Agent[08]
3,talk,78,6,14,Skip
3,talk,79,6,11,Over
3,talk,80,6,8,VOTE Agent[05]
3,talk,81,6,12,Over
3,talk,82,6,2,VOTE Agent[12]
3,talk,83,6,4,Over
3,talk,84,7,14,Skip
3,talk,85,7,5,Over
3,talk,86,7,3,VOTE Agent[12]
3,talk,87,7,1,Over
3,talk,88,7,12,Over
3,talk,89,7,7,Over
3,talk,90,7,11,Over
3,talk,91,7,8,VOTE Agent[05]
3,talk,92,7,2,VOTE Agent[12]
3,talk,93,7,6,VOTE Agent[08]
3,talk,94,7,9,Over
3,talk,95,7,4,Over
3,talk,96,8,7,Over
3,talk,97,8,4,Over
3,talk,98,8,2,VOTE Agent[12]
3,talk,99,8,14,Over
3,talk,100,8,6,VOTE Agent[08]
3,talk,101,8,5,Over
3,talk,102,8,11,Over
3,talk,103,8,8,VOTE Agent[05]
3,talk,104,8,1,Over
3,talk,105,8,12,Over
3,talk,106,8,9,Over
3,talk,107,8,3,VOTE Agent[12]
3,talk,108,9,8,Over
3,talk,109,9,5,Over
3,talk,110,9,3,Over
3,talk,111,9,9,Over
3,talk,112,9,4,Over
3,talk,113,9,6,Over
3,talk,114,9,1,Over
3,talk,115,9,11,Over
3,talk,116,9,14,Over
3,talk,117,9,12,Over
3,talk,118,9,2,Over
3,talk,119,9,7,Over
3,vote,1,14
3,vote,2,12
3,vote,3,12
3,vote,4,14
3,vote,5,8
3,vote,6,8
3,vote,7,12
3,vote,8,5
3,vote,9,8
3,vote,11,14
3,vote,12,8
3,vote,14,8
3,execute,8,WEREWOLF
3,whisper,0,0,6,ATTACK Agent[05]
3,whisper,1,0,12,Skip
3,whisper,2,1,6,Skip
3,whisper,3,1,12,Skip
3,whisper,4,2,12,Over
3,whisper,5,2,6,Skip
3,whisper,6,3,6,Over
3,whisper,7,3,12,Over
3,guard,9,14,POSSESSED
3,attackVote,6,5
3,attackVote,12,4
3,attackVote,6,5
3,attackVote,12,4
3,attack,4,true
4,status,1,VILLAGER,ALIVE,Tomato8
4,status,2,VILLAGER,ALIVE,HALU
4,status,3,VILLAGER,ALIVE,HALU
4,status,4,VILLAGER,DEAD,Tomato6
4,status,5,MEDIUM,ALIVE,sample_py
4,status,6,WEREWOLF,ALIVE,OKAMI
4,status,7,VILLAGER,ALIVE,sample_py
4,status,8,WEREWOLF,DEAD,OKAMI
4,status,9,BODYGUARD,ALIVE,SampleJava10
4,status,10,SEER,DEAD,sample_py
4,status,11,VILLAGER,ALIVE,Tomato5
4,status,12,WEREWOLF,ALIVE,Takeda11
4,status,13,VILLAGER,DEAD,TOKU9
4,status,14,POSSESSED,ALIVE,SampleJava13
4,status,15,VILLAGER,DEAD,SampleJava14
4,talk,0,0,1,VOTE Agent[14]
4,talk,1,0,7,VOTE Agent[12]
4,talk,2,0,2,VOTE Agent[12]
4,talk,3,0,14,DAY 4 (DIVINED Agent[01] HUMAN)
4,talk,4,0,9,VOTE Agent[12]
4,talk,5,0,5,IDENTIFIED Agent[08] WEREWOLF
4,talk,6,0,3,VOTE Agent[12]
4,talk,7,0,12,VOTE Agent[06]
4,talk,8,0,6,VOTE Agent[05]
4,talk,9,0,11,VOTE Agent[14]
4,talk,10,1,11,Skip
4,talk,11,1,9,REQUEST ANY (VOTE Agent[12])
4,talk,12,1,2,VOTE Agent[12]
4,talk,13,1,6,VOTE Agent[05]
4,talk,14,1,1,Skip
4,talk,15,1,12,Skip
4,talk,16,1,3,VOTE Agent[12]
4,talk,17,1,14,DIVINED Agent[01] HUMAN
4,talk,18,1,5,VOTE Agent[12]
4,talk,19,1,7,Skip
4,talk,20,2,12,VOTE Agent[06]
4,talk,21,2,5,Skip
4,talk,22,2,7,Skip
4,talk,23,2,1,Skip
4,talk,24,2,2,VOTE Agent[12]
4,talk,25,2,11,Skip
4,talk,26,2,9,Skip
4,talk,27,2,3,VOTE Agent[12]
4,talk,28,2,14,VOTE Agent[11]
4,talk,29,2,6,VOTE Agent[05]
4,talk,30,3,5,Skip
4,talk,31,3,7,Over
4,talk,32,3,11,Over
4,talk,33,3,2,VOTE Agent[12]
4,talk,34,3,3,VOTE Agent[12]
4,talk,35,3,1,Over
4,talk,36,3,6,VOTE Agent[05]
4,talk,37,3,14,REQUEST ANY (VOTE Agent[11])
4,talk,38,3,9,Skip
4,talk,39,3,12,VOTE Agent[06]
4,talk,40,4,14,Skip
4,talk,41,4,12,VOTE Agent[06]
4,talk,42,4,9,Over
4,talk,43,4,11,Over
4,talk,44,4,1,Over
4,talk,45,4,5,Over
4,talk,46,4,7,Over
4,talk,47,4,2,VOTE Agent[12]
4,talk,48,4,3,VOTE Agent[12]
4,talk,49,4,6,VOTE Agent[05]
4,talk,50,5,7,Over
4,talk,51,5,1,Over
4,talk,52,5,9,Over
4,talk,53,5,5,Over
4,talk,54,5,14,Skip
4,talk,55,5,3,VOTE Agent[12]
4,talk,56,5,11,Over
4,talk,57,5,6,VOTE Agent[05]
4,talk,58,5,2,VOTE Agent[12]
4,talk,59,5,12,VOTE Agent[06]
4,talk,60,6,14,Over
4,talk,61,6,3,VOTE Agent[12]
4,talk,62,6,2,VOTE Agent[12]
4,talk,63,6,11,Over
4,talk,64,6,9,Over
4,talk,65,6,7,Over
4,talk,66,6,5,Over
4,talk,67,6,1,Over
4,talk,68,6,12,VOTE Agent[06]
4,talk,69,6,6,VOTE Agent[05]
4,talk,70,7,12,VOTE Agent[06]
4,talk,71,7,1,Over
4,talk,72,7,3,VOTE Agent[12]
4,talk,73,7,5,Over
4,talk,74,7,6,VOTE Agent[05]
4,talk,75,7,11,Over
4,talk,76,7,14,Over
4,talk,77,7,7,Over
4,talk,78,7,2,VOTE Agent[12]
4,talk,79,7,9,Over
4,talk,80,8,6,VOTE Agent[05]
4,talk,81,8,11,Over
4,talk,82,8,3,VOTE Agent[12]
4,talk,83,8,1,Over
4,talk,84,8,14,Over
4,talk,85,8,9,Over
4,talk,86,8,12,VOTE Agent[06]
4,talk,87,8,2,VOTE Agent[12]
4,talk,88,8,7,Over
4,talk,89,8,5,Over
4,talk,90,9,5,Over
4,talk,91,9,12,VOTE Agent[06]
4,talk,92,9,6,Over
4,talk,93,9,11,Over
4,talk,94,9,14,Over
4,talk,95,9,9,Over
4,talk,96,9,7,Over
4,talk,97,9,3,Over
4,talk,98,9,1,Over
4,talk,99,9,2,Over
4,talk,100,10,5,Over
4,talk,101,10,7,Over
4,talk,102,10,9,Over
4,talk,103,10,12,VOTE Agent[06]
4,talk,104,10,14,Over
4,talk,105,10,11,Over
4,talk,106,10,1,Over
4,talk,107,10,2,Over
4,talk,108,10,3,Over
4,talk,109,10,6,Over
4,talk,110,11,5,Over
4,talk,111,11,12,Over
4,talk,112,11,6,Over
4,talk,113,11,1,Over
4,talk,114,11,11,Over
4,talk,115,11,2,Over
4,talk,116,11,3,Over
4,talk,117,11,7,Over
4,talk,118,11,9,Over
4,talk,119,11,14,Over
4,vote,1,14
4,vote,2,12
4,vote,3,12
4,vote,5,12
4,vote,6,5
4,vote,7,12
4,vote,9,11
4,vote,11,14
4,vote,12,6
4,vote,14,12
4,execute,12,WEREWOLF
4,guard,9,14,POSSESSED
4,attackVote,6,5
4,attack,5,true
5,status,1,VILLAGER,ALIVE,Tomato8
5,status,2,VILLAGER,ALIVE,HALU
5,status,3,VILLAGER,ALIVE,HALU
5,status,4,VILLAGER,DEAD,Tomato6
5,status,5,MEDIUM,DEAD,sample_py
5,status,6,WEREWOLF,ALIVE,OKAMI
5,status,7,VILLAGER,ALIVE,sample_py
5,status,8,WEREWOLF,DEAD,OKAMI
5,status,9,BODYGUARD,ALIVE,SampleJava10
5,status,10,SEER,DEAD,sample_py
5,status,11,VILLAGER,ALIVE,Tomato5
5,status,12,WEREWOLF,DEAD,Takeda11
5,status,13,VILLAGER,DEAD,TOKU9
5,status,14,POSSESSED,ALIVE,SampleJava13
5,status,15,VILLAGER,DEAD,SampleJava14
5,talk,0,0,3,VOTE Agent[11]
5,talk,1,0,11,VOTE Agent[14]
5,talk,2,0,1,VOTE Agent[14]
5,talk,3,0,14,DAY 5 (DIVINED Agent[07] HUMAN)
5,talk,4,0,9,VOTE Agent[03]
5,talk,5,0,2,VOTE Agent[09]
5,talk,6,0,7,VOTE Agent[06]
5,talk,7,0,6,VOTE Agent[11]
5,talk,8,1,1,Skip
5,talk,9,1,9,REQUEST ANY (VOTE Agent[03])
5,talk,10,1,11,Skip
5,talk,11,1,2,VOTE Agent[06]
5,talk,12,1,7,Skip
5,talk,13,1,3,VOTE Agent[06]
5,talk,14,1,6,VOTE Agent[03]
5,talk,15,1,14,DIVINED Agent[07] HUMAN
5,talk,16,2,6,VOTE Agent[03]
5,talk,17,2,3,VOTE Agent[06]
5,talk,18,2,2,VOTE Agent[03]
5,talk,19,2,7,Skip
5,talk,20,2,11,Skip
5,talk,21,2,9,Skip
5,talk,22,2,14,VOTE Agent[11]
5,talk,23,2,1,Skip
5,talk,24,3,7,Over
5,talk,25,3,6,VOTE Agent[03]
5,talk,26,3,14,REQUEST ANY (VOTE Agent[11])
5,talk,27,3,1,Over
5,talk,28,3,3,VOTE Agent[11]
5,talk,29,3,9,Skip
5,talk,30,3,11,Over
5,talk,31,3,2,VOTE Agent[06]
5,talk,32,4,2,VOTE Agent[06]
5,talk,33,4,14,Skip
5,talk,34,4,7,Over
5,talk,35,4,6,VOTE Agent[11]
5,talk,36,4,9,Over
5,talk,37,4,11,Over
5,talk,38,4,3,VOTE Agent[06]
5,talk,39,4,1,Over
5,talk,40,5,14,Skip
5,talk,41,5,6,VOTE Agent[11]
5,talk,42,5,1,Over
5,talk,43,5,9,Over
5,talk,44,5,2,VOTE Agent[03]
5,talk,45,5,11,Over
5,talk,46,5,7,Over
5,talk,47,5,3,VOTE Agent[06]
5,talk,48,6,11,Over
5,talk,49,6,1,Over
5,talk,50,6,14,Over
5,talk,51,6,3,VOTE Agent[06]
5,talk,52,6,6,VOTE Agent[03]
5,talk,53,6,7,Over
5,talk,54,6,2,VOTE Agent[03]
5,talk,55,6,9,Over
5,talk,56,7,14,Over
5,talk,57,7,1,Over
5,talk,58,7,2,VOTE Agent[06]
5,talk,59,7,3,VOTE Agent[06]
5,talk,60,7,6,VOTE Agent[11]
5,talk,61,7,9,Over
5,talk,62,7,7,Over
5,talk,63,7,11,Over
5,talk,64,8,1,Over
5,talk,65,8,9,Over
5,talk,66,8,7,Over
5,talk,67,8,3,VOTE Agent[06]
5,talk,68,8,11,Over
5,talk,69,8,14,Over
5,talk,70,8,2,VOTE Agent[03]
5,talk,71,8,6,VOTE Agent[03]
5,talk,72,9,6,Over
5,talk,73,9,9,Over
5,talk,74,9,11,Over
5,talk,75,9,14,Over
5,talk,76,9,1,Over
5,talk,77,9,2,Over
5,talk,78,9,7,Over
5,talk,79,9,3,Over
5,vote,1,14
5,vote,2,3
5,vote,3,6
5,vote,6,3
5,vote,7,6
5,vote,9,11
5,vote,11,14
5,vote,14,3
5,execute,3,VILLAGER
5,guard,9,14,POSSESSED
5,attack,7,true
6,status,1,VILLAGER,ALIVE,Tomato8
6,status,2,VILLAGER,ALIVE,HALU
6,status,3,VILLAGER,DEAD,HALU
6,status,4,VILLAGER,DEAD,Tomato6
6,status,5,MEDIUM,DEAD,sample_py
6,status,6,WEREWOLF,ALIVE,OKAMI
6,status,7,VILLAGER,DEAD,sample_py
6,status,8,WEREWOLF,DEAD,OKAMI
6,status,9,BODYGUARD,ALIVE,SampleJava10
6,status,10,SEER,DEAD,sample_py
6,status,11,VILLAGER,ALIVE,Tomato5
6,status,12,WEREWOLF,DEAD,Takeda11
6,status,13,VILLAGER,DEAD,TOKU9
6,status,14,POSSESSED,ALIVE,SampleJava13
6,status,15,VILLAGER,DEAD,SampleJava14
6,talk,0,0,2,VOTE Agent[14]
6,talk,1,0,6,VOTE Agent[11]
6,talk,2,0,14,DAY 6 (DIVINED Agent[11] HUMAN)
6,talk,3,0,11,VOTE Agent[14]
6,talk,4,0,9,VOTE Agent[01]
6,talk,5,0,1,VOTE Agent[14]
6,talk,6,1,1,Skip
6,talk,7,1,9,REQUEST ANY (VOTE Agent[01])
6,talk,8,1,11,Skip
6,talk,9,1,2,VOTE Agent[06]
6,talk,10,1,6,VOTE Agent[09]
6,talk,11,1,14,DIVINED Agent[11] HUMAN
6,talk,12,2,9,Skip
6,talk,13,2,2,VOTE Agent[06]
6,talk,14,2,1,Skip
6,talk,15,2,6,VOTE Agent[09]
6,talk,16,2,11,Skip
6,talk,17,2,14,VOTE Agent[04]
6,talk,18,3,2,VOTE Agent[14]
6,talk,19,3,9,Skip
6,talk,20,3,14,REQUEST ANY (VOTE Agent[04])
6,talk,21,3,1,Over
6,talk,22,3,6,VOTE Agent[09]
6,talk,23,3,11,Over
6,talk,24,4,1,Over
6,talk,25,4,14,VOTE Agent[09]
6,talk,26,4,2,VOTE Agent[06]
6,talk,27,4,6,VOTE Agent[09]
6,talk,28,4,11,Over
6,talk,29,4,9,Over
6,talk,30,5,11,Over
6,talk,31,5,1,Over
6,talk,32,5,14,REQUEST ANY (VOTE Agent[09])
6,talk,33,5,9,Over
6,talk,34,5,2,VOTE Agent[06]
6,talk,35,5,6,VOTE Agent[09]
6,talk,36,6,9,Over
6,talk,37,6,11,Over
6,talk,38,6,2,VOTE Agent[14]
6,talk,39,6,6,VOTE Agent[09]
6,talk,40,6,1,Over
6,talk,41,6,14,Skip
6,talk,42,7,1,Over
6,talk,43,7,2,VOTE Agent[14]
6,talk,44,7,6,VOTE Agent[09]
6,talk,45,7,11,Over
6,talk,46,7,14,Skip
6,talk,47,7,9,Over
6,talk,48,8,9,Over
6,talk,49,8,6,VOTE Agent[09]
6,talk,50,8,2,VOTE Agent[14]
6,talk,51,8,14,Over
6,talk,52,8,11,Over
6,talk,53,8,1,Over
6,talk,54,9,11,Over
6,talk,55,9,9,Over
6,talk,56,9,6,Over
6,talk,57,9,14,Over
6,talk,58,9,2,Over
6,talk,59,9,1,Over
6,vote,1,14
6,vote,2,14
6,vote,6,9
6,vote,9,6
6,vote,11,14
6,vote,14,1
6,execute,14,POSSESSED
6,guard,9,11,VILLAGER
6,attack,9,true
7,status,1,VILLAGER,ALIVE,Tomato8
7,status,2,VILLAGER,ALIVE,HALU
7,status,3,VILLAGER,DEAD,HALU
7,status,4,VILLAGER,DEAD,Tomato6
7,status,5,MEDIUM,DEAD,sample_py
7,status,6,WEREWOLF,ALIVE,OKAMI
7,status,7,VILLAGER,DEAD,sample_py
7,status,8,WEREWOLF,DEAD,OKAMI
7,status,9,BODYGUARD,DEAD,SampleJava10
7,status,10,SEER,DEAD,sample_py
7,status,11,VILLAGER,ALIVE,Tomato5
7,status,12,WEREWOLF,DEAD,Takeda11
7,status,13,VILLAGER,DEAD,TOKU9
7,status,14,POSSESSED,DEAD,SampleJava13
7,status,15,VILLAGER,DEAD,SampleJava14
7,talk,0,0,11,VOTE Agent[01]
7,talk,1,0,1,VOTE Agent[06]
7,talk,2,0,6,VOTE Agent[01]
7,talk,3,0,2,VOTE Agent[01]
7,talk,4,1,1,Skip
7,talk,5,1,11,Skip
7,talk,6,1,6,VOTE Agent[01]
7,talk,7,1,2,VOTE Agent[06]
7,talk,8,2,11,Skip
7,talk,9,2,1,Skip
7,talk,10,2,2,VOTE Agent[06]
7,talk,11,2,6,VOTE Agent[01]
7,talk,12,3,6,VOTE Agent[01]
7,talk,13,3,1,Over
7,talk,14,3,2,VOTE Agent[06]
7,talk,15,3,11,Over
7,talk,16,4,6,VOTE Agent[01]
7,talk,17,4,2,VOTE Agent[06]
7,talk,18,4,1,Over
7,talk,19,4,11,Over
7,talk,20,5,2,VOTE Agent[06]
7,talk,21,5,11,Over
7,talk,22,5,6,VOTE Agent[01]
7,talk,23,5,1,Over
7,talk,24,6,2,VOTE Agent[06]
7,talk,25,6,6,VOTE Agent[01]
7,talk,26,6,1,Over
7,talk,27,6,11,Over
7,talk,28,7,6,VOTE Agent[01]
7,talk,29,7,11,Over
7,talk,30,7,1,Over
7,talk,31,7,2,VOTE Agent[06]
7,talk,32,8,2,VOTE Agent[06]
7,talk,33,8,1,Over
7,talk,34,8,6,VOTE Agent[01]
7,talk,35,8,11,Over
7,talk,36,9,6,Over
7,talk,37,9,2,Over
7,talk,38,9,1,Over
7,talk,39,9,11,Over
7,vote,1,6
7,vote,2,6
7,vote,6,1
7,vote,11,1
7,vote,1,6
7,vote,2,6
7,vote,6,1
7,vote,11,1
7,execute,6,WEREWOLF
8,status,1,VILLAGER,ALIVE,Tomato8
8,status,2,VILLAGER,ALIVE,HALU
8,status,3,VILLAGER,DEAD,HALU
8,status,4,VILLAGER,DEAD,Tomato6
8,status,5,MEDIUM,DEAD,sample_py
8,status,6,WEREWOLF,DEAD,OKAMI
8,status,7,VILLAGER,DEAD,sample_py
8,status,8,WEREWOLF,DEAD,OKAMI
8,status,9,BODYGUARD,DEAD,SampleJava10
8,status,10,SEER,DEAD,sample_py
8,status,11,VILLAGER,ALIVE,Tomato5
8,status,12,WEREWOLF,DEAD,Takeda11
8,status,13,VILLAGER,DEAD,TOKU9
8,status,14,POSSESSED,DEAD,SampleJava13
8,status,15,VILLAGER,DEAD,SampleJava14
8,result,3,0,VILLAGER
