0,status,1,VILLAGER,ALIVE,TOKU2
0,status,2,WEREWOLF,ALIVE,sample_py
0,status,3,VILLAGER,ALIVE,SampleJava11
0,status,4,BODYGUARD,ALIVE,SampleJava10
0,status,5,MEDIUM,ALIVE,Takeda6
0,status,6,VILLAGER,ALIVE,HALU
0,status,7,VILLAGER,ALIVE,Takeda5
0,status,8,VILLAGER,ALIVE,Tomato0
0,status,9,SEER,ALIVE,Takeda1
0,status,10,WEREWOLF,ALIVE,OKAMI
0,status,11,POSSESSED,ALIVE,Tomato8
0,status,12,WEREWOLF,ALIVE,Tomato13
0,status,13,VILLAGER,ALIVE,OKAMI
0,status,14,VILLAGER,ALIVE,TOKU3
0,status,15,VILLAGER,ALIVE,HALU
0,whisper,0,0,2,COMINGOUT Agent[02] SEER
0,whisper,1,0,12,COMINGOUT Agent[12] SEER
0,whisper,2,0,10,COMINGOUT Agent[10] MEDIUM
0,whisper,3,1,10,COMINGOUT Agent[10] VILLAGER
0,whisper,4,1,12,COMINGOUT Agent[12] VILLAGER
0,whisper,5,1,2,COMINGOUT Agent[02] SEER
0,whisper,6,2,10,Skip
0,whisper,7,2,12,Skip
0,whisper,8,2,2,COMINGOUT Agent[02] SEER
0,whisper,9,3,12,Skip
0,whisper,10,3,10,Skip
0,whisper,11,3,2,COMINGOUT Agent[02] SEER
0,whisper,12,4,12,Over
0,whisper,13,4,10,Over
0,whisper,14,4,2,COMINGOUT Agent[02] SEER
0,whisper,15,5,10,Over
0,whisper,16,5,2,COMINGOUT Agent[02] SEER
0,whisper,17,5,12,Over
0,whisper,18,6,2,COMINGOUT Agent[02] SEER
0,whisper,19,6,12,Over
0,whisper,20,6,10,Over
0,whisper,21,7,12,Over
0,whisper,22,7,2,COMINGOUT Agent[02] SEER
0,whisper,23,7,10,Over
0,whisper,24,8,2,COMINGOUT Agent[02] SEER
0,whisper,25,8,12,Over
0,whisper,26,8,10,Over
0,whisper,27,9,10,Over
0,whisper,28,9,12,Over
0,whisper,29,9,2,COMINGOUT Agent[02] SEER
0,whisper,30,10,10,Over
0,whisper,31,10,2,Over
0,whisper,32,10,12,Over
0,divine,9,2,WEREWOLF
1,status,1,VILLAGER,ALIVE,TOKU2
1,status,2,WEREWOLF,ALIVE,sample_py
1,status,3,VILLAGER,ALIVE,SampleJava11
1,status,4,BODYGUARD,ALIVE,SampleJava10
1,status,5,MEDIUM,ALIVE,Takeda6
1,status,6,VILLAGER,ALIVE,HALU
1,status,7,VILLAGER,ALIVE,Takeda5
1,status,8,VILLAGER,ALIVE,Tomato0
1,status,9,SEER,ALIVE,Takeda1
1,status,10,WEREWOLF,ALIVE,OKAMI
1,status,11,POSSESSED,ALIVE,Tomato8
1,status,12,WEREWOLF,ALIVE,Tomato13
1,status,13,VILLAGER,ALIVE,OKAMI
1,status,14,VILLAGER,ALIVE,TOKU3
1,status,15,VILLAGER,ALIVE,HALU
1,talk,0,0,1,VOTE Agent[04]
1,talk,1,0,3,VOTE Agent[11]
1,talk,2,0,2,VOTE Agent[04]
1,talk,3,0,9,COMINGOUT Agent[09] SEER
1,talk,4,0,7,VOTE Agent[04]
1,talk,5,0,5,COMINGOUT Agent[05] MEDIUM
1,talk,6,0,12,VOTE Agent[04]
1,talk,7,0,8,VOTE Agent[04]
1,talk,8,0,14,VOTE Agent[04]
1,talk,9,0,6,VOTE Agent[03]
1,talk,10,0,15,VOTE Agent[06]
1,talk,11,0,13,VOTE Agent[06]
1,talk,12,0,4,VOTE Agent[03]
1,talk,13,0,10,VOTE Agent[04]
1,talk,14,0,11,COMINGOUT Agent[11] SEER
1,talk,15,1,7,Skip
1,talk,16,1,8,Skip
1,talk,17,1,3,REQUEST ANY (VOTE Agent[11])
1,talk,18,1,12,Skip
1,talk,19,1,9,DIVINED Agent[02] WEREWOLF
1,talk,20,1,1,VOTE Agent[03]
1,talk,21,1,10,VOTE Agent[04]
1,talk,22,1,4,REQUEST ANY (VOTE Agent[03])
1,talk,23,1,2,VOTE Agent[11]
1,talk,24,1,5,VOTE Agent[04]
1,talk,25,1,11,DIVINED Agent[05] WEREWOLF
1,talk,26,1,14,VOTE Agent[11]
1,talk,27,1,15,VOTE Agent[02]
1,talk,28,1,6,VOTE Agent[02]
1,talk,29,1,13,COMINGOUT Agent[13] VILLAGER
1,talk,30,2,1,Skip
1,talk,31,2,6,VOTE Agent[02]
1,talk,32,2,3,Skip
1,talk,33,2,9,VOTE Agent[02]
1,talk,34,2,14,VOTE Agent[10]
1,talk,35,2,10,VOTE Agent[04]
1,talk,36,2,4,Skip
1,talk,37,2,15,VOTE Agent[02]
1,talk,38,2,12,Skip
1,talk,39,2,8,Skip
1,talk,40,2,2,Skip
1,talk,41,2,5,VOTE Agent[10]
1,talk,42,2,11,VOTE Agent[04]
1,talk,43,2,13,VOTE Agent[02]
1,talk,44,2,7,VOTE Agent[10]
1,talk,45,3,8,Over
1,talk,46,3,15,VOTE Agent[02]
1,talk,47,3,1,VOTE Agent[10]
1,talk,48,3,10,VOTE Agent[04]
1,talk,49,3,13,VOTE Agent[02]
1,talk,50,3,12,VOTE Agent[02]
1,talk,51,3,3,Skip
1,talk,52,3,4,Skip
1,talk,53,3,14,Skip
1,talk,54,3,6,VOTE Agent[02]
1,talk,55,3,11,VOTE Agent[02]
1,talk,56,3,5,Skip
1,talk,57,3,7,VOTE Agent[15]
1,talk,58,3,2,Skip
1,talk,59,3,9,VOTE Agent[02]
1,talk,60,4,14,Skip
1,talk,61,4,13,VOTE Agent[02]
1,talk,62,4,6,VOTE Agent[02]
1,talk,63,4,4,Over
1,talk,64,4,5,Skip
1,talk,65,4,15,VOTE Agent[02]
1,talk,66,4,12,Skip
1,talk,67,4,7,VOTE Agent[10]
1,talk,68,4,1,Skip
1,talk,69,4,8,VOTE Agent[02]
1,talk,70,4,11,Skip
1,talk,71,4,9,VOTE Agent[02]
1,talk,72,4,2,Over
1,talk,73,4,3,Over
1,talk,74,4,10,VOTE Agent[03]
1,talk,75,5,15,VOTE Agent[02]
1,talk,76,5,14,Over
1,talk,77,5,13,VOTE Agent[02]
1,talk,78,5,12,Skip
1,talk,79,5,2,Over
1,talk,80,5,7,Skip
1,talk,81,5,11,Skip
1,talk,82,5,1,Skip
1,talk,83,5,8,Skip
1,talk,84,5,4,Over
1,talk,85,5,10,VOTE Agent[03]
1,talk,86,5,6,VOTE Agent[02]
1,talk,87,5,5,Over
1,talk,88,5,9,VOTE Agent[02]
1,talk,89,5,3,Over
1,talk,90,6,14,Over
1,talk,91,6,9,VOTE Agent[02]
1,talk,92,6,11,Over
1,talk,93,6,1,Over
1,talk,94,6,2,Over
1,talk,95,6,10,VOTE Agent[03]
1,talk,96,6,5,Over
1,talk,97,6,3,Over
1,talk,98,6,6,VOTE Agent[02]
1,talk,99,6,7,Skip
1,talk,100,6,13,VOTE Agent[02]
1,talk,101,6,15,VOTE Agent[02]
1,talk,102,6,4,Over
1,talk,103,6,8,Skip
1,talk,104,6,12,Over
1,talk,105,7,2,Over
1,talk,106,7,7,Over
1,talk,107,7,9,VOTE Agent[02]
1,talk,108,7,5,Over
1,talk,109,7,12,Over
1,talk,110,7,4,Over
1,talk,111,7,1,Over
1,talk,112,7,13,VOTE Agent[02]
1,talk,113,7,8,Over
1,talk,114,7,6,VOTE Agent[02]
1,talk,115,7,14,Over
1,talk,116,7,11,Over
1,talk,117,7,10,VOTE Agent[03]
1,talk,118,7,15,VOTE Agent[02]
1,talk,119,7,3,Over
1,talk,120,8,11,Over
1,talk,121,8,4,Over
1,talk,122,8,15,VOTE Agent[02]
1,talk,123,8,14,Over
1,talk,124,8,13,VOTE Agent[02]
1,talk,125,8,10,VOTE Agent[03]
1,talk,126,8,12,Over
1,talk,127,8,5,Over
1,talk,128,8,1,Over
1,talk,129,8,9,VOTE Agent[02]
1,talk,130,8,8,Over
1,talk,131,8,2,Over
1,talk,132,8,3,Over
1,talk,133,8,7,Over
1,talk,134,8,6,VOTE Agent[02]
1,talk,135,9,11,Over
1,talk,136,9,10,Over
1,talk,137,9,12,Over
1,talk,138,9,5,Over
1,talk,139,9,3,Over
1,talk,140,9,6,Over
1,talk,141,9,14,Over
1,talk,142,9,1,Over
1,talk,143,9,8,Over
1,talk,144,9,4,Over
1,talk,145,9,13,Over
1,talk,146,9,9,VOTE Agent[02]
1,talk,147,9,7,Over
1,talk,148,9,15,Over
1,talk,149,9,2,Over
1,talk,150,10,1,Over
1,talk,151,10,4,Over
1,talk,152,10,5,Over
1,talk,153,10,11,Over
1,talk,154,10,12,Over
1,talk,155,10,6,Over
1,talk,156,10,3,Over
1,talk,157,10,8,Over
1,talk,158,10,2,Over
1,talk,159,10,14,Over
1,talk,160,10,7,Over
1,talk,161,10,15,Over
1,talk,162,10,10,Over
1,talk,163,10,13,Over
1,talk,164,10,9,Over
1,vote,1,2
1,vote,2,11
1,vote,3,11
1,vote,4,11
1,vote,5,10
1,vote,6,2
1,vote,7,2
1,vote,8,2
1,vote,9,2
1,vote,10,3
1,vote,11,2
1,vote,12,2
1,vote,13,2
1,vote,14,2
1,vote,15,2
1,execute,2,WEREWOLF
1,divine,9,10,WEREWOLF
1,whisper,0,0,12,ATTACK Agent[09]
1,whisper,1,0,10,ATTACK Agent[09]
1,whisper,2,1,12,Skip
1,whisper,3,1,10,Skip
1,whisper,4,2,12,Skip
1,whisper,5,2,10,Skip
1,whisper,6,3,12,Over
1,whisper,7,3,10,Over
1,guard,4,9,SEER
1,attackVote,10,9
1,attackVote,12,9
1,attack,9,false
2,status,1,VILLAGER,ALIVE,TOKU2
2,status,2,WEREWOLF,DEAD,sample_py
2,status,3,VILLAGER,ALIVE,SampleJava11
2,status,4,BODYGUARD,ALIVE,SampleJava10
2,status,5,MEDIUM,ALIVE,Takeda6
2,status,6,VILLAGER,ALIVE,HALU
2,status,7,VILLAGER,ALIVE,Takeda5
2,status,8,VILLAGER,ALIVE,Tomato0
2,status,9,SEER,ALIVE,Takeda1
2,status,10,WEREWOLF,ALIVE,OKAMI
2,status,11,POSSESSED,ALIVE,Tomato8
2,status,12,WEREWOLF,ALIVE,Tomato13
2,status,13,VILLAGER,ALIVE,OKAMI
2,status,14,VILLAGER,ALIVE,TOKU3
2,status,15,VILLAGER,ALIVE,HALU
2,talk,0,0,14,VOTE Agent[10]
2,talk,1,0,13,VOTE Agent[10]
2,talk,2,0,4,VOTE Agent[11]
2,talk,3,0,15,VOTE Agent[13]
2,talk,4,0,11,DIVINED Agent[13] WEREWOLF
2,talk,5,0,10,VOTE Agent[15]
2,talk,6,0,8,VOTE Agent[10]
2,talk,7,0,12,VOTE Agent[10]
2,talk,8,0,7,VOTE Agent[10]
2,talk,9,0,5,IDENTIFIED Agent[02] WEREWOLF
2,talk,10,0,6,VOTE Agent[13]
2,talk,11,0,9,DIVINED Agent[10] WEREWOLF
2,talk,12,0,1,VOTE Agent[10]
2,talk,13,0,3,VOTE Agent[07]
2,talk,14,1,8,Skip
2,talk,15,1,15,VOTE Agent[10]
2,talk,16,1,14,Skip
2,talk,17,1,9,VOTE Agent[10]
2,talk,18,1,12,Skip
2,talk,19,1,7,Skip
2,talk,20,1,5,Skip
2,talk,21,1,3,REQUEST ANY (VOTE Agent[07])
2,talk,22,1,1,Skip
2,talk,23,1,4,REQUEST ANY (VOTE Agent[11])
2,talk,24,1,13,COMINGOUT Agent[13] VILLAGER
2,talk,25,1,11,VOTE Agent[10]
2,talk,26,1,6,VOTE Agent[10]
2,talk,27,1,10,VOTE Agent[07]
2,talk,28,2,3,Skip
2,talk,29,2,13,VOTE Agent[10]
2,talk,30,2,5,Skip
2,talk,31,2,1,Skip
2,talk,32,2,6,VOTE Agent[10]
2,talk,33,2,9,VOTE Agent[10]
2,talk,34,2,12,Skip
2,talk,35,2,14,Skip
2,talk,36,2,11,Skip
2,talk,37,2,4,Skip
2,talk,38,2,15,VOTE Agent[10]
2,talk,39,2,7,Skip
2,talk,40,2,8,Skip
2,talk,41,2,10,VOTE Agent[07]
2,talk,42,3,4,Skip
2,talk,43,3,8,Over
2,talk,44,3,3,Skip
2,talk,45,3,13,VOTE Agent[10]
2,talk,46,3,5,Over
2,talk,47,3,6,VOTE Agent[10]
2,talk,48,3,11,Skip
2,talk,49,3,7,Over
2,talk,50,3,9,VOTE Agent[10]
2,talk,51,3,14,Over
2,talk,52,3,15,VOTE Agent[10]
2,talk,53,3,12,Over
2,talk,54,3,10,VOTE Agent[07]
2,talk,55,3,1,Over
2,talk,56,4,6,VOTE Agent[10]
2,talk,57,4,7,Over
2,talk,58,4,5,Over
2,talk,59,4,3,Over
2,talk,60,4,15,VOTE Agent[10]
2,talk,61,4,9,VOTE Agent[10]
2,talk,62,4,11,Over
2,talk,63,4,12,Over
2,talk,64,4,14,Over
2,talk,65,4,10,VOTE Agent[07]
2,talk,66,4,8,Over
2,talk,67,4,1,Over
2,talk,68,4,13,VOTE Agent[10]
2,talk,69,4,4,Over
2,talk,70,5,13,VOTE Agent[10]
2,talk,71,5,10,VOTE Agent[07]
2,talk,72,5,3,Over
2,talk,73,5,7,Over
2,talk,74,5,1,Over
2,talk,75,5,14,Over
2,talk,76,5,11,Over
2,talk,77,5,4,Over
2,talk,78,5,6,VOTE Agent[10]
2,talk,79,5,8,Over
2,talk,80,5,9,VOTE Agent[10]
2,talk,81,5,15,VOTE Agent[10]
2,talk,82,5,5,Over
2,talk,83,5,12,Over
2,talk,84,6,3,Over
2,talk,85,6,15,VOTE Agent[10]
2,talk,86,6,11,Over
2,talk,87,6,13,VOTE Agent[10]
2,talk,88,6,9,VOTE Agent[10]
2,talk,89,6,8,Over
2,talk,90,6,10,VOTE Agent[07]
2,talk,91,6,5,Over
2,talk,92,6,7,Over
2,talk,93,6,14,Over
2,talk,94,6,12,Over
2,talk,95,6,1,Over
2,talk,96,6,4,Over
2,talk,97,6,6,VOTE Agent[10]
2,talk,98,7,9,VOTE Agent[10]
2,talk,99,7,13,VOTE Agent[10]
2,talk,100,7,3,Over
2,talk,101,7,4,Over
2,talk,102,7,1,Over
2,talk,103,7,10,VOTE Agent[07]
2,talk,104,7,8,Over
2,talk,105,7,5,Over
2,talk,106,7,15,VOTE Agent[10]
2,talk,107,7,12,Over
2,talk,108,7,6,VOTE Agent[10]
2,talk,109,7,14,Over
2,talk,110,7,7,Over
2,talk,111,7,11,Over
2,talk,112,8,12,Over
2,talk,113,8,1,Over
2,talk,114,8,8,Over
2,talk,115,8,9,VOTE Agent[10]
2,talk,116,8,14,Over
2,talk,117,8,13,VOTE Agent[10]
2,talk,118,8,11,Over
2,talk,119,8,15,VOTE Agent[10]
2,talk,120,8,4,Over
2,talk,121,8,10,VOTE Agent[07]
2,talk,122,8,5,Over
2,talk,123,8,3,Over
2,talk,124,8,7,Over
2,talk,125,8,6,VOTE Agent[10]
2,talk,126,9,7,Over
2,talk,127,9,3,Over
2,talk,128,9,1,Over
2,talk,129,9,13,Over
2,talk,130,9,10,Over
2,talk,131,9,8,Over
2,talk,132,9,12,Over
2,talk,133,9,15,Over
2,talk,134,9,5,Over
2,talk,135,9,14,Over
2,talk,136,9,6,Over
2,talk,137,9,4,Over
2,talk,138,9,9,VOTE Agent[10]
2,talk,139,9,11,Over
2,talk,140,10,11,Over
2,talk,141,10,8,Over
2,talk,142,10,7,Over
2,talk,143,10,13,Over
2,talk,144,10,12,Over
2,talk,145,10,1,Over
2,talk,146,10,9,Over
2,talk,147,10,10,Over
2,talk,148,10,15,Over
2,talk,149,10,5,Over
2,talk,150,10,6,Over
2,talk,151,10,3,Over
2,talk,152,10,14,Over
2,talk,153,10,4,Over
2,vote,1,10
2,vote,3,11
2,vote,4,7
2,vote,5,10
2,vote,6,10
2,vote,7,10
2,vote,8,10
2,vote,9,10
2,vote,10,7
2,vote,11,10
2,vote,12,10
2,vote,13,10
2,vote,14,10
2,vote,15,10
2,execute,10,WEREWOLF
2,divine,9,14,HUMAN
2,guard,4,9,SEER
2,attack,13,true
3,status,1,VILLAGER,ALIVE,TOKU2
3,status,2,WEREWOLF,DEAD,sample_py
3,status,3,VILLAGER,ALIVE,SampleJava11
3,status,4,BODYGUARD,ALIVE,SampleJava10
3,status,5,MEDIUM,ALIVE,Takeda6
3,status,6,VILLAGER,ALIVE,HALU
3,status,7,VILLAGER,ALIVE,Takeda5
3,status,8,VILLAGER,ALIVE,Tomato0
3,status,9,SEER,ALIVE,Takeda1
3,status,10,WEREWOLF,DEAD,OKAMI
3,status,11,POSSESSED,ALIVE,Tomato8
3,status,12,WEREWOLF,ALIVE,Tomato13
3,status,13,VILLAGER,DEAD,OKAMI
3,status,14,VILLAGER,ALIVE,TOKU3
3,status,15,VILLAGER,ALIVE,HALU
3,talk,0,0,6,VOTE Agent[01]
3,talk,1,0,15,VOTE Agent[06]
3,talk,2,0,1,VOTE Agent[14]
3,talk,3,0,9,DIVINED Agent[14] HUMAN
3,talk,4,0,7,VOTE Agent[14]
3,talk,5,0,14,VOTE Agent[15]
3,talk,6,0,8,VOTE Agent[11]
3,talk,7,0,5,IDENTIFIED Agent[10] WEREWOLF
3,talk,8,0,12,VOTE Agent[14]
3,talk,9,0,3,BECAUSE (AND (ANY ATTACKED Agent[13]) (DAY 2 (Agent[11] DIVINED Agent[13] WEREWOLF))) (XOR (ESTIMATE Agent[11] WEREWOLF) (ESTIMATE Agent[11] POSSESSED))
3,talk,10,0,4,BECAUSE (AND (ANY ATTACKED Agent[13]) (DAY 2 (Agent[11] DIVINED Agent[13] WEREWOLF))) (XOR (ESTIMATE Agent[11] WEREWOLF) (ESTIMATE Agent[11] POSSESSED))
3,talk,11,0,11,DIVINED Agent[06] HUMAN
3,talk,12,1,1,VOTE Agent[04]
3,talk,13,1,3,BECAUSE (XOR (ESTIMATE Agent[11] WEREWOLF) (ESTIMATE Agent[11] POSSESSED)) (AND (VOTE Agent[11]) (REQUEST ANY (VOTE Agent[11])))
3,talk,14,1,12,Skip
3,talk,15,1,4,BECAUSE (XOR (ESTIMATE Agent[11] WEREWOLF) (ESTIMATE Agent[11] POSSESSED)) (AND (VOTE Agent[11]) (REQUEST ANY (VOTE Agent[11])))
3,talk,16,1,6,VOTE Agent[04]
3,talk,17,1,11,VOTE Agent[14]
3,talk,18,1,8,Skip
3,talk,19,1,5,VOTE Agent[04]
3,talk,20,1,7,VOTE Agent[04]
3,talk,21,1,15,VOTE Agent[07]
3,talk,22,1,9,VOTE Agent[04]
3,talk,23,1,14,VOTE Agent[04]
3,talk,24,2,9,VOTE Agent[04]
3,talk,25,2,6,VOTE Agent[15]
3,talk,26,2,7,Skip
3,talk,27,2,4,VOTE Agent[11]
3,talk,28,2,1,Skip
3,talk,29,2,15,VOTE Agent[06]
3,talk,30,2,14,Skip
3,talk,31,2,5,Skip
3,talk,32,2,8,Skip
3,talk,33,2,3,VOTE Agent[11]
3,talk,34,2,11,VOTE Agent[04]
3,talk,35,2,12,VOTE Agent[04]
3,talk,36,3,3,REQUEST ANY (VOTE Agent[11])
3,talk,37,3,8,Over
3,talk,38,3,4,REQUEST ANY (VOTE Agent[11])
3,talk,39,3,1,Skip
3,talk,40,3,11,Skip
3,talk,41,3,12,Skip
3,talk,42,3,14,Skip
3,talk,43,3,15,VOTE Agent[12]
3,talk,44,3,5,Skip
3,talk,45,3,9,VOTE Agent[04]
3,talk,46,3,6,VOTE Agent[04]
3,talk,47,3,7,Skip
3,talk,48,4,3,Skip
3,talk,49,4,1,Over
3,talk,50,4,5,Over
3,talk,51,4,6,VOTE Agent[04]
3,talk,52,4,11,Skip
3,talk,53,4,7,Over
3,talk,54,4,4,Skip
3,talk,55,4,14,Over
3,talk,56,4,8,Over
3,talk,57,4,12,Skip
3,talk,58,4,9,VOTE Agent[04]
3,talk,59,4,15,VOTE Agent[06]
3,talk,60,5,9,VOTE Agent[04]
3,talk,61,5,11,Over
3,talk,62,5,8,Over
3,talk,63,5,1,Over
3,talk,64,5,15,VOTE Agent[06]
3,talk,65,5,7,Over
3,talk,66,5,4,Skip
3,talk,67,5,5,Over
3,talk,68,5,14,Over
3,talk,69,5,3,Skip
3,talk,70,5,6,VOTE Agent[04]
3,talk,71,5,12,Over
3,talk,72,6,5,Over
3,talk,73,6,11,Over
3,talk,74,6,6,VOTE Agent[04]
3,talk,75,6,14,Over
3,talk,76,6,3,Over
3,talk,77,6,8,Over
3,talk,78,6,9,VOTE Agent[04]
3,talk,79,6,12,Over
3,talk,80,6,4,Over
3,talk,81,6,1,Over
3,talk,82,6,15,VOTE Agent[04]
3,talk,83,6,7,Over
3,talk,84,7,8,Over
3,talk,85,7,7,Over
3,talk,86,7,14,Over
3,talk,87,7,6,VOTE Agent[04]
3,talk,88,7,1,Over
3,talk,89,7,12,Over
3,talk,90,7,3,Over
3,talk,91,7,9,VOTE Agent[04]
3,talk,92,7,5,Over
3,talk,93,7,15,VOTE Agent[04]
3,talk,94,7,11,Over
3,talk,95,7,4,Over
3,talk,96,8,1,Over
3,talk,97,8,9,VOTE Agent[04]
3,talk,98,8,14,Over
3,talk,99,8,12,Over
3,talk,100,8,8,Over
3,talk,101,8,7,Over
3,talk,102,8,6,VOTE Agent[04]
3,talk,103,8,4,Over
3,talk,104,8,15,VOTE Agent[04]
3,talk,105,8,3,Over
3,talk,106,8,5,Over
3,talk,107,8,11,Over
3,talk,108,9,14,Over
3,talk,109,9,12,Over
3,talk,110,9,11,Over
3,talk,111,9,7,Over
3,talk,112,9,6,Over
3,talk,113,9,8,Over
3,talk,114,9,3,Over
3,talk,115,9,1,Over
3,talk,116,9,4,Over
3,talk,117,9,5,Over
3,talk,118,9,9,VOTE Agent[04]
3,talk,119,9,15,Over
3,talk,120,10,6,Over
3,talk,121,10,5,Over
3,talk,122,10,15,Over
3,talk,123,10,7,Over
3,talk,124,10,11,Over
3,talk,125,10,9,Over
3,talk,126,10,14,Over
3,talk,127,10,1,Over
3,talk,128,10,4,Over
3,talk,129,10,12,Over
3,talk,130,10,3,Over
3,talk,131,10,8,Over
3,vote,1,4
3,vote,3,11
3,vote,4,11
3,vote,5,4
3,vote,6,4
3,vote,7,4
3,vote,8,11
3,vote,9,4
3,vote,11,4
3,vote,12,4
3,vote,14,4
3,vote,15,6
3,execute,4,BODYGUARD
3,divine,9,1,HUMAN
3,attack,15,true
4,status,1,VILLAGER,ALIVE,TOKU2
4,status,2,WEREWOLF,DEAD,sample_py
4,status,3,VILLAGER,ALIVE,SampleJava11
4,status,4,BODYGUARD,DEAD,SampleJava10
4,status,5,MEDIUM,ALIVE,Takeda6
4,status,6,VILLAGER,ALIVE,HALU
4,status,7,VILLAGER,ALIVE,Takeda5
4,status,8,VILLAGER,ALIVE,Tomato0
4,status,9,SEER,ALIVE,Takeda1
4,status,10,WEREWOLF,DEAD,OKAMI
4,status,11,POSSESSED,ALIVE,Tomato8
4,status,12,WEREWOLF,ALIVE,Tomato13
4,status,13,VILLAGER,DEAD,OKAMI
4,status,14,VILLAGER,ALIVE,TOKU3
4,status,15,VILLAGER,DEAD,HALU
4,talk,0,0,9,DIVINED Agent[01] HUMAN
4,talk,1,0,1,VOTE Agent[03]
4,talk,2,0,6,VOTE Agent[08]
4,talk,3,0,3,BECAUSE (AND (ANY ATTACKED Agent[13]) (DAY 2 (Agent[11] DIVINED Agent[13] WEREWOLF))) (XOR (ESTIMATE Agent[11] WEREWOLF) (ESTIMATE Agent[11] POSSESSED))
4,talk,4,0,8,VOTE Agent[11]
4,talk,5,0,5,IDENTIFIED Agent[04] HUMAN
4,talk,6,0,11,DIVINED Agent[14] HUMAN
4,talk,7,0,12,VOTE Agent[03]
4,talk,8,0,7,VOTE Agent[01]
4,talk,9,0,14,VOTE Agent[01]
4,talk,10,1,11,VOTE Agent[03]
4,talk,11,1,12,Skip
4,talk,12,1,6,VOTE Agent[08]
4,talk,13,1,8,Skip
4,talk,14,1,3,BECAUSE (XOR (ESTIMATE Agent[11] WEREWOLF) (ESTIMATE Agent[11] POSSESSED)) (AND (VOTE Agent[11]) (REQUEST ANY (VOTE Agent[11])))
4,talk,15,1,14,VOTE Agent[03]
4,talk,16,1,5,VOTE Agent[03]
4,talk,17,1,9,VOTE Agent[03]
4,talk,18,1,7,VOTE Agent[03]
4,talk,19,1,1,Skip
4,talk,20,2,8,Skip
4,talk,21,2,1,Skip
4,talk,22,2,7,Skip
4,talk,23,2,5,Skip
4,talk,24,2,6,VOTE Agent[07]
4,talk,25,2,14,Skip
4,talk,26,2,9,VOTE Agent[03]
4,talk,27,2,12,Skip
4,talk,28,2,11,Skip
4,talk,29,2,3,VOTE Agent[11]
4,talk,30,3,14,Skip
4,talk,31,3,6,VOTE Agent[03]
4,talk,32,3,12,Over
4,talk,33,3,1,Over
4,talk,34,3,5,Skip
4,talk,35,3,11,Skip
4,talk,36,3,8,Over
4,talk,37,3,9,VOTE Agent[03]
4,talk,38,3,3,REQUEST ANY (VOTE Agent[11])
4,talk,39,3,7,Skip
4,talk,40,4,7,Over
4,talk,41,4,3,Skip
4,talk,42,4,6,VOTE Agent[03]
4,talk,43,4,11,Over
4,talk,44,4,9,VOTE Agent[03]
4,talk,45,4,5,Over
4,talk,46,4,12,Over
4,talk,47,4,8,Over
4,talk,48,4,1,Over
4,talk,49,4,14,Over
4,talk,50,5,5,Over
4,talk,51,5,3,Skip
4,talk,52,5,12,Over
4,talk,53,5,9,VOTE Agent[03]
4,talk,54,5,1,Over
4,talk,55,5,7,Over
4,talk,56,5,8,Over
4,talk,57,5,6,VOTE Agent[03]
4,talk,58,5,11,Over
4,talk,59,5,14,Over
4,talk,60,6,7,Over
4,talk,61,6,5,Over
4,talk,62,6,6,VOTE Agent[03]
4,talk,63,6,8,Over
4,talk,64,6,3,Over
4,talk,65,6,1,Over
4,talk,66,6,14,Over
4,talk,67,6,9,VOTE Agent[03]
4,talk,68,6,11,Over
4,talk,69,6,12,Over
4,talk,70,7,9,VOTE Agent[03]
4,talk,71,7,1,Over
4,talk,72,7,11,Over
4,talk,73,7,14,Over
4,talk,74,7,5,Over
4,talk,75,7,3,Over
4,talk,76,7,6,VOTE Agent[03]
4,talk,77,7,12,Over
4,talk,78,7,7,Over
4,talk,79,7,8,Over
4,talk,80,8,11,Over
4,talk,81,8,5,Over
4,talk,82,8,3,Over
4,talk,83,8,6,VOTE Agent[03]
4,talk,84,8,8,Over
4,talk,85,8,14,Over
4,talk,86,8,1,Over
4,talk,87,8,9,VOTE Agent[03]
4,talk,88,8,12,Over
4,talk,89,8,7,Over
4,talk,90,9,6,Over
4,talk,91,9,3,Over
4,talk,92,9,12,Over
4,talk,93,9,8,Over
4,talk,94,9,14,Over
4,talk,95,9,11,Over
4,talk,96,9,9,VOTE Agent[03]
4,talk,97,9,5,Over
4,talk,98,9,7,Over
4,talk,99,9,1,Over
4,talk,100,10,3,Over
4,talk,101,10,7,Over
4,talk,102,10,9,Over
4,talk,103,10,1,Over
4,talk,104,10,6,Over
4,talk,105,10,12,Over
4,talk,106,10,5,Over
4,talk,107,10,14,Over
4,talk,108,10,11,Over
4,talk,109,10,8,Over
4,vote,1,3
4,vote,3,11
4,vote,5,3
4,vote,6,3
4,vote,7,3
4,vote,8,11
4,vote,9,3
4,vote,11,3
4,vote,12,3
4,vote,14,3
4,execute,3,VILLAGER
4,divine,9,7,HUMAN
4,attack,9,true
5,status,1,VILLAGER,ALIVE,TOKU2
5,status,2,WEREWOLF,DEAD,sample_py
5,status,3,VILLAGER,DEAD,SampleJava11
5,status,4,BODYGUARD,DEAD,SampleJava10
5,status,5,MEDIUM,ALIVE,Takeda6
5,status,6,VILLAGER,ALIVE,HALU
5,status,7,VILLAGER,ALIVE,Takeda5
5,status,8,VILLAGER,ALIVE,Tomato0
5,status,9,SEER,DEAD,Takeda1
5,status,10,WEREWOLF,DEAD,OKAMI
5,status,11,POSSESSED,ALIVE,Tomato8
5,status,12,WEREWOLF,ALIVE,Tomato13
5,status,13,VILLAGER,DEAD,OKAMI
5,status,14,VILLAGER,ALIVE,TOKU3
5,status,15,VILLAGER,DEAD,HALU
5,talk,0,0,1,VOTE Agent[07]
5,talk,1,0,5,IDENTIFIED Agent[03] HUMAN
5,talk,2,0,6,VOTE Agent[12]
5,talk,3,0,12,VOTE Agent[07]
5,talk,4,0,11,DIVINED Agent[07] HUMAN
5,talk,5,0,7,VOTE Agent[12]
5,talk,6,0,8,VOTE Agent[11]
5,talk,7,0,14,VOTE Agent[07]
5,talk,8,1,14,Skip
5,talk,9,1,6,VOTE Agent[07]
5,talk,10,1,11,VOTE Agent[07]
5,talk,11,1,5,VOTE Agent[07]
5,talk,12,1,8,Skip
5,talk,13,1,12,Skip
5,talk,14,1,1,Skip
5,talk,15,1,7,VOTE Agent[12]
5,talk,16,2,7,VOTE Agent[08]
5,talk,17,2,14,Skip
5,talk,18,2,6,VOTE Agent[08]
5,talk,19,2,12,Skip
5,talk,20,2,11,Skip
5,talk,21,2,1,Skip
5,talk,22,2,8,Skip
5,talk,23,2,5,Skip
5,talk,24,3,1,Over
5,talk,25,3,8,Over
5,talk,26,3,14,Over
5,talk,27,3,5,Skip
5,talk,28,3,12,Over
5,talk,29,3,7,VOTE Agent[08]
5,talk,30,3,6,VOTE Agent[08]
5,talk,31,3,11,Skip
5,talk,32,4,6,VOTE Agent[07]
5,talk,33,4,12,Over
5,talk,34,4,5,Over
5,talk,35,4,7,VOTE Agent[08]
5,talk,36,4,8,Over
5,talk,37,4,14,Over
5,talk,38,4,11,Over
5,talk,39,4,1,Over
5,talk,40,5,7,VOTE Agent[08]
5,talk,41,5,11,Over
5,talk,42,5,12,Over
5,talk,43,5,14,Over
5,talk,44,5,1,Over
5,talk,45,5,5,Over
5,talk,46,5,6,VOTE Agent[08]
5,talk,47,5,8,Over
5,talk,48,6,12,Over
5,talk,49,6,14,Over
5,talk,50,6,8,Over
5,talk,51,6,7,VOTE Agent[08]
5,talk,52,6,1,Over
5,talk,53,6,5,Over
5,talk,54,6,6,VOTE Agent[08]
5,talk,55,6,11,Over
5,talk,56,7,1,Over
5,talk,57,7,12,Over
5,talk,58,7,8,Over
5,talk,59,7,11,Over
5,talk,60,7,7,VOTE Agent[08]
5,talk,61,7,6,VOTE Agent[08]
5,talk,62,7,5,Over
5,talk,63,7,14,Over
5,talk,64,8,5,Over
5,talk,65,8,11,Over
5,talk,66,8,14,Over
5,talk,67,8,6,VOTE Agent[07]
5,talk,68,8,12,Over
5,talk,69,8,7,VOTE Agent[08]
5,talk,70,8,8,Over
5,talk,71,8,1,Over
5,talk,72,9,1,Over
5,talk,73,9,14,Over
5,talk,74,9,6,Over
5,talk,75,9,8,Over
5,talk,76,9,5,Over
5,talk,77,9,7,VOTE Agent[08]
5,talk,78,9,12,Over
5,talk,79,9,11,Over
5,talk,80,10,5,Over
5,talk,81,10,14,Over
5,talk,82,10,6,Over
5,talk,83,10,11,Over
5,talk,84,10,8,Over
5,talk,85,10,7,Over
5,talk,86,10,1,Over
5,talk,87,10,12,Over
5,vote,1,7
5,vote,5,7
5,vote,6,8
5,vote,7,8
5,vote,8,11
5,vote,11,7
5,vote,12,7
5,vote,14,7
5,execute,7,VILLAGER
5,attack,11,true
6,status,1,VILLAGER,ALIVE,TOKU2
6,status,2,WEREWOLF,DEAD,sample_py
6,status,3,VILLAGER,DEAD,SampleJava11
6,status,4,BODYGUARD,DEAD,SampleJava10
6,status,5,MEDIUM,ALIVE,Takeda6
6,status,6,VILLAGER,ALIVE,HALU
6,status,7,VILLAGER,DEAD,Takeda5
6,status,8,VILLAGER,ALIVE,Tomato0
6,status,9,SEER,DEAD,Takeda1
6,status,10,WEREWOLF,DEAD,OKAMI
6,status,11,POSSESSED,DEAD,Tomato8
6,status,12,WEREWOLF,ALIVE,Tomato13
6,status,13,VILLAGER,DEAD,OKAMI
6,status,14,VILLAGER,ALIVE,TOKU3
6,status,15,VILLAGER,DEAD,HALU
6,talk,0,0,5,IDENTIFIED Agent[07] HUMAN
6,talk,1,0,1,VOTE Agent[08]
6,talk,2,0,14,VOTE Agent[08]
6,talk,3,0,6,VOTE Agent[14]
6,talk,4,0,12,VOTE Agent[08]
6,talk,5,0,8,VOTE Agent[12]
6,talk,6,1,6,VOTE Agent[12]
6,talk,7,1,14,VOTE Agent[12]
6,talk,8,1,5,VOTE Agent[12]
6,talk,9,1,12,VOTE Agent[14]
6,talk,10,1,1,VOTE Agent[12]
6,talk,11,1,8,Skip
6,talk,12,2,8,Skip
6,talk,13,2,14,Skip
6,talk,14,2,1,Skip
6,talk,15,2,5,Skip
6,talk,16,2,6,VOTE Agent[01]
6,talk,17,2,12,Skip
6,talk,18,3,6,VOTE Agent[01]
6,talk,19,3,8,Over
6,talk,20,3,12,VOTE Agent[01]
6,talk,21,3,1,Skip
6,talk,22,3,5,Skip
6,talk,23,3,14,Skip
6,talk,24,4,1,Over
6,talk,25,4,6,VOTE Agent[01]
6,talk,26,4,5,Over
6,talk,27,4,14,Over
6,talk,28,4,8,Over
6,talk,29,4,12,Skip
6,talk,30,5,6,VOTE Agent[01]
6,talk,31,5,8,Over
6,talk,32,5,5,Over
6,talk,33,5,14,Over
6,talk,34,5,1,Over
6,talk,35,5,12,Skip
6,talk,36,6,14,Over
6,talk,37,6,12,Over
6,talk,38,6,5,Over
6,talk,39,6,1,Over
6,talk,40,6,8,Over
6,talk,41,6,6,VOTE Agent[01]
6,talk,42,7,6,VOTE Agent[01]
6,talk,43,7,14,Over
6,talk,44,7,1,Over
6,talk,45,7,12,Over
6,talk,46,7,8,Over
6,talk,47,7,5,Over
6,talk,48,8,1,Over
6,talk,49,8,6,VOTE Agent[01]
6,talk,50,8,8,Over
6,talk,51,8,12,Over
6,talk,52,8,5,Over
6,talk,53,8,14,Over
6,talk,54,9,1,Over
6,talk,55,9,8,Over
6,talk,56,9,12,Over
6,talk,57,9,6,Over
6,talk,58,9,5,Over
6,talk,59,9,14,Over
6,vote,1,12
6,vote,5,12
6,vote,6,1
6,vote,8,12
6,vote,12,1
6,vote,14,12
6,execute,12,WEREWOLF
7,status,1,VILLAGER,ALIVE,TOKU2
7,status,2,WEREWOLF,DEAD,sample_py
7,status,3,VILLAGER,DEAD,SampleJava11
7,status,4,BODYGUARD,DEAD,SampleJava10
7,status,5,MEDIUM,ALIVE,Takeda6
7,status,6,VILLAGER,ALIVE,HALU
7,status,7,VILLAGER,DEAD,Takeda5
7,status,8,VILLAGER,ALIVE,Tomato0
7,status,9,SEER,DEAD,Takeda1
7,status,10,WEREWOLF,DEAD,OKAMI
7,status,11,POSSESSED,DEAD,Tomato8
7,status,12,WEREWOLF,DEAD,Tomato13
7,status,13,VILLAGER,DEAD,OKAMI
7,status,14,VILLAGER,ALIVE,TOKU3
7,status,15,VILLAGER,DEAD,HALU
7,result,5,0,VILLAGER
