0,status,1,VILLAGER,ALIVE,sample_py
0,status,2,VILLAGER,ALIVE,TOKU10
0,status,3,VILLAGER,ALIVE,Tomato2
0,status,4,POSSESSED,ALIVE,Takeda0
0,status,5,BODYGUARD,ALIVE,TOKU14
0,status,6,WEREWOLF,ALIVE,TOKU12
0,status,7,VILLAGER,ALIVE,Tomato9
0,status,8,WEREWOLF,ALIVE,SampleJava3
0,status,9,VILLAGER,ALIVE,Takeda4
0,status,10,VILLAGER,ALIVE,sample_py
0,status,11,MEDIUM,ALIVE,TOKU1
0,status,12,VILLAGER,ALIVE,Tomato5
0,status,13,WEREWOLF,ALIVE,HALU
0,status,14,VILLAGER,ALIVE,Tomato6
0,status,15,SEER,ALIVE,HALU
0,whisper,0,0,8,COMINGOUT Agent[08] VILLAGER
0,whisper,1,0,13,COMINGOUT Agent[13] MEDIUM
0,whisper,2,0,6,Skip
0,whisper,3,1,8,Skip
0,whisper,4,1,13,Skip
0,whisper,5,1,6,Skip
0,whisper,6,2,6,Over
0,whisper,7,2,8,Skip
0,whisper,8,2,13,Skip
0,whisper,9,3,6,Over
0,whisper,10,3,13,Over
0,whisper,11,3,8,Over
0,divine,15,14,HUMAN
1,status,1,VILLAGER,ALIVE,sample_py
1,status,2,VILLAGER,ALIVE,TOKU10
1,status,3,VILLAGER,ALIVE,Tomato2
1,status,4,POSSESSED,ALIVE,Takeda0
1,status,5,BODYGUARD,ALIVE,TOKU14
1,status,6,WEREWOLF,ALIVE,TOKU12
1,status,7,VILLAGER,ALIVE,Tomato9
1,status,8,WEREWOLF,ALIVE,SampleJava3
1,status,9,VILLAGER,ALIVE,Takeda4
1,status,10,VILLAGER,ALIVE,sample_py
1,status,11,MEDIUM,ALIVE,TOKU1
1,status,12,VILLAGER,ALIVE,Tomato5
1,status,13,WEREWOLF,ALIVE,HALU
1,status,14,VILLAGER,ALIVE,Tomato6
1,status,15,SEER,ALIVE,HALU
1,talk,0,0,14,VOTE Agent[06]
1,talk,1,0,10,VOTE Agent[11]
1,talk,2,0,7,VOTE Agent[11]
1,talk,3,0,5,VOTE Agent[11]
1,talk,4,0,12,VOTE Agent[11]
1,talk,5,0,11,COMINGOUT Agent[11] MEDIUM
1,talk,6,0,1,VOTE Agent[09]
1,talk,7,0,13,COMINGOUT Agent[13] MEDIUM
1,talk,8,0,4,COMINGOUT Agent[04] SEER
1,talk,9,0,8,VOTE Agent[11]
1,talk,10,0,6,VOTE Agent[10]
1,talk,11,0,3,VOTE Agent[11]
1,talk,12,0,9,VOTE Agent[11]
1,talk,13,0,2,VOTE Agent[11]
1,talk,14,0,15,COMINGOUT Agent[15] SEER
1,talk,15,1,12,Skip
1,talk,16,1,14,VOTE Agent[11]
1,talk,17,1,4,DIVINED Agent[07] WEREWOLF
1,talk,18,1,7,Skip
1,talk,19,1,10,VOTE Agent[07]
1,talk,20,1,2,Skip
1,talk,21,1,1,VOTE Agent[07]
1,talk,22,1,8,REQUEST ANY (VOTE Agent[11])
1,talk,23,1,13,VOTE Agent[11]
1,talk,24,1,5,VOTE Agent[13]
1,talk,25,1,6,VOTE Agent[11]
1,talk,26,1,3,Skip
1,talk,27,1,15,DIVINED Agent[14] HUMAN
1,talk,28,1,9,Skip
1,talk,29,1,11,VOTE Agent[13]
1,talk,30,2,2,VOTE Agent[13]
1,talk,31,2,13,VOTE Agent[11]
1,talk,32,2,10,Skip
1,talk,33,2,14,Skip
1,talk,34,2,15,VOTE Agent[07]
1,talk,35,2,6,Skip
1,talk,36,2,4,VOTE Agent[07]
1,talk,37,2,12,Skip
1,talk,38,2,9,VOTE Agent[13]
1,talk,39,2,5,Skip
1,talk,40,2,8,Skip
1,talk,41,2,1,Skip
1,talk,42,2,11,Skip
1,talk,43,2,7,Skip
1,talk,44,2,3,Skip
1,talk,45,3,2,Skip
1,talk,46,3,15,VOTE Agent[07]
1,talk,47,3,12,Over
1,talk,48,3,13,VOTE Agent[11]
1,talk,49,3,4,Skip
1,talk,50,3,6,VOTE Agent[02]
1,talk,51,3,3,Over
1,talk,52,3,11,Skip
1,talk,53,3,1,Skip
1,talk,54,3,7,Over
1,talk,55,3,10,Skip
1,talk,56,3,9,Skip
1,talk,57,3,5,Skip
1,talk,58,3,8,Skip
1,talk,59,3,14,Skip
1,talk,60,4,3,Over
1,talk,61,4,2,Skip
1,talk,62,4,15,VOTE Agent[07]
1,talk,63,4,10,Over
1,talk,64,4,5,Over
1,talk,65,4,1,Over
1,talk,66,4,6,Skip
1,talk,67,4,9,Skip
1,talk,68,4,4,Skip
1,talk,69,4,13,VOTE Agent[11]
1,talk,70,4,7,Over
1,talk,71,4,8,Over
1,talk,72,4,14,Over
1,talk,73,4,11,Over
1,talk,74,4,12,Over
1,talk,75,5,1,Over
1,talk,76,5,4,Over
1,talk,77,5,12,Over
1,talk,78,5,2,Over
1,talk,79,5,15,VOTE Agent[07]
1,talk,80,5,8,Over
1,talk,81,5,7,Over
1,talk,82,5,5,Over
1,talk,83,5,3,Over
1,talk,84,5,10,Over
1,talk,85,5,6,Skip
1,talk,86,5,9,Over
1,talk,87,5,14,Over
1,talk,88,5,11,Over
1,talk,89,5,13,VOTE Agent[11]
1,talk,90,6,5,Over
1,talk,91,6,13,VOTE Agent[11]
1,talk,92,6,9,Over
1,talk,93,6,10,Over
1,talk,94,6,14,Over
1,talk,95,6,3,Over
1,talk,96,6,2,Over
1,talk,97,6,8,Over
1,talk,98,6,6,Over
1,talk,99,6,12,Over
1,talk,100,6,7,Over
1,talk,101,6,11,Over
1,talk,102,6,1,Over
1,talk,103,6,4,Over
1,talk,104,6,15,VOTE Agent[07]
1,talk,105,7,7,Over
1,talk,106,7,15,VOTE Agent[07]
1,talk,107,7,5,Over
1,talk,108,7,1,Over
1,talk,109,7,13,VOTE Agent[11]
1,talk,110,7,9,Over
1,talk,111,7,3,Over
1,talk,112,7,4,Over
1,talk,113,7,6,Over
1,talk,114,7,14,Over
1,talk,115,7,11,Over
1,talk,116,7,8,Over
1,talk,117,7,10,Over
1,talk,118,7,12,Over
1,talk,119,7,2,Over
1,talk,120,8,11,Over
1,talk,121,8,13,VOTE Agent[11]
1,talk,122,8,15,VOTE Agent[07]
1,talk,123,8,4,Over
1,talk,124,8,12,Over
1,talk,125,8,10,Over
1,talk,126,8,8,Over
1,talk,127,8,3,Over
1,talk,128,8,6,Over
1,talk,129,8,5,Over
1,talk,130,8,9,Over
1,talk,131,8,2,Over
1,talk,132,8,1,Over
1,talk,133,8,7,Over
1,talk,134,8,14,Over
1,talk,135,9,13,Over
1,talk,136,9,15,Over
1,talk,137,9,5,Over
1,talk,138,9,4,Over
1,talk,139,9,12,Over
1,talk,140,9,6,Over
1,talk,141,9,8,Over
1,talk,142,9,3,Over
1,talk,143,9,2,Over
1,talk,144,9,1,Over
1,talk,145,9,11,Over
1,talk,146,9,7,Over
1,talk,147,9,10,Over
1,talk,148,9,9,Over
1,talk,149,9,14,Over
1,vote,1,7
1,vote,2,13
1,vote,3,11
1,vote,4,11
1,vote,5,13
1,vote,6,13
1,vote,7,11
1,vote,8,11
1,vote,9,13
1,vote,10,7
1,vote,11,13
1,vote,12,11
1,vote,13,11
1,vote,14,11
1,vote,15,7
1,execute,11,MEDIUM
1,divine,15,13,WEREWOLF
1,whisper,0,0,13,ATTACK Agent[15]
1,whisper,1,0,6,Skip
1,whisper,2,0,8,BECAUSE (AND (NOT (COMINGOUT Agent[04] WEREWOLF)) (NOT (COMINGOUT Agent[07] WEREWOLF)) (DAY 1 (Agent[04] DIVINED Agent[07] WEREWOLF))) (ESTIMATE Agent[04] POSSESSED)
1,whisper,3,1,8,BECAUSE (Agent[15] COMINGOUT Agent[15] SEER) (ATTACK Agent[15])
1,whisper,4,1,6,Skip
1,whisper,5,1,13,Skip
1,whisper,6,2,13,Skip
1,whisper,7,2,6,Over
1,whisper,8,2,8,ATTACK Agent[15]
1,whisper,9,3,13,Over
1,whisper,10,3,8,Skip
1,whisper,11,3,6,Over
1,whisper,12,4,8,Skip
1,whisper,13,4,13,Over
1,whisper,14,4,6,Over
1,whisper,15,5,13,Over
1,whisper,16,5,6,Over
1,whisper,17,5,8,Over
1,guard,5,15,SEER
1,attackVote,6,15
1,attackVote,8,15
1,attackVote,13,15
1,attack,15,false
2,status,1,VILLAGER,ALIVE,sample_py
2,status,2,VILLAGER,ALIVE,TOKU10
2,status,3,VILLAGER,ALIVE,Tomato2
2,status,4,POSSESSED,ALIVE,Takeda0
2,status,5,BODYGUARD,ALIVE,TOKU14
2,status,6,WEREWOLF,ALIVE,TOKU12
2,status,7,VILLAGER,ALIVE,Tomato9
2,status,8,WEREWOLF,ALIVE,SampleJava3
2,status,9,VILLAGER,ALIVE,Takeda4
2,status,10,VILLAGER,ALIVE,sample_py
2,status,11,MEDIUM,DEAD,TOKU1
2,status,12,VILLAGER,ALIVE,Tomato5
2,status,13,WEREWOLF,ALIVE,HALU
2,status,14,VILLAGER,ALIVE,Tomato6
2,status,15,SEER,ALIVE,HALU
2,talk,0,0,15,DIVINED Agent[13] WEREWOLF
2,talk,1,0,4,DIVINED Agent[02] HUMAN
2,talk,2,0,14,VOTE Agent[13]
2,talk,3,0,1,VOTE Agent[13]
2,talk,4,0,13,IDENTIFIED Agent[11] WEREWOLF
2,talk,5,0,5,VOTE Agent[13]
2,talk,6,0,6,VOTE Agent[02]
2,talk,7,0,12,VOTE Agent[13]
2,talk,8,0,8,VOTE Agent[11]
2,talk,9,0,3,VOTE Agent[13]
2,talk,10,0,10,VOTE Agent[13]
2,talk,11,0,2,VOTE Agent[13]
2,talk,12,0,9,VOTE Agent[13]
2,talk,13,0,7,VOTE Agent[13]
2,talk,14,1,5,VOTE Agent[02]
2,talk,15,1,6,VOTE Agent[13]
2,talk,16,1,7,Skip
2,talk,17,1,9,VOTE Agent[02]
2,talk,18,1,15,VOTE Agent[13]
2,talk,19,1,8,REQUEST ANY (VOTE Agent[11])
2,talk,20,1,13,VOTE Agent[07]
2,talk,21,1,1,Skip
2,talk,22,1,2,VOTE Agent[01]
2,talk,23,1,3,Skip
2,talk,24,1,10,Skip
2,talk,25,1,14,Skip
2,talk,26,1,12,Skip
2,talk,27,1,4,VOTE Agent[07]
2,talk,28,2,4,Skip
2,talk,29,2,13,VOTE Agent[07]
2,talk,30,2,6,Skip
2,talk,31,2,9,Skip
2,talk,32,2,12,Skip
2,talk,33,2,7,Skip
2,talk,34,2,2,VOTE Agent[09]
2,talk,35,2,3,Skip
2,talk,36,2,15,VOTE Agent[13]
2,talk,37,2,10,Skip
2,talk,38,2,8,Skip
2,talk,39,2,1,Skip
2,talk,40,2,14,Skip
2,talk,41,2,5,Skip
2,talk,42,3,12,Over
2,talk,43,3,5,Skip
2,talk,44,3,13,VOTE Agent[07]
2,talk,45,3,8,Skip
2,talk,46,3,2,Skip
2,talk,47,3,7,Over
2,talk,48,3,15,VOTE Agent[13]
2,talk,49,3,4,Skip
2,talk,50,3,10,Over
2,talk,51,3,1,Over
2,talk,52,3,14,Over
2,talk,53,3,3,Over
2,talk,54,3,9,Skip
2,talk,55,3,6,Skip
2,talk,56,4,8,Over
2,talk,57,4,3,Over
2,talk,58,4,2,Skip
2,talk,59,4,13,VOTE Agent[07]
2,talk,60,4,6,Over
2,talk,61,4,12,Over
2,talk,62,4,5,Over
2,talk,63,4,4,Over
2,talk,64,4,15,VOTE Agent[13]
2,talk,65,4,9,Over
2,talk,66,4,7,Over
2,talk,67,4,1,Over
2,talk,68,4,10,Over
2,talk,69,4,14,Over
2,talk,70,5,12,Over
2,talk,71,5,15,VOTE Agent[13]
2,talk,72,5,5,Over
2,talk,73,5,7,Over
2,talk,74,5,14,Over
2,talk,75,5,4,Over
2,talk,76,5,6,Over
2,talk,77,5,2,Over
2,talk,78,5,10,Over
2,talk,79,5,1,Over
2,talk,80,5,8,Over
2,talk,81,5,3,Over
2,talk,82,5,9,Over
2,talk,83,5,13,VOTE Agent[07]
2,talk,84,6,2,Over
2,talk,85,6,5,Over
2,talk,86,6,13,VOTE Agent[07]
2,talk,87,6,4,Over
2,talk,88,6,15,VOTE Agent[13]
2,talk,89,6,12,Over
2,talk,90,6,7,Over
2,talk,91,6,1,Over
2,talk,92,6,9,Over
2,talk,93,6,6,Over
2,talk,94,6,8,Over
2,talk,95,6,10,Over
2,talk,96,6,3,Over
2,talk,97,6,14,Over
2,talk,98,7,13,VOTE Agent[07]
2,talk,99,7,15,VOTE Agent[13]
2,talk,100,7,4,Over
2,talk,101,7,2,Over
2,talk,102,7,8,Over
2,talk,103,7,10,Over
2,talk,104,7,9,Over
2,talk,105,7,6,Over
2,talk,106,7,5,Over
2,talk,107,7,12,Over
2,talk,108,7,1,Over
2,talk,109,7,7,Over
2,talk,110,7,3,Over
2,talk,111,7,14,Over
2,talk,112,8,2,Over
2,talk,113,8,13,VOTE Agent[07]
2,talk,114,8,15,VOTE Agent[13]
2,talk,115,8,7,Over
2,talk,116,8,10,Over
2,talk,117,8,5,Over
2,talk,118,8,1,Over
2,talk,119,8,4,Over
2,talk,120,8,9,Over
2,talk,121,8,12,Over
2,talk,122,8,14,Over
2,talk,123,8,3,Over
2,talk,124,8,8,Over
2,talk,125,8,6,Over
2,talk,126,9,9,Over
2,talk,127,9,3,Over
2,talk,128,9,1,Over
2,talk,129,9,10,Over
2,talk,130,9,4,Over
2,talk,131,9,8,Over
2,talk,132,9,13,Over
2,talk,133,9,5,Over
2,talk,134,9,2,Over
2,talk,135,9,14,Over
2,talk,136,9,12,Over
2,talk,137,9,15,Over
2,talk,138,9,6,Over
2,talk,139,9,7,Over
2,vote,1,13
2,vote,2,13
2,vote,3,13
2,vote,4,9
2,vote,5,13
2,vote,6,13
2,vote,7,13
2,vote,8,6
2,vote,9,13
2,vote,10,13
2,vote,12,13
2,vote,13,7
2,vote,14,13
2,vote,15,13
2,execute,13,WEREWOLF
2,divine,15,7,HUMAN
2,whisper,0,0,8,BECAUSE (Agent[15] COMINGOUT Agent[15] SEER) (ATTACK Agent[15])
2,whisper,1,0,6,Skip
2,whisper,2,1,6,Skip
2,whisper,3,1,8,ATTACK Agent[15]
2,whisper,4,2,6,Over
2,whisper,5,2,8,Skip
2,whisper,6,3,6,Over
2,whisper,7,3,8,Skip
2,whisper,8,4,6,Over
2,whisper,9,4,8,Over
2,guard,5,15,SEER
2,attackVote,6,15
2,attackVote,8,15
2,attack,15,false
3,status,1,VILLAGER,ALIVE,sample_py
3,status,2,VILLAGER,ALIVE,TOKU10
3,status,3,VILLAGER,ALIVE,Tomato2
3,status,4,POSSESSED,ALIVE,Takeda0
3,status,5,BODYGUARD,ALIVE,TOKU14
3,status,6,WEREWOLF,ALIVE,TOKU12
3,status,7,VILLAGER,ALIVE,Tomato9
3,status,8,WEREWOLF,ALIVE,SampleJava3
3,status,9,VILLAGER,ALIVE,Takeda4
3,status,10,VILLAGER,ALIVE,sample_py
3,status,11,MEDIUM,DEAD,TOKU1
3,status,12,VILLAGER,ALIVE,Tomato5
3,status,13,WEREWOLF,DEAD,HALU
3,status,14,VILLAGER,ALIVE,Tomato6
3,status,15,SEER,ALIVE,HALU
3,talk,0,0,12,VOTE Agent[04]
3,talk,1,0,14,VOTE Agent[04]
3,talk,2,0,8,VOTE Agent[11]
3,talk,3,0,1,VOTE Agent[07]
3,talk,4,0,5,VOTE Agent[02]
3,talk,5,0,3,VOTE Agent[04]
3,talk,6,0,9,VOTE Agent[02]
3,talk,7,0,15,DIVINED Agent[07] HUMAN
3,talk,8,0,6,VOTE Agent[02]
3,talk,9,0,4,DIVINED Agent[12] WEREWOLF
3,talk,10,0,2,VOTE Agent[09]
3,talk,11,0,10,VOTE Agent[12]
3,talk,12,0,7,VOTE Agent[04]
3,talk,13,1,12,Skip
3,talk,14,1,2,Skip
3,talk,15,1,8,REQUEST ANY (VOTE Agent[11])
3,talk,16,1,9,Skip
3,talk,17,1,10,Skip
3,talk,18,1,7,Skip
3,talk,19,1,5,Skip
3,talk,20,1,14,Skip
3,talk,21,1,1,Skip
3,talk,22,1,6,Skip
3,talk,23,1,3,Skip
3,talk,24,1,4,VOTE Agent[07]
3,talk,25,1,15,VOTE Agent[02]
3,talk,26,2,8,Skip
3,talk,27,2,15,VOTE Agent[08]
3,talk,28,2,1,Skip
3,talk,29,2,9,Skip
3,talk,30,2,14,Skip
3,talk,31,2,2,Skip
3,talk,32,2,4,Skip
3,talk,33,2,12,Skip
3,talk,34,2,3,Skip
3,talk,35,2,10,Skip
3,talk,36,2,7,Skip
3,talk,37,2,5,Skip
3,talk,38,2,6,Skip
3,talk,39,3,15,VOTE Agent[08]
3,talk,40,3,5,Over
3,talk,41,3,12,Over
3,talk,42,3,3,Over
3,talk,43,3,4,Skip
3,talk,44,3,7,Over
3,talk,45,3,1,Over
3,talk,46,3,14,Over
3,talk,47,3,6,Over
3,talk,48,3,9,Over
3,talk,49,3,8,Skip
3,talk,50,3,2,Over
3,talk,51,3,10,Over
3,talk,52,4,12,Over
3,talk,53,4,4,Over
3,talk,54,4,14,Over
3,talk,55,4,9,Over
3,talk,56,4,7,Over
3,talk,57,4,8,Over
3,talk,58,4,15,VOTE Agent[02]
3,talk,59,4,2,Over
3,talk,60,4,6,Over
3,talk,61,4,10,Over
3,talk,62,4,3,Over
3,talk,63,4,1,Over
3,talk,64,4,5,Over
3,talk,65,5,7,Over
3,talk,66,5,12,Over
3,talk,67,5,10,Over
3,talk,68,5,6,Over
3,talk,69,5,2,Over
3,talk,70,5,4,Over
3,talk,71,5,5,Over
3,talk,72,5,1,Over
3,talk,73,5,14,Over
3,talk,74,5,3,Over
3,talk,75,5,15,VOTE Agent[08]
3,talk,76,5,9,Over
3,talk,77,5,8,Over
3,talk,78,6,3,Over
3,talk,79,6,6,Over
3,talk,80,6,14,Over
3,talk,81,6,12,Over
3,talk,82,6,8,Over
3,talk,83,6,4,Over
3,talk,84,6,2,Over
3,talk,85,6,1,Over
3,talk,86,6,5,Over
3,talk,87,6,15,VOTE Agent[10]
3,talk,88,6,10,Over
3,talk,89,6,7,Over
3,talk,90,6,9,Over
3,talk,91,7,10,Over
3,talk,92,7,14,Over
3,talk,93,7,3,Over
3,talk,94,7,5,Over
3,talk,95,7,4,Over
3,talk,96,7,7,Over
3,talk,97,7,9,Over
3,talk,98,7,6,Over
3,talk,99,7,12,Over
3,talk,100,7,8,Over
3,talk,101,7,2,Over
3,talk,102,7,1,Over
3,talk,103,7,15,VOTE Agent[10]
3,talk,104,8,4,Over
3,talk,105,8,9,Over
3,talk,106,8,3,Over
3,talk,107,8,12,Over
3,talk,108,8,2,Over
3,talk,109,8,10,Over
3,talk,110,8,14,Over
3,talk,111,8,6,Over
3,talk,112,8,5,Over
3,talk,113,8,7,Over
3,talk,114,8,15,VOTE Agent[02]
3,talk,115,8,8,Over
3,talk,116,8,1,Over
3,talk,117,9,5,Over
3,talk,118,9,15,Over
3,talk,119,9,9,Over
3,talk,120,9,3,Over
3,talk,121,9,4,Over
3,talk,122,9,1,Over
3,talk,123,9,2,Over
3,talk,124,9,7,Over
3,talk,125,9,14,Over
3,talk,126,9,10,Over
3,talk,127,9,12,Over
3,talk,128,9,6,Over
3,talk,129,9,8,Over
3,vote,1,7
3,vote,2,9
3,vote,3,4
3,vote,4,9
3,vote,5,2
3,vote,6,2
3,vote,7,4
3,vote,8,12
3,vote,9,2
3,vote,10,12
3,vote,12,4
3,vote,14,4
3,vote,15,2
3,vote,1,7
3,vote,2,9
3,vote,3,4
3,vote,4,9
3,vote,5,2
3,vote,6,2
3,vote,7,4
3,vote,8,2
3,vote,9,2
3,vote,10,12
3,vote,12,4
3,vote,14,4
3,vote,15,2
3,execute,2,VILLAGER
3,divine,15,12,HUMAN
3,whisper,0,0,8,BECAUSE (Agent[15] COMINGOUT Agent[15] SEER) (ATTACK Agent[15])
3,whisper,1,0,6,Skip
3,whisper,2,1,6,Skip
3,whisper,3,1,8,ATTACK Agent[15]
3,whisper,4,2,8,Skip
3,whisper,5,2,6,Over
3,whisper,6,3,6,Over
3,whisper,7,3,8,Skip
3,whisper,8,4,8,Over
3,whisper,9,4,6,Over
3,guard,5,15,SEER
3,attackVote,6,15
3,attackVote,8,15
3,attack,15,false
4,status,1,VILLAGER,ALIVE,sample_py
4,status,2,VILLAGER,DEAD,TOKU10
4,status,3,VILLAGER,ALIVE,Tomato2
4,status,4,POSSESSED,ALIVE,Takeda0
4,status,5,BODYGUARD,ALIVE,TOKU14
4,status,6,WEREWOLF,ALIVE,TOKU12
4,status,7,VILLAGER,ALIVE,Tomato9
4,status,8,WEREWOLF,ALIVE,SampleJava3
4,status,9,VILLAGER,ALIVE,Takeda4
4,status,10,VILLAGER,ALIVE,sample_py
4,status,11,MEDIUM,DEAD,TOKU1
4,status,12,VILLAGER,ALIVE,Tomato5
4,status,13,WEREWOLF,DEAD,HALU
4,status,14,VILLAGER,ALIVE,Tomato6
4,status,15,SEER,ALIVE,HALU
4,talk,0,0,7,VOTE Agent[04]
4,talk,1,0,14,VOTE Agent[04]
4,talk,2,0,6,VOTE Agent[09]
4,talk,3,0,4,DIVINED Agent[14] WEREWOLF
4,talk,4,0,9,VOTE Agent[08]
4,talk,5,0,8,VOTE Agent[11]
4,talk,6,0,1,VOTE Agent[07]
4,talk,7,0,3,VOTE Agent[04]
4,talk,8,0,15,DIVINED Agent[12] HUMAN
4,talk,9,0,10,VOTE Agent[14]
4,talk,10,0,5,VOTE Agent[09]
4,talk,11,0,12,VOTE Agent[04]
4,talk,12,1,10,Skip
4,talk,13,1,12,Skip
4,talk,14,1,5,Skip
4,talk,15,1,7,Skip
4,talk,16,1,14,Skip
4,talk,17,1,9,Skip
4,talk,18,1,3,Skip
4,talk,19,1,15,VOTE Agent[09]
4,talk,20,1,6,Skip
4,talk,21,1,8,REQUEST ANY (VOTE Agent[11])
4,talk,22,1,4,VOTE Agent[14]
4,talk,23,1,1,Skip
4,talk,24,2,10,Skip
4,talk,25,2,8,Skip
4,talk,26,2,14,Skip
4,talk,27,2,12,Skip
4,talk,28,2,9,Skip
4,talk,29,2,5,Skip
4,talk,30,2,15,VOTE Agent[09]
4,talk,31,2,3,Skip
4,talk,32,2,7,Skip
4,talk,33,2,1,Skip
4,talk,34,2,4,Skip
4,talk,35,2,6,Skip
4,talk,36,3,12,Over
4,talk,37,3,10,Over
4,talk,38,3,7,Over
4,talk,39,3,4,Skip
4,talk,40,3,3,Over
4,talk,41,3,1,Over
4,talk,42,3,9,Over
4,talk,43,3,8,Skip
4,talk,44,3,15,VOTE Agent[09]
4,talk,45,3,6,Over
4,talk,46,3,14,Over
4,talk,47,3,5,Over
4,talk,48,4,8,Over
4,talk,49,4,12,Over
4,talk,50,4,15,VOTE Agent[08]
4,talk,51,4,9,Over
4,talk,52,4,1,Over
4,talk,53,4,3,Over
4,talk,54,4,14,Over
4,talk,55,4,7,Over
4,talk,56,4,10,Over
4,talk,57,4,4,Over
4,talk,58,4,5,Over
4,talk,59,4,6,Over
4,talk,60,5,9,Over
4,talk,61,5,1,Over
4,talk,62,5,5,Over
4,talk,63,5,15,VOTE Agent[01]
4,talk,64,5,10,Over
4,talk,65,5,8,Over
4,talk,66,5,14,Over
4,talk,67,5,4,Over
4,talk,68,5,6,Over
4,talk,69,5,3,Over
4,talk,70,5,7,Over
4,talk,71,5,12,Over
4,talk,72,6,6,Over
4,talk,73,6,5,Over
4,talk,74,6,12,Over
4,talk,75,6,9,Over
4,talk,76,6,3,Over
4,talk,77,6,10,Over
4,talk,78,6,15,VOTE Agent[08]
4,talk,79,6,8,Over
4,talk,80,6,14,Over
4,talk,81,6,1,Over
4,talk,82,6,7,Over
4,talk,83,6,4,Over
4,talk,84,7,1,Over
4,talk,85,7,7,Over
4,talk,86,7,6,Over
4,talk,87,7,14,Over
4,talk,88,7,5,Over
4,talk,89,7,10,Over
4,talk,90,7,12,Over
4,talk,91,7,3,Over
4,talk,92,7,8,Over
4,talk,93,7,4,Over
4,talk,94,7,15,VOTE Agent[08]
4,talk,95,7,9,Over
4,talk,96,8,5,Over
4,talk,97,8,14,Over
4,talk,98,8,1,Over
4,talk,99,8,12,Over
4,talk,100,8,7,Over
4,talk,101,8,9,Over
4,talk,102,8,4,Over
4,talk,103,8,15,VOTE Agent[01]
4,talk,104,8,3,Over
4,talk,105,8,8,Over
4,talk,106,8,10,Over
4,talk,107,8,6,Over
4,talk,108,9,8,Over
4,talk,109,9,9,Over
4,talk,110,9,15,Over
4,talk,111,9,14,Over
4,talk,112,9,3,Over
4,talk,113,9,5,Over
4,talk,114,9,10,Over
4,talk,115,9,6,Over
4,talk,116,9,1,Over
4,talk,117,9,12,Over
4,talk,118,9,4,Over
4,talk,119,9,7,Over
4,vote,1,7
4,vote,3,4
4,vote,4,8
4,vote,5,9
4,vote,6,9
4,vote,7,4
4,vote,8,1
4,vote,9,8
4,vote,10,14
4,vote,12,4
4,vote,14,4
4,vote,15,1
4,execute,4,POSSESSED
4,divine,15,9,HUMAN
4,whisper,0,0,8,BECAUSE (Agent[15] COMINGOUT Agent[15] SEER) (ATTACK Agent[15])
4,whisper,1,0,6,Skip
4,whisper,2,1,6,Skip
4,whisper,3,1,8,ATTACK Agent[15]
4,whisper,4,2,6,Over
4,whisper,5,2,8,Skip
4,whisper,6,3,6,Over
4,whisper,7,3,8,Skip
4,whisper,8,4,8,Over
4,whisper,9,4,6,Over
4,guard,5,15,SEER
4,attackVote,6,15
4,attackVote,8,15
4,attack,15,false
5,status,1,VILLAGER,ALIVE,sample_py
5,status,2,VILLAGER,DEAD,TOKU10
5,status,3,VILLAGER,ALIVE,Tomato2
5,status,4,POSSESSED,DEAD,Takeda0
5,status,5,BODYGUARD,ALIVE,TOKU14
5,status,6,WEREWOLF,ALIVE,TOKU12
5,status,7,VILLAGER,ALIVE,Tomato9
5,status,8,WEREWOLF,ALIVE,SampleJava3
5,status,9,VILLAGER,ALIVE,Takeda4
5,status,10,VILLAGER,ALIVE,sample_py
5,status,11,MEDIUM,DEAD,TOKU1
5,status,12,VILLAGER,ALIVE,Tomato5
5,status,13,WEREWOLF,DEAD,HALU
5,status,14,VILLAGER,ALIVE,Tomato6
5,status,15,SEER,ALIVE,HALU
5,talk,0,0,14,VOTE Agent[03]
5,talk,1,0,5,VOTE Agent[09]
5,talk,2,0,3,VOTE Agent[07]
5,talk,3,0,15,DIVINED Agent[09] HUMAN
5,talk,4,0,10,VOTE Agent[12]
5,talk,5,0,8,VOTE Agent[11]
5,talk,6,0,9,VOTE Agent[08]
5,talk,7,0,6,VOTE Agent[09]
5,talk,8,0,7,VOTE Agent[03]
5,talk,9,0,12,VOTE Agent[03]
5,talk,10,0,1,VOTE Agent[14]
5,talk,11,1,5,VOTE Agent[01]
5,talk,12,1,14,Skip
5,talk,13,1,8,REQUEST ANY (VOTE Agent[11])
5,talk,14,1,9,Skip
5,talk,15,1,6,VOTE Agent[10]
5,talk,16,1,12,Skip
5,talk,17,1,15,VOTE Agent[10]
5,talk,18,1,1,Skip
5,talk,19,1,3,Skip
5,talk,20,1,10,Skip
5,talk,21,1,7,Skip
5,talk,22,2,9,VOTE Agent[01]
5,talk,23,2,3,Skip
5,talk,24,2,5,Skip
5,talk,25,2,7,Skip
5,talk,26,2,10,Skip
5,talk,27,2,12,Skip
5,talk,28,2,1,Skip
5,talk,29,2,6,Skip
5,talk,30,2,8,Skip
5,talk,31,2,15,VOTE Agent[03]
5,talk,32,2,14,Skip
5,talk,33,3,15,VOTE Agent[10]
5,talk,34,3,10,Over
5,talk,35,3,14,Over
5,talk,36,3,8,Skip
5,talk,37,3,3,Over
5,talk,38,3,6,Skip
5,talk,39,3,5,Skip
5,talk,40,3,9,VOTE Agent[08]
5,talk,41,3,7,Over
5,talk,42,3,12,Over
5,talk,43,3,1,Over
5,talk,44,4,3,Over
5,talk,45,4,5,Over
5,talk,46,4,12,Over
5,talk,47,4,10,Over
5,talk,48,4,9,Skip
5,talk,49,4,7,Over
5,talk,50,4,14,Over
5,talk,51,4,8,Over
5,talk,52,4,15,VOTE Agent[10]
5,talk,53,4,6,Over
5,talk,54,4,1,Over
5,talk,55,5,14,Over
5,talk,56,5,1,Over
5,talk,57,5,10,Over
5,talk,58,5,12,Over
5,talk,59,5,15,VOTE Agent[03]
5,talk,60,5,7,Over
5,talk,61,5,9,Skip
5,talk,62,5,3,Over
5,talk,63,5,5,Over
5,talk,64,5,6,Over
5,talk,65,5,8,Over
5,talk,66,6,9,Over
5,talk,67,6,12,Over
5,talk,68,6,5,Over
5,talk,69,6,6,Over
5,talk,70,6,1,Over
5,talk,71,6,8,Over
5,talk,72,6,14,Over
5,talk,73,6,10,Over
5,talk,74,6,7,Over
5,talk,75,6,15,VOTE Agent[08]
5,talk,76,6,3,Over
5,talk,77,7,8,Over
5,talk,78,7,10,Over
5,talk,79,7,9,Over
5,talk,80,7,14,Over
5,talk,81,7,5,Over
5,talk,82,7,15,VOTE Agent[10]
5,talk,83,7,7,Over
5,talk,84,7,12,Over
5,talk,85,7,1,Over
5,talk,86,7,3,Over
5,talk,87,7,6,Over
5,talk,88,8,10,Over
5,talk,89,8,8,Over
5,talk,90,8,1,Over
5,talk,91,8,3,Over
5,talk,92,8,6,Over
5,talk,93,8,5,Over
5,talk,94,8,12,Over
5,talk,95,8,14,Over
5,talk,96,8,9,Over
5,talk,97,8,15,VOTE Agent[06]
5,talk,98,8,7,Over
5,talk,99,9,9,Over
5,talk,100,9,12,Over
5,talk,101,9,7,Over
5,talk,102,9,14,Over
5,talk,103,9,5,Over
5,talk,104,9,1,Over
5,talk,105,9,15,Over
5,talk,106,9,3,Over
5,talk,107,9,6,Over
5,talk,108,9,10,Over
5,talk,109,9,8,Over
5,vote,1,14
5,vote,3,7
5,vote,5,1
5,vote,6,8
5,vote,7,3
5,vote,8,6
5,vote,9,8
5,vote,10,12
5,vote,12,3
5,vote,14,3
5,vote,15,1
5,execute,3,VILLAGER
5,divine,15,5,HUMAN
5,whisper,0,0,8,BECAUSE (Agent[15] COMINGOUT Agent[15] SEER) (ATTACK Agent[15])
5,whisper,1,0,6,Skip
5,whisper,2,1,8,ATTACK Agent[15]
5,whisper,3,1,6,Skip
5,whisper,4,2,8,Skip
5,whisper,5,2,6,Over
5,whisper,6,3,8,Skip
5,whisper,7,3,6,Over
5,whisper,8,4,6,Over
5,whisper,9,4,8,Over
5,guard,5,15,SEER
5,attackVote,6,15
5,attackVote,8,15
5,attack,15,false
6,status,1,VILLAGER,ALIVE,sample_py
6,status,2,VILLAGER,DEAD,TOKU10
6,status,3,VILLAGER,DEAD,Tomato2
6,status,4,POSSESSED,DEAD,Takeda0
6,status,5,BODYGUARD,ALIVE,TOKU14
6,status,6,WEREWOLF,ALIVE,TOKU12
6,status,7,VILLAGER,ALIVE,Tomato9
6,status,8,WEREWOLF,ALIVE,SampleJava3
6,status,9,VILLAGER,ALIVE,Takeda4
6,status,10,VILLAGER,ALIVE,sample_py
6,status,11,MEDIUM,DEAD,TOKU1
6,status,12,VILLAGER,ALIVE,Tomato5
6,status,13,WEREWOLF,DEAD,HALU
6,status,14,VILLAGER,ALIVE,Tomato6
6,status,15,SEER,ALIVE,HALU
6,talk,0,0,15,DIVINED Agent[05] HUMAN
6,talk,1,0,7,VOTE Agent[12]
6,talk,2,0,12,VOTE Agent[07]
6,talk,3,0,8,VOTE Agent[11]
6,talk,4,0,9,VOTE Agent[08]
6,talk,5,0,6,VOTE Agent[10]
6,talk,6,0,5,VOTE Agent[01]
6,talk,7,0,14,VOTE Agent[07]
6,talk,8,0,10,VOTE Agent[12]
6,talk,9,0,1,VOTE Agent[12]
6,talk,10,1,12,Skip
6,talk,11,1,8,REQUEST ANY (VOTE Agent[11])
6,talk,12,1,14,Skip
6,talk,13,1,5,VOTE Agent[08]
6,talk,14,1,1,Skip
6,talk,15,1,6,Skip
6,talk,16,1,15,VOTE Agent[01]
6,talk,17,1,9,Skip
6,talk,18,1,10,Skip
6,talk,19,1,7,Skip
6,talk,20,2,15,VOTE Agent[01]
6,talk,21,2,7,Skip
6,talk,22,2,5,VOTE Agent[06]
6,talk,23,2,9,Skip
6,talk,24,2,8,Skip
6,talk,25,2,1,Skip
6,talk,26,2,14,Skip
6,talk,27,2,10,Skip
6,talk,28,2,6,Skip
6,talk,29,2,12,Skip
6,talk,30,3,14,Over
6,talk,31,3,9,VOTE Agent[10]
6,talk,32,3,1,Over
6,talk,33,3,5,Skip
6,talk,34,3,8,Skip
6,talk,35,3,12,Over
6,talk,36,3,7,Over
6,talk,37,3,15,VOTE Agent[01]
6,talk,38,3,6,Over
6,talk,39,3,10,Over
6,talk,40,4,8,Over
6,talk,41,4,10,Over
6,talk,42,4,1,Over
6,talk,43,4,12,Over
6,talk,44,4,5,Skip
6,talk,45,4,7,Over
6,talk,46,4,6,Over
6,talk,47,4,9,Skip
6,talk,48,4,14,Over
6,talk,49,4,15,VOTE Agent[08]
6,talk,50,5,8,Over
6,talk,51,5,1,Over
6,talk,52,5,6,Over
6,talk,53,5,5,Over
6,talk,54,5,7,Over
6,talk,55,5,9,Skip
6,talk,56,5,15,VOTE Agent[08]
6,talk,57,5,12,Over
6,talk,58,5,14,Over
6,talk,59,5,10,Over
6,talk,60,6,8,Over
6,talk,61,6,1,Over
6,talk,62,6,5,Over
6,talk,63,6,10,Over
6,talk,64,6,7,Over
6,talk,65,6,6,Over
6,talk,66,6,14,Over
6,talk,67,6,9,Over
6,talk,68,6,12,Over
6,talk,69,6,15,VOTE Agent[08]
6,talk,70,7,8,Over
6,talk,71,7,5,Over
6,talk,72,7,15,VOTE Agent[01]
6,talk,73,7,10,Over
6,talk,74,7,6,Over
6,talk,75,7,12,Over
6,talk,76,7,9,Over
6,talk,77,7,7,Over
6,talk,78,7,1,Over
6,talk,79,7,14,Over
6,talk,80,8,7,Over
6,talk,81,8,14,Over
6,talk,82,8,10,Over
6,talk,83,8,9,Over
6,talk,84,8,1,Over
6,talk,85,8,6,Over
6,talk,86,8,5,Over
6,talk,87,8,15,VOTE Agent[01]
6,talk,88,8,8,Over
6,talk,89,8,12,Over
6,talk,90,9,5,Over
6,talk,91,9,9,Over
6,talk,92,9,14,Over
6,talk,93,9,12,Over
6,talk,94,9,1,Over
6,talk,95,9,8,Over
6,talk,96,9,10,Over
6,talk,97,9,15,Over
6,talk,98,9,7,Over
6,talk,99,9,6,Over
6,vote,1,12
6,vote,5,6
6,vote,6,10
6,vote,7,12
6,vote,8,5
6,vote,9,10
6,vote,10,12
6,vote,12,7
6,vote,14,7
6,vote,15,1
6,execute,12,VILLAGER
6,divine,15,6,WEREWOLF
6,whisper,0,0,8,BECAUSE (Agent[15] COMINGOUT Agent[15] SEER) (ATTACK Agent[15])
6,whisper,1,0,6,Skip
6,whisper,2,1,6,Skip
6,whisper,3,1,8,ATTACK Agent[15]
6,whisper,4,2,8,Skip
6,whisper,5,2,6,Over
6,whisper,6,3,8,Skip
6,whisper,7,3,6,Over
6,whisper,8,4,6,Over
6,whisper,9,4,8,Over
6,guard,5,15,SEER
6,attackVote,6,15
6,attackVote,8,15
6,attack,15,false
7,status,1,VILLAGER,ALIVE,sample_py
7,status,2,VILLAGER,DEAD,TOKU10
7,status,3,VILLAGER,DEAD,Tomato2
7,status,4,POSSESSED,DEAD,Takeda0
7,status,5,BODYGUARD,ALIVE,TOKU14
7,status,6,WEREWOLF,ALIVE,TOKU12
7,status,7,VILLAGER,ALIVE,Tomato9
7,status,8,WEREWOLF,ALIVE,SampleJava3
7,status,9,VILLAGER,ALIVE,Takeda4
7,status,10,VILLAGER,ALIVE,sample_py
7,status,11,MEDIUM,DEAD,TOKU1
7,status,12,VILLAGER,DEAD,Tomato5
7,status,13,WEREWOLF,DEAD,HALU
7,status,14,VILLAGER,ALIVE,Tomato6
7,status,15,SEER,ALIVE,HALU
7,talk,0,0,10,VOTE Agent[07]
7,talk,1,0,6,VOTE Agent[10]
7,talk,2,0,15,DIVINED Agent[06] WEREWOLF
7,talk,3,0,7,VOTE Agent[08]
7,talk,4,0,9,VOTE Agent[10]
7,talk,5,0,14,VOTE Agent[07]
7,talk,6,0,8,VOTE Agent[11]
7,talk,7,0,1,VOTE Agent[06]
7,talk,8,0,5,VOTE Agent[06]
7,talk,9,1,5,Skip
7,talk,10,1,10,Skip
7,talk,11,1,15,VOTE Agent[06]
7,talk,12,1,1,Skip
7,talk,13,1,9,Skip
7,talk,14,1,14,Skip
7,talk,15,1,7,Skip
7,talk,16,1,8,REQUEST ANY (VOTE Agent[11])
7,talk,17,1,6,Skip
7,talk,18,2,1,Skip
7,talk,19,2,15,VOTE Agent[06]
7,talk,20,2,10,Skip
7,talk,21,2,7,Skip
7,talk,22,2,6,Skip
7,talk,23,2,14,Skip
7,talk,24,2,5,Skip
7,talk,25,2,8,Skip
7,talk,26,2,9,Skip
7,talk,27,3,14,Over
7,talk,28,3,10,Over
7,talk,29,3,8,Skip
7,talk,30,3,9,Over
7,talk,31,3,5,Over
7,talk,32,3,1,Over
7,talk,33,3,6,Over
7,talk,34,3,7,Over
7,talk,35,3,15,VOTE Agent[06]
7,talk,36,4,14,Over
7,talk,37,4,7,Over
7,talk,38,4,9,Over
7,talk,39,4,10,Over
7,talk,40,4,6,Over
7,talk,41,4,8,Over
7,talk,42,4,15,VOTE Agent[06]
7,talk,43,4,5,Over
7,talk,44,4,1,Over
7,talk,45,5,8,Over
7,talk,46,5,10,Over
7,talk,47,5,9,Over
7,talk,48,5,15,VOTE Agent[06]
7,talk,49,5,14,Over
7,talk,50,5,5,Over
7,talk,51,5,6,Over
7,talk,52,5,7,Over
7,talk,53,5,1,Over
7,talk,54,6,9,Over
7,talk,55,6,6,Over
7,talk,56,6,14,Over
7,talk,57,6,7,Over
7,talk,58,6,10,Over
7,talk,59,6,8,Over
7,talk,60,6,5,Over
7,talk,61,6,1,Over
7,talk,62,6,15,VOTE Agent[06]
7,talk,63,7,8,Over
7,talk,64,7,5,Over
7,talk,65,7,1,Over
7,talk,66,7,15,VOTE Agent[06]
7,talk,67,7,10,Over
7,talk,68,7,7,Over
7,talk,69,7,14,Over
7,talk,70,7,9,Over
7,talk,71,7,6,Over
7,talk,72,8,9,Over
7,talk,73,8,7,Over
7,talk,74,8,6,Over
7,talk,75,8,14,Over
7,talk,76,8,15,VOTE Agent[06]
7,talk,77,8,5,Over
7,talk,78,8,1,Over
7,talk,79,8,8,Over
7,talk,80,8,10,Over
7,talk,81,9,6,Over
7,talk,82,9,10,Over
7,talk,83,9,14,Over
7,talk,84,9,8,Over
7,talk,85,9,15,Over
7,talk,86,9,1,Over
7,talk,87,9,5,Over
7,talk,88,9,7,Over
7,talk,89,9,9,Over
7,vote,1,6
7,vote,5,6
7,vote,6,10
7,vote,7,8
7,vote,8,5
7,vote,9,10
7,vote,10,7
7,vote,14,7
7,vote,15,6
7,execute,6,WEREWOLF
7,divine,15,8,WEREWOLF
7,guard,5,15,SEER
7,attackVote,8,15
7,attack,15,false
8,status,1,VILLAGER,ALIVE,sample_py
8,status,2,VILLAGER,DEAD,TOKU10
8,status,3,VILLAGER,DEAD,Tomato2
8,status,4,POSSESSED,DEAD,Takeda0
8,status,5,BODYGUARD,ALIVE,TOKU14
8,status,6,WEREWOLF,DEAD,TOKU12
8,status,7,VILLAGER,ALIVE,Tomato9
8,status,8,WEREWOLF,ALIVE,SampleJava3
8,status,9,VILLAGER,ALIVE,Takeda4
8,status,10,VILLAGER,ALIVE,sample_py
8,status,11,MEDIUM,DEAD,TOKU1
8,status,12,VILLAGER,DEAD,Tomato5
8,status,13,WEREWOLF,DEAD,HALU
8,status,14,VILLAGER,ALIVE,Tomato6
8,status,15,SEER,ALIVE,HALU
8,talk,0,0,14,VOTE Agent[07]
8,talk,1,0,5,VOTE Agent[10]
8,talk,2,0,15,DIVINED Agent[08] WEREWOLF
8,talk,3,0,1,VOTE Agent[07]
8,talk,4,0,7,VOTE Agent[08]
8,talk,5,0,8,VOTE Agent[11]
8,talk,6,0,9,VOTE Agent[10]
8,talk,7,0,10,VOTE Agent[14]
8,talk,8,1,7,Skip
8,talk,9,1,9,Skip
8,talk,10,1,15,VOTE Agent[08]
8,talk,11,1,1,Skip
8,talk,12,1,5,Skip
8,talk,13,1,8,REQUEST ANY (VOTE Agent[11])
8,talk,14,1,14,Skip
8,talk,15,1,10,Skip
8,talk,16,2,8,Skip
8,talk,17,2,14,Skip
8,talk,18,2,1,Skip
8,talk,19,2,9,Skip
8,talk,20,2,7,Skip
8,talk,21,2,15,VOTE Agent[08]
8,talk,22,2,5,Skip
8,talk,23,2,10,Skip
8,talk,24,3,9,Over
8,talk,25,3,5,Over
8,talk,26,3,1,Over
8,talk,27,3,15,VOTE Agent[08]
8,talk,28,3,14,Over
8,talk,29,3,8,Skip
8,talk,30,3,10,Over
8,talk,31,3,7,Over
8,talk,32,4,14,Over
8,talk,33,4,8,Over
8,talk,34,4,10,Over
8,talk,35,4,5,Over
8,talk,36,4,9,Over
8,talk,37,4,15,VOTE Agent[08]
8,talk,38,4,1,Over
8,talk,39,4,7,Over
8,talk,40,5,14,Over
8,talk,41,5,10,Over
8,talk,42,5,7,Over
8,talk,43,5,5,Over
8,talk,44,5,8,Over
8,talk,45,5,9,Over
8,talk,46,5,1,Over
8,talk,47,5,15,VOTE Agent[08]
8,talk,48,6,7,Over
8,talk,49,6,8,Over
8,talk,50,6,9,Over
8,talk,51,6,1,Over
8,talk,52,6,15,VOTE Agent[08]
8,talk,53,6,10,Over
8,talk,54,6,5,Over
8,talk,55,6,14,Over
8,talk,56,7,15,VOTE Agent[08]
8,talk,57,7,9,Over
8,talk,58,7,7,Over
8,talk,59,7,1,Over
8,talk,60,7,14,Over
8,talk,61,7,5,Over
8,talk,62,7,8,Over
8,talk,63,7,10,Over
8,talk,64,8,10,Over
8,talk,65,8,15,VOTE Agent[08]
8,talk,66,8,7,Over
8,talk,67,8,5,Over
8,talk,68,8,1,Over
8,talk,69,8,14,Over
8,talk,70,8,8,Over
8,talk,71,8,9,Over
8,talk,72,9,1,Over
8,talk,73,9,15,Over
8,talk,74,9,5,Over
8,talk,75,9,8,Over
8,talk,76,9,9,Over
8,talk,77,9,14,Over
8,talk,78,9,10,Over
8,talk,79,9,7,Over
8,vote,1,7
8,vote,5,10
8,vote,7,8
8,vote,8,5
8,vote,9,10
8,vote,10,14
8,vote,14,7
8,vote,15,8
8,vote,1,7
8,vote,5,10
8,vote,7,8
8,vote,8,7
8,vote,9,10
8,vote,10,14
8,vote,14,7
8,vote,15,8
8,execute,7,VILLAGER
8,divine,15,10,HUMAN
8,guard,5,15,SEER
8,attackVote,8,15
8,attack,15,false
9,status,1,VILLAGER,ALIVE,sample_py
9,status,2,VILLAGER,DEAD,TOKU10
9,status,3,VILLAGER,DEAD,Tomato2
9,status,4,POSSESSED,DEAD,Takeda0
9,status,5,BODYGUARD,ALIVE,TOKU14
9,status,6,WEREWOLF,DEAD,TOKU12
9,status,7,VILLAGER,DEAD,Tomato9
9,status,8,WEREWOLF,ALIVE,SampleJava3
9,status,9,VILLAGER,ALIVE,Takeda4
9,status,10,VILLAGER,ALIVE,sample_py
9,status,11,MEDIUM,DEAD,TOKU1
9,status,12,VILLAGER,DEAD,Tomato5
9,status,13,WEREWOLF,DEAD,HALU
9,status,14,VILLAGER,ALIVE,Tomato6
9,status,15,SEER,ALIVE,HALU
9,talk,0,0,15,DIVINED Agent[10] HUMAN
9,talk,1,0,10,VOTE Agent[08]
9,talk,2,0,9,VOTE Agent[10]
9,talk,3,0,1,VOTE Agent[08]
9,talk,4,0,14,VOTE Agent[08]
9,talk,5,0,8,VOTE Agent[11]
9,talk,6,0,5,VOTE Agent[10]
9,talk,7,1,10,Skip
9,talk,8,1,9,VOTE Agent[08]
9,talk,9,1,15,VOTE Agent[08]
9,talk,10,1,5,VOTE Agent[08]
9,talk,11,1,14,Skip
9,talk,12,1,8,REQUEST ANY (VOTE Agent[11])
9,talk,13,1,1,Skip
9,talk,14,2,1,Skip
9,talk,15,2,8,Skip
9,talk,16,2,15,VOTE Agent[08]
9,talk,17,2,14,Skip
9,talk,18,2,10,Skip
9,talk,19,2,9,Skip
9,talk,20,2,5,Skip
9,talk,21,3,8,Skip
9,talk,22,3,5,Skip
9,talk,23,3,9,Skip
9,talk,24,3,1,Over
9,talk,25,3,14,Over
9,talk,26,3,10,Over
9,talk,27,3,15,VOTE Agent[08]
9,talk,28,4,1,Over
9,talk,29,4,14,Over
9,talk,30,4,10,Over
9,talk,31,4,15,VOTE Agent[08]
9,talk,32,4,8,Over
9,talk,33,4,5,Over
9,talk,34,4,9,Over
9,talk,35,5,8,Over
9,talk,36,5,15,VOTE Agent[08]
9,talk,37,5,5,Over
9,talk,38,5,10,Over
9,talk,39,5,1,Over
9,talk,40,5,9,Over
9,talk,41,5,14,Over
9,talk,42,6,9,Over
9,talk,43,6,10,Over
9,talk,44,6,8,Over
9,talk,45,6,1,Over
9,talk,46,6,14,Over
9,talk,47,6,5,Over
9,talk,48,6,15,VOTE Agent[08]
9,talk,49,7,5,Over
9,talk,50,7,8,Over
9,talk,51,7,15,VOTE Agent[08]
9,talk,52,7,14,Over
9,talk,53,7,9,Over
9,talk,54,7,1,Over
9,talk,55,7,10,Over
9,talk,56,8,9,Over
9,talk,57,8,1,Over
9,talk,58,8,5,Over
9,talk,59,8,8,Over
9,talk,60,8,15,VOTE Agent[08]
9,talk,61,8,10,Over
9,talk,62,8,14,Over
9,talk,63,9,8,Over
9,talk,64,9,1,Over
9,talk,65,9,5,Over
9,talk,66,9,10,Over
9,talk,67,9,14,Over
9,talk,68,9,9,Over
9,talk,69,9,15,Over
9,vote,1,8
9,vote,5,8
9,vote,8,15
9,vote,9,8
9,vote,10,8
9,vote,14,8
9,vote,15,8
9,execute,8,WEREWOLF
9,divine,15,1,HUMAN
9,guard,5,15,SEER
10,status,1,VILLAGER,ALIVE,sample_py
10,status,2,VILLAGER,DEAD,TOKU10
10,status,3,VILLAGER,DEAD,Tomato2
10,status,4,POSSESSED,DEAD,Takeda0
10,status,5,BODYGUARD,ALIVE,TOKU14
10,status,6,WEREWOLF,DEAD,TOKU12
10,status,7,VILLAGER,DEAD,Tomato9
10,status,8,WEREWOLF,DEAD,SampleJava3
10,status,9,VILLAGER,ALIVE,Takeda4
10,status,10,VILLAGER,ALIVE,sample_py
10,status,11,MEDIUM,DEAD,TOKU1
10,status,12,VILLAGER,DEAD,Tomato5
10,status,13,WEREWOLF,DEAD,HALU
10,status,14,VILLAGER,ALIVE,Tomato6
10,status,15,SEER,ALIVE,HALU
10,result,6,0,VILLAGER
