0,status,1,SEER,ALIVE,sample_py
0,status,2,VILLAGER,ALIVE,TOKU10
0,status,3,VILLAGER,ALIVE,Tomato2
0,status,4,WEREWOLF,ALIVE,Takeda0
0,status,5,VILLAGER,ALIVE,TOKU14
0,status,6,VILLAGER,ALIVE,TOKU12
0,status,7,MEDIUM,ALIVE,Tomato9
0,status,8,VILLAGER,ALIVE,SampleJava3
0,status,9,BODYGUARD,ALIVE,Takeda4
0,status,10,WEREWOLF,ALIVE,sample_py
0,status,11,WEREWOLF,ALIVE,TOKU1
0,status,12,VILLAGER,ALIVE,Tomato5
0,status,13,POSSESSED,ALIVE,HALU
0,status,14,VILLAGER,ALIVE,Tomato6
0,status,15,VILLAGER,ALIVE,HALU
0,whisper,0,0,4,Skip
0,whisper,1,0,11,Skip
0,whisper,2,0,10,COMINGOUT Agent[10] SEER
0,whisper,3,1,11,Skip
0,whisper,4,1,4,Skip
0,whisper,5,1,10,COMINGOUT Agent[10] SEER
0,whisper,6,2,10,COMINGOUT Agent[10] SEER
0,whisper,7,2,4,Over
0,whisper,8,2,11,Over
0,whisper,9,3,11,Over
0,whisper,10,3,10,COMINGOUT Agent[10] SEER
0,whisper,11,3,4,Over
0,whisper,12,4,10,COMINGOUT Agent[10] SEER
0,whisper,13,4,4,Over
0,whisper,14,4,11,Over
0,whisper,15,5,4,Over
0,whisper,16,5,10,COMINGOUT Agent[10] SEER
0,whisper,17,5,11,Over
0,whisper,18,6,4,Over
0,whisper,19,6,11,Over
0,whisper,20,6,10,COMINGOUT Agent[10] SEER
0,whisper,21,7,11,Over
0,whisper,22,7,4,Over
0,whisper,23,7,10,COMINGOUT Agent[10] SEER
0,whisper,24,8,10,COMINGOUT Agent[10] SEER
0,whisper,25,8,11,Over
0,whisper,26,8,4,Over
0,whisper,27,9,10,COMINGOUT Agent[10] SEER
0,whisper,28,9,4,Over
0,whisper,29,9,11,Over
0,whisper,30,10,11,Over
0,whisper,31,10,4,Over
0,whisper,32,10,10,Over
0,divine,1,14,HUMAN
1,status,1,SEER,ALIVE,sample_py
1,status,2,VILLAGER,ALIVE,TOKU10
1,status,3,VILLAGER,ALIVE,Tomato2
1,status,4,WEREWOLF,ALIVE,Takeda0
1,status,5,VILLAGER,ALIVE,TOKU14
1,status,6,VILLAGER,ALIVE,TOKU12
1,status,7,MEDIUM,ALIVE,Tomato9
1,status,8,VILLAGER,ALIVE,SampleJava3
1,status,9,BODYGUARD,ALIVE,Takeda4
1,status,10,WEREWOLF,ALIVE,sample_py
1,status,11,WEREWOLF,ALIVE,TOKU1
1,status,12,VILLAGER,ALIVE,Tomato5
1,status,13,POSSESSED,ALIVE,HALU
1,status,14,VILLAGER,ALIVE,Tomato6
1,status,15,VILLAGER,ALIVE,HALU
1,talk,0,0,15,VOTE Agent[01]
1,talk,1,0,2,VOTE Agent[01]
1,talk,2,0,6,VOTE Agent[01]
1,talk,3,0,11,VOTE Agent[01]
1,talk,4,0,5,VOTE Agent[01]
1,talk,5,0,10,VOTE Agent[07]
1,talk,6,0,4,VOTE Agent[01]
1,talk,7,0,13,COMINGOUT Agent[13] SEER
1,talk,8,0,14,VOTE Agent[01]
1,talk,9,0,3,VOTE Agent[01]
1,talk,10,0,9,VOTE Agent[01]
1,talk,11,0,8,VOTE Agent[07]
1,talk,12,0,7,COMINGOUT Agent[07] MEDIUM
1,talk,13,0,12,VOTE Agent[01]
1,talk,14,0,1,VOTE Agent[13]
1,talk,15,1,11,Skip
1,talk,16,1,8,REQUEST ANY (VOTE Agent[07])
1,talk,17,1,12,Skip
1,talk,18,1,3,Skip
1,talk,19,1,5,Skip
1,talk,20,1,15,VOTE Agent[01]
1,talk,21,1,2,Skip
1,talk,22,1,6,Skip
1,talk,23,1,13,DIVINED Agent[14] WEREWOLF
1,talk,24,1,14,Skip
1,talk,25,1,7,VOTE Agent[01]
1,talk,26,1,4,Skip
1,talk,27,1,1,Skip
1,talk,28,1,10,VOTE Agent[13]
1,talk,29,1,9,Skip
1,talk,30,2,9,Skip
1,talk,31,2,10,Skip
1,talk,32,2,11,Skip
1,talk,33,2,12,Skip
1,talk,34,2,6,Skip
1,talk,35,2,14,Skip
1,talk,36,2,8,Skip
1,talk,37,2,7,Skip
1,talk,38,2,5,Skip
1,talk,39,2,2,Skip
1,talk,40,2,4,Skip
1,talk,41,2,15,VOTE Agent[14]
1,talk,42,2,13,VOTE Agent[07]
1,talk,43,2,1,Skip
1,talk,44,2,3,Skip
1,talk,45,3,14,Over
1,talk,46,3,1,Over
1,talk,47,3,11,Over
1,talk,48,3,8,Skip
1,talk,49,3,12,Over
1,talk,50,3,9,Over
1,talk,51,3,5,Over
1,talk,52,3,7,Skip
1,talk,53,3,15,VOTE Agent[14]
1,talk,54,3,2,Over
1,talk,55,3,3,Over
1,talk,56,3,4,Over
1,talk,57,3,6,Over
1,talk,58,3,10,Skip
1,talk,59,3,13,VOTE Agent[07]
1,talk,60,4,5,Over
1,talk,61,4,1,Over
1,talk,62,4,8,Over
1,talk,63,4,12,Over
1,talk,64,4,9,Over
1,talk,65,4,14,Over
1,talk,66,4,13,VOTE Agent[07]
1,talk,67,4,7,Over
1,talk,68,4,15,VOTE Agent[14]
1,talk,69,4,3,Over
1,talk,70,4,10,Over
1,talk,71,4,4,Over
1,talk,72,4,6,Over
1,talk,73,4,2,Over
1,talk,74,4,11,Over
1,talk,75,5,4,Over
1,talk,76,5,3,Over
1,talk,77,5,5,Over
1,talk,78,5,11,Over
1,talk,79,5,10,Over
1,talk,80,5,6,Over
1,talk,81,5,7,Over
1,talk,82,5,14,Over
1,talk,83,5,15,VOTE Agent[14]
1,talk,84,5,12,Over
1,talk,85,5,13,VOTE Agent[07]
1,talk,86,5,1,Over
1,talk,87,5,8,Over
1,talk,88,5,2,Over
1,talk,89,5,9,Over
1,talk,90,6,12,Over
1,talk,91,6,3,Over
1,talk,92,6,1,Over
1,talk,93,6,10,Over
1,talk,94,6,7,Over
1,talk,95,6,5,Over
1,talk,96,6,6,Over
1,talk,97,6,14,Over
1,talk,98,6,2,Over
1,talk,99,6,13,VOTE Agent[07]
1,talk,100,6,4,Over
1,talk,101,6,11,Over
1,talk,102,6,8,Over
1,talk,103,6,9,Over
1,talk,104,6,15,VOTE Agent[14]
1,talk,105,7,4,Over
1,talk,106,7,6,Over
1,talk,107,7,10,Over
1,talk,108,7,13,VOTE Agent[07]
1,talk,109,7,5,Over
1,talk,110,7,3,Over
1,talk,111,7,15,VOTE Agent[14]
1,talk,112,7,8,Over
1,talk,113,7,11,Over
1,talk,114,7,9,Over
1,talk,115,7,7,Over
1,talk,116,7,1,Over
1,talk,117,7,12,Over
1,talk,118,7,14,Over
1,talk,119,7,2,Over
1,talk,120,8,7,Over
1,talk,121,8,12,Over
1,talk,122,8,6,Over
1,talk,123,8,15,VOTE Agent[14]
1,talk,124,8,13,VOTE Agent[07]
1,talk,125,8,3,Over
1,talk,126,8,4,Over
1,talk,127,8,10,Over
1,talk,128,8,11,Over
1,talk,129,8,2,Over
1,talk,130,8,9,Over
1,talk,131,8,1,Over
1,talk,132,8,14,Over
1,talk,133,8,8,Over
1,talk,134,8,5,Over
1,talk,135,9,7,Over
1,talk,136,9,15,Over
1,talk,137,9,12,Over
1,talk,138,9,11,Over
1,talk,139,9,8,Over
1,talk,140,9,14,Over
1,talk,141,9,2,Over
1,talk,142,9,5,Over
1,talk,143,9,9,Over
1,talk,144,9,13,Over
1,talk,145,9,1,Over
1,talk,146,9,3,Over
1,talk,147,9,10,Over
1,talk,148,9,4,Over
1,talk,149,9,6,Over
1,vote,1,13
1,vote,2,1
1,vote,3,1
1,vote,4,1
1,vote,5,1
1,vote,6,1
1,vote,7,1
1,vote,8,4
1,vote,9,1
1,vote,10,13
1,vote,11,1
1,vote,12,1
1,vote,13,7
1,vote,14,1
1,vote,15,14
1,execute,1,SEER
1,whisper,0,0,11,Skip
1,whisper,1,0,10,ATTACK Agent[13]
1,whisper,2,0,4,Skip
1,whisper,3,1,11,Skip
1,whisper,4,1,4,Skip
1,whisper,5,1,10,Skip
1,whisper,6,2,11,Over
1,whisper,7,2,10,Skip
1,whisper,8,2,4,Over
1,whisper,9,3,11,Over
1,whisper,10,3,4,Over
1,whisper,11,3,10,Over
1,guard,9,10,WEREWOLF
1,attackVote,4,15
1,attackVote,10,13
1,attackVote,11,13
1,attack,13,true
2,status,1,SEER,DEAD,sample_py
2,status,2,VILLAGER,ALIVE,TOKU10
2,status,3,VILLAGER,ALIVE,Tomato2
2,status,4,WEREWOLF,ALIVE,Takeda0
2,status,5,VILLAGER,ALIVE,TOKU14
2,status,6,VILLAGER,ALIVE,TOKU12
2,status,7,MEDIUM,ALIVE,Tomato9
2,status,8,VILLAGER,ALIVE,SampleJava3
2,status,9,BODYGUARD,ALIVE,Takeda4
2,status,10,WEREWOLF,ALIVE,sample_py
2,status,11,WEREWOLF,ALIVE,TOKU1
2,status,12,VILLAGER,ALIVE,Tomato5
2,status,13,POSSESSED,DEAD,HALU
2,status,14,VILLAGER,ALIVE,Tomato6
2,status,15,VILLAGER,ALIVE,HALU
2,talk,0,0,15,VOTE Agent[14]
2,talk,1,0,9,VOTE Agent[04]
2,talk,2,0,11,VOTE Agent[02]
2,talk,3,0,5,VOTE Agent[04]
2,talk,4,0,10,VOTE Agent[09]
2,talk,5,0,12,VOTE Agent[04]
2,talk,6,0,7,IDENTIFIED Agent[01] HUMAN
2,talk,7,0,2,VOTE Agent[04]
2,talk,8,0,4,VOTE Agent[02]
2,talk,9,0,14,VOTE Agent[04]
2,talk,10,0,8,VOTE Agent[06]
2,talk,11,0,3,VOTE Agent[04]
2,talk,12,0,6,VOTE Agent[04]
2,talk,13,1,11,VOTE Agent[04]
2,talk,14,1,12,Skip
2,talk,15,1,3,Skip
2,talk,16,1,8,REQUEST ANY (VOTE Agent[06])
2,talk,17,1,10,Skip
2,talk,18,1,4,VOTE Agent[02]
2,talk,19,1,5,Skip
2,talk,20,1,15,VOTE Agent[14]
2,talk,21,1,6,Skip
2,talk,22,1,9,Skip
2,talk,23,1,2,Skip
2,talk,24,1,14,Skip
2,talk,25,1,7,VOTE Agent[04]
2,talk,26,2,9,Skip
2,talk,27,2,14,Skip
2,talk,28,2,2,Skip
2,talk,29,2,15,VOTE Agent[14]
2,talk,30,2,5,Skip
2,talk,31,2,8,Skip
2,talk,32,2,4,VOTE Agent[02]
2,talk,33,2,10,Skip
2,talk,34,2,12,Skip
2,talk,35,2,11,Skip
2,talk,36,2,7,Skip
2,talk,37,2,3,Skip
2,talk,38,2,6,Skip
2,talk,39,3,9,Over
2,talk,40,3,3,Over
2,talk,41,3,12,Over
2,talk,42,3,6,Over
2,talk,43,3,14,Over
2,talk,44,3,5,Over
2,talk,45,3,11,Skip
2,talk,46,3,7,Skip
2,talk,47,3,2,Over
2,talk,48,3,15,VOTE Agent[14]
2,talk,49,3,8,Skip
2,talk,50,3,4,VOTE Agent[02]
2,talk,51,3,10,Over
2,talk,52,4,10,Over
2,talk,53,4,5,Over
2,talk,54,4,7,Over
2,talk,55,4,14,Over
2,talk,56,4,15,VOTE Agent[14]
2,talk,57,4,2,Over
2,talk,58,4,12,Over
2,talk,59,4,4,VOTE Agent[02]
2,talk,60,4,9,Over
2,talk,61,4,8,Over
2,talk,62,4,6,Over
2,talk,63,4,11,Over
2,talk,64,4,3,Over
2,talk,65,5,3,Over
2,talk,66,5,5,Over
2,talk,67,5,2,Over
2,talk,68,5,8,Over
2,talk,69,5,15,VOTE Agent[14]
2,talk,70,5,12,Over
2,talk,71,5,6,Over
2,talk,72,5,7,Over
2,talk,73,5,14,Over
2,talk,74,5,11,Over
2,talk,75,5,10,Over
2,talk,76,5,4,VOTE Agent[02]
2,talk,77,5,9,Over
2,talk,78,6,15,VOTE Agent[14]
2,talk,79,6,4,VOTE Agent[02]
2,talk,80,6,8,Over
2,talk,81,6,3,Over
2,talk,82,6,10,Over
2,talk,83,6,6,Over
2,talk,84,6,5,Over
2,talk,85,6,11,Over
2,talk,86,6,14,Over
2,talk,87,6,7,Over
2,talk,88,6,9,Over
2,talk,89,6,2,Over
2,talk,90,6,12,Over
2,talk,91,7,8,Over
2,talk,92,7,5,Over
2,talk,93,7,6,Over
2,talk,94,7,2,Over
2,talk,95,7,9,Over
2,talk,96,7,14,Over
2,talk,97,7,11,Over
2,talk,98,7,7,Over
2,talk,99,7,4,VOTE Agent[02]
2,talk,100,7,15,VOTE Agent[14]
2,talk,101,7,10,Over
2,talk,102,7,3,Over
2,talk,103,7,12,Over
2,talk,104,8,4,VOTE Agent[02]
2,talk,105,8,5,Over
2,talk,106,8,11,Over
2,talk,107,8,10,Over
2,talk,108,8,3,Over
2,talk,109,8,8,Over
2,talk,110,8,9,Over
2,talk,111,8,6,Over
2,talk,112,8,15,VOTE Agent[14]
2,talk,113,8,14,Over
2,talk,114,8,2,Over
2,talk,115,8,7,Over
2,talk,116,8,12,Over
2,talk,117,9,11,Over
2,talk,118,9,9,Over
2,talk,119,9,5,Over
2,talk,120,9,12,Over
2,talk,121,9,14,Over
2,talk,122,9,3,Over
2,talk,123,9,2,Over
2,talk,124,9,6,Over
2,talk,125,9,4,VOTE Agent[02]
2,talk,126,9,15,Over
2,talk,127,9,8,Over
2,talk,128,9,10,Over
2,talk,129,9,7,Over
2,talk,130,10,11,Over
2,talk,131,10,2,Over
2,talk,132,10,12,Over
2,talk,133,10,14,Over
2,talk,134,10,10,Over
2,talk,135,10,15,Over
2,talk,136,10,3,Over
2,talk,137,10,6,Over
2,talk,138,10,7,Over
2,talk,139,10,4,Over
2,talk,140,10,8,Over
2,talk,141,10,9,Over
2,talk,142,10,5,Over
2,vote,2,4
2,vote,3,4
2,vote,4,2
2,vote,5,4
2,vote,6,4
2,vote,7,4
2,vote,8,6
2,vote,9,4
2,vote,10,9
2,vote,11,4
2,vote,12,4
2,vote,14,4
2,vote,15,14
2,execute,4,WEREWOLF
2,whisper,0,0,11,Skip
2,whisper,1,0,10,ATTACK Agent[07]
2,whisper,2,1,10,Skip
2,whisper,3,1,11,Skip
2,whisper,4,2,10,Skip
2,whisper,5,2,11,Over
2,whisper,6,3,11,Over
2,whisper,7,3,10,Over
2,guard,9,10,WEREWOLF
2,attackVote,10,7
2,attackVote,11,15
2,attackVote,10,7
2,attackVote,11,15
2,attack,7,true
3,status,1,SEER,DEAD,sample_py
3,status,2,VILLAGER,ALIVE,TOKU10
3,status,3,VILLAGER,ALIVE,Tomato2
3,status,4,WEREWOLF,DEAD,Takeda0
3,status,5,VILLAGER,ALIVE,TOKU14
3,status,6,VILLAGER,ALIVE,TOKU12
3,status,7,MEDIUM,DEAD,Tomato9
3,status,8,VILLAGER,ALIVE,SampleJava3
3,status,9,BODYGUARD,ALIVE,Takeda4
3,status,10,WEREWOLF,ALIVE,sample_py
3,status,11,WEREWOLF,ALIVE,TOKU1
3,status,12,VILLAGER,ALIVE,Tomato5
3,status,13,POSSESSED,DEAD,HALU
3,status,14,VILLAGER,ALIVE,Tomato6
3,status,15,VILLAGER,ALIVE,HALU
3,talk,0,0,6,VOTE Agent[02]
3,talk,1,0,8,VOTE Agent[09]
3,talk,2,0,11,VOTE Agent[02]
3,talk,3,0,15,VOTE Agent[14]
3,talk,4,0,10,COMINGOUT Agent[10] SEER
3,talk,5,0,5,VOTE Agent[02]
3,talk,6,0,12,VOTE Agent[14]
3,talk,7,0,3,VOTE Agent[12]
3,talk,8,0,9,VOTE Agent[02]
3,talk,9,0,2,VOTE Agent[06]
3,talk,10,0,14,VOTE Agent[12]
3,talk,11,1,12,Skip
3,talk,12,1,9,Skip
3,talk,13,1,15,VOTE Agent[14]
3,talk,14,1,5,Skip
3,talk,15,1,10,DIVINED Agent[05] HUMAN
3,talk,16,1,8,REQUEST ANY (VOTE Agent[09])
3,talk,17,1,6,Skip
3,talk,18,1,2,Skip
3,talk,19,1,14,Skip
3,talk,20,1,11,Skip
3,talk,21,1,3,Skip
3,talk,22,2,9,Skip
3,talk,23,2,11,Skip
3,talk,24,2,12,Skip
3,talk,25,2,10,DIVINED Agent[04] HUMAN
3,talk,26,2,3,Skip
3,talk,27,2,5,Skip
3,talk,28,2,14,Skip
3,talk,29,2,6,Skip
3,talk,30,2,2,Skip
3,talk,31,2,15,VOTE Agent[14]
3,talk,32,2,8,Skip
3,talk,33,3,14,Over
3,talk,34,3,6,Over
3,talk,35,3,10,DIVINED Agent[11] HUMAN
3,talk,36,3,15,VOTE Agent[14]
3,talk,37,3,8,Skip
3,talk,38,3,9,Over
3,talk,39,3,5,Over
3,talk,40,3,2,Over
3,talk,41,3,11,Over
3,talk,42,3,3,VOTE Agent[14]
3,talk,43,3,12,Over
3,talk,44,4,9,Over
3,talk,45,4,10,VOTE Agent[11]
3,talk,46,4,14,Over
3,talk,47,4,11,Over
3,talk,48,4,2,Over
3,talk,49,4,3,Skip
3,talk,50,4,8,Over
3,talk,51,4,12,Over
3,talk,52,4,5,Over
3,talk,53,4,15,VOTE Agent[14]
3,talk,54,4,6,Over
3,talk,55,5,8,Over
3,talk,56,5,10,Skip
3,talk,57,5,15,VOTE Agent[14]
3,talk,58,5,6,Over
3,talk,59,5,9,Over
3,talk,60,5,12,Over
3,talk,61,5,2,Over
3,talk,62,5,3,VOTE Agent[12]
3,talk,63,5,11,Over
3,talk,64,5,14,Over
3,talk,65,5,5,Over
3,talk,66,6,10,Skip
3,talk,67,6,8,Over
3,talk,68,6,11,Over
3,talk,69,6,14,Over
3,talk,70,6,2,Over
3,talk,71,6,12,Over
3,talk,72,6,5,Over
3,talk,73,6,3,Skip
3,talk,74,6,9,Over
3,talk,75,6,15,VOTE Agent[14]
3,talk,76,6,6,Over
3,talk,77,7,8,Over
3,talk,78,7,14,Over
3,talk,79,7,11,Over
3,talk,80,7,10,Over
3,talk,81,7,12,Over
3,talk,82,7,2,Over
3,talk,83,7,9,Over
3,talk,84,7,5,Over
3,talk,85,7,6,Over
3,talk,86,7,15,VOTE Agent[14]
3,talk,87,7,3,Skip
3,talk,88,8,5,Over
3,talk,89,8,2,Over
3,talk,90,8,11,Over
3,talk,91,8,3,Over
3,talk,92,8,10,Over
3,talk,93,8,12,Over
3,talk,94,8,6,Over
3,talk,95,8,8,Over
3,talk,96,8,14,Over
3,talk,97,8,15,VOTE Agent[14]
3,talk,98,8,9,Over
3,talk,99,9,2,Over
3,talk,100,9,11,Over
3,talk,101,9,14,Over
3,talk,102,9,8,Over
3,talk,103,9,15,Over
3,talk,104,9,6,Over
3,talk,105,9,9,Over
3,talk,106,9,12,Over
3,talk,107,9,5,Over
3,talk,108,9,10,Over
3,talk,109,9,3,Over
3,vote,2,6
3,vote,3,12
3,vote,5,2
3,vote,6,2
3,vote,8,9
3,vote,9,2
3,vote,10,11
3,vote,11,2
3,vote,12,14
3,vote,14,12
3,vote,15,14
3,execute,2,VILLAGER
3,whisper,0,0,11,Skip
3,whisper,1,0,10,ATTACK Agent[12]
3,whisper,2,1,10,Skip
3,whisper,3,1,11,Skip
3,whisper,4,2,11,Over
3,whisper,5,2,10,Skip
3,whisper,6,3,11,Over
3,whisper,7,3,10,Over
3,guard,9,10,WEREWOLF
3,attackVote,10,12
3,attackVote,11,15
3,attackVote,10,12
3,attackVote,11,15
3,attack,15,true
4,status,1,SEER,DEAD,sample_py
4,status,2,VILLAGER,DEAD,TOKU10
4,status,3,VILLAGER,ALIVE,Tomato2
4,status,4,WEREWOLF,DEAD,Takeda0
4,status,5,VILLAGER,ALIVE,TOKU14
4,status,6,VILLAGER,ALIVE,TOKU12
4,status,7,MEDIUM,DEAD,Tomato9
4,status,8,VILLAGER,ALIVE,SampleJava3
4,status,9,BODYGUARD,ALIVE,Takeda4
4,status,10,WEREWOLF,ALIVE,sample_py
4,status,11,WEREWOLF,ALIVE,TOKU1
4,status,12,VILLAGER,ALIVE,Tomato5
4,status,13,POSSESSED,DEAD,HALU
4,status,14,VILLAGER,ALIVE,Tomato6
4,status,15,VILLAGER,DEAD,HALU
4,talk,0,0,12,VOTE Agent[14]
4,talk,1,0,10,DIVINED Agent[09] WEREWOLF
4,talk,2,0,5,VOTE Agent[06]
4,talk,3,0,8,VOTE Agent[12]
4,talk,4,0,3,VOTE Agent[12]
4,talk,5,0,11,VOTE Agent[06]
4,talk,6,0,6,VOTE Agent[11]
4,talk,7,0,9,VOTE Agent[06]
4,talk,8,0,14,VOTE Agent[12]
4,talk,9,1,9,Skip
4,talk,10,1,5,Skip
4,talk,11,1,12,Skip
4,talk,12,1,8,REQUEST ANY (VOTE Agent[12])
4,talk,13,1,6,Skip
4,talk,14,1,3,Skip
4,talk,15,1,11,Skip
4,talk,16,1,14,Skip
4,talk,17,1,10,VOTE Agent[09]
4,talk,18,2,11,Skip
4,talk,19,2,3,Skip
4,talk,20,2,14,Skip
4,talk,21,2,10,Skip
4,talk,22,2,6,Skip
4,talk,23,2,12,Skip
4,talk,24,2,8,Skip
4,talk,25,2,9,Skip
4,talk,26,2,5,Skip
4,talk,27,3,14,Over
4,talk,28,3,3,VOTE Agent[14]
4,talk,29,3,9,Over
4,talk,30,3,10,Skip
4,talk,31,3,6,Over
4,talk,32,3,8,Skip
4,talk,33,3,11,Over
4,talk,34,3,5,Over
4,talk,35,3,12,Over
4,talk,36,4,8,Over
4,talk,37,4,11,Over
4,talk,38,4,9,Over
4,talk,39,4,12,Over
4,talk,40,4,3,VOTE Agent[12]
4,talk,41,4,14,Over
4,talk,42,4,10,Over
4,talk,43,4,6,Over
4,talk,44,4,5,Over
4,talk,45,5,9,Over
4,talk,46,5,3,Skip
4,talk,47,5,14,Over
4,talk,48,5,8,Over
4,talk,49,5,6,Over
4,talk,50,5,11,Over
4,talk,51,5,5,Over
4,talk,52,5,10,Over
4,talk,53,5,12,Over
4,talk,54,6,11,Over
4,talk,55,6,3,Skip
4,talk,56,6,5,Over
4,talk,57,6,12,Over
4,talk,58,6,10,Over
4,talk,59,6,14,Over
4,talk,60,6,6,Over
4,talk,61,6,9,Over
4,talk,62,6,8,Over
4,talk,63,7,14,Over
4,talk,64,7,3,VOTE Agent[14]
4,talk,65,7,5,Over
4,talk,66,7,6,Over
4,talk,67,7,8,Over
4,talk,68,7,10,Over
4,talk,69,7,11,Over
4,talk,70,7,12,Over
4,talk,71,7,9,Over
4,talk,72,8,9,Over
4,talk,73,8,10,Over
4,talk,74,8,12,Over
4,talk,75,8,8,Over
4,talk,76,8,5,Over
4,talk,77,8,3,VOTE Agent[12]
4,talk,78,8,6,Over
4,talk,79,8,11,Over
4,talk,80,8,14,Over
4,talk,81,9,5,Over
4,talk,82,9,10,Over
4,talk,83,9,8,Over
4,talk,84,9,14,Over
4,talk,85,9,6,Over
4,talk,86,9,3,VOTE Agent[14]
4,talk,87,9,12,Over
4,talk,88,9,11,Over
4,talk,89,9,9,Over
4,talk,90,10,5,Over
4,talk,91,10,12,Over
4,talk,92,10,9,Over
4,talk,93,10,10,Over
4,talk,94,10,11,Over
4,talk,95,10,14,Over
4,talk,96,10,8,Over
4,talk,97,10,3,VOTE Agent[12]
4,talk,98,10,6,Over
4,talk,99,11,14,Over
4,talk,100,11,10,Over
4,talk,101,11,5,Over
4,talk,102,11,8,Over
4,talk,103,11,3,VOTE Agent[14]
4,talk,104,11,9,Over
4,talk,105,11,11,Over
4,talk,106,11,6,Over
4,talk,107,11,12,Over
4,talk,108,12,12,Over
4,talk,109,12,11,Over
4,talk,110,12,5,Over
4,talk,111,12,14,Over
4,talk,112,12,3,VOTE Agent[12]
4,talk,113,12,10,Over
4,talk,114,12,9,Over
4,talk,115,12,6,Over
4,talk,116,12,8,Over
4,talk,117,13,11,Over
4,talk,118,13,14,Over
4,talk,119,13,6,Over
4,talk,120,13,8,Over
4,talk,121,13,10,Over
4,talk,122,13,12,Over
4,talk,123,13,3,Skip
4,talk,124,13,5,Over
4,talk,125,13,9,Over
4,talk,126,14,14,Over
4,talk,127,14,11,Over
4,talk,128,14,6,Over
4,talk,129,14,5,Over
4,talk,130,14,9,Over
4,talk,131,14,8,Over
4,talk,132,14,12,Over
4,talk,133,14,10,Over
4,talk,134,14,3,VOTE Agent[14]
4,talk,135,15,12,Over
4,talk,136,15,6,Over
4,talk,137,15,8,Over
4,talk,138,15,14,Over
4,talk,139,15,10,Over
4,talk,140,15,9,Over
4,talk,141,15,5,Over
4,talk,142,15,3,Over
4,talk,143,15,11,Over
4,vote,3,14
4,vote,5,6
4,vote,6,11
4,vote,8,5
4,vote,9,6
4,vote,10,9
4,vote,11,6
4,vote,12,14
4,vote,14,12
4,execute,6,VILLAGER
4,whisper,0,0,10,ATTACK Agent[08]
4,whisper,1,0,11,Skip
4,whisper,2,1,11,Skip
4,whisper,3,1,10,Skip
4,whisper,4,2,11,Over
4,whisper,5,2,10,Skip
4,whisper,6,3,11,Over
4,whisper,7,3,10,Over
4,guard,9,10,WEREWOLF
4,attackVote,10,8
4,attackVote,11,8
4,attack,8,true
5,status,1,SEER,DEAD,sample_py
5,status,2,VILLAGER,DEAD,TOKU10
5,status,3,VILLAGER,ALIVE,Tomato2
5,status,4,WEREWOLF,DEAD,Takeda0
5,status,5,VILLAGER,ALIVE,TOKU14
5,status,6,VILLAGER,DEAD,TOKU12
5,status,7,MEDIUM,DEAD,Tomato9
5,status,8,VILLAGER,DEAD,SampleJava3
5,status,9,BODYGUARD,ALIVE,Takeda4
5,status,10,WEREWOLF,ALIVE,sample_py
5,status,11,WEREWOLF,ALIVE,TOKU1
5,status,12,VILLAGER,ALIVE,Tomato5
5,status,13,POSSESSED,DEAD,HALU
5,status,14,VILLAGER,ALIVE,Tomato6
5,status,15,VILLAGER,DEAD,HALU
5,talk,0,0,12,VOTE Agent[14]
5,talk,1,0,14,VOTE Agent[12]
5,talk,2,0,9,VOTE Agent[11]
5,talk,3,0,10,DIVINED Agent[12] WEREWOLF
5,talk,4,0,3,VOTE Agent[14]
5,talk,5,0,11,VOTE Agent[09]
5,talk,6,0,5,VOTE Agent[11]
5,talk,7,1,11,Skip
5,talk,8,1,12,Skip
5,talk,9,1,14,Skip
5,talk,10,1,5,Skip
5,talk,11,1,3,Skip
5,talk,12,1,10,VOTE Agent[09]
5,talk,13,1,9,Skip
5,talk,14,2,14,Skip
5,talk,15,2,3,Skip
5,talk,16,2,9,Skip
5,talk,17,2,12,Skip
5,talk,18,2,5,Skip
5,talk,19,2,10,Skip
5,talk,20,2,11,Skip
5,talk,21,3,3,Over
5,talk,22,3,14,Over
5,talk,23,3,5,Over
5,talk,24,3,11,Over
5,talk,25,3,10,Skip
5,talk,26,3,9,Over
5,talk,27,3,12,Over
5,talk,28,4,9,Over
5,talk,29,4,5,Over
5,talk,30,4,3,Over
5,talk,31,4,12,Over
5,talk,32,4,14,Over
5,talk,33,4,10,Over
5,talk,34,4,11,Over
5,vote,3,14
5,vote,5,11
5,vote,9,11
5,vote,10,9
5,vote,11,9
5,vote,12,14
5,vote,14,12
5,vote,3,14
5,vote,5,11
5,vote,9,11
5,vote,10,9
5,vote,11,9
5,vote,12,14
5,vote,14,12
5,execute,14,VILLAGER
5,whisper,0,0,11,Skip
5,whisper,1,0,10,ATTACK Agent[09]
5,whisper,2,1,11,Skip
5,whisper,3,1,10,Skip
5,whisper,4,2,11,Over
5,whisper,5,2,10,Skip
5,whisper,6,3,10,Over
5,whisper,7,3,11,Over
5,guard,9,10,WEREWOLF
5,attackVote,10,9
5,attackVote,11,12
5,attackVote,10,9
5,attackVote,11,12
5,attack,12,true
6,status,1,SEER,DEAD,sample_py
6,status,2,VILLAGER,DEAD,TOKU10
6,status,3,VILLAGER,ALIVE,Tomato2
6,status,4,WEREWOLF,DEAD,Takeda0
6,status,5,VILLAGER,ALIVE,TOKU14
6,status,6,VILLAGER,DEAD,TOKU12
6,status,7,MEDIUM,DEAD,Tomato9
6,status,8,VILLAGER,DEAD,SampleJava3
6,status,9,BODYGUARD,ALIVE,Takeda4
6,status,10,WEREWOLF,ALIVE,sample_py
6,status,11,WEREWOLF,ALIVE,TOKU1
6,status,12,VILLAGER,DEAD,Tomato5
6,status,13,POSSESSED,DEAD,HALU
6,status,14,VILLAGER,DEAD,Tomato6
6,status,15,VILLAGER,DEAD,HALU
6,talk,0,0,5,VOTE Agent[11]
6,talk,1,0,11,VOTE Agent[09]
6,talk,2,0,9,VOTE Agent[11]
6,talk,3,0,3,VOTE Agent[10]
6,talk,4,0,10,DIVINED Agent[03] HUMAN
6,talk,5,1,10,VOTE Agent[09]
6,talk,6,1,9,Skip
6,talk,7,1,5,Skip
6,talk,8,1,11,Skip
6,talk,9,1,3,Skip
6,talk,10,2,9,Skip
6,talk,11,2,3,Skip
6,talk,12,2,5,VOTE Agent[09]
6,talk,13,2,11,Skip
6,talk,14,2,10,Skip
6,talk,15,3,10,Skip
6,talk,16,3,11,Over
6,talk,17,3,9,VOTE Agent[11]
6,talk,18,3,5,Skip
6,talk,19,3,3,Over
6,talk,20,4,10,Over
6,talk,21,4,9,VOTE Agent[11]
6,talk,22,4,11,Over
6,talk,23,4,5,Skip
6,talk,24,4,3,Over
6,talk,25,5,11,Over
6,talk,26,5,10,Over
6,talk,27,5,9,VOTE Agent[11]
6,talk,28,5,3,Over
6,talk,29,5,5,Over
6,talk,30,6,10,Over
6,talk,31,6,5,Over
6,talk,32,6,3,Over
6,talk,33,6,11,Over
6,talk,34,6,9,VOTE Agent[11]
6,talk,35,7,9,VOTE Agent[11]
6,talk,36,7,11,Over
6,talk,37,7,10,Over
6,talk,38,7,5,Over
6,talk,39,7,3,Over
6,talk,40,8,10,Over
6,talk,41,8,11,Over
6,talk,42,8,9,VOTE Agent[11]
6,talk,43,8,3,Over
6,talk,44,8,5,Over
6,talk,45,9,3,Over
6,talk,46,9,9,VOTE Agent[11]
6,talk,47,9,5,Over
6,talk,48,9,10,Over
6,talk,49,9,11,Over
6,talk,50,10,9,VOTE Agent[11]
6,talk,51,10,11,Over
6,talk,52,10,10,Over
6,talk,53,10,3,Over
6,talk,54,10,5,Over
6,talk,55,11,10,Over
6,talk,56,11,3,Over
6,talk,57,11,9,VOTE Agent[11]
6,talk,58,11,5,Over
6,talk,59,11,11,Over
6,talk,60,12,3,Over
6,talk,61,12,9,Over
6,talk,62,12,5,Over
6,talk,63,12,11,Over
6,talk,64,12,10,Over
6,vote,3,10
6,vote,5,9
6,vote,9,11
6,vote,10,9
6,vote,11,9
6,execute,9,BODYGUARD
6,whisper,0,0,10,ATTACK Agent[05]
6,whisper,1,0,11,Skip
6,whisper,2,1,11,Skip
6,whisper,3,1,10,Skip
6,whisper,4,2,11,Over
6,whisper,5,2,10,Skip
6,whisper,6,3,11,Over
6,whisper,7,3,10,Over
6,attackVote,10,5
6,attackVote,11,5
6,attack,5,true
7,status,1,SEER,DEAD,sample_py
7,status,2,VILLAGER,DEAD,TOKU10
7,status,3,VILLAGER,ALIVE,Tomato2
7,status,4,WEREWOLF,DEAD,Takeda0
7,status,5,VILLAGER,DEAD,TOKU14
7,status,6,VILLAGER,DEAD,TOKU12
7,status,7,MEDIUM,DEAD,Tomato9
7,status,8,VILLAGER,DEAD,SampleJava3
7,status,9,BODYGUARD,DEAD,Takeda4
7,status,10,WEREWOLF,ALIVE,sample_py
7,status,11,WEREWOLF,ALIVE,TOKU1
7,status,12,VILLAGER,DEAD,Tomato5
7,status,13,POSSESSED,DEAD,HALU
7,status,14,VILLAGER,DEAD,Tomato6
7,status,15,VILLAGER,DEAD,HALU
7,result,1,2,WEREWOLF
