0,status,1,SEER,ALIVE,sample_py
0,status,2,VILLAGER,ALIVE,HALU
0,status,3,MEDIUM,ALIVE,Tomato0
0,status,4,WEREWOLF,ALIVE,sample_py
0,status,5,VILLAGER,ALIVE,HALU
0,status,6,VILLAGER,ALIVE,Tomato14
0,status,7,POSSESSED,ALIVE,HALU
0,status,8,WEREWOLF,ALIVE,SampleJava7
0,status,9,VILLAGER,ALIVE,Tomato11
0,status,10,VILLAGER,ALIVE,OKAMI
0,status,11,VILLAGER,ALIVE,HALU
0,status,12,VILLAGER,ALIVE,OKAMI
0,status,13,BODYGUARD,ALIVE,Takeda8
0,status,14,VILLAGER,ALIVE,TOKU9
0,status,15,WEREWOLF,ALIVE,HALU
0,whisper,0,0,15,COMINGOUT Agent[15] SEER
0,whisper,1,0,4,COMINGOUT Agent[04] SEER
0,whisper,2,0,8,COMINGOUT Agent[08] MEDIUM
0,whisper,3,1,15,COMINGOUT Agent[15] VILLAGER
0,whisper,4,1,8,Skip
0,whisper,5,1,4,COMINGOUT Agent[04] SEER
0,whisper,6,2,4,COMINGOUT Agent[04] SEER
0,whisper,7,2,15,Skip
0,whisper,8,2,8,Skip
0,whisper,9,3,4,COMINGOUT Agent[04] SEER
0,whisper,10,3,15,Skip
0,whisper,11,3,8,Over
0,whisper,12,4,15,Over
0,whisper,13,4,4,COMINGOUT Agent[04] SEER
0,whisper,14,4,8,Over
0,whisper,15,5,4,COMINGOUT Agent[04] SEER
0,whisper,16,5,15,Over
0,whisper,17,5,8,Over
0,whisper,18,6,4,COMINGOUT Agent[04] SEER
0,whisper,19,6,8,Over
0,whisper,20,6,15,Over
0,whisper,21,7,8,Over
0,whisper,22,7,15,Over
0,whisper,23,7,4,COMINGOUT Agent[04] SEER
0,whisper,24,8,4,COMINGOUT Agent[04] SEER
0,whisper,25,8,8,Over
0,whisper,26,8,15,Over
0,whisper,27,9,8,Over
0,whisper,28,9,15,Over
0,whisper,29,9,4,COMINGOUT Agent[04] SEER
0,whisper,30,10,15,Over
0,whisper,31,10,8,Over
0,whisper,32,10,4,Over
0,divine,1,5,HUMAN
1,status,1,SEER,ALIVE,sample_py
1,status,2,VILLAGER,ALIVE,HALU
1,status,3,MEDIUM,ALIVE,Tomato0
1,status,4,WEREWOLF,ALIVE,sample_py
1,status,5,VILLAGER,ALIVE,HALU
1,status,6,VILLAGER,ALIVE,Tomato14
1,status,7,POSSESSED,ALIVE,HALU
1,status,8,WEREWOLF,ALIVE,SampleJava7
1,status,9,VILLAGER,ALIVE,Tomato11
1,status,10,VILLAGER,ALIVE,OKAMI
1,status,11,VILLAGER,ALIVE,HALU
1,status,12,VILLAGER,ALIVE,OKAMI
1,status,13,BODYGUARD,ALIVE,Takeda8
1,status,14,VILLAGER,ALIVE,TOKU9
1,status,15,WEREWOLF,ALIVE,HALU
1,talk,0,0,7,COMINGOUT Agent[07] SEER
1,talk,1,0,14,VOTE Agent[08]
1,talk,2,0,3,COMINGOUT Agent[03] MEDIUM
1,talk,3,0,5,VOTE Agent[14]
1,talk,4,0,15,VOTE Agent[14]
1,talk,5,0,11,VOTE Agent[15]
1,talk,6,0,2,VOTE Agent[11]
1,talk,7,0,1,VOTE Agent[07]
1,talk,8,0,13,VOTE Agent[07]
1,talk,9,0,10,VOTE Agent[14]
1,talk,10,0,12,VOTE Agent[07]
1,talk,11,0,4,COMINGOUT Agent[04] SEER
1,talk,12,0,6,VOTE Agent[07]
1,talk,13,0,9,VOTE Agent[07]
1,talk,14,0,8,COMINGOUT Agent[08] MEDIUM
1,talk,15,1,13,VOTE Agent[08]
1,talk,16,1,3,VOTE Agent[07]
1,talk,17,1,14,Skip
1,talk,18,1,6,Skip
1,talk,19,1,15,VOTE Agent[03]
1,talk,20,1,12,COMINGOUT Agent[12] VILLAGER
1,talk,21,1,5,VOTE Agent[03]
1,talk,22,1,11,VOTE Agent[05]
1,talk,23,1,8,VOTE Agent[06]
1,talk,24,1,1,Skip
1,talk,25,1,9,Skip
1,talk,26,1,2,VOTE Agent[03]
1,talk,27,1,4,DIVINED Agent[06] WEREWOLF
1,talk,28,1,7,DIVINED Agent[10] WEREWOLF
1,talk,29,1,10,COMINGOUT Agent[10] VILLAGER
1,talk,30,2,11,VOTE Agent[10]
1,talk,31,2,8,REQUEST ANY (VOTE Agent[06])
1,talk,32,2,10,VOTE Agent[12]
1,talk,33,2,13,Skip
1,talk,34,2,2,VOTE Agent[10]
1,talk,35,2,15,VOTE Agent[03]
1,talk,36,2,14,Skip
1,talk,37,2,12,VOTE Agent[10]
1,talk,38,2,1,Skip
1,talk,39,2,5,VOTE Agent[10]
1,talk,40,2,4,VOTE Agent[06]
1,talk,41,2,7,VOTE Agent[10]
1,talk,42,2,3,VOTE Agent[10]
1,talk,43,2,9,VOTE Agent[10]
1,talk,44,2,6,VOTE Agent[10]
1,talk,45,3,11,VOTE Agent[10]
1,talk,46,3,4,Skip
1,talk,47,3,9,Skip
1,talk,48,3,5,VOTE Agent[10]
1,talk,49,3,8,Skip
1,talk,50,3,2,VOTE Agent[10]
1,talk,51,3,15,VOTE Agent[03]
1,talk,52,3,3,Skip
1,talk,53,3,1,Over
1,talk,54,3,6,Skip
1,talk,55,3,10,VOTE Agent[12]
1,talk,56,3,12,VOTE Agent[10]
1,talk,57,3,7,VOTE Agent[10]
1,talk,58,3,14,Over
1,talk,59,3,13,Skip
1,talk,60,4,2,VOTE Agent[10]
1,talk,61,4,4,Skip
1,talk,62,4,6,Skip
1,talk,63,4,8,Skip
1,talk,64,4,14,Over
1,talk,65,4,9,Skip
1,talk,66,4,15,VOTE Agent[03]
1,talk,67,4,11,VOTE Agent[10]
1,talk,68,4,10,VOTE Agent[12]
1,talk,69,4,5,VOTE Agent[10]
1,talk,70,4,7,VOTE Agent[10]
1,talk,71,4,1,Over
1,talk,72,4,12,VOTE Agent[10]
1,talk,73,4,13,Over
1,talk,74,4,3,Skip
1,talk,75,5,6,Over
1,talk,76,5,8,Over
1,talk,77,5,15,VOTE Agent[03]
1,talk,78,5,9,Over
1,talk,79,5,14,Over
1,talk,80,5,1,Over
1,talk,81,5,10,VOTE Agent[12]
1,talk,82,5,3,Over
1,talk,83,5,13,Over
1,talk,84,5,12,VOTE Agent[10]
1,talk,85,5,5,VOTE Agent[10]
1,talk,86,5,11,VOTE Agent[10]
1,talk,87,5,2,VOTE Agent[10]
1,talk,88,5,7,VOTE Agent[10]
1,talk,89,5,4,Over
1,talk,90,6,1,Over
1,talk,91,6,14,Over
1,talk,92,6,5,VOTE Agent[10]
1,talk,93,6,7,VOTE Agent[10]
1,talk,94,6,8,Over
1,talk,95,6,13,Over
1,talk,96,6,4,Over
1,talk,97,6,2,VOTE Agent[10]
1,talk,98,6,15,VOTE Agent[03]
1,talk,99,6,6,Over
1,talk,100,6,3,Over
1,talk,101,6,9,Over
1,talk,102,6,12,VOTE Agent[10]
1,talk,103,6,10,VOTE Agent[12]
1,talk,104,6,11,VOTE Agent[10]
1,talk,105,7,2,VOTE Agent[10]
1,talk,106,7,12,VOTE Agent[10]
1,talk,107,7,10,VOTE Agent[12]
1,talk,108,7,14,Over
1,talk,109,7,13,Over
1,talk,110,7,3,Over
1,talk,111,7,8,Over
1,talk,112,7,5,VOTE Agent[10]
1,talk,113,7,4,Over
1,talk,114,7,9,Over
1,talk,115,7,7,VOTE Agent[10]
1,talk,116,7,11,VOTE Agent[10]
1,talk,117,7,6,Over
1,talk,118,7,15,VOTE Agent[03]
1,talk,119,7,1,Over
1,talk,120,8,11,VOTE Agent[10]
1,talk,121,8,8,Over
1,talk,122,8,9,Over
1,talk,123,8,13,Over
1,talk,124,8,12,VOTE Agent[10]
1,talk,125,8,6,Over
1,talk,126,8,10,VOTE Agent[12]
1,talk,127,8,1,Over
1,talk,128,8,14,Over
1,talk,129,8,4,Over
1,talk,130,8,7,VOTE Agent[10]
1,talk,131,8,15,VOTE Agent[03]
1,talk,132,8,2,VOTE Agent[10]
1,talk,133,8,3,Over
1,talk,134,8,5,VOTE Agent[10]
1,talk,135,9,5,Over
1,talk,136,9,9,Over
1,talk,137,9,1,Over
1,talk,138,9,13,Over
1,talk,139,9,8,Over
1,talk,140,9,12,Over
1,talk,141,9,7,Over
1,talk,142,9,15,Over
1,talk,143,9,4,Over
1,talk,144,9,6,Over
1,talk,145,9,11,Over
1,talk,146,9,2,Over
1,talk,147,9,14,Over
1,talk,148,9,3,Over
1,talk,149,9,10,Over
1,vote,1,7
1,vote,2,10
1,vote,3,10
1,vote,4,6
1,vote,5,10
1,vote,6,10
1,vote,7,10
1,vote,8,6
1,vote,9,10
1,vote,10,12
1,vote,11,10
1,vote,12,10
1,vote,13,10
1,vote,14,10
1,vote,15,3
1,execute,10,VILLAGER
1,divine,1,9,HUMAN
1,whisper,0,0,8,BECAUSE (AND (NOT (COMINGOUT Agent[07] WEREWOLF)) (NOT (COMINGOUT Agent[10] WEREWOLF)) (DAY 1 (Agent[07] DIVINED Agent[10] WEREWOLF))) (ESTIMATE Agent[07] POSSESSED)
1,whisper,1,0,15,ATTACK Agent[03]
1,whisper,2,0,4,ATTACK Agent[07]
1,whisper,3,1,8,ATTACK Agent[03]
1,whisper,4,1,4,Skip
1,whisper,5,1,15,Skip
1,whisper,6,2,15,Skip
1,whisper,7,2,4,Skip
1,whisper,8,2,8,Skip
1,whisper,9,3,4,Over
1,whisper,10,3,8,Skip
1,whisper,11,3,15,Over
1,whisper,12,4,15,Over
1,whisper,13,4,4,Over
1,whisper,14,4,8,Over
1,guard,13,7,POSSESSED
1,attackVote,4,7
1,attackVote,8,3
1,attackVote,4,7
1,attackVote,8,3
1,attackVote,15,3
1,attack,3,true
2,status,1,SEER,ALIVE,sample_py
2,status,2,VILLAGER,ALIVE,HALU
2,status,3,MEDIUM,DEAD,Tomato0
2,status,4,WEREWOLF,ALIVE,sample_py
2,status,5,VILLAGER,ALIVE,HALU
2,status,6,VILLAGER,ALIVE,Tomato14
2,status,7,POSSESSED,ALIVE,HALU
2,status,8,WEREWOLF,ALIVE,SampleJava7
2,status,9,VILLAGER,ALIVE,Tomato11
2,status,10,VILLAGER,DEAD,OKAMI
2,status,11,VILLAGER,ALIVE,HALU
2,status,12,VILLAGER,ALIVE,OKAMI
2,status,13,BODYGUARD,ALIVE,Takeda8
2,status,14,VILLAGER,ALIVE,TOKU9
2,status,15,WEREWOLF,ALIVE,HALU
2,talk,0,0,2,VOTE Agent[06]
2,talk,1,0,7,DIVINED Agent[02] WEREWOLF
2,talk,2,0,6,VOTE Agent[05]
2,talk,3,0,5,VOTE Agent[02]
2,talk,4,0,4,DIVINED Agent[02] HUMAN
2,talk,5,0,11,VOTE Agent[06]
2,talk,6,0,1,VOTE Agent[04]
2,talk,7,0,9,VOTE Agent[06]
2,talk,8,0,14,VOTE Agent[08]
2,talk,9,0,12,VOTE Agent[02]
2,talk,10,0,13,VOTE Agent[08]
2,talk,11,0,8,DAY 2 (IDENTIFIED Agent[10] WEREWOLF)
2,talk,12,0,15,VOTE Agent[08]
2,talk,13,1,15,VOTE Agent[08]
2,talk,14,1,5,VOTE Agent[06]
2,talk,15,1,9,VOTE Agent[08]
2,talk,16,1,8,IDENTIFIED Agent[10] WEREWOLF
2,talk,17,1,12,COMINGOUT Agent[12] VILLAGER
2,talk,18,1,13,Skip
2,talk,19,1,1,Skip
2,talk,20,1,11,VOTE Agent[06]
2,talk,21,1,6,VOTE Agent[08]
2,talk,22,1,14,VOTE Agent[09]
2,talk,23,1,2,VOTE Agent[06]
2,talk,24,1,4,VOTE Agent[06]
2,talk,25,1,7,VOTE Agent[02]
2,talk,26,2,14,VOTE Agent[05]
2,talk,27,2,11,VOTE Agent[06]
2,talk,28,2,2,VOTE Agent[06]
2,talk,29,2,8,VOTE Agent[06]
2,talk,30,2,7,VOTE Agent[02]
2,talk,31,2,4,Skip
2,talk,32,2,15,VOTE Agent[08]
2,talk,33,2,6,Skip
2,talk,34,2,1,Skip
2,talk,35,2,5,VOTE Agent[06]
2,talk,36,2,12,VOTE Agent[02]
2,talk,37,2,9,VOTE Agent[06]
2,talk,38,2,13,VOTE Agent[06]
2,talk,39,3,8,REQUEST ANY (VOTE Agent[06])
2,talk,40,3,14,VOTE Agent[13]
2,talk,41,3,13,VOTE Agent[02]
2,talk,42,3,12,VOTE Agent[02]
2,talk,43,3,5,VOTE Agent[02]
2,talk,44,3,4,Skip
2,talk,45,3,9,Skip
2,talk,46,3,6,VOTE Agent[02]
2,talk,47,3,11,VOTE Agent[06]
2,talk,48,3,7,VOTE Agent[02]
2,talk,49,3,15,VOTE Agent[08]
2,talk,50,3,1,Over
2,talk,51,3,2,VOTE Agent[06]
2,talk,52,4,1,Over
2,talk,53,4,7,VOTE Agent[02]
2,talk,54,4,12,VOTE Agent[02]
2,talk,55,4,4,Over
2,talk,56,4,2,VOTE Agent[06]
2,talk,57,4,6,Skip
2,talk,58,4,15,VOTE Agent[08]
2,talk,59,4,9,VOTE Agent[02]
2,talk,60,4,8,Skip
2,talk,61,4,5,VOTE Agent[02]
2,talk,62,4,11,VOTE Agent[02]
2,talk,63,4,13,VOTE Agent[06]
2,talk,64,4,14,VOTE Agent[05]
2,talk,65,5,1,Over
2,talk,66,5,14,VOTE Agent[04]
2,talk,67,5,4,Over
2,talk,68,5,8,Skip
2,talk,69,5,9,Skip
2,talk,70,5,15,VOTE Agent[08]
2,talk,71,5,12,VOTE Agent[06]
2,talk,72,5,11,VOTE Agent[06]
2,talk,73,5,7,VOTE Agent[02]
2,talk,74,5,6,Skip
2,talk,75,5,2,VOTE Agent[06]
2,talk,76,5,13,Skip
2,talk,77,5,5,VOTE Agent[02]
2,talk,78,6,2,VOTE Agent[06]
2,talk,79,6,12,VOTE Agent[02]
2,talk,80,6,13,VOTE Agent[04]
2,talk,81,6,11,VOTE Agent[02]
2,talk,82,6,7,VOTE Agent[02]
2,talk,83,6,1,Over
2,talk,84,6,5,VOTE Agent[02]
2,talk,85,6,14,Skip
2,talk,86,6,8,Over
2,talk,87,6,4,Over
2,talk,88,6,9,Skip
2,talk,89,6,6,Over
2,talk,90,6,15,VOTE Agent[08]
2,talk,91,7,15,VOTE Agent[08]
2,talk,92,7,7,VOTE Agent[02]
2,talk,93,7,5,VOTE Agent[02]
2,talk,94,7,2,VOTE Agent[06]
2,talk,95,7,6,Over
2,talk,96,7,12,VOTE Agent[06]
2,talk,97,7,11,VOTE Agent[02]
2,talk,98,7,14,Skip
2,talk,99,7,13,Skip
2,talk,100,7,9,Over
2,talk,101,7,1,Over
2,talk,102,7,8,Over
2,talk,103,7,4,Over
2,talk,104,8,7,VOTE Agent[02]
2,talk,105,8,13,Skip
2,talk,106,8,9,Over
2,talk,107,8,4,Over
2,talk,108,8,12,VOTE Agent[06]
2,talk,109,8,1,Over
2,talk,110,8,14,Over
2,talk,111,8,15,VOTE Agent[08]
2,talk,112,8,8,Over
2,talk,113,8,6,Over
2,talk,114,8,5,VOTE Agent[06]
2,talk,115,8,11,VOTE Agent[02]
2,talk,116,8,2,VOTE Agent[06]
2,talk,117,9,7,Over
2,talk,118,9,12,Over
2,talk,119,9,13,Over
2,talk,120,9,1,Over
2,talk,121,9,9,VOTE Agent[06]
2,talk,122,9,14,Over
2,talk,123,9,6,VOTE Agent[04]
2,talk,124,9,15,Over
2,talk,125,9,2,Over
2,talk,126,9,11,Over
2,talk,127,9,4,Over
2,talk,128,9,8,Over
2,talk,129,9,5,Over
2,talk,130,10,11,Over
2,talk,131,10,13,Over
2,talk,132,10,2,Over
2,talk,133,10,12,Over
2,talk,134,10,4,Over
2,talk,135,10,14,Over
2,talk,136,10,9,VOTE Agent[04]
2,talk,137,10,5,Over
2,talk,138,10,8,Over
2,talk,139,10,6,Skip
2,talk,140,10,7,Over
2,talk,141,10,15,Over
2,talk,142,10,1,Over
2,talk,143,11,15,Over
2,talk,144,11,1,Over
2,talk,145,11,13,Over
2,talk,146,11,4,Over
2,talk,147,11,8,Over
2,talk,148,11,2,Over
2,talk,149,11,9,Skip
2,talk,150,11,11,Over
2,talk,151,11,6,Skip
2,talk,152,11,7,Over
2,talk,153,11,5,Over
2,talk,154,11,12,Over
2,talk,155,11,14,Over
2,talk,156,12,9,Skip
2,talk,157,12,14,Over
2,talk,158,12,1,Over
2,talk,159,12,15,Over
2,talk,160,12,2,Over
2,talk,161,12,4,Over
2,talk,162,12,5,Over
2,talk,163,12,11,Over
2,talk,164,12,8,Over
2,talk,165,12,6,Over
2,talk,166,12,7,Over
2,talk,167,12,13,Over
2,talk,168,12,12,Over
2,talk,169,13,6,Over
2,talk,170,13,5,Over
2,talk,171,13,14,Over
2,talk,172,13,15,Over
2,talk,173,13,1,Over
2,talk,174,13,9,Over
2,talk,175,13,13,Over
2,talk,176,13,12,Over
2,talk,177,13,8,Over
2,talk,178,13,2,Over
2,talk,179,13,4,Over
2,talk,180,13,7,Over
2,talk,181,13,11,Over
2,vote,1,4
2,vote,2,6
2,vote,4,6
2,vote,5,2
2,vote,6,4
2,vote,7,2
2,vote,8,6
2,vote,9,4
2,vote,11,6
2,vote,12,2
2,vote,13,4
2,vote,14,4
2,vote,15,8
2,execute,4,WEREWOLF
2,divine,1,13,HUMAN
2,whisper,0,0,15,ATTACK Agent[13]
2,whisper,1,0,8,BECAUSE (Agent[12] COMINGOUT Agent[12] VILLAGER) (ATTACK Agent[12])
2,whisper,2,1,15,Skip
2,whisper,3,1,8,ATTACK Agent[12]
2,whisper,4,2,8,Skip
2,whisper,5,2,15,Skip
2,whisper,6,3,15,Over
2,whisper,7,3,8,Skip
2,whisper,8,4,8,Over
2,whisper,9,4,15,Over
2,guard,13,7,POSSESSED
2,attackVote,8,12
2,attackVote,15,7
2,attackVote,8,12
2,attackVote,15,13
2,attack,13,true
3,status,1,SEER,ALIVE,sample_py
3,status,2,VILLAGER,ALIVE,HALU
3,status,3,MEDIUM,DEAD,Tomato0
3,status,4,WEREWOLF,DEAD,sample_py
3,status,5,VILLAGER,ALIVE,HALU
3,status,6,VILLAGER,ALIVE,Tomato14
3,status,7,POSSESSED,ALIVE,HALU
3,status,8,WEREWOLF,ALIVE,SampleJava7
3,status,9,VILLAGER,ALIVE,Tomato11
3,status,10,VILLAGER,DEAD,OKAMI
3,status,11,VILLAGER,ALIVE,HALU
3,status,12,VILLAGER,ALIVE,OKAMI
3,status,13,BODYGUARD,DEAD,Takeda8
3,status,14,VILLAGER,ALIVE,TOKU9
3,status,15,WEREWOLF,ALIVE,HALU
3,talk,0,0,8,DAY 3 (IDENTIFIED Agent[04] HUMAN)
3,talk,1,0,7,DIVINED Agent[06] HUMAN
3,talk,2,0,11,VOTE Agent[02]
3,talk,3,0,15,VOTE Agent[08]
3,talk,4,0,12,VOTE Agent[02]
3,talk,5,0,5,VOTE Agent[02]
3,talk,6,0,14,VOTE Agent[05]
3,talk,7,0,1,COMINGOUT Agent[01] SEER
3,talk,8,0,2,VOTE Agent[06]
3,talk,9,0,6,VOTE Agent[08]
3,talk,10,0,9,VOTE Agent[06]
3,talk,11,1,1,DIVINED Agent[05] HUMAN
3,talk,12,1,9,Skip
3,talk,13,1,11,VOTE Agent[01]
3,talk,14,1,7,VOTE Agent[02]
3,talk,15,1,8,IDENTIFIED Agent[04] HUMAN
3,talk,16,1,5,VOTE Agent[07]
3,talk,17,1,2,VOTE Agent[01]
3,talk,18,1,15,VOTE Agent[08]
3,talk,19,1,14,VOTE Agent[01]
3,talk,20,1,6,Skip
3,talk,21,1,12,COMINGOUT Agent[12] VILLAGER
3,talk,22,2,7,VOTE Agent[02]
3,talk,23,2,1,DIVINED Agent[09] HUMAN
3,talk,24,2,15,VOTE Agent[08]
3,talk,25,2,5,VOTE Agent[07]
3,talk,26,2,6,Skip
3,talk,27,2,9,Skip
3,talk,28,2,11,VOTE Agent[07]
3,talk,29,2,2,VOTE Agent[01]
3,talk,30,2,14,Skip
3,talk,31,2,12,VOTE Agent[01]
3,talk,32,2,8,VOTE Agent[06]
3,talk,33,3,6,Over
3,talk,34,3,5,VOTE Agent[07]
3,talk,35,3,9,Over
3,talk,36,3,11,VOTE Agent[07]
3,talk,37,3,2,VOTE Agent[07]
3,talk,38,3,15,VOTE Agent[08]
3,talk,39,3,7,VOTE Agent[08]
3,talk,40,3,12,VOTE Agent[01]
3,talk,41,3,14,Skip
3,talk,42,3,8,REQUEST ANY (VOTE Agent[06])
3,talk,43,3,1,DIVINED Agent[13] HUMAN
3,talk,44,4,1,VOTE Agent[07]
3,talk,45,4,8,Skip
3,talk,46,4,6,Over
3,talk,47,4,11,VOTE Agent[01]
3,talk,48,4,12,VOTE Agent[01]
3,talk,49,4,14,Over
3,talk,50,4,15,VOTE Agent[08]
3,talk,51,4,9,Over
3,talk,52,4,2,VOTE Agent[01]
3,talk,53,4,7,VOTE Agent[08]
3,talk,54,4,5,VOTE Agent[01]
3,talk,55,5,6,Over
3,talk,56,5,2,VOTE Agent[07]
3,talk,57,5,5,VOTE Agent[07]
3,talk,58,5,8,Skip
3,talk,59,5,14,Over
3,talk,60,5,9,Over
3,talk,61,5,12,VOTE Agent[01]
3,talk,62,5,1,Skip
3,talk,63,5,15,VOTE Agent[08]
3,talk,64,5,7,VOTE Agent[08]
3,talk,65,5,11,VOTE Agent[07]
3,talk,66,6,9,Over
3,talk,67,6,1,Skip
3,talk,68,6,15,VOTE Agent[08]
3,talk,69,6,11,VOTE Agent[07]
3,talk,70,6,5,VOTE Agent[07]
3,talk,71,6,2,VOTE Agent[01]
3,talk,72,6,8,Over
3,talk,73,6,12,VOTE Agent[01]
3,talk,74,6,14,Over
3,talk,75,6,6,Over
3,talk,76,6,7,VOTE Agent[08]
3,talk,77,7,15,VOTE Agent[08]
3,talk,78,7,8,Over
3,talk,79,7,7,VOTE Agent[08]
3,talk,80,7,5,VOTE Agent[07]
3,talk,81,7,2,VOTE Agent[07]
3,talk,82,7,12,VOTE Agent[01]
3,talk,83,7,9,Over
3,talk,84,7,11,VOTE Agent[07]
3,talk,85,7,6,Over
3,talk,86,7,1,Over
3,talk,87,7,14,Over
3,talk,88,8,15,VOTE Agent[08]
3,talk,89,8,11,VOTE Agent[07]
3,talk,90,8,6,Over
3,talk,91,8,7,VOTE Agent[08]
3,talk,92,8,5,VOTE Agent[07]
3,talk,93,8,8,Over
3,talk,94,8,2,VOTE Agent[07]
3,talk,95,8,9,Over
3,talk,96,8,14,Over
3,talk,97,8,12,VOTE Agent[01]
3,talk,98,8,1,Over
3,talk,99,9,14,Over
3,talk,100,9,7,Over
3,talk,101,9,12,Over
3,talk,102,9,1,Over
3,talk,103,9,6,Over
3,talk,104,9,11,Over
3,talk,105,9,5,Over
3,talk,106,9,9,Over
3,talk,107,9,8,Over
3,talk,108,9,15,Over
3,talk,109,9,2,Over
3,vote,1,7
3,vote,2,7
3,vote,5,7
3,vote,6,8
3,vote,7,2
3,vote,8,6
3,vote,9,6
3,vote,11,7
3,vote,12,1
3,vote,14,1
3,vote,15,8
3,execute,7,POSSESSED
3,divine,1,6,HUMAN
3,whisper,0,0,8,ATTACK Agent[01]
3,whisper,1,0,15,ATTACK Agent[14]
3,whisper,2,1,8,Skip
3,whisper,3,1,15,Skip
3,whisper,4,2,8,Skip
3,whisper,5,2,15,Skip
3,whisper,6,3,15,Over
3,whisper,7,3,8,Over
3,attackVote,8,1
3,attackVote,15,11
3,attackVote,8,1
3,attack,1,true
4,status,1,SEER,DEAD,sample_py
4,status,2,VILLAGER,ALIVE,HALU
4,status,3,MEDIUM,DEAD,Tomato0
4,status,4,WEREWOLF,DEAD,sample_py
4,status,5,VILLAGER,ALIVE,HALU
4,status,6,VILLAGER,ALIVE,Tomato14
4,status,7,POSSESSED,DEAD,HALU
4,status,8,WEREWOLF,ALIVE,SampleJava7
4,status,9,VILLAGER,ALIVE,Tomato11
4,status,10,VILLAGER,DEAD,OKAMI
4,status,11,VILLAGER,ALIVE,HALU
4,status,12,VILLAGER,ALIVE,OKAMI
4,status,13,BODYGUARD,DEAD,Takeda8
4,status,14,VILLAGER,ALIVE,TOKU9
4,status,15,WEREWOLF,ALIVE,HALU
4,talk,0,0,5,VOTE Agent[02]
4,talk,1,0,9,VOTE Agent[06]
4,talk,2,0,2,VOTE Agent[06]
4,talk,3,0,15,VOTE Agent[08]
4,talk,4,0,14,VOTE Agent[11]
4,talk,5,0,12,VOTE Agent[02]
4,talk,6,0,8,DAY 4 (IDENTIFIED Agent[07] WEREWOLF)
4,talk,7,0,6,VOTE Agent[08]
4,talk,8,0,11,VOTE Agent[02]
4,talk,9,1,2,VOTE Agent[06]
4,talk,10,1,5,VOTE Agent[02]
4,talk,11,1,9,Skip
4,talk,12,1,15,VOTE Agent[08]
4,talk,13,1,14,Skip
4,talk,14,1,11,VOTE Agent[02]
4,talk,15,1,8,IDENTIFIED Agent[07] WEREWOLF
4,talk,16,1,12,COMINGOUT Agent[12] VILLAGER
4,talk,17,1,6,Skip
4,talk,18,2,15,VOTE Agent[08]
4,talk,19,2,12,VOTE Agent[06]
4,talk,20,2,2,VOTE Agent[06]
4,talk,21,2,14,Skip
4,talk,22,2,8,VOTE Agent[06]
4,talk,23,2,5,VOTE Agent[06]
4,talk,24,2,9,Skip
4,talk,25,2,11,VOTE Agent[02]
4,talk,26,2,6,Skip
4,talk,27,3,12,VOTE Agent[02]
4,talk,28,3,6,Over
4,talk,29,3,2,VOTE Agent[06]
4,talk,30,3,11,VOTE Agent[02]
4,talk,31,3,15,VOTE Agent[08]
4,talk,32,3,8,REQUEST ANY (VOTE Agent[06])
4,talk,33,3,9,Over
4,talk,34,3,5,VOTE Agent[02]
4,talk,35,3,14,VOTE Agent[15]
4,talk,36,4,12,VOTE Agent[02]
4,talk,37,4,11,VOTE Agent[06]
4,talk,38,4,2,VOTE Agent[06]
4,talk,39,4,6,Over
4,talk,40,4,15,VOTE Agent[08]
4,talk,41,4,9,Over
4,talk,42,4,14,Skip
4,talk,43,4,8,Skip
4,talk,44,4,5,VOTE Agent[02]
4,talk,45,5,5,VOTE Agent[02]
4,talk,46,5,11,VOTE Agent[02]
4,talk,47,5,8,Skip
4,talk,48,5,14,Skip
4,talk,49,5,12,VOTE Agent[02]
4,talk,50,5,6,Over
4,talk,51,5,15,VOTE Agent[08]
4,talk,52,5,2,VOTE Agent[06]
4,talk,53,5,9,Over
4,talk,54,6,14,Over
4,talk,55,6,6,Over
4,talk,56,6,2,VOTE Agent[06]
4,talk,57,6,9,Over
4,talk,58,6,5,VOTE Agent[02]
4,talk,59,6,8,Over
4,talk,60,6,11,VOTE Agent[02]
4,talk,61,6,15,VOTE Agent[08]
4,talk,62,6,12,VOTE Agent[02]
4,talk,63,7,8,Over
4,talk,64,7,5,VOTE Agent[02]
4,talk,65,7,15,VOTE Agent[08]
4,talk,66,7,14,Over
4,talk,67,7,9,Over
4,talk,68,7,12,VOTE Agent[02]
4,talk,69,7,2,VOTE Agent[06]
4,talk,70,7,11,VOTE Agent[02]
4,talk,71,7,6,Over
4,talk,72,8,12,VOTE Agent[02]
4,talk,73,8,8,Over
4,talk,74,8,11,VOTE Agent[02]
4,talk,75,8,5,VOTE Agent[02]
4,talk,76,8,9,Over
4,talk,77,8,6,Over
4,talk,78,8,15,VOTE Agent[08]
4,talk,79,8,14,Over
4,talk,80,8,2,VOTE Agent[06]
4,talk,81,9,15,Over
4,talk,82,9,9,Over
4,talk,83,9,2,Over
4,talk,84,9,5,Over
4,talk,85,9,12,Over
4,talk,86,9,14,Over
4,talk,87,9,6,Over
4,talk,88,9,8,Over
4,talk,89,9,11,Over
4,vote,2,6
4,vote,5,2
4,vote,6,8
4,vote,8,6
4,vote,9,6
4,vote,11,2
4,vote,12,2
4,vote,14,15
4,vote,15,8
4,vote,2,6
4,vote,5,2
4,vote,6,8
4,vote,8,2
4,vote,9,6
4,vote,11,2
4,vote,12,2
4,vote,14,15
4,vote,15,8
4,execute,2,VILLAGER
4,whisper,0,0,15,ATTACK Agent[08]
4,whisper,1,0,8,BECAUSE (Agent[12] COMINGOUT Agent[12] VILLAGER) (ATTACK Agent[12])
4,whisper,2,1,8,ATTACK Agent[12]
4,whisper,3,1,15,Skip
4,whisper,4,2,8,Skip
4,whisper,5,2,15,Skip
4,whisper,6,3,8,Skip
4,whisper,7,3,15,Over
4,whisper,8,4,8,Over
4,whisper,9,4,15,Over
4,attackVote,8,12
4,attackVote,15,14
4,attackVote,8,12
4,attack,12,true
5,status,1,SEER,DEAD,sample_py
5,status,2,VILLAGER,DEAD,HALU
5,status,3,MEDIUM,DEAD,Tomato0
5,status,4,WEREWOLF,DEAD,sample_py
5,status,5,VILLAGER,ALIVE,HALU
5,status,6,VILLAGER,ALIVE,Tomato14
5,status,7,POSSESSED,DEAD,HALU
5,status,8,WEREWOLF,ALIVE,SampleJava7
5,status,9,VILLAGER,ALIVE,Tomato11
5,status,10,VILLAGER,DEAD,OKAMI
5,status,11,VILLAGER,ALIVE,HALU
5,status,12,VILLAGER,DEAD,OKAMI
5,status,13,BODYGUARD,DEAD,Takeda8
5,status,14,VILLAGER,ALIVE,TOKU9
5,status,15,WEREWOLF,ALIVE,HALU
5,talk,0,0,15,VOTE Agent[08]
5,talk,1,0,8,DAY 5 (IDENTIFIED Agent[02] WEREWOLF)
5,talk,2,0,9,VOTE Agent[06]
5,talk,3,0,6,VOTE Agent[08]
5,talk,4,0,5,VOTE Agent[11]
5,talk,5,0,14,VOTE Agent[15]
5,talk,6,0,11,VOTE Agent[05]
5,talk,7,1,15,VOTE Agent[08]
5,talk,8,1,11,VOTE Agent[05]
5,talk,9,1,6,Skip
5,talk,10,1,8,IDENTIFIED Agent[02] WEREWOLF
5,talk,11,1,5,VOTE Agent[08]
5,talk,12,1,9,Skip
5,talk,13,1,14,Skip
5,talk,14,2,6,Skip
5,talk,15,2,8,VOTE Agent[06]
5,talk,16,2,9,Skip
5,talk,17,2,5,VOTE Agent[08]
5,talk,18,2,15,VOTE Agent[08]
5,talk,19,2,11,VOTE Agent[08]
5,talk,20,2,14,Skip
5,talk,21,3,9,Over
5,talk,22,3,5,VOTE Agent[08]
5,talk,23,3,14,Over
5,talk,24,3,6,Over
5,talk,25,3,15,VOTE Agent[08]
5,talk,26,3,11,VOTE Agent[08]
5,talk,27,3,8,REQUEST ANY (VOTE Agent[06])
5,talk,28,4,9,Over
5,talk,29,4,8,Skip
5,talk,30,4,15,VOTE Agent[08]
5,talk,31,4,6,Over
5,talk,32,4,11,VOTE Agent[08]
5,talk,33,4,5,VOTE Agent[11]
5,talk,34,4,14,Over
5,talk,35,5,15,VOTE Agent[08]
5,talk,36,5,5,VOTE Agent[08]
5,talk,37,5,8,Skip
5,talk,38,5,6,Over
5,talk,39,5,11,VOTE Agent[08]
5,talk,40,5,14,Over
5,talk,41,5,9,Over
5,talk,42,6,14,Over
5,talk,43,6,8,Over
5,talk,44,6,5,VOTE Agent[08]
5,talk,45,6,11,VOTE Agent[05]
5,talk,46,6,9,Over
5,talk,47,6,15,VOTE Agent[08]
5,talk,48,6,6,Over
5,talk,49,7,14,Over
5,talk,50,7,6,Over
5,talk,51,7,5,VOTE Agent[08]
5,talk,52,7,8,Over
5,talk,53,7,9,Over
5,talk,54,7,11,VOTE Agent[08]
5,talk,55,7,15,VOTE Agent[08]
5,talk,56,8,6,Over
5,talk,57,8,15,VOTE Agent[08]
5,talk,58,8,8,Over
5,talk,59,8,5,VOTE Agent[08]
5,talk,60,8,14,Over
5,talk,61,8,11,VOTE Agent[08]
5,talk,62,8,9,Over
5,talk,63,9,8,Over
5,talk,64,9,9,Over
5,talk,65,9,6,Over
5,talk,66,9,14,Over
5,talk,67,9,15,Over
5,talk,68,9,11,Over
5,talk,69,9,5,Over
5,vote,5,11
5,vote,6,8
5,vote,8,6
5,vote,9,6
5,vote,11,8
5,vote,14,8
5,vote,15,8
5,execute,8,WEREWOLF
5,attackVote,15,11
5,attack,11,true
6,status,1,SEER,DEAD,sample_py
6,status,2,VILLAGER,DEAD,HALU
6,status,3,MEDIUM,DEAD,Tomato0
6,status,4,WEREWOLF,DEAD,sample_py
6,status,5,VILLAGER,ALIVE,HALU
6,status,6,VILLAGER,ALIVE,Tomato14
6,status,7,POSSESSED,DEAD,HALU
6,status,8,WEREWOLF,DEAD,SampleJava7
6,status,9,VILLAGER,ALIVE,Tomato11
6,status,10,VILLAGER,DEAD,OKAMI
6,status,11,VILLAGER,DEAD,HALU
6,status,12,VILLAGER,DEAD,OKAMI
6,status,13,BODYGUARD,DEAD,Takeda8
6,status,14,VILLAGER,ALIVE,TOKU9
6,status,15,WEREWOLF,ALIVE,HALU
6,talk,0,0,6,VOTE Agent[14]
6,talk,1,0,9,VOTE Agent[06]
6,talk,2,0,15,VOTE Agent[06]
6,talk,3,0,14,VOTE Agent[15]
6,talk,4,0,5,VOTE Agent[14]
6,talk,5,1,9,Skip
6,talk,6,1,15,VOTE Agent[06]
6,talk,7,1,6,Skip
6,talk,8,1,5,VOTE Agent[15]
6,talk,9,1,14,Skip
6,talk,10,2,14,Skip
6,talk,11,2,15,VOTE Agent[06]
6,talk,12,2,9,Skip
6,talk,13,2,6,Skip
6,talk,14,2,5,VOTE Agent[15]
6,talk,15,3,6,Over
6,talk,16,3,9,Over
6,talk,17,3,5,VOTE Agent[15]
6,talk,18,3,14,Over
6,talk,19,3,15,VOTE Agent[06]
6,talk,20,4,15,VOTE Agent[06]
6,talk,21,4,9,Over
6,talk,22,4,14,Over
6,talk,23,4,5,VOTE Agent[15]
6,talk,24,4,6,Over
6,talk,25,5,5,VOTE Agent[15]
6,talk,26,5,6,Over
6,talk,27,5,15,VOTE Agent[06]
6,talk,28,5,9,Over
6,talk,29,5,14,Over
6,talk,30,6,15,VOTE Agent[06]
6,talk,31,6,5,VOTE Agent[15]
6,talk,32,6,9,Over
6,talk,33,6,14,Over
6,talk,34,6,6,Over
6,talk,35,7,15,VOTE Agent[06]
6,talk,36,7,14,Over
6,talk,37,7,6,Over
6,talk,38,7,5,VOTE Agent[15]
6,talk,39,7,9,Over
6,talk,40,8,6,Over
6,talk,41,8,5,VOTE Agent[15]
6,talk,42,8,15,VOTE Agent[06]
6,talk,43,8,9,Over
6,talk,44,8,14,Over
6,talk,45,9,6,Over
6,talk,46,9,9,Over
6,talk,47,9,5,Over
6,talk,48,9,14,Over
6,talk,49,9,15,Over
6,vote,5,15
6,vote,6,14
6,vote,9,6
6,vote,14,15
6,vote,15,6
6,vote,5,15
6,vote,6,14
6,vote,9,6
6,vote,14,15
6,vote,15,6
6,execute,15,WEREWOLF
7,status,1,SEER,DEAD,sample_py
7,status,2,VILLAGER,DEAD,HALU
7,status,3,MEDIUM,DEAD,Tomato0
7,status,4,WEREWOLF,DEAD,sample_py
7,status,5,VILLAGER,ALIVE,HALU
7,status,6,VILLAGER,ALIVE,Tomato14
7,status,7,POSSESSED,DEAD,HALU
7,status,8,WEREWOLF,DEAD,SampleJava7
7,status,9,VILLAGER,ALIVE,Tomato11
7,status,10,VILLAGER,DEAD,OKAMI
7,status,11,VILLAGER,DEAD,HALU
7,status,12,VILLAGER,DEAD,OKAMI
7,status,13,BODYGUARD,DEAD,Takeda8
7,status,14,VILLAGER,ALIVE,TOKU9
7,status,15,WEREWOLF,DEAD,HALU
7,result,4,0,VILLAGER
