0,status,1,MEDIUM,ALIVE,sample_py
0,status,2,VILLAGER,ALIVE,Tomato9
0,status,3,SEER,ALIVE,sample_py
0,status,4,VILLAGER,ALIVE,Tomato2
0,status,5,BODYGUARD,ALIVE,Takeda0
0,status,6,VILLAGER,ALIVE,TOKU6
0,status,7,VILLAGER,ALIVE,Takeda1
0,status,8,VILLAGER,ALIVE,HALU
0,status,9,WEREWOLF,ALIVE,Tomato10
0,status,10,VILLAGER,ALIVE,TOKU8
0,status,11,VILLAGER,ALIVE,sample_py
0,status,12,POSSESSED,ALIVE,TOKU13
0,status,13,WEREWOLF,ALIVE,SampleJava14
0,status,14,VILLAGER,ALIVE,Tomato7
0,status,15,WEREWOLF,ALIVE,OKAMI
0,whisper,0,0,13,COMINGOUT Agent[13] VILLAGER
0,whisper,1,0,9,COMINGOUT Agent[09] VILLAGER
0,whisper,2,0,15,COMINGOUT Agent[15] MEDIUM
0,whisper,3,1,13,Skip
0,whisper,4,1,9,Skip
0,whisper,5,1,15,Skip
0,whisper,6,2,15,Skip
0,whisper,7,2,9,COMINGOUT Agent[09] SEER
0,whisper,8,2,13,Skip
0,whisper,9,3,13,Over
0,whisper,10,3,9,Skip
0,whisper,11,3,15,Over
0,whisper,12,4,13,Over
0,whisper,13,4,9,Skip
0,whisper,14,4,15,Over
0,whisper,15,5,13,Over
0,whisper,16,5,9,Over
0,whisper,17,5,15,Over
0,divine,3,7,HUMAN
1,status,1,MEDIUM,ALIVE,sample_py
1,status,2,VILLAGER,ALIVE,Tomato9
1,status,3,SEER,ALIVE,sample_py
1,status,4,VILLAGER,ALIVE,Tomato2
1,status,5,BODYGUARD,ALIVE,Takeda0
1,status,6,VILLAGER,ALIVE,TOKU6
1,status,7,VILLAGER,ALIVE,Takeda1
1,status,8,VILLAGER,ALIVE,HALU
1,status,9,WEREWOLF,ALIVE,Tomato10
1,status,10,VILLAGER,ALIVE,TOKU8
1,status,11,VILLAGER,ALIVE,sample_py
1,status,12,POSSESSED,ALIVE,TOKU13
1,status,13,WEREWOLF,ALIVE,SampleJava14
1,status,14,VILLAGER,ALIVE,Tomato7
1,status,15,WEREWOLF,ALIVE,OKAMI
1,talk,0,0,4,VOTE Agent[15]
1,talk,1,0,1,VOTE Agent[04]
1,talk,2,0,6,VOTE Agent[15]
1,talk,3,0,11,VOTE Agent[12]
1,talk,4,0,14,VOTE Agent[15]
1,talk,5,0,2,VOTE Agent[15]
1,talk,6,0,7,VOTE Agent[15]
1,talk,7,0,15,COMINGOUT Agent[15] MEDIUM
1,talk,8,0,5,VOTE Agent[15]
1,talk,9,0,10,VOTE Agent[15]
1,talk,10,0,9,COMINGOUT Agent[09] SEER
1,talk,11,0,3,VOTE Agent[09]
1,talk,12,0,8,VOTE Agent[01]
1,talk,13,0,13,VOTE Agent[14]
1,talk,14,0,12,COMINGOUT Agent[12] SEER
1,talk,15,1,15,VOTE Agent[04]
1,talk,16,1,14,Skip
1,talk,17,1,1,VOTE Agent[15]
1,talk,18,1,8,VOTE Agent[11]
1,talk,19,1,2,Skip
1,talk,20,1,4,Skip
1,talk,21,1,5,VOTE Agent[10]
1,talk,22,1,11,Skip
1,talk,23,1,13,REQUEST ANY (VOTE Agent[14])
1,talk,24,1,6,Skip
1,talk,25,1,9,DIVINED Agent[10] HUMAN
1,talk,26,1,7,VOTE Agent[03]
1,talk,27,1,3,Skip
1,talk,28,1,12,DIVINED Agent[11] WEREWOLF
1,talk,29,1,10,Skip
1,talk,30,2,15,VOTE Agent[11]
1,talk,31,2,13,Skip
1,talk,32,2,6,Skip
1,talk,33,2,11,Skip
1,talk,34,2,9,VOTE Agent[15]
1,talk,35,2,8,VOTE Agent[11]
1,talk,36,2,4,Skip
1,talk,37,2,1,Skip
1,talk,38,2,7,VOTE Agent[15]
1,talk,39,2,10,Skip
1,talk,40,2,5,VOTE Agent[03]
1,talk,41,2,3,Skip
1,talk,42,2,2,Skip
1,talk,43,2,14,Skip
1,talk,44,2,12,VOTE Agent[11]
1,talk,45,3,2,Over
1,talk,46,3,6,VOTE Agent[07]
1,talk,47,3,13,Skip
1,talk,48,3,10,Over
1,talk,49,3,8,VOTE Agent[11]
1,talk,50,3,11,Over
1,talk,51,3,5,VOTE Agent[15]
1,talk,52,3,4,Over
1,talk,53,3,14,Over
1,talk,54,3,1,Skip
1,talk,55,3,15,VOTE Agent[11]
1,talk,56,3,3,Over
1,talk,57,3,12,Skip
1,talk,58,3,7,VOTE Agent[03]
1,talk,59,3,9,Skip
1,talk,60,4,6,Skip
1,talk,61,4,8,VOTE Agent[11]
1,talk,62,4,12,Skip
1,talk,63,4,15,VOTE Agent[11]
1,talk,64,4,13,Over
1,talk,65,4,10,Over
1,talk,66,4,14,Over
1,talk,67,4,2,Over
1,talk,68,4,7,VOTE Agent[15]
1,talk,69,4,9,Skip
1,talk,70,4,1,Over
1,talk,71,4,3,Over
1,talk,72,4,5,VOTE Agent[07]
1,talk,73,4,11,Over
1,talk,74,4,4,Over
1,talk,75,5,3,Over
1,talk,76,5,5,Skip
1,talk,77,5,10,Over
1,talk,78,5,6,Skip
1,talk,79,5,8,VOTE Agent[11]
1,talk,80,5,2,Over
1,talk,81,5,1,Over
1,talk,82,5,15,VOTE Agent[11]
1,talk,83,5,7,Skip
1,talk,84,5,12,Over
1,talk,85,5,14,Over
1,talk,86,5,9,Over
1,talk,87,5,4,Over
1,talk,88,5,13,Over
1,talk,89,5,11,Over
1,talk,90,6,1,Over
1,talk,91,6,14,Over
1,talk,92,6,8,VOTE Agent[11]
1,talk,93,6,3,Over
1,talk,94,6,9,Over
1,talk,95,6,2,Over
1,talk,96,6,5,VOTE Agent[15]
1,talk,97,6,13,Over
1,talk,98,6,4,Over
1,talk,99,6,11,Over
1,talk,100,6,12,Over
1,talk,101,6,7,Skip
1,talk,102,6,6,Over
1,talk,103,6,10,Over
1,talk,104,6,15,VOTE Agent[11]
1,talk,105,7,10,Over
1,talk,106,7,5,Skip
1,talk,107,7,2,Over
1,talk,108,7,9,Over
1,talk,109,7,14,Over
1,talk,110,7,8,VOTE Agent[11]
1,talk,111,7,15,VOTE Agent[11]
1,talk,112,7,4,Over
1,talk,113,7,7,Over
1,talk,114,7,3,Over
1,talk,115,7,12,Over
1,talk,116,7,6,VOTE Agent[15]
1,talk,117,7,11,Over
1,talk,118,7,1,Over
1,talk,119,7,13,Over
1,talk,120,8,11,Over
1,talk,121,8,8,VOTE Agent[11]
1,talk,122,8,12,Over
1,talk,123,8,4,Over
1,talk,124,8,2,Over
1,talk,125,8,5,Skip
1,talk,126,8,9,Over
1,talk,127,8,10,Over
1,talk,128,8,13,Over
1,talk,129,8,3,Over
1,talk,130,8,6,Skip
1,talk,131,8,15,VOTE Agent[11]
1,talk,132,8,1,Over
1,talk,133,8,14,Over
1,talk,134,8,7,Over
1,talk,135,9,15,Over
1,talk,136,9,11,Over
1,talk,137,9,10,Over
1,talk,138,9,9,Over
1,talk,139,9,12,Over
1,talk,140,9,6,Skip
1,talk,141,9,14,Over
1,talk,142,9,3,Over
1,talk,143,9,4,Over
1,talk,144,9,1,Over
1,talk,145,9,13,Over
1,talk,146,9,5,Over
1,talk,147,9,2,Over
1,talk,148,9,8,Over
1,talk,149,9,7,Over
1,talk,150,10,7,Over
1,talk,151,10,3,Over
1,talk,152,10,10,Over
1,talk,153,10,6,Over
1,talk,154,10,2,Over
1,talk,155,10,11,Over
1,talk,156,10,12,Over
1,talk,157,10,4,Over
1,talk,158,10,15,Over
1,talk,159,10,5,Over
1,talk,160,10,14,Over
1,talk,161,10,13,Over
1,talk,162,10,1,Over
1,talk,163,10,9,Over
1,talk,164,10,8,Over
1,vote,1,15
1,vote,2,15
1,vote,3,9
1,vote,4,15
1,vote,5,15
1,vote,6,15
1,vote,7,15
1,vote,8,11
1,vote,9,15
1,vote,10,15
1,vote,11,12
1,vote,12,11
1,vote,13,14
1,vote,14,15
1,vote,15,11
1,execute,15,WEREWOLF
1,divine,3,8,HUMAN
1,whisper,0,0,9,ATTACK Agent[12]
1,whisper,1,0,13,BECAUSE (AND (NOT (COMINGOUT Agent[12] WEREWOLF)) (NOT (COMINGOUT Agent[11] WEREWOLF)) (DAY 1 (Agent[12] DIVINED Agent[11] WEREWOLF))) (ESTIMATE Agent[12] POSSESSED)
1,whisper,2,1,9,Skip
1,whisper,3,1,13,ATTACK Agent[08]
1,whisper,4,2,13,Skip
1,whisper,5,2,9,Skip
1,whisper,6,3,9,Over
1,whisper,7,3,13,Skip
1,whisper,8,4,9,Over
1,whisper,9,4,13,Over
1,guard,5,9,WEREWOLF
1,attackVote,9,12
1,attackVote,13,8
1,attackVote,9,12
1,attackVote,13,8
1,attack,12,true
2,status,1,MEDIUM,ALIVE,sample_py
2,status,2,VILLAGER,ALIVE,Tomato9
2,status,3,SEER,ALIVE,sample_py
2,status,4,VILLAGER,ALIVE,Tomato2
2,status,5,BODYGUARD,ALIVE,Takeda0
2,status,6,VILLAGER,ALIVE,TOKU6
2,status,7,VILLAGER,ALIVE,Takeda1
2,status,8,VILLAGER,ALIVE,HALU
2,status,9,WEREWOLF,ALIVE,Tomato10
2,status,10,VILLAGER,ALIVE,TOKU8
2,status,11,VILLAGER,ALIVE,sample_py
2,status,12,POSSESSED,DEAD,TOKU13
2,status,13,WEREWOLF,ALIVE,SampleJava14
2,status,14,VILLAGER,ALIVE,Tomato7
2,status,15,WEREWOLF,DEAD,OKAMI
2,talk,0,0,8,VOTE Agent[11]
2,talk,1,0,13,VOTE Agent[02]
2,talk,2,0,9,DIVINED Agent[01] HUMAN
2,talk,3,0,7,VOTE Agent[03]
2,talk,4,0,10,VOTE Agent[07]
2,talk,5,0,1,COMINGOUT Agent[01] MEDIUM
2,talk,6,0,11,VOTE Agent[14]
2,talk,7,0,5,VOTE Agent[07]
2,talk,8,0,2,VOTE Agent[07]
2,talk,9,0,6,VOTE Agent[07]
2,talk,10,0,4,VOTE Agent[07]
2,talk,11,0,14,VOTE Agent[07]
2,talk,12,0,3,VOTE Agent[09]
2,talk,13,1,4,Skip
2,talk,14,1,5,VOTE Agent[06]
2,talk,15,1,10,VOTE Agent[06]
2,talk,16,1,7,VOTE Agent[06]
2,talk,17,1,9,VOTE Agent[07]
2,talk,18,1,13,REQUEST ANY (VOTE Agent[02])
2,talk,19,1,3,Skip
2,talk,20,1,1,IDENTIFIED Agent[15] WEREWOLF
2,talk,21,1,6,Skip
2,talk,22,1,8,VOTE Agent[11]
2,talk,23,1,2,Skip
2,talk,24,1,11,Skip
2,talk,25,1,14,Skip
2,talk,26,2,13,Skip
2,talk,27,2,6,Skip
2,talk,28,2,1,VOTE Agent[11]
2,talk,29,2,2,Skip
2,talk,30,2,7,Skip
2,talk,31,2,9,Skip
2,talk,32,2,10,Skip
2,talk,33,2,14,Skip
2,talk,34,2,4,Skip
2,talk,35,2,8,VOTE Agent[11]
2,talk,36,2,11,Skip
2,talk,37,2,5,Skip
2,talk,38,2,3,Skip
2,talk,39,3,11,Over
2,talk,40,3,8,VOTE Agent[11]
2,talk,41,3,14,Over
2,talk,42,3,6,Over
2,talk,43,3,10,Skip
2,talk,44,3,1,Skip
2,talk,45,3,4,Over
2,talk,46,3,13,Skip
2,talk,47,3,9,Skip
2,talk,48,3,2,Over
2,talk,49,3,7,Skip
2,talk,50,3,3,Over
2,talk,51,3,5,Skip
2,talk,52,4,4,Over
2,talk,53,4,1,Skip
2,talk,54,4,8,VOTE Agent[11]
2,talk,55,4,5,Over
2,talk,56,4,10,Over
2,talk,57,4,6,Over
2,talk,58,4,3,Over
2,talk,59,4,14,Over
2,talk,60,4,11,Over
2,talk,61,4,13,Over
2,talk,62,4,9,Over
2,talk,63,4,2,Over
2,talk,64,4,7,Over
2,talk,65,5,10,Over
2,talk,66,5,2,Over
2,talk,67,5,7,Over
2,talk,68,5,8,VOTE Agent[11]
2,talk,69,5,9,Over
2,talk,70,5,1,Over
2,talk,71,5,3,Over
2,talk,72,5,5,Over
2,talk,73,5,4,Over
2,talk,74,5,13,Over
2,talk,75,5,6,Over
2,talk,76,5,11,Over
2,talk,77,5,14,Over
2,talk,78,6,11,Over
2,talk,79,6,8,VOTE Agent[11]
2,talk,80,6,1,Over
2,talk,81,6,14,Over
2,talk,82,6,3,Over
2,talk,83,6,6,Over
2,talk,84,6,9,Over
2,talk,85,6,10,Over
2,talk,86,6,2,Over
2,talk,87,6,4,Over
2,talk,88,6,13,Over
2,talk,89,6,5,Over
2,talk,90,6,7,Over
2,talk,91,7,10,Over
2,talk,92,7,14,Over
2,talk,93,7,2,Over
2,talk,94,7,8,VOTE Agent[11]
2,talk,95,7,4,Over
2,talk,96,7,3,Over
2,talk,97,7,11,Over
2,talk,98,7,1,Over
2,talk,99,7,13,Over
2,talk,100,7,9,Over
2,talk,101,7,6,Over
2,talk,102,7,5,Over
2,talk,103,7,7,Over
2,talk,104,8,6,Over
2,talk,105,8,11,Over
2,talk,106,8,3,Over
2,talk,107,8,10,Over
2,talk,108,8,5,Over
2,talk,109,8,14,Over
2,talk,110,8,13,Over
2,talk,111,8,7,Over
2,talk,112,8,2,Over
2,talk,113,8,1,Over
2,talk,114,8,8,VOTE Agent[11]
2,talk,115,8,9,Over
2,talk,116,8,4,Over
2,talk,117,9,4,Over
2,talk,118,9,9,Over
2,talk,119,9,1,Over
2,talk,120,9,2,Over
2,talk,121,9,10,Over
2,talk,122,9,11,Over
2,talk,123,9,7,Over
2,talk,124,9,14,Over
2,talk,125,9,3,Over
2,talk,126,9,8,Over
2,talk,127,9,5,Over
2,talk,128,9,6,Over
2,talk,129,9,13,Over
2,vote,1,11
2,vote,2,7
2,vote,3,9
2,vote,4,7
2,vote,5,6
2,vote,6,7
2,vote,7,6
2,vote,8,11
2,vote,9,7
2,vote,10,6
2,vote,11,14
2,vote,13,2
2,vote,14,7
2,execute,7,VILLAGER
2,divine,3,6,HUMAN
2,whisper,0,0,9,ATTACK Agent[01]
2,whisper,1,0,13,BECAUSE (Agent[01] COMINGOUT Agent[01] MEDIUM) (ATTACK Agent[01])
2,whisper,2,1,13,ATTACK Agent[01]
2,whisper,3,1,9,Skip
2,whisper,4,2,13,Skip
2,whisper,5,2,9,Skip
2,whisper,6,3,13,Skip
2,whisper,7,3,9,Over
2,whisper,8,4,13,Over
2,whisper,9,4,9,Over
2,guard,5,9,WEREWOLF
2,attackVote,9,1
2,attackVote,13,1
2,attack,1,true
3,status,1,MEDIUM,DEAD,sample_py
3,status,2,VILLAGER,ALIVE,Tomato9
3,status,3,SEER,ALIVE,sample_py
3,status,4,VILLAGER,ALIVE,Tomato2
3,status,5,BODYGUARD,ALIVE,Takeda0
3,status,6,VILLAGER,ALIVE,TOKU6
3,status,7,VILLAGER,DEAD,Takeda1
3,status,8,VILLAGER,ALIVE,HALU
3,status,9,WEREWOLF,ALIVE,Tomato10
3,status,10,VILLAGER,ALIVE,TOKU8
3,status,11,VILLAGER,ALIVE,sample_py
3,status,12,POSSESSED,DEAD,TOKU13
3,status,13,WEREWOLF,ALIVE,SampleJava14
3,status,14,VILLAGER,ALIVE,Tomato7
3,status,15,WEREWOLF,DEAD,OKAMI
3,talk,0,0,5,VOTE Agent[06]
3,talk,1,0,14,VOTE Agent[09]
3,talk,2,0,6,VOTE Agent[05]
3,talk,3,0,8,VOTE Agent[11]
3,talk,4,0,13,VOTE Agent[14]
3,talk,5,0,11,VOTE Agent[05]
3,talk,6,0,4,VOTE Agent[09]
3,talk,7,0,2,VOTE Agent[09]
3,talk,8,0,10,VOTE Agent[06]
3,talk,9,0,3,COMINGOUT Agent[03] SEER
3,talk,10,0,9,DIVINED Agent[03] HUMAN
3,talk,11,1,2,Skip
3,talk,12,1,14,Skip
3,talk,13,1,8,VOTE Agent[11]
3,talk,14,1,10,VOTE Agent[09]
3,talk,15,1,4,Skip
3,talk,16,1,11,Skip
3,talk,17,1,6,VOTE Agent[09]
3,talk,18,1,13,REQUEST ANY (VOTE Agent[14])
3,talk,19,1,3,DIVINED Agent[07] HUMAN
3,talk,20,1,5,VOTE Agent[09]
3,talk,21,1,9,VOTE Agent[05]
3,talk,22,2,2,Skip
3,talk,23,2,6,Skip
3,talk,24,2,8,VOTE Agent[09]
3,talk,25,2,10,Skip
3,talk,26,2,9,Skip
3,talk,27,2,14,Skip
3,talk,28,2,3,DIVINED Agent[08] HUMAN
3,talk,29,2,11,Skip
3,talk,30,2,4,Skip
3,talk,31,2,13,Skip
3,talk,32,2,5,Skip
3,talk,33,3,2,Over
3,talk,34,3,6,Skip
3,talk,35,3,11,Over
3,talk,36,3,4,Over
3,talk,37,3,14,Over
3,talk,38,3,9,Skip
3,talk,39,3,5,Skip
3,talk,40,3,8,VOTE Agent[09]
3,talk,41,3,3,DIVINED Agent[06] HUMAN
3,talk,42,3,13,Skip
3,talk,43,3,10,Skip
3,talk,44,4,3,VOTE Agent[09]
3,talk,45,4,2,Over
3,talk,46,4,13,Over
3,talk,47,4,4,Over
3,talk,48,4,11,Over
3,talk,49,4,5,Over
3,talk,50,4,8,VOTE Agent[09]
3,talk,51,4,9,Over
3,talk,52,4,10,Over
3,talk,53,4,6,Over
3,talk,54,4,14,Over
3,talk,55,5,13,Over
3,talk,56,5,6,Over
3,talk,57,5,10,Over
3,talk,58,5,8,VOTE Agent[09]
3,talk,59,5,14,Over
3,talk,60,5,11,Over
3,talk,61,5,5,Over
3,talk,62,5,9,Over
3,talk,63,5,4,Over
3,talk,64,5,3,Skip
3,talk,65,5,2,Over
3,talk,66,6,2,Over
3,talk,67,6,6,Over
3,talk,68,6,10,Over
3,talk,69,6,14,Over
3,talk,70,6,5,Over
3,talk,71,6,3,Skip
3,talk,72,6,8,VOTE Agent[09]
3,talk,73,6,9,Over
3,talk,74,6,13,Over
3,talk,75,6,4,Over
3,talk,76,6,11,Over
3,talk,77,7,10,Over
3,talk,78,7,11,Over
3,talk,79,7,3,Over
3,talk,80,7,2,Over
3,talk,81,7,4,Over
3,talk,82,7,14,Over
3,talk,83,7,5,Over
3,talk,84,7,6,Over
3,talk,85,7,13,Over
3,talk,86,7,9,Over
3,talk,87,7,8,VOTE Agent[09]
3,talk,88,8,6,Over
3,talk,89,8,4,Over
3,talk,90,8,9,Over
3,talk,91,8,5,Over
3,talk,92,8,11,Over
3,talk,93,8,3,Over
3,talk,94,8,10,Over
3,talk,95,8,14,Over
3,talk,96,8,8,VOTE Agent[09]
3,talk,97,8,2,Over
3,talk,98,8,13,Over
3,talk,99,9,4,Over
3,talk,100,9,14,Over
3,talk,101,9,8,Over
3,talk,102,9,3,Over
3,talk,103,9,9,Over
3,talk,104,9,2,Over
3,talk,105,9,5,Over
3,talk,106,9,10,Over
3,talk,107,9,6,Over
3,talk,108,9,11,Over
3,talk,109,9,13,Over
3,vote,2,9
3,vote,3,9
3,vote,4,9
3,vote,5,9
3,vote,6,9
3,vote,8,9
3,vote,9,5
3,vote,10,9
3,vote,11,5
3,vote,13,14
3,vote,14,9
3,execute,9,WEREWOLF
3,divine,3,4,HUMAN
3,guard,5,3,SEER
3,attackVote,13,3
3,attack,3,false
4,status,1,MEDIUM,DEAD,sample_py
4,status,2,VILLAGER,ALIVE,Tomato9
4,status,3,SEER,ALIVE,sample_py
4,status,4,VILLAGER,ALIVE,Tomato2
4,status,5,BODYGUARD,ALIVE,Takeda0
4,status,6,VILLAGER,ALIVE,TOKU6
4,status,7,VILLAGER,DEAD,Takeda1
4,status,8,VILLAGER,ALIVE,HALU
4,status,9,WEREWOLF,DEAD,Tomato10
4,status,10,VILLAGER,ALIVE,TOKU8
4,status,11,VILLAGER,ALIVE,sample_py
4,status,12,POSSESSED,DEAD,TOKU13
4,status,13,WEREWOLF,ALIVE,SampleJava14
4,status,14,VILLAGER,ALIVE,Tomato7
4,status,15,WEREWOLF,DEAD,OKAMI
4,talk,0,0,4,VOTE Agent[13]
4,talk,1,0,8,VOTE Agent[03]
4,talk,2,0,13,VOTE Agent[14]
4,talk,3,0,3,DIVINED Agent[04] HUMAN
4,talk,4,0,10,VOTE Agent[06]
4,talk,5,0,2,VOTE Agent[13]
4,talk,6,0,14,VOTE Agent[13]
4,talk,7,0,6,VOTE Agent[10]
4,talk,8,0,11,VOTE Agent[05]
4,talk,9,0,5,VOTE Agent[10]
4,talk,10,1,6,Skip
4,talk,11,1,4,Skip
4,talk,12,1,3,VOTE Agent[06]
4,talk,13,1,10,Skip
4,talk,14,1,2,Skip
4,talk,15,1,13,REQUEST ANY (VOTE Agent[14])
4,talk,16,1,11,Skip
4,talk,17,1,14,Skip
4,talk,18,1,5,Skip
4,talk,19,1,8,VOTE Agent[03]
4,talk,20,2,8,VOTE Agent[03]
4,talk,21,2,14,Skip
4,talk,22,2,4,Skip
4,talk,23,2,2,Skip
4,talk,24,2,11,Skip
4,talk,25,2,5,Skip
4,talk,26,2,13,Skip
4,talk,27,2,10,Skip
4,talk,28,2,6,Skip
4,talk,29,2,3,Skip
4,talk,30,3,10,Over
4,talk,31,3,4,Over
4,talk,32,3,5,Over
4,talk,33,3,3,Skip
4,talk,34,3,8,VOTE Agent[03]
4,talk,35,3,14,Over
4,talk,36,3,2,Over
4,talk,37,3,11,Over
4,talk,38,3,6,Over
4,talk,39,3,13,Skip
4,talk,40,4,4,Over
4,talk,41,4,14,Over
4,talk,42,4,8,VOTE Agent[03]
4,talk,43,4,6,Over
4,talk,44,4,13,Over
4,talk,45,4,5,Over
4,talk,46,4,10,Over
4,talk,47,4,3,Over
4,talk,48,4,11,Over
4,talk,49,4,2,Over
4,talk,50,5,10,Over
4,talk,51,5,8,VOTE Agent[03]
4,talk,52,5,13,Over
4,talk,53,5,2,Over
4,talk,54,5,4,VOTE Agent[02]
4,talk,55,5,11,Over
4,talk,56,5,5,Over
4,talk,57,5,3,Over
4,talk,58,5,14,VOTE Agent[02]
4,talk,59,5,6,Over
4,talk,60,6,13,Over
4,talk,61,6,5,Over
4,talk,62,6,11,Over
4,talk,63,6,6,Over
4,talk,64,6,3,Over
4,talk,65,6,10,Over
4,talk,66,6,2,Over
4,talk,67,6,8,VOTE Agent[03]
4,talk,68,6,4,Skip
4,talk,69,6,14,Skip
4,talk,70,7,2,Over
4,talk,71,7,5,Over
4,talk,72,7,6,Over
4,talk,73,7,8,VOTE Agent[03]
4,talk,74,7,10,Over
4,talk,75,7,4,Skip
4,talk,76,7,3,Over
4,talk,77,7,14,Skip
4,talk,78,7,13,Over
4,talk,79,7,11,Over
4,talk,80,8,4,Over
4,talk,81,8,10,Over
4,talk,82,8,14,Over
4,talk,83,8,13,Over
4,talk,84,8,11,Over
4,talk,85,8,2,VOTE Agent[14]
4,talk,86,8,6,Over
4,talk,87,8,8,VOTE Agent[03]
4,talk,88,8,5,Over
4,talk,89,8,3,Over
4,talk,90,9,3,Over
4,talk,91,9,6,Over
4,talk,92,9,4,Over
4,talk,93,9,14,Over
4,talk,94,9,2,Skip
4,talk,95,9,13,Over
4,talk,96,9,5,Over
4,talk,97,9,8,Over
4,talk,98,9,10,Over
4,talk,99,9,11,Over
4,talk,100,10,2,Skip
4,talk,101,10,4,Over
4,talk,102,10,13,Over
4,talk,103,10,6,Over
4,talk,104,10,5,Over
4,talk,105,10,3,Over
4,talk,106,10,11,Over
4,talk,107,10,10,Over
4,talk,108,10,14,Over
4,talk,109,10,8,Over
4,talk,110,11,11,Over
4,talk,111,11,13,Over
4,talk,112,11,3,Over
4,talk,113,11,8,Over
4,talk,114,11,6,Over
4,talk,115,11,2,Over
4,talk,116,11,10,Over
4,talk,117,11,14,Over
4,talk,118,11,5,Over
4,talk,119,11,4,Over
4,vote,2,14
4,vote,3,6
4,vote,4,2
4,vote,5,10
4,vote,6,10
4,vote,8,3
4,vote,10,6
4,vote,11,5
4,vote,13,14
4,vote,14,2
4,vote,2,14
4,vote,3,6
4,vote,4,2
4,vote,5,10
4,vote,6,10
4,vote,8,3
4,vote,10,6
4,vote,11,5
4,vote,13,2
4,vote,14,2
4,execute,2,VILLAGER
4,guard,5,3,SEER
4,attackVote,13,3
4,attack,3,false
5,status,1,MEDIUM,DEAD,sample_py
5,status,2,VILLAGER,DEAD,Tomato9
5,status,3,SEER,ALIVE,sample_py
5,status,4,VILLAGER,ALIVE,Tomato2
5,status,5,BODYGUARD,ALIVE,Takeda0
5,status,6,VILLAGER,ALIVE,TOKU6
5,status,7,VILLAGER,DEAD,Takeda1
5,status,8,VILLAGER,ALIVE,HALU
5,status,9,WEREWOLF,DEAD,Tomato10
5,status,10,VILLAGER,ALIVE,TOKU8
5,status,11,VILLAGER,ALIVE,sample_py
5,status,12,POSSESSED,DEAD,TOKU13
5,status,13,WEREWOLF,ALIVE,SampleJava14
5,status,14,VILLAGER,ALIVE,Tomato7
5,status,15,WEREWOLF,DEAD,OKAMI
5,talk,0,0,13,VOTE Agent[14]
5,talk,1,0,3,VOTE Agent[08]
5,talk,2,0,11,VOTE Agent[04]
5,talk,3,0,5,VOTE Agent[10]
5,talk,4,0,10,VOTE Agent[06]
5,talk,5,0,4,VOTE Agent[14]
5,talk,6,0,14,VOTE Agent[04]
5,talk,7,0,6,VOTE Agent[10]
5,talk,8,0,8,VOTE Agent[03]
5,talk,9,1,14,Skip
5,talk,10,1,10,Skip
5,talk,11,1,5,Skip
5,talk,12,1,3,Skip
5,talk,13,1,11,Skip
5,talk,14,1,8,VOTE Agent[03]
5,talk,15,1,13,REQUEST ANY (VOTE Agent[14])
5,talk,16,1,6,Skip
5,talk,17,1,4,Skip
5,talk,18,2,3,Skip
5,talk,19,2,11,Skip
5,talk,20,2,5,Skip
5,talk,21,2,13,Skip
5,talk,22,2,10,Skip
5,talk,23,2,6,Skip
5,talk,24,2,14,Skip
5,talk,25,2,4,Skip
5,talk,26,2,8,VOTE Agent[03]
5,talk,27,3,13,Skip
5,talk,28,3,14,Over
5,talk,29,3,8,VOTE Agent[03]
5,talk,30,3,10,Over
5,talk,31,3,11,Over
5,talk,32,3,6,Over
5,talk,33,3,4,Over
5,talk,34,3,5,Over
5,talk,35,3,3,Over
5,talk,36,4,10,Over
5,talk,37,4,8,VOTE Agent[03]
5,talk,38,4,13,Over
5,talk,39,4,4,Over
5,talk,40,4,14,Over
5,talk,41,4,5,Over
5,talk,42,4,11,Over
5,talk,43,4,3,Over
5,talk,44,4,6,Over
5,talk,45,5,13,Over
5,talk,46,5,6,Over
5,talk,47,5,4,Over
5,talk,48,5,8,VOTE Agent[03]
5,talk,49,5,11,Over
5,talk,50,5,3,Over
5,talk,51,5,5,Over
5,talk,52,5,10,Over
5,talk,53,5,14,Over
5,talk,54,6,14,Over
5,talk,55,6,6,Over
5,talk,56,6,4,Over
5,talk,57,6,10,Over
5,talk,58,6,11,Over
5,talk,59,6,8,VOTE Agent[03]
5,talk,60,6,3,Over
5,talk,61,6,5,Over
5,talk,62,6,13,Over
5,talk,63,7,5,Over
5,talk,64,7,14,Over
5,talk,65,7,3,Over
5,talk,66,7,10,Over
5,talk,67,7,6,Over
5,talk,68,7,13,Over
5,talk,69,7,4,Over
5,talk,70,7,11,Over
5,talk,71,7,8,VOTE Agent[03]
5,talk,72,8,14,Over
5,talk,73,8,13,Over
5,talk,74,8,5,Over
5,talk,75,8,3,Over
5,talk,76,8,4,Over
5,talk,77,8,6,Over
5,talk,78,8,8,VOTE Agent[03]
5,talk,79,8,11,Over
5,talk,80,8,10,Over
5,talk,81,9,3,Over
5,talk,82,9,8,Over
5,talk,83,9,6,Over
5,talk,84,9,10,Over
5,talk,85,9,11,Over
5,talk,86,9,5,Over
5,talk,87,9,14,Over
5,talk,88,9,13,Over
5,talk,89,9,4,Over
5,vote,3,8
5,vote,4,14
5,vote,5,10
5,vote,6,10
5,vote,8,3
5,vote,10,6
5,vote,11,4
5,vote,13,14
5,vote,14,4
5,vote,3,8
5,vote,4,14
5,vote,5,10
5,vote,6,10
5,vote,8,3
5,vote,10,6
5,vote,11,4
5,vote,13,4
5,vote,14,4
5,execute,4,VILLAGER
5,divine,3,11,HUMAN
5,guard,5,3,SEER
5,attackVote,13,3
5,attack,3,false
6,status,1,MEDIUM,DEAD,sample_py
6,status,2,VILLAGER,DEAD,Tomato9
6,status,3,SEER,ALIVE,sample_py
6,status,4,VILLAGER,DEAD,Tomato2
6,status,5,BODYGUARD,ALIVE,Takeda0
6,status,6,VILLAGER,ALIVE,TOKU6
6,status,7,VILLAGER,DEAD,Takeda1
6,status,8,VILLAGER,ALIVE,HALU
6,status,9,WEREWOLF,DEAD,Tomato10
6,status,10,VILLAGER,ALIVE,TOKU8
6,status,11,VILLAGER,ALIVE,sample_py
6,status,12,POSSESSED,DEAD,TOKU13
6,status,13,WEREWOLF,ALIVE,SampleJava14
6,status,14,VILLAGER,ALIVE,Tomato7
6,status,15,WEREWOLF,DEAD,OKAMI
6,talk,0,0,3,DIVINED Agent[11] HUMAN
6,talk,1,0,11,VOTE Agent[05]
6,talk,2,0,8,VOTE Agent[03]
6,talk,3,0,14,VOTE Agent[13]
6,talk,4,0,6,VOTE Agent[10]
6,talk,5,0,10,VOTE Agent[06]
6,talk,6,0,13,VOTE Agent[02]
6,talk,7,0,5,VOTE Agent[10]
6,talk,8,1,10,Skip
6,talk,9,1,6,Skip
6,talk,10,1,5,Skip
6,talk,11,1,8,VOTE Agent[03]
6,talk,12,1,3,VOTE Agent[14]
6,talk,13,1,11,Skip
6,talk,14,1,14,Skip
6,talk,15,1,13,REQUEST ANY (VOTE Agent[02])
6,talk,16,2,10,Skip
6,talk,17,2,8,VOTE Agent[03]
6,talk,18,2,11,Skip
6,talk,19,2,14,Skip
6,talk,20,2,5,Skip
6,talk,21,2,3,Skip
6,talk,22,2,6,Skip
6,talk,23,2,13,Skip
6,talk,24,3,5,Over
6,talk,25,3,8,VOTE Agent[03]
6,talk,26,3,6,Over
6,talk,27,3,14,Over
6,talk,28,3,13,Skip
6,talk,29,3,10,Over
6,talk,30,3,3,Skip
6,talk,31,3,11,Over
6,talk,32,4,8,VOTE Agent[03]
6,talk,33,4,13,Over
6,talk,34,4,10,Over
6,talk,35,4,3,Over
6,talk,36,4,11,Over
6,talk,37,4,5,Over
6,talk,38,4,14,Over
6,talk,39,4,6,Over
6,talk,40,5,10,Over
6,talk,41,5,8,VOTE Agent[03]
6,talk,42,5,13,Over
6,talk,43,5,3,Over
6,talk,44,5,6,Over
6,talk,45,5,11,Over
6,talk,46,5,14,Over
6,talk,47,5,5,Over
6,talk,48,6,10,Over
6,talk,49,6,5,Over
6,talk,50,6,14,Over
6,talk,51,6,11,Over
6,talk,52,6,8,VOTE Agent[03]
6,talk,53,6,3,Over
6,talk,54,6,6,Over
6,talk,55,6,13,Over
6,talk,56,7,6,Over
6,talk,57,7,8,VOTE Agent[03]
6,talk,58,7,3,Over
6,talk,59,7,13,Over
6,talk,60,7,11,Over
6,talk,61,7,5,Over
6,talk,62,7,10,Over
6,talk,63,7,14,Over
6,talk,64,8,5,Over
6,talk,65,8,8,VOTE Agent[03]
6,talk,66,8,10,Over
6,talk,67,8,13,Over
6,talk,68,8,6,Over
6,talk,69,8,11,Over
6,talk,70,8,3,Over
6,talk,71,8,14,Over
6,talk,72,9,14,Over
6,talk,73,9,11,Over
6,talk,74,9,13,Over
6,talk,75,9,10,Over
6,talk,76,9,3,Over
6,talk,77,9,6,Over
6,talk,78,9,5,Over
6,talk,79,9,8,Over
6,vote,3,14
6,vote,5,10
6,vote,6,10
6,vote,8,3
6,vote,10,6
6,vote,11,5
6,vote,13,11
6,vote,14,13
6,execute,10,VILLAGER
6,guard,5,3,SEER
6,attackVote,13,3
6,attack,3,false
7,status,1,MEDIUM,DEAD,sample_py
7,status,2,VILLAGER,DEAD,Tomato9
7,status,3,SEER,ALIVE,sample_py
7,status,4,VILLAGER,DEAD,Tomato2
7,status,5,BODYGUARD,ALIVE,Takeda0
7,status,6,VILLAGER,ALIVE,TOKU6
7,status,7,VILLAGER,DEAD,Takeda1
7,status,8,VILLAGER,ALIVE,HALU
7,status,9,WEREWOLF,DEAD,Tomato10
7,status,10,VILLAGER,DEAD,TOKU8
7,status,11,VILLAGER,ALIVE,sample_py
7,status,12,POSSESSED,DEAD,TOKU13
7,status,13,WEREWOLF,ALIVE,SampleJava14
7,status,14,VILLAGER,ALIVE,Tomato7
7,status,15,WEREWOLF,DEAD,OKAMI
7,talk,0,0,6,VOTE Agent[03]
7,talk,1,0,5,VOTE Agent[03]
7,talk,2,0,14,VOTE Agent[13]
7,talk,3,0,13,VOTE Agent[02]
7,talk,4,0,3,VOTE Agent[14]
7,talk,5,0,11,VOTE Agent[06]
7,talk,6,0,8,VOTE Agent[05]
7,talk,7,1,13,REQUEST ANY (VOTE Agent[02])
7,talk,8,1,14,Skip
7,talk,9,1,3,Skip
7,talk,10,1,11,Skip
7,talk,11,1,5,Skip
7,talk,12,1,8,VOTE Agent[05]
7,talk,13,1,6,Skip
7,talk,14,2,6,Skip
7,talk,15,2,3,Skip
7,talk,16,2,13,Skip
7,talk,17,2,5,Skip
7,talk,18,2,14,Skip
7,talk,19,2,11,Skip
7,talk,20,2,8,VOTE Agent[05]
7,talk,21,3,13,Skip
7,talk,22,3,3,Over
7,talk,23,3,14,Over
7,talk,24,3,8,VOTE Agent[05]
7,talk,25,3,5,Over
7,talk,26,3,11,Over
7,talk,27,3,6,Over
7,talk,28,4,13,Over
7,talk,29,4,5,Over
7,talk,30,4,6,Over
7,talk,31,4,8,VOTE Agent[05]
7,talk,32,4,14,Over
7,talk,33,4,11,Over
7,talk,34,4,3,Over
7,talk,35,5,6,Over
7,talk,36,5,5,Over
7,talk,37,5,14,Over
7,talk,38,5,3,Over
7,talk,39,5,8,VOTE Agent[05]
7,talk,40,5,13,Over
7,talk,41,5,11,Over
7,talk,42,6,14,Over
7,talk,43,6,8,VOTE Agent[05]
7,talk,44,6,11,Over
7,talk,45,6,3,Over
7,talk,46,6,5,Over
7,talk,47,6,6,Over
7,talk,48,6,13,Over
7,talk,49,7,3,Over
7,talk,50,7,14,Over
7,talk,51,7,5,Over
7,talk,52,7,6,Over
7,talk,53,7,8,VOTE Agent[05]
7,talk,54,7,11,Over
7,talk,55,7,13,Over
7,talk,56,8,8,VOTE Agent[05]
7,talk,57,8,6,Over
7,talk,58,8,5,Over
7,talk,59,8,11,Over
7,talk,60,8,3,Over
7,talk,61,8,14,Over
7,talk,62,8,13,Over
7,talk,63,9,6,Over
7,talk,64,9,11,Over
7,talk,65,9,3,Over
7,talk,66,9,14,Over
7,talk,67,9,5,Over
7,talk,68,9,8,Over
7,talk,69,9,13,Over
7,vote,3,14
7,vote,5,3
7,vote,6,3
7,vote,8,5
7,vote,11,6
7,vote,13,3
7,vote,14,13
7,execute,3,SEER
7,guard,5,8,VILLAGER
7,attackVote,13,11
7,attack,11,true
8,status,1,MEDIUM,DEAD,sample_py
8,status,2,VILLAGER,DEAD,Tomato9
8,status,3,SEER,DEAD,sample_py
8,status,4,VILLAGER,DEAD,Tomato2
8,status,5,BODYGUARD,ALIVE,Takeda0
8,status,6,VILLAGER,ALIVE,TOKU6
8,status,7,VILLAGER,DEAD,Takeda1
8,status,8,VILLAGER,ALIVE,HALU
8,status,9,WEREWOLF,DEAD,Tomato10
8,status,10,VILLAGER,DEAD,TOKU8
8,status,11,VILLAGER,DEAD,sample_py
8,status,12,POSSESSED,DEAD,TOKU13
8,status,13,WEREWOLF,ALIVE,SampleJava14
8,status,14,VILLAGER,ALIVE,Tomato7
8,status,15,WEREWOLF,DEAD,OKAMI
8,talk,0,0,13,VOTE Agent[14]
8,talk,1,0,5,VOTE Agent[06]
8,talk,2,0,14,VOTE Agent[13]
8,talk,3,0,8,VOTE Agent[05]
8,talk,4,0,6,VOTE Agent[05]
8,talk,5,1,13,REQUEST ANY (VOTE Agent[14])
8,talk,6,1,14,Skip
8,talk,7,1,6,Skip
8,talk,8,1,8,VOTE Agent[05]
8,talk,9,1,5,Skip
8,talk,10,2,6,Skip
8,talk,11,2,14,Skip
8,talk,12,2,8,VOTE Agent[05]
8,talk,13,2,5,Skip
8,talk,14,2,13,Skip
8,talk,15,3,14,Over
8,talk,16,3,5,Over
8,talk,17,3,8,VOTE Agent[05]
8,talk,18,3,6,Over
8,talk,19,3,13,Skip
8,talk,20,4,6,Over
8,talk,21,4,5,Over
8,talk,22,4,8,VOTE Agent[05]
8,talk,23,4,13,Over
8,talk,24,4,14,Over
8,talk,25,5,13,Over
8,talk,26,5,8,VOTE Agent[05]
8,talk,27,5,6,Over
8,talk,28,5,5,Over
8,talk,29,5,14,Over
8,talk,30,6,5,Over
8,talk,31,6,8,VOTE Agent[05]
8,talk,32,6,13,Over
8,talk,33,6,14,Over
8,talk,34,6,6,Over
8,talk,35,7,5,Over
8,talk,36,7,8,VOTE Agent[05]
8,talk,37,7,6,Over
8,talk,38,7,13,Over
8,talk,39,7,14,Over
8,talk,40,8,14,Over
8,talk,41,8,5,Over
8,talk,42,8,13,Over
8,talk,43,8,6,Over
8,talk,44,8,8,VOTE Agent[05]
8,talk,45,9,8,Over
8,talk,46,9,6,Over
8,talk,47,9,5,Over
8,talk,48,9,13,Over
8,talk,49,9,14,Over
8,vote,5,6
8,vote,6,5
8,vote,8,5
8,vote,13,14
8,vote,14,13
8,execute,5,BODYGUARD
8,attackVote,13,8
8,attack,8,true
9,status,1,MEDIUM,DEAD,sample_py
9,status,2,VILLAGER,DEAD,Tomato9
9,status,3,SEER,DEAD,sample_py
9,status,4,VILLAGER,DEAD,Tomato2
9,status,5,BODYGUARD,DEAD,Takeda0
9,status,6,VILLAGER,ALIVE,TOKU6
9,status,7,VILLAGER,DEAD,Takeda1
9,status,8,VILLAGER,DEAD,HALU
9,status,9,WEREWOLF,DEAD,Tomato10
9,status,10,VILLAGER,DEAD,TOKU8
9,status,11,VILLAGER,DEAD,sample_py
9,status,12,POSSESSED,DEAD,TOKU13
9,status,13,WEREWOLF,ALIVE,SampleJava14
9,status,14,VILLAGER,ALIVE,Tomato7
9,status,15,WEREWOLF,DEAD,OKAMI
9,talk,0,0,14,VOTE Agent[13]
9,talk,1,0,13,VOTE Agent[14]
9,talk,2,0,6,VOTE Agent[14]
9,talk,3,1,13,REQUEST ANY (VOTE Agent[14])
9,talk,4,1,6,Skip
9,talk,5,1,14,Skip
9,talk,6,2,6,Skip
9,talk,7,2,14,Skip
9,talk,8,2,13,Skip
9,talk,9,3,13,Skip
9,talk,10,3,6,Over
9,talk,11,3,14,Over
9,talk,12,4,14,Over
9,talk,13,4,6,Over
9,talk,14,4,13,Over
9,vote,6,14
9,vote,13,14
9,vote,14,13
9,execute,14,VILLAGER
9,attackVote,13,6
9,attack,6,true
10,status,1,MEDIUM,DEAD,sample_py
10,status,2,VILLAGER,DEAD,Tomato9
10,status,3,SEER,DEAD,sample_py
10,status,4,VILLAGER,DEAD,Tomato2
10,status,5,BODYGUARD,DEAD,Takeda0
10,status,6,VILLAGER,DEAD,TOKU6
10,status,7,VILLAGER,DEAD,Takeda1
10,status,8,VILLAGER,DEAD,HALU
10,status,9,WEREWOLF,DEAD,Tomato10
10,status,10,VILLAGER,DEAD,TOKU8
10,status,11,VILLAGER,DEAD,sample_py
10,status,12,POSSESSED,DEAD,TOKU13
10,status,13,WEREWOLF,ALIVE,SampleJava14
10,status,14,VILLAGER,DEAD,Tomato7
10,status,15,WEREWOLF,DEAD,OKAMI
10,result,0,1,WEREWOLF
