0,status,1,VILLAGER,ALIVE,sample_py
0,status,2,VILLAGER,ALIVE,Tomato9
0,status,3,WEREWOLF,ALIVE,sample_py
0,status,4,WEREWOLF,ALIVE,Tomato2
0,status,5,SEER,ALIVE,Takeda0
0,status,6,VILLAGER,ALIVE,TOKU6
0,status,7,VILLAGER,ALIVE,Takeda1
0,status,8,VILLAGER,ALIVE,HALU
0,status,9,VILLAGER,ALIVE,Tomato10
0,status,10,WEREWOLF,ALIVE,TOKU8
0,status,11,POSSESSED,ALIVE,sample_py
0,status,12,BODYGUARD,ALIVE,TOKU13
0,status,13,VILLAGER,ALIVE,SampleJava14
0,status,14,MEDIUM,ALIVE,Tomato7
0,status,15,VILLAGER,ALIVE,OKAMI
0,whisper,0,0,10,Skip
0,whisper,1,0,3,COMINGOUT Agent[03] VILLAGER
0,whisper,2,0,4,COMINGOUT Agent[04] VILLAGER
0,whisper,3,1,4,Skip
0,whisper,4,1,10,Skip
0,whisper,5,1,3,COMINGOUT Agent[03] VILLAGER
0,whisper,6,2,4,COMINGOUT Agent[04] SEER
0,whisper,7,2,3,COMINGOUT Agent[03] VILLAGER
0,whisper,8,2,10,Over
0,whisper,9,3,10,Over
0,whisper,10,3,4,Skip
0,whisper,11,3,3,COMINGOUT Agent[03] VILLAGER
0,whisper,12,4,10,Over
0,whisper,13,4,3,COMINGOUT Agent[03] VILLAGER
0,whisper,14,4,4,Skip
0,whisper,15,5,3,COMINGOUT Agent[03] VILLAGER
0,whisper,16,5,4,Over
0,whisper,17,5,10,Over
0,whisper,18,6,4,Over
0,whisper,19,6,3,COMINGOUT Agent[03] VILLAGER
0,whisper,20,6,10,Over
0,whisper,21,7,3,COMINGOUT Agent[03] VILLAGER
0,whisper,22,7,10,Over
0,whisper,23,7,4,Over
0,whisper,24,8,3,COMINGOUT Agent[03] VILLAGER
0,whisper,25,8,10,Over
0,whisper,26,8,4,Over
0,whisper,27,9,10,Over
0,whisper,28,9,4,Over
0,whisper,29,9,3,COMINGOUT Agent[03] VILLAGER
0,whisper,30,10,10,Over
0,whisper,31,10,4,Over
0,whisper,32,10,3,Over
0,divine,5,15,HUMAN
1,status,1,VILLAGER,ALIVE,sample_py
1,status,2,VILLAGER,ALIVE,Tomato9
1,status,3,WEREWOLF,ALIVE,sample_py
1,status,4,WEREWOLF,ALIVE,Tomato2
1,status,5,SEER,ALIVE,Takeda0
1,status,6,VILLAGER,ALIVE,TOKU6
1,status,7,VILLAGER,ALIVE,Takeda1
1,status,8,VILLAGER,ALIVE,HALU
1,status,9,VILLAGER,ALIVE,Tomato10
1,status,10,WEREWOLF,ALIVE,TOKU8
1,status,11,POSSESSED,ALIVE,sample_py
1,status,12,BODYGUARD,ALIVE,TOKU13
1,status,13,VILLAGER,ALIVE,SampleJava14
1,status,14,MEDIUM,ALIVE,Tomato7
1,status,15,VILLAGER,ALIVE,OKAMI
1,talk,0,0,1,VOTE Agent[07]
1,talk,1,0,6,VOTE Agent[07]
1,talk,2,0,14,COMINGOUT Agent[14] MEDIUM
1,talk,3,0,15,VOTE Agent[07]
1,talk,4,0,13,VOTE Agent[14]
1,talk,5,0,7,VOTE Agent[14]
1,talk,6,0,12,VOTE Agent[14]
1,talk,7,0,9,VOTE Agent[14]
1,talk,8,0,10,VOTE Agent[14]
1,talk,9,0,5,COMINGOUT Agent[05] SEER
1,talk,10,0,11,COMINGOUT Agent[11] SEER
1,talk,11,0,3,VOTE Agent[06]
1,talk,12,0,2,VOTE Agent[14]
1,talk,13,0,4,COMINGOUT Agent[04] SEER
1,talk,14,0,8,VOTE Agent[15]
1,talk,15,1,8,VOTE Agent[02]
1,talk,16,1,10,VOTE Agent[12]
1,talk,17,1,4,DIVINED Agent[10] WEREWOLF
1,talk,18,1,9,Skip
1,talk,19,1,15,COMINGOUT Agent[15] VILLAGER
1,talk,20,1,12,VOTE Agent[10]
1,talk,21,1,7,Skip
1,talk,22,1,11,DIVINED Agent[07] HUMAN
1,talk,23,1,2,Skip
1,talk,24,1,3,VOTE Agent[15]
1,talk,25,1,6,VOTE Agent[11]
1,talk,26,1,14,VOTE Agent[07]
1,talk,27,1,1,VOTE Agent[10]
1,talk,28,1,13,REQUEST ANY (VOTE Agent[14])
1,talk,29,1,5,DIVINED Agent[15] HUMAN
1,talk,30,2,15,VOTE Agent[11]
1,talk,31,2,11,VOTE Agent[05]
1,talk,32,2,2,VOTE Agent[11]
1,talk,33,2,7,VOTE Agent[04]
1,talk,34,2,12,VOTE Agent[06]
1,talk,35,2,8,VOTE Agent[11]
1,talk,36,2,14,VOTE Agent[11]
1,talk,37,2,4,VOTE Agent[11]
1,talk,38,2,3,Skip
1,talk,39,2,1,Skip
1,talk,40,2,5,VOTE Agent[04]
1,talk,41,2,13,Skip
1,talk,42,2,6,VOTE Agent[10]
1,talk,43,2,10,VOTE Agent[04]
1,talk,44,2,9,VOTE Agent[11]
1,talk,45,3,1,Skip
1,talk,46,3,14,Skip
1,talk,47,3,4,Skip
1,talk,48,3,5,VOTE Agent[04]
1,talk,49,3,2,Skip
1,talk,50,3,12,Skip
1,talk,51,3,3,Skip
1,talk,52,3,8,VOTE Agent[05]
1,talk,53,3,11,Skip
1,talk,54,3,10,Skip
1,talk,55,3,6,VOTE Agent[04]
1,talk,56,3,15,VOTE Agent[11]
1,talk,57,3,13,Skip
1,talk,58,3,9,Skip
1,talk,59,3,7,Skip
1,talk,60,4,9,Skip
1,talk,61,4,7,Skip
1,talk,62,4,14,Skip
1,talk,63,4,12,VOTE Agent[04]
1,talk,64,4,15,VOTE Agent[11]
1,talk,65,4,1,Over
1,talk,66,4,3,Over
1,talk,67,4,8,VOTE Agent[05]
1,talk,68,4,4,Skip
1,talk,69,4,13,Over
1,talk,70,4,11,Skip
1,talk,71,4,6,Skip
1,talk,72,4,2,Skip
1,talk,73,4,5,VOTE Agent[04]
1,talk,74,4,10,VOTE Agent[06]
1,talk,75,5,6,Skip
1,talk,76,5,15,VOTE Agent[11]
1,talk,77,5,7,Over
1,talk,78,5,3,Over
1,talk,79,5,9,Over
1,talk,80,5,4,Over
1,talk,81,5,11,Over
1,talk,82,5,10,VOTE Agent[04]
1,talk,83,5,13,Over
1,talk,84,5,1,Over
1,talk,85,5,12,Skip
1,talk,86,5,2,VOTE Agent[04]
1,talk,87,5,5,VOTE Agent[04]
1,talk,88,5,8,VOTE Agent[05]
1,talk,89,5,14,VOTE Agent[04]
1,talk,90,6,9,VOTE Agent[04]
1,talk,91,6,15,VOTE Agent[05]
1,talk,92,6,6,Over
1,talk,93,6,8,VOTE Agent[04]
1,talk,94,6,3,Over
1,talk,95,6,2,Skip
1,talk,96,6,13,Over
1,talk,97,6,12,Skip
1,talk,98,6,14,Skip
1,talk,99,6,1,Over
1,talk,100,6,4,VOTE Agent[05]
1,talk,101,6,5,VOTE Agent[04]
1,talk,102,6,10,Skip
1,talk,103,6,7,Over
1,talk,104,6,11,Over
1,talk,105,7,5,VOTE Agent[04]
1,talk,106,7,11,Over
1,talk,107,7,4,Skip
1,talk,108,7,9,Skip
1,talk,109,7,7,Over
1,talk,110,7,10,Skip
1,talk,111,7,2,Skip
1,talk,112,7,14,Skip
1,talk,113,7,12,Over
1,talk,114,7,8,VOTE Agent[05]
1,talk,115,7,13,Over
1,talk,116,7,6,Over
1,talk,117,7,3,Over
1,talk,118,7,15,VOTE Agent[05]
1,talk,119,7,1,Over
1,talk,120,8,7,Over
1,talk,121,8,14,VOTE Agent[05]
1,talk,122,8,5,VOTE Agent[04]
1,talk,123,8,1,Over
1,talk,124,8,10,Over
1,talk,125,8,3,Over
1,talk,126,8,15,VOTE Agent[05]
1,talk,127,8,6,Over
1,talk,128,8,12,Over
1,talk,129,8,2,VOTE Agent[05]
1,talk,130,8,9,VOTE Agent[05]
1,talk,131,8,13,Over
1,talk,132,8,4,Skip
1,talk,133,8,8,VOTE Agent[05]
1,talk,134,8,11,Over
1,talk,135,9,6,Over
1,talk,136,9,9,Skip
1,talk,137,9,8,Over
1,talk,138,9,12,Over
1,talk,139,9,4,Over
1,talk,140,9,1,Over
1,talk,141,9,15,Over
1,talk,142,9,14,Skip
1,talk,143,9,3,Over
1,talk,144,9,5,VOTE Agent[04]
1,talk,145,9,2,Skip
1,talk,146,9,11,Over
1,talk,147,9,7,Over
1,talk,148,9,10,Over
1,talk,149,9,13,Over
1,talk,150,10,15,Over
1,talk,151,10,13,Over
1,talk,152,10,7,Over
1,talk,153,10,3,Over
1,talk,154,10,12,Over
1,talk,155,10,14,Skip
1,talk,156,10,8,Over
1,talk,157,10,10,VOTE Agent[07]
1,talk,158,10,1,Over
1,talk,159,10,9,Skip
1,talk,160,10,2,Skip
1,talk,161,10,4,Over
1,talk,162,10,6,Over
1,talk,163,10,5,Over
1,talk,164,10,11,Over
1,talk,165,11,11,Over
1,talk,166,11,13,Over
1,talk,167,11,6,Over
1,talk,168,11,14,Over
1,talk,169,11,3,Over
1,talk,170,11,8,Over
1,talk,171,11,4,Over
1,talk,172,11,9,Over
1,talk,173,11,12,Over
1,talk,174,11,1,Over
1,talk,175,11,15,Over
1,talk,176,11,5,Over
1,talk,177,11,10,Skip
1,talk,178,11,7,Over
1,talk,179,11,2,Over
1,talk,180,12,8,Over
1,talk,181,12,1,Over
1,talk,182,12,10,Skip
1,talk,183,12,13,Over
1,talk,184,12,15,Over
1,talk,185,12,2,Over
1,talk,186,12,5,Over
1,talk,187,12,14,Over
1,talk,188,12,6,Over
1,talk,189,12,12,Over
1,talk,190,12,3,Over
1,talk,191,12,11,Over
1,talk,192,12,9,Over
1,talk,193,12,4,Over
1,talk,194,12,7,Over
1,talk,195,13,13,Over
1,talk,196,13,1,Over
1,talk,197,13,6,Over
1,talk,198,13,7,Over
1,talk,199,13,11,Over
1,talk,200,13,8,Over
1,talk,201,13,9,Over
1,talk,202,13,15,Over
1,talk,203,13,2,Over
1,talk,204,13,12,Over
1,talk,205,13,10,Over
1,talk,206,13,14,Over
1,talk,207,13,4,Over
1,talk,208,13,3,Over
1,talk,209,13,5,Over
1,vote,1,10
1,vote,2,5
1,vote,3,15
1,vote,4,5
1,vote,5,4
1,vote,6,4
1,vote,7,4
1,vote,8,5
1,vote,9,5
1,vote,10,4
1,vote,11,5
1,vote,12,4
1,vote,13,9
1,vote,14,5
1,vote,15,4
1,vote,1,10
1,vote,2,5
1,vote,3,15
1,vote,4,5
1,vote,5,4
1,vote,6,4
1,vote,7,4
1,vote,8,5
1,vote,9,5
1,vote,10,4
1,vote,11,5
1,vote,12,4
1,vote,13,4
1,vote,14,5
1,vote,15,4
1,execute,4,WEREWOLF
1,divine,5,7,HUMAN
1,whisper,0,0,10,Skip
1,whisper,1,0,3,ATTACK Agent[05]
1,whisper,2,1,3,Skip
1,whisper,3,1,10,Skip
1,whisper,4,2,3,Skip
1,whisper,5,2,10,Over
1,whisper,6,3,3,Over
1,whisper,7,3,10,Over
1,guard,12,5,SEER
1,attackVote,3,5
1,attackVote,10,11
1,attackVote,3,5
1,attackVote,10,11
1,attack,11,true
2,status,1,VILLAGER,ALIVE,sample_py
2,status,2,VILLAGER,ALIVE,Tomato9
2,status,3,WEREWOLF,ALIVE,sample_py
2,status,4,WEREWOLF,DEAD,Tomato2
2,status,5,SEER,ALIVE,Takeda0
2,status,6,VILLAGER,ALIVE,TOKU6
2,status,7,VILLAGER,ALIVE,Takeda1
2,status,8,VILLAGER,ALIVE,HALU
2,status,9,VILLAGER,ALIVE,Tomato10
2,status,10,WEREWOLF,ALIVE,TOKU8
2,status,11,POSSESSED,DEAD,sample_py
2,status,12,BODYGUARD,ALIVE,TOKU13
2,status,13,VILLAGER,ALIVE,SampleJava14
2,status,14,MEDIUM,ALIVE,Tomato7
2,status,15,VILLAGER,ALIVE,OKAMI
2,talk,0,0,3,VOTE Agent[15]
2,talk,1,0,6,VOTE Agent[07]
2,talk,2,0,8,VOTE Agent[05]
2,talk,3,0,12,VOTE Agent[07]
2,talk,4,0,9,VOTE Agent[07]
2,talk,5,0,2,VOTE Agent[07]
2,talk,6,0,13,VOTE Agent[15]
2,talk,7,0,1,VOTE Agent[10]
2,talk,8,0,14,IDENTIFIED Agent[04] WEREWOLF
2,talk,9,0,10,VOTE Agent[07]
2,talk,10,0,15,VOTE Agent[10]
2,talk,11,0,7,VOTE Agent[12]
2,talk,12,0,5,DIVINED Agent[07] HUMAN
2,talk,13,1,12,VOTE Agent[06]
2,talk,14,1,5,VOTE Agent[12]
2,talk,15,1,10,VOTE Agent[12]
2,talk,16,1,14,VOTE Agent[12]
2,talk,17,1,7,Skip
2,talk,18,1,8,VOTE Agent[15]
2,talk,19,1,6,VOTE Agent[12]
2,talk,20,1,1,Skip
2,talk,21,1,15,COMINGOUT Agent[15] VILLAGER
2,talk,22,1,9,VOTE Agent[12]
2,talk,23,1,13,REQUEST ANY (VOTE Agent[15])
2,talk,24,1,3,Skip
2,talk,25,1,2,VOTE Agent[12]
2,talk,26,2,6,VOTE Agent[13]
2,talk,27,2,8,VOTE Agent[15]
2,talk,28,2,9,Skip
2,talk,29,2,3,Skip
2,talk,30,2,14,Skip
2,talk,31,2,13,Skip
2,talk,32,2,2,Skip
2,talk,33,2,10,VOTE Agent[06]
2,talk,34,2,5,VOTE Agent[06]
2,talk,35,2,1,Skip
2,talk,36,2,15,VOTE Agent[10]
2,talk,37,2,7,VOTE Agent[06]
2,talk,38,2,12,Skip
2,talk,39,3,12,Skip
2,talk,40,3,8,VOTE Agent[15]
2,talk,41,3,6,Skip
2,talk,42,3,1,Over
2,talk,43,3,3,Over
2,talk,44,3,10,Skip
2,talk,45,3,14,VOTE Agent[06]
2,talk,46,3,7,Skip
2,talk,47,3,2,VOTE Agent[06]
2,talk,48,3,15,VOTE Agent[10]
2,talk,49,3,9,VOTE Agent[06]
2,talk,50,3,13,Skip
2,talk,51,3,5,VOTE Agent[06]
2,talk,52,4,9,Skip
2,talk,53,4,2,Skip
2,talk,54,4,13,Over
2,talk,55,4,8,VOTE Agent[15]
2,talk,56,4,15,VOTE Agent[10]
2,talk,57,4,12,Over
2,talk,58,4,6,VOTE Agent[13]
2,talk,59,4,3,Over
2,talk,60,4,14,Skip
2,talk,61,4,10,Skip
2,talk,62,4,1,Over
2,talk,63,4,7,Skip
2,talk,64,4,5,VOTE Agent[06]
2,talk,65,5,9,Skip
2,talk,66,5,12,Over
2,talk,67,5,6,VOTE Agent[13]
2,talk,68,5,1,Over
2,talk,69,5,3,Over
2,talk,70,5,2,Skip
2,talk,71,5,14,Skip
2,talk,72,5,15,VOTE Agent[10]
2,talk,73,5,5,VOTE Agent[06]
2,talk,74,5,10,Over
2,talk,75,5,8,VOTE Agent[15]
2,talk,76,5,13,Over
2,talk,77,5,7,Over
2,talk,78,6,15,VOTE Agent[10]
2,talk,79,6,7,Over
2,talk,80,6,5,VOTE Agent[06]
2,talk,81,6,1,Over
2,talk,82,6,9,Over
2,talk,83,6,13,Over
2,talk,84,6,8,VOTE Agent[15]
2,talk,85,6,3,Over
2,talk,86,6,10,Over
2,talk,87,6,2,Over
2,talk,88,6,14,Over
2,talk,89,6,6,VOTE Agent[13]
2,talk,90,6,12,Over
2,talk,91,7,3,Over
2,talk,92,7,10,Over
2,talk,93,7,6,VOTE Agent[13]
2,talk,94,7,15,VOTE Agent[10]
2,talk,95,7,9,Over
2,talk,96,7,7,Over
2,talk,97,7,1,Over
2,talk,98,7,12,Over
2,talk,99,7,14,Over
2,talk,100,7,5,VOTE Agent[06]
2,talk,101,7,2,Over
2,talk,102,7,13,Over
2,talk,103,7,8,VOTE Agent[15]
2,talk,104,8,13,Over
2,talk,105,8,1,Over
2,talk,106,8,8,VOTE Agent[15]
2,talk,107,8,7,Over
2,talk,108,8,12,Over
2,talk,109,8,10,Over
2,talk,110,8,3,Over
2,talk,111,8,9,Over
2,talk,112,8,15,VOTE Agent[10]
2,talk,113,8,14,Over
2,talk,114,8,5,VOTE Agent[06]
2,talk,115,8,2,Over
2,talk,116,8,6,VOTE Agent[13]
2,talk,117,9,3,Over
2,talk,118,9,10,Over
2,talk,119,9,15,Over
2,talk,120,9,8,Over
2,talk,121,9,13,Over
2,talk,122,9,7,Over
2,talk,123,9,12,Over
2,talk,124,9,1,Over
2,talk,125,9,9,Over
2,talk,126,9,5,VOTE Agent[06]
2,talk,127,9,2,Over
2,talk,128,9,14,Over
2,talk,129,9,6,VOTE Agent[13]
2,talk,130,10,8,Over
2,talk,131,10,7,Over
2,talk,132,10,9,Over
2,talk,133,10,13,Over
2,talk,134,10,14,Over
2,talk,135,10,10,Over
2,talk,136,10,6,VOTE Agent[13]
2,talk,137,10,3,Over
2,talk,138,10,1,Over
2,talk,139,10,15,Over
2,talk,140,10,12,Over
2,talk,141,10,2,Over
2,talk,142,10,5,Over
2,talk,143,11,7,Over
2,talk,144,11,8,Over
2,talk,145,11,14,Over
2,talk,146,11,10,Over
2,talk,147,11,3,Over
2,talk,148,11,12,Over
2,talk,149,11,5,Over
2,talk,150,11,9,Over
2,talk,151,11,6,Over
2,talk,152,11,1,Over
2,talk,153,11,2,Over
2,talk,154,11,13,Over
2,talk,155,11,15,Over
2,vote,1,10
2,vote,2,6
2,vote,3,15
2,vote,5,6
2,vote,6,13
2,vote,7,6
2,vote,8,15
2,vote,9,6
2,vote,10,6
2,vote,12,6
2,vote,13,2
2,vote,14,6
2,vote,15,10
2,execute,6,VILLAGER
2,divine,5,1,HUMAN
2,whisper,0,0,10,Skip
2,whisper,1,0,3,ATTACK Agent[05]
2,whisper,2,1,10,Skip
2,whisper,3,1,3,Skip
2,whisper,4,2,3,Skip
2,whisper,5,2,10,Over
2,whisper,6,3,10,Over
2,whisper,7,3,3,Over
2,guard,12,5,SEER
2,attackVote,3,5
2,attackVote,10,5
2,attack,5,false
3,status,1,VILLAGER,ALIVE,sample_py
3,status,2,VILLAGER,ALIVE,Tomato9
3,status,3,WEREWOLF,ALIVE,sample_py
3,status,4,WEREWOLF,DEAD,Tomato2
3,status,5,SEER,ALIVE,Takeda0
3,status,6,VILLAGER,DEAD,TOKU6
3,status,7,VILLAGER,ALIVE,Takeda1
3,status,8,VILLAGER,ALIVE,HALU
3,status,9,VILLAGER,ALIVE,Tomato10
3,status,10,WEREWOLF,ALIVE,TOKU8
3,status,11,POSSESSED,DEAD,sample_py
3,status,12,BODYGUARD,ALIVE,TOKU13
3,status,13,VILLAGER,ALIVE,SampleJava14
3,status,14,MEDIUM,ALIVE,Tomato7
3,status,15,VILLAGER,ALIVE,OKAMI
3,talk,0,0,14,IDENTIFIED Agent[06] HUMAN
3,talk,1,0,15,VOTE Agent[10]
3,talk,2,0,10,VOTE Agent[01]
3,talk,3,0,5,DIVINED Agent[01] HUMAN
3,talk,4,0,7,VOTE Agent[01]
3,talk,5,0,3,VOTE Agent[15]
3,talk,6,0,13,VOTE Agent[15]
3,talk,7,0,2,VOTE Agent[14]
3,talk,8,0,12,VOTE Agent[08]
3,talk,9,0,1,VOTE Agent[10]
3,talk,10,0,8,VOTE Agent[15]
3,talk,11,0,9,VOTE Agent[14]
3,talk,12,1,3,Skip
3,talk,13,1,2,Skip
3,talk,14,1,13,REQUEST ANY (VOTE Agent[15])
3,talk,15,1,7,VOTE Agent[08]
3,talk,16,1,8,VOTE Agent[15]
3,talk,17,1,15,COMINGOUT Agent[15] VILLAGER
3,talk,18,1,1,Skip
3,talk,19,1,5,VOTE Agent[08]
3,talk,20,1,14,VOTE Agent[02]
3,talk,21,1,10,VOTE Agent[08]
3,talk,22,1,12,Skip
3,talk,23,1,9,Skip
3,talk,24,2,14,Skip
3,talk,25,2,13,Skip
3,talk,26,2,5,VOTE Agent[08]
3,talk,27,2,15,VOTE Agent[10]
3,talk,28,2,12,Skip
3,talk,29,2,9,Skip
3,talk,30,2,1,Skip
3,talk,31,2,8,VOTE Agent[15]
3,talk,32,2,10,Skip
3,talk,33,2,3,Skip
3,talk,34,2,7,Skip
3,talk,35,2,2,Skip
3,talk,36,3,2,Over
3,talk,37,3,5,VOTE Agent[08]
3,talk,38,3,14,Skip
3,talk,39,3,1,Over
3,talk,40,3,3,Over
3,talk,41,3,15,VOTE Agent[10]
3,talk,42,3,7,Skip
3,talk,43,3,8,VOTE Agent[15]
3,talk,44,3,13,Skip
3,talk,45,3,12,Over
3,talk,46,3,9,Over
3,talk,47,3,10,Skip
3,talk,48,4,13,Over
3,talk,49,4,5,VOTE Agent[08]
3,talk,50,4,9,Over
3,talk,51,4,15,VOTE Agent[10]
3,talk,52,4,14,VOTE Agent[09]
3,talk,53,4,1,Over
3,talk,54,4,10,Over
3,talk,55,4,2,Over
3,talk,56,4,7,Over
3,talk,57,4,12,Over
3,talk,58,4,3,Over
3,talk,59,4,8,VOTE Agent[15]
3,talk,60,5,1,Over
3,talk,61,5,9,Over
3,talk,62,5,5,VOTE Agent[08]
3,talk,63,5,8,VOTE Agent[15]
3,talk,64,5,14,Skip
3,talk,65,5,12,Over
3,talk,66,5,2,Over
3,talk,67,5,7,Over
3,talk,68,5,13,Over
3,talk,69,5,10,Over
3,talk,70,5,15,VOTE Agent[10]
3,talk,71,5,3,Over
3,talk,72,6,3,Over
3,talk,73,6,15,VOTE Agent[10]
3,talk,74,6,9,Over
3,talk,75,6,14,Skip
3,talk,76,6,8,VOTE Agent[15]
3,talk,77,6,10,Over
3,talk,78,6,12,Over
3,talk,79,6,2,Over
3,talk,80,6,13,Over
3,talk,81,6,7,Over
3,talk,82,6,5,VOTE Agent[08]
3,talk,83,6,1,Over
3,talk,84,7,13,Over
3,talk,85,7,1,Over
3,talk,86,7,2,Over
3,talk,87,7,3,Over
3,talk,88,7,15,VOTE Agent[10]
3,talk,89,7,9,Over
3,talk,90,7,14,VOTE Agent[02]
3,talk,91,7,10,Over
3,talk,92,7,7,Over
3,talk,93,7,12,Over
3,talk,94,7,5,VOTE Agent[08]
3,talk,95,7,8,VOTE Agent[15]
3,talk,96,8,5,VOTE Agent[08]
3,talk,97,8,12,Over
3,talk,98,8,14,Skip
3,talk,99,8,9,Over
3,talk,100,8,3,Over
3,talk,101,8,13,Over
3,talk,102,8,8,VOTE Agent[15]
3,talk,103,8,15,VOTE Agent[10]
3,talk,104,8,2,Over
3,talk,105,8,1,Over
3,talk,106,8,10,Over
3,talk,107,8,7,Over
3,talk,108,9,3,Over
3,talk,109,9,2,Over
3,talk,110,9,14,Skip
3,talk,111,9,10,Over
3,talk,112,9,1,Over
3,talk,113,9,13,Over
3,talk,114,9,12,Over
3,talk,115,9,5,VOTE Agent[08]
3,talk,116,9,7,Over
3,talk,117,9,9,Over
3,talk,118,9,15,Over
3,talk,119,9,8,Over
3,talk,120,10,1,Over
3,talk,121,10,14,Over
3,talk,122,10,2,Over
3,talk,123,10,13,Over
3,talk,124,10,8,Over
3,talk,125,10,15,Over
3,talk,126,10,12,Over
3,talk,127,10,5,Over
3,talk,128,10,3,Over
3,talk,129,10,9,Over
3,talk,130,10,10,Over
3,talk,131,10,7,Over
3,vote,1,10
3,vote,2,14
3,vote,3,15
3,vote,5,8
3,vote,7,8
3,vote,8,15
3,vote,9,14
3,vote,10,8
3,vote,12,8
3,vote,13,15
3,vote,14,2
3,vote,15,10
3,execute,8,VILLAGER
3,divine,5,13,HUMAN
3,whisper,0,0,10,Skip
3,whisper,1,0,3,ATTACK Agent[05]
3,whisper,2,1,10,Skip
3,whisper,3,1,3,Skip
3,whisper,4,2,10,Over
3,whisper,5,2,3,Skip
3,whisper,6,3,10,Over
3,whisper,7,3,3,Over
3,guard,12,5,SEER
3,attackVote,3,5
3,attackVote,10,5
3,attack,5,false
4,status,1,VILLAGER,ALIVE,sample_py
4,status,2,VILLAGER,ALIVE,Tomato9
4,status,3,WEREWOLF,ALIVE,sample_py
4,status,4,WEREWOLF,DEAD,Tomato2
4,status,5,SEER,ALIVE,Takeda0
4,status,6,VILLAGER,DEAD,TOKU6
4,status,7,VILLAGER,ALIVE,Takeda1
4,status,8,VILLAGER,DEAD,HALU
4,status,9,VILLAGER,ALIVE,Tomato10
4,status,10,WEREWOLF,ALIVE,TOKU8
4,status,11,POSSESSED,DEAD,sample_py
4,status,12,BODYGUARD,ALIVE,TOKU13
4,status,13,VILLAGER,ALIVE,SampleJava14
4,status,14,MEDIUM,ALIVE,Tomato7
4,status,15,VILLAGER,ALIVE,OKAMI
4,talk,0,0,13,VOTE Agent[14]
4,talk,1,0,3,VOTE Agent[15]
4,talk,2,0,15,VOTE Agent[10]
4,talk,3,0,1,VOTE Agent[10]
4,talk,4,0,2,VOTE Agent[14]
4,talk,5,0,12,VOTE Agent[13]
4,talk,6,0,5,DIVINED Agent[13] HUMAN
4,talk,7,0,14,IDENTIFIED Agent[08] HUMAN
4,talk,8,0,9,VOTE Agent[14]
4,talk,9,0,7,VOTE Agent[13]
4,talk,10,0,10,VOTE Agent[13]
4,talk,11,1,13,REQUEST ANY (VOTE Agent[14])
4,talk,12,1,15,COMINGOUT Agent[15] VILLAGER
4,talk,13,1,9,Skip
4,talk,14,1,2,Skip
4,talk,15,1,1,Skip
4,talk,16,1,5,VOTE Agent[10]
4,talk,17,1,10,VOTE Agent[01]
4,talk,18,1,3,Skip
4,talk,19,1,14,VOTE Agent[02]
4,talk,20,1,7,VOTE Agent[10]
4,talk,21,1,12,VOTE Agent[01]
4,talk,22,2,13,Skip
4,talk,23,2,7,VOTE Agent[01]
4,talk,24,2,1,Skip
4,talk,25,2,9,Skip
4,talk,26,2,15,VOTE Agent[10]
4,talk,27,2,14,Skip
4,talk,28,2,2,Skip
4,talk,29,2,5,VOTE Agent[10]
4,talk,30,2,3,Skip
4,talk,31,2,12,Skip
4,talk,32,2,10,Skip
4,talk,33,3,9,Over
4,talk,34,3,7,VOTE Agent[10]
4,talk,35,3,5,VOTE Agent[10]
4,talk,36,3,12,Skip
4,talk,37,3,15,VOTE Agent[10]
4,talk,38,3,10,Skip
4,talk,39,3,13,Skip
4,talk,40,3,2,Over
4,talk,41,3,14,Skip
4,talk,42,3,1,Over
4,talk,43,3,3,Over
4,talk,44,4,13,Over
4,talk,45,4,3,Over
4,talk,46,4,5,VOTE Agent[10]
4,talk,47,4,1,Over
4,talk,48,4,2,Over
4,talk,49,4,14,Over
4,talk,50,4,9,Over
4,talk,51,4,10,Over
4,talk,52,4,7,VOTE Agent[01]
4,talk,53,4,12,Over
4,talk,54,4,15,VOTE Agent[10]
4,talk,55,5,7,Skip
4,talk,56,5,14,Over
4,talk,57,5,10,Over
4,talk,58,5,13,Over
4,talk,59,5,9,Over
4,talk,60,5,15,VOTE Agent[10]
4,talk,61,5,2,Over
4,talk,62,5,12,Over
4,talk,63,5,1,Over
4,talk,64,5,5,VOTE Agent[10]
4,talk,65,5,3,Over
4,talk,66,6,15,VOTE Agent[10]
4,talk,67,6,5,VOTE Agent[10]
4,talk,68,6,2,Over
4,talk,69,6,3,Over
4,talk,70,6,12,Over
4,talk,71,6,13,Over
4,talk,72,6,14,Over
4,talk,73,6,10,Over
4,talk,74,6,7,Skip
4,talk,75,6,1,Over
4,talk,76,6,9,Over
4,talk,77,7,9,Over
4,talk,78,7,7,Over
4,talk,79,7,3,Over
4,talk,80,7,5,VOTE Agent[10]
4,talk,81,7,1,Over
4,talk,82,7,2,Over
4,talk,83,7,13,Over
4,talk,84,7,14,Over
4,talk,85,7,15,VOTE Agent[10]
4,talk,86,7,12,Over
4,talk,87,7,10,Over
4,talk,88,8,10,Over
4,talk,89,8,7,Over
4,talk,90,8,3,Over
4,talk,91,8,2,Over
4,talk,92,8,1,Over
4,talk,93,8,5,VOTE Agent[10]
4,talk,94,8,14,Over
4,talk,95,8,12,Over
4,talk,96,8,15,VOTE Agent[10]
4,talk,97,8,13,Over
4,talk,98,8,9,Over
4,talk,99,9,10,Over
4,talk,100,9,15,Over
4,talk,101,9,7,Over
4,talk,102,9,3,Over
4,talk,103,9,13,Over
4,talk,104,9,1,Over
4,talk,105,9,12,Over
4,talk,106,9,2,Over
4,talk,107,9,9,Over
4,talk,108,9,5,VOTE Agent[10]
4,talk,109,9,14,Over
4,talk,110,10,10,Over
4,talk,111,10,12,Over
4,talk,112,10,14,Over
4,talk,113,10,9,Over
4,talk,114,10,13,Over
4,talk,115,10,1,Over
4,talk,116,10,7,Over
4,talk,117,10,2,Over
4,talk,118,10,15,Over
4,talk,119,10,5,Over
4,talk,120,10,3,Over
4,vote,1,10
4,vote,2,14
4,vote,3,15
4,vote,5,10
4,vote,7,1
4,vote,9,14
4,vote,10,1
4,vote,12,1
4,vote,13,10
4,vote,14,2
4,vote,15,10
4,execute,10,WEREWOLF
4,divine,5,12,HUMAN
4,guard,12,3,WEREWOLF
4,attack,12,true
5,status,1,VILLAGER,ALIVE,sample_py
5,status,2,VILLAGER,ALIVE,Tomato9
5,status,3,WEREWOLF,ALIVE,sample_py
5,status,4,WEREWOLF,DEAD,Tomato2
5,status,5,SEER,ALIVE,Takeda0
5,status,6,VILLAGER,DEAD,TOKU6
5,status,7,VILLAGER,ALIVE,Takeda1
5,status,8,VILLAGER,DEAD,HALU
5,status,9,VILLAGER,ALIVE,Tomato10
5,status,10,WEREWOLF,DEAD,TOKU8
5,status,11,POSSESSED,DEAD,sample_py
5,status,12,BODYGUARD,DEAD,TOKU13
5,status,13,VILLAGER,ALIVE,SampleJava14
5,status,14,MEDIUM,ALIVE,Tomato7
5,status,15,VILLAGER,ALIVE,OKAMI
5,talk,0,0,1,VOTE Agent[02]
5,talk,1,0,13,VOTE Agent[14]
5,talk,2,0,7,VOTE Agent[01]
5,talk,3,0,2,VOTE Agent[14]
5,talk,4,0,5,DIVINED Agent[12] HUMAN
5,talk,5,0,3,VOTE Agent[15]
5,talk,6,0,14,IDENTIFIED Agent[10] WEREWOLF
5,talk,7,0,9,VOTE Agent[14]
5,talk,8,0,15,VOTE Agent[02]
5,talk,9,1,3,Skip
5,talk,10,1,9,Skip
5,talk,11,1,2,Skip
5,talk,12,1,15,COMINGOUT Agent[15] VILLAGER
5,talk,13,1,13,REQUEST ANY (VOTE Agent[14])
5,talk,14,1,5,VOTE Agent[02]
5,talk,15,1,14,VOTE Agent[02]
5,talk,16,1,1,Skip
5,talk,17,1,7,Skip
5,talk,18,2,3,Skip
5,talk,19,2,1,Skip
5,talk,20,2,9,Skip
5,talk,21,2,2,Skip
5,talk,22,2,13,Skip
5,talk,23,2,14,Skip
5,talk,24,2,5,VOTE Agent[02]
5,talk,25,2,7,Skip
5,talk,26,2,15,VOTE Agent[02]
5,talk,27,3,15,VOTE Agent[02]
5,talk,28,3,3,Over
5,talk,29,3,9,Over
5,talk,30,3,5,VOTE Agent[02]
5,talk,31,3,1,Over
5,talk,32,3,14,Skip
5,talk,33,3,2,Over
5,talk,34,3,13,Skip
5,talk,35,3,7,Over
5,talk,36,4,9,Over
5,talk,37,4,1,Over
5,talk,38,4,3,Over
5,talk,39,4,13,Over
5,talk,40,4,5,VOTE Agent[02]
5,talk,41,4,7,Over
5,talk,42,4,2,Over
5,talk,43,4,15,VOTE Agent[02]
5,talk,44,4,14,Over
5,talk,45,5,15,VOTE Agent[02]
5,talk,46,5,13,Over
5,talk,47,5,7,Over
5,talk,48,5,1,Over
5,talk,49,5,14,Over
5,talk,50,5,2,Over
5,talk,51,5,3,Over
5,talk,52,5,5,VOTE Agent[02]
5,talk,53,5,9,Over
5,talk,54,6,14,Over
5,talk,55,6,3,Over
5,talk,56,6,7,Over
5,talk,57,6,2,Over
5,talk,58,6,9,Over
5,talk,59,6,1,Over
5,talk,60,6,13,Over
5,talk,61,6,15,VOTE Agent[02]
5,talk,62,6,5,VOTE Agent[02]
5,talk,63,7,15,VOTE Agent[02]
5,talk,64,7,14,Over
5,talk,65,7,2,Over
5,talk,66,7,13,Over
5,talk,67,7,1,Over
5,talk,68,7,7,Over
5,talk,69,7,9,Over
5,talk,70,7,5,VOTE Agent[02]
5,talk,71,7,3,Over
5,talk,72,8,9,Over
5,talk,73,8,15,VOTE Agent[02]
5,talk,74,8,13,Over
5,talk,75,8,7,Over
5,talk,76,8,2,Over
5,talk,77,8,3,Over
5,talk,78,8,5,VOTE Agent[02]
5,talk,79,8,14,Over
5,talk,80,8,1,Over
5,talk,81,9,14,Over
5,talk,82,9,7,Over
5,talk,83,9,2,Over
5,talk,84,9,1,Over
5,talk,85,9,5,VOTE Agent[02]
5,talk,86,9,13,Over
5,talk,87,9,15,Over
5,talk,88,9,3,Over
5,talk,89,9,9,Over
5,talk,90,10,7,Over
5,talk,91,10,14,Over
5,talk,92,10,9,Over
5,talk,93,10,15,Over
5,talk,94,10,1,Over
5,talk,95,10,13,Over
5,talk,96,10,3,Over
5,talk,97,10,2,Over
5,talk,98,10,5,Over
5,vote,1,2
5,vote,2,14
5,vote,3,15
5,vote,5,2
5,vote,7,1
5,vote,9,14
5,vote,13,5
5,vote,14,2
5,vote,15,2
5,execute,2,VILLAGER
5,divine,5,9,HUMAN
5,attack,1,true
6,status,1,VILLAGER,DEAD,sample_py
6,status,2,VILLAGER,DEAD,Tomato9
6,status,3,WEREWOLF,ALIVE,sample_py
6,status,4,WEREWOLF,DEAD,Tomato2
6,status,5,SEER,ALIVE,Takeda0
6,status,6,VILLAGER,DEAD,TOKU6
6,status,7,VILLAGER,ALIVE,Takeda1
6,status,8,VILLAGER,DEAD,HALU
6,status,9,VILLAGER,ALIVE,Tomato10
6,status,10,WEREWOLF,DEAD,TOKU8
6,status,11,POSSESSED,DEAD,sample_py
6,status,12,BODYGUARD,DEAD,TOKU13
6,status,13,VILLAGER,ALIVE,SampleJava14
6,status,14,MEDIUM,ALIVE,Tomato7
6,status,15,VILLAGER,ALIVE,OKAMI
6,talk,0,0,13,VOTE Agent[05]
6,talk,1,0,7,VOTE Agent[13]
6,talk,2,0,3,VOTE Agent[15]
6,talk,3,0,5,DIVINED Agent[09] HUMAN
6,talk,4,0,15,VOTE Agent[05]
6,talk,5,0,9,VOTE Agent[14]
6,talk,6,0,14,IDENTIFIED Agent[02] HUMAN
6,talk,7,1,14,VOTE Agent[09]
6,talk,8,1,9,Skip
6,talk,9,1,13,REQUEST ANY (VOTE Agent[05])
6,talk,10,1,5,VOTE Agent[03]
6,talk,11,1,7,Skip
6,talk,12,1,3,Skip
6,talk,13,1,15,COMINGOUT Agent[15] VILLAGER
6,talk,14,2,3,Skip
6,talk,15,2,15,VOTE Agent[14]
6,talk,16,2,14,Skip
6,talk,17,2,5,VOTE Agent[03]
6,talk,18,2,9,Skip
6,talk,19,2,13,Skip
6,talk,20,2,7,Skip
6,talk,21,3,3,Over
6,talk,22,3,7,Over
6,talk,23,3,14,Skip
6,talk,24,3,5,VOTE Agent[03]
6,talk,25,3,15,VOTE Agent[14]
6,talk,26,3,13,Skip
6,talk,27,3,9,Over
6,talk,28,4,7,Over
6,talk,29,4,5,VOTE Agent[03]
6,talk,30,4,13,Over
6,talk,31,4,15,VOTE Agent[05]
6,talk,32,4,14,Over
6,talk,33,4,3,Over
6,talk,34,4,9,Over
6,talk,35,5,14,Over
6,talk,36,5,13,Over
6,talk,37,5,15,VOTE Agent[14]
6,talk,38,5,9,Over
6,talk,39,5,7,Over
6,talk,40,5,3,Over
6,talk,41,5,5,VOTE Agent[03]
6,talk,42,6,15,VOTE Agent[14]
6,talk,43,6,13,Over
6,talk,44,6,9,Over
6,talk,45,6,7,Over
6,talk,46,6,5,VOTE Agent[03]
6,talk,47,6,14,Over
6,talk,48,6,3,Over
6,talk,49,7,13,Over
6,talk,50,7,14,Over
6,talk,51,7,3,Over
6,talk,52,7,7,Over
6,talk,53,7,9,Over
6,talk,54,7,15,VOTE Agent[14]
6,talk,55,7,5,VOTE Agent[03]
6,talk,56,8,15,VOTE Agent[14]
6,talk,57,8,14,Over
6,talk,58,8,3,Over
6,talk,59,8,13,Over
6,talk,60,8,7,Over
6,talk,61,8,9,Over
6,talk,62,8,5,VOTE Agent[03]
6,talk,63,9,5,VOTE Agent[03]
6,talk,64,9,14,Over
6,talk,65,9,9,Over
6,talk,66,9,3,Over
6,talk,67,9,15,Over
6,talk,68,9,7,Over
6,talk,69,9,13,Over
6,talk,70,10,13,Over
6,talk,71,10,9,Over
6,talk,72,10,15,Over
6,talk,73,10,5,Over
6,talk,74,10,7,Over
6,talk,75,10,3,Over
6,talk,76,10,14,Over
6,vote,3,15
6,vote,5,3
6,vote,7,13
6,vote,9,14
6,vote,13,7
6,vote,14,9
6,vote,15,14
6,execute,14,MEDIUM
6,divine,5,3,WEREWOLF
6,attack,5,true
7,status,1,VILLAGER,DEAD,sample_py
7,status,2,VILLAGER,DEAD,Tomato9
7,status,3,WEREWOLF,ALIVE,sample_py
7,status,4,WEREWOLF,DEAD,Tomato2
7,status,5,SEER,DEAD,Takeda0
7,status,6,VILLAGER,DEAD,TOKU6
7,status,7,VILLAGER,ALIVE,Takeda1
7,status,8,VILLAGER,DEAD,HALU
7,status,9,VILLAGER,ALIVE,Tomato10
7,status,10,WEREWOLF,DEAD,TOKU8
7,status,11,POSSESSED,DEAD,sample_py
7,status,12,BODYGUARD,DEAD,TOKU13
7,status,13,VILLAGER,ALIVE,SampleJava14
7,status,14,MEDIUM,DEAD,Tomato7
7,status,15,VILLAGER,ALIVE,OKAMI
7,talk,0,0,3,VOTE Agent[15]
7,talk,1,0,9,VOTE Agent[03]
7,talk,2,0,13,VOTE Agent[09]
7,talk,3,0,15,VOTE Agent[09]
7,talk,4,0,7,VOTE Agent[13]
7,talk,5,1,7,Skip
7,talk,6,1,3,Skip
7,talk,7,1,9,Skip
7,talk,8,1,15,COMINGOUT Agent[15] VILLAGER
7,talk,9,1,13,REQUEST ANY (VOTE Agent[09])
7,talk,10,2,13,Skip
7,talk,11,2,15,VOTE Agent[09]
7,talk,12,2,3,Skip
7,talk,13,2,9,Skip
7,talk,14,2,7,Skip
7,talk,15,3,15,VOTE Agent[09]
7,talk,16,3,7,Over
7,talk,17,3,3,Over
7,talk,18,3,9,Over
7,talk,19,3,13,Skip
7,talk,20,4,3,Over
7,talk,21,4,13,Over
7,talk,22,4,9,Over
7,talk,23,4,15,VOTE Agent[09]
7,talk,24,4,7,Over
7,talk,25,5,3,Over
7,talk,26,5,15,VOTE Agent[09]
7,talk,27,5,9,Over
7,talk,28,5,7,Over
7,talk,29,5,13,Over
7,talk,30,6,13,Over
7,talk,31,6,15,VOTE Agent[09]
7,talk,32,6,3,Over
7,talk,33,6,9,Over
7,talk,34,6,7,Over
7,talk,35,7,13,Over
7,talk,36,7,15,VOTE Agent[09]
7,talk,37,7,9,Over
7,talk,38,7,7,Over
7,talk,39,7,3,Over
7,talk,40,8,7,Over
7,talk,41,8,3,Over
7,talk,42,8,9,Over
7,talk,43,8,13,Over
7,talk,44,8,15,VOTE Agent[09]
7,talk,45,9,13,Over
7,talk,46,9,3,Over
7,talk,47,9,15,Over
7,talk,48,9,9,Over
7,talk,49,9,7,Over
7,vote,3,15
7,vote,7,13
7,vote,9,3
7,vote,13,3
7,vote,15,9
7,execute,3,WEREWOLF
8,status,1,VILLAGER,DEAD,sample_py
8,status,2,VILLAGER,DEAD,Tomato9
8,status,3,WEREWOLF,DEAD,sample_py
8,status,4,WEREWOLF,DEAD,Tomato2
8,status,5,SEER,DEAD,Takeda0
8,status,6,VILLAGER,DEAD,TOKU6
8,status,7,VILLAGER,ALIVE,Takeda1
8,status,8,VILLAGER,DEAD,HALU
8,status,9,VILLAGER,ALIVE,Tomato10
8,status,10,WEREWOLF,DEAD,TOKU8
8,status,11,POSSESSED,DEAD,sample_py
8,status,12,BODYGUARD,DEAD,TOKU13
8,status,13,VILLAGER,ALIVE,SampleJava14
8,status,14,MEDIUM,DEAD,Tomato7
8,status,15,VILLAGER,ALIVE,OKAMI
8,result,4,0,VILLAGER
