0,status,1,SEER,ALIVE,sample_py
0,status,2,WEREWOLF,ALIVE,Tomato9
0,status,3,VILLAGER,ALIVE,sample_py
0,status,4,VILLAGER,ALIVE,Tomato2
0,status,5,BODYGUARD,ALIVE,Takeda0
0,status,6,WEREWOLF,ALIVE,TOKU6
0,status,7,VILLAGER,ALIVE,Takeda1
0,status,8,WEREWOLF,ALIVE,HALU
0,status,9,VILLAGER,ALIVE,Tomato10
0,status,10,MEDIUM,ALIVE,TOKU8
0,status,11,VILLAGER,ALIVE,sample_py
0,status,12,VILLAGER,ALIVE,TOKU13
0,status,13,VILLAGER,ALIVE,SampleJava14
0,status,14,VILLAGER,ALIVE,Tomato7
0,status,15,POSSESSED,ALIVE,OKAMI
0,whisper,0,0,2,COMINGOUT Agent[02] SEER
0,whisper,1,0,6,Skip
0,whisper,2,0,8,COMINGOUT Agent[08] MEDIUM
0,whisper,3,1,2,Skip
0,whisper,4,1,8,COMINGOUT Agent[08] VILLAGER
0,whisper,5,1,6,Skip
0,whisper,6,2,2,Skip
0,whisper,7,2,6,Over
0,whisper,8,2,8,Skip
0,whisper,9,3,8,Skip
0,whisper,10,3,2,Over
0,whisper,11,3,6,Over
0,whisper,12,4,8,Over
0,whisper,13,4,2,Over
0,whisper,14,4,6,Over
0,divine,1,7,HUMAN
1,status,1,SEER,ALIVE,sample_py
1,status,2,WEREWOLF,ALIVE,Tomato9
1,status,3,VILLAGER,ALIVE,sample_py
1,status,4,VILLAGER,ALIVE,Tomato2
1,status,5,BODYGUARD,ALIVE,Takeda0
1,status,6,WEREWOLF,ALIVE,TOKU6
1,status,7,VILLAGER,ALIVE,Takeda1
1,status,8,WEREWOLF,ALIVE,HALU
1,status,9,VILLAGER,ALIVE,Tomato10
1,status,10,MEDIUM,ALIVE,TOKU8
1,status,11,VILLAGER,ALIVE,sample_py
1,status,12,VILLAGER,ALIVE,TOKU13
1,status,13,VILLAGER,ALIVE,SampleJava14
1,status,14,VILLAGER,ALIVE,Tomato7
1,status,15,POSSESSED,ALIVE,OKAMI
1,talk,0,0,3,VOTE Agent[07]
1,talk,1,0,7,VOTE Agent[12]
1,talk,2,0,9,VOTE Agent[07]
1,talk,3,0,1,VOTE Agent[09]
1,talk,4,0,10,COMINGOUT Agent[10] MEDIUM
1,talk,5,0,5,VOTE Agent[07]
1,talk,6,0,11,VOTE Agent[07]
1,talk,7,0,2,COMINGOUT Agent[02] SEER
1,talk,8,0,14,VOTE Agent[07]
1,talk,9,0,12,VOTE Agent[07]
1,talk,10,0,6,VOTE Agent[07]
1,talk,11,0,13,VOTE Agent[03]
1,talk,12,0,15,COMINGOUT Agent[15] VILLAGER
1,talk,13,0,8,VOTE Agent[01]
1,talk,14,0,4,VOTE Agent[07]
1,talk,15,1,9,Skip
1,talk,16,1,15,Over
1,talk,17,1,2,DIVINED Agent[10] HUMAN
1,talk,18,1,11,Skip
1,talk,19,1,1,VOTE Agent[02]
1,talk,20,1,7,VOTE Agent[13]
1,talk,21,1,8,VOTE Agent[01]
1,talk,22,1,12,Skip
1,talk,23,1,10,VOTE Agent[07]
1,talk,24,1,6,Skip
1,talk,25,1,5,VOTE Agent[13]
1,talk,26,1,13,REQUEST ANY (VOTE Agent[03])
1,talk,27,1,3,Skip
1,talk,28,1,4,Skip
1,talk,29,1,14,Skip
1,talk,30,2,5,VOTE Agent[12]
1,talk,31,2,3,Skip
1,talk,32,2,10,VOTE Agent[12]
1,talk,33,2,8,VOTE Agent[01]
1,talk,34,2,15,DIVINED Agent[13] WEREWOLF
1,talk,35,2,13,BECAUSE (AND (COMINGOUT Agent[13] VILLAGER) (DAY 1 (Agent[15] DIVINED Agent[13] WEREWOLF))) (XOR (ESTIMATE Agent[15] WEREWOLF) (ESTIMATE Agent[15] POSSESSED))
1,talk,36,2,14,Skip
1,talk,37,2,12,Skip
1,talk,38,2,9,Skip
1,talk,39,2,1,Skip
1,talk,40,2,4,Skip
1,talk,41,2,2,VOTE Agent[07]
1,talk,42,2,11,VOTE Agent[13]
1,talk,43,2,6,VOTE Agent[12]
1,talk,44,2,7,VOTE Agent[12]
1,talk,45,3,14,Over
1,talk,46,3,3,VOTE Agent[13]
1,talk,47,3,15,VOTE Agent[13]
1,talk,48,3,2,Skip
1,talk,49,3,1,Skip
1,talk,50,3,5,Skip
1,talk,51,3,10,Skip
1,talk,52,3,11,Skip
1,talk,53,3,4,Over
1,talk,54,3,12,Over
1,talk,55,3,8,VOTE Agent[01]
1,talk,56,3,7,Skip
1,talk,57,3,13,BECAUSE (XOR (ESTIMATE Agent[15] WEREWOLF) (ESTIMATE Agent[15] POSSESSED)) (AND (VOTE Agent[15]) (REQUEST ANY (VOTE Agent[15])))
1,talk,58,3,6,Skip
1,talk,59,3,9,Over
1,talk,60,4,3,Skip
1,talk,61,4,2,Skip
1,talk,62,4,1,Over
1,talk,63,4,14,Over
1,talk,64,4,6,Skip
1,talk,65,4,12,Over
1,talk,66,4,9,Over
1,talk,67,4,8,VOTE Agent[13]
1,talk,68,4,10,Skip
1,talk,69,4,13,VOTE Agent[15]
1,talk,70,4,4,Over
1,talk,71,4,5,Skip
1,talk,72,4,15,VOTE Agent[13]
1,talk,73,4,11,Skip
1,talk,74,4,7,Skip
1,talk,75,5,2,Over
1,talk,76,5,5,Over
1,talk,77,5,13,REQUEST ANY (VOTE Agent[15])
1,talk,78,5,6,Over
1,talk,79,5,11,Over
1,talk,80,5,4,Over
1,talk,81,5,9,Over
1,talk,82,5,12,Over
1,talk,83,5,15,VOTE Agent[13]
1,talk,84,5,3,Skip
1,talk,85,5,14,Over
1,talk,86,5,8,VOTE Agent[01]
1,talk,87,5,1,Over
1,talk,88,5,10,Over
1,talk,89,5,7,Over
1,talk,90,6,9,Over
1,talk,91,6,14,Over
1,talk,92,6,7,Over
1,talk,93,6,2,Over
1,talk,94,6,1,Over
1,talk,95,6,8,VOTE Agent[13]
1,talk,96,6,12,Over
1,talk,97,6,13,Skip
1,talk,98,6,3,Over
1,talk,99,6,15,VOTE Agent[13]
1,talk,100,6,4,Over
1,talk,101,6,10,Over
1,talk,102,6,11,Over
1,talk,103,6,6,Over
1,talk,104,6,5,Over
1,talk,105,7,11,Over
1,talk,106,7,12,Over
1,talk,107,7,5,Over
1,talk,108,7,9,Over
1,talk,109,7,3,Over
1,talk,110,7,8,VOTE Agent[13]
1,talk,111,7,15,VOTE Agent[13]
1,talk,112,7,1,Over
1,talk,113,7,10,Over
1,talk,114,7,7,Over
1,talk,115,7,2,Over
1,talk,116,7,14,Over
1,talk,117,7,6,Over
1,talk,118,7,4,Over
1,talk,119,7,13,Skip
1,talk,120,8,3,Over
1,talk,121,8,6,Over
1,talk,122,8,9,Over
1,talk,123,8,5,Over
1,talk,124,8,1,Over
1,talk,125,8,7,Over
1,talk,126,8,15,VOTE Agent[13]
1,talk,127,8,13,Over
1,talk,128,8,2,Over
1,talk,129,8,11,Over
1,talk,130,8,8,VOTE Agent[01]
1,talk,131,8,4,Over
1,talk,132,8,10,Over
1,talk,133,8,12,Over
1,talk,134,8,14,Over
1,talk,135,9,13,Over
1,talk,136,9,3,Over
1,talk,137,9,4,Over
1,talk,138,9,6,Over
1,talk,139,9,11,Over
1,talk,140,9,12,Over
1,talk,141,9,1,Over
1,talk,142,9,14,Over
1,talk,143,9,8,Over
1,talk,144,9,2,Over
1,talk,145,9,5,Over
1,talk,146,9,10,Over
1,talk,147,9,9,Over
1,talk,148,9,15,Over
1,talk,149,9,7,Over
1,vote,1,2
1,vote,2,7
1,vote,3,13
1,vote,4,7
1,vote,5,12
1,vote,6,12
1,vote,7,12
1,vote,8,13
1,vote,9,7
1,vote,10,12
1,vote,11,13
1,vote,12,7
1,vote,13,15
1,vote,14,7
1,vote,15,13
1,execute,7,VILLAGER
1,divine,1,10,HUMAN
1,whisper,0,0,2,ATTACK Agent[10]
1,whisper,1,0,6,Skip
1,whisper,2,0,8,ATTACK Agent[02]
1,whisper,3,1,6,Skip
1,whisper,4,1,8,Skip
1,whisper,5,1,2,Skip
1,whisper,6,2,8,Skip
1,whisper,7,2,2,Skip
1,whisper,8,2,6,Over
1,whisper,9,3,8,Over
1,whisper,10,3,2,Over
1,whisper,11,3,6,Over
1,guard,5,2,WEREWOLF
1,attackVote,2,10
1,attackVote,6,10
1,attack,10,true
2,status,1,SEER,ALIVE,sample_py
2,status,2,WEREWOLF,ALIVE,Tomato9
2,status,3,VILLAGER,ALIVE,sample_py
2,status,4,VILLAGER,ALIVE,Tomato2
2,status,5,BODYGUARD,ALIVE,Takeda0
2,status,6,WEREWOLF,ALIVE,TOKU6
2,status,7,VILLAGER,DEAD,Takeda1
2,status,8,WEREWOLF,ALIVE,HALU
2,status,9,VILLAGER,ALIVE,Tomato10
2,status,10,MEDIUM,DEAD,TOKU8
2,status,11,VILLAGER,ALIVE,sample_py
2,status,12,VILLAGER,ALIVE,TOKU13
2,status,13,VILLAGER,ALIVE,SampleJava14
2,status,14,VILLAGER,ALIVE,Tomato7
2,status,15,POSSESSED,ALIVE,OKAMI
2,talk,0,0,12,VOTE Agent[06]
2,talk,1,0,5,VOTE Agent[12]
2,talk,2,0,2,DIVINED Agent[05] HUMAN
2,talk,3,0,11,VOTE Agent[13]
2,talk,4,0,13,BECAUSE (AND (COMINGOUT Agent[13] VILLAGER) (DAY 1 (Agent[15] DIVINED Agent[13] WEREWOLF))) (XOR (ESTIMATE Agent[15] WEREWOLF) (ESTIMATE Agent[15] POSSESSED))
2,talk,5,0,4,VOTE Agent[12]
2,talk,6,0,8,VOTE Agent[12]
2,talk,7,0,15,DIVINED Agent[12] HUMAN
2,talk,8,0,9,VOTE Agent[12]
2,talk,9,0,3,VOTE Agent[13]
2,talk,10,0,14,VOTE Agent[12]
2,talk,11,0,1,VOTE Agent[02]
2,talk,12,0,6,VOTE Agent[12]
2,talk,13,1,12,VOTE Agent[13]
2,talk,14,1,9,Skip
2,talk,15,1,14,Skip
2,talk,16,1,11,Skip
2,talk,17,1,15,VOTE Agent[13]
2,talk,18,1,3,Skip
2,talk,19,1,2,VOTE Agent[12]
2,talk,20,1,8,VOTE Agent[01]
2,talk,21,1,4,Skip
2,talk,22,1,6,Skip
2,talk,23,1,5,Skip
2,talk,24,1,13,BECAUSE (XOR (ESTIMATE Agent[15] WEREWOLF) (ESTIMATE Agent[15] POSSESSED)) (AND (VOTE Agent[15]) (REQUEST ANY (VOTE Agent[15])))
2,talk,25,1,1,Skip
2,talk,26,2,3,Skip
2,talk,27,2,2,Skip
2,talk,28,2,14,Skip
2,talk,29,2,5,VOTE Agent[13]
2,talk,30,2,8,VOTE Agent[13]
2,talk,31,2,4,VOTE Agent[13]
2,talk,32,2,11,Skip
2,talk,33,2,9,VOTE Agent[13]
2,talk,34,2,13,VOTE Agent[15]
2,talk,35,2,1,Skip
2,talk,36,2,12,Skip
2,talk,37,2,15,VOTE Agent[13]
2,talk,38,2,6,VOTE Agent[13]
2,talk,39,3,12,Skip
2,talk,40,3,15,VOTE Agent[13]
2,talk,41,3,5,Skip
2,talk,42,3,9,Skip
2,talk,43,3,4,Skip
2,talk,44,3,2,VOTE Agent[13]
2,talk,45,3,1,Over
2,talk,46,3,6,Skip
2,talk,47,3,14,VOTE Agent[13]
2,talk,48,3,13,REQUEST ANY (VOTE Agent[15])
2,talk,49,3,3,Over
2,talk,50,3,11,Over
2,talk,51,3,8,VOTE Agent[14]
2,talk,52,4,5,Skip
2,talk,53,4,3,Over
2,talk,54,4,4,Skip
2,talk,55,4,15,VOTE Agent[13]
2,talk,56,4,8,VOTE Agent[15]
2,talk,57,4,12,Over
2,talk,58,4,11,Over
2,talk,59,4,6,Skip
2,talk,60,4,1,Over
2,talk,61,4,9,Skip
2,talk,62,4,13,Skip
2,talk,63,4,14,Skip
2,talk,64,4,2,Skip
2,talk,65,5,1,Over
2,talk,66,5,6,Over
2,talk,67,5,4,Over
2,talk,68,5,3,Over
2,talk,69,5,5,Over
2,talk,70,5,12,Over
2,talk,71,5,2,Skip
2,talk,72,5,9,Over
2,talk,73,5,13,Skip
2,talk,74,5,15,VOTE Agent[13]
2,talk,75,5,8,VOTE Agent[01]
2,talk,76,5,11,Over
2,talk,77,5,14,Skip
2,talk,78,6,14,Over
2,talk,79,6,6,Over
2,talk,80,6,9,Over
2,talk,81,6,3,Over
2,talk,82,6,13,Over
2,talk,83,6,5,Over
2,talk,84,6,8,VOTE Agent[15]
2,talk,85,6,15,VOTE Agent[13]
2,talk,86,6,4,Over
2,talk,87,6,11,Over
2,talk,88,6,1,Over
2,talk,89,6,12,Over
2,talk,90,6,2,Over
2,talk,91,7,13,Over
2,talk,92,7,14,Over
2,talk,93,7,3,Over
2,talk,94,7,12,Over
2,talk,95,7,4,Over
2,talk,96,7,5,Over
2,talk,97,7,1,Over
2,talk,98,7,11,Over
2,talk,99,7,6,Over
2,talk,100,7,2,Over
2,talk,101,7,8,VOTE Agent[15]
2,talk,102,7,15,VOTE Agent[13]
2,talk,103,7,9,Over
2,talk,104,8,11,Over
2,talk,105,8,4,Over
2,talk,106,8,9,Over
2,talk,107,8,15,VOTE Agent[13]
2,talk,108,8,1,Over
2,talk,109,8,3,Over
2,talk,110,8,5,Over
2,talk,111,8,8,VOTE Agent[15]
2,talk,112,8,12,Over
2,talk,113,8,2,Over
2,talk,114,8,6,Over
2,talk,115,8,13,Over
2,talk,116,8,14,Over
2,talk,117,9,14,Over
2,talk,118,9,5,Over
2,talk,119,9,11,Over
2,talk,120,9,8,Over
2,talk,121,9,1,Over
2,talk,122,9,13,Over
2,talk,123,9,12,Over
2,talk,124,9,2,Over
2,talk,125,9,9,Over
2,talk,126,9,15,Over
2,talk,127,9,6,Over
2,talk,128,9,4,Over
2,talk,129,9,3,Over
2,vote,1,2
2,vote,2,13
2,vote,3,13
2,vote,4,13
2,vote,5,13
2,vote,6,13
2,vote,8,15
2,vote,9,13
2,vote,11,13
2,vote,12,13
2,vote,13,15
2,vote,14,13
2,vote,15,13
2,execute,13,VILLAGER
2,divine,1,9,HUMAN
2,whisper,0,0,8,ATTACK Agent[15]
2,whisper,1,0,2,ATTACK Agent[05]
2,whisper,2,0,6,Skip
2,whisper,3,1,6,Skip
2,whisper,4,1,8,Skip
2,whisper,5,1,2,Skip
2,whisper,6,2,8,Skip
2,whisper,7,2,6,Over
2,whisper,8,2,2,Skip
2,whisper,9,3,2,Over
2,whisper,10,3,6,Over
2,whisper,11,3,8,Over
2,guard,5,2,WEREWOLF
2,attackVote,2,5
2,attackVote,6,5
2,attackVote,8,15
2,attack,5,true
3,status,1,SEER,ALIVE,sample_py
3,status,2,WEREWOLF,ALIVE,Tomato9
3,status,3,VILLAGER,ALIVE,sample_py
3,status,4,VILLAGER,ALIVE,Tomato2
3,status,5,BODYGUARD,DEAD,Takeda0
3,status,6,WEREWOLF,ALIVE,TOKU6
3,status,7,VILLAGER,DEAD,Takeda1
3,status,8,WEREWOLF,ALIVE,HALU
3,status,9,VILLAGER,ALIVE,Tomato10
3,status,10,MEDIUM,DEAD,TOKU8
3,status,11,VILLAGER,ALIVE,sample_py
3,status,12,VILLAGER,ALIVE,TOKU13
3,status,13,VILLAGER,DEAD,SampleJava14
3,status,14,VILLAGER,ALIVE,Tomato7
3,status,15,POSSESSED,ALIVE,OKAMI
3,talk,0,0,15,DIVINED Agent[09] WEREWOLF
3,talk,1,0,3,VOTE Agent[09]
3,talk,2,0,6,VOTE Agent[12]
3,talk,3,0,12,VOTE Agent[06]
3,talk,4,0,4,VOTE Agent[02]
3,talk,5,0,8,VOTE Agent[09]
3,talk,6,0,1,COMINGOUT Agent[01] SEER
3,talk,7,0,2,DIVINED Agent[03] HUMAN
3,talk,8,0,11,VOTE Agent[09]
3,talk,9,0,9,VOTE Agent[02]
3,talk,10,0,14,VOTE Agent[02]
3,talk,11,1,12,VOTE Agent[01]
3,talk,12,1,4,Skip
3,talk,13,1,11,Skip
3,talk,14,1,15,VOTE Agent[02]
3,talk,15,1,8,VOTE Agent[09]
3,talk,16,1,3,Skip
3,talk,17,1,1,DIVINED Agent[07] HUMAN
3,talk,18,1,9,Skip
3,talk,19,1,14,Skip
3,talk,20,1,6,VOTE Agent[01]
3,talk,21,1,2,VOTE Agent[09]
3,talk,22,2,14,Skip
3,talk,23,2,15,VOTE Agent[09]
3,talk,24,2,6,Skip
3,talk,25,2,2,Skip
3,talk,26,2,9,Skip
3,talk,27,2,4,Skip
3,talk,28,2,8,VOTE Agent[09]
3,talk,29,2,3,Skip
3,talk,30,2,11,Skip
3,talk,31,2,1,DIVINED Agent[10] HUMAN
3,talk,32,2,12,Skip
3,talk,33,3,1,DIVINED Agent[09] HUMAN
3,talk,34,3,3,Over
3,talk,35,3,2,Skip
3,talk,36,3,8,VOTE Agent[09]
3,talk,37,3,6,Skip
3,talk,38,3,11,Over
3,talk,39,3,12,Skip
3,talk,40,3,14,Over
3,talk,41,3,15,VOTE Agent[09]
3,talk,42,3,4,Over
3,talk,43,3,9,Over
3,talk,44,4,12,Over
3,talk,45,4,8,VOTE Agent[09]
3,talk,46,4,6,Over
3,talk,47,4,15,VOTE Agent[09]
3,talk,48,4,3,Over
3,talk,49,4,14,Over
3,talk,50,4,9,Over
3,talk,51,4,11,Over
3,talk,52,4,2,Over
3,talk,53,4,4,Over
3,talk,54,4,1,VOTE Agent[02]
3,talk,55,5,8,VOTE Agent[09]
3,talk,56,5,14,Over
3,talk,57,5,3,Over
3,talk,58,5,12,Over
3,talk,59,5,2,Over
3,talk,60,5,6,Over
3,talk,61,5,1,Skip
3,talk,62,5,15,VOTE Agent[02]
3,talk,63,5,11,Over
3,talk,64,5,9,Over
3,talk,65,5,4,Over
3,talk,66,6,2,Over
3,talk,67,6,1,Skip
3,talk,68,6,9,Over
3,talk,69,6,11,Over
3,talk,70,6,14,Over
3,talk,71,6,6,Over
3,talk,72,6,12,Over
3,talk,73,6,15,VOTE Agent[02]
3,talk,74,6,4,Over
3,talk,75,6,8,VOTE Agent[09]
3,talk,76,6,3,Over
3,talk,77,7,14,Over
3,talk,78,7,2,Over
3,talk,79,7,3,Over
3,talk,80,7,4,Over
3,talk,81,7,12,Over
3,talk,82,7,6,Over
3,talk,83,7,9,Over
3,talk,84,7,1,Over
3,talk,85,7,15,VOTE Agent[02]
3,talk,86,7,8,VOTE Agent[09]
3,talk,87,7,11,Over
3,talk,88,8,3,Over
3,talk,89,8,2,Over
3,talk,90,8,11,Over
3,talk,91,8,15,VOTE Agent[02]
3,talk,92,8,6,Over
3,talk,93,8,8,VOTE Agent[09]
3,talk,94,8,9,Over
3,talk,95,8,1,Over
3,talk,96,8,14,Over
3,talk,97,8,12,Over
3,talk,98,8,4,Over
3,talk,99,9,15,Over
3,talk,100,9,2,Over
3,talk,101,9,14,Over
3,talk,102,9,8,Over
3,talk,103,9,12,Over
3,talk,104,9,1,Over
3,talk,105,9,11,Over
3,talk,106,9,4,Over
3,talk,107,9,9,Over
3,talk,108,9,6,Over
3,talk,109,9,3,Over
3,vote,1,2
3,vote,2,9
3,vote,3,9
3,vote,4,2
3,vote,6,1
3,vote,8,9
3,vote,9,2
3,vote,11,9
3,vote,12,1
3,vote,14,2
3,vote,15,2
3,execute,2,WEREWOLF
3,divine,1,14,HUMAN
3,whisper,0,0,6,Skip
3,whisper,1,0,8,ATTACK Agent[01]
3,whisper,2,1,8,Skip
3,whisper,3,1,6,Skip
3,whisper,4,2,6,Over
3,whisper,5,2,8,Skip
3,whisper,6,3,6,Over
3,whisper,7,3,8,Over
3,attackVote,6,1
3,attackVote,8,1
3,attack,1,true
4,status,1,SEER,DEAD,sample_py
4,status,2,WEREWOLF,DEAD,Tomato9
4,status,3,VILLAGER,ALIVE,sample_py
4,status,4,VILLAGER,ALIVE,Tomato2
4,status,5,BODYGUARD,DEAD,Takeda0
4,status,6,WEREWOLF,ALIVE,TOKU6
4,status,7,VILLAGER,DEAD,Takeda1
4,status,8,WEREWOLF,ALIVE,HALU
4,status,9,VILLAGER,ALIVE,Tomato10
4,status,10,MEDIUM,DEAD,TOKU8
4,status,11,VILLAGER,ALIVE,sample_py
4,status,12,VILLAGER,ALIVE,TOKU13
4,status,13,VILLAGER,DEAD,SampleJava14
4,status,14,VILLAGER,ALIVE,Tomato7
4,status,15,POSSESSED,ALIVE,OKAMI
4,talk,0,0,14,VOTE Agent[09]
4,talk,1,0,15,DIVINED Agent[04] HUMAN
4,talk,2,0,6,VOTE Agent[12]
4,talk,3,0,9,VOTE Agent[14]
4,talk,4,0,4,VOTE Agent[14]
4,talk,5,0,11,VOTE Agent[09]
4,talk,6,0,8,VOTE Agent[09]
4,talk,7,0,3,VOTE Agent[09]
4,talk,8,0,12,VOTE Agent[08]
4,talk,9,1,15,VOTE Agent[09]
4,talk,10,1,14,VOTE Agent[04]
4,talk,11,1,8,VOTE Agent[09]
4,talk,12,1,4,Skip
4,talk,13,1,9,Skip
4,talk,14,1,6,Skip
4,talk,15,1,12,Skip
4,talk,16,1,3,Skip
4,talk,17,1,11,Skip
4,talk,18,2,8,VOTE Agent[09]
4,talk,19,2,3,Skip
4,talk,20,2,9,Skip
4,talk,21,2,15,VOTE Agent[09]
4,talk,22,2,14,VOTE Agent[09]
4,talk,23,2,6,VOTE Agent[09]
4,talk,24,2,4,Skip
4,talk,25,2,12,Skip
4,talk,26,2,11,Skip
4,talk,27,3,12,VOTE Agent[14]
4,talk,28,3,15,VOTE Agent[09]
4,talk,29,3,11,Over
4,talk,30,3,9,Over
4,talk,31,3,4,Over
4,talk,32,3,14,VOTE Agent[04]
4,talk,33,3,6,Skip
4,talk,34,3,3,Over
4,talk,35,3,8,VOTE Agent[09]
4,talk,36,4,12,Skip
4,talk,37,4,15,VOTE Agent[09]
4,talk,38,4,3,Over
4,talk,39,4,8,VOTE Agent[09]
4,talk,40,4,6,Skip
4,talk,41,4,4,Over
4,talk,42,4,11,Over
4,talk,43,4,9,VOTE Agent[04]
4,talk,44,4,14,Skip
4,talk,45,5,12,Skip
4,talk,46,5,15,VOTE Agent[09]
4,talk,47,5,8,VOTE Agent[09]
4,talk,48,5,9,Skip
4,talk,49,5,3,Over
4,talk,50,5,11,Over
4,talk,51,5,14,VOTE Agent[09]
4,talk,52,5,6,Over
4,talk,53,5,4,VOTE Agent[09]
4,talk,54,6,8,VOTE Agent[09]
4,talk,55,6,11,Over
4,talk,56,6,3,Over
4,talk,57,6,14,VOTE Agent[04]
4,talk,58,6,9,Skip
4,talk,59,6,12,Over
4,talk,60,6,15,VOTE Agent[09]
4,talk,61,6,4,Skip
4,talk,62,6,6,Over
4,talk,63,7,14,Skip
4,talk,64,7,4,Skip
4,talk,65,7,9,Over
4,talk,66,7,3,Over
4,talk,67,7,12,Over
4,talk,68,7,15,VOTE Agent[09]
4,talk,69,7,6,Over
4,talk,70,7,8,VOTE Agent[09]
4,talk,71,7,11,Over
4,talk,72,8,9,Over
4,talk,73,8,12,Over
4,talk,74,8,14,VOTE Agent[09]
4,talk,75,8,15,VOTE Agent[09]
4,talk,76,8,6,Over
4,talk,77,8,4,Over
4,talk,78,8,11,Over
4,talk,79,8,8,VOTE Agent[09]
4,talk,80,8,3,Over
4,talk,81,9,12,VOTE Agent[09]
4,talk,82,9,3,Over
4,talk,83,9,8,Over
4,talk,84,9,6,Over
4,talk,85,9,11,Over
4,talk,86,9,4,Over
4,talk,87,9,9,Over
4,talk,88,9,14,VOTE Agent[04]
4,talk,89,9,15,Over
4,talk,90,10,12,Skip
4,talk,91,10,8,Over
4,talk,92,10,11,Over
4,talk,93,10,14,Skip
4,talk,94,10,4,Over
4,talk,95,10,3,Over
4,talk,96,10,9,Over
4,talk,97,10,15,Over
4,talk,98,10,6,Over
4,talk,99,11,14,Skip
4,talk,100,11,9,Over
4,talk,101,11,6,Over
4,talk,102,11,12,Skip
4,talk,103,11,3,Over
4,talk,104,11,4,Over
4,talk,105,11,15,Over
4,talk,106,11,11,Over
4,talk,107,11,8,Over
4,talk,108,12,11,Over
4,talk,109,12,3,Over
4,talk,110,12,15,Over
4,talk,111,12,14,Over
4,talk,112,12,6,Over
4,talk,113,12,9,Over
4,talk,114,12,4,Over
4,talk,115,12,8,Over
4,talk,116,12,12,Over
4,vote,3,9
4,vote,4,9
4,vote,6,9
4,vote,8,9
4,vote,9,4
4,vote,11,9
4,vote,12,9
4,vote,14,4
4,vote,15,9
4,execute,9,VILLAGER
4,whisper,0,0,8,ATTACK Agent[03]
4,whisper,1,0,6,Skip
4,whisper,2,1,8,Skip
4,whisper,3,1,6,Skip
4,whisper,4,2,6,Over
4,whisper,5,2,8,Skip
4,whisper,6,3,8,Over
4,whisper,7,3,6,Over
4,attackVote,6,3
4,attackVote,8,3
4,attack,3,true
5,status,1,SEER,DEAD,sample_py
5,status,2,WEREWOLF,DEAD,Tomato9
5,status,3,VILLAGER,DEAD,sample_py
5,status,4,VILLAGER,ALIVE,Tomato2
5,status,5,BODYGUARD,DEAD,Takeda0
5,status,6,WEREWOLF,ALIVE,TOKU6
5,status,7,VILLAGER,DEAD,Takeda1
5,status,8,WEREWOLF,ALIVE,HALU
5,status,9,VILLAGER,DEAD,Tomato10
5,status,10,MEDIUM,DEAD,TOKU8
5,status,11,VILLAGER,ALIVE,sample_py
5,status,12,VILLAGER,ALIVE,TOKU13
5,status,13,VILLAGER,DEAD,SampleJava14
5,status,14,VILLAGER,ALIVE,Tomato7
5,status,15,POSSESSED,ALIVE,OKAMI
5,talk,0,0,14,VOTE Agent[04]
5,talk,1,0,8,VOTE Agent[14]
5,talk,2,0,4,VOTE Agent[14]
5,talk,3,0,11,VOTE Agent[06]
5,talk,4,0,15,COMINGOUT Agent[15] POSSESSED
5,talk,5,0,6,VOTE Agent[14]
5,talk,6,0,12,VOTE Agent[14]
5,talk,7,1,8,VOTE Agent[15]
5,talk,8,1,11,Skip
5,talk,9,1,12,Skip
5,talk,10,1,6,Skip
5,talk,11,1,4,Skip
5,talk,12,1,14,Skip
5,talk,13,1,15,VOTE Agent[14]
5,talk,14,2,14,Skip
5,talk,15,2,6,Skip
5,talk,16,2,15,VOTE Agent[14]
5,talk,17,2,12,Skip
5,talk,18,2,11,Skip
5,talk,19,2,8,VOTE Agent[14]
5,talk,20,2,4,Skip
5,talk,21,3,12,Over
5,talk,22,3,4,Over
5,talk,23,3,8,VOTE Agent[14]
5,talk,24,3,15,VOTE Agent[14]
5,talk,25,3,11,Over
5,talk,26,3,6,Over
5,talk,27,3,14,Over
5,talk,28,4,14,Over
5,talk,29,4,15,VOTE Agent[14]
5,talk,30,4,11,Over
5,talk,31,4,12,Over
5,talk,32,4,6,Over
5,talk,33,4,4,Over
5,talk,34,4,8,VOTE Agent[15]
5,talk,35,5,15,VOTE Agent[14]
5,talk,36,5,14,Over
5,talk,37,5,8,VOTE Agent[15]
5,talk,38,5,12,Over
5,talk,39,5,6,Over
5,talk,40,5,4,Over
5,talk,41,5,11,Over
5,talk,42,6,6,Over
5,talk,43,6,8,VOTE Agent[04]
5,talk,44,6,15,VOTE Agent[14]
5,talk,45,6,14,Over
5,talk,46,6,12,Over
5,talk,47,6,11,Over
5,talk,48,6,4,Over
5,talk,49,7,12,Over
5,talk,50,7,4,Over
5,talk,51,7,11,Over
5,talk,52,7,15,VOTE Agent[14]
5,talk,53,7,8,VOTE Agent[15]
5,talk,54,7,6,Over
5,talk,55,7,14,Over
5,talk,56,8,11,Over
5,talk,57,8,8,VOTE Agent[04]
5,talk,58,8,12,Over
5,talk,59,8,4,Over
5,talk,60,8,15,VOTE Agent[14]
5,talk,61,8,6,Over
5,talk,62,8,14,Over
5,talk,63,9,8,Over
5,talk,64,9,11,Over
5,talk,65,9,14,Over
5,talk,66,9,12,Over
5,talk,67,9,4,Over
5,talk,68,9,15,VOTE Agent[14]
5,talk,69,9,6,Over
5,talk,70,10,12,Over
5,talk,71,10,8,Over
5,talk,72,10,4,Over
5,talk,73,10,14,Over
5,talk,74,10,6,Over
5,talk,75,10,15,Over
5,talk,76,10,11,Over
5,vote,4,14
5,vote,6,14
5,vote,8,4
5,vote,11,6
5,vote,12,14
5,vote,14,4
5,vote,15,14
5,execute,14,VILLAGER
5,whisper,0,0,8,ATTACK Agent[14]
5,whisper,1,0,6,Skip
5,whisper,2,1,8,Skip
5,whisper,3,1,6,Skip
5,whisper,4,2,8,Skip
5,whisper,5,2,6,Over
5,whisper,6,3,8,Over
5,whisper,7,3,6,Over
5,attackVote,6,11
5,attackVote,8,11
5,attack,11,true
6,status,1,SEER,DEAD,sample_py
6,status,2,WEREWOLF,DEAD,Tomato9
6,status,3,VILLAGER,DEAD,sample_py
6,status,4,VILLAGER,ALIVE,Tomato2
6,status,5,BODYGUARD,DEAD,Takeda0
6,status,6,WEREWOLF,ALIVE,TOKU6
6,status,7,VILLAGER,DEAD,Takeda1
6,status,8,WEREWOLF,ALIVE,HALU
6,status,9,VILLAGER,DEAD,Tomato10
6,status,10,MEDIUM,DEAD,TOKU8
6,status,11,VILLAGER,DEAD,sample_py
6,status,12,VILLAGER,ALIVE,TOKU13
6,status,13,VILLAGER,DEAD,SampleJava14
6,status,14,VILLAGER,DEAD,Tomato7
6,status,15,POSSESSED,ALIVE,OKAMI
6,talk,0,0,8,VOTE Agent[04]
6,talk,1,0,6,VOTE Agent[12]
6,talk,2,0,15,COMINGOUT Agent[15] POSSESSED
6,talk,3,0,4,VOTE Agent[06]
6,talk,4,0,12,VOTE Agent[08]
6,talk,5,1,8,VOTE Agent[04]
6,talk,6,1,6,Skip
6,talk,7,1,12,Skip
6,talk,8,1,4,Skip
6,talk,9,1,15,VOTE Agent[06]
6,talk,10,2,15,VOTE Agent[04]
6,talk,11,2,8,VOTE Agent[15]
6,talk,12,2,6,Skip
6,talk,13,2,12,Skip
6,talk,14,2,4,Skip
6,talk,15,3,4,Over
6,talk,16,3,12,Over
6,talk,17,3,6,Over
6,talk,18,3,8,VOTE Agent[04]
6,talk,19,3,15,VOTE Agent[04]
6,talk,20,4,4,Over
6,talk,21,4,15,VOTE Agent[04]
6,talk,22,4,8,VOTE Agent[12]
6,talk,23,4,12,Over
6,talk,24,4,6,Over
6,talk,25,5,12,Over
6,talk,26,5,6,Over
6,talk,27,5,4,Over
6,talk,28,5,15,VOTE Agent[12]
6,talk,29,5,8,VOTE Agent[12]
6,talk,30,6,15,VOTE Agent[12]
6,talk,31,6,12,VOTE Agent[08]
6,talk,32,6,8,VOTE Agent[12]
6,talk,33,6,6,Over
6,talk,34,6,4,Over
6,talk,35,7,4,Over
6,talk,36,7,15,VOTE Agent[12]
6,talk,37,7,12,VOTE Agent[08]
6,talk,38,7,6,Over
6,talk,39,7,8,VOTE Agent[04]
6,talk,40,8,12,Skip
6,talk,41,8,8,VOTE Agent[04]
6,talk,42,8,15,VOTE Agent[04]
6,talk,43,8,4,Over
6,talk,44,8,6,Over
6,talk,45,9,12,Skip
6,talk,46,9,8,Over
6,talk,47,9,15,VOTE Agent[12]
6,talk,48,9,6,Over
6,talk,49,9,4,Over
6,talk,50,10,8,Over
6,talk,51,10,15,Over
6,talk,52,10,6,Over
6,talk,53,10,12,Over
6,talk,54,10,4,Over
6,vote,4,6
6,vote,6,12
6,vote,8,12
6,vote,12,8
6,vote,15,12
6,execute,12,VILLAGER
6,whisper,0,0,8,ATTACK Agent[15]
6,whisper,1,0,6,Skip
6,whisper,2,1,8,Skip
6,whisper,3,1,6,Skip
6,whisper,4,2,6,Over
6,whisper,5,2,8,Skip
6,whisper,6,3,8,Over
6,whisper,7,3,6,Over
6,attackVote,6,4
6,attackVote,8,15
6,attackVote,6,4
6,attackVote,8,15
6,attack,15,true
7,status,1,SEER,DEAD,sample_py
7,status,2,WEREWOLF,DEAD,Tomato9
7,status,3,VILLAGER,DEAD,sample_py
7,status,4,VILLAGER,ALIVE,Tomato2
7,status,5,BODYGUARD,DEAD,Takeda0
7,status,6,WEREWOLF,ALIVE,TOKU6
7,status,7,VILLAGER,DEAD,Takeda1
7,status,8,WEREWOLF,ALIVE,HALU
7,status,9,VILLAGER,DEAD,Tomato10
7,status,10,MEDIUM,DEAD,TOKU8
7,status,11,VILLAGER,DEAD,sample_py
7,status,12,VILLAGER,DEAD,TOKU13
7,status,13,VILLAGER,DEAD,SampleJava14
7,status,14,VILLAGER,DEAD,Tomato7
7,status,15,POSSESSED,DEAD,OKAMI
7,result,1,2,WEREWOLF
