0,status,1,VILLAGER,ALIVE,TOKU7
0,status,2,SEER,ALIVE,TOKU0
0,status,3,VILLAGER,ALIVE,Tomato14
0,status,4,VILLAGER,ALIVE,TOKU2
0,status,5,VILLAGER,ALIVE,Takeda13
0,status,6,WEREWOLF,ALIVE,SampleJava11
0,status,7,VILLAGER,ALIVE,Tomato1
0,status,8,VILLAGER,ALIVE,SampleJava5
0,status,9,WEREWOLF,ALIVE,Tomato4
0,status,10,MEDIUM,ALIVE,Tomato3
0,status,11,BODYGUARD,ALIVE,Takeda12
0,status,12,WEREWOLF,ALIVE,Tomato10
0,status,13,VILLAGER,ALIVE,Takeda6
0,status,14,POSSESSED,ALIVE,Tomato8
0,status,15,VILLAGER,ALIVE,HALU
0,whisper,0,0,6,COMINGOUT Agent[06] VILLAGER
0,whisper,1,0,9,COMINGOUT Agent[09] VILLAGER
0,whisper,2,0,12,COMINGOUT Agent[12] VILLAGER
0,whisper,3,1,12,Skip
0,whisper,4,1,9,COMINGOUT Agent[09] SEER
0,whisper,5,1,6,Skip
0,whisper,6,2,6,Skip
0,whisper,7,2,12,Skip
0,whisper,8,2,9,Skip
0,whisper,9,3,9,Skip
0,whisper,10,3,6,Over
0,whisper,11,3,12,Over
0,whisper,12,4,9,Over
0,whisper,13,4,12,Over
0,whisper,14,4,6,Over
0,divine,2,12,WEREWOLF
1,status,1,VILLAGER,ALIVE,TOKU7
1,status,2,SEER,ALIVE,TOKU0
1,status,3,VILLAGER,ALIVE,Tomato14
1,status,4,VILLAGER,ALIVE,TOKU2
1,status,5,VILLAGER,ALIVE,Takeda13
1,status,6,WEREWOLF,ALIVE,SampleJava11
1,status,7,VILLAGER,ALIVE,Tomato1
1,status,8,VILLAGER,ALIVE,SampleJava5
1,status,9,WEREWOLF,ALIVE,Tomato4
1,status,10,MEDIUM,ALIVE,Tomato3
1,status,11,BODYGUARD,ALIVE,Takeda12
1,status,12,WEREWOLF,ALIVE,Tomato10
1,status,13,VILLAGER,ALIVE,Takeda6
1,status,14,POSSESSED,ALIVE,Tomato8
1,status,15,VILLAGER,ALIVE,HALU
1,talk,0,0,8,VOTE Agent[05]
1,talk,1,0,12,VOTE Agent[05]
1,talk,2,0,15,VOTE Agent[12]
1,talk,3,0,13,VOTE Agent[05]
1,talk,4,0,2,COMINGOUT Agent[02] SEER
1,talk,5,0,9,COMINGOUT Agent[09] SEER
1,talk,6,0,14,COMINGOUT Agent[14] SEER
1,talk,7,0,11,VOTE Agent[06]
1,talk,8,0,7,VOTE Agent[05]
1,talk,9,0,4,VOTE Agent[10]
1,talk,10,0,6,VOTE Agent[13]
1,talk,11,0,10,COMINGOUT Agent[10] MEDIUM
1,talk,12,0,1,VOTE Agent[07]
1,talk,13,0,5,VOTE Agent[10]
1,talk,14,0,3,VOTE Agent[05]
1,talk,15,1,9,DIVINED Agent[05] HUMAN
1,talk,16,1,1,VOTE Agent[14]
1,talk,17,1,14,DIVINED Agent[11] WEREWOLF
1,talk,18,1,12,Skip
1,talk,19,1,7,Skip
1,talk,20,1,15,VOTE Agent[11]
1,talk,21,1,13,Skip
1,talk,22,1,11,VOTE Agent[13]
1,talk,23,1,6,REQUEST ANY (VOTE Agent[13])
1,talk,24,1,4,VOTE Agent[03]
1,talk,25,1,2,DIVINED Agent[12] WEREWOLF
1,talk,26,1,3,Skip
1,talk,27,1,10,VOTE Agent[05]
1,talk,28,1,8,REQUEST ANY (VOTE Agent[05])
1,talk,29,1,5,VOTE Agent[09]
1,talk,30,2,8,Skip
1,talk,31,2,14,VOTE Agent[05]
1,talk,32,2,5,VOTE Agent[13]
1,talk,33,2,7,Skip
1,talk,34,2,15,VOTE Agent[14]
1,talk,35,2,2,VOTE Agent[12]
1,talk,36,2,4,VOTE Agent[13]
1,talk,37,2,11,Skip
1,talk,38,2,10,Skip
1,talk,39,2,9,VOTE Agent[13]
1,talk,40,2,13,VOTE Agent[09]
1,talk,41,2,6,Skip
1,talk,42,2,1,VOTE Agent[13]
1,talk,43,2,3,VOTE Agent[13]
1,talk,44,2,12,VOTE Agent[13]
1,talk,45,3,11,Skip
1,talk,46,3,1,Skip
1,talk,47,3,6,Skip
1,talk,48,3,2,VOTE Agent[12]
1,talk,49,3,7,VOTE Agent[13]
1,talk,50,3,5,Skip
1,talk,51,3,12,Skip
1,talk,52,3,13,VOTE Agent[09]
1,talk,53,3,14,VOTE Agent[13]
1,talk,54,3,15,VOTE Agent[02]
1,talk,55,3,9,Skip
1,talk,56,3,4,Skip
1,talk,57,3,10,VOTE Agent[13]
1,talk,58,3,8,Skip
1,talk,59,3,3,Skip
1,talk,60,4,7,Skip
1,talk,61,4,14,Skip
1,talk,62,4,8,Over
1,talk,63,4,11,Over
1,talk,64,4,13,VOTE Agent[09]
1,talk,65,4,3,Skip
1,talk,66,4,10,Skip
1,talk,67,4,5,Skip
1,talk,68,4,12,Skip
1,talk,69,4,15,VOTE Agent[14]
1,talk,70,4,4,Skip
1,talk,71,4,6,Over
1,talk,72,4,1,Skip
1,talk,73,4,9,Skip
1,talk,74,4,2,VOTE Agent[12]
1,talk,75,5,15,VOTE Agent[14]
1,talk,76,5,2,VOTE Agent[12]
1,talk,77,5,8,Over
1,talk,78,5,10,Skip
1,talk,79,5,13,VOTE Agent[09]
1,talk,80,5,5,Over
1,talk,81,5,3,Over
1,talk,82,5,14,Skip
1,talk,83,5,1,Over
1,talk,84,5,12,Over
1,talk,85,5,6,Over
1,talk,86,5,7,Skip
1,talk,87,5,11,Over
1,talk,88,5,9,Over
1,talk,89,5,4,Over
1,talk,90,6,4,Over
1,talk,91,6,6,Over
1,talk,92,6,11,Over
1,talk,93,6,2,VOTE Agent[12]
1,talk,94,6,12,Over
1,talk,95,6,10,Over
1,talk,96,6,15,VOTE Agent[02]
1,talk,97,6,3,Over
1,talk,98,6,1,Over
1,talk,99,6,14,Over
1,talk,100,6,13,VOTE Agent[09]
1,talk,101,6,5,Over
1,talk,102,6,8,Over
1,talk,103,6,7,Over
1,talk,104,6,9,Over
1,talk,105,7,3,Over
1,talk,106,7,13,VOTE Agent[09]
1,talk,107,7,15,VOTE Agent[02]
1,talk,108,7,12,Over
1,talk,109,7,14,Over
1,talk,110,7,7,Over
1,talk,111,7,11,Over
1,talk,112,7,6,Over
1,talk,113,7,5,Over
1,talk,114,7,8,Over
1,talk,115,7,10,Over
1,talk,116,7,1,Over
1,talk,117,7,4,Over
1,talk,118,7,2,VOTE Agent[12]
1,talk,119,7,9,Over
1,talk,120,8,10,Over
1,talk,121,8,13,VOTE Agent[09]
1,talk,122,8,15,VOTE Agent[02]
1,talk,123,8,8,Over
1,talk,124,8,6,Over
1,talk,125,8,2,VOTE Agent[12]
1,talk,126,8,12,Over
1,talk,127,8,11,Over
1,talk,128,8,1,Over
1,talk,129,8,14,Over
1,talk,130,8,7,Over
1,talk,131,8,4,Over
1,talk,132,8,9,Over
1,talk,133,8,5,Over
1,talk,134,8,3,Over
1,talk,135,9,15,Over
1,talk,136,9,10,Over
1,talk,137,9,14,Over
1,talk,138,9,7,Over
1,talk,139,9,2,VOTE Agent[12]
1,talk,140,9,12,Over
1,talk,141,9,5,Over
1,talk,142,9,4,Over
1,talk,143,9,6,Over
1,talk,144,9,3,Over
1,talk,145,9,13,VOTE Agent[09]
1,talk,146,9,9,Over
1,talk,147,9,11,Over
1,talk,148,9,8,Over
1,talk,149,9,1,Over
1,talk,150,10,15,Over
1,talk,151,10,4,Over
1,talk,152,10,10,Over
1,talk,153,10,7,Over
1,talk,154,10,13,VOTE Agent[09]
1,talk,155,10,11,Over
1,talk,156,10,14,Over
1,talk,157,10,1,Over
1,talk,158,10,3,Over
1,talk,159,10,5,Over
1,talk,160,10,9,Over
1,talk,161,10,12,Over
1,talk,162,10,6,Over
1,talk,163,10,8,Over
1,talk,164,10,2,Over
1,talk,165,11,5,Over
1,talk,166,11,6,Over
1,talk,167,11,9,Over
1,talk,168,11,15,Over
1,talk,169,11,12,Over
1,talk,170,11,2,Over
1,talk,171,11,10,Over
1,talk,172,11,7,Over
1,talk,173,11,4,Over
1,talk,174,11,11,Over
1,talk,175,11,1,Over
1,talk,176,11,3,Over
1,talk,177,11,14,Over
1,talk,178,11,13,Over
1,talk,179,11,8,Over
1,vote,1,13
1,vote,2,12
1,vote,3,13
1,vote,4,13
1,vote,5,13
1,vote,6,13
1,vote,7,13
1,vote,8,13
1,vote,9,13
1,vote,10,13
1,vote,11,13
1,vote,12,13
1,vote,13,9
1,vote,14,13
1,vote,15,14
1,execute,13,VILLAGER
1,divine,2,9,WEREWOLF
1,whisper,0,0,12,ATTACK Agent[14]
1,whisper,1,0,9,ATTACK Agent[14]
1,whisper,2,0,6,BECAUSE (AND (NOT (COMINGOUT Agent[14] WEREWOLF)) (NOT (COMINGOUT Agent[11] WEREWOLF)) (DAY 1 (Agent[14] DIVINED Agent[11] WEREWOLF))) (ESTIMATE Agent[14] POSSESSED)
1,whisper,3,1,9,Skip
1,whisper,4,1,12,Skip
1,whisper,5,1,6,BECAUSE (Agent[10] COMINGOUT Agent[10] MEDIUM) (ATTACK Agent[10])
1,whisper,6,2,12,Skip
1,whisper,7,2,6,ATTACK Agent[10]
1,whisper,8,2,9,Skip
1,whisper,9,3,12,Over
1,whisper,10,3,6,Skip
1,whisper,11,3,9,Over
1,whisper,12,4,9,Over
1,whisper,13,4,12,Over
1,whisper,14,4,6,Skip
1,whisper,15,5,12,Over
1,whisper,16,5,6,Over
1,whisper,17,5,9,Over
1,guard,11,2,SEER
1,attackVote,6,10
1,attackVote,9,14
1,attackVote,12,14
1,attack,14,true
2,status,1,VILLAGER,ALIVE,TOKU7
2,status,2,SEER,ALIVE,TOKU0
2,status,3,VILLAGER,ALIVE,Tomato14
2,status,4,VILLAGER,ALIVE,TOKU2
2,status,5,VILLAGER,ALIVE,Takeda13
2,status,6,WEREWOLF,ALIVE,SampleJava11
2,status,7,VILLAGER,ALIVE,Tomato1
2,status,8,VILLAGER,ALIVE,SampleJava5
2,status,9,WEREWOLF,ALIVE,Tomato4
2,status,10,MEDIUM,ALIVE,Tomato3
2,status,11,BODYGUARD,ALIVE,Takeda12
2,status,12,WEREWOLF,ALIVE,Tomato10
2,status,13,VILLAGER,DEAD,Takeda6
2,status,14,POSSESSED,DEAD,Tomato8
2,status,15,VILLAGER,ALIVE,HALU
2,talk,0,0,8,VOTE Agent[03]
2,talk,1,0,3,VOTE Agent[04]
2,talk,2,0,10,IDENTIFIED Agent[13] HUMAN
2,talk,3,0,9,DIVINED Agent[01] HUMAN
2,talk,4,0,15,VOTE Agent[02]
2,talk,5,0,4,VOTE Agent[09]
2,talk,6,0,7,VOTE Agent[04]
2,talk,7,0,1,VOTE Agent[09]
2,talk,8,0,12,VOTE Agent[04]
2,talk,9,0,2,DIVINED Agent[09] WEREWOLF
2,talk,10,0,6,VOTE Agent[13]
2,talk,11,0,5,VOTE Agent[09]
2,talk,12,0,11,VOTE Agent[09]
2,talk,13,1,2,VOTE Agent[09]
2,talk,14,1,10,VOTE Agent[09]
2,talk,15,1,6,REQUEST ANY (VOTE Agent[13])
2,talk,16,1,3,VOTE Agent[09]
2,talk,17,1,11,Skip
2,talk,18,1,4,Skip
2,talk,19,1,1,Skip
2,talk,20,1,12,VOTE Agent[09]
2,talk,21,1,15,VOTE Agent[09]
2,talk,22,1,9,VOTE Agent[03]
2,talk,23,1,5,Skip
2,talk,24,1,7,VOTE Agent[09]
2,talk,25,1,8,REQUEST ANY (VOTE Agent[03])
2,talk,26,2,15,VOTE Agent[02]
2,talk,27,2,12,Skip
2,talk,28,2,7,Skip
2,talk,29,2,4,Skip
2,talk,30,2,2,VOTE Agent[09]
2,talk,31,2,10,Skip
2,talk,32,2,6,Skip
2,talk,33,2,11,Skip
2,talk,34,2,9,Skip
2,talk,35,2,5,Skip
2,talk,36,2,1,Skip
2,talk,37,2,3,Skip
2,talk,38,2,8,Skip
2,talk,39,3,8,Skip
2,talk,40,3,3,Skip
2,talk,41,3,2,VOTE Agent[09]
2,talk,42,3,15,VOTE Agent[02]
2,talk,43,3,12,Skip
2,talk,44,3,11,Over
2,talk,45,3,1,Over
2,talk,46,3,6,Skip
2,talk,47,3,5,Over
2,talk,48,3,4,Over
2,talk,49,3,10,Skip
2,talk,50,3,7,Skip
2,talk,51,3,9,Skip
2,talk,52,4,15,VOTE Agent[02]
2,talk,53,4,1,Over
2,talk,54,4,7,Over
2,talk,55,4,4,Over
2,talk,56,4,10,Over
2,talk,57,4,11,Over
2,talk,58,4,8,Over
2,talk,59,4,12,Over
2,talk,60,4,3,Over
2,talk,61,4,9,VOTE Agent[02]
2,talk,62,4,6,Over
2,talk,63,4,2,VOTE Agent[09]
2,talk,64,4,5,Over
2,talk,65,5,9,VOTE Agent[03]
2,talk,66,5,10,Over
2,talk,67,5,11,Over
2,talk,68,5,1,Over
2,talk,69,5,8,Over
2,talk,70,5,7,Over
2,talk,71,5,3,Over
2,talk,72,5,2,VOTE Agent[09]
2,talk,73,5,6,Over
2,talk,74,5,12,Over
2,talk,75,5,4,Over
2,talk,76,5,15,VOTE Agent[02]
2,talk,77,5,5,Over
2,talk,78,6,8,Over
2,talk,79,6,11,Over
2,talk,80,6,15,VOTE Agent[02]
2,talk,81,6,4,Over
2,talk,82,6,5,Over
2,talk,83,6,3,Over
2,talk,84,6,10,Over
2,talk,85,6,9,Skip
2,talk,86,6,7,Over
2,talk,87,6,2,VOTE Agent[09]
2,talk,88,6,1,Over
2,talk,89,6,12,Over
2,talk,90,6,6,Over
2,talk,91,7,5,Over
2,talk,92,7,12,Over
2,talk,93,7,2,VOTE Agent[09]
2,talk,94,7,15,VOTE Agent[09]
2,talk,95,7,7,Over
2,talk,96,7,4,Over
2,talk,97,7,1,Over
2,talk,98,7,10,Over
2,talk,99,7,3,Over
2,talk,100,7,6,Over
2,talk,101,7,9,Skip
2,talk,102,7,11,Over
2,talk,103,7,8,Over
2,talk,104,8,11,Over
2,talk,105,8,3,Over
2,talk,106,8,7,Over
2,talk,107,8,1,Over
2,talk,108,8,15,VOTE Agent[09]
2,talk,109,8,2,VOTE Agent[09]
2,talk,110,8,5,Over
2,talk,111,8,10,Over
2,talk,112,8,4,Over
2,talk,113,8,8,Over
2,talk,114,8,12,Over
2,talk,115,8,9,Over
2,talk,116,8,6,Over
2,talk,117,9,9,Over
2,talk,118,9,5,Over
2,talk,119,9,12,Over
2,talk,120,9,7,Over
2,talk,121,9,1,Over
2,talk,122,9,3,Over
2,talk,123,9,2,VOTE Agent[09]
2,talk,124,9,10,Over
2,talk,125,9,15,Over
2,talk,126,9,11,Over
2,talk,127,9,8,Over
2,talk,128,9,4,Over
2,talk,129,9,6,Over
2,talk,130,10,7,Over
2,talk,131,10,1,Over
2,talk,132,10,8,Over
2,talk,133,10,3,Over
2,talk,134,10,2,Over
2,talk,135,10,11,Over
2,talk,136,10,15,Over
2,talk,137,10,10,Over
2,talk,138,10,9,Over
2,talk,139,10,4,Over
2,talk,140,10,12,Over
2,talk,141,10,5,Over
2,talk,142,10,6,Over
2,vote,1,9
2,vote,2,9
2,vote,3,9
2,vote,4,9
2,vote,5,9
2,vote,6,4
2,vote,7,9
2,vote,8,15
2,vote,9,3
2,vote,10,9
2,vote,11,9
2,vote,12,9
2,vote,15,9
2,execute,9,WEREWOLF
2,divine,2,5,HUMAN
2,whisper,0,0,12,ATTACK Agent[02]
2,whisper,1,0,6,BECAUSE (Agent[10] COMINGOUT Agent[10] MEDIUM) (ATTACK Agent[10])
2,whisper,2,1,6,ATTACK Agent[10]
2,whisper,3,1,12,Skip
2,whisper,4,2,12,Skip
2,whisper,5,2,6,Skip
2,whisper,6,3,6,Skip
2,whisper,7,3,12,Over
2,whisper,8,4,12,Over
2,whisper,9,4,6,Over
2,guard,11,2,SEER
2,attackVote,6,10
2,attackVote,12,2
2,attackVote,6,10
2,attackVote,12,2
2,attack,10,true
3,status,1,VILLAGER,ALIVE,TOKU7
3,status,2,SEER,ALIVE,TOKU0
3,status,3,VILLAGER,ALIVE,Tomato14
3,status,4,VILLAGER,ALIVE,TOKU2
3,status,5,VILLAGER,ALIVE,Takeda13
3,status,6,WEREWOLF,ALIVE,SampleJava11
3,status,7,VILLAGER,ALIVE,Tomato1
3,status,8,VILLAGER,ALIVE,SampleJava5
3,status,9,WEREWOLF,DEAD,Tomato4
3,status,10,MEDIUM,DEAD,Tomato3
3,status,11,BODYGUARD,ALIVE,Takeda12
3,status,12,WEREWOLF,ALIVE,Tomato10
3,status,13,VILLAGER,DEAD,Takeda6
3,status,14,POSSESSED,DEAD,Tomato8
3,status,15,VILLAGER,ALIVE,HALU
3,talk,0,0,12,VOTE Agent[02]
3,talk,1,0,1,VOTE Agent[05]
3,talk,2,0,8,VOTE Agent[11]
3,talk,3,0,2,DIVINED Agent[05] HUMAN
3,talk,4,0,6,VOTE Agent[13]
3,talk,5,0,3,VOTE Agent[06]
3,talk,6,0,5,VOTE Agent[04]
3,talk,7,0,7,VOTE Agent[06]
3,talk,8,0,4,VOTE Agent[05]
3,talk,9,0,11,VOTE Agent[05]
3,talk,10,0,15,VOTE Agent[02]
3,talk,11,1,6,REQUEST ANY (VOTE Agent[13])
3,talk,12,1,2,VOTE Agent[12]
3,talk,13,1,3,Skip
3,talk,14,1,1,Skip
3,talk,15,1,4,Skip
3,talk,16,1,11,VOTE Agent[04]
3,talk,17,1,8,REQUEST ANY (VOTE Agent[11])
3,talk,18,1,5,Skip
3,talk,19,1,7,Skip
3,talk,20,1,15,VOTE Agent[02]
3,talk,21,1,12,VOTE Agent[05]
3,talk,22,2,6,Skip
3,talk,23,2,5,Skip
3,talk,24,2,12,Skip
3,talk,25,2,4,Skip
3,talk,26,2,11,VOTE Agent[05]
3,talk,27,2,8,Skip
3,talk,28,2,3,Skip
3,talk,29,2,2,VOTE Agent[12]
3,talk,30,2,1,Skip
3,talk,31,2,7,Skip
3,talk,32,2,15,VOTE Agent[02]
3,talk,33,3,15,VOTE Agent[02]
3,talk,34,3,11,Skip
3,talk,35,3,7,Over
3,talk,36,3,4,Over
3,talk,37,3,2,VOTE Agent[12]
3,talk,38,3,8,Skip
3,talk,39,3,5,Over
3,talk,40,3,6,Skip
3,talk,41,3,1,Over
3,talk,42,3,12,Skip
3,talk,43,3,3,Over
3,talk,44,4,12,Over
3,talk,45,4,11,Skip
3,talk,46,4,7,Over
3,talk,47,4,15,VOTE Agent[02]
3,talk,48,4,1,Over
3,talk,49,4,5,Over
3,talk,50,4,8,Over
3,talk,51,4,6,Over
3,talk,52,4,4,Over
3,talk,53,4,3,Over
3,talk,54,4,2,VOTE Agent[12]
3,talk,55,5,5,Over
3,talk,56,5,6,Over
3,talk,57,5,15,VOTE Agent[02]
3,talk,58,5,7,Over
3,talk,59,5,11,Over
3,talk,60,5,8,Over
3,talk,61,5,12,Over
3,talk,62,5,2,VOTE Agent[12]
3,talk,63,5,4,Over
3,talk,64,5,3,Over
3,talk,65,5,1,Over
3,talk,66,6,4,Over
3,talk,67,6,6,Over
3,talk,68,6,5,Over
3,talk,69,6,15,VOTE Agent[02]
3,talk,70,6,12,Over
3,talk,71,6,8,Over
3,talk,72,6,11,Over
3,talk,73,6,3,Over
3,talk,74,6,2,VOTE Agent[12]
3,talk,75,6,1,Over
3,talk,76,6,7,Over
3,talk,77,7,8,Over
3,talk,78,7,1,Over
3,talk,79,7,6,Over
3,talk,80,7,11,Over
3,talk,81,7,15,VOTE Agent[02]
3,talk,82,7,2,VOTE Agent[12]
3,talk,83,7,4,Over
3,talk,84,7,7,Over
3,talk,85,7,12,Over
3,talk,86,7,5,Over
3,talk,87,7,3,Over
3,talk,88,8,15,VOTE Agent[02]
3,talk,89,8,1,Over
3,talk,90,8,2,VOTE Agent[12]
3,talk,91,8,12,Over
3,talk,92,8,4,Over
3,talk,93,8,3,Over
3,talk,94,8,8,Over
3,talk,95,8,5,Over
3,talk,96,8,11,Over
3,talk,97,8,7,Over
3,talk,98,8,6,Over
3,talk,99,9,12,Over
3,talk,100,9,5,Over
3,talk,101,9,7,Over
3,talk,102,9,11,Over
3,talk,103,9,15,Over
3,talk,104,9,6,Over
3,talk,105,9,3,Over
3,talk,106,9,8,Over
3,talk,107,9,4,Over
3,talk,108,9,2,VOTE Agent[12]
3,talk,109,9,1,Over
3,talk,110,10,15,Over
3,talk,111,10,7,Over
3,talk,112,10,2,Over
3,talk,113,10,1,Over
3,talk,114,10,11,Over
3,talk,115,10,5,Over
3,talk,116,10,3,Over
3,talk,117,10,4,Over
3,talk,118,10,6,Over
3,talk,119,10,12,Over
3,talk,120,10,8,Over
3,vote,1,5
3,vote,2,12
3,vote,3,6
3,vote,4,5
3,vote,5,4
3,vote,6,1
3,vote,7,6
3,vote,8,11
3,vote,11,5
3,vote,12,5
3,vote,15,2
3,execute,5,VILLAGER
3,divine,2,4,HUMAN
3,whisper,0,0,6,BECAUSE (Agent[02] COMINGOUT Agent[02] SEER) (ATTACK Agent[02])
3,whisper,1,0,12,ATTACK Agent[02]
3,whisper,2,1,12,Skip
3,whisper,3,1,6,ATTACK Agent[02]
3,whisper,4,2,6,Skip
3,whisper,5,2,12,Skip
3,whisper,6,3,12,Over
3,whisper,7,3,6,Skip
3,whisper,8,4,6,Over
3,whisper,9,4,12,Over
3,guard,11,1,VILLAGER
3,attackVote,6,2
3,attackVote,12,2
3,attack,2,true
4,status,1,VILLAGER,ALIVE,TOKU7
4,status,2,SEER,DEAD,TOKU0
4,status,3,VILLAGER,ALIVE,Tomato14
4,status,4,VILLAGER,ALIVE,TOKU2
4,status,5,VILLAGER,DEAD,Takeda13
4,status,6,WEREWOLF,ALIVE,SampleJava11
4,status,7,VILLAGER,ALIVE,Tomato1
4,status,8,VILLAGER,ALIVE,SampleJava5
4,status,9,WEREWOLF,DEAD,Tomato4
4,status,10,MEDIUM,DEAD,Tomato3
4,status,11,BODYGUARD,ALIVE,Takeda12
4,status,12,WEREWOLF,ALIVE,Tomato10
4,status,13,VILLAGER,DEAD,Takeda6
4,status,14,POSSESSED,DEAD,Tomato8
4,status,15,VILLAGER,ALIVE,HALU
4,talk,0,0,3,VOTE Agent[06]
4,talk,1,0,15,VOTE Agent[12]
4,talk,2,0,11,VOTE Agent[04]
4,talk,3,0,1,VOTE Agent[04]
4,talk,4,0,7,VOTE Agent[06]
4,talk,5,0,6,VOTE Agent[13]
4,talk,6,0,4,VOTE Agent[15]
4,talk,7,0,12,VOTE Agent[04]
4,talk,8,0,8,VOTE Agent[15]
4,talk,9,1,11,Skip
4,talk,10,1,15,VOTE Agent[12]
4,talk,11,1,8,REQUEST ANY (VOTE Agent[15])
4,talk,12,1,1,Skip
4,talk,13,1,6,REQUEST ANY (VOTE Agent[13])
4,talk,14,1,7,Skip
4,talk,15,1,12,Skip
4,talk,16,1,4,Skip
4,talk,17,1,3,Skip
4,talk,18,2,11,Skip
4,talk,19,2,4,Skip
4,talk,20,2,6,Skip
4,talk,21,2,1,Skip
4,talk,22,2,8,Skip
4,talk,23,2,15,VOTE Agent[12]
4,talk,24,2,7,Skip
4,talk,25,2,12,Skip
4,talk,26,2,3,Skip
4,talk,27,3,8,Skip
4,talk,28,3,6,Skip
4,talk,29,3,3,Over
4,talk,30,3,4,Over
4,talk,31,3,11,Over
4,talk,32,3,1,Over
4,talk,33,3,15,VOTE Agent[12]
4,talk,34,3,12,Over
4,talk,35,3,7,Over
4,talk,36,4,15,VOTE Agent[12]
4,talk,37,4,3,Over
4,talk,38,4,7,Over
4,talk,39,4,4,Over
4,talk,40,4,12,Over
4,talk,41,4,8,Over
4,talk,42,4,11,Over
4,talk,43,4,1,Over
4,talk,44,4,6,Over
4,talk,45,5,8,Over
4,talk,46,5,12,Over
4,talk,47,5,7,Over
4,talk,48,5,4,Over
4,talk,49,5,15,VOTE Agent[12]
4,talk,50,5,1,Over
4,talk,51,5,11,Over
4,talk,52,5,6,Over
4,talk,53,5,3,Over
4,talk,54,6,11,Over
4,talk,55,6,15,VOTE Agent[12]
4,talk,56,6,1,Over
4,talk,57,6,12,Over
4,talk,58,6,7,Over
4,talk,59,6,4,Over
4,talk,60,6,6,Over
4,talk,61,6,8,Over
4,talk,62,6,3,Over
4,talk,63,7,1,Over
4,talk,64,7,3,Over
4,talk,65,7,8,Over
4,talk,66,7,7,Over
4,talk,67,7,15,VOTE Agent[12]
4,talk,68,7,4,Over
4,talk,69,7,11,Over
4,talk,70,7,6,Over
4,talk,71,7,12,Over
4,talk,72,8,3,Over
4,talk,73,8,11,Over
4,talk,74,8,6,Over
4,talk,75,8,12,Over
4,talk,76,8,7,Over
4,talk,77,8,4,Over
4,talk,78,8,15,VOTE Agent[12]
4,talk,79,8,1,Over
4,talk,80,8,8,Over
4,talk,81,9,6,Over
4,talk,82,9,15,Over
4,talk,83,9,12,Over
4,talk,84,9,3,Over
4,talk,85,9,8,Over
4,talk,86,9,4,Over
4,talk,87,9,11,Over
4,talk,88,9,7,Over
4,talk,89,9,1,Over
4,vote,1,4
4,vote,3,6
4,vote,4,15
4,vote,6,1
4,vote,7,6
4,vote,8,11
4,vote,11,4
4,vote,12,4
4,vote,15,12
4,execute,4,VILLAGER
4,whisper,0,0,12,ATTACK Agent[11]
4,whisper,1,0,6,ATTACK Agent[07]
4,whisper,2,1,12,Skip
4,whisper,3,1,6,Skip
4,whisper,4,2,6,Skip
4,whisper,5,2,12,Skip
4,whisper,6,3,6,Over
4,whisper,7,3,12,Over
4,guard,11,1,VILLAGER
4,attackVote,6,7
4,attackVote,12,11
4,attackVote,6,7
4,attackVote,12,11
4,attack,7,true
5,status,1,VILLAGER,ALIVE,TOKU7
5,status,2,SEER,DEAD,TOKU0
5,status,3,VILLAGER,ALIVE,Tomato14
5,status,4,VILLAGER,DEAD,TOKU2
5,status,5,VILLAGER,DEAD,Takeda13
5,status,6,WEREWOLF,ALIVE,SampleJava11
5,status,7,VILLAGER,DEAD,Tomato1
5,status,8,VILLAGER,ALIVE,SampleJava5
5,status,9,WEREWOLF,DEAD,Tomato4
5,status,10,MEDIUM,DEAD,Tomato3
5,status,11,BODYGUARD,ALIVE,Takeda12
5,status,12,WEREWOLF,ALIVE,Tomato10
5,status,13,VILLAGER,DEAD,Takeda6
5,status,14,POSSESSED,DEAD,Tomato8
5,status,15,VILLAGER,ALIVE,HALU
5,talk,0,0,12,VOTE Agent[15]
5,talk,1,0,3,VOTE Agent[06]
5,talk,2,0,15,VOTE Agent[11]
5,talk,3,0,11,VOTE Agent[15]
5,talk,4,0,8,VOTE Agent[03]
5,talk,5,0,6,VOTE Agent[13]
5,talk,6,0,1,VOTE Agent[15]
5,talk,7,1,11,Skip
5,talk,8,1,8,REQUEST ANY (VOTE Agent[03])
5,talk,9,1,15,VOTE Agent[11]
5,talk,10,1,6,REQUEST ANY (VOTE Agent[13])
5,talk,11,1,3,Skip
5,talk,12,1,1,Skip
5,talk,13,1,12,Skip
5,talk,14,2,11,Skip
5,talk,15,2,1,Skip
5,talk,16,2,8,Skip
5,talk,17,2,15,VOTE Agent[01]
5,talk,18,2,3,Skip
5,talk,19,2,12,Skip
5,talk,20,2,6,Skip
5,talk,21,3,12,Over
5,talk,22,3,1,Over
5,talk,23,3,15,VOTE Agent[01]
5,talk,24,3,8,Skip
5,talk,25,3,11,Over
5,talk,26,3,3,Over
5,talk,27,3,6,Skip
5,talk,28,4,8,Over
5,talk,29,4,12,Over
5,talk,30,4,15,VOTE Agent[01]
5,talk,31,4,3,Over
5,talk,32,4,1,Over
5,talk,33,4,11,Over
5,talk,34,4,6,Over
5,talk,35,5,3,Over
5,talk,36,5,15,VOTE Agent[12]
5,talk,37,5,6,Over
5,talk,38,5,12,Over
5,talk,39,5,11,Over
5,talk,40,5,8,Over
5,talk,41,5,1,Over
5,talk,42,6,1,Over
5,talk,43,6,11,Over
5,talk,44,6,3,Over
5,talk,45,6,15,VOTE Agent[12]
5,talk,46,6,8,Over
5,talk,47,6,6,Over
5,talk,48,6,12,Over
5,talk,49,7,15,VOTE Agent[01]
5,talk,50,7,3,Over
5,talk,51,7,11,Over
5,talk,52,7,1,Over
5,talk,53,7,12,Over
5,talk,54,7,6,Over
5,talk,55,7,8,Over
5,talk,56,8,6,Over
5,talk,57,8,11,Over
5,talk,58,8,15,VOTE Agent[12]
5,talk,59,8,1,Over
5,talk,60,8,12,Over
5,talk,61,8,3,Over
5,talk,62,8,8,Over
5,talk,63,9,8,Over
5,talk,64,9,3,Over
5,talk,65,9,1,Over
5,talk,66,9,15,Over
5,talk,67,9,12,Over
5,talk,68,9,11,Over
5,talk,69,9,6,Over
5,vote,1,15
5,vote,3,6
5,vote,6,12
5,vote,8,6
5,vote,11,15
5,vote,12,15
5,vote,15,12
5,execute,15,VILLAGER
5,whisper,0,0,12,ATTACK Agent[11]
5,whisper,1,0,6,ATTACK Agent[11]
5,whisper,2,1,6,Skip
5,whisper,3,1,12,Skip
5,whisper,4,2,6,Skip
5,whisper,5,2,12,Skip
5,whisper,6,3,6,Over
5,whisper,7,3,12,Over
5,guard,11,1,VILLAGER
5,attackVote,6,11
5,attackVote,12,11
5,attack,11,true
6,status,1,VILLAGER,ALIVE,TOKU7
6,status,2,SEER,DEAD,TOKU0
6,status,3,VILLAGER,ALIVE,Tomato14
6,status,4,VILLAGER,DEAD,TOKU2
6,status,5,VILLAGER,DEAD,Takeda13
6,status,6,WEREWOLF,ALIVE,SampleJava11
6,status,7,VILLAGER,DEAD,Tomato1
6,status,8,VILLAGER,ALIVE,SampleJava5
6,status,9,WEREWOLF,DEAD,Tomato4
6,status,10,MEDIUM,DEAD,Tomato3
6,status,11,BODYGUARD,DEAD,Takeda12
6,status,12,WEREWOLF,ALIVE,Tomato10
6,status,13,VILLAGER,DEAD,Takeda6
6,status,14,POSSESSED,DEAD,Tomato8
6,status,15,VILLAGER,DEAD,HALU
6,talk,0,0,6,VOTE Agent[13]
6,talk,1,0,1,VOTE Agent[03]
6,talk,2,0,12,VOTE Agent[03]
6,talk,3,0,8,VOTE Agent[12]
6,talk,4,0,3,VOTE Agent[06]
6,talk,5,1,3,Skip
6,talk,6,1,1,Skip
6,talk,7,1,12,VOTE Agent[06]
6,talk,8,1,8,REQUEST ANY (VOTE Agent[12])
6,talk,9,1,6,REQUEST ANY (VOTE Agent[13])
6,talk,10,2,12,Skip
6,talk,11,2,3,Skip
6,talk,12,2,8,Skip
6,talk,13,2,6,Skip
6,talk,14,2,1,VOTE Agent[06]
6,talk,15,3,3,Over
6,talk,16,3,6,Skip
6,talk,17,3,8,Skip
6,talk,18,3,12,Skip
6,talk,19,3,1,Skip
6,talk,20,4,3,Over
6,talk,21,4,12,Over
6,talk,22,4,8,Over
6,talk,23,4,1,Skip
6,talk,24,4,6,Over
6,talk,25,5,6,Over
6,talk,26,5,3,Over
6,talk,27,5,8,Over
6,talk,28,5,12,Over
6,talk,29,5,1,Over
6,vote,1,6
6,vote,3,6
6,vote,6,3
6,vote,8,6
6,vote,12,6
6,execute,6,WEREWOLF
6,attack,8,true
7,status,1,VILLAGER,ALIVE,TOKU7
7,status,2,SEER,DEAD,TOKU0
7,status,3,VILLAGER,ALIVE,Tomato14
7,status,4,VILLAGER,DEAD,TOKU2
7,status,5,VILLAGER,DEAD,Takeda13
7,status,6,WEREWOLF,DEAD,SampleJava11
7,status,7,VILLAGER,DEAD,Tomato1
7,status,8,VILLAGER,DEAD,SampleJava5
7,status,9,WEREWOLF,DEAD,Tomato4
7,status,10,MEDIUM,DEAD,Tomato3
7,status,11,BODYGUARD,DEAD,Takeda12
7,status,12,WEREWOLF,ALIVE,Tomato10
7,status,13,VILLAGER,DEAD,Takeda6
7,status,14,POSSESSED,DEAD,Tomato8
7,status,15,VILLAGER,DEAD,HALU
7,talk,0,0,12,VOTE Agent[03]
7,talk,1,0,3,VOTE Agent[12]
7,talk,2,0,1,VOTE Agent[03]
7,talk,3,1,3,Skip
7,talk,4,1,1,Skip
7,talk,5,1,12,Skip
7,talk,6,2,12,Skip
7,talk,7,2,3,Skip
7,talk,8,2,1,Skip
7,talk,9,3,1,Over
7,talk,10,3,12,Over
7,talk,11,3,3,Over
7,vote,1,3
7,vote,3,12
7,vote,12,3
7,execute,3,VILLAGER
7,attack,1,true
8,status,1,VILLAGER,DEAD,TOKU7
8,status,2,SEER,DEAD,TOKU0
8,status,3,VILLAGER,DEAD,Tomato14
8,status,4,VILLAGER,DEAD,TOKU2
8,status,5,VILLAGER,DEAD,Takeda13
8,status,6,WEREWOLF,DEAD,SampleJava11
8,status,7,VILLAGER,DEAD,Tomato1
8,status,8,VILLAGER,DEAD,SampleJava5
8,status,9,WEREWOLF,DEAD,Tomato4
8,status,10,MEDIUM,DEAD,Tomato3
8,status,11,BODYGUARD,DEAD,Takeda12
8,status,12,WEREWOLF,ALIVE,Tomato10
8,status,13,VILLAGER,DEAD,Takeda6
8,status,14,POSSESSED,DEAD,Tomato8
8,status,15,VILLAGER,DEAD,HALU
8,result,0,1,WEREWOLF
