0,status,1,VILLAGER,ALIVE,TOKU7
0,status,2,VILLAGER,ALIVE,TOKU0
0,status,3,SEER,ALIVE,Tomato14
0,status,4,MEDIUM,ALIVE,TOKU2
0,status,5,VILLAGER,ALIVE,Takeda13
0,status,6,BODYGUARD,ALIVE,SampleJava11
0,status,7,VILLAGER,ALIVE,Tomato1
0,status,8,VILLAGER,ALIVE,SampleJava5
0,status,9,VILLAGER,ALIVE,Tomato4
0,status,10,VILLAGER,ALIVE,Tomato3
0,status,11,WEREWOLF,ALIVE,Takeda12
0,status,12,VILLAGER,ALIVE,Tomato10
0,status,13,POSSESSED,ALIVE,Takeda6
0,status,14,WEREWOLF,ALIVE,Tomato8
0,status,15,WEREWOLF,ALIVE,HALU
0,whisper,0,0,14,COMINGOUT Agent[14] VILLAGER
0,whisper,1,0,15,COMINGOUT Agent[15] MEDIUM
0,whisper,2,0,11,Skip
0,whisper,3,1,15,Skip
0,whisper,4,1,11,Skip
0,whisper,5,1,14,Skip
0,whisper,6,2,15,Skip
0,whisper,7,2,14,Skip
0,whisper,8,2,11,Over
0,whisper,9,3,15,Over
0,whisper,10,3,11,Over
0,whisper,11,3,14,Over
0,divine,3,8,HUMAN
1,status,1,VILLAGER,ALIVE,TOKU7
1,status,2,VILLAGER,ALIVE,TOKU0
1,status,3,SEER,ALIVE,Tomato14
1,status,4,MEDIUM,ALIVE,TOKU2
1,status,5,VILLAGER,ALIVE,Takeda13
1,status,6,BODYGUARD,ALIVE,SampleJava11
1,status,7,VILLAGER,ALIVE,Tomato1
1,status,8,VILLAGER,ALIVE,SampleJava5
1,status,9,VILLAGER,ALIVE,Tomato4
1,status,10,VILLAGER,ALIVE,Tomato3
1,status,11,WEREWOLF,ALIVE,Takeda12
1,status,12,VILLAGER,ALIVE,Tomato10
1,status,13,POSSESSED,ALIVE,Takeda6
1,status,14,WEREWOLF,ALIVE,Tomato8
1,status,15,WEREWOLF,ALIVE,HALU
1,talk,0,0,7,VOTE Agent[14]
1,talk,1,0,14,VOTE Agent[06]
1,talk,2,0,8,VOTE Agent[02]
1,talk,3,0,5,VOTE Agent[02]
1,talk,4,0,9,VOTE Agent[02]
1,talk,5,0,15,COMINGOUT Agent[15] MEDIUM
1,talk,6,0,12,VOTE Agent[02]
1,talk,7,0,13,COMINGOUT Agent[13] SEER
1,talk,8,0,6,VOTE Agent[11]
1,talk,9,0,10,VOTE Agent[02]
1,talk,10,0,2,VOTE Agent[06]
1,talk,11,0,11,Skip
1,talk,12,0,3,COMINGOUT Agent[03] SEER
1,talk,13,0,4,COMINGOUT Agent[04] MEDIUM
1,talk,14,0,1,VOTE Agent[03]
1,talk,15,1,8,REQUEST ANY (VOTE Agent[02])
1,talk,16,1,9,Skip
1,talk,17,1,1,VOTE Agent[15]
1,talk,18,1,2,VOTE Agent[15]
1,talk,19,1,10,Skip
1,talk,20,1,15,VOTE Agent[04]
1,talk,21,1,5,VOTE Agent[15]
1,talk,22,1,11,VOTE Agent[15]
1,talk,23,1,12,Skip
1,talk,24,1,13,DIVINED Agent[14] WEREWOLF
1,talk,25,1,6,REQUEST ANY (VOTE Agent[11])
1,talk,26,1,4,VOTE Agent[15]
1,talk,27,1,7,VOTE Agent[15]
1,talk,28,1,3,DIVINED Agent[08] HUMAN
1,talk,29,1,14,VOTE Agent[15]
1,talk,30,2,4,Skip
1,talk,31,2,13,VOTE Agent[14]
1,talk,32,2,2,Skip
1,talk,33,2,14,Skip
1,talk,34,2,11,Skip
1,talk,35,2,5,Skip
1,talk,36,2,6,Skip
1,talk,37,2,15,VOTE Agent[04]
1,talk,38,2,1,Skip
1,talk,39,2,7,Skip
1,talk,40,2,3,VOTE Agent[15]
1,talk,41,2,10,VOTE Agent[15]
1,talk,42,2,8,Skip
1,talk,43,2,9,VOTE Agent[15]
1,talk,44,2,12,VOTE Agent[15]
1,talk,45,3,14,Skip
1,talk,46,3,11,Skip
1,talk,47,3,10,Skip
1,talk,48,3,7,Skip
1,talk,49,3,3,Skip
1,talk,50,3,2,Skip
1,talk,51,3,4,Skip
1,talk,52,3,1,Skip
1,talk,53,3,6,Skip
1,talk,54,3,8,Skip
1,talk,55,3,15,VOTE Agent[04]
1,talk,56,3,13,Skip
1,talk,57,3,12,Skip
1,talk,58,3,5,Skip
1,talk,59,3,9,Skip
1,talk,60,4,13,Skip
1,talk,61,4,4,Over
1,talk,62,4,10,Skip
1,talk,63,4,6,Over
1,talk,64,4,3,Skip
1,talk,65,4,12,Skip
1,talk,66,4,5,Over
1,talk,67,4,15,VOTE Agent[04]
1,talk,68,4,11,Over
1,talk,69,4,2,Over
1,talk,70,4,1,Over
1,talk,71,4,8,Over
1,talk,72,4,14,Over
1,talk,73,4,7,Over
1,talk,74,4,9,Skip
1,talk,75,5,6,Over
1,talk,76,5,2,Over
1,talk,77,5,1,Over
1,talk,78,5,14,Over
1,talk,79,5,9,Over
1,talk,80,5,13,Over
1,talk,81,5,5,Over
1,talk,82,5,15,VOTE Agent[04]
1,talk,83,5,7,Over
1,talk,84,5,8,Over
1,talk,85,5,10,Over
1,talk,86,5,4,Over
1,talk,87,5,12,Over
1,talk,88,5,11,Over
1,talk,89,5,3,Over
1,talk,90,6,8,Over
1,talk,91,6,4,Over
1,talk,92,6,9,Over
1,talk,93,6,5,Over
1,talk,94,6,10,Over
1,talk,95,6,3,Over
1,talk,96,6,12,Over
1,talk,97,6,15,VOTE Agent[04]
1,talk,98,6,14,Over
1,talk,99,6,11,Over
1,talk,100,6,1,Over
1,talk,101,6,2,Over
1,talk,102,6,6,Over
1,talk,103,6,7,Over
1,talk,104,6,13,Over
1,talk,105,7,11,Over
1,talk,106,7,10,Over
1,talk,107,7,2,Over
1,talk,108,7,9,Over
1,talk,109,7,7,Over
1,talk,110,7,3,Over
1,talk,111,7,4,Over
1,talk,112,7,1,Over
1,talk,113,7,5,Over
1,talk,114,7,14,Over
1,talk,115,7,6,Over
1,talk,116,7,15,VOTE Agent[04]
1,talk,117,7,13,Over
1,talk,118,7,8,Over
1,talk,119,7,12,Over
1,talk,120,8,1,Over
1,talk,121,8,11,Over
1,talk,122,8,3,Over
1,talk,123,8,10,Over
1,talk,124,8,7,Over
1,talk,125,8,12,Over
1,talk,126,8,14,Over
1,talk,127,8,9,Over
1,talk,128,8,5,Over
1,talk,129,8,13,Over
1,talk,130,8,6,Over
1,talk,131,8,4,Over
1,talk,132,8,2,Over
1,talk,133,8,15,VOTE Agent[04]
1,talk,134,8,8,Over
1,talk,135,9,11,Over
1,talk,136,9,13,Over
1,talk,137,9,4,Over
1,talk,138,9,12,Over
1,talk,139,9,7,Over
1,talk,140,9,3,Over
1,talk,141,9,5,Over
1,talk,142,9,6,Over
1,talk,143,9,15,Over
1,talk,144,9,8,Over
1,talk,145,9,1,Over
1,talk,146,9,14,Over
1,talk,147,9,10,Over
1,talk,148,9,2,Over
1,talk,149,9,9,Over
1,vote,1,15
1,vote,2,15
1,vote,3,15
1,vote,4,15
1,vote,5,15
1,vote,6,2
1,vote,7,15
1,vote,8,11
1,vote,9,15
1,vote,10,15
1,vote,11,15
1,vote,12,15
1,vote,13,4
1,vote,14,15
1,vote,15,4
1,execute,15,WEREWOLF
1,divine,3,13,HUMAN
1,whisper,0,0,11,Skip
1,whisper,1,0,14,ATTACK Agent[13]
1,whisper,2,1,11,Skip
1,whisper,3,1,14,Skip
1,whisper,4,2,14,Skip
1,whisper,5,2,11,Over
1,whisper,6,3,14,Over
1,whisper,7,3,11,Over
1,guard,6,3,SEER
1,attackVote,11,6
1,attackVote,14,13
1,attackVote,11,6
1,attackVote,14,13
1,attack,6,true
2,status,1,VILLAGER,ALIVE,TOKU7
2,status,2,VILLAGER,ALIVE,TOKU0
2,status,3,SEER,ALIVE,Tomato14
2,status,4,MEDIUM,ALIVE,TOKU2
2,status,5,VILLAGER,ALIVE,Takeda13
2,status,6,BODYGUARD,DEAD,SampleJava11
2,status,7,VILLAGER,ALIVE,Tomato1
2,status,8,VILLAGER,ALIVE,SampleJava5
2,status,9,VILLAGER,ALIVE,Tomato4
2,status,10,VILLAGER,ALIVE,Tomato3
2,status,11,WEREWOLF,ALIVE,Takeda12
2,status,12,VILLAGER,ALIVE,Tomato10
2,status,13,POSSESSED,ALIVE,Takeda6
2,status,14,WEREWOLF,ALIVE,Tomato8
2,status,15,WEREWOLF,DEAD,HALU
2,talk,0,0,13,DIVINED Agent[11] HUMAN
2,talk,1,0,9,VOTE Agent[04]
2,talk,2,0,10,VOTE Agent[04]
2,talk,3,0,5,VOTE Agent[11]
2,talk,4,0,7,VOTE Agent[04]
2,talk,5,0,4,IDENTIFIED Agent[15] WEREWOLF
2,talk,6,0,12,VOTE Agent[04]
2,talk,7,0,8,VOTE Agent[05]
2,talk,8,0,3,DIVINED Agent[13] HUMAN
2,talk,9,0,2,VOTE Agent[11]
2,talk,10,0,14,VOTE Agent[04]
2,talk,11,0,11,VOTE Agent[10]
2,talk,12,0,1,VOTE Agent[11]
2,talk,13,1,14,Skip
2,talk,14,1,13,VOTE Agent[14]
2,talk,15,1,3,VOTE Agent[04]
2,talk,16,1,11,VOTE Agent[02]
2,talk,17,1,7,Skip
2,talk,18,1,9,Skip
2,talk,19,1,4,VOTE Agent[11]
2,talk,20,1,10,Skip
2,talk,21,1,8,REQUEST ANY (VOTE Agent[05])
2,talk,22,1,2,Skip
2,talk,23,1,12,Skip
2,talk,24,1,5,Skip
2,talk,25,1,1,Skip
2,talk,26,2,11,Skip
2,talk,27,2,3,Skip
2,talk,28,2,14,Skip
2,talk,29,2,9,Skip
2,talk,30,2,4,Skip
2,talk,31,2,10,Skip
2,talk,32,2,7,Skip
2,talk,33,2,8,Skip
2,talk,34,2,5,Skip
2,talk,35,2,12,Skip
2,talk,36,2,13,Skip
2,talk,37,2,2,Skip
2,talk,38,2,1,Skip
2,talk,39,3,8,Skip
2,talk,40,3,3,Skip
2,talk,41,3,2,Over
2,talk,42,3,11,Skip
2,talk,43,3,7,Over
2,talk,44,3,12,Over
2,talk,45,3,10,Over
2,talk,46,3,5,Over
2,talk,47,3,9,Over
2,talk,48,3,13,Skip
2,talk,49,3,1,Over
2,talk,50,3,4,Skip
2,talk,51,3,14,Over
2,talk,52,4,7,Over
2,talk,53,4,3,Over
2,talk,54,4,1,Over
2,talk,55,4,14,Over
2,talk,56,4,2,Over
2,talk,57,4,8,Over
2,talk,58,4,13,Over
2,talk,59,4,9,Over
2,talk,60,4,4,Over
2,talk,61,4,11,Over
2,talk,62,4,12,Over
2,talk,63,4,5,Over
2,talk,64,4,10,Over
2,vote,1,11
2,vote,2,11
2,vote,3,4
2,vote,4,11
2,vote,5,11
2,vote,7,4
2,vote,8,3
2,vote,9,4
2,vote,10,4
2,vote,11,2
2,vote,12,4
2,vote,13,2
2,vote,14,4
2,execute,4,MEDIUM
2,divine,3,11,WEREWOLF
2,whisper,0,0,11,Skip
2,whisper,1,0,14,ATTACK Agent[13]
2,whisper,2,1,14,Skip
2,whisper,3,1,11,Skip
2,whisper,4,2,11,Over
2,whisper,5,2,14,Skip
2,whisper,6,3,14,Over
2,whisper,7,3,11,Over
2,attackVote,11,3
2,attackVote,14,13
2,attackVote,11,3
2,attackVote,14,13
2,attack,13,true
3,status,1,VILLAGER,ALIVE,TOKU7
3,status,2,VILLAGER,ALIVE,TOKU0
3,status,3,SEER,ALIVE,Tomato14
3,status,4,MEDIUM,DEAD,TOKU2
3,status,5,VILLAGER,ALIVE,Takeda13
3,status,6,BODYGUARD,DEAD,SampleJava11
3,status,7,VILLAGER,ALIVE,Tomato1
3,status,8,VILLAGER,ALIVE,SampleJava5
3,status,9,VILLAGER,ALIVE,Tomato4
3,status,10,VILLAGER,ALIVE,Tomato3
3,status,11,WEREWOLF,ALIVE,Takeda12
3,status,12,VILLAGER,ALIVE,Tomato10
3,status,13,POSSESSED,DEAD,Takeda6
3,status,14,WEREWOLF,ALIVE,Tomato8
3,status,15,WEREWOLF,DEAD,HALU
3,talk,0,0,11,VOTE Agent[02]
3,talk,1,0,2,VOTE Agent[11]
3,talk,2,0,7,VOTE Agent[03]
3,talk,3,0,5,VOTE Agent[11]
3,talk,4,0,9,VOTE Agent[03]
3,talk,5,0,14,VOTE Agent[03]
3,talk,6,0,12,VOTE Agent[03]
3,talk,7,0,1,VOTE Agent[11]
3,talk,8,0,8,VOTE Agent[05]
3,talk,9,0,10,VOTE Agent[03]
3,talk,10,0,3,DIVINED Agent[11] WEREWOLF
3,talk,11,1,14,Skip
3,talk,12,1,1,Skip
3,talk,13,1,5,Skip
3,talk,14,1,11,Skip
3,talk,15,1,8,REQUEST ANY (VOTE Agent[05])
3,talk,16,1,3,VOTE Agent[11]
3,talk,17,1,9,Skip
3,talk,18,1,7,Skip
3,talk,19,1,12,Skip
3,talk,20,1,10,Skip
3,talk,21,1,2,Skip
3,talk,22,2,11,Skip
3,talk,23,2,9,Skip
3,talk,24,2,2,Skip
3,talk,25,2,1,Skip
3,talk,26,2,10,Skip
3,talk,27,2,12,Skip
3,talk,28,2,8,Skip
3,talk,29,2,14,Skip
3,talk,30,2,5,Skip
3,talk,31,2,3,Skip
3,talk,32,2,7,Skip
3,talk,33,3,10,Over
3,talk,34,3,9,Over
3,talk,35,3,14,Over
3,talk,36,3,5,Over
3,talk,37,3,12,Over
3,talk,38,3,1,Over
3,talk,39,3,8,Skip
3,talk,40,3,3,Skip
3,talk,41,3,11,Over
3,talk,42,3,7,Over
3,talk,43,3,2,Over
3,talk,44,4,10,Over
3,talk,45,4,12,Over
3,talk,46,4,5,Over
3,talk,47,4,3,Over
3,talk,48,4,7,Over
3,talk,49,4,9,Over
3,talk,50,4,11,Over
3,talk,51,4,1,Over
3,talk,52,4,14,Over
3,talk,53,4,8,Over
3,talk,54,4,2,Over
3,vote,1,11
3,vote,2,11
3,vote,3,11
3,vote,5,11
3,vote,7,3
3,vote,8,5
3,vote,9,3
3,vote,10,3
3,vote,11,2
3,vote,12,3
3,vote,14,3
3,execute,3,SEER
3,whisper,0,0,11,Skip
3,whisper,1,0,14,ATTACK Agent[01]
3,whisper,2,1,14,Skip
3,whisper,3,1,11,Skip
3,whisper,4,2,11,Over
3,whisper,5,2,14,Skip
3,whisper,6,3,14,Over
3,whisper,7,3,11,Over
3,attackVote,11,1
3,attackVote,14,1
3,attack,1,true
4,status,1,VILLAGER,DEAD,TOKU7
4,status,2,VILLAGER,ALIVE,TOKU0
4,status,3,SEER,DEAD,Tomato14
4,status,4,MEDIUM,DEAD,TOKU2
4,status,5,VILLAGER,ALIVE,Takeda13
4,status,6,BODYGUARD,DEAD,SampleJava11
4,status,7,VILLAGER,ALIVE,Tomato1
4,status,8,VILLAGER,ALIVE,SampleJava5
4,status,9,VILLAGER,ALIVE,Tomato4
4,status,10,VILLAGER,ALIVE,Tomato3
4,status,11,WEREWOLF,ALIVE,Takeda12
4,status,12,VILLAGER,ALIVE,Tomato10
4,status,13,POSSESSED,DEAD,Takeda6
4,status,14,WEREWOLF,ALIVE,Tomato8
4,status,15,WEREWOLF,DEAD,HALU
4,talk,0,0,2,VOTE Agent[11]
4,talk,1,0,9,VOTE Agent[11]
4,talk,2,0,11,VOTE Agent[02]
4,talk,3,0,8,VOTE Agent[12]
4,talk,4,0,7,VOTE Agent[11]
4,talk,5,0,5,VOTE Agent[11]
4,talk,6,0,12,VOTE Agent[11]
4,talk,7,0,10,VOTE Agent[11]
4,talk,8,0,14,VOTE Agent[02]
4,talk,9,1,2,Skip
4,talk,10,1,5,Skip
4,talk,11,1,7,Skip
4,talk,12,1,11,VOTE Agent[02]
4,talk,13,1,10,Skip
4,talk,14,1,8,REQUEST ANY (VOTE Agent[12])
4,talk,15,1,14,Skip
4,talk,16,1,9,Skip
4,talk,17,1,12,VOTE Agent[14]
4,talk,18,2,12,Skip
4,talk,19,2,7,VOTE Agent[14]
4,talk,20,2,9,VOTE Agent[14]
4,talk,21,2,8,Skip
4,talk,22,2,10,VOTE Agent[14]
4,talk,23,2,11,Skip
4,talk,24,2,2,Skip
4,talk,25,2,14,Skip
4,talk,26,2,5,Skip
4,talk,27,3,12,Skip
4,talk,28,3,14,Over
4,talk,29,3,8,Skip
4,talk,30,3,9,Skip
4,talk,31,3,7,Skip
4,talk,32,3,11,VOTE Agent[10]
4,talk,33,3,10,Skip
4,talk,34,3,2,Over
4,talk,35,3,5,Over
4,talk,36,4,10,Skip
4,talk,37,4,5,Over
4,talk,38,4,14,VOTE Agent[12]
4,talk,39,4,12,Over
4,talk,40,4,11,Skip
4,talk,41,4,7,Skip
4,talk,42,4,8,Over
4,talk,43,4,2,Over
4,talk,44,4,9,Skip
4,talk,45,5,7,Over
4,talk,46,5,5,Over
4,talk,47,5,10,Over
4,talk,48,5,9,Over
4,talk,49,5,8,Over
4,talk,50,5,12,Over
4,talk,51,5,14,Skip
4,talk,52,5,2,Over
4,talk,53,5,11,Skip
4,talk,54,6,12,Over
4,talk,55,6,7,Over
4,talk,56,6,11,Over
4,talk,57,6,2,Over
4,talk,58,6,14,Skip
4,talk,59,6,9,Over
4,talk,60,6,8,Over
4,talk,61,6,10,Over
4,talk,62,6,5,Over
4,talk,63,7,10,Over
4,talk,64,7,11,Over
4,talk,65,7,2,Over
4,talk,66,7,14,Over
4,talk,67,7,9,Over
4,talk,68,7,8,Over
4,talk,69,7,5,Over
4,talk,70,7,7,Over
4,talk,71,7,12,Over
4,vote,2,11
4,vote,5,11
4,vote,7,14
4,vote,8,10
4,vote,9,14
4,vote,10,14
4,vote,11,10
4,vote,12,14
4,vote,14,12
4,execute,14,WEREWOLF
4,attackVote,11,5
4,attack,5,true
5,status,1,VILLAGER,DEAD,TOKU7
5,status,2,VILLAGER,ALIVE,TOKU0
5,status,3,SEER,DEAD,Tomato14
5,status,4,MEDIUM,DEAD,TOKU2
5,status,5,VILLAGER,DEAD,Takeda13
5,status,6,BODYGUARD,DEAD,SampleJava11
5,status,7,VILLAGER,ALIVE,Tomato1
5,status,8,VILLAGER,ALIVE,SampleJava5
5,status,9,VILLAGER,ALIVE,Tomato4
5,status,10,VILLAGER,ALIVE,Tomato3
5,status,11,WEREWOLF,ALIVE,Takeda12
5,status,12,VILLAGER,ALIVE,Tomato10
5,status,13,POSSESSED,DEAD,Takeda6
5,status,14,WEREWOLF,DEAD,Tomato8
5,status,15,WEREWOLF,DEAD,HALU
5,talk,0,0,7,VOTE Agent[12]
5,talk,1,0,2,VOTE Agent[11]
5,talk,2,0,10,VOTE Agent[12]
5,talk,3,0,11,VOTE Agent[10]
5,talk,4,0,9,VOTE Agent[10]
5,talk,5,0,8,VOTE Agent[12]
5,talk,6,0,12,VOTE Agent[10]
5,talk,7,1,2,Skip
5,talk,8,1,12,Skip
5,talk,9,1,7,Skip
5,talk,10,1,9,VOTE Agent[12]
5,talk,11,1,8,REQUEST ANY (VOTE Agent[12])
5,talk,12,1,10,Skip
5,talk,13,1,11,VOTE Agent[12]
5,talk,14,2,2,VOTE Agent[12]
5,talk,15,2,9,Skip
5,talk,16,2,7,Skip
5,talk,17,2,12,Skip
5,talk,18,2,8,Skip
5,talk,19,2,10,Skip
5,talk,20,2,11,Skip
5,talk,21,3,7,Over
5,talk,22,3,10,Over
5,talk,23,3,11,Skip
5,talk,24,3,2,Skip
5,talk,25,3,12,Over
5,talk,26,3,9,Skip
5,talk,27,3,8,Skip
5,talk,28,4,2,Skip
5,talk,29,4,11,Over
5,talk,30,4,9,Over
5,talk,31,4,8,Over
5,talk,32,4,10,Over
5,talk,33,4,7,Over
5,talk,34,4,12,Over
5,talk,35,5,11,Over
5,talk,36,5,10,Over
5,talk,37,5,2,Over
5,talk,38,5,7,Over
5,talk,39,5,12,Over
5,talk,40,5,9,Over
5,talk,41,5,8,Over
5,vote,2,12
5,vote,7,12
5,vote,8,11
5,vote,9,12
5,vote,10,12
5,vote,11,12
5,vote,12,10
5,execute,12,VILLAGER
5,attackVote,11,2
5,attack,2,true
6,status,1,VILLAGER,DEAD,TOKU7
6,status,2,VILLAGER,DEAD,TOKU0
6,status,3,SEER,DEAD,Tomato14
6,status,4,MEDIUM,DEAD,TOKU2
6,status,5,VILLAGER,DEAD,Takeda13
6,status,6,BODYGUARD,DEAD,SampleJava11
6,status,7,VILLAGER,ALIVE,Tomato1
6,status,8,VILLAGER,ALIVE,SampleJava5
6,status,9,VILLAGER,ALIVE,Tomato4
6,status,10,VILLAGER,ALIVE,Tomato3
6,status,11,WEREWOLF,ALIVE,Takeda12
6,status,12,VILLAGER,DEAD,Tomato10
6,status,13,POSSESSED,DEAD,Takeda6
6,status,14,WEREWOLF,DEAD,Tomato8
6,status,15,WEREWOLF,DEAD,HALU
6,talk,0,0,8,VOTE Agent[11]
6,talk,1,0,11,VOTE Agent[09]
6,talk,2,0,7,VOTE Agent[10]
6,talk,3,0,10,VOTE Agent[09]
6,talk,4,0,9,VOTE Agent[10]
6,talk,5,1,10,Skip
6,talk,6,1,8,REQUEST ANY (VOTE Agent[11])
6,talk,7,1,7,Skip
6,talk,8,1,9,Skip
6,talk,9,1,11,Skip
6,talk,10,2,8,Skip
6,talk,11,2,7,Skip
6,talk,12,2,9,Skip
6,talk,13,2,11,Skip
6,talk,14,2,10,Skip
6,talk,15,3,9,Over
6,talk,16,3,11,Over
6,talk,17,3,8,Skip
6,talk,18,3,10,Over
6,talk,19,3,7,Over
6,talk,20,4,10,Over
6,talk,21,4,7,Over
6,talk,22,4,8,Over
6,talk,23,4,9,Over
6,talk,24,4,11,Over
6,vote,7,10
6,vote,8,11
6,vote,9,10
6,vote,10,9
6,vote,11,9
6,vote,7,10
6,vote,8,9
6,vote,9,10
6,vote,10,9
6,vote,11,9
6,execute,9,VILLAGER
6,attackVote,11,8
6,attack,8,true
7,status,1,VILLAGER,DEAD,TOKU7
7,status,2,VILLAGER,DEAD,TOKU0
7,status,3,SEER,DEAD,Tomato14
7,status,4,MEDIUM,DEAD,TOKU2
7,status,5,VILLAGER,DEAD,Takeda13
7,status,6,BODYGUARD,DEAD,SampleJava11
7,status,7,VILLAGER,ALIVE,Tomato1
7,status,8,VILLAGER,DEAD,SampleJava5
7,status,9,VILLAGER,DEAD,Tomato4
7,status,10,VILLAGER,ALIVE,Tomato3
7,status,11,WEREWOLF,ALIVE,Takeda12
7,status,12,VILLAGER,DEAD,Tomato10
7,status,13,POSSESSED,DEAD,Takeda6
7,status,14,WEREWOLF,DEAD,Tomato8
7,status,15,WEREWOLF,DEAD,HALU
7,talk,0,0,10,VOTE Agent[07]
7,talk,1,0,11,VOTE Agent[10]
7,talk,2,0,7,VOTE Agent[10]
7,talk,3,1,11,Skip
7,talk,4,1,10,Skip
7,talk,5,1,7,Skip
7,talk,6,2,11,Skip
7,talk,7,2,7,Skip
7,talk,8,2,10,Skip
7,talk,9,3,10,Over
7,talk,10,3,11,Over
7,talk,11,3,7,Over
7,vote,7,10
7,vote,10,7
7,vote,11,7
7,execute,7,VILLAGER
7,attackVote,11,10
7,attack,10,true
8,status,1,VILLAGER,DEAD,TOKU7
8,status,2,VILLAGER,DEAD,TOKU0
8,status,3,SEER,DEAD,Tomato14
8,status,4,MEDIUM,DEAD,TOKU2
8,status,5,VILLAGER,DEAD,Takeda13
8,status,6,BODYGUARD,DEAD,SampleJava11
8,status,7,VILLAGER,DEAD,Tomato1
8,status,8,VILLAGER,DEAD,SampleJava5
8,status,9,VILLAGER,DEAD,Tomato4
8,status,10,VILLAGER,DEAD,Tomato3
8,status,11,WEREWOLF,ALIVE,Takeda12
8,status,12,VILLAGER,DEAD,Tomato10
8,status,13,POSSESSED,DEAD,Takeda6
8,status,14,WEREWOLF,DEAD,Tomato8
8,status,15,WEREWOLF,DEAD,HALU
8,result,0,1,WEREWOLF
