0,status,1,SEER,ALIVE,TOKU7
0,status,2,MEDIUM,ALIVE,TOKU0
0,status,3,WEREWOLF,ALIVE,Tomato14
0,status,4,VILLAGER,ALIVE,TOKU2
0,status,5,VILLAGER,ALIVE,Takeda13
0,status,6,VILLAGER,ALIVE,SampleJava11
0,status,7,BODYGUARD,ALIVE,Tomato1
0,status,8,VILLAGER,ALIVE,SampleJava5
0,status,9,VILLAGER,ALIVE,Tomato4
0,status,10,WEREWOLF,ALIVE,Tomato3
0,status,11,WEREWOLF,ALIVE,Takeda12
0,status,12,VILLAGER,ALIVE,Tomato10
0,status,13,VILLAGER,ALIVE,Takeda6
0,status,14,VILLAGER,ALIVE,Tomato8
0,status,15,POSSESSED,ALIVE,HALU
0,whisper,0,0,3,COMINGOUT Agent[03] VILLAGER
0,whisper,1,0,10,COMINGOUT Agent[10] VILLAGER
0,whisper,2,0,11,Skip
0,whisper,3,1,3,Skip
0,whisper,4,1,10,Skip
0,whisper,5,1,11,Skip
0,whisper,6,2,11,Over
0,whisper,7,2,3,Skip
0,whisper,8,2,10,Skip
0,whisper,9,3,10,COMINGOUT Agent[10] SEER
0,whisper,10,3,3,Over
0,whisper,11,3,11,Over
0,whisper,12,4,3,Over
0,whisper,13,4,11,Over
0,whisper,14,4,10,Skip
0,whisper,15,5,3,Over
0,whisper,16,5,11,Over
0,whisper,17,5,10,Skip
0,whisper,18,6,3,Over
0,whisper,19,6,10,Over
0,whisper,20,6,11,Over
0,divine,1,2,HUMAN
1,status,1,SEER,ALIVE,TOKU7
1,status,2,MEDIUM,ALIVE,TOKU0
1,status,3,WEREWOLF,ALIVE,Tomato14
1,status,4,VILLAGER,ALIVE,TOKU2
1,status,5,VILLAGER,ALIVE,Takeda13
1,status,6,VILLAGER,ALIVE,SampleJava11
1,status,7,BODYGUARD,ALIVE,Tomato1
1,status,8,VILLAGER,ALIVE,SampleJava5
1,status,9,VILLAGER,ALIVE,Tomato4
1,status,10,WEREWOLF,ALIVE,Tomato3
1,status,11,WEREWOLF,ALIVE,Takeda12
1,status,12,VILLAGER,ALIVE,Tomato10
1,status,13,VILLAGER,ALIVE,Takeda6
1,status,14,VILLAGER,ALIVE,Tomato8
1,status,15,POSSESSED,ALIVE,HALU
1,talk,0,0,6,VOTE Agent[05]
1,talk,1,0,1,COMINGOUT Agent[01] SEER
1,talk,2,0,5,VOTE Agent[13]
1,talk,3,0,14,VOTE Agent[05]
1,talk,4,0,11,COMINGOUT Agent[11] SEER
1,talk,5,0,9,VOTE Agent[05]
1,talk,6,0,10,COMINGOUT Agent[10] SEER
1,talk,7,0,8,VOTE Agent[13]
1,talk,8,0,15,COMINGOUT Agent[15] SEER
1,talk,9,0,13,VOTE Agent[06]
1,talk,10,0,12,VOTE Agent[05]
1,talk,11,0,2,COMINGOUT Agent[02] MEDIUM
1,talk,12,0,3,VOTE Agent[05]
1,talk,13,0,4,VOTE Agent[12]
1,talk,14,0,7,VOTE Agent[05]
1,talk,15,1,1,DIVINED Agent[02] HUMAN
1,talk,16,1,11,DIVINED Agent[10] HUMAN
1,talk,17,1,12,Skip
1,talk,18,1,4,VOTE Agent[10]
1,talk,19,1,2,VOTE Agent[01]
1,talk,20,1,7,Skip
1,talk,21,1,5,VOTE Agent[10]
1,talk,22,1,6,REQUEST ANY (VOTE Agent[05])
1,talk,23,1,9,Skip
1,talk,24,1,3,Skip
1,talk,25,1,13,VOTE Agent[11]
1,talk,26,1,14,Skip
1,talk,27,1,8,REQUEST ANY (VOTE Agent[13])
1,talk,28,1,15,DIVINED Agent[07] WEREWOLF
1,talk,29,1,10,DIVINED Agent[13] HUMAN
1,talk,30,2,15,VOTE Agent[07]
1,talk,31,2,12,Skip
1,talk,32,2,10,VOTE Agent[05]
1,talk,33,2,7,Skip
1,talk,34,2,6,Skip
1,talk,35,2,4,Skip
1,talk,36,2,1,VOTE Agent[10]
1,talk,37,2,5,Skip
1,talk,38,2,13,Skip
1,talk,39,2,8,Skip
1,talk,40,2,14,Skip
1,talk,41,2,9,Skip
1,talk,42,2,2,VOTE Agent[10]
1,talk,43,2,3,Skip
1,talk,44,2,11,VOTE Agent[01]
1,talk,45,3,9,Over
1,talk,46,3,6,Skip
1,talk,47,3,15,VOTE Agent[07]
1,talk,48,3,4,Skip
1,talk,49,3,2,Skip
1,talk,50,3,13,Skip
1,talk,51,3,7,Over
1,talk,52,3,5,Skip
1,talk,53,3,3,Over
1,talk,54,3,14,Over
1,talk,55,3,10,Skip
1,talk,56,3,1,VOTE Agent[10]
1,talk,57,3,11,Skip
1,talk,58,3,12,Over
1,talk,59,3,8,Skip
1,talk,60,4,3,Over
1,talk,61,4,13,VOTE Agent[10]
1,talk,62,4,7,Over
1,talk,63,4,8,Over
1,talk,64,4,4,Over
1,talk,65,4,10,Skip
1,talk,66,4,2,Skip
1,talk,67,4,9,Over
1,talk,68,4,1,VOTE Agent[10]
1,talk,69,4,14,Over
1,talk,70,4,12,Over
1,talk,71,4,5,Over
1,talk,72,4,6,Over
1,talk,73,4,11,Skip
1,talk,74,4,15,VOTE Agent[07]
1,talk,75,5,1,VOTE Agent[10]
1,talk,76,5,10,Over
1,talk,77,5,15,VOTE Agent[07]
1,talk,78,5,14,Over
1,talk,79,5,5,Over
1,talk,80,5,12,Over
1,talk,81,5,8,Over
1,talk,82,5,6,Over
1,talk,83,5,11,Over
1,talk,84,5,4,Over
1,talk,85,5,7,Over
1,talk,86,5,13,Skip
1,talk,87,5,9,Over
1,talk,88,5,3,Over
1,talk,89,5,2,Over
1,talk,90,6,2,Over
1,talk,91,6,13,Skip
1,talk,92,6,9,Over
1,talk,93,6,6,Over
1,talk,94,6,7,Over
1,talk,95,6,5,Over
1,talk,96,6,10,Over
1,talk,97,6,11,Over
1,talk,98,6,14,Over
1,talk,99,6,4,Over
1,talk,100,6,3,Over
1,talk,101,6,8,Over
1,talk,102,6,12,Over
1,talk,103,6,15,VOTE Agent[07]
1,talk,104,6,1,VOTE Agent[10]
1,talk,105,7,1,VOTE Agent[10]
1,talk,106,7,13,Over
1,talk,107,7,4,Over
1,talk,108,7,10,Over
1,talk,109,7,12,Over
1,talk,110,7,2,Over
1,talk,111,7,7,Over
1,talk,112,7,11,Over
1,talk,113,7,3,Over
1,talk,114,7,14,Over
1,talk,115,7,9,Over
1,talk,116,7,6,Over
1,talk,117,7,8,Over
1,talk,118,7,15,VOTE Agent[07]
1,talk,119,7,5,Over
1,talk,120,8,2,Over
1,talk,121,8,9,Over
1,talk,122,8,14,Over
1,talk,123,8,4,Over
1,talk,124,8,13,Over
1,talk,125,8,7,Over
1,talk,126,8,15,VOTE Agent[07]
1,talk,127,8,6,Over
1,talk,128,8,3,Over
1,talk,129,8,11,Over
1,talk,130,8,10,Over
1,talk,131,8,12,Over
1,talk,132,8,8,Over
1,talk,133,8,1,VOTE Agent[10]
1,talk,134,8,5,Over
1,talk,135,9,1,VOTE Agent[10]
1,talk,136,9,14,Over
1,talk,137,9,6,Over
1,talk,138,9,7,Over
1,talk,139,9,11,Over
1,talk,140,9,15,Over
1,talk,141,9,3,Over
1,talk,142,9,13,Over
1,talk,143,9,12,Over
1,talk,144,9,9,Over
1,talk,145,9,2,Over
1,talk,146,9,4,Over
1,talk,147,9,10,Over
1,talk,148,9,8,Over
1,talk,149,9,5,Over
1,talk,150,10,2,Over
1,talk,151,10,11,Over
1,talk,152,10,3,Over
1,talk,153,10,14,Over
1,talk,154,10,1,Over
1,talk,155,10,7,Over
1,talk,156,10,6,Over
1,talk,157,10,10,Over
1,talk,158,10,8,Over
1,talk,159,10,9,Over
1,talk,160,10,15,Over
1,talk,161,10,4,Over
1,talk,162,10,5,Over
1,talk,163,10,13,Over
1,talk,164,10,12,Over
1,vote,1,10
1,vote,2,10
1,vote,3,5
1,vote,4,10
1,vote,5,10
1,vote,6,13
1,vote,7,5
1,vote,8,5
1,vote,9,5
1,vote,10,5
1,vote,11,1
1,vote,12,5
1,vote,13,10
1,vote,14,5
1,vote,15,7
1,execute,5,VILLAGER
1,divine,1,10,WEREWOLF
1,whisper,0,0,3,ATTACK Agent[15]
1,whisper,1,0,11,Skip
1,whisper,2,0,10,ATTACK Agent[15]
1,whisper,3,1,3,Skip
1,whisper,4,1,11,Skip
1,whisper,5,1,10,Skip
1,whisper,6,2,3,Skip
1,whisper,7,2,11,Over
1,whisper,8,2,10,Skip
1,whisper,9,3,3,Over
1,whisper,10,3,10,Over
1,whisper,11,3,11,Over
1,guard,7,2,MEDIUM
1,attackVote,3,15
1,attackVote,10,15
1,attackVote,11,13
1,attack,15,true
2,status,1,SEER,ALIVE,TOKU7
2,status,2,MEDIUM,ALIVE,TOKU0
2,status,3,WEREWOLF,ALIVE,Tomato14
2,status,4,VILLAGER,ALIVE,TOKU2
2,status,5,VILLAGER,DEAD,Takeda13
2,status,6,VILLAGER,ALIVE,SampleJava11
2,status,7,BODYGUARD,ALIVE,Tomato1
2,status,8,VILLAGER,ALIVE,SampleJava5
2,status,9,VILLAGER,ALIVE,Tomato4
2,status,10,WEREWOLF,ALIVE,Tomato3
2,status,11,WEREWOLF,ALIVE,Takeda12
2,status,12,VILLAGER,ALIVE,Tomato10
2,status,13,VILLAGER,ALIVE,Takeda6
2,status,14,VILLAGER,ALIVE,Tomato8
2,status,15,POSSESSED,DEAD,HALU
2,talk,0,0,10,DIVINED Agent[06] HUMAN
2,talk,1,0,11,DIVINED Agent[01] WEREWOLF
2,talk,2,0,13,VOTE Agent[10]
2,talk,3,0,8,VOTE Agent[06]
2,talk,4,0,6,VOTE Agent[04]
2,talk,5,0,2,IDENTIFIED Agent[05] HUMAN
2,talk,6,0,7,VOTE Agent[06]
2,talk,7,0,12,VOTE Agent[06]
2,talk,8,0,3,VOTE Agent[06]
2,talk,9,0,14,VOTE Agent[06]
2,talk,10,0,9,VOTE Agent[06]
2,talk,11,0,4,VOTE Agent[10]
2,talk,12,0,1,DIVINED Agent[10] WEREWOLF
2,talk,13,1,11,VOTE Agent[01]
2,talk,14,1,3,Skip
2,talk,15,1,8,REQUEST ANY (VOTE Agent[06])
2,talk,16,1,13,Skip
2,talk,17,1,1,VOTE Agent[10]
2,talk,18,1,9,VOTE Agent[10]
2,talk,19,1,7,VOTE Agent[10]
2,talk,20,1,6,REQUEST ANY (VOTE Agent[04])
2,talk,21,1,4,Skip
2,talk,22,1,14,VOTE Agent[10]
2,talk,23,1,12,VOTE Agent[10]
2,talk,24,1,2,Skip
2,talk,25,1,10,VOTE Agent[01]
2,talk,26,2,9,Skip
2,talk,27,2,14,Skip
2,talk,28,2,3,VOTE Agent[10]
2,talk,29,2,2,Skip
2,talk,30,2,13,Skip
2,talk,31,2,8,Skip
2,talk,32,2,6,Skip
2,talk,33,2,10,Skip
2,talk,34,2,11,VOTE Agent[10]
2,talk,35,2,1,VOTE Agent[10]
2,talk,36,2,4,Skip
2,talk,37,2,7,Skip
2,talk,38,2,12,Skip
2,talk,39,3,8,Skip
2,talk,40,3,3,Skip
2,talk,41,3,9,Skip
2,talk,42,3,1,VOTE Agent[10]
2,talk,43,3,11,Skip
2,talk,44,3,13,Over
2,talk,45,3,12,Skip
2,talk,46,3,10,VOTE Agent[04]
2,talk,47,3,7,Skip
2,talk,48,3,2,Over
2,talk,49,3,14,Skip
2,talk,50,3,4,Over
2,talk,51,3,6,Skip
2,talk,52,4,3,Skip
2,talk,53,4,2,Over
2,talk,54,4,13,Over
2,talk,55,4,6,Over
2,talk,56,4,10,Skip
2,talk,57,4,8,Over
2,talk,58,4,7,Over
2,talk,59,4,9,Over
2,talk,60,4,12,Over
2,talk,61,4,14,Over
2,talk,62,4,11,Skip
2,talk,63,4,4,Over
2,talk,64,4,1,VOTE Agent[10]
2,talk,65,5,14,Over
2,talk,66,5,3,Over
2,talk,67,5,6,Over
2,talk,68,5,12,Over
2,talk,69,5,7,Over
2,talk,70,5,10,Skip
2,talk,71,5,8,Over
2,talk,72,5,13,Over
2,talk,73,5,9,Over
2,talk,74,5,11,Over
2,talk,75,5,1,VOTE Agent[10]
2,talk,76,5,2,Over
2,talk,77,5,4,Over
2,talk,78,6,12,Over
2,talk,79,6,8,Over
2,talk,80,6,4,Over
2,talk,81,6,9,Over
2,talk,82,6,6,Over
2,talk,83,6,1,VOTE Agent[10]
2,talk,84,6,3,Over
2,talk,85,6,10,Over
2,talk,86,6,13,Over
2,talk,87,6,11,Over
2,talk,88,6,7,Over
2,talk,89,6,2,Over
2,talk,90,6,14,Over
2,talk,91,7,8,Over
2,talk,92,7,2,Over
2,talk,93,7,14,Over
2,talk,94,7,7,Over
2,talk,95,7,13,Over
2,talk,96,7,6,Over
2,talk,97,7,12,Over
2,talk,98,7,11,Over
2,talk,99,7,10,Over
2,talk,100,7,1,VOTE Agent[10]
2,talk,101,7,9,Over
2,talk,102,7,3,Over
2,talk,103,7,4,Over
2,talk,104,8,11,Over
2,talk,105,8,6,Over
2,talk,106,8,7,Over
2,talk,107,8,10,Over
2,talk,108,8,2,Over
2,talk,109,8,9,Over
2,talk,110,8,3,Over
2,talk,111,8,14,Over
2,talk,112,8,12,Over
2,talk,113,8,13,Over
2,talk,114,8,8,Over
2,talk,115,8,1,VOTE Agent[10]
2,talk,116,8,4,Over
2,talk,117,9,12,Over
2,talk,118,9,7,Over
2,talk,119,9,6,Over
2,talk,120,9,2,Over
2,talk,121,9,8,Over
2,talk,122,9,9,Over
2,talk,123,9,10,Over
2,talk,124,9,11,Over
2,talk,125,9,1,VOTE Agent[10]
2,talk,126,9,4,Over
2,talk,127,9,3,Over
2,talk,128,9,14,Over
2,talk,129,9,13,Over
2,talk,130,10,13,Over
2,talk,131,10,3,Over
2,talk,132,10,10,Over
2,talk,133,10,8,Over
2,talk,134,10,12,Over
2,talk,135,10,14,Over
2,talk,136,10,1,Over
2,talk,137,10,7,Over
2,talk,138,10,6,Over
2,talk,139,10,11,Over
2,talk,140,10,9,Over
2,talk,141,10,4,Over
2,talk,142,10,2,Over
2,vote,1,10
2,vote,2,1
2,vote,3,10
2,vote,4,10
2,vote,6,1
2,vote,7,10
2,vote,8,4
2,vote,9,10
2,vote,10,4
2,vote,11,10
2,vote,12,10
2,vote,13,10
2,vote,14,10
2,execute,10,WEREWOLF
2,divine,1,11,WEREWOLF
2,whisper,0,0,11,Skip
2,whisper,1,0,3,ATTACK Agent[01]
2,whisper,2,1,11,Skip
2,whisper,3,1,3,Skip
2,whisper,4,2,11,Over
2,whisper,5,2,3,Skip
2,whisper,6,3,3,Over
2,whisper,7,3,11,Over
2,guard,7,2,MEDIUM
2,attackVote,3,1
2,attackVote,11,13
2,attackVote,3,1
2,attackVote,11,13
2,attack,1,true
3,status,1,SEER,DEAD,TOKU7
3,status,2,MEDIUM,ALIVE,TOKU0
3,status,3,WEREWOLF,ALIVE,Tomato14
3,status,4,VILLAGER,ALIVE,TOKU2
3,status,5,VILLAGER,DEAD,Takeda13
3,status,6,VILLAGER,ALIVE,SampleJava11
3,status,7,BODYGUARD,ALIVE,Tomato1
3,status,8,VILLAGER,ALIVE,SampleJava5
3,status,9,VILLAGER,ALIVE,Tomato4
3,status,10,WEREWOLF,DEAD,Tomato3
3,status,11,WEREWOLF,ALIVE,Takeda12
3,status,12,VILLAGER,ALIVE,Tomato10
3,status,13,VILLAGER,ALIVE,Takeda6
3,status,14,VILLAGER,ALIVE,Tomato8
3,status,15,POSSESSED,DEAD,HALU
3,talk,0,0,9,VOTE Agent[11]
3,talk,1,0,8,BECAUSE (AND (ANY ATTACKED Agent[01]) (DAY 2 (Agent[11] DIVINED Agent[01] WEREWOLF))) (XOR (ESTIMATE Agent[11] WEREWOLF) (ESTIMATE Agent[11] POSSESSED))
3,talk,2,0,2,IDENTIFIED Agent[10] WEREWOLF
3,talk,3,0,3,VOTE Agent[11]
3,talk,4,0,13,VOTE Agent[11]
3,talk,5,0,6,BECAUSE (AND (ANY ATTACKED Agent[01]) (DAY 2 (Agent[11] DIVINED Agent[01] WEREWOLF))) (XOR (ESTIMATE Agent[11] WEREWOLF) (ESTIMATE Agent[11] POSSESSED))
3,talk,6,0,12,VOTE Agent[11]
3,talk,7,0,11,DIVINED Agent[13] WEREWOLF
3,talk,8,0,14,VOTE Agent[11]
3,talk,9,0,4,VOTE Agent[11]
3,talk,10,0,7,VOTE Agent[11]
3,talk,11,1,8,BECAUSE (XOR (ESTIMATE Agent[11] WEREWOLF) (ESTIMATE Agent[11] POSSESSED)) (AND (VOTE Agent[11]) (REQUEST ANY (VOTE Agent[11])))
3,talk,12,1,14,Skip
3,talk,13,1,9,Skip
3,talk,14,1,2,VOTE Agent[11]
3,talk,15,1,3,Skip
3,talk,16,1,12,Skip
3,talk,17,1,11,VOTE Agent[13]
3,talk,18,1,6,BECAUSE (XOR (ESTIMATE Agent[11] WEREWOLF) (ESTIMATE Agent[11] POSSESSED)) (AND (VOTE Agent[11]) (REQUEST ANY (VOTE Agent[11])))
3,talk,19,1,4,Skip
3,talk,20,1,7,Skip
3,talk,21,1,13,Skip
3,talk,22,2,14,Skip
3,talk,23,2,8,VOTE Agent[11]
3,talk,24,2,7,Skip
3,talk,25,2,3,VOTE Agent[13]
3,talk,26,2,9,Skip
3,talk,27,2,6,VOTE Agent[11]
3,talk,28,2,13,Skip
3,talk,29,2,12,Skip
3,talk,30,2,4,Skip
3,talk,31,2,2,Skip
3,talk,32,2,11,VOTE Agent[13]
3,talk,33,3,4,Over
3,talk,34,3,6,REQUEST ANY (VOTE Agent[11])
3,talk,35,3,11,VOTE Agent[13]
3,talk,36,3,7,Over
3,talk,37,3,3,Skip
3,talk,38,3,9,Over
3,talk,39,3,2,Skip
3,talk,40,3,12,Over
3,talk,41,3,14,Over
3,talk,42,3,8,REQUEST ANY (VOTE Agent[11])
3,talk,43,3,13,Over
3,talk,44,4,2,Over
3,talk,45,4,14,Over
3,talk,46,4,13,Over
3,talk,47,4,6,Skip
3,talk,48,4,4,Over
3,talk,49,4,11,VOTE Agent[13]
3,talk,50,4,12,Over
3,talk,51,4,8,Skip
3,talk,52,4,9,Over
3,talk,53,4,3,Skip
3,talk,54,4,7,Over
3,talk,55,5,14,Over
3,talk,56,5,6,Skip
3,talk,57,5,11,VOTE Agent[13]
3,talk,58,5,2,Over
3,talk,59,5,4,Over
3,talk,60,5,12,Over
3,talk,61,5,7,Over
3,talk,62,5,13,Over
3,talk,63,5,8,Skip
3,talk,64,5,3,Over
3,talk,65,5,9,Over
3,talk,66,6,8,Over
3,talk,67,6,4,Over
3,talk,68,6,14,Over
3,talk,69,6,2,Over
3,talk,70,6,3,Over
3,talk,71,6,12,Over
3,talk,72,6,13,Over
3,talk,73,6,7,Over
3,talk,74,6,9,Over
3,talk,75,6,6,Over
3,talk,76,6,11,VOTE Agent[13]
3,talk,77,7,7,Over
3,talk,78,7,4,Over
3,talk,79,7,12,Over
3,talk,80,7,2,Over
3,talk,81,7,9,Over
3,talk,82,7,8,Over
3,talk,83,7,14,Over
3,talk,84,7,13,Over
3,talk,85,7,11,VOTE Agent[13]
3,talk,86,7,6,Over
3,talk,87,7,3,Over
3,talk,88,8,8,Over
3,talk,89,8,9,Over
3,talk,90,8,11,VOTE Agent[13]
3,talk,91,8,2,Over
3,talk,92,8,4,Over
3,talk,93,8,7,Over
3,talk,94,8,13,Over
3,talk,95,8,14,Over
3,talk,96,8,6,Over
3,talk,97,8,12,Over
3,talk,98,8,3,Over
3,talk,99,9,3,Over
3,talk,100,9,13,Over
3,talk,101,9,6,Over
3,talk,102,9,9,Over
3,talk,103,9,4,Over
3,talk,104,9,8,Over
3,talk,105,9,11,VOTE Agent[13]
3,talk,106,9,14,Over
3,talk,107,9,2,Over
3,talk,108,9,7,Over
3,talk,109,9,12,Over
3,talk,110,10,8,Over
3,talk,111,10,14,Over
3,talk,112,10,9,Over
3,talk,113,10,12,Over
3,talk,114,10,11,Over
3,talk,115,10,3,Over
3,talk,116,10,7,Over
3,talk,117,10,13,Over
3,talk,118,10,2,Over
3,talk,119,10,4,Over
3,talk,120,10,6,Over
3,vote,2,11
3,vote,3,13
3,vote,4,11
3,vote,6,11
3,vote,7,11
3,vote,8,11
3,vote,9,11
3,vote,11,13
3,vote,12,11
3,vote,13,11
3,vote,14,11
3,execute,11,WEREWOLF
3,guard,7,2,MEDIUM
3,attack,12,true
4,status,1,SEER,DEAD,TOKU7
4,status,2,MEDIUM,ALIVE,TOKU0
4,status,3,WEREWOLF,ALIVE,Tomato14
4,status,4,VILLAGER,ALIVE,TOKU2
4,status,5,VILLAGER,DEAD,Takeda13
4,status,6,VILLAGER,ALIVE,SampleJava11
4,status,7,BODYGUARD,ALIVE,Tomato1
4,status,8,VILLAGER,ALIVE,SampleJava5
4,status,9,VILLAGER,ALIVE,Tomato4
4,status,10,WEREWOLF,DEAD,Tomato3
4,status,11,WEREWOLF,DEAD,Takeda12
4,status,12,VILLAGER,DEAD,Tomato10
4,status,13,VILLAGER,ALIVE,Takeda6
4,status,14,VILLAGER,ALIVE,Tomato8
4,status,15,POSSESSED,DEAD,HALU
4,talk,0,0,4,VOTE Agent[03]
4,talk,1,0,14,VOTE Agent[03]
4,talk,2,0,8,VOTE Agent[04]
4,talk,3,0,7,VOTE Agent[03]
4,talk,4,0,2,IDENTIFIED Agent[11] WEREWOLF
4,talk,5,0,13,VOTE Agent[03]
4,talk,6,0,9,VOTE Agent[03]
4,talk,7,0,3,VOTE Agent[04]
4,talk,8,0,6,VOTE Agent[07]
4,talk,9,1,8,REQUEST ANY (VOTE Agent[04])
4,talk,10,1,13,Skip
4,talk,11,1,14,Skip
4,talk,12,1,6,REQUEST ANY (VOTE Agent[07])
4,talk,13,1,2,VOTE Agent[03]
4,talk,14,1,7,Skip
4,talk,15,1,9,Skip
4,talk,16,1,3,Skip
4,talk,17,1,4,Skip
4,talk,18,2,2,Skip
4,talk,19,2,6,Skip
4,talk,20,2,7,Skip
4,talk,21,2,13,Skip
4,talk,22,2,3,Skip
4,talk,23,2,14,Skip
4,talk,24,2,9,Skip
4,talk,25,2,4,Skip
4,talk,26,2,8,Skip
4,talk,27,3,3,Over
4,talk,28,3,9,Over
4,talk,29,3,6,Skip
4,talk,30,3,2,Skip
4,talk,31,3,7,Over
4,talk,32,3,4,Over
4,talk,33,3,13,Over
4,talk,34,3,8,Skip
4,talk,35,3,14,Over
4,talk,36,4,13,Over
4,talk,37,4,9,Over
4,talk,38,4,6,Over
4,talk,39,4,8,Over
4,talk,40,4,2,Over
4,talk,41,4,4,Over
4,talk,42,4,14,Over
4,talk,43,4,7,Over
4,talk,44,4,3,Over
4,vote,2,13
4,vote,3,4
4,vote,4,3
4,vote,6,4
4,vote,7,3
4,vote,8,7
4,vote,9,3
4,vote,13,3
4,vote,14,3
4,execute,3,WEREWOLF
4,guard,7,2,MEDIUM
5,status,1,SEER,DEAD,TOKU7
5,status,2,MEDIUM,ALIVE,TOKU0
5,status,3,WEREWOLF,DEAD,Tomato14
5,status,4,VILLAGER,ALIVE,TOKU2
5,status,5,VILLAGER,DEAD,Takeda13
5,status,6,VILLAGER,ALIVE,SampleJava11
5,status,7,BODYGUARD,ALIVE,Tomato1
5,status,8,VILLAGER,ALIVE,SampleJava5
5,status,9,VILLAGER,ALIVE,Tomato4
5,status,10,WEREWOLF,DEAD,Tomato3
5,status,11,WEREWOLF,DEAD,Takeda12
5,status,12,VILLAGER,DEAD,Tomato10
5,status,13,VILLAGER,ALIVE,Takeda6
5,status,14,VILLAGER,ALIVE,Tomato8
5,status,15,POSSESSED,DEAD,HALU
5,result,8,0,VILLAGER
