0,status,1,VILLAGER,ALIVE,sample_py
0,status,2,VILLAGER,ALIVE,Tomato11
0,status,3,VILLAGER,ALIVE,sample_py
0,status,4,WEREWOLF,ALIVE,SampleJava4
0,status,5,VILLAGER,ALIVE,Takeda3
0,status,6,MEDIUM,ALIVE,SampleJava13
0,status,7,VILLAGER,ALIVE,OKAMI
0,status,8,WEREWOLF,ALIVE,TOKU8
0,status,9,POSSESSED,ALIVE,sample_py
0,status,10,VILLAGER,ALIVE,SampleJava0
0,status,11,VILLAGER,ALIVE,HALU
0,status,12,SEER,ALIVE,HALU
0,status,13,VILLAGER,ALIVE,Takeda12
0,status,14,BODYGUARD,ALIVE,SampleJava6
0,status,15,WEREWOLF,ALIVE,TOKU9
0,whisper,0,0,8,Skip
0,whisper,1,0,15,Skip
0,whisper,2,0,4,COMINGOUT Agent[04] MEDIUM
0,whisper,3,1,15,Skip
0,whisper,4,1,4,Skip
0,whisper,5,1,8,Skip
0,whisper,6,2,4,Skip
0,whisper,7,2,8,Over
0,whisper,8,2,15,Over
0,whisper,9,3,8,Over
0,whisper,10,3,15,Over
0,whisper,11,3,4,Over
0,divine,12,1,HUMAN
1,status,1,VILLAGER,ALIVE,sample_py
1,status,2,VILLAGER,ALIVE,Tomato11
1,status,3,VILLAGER,ALIVE,sample_py
1,status,4,WEREWOLF,ALIVE,SampleJava4
1,status,5,VILLAGER,ALIVE,Takeda3
1,status,6,MEDIUM,ALIVE,SampleJava13
1,status,7,VILLAGER,ALIVE,OKAMI
1,status,8,WEREWOLF,ALIVE,TOKU8
1,status,9,POSSESSED,ALIVE,sample_py
1,status,10,VILLAGER,ALIVE,SampleJava0
1,status,11,VILLAGER,ALIVE,HALU
1,status,12,SEER,ALIVE,HALU
1,status,13,VILLAGER,ALIVE,Takeda12
1,status,14,BODYGUARD,ALIVE,SampleJava6
1,status,15,WEREWOLF,ALIVE,TOKU9
1,talk,0,0,12,COMINGOUT Agent[12] SEER
1,talk,1,0,11,VOTE Agent[09]
1,talk,2,0,9,COMINGOUT Agent[09] SEER
1,talk,3,0,15,VOTE Agent[09]
1,talk,4,0,8,VOTE Agent[09]
1,talk,5,0,13,VOTE Agent[09]
1,talk,6,0,2,VOTE Agent[09]
1,talk,7,0,1,VOTE Agent[13]
1,talk,8,0,5,VOTE Agent[09]
1,talk,9,0,10,VOTE Agent[13]
1,talk,10,0,3,VOTE Agent[06]
1,talk,11,0,4,VOTE Agent[09]
1,talk,12,0,7,VOTE Agent[13]
1,talk,13,0,14,VOTE Agent[11]
1,talk,14,0,6,COMINGOUT Agent[06] MEDIUM
1,talk,15,1,7,COMINGOUT Agent[07] VILLAGER
1,talk,16,1,5,Skip
1,talk,17,1,6,VOTE Agent[10]
1,talk,18,1,13,Skip
1,talk,19,1,12,DIVINED Agent[01] HUMAN
1,talk,20,1,14,REQUEST ANY (VOTE Agent[11])
1,talk,21,1,3,Skip
1,talk,22,1,2,Skip
1,talk,23,1,1,Skip
1,talk,24,1,11,VOTE Agent[07]
1,talk,25,1,8,Skip
1,talk,26,1,15,VOTE Agent[02]
1,talk,27,1,9,DIVINED Agent[13] HUMAN
1,talk,28,1,10,REQUEST ANY (VOTE Agent[13])
1,talk,29,1,4,REQUEST ANY (VOTE Agent[09])
1,talk,30,2,12,VOTE Agent[10]
1,talk,31,2,8,Skip
1,talk,32,2,13,VOTE Agent[05]
1,talk,33,2,4,COMINGOUT Agent[04] MEDIUM
1,talk,34,2,15,Skip
1,talk,35,2,9,VOTE Agent[12]
1,talk,36,2,6,REQUEST ANY (VOTE Agent[10])
1,talk,37,2,10,Skip
1,talk,38,2,14,Skip
1,talk,39,2,1,Skip
1,talk,40,2,3,Skip
1,talk,41,2,7,VOTE Agent[10]
1,talk,42,2,11,VOTE Agent[10]
1,talk,43,2,2,VOTE Agent[10]
1,talk,44,2,5,VOTE Agent[04]
1,talk,45,3,7,VOTE Agent[10]
1,talk,46,3,10,Skip
1,talk,47,3,11,VOTE Agent[07]
1,talk,48,3,3,Over
1,talk,49,3,12,VOTE Agent[10]
1,talk,50,3,14,Skip
1,talk,51,3,5,Skip
1,talk,52,3,8,Over
1,talk,53,3,1,Over
1,talk,54,3,2,Skip
1,talk,55,3,9,Skip
1,talk,56,3,13,VOTE Agent[04]
1,talk,57,3,6,BECAUSE (AND (COMINGOUT Agent[06] MEDIUM) (Agent[04] COMINGOUT Agent[04] MEDIUM)) (XOR (ESTIMATE Agent[04] WEREWOLF) (ESTIMATE Agent[04] POSSESSED))
1,talk,58,3,4,Skip
1,talk,59,3,15,VOTE Agent[04]
1,talk,60,4,13,Skip
1,talk,61,4,15,Skip
1,talk,62,4,11,VOTE Agent[10]
1,talk,63,4,8,Over
1,talk,64,4,2,Skip
1,talk,65,4,9,Skip
1,talk,66,4,7,VOTE Agent[10]
1,talk,67,4,4,Skip
1,talk,68,4,3,Over
1,talk,69,4,14,Over
1,talk,70,4,10,Over
1,talk,71,4,5,Skip
1,talk,72,4,12,VOTE Agent[10]
1,talk,73,4,6,BECAUSE (XOR (ESTIMATE Agent[04] WEREWOLF) (ESTIMATE Agent[04] POSSESSED)) (AND (VOTE Agent[04]) (REQUEST ANY (VOTE Agent[04])))
1,talk,74,4,1,Over
1,talk,75,5,2,VOTE Agent[04]
1,talk,76,5,11,VOTE Agent[10]
1,talk,77,5,13,Skip
1,talk,78,5,7,VOTE Agent[10]
1,talk,79,5,10,Over
1,talk,80,5,4,Over
1,talk,81,5,1,Over
1,talk,82,5,15,Skip
1,talk,83,5,8,VOTE Agent[05]
1,talk,84,5,14,Over
1,talk,85,5,6,VOTE Agent[04]
1,talk,86,5,3,Over
1,talk,87,5,9,Over
1,talk,88,5,12,VOTE Agent[10]
1,talk,89,5,5,Over
1,talk,90,6,11,VOTE Agent[10]
1,talk,91,6,9,Over
1,talk,92,6,7,VOTE Agent[10]
1,talk,93,6,2,Skip
1,talk,94,6,12,VOTE Agent[07]
1,talk,95,6,6,REQUEST ANY (VOTE Agent[04])
1,talk,96,6,1,Over
1,talk,97,6,15,Over
1,talk,98,6,8,Skip
1,talk,99,6,13,Over
1,talk,100,6,4,Over
1,talk,101,6,14,Over
1,talk,102,6,5,Over
1,talk,103,6,3,Over
1,talk,104,6,10,Over
1,talk,105,7,9,Over
1,talk,106,7,6,Skip
1,talk,107,7,10,Over
1,talk,108,7,12,VOTE Agent[07]
1,talk,109,7,14,Over
1,talk,110,7,11,VOTE Agent[10]
1,talk,111,7,15,Over
1,talk,112,7,2,Skip
1,talk,113,7,8,Skip
1,talk,114,7,13,Over
1,talk,115,7,4,Over
1,talk,116,7,5,Over
1,talk,117,7,3,Over
1,talk,118,7,7,VOTE Agent[10]
1,talk,119,7,1,Over
1,talk,120,8,9,Over
1,talk,121,8,7,VOTE Agent[10]
1,talk,122,8,12,VOTE Agent[07]
1,talk,123,8,6,Skip
1,talk,124,8,3,Over
1,talk,125,8,14,Over
1,talk,126,8,15,VOTE Agent[05]
1,talk,127,8,5,Over
1,talk,128,8,1,Over
1,talk,129,8,2,Over
1,talk,130,8,10,Over
1,talk,131,8,8,Over
1,talk,132,8,4,Over
1,talk,133,8,11,VOTE Agent[10]
1,talk,134,8,13,Over
1,talk,135,9,8,Over
1,talk,136,9,15,Skip
1,talk,137,9,4,Over
1,talk,138,9,1,Over
1,talk,139,9,6,Over
1,talk,140,9,9,Over
1,talk,141,9,5,Over
1,talk,142,9,12,Over
1,talk,143,9,10,Over
1,talk,144,9,11,Over
1,talk,145,9,7,Over
1,talk,146,9,14,Over
1,talk,147,9,3,Over
1,talk,148,9,13,Over
1,talk,149,9,2,Over
1,talk,150,10,14,Over
1,talk,151,10,6,Over
1,talk,152,10,1,Over
1,talk,153,10,3,Over
1,talk,154,10,5,Over
1,talk,155,10,9,Over
1,talk,156,10,7,Over
1,talk,157,10,15,Skip
1,talk,158,10,2,Over
1,talk,159,10,13,Over
1,talk,160,10,11,Over
1,talk,161,10,8,Over
1,talk,162,10,12,Over
1,talk,163,10,4,Over
1,talk,164,10,10,Over
1,talk,165,11,11,Over
1,talk,166,11,13,Over
1,talk,167,11,9,Over
1,talk,168,11,1,Over
1,talk,169,11,10,Over
1,talk,170,11,7,Over
1,talk,171,11,4,Over
1,talk,172,11,2,Over
1,talk,173,11,8,Over
1,talk,174,11,15,Over
1,talk,175,11,6,Over
1,talk,176,11,14,Over
1,talk,177,11,12,Over
1,talk,178,11,5,Over
1,talk,179,11,3,Over
1,vote,1,13
1,vote,2,4
1,vote,3,6
1,vote,4,9
1,vote,5,4
1,vote,6,4
1,vote,7,10
1,vote,8,4
1,vote,9,12
1,vote,10,9
1,vote,11,10
1,vote,12,10
1,vote,13,4
1,vote,14,4
1,vote,15,4
1,execute,4,WEREWOLF
1,divine,12,6,HUMAN
1,whisper,0,0,15,Skip
1,whisper,1,0,8,Skip
1,whisper,2,1,8,Skip
1,whisper,3,1,15,Skip
1,whisper,4,2,15,Over
1,whisper,5,2,8,Over
1,guard,14,9,POSSESSED
1,attackVote,8,12
1,attackVote,15,12
1,attack,12,true
2,status,1,VILLAGER,ALIVE,sample_py
2,status,2,VILLAGER,ALIVE,Tomato11
2,status,3,VILLAGER,ALIVE,sample_py
2,status,4,WEREWOLF,DEAD,SampleJava4
2,status,5,VILLAGER,ALIVE,Takeda3
2,status,6,MEDIUM,ALIVE,SampleJava13
2,status,7,VILLAGER,ALIVE,OKAMI
2,status,8,WEREWOLF,ALIVE,TOKU8
2,status,9,POSSESSED,ALIVE,sample_py
2,status,10,VILLAGER,ALIVE,SampleJava0
2,status,11,VILLAGER,ALIVE,HALU
2,status,12,SEER,DEAD,HALU
2,status,13,VILLAGER,ALIVE,Takeda12
2,status,14,BODYGUARD,ALIVE,SampleJava6
2,status,15,WEREWOLF,ALIVE,TOKU9
2,talk,0,0,2,VOTE Agent[10]
2,talk,1,0,8,VOTE Agent[05]
2,talk,2,0,1,VOTE Agent[10]
2,talk,3,0,11,VOTE Agent[10]
2,talk,4,0,13,VOTE Agent[15]
2,talk,5,0,5,VOTE Agent[15]
2,talk,6,0,6,DAY 2 (IDENTIFIED Agent[04] WEREWOLF)
2,talk,7,0,7,VOTE Agent[10]
2,talk,8,0,3,VOTE Agent[06]
2,talk,9,0,14,VOTE Agent[15]
2,talk,10,0,15,VOTE Agent[05]
2,talk,11,0,9,DIVINED Agent[01] HUMAN
2,talk,12,0,10,VOTE Agent[11]
2,talk,13,1,1,Skip
2,talk,14,1,5,Skip
2,talk,15,1,13,Skip
2,talk,16,1,15,Skip
2,talk,17,1,11,VOTE Agent[07]
2,talk,18,1,8,Skip
2,talk,19,1,3,Skip
2,talk,20,1,6,IDENTIFIED Agent[04] WEREWOLF
2,talk,21,1,10,REQUEST ANY (VOTE Agent[11])
2,talk,22,1,7,COMINGOUT Agent[07] VILLAGER
2,talk,23,1,2,VOTE Agent[15]
2,talk,24,1,9,VOTE Agent[06]
2,talk,25,1,14,REQUEST ANY (VOTE Agent[15])
2,talk,26,2,7,VOTE Agent[10]
2,talk,27,2,1,Skip
2,talk,28,2,13,Skip
2,talk,29,2,14,Skip
2,talk,30,2,10,Skip
2,talk,31,2,11,VOTE Agent[07]
2,talk,32,2,8,Skip
2,talk,33,2,2,Skip
2,talk,34,2,3,Skip
2,talk,35,2,5,Skip
2,talk,36,2,15,Skip
2,talk,37,2,9,Skip
2,talk,38,2,6,VOTE Agent[02]
2,talk,39,3,1,Over
2,talk,40,3,9,Skip
2,talk,41,3,5,Over
2,talk,42,3,14,Skip
2,talk,43,3,8,Over
2,talk,44,3,15,Over
2,talk,45,3,10,Skip
2,talk,46,3,11,VOTE Agent[07]
2,talk,47,3,13,Over
2,talk,48,3,2,Skip
2,talk,49,3,7,VOTE Agent[10]
2,talk,50,3,6,REQUEST ANY (VOTE Agent[02])
2,talk,51,3,3,Over
2,talk,52,4,6,Skip
2,talk,53,4,10,Over
2,talk,54,4,13,Over
2,talk,55,4,5,Over
2,talk,56,4,7,VOTE Agent[10]
2,talk,57,4,11,VOTE Agent[07]
2,talk,58,4,15,Over
2,talk,59,4,14,Over
2,talk,60,4,1,Over
2,talk,61,4,8,Over
2,talk,62,4,2,Over
2,talk,63,4,3,Over
2,talk,64,4,9,Over
2,talk,65,5,13,Over
2,talk,66,5,7,VOTE Agent[10]
2,talk,67,5,2,Over
2,talk,68,5,6,Skip
2,talk,69,5,1,Over
2,talk,70,5,3,Over
2,talk,71,5,5,Over
2,talk,72,5,14,Over
2,talk,73,5,9,Over
2,talk,74,5,10,Over
2,talk,75,5,8,Over
2,talk,76,5,11,VOTE Agent[07]
2,talk,77,5,15,Over
2,talk,78,6,10,Over
2,talk,79,6,9,Over
2,talk,80,6,7,VOTE Agent[10]
2,talk,81,6,13,Over
2,talk,82,6,1,Over
2,talk,83,6,5,Over
2,talk,84,6,11,VOTE Agent[07]
2,talk,85,6,2,Over
2,talk,86,6,14,Over
2,talk,87,6,3,Over
2,talk,88,6,15,Over
2,talk,89,6,6,Over
2,talk,90,6,8,Over
2,talk,91,7,13,Over
2,talk,92,7,10,Over
2,talk,93,7,6,Over
2,talk,94,7,7,VOTE Agent[10]
2,talk,95,7,5,Over
2,talk,96,7,8,Over
2,talk,97,7,2,Over
2,talk,98,7,9,Over
2,talk,99,7,15,Over
2,talk,100,7,3,Over
2,talk,101,7,1,Over
2,talk,102,7,14,Over
2,talk,103,7,11,VOTE Agent[07]
2,talk,104,8,13,Over
2,talk,105,8,15,Over
2,talk,106,8,1,Over
2,talk,107,8,5,Over
2,talk,108,8,11,VOTE Agent[07]
2,talk,109,8,14,Over
2,talk,110,8,8,Over
2,talk,111,8,9,Over
2,talk,112,8,3,Over
2,talk,113,8,10,Over
2,talk,114,8,7,VOTE Agent[10]
2,talk,115,8,2,Over
2,talk,116,8,6,Over
2,talk,117,9,13,Over
2,talk,118,9,1,Over
2,talk,119,9,15,Over
2,talk,120,9,8,Over
2,talk,121,9,7,Over
2,talk,122,9,2,Over
2,talk,123,9,6,Over
2,talk,124,9,10,Over
2,talk,125,9,3,Over
2,talk,126,9,9,Over
2,talk,127,9,5,Over
2,talk,128,9,11,Over
2,talk,129,9,14,Over
2,vote,1,10
2,vote,2,15
2,vote,3,6
2,vote,5,15
2,vote,6,11
2,vote,7,10
2,vote,8,15
2,vote,9,6
2,vote,10,2
2,vote,11,7
2,vote,13,15
2,vote,14,2
2,vote,15,5
2,execute,15,WEREWOLF
2,guard,14,9,POSSESSED
2,attackVote,8,9
2,attack,9,false
3,status,1,VILLAGER,ALIVE,sample_py
3,status,2,VILLAGER,ALIVE,Tomato11
3,status,3,VILLAGER,ALIVE,sample_py
3,status,4,WEREWOLF,DEAD,SampleJava4
3,status,5,VILLAGER,ALIVE,Takeda3
3,status,6,MEDIUM,ALIVE,SampleJava13
3,status,7,VILLAGER,ALIVE,OKAMI
3,status,8,WEREWOLF,ALIVE,TOKU8
3,status,9,POSSESSED,ALIVE,sample_py
3,status,10,VILLAGER,ALIVE,SampleJava0
3,status,11,VILLAGER,ALIVE,HALU
3,status,12,SEER,DEAD,HALU
3,status,13,VILLAGER,ALIVE,Takeda12
3,status,14,BODYGUARD,ALIVE,SampleJava6
3,status,15,WEREWOLF,DEAD,TOKU9
3,talk,0,0,1,VOTE Agent[13]
3,talk,1,0,2,VOTE Agent[09]
3,talk,2,0,6,DAY 3 (IDENTIFIED Agent[15] WEREWOLF)
3,talk,3,0,11,VOTE Agent[07]
3,talk,4,0,3,VOTE Agent[02]
3,talk,5,0,9,DIVINED Agent[03] WEREWOLF
3,talk,6,0,8,VOTE Agent[05]
3,talk,7,0,13,VOTE Agent[05]
3,talk,8,0,10,VOTE Agent[07]
3,talk,9,0,5,VOTE Agent[02]
3,talk,10,0,7,VOTE Agent[10]
3,talk,11,0,14,VOTE Agent[01]
3,talk,12,1,1,VOTE Agent[03]
3,talk,13,1,10,REQUEST ANY (VOTE Agent[07])
3,talk,14,1,13,Skip
3,talk,15,1,11,VOTE Agent[07]
3,talk,16,1,6,IDENTIFIED Agent[15] WEREWOLF
3,talk,17,1,7,COMINGOUT Agent[07] VILLAGER
3,talk,18,1,9,VOTE Agent[03]
3,talk,19,1,14,REQUEST ANY (VOTE Agent[01])
3,talk,20,1,5,Skip
3,talk,21,1,2,Skip
3,talk,22,1,8,Skip
3,talk,23,1,3,VOTE Agent[09]
3,talk,24,2,2,Skip
3,talk,25,2,11,VOTE Agent[07]
3,talk,26,2,14,Skip
3,talk,27,2,3,Skip
3,talk,28,2,13,Skip
3,talk,29,2,8,Skip
3,talk,30,2,5,VOTE Agent[11]
3,talk,31,2,6,VOTE Agent[11]
3,talk,32,2,1,Skip
3,talk,33,2,7,VOTE Agent[10]
3,talk,34,2,9,Skip
3,talk,35,2,10,Skip
3,talk,36,3,8,VOTE Agent[11]
3,talk,37,3,3,Skip
3,talk,38,3,6,REQUEST ANY (VOTE Agent[11])
3,talk,39,3,13,VOTE Agent[11]
3,talk,40,3,10,Skip
3,talk,41,3,7,VOTE Agent[10]
3,talk,42,3,1,Skip
3,talk,43,3,14,Skip
3,talk,44,3,11,VOTE Agent[07]
3,talk,45,3,9,Skip
3,talk,46,3,2,Over
3,talk,47,3,5,Skip
3,talk,48,4,11,VOTE Agent[07]
3,talk,49,4,10,Over
3,talk,50,4,7,VOTE Agent[10]
3,talk,51,4,5,Skip
3,talk,52,4,1,Over
3,talk,53,4,3,Over
3,talk,54,4,13,Skip
3,talk,55,4,6,Skip
3,talk,56,4,2,Over
3,talk,57,4,8,Skip
3,talk,58,4,14,Over
3,talk,59,4,9,Over
3,talk,60,5,3,Over
3,talk,61,5,8,Skip
3,talk,62,5,14,Over
3,talk,63,5,11,VOTE Agent[07]
3,talk,64,5,6,Skip
3,talk,65,5,2,Over
3,talk,66,5,7,VOTE Agent[10]
3,talk,67,5,5,Over
3,talk,68,5,13,Skip
3,talk,69,5,9,Over
3,talk,70,5,1,Over
3,talk,71,5,10,Over
3,talk,72,6,5,Over
3,talk,73,6,6,Over
3,talk,74,6,10,Over
3,talk,75,6,8,Over
3,talk,76,6,7,VOTE Agent[10]
3,talk,77,6,14,Over
3,talk,78,6,3,Over
3,talk,79,6,2,Over
3,talk,80,6,11,VOTE Agent[07]
3,talk,81,6,13,Over
3,talk,82,6,1,Over
3,talk,83,6,9,Over
3,talk,84,7,11,VOTE Agent[07]
3,talk,85,7,8,Over
3,talk,86,7,5,Over
3,talk,87,7,7,VOTE Agent[10]
3,talk,88,7,14,Over
3,talk,89,7,9,Over
3,talk,90,7,1,Over
3,talk,91,7,13,Over
3,talk,92,7,2,Over
3,talk,93,7,6,Over
3,talk,94,7,10,Over
3,talk,95,7,3,Over
3,talk,96,8,10,Over
3,talk,97,8,1,Over
3,talk,98,8,6,Over
3,talk,99,8,9,Over
3,talk,100,8,11,VOTE Agent[07]
3,talk,101,8,7,VOTE Agent[10]
3,talk,102,8,13,Over
3,talk,103,8,8,Over
3,talk,104,8,3,Over
3,talk,105,8,5,Over
3,talk,106,8,2,Over
3,talk,107,8,14,Over
3,talk,108,9,9,Over
3,talk,109,9,3,Over
3,talk,110,9,14,Over
3,talk,111,9,2,Over
3,talk,112,9,7,Over
3,talk,113,9,6,Over
3,talk,114,9,13,Over
3,talk,115,9,1,Over
3,talk,116,9,11,Over
3,talk,117,9,8,Over
3,talk,118,9,5,Over
3,talk,119,9,10,Over
3,vote,1,3
3,vote,2,9
3,vote,3,9
3,vote,5,11
3,vote,6,7
3,vote,7,10
3,vote,8,11
3,vote,9,3
3,vote,10,1
3,vote,11,7
3,vote,13,11
3,vote,14,11
3,execute,11,VILLAGER
3,guard,14,9,POSSESSED
3,attackVote,8,9
3,attack,9,false
4,status,1,VILLAGER,ALIVE,sample_py
4,status,2,VILLAGER,ALIVE,Tomato11
4,status,3,VILLAGER,ALIVE,sample_py
4,status,4,WEREWOLF,DEAD,SampleJava4
4,status,5,VILLAGER,ALIVE,Takeda3
4,status,6,MEDIUM,ALIVE,SampleJava13
4,status,7,VILLAGER,ALIVE,OKAMI
4,status,8,WEREWOLF,ALIVE,TOKU8
4,status,9,POSSESSED,ALIVE,sample_py
4,status,10,VILLAGER,ALIVE,SampleJava0
4,status,11,VILLAGER,DEAD,HALU
4,status,12,SEER,DEAD,HALU
4,status,13,VILLAGER,ALIVE,Takeda12
4,status,14,BODYGUARD,ALIVE,SampleJava6
4,status,15,WEREWOLF,DEAD,TOKU9
4,talk,0,0,5,VOTE Agent[13]
4,talk,1,0,14,VOTE Agent[01]
4,talk,2,0,2,VOTE Agent[09]
4,talk,3,0,10,VOTE Agent[13]
4,talk,4,0,3,VOTE Agent[09]
4,talk,5,0,8,VOTE Agent[13]
4,talk,6,0,9,DIVINED Agent[07] WEREWOLF
4,talk,7,0,1,VOTE Agent[03]
4,talk,8,0,13,VOTE Agent[08]
4,talk,9,0,7,VOTE Agent[10]
4,talk,10,0,6,DAY 4 (IDENTIFIED Agent[11] HUMAN)
4,talk,11,1,8,Skip
4,talk,12,1,1,Skip
4,talk,13,1,7,COMINGOUT Agent[07] VILLAGER
4,talk,14,1,13,Skip
4,talk,15,1,10,REQUEST ANY (VOTE Agent[13])
4,talk,16,1,9,VOTE Agent[03]
4,talk,17,1,3,Skip
4,talk,18,1,5,Skip
4,talk,19,1,2,Skip
4,talk,20,1,6,IDENTIFIED Agent[11] HUMAN
4,talk,21,1,14,REQUEST ANY (VOTE Agent[01])
4,talk,22,2,9,Skip
4,talk,23,2,3,Skip
4,talk,24,2,10,Skip
4,talk,25,2,14,Skip
4,talk,26,2,8,Skip
4,talk,27,2,7,VOTE Agent[10]
4,talk,28,2,1,Skip
4,talk,29,2,5,Skip
4,talk,30,2,13,Skip
4,talk,31,2,2,Skip
4,talk,32,2,6,VOTE Agent[03]
4,talk,33,3,6,REQUEST ANY (VOTE Agent[03])
4,talk,34,3,8,Over
4,talk,35,3,14,Skip
4,talk,36,3,3,Over
4,talk,37,3,2,Over
4,talk,38,3,7,VOTE Agent[10]
4,talk,39,3,5,Over
4,talk,40,3,10,Skip
4,talk,41,3,13,Over
4,talk,42,3,9,Skip
4,talk,43,3,1,Over
4,talk,44,4,8,Over
4,talk,45,4,6,Skip
4,talk,46,4,3,Over
4,talk,47,4,9,Over
4,talk,48,4,1,Over
4,talk,49,4,5,Over
4,talk,50,4,2,Over
4,talk,51,4,14,Over
4,talk,52,4,10,Over
4,talk,53,4,13,Over
4,talk,54,4,7,VOTE Agent[10]
4,talk,55,5,13,Over
4,talk,56,5,14,Over
4,talk,57,5,9,Over
4,talk,58,5,2,Over
4,talk,59,5,10,Over
4,talk,60,5,3,Over
4,talk,61,5,5,Over
4,talk,62,5,6,Skip
4,talk,63,5,7,VOTE Agent[10]
4,talk,64,5,1,Over
4,talk,65,5,8,Over
4,talk,66,6,5,Over
4,talk,67,6,14,Over
4,talk,68,6,7,VOTE Agent[10]
4,talk,69,6,3,Over
4,talk,70,6,6,Over
4,talk,71,6,13,Over
4,talk,72,6,10,Over
4,talk,73,6,1,Over
4,talk,74,6,8,Over
4,talk,75,6,9,Over
4,talk,76,6,2,Over
4,talk,77,7,9,Over
4,talk,78,7,3,Over
4,talk,79,7,13,Over
4,talk,80,7,5,Over
4,talk,81,7,10,Over
4,talk,82,7,6,Over
4,talk,83,7,1,Over
4,talk,84,7,8,Over
4,talk,85,7,7,VOTE Agent[10]
4,talk,86,7,2,Over
4,talk,87,7,14,Over
4,talk,88,8,1,Over
4,talk,89,8,8,Over
4,talk,90,8,7,VOTE Agent[10]
4,talk,91,8,14,Over
4,talk,92,8,13,Over
4,talk,93,8,5,Over
4,talk,94,8,3,Over
4,talk,95,8,2,Over
4,talk,96,8,9,Over
4,talk,97,8,6,Over
4,talk,98,8,10,Over
4,talk,99,9,7,Over
4,talk,100,9,10,Over
4,talk,101,9,8,Over
4,talk,102,9,13,Over
4,talk,103,9,2,Over
4,talk,104,9,14,Over
4,talk,105,9,9,Over
4,talk,106,9,1,Over
4,talk,107,9,6,Over
4,talk,108,9,5,Over
4,talk,109,9,3,Over
4,vote,1,3
4,vote,2,9
4,vote,3,9
4,vote,5,13
4,vote,6,13
4,vote,7,10
4,vote,8,13
4,vote,9,3
4,vote,10,1
4,vote,13,8
4,vote,14,13
4,execute,13,VILLAGER
4,guard,14,9,POSSESSED
4,attackVote,8,9
4,attack,9,false
5,status,1,VILLAGER,ALIVE,sample_py
5,status,2,VILLAGER,ALIVE,Tomato11
5,status,3,VILLAGER,ALIVE,sample_py
5,status,4,WEREWOLF,DEAD,SampleJava4
5,status,5,VILLAGER,ALIVE,Takeda3
5,status,6,MEDIUM,ALIVE,SampleJava13
5,status,7,VILLAGER,ALIVE,OKAMI
5,status,8,WEREWOLF,ALIVE,TOKU8
5,status,9,POSSESSED,ALIVE,sample_py
5,status,10,VILLAGER,ALIVE,SampleJava0
5,status,11,VILLAGER,DEAD,HALU
5,status,12,SEER,DEAD,HALU
5,status,13,VILLAGER,DEAD,Takeda12
5,status,14,BODYGUARD,ALIVE,SampleJava6
5,status,15,WEREWOLF,DEAD,TOKU9
5,talk,0,0,10,VOTE Agent[01]
5,talk,1,0,9,DIVINED Agent[10] HUMAN
5,talk,2,0,8,VOTE Agent[05]
5,talk,3,0,6,DAY 5 (IDENTIFIED Agent[13] HUMAN)
5,talk,4,0,7,VOTE Agent[10]
5,talk,5,0,14,VOTE Agent[06]
5,talk,6,0,3,VOTE Agent[09]
5,talk,7,0,5,VOTE Agent[08]
5,talk,8,0,2,VOTE Agent[09]
5,talk,9,0,1,VOTE Agent[07]
5,talk,10,1,7,COMINGOUT Agent[07] VILLAGER
5,talk,11,1,1,Skip
5,talk,12,1,14,REQUEST ANY (VOTE Agent[06])
5,talk,13,1,6,IDENTIFIED Agent[13] HUMAN
5,talk,14,1,5,Skip
5,talk,15,1,8,Skip
5,talk,16,1,10,REQUEST ANY (VOTE Agent[01])
5,talk,17,1,2,Skip
5,talk,18,1,3,Skip
5,talk,19,1,9,VOTE Agent[03]
5,talk,20,2,6,VOTE Agent[03]
5,talk,21,2,7,VOTE Agent[10]
5,talk,22,2,5,Skip
5,talk,23,2,3,Skip
5,talk,24,2,9,Skip
5,talk,25,2,2,Skip
5,talk,26,2,14,Skip
5,talk,27,2,8,Skip
5,talk,28,2,1,Skip
5,talk,29,2,10,Skip
5,talk,30,3,10,Skip
5,talk,31,3,3,Over
5,talk,32,3,1,Over
5,talk,33,3,6,REQUEST ANY (VOTE Agent[03])
5,talk,34,3,5,Over
5,talk,35,3,9,Skip
5,talk,36,3,2,Over
5,talk,37,3,14,Skip
5,talk,38,3,7,VOTE Agent[10]
5,talk,39,3,8,Over
5,talk,40,4,7,VOTE Agent[10]
5,talk,41,4,3,Over
5,talk,42,4,2,Over
5,talk,43,4,9,Over
5,talk,44,4,6,Skip
5,talk,45,4,8,Over
5,talk,46,4,10,Over
5,talk,47,4,5,Over
5,talk,48,4,14,Over
5,talk,49,4,1,Over
5,talk,50,5,1,Over
5,talk,51,5,7,VOTE Agent[10]
5,talk,52,5,8,Over
5,talk,53,5,3,Over
5,talk,54,5,6,Skip
5,talk,55,5,2,Over
5,talk,56,5,10,Over
5,talk,57,5,14,Over
5,talk,58,5,5,Over
5,talk,59,5,9,Over
5,talk,60,6,14,Over
5,talk,61,6,3,Over
5,talk,62,6,8,Over
5,talk,63,6,7,VOTE Agent[10]
5,talk,64,6,6,Over
5,talk,65,6,1,Over
5,talk,66,6,2,Over
5,talk,67,6,5,Over
5,talk,68,6,9,Over
5,talk,69,6,10,Over
5,talk,70,7,10,Over
5,talk,71,7,9,Over
5,talk,72,7,7,VOTE Agent[10]
5,talk,73,7,6,Over
5,talk,74,7,5,Over
5,talk,75,7,14,Over
5,talk,76,7,3,Over
5,talk,77,7,1,Over
5,talk,78,7,2,Over
5,talk,79,7,8,Over
5,talk,80,8,8,Over
5,talk,81,8,7,VOTE Agent[10]
5,talk,82,8,10,Over
5,talk,83,8,1,Over
5,talk,84,8,6,Over
5,talk,85,8,5,Over
5,talk,86,8,3,Over
5,talk,87,8,2,Over
5,talk,88,8,9,Over
5,talk,89,8,14,Over
5,talk,90,9,8,Over
5,talk,91,9,6,Over
5,talk,92,9,14,Over
5,talk,93,9,5,Over
5,talk,94,9,10,Over
5,talk,95,9,7,Over
5,talk,96,9,9,Over
5,talk,97,9,2,Over
5,talk,98,9,1,Over
5,talk,99,9,3,Over
5,vote,1,7
5,vote,2,9
5,vote,3,9
5,vote,5,8
5,vote,6,1
5,vote,7,10
5,vote,8,5
5,vote,9,3
5,vote,10,3
5,vote,14,1
5,vote,1,7
5,vote,2,9
5,vote,3,9
5,vote,5,8
5,vote,6,1
5,vote,7,10
5,vote,8,5
5,vote,9,3
5,vote,10,1
5,vote,14,1
5,execute,1,VILLAGER
5,guard,14,9,POSSESSED
5,attackVote,8,9
5,attack,9,false
6,status,1,VILLAGER,DEAD,sample_py
6,status,2,VILLAGER,ALIVE,Tomato11
6,status,3,VILLAGER,ALIVE,sample_py
6,status,4,WEREWOLF,DEAD,SampleJava4
6,status,5,VILLAGER,ALIVE,Takeda3
6,status,6,MEDIUM,ALIVE,SampleJava13
6,status,7,VILLAGER,ALIVE,OKAMI
6,status,8,WEREWOLF,ALIVE,TOKU8
6,status,9,POSSESSED,ALIVE,sample_py
6,status,10,VILLAGER,ALIVE,SampleJava0
6,status,11,VILLAGER,DEAD,HALU
6,status,12,SEER,DEAD,HALU
6,status,13,VILLAGER,DEAD,Takeda12
6,status,14,BODYGUARD,ALIVE,SampleJava6
6,status,15,WEREWOLF,DEAD,TOKU9
6,talk,0,0,8,VOTE Agent[05]
6,talk,1,0,5,VOTE Agent[08]
6,talk,2,0,7,VOTE Agent[10]
6,talk,3,0,9,DIVINED Agent[05] WEREWOLF
6,talk,4,0,10,VOTE Agent[07]
6,talk,5,0,3,VOTE Agent[09]
6,talk,6,0,6,DAY 6 (IDENTIFIED Agent[01] HUMAN)
6,talk,7,0,2,VOTE Agent[09]
6,talk,8,0,14,VOTE Agent[10]
6,talk,9,1,9,VOTE Agent[07]
6,talk,10,1,3,Skip
6,talk,11,1,7,COMINGOUT Agent[07] VILLAGER
6,talk,12,1,10,REQUEST ANY (VOTE Agent[07])
6,talk,13,1,5,Skip
6,talk,14,1,14,REQUEST ANY (VOTE Agent[10])
6,talk,15,1,8,Skip
6,talk,16,1,6,IDENTIFIED Agent[01] HUMAN
6,talk,17,1,2,Skip
6,talk,18,2,10,Skip
6,talk,19,2,6,VOTE Agent[05]
6,talk,20,2,5,Skip
6,talk,21,2,7,VOTE Agent[10]
6,talk,22,2,9,Skip
6,talk,23,2,3,Skip
6,talk,24,2,8,Skip
6,talk,25,2,2,Skip
6,talk,26,2,14,Skip
6,talk,27,3,3,Over
6,talk,28,3,7,VOTE Agent[10]
6,talk,29,3,6,REQUEST ANY (VOTE Agent[05])
6,talk,30,3,14,Skip
6,talk,31,3,8,Over
6,talk,32,3,10,Skip
6,talk,33,3,9,Skip
6,talk,34,3,5,Over
6,talk,35,3,2,Over
6,talk,36,4,2,Over
6,talk,37,4,5,Over
6,talk,38,4,7,VOTE Agent[10]
6,talk,39,4,3,Over
6,talk,40,4,10,Over
6,talk,41,4,8,Over
6,talk,42,4,6,Skip
6,talk,43,4,9,Over
6,talk,44,4,14,Over
6,talk,45,5,3,Over
6,talk,46,5,5,Over
6,talk,47,5,14,Over
6,talk,48,5,9,Over
6,talk,49,5,6,Skip
6,talk,50,5,7,VOTE Agent[10]
6,talk,51,5,10,Over
6,talk,52,5,2,Over
6,talk,53,5,8,Over
6,talk,54,6,9,Over
6,talk,55,6,10,Over
6,talk,56,6,7,VOTE Agent[10]
6,talk,57,6,6,Over
6,talk,58,6,3,Over
6,talk,59,6,2,Over
6,talk,60,6,5,Over
6,talk,61,6,14,Over
6,talk,62,6,8,Over
6,talk,63,7,6,Over
6,talk,64,7,8,Over
6,talk,65,7,5,Over
6,talk,66,7,7,VOTE Agent[10]
6,talk,67,7,9,Over
6,talk,68,7,14,Over
6,talk,69,7,2,Over
6,talk,70,7,3,Over
6,talk,71,7,10,Over
6,talk,72,8,6,Over
6,talk,73,8,8,Over
6,talk,74,8,10,Over
6,talk,75,8,9,Over
6,talk,76,8,5,Over
6,talk,77,8,3,Over
6,talk,78,8,14,Over
6,talk,79,8,7,VOTE Agent[10]
6,talk,80,8,2,Over
6,talk,81,9,2,Over
6,talk,82,9,10,Over
6,talk,83,9,3,Over
6,talk,84,9,5,Over
6,talk,85,9,6,Over
6,talk,86,9,7,Over
6,talk,87,9,14,Over
6,talk,88,9,9,Over
6,talk,89,9,8,Over
6,vote,2,9
6,vote,3,9
6,vote,5,8
6,vote,6,10
6,vote,7,10
6,vote,8,5
6,vote,9,7
6,vote,10,5
6,vote,14,5
6,execute,5,VILLAGER
6,guard,14,9,POSSESSED
6,attackVote,8,9
6,attack,9,false
7,status,1,VILLAGER,DEAD,sample_py
7,status,2,VILLAGER,ALIVE,Tomato11
7,status,3,VILLAGER,ALIVE,sample_py
7,status,4,WEREWOLF,DEAD,SampleJava4
7,status,5,VILLAGER,DEAD,Takeda3
7,status,6,MEDIUM,ALIVE,SampleJava13
7,status,7,VILLAGER,ALIVE,OKAMI
7,status,8,WEREWOLF,ALIVE,TOKU8
7,status,9,POSSESSED,ALIVE,sample_py
7,status,10,VILLAGER,ALIVE,SampleJava0
7,status,11,VILLAGER,DEAD,HALU
7,status,12,SEER,DEAD,HALU
7,status,13,VILLAGER,DEAD,Takeda12
7,status,14,BODYGUARD,ALIVE,SampleJava6
7,status,15,WEREWOLF,DEAD,TOKU9
7,talk,0,0,3,VOTE Agent[09]
7,talk,1,0,14,VOTE Agent[08]
7,talk,2,0,8,VOTE Agent[03]
7,talk,3,0,2,VOTE Agent[09]
7,talk,4,0,6,DAY 7 (IDENTIFIED Agent[05] HUMAN)
7,talk,5,0,7,VOTE Agent[10]
7,talk,6,0,10,VOTE Agent[03]
7,talk,7,0,9,DIVINED Agent[06] HUMAN
7,talk,8,1,14,REQUEST ANY (VOTE Agent[08])
7,talk,9,1,3,Skip
7,talk,10,1,9,VOTE Agent[07]
7,talk,11,1,8,Skip
7,talk,12,1,7,COMINGOUT Agent[07] VILLAGER
7,talk,13,1,2,Skip
7,talk,14,1,10,REQUEST ANY (VOTE Agent[03])
7,talk,15,1,6,IDENTIFIED Agent[05] HUMAN
7,talk,16,2,3,Skip
7,talk,17,2,2,Skip
7,talk,18,2,7,VOTE Agent[10]
7,talk,19,2,8,Skip
7,talk,20,2,10,Skip
7,talk,21,2,6,VOTE Agent[09]
7,talk,22,2,14,Skip
7,talk,23,2,9,Skip
7,talk,24,3,3,Over
7,talk,25,3,7,VOTE Agent[10]
7,talk,26,3,2,Over
7,talk,27,3,10,Skip
7,talk,28,3,6,REQUEST ANY (VOTE Agent[09])
7,talk,29,3,9,Skip
7,talk,30,3,8,Over
7,talk,31,3,14,Skip
7,talk,32,4,7,VOTE Agent[10]
7,talk,33,4,2,Over
7,talk,34,4,9,Over
7,talk,35,4,10,Over
7,talk,36,4,3,Over
7,talk,37,4,14,Over
7,talk,38,4,8,Over
7,talk,39,4,6,Skip
7,talk,40,5,2,Over
7,talk,41,5,7,VOTE Agent[10]
7,talk,42,5,6,Skip
7,talk,43,5,10,Over
7,talk,44,5,9,Over
7,talk,45,5,14,Over
7,talk,46,5,3,Over
7,talk,47,5,8,Over
7,talk,48,6,6,Over
7,talk,49,6,10,Over
7,talk,50,6,3,Over
7,talk,51,6,9,Over
7,talk,52,6,8,Over
7,talk,53,6,2,Over
7,talk,54,6,14,Over
7,talk,55,6,7,VOTE Agent[10]
7,talk,56,7,2,Over
7,talk,57,7,10,Over
7,talk,58,7,8,Over
7,talk,59,7,14,Over
7,talk,60,7,9,Over
7,talk,61,7,3,Over
7,talk,62,7,7,VOTE Agent[10]
7,talk,63,7,6,Over
7,talk,64,8,9,Over
7,talk,65,8,14,Over
7,talk,66,8,3,Over
7,talk,67,8,2,Over
7,talk,68,8,8,Over
7,talk,69,8,10,Over
7,talk,70,8,6,Over
7,talk,71,8,7,VOTE Agent[10]
7,talk,72,9,9,Over
7,talk,73,9,6,Over
7,talk,74,9,8,Over
7,talk,75,9,10,Over
7,talk,76,9,14,Over
7,talk,77,9,7,Over
7,talk,78,9,2,Over
7,talk,79,9,3,Over
7,vote,2,9
7,vote,3,9
7,vote,6,9
7,vote,7,10
7,vote,8,3
7,vote,9,7
7,vote,10,8
7,vote,14,3
7,execute,9,POSSESSED
7,guard,14,6,MEDIUM
7,attackVote,8,14
7,attack,14,true
8,status,1,VILLAGER,DEAD,sample_py
8,status,2,VILLAGER,ALIVE,Tomato11
8,status,3,VILLAGER,ALIVE,sample_py
8,status,4,WEREWOLF,DEAD,SampleJava4
8,status,5,VILLAGER,DEAD,Takeda3
8,status,6,MEDIUM,ALIVE,SampleJava13
8,status,7,VILLAGER,ALIVE,OKAMI
8,status,8,WEREWOLF,ALIVE,TOKU8
8,status,9,POSSESSED,DEAD,sample_py
8,status,10,VILLAGER,ALIVE,SampleJava0
8,status,11,VILLAGER,DEAD,HALU
8,status,12,SEER,DEAD,HALU
8,status,13,VILLAGER,DEAD,Takeda12
8,status,14,BODYGUARD,DEAD,SampleJava6
8,status,15,WEREWOLF,DEAD,TOKU9
8,talk,0,0,10,VOTE Agent[07]
8,talk,1,0,6,DAY 8 (IDENTIFIED Agent[09] HUMAN)
8,talk,2,0,2,VOTE Agent[06]
8,talk,3,0,8,VOTE Agent[03]
8,talk,4,0,3,VOTE Agent[06]
8,talk,5,0,7,VOTE Agent[03]
8,talk,6,1,7,COMINGOUT Agent[07] VILLAGER
8,talk,7,1,10,REQUEST ANY (VOTE Agent[07])
8,talk,8,1,6,IDENTIFIED Agent[09] HUMAN
8,talk,9,1,3,Skip
8,talk,10,1,8,Skip
8,talk,11,1,2,Skip
8,talk,12,2,10,Skip
8,talk,13,2,2,Skip
8,talk,14,2,8,Skip
8,talk,15,2,3,Skip
8,talk,16,2,7,VOTE Agent[03]
8,talk,17,2,6,VOTE Agent[08]
8,talk,18,3,7,VOTE Agent[03]
8,talk,19,3,2,Over
8,talk,20,3,6,REQUEST ANY (VOTE Agent[08])
8,talk,21,3,8,Over
8,talk,22,3,10,Skip
8,talk,23,3,3,Over
8,talk,24,4,8,Over
8,talk,25,4,7,VOTE Agent[03]
8,talk,26,4,10,Over
8,talk,27,4,2,Over
8,talk,28,4,3,Over
8,talk,29,4,6,Skip
8,talk,30,5,8,Over
8,talk,31,5,2,Over
8,talk,32,5,10,Over
8,talk,33,5,3,Over
8,talk,34,5,7,VOTE Agent[03]
8,talk,35,5,6,Skip
8,talk,36,6,6,Over
8,talk,37,6,10,Over
8,talk,38,6,8,Over
8,talk,39,6,3,Over
8,talk,40,6,7,VOTE Agent[03]
8,talk,41,6,2,Over
8,talk,42,7,8,Over
8,talk,43,7,6,Over
8,talk,44,7,7,VOTE Agent[03]
8,talk,45,7,3,Over
8,talk,46,7,2,Over
8,talk,47,7,10,Over
8,talk,48,8,6,Over
8,talk,49,8,3,Over
8,talk,50,8,8,Over
8,talk,51,8,10,Over
8,talk,52,8,2,Over
8,talk,53,8,7,VOTE Agent[03]
8,talk,54,9,7,Over
8,talk,55,9,6,Over
8,talk,56,9,8,Over
8,talk,57,9,10,Over
8,talk,58,9,2,Over
8,talk,59,9,3,Over
8,vote,2,6
8,vote,3,6
8,vote,6,7
8,vote,7,3
8,vote,8,3
8,vote,10,8
8,vote,2,6
8,vote,3,6
8,vote,6,3
8,vote,7,3
8,vote,8,3
8,vote,10,3
8,execute,3,VILLAGER
8,attackVote,8,7
8,attack,7,true
9,status,1,VILLAGER,DEAD,sample_py
9,status,2,VILLAGER,ALIVE,Tomato11
9,status,3,VILLAGER,DEAD,sample_py
9,status,4,WEREWOLF,DEAD,SampleJava4
9,status,5,VILLAGER,DEAD,Takeda3
9,status,6,MEDIUM,ALIVE,SampleJava13
9,status,7,VILLAGER,DEAD,OKAMI
9,status,8,WEREWOLF,ALIVE,TOKU8
9,status,9,POSSESSED,DEAD,sample_py
9,status,10,VILLAGER,ALIVE,SampleJava0
9,status,11,VILLAGER,DEAD,HALU
9,status,12,SEER,DEAD,HALU
9,status,13,VILLAGER,DEAD,Takeda12
9,status,14,BODYGUARD,DEAD,SampleJava6
9,status,15,WEREWOLF,DEAD,TOKU9
9,talk,0,0,10,VOTE Agent[02]
9,talk,1,0,8,VOTE Agent[02]
9,talk,2,0,6,DAY 9 (IDENTIFIED Agent[03] HUMAN)
9,talk,3,0,2,VOTE Agent[06]
9,talk,4,1,2,Skip
9,talk,5,1,10,REQUEST ANY (VOTE Agent[02])
9,talk,6,1,6,IDENTIFIED Agent[03] HUMAN
9,talk,7,1,8,Skip
9,talk,8,2,8,Skip
9,talk,9,2,10,Skip
9,talk,10,2,6,VOTE Agent[02]
9,talk,11,2,2,Skip
9,talk,12,3,2,Over
9,talk,13,3,10,Skip
9,talk,14,3,6,REQUEST ANY (VOTE Agent[02])
9,talk,15,3,8,Over
9,talk,16,4,2,Over
9,talk,17,4,6,Skip
9,talk,18,4,10,Over
9,talk,19,4,8,Over
9,talk,20,5,8,Over
9,talk,21,5,2,Over
9,talk,22,5,6,Skip
9,talk,23,5,10,Over
9,talk,24,6,8,Over
9,talk,25,6,2,Over
9,talk,26,6,10,Over
9,talk,27,6,6,Over
9,vote,2,6
9,vote,6,2
9,vote,8,2
9,vote,10,2
9,execute,2,VILLAGER
9,attackVote,8,6
9,attack,6,true
10,status,1,VILLAGER,DEAD,sample_py
10,status,2,VILLAGER,DEAD,Tomato11
10,status,3,VILLAGER,DEAD,sample_py
10,status,4,WEREWOLF,DEAD,SampleJava4
10,status,5,VILLAGER,DEAD,Takeda3
10,status,6,MEDIUM,DEAD,SampleJava13
10,status,7,VILLAGER,DEAD,OKAMI
10,status,8,WEREWOLF,ALIVE,TOKU8
10,status,9,POSSESSED,DEAD,sample_py
10,status,10,VILLAGER,ALIVE,SampleJava0
10,status,11,VILLAGER,DEAD,HALU
10,status,12,SEER,DEAD,HALU
10,status,13,VILLAGER,DEAD,Takeda12
10,status,14,BODYGUARD,DEAD,SampleJava6
10,status,15,WEREWOLF,DEAD,TOKU9
10,result,1,1,WEREWOLF
