0,status,1,VILLAGER,ALIVE,SampleJava7
0,status,2,VILLAGER,ALIVE,OKAMI
0,status,3,BODYGUARD,ALIVE,TOKU5
0,status,4,VILLAGER,ALIVE,OKAMI
0,status,5,POSSESSED,ALIVE,TOKU10
0,status,6,WEREWOLF,ALIVE,SampleJava1
0,status,7,WEREWOLF,ALIVE,HALU
0,status,8,SEER,ALIVE,SampleJava3
0,status,9,VILLAGER,ALIVE,OKAMI
0,status,10,VILLAGER,ALIVE,Takeda13
0,status,11,WEREWOLF,ALIVE,Tomato0
0,status,12,VILLAGER,ALIVE,Tomato2
0,status,13,MEDIUM,ALIVE,TOKU6
0,status,14,VILLAGER,ALIVE,SampleJava12
0,status,15,VILLAGER,ALIVE,sample_py
0,whisper,0,0,6,COMINGOUT Agent[06] SEER
0,whisper,1,0,7,COMINGOUT Agent[07] MEDIUM
0,whisper,2,0,11,COMINGOUT Agent[11] SEER
0,whisper,3,1,6,COMINGOUT Agent[06] VILLAGER
0,whisper,4,1,11,Skip
0,whisper,5,1,7,COMINGOUT Agent[07] VILLAGER
0,whisper,6,2,11,Skip
0,whisper,7,2,6,Skip
0,whisper,8,2,7,Skip
0,whisper,9,3,7,Skip
0,whisper,10,3,6,Skip
0,whisper,11,3,11,Over
0,whisper,12,4,7,Over
0,whisper,13,4,11,Over
0,whisper,14,4,6,Over
0,divine,8,14,HUMAN
1,status,1,VILLAGER,ALIVE,SampleJava7
1,status,2,VILLAGER,ALIVE,OKAMI
1,status,3,BODYGUARD,ALIVE,TOKU5
1,status,4,VILLAGER,ALIVE,OKAMI
1,status,5,POSSESSED,ALIVE,TOKU10
1,status,6,WEREWOLF,ALIVE,SampleJava1
1,status,7,WEREWOLF,ALIVE,HALU
1,status,8,SEER,ALIVE,SampleJava3
1,status,9,VILLAGER,ALIVE,OKAMI
1,status,10,VILLAGER,ALIVE,Takeda13
1,status,11,WEREWOLF,ALIVE,Tomato0
1,status,12,VILLAGER,ALIVE,Tomato2
1,status,13,MEDIUM,ALIVE,TOKU6
1,status,14,VILLAGER,ALIVE,SampleJava12
1,status,15,VILLAGER,ALIVE,sample_py
1,talk,0,0,12,VOTE Agent[02]
1,talk,1,0,11,COMINGOUT Agent[11] SEER
1,talk,2,0,1,VOTE Agent[03]
1,talk,3,0,14,VOTE Agent[02]
1,talk,4,0,3,VOTE Agent[02]
1,talk,5,0,6,VOTE Agent[04]
1,talk,6,0,4,VOTE Agent[03]
1,talk,7,0,8,COMINGOUT Agent[08] SEER
1,talk,8,0,9,VOTE Agent[03]
1,talk,9,0,13,COMINGOUT Agent[13] MEDIUM
1,talk,10,0,5,COMINGOUT Agent[05] SEER
1,talk,11,0,2,VOTE Agent[04]
1,talk,12,0,10,VOTE Agent[13]
1,talk,13,0,15,VOTE Agent[14]
1,talk,14,0,7,VOTE Agent[15]
1,talk,15,1,10,VOTE Agent[12]
1,talk,16,1,15,Skip
1,talk,17,1,1,REQUEST ANY (VOTE Agent[03])
1,talk,18,1,14,REQUEST ANY (VOTE Agent[02])
1,talk,19,1,6,REQUEST ANY (VOTE Agent[04])
1,talk,20,1,4,COMINGOUT Agent[04] VILLAGER
1,talk,21,1,2,COMINGOUT Agent[02] VILLAGER
1,talk,22,1,12,VOTE Agent[03]
1,talk,23,1,3,VOTE Agent[11]
1,talk,24,1,7,VOTE Agent[10]
1,talk,25,1,9,COMINGOUT Agent[09] VILLAGER
1,talk,26,1,11,DIVINED Agent[14] HUMAN
1,talk,27,1,5,DIVINED Agent[14] WEREWOLF
1,talk,28,1,13,VOTE Agent[12]
1,talk,29,1,8,DAY 1 (DIVINED Agent[14] HUMAN)
1,talk,30,2,9,VOTE Agent[11]
1,talk,31,2,14,BECAUSE (AND (COMINGOUT Agent[14] VILLAGER) (DAY 1 (Agent[05] DIVINED Agent[14] WEREWOLF))) (XOR (ESTIMATE Agent[05] WEREWOLF) (ESTIMATE Agent[05] POSSESSED))
1,talk,32,2,11,VOTE Agent[03]
1,talk,33,2,4,VOTE Agent[11]
1,talk,34,2,3,VOTE Agent[12]
1,talk,35,2,10,Skip
1,talk,36,2,15,Skip
1,talk,37,2,13,Skip
1,talk,38,2,6,Skip
1,talk,39,2,5,VOTE Agent[14]
1,talk,40,2,12,Skip
1,talk,41,2,7,VOTE Agent[14]
1,talk,42,2,8,DIVINED Agent[14] HUMAN
1,talk,43,2,2,VOTE Agent[11]
1,talk,44,2,1,Skip
1,talk,45,3,14,BECAUSE (XOR (ESTIMATE Agent[05] WEREWOLF) (ESTIMATE Agent[05] POSSESSED)) (AND (VOTE Agent[05]) (REQUEST ANY (VOTE Agent[05])))
1,talk,46,3,12,VOTE Agent[11]
1,talk,47,3,9,VOTE Agent[05]
1,talk,48,3,10,Skip
1,talk,49,3,15,Over
1,talk,50,3,1,Skip
1,talk,51,3,7,VOTE Agent[14]
1,talk,52,3,3,Skip
1,talk,53,3,4,VOTE Agent[11]
1,talk,54,3,8,BECAUSE (AND (COMINGOUT Agent[08] SEER) (Agent[11] COMINGOUT Agent[11] SEER)) (XOR (ESTIMATE Agent[11] WEREWOLF) (ESTIMATE Agent[11] POSSESSED))
1,talk,55,3,13,Skip
1,talk,56,3,11,VOTE Agent[12]
1,talk,57,3,6,Skip
1,talk,58,3,2,VOTE Agent[11]
1,talk,59,3,5,Skip
1,talk,60,4,10,Over
1,talk,61,4,3,Skip
1,talk,62,4,5,Skip
1,talk,63,4,14,VOTE Agent[05]
1,talk,64,4,4,VOTE Agent[05]
1,talk,65,4,11,VOTE Agent[05]
1,talk,66,4,9,VOTE Agent[11]
1,talk,67,4,15,Over
1,talk,68,4,1,Over
1,talk,69,4,8,BECAUSE (XOR (ESTIMATE Agent[11] WEREWOLF) (ESTIMATE Agent[11] POSSESSED)) (AND (VOTE Agent[11]) (REQUEST ANY (VOTE Agent[11])))
1,talk,70,4,7,VOTE Agent[14]
1,talk,71,4,13,Over
1,talk,72,4,12,Skip
1,talk,73,4,6,Over
1,talk,74,4,2,VOTE Agent[05]
1,talk,75,5,11,Skip
1,talk,76,5,13,Over
1,talk,77,5,14,REQUEST ANY (VOTE Agent[05])
1,talk,78,5,12,VOTE Agent[05]
1,talk,79,5,9,VOTE Agent[11]
1,talk,80,5,6,Over
1,talk,81,5,4,VOTE Agent[11]
1,talk,82,5,2,VOTE Agent[05]
1,talk,83,5,10,Over
1,talk,84,5,3,Over
1,talk,85,5,1,Over
1,talk,86,5,5,Over
1,talk,87,5,8,VOTE Agent[11]
1,talk,88,5,7,VOTE Agent[14]
1,talk,89,5,15,Over
1,talk,90,6,14,Skip
1,talk,91,6,6,Over
1,talk,92,6,10,Over
1,talk,93,6,7,VOTE Agent[14]
1,talk,94,6,8,REQUEST ANY (VOTE Agent[11])
1,talk,95,6,9,VOTE Agent[11]
1,talk,96,6,12,Skip
1,talk,97,6,1,Over
1,talk,98,6,15,Over
1,talk,99,6,4,VOTE Agent[11]
1,talk,100,6,5,Over
1,talk,101,6,11,Skip
1,talk,102,6,2,VOTE Agent[11]
1,talk,103,6,13,Over
1,talk,104,6,3,Over
1,talk,105,7,10,Over
1,talk,106,7,1,Over
1,talk,107,7,14,Skip
1,talk,108,7,9,VOTE Agent[11]
1,talk,109,7,12,VOTE Agent[14]
1,talk,110,7,11,VOTE Agent[12]
1,talk,111,7,7,VOTE Agent[14]
1,talk,112,7,4,VOTE Agent[05]
1,talk,113,7,13,Over
1,talk,114,7,5,Over
1,talk,115,7,15,Over
1,talk,116,7,8,Skip
1,talk,117,7,3,Over
1,talk,118,7,2,VOTE Agent[05]
1,talk,119,7,6,Over
1,talk,120,8,6,Over
1,talk,121,8,13,Over
1,talk,122,8,3,Over
1,talk,123,8,7,VOTE Agent[14]
1,talk,124,8,12,Skip
1,talk,125,8,8,Skip
1,talk,126,8,14,Over
1,talk,127,8,11,VOTE Agent[05]
1,talk,128,8,9,VOTE Agent[11]
1,talk,129,8,5,Over
1,talk,130,8,2,VOTE Agent[11]
1,talk,131,8,10,Over
1,talk,132,8,1,Over
1,talk,133,8,15,Over
1,talk,134,8,4,VOTE Agent[05]
1,talk,135,9,11,Skip
1,talk,136,9,10,Over
1,talk,137,9,15,Over
1,talk,138,9,9,Over
1,talk,139,9,13,Over
1,talk,140,9,3,Over
1,talk,141,9,4,Over
1,talk,142,9,1,Over
1,talk,143,9,2,Over
1,talk,144,9,8,Over
1,talk,145,9,7,Over
1,talk,146,9,5,Over
1,talk,147,9,12,Skip
1,talk,148,9,6,Over
1,talk,149,9,14,Over
1,talk,150,10,15,Over
1,talk,151,10,10,Over
1,talk,152,10,7,Over
1,talk,153,10,11,Skip
1,talk,154,10,8,Over
1,talk,155,10,12,Over
1,talk,156,10,5,Over
1,talk,157,10,4,Over
1,talk,158,10,1,Over
1,talk,159,10,14,Over
1,talk,160,10,2,Over
1,talk,161,10,9,Over
1,talk,162,10,13,Over
1,talk,163,10,6,Over
1,talk,164,10,3,Over
1,talk,165,11,7,Over
1,talk,166,11,8,Over
1,talk,167,11,5,Over
1,talk,168,11,9,Over
1,talk,169,11,13,Over
1,talk,170,11,1,Over
1,talk,171,11,3,Over
1,talk,172,11,4,Over
1,talk,173,11,12,Over
1,talk,174,11,14,Over
1,talk,175,11,2,Over
1,talk,176,11,11,Over
1,talk,177,11,10,Over
1,talk,178,11,15,Over
1,talk,179,11,6,Over
1,vote,1,5
1,vote,2,11
1,vote,3,12
1,vote,4,5
1,vote,5,14
1,vote,6,4
1,vote,7,14
1,vote,8,11
1,vote,9,11
1,vote,10,12
1,vote,11,5
1,vote,12,14
1,vote,13,12
1,vote,14,5
1,vote,15,14
1,vote,1,5
1,vote,2,11
1,vote,3,12
1,vote,4,5
1,vote,5,14
1,vote,6,5
1,vote,7,14
1,vote,8,5
1,vote,9,11
1,vote,10,12
1,vote,11,5
1,vote,12,14
1,vote,13,12
1,vote,14,5
1,vote,15,14
1,execute,5,POSSESSED
1,divine,8,11,WEREWOLF
1,whisper,0,0,6,BECAUSE (AND (NOT (COMINGOUT Agent[05] WEREWOLF)) (NOT (COMINGOUT Agent[14] WEREWOLF)) (DAY 1 (Agent[05] DIVINED Agent[14] WEREWOLF))) (ESTIMATE Agent[05] POSSESSED)
1,whisper,1,0,11,ATTACK Agent[08]
1,whisper,2,0,7,ATTACK Agent[11]
1,whisper,3,1,6,ATTACK Agent[04]
1,whisper,4,1,11,Skip
1,whisper,5,1,7,Skip
1,whisper,6,2,11,Skip
1,whisper,7,2,7,Skip
1,whisper,8,2,6,Skip
1,whisper,9,3,11,Over
1,whisper,10,3,6,Skip
1,whisper,11,3,7,Over
1,whisper,12,4,6,Over
1,whisper,13,4,11,Over
1,whisper,14,4,7,Over
1,guard,3,8,SEER
1,attackVote,6,4
1,attackVote,11,8
1,attackVote,6,4
1,attackVote,7,8
1,attackVote,11,8
1,attack,8,false
2,status,1,VILLAGER,ALIVE,SampleJava7
2,status,2,VILLAGER,ALIVE,OKAMI
2,status,3,BODYGUARD,ALIVE,TOKU5
2,status,4,VILLAGER,ALIVE,OKAMI
2,status,5,POSSESSED,DEAD,TOKU10
2,status,6,WEREWOLF,ALIVE,SampleJava1
2,status,7,WEREWOLF,ALIVE,HALU
2,status,8,SEER,ALIVE,SampleJava3
2,status,9,VILLAGER,ALIVE,OKAMI
2,status,10,VILLAGER,ALIVE,Takeda13
2,status,11,WEREWOLF,ALIVE,Tomato0
2,status,12,VILLAGER,ALIVE,Tomato2
2,status,13,MEDIUM,ALIVE,TOKU6
2,status,14,VILLAGER,ALIVE,SampleJava12
2,status,15,VILLAGER,ALIVE,sample_py
2,talk,0,0,8,DAY 2 (DIVINED Agent[11] WEREWOLF)
2,talk,1,0,4,VOTE Agent[08]
2,talk,2,0,13,IDENTIFIED Agent[05] HUMAN
2,talk,3,0,15,VOTE Agent[14]
2,talk,4,0,11,DIVINED Agent[10] HUMAN
2,talk,5,0,12,VOTE Agent[14]
2,talk,6,0,1,VOTE Agent[07]
2,talk,7,0,7,VOTE Agent[14]
2,talk,8,0,14,VOTE Agent[15]
2,talk,9,0,9,VOTE Agent[08]
2,talk,10,0,3,VOTE Agent[12]
2,talk,11,0,10,VOTE Agent[12]
2,talk,12,0,6,VOTE Agent[03]
2,talk,13,0,2,VOTE Agent[08]
2,talk,14,1,13,Skip
2,talk,15,1,11,VOTE Agent[08]
2,talk,16,1,9,COMINGOUT Agent[09] VILLAGER
2,talk,17,1,4,COMINGOUT Agent[04] VILLAGER
2,talk,18,1,8,DIVINED Agent[11] WEREWOLF
2,talk,19,1,15,Skip
2,talk,20,1,3,Skip
2,talk,21,1,14,REQUEST ANY (VOTE Agent[15])
2,talk,22,1,10,Skip
2,talk,23,1,2,COMINGOUT Agent[02] VILLAGER
2,talk,24,1,1,REQUEST ANY (VOTE Agent[07])
2,talk,25,1,6,REQUEST ANY (VOTE Agent[03])
2,talk,26,1,12,VOTE Agent[08]
2,talk,27,1,7,VOTE Agent[14]
2,talk,28,2,3,Skip
2,talk,29,2,8,BECAUSE (DAY 2 (DIVINED Agent[11] WEREWOLF)) (AND (VOTE Agent[11]) (REQUEST ANY (VOTE Agent[11])))
2,talk,30,2,9,VOTE Agent[11]
2,talk,31,2,15,Skip
2,talk,32,2,13,Skip
2,talk,33,2,10,Skip
2,talk,34,2,2,VOTE Agent[11]
2,talk,35,2,14,Skip
2,talk,36,2,7,VOTE Agent[14]
2,talk,37,2,4,VOTE Agent[08]
2,talk,38,2,6,Skip
2,talk,39,2,1,Skip
2,talk,40,2,11,Skip
2,talk,41,2,12,VOTE Agent[11]
2,talk,42,3,12,Skip
2,talk,43,3,8,VOTE Agent[11]
2,talk,44,3,11,Skip
2,talk,45,3,2,VOTE Agent[08]
2,talk,46,3,13,Over
2,talk,47,3,9,VOTE Agent[11]
2,talk,48,3,14,Skip
2,talk,49,3,10,Over
2,talk,50,3,3,Over
2,talk,51,3,6,Skip
2,talk,52,3,15,Over
2,talk,53,3,4,VOTE Agent[08]
2,talk,54,3,1,Skip
2,talk,55,3,7,VOTE Agent[14]
2,talk,56,4,13,Over
2,talk,57,4,2,VOTE Agent[08]
2,talk,58,4,9,VOTE Agent[11]
2,talk,59,4,4,VOTE Agent[08]
2,talk,60,4,15,Over
2,talk,61,4,8,REQUEST ANY (VOTE Agent[11])
2,talk,62,4,7,VOTE Agent[14]
2,talk,63,4,1,Over
2,talk,64,4,12,Skip
2,talk,65,4,6,Over
2,talk,66,4,3,Over
2,talk,67,4,11,Over
2,talk,68,4,10,Over
2,talk,69,4,14,Over
2,talk,70,5,7,VOTE Agent[14]
2,talk,71,5,12,Over
2,talk,72,5,3,Over
2,talk,73,5,9,VOTE Agent[11]
2,talk,74,5,1,Over
2,talk,75,5,2,VOTE Agent[08]
2,talk,76,5,8,Skip
2,talk,77,5,10,Over
2,talk,78,5,13,Over
2,talk,79,5,15,Over
2,talk,80,5,6,Over
2,talk,81,5,11,Over
2,talk,82,5,14,Over
2,talk,83,5,4,VOTE Agent[08]
2,talk,84,6,4,VOTE Agent[08]
2,talk,85,6,8,Skip
2,talk,86,6,11,Over
2,talk,87,6,12,Over
2,talk,88,6,14,Over
2,talk,89,6,13,Over
2,talk,90,6,2,VOTE Agent[08]
2,talk,91,6,1,Over
2,talk,92,6,3,Over
2,talk,93,6,15,Over
2,talk,94,6,10,Over
2,talk,95,6,7,VOTE Agent[14]
2,talk,96,6,9,VOTE Agent[11]
2,talk,97,6,6,Over
2,talk,98,7,8,Over
2,talk,99,7,4,VOTE Agent[08]
2,talk,100,7,3,Over
2,talk,101,7,13,Over
2,talk,102,7,11,Over
2,talk,103,7,7,VOTE Agent[14]
2,talk,104,7,1,Over
2,talk,105,7,2,VOTE Agent[08]
2,talk,106,7,6,Over
2,talk,107,7,12,Over
2,talk,108,7,15,Over
2,talk,109,7,10,Over
2,talk,110,7,14,Over
2,talk,111,7,9,VOTE Agent[11]
2,talk,112,8,1,Over
2,talk,113,8,3,Over
2,talk,114,8,14,Over
2,talk,115,8,15,Over
2,talk,116,8,4,VOTE Agent[08]
2,talk,117,8,11,Over
2,talk,118,8,13,Over
2,talk,119,8,7,VOTE Agent[14]
2,talk,120,8,10,Over
2,talk,121,8,6,Over
2,talk,122,8,8,Over
2,talk,123,8,9,VOTE Agent[11]
2,talk,124,8,2,VOTE Agent[08]
2,talk,125,8,12,Over
2,talk,126,9,3,Over
2,talk,127,9,10,Over
2,talk,128,9,1,Over
2,talk,129,9,7,Over
2,talk,130,9,13,Over
2,talk,131,9,2,Over
2,talk,132,9,12,Over
2,talk,133,9,14,Over
2,talk,134,9,9,Over
2,talk,135,9,6,Over
2,talk,136,9,11,Over
2,talk,137,9,8,Over
2,talk,138,9,4,Over
2,talk,139,9,15,Over
2,vote,1,11
2,vote,2,8
2,vote,3,12
2,vote,4,8
2,vote,6,3
2,vote,7,14
2,vote,8,11
2,vote,9,11
2,vote,10,12
2,vote,11,8
2,vote,12,11
2,vote,13,12
2,vote,14,11
2,vote,15,14
2,execute,11,WEREWOLF
2,whisper,0,0,7,ATTACK Agent[11]
2,whisper,1,0,6,ATTACK Agent[04]
2,whisper,2,1,7,Skip
2,whisper,3,1,6,Skip
2,whisper,4,2,6,Skip
2,whisper,5,2,7,Skip
2,whisper,6,3,6,Over
2,whisper,7,3,7,Over
2,guard,3,8,SEER
2,attackVote,6,4
2,attackVote,7,8
2,attackVote,6,4
2,attackVote,7,8
2,attack,8,false
3,status,1,VILLAGER,ALIVE,SampleJava7
3,status,2,VILLAGER,ALIVE,OKAMI
3,status,3,BODYGUARD,ALIVE,TOKU5
3,status,4,VILLAGER,ALIVE,OKAMI
3,status,5,POSSESSED,DEAD,TOKU10
3,status,6,WEREWOLF,ALIVE,SampleJava1
3,status,7,WEREWOLF,ALIVE,HALU
3,status,8,SEER,ALIVE,SampleJava3
3,status,9,VILLAGER,ALIVE,OKAMI
3,status,10,VILLAGER,ALIVE,Takeda13
3,status,11,WEREWOLF,DEAD,Tomato0
3,status,12,VILLAGER,ALIVE,Tomato2
3,status,13,MEDIUM,ALIVE,TOKU6
3,status,14,VILLAGER,ALIVE,SampleJava12
3,status,15,VILLAGER,ALIVE,sample_py
3,talk,0,0,4,VOTE Agent[08]
3,talk,1,0,10,VOTE Agent[12]
3,talk,2,0,14,VOTE Agent[08]
3,talk,3,0,6,VOTE Agent[12]
3,talk,4,0,3,VOTE Agent[12]
3,talk,5,0,12,VOTE Agent[06]
3,talk,6,0,2,VOTE Agent[08]
3,talk,7,0,13,IDENTIFIED Agent[11] WEREWOLF
3,talk,8,0,8,VOTE Agent[15]
3,talk,9,0,9,VOTE Agent[14]
3,talk,10,0,1,VOTE Agent[13]
3,talk,11,0,15,VOTE Agent[14]
3,talk,12,0,7,VOTE Agent[14]
3,talk,13,1,13,Skip
3,talk,14,1,14,REQUEST ANY (VOTE Agent[08])
3,talk,15,1,1,REQUEST ANY (VOTE Agent[13])
3,talk,16,1,7,VOTE Agent[14]
3,talk,17,1,15,Skip
3,talk,18,1,2,COMINGOUT Agent[02] VILLAGER
3,talk,19,1,10,Skip
3,talk,20,1,3,Skip
3,talk,21,1,9,COMINGOUT Agent[09] VILLAGER
3,talk,22,1,8,REQUEST ANY (VOTE Agent[15])
3,talk,23,1,6,REQUEST ANY (VOTE Agent[12])
3,talk,24,1,12,VOTE Agent[08]
3,talk,25,1,4,COMINGOUT Agent[04] VILLAGER
3,talk,26,2,7,VOTE Agent[14]
3,talk,27,2,1,Skip
3,talk,28,2,14,Skip
3,talk,29,2,13,Skip
3,talk,30,2,12,Skip
3,talk,31,2,2,VOTE Agent[09]
3,talk,32,2,8,Skip
3,talk,33,2,4,VOTE Agent[14]
3,talk,34,2,3,Skip
3,talk,35,2,9,VOTE Agent[14]
3,talk,36,2,6,Skip
3,talk,37,2,15,Skip
3,talk,38,2,10,Skip
3,talk,39,3,9,VOTE Agent[14]
3,talk,40,3,1,Skip
3,talk,41,3,7,VOTE Agent[14]
3,talk,42,3,12,Skip
3,talk,43,3,2,VOTE Agent[09]
3,talk,44,3,6,Skip
3,talk,45,3,14,Skip
3,talk,46,3,10,Over
3,talk,47,3,4,VOTE Agent[14]
3,talk,48,3,8,Skip
3,talk,49,3,13,Over
3,talk,50,3,3,Over
3,talk,51,3,15,Over
3,talk,52,4,6,Over
3,talk,53,4,14,Over
3,talk,54,4,10,Over
3,talk,55,4,9,VOTE Agent[14]
3,talk,56,4,3,Over
3,talk,57,4,15,Over
3,talk,58,4,4,VOTE Agent[14]
3,talk,59,4,8,Over
3,talk,60,4,12,Over
3,talk,61,4,7,VOTE Agent[14]
3,talk,62,4,1,Over
3,talk,63,4,13,Over
3,talk,64,4,2,VOTE Agent[09]
3,talk,65,5,10,Over
3,talk,66,5,4,VOTE Agent[14]
3,talk,67,5,13,Over
3,talk,68,5,15,Over
3,talk,69,5,9,VOTE Agent[14]
3,talk,70,5,8,Over
3,talk,71,5,3,Over
3,talk,72,5,7,VOTE Agent[14]
3,talk,73,5,14,Over
3,talk,74,5,1,Over
3,talk,75,5,2,VOTE Agent[09]
3,talk,76,5,12,Over
3,talk,77,5,6,Over
3,talk,78,6,7,VOTE Agent[14]
3,talk,79,6,1,Over
3,talk,80,6,3,Over
3,talk,81,6,14,Over
3,talk,82,6,6,Over
3,talk,83,6,9,VOTE Agent[14]
3,talk,84,6,13,Over
3,talk,85,6,8,Over
3,talk,86,6,15,Over
3,talk,87,6,4,VOTE Agent[14]
3,talk,88,6,10,Over
3,talk,89,6,12,Over
3,talk,90,6,2,VOTE Agent[09]
3,talk,91,7,9,VOTE Agent[14]
3,talk,92,7,14,Over
3,talk,93,7,10,Over
3,talk,94,7,13,Over
3,talk,95,7,6,Over
3,talk,96,7,2,VOTE Agent[09]
3,talk,97,7,4,VOTE Agent[14]
3,talk,98,7,8,Over
3,talk,99,7,12,Over
3,talk,100,7,3,Over
3,talk,101,7,1,Over
3,talk,102,7,15,Over
3,talk,103,7,7,VOTE Agent[14]
3,talk,104,8,10,Over
3,talk,105,8,4,VOTE Agent[14]
3,talk,106,8,12,Over
3,talk,107,8,14,Over
3,talk,108,8,9,VOTE Agent[14]
3,talk,109,8,6,Over
3,talk,110,8,7,VOTE Agent[14]
3,talk,111,8,13,Over
3,talk,112,8,15,Over
3,talk,113,8,1,Over
3,talk,114,8,2,VOTE Agent[09]
3,talk,115,8,8,Over
3,talk,116,8,3,Over
3,talk,117,9,15,Over
3,talk,118,9,7,Over
3,talk,119,9,8,Over
3,talk,120,9,14,Over
3,talk,121,9,1,Over
3,talk,122,9,2,Over
3,talk,123,9,4,Over
3,talk,124,9,3,Over
3,talk,125,9,13,Over
3,talk,126,9,9,Over
3,talk,127,9,12,Over
3,talk,128,9,10,Over
3,talk,129,9,6,Over
3,vote,1,15
3,vote,2,9
3,vote,3,12
3,vote,4,14
3,vote,6,12
3,vote,7,14
3,vote,8,12
3,vote,9,14
3,vote,10,12
3,vote,12,8
3,vote,13,12
3,vote,14,15
3,vote,15,14
3,execute,12,VILLAGER
3,divine,8,6,WEREWOLF
3,whisper,0,0,6,ATTACK Agent[08]
3,whisper,1,0,7,ATTACK Agent[08]
3,whisper,2,1,7,Skip
3,whisper,3,1,6,Skip
3,whisper,4,2,6,Skip
3,whisper,5,2,7,Skip
3,whisper,6,3,6,Over
3,whisper,7,3,7,Over
3,guard,3,7,WEREWOLF
3,attackVote,6,8
3,attackVote,7,8
3,attack,8,true
4,status,1,VILLAGER,ALIVE,SampleJava7
4,status,2,VILLAGER,ALIVE,OKAMI
4,status,3,BODYGUARD,ALIVE,TOKU5
4,status,4,VILLAGER,ALIVE,OKAMI
4,status,5,POSSESSED,DEAD,TOKU10
4,status,6,WEREWOLF,ALIVE,SampleJava1
4,status,7,WEREWOLF,ALIVE,HALU
4,status,8,SEER,DEAD,SampleJava3
4,status,9,VILLAGER,ALIVE,OKAMI
4,status,10,VILLAGER,ALIVE,Takeda13
4,status,11,WEREWOLF,DEAD,Tomato0
4,status,12,VILLAGER,DEAD,Tomato2
4,status,13,MEDIUM,ALIVE,TOKU6
4,status,14,VILLAGER,ALIVE,SampleJava12
4,status,15,VILLAGER,ALIVE,sample_py
4,talk,0,0,15,VOTE Agent[14]
4,talk,1,0,9,VOTE Agent[14]
4,talk,2,0,14,VOTE Agent[10]
4,talk,3,0,2,VOTE Agent[09]
4,talk,4,0,1,VOTE Agent[13]
4,talk,5,0,4,VOTE Agent[14]
4,talk,6,0,10,VOTE Agent[07]
4,talk,7,0,13,IDENTIFIED Agent[12] HUMAN
4,talk,8,0,6,VOTE Agent[09]
4,talk,9,0,7,VOTE Agent[14]
4,talk,10,0,3,VOTE Agent[07]
4,talk,11,1,9,COMINGOUT Agent[09] VILLAGER
4,talk,12,1,6,REQUEST ANY (VOTE Agent[09])
4,talk,13,1,13,VOTE Agent[07]
4,talk,14,1,10,Skip
4,talk,15,1,3,Skip
4,talk,16,1,4,COMINGOUT Agent[04] VILLAGER
4,talk,17,1,2,COMINGOUT Agent[02] VILLAGER
4,talk,18,1,14,REQUEST ANY (VOTE Agent[10])
4,talk,19,1,15,Skip
4,talk,20,1,7,VOTE Agent[14]
4,talk,21,1,1,REQUEST ANY (VOTE Agent[13])
4,talk,22,2,14,Skip
4,talk,23,2,1,Skip
4,talk,24,2,3,Skip
4,talk,25,2,15,Skip
4,talk,26,2,4,VOTE Agent[14]
4,talk,27,2,7,VOTE Agent[14]
4,talk,28,2,2,VOTE Agent[09]
4,talk,29,2,9,VOTE Agent[14]
4,talk,30,2,6,Skip
4,talk,31,2,13,Skip
4,talk,32,2,10,Skip
4,talk,33,3,2,VOTE Agent[09]
4,talk,34,3,10,Over
4,talk,35,3,14,Skip
4,talk,36,3,3,Over
4,talk,37,3,13,Skip
4,talk,38,3,15,Over
4,talk,39,3,4,VOTE Agent[14]
4,talk,40,3,6,Skip
4,talk,41,3,1,Skip
4,talk,42,3,7,VOTE Agent[14]
4,talk,43,3,9,VOTE Agent[14]
4,talk,44,4,2,VOTE Agent[09]
4,talk,45,4,1,Over
4,talk,46,4,4,VOTE Agent[14]
4,talk,47,4,7,VOTE Agent[14]
4,talk,48,4,14,Over
4,talk,49,4,6,Over
4,talk,50,4,15,Over
4,talk,51,4,10,Over
4,talk,52,4,3,Over
4,talk,53,4,13,Over
4,talk,54,4,9,VOTE Agent[14]
4,talk,55,5,6,Over
4,talk,56,5,10,Over
4,talk,57,5,15,Over
4,talk,58,5,13,Over
4,talk,59,5,2,VOTE Agent[09]
4,talk,60,5,7,VOTE Agent[14]
4,talk,61,5,14,Over
4,talk,62,5,9,VOTE Agent[14]
4,talk,63,5,4,VOTE Agent[14]
4,talk,64,5,3,Over
4,talk,65,5,1,Over
4,talk,66,6,6,Over
4,talk,67,6,15,Over
4,talk,68,6,10,Over
4,talk,69,6,13,Over
4,talk,70,6,3,Over
4,talk,71,6,4,VOTE Agent[14]
4,talk,72,6,7,VOTE Agent[14]
4,talk,73,6,2,VOTE Agent[09]
4,talk,74,6,14,Over
4,talk,75,6,9,VOTE Agent[14]
4,talk,76,6,1,Over
4,talk,77,7,15,Over
4,talk,78,7,13,Over
4,talk,79,7,10,Over
4,talk,80,7,1,Over
4,talk,81,7,2,VOTE Agent[09]
4,talk,82,7,9,VOTE Agent[14]
4,talk,83,7,6,Over
4,talk,84,7,14,Over
4,talk,85,7,4,VOTE Agent[14]
4,talk,86,7,7,VOTE Agent[14]
4,talk,87,7,3,Over
4,talk,88,8,10,Over
4,talk,89,8,14,Over
4,talk,90,8,4,VOTE Agent[14]
4,talk,91,8,3,Over
4,talk,92,8,7,VOTE Agent[14]
4,talk,93,8,6,Over
4,talk,94,8,2,VOTE Agent[09]
4,talk,95,8,15,Over
4,talk,96,8,9,VOTE Agent[14]
4,talk,97,8,13,Over
4,talk,98,8,1,Over
4,talk,99,9,9,Over
4,talk,100,9,1,Over
4,talk,101,9,14,Over
4,talk,102,9,6,Over
4,talk,103,9,10,Over
4,talk,104,9,2,Over
4,talk,105,9,13,Over
4,talk,106,9,3,Over
4,talk,107,9,7,Over
4,talk,108,9,15,Over
4,talk,109,9,4,Over
4,vote,1,10
4,vote,2,9
4,vote,3,7
4,vote,4,14
4,vote,6,9
4,vote,7,14
4,vote,9,14
4,vote,10,7
4,vote,13,7
4,vote,14,13
4,vote,15,14
4,execute,14,VILLAGER
4,whisper,0,0,6,ATTACK Agent[09]
4,whisper,1,0,7,ATTACK Agent[14]
4,whisper,2,1,6,Skip
4,whisper,3,1,7,Skip
4,whisper,4,2,7,Skip
4,whisper,5,2,6,Skip
4,whisper,6,3,7,Over
4,whisper,7,3,6,Over
4,guard,3,2,VILLAGER
4,attackVote,6,9
4,attackVote,7,10
4,attackVote,6,9
4,attack,9,true
5,status,1,VILLAGER,ALIVE,SampleJava7
5,status,2,VILLAGER,ALIVE,OKAMI
5,status,3,BODYGUARD,ALIVE,TOKU5
5,status,4,VILLAGER,ALIVE,OKAMI
5,status,5,POSSESSED,DEAD,TOKU10
5,status,6,WEREWOLF,ALIVE,SampleJava1
5,status,7,WEREWOLF,ALIVE,HALU
5,status,8,SEER,DEAD,SampleJava3
5,status,9,VILLAGER,DEAD,OKAMI
5,status,10,VILLAGER,ALIVE,Takeda13
5,status,11,WEREWOLF,DEAD,Tomato0
5,status,12,VILLAGER,DEAD,Tomato2
5,status,13,MEDIUM,ALIVE,TOKU6
5,status,14,VILLAGER,DEAD,SampleJava12
5,status,15,VILLAGER,ALIVE,sample_py
5,talk,0,0,1,VOTE Agent[03]
5,talk,1,0,15,VOTE Agent[03]
5,talk,2,0,13,IDENTIFIED Agent[14] HUMAN
5,talk,3,0,2,VOTE Agent[03]
5,talk,4,0,3,VOTE Agent[07]
5,talk,5,0,6,VOTE Agent[03]
5,talk,6,0,10,VOTE Agent[07]
5,talk,7,0,4,VOTE Agent[07]
5,talk,8,0,7,VOTE Agent[02]
5,talk,9,1,10,Skip
5,talk,10,1,6,REQUEST ANY (VOTE Agent[03])
5,talk,11,1,13,Skip
5,talk,12,1,4,COMINGOUT Agent[04] VILLAGER
5,talk,13,1,15,Skip
5,talk,14,1,1,REQUEST ANY (VOTE Agent[03])
5,talk,15,1,2,COMINGOUT Agent[02] VILLAGER
5,talk,16,1,7,VOTE Agent[01]
5,talk,17,1,3,Skip
5,talk,18,2,3,Skip
5,talk,19,2,7,VOTE Agent[01]
5,talk,20,2,4,VOTE Agent[07]
5,talk,21,2,13,Skip
5,talk,22,2,15,Skip
5,talk,23,2,1,Skip
5,talk,24,2,2,VOTE Agent[07]
5,talk,25,2,6,Skip
5,talk,26,2,10,Skip
5,talk,27,3,13,Over
5,talk,28,3,7,VOTE Agent[01]
5,talk,29,3,1,Skip
5,talk,30,3,6,Skip
5,talk,31,3,10,Over
5,talk,32,3,3,Over
5,talk,33,3,15,Over
5,talk,34,3,2,VOTE Agent[03]
5,talk,35,3,4,VOTE Agent[07]
5,talk,36,4,1,Over
5,talk,37,4,6,Over
5,talk,38,4,10,Over
5,talk,39,4,4,VOTE Agent[07]
5,talk,40,4,3,Over
5,talk,41,4,2,VOTE Agent[03]
5,talk,42,4,13,Over
5,talk,43,4,15,Over
5,talk,44,4,7,VOTE Agent[02]
5,talk,45,5,1,Over
5,talk,46,5,7,VOTE Agent[02]
5,talk,47,5,13,Over
5,talk,48,5,4,VOTE Agent[07]
5,talk,49,5,6,Over
5,talk,50,5,3,Over
5,talk,51,5,10,Over
5,talk,52,5,2,VOTE Agent[07]
5,talk,53,5,15,Over
5,talk,54,6,15,Over
5,talk,55,6,4,VOTE Agent[03]
5,talk,56,6,6,Over
5,talk,57,6,2,VOTE Agent[07]
5,talk,58,6,3,Over
5,talk,59,6,13,Over
5,talk,60,6,10,Over
5,talk,61,6,1,Over
5,talk,62,6,7,VOTE Agent[04]
5,talk,63,7,4,VOTE Agent[03]
5,talk,64,7,7,VOTE Agent[04]
5,talk,65,7,2,VOTE Agent[07]
5,talk,66,7,6,Over
5,talk,67,7,3,Over
5,talk,68,7,15,Over
5,talk,69,7,13,Over
5,talk,70,7,10,Over
5,talk,71,7,1,Over
5,talk,72,8,6,Over
5,talk,73,8,4,VOTE Agent[03]
5,talk,74,8,15,Over
5,talk,75,8,7,VOTE Agent[04]
5,talk,76,8,1,Over
5,talk,77,8,10,Over
5,talk,78,8,2,VOTE Agent[07]
5,talk,79,8,13,Over
5,talk,80,8,3,Over
5,talk,81,9,10,Over
5,talk,82,9,7,Over
5,talk,83,9,3,Over
5,talk,84,9,4,Over
5,talk,85,9,6,Over
5,talk,86,9,13,Over
5,talk,87,9,15,Over
5,talk,88,9,1,Over
5,talk,89,9,2,Over
5,vote,1,3
5,vote,2,7
5,vote,3,7
5,vote,4,3
5,vote,6,3
5,vote,7,4
5,vote,10,7
5,vote,13,7
5,vote,15,3
5,vote,1,3
5,vote,2,7
5,vote,3,7
5,vote,4,3
5,vote,6,3
5,vote,7,4
5,vote,10,7
5,vote,13,7
5,vote,15,3
5,execute,3,BODYGUARD
5,whisper,0,0,6,ATTACK Agent[04]
5,whisper,1,0,7,ATTACK Agent[10]
5,whisper,2,1,6,Skip
5,whisper,3,1,7,Skip
5,whisper,4,2,7,Skip
5,whisper,5,2,6,Skip
5,whisper,6,3,6,Over
5,whisper,7,3,7,Over
5,attackVote,6,4
5,attackVote,7,10
5,attackVote,6,4
5,attack,4,true
6,status,1,VILLAGER,ALIVE,SampleJava7
6,status,2,VILLAGER,ALIVE,OKAMI
6,status,3,BODYGUARD,DEAD,TOKU5
6,status,4,VILLAGER,DEAD,OKAMI
6,status,5,POSSESSED,DEAD,TOKU10
6,status,6,WEREWOLF,ALIVE,SampleJava1
6,status,7,WEREWOLF,ALIVE,HALU
6,status,8,SEER,DEAD,SampleJava3
6,status,9,VILLAGER,DEAD,OKAMI
6,status,10,VILLAGER,ALIVE,Takeda13
6,status,11,WEREWOLF,DEAD,Tomato0
6,status,12,VILLAGER,DEAD,Tomato2
6,status,13,MEDIUM,ALIVE,TOKU6
6,status,14,VILLAGER,DEAD,SampleJava12
6,status,15,VILLAGER,ALIVE,sample_py
6,talk,0,0,15,VOTE Agent[01]
6,talk,1,0,1,VOTE Agent[07]
6,talk,2,0,10,VOTE Agent[07]
6,talk,3,0,6,VOTE Agent[02]
6,talk,4,0,7,VOTE Agent[15]
6,talk,5,0,13,IDENTIFIED Agent[03] HUMAN
6,talk,6,0,2,VOTE Agent[15]
6,talk,7,1,13,Skip
6,talk,8,1,6,REQUEST ANY (VOTE Agent[02])
6,talk,9,1,1,REQUEST ANY (VOTE Agent[07])
6,talk,10,1,15,Skip
6,talk,11,1,10,Skip
6,talk,12,1,2,COMINGOUT Agent[02] VILLAGER
6,talk,13,1,7,VOTE Agent[15]
6,talk,14,2,15,Skip
6,talk,15,2,10,Skip
6,talk,16,2,2,VOTE Agent[15]
6,talk,17,2,6,Skip
6,talk,18,2,13,Skip
6,talk,19,2,1,Skip
6,talk,20,2,7,VOTE Agent[02]
6,talk,21,3,7,VOTE Agent[02]
6,talk,22,3,13,Over
6,talk,23,3,15,Over
6,talk,24,3,1,Skip
6,talk,25,3,10,Over
6,talk,26,3,2,VOTE Agent[01]
6,talk,27,3,6,Skip
6,talk,28,4,6,Over
6,talk,29,4,13,Over
6,talk,30,4,7,VOTE Agent[02]
6,talk,31,4,2,VOTE Agent[01]
6,talk,32,4,15,Over
6,talk,33,4,1,Over
6,talk,34,4,10,Over
6,talk,35,5,13,Over
6,talk,36,5,10,Over
6,talk,37,5,1,Over
6,talk,38,5,15,Over
6,talk,39,5,7,VOTE Agent[02]
6,talk,40,5,6,Over
6,talk,41,5,2,VOTE Agent[01]
6,talk,42,6,7,VOTE Agent[02]
6,talk,43,6,13,Over
6,talk,44,6,2,VOTE Agent[01]
6,talk,45,6,1,Over
6,talk,46,6,6,Over
6,talk,47,6,15,Over
6,talk,48,6,10,Over
6,talk,49,7,1,Over
6,talk,50,7,10,Over
6,talk,51,7,7,VOTE Agent[02]
6,talk,52,7,2,VOTE Agent[01]
6,talk,53,7,6,Over
6,talk,54,7,15,Over
6,talk,55,7,13,Over
6,talk,56,8,7,VOTE Agent[02]
6,talk,57,8,1,Over
6,talk,58,8,15,Over
6,talk,59,8,6,Over
6,talk,60,8,13,Over
6,talk,61,8,2,VOTE Agent[01]
6,talk,62,8,10,Over
6,talk,63,9,7,Over
6,talk,64,9,1,Over
6,talk,65,9,15,Over
6,talk,66,9,2,Over
6,talk,67,9,10,Over
6,talk,68,9,6,Over
6,talk,69,9,13,Over
6,vote,1,2
6,vote,2,1
6,vote,6,2
6,vote,7,2
6,vote,10,7
6,vote,13,7
6,vote,15,1
6,execute,2,VILLAGER
6,whisper,0,0,6,BECAUSE (Agent[13] COMINGOUT Agent[13] MEDIUM) (ATTACK Agent[13])
6,whisper,1,0,7,ATTACK Agent[10]
6,whisper,2,1,7,Skip
6,whisper,3,1,6,ATTACK Agent[13]
6,whisper,4,2,6,Skip
6,whisper,5,2,7,Skip
6,whisper,6,3,7,Over
6,whisper,7,3,6,Skip
6,whisper,8,4,7,Over
6,whisper,9,4,6,Over
6,attackVote,6,13
6,attackVote,7,10
6,attackVote,6,13
6,attackVote,7,10
6,attack,10,true
7,status,1,VILLAGER,ALIVE,SampleJava7
7,status,2,VILLAGER,DEAD,OKAMI
7,status,3,BODYGUARD,DEAD,TOKU5
7,status,4,VILLAGER,DEAD,OKAMI
7,status,5,POSSESSED,DEAD,TOKU10
7,status,6,WEREWOLF,ALIVE,SampleJava1
7,status,7,WEREWOLF,ALIVE,HALU
7,status,8,SEER,DEAD,SampleJava3
7,status,9,VILLAGER,DEAD,OKAMI
7,status,10,VILLAGER,DEAD,Takeda13
7,status,11,WEREWOLF,DEAD,Tomato0
7,status,12,VILLAGER,DEAD,Tomato2
7,status,13,MEDIUM,ALIVE,TOKU6
7,status,14,VILLAGER,DEAD,SampleJava12
7,status,15,VILLAGER,ALIVE,sample_py
7,talk,0,0,7,VOTE Agent[01]
7,talk,1,0,13,IDENTIFIED Agent[02] HUMAN
7,talk,2,0,6,VOTE Agent[01]
7,talk,3,0,15,VOTE Agent[06]
7,talk,4,0,1,VOTE Agent[07]
7,talk,5,1,13,Skip
7,talk,6,1,6,REQUEST ANY (VOTE Agent[01])
7,talk,7,1,7,VOTE Agent[15]
7,talk,8,1,1,REQUEST ANY (VOTE Agent[07])
7,talk,9,1,15,Skip
7,talk,10,2,1,Skip
7,talk,11,2,7,VOTE Agent[15]
7,talk,12,2,13,Skip
7,talk,13,2,6,Skip
7,talk,14,2,15,Skip
7,talk,15,3,6,Skip
7,talk,16,3,15,Over
7,talk,17,3,1,Skip
7,talk,18,3,13,Over
7,talk,19,3,7,VOTE Agent[15]
7,talk,20,4,6,Over
7,talk,21,4,15,Over
7,talk,22,4,7,VOTE Agent[15]
7,talk,23,4,1,Over
7,talk,24,4,13,Over
7,talk,25,5,6,Over
7,talk,26,5,7,VOTE Agent[15]
7,talk,27,5,15,Over
7,talk,28,5,13,Over
7,talk,29,5,1,Over
7,talk,30,6,13,Over
7,talk,31,6,7,VOTE Agent[15]
7,talk,32,6,1,Over
7,talk,33,6,15,Over
7,talk,34,6,6,Over
7,talk,35,7,15,Over
7,talk,36,7,7,VOTE Agent[15]
7,talk,37,7,6,Over
7,talk,38,7,1,Over
7,talk,39,7,13,Over
7,talk,40,8,1,Over
7,talk,41,8,6,Over
7,talk,42,8,7,VOTE Agent[15]
7,talk,43,8,13,Over
7,talk,44,8,15,Over
7,talk,45,9,1,Over
7,talk,46,9,6,Over
7,talk,47,9,15,Over
7,talk,48,9,7,Over
7,talk,49,9,13,Over
7,vote,1,13
7,vote,6,1
7,vote,7,15
7,vote,13,7
7,vote,15,6
7,vote,1,6
7,vote,6,1
7,vote,7,15
7,vote,13,7
7,vote,15,6
7,execute,6,WEREWOLF
7,attackVote,7,1
7,attack,1,true
8,status,1,VILLAGER,DEAD,SampleJava7
8,status,2,VILLAGER,DEAD,OKAMI
8,status,3,BODYGUARD,DEAD,TOKU5
8,status,4,VILLAGER,DEAD,OKAMI
8,status,5,POSSESSED,DEAD,TOKU10
8,status,6,WEREWOLF,DEAD,SampleJava1
8,status,7,WEREWOLF,ALIVE,HALU
8,status,8,SEER,DEAD,SampleJava3
8,status,9,VILLAGER,DEAD,OKAMI
8,status,10,VILLAGER,DEAD,Takeda13
8,status,11,WEREWOLF,DEAD,Tomato0
8,status,12,VILLAGER,DEAD,Tomato2
8,status,13,MEDIUM,ALIVE,TOKU6
8,status,14,VILLAGER,DEAD,SampleJava12
8,status,15,VILLAGER,ALIVE,sample_py
8,talk,0,0,15,VOTE Agent[13]
8,talk,1,0,7,VOTE Agent[15]
8,talk,2,0,13,IDENTIFIED Agent[06] WEREWOLF
8,talk,3,1,15,Skip
8,talk,4,1,7,VOTE Agent[15]
8,talk,5,1,13,Skip
8,talk,6,2,15,Skip
8,talk,7,2,7,VOTE Agent[15]
8,talk,8,2,13,Skip
8,talk,9,3,15,Over
8,talk,10,3,13,Over
8,talk,11,3,7,VOTE Agent[15]
8,talk,12,4,7,VOTE Agent[15]
8,talk,13,4,13,Over
8,talk,14,4,15,Over
8,talk,15,5,13,Over
8,talk,16,5,7,VOTE Agent[15]
8,talk,17,5,15,Over
8,talk,18,6,15,Over
8,talk,19,6,13,Over
8,talk,20,6,7,VOTE Agent[15]
8,talk,21,7,15,Over
8,talk,22,7,7,VOTE Agent[15]
8,talk,23,7,13,Over
8,talk,24,8,13,Over
8,talk,25,8,15,Over
8,talk,26,8,7,VOTE Agent[15]
8,talk,27,9,15,Over
8,talk,28,9,7,Over
8,talk,29,9,13,Over
8,vote,7,15
8,vote,13,7
8,vote,15,13
8,vote,7,15
8,vote,13,7
8,vote,15,13
8,execute,7,WEREWOLF
9,status,1,VILLAGER,DEAD,SampleJava7
9,status,2,VILLAGER,DEAD,OKAMI
9,status,3,BODYGUARD,DEAD,TOKU5
9,status,4,VILLAGER,DEAD,OKAMI
9,status,5,POSSESSED,DEAD,TOKU10
9,status,6,WEREWOLF,DEAD,SampleJava1
9,status,7,WEREWOLF,DEAD,HALU
9,status,8,SEER,DEAD,SampleJava3
9,status,9,VILLAGER,DEAD,OKAMI
9,status,10,VILLAGER,DEAD,Takeda13
9,status,11,WEREWOLF,DEAD,Tomato0
9,status,12,VILLAGER,DEAD,Tomato2
9,status,13,MEDIUM,ALIVE,TOKU6
9,status,14,VILLAGER,DEAD,SampleJava12
9,status,15,VILLAGER,ALIVE,sample_py
9,result,2,0,VILLAGER
