0,status,1,VILLAGER,ALIVE,SampleJava7
0,status,2,VILLAGER,ALIVE,OKAMI
0,status,3,WEREWOLF,ALIVE,TOKU5
0,status,4,SEER,ALIVE,OKAMI
0,status,5,VILLAGER,ALIVE,TOKU10
0,status,6,WEREWOLF,ALIVE,SampleJava1
0,status,7,VILLAGER,ALIVE,HALU
0,status,8,VILLAGER,ALIVE,SampleJava3
0,status,9,WEREWOLF,ALIVE,OKAMI
0,status,10,BODYGUARD,ALIVE,Takeda13
0,status,11,VILLAGER,ALIVE,Tomato0
0,status,12,POSSESSED,ALIVE,Tomato2
0,status,13,MEDIUM,ALIVE,TOKU6
0,status,14,VILLAGER,ALIVE,SampleJava12
0,status,15,VILLAGER,ALIVE,sample_py
0,whisper,0,0,3,Skip
0,whisper,1,0,9,COMINGOUT Agent[09] MEDIUM
0,whisper,2,0,6,COMINGOUT Agent[06] MEDIUM
0,whisper,3,1,9,COMINGOUT Agent[09] VILLAGER
0,whisper,4,1,6,Skip
0,whisper,5,1,3,Skip
0,whisper,6,2,9,Skip
0,whisper,7,2,3,Over
0,whisper,8,2,6,Skip
0,whisper,9,3,9,Skip
0,whisper,10,3,6,Over
0,whisper,11,3,3,Over
0,whisper,12,4,3,Over
0,whisper,13,4,9,Over
0,whisper,14,4,6,Over
0,divine,4,3,WEREWOLF
1,status,1,VILLAGER,ALIVE,SampleJava7
1,status,2,VILLAGER,ALIVE,OKAMI
1,status,3,WEREWOLF,ALIVE,TOKU5
1,status,4,SEER,ALIVE,OKAMI
1,status,5,VILLAGER,ALIVE,TOKU10
1,status,6,WEREWOLF,ALIVE,SampleJava1
1,status,7,VILLAGER,ALIVE,HALU
1,status,8,VILLAGER,ALIVE,SampleJava3
1,status,9,WEREWOLF,ALIVE,OKAMI
1,status,10,BODYGUARD,ALIVE,Takeda13
1,status,11,VILLAGER,ALIVE,Tomato0
1,status,12,POSSESSED,ALIVE,Tomato2
1,status,13,MEDIUM,ALIVE,TOKU6
1,status,14,VILLAGER,ALIVE,SampleJava12
1,status,15,VILLAGER,ALIVE,sample_py
1,talk,0,0,13,COMINGOUT Agent[13] MEDIUM
1,talk,1,0,1,VOTE Agent[11]
1,talk,2,0,2,VOTE Agent[11]
1,talk,3,0,11,VOTE Agent[03]
1,talk,4,0,7,VOTE Agent[11]
1,talk,5,0,4,VOTE Agent[03]
1,talk,6,0,9,VOTE Agent[11]
1,talk,7,0,14,VOTE Agent[02]
1,talk,8,0,5,VOTE Agent[11]
1,talk,9,0,15,VOTE Agent[10]
1,talk,10,0,10,VOTE Agent[11]
1,talk,11,0,6,COMINGOUT Agent[06] MEDIUM
1,talk,12,0,8,VOTE Agent[10]
1,talk,13,0,3,VOTE Agent[11]
1,talk,14,0,12,COMINGOUT Agent[12] SEER
1,talk,15,1,1,REQUEST ANY (VOTE Agent[11])
1,talk,16,1,7,VOTE Agent[14]
1,talk,17,1,4,VOTE Agent[10]
1,talk,18,1,3,Skip
1,talk,19,1,2,COMINGOUT Agent[02] VILLAGER
1,talk,20,1,8,REQUEST ANY (VOTE Agent[10])
1,talk,21,1,14,REQUEST ANY (VOTE Agent[02])
1,talk,22,1,13,VOTE Agent[06]
1,talk,23,1,15,Skip
1,talk,24,1,5,VOTE Agent[06]
1,talk,25,1,6,BECAUSE (AND (COMINGOUT Agent[06] MEDIUM) (Agent[13] COMINGOUT Agent[13] MEDIUM)) (XOR (ESTIMATE Agent[13] WEREWOLF) (ESTIMATE Agent[13] POSSESSED))
1,talk,26,1,9,VOTE Agent[06]
1,talk,27,1,10,VOTE Agent[06]
1,talk,28,1,11,VOTE Agent[06]
1,talk,29,1,12,DIVINED Agent[10] WEREWOLF
1,talk,30,2,8,Skip
1,talk,31,2,3,VOTE Agent[07]
1,talk,32,2,5,Skip
1,talk,33,2,11,Skip
1,talk,34,2,1,Skip
1,talk,35,2,13,Skip
1,talk,36,2,10,Skip
1,talk,37,2,14,Skip
1,talk,38,2,9,VOTE Agent[06]
1,talk,39,2,7,VOTE Agent[10]
1,talk,40,2,6,BECAUSE (XOR (ESTIMATE Agent[13] WEREWOLF) (ESTIMATE Agent[13] POSSESSED)) (AND (VOTE Agent[13]) (REQUEST ANY (VOTE Agent[13])))
1,talk,41,2,4,VOTE Agent[10]
1,talk,42,2,15,Skip
1,talk,43,2,2,VOTE Agent[10]
1,talk,44,2,12,VOTE Agent[06]
1,talk,45,3,13,Skip
1,talk,46,3,12,VOTE Agent[10]
1,talk,47,3,2,VOTE Agent[10]
1,talk,48,3,7,VOTE Agent[10]
1,talk,49,3,6,VOTE Agent[13]
1,talk,50,3,15,Over
1,talk,51,3,8,Skip
1,talk,52,3,11,VOTE Agent[10]
1,talk,53,3,14,Skip
1,talk,54,3,4,VOTE Agent[10]
1,talk,55,3,3,VOTE Agent[06]
1,talk,56,3,9,VOTE Agent[06]
1,talk,57,3,5,Skip
1,talk,58,3,1,Skip
1,talk,59,3,10,Skip
1,talk,60,4,5,Over
1,talk,61,4,1,Over
1,talk,62,4,15,Over
1,talk,63,4,13,Over
1,talk,64,4,9,VOTE Agent[06]
1,talk,65,4,3,Skip
1,talk,66,4,12,Skip
1,talk,67,4,10,Over
1,talk,68,4,2,VOTE Agent[10]
1,talk,69,4,6,REQUEST ANY (VOTE Agent[13])
1,talk,70,4,11,Skip
1,talk,71,4,4,VOTE Agent[10]
1,talk,72,4,8,Over
1,talk,73,4,14,Over
1,talk,74,4,7,VOTE Agent[10]
1,talk,75,5,7,VOTE Agent[10]
1,talk,76,5,3,Skip
1,talk,77,5,2,VOTE Agent[10]
1,talk,78,5,6,Skip
1,talk,79,5,8,Over
1,talk,80,5,15,Over
1,talk,81,5,13,Over
1,talk,82,5,4,VOTE Agent[10]
1,talk,83,5,12,Skip
1,talk,84,5,10,Over
1,talk,85,5,1,Over
1,talk,86,5,5,Over
1,talk,87,5,9,VOTE Agent[06]
1,talk,88,5,11,Skip
1,talk,89,5,14,Over
1,talk,90,6,10,Over
1,talk,91,6,7,VOTE Agent[10]
1,talk,92,6,4,VOTE Agent[10]
1,talk,93,6,1,Over
1,talk,94,6,3,Over
1,talk,95,6,9,VOTE Agent[06]
1,talk,96,6,15,Over
1,talk,97,6,2,VOTE Agent[10]
1,talk,98,6,8,Over
1,talk,99,6,14,Over
1,talk,100,6,11,Over
1,talk,101,6,5,Over
1,talk,102,6,12,Over
1,talk,103,6,13,Over
1,talk,104,6,6,Skip
1,talk,105,7,1,Over
1,talk,106,7,12,Over
1,talk,107,7,3,Over
1,talk,108,7,7,VOTE Agent[10]
1,talk,109,7,2,VOTE Agent[10]
1,talk,110,7,15,Over
1,talk,111,7,8,Over
1,talk,112,7,9,VOTE Agent[06]
1,talk,113,7,14,Over
1,talk,114,7,11,Over
1,talk,115,7,6,Over
1,talk,116,7,13,Over
1,talk,117,7,10,Over
1,talk,118,7,5,Over
1,talk,119,7,4,VOTE Agent[10]
1,talk,120,8,9,VOTE Agent[06]
1,talk,121,8,6,Over
1,talk,122,8,14,Over
1,talk,123,8,11,Over
1,talk,124,8,13,Over
1,talk,125,8,7,VOTE Agent[10]
1,talk,126,8,12,Over
1,talk,127,8,3,Over
1,talk,128,8,4,VOTE Agent[10]
1,talk,129,8,8,Over
1,talk,130,8,2,VOTE Agent[10]
1,talk,131,8,5,Over
1,talk,132,8,1,Over
1,talk,133,8,10,Over
1,talk,134,8,15,Over
1,talk,135,9,4,Over
1,talk,136,9,1,Over
1,talk,137,9,15,Over
1,talk,138,9,10,Over
1,talk,139,9,8,Over
1,talk,140,9,13,Over
1,talk,141,9,3,Over
1,talk,142,9,7,Over
1,talk,143,9,14,Over
1,talk,144,9,11,Over
1,talk,145,9,6,Over
1,talk,146,9,2,Over
1,talk,147,9,12,Over
1,talk,148,9,9,Over
1,talk,149,9,5,Over
1,vote,1,2
1,vote,2,10
1,vote,3,6
1,vote,4,10
1,vote,5,6
1,vote,6,13
1,vote,7,10
1,vote,8,11
1,vote,9,6
1,vote,10,6
1,vote,11,10
1,vote,12,10
1,vote,13,6
1,vote,14,11
1,vote,15,10
1,execute,10,BODYGUARD
1,divine,4,6,WEREWOLF
1,whisper,0,0,6,BECAUSE (AND (NOT (COMINGOUT Agent[12] WEREWOLF)) (NOT (COMINGOUT Agent[10] WEREWOLF)) (DAY 1 (Agent[12] DIVINED Agent[10] WEREWOLF))) (ESTIMATE Agent[12] POSSESSED)
1,whisper,1,0,9,ATTACK Agent[08]
1,whisper,2,0,3,Skip
1,whisper,3,1,6,BECAUSE (Agent[13] COMINGOUT Agent[13] MEDIUM) (ATTACK Agent[13])
1,whisper,4,1,3,Skip
1,whisper,5,1,9,Skip
1,whisper,6,2,9,Skip
1,whisper,7,2,3,Over
1,whisper,8,2,6,ATTACK Agent[13]
1,whisper,9,3,3,Over
1,whisper,10,3,9,Over
1,whisper,11,3,6,Skip
1,whisper,12,4,6,Skip
1,whisper,13,4,3,Over
1,whisper,14,4,9,Over
1,whisper,15,5,6,Over
1,whisper,16,5,9,Over
1,whisper,17,5,3,Over
1,attackVote,3,12
1,attackVote,6,13
1,attackVote,9,4
1,attackVote,3,12
1,attackVote,6,13
1,attackVote,9,5
1,attack,5,true
2,status,1,VILLAGER,ALIVE,SampleJava7
2,status,2,VILLAGER,ALIVE,OKAMI
2,status,3,WEREWOLF,ALIVE,TOKU5
2,status,4,SEER,ALIVE,OKAMI
2,status,5,VILLAGER,DEAD,TOKU10
2,status,6,WEREWOLF,ALIVE,SampleJava1
2,status,7,VILLAGER,ALIVE,HALU
2,status,8,VILLAGER,ALIVE,SampleJava3
2,status,9,WEREWOLF,ALIVE,OKAMI
2,status,10,BODYGUARD,DEAD,Takeda13
2,status,11,VILLAGER,ALIVE,Tomato0
2,status,12,POSSESSED,ALIVE,Tomato2
2,status,13,MEDIUM,ALIVE,TOKU6
2,status,14,VILLAGER,ALIVE,SampleJava12
2,status,15,VILLAGER,ALIVE,sample_py
2,talk,0,0,7,VOTE Agent[06]
2,talk,1,0,8,VOTE Agent[15]
2,talk,2,0,12,DIVINED Agent[15] WEREWOLF
2,talk,3,0,15,VOTE Agent[12]
2,talk,4,0,4,VOTE Agent[15]
2,talk,5,0,1,VOTE Agent[13]
2,talk,6,0,13,IDENTIFIED Agent[10] HUMAN
2,talk,7,0,6,DAY 2 (IDENTIFIED Agent[10] HUMAN)
2,talk,8,0,2,VOTE Agent[13]
2,talk,9,0,14,VOTE Agent[13]
2,talk,10,0,3,VOTE Agent[06]
2,talk,11,0,11,VOTE Agent[13]
2,talk,12,0,9,VOTE Agent[13]
2,talk,13,1,3,Skip
2,talk,14,1,9,VOTE Agent[13]
2,talk,15,1,1,REQUEST ANY (VOTE Agent[13])
2,talk,16,1,11,Skip
2,talk,17,1,2,COMINGOUT Agent[02] VILLAGER
2,talk,18,1,15,Skip
2,talk,19,1,4,VOTE Agent[06]
2,talk,20,1,6,IDENTIFIED Agent[10] HUMAN
2,talk,21,1,14,REQUEST ANY (VOTE Agent[13])
2,talk,22,1,7,VOTE Agent[15]
2,talk,23,1,12,VOTE Agent[13]
2,talk,24,1,8,REQUEST ANY (VOTE Agent[15])
2,talk,25,1,13,Skip
2,talk,26,2,2,VOTE Agent[15]
2,talk,27,2,6,BECAUSE (AND (COMINGOUT Agent[06] MEDIUM) (Agent[13] COMINGOUT Agent[13] MEDIUM)) (XOR (ESTIMATE Agent[13] WEREWOLF) (ESTIMATE Agent[13] POSSESSED))
2,talk,28,2,13,Skip
2,talk,29,2,4,VOTE Agent[15]
2,talk,30,2,7,VOTE Agent[15]
2,talk,31,2,8,Skip
2,talk,32,2,1,Skip
2,talk,33,2,15,Skip
2,talk,34,2,11,Skip
2,talk,35,2,12,Skip
2,talk,36,2,14,Skip
2,talk,37,2,9,VOTE Agent[13]
2,talk,38,2,3,VOTE Agent[07]
2,talk,39,3,9,VOTE Agent[13]
2,talk,40,3,4,VOTE Agent[15]
2,talk,41,3,14,Skip
2,talk,42,3,12,Skip
2,talk,43,3,1,Skip
2,talk,44,3,13,Over
2,talk,45,3,8,Skip
2,talk,46,3,3,Skip
2,talk,47,3,15,Over
2,talk,48,3,7,VOTE Agent[15]
2,talk,49,3,6,BECAUSE (XOR (ESTIMATE Agent[13] WEREWOLF) (ESTIMATE Agent[13] POSSESSED)) (AND (VOTE Agent[13]) (REQUEST ANY (VOTE Agent[13])))
2,talk,50,3,11,Over
2,talk,51,3,2,VOTE Agent[15]
2,talk,52,4,11,Over
2,talk,53,4,7,VOTE Agent[06]
2,talk,54,4,6,VOTE Agent[13]
2,talk,55,4,13,Over
2,talk,56,4,3,Skip
2,talk,57,4,1,Over
2,talk,58,4,2,VOTE Agent[15]
2,talk,59,4,4,VOTE Agent[15]
2,talk,60,4,15,Over
2,talk,61,4,9,VOTE Agent[13]
2,talk,62,4,12,Over
2,talk,63,4,8,Over
2,talk,64,4,14,Over
2,talk,65,5,11,Over
2,talk,66,5,8,Over
2,talk,67,5,14,Over
2,talk,68,5,1,Over
2,talk,69,5,6,REQUEST ANY (VOTE Agent[13])
2,talk,70,5,7,VOTE Agent[15]
2,talk,71,5,15,Over
2,talk,72,5,4,VOTE Agent[15]
2,talk,73,5,9,VOTE Agent[13]
2,talk,74,5,3,Over
2,talk,75,5,2,VOTE Agent[15]
2,talk,76,5,13,Over
2,talk,77,5,12,Over
2,talk,78,6,13,Over
2,talk,79,6,8,Over
2,talk,80,6,12,Over
2,talk,81,6,1,Over
2,talk,82,6,11,Over
2,talk,83,6,2,VOTE Agent[15]
2,talk,84,6,7,VOTE Agent[15]
2,talk,85,6,6,Skip
2,talk,86,6,9,VOTE Agent[13]
2,talk,87,6,14,Over
2,talk,88,6,4,VOTE Agent[15]
2,talk,89,6,15,Over
2,talk,90,6,3,Over
2,talk,91,7,14,Over
2,talk,92,7,13,Over
2,talk,93,7,1,Over
2,talk,94,7,7,VOTE Agent[15]
2,talk,95,7,6,Skip
2,talk,96,7,8,Over
2,talk,97,7,12,Over
2,talk,98,7,4,VOTE Agent[15]
2,talk,99,7,2,VOTE Agent[15]
2,talk,100,7,15,Over
2,talk,101,7,9,VOTE Agent[13]
2,talk,102,7,11,Over
2,talk,103,7,3,Over
2,talk,104,8,6,Over
2,talk,105,8,14,Over
2,talk,106,8,7,VOTE Agent[09]
2,talk,107,8,9,VOTE Agent[13]
2,talk,108,8,1,Over
2,talk,109,8,8,Over
2,talk,110,8,2,VOTE Agent[15]
2,talk,111,8,13,Over
2,talk,112,8,11,Over
2,talk,113,8,4,VOTE Agent[15]
2,talk,114,8,15,Over
2,talk,115,8,12,Over
2,talk,116,8,3,Over
2,talk,117,9,9,Over
2,talk,118,9,8,Over
2,talk,119,9,1,Over
2,talk,120,9,13,Over
2,talk,121,9,14,Over
2,talk,122,9,7,Over
2,talk,123,9,3,Over
2,talk,124,9,12,Over
2,talk,125,9,11,Over
2,talk,126,9,2,Over
2,talk,127,9,15,Over
2,talk,128,9,6,Over
2,talk,129,9,4,Over
2,vote,1,15
2,vote,2,15
2,vote,3,6
2,vote,4,15
2,vote,6,13
2,vote,7,15
2,vote,8,13
2,vote,9,13
2,vote,11,13
2,vote,12,13
2,vote,13,6
2,vote,14,13
2,vote,15,12
2,execute,13,MEDIUM
2,divine,4,6,WEREWOLF
2,whisper,0,0,9,ATTACK Agent[11]
2,whisper,1,0,3,Skip
2,whisper,2,0,6,BECAUSE (Agent[02] COMINGOUT Agent[02] VILLAGER) (ATTACK Agent[02])
2,whisper,3,1,6,ATTACK Agent[02]
2,whisper,4,1,9,Skip
2,whisper,5,1,3,Skip
2,whisper,6,2,6,Skip
2,whisper,7,2,3,Over
2,whisper,8,2,9,Skip
2,whisper,9,3,9,Over
2,whisper,10,3,6,Skip
2,whisper,11,3,3,Over
2,whisper,12,4,3,Over
2,whisper,13,4,9,Over
2,whisper,14,4,6,Over
2,attackVote,3,12
2,attackVote,6,2
2,attackVote,9,15
2,attackVote,3,12
2,attackVote,6,2
2,attackVote,9,2
2,attack,2,true
3,status,1,VILLAGER,ALIVE,SampleJava7
3,status,2,VILLAGER,DEAD,OKAMI
3,status,3,WEREWOLF,ALIVE,TOKU5
3,status,4,SEER,ALIVE,OKAMI
3,status,5,VILLAGER,DEAD,TOKU10
3,status,6,WEREWOLF,ALIVE,SampleJava1
3,status,7,VILLAGER,ALIVE,HALU
3,status,8,VILLAGER,ALIVE,SampleJava3
3,status,9,WEREWOLF,ALIVE,OKAMI
3,status,10,BODYGUARD,DEAD,Takeda13
3,status,11,VILLAGER,ALIVE,Tomato0
3,status,12,POSSESSED,ALIVE,Tomato2
3,status,13,MEDIUM,DEAD,TOKU6
3,status,14,VILLAGER,ALIVE,SampleJava12
3,status,15,VILLAGER,ALIVE,sample_py
3,talk,0,0,9,VOTE Agent[06]
3,talk,1,0,3,VOTE Agent[07]
3,talk,2,0,15,VOTE Agent[12]
3,talk,3,0,4,VOTE Agent[12]
3,talk,4,0,8,VOTE Agent[03]
3,talk,5,0,6,DAY 3 (IDENTIFIED Agent[13] WEREWOLF)
3,talk,6,0,1,VOTE Agent[06]
3,talk,7,0,12,DIVINED Agent[08] HUMAN
3,talk,8,0,7,VOTE Agent[01]
3,talk,9,0,14,VOTE Agent[04]
3,talk,10,0,11,VOTE Agent[12]
3,talk,11,1,7,VOTE Agent[11]
3,talk,12,1,4,VOTE Agent[12]
3,talk,13,1,3,Skip
3,talk,14,1,12,VOTE Agent[07]
3,talk,15,1,8,REQUEST ANY (VOTE Agent[03])
3,talk,16,1,6,IDENTIFIED Agent[13] WEREWOLF
3,talk,17,1,9,VOTE Agent[06]
3,talk,18,1,14,REQUEST ANY (VOTE Agent[04])
3,talk,19,1,15,Skip
3,talk,20,1,11,Skip
3,talk,21,1,1,REQUEST ANY (VOTE Agent[06])
3,talk,22,2,11,Skip
3,talk,23,2,1,Skip
3,talk,24,2,3,Skip
3,talk,25,2,6,BECAUSE (AND (COMINGOUT Agent[06] MEDIUM) (Agent[13] COMINGOUT Agent[13] MEDIUM)) (XOR (ESTIMATE Agent[13] WEREWOLF) (ESTIMATE Agent[13] POSSESSED))
3,talk,26,2,9,VOTE Agent[06]
3,talk,27,2,15,Skip
3,talk,28,2,8,Skip
3,talk,29,2,12,Skip
3,talk,30,2,14,Skip
3,talk,31,2,4,VOTE Agent[06]
3,talk,32,2,7,VOTE Agent[04]
3,talk,33,3,9,VOTE Agent[06]
3,talk,34,3,15,Over
3,talk,35,3,8,Skip
3,talk,36,3,4,VOTE Agent[04]
3,talk,37,3,3,Over
3,talk,38,3,1,Skip
3,talk,39,3,11,Over
3,talk,40,3,6,BECAUSE (XOR (ESTIMATE Agent[13] WEREWOLF) (ESTIMATE Agent[13] POSSESSED)) (AND (VOTE Agent[13]) (REQUEST ANY (VOTE Agent[13])))
3,talk,41,3,12,VOTE Agent[04]
3,talk,42,3,14,Skip
3,talk,43,3,7,VOTE Agent[08]
3,talk,44,4,15,Over
3,talk,45,4,14,Over
3,talk,46,4,8,Over
3,talk,47,4,12,VOTE Agent[07]
3,talk,48,4,1,Over
3,talk,49,4,6,VOTE Agent[13]
3,talk,50,4,4,VOTE Agent[07]
3,talk,51,4,3,Over
3,talk,52,4,9,VOTE Agent[06]
3,talk,53,4,11,Over
3,talk,54,4,7,VOTE Agent[09]
3,talk,55,5,3,Over
3,talk,56,5,12,Skip
3,talk,57,5,15,Over
3,talk,58,5,9,VOTE Agent[06]
3,talk,59,5,4,VOTE Agent[07]
3,talk,60,5,14,Over
3,talk,61,5,7,VOTE Agent[08]
3,talk,62,5,11,Over
3,talk,63,5,6,REQUEST ANY (VOTE Agent[13])
3,talk,64,5,8,Over
3,talk,65,5,1,Over
3,talk,66,6,11,Over
3,talk,67,6,15,Over
3,talk,68,6,8,Over
3,talk,69,6,4,VOTE Agent[06]
3,talk,70,6,1,Over
3,talk,71,6,9,VOTE Agent[06]
3,talk,72,6,7,VOTE Agent[08]
3,talk,73,6,3,Over
3,talk,74,6,12,Skip
3,talk,75,6,14,Over
3,talk,76,6,6,Skip
3,talk,77,7,8,Over
3,talk,78,7,9,VOTE Agent[06]
3,talk,79,7,3,Over
3,talk,80,7,11,Over
3,talk,81,7,15,Over
3,talk,82,7,7,VOTE Agent[09]
3,talk,83,7,6,Skip
3,talk,84,7,4,VOTE Agent[12]
3,talk,85,7,1,Over
3,talk,86,7,14,Over
3,talk,87,7,12,Over
3,talk,88,8,15,Over
3,talk,89,8,12,Over
3,talk,90,8,1,Over
3,talk,91,8,8,Over
3,talk,92,8,4,VOTE Agent[12]
3,talk,93,8,6,Over
3,talk,94,8,7,VOTE Agent[12]
3,talk,95,8,3,Over
3,talk,96,8,9,VOTE Agent[06]
3,talk,97,8,14,Over
3,talk,98,8,11,Over
3,talk,99,9,3,Over
3,talk,100,9,7,Over
3,talk,101,9,9,Over
3,talk,102,9,11,Over
3,talk,103,9,6,Over
3,talk,104,9,12,Over
3,talk,105,9,15,Over
3,talk,106,9,14,Over
3,talk,107,9,8,Over
3,talk,108,9,4,Over
3,talk,109,9,1,Over
3,vote,1,4
3,vote,3,7
3,vote,4,6
3,vote,6,14
3,vote,7,8
3,vote,8,1
3,vote,9,6
3,vote,11,12
3,vote,12,7
3,vote,14,3
3,vote,15,12
3,vote,1,6
3,vote,3,7
3,vote,4,7
3,vote,6,7
3,vote,7,6
3,vote,8,6
3,vote,9,6
3,vote,11,12
3,vote,12,7
3,vote,14,6
3,vote,15,12
3,execute,6,WEREWOLF
3,divine,4,9,WEREWOLF
3,whisper,0,0,9,ATTACK Agent[04]
3,whisper,1,0,3,Skip
3,whisper,2,1,9,Skip
3,whisper,3,1,3,Skip
3,whisper,4,2,3,Over
3,whisper,5,2,9,Skip
3,whisper,6,3,9,Over
3,whisper,7,3,3,Over
3,attackVote,3,12
3,attackVote,9,1
3,attackVote,3,12
3,attackVote,9,4
3,attack,4,true
4,status,1,VILLAGER,ALIVE,SampleJava7
4,status,2,VILLAGER,DEAD,OKAMI
4,status,3,WEREWOLF,ALIVE,TOKU5
4,status,4,SEER,DEAD,OKAMI
4,status,5,VILLAGER,DEAD,TOKU10
4,status,6,WEREWOLF,DEAD,SampleJava1
4,status,7,VILLAGER,ALIVE,HALU
4,status,8,VILLAGER,ALIVE,SampleJava3
4,status,9,WEREWOLF,ALIVE,OKAMI
4,status,10,BODYGUARD,DEAD,Takeda13
4,status,11,VILLAGER,ALIVE,Tomato0
4,status,12,POSSESSED,ALIVE,Tomato2
4,status,13,MEDIUM,DEAD,TOKU6
4,status,14,VILLAGER,ALIVE,SampleJava12
4,status,15,VILLAGER,ALIVE,sample_py
4,talk,0,0,8,VOTE Agent[14]
4,talk,1,0,14,VOTE Agent[01]
4,talk,2,0,12,DIVINED Agent[03] HUMAN
4,talk,3,0,7,VOTE Agent[14]
4,talk,4,0,1,VOTE Agent[12]
4,talk,5,0,3,VOTE Agent[07]
4,talk,6,0,9,VOTE Agent[14]
4,talk,7,0,11,VOTE Agent[12]
4,talk,8,0,15,VOTE Agent[12]
4,talk,9,1,1,REQUEST ANY (VOTE Agent[12])
4,talk,10,1,12,VOTE Agent[14]
4,talk,11,1,9,VOTE Agent[12]
4,talk,12,1,11,Skip
4,talk,13,1,15,Skip
4,talk,14,1,7,VOTE Agent[12]
4,talk,15,1,14,REQUEST ANY (VOTE Agent[01])
4,talk,16,1,3,VOTE Agent[12]
4,talk,17,1,8,REQUEST ANY (VOTE Agent[14])
4,talk,18,2,1,Skip
4,talk,19,2,3,Skip
4,talk,20,2,12,Skip
4,talk,21,2,11,Skip
4,talk,22,2,9,VOTE Agent[12]
4,talk,23,2,14,Skip
4,talk,24,2,7,VOTE Agent[14]
4,talk,25,2,8,Skip
4,talk,26,2,15,Skip
4,talk,27,3,15,Over
4,talk,28,3,14,Skip
4,talk,29,3,3,Skip
4,talk,30,3,8,Skip
4,talk,31,3,1,Skip
4,talk,32,3,7,VOTE Agent[07]
4,talk,33,3,9,VOTE Agent[12]
4,talk,34,3,12,Skip
4,talk,35,3,11,Over
4,talk,36,4,14,Over
4,talk,37,4,11,Over
4,talk,38,4,9,VOTE Agent[12]
4,talk,39,4,15,Over
4,talk,40,4,3,Over
4,talk,41,4,12,Over
4,talk,42,4,7,VOTE Agent[07]
4,talk,43,4,1,Over
4,talk,44,4,8,Over
4,talk,45,5,3,Over
4,talk,46,5,1,Over
4,talk,47,5,15,Over
4,talk,48,5,14,Over
4,talk,49,5,7,VOTE Agent[14]
4,talk,50,5,9,VOTE Agent[12]
4,talk,51,5,12,Over
4,talk,52,5,8,Over
4,talk,53,5,11,Over
4,talk,54,6,11,Over
4,talk,55,6,12,Over
4,talk,56,6,14,Over
4,talk,57,6,9,VOTE Agent[12]
4,talk,58,6,15,Over
4,talk,59,6,1,Over
4,talk,60,6,3,Over
4,talk,61,6,8,Over
4,talk,62,6,7,VOTE Agent[09]
4,talk,63,7,9,VOTE Agent[12]
4,talk,64,7,11,Over
4,talk,65,7,15,Over
4,talk,66,7,8,Over
4,talk,67,7,3,Over
4,talk,68,7,7,VOTE Agent[09]
4,talk,69,7,12,Over
4,talk,70,7,1,Over
4,talk,71,7,14,Over
4,talk,72,8,7,VOTE Agent[14]
4,talk,73,8,15,Over
4,talk,74,8,9,VOTE Agent[12]
4,talk,75,8,11,Over
4,talk,76,8,12,Over
4,talk,77,8,14,Over
4,talk,78,8,1,Over
4,talk,79,8,3,Over
4,talk,80,8,8,Over
4,talk,81,9,12,Over
4,talk,82,9,7,Over
4,talk,83,9,8,Over
4,talk,84,9,14,Over
4,talk,85,9,3,Over
4,talk,86,9,15,Over
4,talk,87,9,11,Over
4,talk,88,9,1,Over
4,talk,89,9,9,Over
4,vote,1,14
4,vote,3,12
4,vote,7,14
4,vote,8,12
4,vote,9,12
4,vote,11,12
4,vote,12,14
4,vote,14,12
4,vote,15,12
4,execute,12,POSSESSED
4,whisper,0,0,9,ATTACK Agent[14]
4,whisper,1,0,3,Skip
4,whisper,2,1,9,Skip
4,whisper,3,1,3,Skip
4,whisper,4,2,3,Over
4,whisper,5,2,9,Skip
4,whisper,6,3,9,Over
4,whisper,7,3,3,Over
4,attackVote,3,8
4,attackVote,9,8
4,attack,8,true
5,status,1,VILLAGER,ALIVE,SampleJava7
5,status,2,VILLAGER,DEAD,OKAMI
5,status,3,WEREWOLF,ALIVE,TOKU5
5,status,4,SEER,DEAD,OKAMI
5,status,5,VILLAGER,DEAD,TOKU10
5,status,6,WEREWOLF,DEAD,SampleJava1
5,status,7,VILLAGER,ALIVE,HALU
5,status,8,VILLAGER,DEAD,SampleJava3
5,status,9,WEREWOLF,ALIVE,OKAMI
5,status,10,BODYGUARD,DEAD,Takeda13
5,status,11,VILLAGER,ALIVE,Tomato0
5,status,12,POSSESSED,DEAD,Tomato2
5,status,13,MEDIUM,DEAD,TOKU6
5,status,14,VILLAGER,ALIVE,SampleJava12
5,status,15,VILLAGER,ALIVE,sample_py
5,talk,0,0,1,VOTE Agent[07]
5,talk,1,0,14,VOTE Agent[11]
5,talk,2,0,3,VOTE Agent[07]
5,talk,3,0,15,VOTE Agent[09]
5,talk,4,0,9,VOTE Agent[07]
5,talk,5,0,11,VOTE Agent[15]
5,talk,6,0,7,VOTE Agent[11]
5,talk,7,1,3,Skip
5,talk,8,1,11,Skip
5,talk,9,1,14,REQUEST ANY (VOTE Agent[11])
5,talk,10,1,1,REQUEST ANY (VOTE Agent[07])
5,talk,11,1,7,VOTE Agent[15]
5,talk,12,1,9,VOTE Agent[07]
5,talk,13,1,15,Skip
5,talk,14,2,9,VOTE Agent[15]
5,talk,15,2,14,Skip
5,talk,16,2,11,Skip
5,talk,17,2,3,Skip
5,talk,18,2,7,VOTE Agent[14]
5,talk,19,2,15,Skip
5,talk,20,2,1,Skip
5,talk,21,3,11,Over
5,talk,22,3,14,Skip
5,talk,23,3,3,Over
5,talk,24,3,1,Skip
5,talk,25,3,9,VOTE Agent[07]
5,talk,26,3,15,Over
5,talk,27,3,7,VOTE Agent[14]
5,talk,28,4,3,Over
5,talk,29,4,9,VOTE Agent[07]
5,talk,30,4,11,Over
5,talk,31,4,14,Over
5,talk,32,4,1,Over
5,talk,33,4,15,Over
5,talk,34,4,7,VOTE Agent[09]
5,talk,35,5,15,Over
5,talk,36,5,3,Over
5,talk,37,5,1,Over
5,talk,38,5,11,Over
5,talk,39,5,7,VOTE Agent[09]
5,talk,40,5,14,Over
5,talk,41,5,9,VOTE Agent[07]
5,talk,42,6,1,Over
5,talk,43,6,14,Over
5,talk,44,6,7,VOTE Agent[14]
5,talk,45,6,11,Over
5,talk,46,6,3,Over
5,talk,47,6,9,VOTE Agent[07]
5,talk,48,6,15,Over
5,talk,49,7,15,Over
5,talk,50,7,1,Over
5,talk,51,7,11,Over
5,talk,52,7,9,VOTE Agent[07]
5,talk,53,7,7,VOTE Agent[14]
5,talk,54,7,14,Over
5,talk,55,7,3,Over
5,talk,56,8,15,Over
5,talk,57,8,11,Over
5,talk,58,8,7,VOTE Agent[14]
5,talk,59,8,3,Over
5,talk,60,8,1,Over
5,talk,61,8,9,VOTE Agent[07]
5,talk,62,8,14,Over
5,talk,63,9,11,Over
5,talk,64,9,3,Over
5,talk,65,9,14,Over
5,talk,66,9,15,Over
5,talk,67,9,9,Over
5,talk,68,9,7,Over
5,talk,69,9,1,Over
5,vote,1,11
5,vote,3,9
5,vote,7,14
5,vote,9,7
5,vote,11,15
5,vote,14,7
5,vote,15,9
5,vote,1,7
5,vote,3,9
5,vote,7,14
5,vote,9,7
5,vote,11,15
5,vote,14,7
5,vote,15,9
5,execute,7,VILLAGER
5,whisper,0,0,9,ATTACK Agent[15]
5,whisper,1,0,3,Skip
5,whisper,2,1,3,Skip
5,whisper,3,1,9,Skip
5,whisper,4,2,9,Skip
5,whisper,5,2,3,Over
5,whisper,6,3,3,Over
5,whisper,7,3,9,Over
5,attackVote,3,14
5,attackVote,9,11
5,attackVote,3,14
5,attackVote,9,15
5,attack,15,true
6,status,1,VILLAGER,ALIVE,SampleJava7
6,status,2,VILLAGER,DEAD,OKAMI
6,status,3,WEREWOLF,ALIVE,TOKU5
6,status,4,SEER,DEAD,OKAMI
6,status,5,VILLAGER,DEAD,TOKU10
6,status,6,WEREWOLF,DEAD,SampleJava1
6,status,7,VILLAGER,DEAD,HALU
6,status,8,VILLAGER,DEAD,SampleJava3
6,status,9,WEREWOLF,ALIVE,OKAMI
6,status,10,BODYGUARD,DEAD,Takeda13
6,status,11,VILLAGER,ALIVE,Tomato0
6,status,12,POSSESSED,DEAD,Tomato2
6,status,13,MEDIUM,DEAD,TOKU6
6,status,14,VILLAGER,ALIVE,SampleJava12
6,status,15,VILLAGER,DEAD,sample_py
6,talk,0,0,14,VOTE Agent[09]
6,talk,1,0,1,VOTE Agent[09]
6,talk,2,0,11,VOTE Agent[14]
6,talk,3,0,3,VOTE Agent[09]
6,talk,4,0,9,VOTE Agent[14]
6,talk,5,1,3,Skip
6,talk,6,1,14,REQUEST ANY (VOTE Agent[09])
6,talk,7,1,11,Skip
6,talk,8,1,9,VOTE Agent[14]
6,talk,9,1,1,REQUEST ANY (VOTE Agent[09])
6,talk,10,2,11,Skip
6,talk,11,2,14,Skip
6,talk,12,2,9,VOTE Agent[14]
6,talk,13,2,3,Skip
6,talk,14,2,1,Skip
6,talk,15,3,3,Over
6,talk,16,3,1,Skip
6,talk,17,3,14,Skip
6,talk,18,3,9,VOTE Agent[14]
6,talk,19,3,11,Over
6,talk,20,4,3,Over
6,talk,21,4,11,Over
6,talk,22,4,1,Over
6,talk,23,4,14,Over
6,talk,24,4,9,VOTE Agent[14]
6,talk,25,5,14,Over
6,talk,26,5,9,VOTE Agent[14]
6,talk,27,5,11,Over
6,talk,28,5,1,Over
6,talk,29,5,3,Over
6,talk,30,6,1,Over
6,talk,31,6,11,Over
6,talk,32,6,9,VOTE Agent[14]
6,talk,33,6,14,Over
6,talk,34,6,3,Over
6,talk,35,7,9,VOTE Agent[14]
6,talk,36,7,11,Over
6,talk,37,7,14,Over
6,talk,38,7,1,Over
6,talk,39,7,3,Over
6,talk,40,8,11,Over
6,talk,41,8,3,Over
6,talk,42,8,14,Over
6,talk,43,8,9,VOTE Agent[14]
6,talk,44,8,1,Over
6,talk,45,9,11,Over
6,talk,46,9,9,Over
6,talk,47,9,14,Over
6,talk,48,9,1,Over
6,talk,49,9,3,Over
6,vote,1,9
6,vote,3,9
6,vote,9,14
6,vote,11,14
6,vote,14,9
6,execute,9,WEREWOLF
6,attackVote,3,14
6,attack,14,true
7,status,1,VILLAGER,ALIVE,SampleJava7
7,status,2,VILLAGER,DEAD,OKAMI
7,status,3,WEREWOLF,ALIVE,TOKU5
7,status,4,SEER,DEAD,OKAMI
7,status,5,VILLAGER,DEAD,TOKU10
7,status,6,WEREWOLF,DEAD,SampleJava1
7,status,7,VILLAGER,DEAD,HALU
7,status,8,VILLAGER,DEAD,SampleJava3
7,status,9,WEREWOLF,DEAD,OKAMI
7,status,10,BODYGUARD,DEAD,Takeda13
7,status,11,VILLAGER,ALIVE,Tomato0
7,status,12,POSSESSED,DEAD,Tomato2
7,status,13,MEDIUM,DEAD,TOKU6
7,status,14,VILLAGER,DEAD,SampleJava12
7,status,15,VILLAGER,DEAD,sample_py
7,talk,0,0,1,VOTE Agent[03]
7,talk,1,0,11,VOTE Agent[01]
7,talk,2,0,3,VOTE Agent[01]
7,talk,3,1,1,REQUEST ANY (VOTE Agent[03])
7,talk,4,1,3,Skip
7,talk,5,1,11,Skip
7,talk,6,2,1,Skip
7,talk,7,2,11,Skip
7,talk,8,2,3,Skip
7,talk,9,3,3,Over
7,talk,10,3,1,Skip
7,talk,11,3,11,Over
7,talk,12,4,1,Over
7,talk,13,4,11,Over
7,talk,14,4,3,Over
7,vote,1,11
7,vote,3,1
7,vote,11,1
7,execute,1,VILLAGER
7,attackVote,3,11
7,attack,11,true
8,status,1,VILLAGER,DEAD,SampleJava7
8,status,2,VILLAGER,DEAD,OKAMI
8,status,3,WEREWOLF,ALIVE,TOKU5
8,status,4,SEER,DEAD,OKAMI
8,status,5,VILLAGER,DEAD,TOKU10
8,status,6,WEREWOLF,DEAD,SampleJava1
8,status,7,VILLAGER,DEAD,HALU
8,status,8,VILLAGER,DEAD,SampleJava3
8,status,9,WEREWOLF,DEAD,OKAMI
8,status,10,BODYGUARD,DEAD,Takeda13
8,status,11,VILLAGER,DEAD,Tomato0
8,status,12,POSSESSED,DEAD,Tomato2
8,status,13,MEDIUM,DEAD,TOKU6
8,status,14,VILLAGER,DEAD,SampleJava12
8,status,15,VILLAGER,DEAD,sample_py
8,result,0,1,WEREWOLF
