0,status,1,SEER,ALIVE,sample_py
0,status,2,VILLAGER,ALIVE,sample_py
0,status,3,WEREWOLF,ALIVE,sample_py
0,status,4,VILLAGER,ALIVE,TOKU7
0,status,5,VILLAGER,ALIVE,Takeda13
0,status,6,BODYGUARD,ALIVE,Takeda3
0,status,7,POSSESSED,ALIVE,sample_py
0,status,8,MEDIUM,ALIVE,HALU
0,status,9,VILLAGER,ALIVE,Tomato11
0,status,10,VILLAGER,ALIVE,Tomato8
0,status,11,VILLAGER,ALIVE,TOKU5
0,status,12,VILLAGER,ALIVE,TOKU10
0,status,13,WEREWOLF,ALIVE,HALU
0,status,14,VILLAGER,ALIVE,HALU
0,status,15,WEREWOLF,ALIVE,TOKU9
0,whisper,0,0,13,COMINGOUT Agent[13] SEER
0,whisper,1,0,3,COMINGOUT Agent[03] MEDIUM
0,whisper,2,0,15,Skip
0,whisper,3,1,15,Skip
0,whisper,4,1,3,COMINGOUT Agent[03] MEDIUM
0,whisper,5,1,13,COMINGOUT Agent[13] VILLAGER
0,whisper,6,2,15,Over
0,whisper,7,2,3,COMINGOUT Agent[03] MEDIUM
0,whisper,8,2,13,Skip
0,whisper,9,3,15,Over
0,whisper,10,3,13,Skip
0,whisper,11,3,3,COMINGOUT Agent[03] MEDIUM
0,whisper,12,4,15,Over
0,whisper,13,4,3,COMINGOUT Agent[03] MEDIUM
0,whisper,14,4,13,Over
0,whisper,15,5,13,Over
0,whisper,16,5,15,Over
0,whisper,17,5,3,COMINGOUT Agent[03] MEDIUM
0,whisper,18,6,15,Over
0,whisper,19,6,3,COMINGOUT Agent[03] MEDIUM
0,whisper,20,6,13,Over
0,whisper,21,7,3,COMINGOUT Agent[03] MEDIUM
0,whisper,22,7,15,Over
0,whisper,23,7,13,Over
0,whisper,24,8,3,COMINGOUT Agent[03] MEDIUM
0,whisper,25,8,13,Over
0,whisper,26,8,15,Over
0,whisper,27,9,3,COMINGOUT Agent[03] MEDIUM
0,whisper,28,9,13,Over
0,whisper,29,9,15,Over
0,whisper,30,10,15,Over
0,whisper,31,10,13,Over
0,whisper,32,10,3,Over
0,divine,1,15,WEREWOLF
1,status,1,SEER,ALIVE,sample_py
1,status,2,VILLAGER,ALIVE,sample_py
1,status,3,WEREWOLF,ALIVE,sample_py
1,status,4,VILLAGER,ALIVE,TOKU7
1,status,5,VILLAGER,ALIVE,Takeda13
1,status,6,BODYGUARD,ALIVE,Takeda3
1,status,7,POSSESSED,ALIVE,sample_py
1,status,8,MEDIUM,ALIVE,HALU
1,status,9,VILLAGER,ALIVE,Tomato11
1,status,10,VILLAGER,ALIVE,Tomato8
1,status,11,VILLAGER,ALIVE,TOKU5
1,status,12,VILLAGER,ALIVE,TOKU10
1,status,13,WEREWOLF,ALIVE,HALU
1,status,14,VILLAGER,ALIVE,HALU
1,status,15,WEREWOLF,ALIVE,TOKU9
1,talk,0,0,1,COMINGOUT Agent[01] SEER
1,talk,1,0,6,VOTE Agent[03]
1,talk,2,0,5,VOTE Agent[03]
1,talk,3,0,9,VOTE Agent[03]
1,talk,4,0,10,VOTE Agent[03]
1,talk,5,0,12,VOTE Agent[03]
1,talk,6,0,7,COMINGOUT Agent[07] SEER
1,talk,7,0,4,VOTE Agent[03]
1,talk,8,0,8,VOTE Agent[04]
1,talk,9,0,3,VOTE Agent[09]
1,talk,10,0,13,VOTE Agent[08]
1,talk,11,0,14,VOTE Agent[13]
1,talk,12,0,2,VOTE Agent[03]
1,talk,13,0,15,VOTE Agent[01]
1,talk,14,0,11,VOTE Agent[03]
1,talk,15,1,10,Skip
1,talk,16,1,2,Skip
1,talk,17,1,6,VOTE Agent[12]
1,talk,18,1,11,Skip
1,talk,19,1,4,VOTE Agent[13]
1,talk,20,1,8,COMINGOUT Agent[08] MEDIUM
1,talk,21,1,12,VOTE Agent[08]
1,talk,22,1,15,VOTE Agent[08]
1,talk,23,1,5,Skip
1,talk,24,1,1,DIVINED Agent[15] WEREWOLF
1,talk,25,1,9,Skip
1,talk,26,1,13,VOTE Agent[06]
1,talk,27,1,3,VOTE Agent[08]
1,talk,28,1,14,VOTE Agent[15]
1,talk,29,1,7,DIVINED Agent[09] HUMAN
1,talk,30,2,1,VOTE Agent[15]
1,talk,31,2,7,VOTE Agent[01]
1,talk,32,2,15,VOTE Agent[02]
1,talk,33,2,2,VOTE Agent[15]
1,talk,34,2,13,VOTE Agent[06]
1,talk,35,2,4,VOTE Agent[11]
1,talk,36,2,12,VOTE Agent[10]
1,talk,37,2,5,VOTE Agent[12]
1,talk,38,2,9,VOTE Agent[15]
1,talk,39,2,8,VOTE Agent[15]
1,talk,40,2,10,VOTE Agent[15]
1,talk,41,2,3,Skip
1,talk,42,2,11,VOTE Agent[15]
1,talk,43,2,6,VOTE Agent[04]
1,talk,44,2,14,VOTE Agent[15]
1,talk,45,3,11,Skip
1,talk,46,3,9,Skip
1,talk,47,3,10,Skip
1,talk,48,3,5,VOTE Agent[15]
1,talk,49,3,1,Skip
1,talk,50,3,6,Skip
1,talk,51,3,15,VOTE Agent[12]
1,talk,52,3,12,VOTE Agent[15]
1,talk,53,3,2,Skip
1,talk,54,3,3,Skip
1,talk,55,3,8,VOTE Agent[15]
1,talk,56,3,13,VOTE Agent[04]
1,talk,57,3,7,Skip
1,talk,58,3,4,VOTE Agent[15]
1,talk,59,3,14,VOTE Agent[15]
1,talk,60,4,3,Over
1,talk,61,4,8,VOTE Agent[15]
1,talk,62,4,4,Skip
1,talk,63,4,6,VOTE Agent[15]
1,talk,64,4,1,Skip
1,talk,65,4,14,VOTE Agent[15]
1,talk,66,4,15,VOTE Agent[04]
1,talk,67,4,10,Skip
1,talk,68,4,5,Skip
1,talk,69,4,2,Skip
1,talk,70,4,12,Skip
1,talk,71,4,13,VOTE Agent[12]
1,talk,72,4,7,Skip
1,talk,73,4,11,Skip
1,talk,74,4,9,Skip
1,talk,75,5,6,Skip
1,talk,76,5,10,Over
1,talk,77,5,15,VOTE Agent[04]
1,talk,78,5,11,Over
1,talk,79,5,9,Over
1,talk,80,5,14,VOTE Agent[15]
1,talk,81,5,8,VOTE Agent[15]
1,talk,82,5,13,VOTE Agent[11]
1,talk,83,5,3,Over
1,talk,84,5,5,Skip
1,talk,85,5,2,Over
1,talk,86,5,12,Skip
1,talk,87,5,4,Skip
1,talk,88,5,7,Over
1,talk,89,5,1,Over
1,talk,90,6,14,VOTE Agent[15]
1,talk,91,6,8,VOTE Agent[15]
1,talk,92,6,10,Over
1,talk,93,6,3,Over
1,talk,94,6,7,Over
1,talk,95,6,1,Over
1,talk,96,6,4,Over
1,talk,97,6,15,VOTE Agent[04]
1,talk,98,6,6,Skip
1,talk,99,6,13,VOTE Agent[11]
1,talk,100,6,5,Over
1,talk,101,6,9,Over
1,talk,102,6,2,Over
1,talk,103,6,11,Over
1,talk,104,6,12,Over
1,talk,105,7,15,VOTE Agent[04]
1,talk,106,7,11,Over
1,talk,107,7,12,Over
1,talk,108,7,7,Over
1,talk,109,7,5,Over
1,talk,110,7,14,VOTE Agent[15]
1,talk,111,7,3,Over
1,talk,112,7,1,Over
1,talk,113,7,9,Over
1,talk,114,7,13,VOTE Agent[11]
1,talk,115,7,2,Over
1,talk,116,7,8,VOTE Agent[15]
1,talk,117,7,6,Over
1,talk,118,7,4,Over
1,talk,119,7,10,Over
1,talk,120,8,8,VOTE Agent[15]
1,talk,121,8,14,VOTE Agent[15]
1,talk,122,8,15,VOTE Agent[04]
1,talk,123,8,5,Over
1,talk,124,8,9,Over
1,talk,125,8,10,Over
1,talk,126,8,11,Over
1,talk,127,8,4,Over
1,talk,128,8,6,Over
1,talk,129,8,13,VOTE Agent[14]
1,talk,130,8,3,Over
1,talk,131,8,12,Over
1,talk,132,8,2,Over
1,talk,133,8,1,Over
1,talk,134,8,7,Over
1,talk,135,9,15,VOTE Agent[04]
1,talk,136,9,6,Over
1,talk,137,9,11,Over
1,talk,138,9,12,Over
1,talk,139,9,8,Over
1,talk,140,9,7,Over
1,talk,141,9,3,Over
1,talk,142,9,2,Over
1,talk,143,9,14,Over
1,talk,144,9,9,Over
1,talk,145,9,13,Over
1,talk,146,9,1,Over
1,talk,147,9,5,Over
1,talk,148,9,4,Over
1,talk,149,9,10,Over
1,talk,150,10,14,Over
1,talk,151,10,10,Over
1,talk,152,10,13,Over
1,talk,153,10,1,Over
1,talk,154,10,7,Over
1,talk,155,10,15,Over
1,talk,156,10,12,Over
1,talk,157,10,5,Over
1,talk,158,10,2,Over
1,talk,159,10,4,Over
1,talk,160,10,3,Over
1,talk,161,10,9,Over
1,talk,162,10,8,Over
1,talk,163,10,6,Over
1,talk,164,10,11,Over
1,vote,1,15
1,vote,2,15
1,vote,3,8
1,vote,4,15
1,vote,5,15
1,vote,6,15
1,vote,7,1
1,vote,8,15
1,vote,9,15
1,vote,10,15
1,vote,11,15
1,vote,12,15
1,vote,13,12
1,vote,14,15
1,vote,15,4
1,execute,15,WEREWOLF
1,divine,1,6,HUMAN
1,whisper,0,0,13,ATTACK Agent[08]
1,whisper,1,0,3,ATTACK Agent[08]
1,whisper,2,1,13,Skip
1,whisper,3,1,3,Skip
1,whisper,4,2,3,Skip
1,whisper,5,2,13,Skip
1,whisper,6,3,13,Over
1,whisper,7,3,3,Over
1,guard,6,1,SEER
1,attackVote,3,8
1,attackVote,13,8
1,attack,8,true
2,status,1,SEER,ALIVE,sample_py
2,status,2,VILLAGER,ALIVE,sample_py
2,status,3,WEREWOLF,ALIVE,sample_py
2,status,4,VILLAGER,ALIVE,TOKU7
2,status,5,VILLAGER,ALIVE,Takeda13
2,status,6,BODYGUARD,ALIVE,Takeda3
2,status,7,POSSESSED,ALIVE,sample_py
2,status,8,MEDIUM,DEAD,HALU
2,status,9,VILLAGER,ALIVE,Tomato11
2,status,10,VILLAGER,ALIVE,Tomato8
2,status,11,VILLAGER,ALIVE,TOKU5
2,status,12,VILLAGER,ALIVE,TOKU10
2,status,13,WEREWOLF,ALIVE,HALU
2,status,14,VILLAGER,ALIVE,HALU
2,status,15,WEREWOLF,DEAD,TOKU9
2,talk,0,0,3,COMINGOUT Agent[03] MEDIUM
2,talk,1,0,14,VOTE Agent[05]
2,talk,2,0,7,DIVINED Agent[11] WEREWOLF
2,talk,3,0,5,VOTE Agent[04]
2,talk,4,0,13,VOTE Agent[03]
2,talk,5,0,6,VOTE Agent[04]
2,talk,6,0,12,VOTE Agent[04]
2,talk,7,0,11,VOTE Agent[04]
2,talk,8,0,4,VOTE Agent[06]
2,talk,9,0,10,VOTE Agent[04]
2,talk,10,0,1,DIVINED Agent[06] HUMAN
2,talk,11,0,2,VOTE Agent[11]
2,talk,12,0,9,VOTE Agent[04]
2,talk,13,1,7,VOTE Agent[11]
2,talk,14,1,6,VOTE Agent[03]
2,talk,15,1,4,VOTE Agent[03]
2,talk,16,1,10,Skip
2,talk,17,1,12,VOTE Agent[03]
2,talk,18,1,5,VOTE Agent[03]
2,talk,19,1,9,VOTE Agent[03]
2,talk,20,1,13,VOTE Agent[03]
2,talk,21,1,1,VOTE Agent[07]
2,talk,22,1,11,VOTE Agent[03]
2,talk,23,1,2,Skip
2,talk,24,1,3,IDENTIFIED Agent[15] HUMAN
2,talk,25,1,14,VOTE Agent[11]
2,talk,26,2,2,Skip
2,talk,27,2,9,Skip
2,talk,28,2,13,VOTE Agent[03]
2,talk,29,2,10,VOTE Agent[03]
2,talk,30,2,7,Skip
2,talk,31,2,3,VOTE Agent[12]
2,talk,32,2,14,VOTE Agent[11]
2,talk,33,2,5,Skip
2,talk,34,2,4,Skip
2,talk,35,2,6,Skip
2,talk,36,2,12,Skip
2,talk,37,2,11,Skip
2,talk,38,2,1,Skip
2,talk,39,3,14,VOTE Agent[11]
2,talk,40,3,5,Skip
2,talk,41,3,13,VOTE Agent[03]
2,talk,42,3,4,Skip
2,talk,43,3,9,Skip
2,talk,44,3,3,Skip
2,talk,45,3,1,Skip
2,talk,46,3,7,Skip
2,talk,47,3,12,Skip
2,talk,48,3,6,Skip
2,talk,49,3,2,Over
2,talk,50,3,10,Skip
2,talk,51,3,11,Skip
2,talk,52,4,5,Over
2,talk,53,4,2,Over
2,talk,54,4,3,Skip
2,talk,55,4,13,VOTE Agent[03]
2,talk,56,4,12,Over
2,talk,57,4,7,Over
2,talk,58,4,14,VOTE Agent[11]
2,talk,59,4,6,Over
2,talk,60,4,10,Skip
2,talk,61,4,4,Over
2,talk,62,4,11,Over
2,talk,63,4,1,Over
2,talk,64,4,9,Over
2,talk,65,5,10,Over
2,talk,66,5,2,Over
2,talk,67,5,11,Over
2,talk,68,5,14,VOTE Agent[11]
2,talk,69,5,5,Over
2,talk,70,5,9,Over
2,talk,71,5,4,Over
2,talk,72,5,7,Over
2,talk,73,5,1,Over
2,talk,74,5,3,Over
2,talk,75,5,13,VOTE Agent[03]
2,talk,76,5,12,Over
2,talk,77,5,6,Over
2,talk,78,6,13,VOTE Agent[03]
2,talk,79,6,14,VOTE Agent[11]
2,talk,80,6,11,Over
2,talk,81,6,1,Over
2,talk,82,6,2,Over
2,talk,83,6,7,Over
2,talk,84,6,12,Over
2,talk,85,6,3,Over
2,talk,86,6,5,Over
2,talk,87,6,4,Over
2,talk,88,6,6,Over
2,talk,89,6,9,Over
2,talk,90,6,10,Over
2,talk,91,7,7,Over
2,talk,92,7,9,Over
2,talk,93,7,6,Over
2,talk,94,7,3,Over
2,talk,95,7,13,VOTE Agent[03]
2,talk,96,7,2,Over
2,talk,97,7,11,Over
2,talk,98,7,5,Over
2,talk,99,7,14,VOTE Agent[11]
2,talk,100,7,4,Over
2,talk,101,7,10,Over
2,talk,102,7,1,Over
2,talk,103,7,12,Over
2,talk,104,8,12,Over
2,talk,105,8,11,Over
2,talk,106,8,5,Over
2,talk,107,8,1,Over
2,talk,108,8,6,Over
2,talk,109,8,3,Over
2,talk,110,8,14,VOTE Agent[11]
2,talk,111,8,7,Over
2,talk,112,8,13,VOTE Agent[03]
2,talk,113,8,2,Over
2,talk,114,8,10,Over
2,talk,115,8,4,Over
2,talk,116,8,9,Over
2,talk,117,9,11,Over
2,talk,118,9,5,Over
2,talk,119,9,1,Over
2,talk,120,9,3,Over
2,talk,121,9,2,Over
2,talk,122,9,12,Over
2,talk,123,9,14,Over
2,talk,124,9,9,Over
2,talk,125,9,4,Over
2,talk,126,9,6,VOTE Agent[07]
2,talk,127,9,10,Over
2,talk,128,9,7,Over
2,talk,129,9,13,Over
2,talk,130,10,6,Skip
2,talk,131,10,2,Over
2,talk,132,10,11,Over
2,talk,133,10,4,Over
2,talk,134,10,9,Over
2,talk,135,10,13,Over
2,talk,136,10,7,Over
2,talk,137,10,14,Over
2,talk,138,10,3,Over
2,talk,139,10,5,Over
2,talk,140,10,12,Over
2,talk,141,10,10,Over
2,talk,142,10,1,Over
2,talk,143,11,4,Over
2,talk,144,11,10,Over
2,talk,145,11,11,Over
2,talk,146,11,6,Skip
2,talk,147,11,1,Over
2,talk,148,11,2,Over
2,talk,149,11,5,Over
2,talk,150,11,3,Over
2,talk,151,11,7,Over
2,talk,152,11,13,Over
2,talk,153,11,14,Over
2,talk,154,11,12,Over
2,talk,155,11,9,Over
2,talk,156,12,12,Over
2,talk,157,12,9,Over
2,talk,158,12,5,Over
2,talk,159,12,6,Over
2,talk,160,12,4,Over
2,talk,161,12,7,Over
2,talk,162,12,11,Over
2,talk,163,12,14,Over
2,talk,164,12,3,Over
2,talk,165,12,1,Over
2,talk,166,12,13,Over
2,talk,167,12,2,Over
2,talk,168,12,10,Over
2,vote,1,7
2,vote,2,11
2,vote,3,12
2,vote,4,3
2,vote,5,3
2,vote,6,3
2,vote,7,11
2,vote,9,3
2,vote,10,3
2,vote,11,3
2,vote,12,3
2,vote,13,3
2,vote,14,11
2,execute,3,WEREWOLF
2,divine,1,9,HUMAN
2,guard,6,1,SEER
2,attackVote,13,5
2,attack,5,true
3,status,1,SEER,ALIVE,sample_py
3,status,2,VILLAGER,ALIVE,sample_py
3,status,3,WEREWOLF,DEAD,sample_py
3,status,4,VILLAGER,ALIVE,TOKU7
3,status,5,VILLAGER,DEAD,Takeda13
3,status,6,BODYGUARD,ALIVE,Takeda3
3,status,7,POSSESSED,ALIVE,sample_py
3,status,8,MEDIUM,DEAD,HALU
3,status,9,VILLAGER,ALIVE,Tomato11
3,status,10,VILLAGER,ALIVE,Tomato8
3,status,11,VILLAGER,ALIVE,TOKU5
3,status,12,VILLAGER,ALIVE,TOKU10
3,status,13,WEREWOLF,ALIVE,HALU
3,status,14,VILLAGER,ALIVE,HALU
3,status,15,WEREWOLF,DEAD,TOKU9
3,talk,0,0,12,VOTE Agent[07]
3,talk,1,0,7,DIVINED Agent[02] WEREWOLF
3,talk,2,0,6,VOTE Agent[07]
3,talk,3,0,2,VOTE Agent[07]
3,talk,4,0,13,VOTE Agent[02]
3,talk,5,0,11,VOTE Agent[04]
3,talk,6,0,14,VOTE Agent[02]
3,talk,7,0,9,VOTE Agent[07]
3,talk,8,0,10,VOTE Agent[07]
3,talk,9,0,4,VOTE Agent[07]
3,talk,10,0,1,DIVINED Agent[09] HUMAN
3,talk,11,1,10,Skip
3,talk,12,1,14,VOTE Agent[11]
3,talk,13,1,7,VOTE Agent[02]
3,talk,14,1,12,VOTE Agent[04]
3,talk,15,1,4,VOTE Agent[12]
3,talk,16,1,1,VOTE Agent[07]
3,talk,17,1,6,VOTE Agent[12]
3,talk,18,1,9,Skip
3,talk,19,1,11,Skip
3,talk,20,1,13,VOTE Agent[11]
3,talk,21,1,2,Skip
3,talk,22,2,10,Skip
3,talk,23,2,1,Skip
3,talk,24,2,9,Skip
3,talk,25,2,2,Skip
3,talk,26,2,11,VOTE Agent[12]
3,talk,27,2,6,Skip
3,talk,28,2,13,VOTE Agent[11]
3,talk,29,2,4,Skip
3,talk,30,2,12,Skip
3,talk,31,2,14,VOTE Agent[11]
3,talk,32,2,7,Skip
3,talk,33,3,10,Over
3,talk,34,3,14,VOTE Agent[11]
3,talk,35,3,12,Skip
3,talk,36,3,7,Skip
3,talk,37,3,2,Over
3,talk,38,3,11,VOTE Agent[04]
3,talk,39,3,4,VOTE Agent[13]
3,talk,40,3,9,Over
3,talk,41,3,1,Skip
3,talk,42,3,6,VOTE Agent[11]
3,talk,43,3,13,VOTE Agent[11]
3,talk,44,4,9,Over
3,talk,45,4,4,Skip
3,talk,46,4,6,Skip
3,talk,47,4,14,VOTE Agent[11]
3,talk,48,4,2,Over
3,talk,49,4,7,Over
3,talk,50,4,10,Over
3,talk,51,4,11,Skip
3,talk,52,4,12,Over
3,talk,53,4,13,VOTE Agent[11]
3,talk,54,4,1,Over
3,talk,55,5,14,VOTE Agent[11]
3,talk,56,5,1,Over
3,talk,57,5,2,Over
3,talk,58,5,11,Skip
3,talk,59,5,13,VOTE Agent[11]
3,talk,60,5,10,Over
3,talk,61,5,6,Skip
3,talk,62,5,4,Skip
3,talk,63,5,12,Over
3,talk,64,5,9,Over
3,talk,65,5,7,Over
3,talk,66,6,12,Over
3,talk,67,6,2,Over
3,talk,68,6,1,Over
3,talk,69,6,11,Over
3,talk,70,6,6,VOTE Agent[04]
3,talk,71,6,14,VOTE Agent[11]
3,talk,72,6,9,Over
3,talk,73,6,7,Over
3,talk,74,6,13,VOTE Agent[11]
3,talk,75,6,4,Over
3,talk,76,6,10,Over
3,talk,77,7,12,Over
3,talk,78,7,14,VOTE Agent[11]
3,talk,79,7,1,Over
3,talk,80,7,11,Over
3,talk,81,7,2,Over
3,talk,82,7,9,Over
3,talk,83,7,10,Over
3,talk,84,7,6,VOTE Agent[11]
3,talk,85,7,4,Over
3,talk,86,7,7,Over
3,talk,87,7,13,VOTE Agent[11]
3,talk,88,8,4,Over
3,talk,89,8,6,VOTE Agent[04]
3,talk,90,8,12,Over
3,talk,91,8,14,VOTE Agent[11]
3,talk,92,8,7,Over
3,talk,93,8,1,Over
3,talk,94,8,13,VOTE Agent[11]
3,talk,95,8,9,Over
3,talk,96,8,11,Over
3,talk,97,8,2,Over
3,talk,98,8,10,Over
3,talk,99,9,4,Over
3,talk,100,9,9,Over
3,talk,101,9,11,Over
3,talk,102,9,7,Over
3,talk,103,9,1,Over
3,talk,104,9,12,Over
3,talk,105,9,6,VOTE Agent[11]
3,talk,106,9,10,Over
3,talk,107,9,13,Over
3,talk,108,9,14,Over
3,talk,109,9,2,Over
3,talk,110,10,9,Over
3,talk,111,10,2,Over
3,talk,112,10,7,Over
3,talk,113,10,1,Over
3,talk,114,10,10,Over
3,talk,115,10,12,Over
3,talk,116,10,6,Skip
3,talk,117,10,13,Over
3,talk,118,10,14,Over
3,talk,119,10,4,Over
3,talk,120,10,11,Over
3,talk,121,11,12,Over
3,talk,122,11,7,Over
3,talk,123,11,9,Over
3,talk,124,11,14,Over
3,talk,125,11,10,Over
3,talk,126,11,2,Over
3,talk,127,11,11,Over
3,talk,128,11,1,Over
3,talk,129,11,4,Over
3,talk,130,11,6,Skip
3,talk,131,11,13,Over
3,talk,132,12,10,Over
3,talk,133,12,4,Over
3,talk,134,12,13,Over
3,talk,135,12,2,Over
3,talk,136,12,6,Over
3,talk,137,12,1,Over
3,talk,138,12,14,Over
3,talk,139,12,9,Over
3,talk,140,12,11,Over
3,talk,141,12,7,Over
3,talk,142,12,12,Over
3,vote,1,7
3,vote,2,7
3,vote,4,13
3,vote,6,11
3,vote,7,2
3,vote,9,7
3,vote,10,7
3,vote,11,4
3,vote,12,4
3,vote,13,11
3,vote,14,11
3,execute,7,POSSESSED
3,divine,1,11,HUMAN
3,guard,6,1,SEER
3,attackVote,13,1
3,attack,1,false
4,status,1,SEER,ALIVE,sample_py
4,status,2,VILLAGER,ALIVE,sample_py
4,status,3,WEREWOLF,DEAD,sample_py
4,status,4,VILLAGER,ALIVE,TOKU7
4,status,5,VILLAGER,DEAD,Takeda13
4,status,6,BODYGUARD,ALIVE,Takeda3
4,status,7,POSSESSED,DEAD,sample_py
4,status,8,MEDIUM,DEAD,HALU
4,status,9,VILLAGER,ALIVE,Tomato11
4,status,10,VILLAGER,ALIVE,Tomato8
4,status,11,VILLAGER,ALIVE,TOKU5
4,status,12,VILLAGER,ALIVE,TOKU10
4,status,13,WEREWOLF,ALIVE,HALU
4,status,14,VILLAGER,ALIVE,HALU
4,status,15,WEREWOLF,DEAD,TOKU9
4,talk,0,0,1,DIVINED Agent[11] HUMAN
4,talk,1,0,4,VOTE Agent[13]
4,talk,2,0,6,VOTE Agent[04]
4,talk,3,0,12,VOTE Agent[04]
4,talk,4,0,9,VOTE Agent[10]
4,talk,5,0,13,VOTE Agent[11]
4,talk,6,0,2,VOTE Agent[12]
4,talk,7,0,14,VOTE Agent[02]
4,talk,8,0,10,VOTE Agent[01]
4,talk,9,0,11,VOTE Agent[04]
4,talk,10,1,11,Skip
4,talk,11,1,6,Skip
4,talk,12,1,4,VOTE Agent[01]
4,talk,13,1,2,Skip
4,talk,14,1,1,VOTE Agent[11]
4,talk,15,1,9,Skip
4,talk,16,1,14,VOTE Agent[11]
4,talk,17,1,12,Skip
4,talk,18,1,10,Skip
4,talk,19,1,13,VOTE Agent[02]
4,talk,20,2,13,VOTE Agent[11]
4,talk,21,2,6,Skip
4,talk,22,2,4,VOTE Agent[13]
4,talk,23,2,14,VOTE Agent[02]
4,talk,24,2,12,Skip
4,talk,25,2,10,Skip
4,talk,26,2,11,Skip
4,talk,27,2,9,Skip
4,talk,28,2,2,Skip
4,talk,29,2,1,Skip
4,talk,30,3,9,Over
4,talk,31,3,11,VOTE Agent[13]
4,talk,32,3,12,VOTE Agent[06]
4,talk,33,3,4,VOTE Agent[06]
4,talk,34,3,6,VOTE Agent[11]
4,talk,35,3,14,VOTE Agent[02]
4,talk,36,3,10,Over
4,talk,37,3,1,Skip
4,talk,38,3,13,VOTE Agent[11]
4,talk,39,3,2,Over
4,talk,40,4,2,Over
4,talk,41,4,9,Over
4,talk,42,4,13,VOTE Agent[11]
4,talk,43,4,4,Skip
4,talk,44,4,6,Skip
4,talk,45,4,11,VOTE Agent[04]
4,talk,46,4,14,VOTE Agent[02]
4,talk,47,4,10,Over
4,talk,48,4,1,Over
4,talk,49,4,12,Skip
4,talk,50,5,10,Over
4,talk,51,5,1,Over
4,talk,52,5,4,Skip
4,talk,53,5,12,Skip
4,talk,54,5,2,Over
4,talk,55,5,14,VOTE Agent[02]
4,talk,56,5,9,Over
4,talk,57,5,13,VOTE Agent[02]
4,talk,58,5,11,Skip
4,talk,59,5,6,Skip
4,talk,60,6,6,Over
4,talk,61,6,13,VOTE Agent[11]
4,talk,62,6,12,Over
4,talk,63,6,10,Over
4,talk,64,6,14,VOTE Agent[02]
4,talk,65,6,11,VOTE Agent[13]
4,talk,66,6,9,Over
4,talk,67,6,2,Over
4,talk,68,6,4,Over
4,talk,69,6,1,Over
4,talk,70,7,9,Over
4,talk,71,7,13,VOTE Agent[02]
4,talk,72,7,10,Over
4,talk,73,7,2,Over
4,talk,74,7,12,Over
4,talk,75,7,11,Skip
4,talk,76,7,14,VOTE Agent[02]
4,talk,77,7,6,Over
4,talk,78,7,4,Over
4,talk,79,7,1,Over
4,talk,80,8,6,Over
4,talk,81,8,13,VOTE Agent[02]
4,talk,82,8,2,Over
4,talk,83,8,1,Over
4,talk,84,8,14,VOTE Agent[02]
4,talk,85,8,12,Over
4,talk,86,8,9,Over
4,talk,87,8,10,Over
4,talk,88,8,11,Skip
4,talk,89,8,4,Over
4,talk,90,9,6,Over
4,talk,91,9,9,Over
4,talk,92,9,1,Over
4,talk,93,9,4,Over
4,talk,94,9,14,Over
4,talk,95,9,2,Over
4,talk,96,9,10,Over
4,talk,97,9,13,Over
4,talk,98,9,12,Over
4,talk,99,9,11,VOTE Agent[06]
4,talk,100,10,14,Over
4,talk,101,10,11,Skip
4,talk,102,10,9,Over
4,talk,103,10,2,Over
4,talk,104,10,1,Over
4,talk,105,10,4,Over
4,talk,106,10,12,Over
4,talk,107,10,10,Over
4,talk,108,10,13,Over
4,talk,109,10,6,Over
4,talk,110,11,11,VOTE Agent[13]
4,talk,111,11,9,Over
4,talk,112,11,14,Over
4,talk,113,11,1,Over
4,talk,114,11,4,Over
4,talk,115,11,12,Over
4,talk,116,11,2,Over
4,talk,117,11,6,Over
4,talk,118,11,13,Over
4,talk,119,11,10,Over
4,talk,120,12,10,Over
4,talk,121,12,2,Over
4,talk,122,12,13,Over
4,talk,123,12,11,VOTE Agent[06]
4,talk,124,12,1,Over
4,talk,125,12,4,Over
4,talk,126,12,6,Over
4,talk,127,12,9,Over
4,talk,128,12,12,Over
4,talk,129,12,14,Over
4,talk,130,13,4,Over
4,talk,131,13,9,Over
4,talk,132,13,14,Over
4,talk,133,13,6,Over
4,talk,134,13,1,Over
4,talk,135,13,2,Over
4,talk,136,13,13,Over
4,talk,137,13,11,Skip
4,talk,138,13,12,Over
4,talk,139,13,10,Over
4,talk,140,14,4,Over
4,talk,141,14,14,Over
4,talk,142,14,13,Over
4,talk,143,14,11,Skip
4,talk,144,14,12,Over
4,talk,145,14,1,Over
4,talk,146,14,6,Over
4,talk,147,14,10,Over
4,talk,148,14,9,Over
4,talk,149,14,2,Over
4,talk,150,15,14,Over
4,talk,151,15,12,Over
4,talk,152,15,1,Over
4,talk,153,15,13,Over
4,talk,154,15,6,Over
4,talk,155,15,2,Over
4,talk,156,15,10,Over
4,talk,157,15,11,Over
4,talk,158,15,9,Over
4,talk,159,15,4,Over
4,vote,1,11
4,vote,2,12
4,vote,4,6
4,vote,6,11
4,vote,9,10
4,vote,10,1
4,vote,11,6
4,vote,12,6
4,vote,13,11
4,vote,14,2
4,vote,1,11
4,vote,2,12
4,vote,4,6
4,vote,6,11
4,vote,9,10
4,vote,10,1
4,vote,11,6
4,vote,12,6
4,vote,13,11
4,vote,14,2
4,execute,11,VILLAGER
4,divine,1,4,HUMAN
4,guard,6,9,VILLAGER
4,attackVote,13,10
4,attack,10,true
5,status,1,SEER,ALIVE,sample_py
5,status,2,VILLAGER,ALIVE,sample_py
5,status,3,WEREWOLF,DEAD,sample_py
5,status,4,VILLAGER,ALIVE,TOKU7
5,status,5,VILLAGER,DEAD,Takeda13
5,status,6,BODYGUARD,ALIVE,Takeda3
5,status,7,POSSESSED,DEAD,sample_py
5,status,8,MEDIUM,DEAD,HALU
5,status,9,VILLAGER,ALIVE,Tomato11
5,status,10,VILLAGER,DEAD,Tomato8
5,status,11,VILLAGER,DEAD,TOKU5
5,status,12,VILLAGER,ALIVE,TOKU10
5,status,13,WEREWOLF,ALIVE,HALU
5,status,14,VILLAGER,ALIVE,HALU
5,status,15,WEREWOLF,DEAD,TOKU9
5,talk,0,0,13,VOTE Agent[02]
5,talk,1,0,6,VOTE Agent[01]
5,talk,2,0,1,DIVINED Agent[04] HUMAN
5,talk,3,0,9,VOTE Agent[01]
5,talk,4,0,14,VOTE Agent[02]
5,talk,5,0,2,VOTE Agent[13]
5,talk,6,0,12,VOTE Agent[06]
5,talk,7,0,4,VOTE Agent[06]
5,talk,8,1,6,VOTE Agent[04]
5,talk,9,1,14,VOTE Agent[02]
5,talk,10,1,2,Skip
5,talk,11,1,4,Skip
5,talk,12,1,12,Skip
5,talk,13,1,13,VOTE Agent[02]
5,talk,14,1,9,Skip
5,talk,15,1,1,VOTE Agent[14]
5,talk,16,2,14,VOTE Agent[02]
5,talk,17,2,2,Skip
5,talk,18,2,1,Skip
5,talk,19,2,9,Skip
5,talk,20,2,4,VOTE Agent[13]
5,talk,21,2,6,Skip
5,talk,22,2,12,VOTE Agent[04]
5,talk,23,2,13,VOTE Agent[02]
5,talk,24,3,1,Skip
5,talk,25,3,2,Over
5,talk,26,3,14,VOTE Agent[02]
5,talk,27,3,13,VOTE Agent[02]
5,talk,28,3,6,VOTE Agent[12]
5,talk,29,3,12,Skip
5,talk,30,3,4,VOTE Agent[12]
5,talk,31,3,9,Over
5,talk,32,4,9,Over
5,talk,33,4,1,Over
5,talk,34,4,14,VOTE Agent[02]
5,talk,35,4,6,Skip
5,talk,36,4,13,VOTE Agent[02]
5,talk,37,4,12,Skip
5,talk,38,4,4,Skip
5,talk,39,4,2,Over
5,talk,40,5,14,VOTE Agent[02]
5,talk,41,5,12,Over
5,talk,42,5,6,Skip
5,talk,43,5,4,Skip
5,talk,44,5,2,Over
5,talk,45,5,1,Over
5,talk,46,5,13,VOTE Agent[02]
5,talk,47,5,9,Over
5,talk,48,6,13,VOTE Agent[02]
5,talk,49,6,2,Over
5,talk,50,6,14,VOTE Agent[02]
5,talk,51,6,6,Over
5,talk,52,6,12,Over
5,talk,53,6,4,Over
5,talk,54,6,9,Over
5,talk,55,6,1,Over
5,talk,56,7,2,Over
5,talk,57,7,14,VOTE Agent[02]
5,talk,58,7,13,VOTE Agent[02]
5,talk,59,7,1,Over
5,talk,60,7,9,Over
5,talk,61,7,12,Over
5,talk,62,7,6,Over
5,talk,63,7,4,Over
5,talk,64,8,2,Over
5,talk,65,8,1,Over
5,talk,66,8,12,Over
5,talk,67,8,9,Over
5,talk,68,8,4,Over
5,talk,69,8,13,VOTE Agent[02]
5,talk,70,8,6,Over
5,talk,71,8,14,VOTE Agent[02]
5,talk,72,9,4,Over
5,talk,73,9,12,Over
5,talk,74,9,13,Over
5,talk,75,9,6,Over
5,talk,76,9,9,Over
5,talk,77,9,14,Over
5,talk,78,9,1,Over
5,talk,79,9,2,Over
5,vote,1,14
5,vote,2,13
5,vote,4,12
5,vote,6,12
5,vote,9,1
5,vote,12,4
5,vote,13,2
5,vote,14,2
5,vote,1,14
5,vote,2,13
5,vote,4,12
5,vote,6,12
5,vote,9,1
5,vote,12,4
5,vote,13,2
5,vote,14,2
5,execute,2,VILLAGER
5,divine,1,13,WEREWOLF
5,guard,6,9,VILLAGER
5,attackVote,13,14
5,attack,14,true
6,status,1,SEER,ALIVE,sample_py
6,status,2,VILLAGER,DEAD,sample_py
6,status,3,WEREWOLF,DEAD,sample_py
6,status,4,VILLAGER,ALIVE,TOKU7
6,status,5,VILLAGER,DEAD,Takeda13
6,status,6,BODYGUARD,ALIVE,Takeda3
6,status,7,POSSESSED,DEAD,sample_py
6,status,8,MEDIUM,DEAD,HALU
6,status,9,VILLAGER,ALIVE,Tomato11
6,status,10,VILLAGER,DEAD,Tomato8
6,status,11,VILLAGER,DEAD,TOKU5
6,status,12,VILLAGER,ALIVE,TOKU10
6,status,13,WEREWOLF,ALIVE,HALU
6,status,14,VILLAGER,DEAD,HALU
6,status,15,WEREWOLF,DEAD,TOKU9
6,talk,0,0,12,VOTE Agent[04]
6,talk,1,0,6,VOTE Agent[12]
6,talk,2,0,4,VOTE Agent[12]
6,talk,3,0,13,VOTE Agent[12]
6,talk,4,0,1,DIVINED Agent[13] WEREWOLF
6,talk,5,0,9,VOTE Agent[01]
6,talk,6,1,6,Skip
6,talk,7,1,9,Skip
6,talk,8,1,1,VOTE Agent[13]
6,talk,9,1,12,VOTE Agent[04]
6,talk,10,1,13,VOTE Agent[12]
6,talk,11,1,4,Skip
6,talk,12,2,13,VOTE Agent[12]
6,talk,13,2,9,Skip
6,talk,14,2,12,VOTE Agent[04]
6,talk,15,2,6,Skip
6,talk,16,2,1,Skip
6,talk,17,2,4,Skip
6,talk,18,3,12,VOTE Agent[04]
6,talk,19,3,13,VOTE Agent[12]
6,talk,20,3,1,Skip
6,talk,21,3,9,Over
6,talk,22,3,4,Over
6,talk,23,3,6,Over
6,talk,24,4,1,Over
6,talk,25,4,6,Over
6,talk,26,4,4,Over
6,talk,27,4,9,Over
6,talk,28,4,12,VOTE Agent[04]
6,talk,29,4,13,VOTE Agent[12]
6,talk,30,5,12,VOTE Agent[04]
6,talk,31,5,4,Over
6,talk,32,5,6,Over
6,talk,33,5,1,Over
6,talk,34,5,13,VOTE Agent[12]
6,talk,35,5,9,Over
6,talk,36,6,6,Over
6,talk,37,6,1,Over
6,talk,38,6,13,VOTE Agent[12]
6,talk,39,6,9,Over
6,talk,40,6,12,VOTE Agent[04]
6,talk,41,6,4,Over
6,talk,42,7,6,Over
6,talk,43,7,1,Over
6,talk,44,7,4,Over
6,talk,45,7,9,Over
6,talk,46,7,12,VOTE Agent[04]
6,talk,47,7,13,VOTE Agent[12]
6,talk,48,8,13,VOTE Agent[12]
6,talk,49,8,9,Over
6,talk,50,8,6,Over
6,talk,51,8,4,Over
6,talk,52,8,1,Over
6,talk,53,8,12,VOTE Agent[04]
6,talk,54,9,4,Over
6,talk,55,9,6,Over
6,talk,56,9,13,Over
6,talk,57,9,9,Over
6,talk,58,9,1,Over
6,talk,59,9,12,VOTE Agent[04]
6,talk,60,10,13,Over
6,talk,61,10,12,Over
6,talk,62,10,4,Over
6,talk,63,10,6,Over
6,talk,64,10,1,Over
6,talk,65,10,9,Over
6,vote,1,13
6,vote,4,12
6,vote,6,12
6,vote,9,1
6,vote,12,4
6,vote,13,12
6,execute,12,VILLAGER
6,guard,6,9,VILLAGER
6,attackVote,13,1
6,attack,1,true
7,status,1,SEER,DEAD,sample_py
7,status,2,VILLAGER,DEAD,sample_py
7,status,3,WEREWOLF,DEAD,sample_py
7,status,4,VILLAGER,ALIVE,TOKU7
7,status,5,VILLAGER,DEAD,Takeda13
7,status,6,BODYGUARD,ALIVE,Takeda3
7,status,7,POSSESSED,DEAD,sample_py
7,status,8,MEDIUM,DEAD,HALU
7,status,9,VILLAGER,ALIVE,Tomato11
7,status,10,VILLAGER,DEAD,Tomato8
7,status,11,VILLAGER,DEAD,TOKU5
7,status,12,VILLAGER,DEAD,TOKU10
7,status,13,WEREWOLF,ALIVE,HALU
7,status,14,VILLAGER,DEAD,HALU
7,status,15,WEREWOLF,DEAD,TOKU9
7,talk,0,0,6,VOTE Agent[04]
7,talk,1,0,13,VOTE Agent[06]
7,talk,2,0,9,VOTE Agent[04]
7,talk,3,0,4,VOTE Agent[06]
7,talk,4,1,4,VOTE Agent[13]
7,talk,5,1,9,Skip
7,talk,6,1,6,Skip
7,talk,7,1,13,VOTE Agent[09]
7,talk,8,2,6,Skip
7,talk,9,2,13,VOTE Agent[09]
7,talk,10,2,9,Skip
7,talk,11,2,4,VOTE Agent[13]
7,talk,12,3,4,VOTE Agent[13]
7,talk,13,3,6,Over
7,talk,14,3,13,VOTE Agent[04]
7,talk,15,3,9,Over
7,talk,16,4,6,Over
7,talk,17,4,13,VOTE Agent[04]
7,talk,18,4,4,VOTE Agent[13]
7,talk,19,4,9,Over
7,talk,20,5,4,VOTE Agent[13]
7,talk,21,5,9,Over
7,talk,22,5,6,Over
7,talk,23,5,13,VOTE Agent[04]
7,talk,24,6,6,Over
7,talk,25,6,4,VOTE Agent[13]
7,talk,26,6,9,Over
7,talk,27,6,13,VOTE Agent[04]
7,talk,28,7,9,Over
7,talk,29,7,6,Over
7,talk,30,7,13,VOTE Agent[04]
7,talk,31,7,4,VOTE Agent[13]
7,talk,32,8,6,Over
7,talk,33,8,4,VOTE Agent[13]
7,talk,34,8,13,VOTE Agent[04]
7,talk,35,8,9,Over
7,talk,36,9,6,Over
7,talk,37,9,4,VOTE Agent[13]
7,talk,38,9,13,Over
7,talk,39,9,9,Over
7,talk,40,10,13,Over
7,talk,41,10,4,Over
7,talk,42,10,6,Over
7,talk,43,10,9,Over
7,vote,4,13
7,vote,6,4
7,vote,9,4
7,vote,13,4
7,execute,4,VILLAGER
7,guard,6,9,VILLAGER
7,attackVote,13,6
7,attack,6,true
8,status,1,SEER,DEAD,sample_py
8,status,2,VILLAGER,DEAD,sample_py
8,status,3,WEREWOLF,DEAD,sample_py
8,status,4,VILLAGER,DEAD,TOKU7
8,status,5,VILLAGER,DEAD,Takeda13
8,status,6,BODYGUARD,DEAD,Takeda3
8,status,7,POSSESSED,DEAD,sample_py
8,status,8,MEDIUM,DEAD,HALU
8,status,9,VILLAGER,ALIVE,Tomato11
8,status,10,VILLAGER,DEAD,Tomato8
8,status,11,VILLAGER,DEAD,TOKU5
8,status,12,VILLAGER,DEAD,TOKU10
8,status,13,WEREWOLF,ALIVE,HALU
8,status,14,VILLAGER,DEAD,HALU
8,status,15,WEREWOLF,DEAD,TOKU9
8,result,1,1,WEREWOLF
