0,status,1,SEER,ALIVE,HALU
0,status,2,VILLAGER,ALIVE,HALU
0,status,3,BODYGUARD,ALIVE,OKAMI
0,status,4,MEDIUM,ALIVE,SampleJava8
0,status,5,VILLAGER,ALIVE,OKAMI
0,status,6,WEREWOLF,ALIVE,OKAMI
0,status,7,POSSESSED,ALIVE,Tomato1
0,status,8,VILLAGER,ALIVE,SampleJava14
0,status,9,VILLAGER,ALIVE,Takeda3
0,status,10,VILLAGER,ALIVE,TOKU11
0,status,11,WEREWOLF,ALIVE,TOKU0
0,status,12,VILLAGER,ALIVE,SampleJava13
0,status,13,VILLAGER,ALIVE,OKAMI
0,status,14,VILLAGER,ALIVE,Takeda2
0,status,15,WEREWOLF,ALIVE,Tomato10
0,whisper,0,0,15,COMINGOUT Agent[15] VILLAGER
0,whisper,1,0,6,COMINGOUT Agent[06] VILLAGER
0,whisper,2,0,11,Skip
0,whisper,3,1,15,Skip
0,whisper,4,1,11,Skip
0,whisper,5,1,6,Skip
0,whisper,6,2,6,Skip
0,whisper,7,2,15,COMINGOUT Agent[15] SEER
0,whisper,8,2,11,Over
0,whisper,9,3,6,Over
0,whisper,10,3,11,Over
0,whisper,11,3,15,Skip
0,whisper,12,4,15,Skip
0,whisper,13,4,6,Over
0,whisper,14,4,11,Over
0,whisper,15,5,11,Over
0,whisper,16,5,6,Over
0,whisper,17,5,15,Over
0,divine,1,5,HUMAN
1,status,1,SEER,ALIVE,HALU
1,status,2,VILLAGER,ALIVE,HALU
1,status,3,BODYGUARD,ALIVE,OKAMI
1,status,4,MEDIUM,ALIVE,SampleJava8
1,status,5,VILLAGER,ALIVE,OKAMI
1,status,6,WEREWOLF,ALIVE,OKAMI
1,status,7,POSSESSED,ALIVE,Tomato1
1,status,8,VILLAGER,ALIVE,SampleJava14
1,status,9,VILLAGER,ALIVE,Takeda3
1,status,10,VILLAGER,ALIVE,TOKU11
1,status,11,WEREWOLF,ALIVE,TOKU0
1,status,12,VILLAGER,ALIVE,SampleJava13
1,status,13,VILLAGER,ALIVE,OKAMI
1,status,14,VILLAGER,ALIVE,Takeda2
1,status,15,WEREWOLF,ALIVE,Tomato10
1,talk,0,0,12,VOTE Agent[09]
1,talk,1,0,11,VOTE Agent[09]
1,talk,2,0,14,VOTE Agent[09]
1,talk,3,0,8,VOTE Agent[14]
1,talk,4,0,2,VOTE Agent[14]
1,talk,5,0,7,COMINGOUT Agent[07] SEER
1,talk,6,0,10,VOTE Agent[09]
1,talk,7,0,3,VOTE Agent[14]
1,talk,8,0,13,VOTE Agent[14]
1,talk,9,0,5,VOTE Agent[14]
1,talk,10,0,15,COMINGOUT Agent[15] SEER
1,talk,11,0,4,VOTE Agent[12]
1,talk,12,0,6,VOTE Agent[14]
1,talk,13,0,9,VOTE Agent[14]
1,talk,14,0,1,COMINGOUT Agent[01] SEER
1,talk,15,1,1,DIVINED Agent[05] HUMAN
1,talk,16,1,9,VOTE Agent[07]
1,talk,17,1,13,COMINGOUT Agent[13] VILLAGER
1,talk,18,1,2,VOTE Agent[10]
1,talk,19,1,12,REQUEST ANY (VOTE Agent[09])
1,talk,20,1,10,Skip
1,talk,21,1,5,COMINGOUT Agent[05] VILLAGER
1,talk,22,1,11,VOTE Agent[07]
1,talk,23,1,6,VOTE Agent[14]
1,talk,24,1,15,DIVINED Agent[11] HUMAN
1,talk,25,1,8,REQUEST ANY (VOTE Agent[14])
1,talk,26,1,14,Skip
1,talk,27,1,7,DIVINED Agent[11] WEREWOLF
1,talk,28,1,3,VOTE Agent[07]
1,talk,29,1,4,REQUEST ANY (VOTE Agent[12])
1,talk,30,2,3,VOTE Agent[07]
1,talk,31,2,1,VOTE Agent[05]
1,talk,32,2,4,Skip
1,talk,33,2,11,VOTE Agent[08]
1,talk,34,2,9,VOTE Agent[03]
1,talk,35,2,14,VOTE Agent[03]
1,talk,36,2,6,VOTE Agent[14]
1,talk,37,2,2,VOTE Agent[01]
1,talk,38,2,15,VOTE Agent[14]
1,talk,39,2,8,Skip
1,talk,40,2,10,VOTE Agent[07]
1,talk,41,2,7,VOTE Agent[14]
1,talk,42,2,12,Skip
1,talk,43,2,13,VOTE Agent[01]
1,talk,44,2,5,VOTE Agent[01]
1,talk,45,3,3,VOTE Agent[07]
1,talk,46,3,1,VOTE Agent[05]
1,talk,47,3,2,VOTE Agent[07]
1,talk,48,3,13,VOTE Agent[01]
1,talk,49,3,6,VOTE Agent[14]
1,talk,50,3,8,Skip
1,talk,51,3,11,VOTE Agent[03]
1,talk,52,3,14,Skip
1,talk,53,3,9,VOTE Agent[07]
1,talk,54,3,5,VOTE Agent[01]
1,talk,55,3,7,Skip
1,talk,56,3,10,Skip
1,talk,57,3,15,VOTE Agent[07]
1,talk,58,3,12,Skip
1,talk,59,3,4,Skip
1,talk,60,4,14,Skip
1,talk,61,4,4,Over
1,talk,62,4,8,Over
1,talk,63,4,10,Skip
1,talk,64,4,15,VOTE Agent[14]
1,talk,65,4,5,VOTE Agent[01]
1,talk,66,4,11,VOTE Agent[07]
1,talk,67,4,3,VOTE Agent[01]
1,talk,68,4,6,VOTE Agent[14]
1,talk,69,4,13,VOTE Agent[01]
1,talk,70,4,2,VOTE Agent[01]
1,talk,71,4,7,Skip
1,talk,72,4,9,Skip
1,talk,73,4,1,VOTE Agent[05]
1,talk,74,4,12,Over
1,talk,75,5,3,VOTE Agent[01]
1,talk,76,5,12,Over
1,talk,77,5,11,Skip
1,talk,78,5,4,Over
1,talk,79,5,13,VOTE Agent[01]
1,talk,80,5,1,VOTE Agent[05]
1,talk,81,5,10,Over
1,talk,82,5,5,VOTE Agent[07]
1,talk,83,5,14,Over
1,talk,84,5,2,VOTE Agent[01]
1,talk,85,5,9,Skip
1,talk,86,5,6,VOTE Agent[14]
1,talk,87,5,8,Over
1,talk,88,5,15,VOTE Agent[07]
1,talk,89,5,7,Over
1,talk,90,6,3,VOTE Agent[01]
1,talk,91,6,11,Skip
1,talk,92,6,13,VOTE Agent[01]
1,talk,93,6,8,Over
1,talk,94,6,15,Skip
1,talk,95,6,10,Over
1,talk,96,6,5,VOTE Agent[01]
1,talk,97,6,6,VOTE Agent[14]
1,talk,98,6,2,VOTE Agent[01]
1,talk,99,6,7,VOTE Agent[01]
1,talk,100,6,9,Over
1,talk,101,6,4,Over
1,talk,102,6,12,Over
1,talk,103,6,1,VOTE Agent[05]
1,talk,104,6,14,Over
1,talk,105,7,13,VOTE Agent[01]
1,talk,106,7,1,VOTE Agent[05]
1,talk,107,7,5,VOTE Agent[01]
1,talk,108,7,10,Over
1,talk,109,7,11,Over
1,talk,110,7,12,Over
1,talk,111,7,2,VOTE Agent[01]
1,talk,112,7,6,VOTE Agent[14]
1,talk,113,7,15,VOTE Agent[01]
1,talk,114,7,9,Over
1,talk,115,7,7,Skip
1,talk,116,7,14,Over
1,talk,117,7,8,Over
1,talk,118,7,3,VOTE Agent[07]
1,talk,119,7,4,Over
1,talk,120,8,9,Over
1,talk,121,8,3,VOTE Agent[07]
1,talk,122,8,2,VOTE Agent[01]
1,talk,123,8,15,Skip
1,talk,124,8,1,VOTE Agent[05]
1,talk,125,8,8,Over
1,talk,126,8,12,Over
1,talk,127,8,14,Over
1,talk,128,8,13,VOTE Agent[07]
1,talk,129,8,10,Over
1,talk,130,8,4,Over
1,talk,131,8,11,Over
1,talk,132,8,6,VOTE Agent[09]
1,talk,133,8,7,Skip
1,talk,134,8,5,VOTE Agent[01]
1,talk,135,9,11,Over
1,talk,136,9,3,Over
1,talk,137,9,10,Over
1,talk,138,9,9,VOTE Agent[06]
1,talk,139,9,5,Over
1,talk,140,9,1,Over
1,talk,141,9,14,Over
1,talk,142,9,6,Over
1,talk,143,9,7,Over
1,talk,144,9,8,Over
1,talk,145,9,12,Over
1,talk,146,9,13,Over
1,talk,147,9,2,Over
1,talk,148,9,15,Skip
1,talk,149,9,4,Over
1,talk,150,10,3,Over
1,talk,151,10,13,Over
1,talk,152,10,15,Over
1,talk,153,10,8,Over
1,talk,154,10,6,Over
1,talk,155,10,4,Over
1,talk,156,10,12,Over
1,talk,157,10,2,Over
1,talk,158,10,14,Over
1,talk,159,10,1,Over
1,talk,160,10,11,Over
1,talk,161,10,9,Skip
1,talk,162,10,10,Over
1,talk,163,10,7,Over
1,talk,164,10,5,Over
1,talk,165,11,10,Over
1,talk,166,11,5,Over
1,talk,167,11,9,Skip
1,talk,168,11,4,Over
1,talk,169,11,1,Over
1,talk,170,11,11,Over
1,talk,171,11,2,Over
1,talk,172,11,14,Over
1,talk,173,11,15,Over
1,talk,174,11,13,Over
1,talk,175,11,6,Over
1,talk,176,11,12,Over
1,talk,177,11,8,Over
1,talk,178,11,7,Over
1,talk,179,11,3,Over
1,talk,180,12,12,Over
1,talk,181,12,3,Over
1,talk,182,12,13,Over
1,talk,183,12,9,Over
1,talk,184,12,4,Over
1,talk,185,12,14,Over
1,talk,186,12,6,Over
1,talk,187,12,5,Over
1,talk,188,12,2,Over
1,talk,189,12,1,Over
1,talk,190,12,11,Over
1,talk,191,12,15,Over
1,talk,192,12,7,Over
1,talk,193,12,8,Over
1,talk,194,12,10,Over
1,vote,1,5
1,vote,2,1
1,vote,3,7
1,vote,4,9
1,vote,5,1
1,vote,6,3
1,vote,7,1
1,vote,8,9
1,vote,9,6
1,vote,10,3
1,vote,11,6
1,vote,12,14
1,vote,13,7
1,vote,14,3
1,vote,15,1
1,execute,1,SEER
1,whisper,0,0,11,Skip
1,whisper,1,0,6,ATTACK Agent[01]
1,whisper,2,0,15,ATTACK Agent[07]
1,whisper,3,1,11,Skip
1,whisper,4,1,6,Skip
1,whisper,5,1,15,Skip
1,whisper,6,2,15,Skip
1,whisper,7,2,6,Skip
1,whisper,8,2,11,Over
1,whisper,9,3,15,Over
1,whisper,10,3,11,Over
1,whisper,11,3,6,Over
1,guard,3,15,WEREWOLF
1,attackVote,6,7
1,attackVote,11,7
1,attackVote,15,7
1,attack,7,true
2,status,1,SEER,DEAD,HALU
2,status,2,VILLAGER,ALIVE,HALU
2,status,3,BODYGUARD,ALIVE,OKAMI
2,status,4,MEDIUM,ALIVE,SampleJava8
2,status,5,VILLAGER,ALIVE,OKAMI
2,status,6,WEREWOLF,ALIVE,OKAMI
2,status,7,POSSESSED,DEAD,Tomato1
2,status,8,VILLAGER,ALIVE,SampleJava14
2,status,9,VILLAGER,ALIVE,Takeda3
2,status,10,VILLAGER,ALIVE,TOKU11
2,status,11,WEREWOLF,ALIVE,TOKU0
2,status,12,VILLAGER,ALIVE,SampleJava13
2,status,13,VILLAGER,ALIVE,OKAMI
2,status,14,VILLAGER,ALIVE,Takeda2
2,status,15,WEREWOLF,ALIVE,Tomato10
2,talk,0,0,10,VOTE Agent[15]
2,talk,1,0,14,VOTE Agent[03]
2,talk,2,0,4,COMINGOUT Agent[04] MEDIUM
2,talk,3,0,11,VOTE Agent[03]
2,talk,4,0,2,VOTE Agent[15]
2,talk,5,0,9,VOTE Agent[15]
2,talk,6,0,3,VOTE Agent[15]
2,talk,7,0,13,VOTE Agent[15]
2,talk,8,0,15,DIVINED Agent[03] HUMAN
2,talk,9,0,12,VOTE Agent[03]
2,talk,10,0,6,VOTE Agent[13]
2,talk,11,0,8,VOTE Agent[11]
2,talk,12,0,5,VOTE Agent[15]
2,talk,13,1,4,DAY 2 (IDENTIFIED Agent[01] HUMAN)
2,talk,14,1,9,Skip
2,talk,15,1,5,COMINGOUT Agent[05] VILLAGER
2,talk,16,1,10,Skip
2,talk,17,1,13,COMINGOUT Agent[13] VILLAGER
2,talk,18,1,12,REQUEST ANY (VOTE Agent[03])
2,talk,19,1,3,VOTE Agent[15]
2,talk,20,1,14,VOTE Agent[15]
2,talk,21,1,8,REQUEST ANY (VOTE Agent[11])
2,talk,22,1,11,VOTE Agent[15]
2,talk,23,1,6,VOTE Agent[08]
2,talk,24,1,2,VOTE Agent[15]
2,talk,25,1,15,VOTE Agent[08]
2,talk,26,2,13,VOTE Agent[15]
2,talk,27,2,12,Skip
2,talk,28,2,5,VOTE Agent[15]
2,talk,29,2,4,IDENTIFIED Agent[01] HUMAN
2,talk,30,2,15,Skip
2,talk,31,2,10,Skip
2,talk,32,2,2,VOTE Agent[15]
2,talk,33,2,3,VOTE Agent[15]
2,talk,34,2,11,Skip
2,talk,35,2,14,Skip
2,talk,36,2,8,Skip
2,talk,37,2,6,VOTE Agent[08]
2,talk,38,2,9,Skip
2,talk,39,3,12,Skip
2,talk,40,3,15,Skip
2,talk,41,3,4,VOTE Agent[06]
2,talk,42,3,9,Over
2,talk,43,3,14,Skip
2,talk,44,3,6,VOTE Agent[08]
2,talk,45,3,8,Skip
2,talk,46,3,11,Skip
2,talk,47,3,13,VOTE Agent[15]
2,talk,48,3,2,VOTE Agent[15]
2,talk,49,3,5,VOTE Agent[15]
2,talk,50,3,10,Over
2,talk,51,3,3,VOTE Agent[15]
2,talk,52,4,14,Over
2,talk,53,4,9,VOTE Agent[03]
2,talk,54,4,12,Over
2,talk,55,4,11,Over
2,talk,56,4,5,VOTE Agent[15]
2,talk,57,4,8,Over
2,talk,58,4,13,VOTE Agent[15]
2,talk,59,4,2,VOTE Agent[15]
2,talk,60,4,3,VOTE Agent[15]
2,talk,61,4,4,REQUEST ANY (VOTE Agent[06])
2,talk,62,4,10,Over
2,talk,63,4,15,Over
2,talk,64,4,6,VOTE Agent[08]
2,talk,65,5,8,Over
2,talk,66,5,11,Over
2,talk,67,5,15,Over
2,talk,68,5,5,VOTE Agent[15]
2,talk,69,5,4,Skip
2,talk,70,5,6,VOTE Agent[08]
2,talk,71,5,14,Over
2,talk,72,5,10,Over
2,talk,73,5,2,VOTE Agent[15]
2,talk,74,5,13,VOTE Agent[15]
2,talk,75,5,9,VOTE Agent[15]
2,talk,76,5,12,Over
2,talk,77,5,3,VOTE Agent[15]
2,talk,78,6,3,VOTE Agent[15]
2,talk,79,6,15,Over
2,talk,80,6,2,VOTE Agent[15]
2,talk,81,6,8,Over
2,talk,82,6,4,Skip
2,talk,83,6,9,Skip
2,talk,84,6,12,Over
2,talk,85,6,10,Over
2,talk,86,6,14,Over
2,talk,87,6,6,VOTE Agent[08]
2,talk,88,6,5,VOTE Agent[15]
2,talk,89,6,11,Over
2,talk,90,6,13,VOTE Agent[15]
2,talk,91,7,12,Over
2,talk,92,7,8,Over
2,talk,93,7,6,VOTE Agent[08]
2,talk,94,7,15,VOTE Agent[06]
2,talk,95,7,11,Over
2,talk,96,7,4,Over
2,talk,97,7,10,Over
2,talk,98,7,9,Skip
2,talk,99,7,5,VOTE Agent[15]
2,talk,100,7,13,VOTE Agent[15]
2,talk,101,7,2,VOTE Agent[15]
2,talk,102,7,3,VOTE Agent[15]
2,talk,103,7,14,Over
2,talk,104,8,14,Over
2,talk,105,8,3,VOTE Agent[15]
2,talk,106,8,2,VOTE Agent[15]
2,talk,107,8,6,VOTE Agent[13]
2,talk,108,8,12,Over
2,talk,109,8,10,Over
2,talk,110,8,11,Over
2,talk,111,8,8,Over
2,talk,112,8,9,Over
2,talk,113,8,5,VOTE Agent[15]
2,talk,114,8,13,VOTE Agent[15]
2,talk,115,8,15,Skip
2,talk,116,8,4,Over
2,talk,117,9,9,Over
2,talk,118,9,5,Over
2,talk,119,9,14,Over
2,talk,120,9,4,Over
2,talk,121,9,13,Over
2,talk,122,9,2,Over
2,talk,123,9,12,Over
2,talk,124,9,11,Over
2,talk,125,9,6,Over
2,talk,126,9,10,Over
2,talk,127,9,8,Over
2,talk,128,9,3,Over
2,talk,129,9,15,Skip
2,talk,130,10,11,Over
2,talk,131,10,8,Over
2,talk,132,10,10,Over
2,talk,133,10,3,Over
2,talk,134,10,13,Over
2,talk,135,10,4,Over
2,talk,136,10,5,Over
2,talk,137,10,12,Over
2,talk,138,10,6,Over
2,talk,139,10,15,Over
2,talk,140,10,14,Over
2,talk,141,10,2,Over
2,talk,142,10,9,Over
2,vote,2,15
2,vote,3,15
2,vote,4,11
2,vote,5,15
2,vote,6,10
2,vote,8,6
2,vote,9,15
2,vote,10,15
2,vote,11,15
2,vote,12,11
2,vote,13,15
2,vote,14,15
2,vote,15,6
2,execute,15,WEREWOLF
2,whisper,0,0,6,ATTACK Agent[04]
2,whisper,1,0,11,Skip
2,whisper,2,1,11,Skip
2,whisper,3,1,6,Skip
2,whisper,4,2,11,Over
2,whisper,5,2,6,Skip
2,whisper,6,3,6,Over
2,whisper,7,3,11,Over
2,guard,3,4,MEDIUM
2,attackVote,6,4
2,attackVote,11,3
2,attackVote,6,4
2,attackVote,11,3
2,attack,3,true
3,status,1,SEER,DEAD,HALU
3,status,2,VILLAGER,ALIVE,HALU
3,status,3,BODYGUARD,DEAD,OKAMI
3,status,4,MEDIUM,ALIVE,SampleJava8
3,status,5,VILLAGER,ALIVE,OKAMI
3,status,6,WEREWOLF,ALIVE,OKAMI
3,status,7,POSSESSED,DEAD,Tomato1
3,status,8,VILLAGER,ALIVE,SampleJava14
3,status,9,VILLAGER,ALIVE,Takeda3
3,status,10,VILLAGER,ALIVE,TOKU11
3,status,11,WEREWOLF,ALIVE,TOKU0
3,status,12,VILLAGER,ALIVE,SampleJava13
3,status,13,VILLAGER,ALIVE,OKAMI
3,status,14,VILLAGER,ALIVE,Takeda2
3,status,15,WEREWOLF,DEAD,Tomato10
3,talk,0,0,4,DAY 3 (IDENTIFIED Agent[15] WEREWOLF)
3,talk,1,0,11,VOTE Agent[09]
3,talk,2,0,10,VOTE Agent[06]
3,talk,3,0,2,VOTE Agent[05]
3,talk,4,0,9,VOTE Agent[06]
3,talk,5,0,12,VOTE Agent[04]
3,talk,6,0,13,VOTE Agent[05]
3,talk,7,0,5,VOTE Agent[11]
3,talk,8,0,6,VOTE Agent[09]
3,talk,9,0,14,VOTE Agent[06]
3,talk,10,0,8,VOTE Agent[14]
3,talk,11,1,6,VOTE Agent[09]
3,talk,12,1,5,COMINGOUT Agent[05] VILLAGER
3,talk,13,1,10,Skip
3,talk,14,1,11,Skip
3,talk,15,1,2,VOTE Agent[05]
3,talk,16,1,14,Skip
3,talk,17,1,9,Skip
3,talk,18,1,12,REQUEST ANY (VOTE Agent[04])
3,talk,19,1,8,REQUEST ANY (VOTE Agent[14])
3,talk,20,1,13,COMINGOUT Agent[13] VILLAGER
3,talk,21,1,4,IDENTIFIED Agent[15] WEREWOLF
3,talk,22,2,4,VOTE Agent[12]
3,talk,23,2,6,VOTE Agent[09]
3,talk,24,2,14,Skip
3,talk,25,2,13,VOTE Agent[05]
3,talk,26,2,5,VOTE Agent[11]
3,talk,27,2,9,Skip
3,talk,28,2,11,Skip
3,talk,29,2,10,Skip
3,talk,30,2,2,VOTE Agent[05]
3,talk,31,2,8,Skip
3,talk,32,2,12,Skip
3,talk,33,3,9,Over
3,talk,34,3,5,VOTE Agent[11]
3,talk,35,3,10,Over
3,talk,36,3,13,VOTE Agent[05]
3,talk,37,3,11,Over
3,talk,38,3,6,VOTE Agent[09]
3,talk,39,3,4,REQUEST ANY (VOTE Agent[12])
3,talk,40,3,8,Skip
3,talk,41,3,2,VOTE Agent[05]
3,talk,42,3,14,Over
3,talk,43,3,12,Skip
3,talk,44,4,13,VOTE Agent[05]
3,talk,45,4,14,Over
3,talk,46,4,2,VOTE Agent[05]
3,talk,47,4,6,VOTE Agent[14]
3,talk,48,4,10,Over
3,talk,49,4,4,Skip
3,talk,50,4,8,Over
3,talk,51,4,12,Over
3,talk,52,4,11,Over
3,talk,53,4,5,VOTE Agent[11]
3,talk,54,4,9,Over
3,talk,55,5,13,VOTE Agent[05]
3,talk,56,5,8,Over
3,talk,57,5,12,Over
3,talk,58,5,11,Over
3,talk,59,5,14,Over
3,talk,60,5,4,Skip
3,talk,61,5,10,Over
3,talk,62,5,6,VOTE Agent[14]
3,talk,63,5,9,Over
3,talk,64,5,5,VOTE Agent[11]
3,talk,65,5,2,VOTE Agent[05]
3,talk,66,6,12,Over
3,talk,67,6,13,VOTE Agent[05]
3,talk,68,6,9,Over
3,talk,69,6,2,VOTE Agent[05]
3,talk,70,6,10,Over
3,talk,71,6,6,VOTE Agent[12]
3,talk,72,6,14,Over
3,talk,73,6,4,Over
3,talk,74,6,8,Over
3,talk,75,6,5,VOTE Agent[11]
3,talk,76,6,11,Over
3,talk,77,7,8,Over
3,talk,78,7,14,Over
3,talk,79,7,11,Over
3,talk,80,7,2,VOTE Agent[05]
3,talk,81,7,10,Over
3,talk,82,7,12,Over
3,talk,83,7,9,Over
3,talk,84,7,5,VOTE Agent[11]
3,talk,85,7,6,VOTE Agent[14]
3,talk,86,7,4,Over
3,talk,87,7,13,VOTE Agent[05]
3,talk,88,8,2,VOTE Agent[05]
3,talk,89,8,13,VOTE Agent[05]
3,talk,90,8,12,Over
3,talk,91,8,5,VOTE Agent[11]
3,talk,92,8,11,Over
3,talk,93,8,10,Over
3,talk,94,8,6,VOTE Agent[12]
3,talk,95,8,9,Over
3,talk,96,8,4,Over
3,talk,97,8,8,Over
3,talk,98,8,14,Over
3,talk,99,9,11,Over
3,talk,100,9,10,Over
3,talk,101,9,8,Over
3,talk,102,9,14,Over
3,talk,103,9,13,Over
3,talk,104,9,12,Over
3,talk,105,9,4,Over
3,talk,106,9,9,Over
3,talk,107,9,5,Over
3,talk,108,9,6,Over
3,talk,109,9,2,Over
3,vote,2,5
3,vote,4,14
3,vote,5,11
3,vote,6,14
3,vote,8,4
3,vote,9,6
3,vote,10,6
3,vote,11,6
3,vote,12,14
3,vote,13,5
3,vote,14,6
3,execute,6,WEREWOLF
3,attackVote,11,4
3,attack,4,true
4,status,1,SEER,DEAD,HALU
4,status,2,VILLAGER,ALIVE,HALU
4,status,3,BODYGUARD,DEAD,OKAMI
4,status,4,MEDIUM,DEAD,SampleJava8
4,status,5,VILLAGER,ALIVE,OKAMI
4,status,6,WEREWOLF,DEAD,OKAMI
4,status,7,POSSESSED,DEAD,Tomato1
4,status,8,VILLAGER,ALIVE,SampleJava14
4,status,9,VILLAGER,ALIVE,Takeda3
4,status,10,VILLAGER,ALIVE,TOKU11
4,status,11,WEREWOLF,ALIVE,TOKU0
4,status,12,VILLAGER,ALIVE,SampleJava13
4,status,13,VILLAGER,ALIVE,OKAMI
4,status,14,VILLAGER,ALIVE,Takeda2
4,status,15,WEREWOLF,DEAD,Tomato10
4,talk,0,0,11,VOTE Agent[09]
4,talk,1,0,5,VOTE Agent[11]
4,talk,2,0,10,VOTE Agent[09]
4,talk,3,0,2,VOTE Agent[05]
4,talk,4,0,12,VOTE Agent[10]
4,talk,5,0,8,VOTE Agent[02]
4,talk,6,0,9,VOTE Agent[11]
4,talk,7,0,14,VOTE Agent[09]
4,talk,8,0,13,VOTE Agent[05]
4,talk,9,1,12,REQUEST ANY (VOTE Agent[10])
4,talk,10,1,8,REQUEST ANY (VOTE Agent[02])
4,talk,11,1,14,Skip
4,talk,12,1,10,Skip
4,talk,13,1,9,Skip
4,talk,14,1,13,COMINGOUT Agent[13] VILLAGER
4,talk,15,1,5,COMINGOUT Agent[05] VILLAGER
4,talk,16,1,2,VOTE Agent[05]
4,talk,17,1,11,Skip
4,talk,18,2,2,VOTE Agent[05]
4,talk,19,2,12,Skip
4,talk,20,2,5,VOTE Agent[11]
4,talk,21,2,14,Skip
4,talk,22,2,10,Skip
4,talk,23,2,11,Skip
4,talk,24,2,13,VOTE Agent[05]
4,talk,25,2,9,Skip
4,talk,26,2,8,Skip
4,talk,27,3,2,VOTE Agent[05]
4,talk,28,3,12,Skip
4,talk,29,3,11,Over
4,talk,30,3,9,Over
4,talk,31,3,13,VOTE Agent[05]
4,talk,32,3,14,Over
4,talk,33,3,8,Skip
4,talk,34,3,10,Over
4,talk,35,3,5,VOTE Agent[11]
4,talk,36,4,2,VOTE Agent[05]
4,talk,37,4,9,Over
4,talk,38,4,8,Over
4,talk,39,4,5,VOTE Agent[11]
4,talk,40,4,10,Over
4,talk,41,4,14,Over
4,talk,42,4,13,VOTE Agent[05]
4,talk,43,4,11,Over
4,talk,44,4,12,Over
4,talk,45,5,9,Over
4,talk,46,5,12,Over
4,talk,47,5,5,VOTE Agent[11]
4,talk,48,5,11,Over
4,talk,49,5,10,Over
4,talk,50,5,14,Over
4,talk,51,5,8,Over
4,talk,52,5,2,VOTE Agent[05]
4,talk,53,5,13,VOTE Agent[05]
4,talk,54,6,8,Over
4,talk,55,6,10,Over
4,talk,56,6,5,VOTE Agent[11]
4,talk,57,6,13,VOTE Agent[05]
4,talk,58,6,9,Over
4,talk,59,6,14,Over
4,talk,60,6,12,Over
4,talk,61,6,2,VOTE Agent[05]
4,talk,62,6,11,Over
4,talk,63,7,14,Over
4,talk,64,7,11,Over
4,talk,65,7,13,VOTE Agent[05]
4,talk,66,7,9,Over
4,talk,67,7,12,Over
4,talk,68,7,8,Over
4,talk,69,7,10,Over
4,talk,70,7,5,VOTE Agent[11]
4,talk,71,7,2,VOTE Agent[05]
4,talk,72,8,2,VOTE Agent[05]
4,talk,73,8,14,Over
4,talk,74,8,13,VOTE Agent[05]
4,talk,75,8,9,Over
4,talk,76,8,12,Over
4,talk,77,8,5,VOTE Agent[11]
4,talk,78,8,11,Over
4,talk,79,8,8,Over
4,talk,80,8,10,Over
4,talk,81,9,14,Over
4,talk,82,9,9,Over
4,talk,83,9,13,Over
4,talk,84,9,12,Over
4,talk,85,9,2,Over
4,talk,86,9,11,Over
4,talk,87,9,5,Over
4,talk,88,9,10,Over
4,talk,89,9,8,Over
4,vote,2,5
4,vote,5,11
4,vote,8,10
4,vote,9,11
4,vote,10,9
4,vote,11,9
4,vote,12,2
4,vote,13,5
4,vote,14,9
4,execute,9,VILLAGER
4,attackVote,11,2
4,attack,2,true
5,status,1,SEER,DEAD,HALU
5,status,2,VILLAGER,DEAD,HALU
5,status,3,BODYGUARD,DEAD,OKAMI
5,status,4,MEDIUM,DEAD,SampleJava8
5,status,5,VILLAGER,ALIVE,OKAMI
5,status,6,WEREWOLF,DEAD,OKAMI
5,status,7,POSSESSED,DEAD,Tomato1
5,status,8,VILLAGER,ALIVE,SampleJava14
5,status,9,VILLAGER,DEAD,Takeda3
5,status,10,VILLAGER,ALIVE,TOKU11
5,status,11,WEREWOLF,ALIVE,TOKU0
5,status,12,VILLAGER,ALIVE,SampleJava13
5,status,13,VILLAGER,ALIVE,OKAMI
5,status,14,VILLAGER,ALIVE,Takeda2
5,status,15,WEREWOLF,DEAD,Tomato10
5,talk,0,0,5,VOTE Agent[14]
5,talk,1,0,12,VOTE Agent[05]
5,talk,2,0,10,VOTE Agent[11]
5,talk,3,0,13,VOTE Agent[11]
5,talk,4,0,11,VOTE Agent[14]
5,talk,5,0,14,VOTE Agent[11]
5,talk,6,0,8,VOTE Agent[13]
5,talk,7,1,13,COMINGOUT Agent[13] VILLAGER
5,talk,8,1,10,Skip
5,talk,9,1,5,COMINGOUT Agent[05] VILLAGER
5,talk,10,1,12,REQUEST ANY (VOTE Agent[05])
5,talk,11,1,11,VOTE Agent[13]
5,talk,12,1,14,Skip
5,talk,13,1,8,REQUEST ANY (VOTE Agent[13])
5,talk,14,2,11,Skip
5,talk,15,2,8,Skip
5,talk,16,2,14,Skip
5,talk,17,2,5,VOTE Agent[11]
5,talk,18,2,13,VOTE Agent[11]
5,talk,19,2,12,Skip
5,talk,20,2,10,Skip
5,talk,21,3,11,VOTE Agent[13]
5,talk,22,3,8,Skip
5,talk,23,3,12,Skip
5,talk,24,3,10,VOTE Agent[13]
5,talk,25,3,14,VOTE Agent[13]
5,talk,26,3,13,VOTE Agent[11]
5,talk,27,3,5,VOTE Agent[11]
5,talk,28,4,12,Over
5,talk,29,4,5,VOTE Agent[11]
5,talk,30,4,11,Skip
5,talk,31,4,10,Skip
5,talk,32,4,13,VOTE Agent[11]
5,talk,33,4,14,Skip
5,talk,34,4,8,Over
5,talk,35,5,12,Over
5,talk,36,5,13,VOTE Agent[11]
5,talk,37,5,5,VOTE Agent[11]
5,talk,38,5,10,Skip
5,talk,39,5,14,Skip
5,talk,40,5,11,Skip
5,talk,41,5,8,Over
5,talk,42,6,11,Over
5,talk,43,6,12,Over
5,talk,44,6,10,Over
5,talk,45,6,14,Over
5,talk,46,6,8,Over
5,talk,47,6,13,VOTE Agent[11]
5,talk,48,6,5,VOTE Agent[11]
5,talk,49,7,5,VOTE Agent[11]
5,talk,50,7,10,Over
5,talk,51,7,8,Over
5,talk,52,7,14,Over
5,talk,53,7,12,Over
5,talk,54,7,13,VOTE Agent[11]
5,talk,55,7,11,Over
5,talk,56,8,5,VOTE Agent[11]
5,talk,57,8,10,Over
5,talk,58,8,13,VOTE Agent[11]
5,talk,59,8,8,Over
5,talk,60,8,11,Over
5,talk,61,8,12,Over
5,talk,62,8,14,Over
5,talk,63,9,14,Over
5,talk,64,9,10,Over
5,talk,65,9,5,Over
5,talk,66,9,13,Over
5,talk,67,9,8,Over
5,talk,68,9,11,Over
5,talk,69,9,12,Over
5,vote,5,11
5,vote,8,5
5,vote,10,13
5,vote,11,13
5,vote,12,13
5,vote,13,11
5,vote,14,13
5,execute,13,VILLAGER
5,attackVote,11,12
5,attack,12,true
6,status,1,SEER,DEAD,HALU
6,status,2,VILLAGER,DEAD,HALU
6,status,3,BODYGUARD,DEAD,OKAMI
6,status,4,MEDIUM,DEAD,SampleJava8
6,status,5,VILLAGER,ALIVE,OKAMI
6,status,6,WEREWOLF,DEAD,OKAMI
6,status,7,POSSESSED,DEAD,Tomato1
6,status,8,VILLAGER,ALIVE,SampleJava14
6,status,9,VILLAGER,DEAD,Takeda3
6,status,10,VILLAGER,ALIVE,TOKU11
6,status,11,WEREWOLF,ALIVE,TOKU0
6,status,12,VILLAGER,DEAD,SampleJava13
6,status,13,VILLAGER,DEAD,OKAMI
6,status,14,VILLAGER,ALIVE,Takeda2
6,status,15,WEREWOLF,DEAD,Tomato10
6,talk,0,0,5,VOTE Agent[10]
6,talk,1,0,11,VOTE Agent[14]
6,talk,2,0,10,VOTE Agent[11]
6,talk,3,0,8,VOTE Agent[05]
6,talk,4,0,14,VOTE Agent[11]
6,talk,5,1,14,Skip
6,talk,6,1,8,REQUEST ANY (VOTE Agent[05])
6,talk,7,1,11,Skip
6,talk,8,1,10,Skip
6,talk,9,1,5,COMINGOUT Agent[05] VILLAGER
6,talk,10,2,10,Skip
6,talk,11,2,5,VOTE Agent[14]
6,talk,12,2,14,Skip
6,talk,13,2,8,Skip
6,talk,14,2,11,Skip
6,talk,15,3,14,Over
6,talk,16,3,8,Skip
6,talk,17,3,5,VOTE Agent[14]
6,talk,18,3,11,Over
6,talk,19,3,10,Over
6,talk,20,4,11,Over
6,talk,21,4,10,Over
6,talk,22,4,14,Over
6,talk,23,4,5,VOTE Agent[14]
6,talk,24,4,8,Over
6,talk,25,5,10,Over
6,talk,26,5,5,VOTE Agent[14]
6,talk,27,5,14,Over
6,talk,28,5,8,Over
6,talk,29,5,11,Over
6,talk,30,6,11,Over
6,talk,31,6,10,Over
6,talk,32,6,5,VOTE Agent[14]
6,talk,33,6,14,Over
6,talk,34,6,8,Over
6,talk,35,7,5,VOTE Agent[14]
6,talk,36,7,8,Over
6,talk,37,7,11,Over
6,talk,38,7,10,Over
6,talk,39,7,14,Over
6,talk,40,8,11,Over
6,talk,41,8,8,Over
6,talk,42,8,14,Over
6,talk,43,8,5,VOTE Agent[14]
6,talk,44,8,10,Over
6,talk,45,9,10,Over
6,talk,46,9,11,Over
6,talk,47,9,5,Over
6,talk,48,9,14,Over
6,talk,49,9,8,Over
6,vote,5,14
6,vote,8,11
6,vote,10,11
6,vote,11,14
6,vote,14,11
6,execute,11,WEREWOLF
7,status,1,SEER,DEAD,HALU
7,status,2,VILLAGER,DEAD,HALU
7,status,3,BODYGUARD,DEAD,OKAMI
7,status,4,MEDIUM,DEAD,SampleJava8
7,status,5,VILLAGER,ALIVE,OKAMI
7,status,6,WEREWOLF,DEAD,OKAMI
7,status,7,POSSESSED,DEAD,Tomato1
7,status,8,VILLAGER,ALIVE,SampleJava14
7,status,9,VILLAGER,DEAD,Takeda3
7,status,10,VILLAGER,ALIVE,TOKU11
7,status,11,WEREWOLF,DEAD,TOKU0
7,status,12,VILLAGER,DEAD,SampleJava13
7,status,13,VILLAGER,DEAD,OKAMI
7,status,14,VILLAGER,ALIVE,Takeda2
7,status,15,WEREWOLF,DEAD,Tomato10
7,result,4,0,VILLAGER
