0,status,1,WEREWOLF,ALIVE,HALU
0,status,2,VILLAGER,ALIVE,HALU
0,status,3,WEREWOLF,ALIVE,OKAMI
0,status,4,VILLAGER,ALIVE,SampleJava8
0,status,5,VILLAGER,ALIVE,OKAMI
0,status,6,POSSESSED,ALIVE,OKAMI
0,status,7,SEER,ALIVE,Tomato1
0,status,8,VILLAGER,ALIVE,SampleJava14
0,status,9,MEDIUM,ALIVE,Takeda3
0,status,10,VILLAGER,ALIVE,TOKU11
0,status,11,WEREWOLF,ALIVE,TOKU0
0,status,12,BODYGUARD,ALIVE,SampleJava13
0,status,13,VILLAGER,ALIVE,OKAMI
0,status,14,VILLAGER,ALIVE,Takeda2
0,status,15,VILLAGER,ALIVE,Tomato10
0,whisper,0,0,1,COMINGOUT Agent[01] MEDIUM
0,whisper,1,0,3,COMINGOUT Agent[03] VILLAGER
0,whisper,2,0,11,Skip
0,whisper,3,1,11,Skip
0,whisper,4,1,1,Skip
0,whisper,5,1,3,Skip
0,whisper,6,2,3,Skip
0,whisper,7,2,1,Skip
0,whisper,8,2,11,Over
0,whisper,9,3,3,Over
0,whisper,10,3,11,Over
0,whisper,11,3,1,Over
0,divine,7,8,HUMAN
1,status,1,WEREWOLF,ALIVE,HALU
1,status,2,VILLAGER,ALIVE,HALU
1,status,3,WEREWOLF,ALIVE,OKAMI
1,status,4,VILLAGER,ALIVE,SampleJava8
1,status,5,VILLAGER,ALIVE,OKAMI
1,status,6,POSSESSED,ALIVE,OKAMI
1,status,7,SEER,ALIVE,Tomato1
1,status,8,VILLAGER,ALIVE,SampleJava14
1,status,9,MEDIUM,ALIVE,Takeda3
1,status,10,VILLAGER,ALIVE,TOKU11
1,status,11,WEREWOLF,ALIVE,TOKU0
1,status,12,BODYGUARD,ALIVE,SampleJava13
1,status,13,VILLAGER,ALIVE,OKAMI
1,status,14,VILLAGER,ALIVE,Takeda2
1,status,15,VILLAGER,ALIVE,Tomato10
1,talk,0,0,2,VOTE Agent[12]
1,talk,1,0,11,VOTE Agent[12]
1,talk,2,0,13,VOTE Agent[12]
1,talk,3,0,3,VOTE Agent[12]
1,talk,4,0,7,COMINGOUT Agent[07] SEER
1,talk,5,0,12,VOTE Agent[02]
1,talk,6,0,15,VOTE Agent[12]
1,talk,7,0,14,VOTE Agent[12]
1,talk,8,0,6,COMINGOUT Agent[06] VILLAGER
1,talk,9,0,5,VOTE Agent[02]
1,talk,10,0,4,VOTE Agent[07]
1,talk,11,0,10,VOTE Agent[12]
1,talk,12,0,8,VOTE Agent[12]
1,talk,13,0,9,COMINGOUT Agent[09] MEDIUM
1,talk,14,0,1,COMINGOUT Agent[01] MEDIUM
1,talk,15,1,8,REQUEST ANY (VOTE Agent[12])
1,talk,16,1,13,COMINGOUT Agent[13] VILLAGER
1,talk,17,1,12,REQUEST ANY (VOTE Agent[02])
1,talk,18,1,14,VOTE Agent[01]
1,talk,19,1,2,VOTE Agent[08]
1,talk,20,1,15,Skip
1,talk,21,1,4,REQUEST ANY (VOTE Agent[07])
1,talk,22,1,7,DIVINED Agent[08] HUMAN
1,talk,23,1,3,VOTE Agent[01]
1,talk,24,1,9,VOTE Agent[01]
1,talk,25,1,5,COMINGOUT Agent[05] VILLAGER
1,talk,26,1,11,VOTE Agent[02]
1,talk,27,1,6,Over
1,talk,28,1,1,VOTE Agent[09]
1,talk,29,1,10,VOTE Agent[01]
1,talk,30,2,12,Skip
1,talk,31,2,4,Skip
1,talk,32,2,13,VOTE Agent[08]
1,talk,33,2,15,VOTE Agent[01]
1,talk,34,2,6,DIVINED Agent[11] WEREWOLF
1,talk,35,2,1,VOTE Agent[09]
1,talk,36,2,14,Skip
1,talk,37,2,10,Skip
1,talk,38,2,2,VOTE Agent[08]
1,talk,39,2,11,VOTE Agent[04]
1,talk,40,2,9,Skip
1,talk,41,2,8,Skip
1,talk,42,2,7,VOTE Agent[01]
1,talk,43,2,3,VOTE Agent[01]
1,talk,44,2,5,VOTE Agent[08]
1,talk,45,3,8,Skip
1,talk,46,3,7,Skip
1,talk,47,3,13,VOTE Agent[08]
1,talk,48,3,11,VOTE Agent[01]
1,talk,49,3,3,VOTE Agent[01]
1,talk,50,3,12,Skip
1,talk,51,3,14,Skip
1,talk,52,3,2,VOTE Agent[08]
1,talk,53,3,6,VOTE Agent[01]
1,talk,54,3,4,Skip
1,talk,55,3,5,VOTE Agent[08]
1,talk,56,3,9,Skip
1,talk,57,3,1,VOTE Agent[09]
1,talk,58,3,10,VOTE Agent[03]
1,talk,59,3,15,Skip
1,talk,60,4,1,VOTE Agent[09]
1,talk,61,4,10,VOTE Agent[01]
1,talk,62,4,5,VOTE Agent[08]
1,talk,63,4,4,Over
1,talk,64,4,8,Over
1,talk,65,4,14,Over
1,talk,66,4,15,Skip
1,talk,67,4,3,VOTE Agent[01]
1,talk,68,4,12,Over
1,talk,69,4,9,Over
1,talk,70,4,7,Skip
1,talk,71,4,2,VOTE Agent[05]
1,talk,72,4,13,VOTE Agent[08]
1,talk,73,4,6,VOTE Agent[01]
1,talk,74,4,11,Skip
1,talk,75,5,12,Over
1,talk,76,5,15,Over
1,talk,77,5,5,VOTE Agent[08]
1,talk,78,5,9,Over
1,talk,79,5,8,Over
1,talk,80,5,3,VOTE Agent[01]
1,talk,81,5,11,Skip
1,talk,82,5,10,Skip
1,talk,83,5,14,Over
1,talk,84,5,13,VOTE Agent[08]
1,talk,85,5,7,Over
1,talk,86,5,2,VOTE Agent[08]
1,talk,87,5,4,Over
1,talk,88,5,6,VOTE Agent[01]
1,talk,89,5,1,VOTE Agent[09]
1,talk,90,6,12,Over
1,talk,91,6,10,Skip
1,talk,92,6,11,Over
1,talk,93,6,4,Over
1,talk,94,6,6,VOTE Agent[01]
1,talk,95,6,15,Over
1,talk,96,6,3,VOTE Agent[01]
1,talk,97,6,1,VOTE Agent[09]
1,talk,98,6,7,Over
1,talk,99,6,8,Over
1,talk,100,6,2,VOTE Agent[08]
1,talk,101,6,14,Over
1,talk,102,6,9,Over
1,talk,103,6,13,VOTE Agent[08]
1,talk,104,6,5,VOTE Agent[08]
1,talk,105,7,10,Over
1,talk,106,7,7,Over
1,talk,107,7,13,VOTE Agent[08]
1,talk,108,7,14,Over
1,talk,109,7,4,Over
1,talk,110,7,15,Over
1,talk,111,7,12,Over
1,talk,112,7,3,VOTE Agent[01]
1,talk,113,7,6,VOTE Agent[01]
1,talk,114,7,9,Over
1,talk,115,7,11,Over
1,talk,116,7,5,VOTE Agent[08]
1,talk,117,7,2,VOTE Agent[08]
1,talk,118,7,8,Over
1,talk,119,7,1,VOTE Agent[09]
1,talk,120,8,11,Over
1,talk,121,8,2,VOTE Agent[08]
1,talk,122,8,15,Over
1,talk,123,8,8,Over
1,talk,124,8,6,VOTE Agent[01]
1,talk,125,8,7,Over
1,talk,126,8,9,Over
1,talk,127,8,10,Over
1,talk,128,8,13,VOTE Agent[08]
1,talk,129,8,5,VOTE Agent[08]
1,talk,130,8,3,VOTE Agent[01]
1,talk,131,8,1,VOTE Agent[09]
1,talk,132,8,14,Over
1,talk,133,8,4,Over
1,talk,134,8,12,Over
1,talk,135,9,9,Over
1,talk,136,9,11,Over
1,talk,137,9,7,Over
1,talk,138,9,1,Over
1,talk,139,9,13,Over
1,talk,140,9,5,Over
1,talk,141,9,6,Over
1,talk,142,9,15,Over
1,talk,143,9,12,Over
1,talk,144,9,10,Over
1,talk,145,9,2,Over
1,talk,146,9,14,Over
1,talk,147,9,8,Over
1,talk,148,9,3,Over
1,talk,149,9,4,Over
1,vote,1,9
1,vote,2,8
1,vote,3,1
1,vote,4,12
1,vote,5,8
1,vote,6,1
1,vote,7,1
1,vote,8,2
1,vote,9,1
1,vote,10,1
1,vote,11,1
1,vote,12,7
1,vote,13,8
1,vote,14,1
1,vote,15,1
1,execute,1,WEREWOLF
1,divine,7,9,HUMAN
1,whisper,0,0,3,ATTACK Agent[06]
1,whisper,1,0,11,Skip
1,whisper,2,1,3,Skip
1,whisper,3,1,11,Skip
1,whisper,4,2,3,Skip
1,whisper,5,2,11,Over
1,whisper,6,3,3,Over
1,whisper,7,3,11,Over
1,guard,12,7,SEER
1,attackVote,3,6
1,attackVote,11,7
1,attackVote,3,6
1,attackVote,11,7
1,attack,6,true
2,status,1,WEREWOLF,DEAD,HALU
2,status,2,VILLAGER,ALIVE,HALU
2,status,3,WEREWOLF,ALIVE,OKAMI
2,status,4,VILLAGER,ALIVE,SampleJava8
2,status,5,VILLAGER,ALIVE,OKAMI
2,status,6,POSSESSED,DEAD,OKAMI
2,status,7,SEER,ALIVE,Tomato1
2,status,8,VILLAGER,ALIVE,SampleJava14
2,status,9,MEDIUM,ALIVE,Takeda3
2,status,10,VILLAGER,ALIVE,TOKU11
2,status,11,WEREWOLF,ALIVE,TOKU0
2,status,12,BODYGUARD,ALIVE,SampleJava13
2,status,13,VILLAGER,ALIVE,OKAMI
2,status,14,VILLAGER,ALIVE,Takeda2
2,status,15,VILLAGER,ALIVE,Tomato10
2,talk,0,0,5,VOTE Agent[08]
2,talk,1,0,14,VOTE Agent[03]
2,talk,2,0,11,VOTE Agent[10]
2,talk,3,0,4,VOTE Agent[15]
2,talk,4,0,15,VOTE Agent[08]
2,talk,5,0,8,VOTE Agent[13]
2,talk,6,0,12,VOTE Agent[03]
2,talk,7,0,7,DIVINED Agent[09] HUMAN
2,talk,8,0,2,VOTE Agent[08]
2,talk,9,0,3,VOTE Agent[09]
2,talk,10,0,10,VOTE Agent[03]
2,talk,11,0,13,VOTE Agent[08]
2,talk,12,0,9,IDENTIFIED Agent[01] WEREWOLF
2,talk,13,1,4,REQUEST ANY (VOTE Agent[15])
2,talk,14,1,14,Skip
2,talk,15,1,11,VOTE Agent[03]
2,talk,16,1,3,VOTE Agent[09]
2,talk,17,1,12,REQUEST ANY (VOTE Agent[03])
2,talk,18,1,10,Skip
2,talk,19,1,5,COMINGOUT Agent[05] VILLAGER
2,talk,20,1,15,VOTE Agent[03]
2,talk,21,1,7,VOTE Agent[03]
2,talk,22,1,2,VOTE Agent[08]
2,talk,23,1,9,VOTE Agent[03]
2,talk,24,1,8,REQUEST ANY (VOTE Agent[13])
2,talk,25,1,13,COMINGOUT Agent[13] VILLAGER
2,talk,26,2,4,Skip
2,talk,27,2,5,VOTE Agent[08]
2,talk,28,2,2,VOTE Agent[05]
2,talk,29,2,3,VOTE Agent[09]
2,talk,30,2,9,Skip
2,talk,31,2,11,Skip
2,talk,32,2,10,Skip
2,talk,33,2,14,Skip
2,talk,34,2,12,Skip
2,talk,35,2,8,Skip
2,talk,36,2,13,VOTE Agent[08]
2,talk,37,2,15,Skip
2,talk,38,2,7,Skip
2,talk,39,3,13,VOTE Agent[08]
2,talk,40,3,2,VOTE Agent[08]
2,talk,41,3,12,Skip
2,talk,42,3,3,VOTE Agent[09]
2,talk,43,3,11,Skip
2,talk,44,3,4,Skip
2,talk,45,3,10,Over
2,talk,46,3,14,Over
2,talk,47,3,9,Skip
2,talk,48,3,15,Skip
2,talk,49,3,5,VOTE Agent[08]
2,talk,50,3,8,Skip
2,talk,51,3,7,Skip
2,talk,52,4,14,Over
2,talk,53,4,5,VOTE Agent[08]
2,talk,54,4,8,Over
2,talk,55,4,12,Over
2,talk,56,4,9,Over
2,talk,57,4,13,VOTE Agent[08]
2,talk,58,4,4,Over
2,talk,59,4,3,VOTE Agent[09]
2,talk,60,4,10,Over
2,talk,61,4,15,Over
2,talk,62,4,2,VOTE Agent[08]
2,talk,63,4,7,Over
2,talk,64,4,11,Over
2,talk,65,5,14,Over
2,talk,66,5,8,Over
2,talk,67,5,15,Over
2,talk,68,5,5,VOTE Agent[08]
2,talk,69,5,2,VOTE Agent[08]
2,talk,70,5,12,Over
2,talk,71,5,9,Over
2,talk,72,5,7,Over
2,talk,73,5,3,VOTE Agent[09]
2,talk,74,5,13,VOTE Agent[08]
2,talk,75,5,11,Over
2,talk,76,5,4,Over
2,talk,77,5,10,Over
2,talk,78,6,4,Over
2,talk,79,6,11,Over
2,talk,80,6,3,VOTE Agent[09]
2,talk,81,6,14,Over
2,talk,82,6,2,VOTE Agent[08]
2,talk,83,6,10,Over
2,talk,84,6,13,VOTE Agent[08]
2,talk,85,6,7,Over
2,talk,86,6,15,Over
2,talk,87,6,9,Over
2,talk,88,6,12,Over
2,talk,89,6,8,Over
2,talk,90,6,5,VOTE Agent[08]
2,talk,91,7,9,Over
2,talk,92,7,5,VOTE Agent[08]
2,talk,93,7,2,VOTE Agent[05]
2,talk,94,7,11,Over
2,talk,95,7,7,Over
2,talk,96,7,14,Over
2,talk,97,7,4,Over
2,talk,98,7,3,VOTE Agent[09]
2,talk,99,7,8,Over
2,talk,100,7,15,Over
2,talk,101,7,12,Over
2,talk,102,7,10,Over
2,talk,103,7,13,VOTE Agent[08]
2,talk,104,8,10,Over
2,talk,105,8,8,Over
2,talk,106,8,7,Over
2,talk,107,8,5,VOTE Agent[08]
2,talk,108,8,4,Over
2,talk,109,8,14,Over
2,talk,110,8,11,Over
2,talk,111,8,12,Over
2,talk,112,8,15,Over
2,talk,113,8,3,VOTE Agent[09]
2,talk,114,8,13,VOTE Agent[08]
2,talk,115,8,2,VOTE Agent[08]
2,talk,116,8,9,Over
2,talk,117,9,5,Over
2,talk,118,9,9,Over
2,talk,119,9,14,Over
2,talk,120,9,8,Over
2,talk,121,9,4,Over
2,talk,122,9,15,Over
2,talk,123,9,12,Over
2,talk,124,9,7,Over
2,talk,125,9,13,Over
2,talk,126,9,11,Over
2,talk,127,9,2,Over
2,talk,128,9,3,Over
2,talk,129,9,10,Over
2,vote,2,8
2,vote,3,9
2,vote,4,3
2,vote,5,8
2,vote,7,3
2,vote,8,3
2,vote,9,3
2,vote,10,3
2,vote,11,3
2,vote,12,15
2,vote,13,8
2,vote,14,3
2,vote,15,3
2,execute,3,WEREWOLF
2,divine,7,12,HUMAN
2,guard,12,7,SEER
2,attackVote,11,7
2,attack,7,false
3,status,1,WEREWOLF,DEAD,HALU
3,status,2,VILLAGER,ALIVE,HALU
3,status,3,WEREWOLF,DEAD,OKAMI
3,status,4,VILLAGER,ALIVE,SampleJava8
3,status,5,VILLAGER,ALIVE,OKAMI
3,status,6,POSSESSED,DEAD,OKAMI
3,status,7,SEER,ALIVE,Tomato1
3,status,8,VILLAGER,ALIVE,SampleJava14
3,status,9,MEDIUM,ALIVE,Takeda3
3,status,10,VILLAGER,ALIVE,TOKU11
3,status,11,WEREWOLF,ALIVE,TOKU0
3,status,12,BODYGUARD,ALIVE,SampleJava13
3,status,13,VILLAGER,ALIVE,OKAMI
3,status,14,VILLAGER,ALIVE,Takeda2
3,status,15,VILLAGER,ALIVE,Tomato10
3,talk,0,0,9,IDENTIFIED Agent[03] WEREWOLF
3,talk,1,0,12,VOTE Agent[02]
3,talk,2,0,7,DIVINED Agent[12] HUMAN
3,talk,3,0,11,VOTE Agent[02]
3,talk,4,0,5,VOTE Agent[08]
3,talk,5,0,4,VOTE Agent[15]
3,talk,6,0,14,VOTE Agent[11]
3,talk,7,0,15,VOTE Agent[07]
3,talk,8,0,13,VOTE Agent[08]
3,talk,9,0,2,VOTE Agent[05]
3,talk,10,0,8,VOTE Agent[02]
3,talk,11,0,10,VOTE Agent[11]
3,talk,12,1,2,VOTE Agent[08]
3,talk,13,1,8,REQUEST ANY (VOTE Agent[02])
3,talk,14,1,12,REQUEST ANY (VOTE Agent[02])
3,talk,15,1,5,COMINGOUT Agent[05] VILLAGER
3,talk,16,1,13,COMINGOUT Agent[13] VILLAGER
3,talk,17,1,7,VOTE Agent[04]
3,talk,18,1,9,VOTE Agent[11]
3,talk,19,1,4,REQUEST ANY (VOTE Agent[15])
3,talk,20,1,11,Skip
3,talk,21,1,15,Skip
3,talk,22,1,14,Skip
3,talk,23,1,10,Skip
3,talk,24,2,13,VOTE Agent[08]
3,talk,25,2,7,Skip
3,talk,26,2,15,Skip
3,talk,27,2,5,VOTE Agent[08]
3,talk,28,2,4,Skip
3,talk,29,2,10,Skip
3,talk,30,2,8,Skip
3,talk,31,2,12,Skip
3,talk,32,2,11,Skip
3,talk,33,2,2,VOTE Agent[05]
3,talk,34,2,14,Skip
3,talk,35,2,9,Skip
3,talk,36,3,8,Skip
3,talk,37,3,11,Over
3,talk,38,3,10,VOTE Agent[02]
3,talk,39,3,14,VOTE Agent[02]
3,talk,40,3,9,VOTE Agent[02]
3,talk,41,3,12,Skip
3,talk,42,3,7,Skip
3,talk,43,3,2,VOTE Agent[05]
3,talk,44,3,5,VOTE Agent[08]
3,talk,45,3,15,Over
3,talk,46,3,13,VOTE Agent[08]
3,talk,47,3,4,Skip
3,talk,48,4,9,Skip
3,talk,49,4,4,Over
3,talk,50,4,12,Over
3,talk,51,4,5,VOTE Agent[08]
3,talk,52,4,11,Over
3,talk,53,4,2,VOTE Agent[05]
3,talk,54,4,13,VOTE Agent[08]
3,talk,55,4,15,Over
3,talk,56,4,10,Skip
3,talk,57,4,14,Skip
3,talk,58,4,8,Over
3,talk,59,4,7,Over
3,talk,60,5,15,Over
3,talk,61,5,8,Over
3,talk,62,5,7,Over
3,talk,63,5,2,VOTE Agent[05]
3,talk,64,5,14,Skip
3,talk,65,5,12,Over
3,talk,66,5,13,VOTE Agent[05]
3,talk,67,5,11,Over
3,talk,68,5,5,VOTE Agent[08]
3,talk,69,5,4,Over
3,talk,70,5,10,Skip
3,talk,71,5,9,Skip
3,talk,72,6,8,Over
3,talk,73,6,5,VOTE Agent[08]
3,talk,74,6,15,Over
3,talk,75,6,9,Over
3,talk,76,6,2,VOTE Agent[05]
3,talk,77,6,12,Over
3,talk,78,6,14,Over
3,talk,79,6,7,Over
3,talk,80,6,11,Over
3,talk,81,6,4,Over
3,talk,82,6,10,Over
3,talk,83,6,13,VOTE Agent[05]
3,talk,84,7,12,Over
3,talk,85,7,4,Over
3,talk,86,7,5,VOTE Agent[08]
3,talk,87,7,10,Over
3,talk,88,7,7,Over
3,talk,89,7,2,VOTE Agent[05]
3,talk,90,7,15,Over
3,talk,91,7,11,Over
3,talk,92,7,14,Over
3,talk,93,7,9,Over
3,talk,94,7,8,Over
3,talk,95,7,13,VOTE Agent[05]
3,talk,96,8,12,Over
3,talk,97,8,13,VOTE Agent[05]
3,talk,98,8,11,Over
3,talk,99,8,10,Over
3,talk,100,8,8,Over
3,talk,101,8,7,Over
3,talk,102,8,9,Over
3,talk,103,8,4,Over
3,talk,104,8,5,VOTE Agent[08]
3,talk,105,8,2,VOTE Agent[05]
3,talk,106,8,15,Over
3,talk,107,8,14,Over
3,talk,108,9,12,Over
3,talk,109,9,11,Over
3,talk,110,9,2,Over
3,talk,111,9,5,Over
3,talk,112,9,13,Over
3,talk,113,9,4,Over
3,talk,114,9,8,Over
3,talk,115,9,7,Over
3,talk,116,9,9,Over
3,talk,117,9,10,Over
3,talk,118,9,15,Over
3,talk,119,9,14,Over
3,vote,2,5
3,vote,4,2
3,vote,5,8
3,vote,7,4
3,vote,8,2
3,vote,9,2
3,vote,10,2
3,vote,11,2
3,vote,12,2
3,vote,13,5
3,vote,14,2
3,vote,15,7
3,execute,2,VILLAGER
3,divine,7,4,HUMAN
3,guard,12,7,SEER
3,attackVote,11,7
3,attack,7,false
4,status,1,WEREWOLF,DEAD,HALU
4,status,2,VILLAGER,DEAD,HALU
4,status,3,WEREWOLF,DEAD,OKAMI
4,status,4,VILLAGER,ALIVE,SampleJava8
4,status,5,VILLAGER,ALIVE,OKAMI
4,status,6,POSSESSED,DEAD,OKAMI
4,status,7,SEER,ALIVE,Tomato1
4,status,8,VILLAGER,ALIVE,SampleJava14
4,status,9,MEDIUM,ALIVE,Takeda3
4,status,10,VILLAGER,ALIVE,TOKU11
4,status,11,WEREWOLF,ALIVE,TOKU0
4,status,12,BODYGUARD,ALIVE,SampleJava13
4,status,13,VILLAGER,ALIVE,OKAMI
4,status,14,VILLAGER,ALIVE,Takeda2
4,status,15,VILLAGER,ALIVE,Tomato10
4,talk,0,0,13,VOTE Agent[05]
4,talk,1,0,8,VOTE Agent[11]
4,talk,2,0,12,VOTE Agent[05]
4,talk,3,0,14,VOTE Agent[11]
4,talk,4,0,5,VOTE Agent[08]
4,talk,5,0,15,VOTE Agent[07]
4,talk,6,0,10,VOTE Agent[11]
4,talk,7,0,4,VOTE Agent[11]
4,talk,8,0,11,VOTE Agent[10]
4,talk,9,0,7,DIVINED Agent[04] HUMAN
4,talk,10,0,9,IDENTIFIED Agent[02] HUMAN
4,talk,11,1,15,Skip
4,talk,12,1,8,REQUEST ANY (VOTE Agent[11])
4,talk,13,1,11,Skip
4,talk,14,1,5,COMINGOUT Agent[05] VILLAGER
4,talk,15,1,9,VOTE Agent[11]
4,talk,16,1,7,VOTE Agent[14]
4,talk,17,1,10,Skip
4,talk,18,1,4,REQUEST ANY (VOTE Agent[11])
4,talk,19,1,13,COMINGOUT Agent[13] VILLAGER
4,talk,20,1,14,Skip
4,talk,21,1,12,REQUEST ANY (VOTE Agent[05])
4,talk,22,2,10,Skip
4,talk,23,2,9,Skip
4,talk,24,2,5,VOTE Agent[08]
4,talk,25,2,7,Skip
4,talk,26,2,15,Skip
4,talk,27,2,4,Skip
4,talk,28,2,12,Skip
4,talk,29,2,11,Skip
4,talk,30,2,14,Skip
4,talk,31,2,13,VOTE Agent[08]
4,talk,32,2,8,Skip
4,talk,33,3,7,Skip
4,talk,34,3,8,Skip
4,talk,35,3,12,Skip
4,talk,36,3,14,Over
4,talk,37,3,15,Over
4,talk,38,3,5,VOTE Agent[08]
4,talk,39,3,13,VOTE Agent[08]
4,talk,40,3,4,Skip
4,talk,41,3,10,Over
4,talk,42,3,11,Over
4,talk,43,3,9,Skip
4,talk,44,4,11,Over
4,talk,45,4,7,Over
4,talk,46,4,9,Over
4,talk,47,4,5,VOTE Agent[08]
4,talk,48,4,12,Over
4,talk,49,4,13,VOTE Agent[05]
4,talk,50,4,15,Over
4,talk,51,4,4,Over
4,talk,52,4,10,Over
4,talk,53,4,14,Over
4,talk,54,4,8,Over
4,talk,55,5,8,Over
4,talk,56,5,10,Over
4,talk,57,5,13,VOTE Agent[05]
4,talk,58,5,7,Over
4,talk,59,5,11,Over
4,talk,60,5,9,Over
4,talk,61,5,14,Over
4,talk,62,5,5,VOTE Agent[08]
4,talk,63,5,4,Over
4,talk,64,5,15,Over
4,talk,65,5,12,Over
4,talk,66,6,4,Over
4,talk,67,6,8,Over
4,talk,68,6,5,VOTE Agent[08]
4,talk,69,6,10,Over
4,talk,70,6,11,Over
4,talk,71,6,7,Over
4,talk,72,6,15,Over
4,talk,73,6,13,VOTE Agent[08]
4,talk,74,6,9,Over
4,talk,75,6,14,Over
4,talk,76,6,12,Over
4,talk,77,7,11,Over
4,talk,78,7,9,Over
4,talk,79,7,7,Over
4,talk,80,7,12,Over
4,talk,81,7,4,Over
4,talk,82,7,10,Over
4,talk,83,7,5,VOTE Agent[08]
4,talk,84,7,13,VOTE Agent[05]
4,talk,85,7,8,Over
4,talk,86,7,15,Over
4,talk,87,7,14,Over
4,talk,88,8,14,Over
4,talk,89,8,8,Over
4,talk,90,8,13,VOTE Agent[05]
4,talk,91,8,15,Over
4,talk,92,8,9,Over
4,talk,93,8,4,Over
4,talk,94,8,12,Over
4,talk,95,8,10,Over
4,talk,96,8,11,Over
4,talk,97,8,7,Over
4,talk,98,8,5,VOTE Agent[08]
4,talk,99,9,7,Over
4,talk,100,9,4,Over
4,talk,101,9,5,Over
4,talk,102,9,14,Over
4,talk,103,9,9,Over
4,talk,104,9,8,Over
4,talk,105,9,15,Over
4,talk,106,9,11,Over
4,talk,107,9,13,Over
4,talk,108,9,12,Over
4,talk,109,9,10,Over
4,vote,4,5
4,vote,5,8
4,vote,7,14
4,vote,8,11
4,vote,9,11
4,vote,10,11
4,vote,11,10
4,vote,12,11
4,vote,13,5
4,vote,14,11
4,vote,15,7
4,execute,11,WEREWOLF
4,divine,7,14,HUMAN
4,guard,12,7,SEER
5,status,1,WEREWOLF,DEAD,HALU
5,status,2,VILLAGER,DEAD,HALU
5,status,3,WEREWOLF,DEAD,OKAMI
5,status,4,VILLAGER,ALIVE,SampleJava8
5,status,5,VILLAGER,ALIVE,OKAMI
5,status,6,POSSESSED,DEAD,OKAMI
5,status,7,SEER,ALIVE,Tomato1
5,status,8,VILLAGER,ALIVE,SampleJava14
5,status,9,MEDIUM,ALIVE,Takeda3
5,status,10,VILLAGER,ALIVE,TOKU11
5,status,11,WEREWOLF,DEAD,TOKU0
5,status,12,BODYGUARD,ALIVE,SampleJava13
5,status,13,VILLAGER,ALIVE,OKAMI
5,status,14,VILLAGER,ALIVE,Takeda2
5,status,15,VILLAGER,ALIVE,Tomato10
5,result,10,0,VILLAGER
