0,status,1,MEDIUM,ALIVE,HALU
0,status,2,VILLAGER,ALIVE,HALU
0,status,3,VILLAGER,ALIVE,OKAMI
0,status,4,POSSESSED,ALIVE,SampleJava8
0,status,5,VILLAGER,ALIVE,OKAMI
0,status,6,SEER,ALIVE,OKAMI
0,status,7,VILLAGER,ALIVE,Tomato1
0,status,8,VILLAGER,ALIVE,SampleJava14
0,status,9,VILLAGER,ALIVE,Takeda3
0,status,10,WEREWOLF,ALIVE,TOKU11
0,status,11,BODYGUARD,ALIVE,TOKU0
0,status,12,VILLAGER,ALIVE,SampleJava13
0,status,13,VILLAGER,ALIVE,OKAMI
0,status,14,WEREWOLF,ALIVE,Takeda2
0,status,15,WEREWOLF,ALIVE,Tomato10
0,whisper,0,0,14,Skip
0,whisper,1,0,10,Skip
0,whisper,2,0,15,COMINGOUT Agent[15] VILLAGER
0,whisper,3,1,14,Skip
0,whisper,4,1,15,COMINGOUT Agent[15] SEER
0,whisper,5,1,10,Skip
0,whisper,6,2,14,Over
0,whisper,7,2,15,Skip
0,whisper,8,2,10,Over
0,whisper,9,3,15,Skip
0,whisper,10,3,10,Over
0,whisper,11,3,14,Over
0,whisper,12,4,14,Over
0,whisper,13,4,10,Over
0,whisper,14,4,15,Over
0,divine,6,10,WEREWOLF
1,status,1,MEDIUM,ALIVE,HALU
1,status,2,VILLAGER,ALIVE,HALU
1,status,3,VILLAGER,ALIVE,OKAMI
1,status,4,POSSESSED,ALIVE,SampleJava8
1,status,5,VILLAGER,ALIVE,OKAMI
1,status,6,SEER,ALIVE,OKAMI
1,status,7,VILLAGER,ALIVE,Tomato1
1,status,8,VILLAGER,ALIVE,SampleJava14
1,status,9,VILLAGER,ALIVE,Takeda3
1,status,10,WEREWOLF,ALIVE,TOKU11
1,status,11,BODYGUARD,ALIVE,TOKU0
1,status,12,VILLAGER,ALIVE,SampleJava13
1,status,13,VILLAGER,ALIVE,OKAMI
1,status,14,WEREWOLF,ALIVE,Takeda2
1,status,15,WEREWOLF,ALIVE,Tomato10
1,talk,0,0,11,VOTE Agent[04]
1,talk,1,0,4,VOTE Agent[15]
1,talk,2,0,7,VOTE Agent[15]
1,talk,3,0,3,VOTE Agent[04]
1,talk,4,0,15,COMINGOUT Agent[15] SEER
1,talk,5,0,2,VOTE Agent[07]
1,talk,6,0,6,VOTE Agent[04]
1,talk,7,0,10,COMINGOUT Agent[10] SEER
1,talk,8,0,13,VOTE Agent[15]
1,talk,9,0,12,VOTE Agent[07]
1,talk,10,0,5,VOTE Agent[04]
1,talk,11,0,1,VOTE Agent[05]
1,talk,12,0,8,VOTE Agent[11]
1,talk,13,0,14,COMINGOUT Agent[14] SEER
1,talk,14,0,9,VOTE Agent[10]
1,talk,15,1,2,VOTE Agent[13]
1,talk,16,1,3,COMINGOUT Agent[03] VILLAGER
1,talk,17,1,14,DIVINED Agent[15] HUMAN
1,talk,18,1,10,DIVINED Agent[15] HUMAN
1,talk,19,1,6,VOTE Agent[10]
1,talk,20,1,11,VOTE Agent[14]
1,talk,21,1,5,COMINGOUT Agent[05] VILLAGER
1,talk,22,1,12,REQUEST ANY (VOTE Agent[07])
1,talk,23,1,7,VOTE Agent[04]
1,talk,24,1,13,COMINGOUT Agent[13] VILLAGER
1,talk,25,1,1,COMINGOUT Agent[01] MEDIUM
1,talk,26,1,9,Skip
1,talk,27,1,15,DIVINED Agent[02] HUMAN
1,talk,28,1,8,REQUEST ANY (VOTE Agent[11])
1,talk,29,1,4,REQUEST ANY (VOTE Agent[15])
1,talk,30,2,2,VOTE Agent[14]
1,talk,31,2,12,Skip
1,talk,32,2,15,VOTE Agent[04]
1,talk,33,2,3,VOTE Agent[14]
1,talk,34,2,6,VOTE Agent[10]
1,talk,35,2,9,Skip
1,talk,36,2,8,Skip
1,talk,37,2,13,VOTE Agent[10]
1,talk,38,2,10,VOTE Agent[02]
1,talk,39,2,14,VOTE Agent[04]
1,talk,40,2,1,VOTE Agent[10]
1,talk,41,2,11,VOTE Agent[06]
1,talk,42,2,5,VOTE Agent[14]
1,talk,43,2,4,COMINGOUT Agent[04] SEER
1,talk,44,2,7,VOTE Agent[10]
1,talk,45,3,3,VOTE Agent[14]
1,talk,46,3,1,VOTE Agent[14]
1,talk,47,3,4,DAY 1 (DIVINED Agent[10] WEREWOLF)
1,talk,48,3,6,VOTE Agent[10]
1,talk,49,3,7,Skip
1,talk,50,3,5,VOTE Agent[14]
1,talk,51,3,10,VOTE Agent[04]
1,talk,52,3,9,VOTE Agent[04]
1,talk,53,3,14,Skip
1,talk,54,3,15,Skip
1,talk,55,3,12,Skip
1,talk,56,3,8,Skip
1,talk,57,3,11,VOTE Agent[04]
1,talk,58,3,13,VOTE Agent[10]
1,talk,59,3,2,VOTE Agent[10]
1,talk,60,4,2,VOTE Agent[10]
1,talk,61,4,14,Skip
1,talk,62,4,11,Skip
1,talk,63,4,5,VOTE Agent[14]
1,talk,64,4,12,Over
1,talk,65,4,8,Over
1,talk,66,4,6,VOTE Agent[10]
1,talk,67,4,10,Skip
1,talk,68,4,3,VOTE Agent[14]
1,talk,69,4,9,Skip
1,talk,70,4,13,VOTE Agent[14]
1,talk,71,4,15,Skip
1,talk,72,4,4,DIVINED Agent[10] WEREWOLF
1,talk,73,4,7,Skip
1,talk,74,4,1,VOTE Agent[10]
1,talk,75,5,14,Over
1,talk,76,5,6,VOTE Agent[10]
1,talk,77,5,10,Skip
1,talk,78,5,9,Skip
1,talk,79,5,4,BECAUSE (DAY 1 (DIVINED Agent[10] WEREWOLF)) (AND (VOTE Agent[10]) (REQUEST ANY (VOTE Agent[10])))
1,talk,80,5,15,Over
1,talk,81,5,1,VOTE Agent[10]
1,talk,82,5,7,Over
1,talk,83,5,5,VOTE Agent[14]
1,talk,84,5,12,Over
1,talk,85,5,8,Over
1,talk,86,5,2,VOTE Agent[15]
1,talk,87,5,13,VOTE Agent[14]
1,talk,88,5,11,VOTE Agent[06]
1,talk,89,5,3,VOTE Agent[14]
1,talk,90,6,10,Over
1,talk,91,6,15,VOTE Agent[10]
1,talk,92,6,7,Over
1,talk,93,6,4,VOTE Agent[10]
1,talk,94,6,11,Skip
1,talk,95,6,3,VOTE Agent[14]
1,talk,96,6,6,VOTE Agent[10]
1,talk,97,6,13,VOTE Agent[14]
1,talk,98,6,1,VOTE Agent[10]
1,talk,99,6,14,Over
1,talk,100,6,9,Over
1,talk,101,6,5,VOTE Agent[14]
1,talk,102,6,12,Over
1,talk,103,6,8,Over
1,talk,104,6,2,VOTE Agent[15]
1,talk,105,7,9,Over
1,talk,106,7,12,Over
1,talk,107,7,3,VOTE Agent[14]
1,talk,108,7,15,Skip
1,talk,109,7,7,Over
1,talk,110,7,8,Over
1,talk,111,7,10,Over
1,talk,112,7,14,Over
1,talk,113,7,5,VOTE Agent[14]
1,talk,114,7,4,REQUEST ANY (VOTE Agent[10])
1,talk,115,7,6,VOTE Agent[10]
1,talk,116,7,13,VOTE Agent[14]
1,talk,117,7,1,VOTE Agent[10]
1,talk,118,7,11,Skip
1,talk,119,7,2,VOTE Agent[10]
1,talk,120,8,15,Skip
1,talk,121,8,1,VOTE Agent[10]
1,talk,122,8,5,VOTE Agent[14]
1,talk,123,8,3,VOTE Agent[14]
1,talk,124,8,14,Over
1,talk,125,8,6,VOTE Agent[10]
1,talk,126,8,7,Over
1,talk,127,8,9,Over
1,talk,128,8,4,Skip
1,talk,129,8,13,VOTE Agent[14]
1,talk,130,8,2,VOTE Agent[14]
1,talk,131,8,8,Over
1,talk,132,8,10,Over
1,talk,133,8,11,Over
1,talk,134,8,12,Over
1,talk,135,9,1,Over
1,talk,136,9,6,Over
1,talk,137,9,10,Over
1,talk,138,9,7,Over
1,talk,139,9,13,Over
1,talk,140,9,5,Over
1,talk,141,9,8,Over
1,talk,142,9,9,Over
1,talk,143,9,4,Skip
1,talk,144,9,11,Over
1,talk,145,9,12,Over
1,talk,146,9,14,Over
1,talk,147,9,15,Over
1,talk,148,9,2,Over
1,talk,149,9,3,Over
1,talk,150,10,6,Over
1,talk,151,10,5,Over
1,talk,152,10,10,Over
1,talk,153,10,1,Over
1,talk,154,10,8,Over
1,talk,155,10,9,Over
1,talk,156,10,2,Over
1,talk,157,10,12,Over
1,talk,158,10,4,Over
1,talk,159,10,7,Over
1,talk,160,10,11,Over
1,talk,161,10,15,Over
1,talk,162,10,14,Over
1,talk,163,10,3,Over
1,talk,164,10,13,Over
1,vote,1,10
1,vote,2,15
1,vote,3,14
1,vote,4,10
1,vote,5,14
1,vote,6,10
1,vote,7,10
1,vote,8,10
1,vote,9,4
1,vote,10,14
1,vote,11,6
1,vote,12,10
1,vote,13,14
1,vote,14,10
1,vote,15,10
1,execute,10,WEREWOLF
1,divine,6,11,HUMAN
1,whisper,0,0,15,ATTACK Agent[04]
1,whisper,1,0,14,Skip
1,whisper,2,1,14,Skip
1,whisper,3,1,15,Skip
1,whisper,4,2,14,Over
1,whisper,5,2,15,Skip
1,whisper,6,3,15,Over
1,whisper,7,3,14,Over
1,guard,11,14,WEREWOLF
1,attackVote,14,2
1,attackVote,15,4
1,attackVote,14,2
1,attackVote,15,4
1,attack,4,true
2,status,1,MEDIUM,ALIVE,HALU
2,status,2,VILLAGER,ALIVE,HALU
2,status,3,VILLAGER,ALIVE,OKAMI
2,status,4,POSSESSED,DEAD,SampleJava8
2,status,5,VILLAGER,ALIVE,OKAMI
2,status,6,SEER,ALIVE,OKAMI
2,status,7,VILLAGER,ALIVE,Tomato1
2,status,8,VILLAGER,ALIVE,SampleJava14
2,status,9,VILLAGER,ALIVE,Takeda3
2,status,10,WEREWOLF,DEAD,TOKU11
2,status,11,BODYGUARD,ALIVE,TOKU0
2,status,12,VILLAGER,ALIVE,SampleJava13
2,status,13,VILLAGER,ALIVE,OKAMI
2,status,14,WEREWOLF,ALIVE,Takeda2
2,status,15,WEREWOLF,ALIVE,Tomato10
2,talk,0,0,3,VOTE Agent[14]
2,talk,1,0,11,VOTE Agent[14]
2,talk,2,0,5,VOTE Agent[14]
2,talk,3,0,15,DIVINED Agent[03] HUMAN
2,talk,4,0,7,VOTE Agent[14]
2,talk,5,0,14,DIVINED Agent[06] WEREWOLF
2,talk,6,0,9,VOTE Agent[14]
2,talk,7,0,2,VOTE Agent[15]
2,talk,8,0,12,VOTE Agent[02]
2,talk,9,0,6,VOTE Agent[08]
2,talk,10,0,13,VOTE Agent[15]
2,talk,11,0,1,IDENTIFIED Agent[10] WEREWOLF
2,talk,12,0,8,VOTE Agent[09]
2,talk,13,1,6,VOTE Agent[05]
2,talk,14,1,14,VOTE Agent[06]
2,talk,15,1,3,COMINGOUT Agent[03] VILLAGER
2,talk,16,1,7,Skip
2,talk,17,1,5,COMINGOUT Agent[05] VILLAGER
2,talk,18,1,11,Skip
2,talk,19,1,13,COMINGOUT Agent[13] VILLAGER
2,talk,20,1,9,Skip
2,talk,21,1,8,REQUEST ANY (VOTE Agent[09])
2,talk,22,1,2,VOTE Agent[08]
2,talk,23,1,15,VOTE Agent[14]
2,talk,24,1,12,REQUEST ANY (VOTE Agent[02])
2,talk,25,1,1,VOTE Agent[08]
2,talk,26,2,14,Skip
2,talk,27,2,9,Skip
2,talk,28,2,6,VOTE Agent[08]
2,talk,29,2,11,Skip
2,talk,30,2,2,VOTE Agent[08]
2,talk,31,2,13,VOTE Agent[08]
2,talk,32,2,5,VOTE Agent[08]
2,talk,33,2,1,VOTE Agent[05]
2,talk,34,2,8,Skip
2,talk,35,2,3,VOTE Agent[05]
2,talk,36,2,15,VOTE Agent[08]
2,talk,37,2,12,Skip
2,talk,38,2,7,VOTE Agent[08]
2,talk,39,3,8,Skip
2,talk,40,3,2,VOTE Agent[08]
2,talk,41,3,5,VOTE Agent[08]
2,talk,42,3,11,Over
2,talk,43,3,3,VOTE Agent[05]
2,talk,44,3,1,VOTE Agent[08]
2,talk,45,3,14,VOTE Agent[08]
2,talk,46,3,9,Over
2,talk,47,3,12,Skip
2,talk,48,3,6,VOTE Agent[05]
2,talk,49,3,15,Skip
2,talk,50,3,7,Skip
2,talk,51,3,13,VOTE Agent[05]
2,talk,52,4,2,VOTE Agent[08]
2,talk,53,4,1,VOTE Agent[08]
2,talk,54,4,7,Skip
2,talk,55,4,12,Over
2,talk,56,4,13,VOTE Agent[05]
2,talk,57,4,15,Skip
2,talk,58,4,11,Over
2,talk,59,4,9,Over
2,talk,60,4,14,VOTE Agent[06]
2,talk,61,4,6,VOTE Agent[05]
2,talk,62,4,8,Over
2,talk,63,4,5,VOTE Agent[08]
2,talk,64,4,3,VOTE Agent[05]
2,talk,65,5,5,VOTE Agent[08]
2,talk,66,5,8,Over
2,talk,67,5,11,Over
2,talk,68,5,9,Over
2,talk,69,5,14,Skip
2,talk,70,5,7,Over
2,talk,71,5,1,VOTE Agent[08]
2,talk,72,5,2,VOTE Agent[08]
2,talk,73,5,6,VOTE Agent[05]
2,talk,74,5,15,Over
2,talk,75,5,12,Over
2,talk,76,5,3,VOTE Agent[05]
2,talk,77,5,13,VOTE Agent[05]
2,talk,78,6,15,Over
2,talk,79,6,3,VOTE Agent[05]
2,talk,80,6,11,Over
2,talk,81,6,8,Over
2,talk,82,6,13,VOTE Agent[05]
2,talk,83,6,14,Skip
2,talk,84,6,7,Over
2,talk,85,6,9,Over
2,talk,86,6,1,VOTE Agent[08]
2,talk,87,6,2,VOTE Agent[08]
2,talk,88,6,6,VOTE Agent[05]
2,talk,89,6,12,Over
2,talk,90,6,5,VOTE Agent[08]
2,talk,91,7,12,Over
2,talk,92,7,7,Over
2,talk,93,7,14,Over
2,talk,94,7,3,VOTE Agent[05]
2,talk,95,7,9,Over
2,talk,96,7,5,VOTE Agent[08]
2,talk,97,7,15,Over
2,talk,98,7,8,Over
2,talk,99,7,6,VOTE Agent[05]
2,talk,100,7,11,Over
2,talk,101,7,13,VOTE Agent[05]
2,talk,102,7,1,VOTE Agent[08]
2,talk,103,7,2,VOTE Agent[08]
2,talk,104,8,8,Over
2,talk,105,8,12,Over
2,talk,106,8,7,Over
2,talk,107,8,14,Over
2,talk,108,8,1,VOTE Agent[08]
2,talk,109,8,2,VOTE Agent[08]
2,talk,110,8,5,VOTE Agent[08]
2,talk,111,8,11,Over
2,talk,112,8,3,VOTE Agent[05]
2,talk,113,8,15,Over
2,talk,114,8,6,VOTE Agent[05]
2,talk,115,8,9,Over
2,talk,116,8,13,VOTE Agent[05]
2,talk,117,9,15,Over
2,talk,118,9,14,Over
2,talk,119,9,5,Over
2,talk,120,9,13,Over
2,talk,121,9,2,Over
2,talk,122,9,9,Over
2,talk,123,9,8,Over
2,talk,124,9,11,Over
2,talk,125,9,12,Over
2,talk,126,9,3,Over
2,talk,127,9,6,Over
2,talk,128,9,1,Over
2,talk,129,9,7,Over
2,vote,1,8
2,vote,2,5
2,vote,3,5
2,vote,5,8
2,vote,6,5
2,vote,7,8
2,vote,8,2
2,vote,9,14
2,vote,11,14
2,vote,12,9
2,vote,13,5
2,vote,14,6
2,vote,15,8
2,vote,1,8
2,vote,2,5
2,vote,3,5
2,vote,5,8
2,vote,6,5
2,vote,7,8
2,vote,8,5
2,vote,9,14
2,vote,11,14
2,vote,12,5
2,vote,13,5
2,vote,14,6
2,vote,15,8
2,execute,5,VILLAGER
2,divine,6,8,HUMAN
2,whisper,0,0,14,Skip
2,whisper,1,0,15,ATTACK Agent[01]
2,whisper,2,1,14,Skip
2,whisper,3,1,15,Skip
2,whisper,4,2,15,Skip
2,whisper,5,2,14,Over
2,whisper,6,3,14,Over
2,whisper,7,3,15,Over
2,guard,11,6,SEER
2,attackVote,14,2
2,attackVote,15,1
2,attackVote,14,2
2,attackVote,15,1
2,attack,1,true
3,status,1,MEDIUM,DEAD,HALU
3,status,2,VILLAGER,ALIVE,HALU
3,status,3,VILLAGER,ALIVE,OKAMI
3,status,4,POSSESSED,DEAD,SampleJava8
3,status,5,VILLAGER,DEAD,OKAMI
3,status,6,SEER,ALIVE,OKAMI
3,status,7,VILLAGER,ALIVE,Tomato1
3,status,8,VILLAGER,ALIVE,SampleJava14
3,status,9,VILLAGER,ALIVE,Takeda3
3,status,10,WEREWOLF,DEAD,TOKU11
3,status,11,BODYGUARD,ALIVE,TOKU0
3,status,12,VILLAGER,ALIVE,SampleJava13
3,status,13,VILLAGER,ALIVE,OKAMI
3,status,14,WEREWOLF,ALIVE,Takeda2
3,status,15,WEREWOLF,ALIVE,Tomato10
3,talk,0,0,12,VOTE Agent[08]
3,talk,1,0,8,VOTE Agent[13]
3,talk,2,0,13,VOTE Agent[08]
3,talk,3,0,7,VOTE Agent[14]
3,talk,4,0,2,VOTE Agent[08]
3,talk,5,0,15,DIVINED Agent[12] HUMAN
3,talk,6,0,14,DIVINED Agent[09] WEREWOLF
3,talk,7,0,11,VOTE Agent[14]
3,talk,8,0,6,VOTE Agent[08]
3,talk,9,0,3,VOTE Agent[08]
3,talk,10,0,9,VOTE Agent[14]
3,talk,11,1,12,REQUEST ANY (VOTE Agent[08])
3,talk,12,1,6,VOTE Agent[08]
3,talk,13,1,7,Skip
3,talk,14,1,14,VOTE Agent[06]
3,talk,15,1,13,COMINGOUT Agent[13] VILLAGER
3,talk,16,1,15,VOTE Agent[08]
3,talk,17,1,2,VOTE Agent[08]
3,talk,18,1,3,COMINGOUT Agent[03] VILLAGER
3,talk,19,1,11,Skip
3,talk,20,1,9,Skip
3,talk,21,1,8,REQUEST ANY (VOTE Agent[13])
3,talk,22,2,13,VOTE Agent[08]
3,talk,23,2,9,Skip
3,talk,24,2,3,VOTE Agent[08]
3,talk,25,2,11,Skip
3,talk,26,2,7,Skip
3,talk,27,2,2,VOTE Agent[08]
3,talk,28,2,8,Skip
3,talk,29,2,6,VOTE Agent[08]
3,talk,30,2,15,Skip
3,talk,31,2,12,Skip
3,talk,32,2,14,VOTE Agent[08]
3,talk,33,3,11,Over
3,talk,34,3,6,VOTE Agent[08]
3,talk,35,3,9,Over
3,talk,36,3,3,VOTE Agent[08]
3,talk,37,3,12,Skip
3,talk,38,3,7,Over
3,talk,39,3,2,VOTE Agent[08]
3,talk,40,3,14,Skip
3,talk,41,3,13,VOTE Agent[08]
3,talk,42,3,15,Skip
3,talk,43,3,8,Skip
3,talk,44,4,2,VOTE Agent[08]
3,talk,45,4,6,VOTE Agent[08]
3,talk,46,4,15,Over
3,talk,47,4,9,Over
3,talk,48,4,7,Over
3,talk,49,4,14,Skip
3,talk,50,4,13,VOTE Agent[08]
3,talk,51,4,11,Over
3,talk,52,4,12,Over
3,talk,53,4,3,VOTE Agent[08]
3,talk,54,4,8,Over
3,talk,55,5,2,VOTE Agent[08]
3,talk,56,5,14,Over
3,talk,57,5,11,Over
3,talk,58,5,12,Over
3,talk,59,5,8,Over
3,talk,60,5,6,VOTE Agent[08]
3,talk,61,5,3,VOTE Agent[08]
3,talk,62,5,9,Over
3,talk,63,5,7,Over
3,talk,64,5,13,VOTE Agent[08]
3,talk,65,5,15,Over
3,talk,66,6,8,Over
3,talk,67,6,11,Over
3,talk,68,6,6,VOTE Agent[08]
3,talk,69,6,15,Over
3,talk,70,6,14,Over
3,talk,71,6,12,Over
3,talk,72,6,7,Over
3,talk,73,6,3,VOTE Agent[08]
3,talk,74,6,13,VOTE Agent[08]
3,talk,75,6,2,VOTE Agent[08]
3,talk,76,6,9,Over
3,talk,77,7,14,Over
3,talk,78,7,2,VOTE Agent[08]
3,talk,79,7,6,VOTE Agent[08]
3,talk,80,7,7,Over
3,talk,81,7,15,Over
3,talk,82,7,12,Over
3,talk,83,7,3,VOTE Agent[08]
3,talk,84,7,13,VOTE Agent[08]
3,talk,85,7,9,Over
3,talk,86,7,8,Over
3,talk,87,7,11,Over
3,talk,88,8,9,Over
3,talk,89,8,8,Over
3,talk,90,8,13,VOTE Agent[08]
3,talk,91,8,12,Over
3,talk,92,8,6,VOTE Agent[08]
3,talk,93,8,14,Over
3,talk,94,8,2,VOTE Agent[08]
3,talk,95,8,3,VOTE Agent[08]
3,talk,96,8,7,Over
3,talk,97,8,15,Over
3,talk,98,8,11,Over
3,talk,99,9,9,Over
3,talk,100,9,11,Over
3,talk,101,9,12,Over
3,talk,102,9,8,Over
3,talk,103,9,3,Over
3,talk,104,9,15,Over
3,talk,105,9,6,Over
3,talk,106,9,2,Over
3,talk,107,9,14,Over
3,talk,108,9,13,Over
3,talk,109,9,7,Over
3,vote,2,8
3,vote,3,8
3,vote,6,8
3,vote,7,14
3,vote,8,2
3,vote,9,8
3,vote,11,8
3,vote,12,13
3,vote,13,8
3,vote,14,8
3,vote,15,8
3,execute,8,VILLAGER
3,divine,6,9,HUMAN
3,whisper,0,0,14,Skip
3,whisper,1,0,15,ATTACK Agent[02]
3,whisper,2,1,14,Skip
3,whisper,3,1,15,Skip
3,whisper,4,2,14,Over
3,whisper,5,2,15,Skip
3,whisper,6,3,14,Over
3,whisper,7,3,15,Over
3,guard,11,6,SEER
3,attackVote,14,2
3,attackVote,15,2
3,attack,2,true
4,status,1,MEDIUM,DEAD,HALU
4,status,2,VILLAGER,DEAD,HALU
4,status,3,VILLAGER,ALIVE,OKAMI
4,status,4,POSSESSED,DEAD,SampleJava8
4,status,5,VILLAGER,DEAD,OKAMI
4,status,6,SEER,ALIVE,OKAMI
4,status,7,VILLAGER,ALIVE,Tomato1
4,status,8,VILLAGER,DEAD,SampleJava14
4,status,9,VILLAGER,ALIVE,Takeda3
4,status,10,WEREWOLF,DEAD,TOKU11
4,status,11,BODYGUARD,ALIVE,TOKU0
4,status,12,VILLAGER,ALIVE,SampleJava13
4,status,13,VILLAGER,ALIVE,OKAMI
4,status,14,WEREWOLF,ALIVE,Takeda2
4,status,15,WEREWOLF,ALIVE,Tomato10
4,talk,0,0,3,VOTE Agent[09]
4,talk,1,0,14,DIVINED Agent[11] WEREWOLF
4,talk,2,0,12,VOTE Agent[13]
4,talk,3,0,11,VOTE Agent[14]
4,talk,4,0,9,VOTE Agent[14]
4,talk,5,0,15,DIVINED Agent[13] HUMAN
4,talk,6,0,7,VOTE Agent[14]
4,talk,7,0,13,VOTE Agent[09]
4,talk,8,0,6,VOTE Agent[14]
4,talk,9,1,6,VOTE Agent[14]
4,talk,10,1,9,Skip
4,talk,11,1,15,VOTE Agent[09]
4,talk,12,1,14,VOTE Agent[06]
4,talk,13,1,3,COMINGOUT Agent[03] VILLAGER
4,talk,14,1,7,Skip
4,talk,15,1,13,COMINGOUT Agent[13] VILLAGER
4,talk,16,1,12,REQUEST ANY (VOTE Agent[13])
4,talk,17,1,11,Skip
4,talk,18,2,6,VOTE Agent[14]
4,talk,19,2,12,Skip
4,talk,20,2,3,VOTE Agent[06]
4,talk,21,2,9,Skip
4,talk,22,2,11,Skip
4,talk,23,2,7,Skip
4,talk,24,2,14,Skip
4,talk,25,2,15,Skip
4,talk,26,2,13,VOTE Agent[09]
4,talk,27,3,15,Skip
4,talk,28,3,9,Over
4,talk,29,3,3,VOTE Agent[06]
4,talk,30,3,12,Skip
4,talk,31,3,13,VOTE Agent[09]
4,talk,32,3,7,Over
4,talk,33,3,6,VOTE Agent[14]
4,talk,34,3,14,Skip
4,talk,35,3,11,Over
4,talk,36,4,12,Over
4,talk,37,4,14,Over
4,talk,38,4,11,Over
4,talk,39,4,9,Over
4,talk,40,4,3,VOTE Agent[06]
4,talk,41,4,13,VOTE Agent[09]
4,talk,42,4,15,Over
4,talk,43,4,7,Over
4,talk,44,4,6,VOTE Agent[14]
4,talk,45,5,6,VOTE Agent[14]
4,talk,46,5,3,VOTE Agent[06]
4,talk,47,5,14,Over
4,talk,48,5,7,Over
4,talk,49,5,9,Over
4,talk,50,5,12,Over
4,talk,51,5,15,Over
4,talk,52,5,13,VOTE Agent[09]
4,talk,53,5,11,Over
4,talk,54,6,11,Over
4,talk,55,6,7,Over
4,talk,56,6,9,Over
4,talk,57,6,6,VOTE Agent[14]
4,talk,58,6,3,VOTE Agent[06]
4,talk,59,6,15,Over
4,talk,60,6,12,Over
4,talk,61,6,14,Over
4,talk,62,6,13,VOTE Agent[09]
4,talk,63,7,11,Over
4,talk,64,7,14,Over
4,talk,65,7,9,Over
4,talk,66,7,7,Over
4,talk,67,7,3,VOTE Agent[06]
4,talk,68,7,13,VOTE Agent[09]
4,talk,69,7,15,Over
4,talk,70,7,12,Over
4,talk,71,7,6,VOTE Agent[14]
4,talk,72,8,9,Over
4,talk,73,8,6,VOTE Agent[14]
4,talk,74,8,13,VOTE Agent[09]
4,talk,75,8,12,Over
4,talk,76,8,11,Over
4,talk,77,8,15,VOTE Agent[06]
4,talk,78,8,14,Over
4,talk,79,8,7,Over
4,talk,80,8,3,VOTE Agent[09]
4,talk,81,9,12,Over
4,talk,82,9,11,Over
4,talk,83,9,13,Over
4,talk,84,9,14,Over
4,talk,85,9,9,Over
4,talk,86,9,7,Over
4,talk,87,9,6,Over
4,talk,88,9,3,Over
4,talk,89,9,15,VOTE Agent[09]
4,talk,90,10,14,Over
4,talk,91,10,9,Over
4,talk,92,10,12,Over
4,talk,93,10,7,Over
4,talk,94,10,13,Over
4,talk,95,10,11,Over
4,talk,96,10,3,Over
4,talk,97,10,15,Skip
4,talk,98,10,6,Over
4,talk,99,11,12,Over
4,talk,100,11,3,Over
4,talk,101,11,11,Over
4,talk,102,11,14,Over
4,talk,103,11,13,Over
4,talk,104,11,9,Over
4,talk,105,11,15,Skip
4,talk,106,11,6,Over
4,talk,107,11,7,Over
4,talk,108,12,15,Over
4,talk,109,12,11,Over
4,talk,110,12,3,Over
4,talk,111,12,12,Over
4,talk,112,12,9,Over
4,talk,113,12,13,Over
4,talk,114,12,7,Over
4,talk,115,12,14,Over
4,talk,116,12,6,Over
4,vote,3,6
4,vote,6,14
4,vote,7,14
4,vote,9,14
4,vote,11,14
4,vote,12,6
4,vote,13,6
4,vote,14,6
4,vote,15,9
4,vote,3,6
4,vote,6,14
4,vote,7,14
4,vote,9,14
4,vote,11,14
4,vote,12,6
4,vote,13,6
4,vote,14,6
4,vote,15,9
4,execute,6,SEER
4,whisper,0,0,14,Skip
4,whisper,1,0,15,ATTACK Agent[03]
4,whisper,2,1,15,Skip
4,whisper,3,1,14,Skip
4,whisper,4,2,15,Skip
4,whisper,5,2,14,Over
4,whisper,6,3,14,Over
4,whisper,7,3,15,Over
4,guard,11,6,SEER
4,attackVote,14,12
4,attackVote,15,3
4,attackVote,14,12
4,attackVote,15,3
4,attack,12,true
5,status,1,MEDIUM,DEAD,HALU
5,status,2,VILLAGER,DEAD,HALU
5,status,3,VILLAGER,ALIVE,OKAMI
5,status,4,POSSESSED,DEAD,SampleJava8
5,status,5,VILLAGER,DEAD,OKAMI
5,status,6,SEER,DEAD,OKAMI
5,status,7,VILLAGER,ALIVE,Tomato1
5,status,8,VILLAGER,DEAD,SampleJava14
5,status,9,VILLAGER,ALIVE,Takeda3
5,status,10,WEREWOLF,DEAD,TOKU11
5,status,11,BODYGUARD,ALIVE,TOKU0
5,status,12,VILLAGER,DEAD,SampleJava13
5,status,13,VILLAGER,ALIVE,OKAMI
5,status,14,WEREWOLF,ALIVE,Takeda2
5,status,15,WEREWOLF,ALIVE,Tomato10
5,talk,0,0,13,VOTE Agent[03]
5,talk,1,0,11,VOTE Agent[14]
5,talk,2,0,7,VOTE Agent[14]
5,talk,3,0,14,DIVINED Agent[07] WEREWOLF
5,talk,4,0,9,VOTE Agent[14]
5,talk,5,0,15,DIVINED Agent[09] HUMAN
5,talk,6,0,3,VOTE Agent[14]
5,talk,7,1,7,Skip
5,talk,8,1,14,VOTE Agent[09]
5,talk,9,1,13,COMINGOUT Agent[13] VILLAGER
5,talk,10,1,15,VOTE Agent[09]
5,talk,11,1,9,Skip
5,talk,12,1,11,Skip
5,talk,13,1,3,COMINGOUT Agent[03] VILLAGER
5,talk,14,2,11,VOTE Agent[15]
5,talk,15,2,7,Skip
5,talk,16,2,9,VOTE Agent[15]
5,talk,17,2,13,VOTE Agent[14]
5,talk,18,2,15,Skip
5,talk,19,2,14,Skip
5,talk,20,2,3,VOTE Agent[14]
5,talk,21,3,3,VOTE Agent[14]
5,talk,22,3,14,Skip
5,talk,23,3,15,Skip
5,talk,24,3,13,VOTE Agent[14]
5,talk,25,3,11,Skip
5,talk,26,3,9,Skip
5,talk,27,3,7,Over
5,talk,28,4,7,Over
5,talk,29,4,11,Skip
5,talk,30,4,3,VOTE Agent[14]
5,talk,31,4,15,Over
5,talk,32,4,9,Skip
5,talk,33,4,13,VOTE Agent[14]
5,talk,34,4,14,Over
5,talk,35,5,9,Over
5,talk,36,5,13,VOTE Agent[14]
5,talk,37,5,3,VOTE Agent[14]
5,talk,38,5,11,Over
5,talk,39,5,15,Over
5,talk,40,5,7,Over
5,talk,41,5,14,Over
5,talk,42,6,11,Over
5,talk,43,6,3,VOTE Agent[14]
5,talk,44,6,13,VOTE Agent[14]
5,talk,45,6,15,Over
5,talk,46,6,7,Over
5,talk,47,6,9,Over
5,talk,48,6,14,Over
5,talk,49,7,11,Over
5,talk,50,7,15,Over
5,talk,51,7,7,Over
5,talk,52,7,3,VOTE Agent[14]
5,talk,53,7,14,Over
5,talk,54,7,13,VOTE Agent[14]
5,talk,55,7,9,Over
5,talk,56,8,15,Over
5,talk,57,8,11,Over
5,talk,58,8,9,Over
5,talk,59,8,3,VOTE Agent[14]
5,talk,60,8,13,VOTE Agent[14]
5,talk,61,8,7,Over
5,talk,62,8,14,Over
5,talk,63,9,14,Over
5,talk,64,9,11,Over
5,talk,65,9,13,Over
5,talk,66,9,15,Over
5,talk,67,9,9,Over
5,talk,68,9,7,Over
5,talk,69,9,3,Over
5,vote,3,14
5,vote,7,14
5,vote,9,14
5,vote,11,14
5,vote,13,14
5,vote,14,9
5,vote,15,9
5,execute,14,WEREWOLF
5,guard,11,15,WEREWOLF
5,attack,13,true
6,status,1,MEDIUM,DEAD,HALU
6,status,2,VILLAGER,DEAD,HALU
6,status,3,VILLAGER,ALIVE,OKAMI
6,status,4,POSSESSED,DEAD,SampleJava8
6,status,5,VILLAGER,DEAD,OKAMI
6,status,6,SEER,DEAD,OKAMI
6,status,7,VILLAGER,ALIVE,Tomato1
6,status,8,VILLAGER,DEAD,SampleJava14
6,status,9,VILLAGER,ALIVE,Takeda3
6,status,10,WEREWOLF,DEAD,TOKU11
6,status,11,BODYGUARD,ALIVE,TOKU0
6,status,12,VILLAGER,DEAD,SampleJava13
6,status,13,VILLAGER,DEAD,OKAMI
6,status,14,WEREWOLF,DEAD,Takeda2
6,status,15,WEREWOLF,ALIVE,Tomato10
6,talk,0,0,7,VOTE Agent[15]
6,talk,1,0,9,VOTE Agent[15]
6,talk,2,0,11,VOTE Agent[15]
6,talk,3,0,3,VOTE Agent[11]
6,talk,4,0,15,DIVINED Agent[11] HUMAN
6,talk,5,1,3,COMINGOUT Agent[03] VILLAGER
6,talk,6,1,11,Skip
6,talk,7,1,15,VOTE Agent[11]
6,talk,8,1,7,Skip
6,talk,9,1,9,Skip
6,talk,10,2,9,Skip
6,talk,11,2,3,VOTE Agent[11]
6,talk,12,2,7,Skip
6,talk,13,2,11,Skip
6,talk,14,2,15,Skip
6,talk,15,3,11,Over
6,talk,16,3,7,Over
6,talk,17,3,9,Over
6,talk,18,3,3,VOTE Agent[11]
6,talk,19,3,15,Skip
6,talk,20,4,11,Over
6,talk,21,4,9,Over
6,talk,22,4,3,VOTE Agent[11]
6,talk,23,4,15,Over
6,talk,24,4,7,Over
6,talk,25,5,11,Over
6,talk,26,5,9,Over
6,talk,27,5,3,VOTE Agent[11]
6,talk,28,5,7,Over
6,talk,29,5,15,Over
6,talk,30,6,3,VOTE Agent[11]
6,talk,31,6,11,Over
6,talk,32,6,7,Over
6,talk,33,6,15,Over
6,talk,34,6,9,Over
6,talk,35,7,7,Over
6,talk,36,7,3,VOTE Agent[11]
6,talk,37,7,11,Over
6,talk,38,7,15,Over
6,talk,39,7,9,Over
6,talk,40,8,15,Over
6,talk,41,8,3,VOTE Agent[11]
6,talk,42,8,9,Over
6,talk,43,8,11,Over
6,talk,44,8,7,Over
6,talk,45,9,11,Over
6,talk,46,9,15,Over
6,talk,47,9,3,Over
6,talk,48,9,9,Over
6,talk,49,9,7,Over
6,vote,3,11
6,vote,7,15
6,vote,9,15
6,vote,11,15
6,vote,15,11
6,execute,15,WEREWOLF
6,guard,11,3,VILLAGER
7,status,1,MEDIUM,DEAD,HALU
7,status,2,VILLAGER,DEAD,HALU
7,status,3,VILLAGER,ALIVE,OKAMI
7,status,4,POSSESSED,DEAD,SampleJava8
7,status,5,VILLAGER,DEAD,OKAMI
7,status,6,SEER,DEAD,OKAMI
7,status,7,VILLAGER,ALIVE,Tomato1
7,status,8,VILLAGER,DEAD,SampleJava14
7,status,9,VILLAGER,ALIVE,Takeda3
7,status,10,WEREWOLF,DEAD,TOKU11
7,status,11,BODYGUARD,ALIVE,TOKU0
7,status,12,VILLAGER,DEAD,SampleJava13
7,status,13,VILLAGER,DEAD,OKAMI
7,status,14,WEREWOLF,DEAD,Takeda2
7,status,15,WEREWOLF,DEAD,Tomato10
7,result,4,0,VILLAGER
