0,status,1,VILLAGER,ALIVE,OKAMI
0,status,2,VILLAGER,ALIVE,SampleJava5
0,status,3,VILLAGER,ALIVE,OKAMI
0,status,4,POSSESSED,ALIVE,TOKU1
0,status,5,VILLAGER,ALIVE,Takeda11
0,status,6,WEREWOLF,ALIVE,HALU
0,status,7,VILLAGER,ALIVE,sample_py
0,status,8,SEER,ALIVE,Takeda3
0,status,9,VILLAGER,ALIVE,TOKU8
0,status,10,BODYGUARD,ALIVE,SampleJava7
0,status,11,WEREWOLF,ALIVE,Tomato13
0,status,12,VILLAGER,ALIVE,HALU
0,status,13,MEDIUM,ALIVE,TOKU14
0,status,14,VILLAGER,ALIVE,Takeda6
0,status,15,WEREWOLF,ALIVE,OKAMI
0,whisper,0,0,11,COMINGOUT Agent[11] VILLAGER
0,whisper,1,0,15,COMINGOUT Agent[15] VILLAGER
0,whisper,2,0,6,COMINGOUT Agent[06] MEDIUM
0,whisper,3,1,11,Skip
0,whisper,4,1,15,Skip
0,whisper,5,1,6,Skip
0,whisper,6,2,15,Skip
0,whisper,7,2,11,Skip
0,whisper,8,2,6,Skip
0,whisper,9,3,11,COMINGOUT Agent[11] SEER
0,whisper,10,3,15,Over
0,whisper,11,3,6,Over
0,whisper,12,4,15,Over
0,whisper,13,4,6,Over
0,whisper,14,4,11,Skip
0,whisper,15,5,15,Over
0,whisper,16,5,6,Over
0,whisper,17,5,11,Skip
0,whisper,18,6,6,Over
0,whisper,19,6,15,Over
0,whisper,20,6,11,Over
0,divine,8,14,HUMAN
1,status,1,VILLAGER,ALIVE,OKAMI
1,status,2,VILLAGER,ALIVE,SampleJava5
1,status,3,VILLAGER,ALIVE,OKAMI
1,status,4,POSSESSED,ALIVE,TOKU1
1,status,5,VILLAGER,ALIVE,Takeda11
1,status,6,WEREWOLF,ALIVE,HALU
1,status,7,VILLAGER,ALIVE,sample_py
1,status,8,SEER,ALIVE,Takeda3
1,status,9,VILLAGER,ALIVE,TOKU8
1,status,10,BODYGUARD,ALIVE,SampleJava7
1,status,11,WEREWOLF,ALIVE,Tomato13
1,status,12,VILLAGER,ALIVE,HALU
1,status,13,MEDIUM,ALIVE,TOKU14
1,status,14,VILLAGER,ALIVE,Takeda6
1,status,15,WEREWOLF,ALIVE,OKAMI
1,talk,0,0,10,VOTE Agent[02]
1,talk,1,0,2,VOTE Agent[09]
1,talk,2,0,5,VOTE Agent[02]
1,talk,3,0,9,VOTE Agent[02]
1,talk,4,0,8,COMINGOUT Agent[08] SEER
1,talk,5,0,11,COMINGOUT Agent[11] SEER
1,talk,6,0,12,VOTE Agent[09]
1,talk,7,0,6,COMINGOUT Agent[06] MEDIUM
1,talk,8,0,7,VOTE Agent[10]
1,talk,9,0,1,VOTE Agent[09]
1,talk,10,0,13,COMINGOUT Agent[13] MEDIUM
1,talk,11,0,3,VOTE Agent[02]
1,talk,12,0,14,VOTE Agent[04]
1,talk,13,0,15,VOTE Agent[06]
1,talk,14,0,4,COMINGOUT Agent[04] SEER
1,talk,15,1,2,REQUEST ANY (VOTE Agent[09])
1,talk,16,1,11,DIVINED Agent[05] HUMAN
1,talk,17,1,5,VOTE Agent[04]
1,talk,18,1,8,DIVINED Agent[14] HUMAN
1,talk,19,1,15,VOTE Agent[13]
1,talk,20,1,4,DIVINED Agent[02] WEREWOLF
1,talk,21,1,6,VOTE Agent[13]
1,talk,22,1,1,COMINGOUT Agent[01] VILLAGER
1,talk,23,1,9,VOTE Agent[06]
1,talk,24,1,7,VOTE Agent[02]
1,talk,25,1,14,VOTE Agent[11]
1,talk,26,1,10,REQUEST ANY (VOTE Agent[02])
1,talk,27,1,12,VOTE Agent[08]
1,talk,28,1,13,VOTE Agent[06]
1,talk,29,1,3,COMINGOUT Agent[03] VILLAGER
1,talk,30,2,7,Skip
1,talk,31,2,10,Skip
1,talk,32,2,1,VOTE Agent[11]
1,talk,33,2,3,VOTE Agent[04]
1,talk,34,2,12,VOTE Agent[11]
1,talk,35,2,9,VOTE Agent[11]
1,talk,36,2,15,VOTE Agent[13]
1,talk,37,2,11,VOTE Agent[04]
1,talk,38,2,8,VOTE Agent[06]
1,talk,39,2,13,Skip
1,talk,40,2,6,VOTE Agent[13]
1,talk,41,2,14,VOTE Agent[06]
1,talk,42,2,4,VOTE Agent[02]
1,talk,43,2,2,BECAUSE (AND (COMINGOUT Agent[02] VILLAGER) (DAY 1 (Agent[04] DIVINED Agent[02] WEREWOLF))) (XOR (ESTIMATE Agent[04] WEREWOLF) (ESTIMATE Agent[04] POSSESSED))
1,talk,44,2,5,VOTE Agent[06]
1,talk,45,3,13,Skip
1,talk,46,3,7,Skip
1,talk,47,3,15,VOTE Agent[06]
1,talk,48,3,9,VOTE Agent[06]
1,talk,49,3,2,BECAUSE (XOR (ESTIMATE Agent[04] WEREWOLF) (ESTIMATE Agent[04] POSSESSED)) (AND (VOTE Agent[04]) (REQUEST ANY (VOTE Agent[04])))
1,talk,50,3,10,Skip
1,talk,51,3,12,VOTE Agent[04]
1,talk,52,3,8,VOTE Agent[06]
1,talk,53,3,4,Skip
1,talk,54,3,14,Skip
1,talk,55,3,5,Skip
1,talk,56,3,3,VOTE Agent[11]
1,talk,57,3,6,VOTE Agent[13]
1,talk,58,3,11,VOTE Agent[06]
1,talk,59,3,1,VOTE Agent[11]
1,talk,60,4,7,Over
1,talk,61,4,2,VOTE Agent[04]
1,talk,62,4,13,Over
1,talk,63,4,10,Over
1,talk,64,4,1,VOTE Agent[11]
1,talk,65,4,4,Skip
1,talk,66,4,11,Skip
1,talk,67,4,6,VOTE Agent[13]
1,talk,68,4,12,VOTE Agent[04]
1,talk,69,4,5,Skip
1,talk,70,4,14,Skip
1,talk,71,4,3,VOTE Agent[11]
1,talk,72,4,9,Skip
1,talk,73,4,8,VOTE Agent[06]
1,talk,74,4,15,VOTE Agent[06]
1,talk,75,5,15,VOTE Agent[06]
1,talk,76,5,9,Skip
1,talk,77,5,11,Skip
1,talk,78,5,8,VOTE Agent[06]
1,talk,79,5,13,Over
1,talk,80,5,12,VOTE Agent[04]
1,talk,81,5,4,Over
1,talk,82,5,14,Over
1,talk,83,5,7,Over
1,talk,84,5,3,VOTE Agent[11]
1,talk,85,5,1,VOTE Agent[11]
1,talk,86,5,2,REQUEST ANY (VOTE Agent[04])
1,talk,87,5,6,VOTE Agent[13]
1,talk,88,5,10,Over
1,talk,89,5,5,Over
1,talk,90,6,2,Skip
1,talk,91,6,14,Over
1,talk,92,6,6,VOTE Agent[13]
1,talk,93,6,3,VOTE Agent[11]
1,talk,94,6,8,VOTE Agent[06]
1,talk,95,6,4,Over
1,talk,96,6,5,Over
1,talk,97,6,11,Over
1,talk,98,6,15,VOTE Agent[06]
1,talk,99,6,13,Over
1,talk,100,6,9,Over
1,talk,101,6,7,Over
1,talk,102,6,1,VOTE Agent[11]
1,talk,103,6,10,Over
1,talk,104,6,12,VOTE Agent[04]
1,talk,105,7,1,VOTE Agent[11]
1,talk,106,7,11,Over
1,talk,107,7,5,Over
1,talk,108,7,9,Over
1,talk,109,7,12,VOTE Agent[04]
1,talk,110,7,4,Over
1,talk,111,7,3,VOTE Agent[11]
1,talk,112,7,14,Over
1,talk,113,7,15,VOTE Agent[06]
1,talk,114,7,10,Over
1,talk,115,7,2,Skip
1,talk,116,7,7,Over
1,talk,117,7,13,Over
1,talk,118,7,6,VOTE Agent[13]
1,talk,119,7,8,VOTE Agent[06]
1,talk,120,8,13,Over
1,talk,121,8,3,VOTE Agent[11]
1,talk,122,8,14,Over
1,talk,123,8,15,VOTE Agent[06]
1,talk,124,8,4,Over
1,talk,125,8,6,VOTE Agent[13]
1,talk,126,8,7,Over
1,talk,127,8,12,VOTE Agent[04]
1,talk,128,8,2,Over
1,talk,129,8,5,Over
1,talk,130,8,1,VOTE Agent[11]
1,talk,131,8,10,Over
1,talk,132,8,8,VOTE Agent[06]
1,talk,133,8,11,Over
1,talk,134,8,9,Over
1,talk,135,9,5,Over
1,talk,136,9,3,Over
1,talk,137,9,13,Over
1,talk,138,9,4,Over
1,talk,139,9,1,Over
1,talk,140,9,11,Over
1,talk,141,9,15,Over
1,talk,142,9,2,Over
1,talk,143,9,14,Over
1,talk,144,9,7,Over
1,talk,145,9,10,Over
1,talk,146,9,8,VOTE Agent[06]
1,talk,147,9,12,Over
1,talk,148,9,9,Over
1,talk,149,9,6,Over
1,talk,150,10,7,Over
1,talk,151,10,2,Over
1,talk,152,10,10,Over
1,talk,153,10,12,Over
1,talk,154,10,8,Over
1,talk,155,10,14,Over
1,talk,156,10,11,Over
1,talk,157,10,4,Over
1,talk,158,10,3,Over
1,talk,159,10,5,Over
1,talk,160,10,6,Over
1,talk,161,10,13,Over
1,talk,162,10,1,Over
1,talk,163,10,9,Over
1,talk,164,10,15,Over
1,vote,1,11
1,vote,2,4
1,vote,3,11
1,vote,4,13
1,vote,5,6
1,vote,6,13
1,vote,7,2
1,vote,8,6
1,vote,9,6
1,vote,10,4
1,vote,11,6
1,vote,12,4
1,vote,13,6
1,vote,14,6
1,vote,15,6
1,execute,6,WEREWOLF
1,divine,8,4,HUMAN
1,whisper,0,0,15,ATTACK Agent[08]
1,whisper,1,0,11,ATTACK Agent[08]
1,whisper,2,1,11,Skip
1,whisper,3,1,15,Skip
1,whisper,4,2,15,Skip
1,whisper,5,2,11,Skip
1,whisper,6,3,11,Over
1,whisper,7,3,15,Over
1,guard,10,4,POSSESSED
1,attackVote,11,8
1,attackVote,15,8
1,attack,8,true
2,status,1,VILLAGER,ALIVE,OKAMI
2,status,2,VILLAGER,ALIVE,SampleJava5
2,status,3,VILLAGER,ALIVE,OKAMI
2,status,4,POSSESSED,ALIVE,TOKU1
2,status,5,VILLAGER,ALIVE,Takeda11
2,status,6,WEREWOLF,DEAD,HALU
2,status,7,VILLAGER,ALIVE,sample_py
2,status,8,SEER,DEAD,Takeda3
2,status,9,VILLAGER,ALIVE,TOKU8
2,status,10,BODYGUARD,ALIVE,SampleJava7
2,status,11,WEREWOLF,ALIVE,Tomato13
2,status,12,VILLAGER,ALIVE,HALU
2,status,13,MEDIUM,ALIVE,TOKU14
2,status,14,VILLAGER,ALIVE,Takeda6
2,status,15,WEREWOLF,ALIVE,OKAMI
2,talk,0,0,14,VOTE Agent[04]
2,talk,1,0,7,VOTE Agent[02]
2,talk,2,0,3,VOTE Agent[04]
2,talk,3,0,15,VOTE Agent[13]
2,talk,4,0,12,VOTE Agent[04]
2,talk,5,0,4,DIVINED Agent[05] HUMAN
2,talk,6,0,11,DIVINED Agent[14] HUMAN
2,talk,7,0,9,VOTE Agent[04]
2,talk,8,0,10,VOTE Agent[11]
2,talk,9,0,1,VOTE Agent[11]
2,talk,10,0,13,IDENTIFIED Agent[06] WEREWOLF
2,talk,11,0,5,VOTE Agent[04]
2,talk,12,0,2,BECAUSE (AND (COMINGOUT Agent[02] VILLAGER) (DAY 1 (Agent[04] DIVINED Agent[02] WEREWOLF))) (XOR (ESTIMATE Agent[04] WEREWOLF) (ESTIMATE Agent[04] POSSESSED))
2,talk,13,1,4,VOTE Agent[02]
2,talk,14,1,13,VOTE Agent[04]
2,talk,15,1,14,Skip
2,talk,16,1,5,Skip
2,talk,17,1,1,COMINGOUT Agent[01] VILLAGER
2,talk,18,1,10,REQUEST ANY (VOTE Agent[11])
2,talk,19,1,15,VOTE Agent[13]
2,talk,20,1,3,COMINGOUT Agent[03] VILLAGER
2,talk,21,1,9,Skip
2,talk,22,1,11,VOTE Agent[04]
2,talk,23,1,7,Skip
2,talk,24,1,12,VOTE Agent[04]
2,talk,25,1,2,BECAUSE (XOR (ESTIMATE Agent[04] WEREWOLF) (ESTIMATE Agent[04] POSSESSED)) (AND (VOTE Agent[04]) (REQUEST ANY (VOTE Agent[04])))
2,talk,26,2,11,Skip
2,talk,27,2,7,Skip
2,talk,28,2,2,VOTE Agent[04]
2,talk,29,2,15,VOTE Agent[13]
2,talk,30,2,4,Skip
2,talk,31,2,12,VOTE Agent[04]
2,talk,32,2,9,Skip
2,talk,33,2,5,Skip
2,talk,34,2,10,Skip
2,talk,35,2,1,VOTE Agent[11]
2,talk,36,2,14,Skip
2,talk,37,2,13,Skip
2,talk,38,2,3,VOTE Agent[11]
2,talk,39,3,15,VOTE Agent[13]
2,talk,40,3,9,Over
2,talk,41,3,5,Over
2,talk,42,3,10,Skip
2,talk,43,3,7,Over
2,talk,44,3,3,VOTE Agent[11]
2,talk,45,3,4,Skip
2,talk,46,3,14,Over
2,talk,47,3,13,Skip
2,talk,48,3,1,VOTE Agent[11]
2,talk,49,3,11,Skip
2,talk,50,3,2,REQUEST ANY (VOTE Agent[04])
2,talk,51,3,12,VOTE Agent[04]
2,talk,52,4,1,VOTE Agent[11]
2,talk,53,4,12,VOTE Agent[04]
2,talk,54,4,13,Over
2,talk,55,4,14,Over
2,talk,56,4,7,Over
2,talk,57,4,4,Over
2,talk,58,4,10,Over
2,talk,59,4,11,Over
2,talk,60,4,15,VOTE Agent[13]
2,talk,61,4,5,Over
2,talk,62,4,3,VOTE Agent[11]
2,talk,63,4,9,Over
2,talk,64,4,2,Skip
2,talk,65,5,14,Over
2,talk,66,5,4,Over
2,talk,67,5,15,VOTE Agent[13]
2,talk,68,5,10,Over
2,talk,69,5,5,Over
2,talk,70,5,13,Over
2,talk,71,5,7,Over
2,talk,72,5,12,VOTE Agent[04]
2,talk,73,5,1,VOTE Agent[11]
2,talk,74,5,9,Over
2,talk,75,5,3,VOTE Agent[11]
2,talk,76,5,11,Over
2,talk,77,5,2,Skip
2,talk,78,6,13,Over
2,talk,79,6,4,Over
2,talk,80,6,7,Over
2,talk,81,6,2,Over
2,talk,82,6,3,VOTE Agent[11]
2,talk,83,6,9,Over
2,talk,84,6,1,VOTE Agent[11]
2,talk,85,6,12,VOTE Agent[04]
2,talk,86,6,15,VOTE Agent[13]
2,talk,87,6,14,Over
2,talk,88,6,10,Over
2,talk,89,6,5,Over
2,talk,90,6,11,Over
2,talk,91,7,5,Over
2,talk,92,7,12,VOTE Agent[04]
2,talk,93,7,4,Over
2,talk,94,7,7,Over
2,talk,95,7,9,Over
2,talk,96,7,14,Over
2,talk,97,7,15,VOTE Agent[13]
2,talk,98,7,10,Over
2,talk,99,7,1,VOTE Agent[11]
2,talk,100,7,2,Over
2,talk,101,7,11,Over
2,talk,102,7,3,VOTE Agent[11]
2,talk,103,7,13,Over
2,talk,104,8,10,Over
2,talk,105,8,3,VOTE Agent[11]
2,talk,106,8,7,Over
2,talk,107,8,9,Over
2,talk,108,8,13,Over
2,talk,109,8,2,Over
2,talk,110,8,11,Over
2,talk,111,8,4,Over
2,talk,112,8,5,Over
2,talk,113,8,15,VOTE Agent[13]
2,talk,114,8,1,VOTE Agent[11]
2,talk,115,8,14,Over
2,talk,116,8,12,VOTE Agent[04]
2,talk,117,9,5,Over
2,talk,118,9,1,Over
2,talk,119,9,9,Over
2,talk,120,9,14,Over
2,talk,121,9,4,Over
2,talk,122,9,10,Over
2,talk,123,9,15,Over
2,talk,124,9,2,Over
2,talk,125,9,3,Over
2,talk,126,9,11,Over
2,talk,127,9,7,Over
2,talk,128,9,13,Over
2,talk,129,9,12,Over
2,vote,1,11
2,vote,2,4
2,vote,3,11
2,vote,4,9
2,vote,5,4
2,vote,7,2
2,vote,9,4
2,vote,10,4
2,vote,11,4
2,vote,12,4
2,vote,13,4
2,vote,14,4
2,vote,15,13
2,execute,4,POSSESSED
2,whisper,0,0,11,ATTACK Agent[13]
2,whisper,1,0,15,ATTACK Agent[13]
2,whisper,2,1,11,Skip
2,whisper,3,1,15,Skip
2,whisper,4,2,11,Skip
2,whisper,5,2,15,Skip
2,whisper,6,3,11,Over
2,whisper,7,3,15,Over
2,guard,10,11,WEREWOLF
2,attackVote,11,13
2,attackVote,15,13
2,attack,13,true
3,status,1,VILLAGER,ALIVE,OKAMI
3,status,2,VILLAGER,ALIVE,SampleJava5
3,status,3,VILLAGER,ALIVE,OKAMI
3,status,4,POSSESSED,DEAD,TOKU1
3,status,5,VILLAGER,ALIVE,Takeda11
3,status,6,WEREWOLF,DEAD,HALU
3,status,7,VILLAGER,ALIVE,sample_py
3,status,8,SEER,DEAD,Takeda3
3,status,9,VILLAGER,ALIVE,TOKU8
3,status,10,BODYGUARD,ALIVE,SampleJava7
3,status,11,WEREWOLF,ALIVE,Tomato13
3,status,12,VILLAGER,ALIVE,HALU
3,status,13,MEDIUM,DEAD,TOKU14
3,status,14,VILLAGER,ALIVE,Takeda6
3,status,15,WEREWOLF,ALIVE,OKAMI
3,talk,0,0,1,VOTE Agent[11]
3,talk,1,0,12,VOTE Agent[11]
3,talk,2,0,15,VOTE Agent[02]
3,talk,3,0,7,VOTE Agent[02]
3,talk,4,0,9,VOTE Agent[02]
3,talk,5,0,14,VOTE Agent[02]
3,talk,6,0,11,DIVINED Agent[07] HUMAN
3,talk,7,0,3,VOTE Agent[11]
3,talk,8,0,5,VOTE Agent[02]
3,talk,9,0,10,VOTE Agent[11]
3,talk,10,0,2,VOTE Agent[12]
3,talk,11,1,15,VOTE Agent[02]
3,talk,12,1,2,REQUEST ANY (VOTE Agent[12])
3,talk,13,1,10,REQUEST ANY (VOTE Agent[11])
3,talk,14,1,1,COMINGOUT Agent[01] VILLAGER
3,talk,15,1,11,VOTE Agent[02]
3,talk,16,1,14,VOTE Agent[05]
3,talk,17,1,12,VOTE Agent[11]
3,talk,18,1,7,Skip
3,talk,19,1,5,Skip
3,talk,20,1,9,VOTE Agent[05]
3,talk,21,1,3,COMINGOUT Agent[03] VILLAGER
3,talk,22,2,1,VOTE Agent[11]
3,talk,23,2,3,VOTE Agent[11]
3,talk,24,2,7,Skip
3,talk,25,2,11,Skip
3,talk,26,2,5,VOTE Agent[12]
3,talk,27,2,12,VOTE Agent[11]
3,talk,28,2,9,Skip
3,talk,29,2,2,Skip
3,talk,30,2,10,Skip
3,talk,31,2,15,VOTE Agent[02]
3,talk,32,2,14,Skip
3,talk,33,3,10,Skip
3,talk,34,3,11,VOTE Agent[12]
3,talk,35,3,15,VOTE Agent[02]
3,talk,36,3,2,Skip
3,talk,37,3,7,Over
3,talk,38,3,3,VOTE Agent[11]
3,talk,39,3,1,VOTE Agent[11]
3,talk,40,3,12,VOTE Agent[11]
3,talk,41,3,14,Skip
3,talk,42,3,9,Skip
3,talk,43,3,5,Skip
3,talk,44,4,7,Over
3,talk,45,4,12,VOTE Agent[11]
3,talk,46,4,9,Over
3,talk,47,4,14,Over
3,talk,48,4,2,Over
3,talk,49,4,1,VOTE Agent[11]
3,talk,50,4,5,Skip
3,talk,51,4,15,VOTE Agent[02]
3,talk,52,4,11,VOTE Agent[02]
3,talk,53,4,10,Over
3,talk,54,4,3,VOTE Agent[11]
3,talk,55,5,10,Over
3,talk,56,5,14,Over
3,talk,57,5,5,Over
3,talk,58,5,3,VOTE Agent[11]
3,talk,59,5,2,Over
3,talk,60,5,11,VOTE Agent[12]
3,talk,61,5,9,Over
3,talk,62,5,15,VOTE Agent[02]
3,talk,63,5,12,VOTE Agent[11]
3,talk,64,5,7,Over
3,talk,65,5,1,VOTE Agent[11]
3,talk,66,6,2,Over
3,talk,67,6,1,VOTE Agent[11]
3,talk,68,6,5,Over
3,talk,69,6,12,VOTE Agent[11]
3,talk,70,6,9,Over
3,talk,71,6,10,Over
3,talk,72,6,14,Over
3,talk,73,6,3,VOTE Agent[11]
3,talk,74,6,7,Over
3,talk,75,6,11,Skip
3,talk,76,6,15,VOTE Agent[02]
3,talk,77,7,12,VOTE Agent[11]
3,talk,78,7,3,VOTE Agent[11]
3,talk,79,7,11,VOTE Agent[05]
3,talk,80,7,5,Over
3,talk,81,7,14,Over
3,talk,82,7,1,VOTE Agent[11]
3,talk,83,7,10,Over
3,talk,84,7,2,Over
3,talk,85,7,7,Over
3,talk,86,7,9,Over
3,talk,87,7,15,VOTE Agent[02]
3,talk,88,8,1,VOTE Agent[11]
3,talk,89,8,3,VOTE Agent[11]
3,talk,90,8,5,Over
3,talk,91,8,7,Over
3,talk,92,8,2,Over
3,talk,93,8,14,Over
3,talk,94,8,9,Over
3,talk,95,8,15,VOTE Agent[02]
3,talk,96,8,10,Over
3,talk,97,8,11,VOTE Agent[12]
3,talk,98,8,12,VOTE Agent[11]
3,talk,99,9,1,Over
3,talk,100,9,14,Over
3,talk,101,9,3,Over
3,talk,102,9,9,Over
3,talk,103,9,2,Over
3,talk,104,9,15,Over
3,talk,105,9,12,Over
3,talk,106,9,7,Over
3,talk,107,9,5,Over
3,talk,108,9,11,Skip
3,talk,109,9,10,Over
3,talk,110,10,7,Over
3,talk,111,10,10,Over
3,talk,112,10,11,VOTE Agent[05]
3,talk,113,10,14,Over
3,talk,114,10,2,Over
3,talk,115,10,12,Over
3,talk,116,10,9,Over
3,talk,117,10,3,Over
3,talk,118,10,5,Over
3,talk,119,10,15,Over
3,talk,120,10,1,Over
3,talk,121,11,14,Over
3,talk,122,11,10,Over
3,talk,123,11,11,Skip
3,talk,124,11,1,Over
3,talk,125,11,5,Over
3,talk,126,11,3,Over
3,talk,127,11,2,Over
3,talk,128,11,9,Over
3,talk,129,11,15,Over
3,talk,130,11,12,Over
3,talk,131,11,7,Over
3,talk,132,12,9,Over
3,talk,133,12,2,Over
3,talk,134,12,3,Over
3,talk,135,12,14,Over
3,talk,136,12,1,Over
3,talk,137,12,11,Skip
3,talk,138,12,5,Over
3,talk,139,12,12,Over
3,talk,140,12,15,Over
3,talk,141,12,10,Over
3,talk,142,12,7,Over
3,talk,143,13,10,Over
3,talk,144,13,2,Over
3,talk,145,13,7,Over
3,talk,146,13,3,Over
3,talk,147,13,5,Over
3,talk,148,13,15,Over
3,talk,149,13,11,VOTE Agent[12]
3,talk,150,13,12,Over
3,talk,151,13,9,Over
3,talk,152,13,1,Over
3,talk,153,13,14,Over
3,talk,154,14,12,Over
3,talk,155,14,2,Over
3,talk,156,14,9,Over
3,talk,157,14,15,Over
3,talk,158,14,5,Over
3,talk,159,14,1,Over
3,talk,160,14,11,VOTE Agent[02]
3,talk,161,14,10,Over
3,talk,162,14,7,Over
3,talk,163,14,14,Over
3,talk,164,14,3,Over
3,talk,165,15,3,Over
3,talk,166,15,9,Over
3,talk,167,15,12,Over
3,talk,168,15,14,Over
3,talk,169,15,1,Over
3,talk,170,15,11,Over
3,talk,171,15,2,Over
3,talk,172,15,15,Over
3,talk,173,15,10,Over
3,talk,174,15,5,Over
3,talk,175,15,7,Over
3,vote,1,11
3,vote,2,11
3,vote,3,11
3,vote,5,12
3,vote,7,2
3,vote,9,5
3,vote,10,12
3,vote,11,2
3,vote,12,11
3,vote,14,5
3,vote,15,2
3,execute,11,WEREWOLF
3,guard,10,3,VILLAGER
3,attack,5,true
4,status,1,VILLAGER,ALIVE,OKAMI
4,status,2,VILLAGER,ALIVE,SampleJava5
4,status,3,VILLAGER,ALIVE,OKAMI
4,status,4,POSSESSED,DEAD,TOKU1
4,status,5,VILLAGER,DEAD,Takeda11
4,status,6,WEREWOLF,DEAD,HALU
4,status,7,VILLAGER,ALIVE,sample_py
4,status,8,SEER,DEAD,Takeda3
4,status,9,VILLAGER,ALIVE,TOKU8
4,status,10,BODYGUARD,ALIVE,SampleJava7
4,status,11,WEREWOLF,DEAD,Tomato13
4,status,12,VILLAGER,ALIVE,HALU
4,status,13,MEDIUM,DEAD,TOKU14
4,status,14,VILLAGER,ALIVE,Takeda6
4,status,15,WEREWOLF,ALIVE,OKAMI
4,talk,0,0,15,VOTE Agent[02]
4,talk,1,0,9,VOTE Agent[12]
4,talk,2,0,7,VOTE Agent[02]
4,talk,3,0,12,VOTE Agent[02]
4,talk,4,0,3,VOTE Agent[02]
4,talk,5,0,14,VOTE Agent[12]
4,talk,6,0,1,VOTE Agent[02]
4,talk,7,0,2,VOTE Agent[01]
4,talk,8,0,10,VOTE Agent[09]
4,talk,9,1,3,COMINGOUT Agent[03] VILLAGER
4,talk,10,1,12,VOTE Agent[02]
4,talk,11,1,10,REQUEST ANY (VOTE Agent[09])
4,talk,12,1,2,REQUEST ANY (VOTE Agent[01])
4,talk,13,1,15,VOTE Agent[02]
4,talk,14,1,14,Skip
4,talk,15,1,9,Skip
4,talk,16,1,7,Skip
4,talk,17,1,1,COMINGOUT Agent[01] VILLAGER
4,talk,18,2,12,VOTE Agent[02]
4,talk,19,2,3,VOTE Agent[02]
4,talk,20,2,10,Skip
4,talk,21,2,7,Skip
4,talk,22,2,9,Skip
4,talk,23,2,15,VOTE Agent[02]
4,talk,24,2,2,Skip
4,talk,25,2,1,VOTE Agent[02]
4,talk,26,2,14,Skip
4,talk,27,3,15,VOTE Agent[02]
4,talk,28,3,1,VOTE Agent[02]
4,talk,29,3,9,Over
4,talk,30,3,14,Over
4,talk,31,3,3,VOTE Agent[02]
4,talk,32,3,2,Skip
4,talk,33,3,10,Skip
4,talk,34,3,7,Over
4,talk,35,3,12,VOTE Agent[02]
4,talk,36,4,12,VOTE Agent[02]
4,talk,37,4,10,Over
4,talk,38,4,1,VOTE Agent[02]
4,talk,39,4,14,Over
4,talk,40,4,2,Over
4,talk,41,4,3,VOTE Agent[02]
4,talk,42,4,7,Over
4,talk,43,4,15,VOTE Agent[02]
4,talk,44,4,9,Over
4,talk,45,5,9,Over
4,talk,46,5,2,Over
4,talk,47,5,1,VOTE Agent[02]
4,talk,48,5,15,VOTE Agent[02]
4,talk,49,5,12,VOTE Agent[02]
4,talk,50,5,10,Over
4,talk,51,5,7,Over
4,talk,52,5,14,Over
4,talk,53,5,3,VOTE Agent[02]
4,talk,54,6,9,Over
4,talk,55,6,7,Over
4,talk,56,6,12,VOTE Agent[02]
4,talk,57,6,2,Over
4,talk,58,6,15,VOTE Agent[02]
4,talk,59,6,10,Over
4,talk,60,6,14,Over
4,talk,61,6,3,VOTE Agent[02]
4,talk,62,6,1,VOTE Agent[02]
4,talk,63,7,10,Over
4,talk,64,7,12,VOTE Agent[02]
4,talk,65,7,2,Over
4,talk,66,7,9,Over
4,talk,67,7,1,VOTE Agent[02]
4,talk,68,7,15,VOTE Agent[02]
4,talk,69,7,14,Over
4,talk,70,7,3,VOTE Agent[02]
4,talk,71,7,7,Over
4,talk,72,8,9,Over
4,talk,73,8,2,Over
4,talk,74,8,14,Over
4,talk,75,8,3,VOTE Agent[02]
4,talk,76,8,7,Over
4,talk,77,8,12,VOTE Agent[02]
4,talk,78,8,15,VOTE Agent[02]
4,talk,79,8,1,VOTE Agent[02]
4,talk,80,8,10,Over
4,talk,81,9,15,Over
4,talk,82,9,12,Over
4,talk,83,9,3,Over
4,talk,84,9,14,Over
4,talk,85,9,7,Over
4,talk,86,9,9,Over
4,talk,87,9,1,Over
4,talk,88,9,2,Over
4,talk,89,9,10,Over
4,vote,1,2
4,vote,2,9
4,vote,3,2
4,vote,7,2
4,vote,9,2
4,vote,10,1
4,vote,12,2
4,vote,14,2
4,vote,15,2
4,execute,2,VILLAGER
4,guard,10,9,VILLAGER
4,attack,1,true
5,status,1,VILLAGER,DEAD,OKAMI
5,status,2,VILLAGER,DEAD,SampleJava5
5,status,3,VILLAGER,ALIVE,OKAMI
5,status,4,POSSESSED,DEAD,TOKU1
5,status,5,VILLAGER,DEAD,Takeda11
5,status,6,WEREWOLF,DEAD,HALU
5,status,7,VILLAGER,ALIVE,sample_py
5,status,8,SEER,DEAD,Takeda3
5,status,9,VILLAGER,ALIVE,TOKU8
5,status,10,BODYGUARD,ALIVE,SampleJava7
5,status,11,WEREWOLF,DEAD,Tomato13
5,status,12,VILLAGER,ALIVE,HALU
5,status,13,MEDIUM,DEAD,TOKU14
5,status,14,VILLAGER,ALIVE,Takeda6
5,status,15,WEREWOLF,ALIVE,OKAMI
5,talk,0,0,10,VOTE Agent[12]
5,talk,1,0,9,VOTE Agent[12]
5,talk,2,0,7,VOTE Agent[10]
5,talk,3,0,14,VOTE Agent[12]
5,talk,4,0,3,VOTE Agent[12]
5,talk,5,0,12,VOTE Agent[07]
5,talk,6,0,15,VOTE Agent[12]
5,talk,7,1,14,Skip
5,talk,8,1,7,Skip
5,talk,9,1,3,COMINGOUT Agent[03] VILLAGER
5,talk,10,1,12,VOTE Agent[07]
5,talk,11,1,15,VOTE Agent[12]
5,talk,12,1,10,REQUEST ANY (VOTE Agent[12])
5,talk,13,1,9,Skip
5,talk,14,2,12,VOTE Agent[07]
5,talk,15,2,3,VOTE Agent[07]
5,talk,16,2,9,Skip
5,talk,17,2,10,Skip
5,talk,18,2,14,Skip
5,talk,19,2,15,VOTE Agent[12]
5,talk,20,2,7,Skip
5,talk,21,3,9,Over
5,talk,22,3,3,VOTE Agent[07]
5,talk,23,3,15,VOTE Agent[12]
5,talk,24,3,10,Skip
5,talk,25,3,7,Over
5,talk,26,3,12,VOTE Agent[03]
5,talk,27,3,14,Over
5,talk,28,4,10,Over
5,talk,29,4,9,Over
5,talk,30,4,14,Over
5,talk,31,4,7,Over
5,talk,32,4,12,VOTE Agent[07]
5,talk,33,4,15,VOTE Agent[12]
5,talk,34,4,3,VOTE Agent[07]
5,talk,35,5,3,VOTE Agent[07]
5,talk,36,5,14,Over
5,talk,37,5,15,VOTE Agent[12]
5,talk,38,5,9,Over
5,talk,39,5,10,Over
5,talk,40,5,7,Over
5,talk,41,5,12,VOTE Agent[03]
5,talk,42,6,10,Over
5,talk,43,6,7,Over
5,talk,44,6,14,Over
5,talk,45,6,9,Over
5,talk,46,6,3,VOTE Agent[12]
5,talk,47,6,15,VOTE Agent[12]
5,talk,48,6,12,VOTE Agent[07]
5,talk,49,7,12,VOTE Agent[07]
5,talk,50,7,10,Over
5,talk,51,7,15,VOTE Agent[12]
5,talk,52,7,7,Over
5,talk,53,7,3,VOTE Agent[07]
5,talk,54,7,14,Over
5,talk,55,7,9,Over
5,talk,56,8,9,Over
5,talk,57,8,14,Over
5,talk,58,8,15,VOTE Agent[12]
5,talk,59,8,12,VOTE Agent[03]
5,talk,60,8,3,VOTE Agent[12]
5,talk,61,8,7,Over
5,talk,62,8,10,Over
5,talk,63,9,10,Over
5,talk,64,9,14,Over
5,talk,65,9,3,Over
5,talk,66,9,12,Over
5,talk,67,9,9,Over
5,talk,68,9,15,Over
5,talk,69,9,7,Over
5,vote,3,12
5,vote,7,10
5,vote,9,12
5,vote,10,3
5,vote,12,3
5,vote,14,12
5,vote,15,12
5,execute,12,VILLAGER
5,guard,10,7,VILLAGER
5,attack,7,false
6,status,1,VILLAGER,DEAD,OKAMI
6,status,2,VILLAGER,DEAD,SampleJava5
6,status,3,VILLAGER,ALIVE,OKAMI
6,status,4,POSSESSED,DEAD,TOKU1
6,status,5,VILLAGER,DEAD,Takeda11
6,status,6,WEREWOLF,DEAD,HALU
6,status,7,VILLAGER,ALIVE,sample_py
6,status,8,SEER,DEAD,Takeda3
6,status,9,VILLAGER,ALIVE,TOKU8
6,status,10,BODYGUARD,ALIVE,SampleJava7
6,status,11,WEREWOLF,DEAD,Tomato13
6,status,12,VILLAGER,DEAD,HALU
6,status,13,MEDIUM,DEAD,TOKU14
6,status,14,VILLAGER,ALIVE,Takeda6
6,status,15,WEREWOLF,ALIVE,OKAMI
6,talk,0,0,14,VOTE Agent[15]
6,talk,1,0,7,VOTE Agent[09]
6,talk,2,0,9,VOTE Agent[15]
6,talk,3,0,10,VOTE Agent[15]
6,talk,4,0,15,VOTE Agent[09]
6,talk,5,0,3,VOTE Agent[09]
6,talk,6,1,3,COMINGOUT Agent[03] VILLAGER
6,talk,7,1,9,VOTE Agent[15]
6,talk,8,1,15,VOTE Agent[09]
6,talk,9,1,10,REQUEST ANY (VOTE Agent[15])
6,talk,10,1,14,Skip
6,talk,11,1,7,Skip
6,talk,12,2,14,Skip
6,talk,13,2,15,VOTE Agent[09]
6,talk,14,2,9,VOTE Agent[15]
6,talk,15,2,10,Skip
6,talk,16,2,7,Skip
6,talk,17,2,3,VOTE Agent[09]
6,talk,18,3,15,VOTE Agent[09]
6,talk,19,3,7,Over
6,talk,20,3,14,Over
6,talk,21,3,9,VOTE Agent[15]
6,talk,22,3,3,VOTE Agent[09]
6,talk,23,3,10,Skip
6,talk,24,4,10,Over
6,talk,25,4,15,VOTE Agent[09]
6,talk,26,4,7,Over
6,talk,27,4,14,Over
6,talk,28,4,3,VOTE Agent[09]
6,talk,29,4,9,VOTE Agent[15]
6,talk,30,5,9,VOTE Agent[15]
6,talk,31,5,3,VOTE Agent[09]
6,talk,32,5,10,Over
6,talk,33,5,15,VOTE Agent[09]
6,talk,34,5,14,Over
6,talk,35,5,7,Over
6,talk,36,6,14,Over
6,talk,37,6,9,VOTE Agent[15]
6,talk,38,6,7,Over
6,talk,39,6,10,Over
6,talk,40,6,15,VOTE Agent[09]
6,talk,41,6,3,VOTE Agent[09]
6,talk,42,7,14,Over
6,talk,43,7,3,VOTE Agent[09]
6,talk,44,7,10,Over
6,talk,45,7,9,VOTE Agent[15]
6,talk,46,7,7,Over
6,talk,47,7,15,VOTE Agent[09]
6,talk,48,8,14,Over
6,talk,49,8,15,VOTE Agent[09]
6,talk,50,8,3,VOTE Agent[09]
6,talk,51,8,9,VOTE Agent[15]
6,talk,52,8,10,Over
6,talk,53,8,7,Over
6,talk,54,9,3,Over
6,talk,55,9,10,Over
6,talk,56,9,14,Over
6,talk,57,9,15,Over
6,talk,58,9,7,Over
6,talk,59,9,9,VOTE Agent[15]
6,talk,60,10,14,Over
6,talk,61,10,9,Over
6,talk,62,10,7,Over
6,talk,63,10,15,Over
6,talk,64,10,3,Over
6,talk,65,10,10,Over
6,vote,3,9
6,vote,7,9
6,vote,9,15
6,vote,10,7
6,vote,14,15
6,vote,15,9
6,execute,9,VILLAGER
6,guard,10,7,VILLAGER
6,attack,3,true
7,status,1,VILLAGER,DEAD,OKAMI
7,status,2,VILLAGER,DEAD,SampleJava5
7,status,3,VILLAGER,DEAD,OKAMI
7,status,4,POSSESSED,DEAD,TOKU1
7,status,5,VILLAGER,DEAD,Takeda11
7,status,6,WEREWOLF,DEAD,HALU
7,status,7,VILLAGER,ALIVE,sample_py
7,status,8,SEER,DEAD,Takeda3
7,status,9,VILLAGER,DEAD,TOKU8
7,status,10,BODYGUARD,ALIVE,SampleJava7
7,status,11,WEREWOLF,DEAD,Tomato13
7,status,12,VILLAGER,DEAD,HALU
7,status,13,MEDIUM,DEAD,TOKU14
7,status,14,VILLAGER,ALIVE,Takeda6
7,status,15,WEREWOLF,ALIVE,OKAMI
7,talk,0,0,7,VOTE Agent[14]
7,talk,1,0,15,VOTE Agent[10]
7,talk,2,0,14,VOTE Agent[15]
7,talk,3,0,10,VOTE Agent[14]
7,talk,4,1,15,VOTE Agent[10]
7,talk,5,1,10,REQUEST ANY (VOTE Agent[14])
7,talk,6,1,14,VOTE Agent[15]
7,talk,7,1,7,Skip
7,talk,8,2,14,VOTE Agent[15]
7,talk,9,2,7,Skip
7,talk,10,2,10,Skip
7,talk,11,2,15,VOTE Agent[10]
7,talk,12,3,14,VOTE Agent[15]
7,talk,13,3,10,Skip
7,talk,14,3,15,VOTE Agent[10]
7,talk,15,3,7,Over
7,talk,16,4,7,Over
7,talk,17,4,10,Over
7,talk,18,4,15,VOTE Agent[10]
7,talk,19,4,14,VOTE Agent[15]
7,talk,20,5,10,Over
7,talk,21,5,14,VOTE Agent[15]
7,talk,22,5,7,Over
7,talk,23,5,15,VOTE Agent[10]
7,talk,24,6,15,VOTE Agent[10]
7,talk,25,6,14,VOTE Agent[15]
7,talk,26,6,10,Over
7,talk,27,6,7,Over
7,talk,28,7,7,Over
7,talk,29,7,15,VOTE Agent[10]
7,talk,30,7,14,VOTE Agent[15]
7,talk,31,7,10,Over
7,talk,32,8,14,VOTE Agent[15]
7,talk,33,8,7,Over
7,talk,34,8,10,Over
7,talk,35,8,15,VOTE Agent[10]
7,talk,36,9,10,Over
7,talk,37,9,14,VOTE Agent[15]
7,talk,38,9,7,Over
7,talk,39,9,15,Over
7,talk,40,10,14,Over
7,talk,41,10,10,Over
7,talk,42,10,15,Over
7,talk,43,10,7,Over
7,vote,7,14
7,vote,10,15
7,vote,14,15
7,vote,15,10
7,execute,15,WEREWOLF
7,guard,10,14,VILLAGER
8,status,1,VILLAGER,DEAD,OKAMI
8,status,2,VILLAGER,DEAD,SampleJava5
8,status,3,VILLAGER,DEAD,OKAMI
8,status,4,POSSESSED,DEAD,TOKU1
8,status,5,VILLAGER,DEAD,Takeda11
8,status,6,WEREWOLF,DEAD,HALU
8,status,7,VILLAGER,ALIVE,sample_py
8,status,8,SEER,DEAD,Takeda3
8,status,9,VILLAGER,DEAD,TOKU8
8,status,10,BODYGUARD,ALIVE,SampleJava7
8,status,11,WEREWOLF,DEAD,Tomato13
8,status,12,VILLAGER,DEAD,HALU
8,status,13,MEDIUM,DEAD,TOKU14
8,status,14,VILLAGER,ALIVE,Takeda6
8,status,15,WEREWOLF,DEAD,OKAMI
8,result,3,0,VILLAGER
