0,status,1,VILLAGER,ALIVE,OKAMI
0,status,2,POSSESSED,ALIVE,SampleJava5
0,status,3,SEER,ALIVE,OKAMI
0,status,4,WEREWOLF,ALIVE,TOKU1
0,status,5,VILLAGER,ALIVE,Takeda11
0,status,6,WEREWOLF,ALIVE,HALU
0,status,7,BODYGUARD,ALIVE,sample_py
0,status,8,VILLAGER,ALIVE,Takeda3
0,status,9,VILLAGER,ALIVE,TOKU8
0,status,10,VILLAGER,ALIVE,SampleJava7
0,status,11,VILLAGER,ALIVE,Tomato13
0,status,12,WEREWOLF,ALIVE,HALU
0,status,13,VILLAGER,ALIVE,TOKU14
0,status,14,VILLAGER,ALIVE,Takeda6
0,status,15,MEDIUM,ALIVE,OKAMI
0,whisper,0,0,4,Skip
0,whisper,1,0,6,COMINGOUT Agent[06] MEDIUM
0,whisper,2,0,12,COMINGOUT Agent[12] MEDIUM
0,whisper,3,1,6,COMINGOUT Agent[06] VILLAGER
0,whisper,4,1,4,Skip
0,whisper,5,1,12,COMINGOUT Agent[12] VILLAGER
0,whisper,6,2,4,Over
0,whisper,7,2,12,Skip
0,whisper,8,2,6,Skip
0,whisper,9,3,6,Skip
0,whisper,10,3,4,Over
0,whisper,11,3,12,Skip
0,whisper,12,4,12,Over
0,whisper,13,4,6,Over
0,whisper,14,4,4,Over
0,divine,3,1,HUMAN
1,status,1,VILLAGER,ALIVE,OKAMI
1,status,2,POSSESSED,ALIVE,SampleJava5
1,status,3,SEER,ALIVE,OKAMI
1,status,4,WEREWOLF,ALIVE,TOKU1
1,status,5,VILLAGER,ALIVE,Takeda11
1,status,6,WEREWOLF,ALIVE,HALU
1,status,7,BODYGUARD,ALIVE,sample_py
1,status,8,VILLAGER,ALIVE,Takeda3
1,status,9,VILLAGER,ALIVE,TOKU8
1,status,10,VILLAGER,ALIVE,SampleJava7
1,status,11,VILLAGER,ALIVE,Tomato13
1,status,12,WEREWOLF,ALIVE,HALU
1,status,13,VILLAGER,ALIVE,TOKU14
1,status,14,VILLAGER,ALIVE,Takeda6
1,status,15,MEDIUM,ALIVE,OKAMI
1,talk,0,0,2,VOTE Agent[04]
1,talk,1,0,1,VOTE Agent[04]
1,talk,2,0,5,VOTE Agent[04]
1,talk,3,0,3,VOTE Agent[04]
1,talk,4,0,6,VOTE Agent[03]
1,talk,5,0,11,VOTE Agent[04]
1,talk,6,0,8,VOTE Agent[04]
1,talk,7,0,4,COMINGOUT Agent[04] SEER
1,talk,8,0,13,VOTE Agent[04]
1,talk,9,0,9,VOTE Agent[04]
1,talk,10,0,7,VOTE Agent[10]
1,talk,11,0,14,VOTE Agent[04]
1,talk,12,0,15,Over
1,talk,13,0,12,VOTE Agent[14]
1,talk,14,0,10,VOTE Agent[06]
1,talk,15,1,2,REQUEST ANY (VOTE Agent[04])
1,talk,16,1,9,VOTE Agent[01]
1,talk,17,1,14,VOTE Agent[12]
1,talk,18,1,6,VOTE Agent[02]
1,talk,19,1,11,Skip
1,talk,20,1,7,Skip
1,talk,21,1,12,VOTE Agent[09]
1,talk,22,1,5,VOTE Agent[14]
1,talk,23,1,15,Over
1,talk,24,1,13,VOTE Agent[06]
1,talk,25,1,10,REQUEST ANY (VOTE Agent[06])
1,talk,26,1,3,VOTE Agent[06]
1,talk,27,1,4,DIVINED Agent[03] WEREWOLF
1,talk,28,1,1,COMINGOUT Agent[01] VILLAGER
1,talk,29,1,8,VOTE Agent[06]
1,talk,30,2,2,COMINGOUT Agent[02] SEER
1,talk,31,2,15,Over
1,talk,32,2,9,VOTE Agent[08]
1,talk,33,2,5,VOTE Agent[02]
1,talk,34,2,1,VOTE Agent[03]
1,talk,35,2,3,VOTE Agent[03]
1,talk,36,2,6,VOTE Agent[03]
1,talk,37,2,4,VOTE Agent[03]
1,talk,38,2,14,VOTE Agent[08]
1,talk,39,2,7,VOTE Agent[03]
1,talk,40,2,8,VOTE Agent[03]
1,talk,41,2,11,VOTE Agent[03]
1,talk,42,2,12,VOTE Agent[03]
1,talk,43,2,13,VOTE Agent[02]
1,talk,44,2,10,Skip
1,talk,45,3,6,VOTE Agent[03]
1,talk,46,3,5,VOTE Agent[06]
1,talk,47,3,10,Skip
1,talk,48,3,15,Over
1,talk,49,3,8,Skip
1,talk,50,3,3,VOTE Agent[03]
1,talk,51,3,7,Skip
1,talk,52,3,9,VOTE Agent[03]
1,talk,53,3,14,VOTE Agent[03]
1,talk,54,3,4,Skip
1,talk,55,3,1,VOTE Agent[03]
1,talk,56,3,2,DAY 1 (DIVINED Agent[04] WEREWOLF)
1,talk,57,3,12,VOTE Agent[03]
1,talk,58,3,11,VOTE Agent[04]
1,talk,59,3,13,VOTE Agent[03]
1,talk,60,4,10,Over
1,talk,61,4,8,Skip
1,talk,62,4,9,Skip
1,talk,63,4,15,Over
1,talk,64,4,12,VOTE Agent[03]
1,talk,65,4,5,VOTE Agent[03]
1,talk,66,4,7,Skip
1,talk,67,4,11,Skip
1,talk,68,4,2,DIVINED Agent[04] WEREWOLF
1,talk,69,4,14,Skip
1,talk,70,4,1,VOTE Agent[03]
1,talk,71,4,4,Skip
1,talk,72,4,6,VOTE Agent[03]
1,talk,73,4,13,Skip
1,talk,74,4,3,VOTE Agent[03]
1,talk,75,5,13,Skip
1,talk,76,5,6,VOTE Agent[03]
1,talk,77,5,12,VOTE Agent[03]
1,talk,78,5,7,Over
1,talk,79,5,9,Skip
1,talk,80,5,4,Over
1,talk,81,5,11,Skip
1,talk,82,5,2,Skip
1,talk,83,5,3,VOTE Agent[03]
1,talk,84,5,1,VOTE Agent[03]
1,talk,85,5,14,Skip
1,talk,86,5,8,Over
1,talk,87,5,5,Skip
1,talk,88,5,15,Over
1,talk,89,5,10,Over
1,talk,90,6,9,Over
1,talk,91,6,8,Over
1,talk,92,6,10,Over
1,talk,93,6,7,Over
1,talk,94,6,3,VOTE Agent[03]
1,talk,95,6,12,VOTE Agent[03]
1,talk,96,6,15,Over
1,talk,97,6,6,VOTE Agent[03]
1,talk,98,6,2,Skip
1,talk,99,6,14,Over
1,talk,100,6,4,Over
1,talk,101,6,5,Skip
1,talk,102,6,1,VOTE Agent[03]
1,talk,103,6,13,Over
1,talk,104,6,11,Over
1,talk,105,7,6,VOTE Agent[03]
1,talk,106,7,8,Over
1,talk,107,7,1,VOTE Agent[03]
1,talk,108,7,3,VOTE Agent[03]
1,talk,109,7,15,Over
1,talk,110,7,12,VOTE Agent[03]
1,talk,111,7,4,Over
1,talk,112,7,2,Over
1,talk,113,7,7,Over
1,talk,114,7,5,Over
1,talk,115,7,9,Over
1,talk,116,7,13,Over
1,talk,117,7,11,Over
1,talk,118,7,14,Over
1,talk,119,7,10,Over
1,talk,120,8,13,Over
1,talk,121,8,2,Over
1,talk,122,8,1,VOTE Agent[03]
1,talk,123,8,3,VOTE Agent[03]
1,talk,124,8,7,Over
1,talk,125,8,5,Over
1,talk,126,8,9,Over
1,talk,127,8,6,VOTE Agent[03]
1,talk,128,8,4,Over
1,talk,129,8,12,VOTE Agent[03]
1,talk,130,8,8,Over
1,talk,131,8,14,Over
1,talk,132,8,10,Over
1,talk,133,8,15,Over
1,talk,134,8,11,Over
1,talk,135,9,2,Over
1,talk,136,9,13,Over
1,talk,137,9,11,Over
1,talk,138,9,12,Over
1,talk,139,9,8,Over
1,talk,140,9,4,Over
1,talk,141,9,3,Over
1,talk,142,9,10,Over
1,talk,143,9,5,Over
1,talk,144,9,1,Over
1,talk,145,9,9,Over
1,talk,146,9,7,Over
1,talk,147,9,15,Over
1,talk,148,9,14,Over
1,talk,149,9,6,Over
1,vote,1,3
1,vote,2,4
1,vote,3,15
1,vote,4,3
1,vote,5,3
1,vote,6,3
1,vote,7,3
1,vote,8,3
1,vote,9,3
1,vote,10,4
1,vote,11,4
1,vote,12,3
1,vote,13,3
1,vote,14,3
1,vote,15,1
1,execute,3,SEER
1,whisper,0,0,6,ATTACK Agent[05]
1,whisper,1,0,4,Skip
1,whisper,2,0,12,ATTACK Agent[05]
1,whisper,3,1,6,Skip
1,whisper,4,1,4,Skip
1,whisper,5,1,12,Skip
1,whisper,6,2,4,Over
1,whisper,7,2,12,Skip
1,whisper,8,2,6,Skip
1,whisper,9,3,6,Over
1,whisper,10,3,4,Over
1,whisper,11,3,12,Over
1,guard,7,4,WEREWOLF
1,attackVote,4,2
1,attackVote,6,14
1,attackVote,12,9
1,attackVote,4,2
1,attackVote,6,8
1,attackVote,12,14
1,attack,14,true
2,status,1,VILLAGER,ALIVE,OKAMI
2,status,2,POSSESSED,ALIVE,SampleJava5
2,status,3,SEER,DEAD,OKAMI
2,status,4,WEREWOLF,ALIVE,TOKU1
2,status,5,VILLAGER,ALIVE,Takeda11
2,status,6,WEREWOLF,ALIVE,HALU
2,status,7,BODYGUARD,ALIVE,sample_py
2,status,8,VILLAGER,ALIVE,Takeda3
2,status,9,VILLAGER,ALIVE,TOKU8
2,status,10,VILLAGER,ALIVE,SampleJava7
2,status,11,VILLAGER,ALIVE,Tomato13
2,status,12,WEREWOLF,ALIVE,HALU
2,status,13,VILLAGER,ALIVE,TOKU14
2,status,14,VILLAGER,DEAD,Takeda6
2,status,15,MEDIUM,ALIVE,OKAMI
2,talk,0,0,12,VOTE Agent[10]
2,talk,1,0,6,VOTE Agent[15]
2,talk,2,0,4,DIVINED Agent[12] HUMAN
2,talk,3,0,8,VOTE Agent[12]
2,talk,4,0,5,VOTE Agent[06]
2,talk,5,0,15,Skip
2,talk,6,0,10,VOTE Agent[01]
2,talk,7,0,1,VOTE Agent[10]
2,talk,8,0,7,VOTE Agent[04]
2,talk,9,0,11,VOTE Agent[04]
2,talk,10,0,2,DAY 2 (DIVINED Agent[09] HUMAN)
2,talk,11,0,9,VOTE Agent[12]
2,talk,12,0,13,VOTE Agent[06]
2,talk,13,1,8,VOTE Agent[06]
2,talk,14,1,10,REQUEST ANY (VOTE Agent[01])
2,talk,15,1,13,Skip
2,talk,16,1,12,VOTE Agent[10]
2,talk,17,1,15,Over
2,talk,18,1,6,VOTE Agent[10]
2,talk,19,1,5,Skip
2,talk,20,1,2,DIVINED Agent[09] HUMAN
2,talk,21,1,7,Skip
2,talk,22,1,1,COMINGOUT Agent[01] VILLAGER
2,talk,23,1,11,Skip
2,talk,24,1,4,VOTE Agent[05]
2,talk,25,1,9,VOTE Agent[06]
2,talk,26,2,12,VOTE Agent[11]
2,talk,27,2,11,Skip
2,talk,28,2,5,VOTE Agent[09]
2,talk,29,2,9,VOTE Agent[08]
2,talk,30,2,2,BECAUSE (DAY 1 (DIVINED Agent[04] WEREWOLF)) (AND (VOTE Agent[04]) (REQUEST ANY (VOTE Agent[04])))
2,talk,31,2,13,VOTE Agent[09]
2,talk,32,2,10,Skip
2,talk,33,2,6,VOTE Agent[13]
2,talk,34,2,7,Skip
2,talk,35,2,15,Over
2,talk,36,2,1,VOTE Agent[05]
2,talk,37,2,4,VOTE Agent[09]
2,talk,38,2,8,VOTE Agent[09]
2,talk,39,3,11,Over
2,talk,40,3,4,Skip
2,talk,41,3,15,Over
2,talk,42,3,9,VOTE Agent[06]
2,talk,43,3,1,VOTE Agent[11]
2,talk,44,3,7,Over
2,talk,45,3,8,Skip
2,talk,46,3,5,Skip
2,talk,47,3,10,Skip
2,talk,48,3,12,VOTE Agent[01]
2,talk,49,3,6,VOTE Agent[01]
2,talk,50,3,2,VOTE Agent[04]
2,talk,51,3,13,Skip
2,talk,52,4,13,Skip
2,talk,53,4,7,Over
2,talk,54,4,11,Over
2,talk,55,4,1,VOTE Agent[06]
2,talk,56,4,5,Skip
2,talk,57,4,6,VOTE Agent[01]
2,talk,58,4,2,REQUEST ANY (VOTE Agent[04])
2,talk,59,4,15,Over
2,talk,60,4,4,Skip
2,talk,61,4,9,Skip
2,talk,62,4,12,VOTE Agent[01]
2,talk,63,4,10,Over
2,talk,64,4,8,Skip
2,talk,65,5,6,VOTE Agent[01]
2,talk,66,5,15,Over
2,talk,67,5,9,Skip
2,talk,68,5,7,Over
2,talk,69,5,2,Skip
2,talk,70,5,5,Over
2,talk,71,5,10,Over
2,talk,72,5,1,VOTE Agent[06]
2,talk,73,5,4,Over
2,talk,74,5,8,Over
2,talk,75,5,11,Over
2,talk,76,5,13,Over
2,talk,77,5,12,VOTE Agent[01]
2,talk,78,6,13,Over
2,talk,79,6,6,VOTE Agent[01]
2,talk,80,6,5,Over
2,talk,81,6,11,Over
2,talk,82,6,2,Skip
2,talk,83,6,8,Over
2,talk,84,6,15,Over
2,talk,85,6,1,VOTE Agent[06]
2,talk,86,6,4,Over
2,talk,87,6,9,Over
2,talk,88,6,7,Over
2,talk,89,6,10,Over
2,talk,90,6,12,VOTE Agent[01]
2,talk,91,7,2,Over
2,talk,92,7,7,Over
2,talk,93,7,8,Over
2,talk,94,7,13,Over
2,talk,95,7,5,Over
2,talk,96,7,6,VOTE Agent[01]
2,talk,97,7,9,Over
2,talk,98,7,1,VOTE Agent[06]
2,talk,99,7,15,Over
2,talk,100,7,11,Over
2,talk,101,7,10,Over
2,talk,102,7,4,Over
2,talk,103,7,12,VOTE Agent[01]
2,talk,104,8,4,Over
2,talk,105,8,13,Over
2,talk,106,8,7,Over
2,talk,107,8,15,Over
2,talk,108,8,11,Over
2,talk,109,8,10,Over
2,talk,110,8,12,VOTE Agent[01]
2,talk,111,8,8,Over
2,talk,112,8,5,Over
2,talk,113,8,6,VOTE Agent[01]
2,talk,114,8,2,Over
2,talk,115,8,9,Over
2,talk,116,8,1,VOTE Agent[06]
2,talk,117,9,5,Over
2,talk,118,9,1,Over
2,talk,119,9,8,Over
2,talk,120,9,9,Over
2,talk,121,9,7,Over
2,talk,122,9,12,Over
2,talk,123,9,10,Over
2,talk,124,9,4,Over
2,talk,125,9,6,Over
2,talk,126,9,2,Over
2,talk,127,9,15,Over
2,talk,128,9,13,Over
2,talk,129,9,11,Over
2,vote,1,6
2,vote,2,4
2,vote,4,9
2,vote,5,9
2,vote,6,1
2,vote,7,4
2,vote,8,9
2,vote,9,6
2,vote,10,4
2,vote,11,4
2,vote,12,1
2,vote,13,9
2,vote,15,1
2,vote,1,6
2,vote,2,4
2,vote,4,9
2,vote,5,9
2,vote,6,1
2,vote,7,4
2,vote,8,9
2,vote,9,6
2,vote,10,4
2,vote,11,4
2,vote,12,1
2,vote,13,9
2,vote,15,1
2,execute,9,VILLAGER
2,whisper,0,0,6,ATTACK Agent[02]
2,whisper,1,0,12,ATTACK Agent[02]
2,whisper,2,0,4,Skip
2,whisper,3,1,12,Skip
2,whisper,4,1,6,Skip
2,whisper,5,1,4,Skip
2,whisper,6,2,6,Skip
2,whisper,7,2,4,Over
2,whisper,8,2,12,Skip
2,whisper,9,3,4,Over
2,whisper,10,3,12,Over
2,whisper,11,3,6,Over
2,guard,7,4,WEREWOLF
2,attackVote,4,2
2,attackVote,6,2
2,attackVote,12,2
2,attack,2,true
3,status,1,VILLAGER,ALIVE,OKAMI
3,status,2,POSSESSED,DEAD,SampleJava5
3,status,3,SEER,DEAD,OKAMI
3,status,4,WEREWOLF,ALIVE,TOKU1
3,status,5,VILLAGER,ALIVE,Takeda11
3,status,6,WEREWOLF,ALIVE,HALU
3,status,7,BODYGUARD,ALIVE,sample_py
3,status,8,VILLAGER,ALIVE,Takeda3
3,status,9,VILLAGER,DEAD,TOKU8
3,status,10,VILLAGER,ALIVE,SampleJava7
3,status,11,VILLAGER,ALIVE,Tomato13
3,status,12,WEREWOLF,ALIVE,HALU
3,status,13,VILLAGER,ALIVE,TOKU14
3,status,14,VILLAGER,DEAD,Takeda6
3,status,15,MEDIUM,ALIVE,OKAMI
3,talk,0,0,10,VOTE Agent[12]
3,talk,1,0,15,Skip
3,talk,2,0,4,DIVINED Agent[06] HUMAN
3,talk,3,0,1,VOTE Agent[13]
3,talk,4,0,8,VOTE Agent[06]
3,talk,5,0,12,VOTE Agent[01]
3,talk,6,0,7,VOTE Agent[04]
3,talk,7,0,13,VOTE Agent[06]
3,talk,8,0,11,VOTE Agent[04]
3,talk,9,0,5,VOTE Agent[06]
3,talk,10,0,6,VOTE Agent[11]
3,talk,11,1,11,Skip
3,talk,12,1,13,VOTE Agent[08]
3,talk,13,1,12,VOTE Agent[01]
3,talk,14,1,7,Skip
3,talk,15,1,6,VOTE Agent[13]
3,talk,16,1,1,COMINGOUT Agent[01] VILLAGER
3,talk,17,1,4,VOTE Agent[13]
3,talk,18,1,5,VOTE Agent[13]
3,talk,19,1,15,Over
3,talk,20,1,10,REQUEST ANY (VOTE Agent[12])
3,talk,21,1,8,VOTE Agent[13]
3,talk,22,2,15,Over
3,talk,23,2,8,Skip
3,talk,24,2,12,VOTE Agent[08]
3,talk,25,2,10,Skip
3,talk,26,2,5,Skip
3,talk,27,2,1,VOTE Agent[08]
3,talk,28,2,7,Skip
3,talk,29,2,11,Skip
3,talk,30,2,6,VOTE Agent[01]
3,talk,31,2,4,Skip
3,talk,32,2,13,Skip
3,talk,33,3,7,Over
3,talk,34,3,12,VOTE Agent[08]
3,talk,35,3,13,VOTE Agent[05]
3,talk,36,3,10,Skip
3,talk,37,3,5,Skip
3,talk,38,3,11,Over
3,talk,39,3,8,Skip
3,talk,40,3,15,Over
3,talk,41,3,4,Skip
3,talk,42,3,1,VOTE Agent[05]
3,talk,43,3,6,VOTE Agent[08]
3,talk,44,4,4,Over
3,talk,45,4,10,Over
3,talk,46,4,5,Over
3,talk,47,4,15,Over
3,talk,48,4,6,VOTE Agent[08]
3,talk,49,4,11,Over
3,talk,50,4,1,VOTE Agent[08]
3,talk,51,4,8,Over
3,talk,52,4,13,Skip
3,talk,53,4,7,Over
3,talk,54,4,12,VOTE Agent[01]
3,talk,55,5,5,Over
3,talk,56,5,4,Over
3,talk,57,5,12,VOTE Agent[01]
3,talk,58,5,13,Skip
3,talk,59,5,7,Over
3,talk,60,5,10,Over
3,talk,61,5,1,VOTE Agent[05]
3,talk,62,5,6,VOTE Agent[01]
3,talk,63,5,8,Over
3,talk,64,5,11,Over
3,talk,65,5,15,Over
3,talk,66,6,11,Over
3,talk,67,6,1,VOTE Agent[05]
3,talk,68,6,7,Over
3,talk,69,6,5,Over
3,talk,70,6,8,Over
3,talk,71,6,6,VOTE Agent[01]
3,talk,72,6,12,VOTE Agent[01]
3,talk,73,6,10,Over
3,talk,74,6,4,Over
3,talk,75,6,15,Over
3,talk,76,6,13,Over
3,talk,77,7,13,Over
3,talk,78,7,11,Over
3,talk,79,7,1,VOTE Agent[05]
3,talk,80,7,8,Over
3,talk,81,7,10,Over
3,talk,82,7,4,Over
3,talk,83,7,7,Over
3,talk,84,7,6,VOTE Agent[01]
3,talk,85,7,15,Over
3,talk,86,7,12,VOTE Agent[01]
3,talk,87,7,5,Over
3,talk,88,8,5,Over
3,talk,89,8,1,VOTE Agent[05]
3,talk,90,8,12,VOTE Agent[01]
3,talk,91,8,7,Over
3,talk,92,8,11,Over
3,talk,93,8,13,Over
3,talk,94,8,10,Over
3,talk,95,8,4,Over
3,talk,96,8,8,Over
3,talk,97,8,15,Over
3,talk,98,8,6,VOTE Agent[01]
3,talk,99,9,6,Over
3,talk,100,9,4,Over
3,talk,101,9,5,Over
3,talk,102,9,10,Over
3,talk,103,9,13,Over
3,talk,104,9,8,Over
3,talk,105,9,15,Over
3,talk,106,9,11,Over
3,talk,107,9,1,Over
3,talk,108,9,7,Over
3,talk,109,9,12,Over
3,vote,1,5
3,vote,4,13
3,vote,5,13
3,vote,6,1
3,vote,7,4
3,vote,8,13
3,vote,10,4
3,vote,11,4
3,vote,12,1
3,vote,13,5
3,vote,15,1
3,vote,1,5
3,vote,4,13
3,vote,5,13
3,vote,6,1
3,vote,7,4
3,vote,8,13
3,vote,10,1
3,vote,11,4
3,vote,12,1
3,vote,13,5
3,vote,15,1
3,execute,1,VILLAGER
3,whisper,0,0,4,Skip
3,whisper,1,0,12,ATTACK Agent[05]
3,whisper,2,0,6,ATTACK Agent[05]
3,whisper,3,1,4,Skip
3,whisper,4,1,12,Skip
3,whisper,5,1,6,Skip
3,whisper,6,2,12,Skip
3,whisper,7,2,4,Over
3,whisper,8,2,6,Skip
3,whisper,9,3,12,Over
3,whisper,10,3,6,Over
3,whisper,11,3,4,Over
3,guard,7,4,WEREWOLF
3,attackVote,4,7
3,attackVote,6,10
3,attackVote,12,10
3,attack,10,true
4,status,1,VILLAGER,DEAD,OKAMI
4,status,2,POSSESSED,DEAD,SampleJava5
4,status,3,SEER,DEAD,OKAMI
4,status,4,WEREWOLF,ALIVE,TOKU1
4,status,5,VILLAGER,ALIVE,Takeda11
4,status,6,WEREWOLF,ALIVE,HALU
4,status,7,BODYGUARD,ALIVE,sample_py
4,status,8,VILLAGER,ALIVE,Takeda3
4,status,9,VILLAGER,DEAD,TOKU8
4,status,10,VILLAGER,DEAD,SampleJava7
4,status,11,VILLAGER,ALIVE,Tomato13
4,status,12,WEREWOLF,ALIVE,HALU
4,status,13,VILLAGER,ALIVE,TOKU14
4,status,14,VILLAGER,DEAD,Takeda6
4,status,15,MEDIUM,ALIVE,OKAMI
4,talk,0,0,6,VOTE Agent[15]
4,talk,1,0,15,Skip
4,talk,2,0,5,VOTE Agent[13]
4,talk,3,0,4,DIVINED Agent[13] WEREWOLF
4,talk,4,0,7,VOTE Agent[04]
4,talk,5,0,8,VOTE Agent[13]
4,talk,6,0,11,VOTE Agent[04]
4,talk,7,0,13,VOTE Agent[05]
4,talk,8,0,12,VOTE Agent[13]
4,talk,9,1,15,Over
4,talk,10,1,6,VOTE Agent[13]
4,talk,11,1,4,VOTE Agent[13]
4,talk,12,1,11,Skip
4,talk,13,1,13,VOTE Agent[08]
4,talk,14,1,8,Skip
4,talk,15,1,7,Skip
4,talk,16,1,12,VOTE Agent[13]
4,talk,17,1,5,Skip
4,talk,18,2,6,VOTE Agent[13]
4,talk,19,2,4,Skip
4,talk,20,2,12,VOTE Agent[13]
4,talk,21,2,5,VOTE Agent[08]
4,talk,22,2,7,Skip
4,talk,23,2,8,VOTE Agent[05]
4,talk,24,2,13,VOTE Agent[05]
4,talk,25,2,11,Skip
4,talk,26,2,15,Over
4,talk,27,3,12,VOTE Agent[13]
4,talk,28,3,4,Skip
4,talk,29,3,6,VOTE Agent[13]
4,talk,30,3,11,Over
4,talk,31,3,7,Over
4,talk,32,3,15,Over
4,talk,33,3,8,Skip
4,talk,34,3,5,Skip
4,talk,35,3,13,Skip
4,talk,36,4,8,Skip
4,talk,37,4,6,VOTE Agent[13]
4,talk,38,4,7,Over
4,talk,39,4,11,Over
4,talk,40,4,5,Skip
4,talk,41,4,12,VOTE Agent[13]
4,talk,42,4,13,Skip
4,talk,43,4,15,Over
4,talk,44,4,4,Over
4,talk,45,5,13,Over
4,talk,46,5,8,Over
4,talk,47,5,12,VOTE Agent[13]
4,talk,48,5,6,VOTE Agent[13]
4,talk,49,5,7,Over
4,talk,50,5,4,Over
4,talk,51,5,11,Over
4,talk,52,5,15,Over
4,talk,53,5,5,Over
4,talk,54,6,8,Over
4,talk,55,6,12,VOTE Agent[13]
4,talk,56,6,4,Over
4,talk,57,6,6,VOTE Agent[13]
4,talk,58,6,7,Over
4,talk,59,6,5,Over
4,talk,60,6,13,Over
4,talk,61,6,11,Over
4,talk,62,6,15,Over
4,talk,63,7,5,Over
4,talk,64,7,7,Over
4,talk,65,7,11,Over
4,talk,66,7,12,VOTE Agent[13]
4,talk,67,7,13,Over
4,talk,68,7,6,VOTE Agent[13]
4,talk,69,7,4,Over
4,talk,70,7,8,Over
4,talk,71,7,15,Over
4,talk,72,8,7,Over
4,talk,73,8,13,Over
4,talk,74,8,5,Over
4,talk,75,8,6,VOTE Agent[13]
4,talk,76,8,4,Over
4,talk,77,8,15,Over
4,talk,78,8,11,Over
4,talk,79,8,8,Over
4,talk,80,8,12,VOTE Agent[13]
4,talk,81,9,11,Over
4,talk,82,9,15,Over
4,talk,83,9,8,Over
4,talk,84,9,6,Over
4,talk,85,9,7,Over
4,talk,86,9,12,Over
4,talk,87,9,13,Over
4,talk,88,9,4,Over
4,talk,89,9,5,Over
4,vote,4,13
4,vote,5,8
4,vote,6,13
4,vote,7,4
4,vote,8,5
4,vote,11,4
4,vote,12,13
4,vote,13,5
4,vote,15,13
4,execute,13,VILLAGER
4,whisper,0,0,4,Skip
4,whisper,1,0,6,ATTACK Agent[05]
4,whisper,2,0,12,ATTACK Agent[07]
4,whisper,3,1,4,Skip
4,whisper,4,1,6,Skip
4,whisper,5,1,12,Skip
4,whisper,6,2,4,Over
4,whisper,7,2,12,Skip
4,whisper,8,2,6,Skip
4,whisper,9,3,6,Over
4,whisper,10,3,12,Over
4,whisper,11,3,4,Over
4,guard,7,4,WEREWOLF
4,attackVote,4,7
4,attackVote,6,15
4,attackVote,12,11
4,attackVote,4,7
4,attackVote,6,15
4,attackVote,12,7
4,attack,7,true
5,status,1,VILLAGER,DEAD,OKAMI
5,status,2,POSSESSED,DEAD,SampleJava5
5,status,3,SEER,DEAD,OKAMI
5,status,4,WEREWOLF,ALIVE,TOKU1
5,status,5,VILLAGER,ALIVE,Takeda11
5,status,6,WEREWOLF,ALIVE,HALU
5,status,7,BODYGUARD,DEAD,sample_py
5,status,8,VILLAGER,ALIVE,Takeda3
5,status,9,VILLAGER,DEAD,TOKU8
5,status,10,VILLAGER,DEAD,SampleJava7
5,status,11,VILLAGER,ALIVE,Tomato13
5,status,12,WEREWOLF,ALIVE,HALU
5,status,13,VILLAGER,DEAD,TOKU14
5,status,14,VILLAGER,DEAD,Takeda6
5,status,15,MEDIUM,ALIVE,OKAMI
5,talk,0,0,6,VOTE Agent[11]
5,talk,1,0,11,VOTE Agent[04]
5,talk,2,0,5,VOTE Agent[08]
5,talk,3,0,8,VOTE Agent[05]
5,talk,4,0,4,DIVINED Agent[05] WEREWOLF
5,talk,5,0,12,VOTE Agent[05]
5,talk,6,0,15,Skip
5,talk,7,1,12,VOTE Agent[05]
5,talk,8,1,15,Over
5,talk,9,1,4,VOTE Agent[05]
5,talk,10,1,11,Skip
5,talk,11,1,5,Skip
5,talk,12,1,8,Skip
5,talk,13,1,6,VOTE Agent[05]
5,talk,14,2,6,VOTE Agent[05]
5,talk,15,2,15,Over
5,talk,16,2,8,Skip
5,talk,17,2,4,Skip
5,talk,18,2,12,VOTE Agent[05]
5,talk,19,2,11,Skip
5,talk,20,2,5,VOTE Agent[08]
5,talk,21,3,11,Over
5,talk,22,3,15,Over
5,talk,23,3,5,VOTE Agent[08]
5,talk,24,3,6,VOTE Agent[05]
5,talk,25,3,8,Over
5,talk,26,3,4,Skip
5,talk,27,3,12,VOTE Agent[05]
5,talk,28,4,4,Over
5,talk,29,4,11,Over
5,talk,30,4,15,Over
5,talk,31,4,8,Over
5,talk,32,4,5,VOTE Agent[08]
5,talk,33,4,6,VOTE Agent[05]
5,talk,34,4,12,VOTE Agent[05]
5,talk,35,5,6,VOTE Agent[05]
5,talk,36,5,15,Over
5,talk,37,5,12,VOTE Agent[05]
5,talk,38,5,8,Over
5,talk,39,5,4,Over
5,talk,40,5,5,VOTE Agent[08]
5,talk,41,5,11,Over
5,talk,42,6,15,Over
5,talk,43,6,6,VOTE Agent[05]
5,talk,44,6,11,Over
5,talk,45,6,12,VOTE Agent[05]
5,talk,46,6,5,VOTE Agent[08]
5,talk,47,6,4,Over
5,talk,48,6,8,Over
5,talk,49,7,11,Over
5,talk,50,7,6,VOTE Agent[05]
5,talk,51,7,4,Over
5,talk,52,7,15,Over
5,talk,53,7,5,VOTE Agent[08]
5,talk,54,7,8,Over
5,talk,55,7,12,VOTE Agent[05]
5,talk,56,8,4,Over
5,talk,57,8,11,Over
5,talk,58,8,15,Over
5,talk,59,8,8,Over
5,talk,60,8,6,VOTE Agent[05]
5,talk,61,8,5,VOTE Agent[08]
5,talk,62,8,12,VOTE Agent[05]
5,talk,63,9,6,Over
5,talk,64,9,15,Over
5,talk,65,9,8,Over
5,talk,66,9,11,Over
5,talk,67,9,5,VOTE Agent[08]
5,talk,68,9,12,Over
5,talk,69,9,4,Over
5,talk,70,10,4,Over
5,talk,71,10,15,Over
5,talk,72,10,11,Over
5,talk,73,10,6,Over
5,talk,74,10,12,Over
5,talk,75,10,5,VOTE Agent[08]
5,talk,76,10,8,Over
5,talk,77,11,8,Over
5,talk,78,11,15,Over
5,talk,79,11,6,Over
5,talk,80,11,4,Over
5,talk,81,11,5,Over
5,talk,82,11,12,Over
5,talk,83,11,11,Over
5,vote,4,5
5,vote,5,8
5,vote,6,5
5,vote,8,5
5,vote,11,4
5,vote,12,5
5,vote,15,4
5,execute,5,VILLAGER
5,whisper,0,0,4,Skip
5,whisper,1,0,6,ATTACK Agent[08]
5,whisper,2,0,12,ATTACK Agent[11]
5,whisper,3,1,6,Skip
5,whisper,4,1,4,Skip
5,whisper,5,1,12,Skip
5,whisper,6,2,4,Over
5,whisper,7,2,12,Skip
5,whisper,8,2,6,Skip
5,whisper,9,3,6,Over
5,whisper,10,3,12,Over
5,whisper,11,3,4,Over
5,attackVote,4,8
5,attackVote,6,8
5,attackVote,12,11
5,attack,8,true
6,status,1,VILLAGER,DEAD,OKAMI
6,status,2,POSSESSED,DEAD,SampleJava5
6,status,3,SEER,DEAD,OKAMI
6,status,4,WEREWOLF,ALIVE,TOKU1
6,status,5,VILLAGER,DEAD,Takeda11
6,status,6,WEREWOLF,ALIVE,HALU
6,status,7,BODYGUARD,DEAD,sample_py
6,status,8,VILLAGER,DEAD,Takeda3
6,status,9,VILLAGER,DEAD,TOKU8
6,status,10,VILLAGER,DEAD,SampleJava7
6,status,11,VILLAGER,ALIVE,Tomato13
6,status,12,WEREWOLF,ALIVE,HALU
6,status,13,VILLAGER,DEAD,TOKU14
6,status,14,VILLAGER,DEAD,Takeda6
6,status,15,MEDIUM,ALIVE,OKAMI
6,result,2,3,WEREWOLF
