0,status,1,VILLAGER,ALIVE,Tomato0
0,status,2,VILLAGER,ALIVE,TOKU13
0,status,3,VILLAGER,ALIVE,TOKU4
0,status,4,VILLAGER,ALIVE,Tomato10
0,status,5,SEER,ALIVE,Takeda7
0,status,6,WEREWOLF,ALIVE,Tomato6
0,status,7,VILLAGER,ALIVE,sample_py
0,status,8,POSSESSED,ALIVE,OKAMI
0,status,9,MEDIUM,ALIVE,Tomato14
0,status,10,VILLAGER,ALIVE,SampleJava12
0,status,11,VILLAGER,ALIVE,Tomato2
0,status,12,WEREWOLF,ALIVE,Takeda11
0,status,13,WEREWOLF,ALIVE,HALU
0,status,14,VILLAGER,ALIVE,SampleJava5
0,status,15,BODYGUARD,ALIVE,OKAMI
0,whisper,0,0,6,COMINGOUT Agent[06] SEER
0,whisper,1,0,12,Skip
0,whisper,2,0,13,COMINGOUT Agent[13] MEDIUM
0,whisper,3,1,12,Skip
0,whisper,4,1,13,COMINGOUT Agent[13] VILLAGER
0,whisper,5,1,6,Skip
0,whisper,6,2,12,Over
0,whisper,7,2,13,Skip
0,whisper,8,2,6,Skip
0,whisper,9,3,6,Over
0,whisper,10,3,13,Skip
0,whisper,11,3,12,Over
0,whisper,12,4,6,Over
0,whisper,13,4,13,Over
0,whisper,14,4,12,Over
0,divine,5,10,HUMAN
1,status,1,VILLAGER,ALIVE,Tomato0
1,status,2,VILLAGER,ALIVE,TOKU13
1,status,3,VILLAGER,ALIVE,TOKU4
1,status,4,VILLAGER,ALIVE,Tomato10
1,status,5,SEER,ALIVE,Takeda7
1,status,6,WEREWOLF,ALIVE,Tomato6
1,status,7,VILLAGER,ALIVE,sample_py
1,status,8,POSSESSED,ALIVE,OKAMI
1,status,9,MEDIUM,ALIVE,Tomato14
1,status,10,VILLAGER,ALIVE,SampleJava12
1,status,11,VILLAGER,ALIVE,Tomato2
1,status,12,WEREWOLF,ALIVE,Takeda11
1,status,13,WEREWOLF,ALIVE,HALU
1,status,14,VILLAGER,ALIVE,SampleJava5
1,status,15,BODYGUARD,ALIVE,OKAMI
1,talk,0,0,9,COMINGOUT Agent[09] MEDIUM
1,talk,1,0,7,VOTE Agent[13]
1,talk,2,0,10,VOTE Agent[03]
1,talk,3,0,6,COMINGOUT Agent[06] SEER
1,talk,4,0,11,VOTE Agent[13]
1,talk,5,0,15,VOTE Agent[03]
1,talk,6,0,8,COMINGOUT Agent[08] VILLAGER
1,talk,7,0,4,VOTE Agent[13]
1,talk,8,0,1,VOTE Agent[13]
1,talk,9,0,3,VOTE Agent[13]
1,talk,10,0,5,COMINGOUT Agent[05] SEER
1,talk,11,0,13,VOTE Agent[15]
1,talk,12,0,14,VOTE Agent[13]
1,talk,13,0,12,COMINGOUT Agent[12] SEER
1,talk,14,0,2,VOTE Agent[15]
1,talk,15,1,9,VOTE Agent[13]
1,talk,16,1,13,VOTE Agent[02]
1,talk,17,1,12,DIVINED Agent[06] HUMAN
1,talk,18,1,3,VOTE Agent[12]
1,talk,19,1,14,REQUEST ANY (VOTE Agent[13])
1,talk,20,1,5,DIVINED Agent[10] HUMAN
1,talk,21,1,4,Skip
1,talk,22,1,15,VOTE Agent[08]
1,talk,23,1,2,VOTE Agent[13]
1,talk,24,1,11,Skip
1,talk,25,1,6,DIVINED Agent[15] HUMAN
1,talk,26,1,1,Skip
1,talk,27,1,10,REQUEST ANY (VOTE Agent[03])
1,talk,28,1,8,Over
1,talk,29,1,7,Skip
1,talk,30,2,2,VOTE Agent[06]
1,talk,31,2,5,VOTE Agent[06]
1,talk,32,2,3,VOTE Agent[08]
1,talk,33,2,12,VOTE Agent[05]
1,talk,34,2,6,VOTE Agent[13]
1,talk,35,2,11,Skip
1,talk,36,2,8,DIVINED Agent[06] WEREWOLF
1,talk,37,2,7,VOTE Agent[06]
1,talk,38,2,14,Skip
1,talk,39,2,15,VOTE Agent[05]
1,talk,40,2,4,VOTE Agent[06]
1,talk,41,2,9,VOTE Agent[06]
1,talk,42,2,10,Skip
1,talk,43,2,1,VOTE Agent[06]
1,talk,44,2,13,VOTE Agent[03]
1,talk,45,3,8,VOTE Agent[06]
1,talk,46,3,7,Skip
1,talk,47,3,4,Skip
1,talk,48,3,11,VOTE Agent[06]
1,talk,49,3,12,VOTE Agent[06]
1,talk,50,3,15,VOTE Agent[08]
1,talk,51,3,13,VOTE Agent[03]
1,talk,52,3,2,VOTE Agent[12]
1,talk,53,3,6,VOTE Agent[03]
1,talk,54,3,14,Skip
1,talk,55,3,5,VOTE Agent[06]
1,talk,56,3,10,Skip
1,talk,57,3,9,Skip
1,talk,58,3,1,Skip
1,talk,59,3,3,VOTE Agent[06]
1,talk,60,4,11,Skip
1,talk,61,4,12,Skip
1,talk,62,4,7,Skip
1,talk,63,4,14,Over
1,talk,64,4,5,VOTE Agent[06]
1,talk,65,4,6,Skip
1,talk,66,4,4,Skip
1,talk,67,4,9,Skip
1,talk,68,4,15,VOTE Agent[12]
1,talk,69,4,2,Skip
1,talk,70,4,1,Skip
1,talk,71,4,10,Over
1,talk,72,4,13,VOTE Agent[02]
1,talk,73,4,3,Skip
1,talk,74,4,8,VOTE Agent[06]
1,talk,75,5,13,VOTE Agent[02]
1,talk,76,5,11,Skip
1,talk,77,5,4,Over
1,talk,78,5,9,Over
1,talk,79,5,15,VOTE Agent[12]
1,talk,80,5,14,Over
1,talk,81,5,12,Skip
1,talk,82,5,2,Skip
1,talk,83,5,6,Skip
1,talk,84,5,7,Over
1,talk,85,5,5,VOTE Agent[06]
1,talk,86,5,3,Skip
1,talk,87,5,1,Over
1,talk,88,5,10,Over
1,talk,89,5,8,VOTE Agent[06]
1,talk,90,6,14,Over
1,talk,91,6,4,Over
1,talk,92,6,15,VOTE Agent[12]
1,talk,93,6,9,Over
1,talk,94,6,2,Over
1,talk,95,6,3,VOTE Agent[12]
1,talk,96,6,1,Over
1,talk,97,6,5,VOTE Agent[06]
1,talk,98,6,7,Over
1,talk,99,6,12,Over
1,talk,100,6,8,VOTE Agent[06]
1,talk,101,6,13,VOTE Agent[08]
1,talk,102,6,6,VOTE Agent[12]
1,talk,103,6,10,Over
1,talk,104,6,11,Over
1,talk,105,7,2,Over
1,talk,106,7,4,Over
1,talk,107,7,9,Over
1,talk,108,7,15,VOTE Agent[12]
1,talk,109,7,8,VOTE Agent[06]
1,talk,110,7,14,Over
1,talk,111,7,10,Over
1,talk,112,7,11,Over
1,talk,113,7,6,Skip
1,talk,114,7,5,VOTE Agent[06]
1,talk,115,7,12,Over
1,talk,116,7,13,VOTE Agent[02]
1,talk,117,7,1,Over
1,talk,118,7,3,Skip
1,talk,119,7,7,Over
1,talk,120,8,15,VOTE Agent[12]
1,talk,121,8,2,Over
1,talk,122,8,1,Over
1,talk,123,8,7,Over
1,talk,124,8,13,VOTE Agent[02]
1,talk,125,8,14,Over
1,talk,126,8,5,VOTE Agent[06]
1,talk,127,8,4,Over
1,talk,128,8,3,Skip
1,talk,129,8,9,Over
1,talk,130,8,12,Over
1,talk,131,8,6,Skip
1,talk,132,8,8,VOTE Agent[06]
1,talk,133,8,10,Over
1,talk,134,8,11,Over
1,talk,135,9,7,Over
1,talk,136,9,9,Over
1,talk,137,9,13,Over
1,talk,138,9,6,Over
1,talk,139,9,1,Over
1,talk,140,9,15,Over
1,talk,141,9,10,Over
1,talk,142,9,11,Over
1,talk,143,9,4,Over
1,talk,144,9,5,VOTE Agent[06]
1,talk,145,9,12,Over
1,talk,146,9,2,Over
1,talk,147,9,3,Over
1,talk,148,9,8,Over
1,talk,149,9,14,Over
1,talk,150,10,1,Over
1,talk,151,10,11,Over
1,talk,152,10,3,Over
1,talk,153,10,13,Over
1,talk,154,10,9,Over
1,talk,155,10,5,Over
1,talk,156,10,4,Over
1,talk,157,10,8,Over
1,talk,158,10,14,Over
1,talk,159,10,10,Over
1,talk,160,10,2,Over
1,talk,161,10,12,Over
1,talk,162,10,7,Over
1,talk,163,10,15,Over
1,talk,164,10,6,Over
1,vote,1,6
1,vote,2,6
1,vote,3,6
1,vote,4,6
1,vote,5,6
1,vote,6,12
1,vote,7,6
1,vote,8,6
1,vote,9,6
1,vote,10,13
1,vote,11,6
1,vote,12,6
1,vote,13,2
1,vote,14,3
1,vote,15,12
1,execute,6,WEREWOLF
1,divine,5,12,WEREWOLF
1,whisper,0,0,13,ATTACK Agent[05]
1,whisper,1,0,12,Skip
1,whisper,2,1,13,Skip
1,whisper,3,1,12,Skip
1,whisper,4,2,13,Skip
1,whisper,5,2,12,Over
1,whisper,6,3,12,Over
1,whisper,7,3,13,Over
1,guard,15,9,MEDIUM
1,attackVote,12,15
1,attackVote,13,5
1,attackVote,12,15
1,attackVote,13,5
1,attack,5,true
2,status,1,VILLAGER,ALIVE,Tomato0
2,status,2,VILLAGER,ALIVE,TOKU13
2,status,3,VILLAGER,ALIVE,TOKU4
2,status,4,VILLAGER,ALIVE,Tomato10
2,status,5,SEER,DEAD,Takeda7
2,status,6,WEREWOLF,DEAD,Tomato6
2,status,7,VILLAGER,ALIVE,sample_py
2,status,8,POSSESSED,ALIVE,OKAMI
2,status,9,MEDIUM,ALIVE,Tomato14
2,status,10,VILLAGER,ALIVE,SampleJava12
2,status,11,VILLAGER,ALIVE,Tomato2
2,status,12,WEREWOLF,ALIVE,Takeda11
2,status,13,WEREWOLF,ALIVE,HALU
2,status,14,VILLAGER,ALIVE,SampleJava5
2,status,15,BODYGUARD,ALIVE,OKAMI
2,talk,0,0,11,VOTE Agent[09]
2,talk,1,0,14,VOTE Agent[08]
2,talk,2,0,9,IDENTIFIED Agent[06] WEREWOLF
2,talk,3,0,1,VOTE Agent[08]
2,talk,4,0,12,DIVINED Agent[15] WEREWOLF
2,talk,5,0,2,VOTE Agent[12]
2,talk,6,0,4,VOTE Agent[08]
2,talk,7,0,3,VOTE Agent[12]
2,talk,8,0,15,VOTE Agent[12]
2,talk,9,0,8,DIVINED Agent[15] WEREWOLF
2,talk,10,0,10,VOTE Agent[09]
2,talk,11,0,13,VOTE Agent[15]
2,talk,12,0,7,VOTE Agent[15]
2,talk,13,1,1,Skip
2,talk,14,1,15,VOTE Agent[12]
2,talk,15,1,9,VOTE Agent[12]
2,talk,16,1,8,VOTE Agent[12]
2,talk,17,1,12,VOTE Agent[15]
2,talk,18,1,11,VOTE Agent[12]
2,talk,19,1,14,REQUEST ANY (VOTE Agent[08])
2,talk,20,1,13,VOTE Agent[15]
2,talk,21,1,4,VOTE Agent[12]
2,talk,22,1,7,Skip
2,talk,23,1,3,Skip
2,talk,24,1,2,Skip
2,talk,25,1,10,REQUEST ANY (VOTE Agent[09])
2,talk,26,2,2,Skip
2,talk,27,2,8,VOTE Agent[12]
2,talk,28,2,4,Skip
2,talk,29,2,3,Skip
2,talk,30,2,10,Skip
2,talk,31,2,13,VOTE Agent[15]
2,talk,32,2,11,Skip
2,talk,33,2,9,Skip
2,talk,34,2,14,Skip
2,talk,35,2,12,VOTE Agent[15]
2,talk,36,2,15,VOTE Agent[08]
2,talk,37,2,1,VOTE Agent[12]
2,talk,38,2,7,Skip
2,talk,39,3,14,Skip
2,talk,40,3,4,Skip
2,talk,41,3,13,VOTE Agent[15]
2,talk,42,3,3,Over
2,talk,43,3,9,Skip
2,talk,44,3,12,VOTE Agent[15]
2,talk,45,3,2,Over
2,talk,46,3,8,VOTE Agent[12]
2,talk,47,3,15,VOTE Agent[08]
2,talk,48,3,7,Over
2,talk,49,3,10,Skip
2,talk,50,3,1,Skip
2,talk,51,3,11,Skip
2,talk,52,4,8,VOTE Agent[12]
2,talk,53,4,1,Skip
2,talk,54,4,15,VOTE Agent[08]
2,talk,55,4,9,Over
2,talk,56,4,14,Over
2,talk,57,4,12,VOTE Agent[15]
2,talk,58,4,7,Over
2,talk,59,4,11,Over
2,talk,60,4,2,Over
2,talk,61,4,13,VOTE Agent[15]
2,talk,62,4,4,Over
2,talk,63,4,10,Over
2,talk,64,4,3,Over
2,talk,65,5,11,Over
2,talk,66,5,3,Over
2,talk,67,5,1,Over
2,talk,68,5,14,Over
2,talk,69,5,8,VOTE Agent[12]
2,talk,70,5,13,VOTE Agent[15]
2,talk,71,5,7,Over
2,talk,72,5,15,VOTE Agent[08]
2,talk,73,5,9,Over
2,talk,74,5,2,Over
2,talk,75,5,4,Over
2,talk,76,5,10,Over
2,talk,77,5,12,VOTE Agent[15]
2,talk,78,6,1,Over
2,talk,79,6,12,VOTE Agent[15]
2,talk,80,6,7,Over
2,talk,81,6,14,Over
2,talk,82,6,3,Over
2,talk,83,6,11,Over
2,talk,84,6,2,Over
2,talk,85,6,8,VOTE Agent[12]
2,talk,86,6,13,VOTE Agent[15]
2,talk,87,6,4,Over
2,talk,88,6,15,VOTE Agent[08]
2,talk,89,6,10,Over
2,talk,90,6,9,Over
2,talk,91,7,3,Over
2,talk,92,7,4,Over
2,talk,93,7,8,VOTE Agent[12]
2,talk,94,7,15,VOTE Agent[08]
2,talk,95,7,13,VOTE Agent[15]
2,talk,96,7,10,Over
2,talk,97,7,12,VOTE Agent[15]
2,talk,98,7,2,Over
2,talk,99,7,1,Over
2,talk,100,7,7,Over
2,talk,101,7,11,Over
2,talk,102,7,14,Over
2,talk,103,7,9,Over
2,talk,104,8,2,Over
2,talk,105,8,4,Over
2,talk,106,8,12,VOTE Agent[15]
2,talk,107,8,8,VOTE Agent[12]
2,talk,108,8,10,Over
2,talk,109,8,11,Over
2,talk,110,8,3,Over
2,talk,111,8,15,VOTE Agent[08]
2,talk,112,8,7,Over
2,talk,113,8,1,Over
2,talk,114,8,9,Over
2,talk,115,8,14,Over
2,talk,116,8,13,VOTE Agent[15]
2,talk,117,9,15,Over
2,talk,118,9,10,Over
2,talk,119,9,11,Over
2,talk,120,9,4,Over
2,talk,121,9,12,VOTE Agent[15]
2,talk,122,9,3,Over
2,talk,123,9,2,Over
2,talk,124,9,1,Over
2,talk,125,9,9,Over
2,talk,126,9,8,Over
2,talk,127,9,14,Over
2,talk,128,9,13,Over
2,talk,129,9,7,Over
2,talk,130,10,7,Over
2,talk,131,10,1,Over
2,talk,132,10,9,Over
2,talk,133,10,4,Over
2,talk,134,10,2,Over
2,talk,135,10,10,Over
2,talk,136,10,15,Over
2,talk,137,10,11,Over
2,talk,138,10,14,Over
2,talk,139,10,8,Over
2,talk,140,10,12,Over
2,talk,141,10,13,Over
2,talk,142,10,3,Over
2,vote,1,12
2,vote,2,12
2,vote,3,12
2,vote,4,12
2,vote,7,15
2,vote,8,12
2,vote,9,12
2,vote,10,8
2,vote,11,12
2,vote,12,15
2,vote,13,15
2,vote,14,9
2,vote,15,8
2,execute,12,WEREWOLF
2,guard,15,9,MEDIUM
2,attackVote,13,15
2,attack,15,true
3,status,1,VILLAGER,ALIVE,Tomato0
3,status,2,VILLAGER,ALIVE,TOKU13
3,status,3,VILLAGER,ALIVE,TOKU4
3,status,4,VILLAGER,ALIVE,Tomato10
3,status,5,SEER,DEAD,Takeda7
3,status,6,WEREWOLF,DEAD,Tomato6
3,status,7,VILLAGER,ALIVE,sample_py
3,status,8,POSSESSED,ALIVE,OKAMI
3,status,9,MEDIUM,ALIVE,Tomato14
3,status,10,VILLAGER,ALIVE,SampleJava12
3,status,11,VILLAGER,ALIVE,Tomato2
3,status,12,WEREWOLF,DEAD,Takeda11
3,status,13,WEREWOLF,ALIVE,HALU
3,status,14,VILLAGER,ALIVE,SampleJava5
3,status,15,BODYGUARD,DEAD,OKAMI
3,talk,0,0,7,VOTE Agent[04]
3,talk,1,0,2,VOTE Agent[04]
3,talk,2,0,11,VOTE Agent[09]
3,talk,3,0,8,DIVINED Agent[10] WEREWOLF
3,talk,4,0,13,VOTE Agent[02]
3,talk,5,0,4,VOTE Agent[09]
3,talk,6,0,1,VOTE Agent[09]
3,talk,7,0,3,VOTE Agent[04]
3,talk,8,0,9,IDENTIFIED Agent[12] WEREWOLF
3,talk,9,0,10,BECAUSE (AND (ANY ATTACKED Agent[15]) (DAY 2 (Agent[08] DIVINED Agent[15] WEREWOLF))) (XOR (ESTIMATE Agent[08] WEREWOLF) (ESTIMATE Agent[08] POSSESSED))
3,talk,10,0,14,BECAUSE (AND (ANY ATTACKED Agent[15]) (DAY 2 (Agent[08] DIVINED Agent[15] WEREWOLF))) (XOR (ESTIMATE Agent[08] WEREWOLF) (ESTIMATE Agent[08] POSSESSED))
3,talk,11,1,8,VOTE Agent[09]
3,talk,12,1,3,Skip
3,talk,13,1,9,VOTE Agent[01]
3,talk,14,1,10,BECAUSE (XOR (ESTIMATE Agent[08] WEREWOLF) (ESTIMATE Agent[08] POSSESSED)) (AND (VOTE Agent[08]) (REQUEST ANY (VOTE Agent[08])))
3,talk,15,1,2,Skip
3,talk,16,1,13,VOTE Agent[08]
3,talk,17,1,14,BECAUSE (XOR (ESTIMATE Agent[08] WEREWOLF) (ESTIMATE Agent[08] POSSESSED)) (AND (VOTE Agent[08]) (REQUEST ANY (VOTE Agent[08])))
3,talk,18,1,11,Skip
3,talk,19,1,4,Skip
3,talk,20,1,1,Skip
3,talk,21,1,7,VOTE Agent[10]
3,talk,22,2,14,VOTE Agent[08]
3,talk,23,2,11,Skip
3,talk,24,2,10,VOTE Agent[08]
3,talk,25,2,13,VOTE Agent[08]
3,talk,26,2,2,VOTE Agent[07]
3,talk,27,2,3,VOTE Agent[07]
3,talk,28,2,7,Skip
3,talk,29,2,8,VOTE Agent[09]
3,talk,30,2,9,Skip
3,talk,31,2,1,Skip
3,talk,32,2,4,Skip
3,talk,33,3,11,Over
3,talk,34,3,10,REQUEST ANY (VOTE Agent[08])
3,talk,35,3,4,Over
3,talk,36,3,7,Skip
3,talk,37,3,1,Over
3,talk,38,3,3,Skip
3,talk,39,3,13,VOTE Agent[03]
3,talk,40,3,8,VOTE Agent[09]
3,talk,41,3,14,REQUEST ANY (VOTE Agent[08])
3,talk,42,3,2,Skip
3,talk,43,3,9,Skip
3,talk,44,4,9,Over
3,talk,45,4,7,Over
3,talk,46,4,1,Over
3,talk,47,4,8,VOTE Agent[09]
3,talk,48,4,4,Over
3,talk,49,4,11,Over
3,talk,50,4,2,Skip
3,talk,51,4,3,Skip
3,talk,52,4,10,Skip
3,talk,53,4,14,Skip
3,talk,54,4,13,VOTE Agent[03]
3,talk,55,5,4,Over
3,talk,56,5,9,Over
3,talk,57,5,1,Over
3,talk,58,5,13,VOTE Agent[03]
3,talk,59,5,8,VOTE Agent[09]
3,talk,60,5,3,Over
3,talk,61,5,7,Over
3,talk,62,5,11,Over
3,talk,63,5,2,Over
3,talk,64,5,14,Skip
3,talk,65,5,10,Skip
3,talk,66,6,4,Over
3,talk,67,6,11,Over
3,talk,68,6,7,Over
3,talk,69,6,2,Over
3,talk,70,6,10,Over
3,talk,71,6,13,VOTE Agent[03]
3,talk,72,6,1,Over
3,talk,73,6,9,Over
3,talk,74,6,14,Over
3,talk,75,6,8,VOTE Agent[09]
3,talk,76,6,3,Over
3,talk,77,7,10,Over
3,talk,78,7,1,Over
3,talk,79,7,13,VOTE Agent[03]
3,talk,80,7,8,VOTE Agent[09]
3,talk,81,7,14,Over
3,talk,82,7,7,Over
3,talk,83,7,11,Over
3,talk,84,7,4,Over
3,talk,85,7,2,Over
3,talk,86,7,3,Over
3,talk,87,7,9,Over
3,talk,88,8,2,Over
3,talk,89,8,8,VOTE Agent[09]
3,talk,90,8,13,VOTE Agent[03]
3,talk,91,8,1,Over
3,talk,92,8,9,Over
3,talk,93,8,11,Over
3,talk,94,8,7,Over
3,talk,95,8,14,Over
3,talk,96,8,3,Over
3,talk,97,8,4,Over
3,talk,98,8,10,Over
3,talk,99,9,7,Over
3,talk,100,9,13,Over
3,talk,101,9,1,Over
3,talk,102,9,10,Over
3,talk,103,9,2,Over
3,talk,104,9,3,Over
3,talk,105,9,4,Over
3,talk,106,9,11,Over
3,talk,107,9,8,Over
3,talk,108,9,9,Over
3,talk,109,9,14,Over
3,vote,1,9
3,vote,2,7
3,vote,3,7
3,vote,4,9
3,vote,7,10
3,vote,8,9
3,vote,9,1
3,vote,10,8
3,vote,11,9
3,vote,13,3
3,vote,14,8
3,execute,9,MEDIUM
3,attackVote,13,10
3,attack,10,true
4,status,1,VILLAGER,ALIVE,Tomato0
4,status,2,VILLAGER,ALIVE,TOKU13
4,status,3,VILLAGER,ALIVE,TOKU4
4,status,4,VILLAGER,ALIVE,Tomato10
4,status,5,SEER,DEAD,Takeda7
4,status,6,WEREWOLF,DEAD,Tomato6
4,status,7,VILLAGER,ALIVE,sample_py
4,status,8,POSSESSED,ALIVE,OKAMI
4,status,9,MEDIUM,DEAD,Tomato14
4,status,10,VILLAGER,DEAD,SampleJava12
4,status,11,VILLAGER,ALIVE,Tomato2
4,status,12,WEREWOLF,DEAD,Takeda11
4,status,13,WEREWOLF,ALIVE,HALU
4,status,14,VILLAGER,ALIVE,SampleJava5
4,status,15,BODYGUARD,DEAD,OKAMI
4,talk,0,0,1,VOTE Agent[11]
4,talk,1,0,13,VOTE Agent[01]
4,talk,2,0,7,VOTE Agent[02]
4,talk,3,0,8,DIVINED Agent[14] WEREWOLF
4,talk,4,0,4,VOTE Agent[01]
4,talk,5,0,2,VOTE Agent[07]
4,talk,6,0,11,VOTE Agent[01]
4,talk,7,0,14,BECAUSE (AND (ANY ATTACKED Agent[15]) (DAY 2 (Agent[08] DIVINED Agent[15] WEREWOLF))) (XOR (ESTIMATE Agent[08] WEREWOLF) (ESTIMATE Agent[08] POSSESSED))
4,talk,8,0,3,VOTE Agent[07]
4,talk,9,1,8,VOTE Agent[14]
4,talk,10,1,4,Skip
4,talk,11,1,3,Skip
4,talk,12,1,7,VOTE Agent[14]
4,talk,13,1,13,VOTE Agent[07]
4,talk,14,1,11,Skip
4,talk,15,1,14,BECAUSE (XOR (ESTIMATE Agent[08] WEREWOLF) (ESTIMATE Agent[08] POSSESSED)) (AND (VOTE Agent[08]) (REQUEST ANY (VOTE Agent[08])))
4,talk,16,1,1,Skip
4,talk,17,1,2,Skip
4,talk,18,2,13,VOTE Agent[07]
4,talk,19,2,2,Skip
4,talk,20,2,11,Skip
4,talk,21,2,4,Skip
4,talk,22,2,8,VOTE Agent[14]
4,talk,23,2,7,Skip
4,talk,24,2,1,Skip
4,talk,25,2,3,Skip
4,talk,26,2,14,VOTE Agent[08]
4,talk,27,3,7,Skip
4,talk,28,3,8,VOTE Agent[14]
4,talk,29,3,3,Over
4,talk,30,3,14,REQUEST ANY (VOTE Agent[08])
4,talk,31,3,1,Over
4,talk,32,3,13,VOTE Agent[08]
4,talk,33,3,11,Over
4,talk,34,3,4,Over
4,talk,35,3,2,Over
4,talk,36,4,7,Over
4,talk,37,4,11,Over
4,talk,38,4,14,Skip
4,talk,39,4,2,Over
4,talk,40,4,8,VOTE Agent[14]
4,talk,41,4,3,Over
4,talk,42,4,4,Over
4,talk,43,4,1,Over
4,talk,44,4,13,VOTE Agent[07]
4,talk,45,5,4,Over
4,talk,46,5,7,Over
4,talk,47,5,2,Over
4,talk,48,5,11,Over
4,talk,49,5,14,Skip
4,talk,50,5,3,Over
4,talk,51,5,1,Over
4,talk,52,5,13,VOTE Agent[07]
4,talk,53,5,8,VOTE Agent[14]
4,talk,54,6,13,VOTE Agent[11]
4,talk,55,6,4,Over
4,talk,56,6,8,VOTE Agent[14]
4,talk,57,6,11,Over
4,talk,58,6,7,Over
4,talk,59,6,3,Over
4,talk,60,6,2,Over
4,talk,61,6,14,Over
4,talk,62,6,1,Over
4,talk,63,7,7,Over
4,talk,64,7,14,Over
4,talk,65,7,8,VOTE Agent[14]
4,talk,66,7,2,Over
4,talk,67,7,3,Over
4,talk,68,7,11,Over
4,talk,69,7,1,Over
4,talk,70,7,4,Over
4,talk,71,7,13,VOTE Agent[11]
4,talk,72,8,8,VOTE Agent[14]
4,talk,73,8,4,Over
4,talk,74,8,11,Over
4,talk,75,8,7,Over
4,talk,76,8,2,Over
4,talk,77,8,14,Over
4,talk,78,8,3,Over
4,talk,79,8,1,Over
4,talk,80,8,13,VOTE Agent[07]
4,talk,81,9,13,Over
4,talk,82,9,14,Over
4,talk,83,9,8,Over
4,talk,84,9,3,Over
4,talk,85,9,11,Over
4,talk,86,9,7,Over
4,talk,87,9,1,Over
4,talk,88,9,2,Over
4,talk,89,9,4,Over
4,vote,1,11
4,vote,2,7
4,vote,3,7
4,vote,4,1
4,vote,7,14
4,vote,8,14
4,vote,11,1
4,vote,13,7
4,vote,14,8
4,execute,7,VILLAGER
4,attackVote,13,3
4,attack,3,true
5,status,1,VILLAGER,ALIVE,Tomato0
5,status,2,VILLAGER,ALIVE,TOKU13
5,status,3,VILLAGER,DEAD,TOKU4
5,status,4,VILLAGER,ALIVE,Tomato10
5,status,5,SEER,DEAD,Takeda7
5,status,6,WEREWOLF,DEAD,Tomato6
5,status,7,VILLAGER,DEAD,sample_py
5,status,8,POSSESSED,ALIVE,OKAMI
5,status,9,MEDIUM,DEAD,Tomato14
5,status,10,VILLAGER,DEAD,SampleJava12
5,status,11,VILLAGER,ALIVE,Tomato2
5,status,12,WEREWOLF,DEAD,Takeda11
5,status,13,WEREWOLF,ALIVE,HALU
5,status,14,VILLAGER,ALIVE,SampleJava5
5,status,15,BODYGUARD,DEAD,OKAMI
5,talk,0,0,14,BECAUSE (AND (ANY ATTACKED Agent[15]) (DAY 2 (Agent[08] DIVINED Agent[15] WEREWOLF))) (XOR (ESTIMATE Agent[08] WEREWOLF) (ESTIMATE Agent[08] POSSESSED))
5,talk,1,0,13,VOTE Agent[04]
5,talk,2,0,8,COMINGOUT Agent[08] POSSESSED
5,talk,3,0,11,VOTE Agent[01]
5,talk,4,0,2,VOTE Agent[13]
5,talk,5,0,4,VOTE Agent[01]
5,talk,6,0,1,VOTE Agent[11]
5,talk,7,1,8,VOTE Agent[01]
5,talk,8,1,11,Skip
5,talk,9,1,4,Skip
5,talk,10,1,14,BECAUSE (XOR (ESTIMATE Agent[08] WEREWOLF) (ESTIMATE Agent[08] POSSESSED)) (AND (VOTE Agent[08]) (REQUEST ANY (VOTE Agent[08])))
5,talk,11,1,2,VOTE Agent[14]
5,talk,12,1,1,Skip
5,talk,13,1,13,VOTE Agent[14]
5,talk,14,2,4,Skip
5,talk,15,2,13,VOTE Agent[14]
5,talk,16,2,14,VOTE Agent[08]
5,talk,17,2,8,VOTE Agent[14]
5,talk,18,2,11,Skip
5,talk,19,2,1,Skip
5,talk,20,2,2,Skip
5,talk,21,3,8,VOTE Agent[14]
5,talk,22,3,1,Over
5,talk,23,3,2,VOTE Agent[13]
5,talk,24,3,11,Over
5,talk,25,3,13,VOTE Agent[14]
5,talk,26,3,14,REQUEST ANY (VOTE Agent[08])
5,talk,27,3,4,Over
5,talk,28,4,13,VOTE Agent[14]
5,talk,29,4,14,Skip
5,talk,30,4,11,Over
5,talk,31,4,1,Over
5,talk,32,4,2,Skip
5,talk,33,4,4,Over
5,talk,34,4,8,VOTE Agent[01]
5,talk,35,5,14,Skip
5,talk,36,5,8,VOTE Agent[01]
5,talk,37,5,2,Skip
5,talk,38,5,13,VOTE Agent[14]
5,talk,39,5,1,Over
5,talk,40,5,4,Over
5,talk,41,5,11,Over
5,talk,42,6,2,Over
5,talk,43,6,8,VOTE Agent[01]
5,talk,44,6,13,VOTE Agent[14]
5,talk,45,6,14,Over
5,talk,46,6,11,Over
5,talk,47,6,1,Over
5,talk,48,6,4,Over
5,talk,49,7,13,VOTE Agent[14]
5,talk,50,7,2,Over
5,talk,51,7,1,Over
5,talk,52,7,4,Over
5,talk,53,7,11,Over
5,talk,54,7,8,VOTE Agent[01]
5,talk,55,7,14,Over
5,talk,56,8,4,Over
5,talk,57,8,2,Over
5,talk,58,8,11,Over
5,talk,59,8,14,Over
5,talk,60,8,13,VOTE Agent[14]
5,talk,61,8,1,Over
5,talk,62,8,8,VOTE Agent[01]
5,talk,63,9,14,Over
5,talk,64,9,1,Over
5,talk,65,9,13,Over
5,talk,66,9,4,Over
5,talk,67,9,8,VOTE Agent[01]
5,talk,68,9,11,Over
5,talk,69,9,2,Over
5,talk,70,10,4,Over
5,talk,71,10,13,Over
5,talk,72,10,14,Over
5,talk,73,10,1,Over
5,talk,74,10,2,Over
5,talk,75,10,8,Over
5,talk,76,10,11,Over
5,vote,1,11
5,vote,2,13
5,vote,4,1
5,vote,8,1
5,vote,11,1
5,vote,13,14
5,vote,14,8
5,execute,1,VILLAGER
5,attackVote,13,2
5,attack,2,true
6,status,1,VILLAGER,DEAD,Tomato0
6,status,2,VILLAGER,DEAD,TOKU13
6,status,3,VILLAGER,DEAD,TOKU4
6,status,4,VILLAGER,ALIVE,Tomato10
6,status,5,SEER,DEAD,Takeda7
6,status,6,WEREWOLF,DEAD,Tomato6
6,status,7,VILLAGER,DEAD,sample_py
6,status,8,POSSESSED,ALIVE,OKAMI
6,status,9,MEDIUM,DEAD,Tomato14
6,status,10,VILLAGER,DEAD,SampleJava12
6,status,11,VILLAGER,ALIVE,Tomato2
6,status,12,WEREWOLF,DEAD,Takeda11
6,status,13,WEREWOLF,ALIVE,HALU
6,status,14,VILLAGER,ALIVE,SampleJava5
6,status,15,BODYGUARD,DEAD,OKAMI
6,talk,0,0,14,BECAUSE (AND (ANY ATTACKED Agent[15]) (DAY 2 (Agent[08] DIVINED Agent[15] WEREWOLF))) (XOR (ESTIMATE Agent[08] WEREWOLF) (ESTIMATE Agent[08] POSSESSED))
6,talk,1,0,13,VOTE Agent[14]
6,talk,2,0,11,VOTE Agent[04]
6,talk,3,0,4,VOTE Agent[11]
6,talk,4,0,8,COMINGOUT Agent[08] POSSESSED
6,talk,5,1,14,BECAUSE (XOR (ESTIMATE Agent[08] WEREWOLF) (ESTIMATE Agent[08] POSSESSED)) (AND (VOTE Agent[08]) (REQUEST ANY (VOTE Agent[08])))
6,talk,6,1,8,VOTE Agent[11]
6,talk,7,1,4,Skip
6,talk,8,1,13,VOTE Agent[14]
6,talk,9,1,11,Skip
6,talk,10,2,11,Skip
6,talk,11,2,4,Skip
6,talk,12,2,14,VOTE Agent[08]
6,talk,13,2,13,VOTE Agent[14]
6,talk,14,2,8,VOTE Agent[14]
6,talk,15,3,11,Over
6,talk,16,3,4,Over
6,talk,17,3,14,REQUEST ANY (VOTE Agent[08])
6,talk,18,3,8,VOTE Agent[11]
6,talk,19,3,13,VOTE Agent[14]
6,talk,20,4,13,VOTE Agent[14]
6,talk,21,4,4,Over
6,talk,22,4,14,Skip
6,talk,23,4,11,Over
6,talk,24,4,8,VOTE Agent[04]
6,talk,25,5,11,Over
6,talk,26,5,8,VOTE Agent[04]
6,talk,27,5,13,VOTE Agent[14]
6,talk,28,5,14,Skip
6,talk,29,5,4,Over
6,talk,30,6,14,Over
6,talk,31,6,11,Over
6,talk,32,6,13,VOTE Agent[14]
6,talk,33,6,8,VOTE Agent[14]
6,talk,34,6,4,Over
6,talk,35,7,4,Over
6,talk,36,7,14,Over
6,talk,37,7,8,VOTE Agent[14]
6,talk,38,7,11,Over
6,talk,39,7,13,VOTE Agent[14]
6,talk,40,8,8,VOTE Agent[04]
6,talk,41,8,14,Over
6,talk,42,8,4,Over
6,talk,43,8,11,Over
6,talk,44,8,13,VOTE Agent[14]
6,talk,45,9,11,Over
6,talk,46,9,8,VOTE Agent[14]
6,talk,47,9,4,Over
6,talk,48,9,14,Over
6,talk,49,9,13,Over
6,talk,50,10,4,Over
6,talk,51,10,11,Over
6,talk,52,10,14,Over
6,talk,53,10,8,Over
6,talk,54,10,13,Over
6,vote,4,11
6,vote,8,14
6,vote,11,4
6,vote,13,14
6,vote,14,8
6,execute,14,VILLAGER
6,attackVote,13,11
6,attack,11,true
7,status,1,VILLAGER,DEAD,Tomato0
7,status,2,VILLAGER,DEAD,TOKU13
7,status,3,VILLAGER,DEAD,TOKU4
7,status,4,VILLAGER,ALIVE,Tomato10
7,status,5,SEER,DEAD,Takeda7
7,status,6,WEREWOLF,DEAD,Tomato6
7,status,7,VILLAGER,DEAD,sample_py
7,status,8,POSSESSED,ALIVE,OKAMI
7,status,9,MEDIUM,DEAD,Tomato14
7,status,10,VILLAGER,DEAD,SampleJava12
7,status,11,VILLAGER,DEAD,Tomato2
7,status,12,WEREWOLF,DEAD,Takeda11
7,status,13,WEREWOLF,ALIVE,HALU
7,status,14,VILLAGER,DEAD,SampleJava5
7,status,15,BODYGUARD,DEAD,OKAMI
7,talk,0,0,4,VOTE Agent[13]
7,talk,1,0,8,COMINGOUT Agent[08] POSSESSED
7,talk,2,0,13,VOTE Agent[08]
7,talk,3,1,4,VOTE Agent[08]
7,talk,4,1,8,VOTE Agent[13]
7,talk,5,1,13,VOTE Agent[04]
7,talk,6,2,8,VOTE Agent[04]
7,talk,7,2,4,Skip
7,talk,8,2,13,VOTE Agent[04]
7,talk,9,3,4,Skip
7,talk,10,3,8,VOTE Agent[04]
7,talk,11,3,13,VOTE Agent[04]
7,talk,12,4,13,VOTE Agent[04]
7,talk,13,4,4,Over
7,talk,14,4,8,VOTE Agent[04]
7,talk,15,5,8,VOTE Agent[04]
7,talk,16,5,13,VOTE Agent[04]
7,talk,17,5,4,VOTE Agent[13]
7,talk,18,6,13,VOTE Agent[04]
7,talk,19,6,8,VOTE Agent[04]
7,talk,20,6,4,VOTE Agent[08]
7,talk,21,7,4,VOTE Agent[13]
7,talk,22,7,8,VOTE Agent[04]
7,talk,23,7,13,VOTE Agent[04]
7,talk,24,8,8,VOTE Agent[04]
7,talk,25,8,4,VOTE Agent[08]
7,talk,26,8,13,VOTE Agent[04]
7,talk,27,9,8,VOTE Agent[04]
7,talk,28,9,4,VOTE Agent[13]
7,talk,29,9,13,Over
7,talk,30,10,4,Skip
7,talk,31,10,8,Over
7,talk,32,10,13,Over
7,talk,33,11,13,Over
7,talk,34,11,8,Over
7,talk,35,11,4,VOTE Agent[08]
7,talk,36,12,8,Over
7,talk,37,12,13,Over
7,talk,38,12,4,Skip
7,talk,39,13,8,Over
7,talk,40,13,4,VOTE Agent[13]
7,talk,41,13,13,Over
7,talk,42,14,8,Over
7,talk,43,14,13,Over
7,talk,44,14,4,Skip
7,talk,45,15,13,Over
7,talk,46,15,8,Over
7,talk,47,15,4,VOTE Agent[08]
7,talk,48,16,4,Over
7,talk,49,16,13,Over
7,talk,50,16,8,Over
7,vote,4,8
7,vote,8,4
7,vote,13,4
7,execute,4,VILLAGER
7,attackVote,13,8
7,attack,8,true
8,status,1,VILLAGER,DEAD,Tomato0
8,status,2,VILLAGER,DEAD,TOKU13
8,status,3,VILLAGER,DEAD,TOKU4
8,status,4,VILLAGER,DEAD,Tomato10
8,status,5,SEER,DEAD,Takeda7
8,status,6,WEREWOLF,DEAD,Tomato6
8,status,7,VILLAGER,DEAD,sample_py
8,status,8,POSSESSED,DEAD,OKAMI
8,status,9,MEDIUM,DEAD,Tomato14
8,status,10,VILLAGER,DEAD,SampleJava12
8,status,11,VILLAGER,DEAD,Tomato2
8,status,12,WEREWOLF,DEAD,Takeda11
8,status,13,WEREWOLF,ALIVE,HALU
8,status,14,VILLAGER,DEAD,SampleJava5
8,status,15,BODYGUARD,DEAD,OKAMI
8,result,0,1,WEREWOLF
