0,status,1,VILLAGER,ALIVE,Tomato0
0,status,2,WEREWOLF,ALIVE,TOKU13
0,status,3,VILLAGER,ALIVE,TOKU4
0,status,4,VILLAGER,ALIVE,Tomato10
0,status,5,POSSESSED,ALIVE,Takeda7
0,status,6,VILLAGER,ALIVE,Tomato6
0,status,7,SEER,ALIVE,sample_py
0,status,8,VILLAGER,ALIVE,OKAMI
0,status,9,WEREWOLF,ALIVE,Tomato14
0,status,10,VILLAGER,ALIVE,SampleJava12
0,status,11,MEDIUM,ALIVE,Tomato2
0,status,12,VILLAGER,ALIVE,Takeda11
0,status,13,VILLAGER,ALIVE,HALU
0,status,14,WEREWOLF,ALIVE,SampleJava5
0,status,15,BODYGUARD,ALIVE,OKAMI
0,whisper,0,0,14,COMINGOUT Agent[14] VILLAGER
0,whisper,1,0,2,Skip
0,whisper,2,0,9,COMINGOUT Agent[09] VILLAGER
0,whisper,3,1,2,Skip
0,whisper,4,1,9,COMINGOUT Agent[09] SEER
0,whisper,5,1,14,Skip
0,whisper,6,2,9,Skip
0,whisper,7,2,2,Over
0,whisper,8,2,14,Skip
0,whisper,9,3,2,Over
0,whisper,10,3,9,Skip
0,whisper,11,3,14,Over
0,whisper,12,4,9,Over
0,whisper,13,4,14,Over
0,whisper,14,4,2,Over
0,divine,7,3,HUMAN
1,status,1,VILLAGER,ALIVE,Tomato0
1,status,2,WEREWOLF,ALIVE,TOKU13
1,status,3,VILLAGER,ALIVE,TOKU4
1,status,4,VILLAGER,ALIVE,Tomato10
1,status,5,POSSESSED,ALIVE,Takeda7
1,status,6,VILLAGER,ALIVE,Tomato6
1,status,7,SEER,ALIVE,sample_py
1,status,8,VILLAGER,ALIVE,OKAMI
1,status,9,WEREWOLF,ALIVE,Tomato14
1,status,10,VILLAGER,ALIVE,SampleJava12
1,status,11,MEDIUM,ALIVE,Tomato2
1,status,12,VILLAGER,ALIVE,Takeda11
1,status,13,VILLAGER,ALIVE,HALU
1,status,14,WEREWOLF,ALIVE,SampleJava5
1,status,15,BODYGUARD,ALIVE,OKAMI
1,talk,0,0,11,COMINGOUT Agent[11] MEDIUM
1,talk,1,0,1,VOTE Agent[13]
1,talk,2,0,9,COMINGOUT Agent[09] SEER
1,talk,3,0,7,VOTE Agent[09]
1,talk,4,0,14,VOTE Agent[01]
1,talk,5,0,2,COMINGOUT Agent[02] SEER
1,talk,6,0,13,VOTE Agent[07]
1,talk,7,0,15,VOTE Agent[13]
1,talk,8,0,3,VOTE Agent[02]
1,talk,9,0,12,VOTE Agent[02]
1,talk,10,0,5,COMINGOUT Agent[05] SEER
1,talk,11,0,4,VOTE Agent[13]
1,talk,12,0,10,VOTE Agent[14]
1,talk,13,0,6,VOTE Agent[13]
1,talk,14,0,8,VOTE Agent[02]
1,talk,15,1,6,VOTE Agent[02]
1,talk,16,1,3,Skip
1,talk,17,1,11,VOTE Agent[02]
1,talk,18,1,2,DIVINED Agent[05] WEREWOLF
1,talk,19,1,9,DIVINED Agent[12] HUMAN
1,talk,20,1,14,REQUEST ANY (VOTE Agent[01])
1,talk,21,1,5,DIVINED Agent[01] WEREWOLF
1,talk,22,1,7,Skip
1,talk,23,1,13,VOTE Agent[02]
1,talk,24,1,10,REQUEST ANY (VOTE Agent[14])
1,talk,25,1,8,COMINGOUT Agent[08] VILLAGER
1,talk,26,1,15,VOTE Agent[09]
1,talk,27,1,12,Skip
1,talk,28,1,1,VOTE Agent[02]
1,talk,29,1,4,VOTE Agent[02]
1,talk,30,2,4,Skip
1,talk,31,2,15,VOTE Agent[09]
1,talk,32,2,3,VOTE Agent[15]
1,talk,33,2,12,VOTE Agent[15]
1,talk,34,2,13,VOTE Agent[09]
1,talk,35,2,8,VOTE Agent[09]
1,talk,36,2,7,Skip
1,talk,37,2,5,VOTE Agent[01]
1,talk,38,2,9,VOTE Agent[15]
1,talk,39,2,6,VOTE Agent[09]
1,talk,40,2,1,VOTE Agent[09]
1,talk,41,2,11,VOTE Agent[09]
1,talk,42,2,14,Skip
1,talk,43,2,2,VOTE Agent[05]
1,talk,44,2,10,Skip
1,talk,45,3,4,VOTE Agent[05]
1,talk,46,3,8,VOTE Agent[05]
1,talk,47,3,7,Over
1,talk,48,3,2,Skip
1,talk,49,3,9,Skip
1,talk,50,3,1,VOTE Agent[05]
1,talk,51,3,15,VOTE Agent[09]
1,talk,52,3,5,Skip
1,talk,53,3,12,Skip
1,talk,54,3,11,VOTE Agent[05]
1,talk,55,3,14,Skip
1,talk,56,3,6,VOTE Agent[05]
1,talk,57,3,3,Skip
1,talk,58,3,10,Skip
1,talk,59,3,13,VOTE Agent[05]
1,talk,60,4,7,Over
1,talk,61,4,4,Skip
1,talk,62,4,14,Over
1,talk,63,4,11,Skip
1,talk,64,4,8,VOTE Agent[09]
1,talk,65,4,9,VOTE Agent[05]
1,talk,66,4,6,Skip
1,talk,67,4,5,Skip
1,talk,68,4,15,VOTE Agent[09]
1,talk,69,4,12,Skip
1,talk,70,4,2,Skip
1,talk,71,4,13,VOTE Agent[05]
1,talk,72,4,1,Skip
1,talk,73,4,3,Skip
1,talk,74,4,10,Over
1,talk,75,5,11,Skip
1,talk,76,5,4,Skip
1,talk,77,5,5,Over
1,talk,78,5,7,Over
1,talk,79,5,8,VOTE Agent[09]
1,talk,80,5,2,Over
1,talk,81,5,10,Over
1,talk,82,5,14,Over
1,talk,83,5,1,Skip
1,talk,84,5,13,VOTE Agent[05]
1,talk,85,5,3,Over
1,talk,86,5,15,VOTE Agent[09]
1,talk,87,5,9,Skip
1,talk,88,5,12,Over
1,talk,89,5,6,Skip
1,talk,90,6,3,Over
1,talk,91,6,5,Over
1,talk,92,6,10,Over
1,talk,93,6,4,Over
1,talk,94,6,11,Over
1,talk,95,6,1,Over
1,talk,96,6,9,Skip
1,talk,97,6,13,VOTE Agent[09]
1,talk,98,6,14,Over
1,talk,99,6,12,Over
1,talk,100,6,15,VOTE Agent[09]
1,talk,101,6,7,Over
1,talk,102,6,8,VOTE Agent[09]
1,talk,103,6,6,Over
1,talk,104,6,2,Over
1,talk,105,7,14,Over
1,talk,106,7,1,Over
1,talk,107,7,3,Over
1,talk,108,7,9,Over
1,talk,109,7,10,Over
1,talk,110,7,5,Over
1,talk,111,7,11,Over
1,talk,112,7,2,Over
1,talk,113,7,15,VOTE Agent[09]
1,talk,114,7,8,VOTE Agent[09]
1,talk,115,7,7,Over
1,talk,116,7,13,VOTE Agent[05]
1,talk,117,7,6,Over
1,talk,118,7,12,Over
1,talk,119,7,4,Over
1,talk,120,8,10,Over
1,talk,121,8,8,VOTE Agent[09]
1,talk,122,8,9,Over
1,talk,123,8,6,Over
1,talk,124,8,7,Over
1,talk,125,8,14,Over
1,talk,126,8,15,VOTE Agent[09]
1,talk,127,8,3,Over
1,talk,128,8,11,Over
1,talk,129,8,2,Over
1,talk,130,8,12,Over
1,talk,131,8,13,VOTE Agent[09]
1,talk,132,8,1,Over
1,talk,133,8,5,Over
1,talk,134,8,4,Over
1,talk,135,9,9,Over
1,talk,136,9,11,Over
1,talk,137,9,3,Over
1,talk,138,9,4,Over
1,talk,139,9,7,Over
1,talk,140,9,12,Over
1,talk,141,9,2,Over
1,talk,142,9,14,Over
1,talk,143,9,15,Over
1,talk,144,9,6,Over
1,talk,145,9,5,Over
1,talk,146,9,13,Over
1,talk,147,9,10,Over
1,talk,148,9,1,Over
1,talk,149,9,8,Over
1,vote,1,5
1,vote,2,5
1,vote,3,15
1,vote,4,5
1,vote,5,9
1,vote,6,5
1,vote,7,9
1,vote,8,9
1,vote,9,5
1,vote,10,1
1,vote,11,5
1,vote,12,15
1,vote,13,5
1,vote,14,1
1,vote,15,9
1,execute,5,POSSESSED
1,divine,7,13,HUMAN
1,whisper,0,0,9,ATTACK Agent[11]
1,whisper,1,0,2,Skip
1,whisper,2,0,14,BECAUSE (AND (NOT (COMINGOUT Agent[05] WEREWOLF)) (NOT (COMINGOUT Agent[01] WEREWOLF)) (DAY 1 (Agent[05] DIVINED Agent[01] WEREWOLF))) (ESTIMATE Agent[05] POSSESSED)
1,whisper,3,1,2,Skip
1,whisper,4,1,14,BECAUSE (Agent[11] COMINGOUT Agent[11] MEDIUM) (ATTACK Agent[11])
1,whisper,5,1,9,Skip
1,whisper,6,2,14,ATTACK Agent[11]
1,whisper,7,2,9,Skip
1,whisper,8,2,2,Over
1,whisper,9,3,2,Over
1,whisper,10,3,9,Over
1,whisper,11,3,14,Skip
1,whisper,12,4,9,Over
1,whisper,13,4,14,Skip
1,whisper,14,4,2,Over
1,whisper,15,5,9,Over
1,whisper,16,5,14,Over
1,whisper,17,5,2,Over
1,guard,15,11,MEDIUM
1,attackVote,2,15
1,attackVote,9,11
1,attackVote,14,11
1,attack,11,false
2,status,1,VILLAGER,ALIVE,Tomato0
2,status,2,WEREWOLF,ALIVE,TOKU13
2,status,3,VILLAGER,ALIVE,TOKU4
2,status,4,VILLAGER,ALIVE,Tomato10
2,status,5,POSSESSED,DEAD,Takeda7
2,status,6,VILLAGER,ALIVE,Tomato6
2,status,7,SEER,ALIVE,sample_py
2,status,8,VILLAGER,ALIVE,OKAMI
2,status,9,WEREWOLF,ALIVE,Tomato14
2,status,10,VILLAGER,ALIVE,SampleJava12
2,status,11,MEDIUM,ALIVE,Tomato2
2,status,12,VILLAGER,ALIVE,Takeda11
2,status,13,VILLAGER,ALIVE,HALU
2,status,14,WEREWOLF,ALIVE,SampleJava5
2,status,15,BODYGUARD,ALIVE,OKAMI
2,talk,0,0,12,VOTE Agent[15]
2,talk,1,0,10,VOTE Agent[01]
2,talk,2,0,6,VOTE Agent[15]
2,talk,3,0,2,DIVINED Agent[15] WEREWOLF
2,talk,4,0,15,VOTE Agent[09]
2,talk,5,0,11,IDENTIFIED Agent[05] HUMAN
2,talk,6,0,8,VOTE Agent[09]
2,talk,7,0,1,VOTE Agent[15]
2,talk,8,0,4,VOTE Agent[15]
2,talk,9,0,13,VOTE Agent[09]
2,talk,10,0,14,VOTE Agent[01]
2,talk,11,0,7,VOTE Agent[09]
2,talk,12,0,9,DIVINED Agent[15] HUMAN
2,talk,13,0,3,VOTE Agent[15]
2,talk,14,1,7,Skip
2,talk,15,1,4,Skip
2,talk,16,1,6,Skip
2,talk,17,1,11,VOTE Agent[15]
2,talk,18,1,2,VOTE Agent[15]
2,talk,19,1,3,VOTE Agent[09]
2,talk,20,1,14,REQUEST ANY (VOTE Agent[01])
2,talk,21,1,9,VOTE Agent[01]
2,talk,22,1,13,VOTE Agent[09]
2,talk,23,1,10,REQUEST ANY (VOTE Agent[01])
2,talk,24,1,15,VOTE Agent[09]
2,talk,25,1,12,VOTE Agent[09]
2,talk,26,1,8,COMINGOUT Agent[08] VILLAGER
2,talk,27,1,1,VOTE Agent[09]
2,talk,28,2,1,Skip
2,talk,29,2,8,VOTE Agent[09]
2,talk,30,2,4,VOTE Agent[09]
2,talk,31,2,6,VOTE Agent[09]
2,talk,32,2,9,Skip
2,talk,33,2,13,VOTE Agent[02]
2,talk,34,2,14,Skip
2,talk,35,2,12,Skip
2,talk,36,2,2,VOTE Agent[09]
2,talk,37,2,10,Skip
2,talk,38,2,7,Skip
2,talk,39,2,3,Skip
2,talk,40,2,11,VOTE Agent[02]
2,talk,41,2,15,VOTE Agent[02]
2,talk,42,3,2,Skip
2,talk,43,3,13,VOTE Agent[02]
2,talk,44,3,4,Skip
2,talk,45,3,9,Skip
2,talk,46,3,6,Skip
2,talk,47,3,14,Skip
2,talk,48,3,7,Over
2,talk,49,3,15,VOTE Agent[02]
2,talk,50,3,8,VOTE Agent[02]
2,talk,51,3,11,Skip
2,talk,52,3,12,Skip
2,talk,53,3,3,Skip
2,talk,54,3,1,Skip
2,talk,55,3,10,Skip
2,talk,56,4,3,Over
2,talk,57,4,7,Over
2,talk,58,4,14,Over
2,talk,59,4,4,Skip
2,talk,60,4,6,Skip
2,talk,61,4,9,Over
2,talk,62,4,12,Over
2,talk,63,4,11,Skip
2,talk,64,4,2,Skip
2,talk,65,4,10,Over
2,talk,66,4,8,VOTE Agent[02]
2,talk,67,4,15,VOTE Agent[02]
2,talk,68,4,13,VOTE Agent[02]
2,talk,69,4,1,Over
2,talk,70,5,14,Over
2,talk,71,5,12,Over
2,talk,72,5,13,VOTE Agent[02]
2,talk,73,5,9,Over
2,talk,74,5,1,Over
2,talk,75,5,15,VOTE Agent[02]
2,talk,76,5,4,Over
2,talk,77,5,10,Over
2,talk,78,5,8,VOTE Agent[02]
2,talk,79,5,3,Over
2,talk,80,5,6,Over
2,talk,81,5,11,Over
2,talk,82,5,7,Over
2,talk,83,5,2,Over
2,talk,84,6,4,Over
2,talk,85,6,7,Over
2,talk,86,6,14,Over
2,talk,87,6,12,Over
2,talk,88,6,1,Over
2,talk,89,6,6,Over
2,talk,90,6,15,VOTE Agent[02]
2,talk,91,6,13,VOTE Agent[02]
2,talk,92,6,2,Over
2,talk,93,6,10,Over
2,talk,94,6,9,Over
2,talk,95,6,11,Over
2,talk,96,6,3,Over
2,talk,97,6,8,VOTE Agent[02]
2,talk,98,7,9,Over
2,talk,99,7,13,VOTE Agent[02]
2,talk,100,7,3,Over
2,talk,101,7,14,Over
2,talk,102,7,12,Over
2,talk,103,7,2,Over
2,talk,104,7,1,Over
2,talk,105,7,4,Over
2,talk,106,7,15,VOTE Agent[02]
2,talk,107,7,10,Over
2,talk,108,7,11,Over
2,talk,109,7,6,Over
2,talk,110,7,8,VOTE Agent[02]
2,talk,111,7,7,Over
2,talk,112,8,9,Over
2,talk,113,8,10,Over
2,talk,114,8,12,Over
2,talk,115,8,4,Over
2,talk,116,8,1,Over
2,talk,117,8,11,Over
2,talk,118,8,15,VOTE Agent[02]
2,talk,119,8,14,Over
2,talk,120,8,6,Over
2,talk,121,8,7,Over
2,talk,122,8,13,VOTE Agent[02]
2,talk,123,8,8,VOTE Agent[02]
2,talk,124,8,3,Over
2,talk,125,8,2,Over
2,talk,126,9,3,Over
2,talk,127,9,4,Over
2,talk,128,9,15,Over
2,talk,129,9,13,Over
2,talk,130,9,9,Over
2,talk,131,9,12,Over
2,talk,132,9,7,Over
2,talk,133,9,11,Over
2,talk,134,9,6,Over
2,talk,135,9,1,Over
2,talk,136,9,8,Over
2,talk,137,9,10,Over
2,talk,138,9,2,Over
2,talk,139,9,14,Over
2,vote,1,9
2,vote,2,9
2,vote,3,9
2,vote,4,9
2,vote,6,9
2,vote,7,9
2,vote,8,2
2,vote,9,1
2,vote,10,1
2,vote,11,2
2,vote,12,9
2,vote,13,2
2,vote,14,1
2,vote,15,2
2,execute,9,WEREWOLF
2,divine,7,14,WEREWOLF
2,whisper,0,0,2,Skip
2,whisper,1,0,14,BECAUSE (Agent[11] COMINGOUT Agent[11] MEDIUM) (ATTACK Agent[11])
2,whisper,2,1,14,ATTACK Agent[11]
2,whisper,3,1,2,Skip
2,whisper,4,2,2,Over
2,whisper,5,2,14,Skip
2,whisper,6,3,14,Skip
2,whisper,7,3,2,Over
2,whisper,8,4,14,Over
2,whisper,9,4,2,Over
2,guard,15,11,MEDIUM
2,attackVote,2,15
2,attackVote,14,11
2,attackVote,2,15
2,attackVote,14,11
2,attack,11,false
3,status,1,VILLAGER,ALIVE,Tomato0
3,status,2,WEREWOLF,ALIVE,TOKU13
3,status,3,VILLAGER,ALIVE,TOKU4
3,status,4,VILLAGER,ALIVE,Tomato10
3,status,5,POSSESSED,DEAD,Takeda7
3,status,6,VILLAGER,ALIVE,Tomato6
3,status,7,SEER,ALIVE,sample_py
3,status,8,VILLAGER,ALIVE,OKAMI
3,status,9,WEREWOLF,DEAD,Tomato14
3,status,10,VILLAGER,ALIVE,SampleJava12
3,status,11,MEDIUM,ALIVE,Tomato2
3,status,12,VILLAGER,ALIVE,Takeda11
3,status,13,VILLAGER,ALIVE,HALU
3,status,14,WEREWOLF,ALIVE,SampleJava5
3,status,15,BODYGUARD,ALIVE,OKAMI
3,talk,0,0,15,VOTE Agent[02]
3,talk,1,0,12,VOTE Agent[15]
3,talk,2,0,1,VOTE Agent[02]
3,talk,3,0,11,IDENTIFIED Agent[09] WEREWOLF
3,talk,4,0,8,VOTE Agent[10]
3,talk,5,0,7,COMINGOUT Agent[07] SEER
3,talk,6,0,13,VOTE Agent[10]
3,talk,7,0,10,VOTE Agent[04]
3,talk,8,0,6,VOTE Agent[02]
3,talk,9,0,14,VOTE Agent[01]
3,talk,10,0,4,VOTE Agent[02]
3,talk,11,0,2,DIVINED Agent[11] WEREWOLF
3,talk,12,0,3,VOTE Agent[15]
3,talk,13,1,4,Skip
3,talk,14,1,8,COMINGOUT Agent[08] VILLAGER
3,talk,15,1,2,VOTE Agent[11]
3,talk,16,1,10,REQUEST ANY (VOTE Agent[04])
3,talk,17,1,13,VOTE Agent[10]
3,talk,18,1,7,DIVINED Agent[03] HUMAN
3,talk,19,1,12,VOTE Agent[07]
3,talk,20,1,15,VOTE Agent[07]
3,talk,21,1,6,Skip
3,talk,22,1,11,VOTE Agent[02]
3,talk,23,1,14,REQUEST ANY (VOTE Agent[01])
3,talk,24,1,1,Skip
3,talk,25,1,3,VOTE Agent[07]
3,talk,26,2,15,VOTE Agent[07]
3,talk,27,2,2,Skip
3,talk,28,2,8,VOTE Agent[07]
3,talk,29,2,10,Skip
3,talk,30,2,3,Skip
3,talk,31,2,12,Skip
3,talk,32,2,11,Skip
3,talk,33,2,1,Skip
3,talk,34,2,4,Skip
3,talk,35,2,13,VOTE Agent[02]
3,talk,36,2,6,Skip
3,talk,37,2,14,Skip
3,talk,38,2,7,DIVINED Agent[13] HUMAN
3,talk,39,3,10,Skip
3,talk,40,3,11,Skip
3,talk,41,3,15,VOTE Agent[07]
3,talk,42,3,8,VOTE Agent[07]
3,talk,43,3,6,Over
3,talk,44,3,14,Skip
3,talk,45,3,7,DIVINED Agent[14] WEREWOLF
3,talk,46,3,1,Over
3,talk,47,3,3,Skip
3,talk,48,3,2,Skip
3,talk,49,3,4,Over
3,talk,50,3,13,VOTE Agent[02]
3,talk,51,3,12,VOTE Agent[15]
3,talk,52,4,3,VOTE Agent[15]
3,talk,53,4,11,Over
3,talk,54,4,14,Over
3,talk,55,4,6,Over
3,talk,56,4,15,VOTE Agent[07]
3,talk,57,4,12,VOTE Agent[02]
3,talk,58,4,8,VOTE Agent[07]
3,talk,59,4,2,Over
3,talk,60,4,13,VOTE Agent[02]
3,talk,61,4,10,Over
3,talk,62,4,1,Over
3,talk,63,4,7,VOTE Agent[14]
3,talk,64,4,4,Over
3,talk,65,5,4,Over
3,talk,66,5,11,Over
3,talk,67,5,13,VOTE Agent[07]
3,talk,68,5,12,Skip
3,talk,69,5,3,Skip
3,talk,70,5,6,Over
3,talk,71,5,8,VOTE Agent[07]
3,talk,72,5,14,Over
3,talk,73,5,2,Over
3,talk,74,5,7,Skip
3,talk,75,5,1,Over
3,talk,76,5,15,VOTE Agent[07]
3,talk,77,5,10,Over
3,talk,78,6,15,VOTE Agent[07]
3,talk,79,6,8,VOTE Agent[07]
3,talk,80,6,6,Over
3,talk,81,6,13,VOTE Agent[07]
3,talk,82,6,12,Skip
3,talk,83,6,2,VOTE Agent[15]
3,talk,84,6,10,Over
3,talk,85,6,4,Over
3,talk,86,6,7,Skip
3,talk,87,6,11,Over
3,talk,88,6,1,Over
3,talk,89,6,14,Over
3,talk,90,6,3,Skip
3,talk,91,7,6,Over
3,talk,92,7,12,Over
3,talk,93,7,2,Skip
3,talk,94,7,15,VOTE Agent[07]
3,talk,95,7,8,VOTE Agent[07]
3,talk,96,7,10,Over
3,talk,97,7,11,Over
3,talk,98,7,7,Over
3,talk,99,7,3,Over
3,talk,100,7,14,Over
3,talk,101,7,1,Over
3,talk,102,7,4,Over
3,talk,103,7,13,VOTE Agent[07]
3,talk,104,8,2,Skip
3,talk,105,8,6,Over
3,talk,106,8,4,Over
3,talk,107,8,11,Over
3,talk,108,8,13,VOTE Agent[07]
3,talk,109,8,7,Over
3,talk,110,8,15,VOTE Agent[07]
3,talk,111,8,1,Over
3,talk,112,8,3,Over
3,talk,113,8,12,Over
3,talk,114,8,8,VOTE Agent[07]
3,talk,115,8,10,Over
3,talk,116,8,14,Over
3,talk,117,9,8,Over
3,talk,118,9,12,Over
3,talk,119,9,7,Over
3,talk,120,9,13,Over
3,talk,121,9,11,Over
3,talk,122,9,3,VOTE Agent[02]
3,talk,123,9,1,Over
3,talk,124,9,15,Over
3,talk,125,9,10,Over
3,talk,126,9,2,Over
3,talk,127,9,14,Over
3,talk,128,9,4,Over
3,talk,129,9,6,Over
3,talk,130,10,4,Over
3,talk,131,10,8,Over
3,talk,132,10,14,Over
3,talk,133,10,2,Over
3,talk,134,10,1,Over
3,talk,135,10,6,Over
3,talk,136,10,11,Over
3,talk,137,10,7,Over
3,talk,138,10,15,Over
3,talk,139,10,10,Over
3,talk,140,10,13,Over
3,talk,141,10,3,Skip
3,talk,142,10,12,Over
3,talk,143,11,15,Over
3,talk,144,11,3,Skip
3,talk,145,11,12,Over
3,talk,146,11,8,Over
3,talk,147,11,2,Over
3,talk,148,11,4,Over
3,talk,149,11,10,Over
3,talk,150,11,7,Over
3,talk,151,11,1,Over
3,talk,152,11,6,Over
3,talk,153,11,11,Over
3,talk,154,11,14,Over
3,talk,155,11,13,Over
3,talk,156,12,14,Over
3,talk,157,12,4,Over
3,talk,158,12,12,Over
3,talk,159,12,1,Over
3,talk,160,12,15,Over
3,talk,161,12,8,Over
3,talk,162,12,7,Over
3,talk,163,12,13,Over
3,talk,164,12,10,Over
3,talk,165,12,3,Over
3,talk,166,12,2,Over
3,talk,167,12,11,Over
3,talk,168,12,6,Over
3,vote,1,2
3,vote,2,15
3,vote,3,2
3,vote,4,2
3,vote,6,2
3,vote,7,14
3,vote,8,7
3,vote,10,1
3,vote,11,2
3,vote,12,2
3,vote,13,7
3,vote,14,1
3,vote,15,7
3,execute,2,WEREWOLF
3,divine,7,11,HUMAN
3,guard,15,11,MEDIUM
3,attackVote,14,7
3,attack,7,true
4,status,1,VILLAGER,ALIVE,Tomato0
4,status,2,WEREWOLF,DEAD,TOKU13
4,status,3,VILLAGER,ALIVE,TOKU4
4,status,4,VILLAGER,ALIVE,Tomato10
4,status,5,POSSESSED,DEAD,Takeda7
4,status,6,VILLAGER,ALIVE,Tomato6
4,status,7,SEER,DEAD,sample_py
4,status,8,VILLAGER,ALIVE,OKAMI
4,status,9,WEREWOLF,DEAD,Tomato14
4,status,10,VILLAGER,ALIVE,SampleJava12
4,status,11,MEDIUM,ALIVE,Tomato2
4,status,12,VILLAGER,ALIVE,Takeda11
4,status,13,VILLAGER,ALIVE,HALU
4,status,14,WEREWOLF,ALIVE,SampleJava5
4,status,15,BODYGUARD,ALIVE,OKAMI
4,talk,0,0,14,VOTE Agent[01]
4,talk,1,0,4,VOTE Agent[11]
4,talk,2,0,6,VOTE Agent[11]
4,talk,3,0,10,VOTE Agent[01]
4,talk,4,0,8,VOTE Agent[10]
4,talk,5,0,11,IDENTIFIED Agent[02] WEREWOLF
4,talk,6,0,12,VOTE Agent[15]
4,talk,7,0,3,VOTE Agent[15]
4,talk,8,0,15,VOTE Agent[10]
4,talk,9,0,1,VOTE Agent[11]
4,talk,10,0,13,VOTE Agent[10]
4,talk,11,1,1,Skip
4,talk,12,1,15,VOTE Agent[10]
4,talk,13,1,4,Skip
4,talk,14,1,10,REQUEST ANY (VOTE Agent[01])
4,talk,15,1,12,Skip
4,talk,16,1,6,Skip
4,talk,17,1,3,Skip
4,talk,18,1,11,VOTE Agent[14]
4,talk,19,1,13,VOTE Agent[10]
4,talk,20,1,14,REQUEST ANY (VOTE Agent[01])
4,talk,21,1,8,COMINGOUT Agent[08] VILLAGER
4,talk,22,2,8,VOTE Agent[10]
4,talk,23,2,14,Skip
4,talk,24,2,3,Skip
4,talk,25,2,13,VOTE Agent[10]
4,talk,26,2,11,Skip
4,talk,27,2,15,VOTE Agent[10]
4,talk,28,2,1,Skip
4,talk,29,2,12,Skip
4,talk,30,2,10,Skip
4,talk,31,2,6,Skip
4,talk,32,2,4,Skip
4,talk,33,3,13,VOTE Agent[10]
4,talk,34,3,6,Over
4,talk,35,3,8,VOTE Agent[10]
4,talk,36,3,12,Over
4,talk,37,3,11,Skip
4,talk,38,3,14,Skip
4,talk,39,3,1,Over
4,talk,40,3,10,Skip
4,talk,41,3,15,VOTE Agent[10]
4,talk,42,3,3,Over
4,talk,43,3,4,Over
4,talk,44,4,11,Over
4,talk,45,4,1,Over
4,talk,46,4,15,VOTE Agent[10]
4,talk,47,4,4,Over
4,talk,48,4,6,Over
4,talk,49,4,14,Over
4,talk,50,4,13,VOTE Agent[10]
4,talk,51,4,12,Over
4,talk,52,4,8,VOTE Agent[10]
4,talk,53,4,3,Over
4,talk,54,4,10,Over
4,talk,55,5,12,Over
4,talk,56,5,13,VOTE Agent[10]
4,talk,57,5,8,VOTE Agent[10]
4,talk,58,5,15,VOTE Agent[10]
4,talk,59,5,4,Over
4,talk,60,5,1,Over
4,talk,61,5,6,Over
4,talk,62,5,10,Over
4,talk,63,5,3,Over
4,talk,64,5,14,Over
4,talk,65,5,11,Over
4,talk,66,6,6,Over
4,talk,67,6,11,Over
4,talk,68,6,8,VOTE Agent[10]
4,talk,69,6,15,VOTE Agent[10]
4,talk,70,6,3,Over
4,talk,71,6,13,VOTE Agent[10]
4,talk,72,6,12,Over
4,talk,73,6,10,Over
4,talk,74,6,4,Over
4,talk,75,6,1,Over
4,talk,76,6,14,Over
4,talk,77,7,4,Over
4,talk,78,7,10,Over
4,talk,79,7,13,VOTE Agent[10]
4,talk,80,7,11,Over
4,talk,81,7,15,VOTE Agent[10]
4,talk,82,7,1,Over
4,talk,83,7,12,Over
4,talk,84,7,6,Over
4,talk,85,7,14,Over
4,talk,86,7,8,VOTE Agent[10]
4,talk,87,7,3,Over
4,talk,88,8,6,Over
4,talk,89,8,12,Over
4,talk,90,8,15,VOTE Agent[10]
4,talk,91,8,14,Over
4,talk,92,8,13,VOTE Agent[10]
4,talk,93,8,8,VOTE Agent[10]
4,talk,94,8,4,Over
4,talk,95,8,10,Over
4,talk,96,8,3,Over
4,talk,97,8,11,Over
4,talk,98,8,1,Over
4,talk,99,9,11,Over
4,talk,100,9,1,Over
4,talk,101,9,15,Over
4,talk,102,9,3,Over
4,talk,103,9,8,Over
4,talk,104,9,13,Over
4,talk,105,9,6,Over
4,talk,106,9,14,Over
4,talk,107,9,12,Over
4,talk,108,9,10,Over
4,talk,109,9,4,Over
4,vote,1,11
4,vote,3,15
4,vote,4,11
4,vote,6,11
4,vote,8,10
4,vote,10,1
4,vote,11,14
4,vote,12,15
4,vote,13,10
4,vote,14,1
4,vote,15,10
4,vote,1,11
4,vote,3,15
4,vote,4,11
4,vote,6,11
4,vote,8,10
4,vote,10,11
4,vote,11,14
4,vote,12,15
4,vote,13,10
4,vote,14,10
4,vote,15,10
4,execute,10,VILLAGER
4,guard,15,11,MEDIUM
4,attackVote,14,11
4,attack,11,false
5,status,1,VILLAGER,ALIVE,Tomato0
5,status,2,WEREWOLF,DEAD,TOKU13
5,status,3,VILLAGER,ALIVE,TOKU4
5,status,4,VILLAGER,ALIVE,Tomato10
5,status,5,POSSESSED,DEAD,Takeda7
5,status,6,VILLAGER,ALIVE,Tomato6
5,status,7,SEER,DEAD,sample_py
5,status,8,VILLAGER,ALIVE,OKAMI
5,status,9,WEREWOLF,DEAD,Tomato14
5,status,10,VILLAGER,DEAD,SampleJava12
5,status,11,MEDIUM,ALIVE,Tomato2
5,status,12,VILLAGER,ALIVE,Takeda11
5,status,13,VILLAGER,ALIVE,HALU
5,status,14,WEREWOLF,ALIVE,SampleJava5
5,status,15,BODYGUARD,ALIVE,OKAMI
5,talk,0,0,4,VOTE Agent[11]
5,talk,1,0,14,VOTE Agent[01]
5,talk,2,0,13,VOTE Agent[01]
5,talk,3,0,8,VOTE Agent[01]
5,talk,4,0,3,VOTE Agent[15]
5,talk,5,0,1,VOTE Agent[11]
5,talk,6,0,6,VOTE Agent[11]
5,talk,7,0,15,VOTE Agent[08]
5,talk,8,0,11,IDENTIFIED Agent[10] HUMAN
5,talk,9,0,12,VOTE Agent[15]
5,talk,10,1,12,Skip
5,talk,11,1,8,COMINGOUT Agent[08] VILLAGER
5,talk,12,1,4,Skip
5,talk,13,1,6,Skip
5,talk,14,1,15,VOTE Agent[08]
5,talk,15,1,14,REQUEST ANY (VOTE Agent[01])
5,talk,16,1,11,VOTE Agent[14]
5,talk,17,1,13,VOTE Agent[01]
5,talk,18,1,3,Skip
5,talk,19,1,1,Skip
5,talk,20,2,12,Skip
5,talk,21,2,4,Skip
5,talk,22,2,1,Skip
5,talk,23,2,14,Skip
5,talk,24,2,15,VOTE Agent[08]
5,talk,25,2,8,VOTE Agent[01]
5,talk,26,2,3,Skip
5,talk,27,2,13,VOTE Agent[01]
5,talk,28,2,11,Skip
5,talk,29,2,6,Skip
5,talk,30,3,3,Over
5,talk,31,3,14,Skip
5,talk,32,3,13,VOTE Agent[01]
5,talk,33,3,15,VOTE Agent[08]
5,talk,34,3,4,Over
5,talk,35,3,1,Over
5,talk,36,3,12,Over
5,talk,37,3,6,Over
5,talk,38,3,8,VOTE Agent[01]
5,talk,39,3,11,Skip
5,talk,40,4,15,VOTE Agent[08]
5,talk,41,4,1,Over
5,talk,42,4,6,Over
5,talk,43,4,12,Over
5,talk,44,4,3,Over
5,talk,45,4,14,Over
5,talk,46,4,8,VOTE Agent[01]
5,talk,47,4,11,Over
5,talk,48,4,4,Over
5,talk,49,4,13,VOTE Agent[01]
5,talk,50,5,1,Over
5,talk,51,5,8,VOTE Agent[01]
5,talk,52,5,4,Over
5,talk,53,5,3,Over
5,talk,54,5,15,VOTE Agent[08]
5,talk,55,5,14,Over
5,talk,56,5,13,VOTE Agent[01]
5,talk,57,5,6,Over
5,talk,58,5,12,Over
5,talk,59,5,11,Over
5,talk,60,6,8,VOTE Agent[01]
5,talk,61,6,1,Over
5,talk,62,6,3,Over
5,talk,63,6,11,Over
5,talk,64,6,4,Over
5,talk,65,6,14,Over
5,talk,66,6,13,VOTE Agent[01]
5,talk,67,6,15,VOTE Agent[08]
5,talk,68,6,6,Over
5,talk,69,6,12,Over
5,talk,70,7,13,VOTE Agent[01]
5,talk,71,7,8,VOTE Agent[01]
5,talk,72,7,4,Over
5,talk,73,7,6,Over
5,talk,74,7,14,Over
5,talk,75,7,11,Over
5,talk,76,7,12,Over
5,talk,77,7,3,Over
5,talk,78,7,1,Over
5,talk,79,7,15,VOTE Agent[08]
5,talk,80,8,8,VOTE Agent[01]
5,talk,81,8,13,VOTE Agent[01]
5,talk,82,8,4,Over
5,talk,83,8,11,Over
5,talk,84,8,15,VOTE Agent[08]
5,talk,85,8,6,Over
5,talk,86,8,12,Over
5,talk,87,8,3,Over
5,talk,88,8,14,Over
5,talk,89,8,1,Over
5,talk,90,9,4,Over
5,talk,91,9,12,Over
5,talk,92,9,3,Over
5,talk,93,9,14,Over
5,talk,94,9,11,Over
5,talk,95,9,15,Over
5,talk,96,9,8,Over
5,talk,97,9,13,Over
5,talk,98,9,6,Over
5,talk,99,9,1,Over
5,vote,1,11
5,vote,3,15
5,vote,4,11
5,vote,6,11
5,vote,8,1
5,vote,11,14
5,vote,12,15
5,vote,13,1
5,vote,14,1
5,vote,15,8
5,vote,1,11
5,vote,3,15
5,vote,4,11
5,vote,6,11
5,vote,8,1
5,vote,11,14
5,vote,12,15
5,vote,13,1
5,vote,14,1
5,vote,15,8
5,execute,1,VILLAGER
5,guard,15,11,MEDIUM
5,attackVote,14,11
5,attack,11,false
6,status,1,VILLAGER,DEAD,Tomato0
6,status,2,WEREWOLF,DEAD,TOKU13
6,status,3,VILLAGER,ALIVE,TOKU4
6,status,4,VILLAGER,ALIVE,Tomato10
6,status,5,POSSESSED,DEAD,Takeda7
6,status,6,VILLAGER,ALIVE,Tomato6
6,status,7,SEER,DEAD,sample_py
6,status,8,VILLAGER,ALIVE,OKAMI
6,status,9,WEREWOLF,DEAD,Tomato14
6,status,10,VILLAGER,DEAD,SampleJava12
6,status,11,MEDIUM,ALIVE,Tomato2
6,status,12,VILLAGER,ALIVE,Takeda11
6,status,13,VILLAGER,ALIVE,HALU
6,status,14,WEREWOLF,ALIVE,SampleJava5
6,status,15,BODYGUARD,ALIVE,OKAMI
6,talk,0,0,8,VOTE Agent[14]
6,talk,1,0,13,VOTE Agent[08]
6,talk,2,0,6,VOTE Agent[11]
6,talk,3,0,3,VOTE Agent[15]
6,talk,4,0,4,VOTE Agent[11]
6,talk,5,0,15,VOTE Agent[08]
6,talk,6,0,14,VOTE Agent[01]
6,talk,7,0,12,VOTE Agent[15]
6,talk,8,0,11,IDENTIFIED Agent[01] HUMAN
6,talk,9,1,8,COMINGOUT Agent[08] VILLAGER
6,talk,10,1,11,VOTE Agent[14]
6,talk,11,1,3,Skip
6,talk,12,1,4,Skip
6,talk,13,1,15,VOTE Agent[08]
6,talk,14,1,13,VOTE Agent[14]
6,talk,15,1,6,Skip
6,talk,16,1,12,Skip
6,talk,17,1,14,REQUEST ANY (VOTE Agent[01])
6,talk,18,2,4,Skip
6,talk,19,2,13,VOTE Agent[14]
6,talk,20,2,12,Skip
6,talk,21,2,3,Skip
6,talk,22,2,15,VOTE Agent[08]
6,talk,23,2,11,Skip
6,talk,24,2,6,Skip
6,talk,25,2,14,Skip
6,talk,26,2,8,VOTE Agent[14]
6,talk,27,3,6,Over
6,talk,28,3,15,VOTE Agent[08]
6,talk,29,3,13,VOTE Agent[08]
6,talk,30,3,11,Skip
6,talk,31,3,12,Over
6,talk,32,3,3,Over
6,talk,33,3,4,Over
6,talk,34,3,14,Skip
6,talk,35,3,8,VOTE Agent[14]
6,talk,36,4,13,VOTE Agent[08]
6,talk,37,4,4,Over
6,talk,38,4,12,Over
6,talk,39,4,15,VOTE Agent[08]
6,talk,40,4,8,VOTE Agent[14]
6,talk,41,4,3,Over
6,talk,42,4,11,Over
6,talk,43,4,6,Over
6,talk,44,4,14,Over
6,talk,45,5,4,Over
6,talk,46,5,8,VOTE Agent[14]
6,talk,47,5,13,VOTE Agent[14]
6,talk,48,5,11,Over
6,talk,49,5,12,Over
6,talk,50,5,15,VOTE Agent[08]
6,talk,51,5,3,Over
6,talk,52,5,6,Over
6,talk,53,5,14,Over
6,talk,54,6,4,Over
6,talk,55,6,11,Over
6,talk,56,6,14,Over
6,talk,57,6,12,Over
6,talk,58,6,15,VOTE Agent[08]
6,talk,59,6,13,VOTE Agent[04]
6,talk,60,6,3,Over
6,talk,61,6,8,VOTE Agent[04]
6,talk,62,6,6,Over
6,talk,63,7,15,VOTE Agent[08]
6,talk,64,7,8,VOTE Agent[04]
6,talk,65,7,11,Over
6,talk,66,7,12,Over
6,talk,67,7,13,VOTE Agent[08]
6,talk,68,7,14,Over
6,talk,69,7,6,Over
6,talk,70,7,3,Over
6,talk,71,7,4,Over
6,talk,72,8,8,VOTE Agent[14]
6,talk,73,8,14,Over
6,talk,74,8,3,Over
6,talk,75,8,13,VOTE Agent[04]
6,talk,76,8,4,Over
6,talk,77,8,11,Over
6,talk,78,8,15,VOTE Agent[08]
6,talk,79,8,6,Over
6,talk,80,8,12,Over
6,talk,81,9,3,Over
6,talk,82,9,11,Over
6,talk,83,9,8,Over
6,talk,84,9,12,Over
6,talk,85,9,13,Over
6,talk,86,9,15,Over
6,talk,87,9,14,Over
6,talk,88,9,6,Over
6,talk,89,9,4,Over
6,vote,3,15
6,vote,4,11
6,vote,6,11
6,vote,8,4
6,vote,11,14
6,vote,12,15
6,vote,13,4
6,vote,14,3
6,vote,15,8
6,vote,3,15
6,vote,4,11
6,vote,6,11
6,vote,8,14
6,vote,11,14
6,vote,12,15
6,vote,13,4
6,vote,14,4
6,vote,15,8
6,execute,15,BODYGUARD
6,attackVote,14,11
6,attack,11,true
7,status,1,VILLAGER,DEAD,Tomato0
7,status,2,WEREWOLF,DEAD,TOKU13
7,status,3,VILLAGER,ALIVE,TOKU4
7,status,4,VILLAGER,ALIVE,Tomato10
7,status,5,POSSESSED,DEAD,Takeda7
7,status,6,VILLAGER,ALIVE,Tomato6
7,status,7,SEER,DEAD,sample_py
7,status,8,VILLAGER,ALIVE,OKAMI
7,status,9,WEREWOLF,DEAD,Tomato14
7,status,10,VILLAGER,DEAD,SampleJava12
7,status,11,MEDIUM,DEAD,Tomato2
7,status,12,VILLAGER,ALIVE,Takeda11
7,status,13,VILLAGER,ALIVE,HALU
7,status,14,WEREWOLF,ALIVE,SampleJava5
7,status,15,BODYGUARD,DEAD,OKAMI
7,talk,0,0,8,VOTE Agent[03]
7,talk,1,0,13,VOTE Agent[12]
7,talk,2,0,12,VOTE Agent[13]
7,talk,3,0,6,VOTE Agent[14]
7,talk,4,0,3,VOTE Agent[13]
7,talk,5,0,14,VOTE Agent[01]
7,talk,6,0,4,VOTE Agent[14]
7,talk,7,1,3,Skip
7,talk,8,1,8,COMINGOUT Agent[08] VILLAGER
7,talk,9,1,4,Skip
7,talk,10,1,6,Skip
7,talk,11,1,13,VOTE Agent[12]
7,talk,12,1,12,Skip
7,talk,13,1,14,REQUEST ANY (VOTE Agent[01])
7,talk,14,2,8,VOTE Agent[12]
7,talk,15,2,4,Skip
7,talk,16,2,6,Skip
7,talk,17,2,13,VOTE Agent[03]
7,talk,18,2,14,Skip
7,talk,19,2,3,Skip
7,talk,20,2,12,Skip
7,talk,21,3,13,VOTE Agent[12]
7,talk,22,3,6,Over
7,talk,23,3,14,Skip
7,talk,24,3,12,Over
7,talk,25,3,8,VOTE Agent[12]
7,talk,26,3,3,Over
7,talk,27,3,4,Over
7,talk,28,4,6,Over
7,talk,29,4,12,Over
7,talk,30,4,3,Over
7,talk,31,4,8,VOTE Agent[12]
7,talk,32,4,14,Over
7,talk,33,4,13,VOTE Agent[12]
7,talk,34,4,4,Over
7,talk,35,5,13,VOTE Agent[03]
7,talk,36,5,12,Over
7,talk,37,5,8,VOTE Agent[03]
7,talk,38,5,3,Over
7,talk,39,5,4,Over
7,talk,40,5,6,Over
7,talk,41,5,14,Over
7,talk,42,6,14,Over
7,talk,43,6,13,VOTE Agent[12]
7,talk,44,6,4,Over
7,talk,45,6,3,Over
7,talk,46,6,6,Over
7,talk,47,6,12,Over
7,talk,48,6,8,VOTE Agent[12]
7,talk,49,7,3,Over
7,talk,50,7,13,VOTE Agent[12]
7,talk,51,7,6,Over
7,talk,52,7,8,VOTE Agent[12]
7,talk,53,7,12,Over
7,talk,54,7,4,Over
7,talk,55,7,14,Over
7,talk,56,8,14,Over
7,talk,57,8,8,VOTE Agent[12]
7,talk,58,8,13,VOTE Agent[03]
7,talk,59,8,3,Over
7,talk,60,8,6,Over
7,talk,61,8,12,Over
7,talk,62,8,4,Over
7,talk,63,9,3,Over
7,talk,64,9,4,Over
7,talk,65,9,8,Over
7,talk,66,9,14,Over
7,talk,67,9,13,Over
7,talk,68,9,12,Over
7,talk,69,9,6,Over
7,vote,3,13
7,vote,4,14
7,vote,6,14
7,vote,8,3
7,vote,12,13
7,vote,13,3
7,vote,14,4
7,vote,3,13
7,vote,4,14
7,vote,6,14
7,vote,8,3
7,vote,12,13
7,vote,13,12
7,vote,14,3
7,execute,3,VILLAGER
7,attackVote,14,8
7,attack,8,true
8,status,1,VILLAGER,DEAD,Tomato0
8,status,2,WEREWOLF,DEAD,TOKU13
8,status,3,VILLAGER,DEAD,TOKU4
8,status,4,VILLAGER,ALIVE,Tomato10
8,status,5,POSSESSED,DEAD,Takeda7
8,status,6,VILLAGER,ALIVE,Tomato6
8,status,7,SEER,DEAD,sample_py
8,status,8,VILLAGER,DEAD,OKAMI
8,status,9,WEREWOLF,DEAD,Tomato14
8,status,10,VILLAGER,DEAD,SampleJava12
8,status,11,MEDIUM,DEAD,Tomato2
8,status,12,VILLAGER,ALIVE,Takeda11
8,status,13,VILLAGER,ALIVE,HALU
8,status,14,WEREWOLF,ALIVE,SampleJava5
8,status,15,BODYGUARD,DEAD,OKAMI
8,talk,0,0,13,VOTE Agent[14]
8,talk,1,0,14,VOTE Agent[01]
8,talk,2,0,4,VOTE Agent[14]
8,talk,3,0,6,VOTE Agent[14]
8,talk,4,0,12,VOTE Agent[13]
8,talk,5,1,14,REQUEST ANY (VOTE Agent[01])
8,talk,6,1,13,VOTE Agent[14]
8,talk,7,1,12,Skip
8,talk,8,1,4,Skip
8,talk,9,1,6,Skip
8,talk,10,2,12,Skip
8,talk,11,2,14,Skip
8,talk,12,2,4,Skip
8,talk,13,2,6,Skip
8,talk,14,2,13,VOTE Agent[14]
8,talk,15,3,6,Over
8,talk,16,3,4,Over
8,talk,17,3,14,Skip
8,talk,18,3,13,VOTE Agent[14]
8,talk,19,3,12,Over
8,talk,20,4,14,Over
8,talk,21,4,4,Over
8,talk,22,4,13,VOTE Agent[14]
8,talk,23,4,6,Over
8,talk,24,4,12,Over
8,talk,25,5,12,Over
8,talk,26,5,14,Over
8,talk,27,5,13,VOTE Agent[14]
8,talk,28,5,6,Over
8,talk,29,5,4,Over
8,talk,30,6,12,Over
8,talk,31,6,13,VOTE Agent[14]
8,talk,32,6,4,Over
8,talk,33,6,6,Over
8,talk,34,6,14,Over
8,talk,35,7,13,VOTE Agent[14]
8,talk,36,7,14,Over
8,talk,37,7,6,Over
8,talk,38,7,4,Over
8,talk,39,7,12,Over
8,talk,40,8,6,Over
8,talk,41,8,12,Over
8,talk,42,8,13,VOTE Agent[14]
8,talk,43,8,14,Over
8,talk,44,8,4,Over
8,talk,45,9,14,Over
8,talk,46,9,12,Over
8,talk,47,9,6,Over
8,talk,48,9,13,Over
8,talk,49,9,4,Over
8,vote,4,14
8,vote,6,14
8,vote,12,14
8,vote,13,14
8,vote,14,13
8,execute,14,WEREWOLF
9,status,1,VILLAGER,DEAD,Tomato0
9,status,2,WEREWOLF,DEAD,TOKU13
9,status,3,VILLAGER,DEAD,TOKU4
9,status,4,VILLAGER,ALIVE,Tomato10
9,status,5,POSSESSED,DEAD,Takeda7
9,status,6,VILLAGER,ALIVE,Tomato6
9,status,7,SEER,DEAD,sample_py
9,status,8,VILLAGER,DEAD,OKAMI
9,status,9,WEREWOLF,DEAD,Tomato14
9,status,10,VILLAGER,DEAD,SampleJava12
9,status,11,MEDIUM,DEAD,Tomato2
9,status,12,VILLAGER,ALIVE,Takeda11
9,status,13,VILLAGER,ALIVE,HALU
9,status,14,WEREWOLF,DEAD,SampleJava5
9,status,15,BODYGUARD,DEAD,OKAMI
9,result,4,0,VILLAGER
