0,status,1,SEER,ALIVE,SampleJava4
0,status,2,VILLAGER,ALIVE,OKAMI
0,status,3,VILLAGER,ALIVE,SampleJava13
0,status,4,VILLAGER,ALIVE,SampleJava7
0,status,5,VILLAGER,ALIVE,sample_py
0,status,6,VILLAGER,ALIVE,OKAMI
0,status,7,VILLAGER,ALIVE,TOKU2
0,status,8,VILLAGER,ALIVE,sample_py
0,status,9,WEREWOLF,ALIVE,SampleJava10
0,status,10,VILLAGER,ALIVE,OKAMI
0,status,11,POSSESSED,ALIVE,Tomato14
0,status,12,WEREWOLF,ALIVE,TOKU11
0,status,13,BODYGUARD,ALIVE,Tomato9
0,status,14,WEREWOLF,ALIVE,TOKU1
0,status,15,MEDIUM,ALIVE,OKAMI
0,whisper,0,0,12,Skip
0,whisper,1,0,9,COMINGOUT Agent[09] VILLAGER
0,whisper,2,0,14,Skip
0,whisper,3,1,9,Skip
0,whisper,4,1,12,Skip
0,whisper,5,1,14,Skip
0,whisper,6,2,12,Over
0,whisper,7,2,14,Over
0,whisper,8,2,9,Skip
0,whisper,9,3,12,Over
0,whisper,10,3,9,Over
0,whisper,11,3,14,Over
0,divine,1,9,WEREWOLF
1,status,1,SEER,ALIVE,SampleJava4
1,status,2,VILLAGER,ALIVE,OKAMI
1,status,3,VILLAGER,ALIVE,SampleJava13
1,status,4,VILLAGER,ALIVE,SampleJava7
1,status,5,VILLAGER,ALIVE,sample_py
1,status,6,VILLAGER,ALIVE,OKAMI
1,status,7,VILLAGER,ALIVE,TOKU2
1,status,8,VILLAGER,ALIVE,sample_py
1,status,9,WEREWOLF,ALIVE,SampleJava10
1,status,10,VILLAGER,ALIVE,OKAMI
1,status,11,POSSESSED,ALIVE,Tomato14
1,status,12,WEREWOLF,ALIVE,TOKU11
1,status,13,BODYGUARD,ALIVE,Tomato9
1,status,14,WEREWOLF,ALIVE,TOKU1
1,status,15,MEDIUM,ALIVE,OKAMI
1,talk,0,0,3,VOTE Agent[08]
1,talk,1,0,7,VOTE Agent[08]
1,talk,2,0,14,VOTE Agent[08]
1,talk,3,0,5,VOTE Agent[03]
1,talk,4,0,8,VOTE Agent[01]
1,talk,5,0,6,VOTE Agent[03]
1,talk,6,0,15,Over
1,talk,7,0,9,VOTE Agent[06]
1,talk,8,0,10,VOTE Agent[03]
1,talk,9,0,2,VOTE Agent[08]
1,talk,10,0,1,COMINGOUT Agent[01] SEER
1,talk,11,0,11,COMINGOUT Agent[11] SEER
1,talk,12,0,4,VOTE Agent[03]
1,talk,13,0,12,VOTE Agent[03]
1,talk,14,0,13,VOTE Agent[03]
1,talk,15,1,10,COMINGOUT Agent[10] VILLAGER
1,talk,16,1,12,Skip
1,talk,17,1,6,COMINGOUT Agent[06] VILLAGER
1,talk,18,1,7,VOTE Agent[04]
1,talk,19,1,14,VOTE Agent[04]
1,talk,20,1,2,COMINGOUT Agent[02] VILLAGER
1,talk,21,1,5,Skip
1,talk,22,1,1,DAY 1 (DIVINED Agent[09] WEREWOLF)
1,talk,23,1,15,Over
1,talk,24,1,9,REQUEST ANY (VOTE Agent[06])
1,talk,25,1,3,REQUEST ANY (VOTE Agent[08])
1,talk,26,1,11,DIVINED Agent[04] HUMAN
1,talk,27,1,13,Skip
1,talk,28,1,8,Skip
1,talk,29,1,4,REQUEST ANY (VOTE Agent[03])
1,talk,30,2,7,Skip
1,talk,31,2,13,Skip
1,talk,32,2,1,DIVINED Agent[09] WEREWOLF
1,talk,33,2,5,VOTE Agent[09]
1,talk,34,2,3,Skip
1,talk,35,2,8,VOTE Agent[09]
1,talk,36,2,2,VOTE Agent[09]
1,talk,37,2,6,VOTE Agent[09]
1,talk,38,2,4,Skip
1,talk,39,2,10,VOTE Agent[09]
1,talk,40,2,14,VOTE Agent[11]
1,talk,41,2,11,VOTE Agent[09]
1,talk,42,2,15,Over
1,talk,43,2,9,BECAUSE (AND (COMINGOUT Agent[09] VILLAGER) (DAY 1 (Agent[01] DIVINED Agent[09] WEREWOLF))) (XOR (ESTIMATE Agent[01] WEREWOLF) (ESTIMATE Agent[01] POSSESSED))
1,talk,44,2,12,VOTE Agent[04]
1,talk,45,3,11,Skip
1,talk,46,3,6,VOTE Agent[09]
1,talk,47,3,4,Skip
1,talk,48,3,9,BECAUSE (XOR (ESTIMATE Agent[01] WEREWOLF) (ESTIMATE Agent[01] POSSESSED)) (AND (VOTE Agent[01]) (REQUEST ANY (VOTE Agent[01])))
1,talk,49,3,8,Skip
1,talk,50,3,14,VOTE Agent[04]
1,talk,51,3,12,Skip
1,talk,52,3,10,VOTE Agent[09]
1,talk,53,3,3,Skip
1,talk,54,3,13,VOTE Agent[09]
1,talk,55,3,1,BECAUSE (DAY 1 (DIVINED Agent[09] WEREWOLF)) (AND (VOTE Agent[09]) (REQUEST ANY (VOTE Agent[09])))
1,talk,56,3,2,VOTE Agent[09]
1,talk,57,3,15,Over
1,talk,58,3,5,Skip
1,talk,59,3,7,Skip
1,talk,60,4,3,Over
1,talk,61,4,15,Over
1,talk,62,4,4,Over
1,talk,63,4,5,Skip
1,talk,64,4,6,VOTE Agent[09]
1,talk,65,4,1,VOTE Agent[09]
1,talk,66,4,11,Skip
1,talk,67,4,13,Skip
1,talk,68,4,14,VOTE Agent[09]
1,talk,69,4,2,VOTE Agent[09]
1,talk,70,4,10,VOTE Agent[09]
1,talk,71,4,7,Over
1,talk,72,4,12,VOTE Agent[09]
1,talk,73,4,9,VOTE Agent[01]
1,talk,74,4,8,Skip
1,talk,75,5,15,Over
1,talk,76,5,4,Over
1,talk,77,5,6,VOTE Agent[09]
1,talk,78,5,14,Skip
1,talk,79,5,3,Over
1,talk,80,5,9,REQUEST ANY (VOTE Agent[01])
1,talk,81,5,12,Skip
1,talk,82,5,7,Over
1,talk,83,5,11,Over
1,talk,84,5,8,Over
1,talk,85,5,5,Over
1,talk,86,5,2,VOTE Agent[09]
1,talk,87,5,13,Skip
1,talk,88,5,1,REQUEST ANY (VOTE Agent[09])
1,talk,89,5,10,VOTE Agent[09]
1,talk,90,6,9,Skip
1,talk,91,6,1,Skip
1,talk,92,6,11,Over
1,talk,93,6,2,VOTE Agent[09]
1,talk,94,6,7,Over
1,talk,95,6,8,Over
1,talk,96,6,10,VOTE Agent[09]
1,talk,97,6,3,Over
1,talk,98,6,12,Skip
1,talk,99,6,5,Over
1,talk,100,6,15,Over
1,talk,101,6,6,VOTE Agent[09]
1,talk,102,6,14,Skip
1,talk,103,6,13,Over
1,talk,104,6,4,Over
1,talk,105,7,2,VOTE Agent[09]
1,talk,106,7,9,Skip
1,talk,107,7,10,VOTE Agent[09]
1,talk,108,7,5,Over
1,talk,109,7,14,Over
1,talk,110,7,7,Over
1,talk,111,7,15,Over
1,talk,112,7,11,Over
1,talk,113,7,8,Over
1,talk,114,7,12,Over
1,talk,115,7,1,Skip
1,talk,116,7,4,Over
1,talk,117,7,6,VOTE Agent[09]
1,talk,118,7,13,Over
1,talk,119,7,3,Over
1,talk,120,8,8,Over
1,talk,121,8,9,Over
1,talk,122,8,2,VOTE Agent[09]
1,talk,123,8,6,VOTE Agent[09]
1,talk,124,8,12,Over
1,talk,125,8,11,Over
1,talk,126,8,10,VOTE Agent[09]
1,talk,127,8,7,Over
1,talk,128,8,15,Over
1,talk,129,8,4,Over
1,talk,130,8,14,Over
1,talk,131,8,5,Over
1,talk,132,8,1,Over
1,talk,133,8,13,Over
1,talk,134,8,3,Over
1,talk,135,9,11,Over
1,talk,136,9,2,Over
1,talk,137,9,3,Over
1,talk,138,9,8,Over
1,talk,139,9,9,Over
1,talk,140,9,12,Over
1,talk,141,9,5,Over
1,talk,142,9,6,Over
1,talk,143,9,10,Over
1,talk,144,9,15,Over
1,talk,145,9,13,Over
1,talk,146,9,1,Over
1,talk,147,9,4,Over
1,talk,148,9,14,Over
1,talk,149,9,7,Over
1,vote,1,9
1,vote,2,9
1,vote,3,1
1,vote,4,8
1,vote,5,9
1,vote,6,9
1,vote,7,9
1,vote,8,9
1,vote,9,1
1,vote,10,9
1,vote,11,9
1,vote,12,9
1,vote,13,9
1,vote,14,9
1,vote,15,10
1,execute,9,WEREWOLF
1,divine,1,8,HUMAN
1,whisper,0,0,14,Skip
1,whisper,1,0,12,Skip
1,whisper,2,1,14,Skip
1,whisper,3,1,12,Skip
1,whisper,4,2,12,Over
1,whisper,5,2,14,Over
1,guard,13,11,POSSESSED
1,attackVote,12,11
1,attackVote,14,11
1,attack,11,false
2,status,1,SEER,ALIVE,SampleJava4
2,status,2,VILLAGER,ALIVE,OKAMI
2,status,3,VILLAGER,ALIVE,SampleJava13
2,status,4,VILLAGER,ALIVE,SampleJava7
2,status,5,VILLAGER,ALIVE,sample_py
2,status,6,VILLAGER,ALIVE,OKAMI
2,status,7,VILLAGER,ALIVE,TOKU2
2,status,8,VILLAGER,ALIVE,sample_py
2,status,9,WEREWOLF,DEAD,SampleJava10
2,status,10,VILLAGER,ALIVE,OKAMI
2,status,11,POSSESSED,ALIVE,Tomato14
2,status,12,WEREWOLF,ALIVE,TOKU11
2,status,13,BODYGUARD,ALIVE,Tomato9
2,status,14,WEREWOLF,ALIVE,TOKU1
2,status,15,MEDIUM,ALIVE,OKAMI
2,talk,0,0,3,VOTE Agent[08]
2,talk,1,0,13,VOTE Agent[08]
2,talk,2,0,10,VOTE Agent[08]
2,talk,3,0,12,VOTE Agent[04]
2,talk,4,0,7,VOTE Agent[04]
2,talk,5,0,1,DAY 2 (DIVINED Agent[08] HUMAN)
2,talk,6,0,14,VOTE Agent[04]
2,talk,7,0,2,VOTE Agent[06]
2,talk,8,0,8,VOTE Agent[13]
2,talk,9,0,6,VOTE Agent[13]
2,talk,10,0,5,VOTE Agent[11]
2,talk,11,0,4,VOTE Agent[10]
2,talk,12,0,15,ESTIMATE Agent[09] WEREWOLF
2,talk,13,0,11,DIVINED Agent[06] WEREWOLF
2,talk,14,1,3,REQUEST ANY (VOTE Agent[08])
2,talk,15,1,1,DIVINED Agent[08] HUMAN
2,talk,16,1,11,VOTE Agent[08]
2,talk,17,1,6,COMINGOUT Agent[06] VILLAGER
2,talk,18,1,14,Skip
2,talk,19,1,15,Over
2,talk,20,1,12,Skip
2,talk,21,1,8,VOTE Agent[06]
2,talk,22,1,7,Skip
2,talk,23,1,10,COMINGOUT Agent[10] VILLAGER
2,talk,24,1,13,Skip
2,talk,25,1,2,COMINGOUT Agent[02] VILLAGER
2,talk,26,1,5,VOTE Agent[06]
2,talk,27,1,4,REQUEST ANY (VOTE Agent[10])
2,talk,28,2,13,Skip
2,talk,29,2,14,Skip
2,talk,30,2,12,Skip
2,talk,31,2,15,Over
2,talk,32,2,1,BECAUSE (AND (COMINGOUT Agent[01] SEER) (Agent[11] COMINGOUT Agent[11] SEER)) (XOR (ESTIMATE Agent[11] WEREWOLF) (ESTIMATE Agent[11] POSSESSED))
2,talk,33,2,11,Skip
2,talk,34,2,3,Skip
2,talk,35,2,10,VOTE Agent[06]
2,talk,36,2,5,Skip
2,talk,37,2,7,Skip
2,talk,38,2,6,VOTE Agent[10]
2,talk,39,2,2,VOTE Agent[06]
2,talk,40,2,8,Skip
2,talk,41,2,4,Skip
2,talk,42,3,13,VOTE Agent[06]
2,talk,43,3,1,BECAUSE (XOR (ESTIMATE Agent[11] WEREWOLF) (ESTIMATE Agent[11] POSSESSED)) (AND (VOTE Agent[11]) (REQUEST ANY (VOTE Agent[11])))
2,talk,44,3,15,Over
2,talk,45,3,11,VOTE Agent[06]
2,talk,46,3,8,Skip
2,talk,47,3,7,Over
2,talk,48,3,12,Over
2,talk,49,3,2,VOTE Agent[06]
2,talk,50,3,10,VOTE Agent[06]
2,talk,51,3,14,Over
2,talk,52,3,5,Skip
2,talk,53,3,4,Skip
2,talk,54,3,6,VOTE Agent[10]
2,talk,55,3,3,Skip
2,talk,56,4,1,VOTE Agent[11]
2,talk,57,4,5,Over
2,talk,58,4,12,Over
2,talk,59,4,2,VOTE Agent[06]
2,talk,60,4,4,Over
2,talk,61,4,7,Over
2,talk,62,4,10,VOTE Agent[06]
2,talk,63,4,8,Over
2,talk,64,4,6,VOTE Agent[10]
2,talk,65,4,14,Over
2,talk,66,4,11,Skip
2,talk,67,4,15,Over
2,talk,68,4,13,Skip
2,talk,69,4,3,Over
2,talk,70,5,13,Skip
2,talk,71,5,7,Over
2,talk,72,5,1,REQUEST ANY (VOTE Agent[11])
2,talk,73,5,12,Over
2,talk,74,5,5,Over
2,talk,75,5,2,VOTE Agent[06]
2,talk,76,5,4,Over
2,talk,77,5,14,Over
2,talk,78,5,15,Over
2,talk,79,5,3,Over
2,talk,80,5,10,VOTE Agent[06]
2,talk,81,5,11,Skip
2,talk,82,5,6,VOTE Agent[10]
2,talk,83,5,8,Over
2,talk,84,6,10,VOTE Agent[06]
2,talk,85,6,13,Over
2,talk,86,6,3,Over
2,talk,87,6,1,Skip
2,talk,88,6,8,Over
2,talk,89,6,4,Over
2,talk,90,6,11,Over
2,talk,91,6,15,Over
2,talk,92,6,6,VOTE Agent[10]
2,talk,93,6,12,Over
2,talk,94,6,2,VOTE Agent[06]
2,talk,95,6,14,Over
2,talk,96,6,7,Over
2,talk,97,6,5,Over
2,talk,98,7,3,Over
2,talk,99,7,6,VOTE Agent[10]
2,talk,100,7,5,Over
2,talk,101,7,7,Over
2,talk,102,7,1,Skip
2,talk,103,7,10,VOTE Agent[06]
2,talk,104,7,12,Over
2,talk,105,7,15,Over
2,talk,106,7,8,Over
2,talk,107,7,2,VOTE Agent[06]
2,talk,108,7,11,Over
2,talk,109,7,4,Over
2,talk,110,7,14,Over
2,talk,111,7,13,Over
2,talk,112,8,2,VOTE Agent[06]
2,talk,113,8,3,Over
2,talk,114,8,1,Over
2,talk,115,8,10,VOTE Agent[06]
2,talk,116,8,13,Over
2,talk,117,8,5,Over
2,talk,118,8,8,Over
2,talk,119,8,4,Over
2,talk,120,8,11,Over
2,talk,121,8,12,Over
2,talk,122,8,6,VOTE Agent[10]
2,talk,123,8,14,Over
2,talk,124,8,7,Over
2,talk,125,8,15,Over
2,talk,126,9,15,Over
2,talk,127,9,5,Over
2,talk,128,9,6,Over
2,talk,129,9,1,Over
2,talk,130,9,11,Over
2,talk,131,9,8,Over
2,talk,132,9,2,Over
2,talk,133,9,4,Over
2,talk,134,9,14,Over
2,talk,135,9,13,Over
2,talk,136,9,3,Over
2,talk,137,9,12,Over
2,talk,138,9,10,Over
2,talk,139,9,7,Over
2,vote,1,11
2,vote,2,6
2,vote,3,11
2,vote,4,11
2,vote,5,6
2,vote,6,10
2,vote,7,4
2,vote,8,6
2,vote,10,6
2,vote,11,6
2,vote,12,4
2,vote,13,6
2,vote,14,4
2,vote,15,10
2,execute,6,VILLAGER
2,divine,1,11,HUMAN
2,whisper,0,0,12,Skip
2,whisper,1,0,14,Skip
2,whisper,2,1,14,Skip
2,whisper,3,1,12,Skip
2,whisper,4,2,12,Over
2,whisper,5,2,14,Over
2,guard,13,11,POSSESSED
2,attackVote,12,11
2,attackVote,14,11
2,attack,11,false
3,status,1,SEER,ALIVE,SampleJava4
3,status,2,VILLAGER,ALIVE,OKAMI
3,status,3,VILLAGER,ALIVE,SampleJava13
3,status,4,VILLAGER,ALIVE,SampleJava7
3,status,5,VILLAGER,ALIVE,sample_py
3,status,6,VILLAGER,DEAD,OKAMI
3,status,7,VILLAGER,ALIVE,TOKU2
3,status,8,VILLAGER,ALIVE,sample_py
3,status,9,WEREWOLF,DEAD,SampleJava10
3,status,10,VILLAGER,ALIVE,OKAMI
3,status,11,POSSESSED,ALIVE,Tomato14
3,status,12,WEREWOLF,ALIVE,TOKU11
3,status,13,BODYGUARD,ALIVE,Tomato9
3,status,14,WEREWOLF,ALIVE,TOKU1
3,status,15,MEDIUM,ALIVE,OKAMI
3,talk,0,0,12,VOTE Agent[04]
3,talk,1,0,2,VOTE Agent[15]
3,talk,2,0,15,Skip
3,talk,3,0,7,VOTE Agent[04]
3,talk,4,0,4,VOTE Agent[02]
3,talk,5,0,11,DIVINED Agent[03] WEREWOLF
3,talk,6,0,8,VOTE Agent[03]
3,talk,7,0,5,VOTE Agent[03]
3,talk,8,0,14,VOTE Agent[04]
3,talk,9,0,3,BECAUSE (AND (COMINGOUT Agent[03] VILLAGER) (DAY 3 (Agent[11] DIVINED Agent[03] WEREWOLF))) (XOR (ESTIMATE Agent[11] WEREWOLF) (ESTIMATE Agent[11] POSSESSED))
3,talk,10,0,13,VOTE Agent[01]
3,talk,11,0,1,DAY 3 (DIVINED Agent[11] HUMAN)
3,talk,12,0,10,VOTE Agent[03]
3,talk,13,1,12,Skip
3,talk,14,1,1,DIVINED Agent[11] HUMAN
3,talk,15,1,15,Over
3,talk,16,1,11,VOTE Agent[02]
3,talk,17,1,5,Skip
3,talk,18,1,2,COMINGOUT Agent[02] VILLAGER
3,talk,19,1,4,REQUEST ANY (VOTE Agent[02])
3,talk,20,1,14,Skip
3,talk,21,1,8,Skip
3,talk,22,1,3,BECAUSE (XOR (ESTIMATE Agent[11] WEREWOLF) (ESTIMATE Agent[11] POSSESSED)) (AND (VOTE Agent[11]) (REQUEST ANY (VOTE Agent[11])))
3,talk,23,1,10,COMINGOUT Agent[10] VILLAGER
3,talk,24,1,7,Skip
3,talk,25,1,13,Skip
3,talk,26,2,3,VOTE Agent[11]
3,talk,27,2,2,VOTE Agent[03]
3,talk,28,2,12,Skip
3,talk,29,2,13,Skip
3,talk,30,2,1,BECAUSE (AND (AND (COMINGOUT Agent[01] SEER) (Agent[11] COMINGOUT Agent[11] SEER)) (DAY 3 (DIVINED Agent[11] HUMAN))) (ESTIMATE Agent[11] POSSESSED)
3,talk,31,2,4,Skip
3,talk,32,2,8,Skip
3,talk,33,2,15,Over
3,talk,34,2,14,Skip
3,talk,35,2,7,Skip
3,talk,36,2,5,Skip
3,talk,37,2,10,VOTE Agent[03]
3,talk,38,2,11,Skip
3,talk,39,3,13,Over
3,talk,40,3,3,REQUEST ANY (VOTE Agent[11])
3,talk,41,3,5,Over
3,talk,42,3,2,VOTE Agent[03]
3,talk,43,3,10,VOTE Agent[03]
3,talk,44,3,7,Over
3,talk,45,3,8,Over
3,talk,46,3,11,Skip
3,talk,47,3,12,Over
3,talk,48,3,15,Over
3,talk,49,3,1,VOTE Agent[07]
3,talk,50,3,14,Over
3,talk,51,3,4,Skip
3,talk,52,4,7,Over
3,talk,53,4,13,Over
3,talk,54,4,14,Over
3,talk,55,4,5,Over
3,talk,56,4,4,Over
3,talk,57,4,3,Skip
3,talk,58,4,1,REQUEST ANY (VOTE Agent[07])
3,talk,59,4,10,VOTE Agent[03]
3,talk,60,4,8,Over
3,talk,61,4,12,Over
3,talk,62,4,15,Over
3,talk,63,4,11,Over
3,talk,64,4,2,VOTE Agent[03]
3,talk,65,5,13,Over
3,talk,66,5,12,Over
3,talk,67,5,11,Over
3,talk,68,5,5,Over
3,talk,69,5,4,Over
3,talk,70,5,3,Skip
3,talk,71,5,10,VOTE Agent[03]
3,talk,72,5,2,VOTE Agent[03]
3,talk,73,5,1,Skip
3,talk,74,5,8,Over
3,talk,75,5,14,Over
3,talk,76,5,15,Over
3,talk,77,5,7,Over
3,talk,78,6,15,Over
3,talk,79,6,14,Over
3,talk,80,6,8,Over
3,talk,81,6,3,Over
3,talk,82,6,2,VOTE Agent[03]
3,talk,83,6,1,Skip
3,talk,84,6,13,Over
3,talk,85,6,10,VOTE Agent[03]
3,talk,86,6,12,Over
3,talk,87,6,5,Over
3,talk,88,6,4,Over
3,talk,89,6,11,Over
3,talk,90,6,7,Over
3,talk,91,7,14,Over
3,talk,92,7,3,Over
3,talk,93,7,15,Over
3,talk,94,7,12,Over
3,talk,95,7,13,Over
3,talk,96,7,7,Over
3,talk,97,7,11,Over
3,talk,98,7,10,VOTE Agent[03]
3,talk,99,7,4,Over
3,talk,100,7,2,VOTE Agent[03]
3,talk,101,7,8,Over
3,talk,102,7,1,Over
3,talk,103,7,5,Over
3,talk,104,8,7,Over
3,talk,105,8,15,Over
3,talk,106,8,8,Over
3,talk,107,8,14,Over
3,talk,108,8,2,VOTE Agent[03]
3,talk,109,8,4,Over
3,talk,110,8,5,Over
3,talk,111,8,10,VOTE Agent[03]
3,talk,112,8,13,Over
3,talk,113,8,1,Over
3,talk,114,8,3,Over
3,talk,115,8,12,Over
3,talk,116,8,11,Over
3,talk,117,9,3,Over
3,talk,118,9,4,Over
3,talk,119,9,12,Over
3,talk,120,9,5,Over
3,talk,121,9,10,Over
3,talk,122,9,11,Over
3,talk,123,9,7,Over
3,talk,124,9,8,Over
3,talk,125,9,15,Over
3,talk,126,9,13,Over
3,talk,127,9,14,Over
3,talk,128,9,1,Over
3,talk,129,9,2,Over
3,vote,1,2
3,vote,2,3
3,vote,3,11
3,vote,4,7
3,vote,5,3
3,vote,7,4
3,vote,8,3
3,vote,10,3
3,vote,11,2
3,vote,12,4
3,vote,13,1
3,vote,14,4
3,vote,15,10
3,execute,3,VILLAGER
3,divine,1,4,HUMAN
3,whisper,0,0,12,Skip
3,whisper,1,0,14,Skip
3,whisper,2,1,14,Skip
3,whisper,3,1,12,Skip
3,whisper,4,2,14,Over
3,whisper,5,2,12,Over
3,guard,13,11,POSSESSED
3,attackVote,12,11
3,attackVote,14,11
3,attack,11,false
4,status,1,SEER,ALIVE,SampleJava4
4,status,2,VILLAGER,ALIVE,OKAMI
4,status,3,VILLAGER,DEAD,SampleJava13
4,status,4,VILLAGER,ALIVE,SampleJava7
4,status,5,VILLAGER,ALIVE,sample_py
4,status,6,VILLAGER,DEAD,OKAMI
4,status,7,VILLAGER,ALIVE,TOKU2
4,status,8,VILLAGER,ALIVE,sample_py
4,status,9,WEREWOLF,DEAD,SampleJava10
4,status,10,VILLAGER,ALIVE,OKAMI
4,status,11,POSSESSED,ALIVE,Tomato14
4,status,12,WEREWOLF,ALIVE,TOKU11
4,status,13,BODYGUARD,ALIVE,Tomato9
4,status,14,WEREWOLF,ALIVE,TOKU1
4,status,15,MEDIUM,ALIVE,OKAMI
4,talk,0,0,5,VOTE Agent[10]
4,talk,1,0,10,VOTE Agent[05]
4,talk,2,0,15,Skip
4,talk,3,0,4,VOTE Agent[15]
4,talk,4,0,14,VOTE Agent[04]
4,talk,5,0,11,DIVINED Agent[10] HUMAN
4,talk,6,0,8,VOTE Agent[15]
4,talk,7,0,2,VOTE Agent[05]
4,talk,8,0,7,VOTE Agent[04]
4,talk,9,0,1,DAY 4 (DIVINED Agent[04] HUMAN)
4,talk,10,0,13,VOTE Agent[01]
4,talk,11,0,12,VOTE Agent[04]
4,talk,12,1,5,Skip
4,talk,13,1,14,Skip
4,talk,14,1,4,REQUEST ANY (VOTE Agent[15])
4,talk,15,1,2,COMINGOUT Agent[02] VILLAGER
4,talk,16,1,7,Skip
4,talk,17,1,11,VOTE Agent[05]
4,talk,18,1,12,Skip
4,talk,19,1,1,DIVINED Agent[04] HUMAN
4,talk,20,1,15,Over
4,talk,21,1,13,Skip
4,talk,22,1,10,COMINGOUT Agent[10] VILLAGER
4,talk,23,1,8,Skip
4,talk,24,2,4,Skip
4,talk,25,2,10,VOTE Agent[05]
4,talk,26,2,8,Skip
4,talk,27,2,15,Over
4,talk,28,2,5,Skip
4,talk,29,2,7,Skip
4,talk,30,2,2,VOTE Agent[05]
4,talk,31,2,1,VOTE Agent[12]
4,talk,32,2,12,Skip
4,talk,33,2,14,Skip
4,talk,34,2,11,Skip
4,talk,35,2,13,Skip
4,talk,36,3,8,Over
4,talk,37,3,4,Skip
4,talk,38,3,14,Over
4,talk,39,3,2,VOTE Agent[05]
4,talk,40,3,5,Over
4,talk,41,3,13,Over
4,talk,42,3,1,REQUEST ANY (VOTE Agent[12])
4,talk,43,3,10,VOTE Agent[05]
4,talk,44,3,11,Skip
4,talk,45,3,15,Over
4,talk,46,3,7,Over
4,talk,47,3,12,Over
4,talk,48,4,11,Over
4,talk,49,4,4,Over
4,talk,50,4,12,Over
4,talk,51,4,10,VOTE Agent[15]
4,talk,52,4,1,Skip
4,talk,53,4,8,Over
4,talk,54,4,5,Over
4,talk,55,4,7,Over
4,talk,56,4,13,Over
4,talk,57,4,14,Over
4,talk,58,4,2,VOTE Agent[05]
4,talk,59,4,15,Over
4,talk,60,5,12,Over
4,talk,61,5,13,Over
4,talk,62,5,15,Over
4,talk,63,5,1,Skip
4,talk,64,5,14,Over
4,talk,65,5,8,Over
4,talk,66,5,2,VOTE Agent[05]
4,talk,67,5,4,Over
4,talk,68,5,5,Over
4,talk,69,5,10,VOTE Agent[05]
4,talk,70,5,11,Over
4,talk,71,5,7,Over
4,talk,72,6,14,Over
4,talk,73,6,8,Over
4,talk,74,6,4,Over
4,talk,75,6,2,VOTE Agent[05]
4,talk,76,6,11,Over
4,talk,77,6,7,Over
4,talk,78,6,15,Over
4,talk,79,6,10,VOTE Agent[15]
4,talk,80,6,12,Over
4,talk,81,6,13,Over
4,talk,82,6,1,Over
4,talk,83,6,5,Over
4,talk,84,7,13,Over
4,talk,85,7,4,Over
4,talk,86,7,1,Over
4,talk,87,7,5,Over
4,talk,88,7,7,Over
4,talk,89,7,10,VOTE Agent[05]
4,talk,90,7,15,Over
4,talk,91,7,14,Over
4,talk,92,7,2,VOTE Agent[15]
4,talk,93,7,8,Over
4,talk,94,7,12,Over
4,talk,95,7,11,Over
4,talk,96,8,5,Over
4,talk,97,8,13,Over
4,talk,98,8,11,Over
4,talk,99,8,10,VOTE Agent[05]
4,talk,100,8,15,Over
4,talk,101,8,1,Over
4,talk,102,8,2,VOTE Agent[15]
4,talk,103,8,14,Over
4,talk,104,8,8,Over
4,talk,105,8,7,Over
4,talk,106,8,12,Over
4,talk,107,8,4,Over
4,talk,108,9,4,Over
4,talk,109,9,1,Over
4,talk,110,9,10,Over
4,talk,111,9,13,Over
4,talk,112,9,7,Over
4,talk,113,9,8,Over
4,talk,114,9,11,Over
4,talk,115,9,5,Over
4,talk,116,9,2,Over
4,talk,117,9,14,Over
4,talk,118,9,15,Over
4,talk,119,9,12,Over
4,vote,1,15
4,vote,2,15
4,vote,4,12
4,vote,5,10
4,vote,7,4
4,vote,8,15
4,vote,10,12
4,vote,11,5
4,vote,12,4
4,vote,13,1
4,vote,14,4
4,vote,15,10
4,vote,1,4
4,vote,2,15
4,vote,4,15
4,vote,5,10
4,vote,7,4
4,vote,8,15
4,vote,10,5
4,vote,11,5
4,vote,12,4
4,vote,13,1
4,vote,14,4
4,vote,15,10
4,execute,4,VILLAGER
4,divine,1,5,HUMAN
4,whisper,0,0,12,Skip
4,whisper,1,0,14,Skip
4,whisper,2,1,14,Skip
4,whisper,3,1,12,Skip
4,whisper,4,2,12,Over
4,whisper,5,2,14,Over
4,guard,13,11,POSSESSED
4,attackVote,12,11
4,attackVote,14,11
4,attack,11,false
5,status,1,SEER,ALIVE,SampleJava4
5,status,2,VILLAGER,ALIVE,OKAMI
5,status,3,VILLAGER,DEAD,SampleJava13
5,status,4,VILLAGER,DEAD,SampleJava7
5,status,5,VILLAGER,ALIVE,sample_py
5,status,6,VILLAGER,DEAD,OKAMI
5,status,7,VILLAGER,ALIVE,TOKU2
5,status,8,VILLAGER,ALIVE,sample_py
5,status,9,WEREWOLF,DEAD,SampleJava10
5,status,10,VILLAGER,ALIVE,OKAMI
5,status,11,POSSESSED,ALIVE,Tomato14
5,status,12,WEREWOLF,ALIVE,TOKU11
5,status,13,BODYGUARD,ALIVE,Tomato9
5,status,14,WEREWOLF,ALIVE,TOKU1
5,status,15,MEDIUM,ALIVE,OKAMI
5,talk,0,0,8,VOTE Agent[01]
5,talk,1,0,11,DIVINED Agent[05] HUMAN
5,talk,2,0,13,VOTE Agent[01]
5,talk,3,0,5,VOTE Agent[01]
5,talk,4,0,1,DAY 5 (DIVINED Agent[05] HUMAN)
5,talk,5,0,14,VOTE Agent[01]
5,talk,6,0,15,Skip
5,talk,7,0,2,VOTE Agent[12]
5,talk,8,0,12,VOTE Agent[01]
5,talk,9,0,10,VOTE Agent[12]
5,talk,10,0,7,VOTE Agent[01]
5,talk,11,1,15,Over
5,talk,12,1,10,COMINGOUT Agent[10] VILLAGER
5,talk,13,1,13,Skip
5,talk,14,1,5,Skip
5,talk,15,1,12,Skip
5,talk,16,1,7,Skip
5,talk,17,1,11,VOTE Agent[12]
5,talk,18,1,14,Skip
5,talk,19,1,8,Skip
5,talk,20,1,1,DIVINED Agent[05] HUMAN
5,talk,21,1,2,COMINGOUT Agent[02] VILLAGER
5,talk,22,2,2,VOTE Agent[12]
5,talk,23,2,1,VOTE Agent[14]
5,talk,24,2,11,Skip
5,talk,25,2,8,Skip
5,talk,26,2,13,Skip
5,talk,27,2,10,VOTE Agent[14]
5,talk,28,2,15,Over
5,talk,29,2,7,Skip
5,talk,30,2,14,Skip
5,talk,31,2,5,Skip
5,talk,32,2,12,Skip
5,talk,33,3,5,Over
5,talk,34,3,8,Over
5,talk,35,3,7,Over
5,talk,36,3,13,Over
5,talk,37,3,15,Over
5,talk,38,3,1,REQUEST ANY (VOTE Agent[14])
5,talk,39,3,12,Over
5,talk,40,3,10,VOTE Agent[14]
5,talk,41,3,11,Skip
5,talk,42,3,2,VOTE Agent[12]
5,talk,43,3,14,Over
5,talk,44,4,1,Skip
5,talk,45,4,8,Over
5,talk,46,4,12,Over
5,talk,47,4,10,VOTE Agent[14]
5,talk,48,4,11,VOTE Agent[14]
5,talk,49,4,2,VOTE Agent[14]
5,talk,50,4,13,Over
5,talk,51,4,5,Over
5,talk,52,4,15,Over
5,talk,53,4,7,Over
5,talk,54,4,14,Over
5,talk,55,5,12,Over
5,talk,56,5,8,Over
5,talk,57,5,14,Over
5,talk,58,5,10,VOTE Agent[14]
5,talk,59,5,2,VOTE Agent[14]
5,talk,60,5,15,Over
5,talk,61,5,11,Skip
5,talk,62,5,13,Over
5,talk,63,5,5,Over
5,talk,64,5,1,Skip
5,talk,65,5,7,Over
5,talk,66,6,7,Over
5,talk,67,6,14,Over
5,talk,68,6,13,Over
5,talk,69,6,10,VOTE Agent[14]
5,talk,70,6,2,VOTE Agent[14]
5,talk,71,6,15,Over
5,talk,72,6,1,Over
5,talk,73,6,12,Over
5,talk,74,6,5,Over
5,talk,75,6,11,Skip
5,talk,76,6,8,Over
5,talk,77,7,14,Over
5,talk,78,7,8,Over
5,talk,79,7,7,Over
5,talk,80,7,12,Over
5,talk,81,7,5,Over
5,talk,82,7,11,Over
5,talk,83,7,10,VOTE Agent[14]
5,talk,84,7,1,Over
5,talk,85,7,2,VOTE Agent[14]
5,talk,86,7,13,Over
5,talk,87,7,15,Over
5,talk,88,8,5,Over
5,talk,89,8,1,Over
5,talk,90,8,12,Over
5,talk,91,8,8,Over
5,talk,92,8,11,Over
5,talk,93,8,14,Over
5,talk,94,8,10,VOTE Agent[14]
5,talk,95,8,2,VOTE Agent[14]
5,talk,96,8,13,Over
5,talk,97,8,15,Over
5,talk,98,8,7,Over
5,talk,99,9,7,Over
5,talk,100,9,15,Over
5,talk,101,9,5,Over
5,talk,102,9,13,Over
5,talk,103,9,11,Over
5,talk,104,9,8,Over
5,talk,105,9,14,Over
5,talk,106,9,10,Over
5,talk,107,9,2,Over
5,talk,108,9,1,Over
5,talk,109,9,12,Over
5,vote,1,10
5,vote,2,14
5,vote,5,1
5,vote,7,1
5,vote,8,1
5,vote,10,14
5,vote,11,14
5,vote,12,1
5,vote,13,1
5,vote,14,1
5,vote,15,10
5,execute,1,SEER
5,whisper,0,0,14,Skip
5,whisper,1,0,12,Skip
5,whisper,2,1,14,Skip
5,whisper,3,1,12,Skip
5,whisper,4,2,12,Over
5,whisper,5,2,14,Over
5,guard,13,11,POSSESSED
5,attackVote,12,11
5,attackVote,14,11
5,attack,11,false
6,status,1,SEER,DEAD,SampleJava4
6,status,2,VILLAGER,ALIVE,OKAMI
6,status,3,VILLAGER,DEAD,SampleJava13
6,status,4,VILLAGER,DEAD,SampleJava7
6,status,5,VILLAGER,ALIVE,sample_py
6,status,6,VILLAGER,DEAD,OKAMI
6,status,7,VILLAGER,ALIVE,TOKU2
6,status,8,VILLAGER,ALIVE,sample_py
6,status,9,WEREWOLF,DEAD,SampleJava10
6,status,10,VILLAGER,ALIVE,OKAMI
6,status,11,POSSESSED,ALIVE,Tomato14
6,status,12,WEREWOLF,ALIVE,TOKU11
6,status,13,BODYGUARD,ALIVE,Tomato9
6,status,14,WEREWOLF,ALIVE,TOKU1
6,status,15,MEDIUM,ALIVE,OKAMI
6,talk,0,0,8,VOTE Agent[11]
6,talk,1,0,12,VOTE Agent[11]
6,talk,2,0,11,DIVINED Agent[08] HUMAN
6,talk,3,0,15,Skip
6,talk,4,0,5,VOTE Agent[07]
6,talk,5,0,14,VOTE Agent[11]
6,talk,6,0,7,VOTE Agent[11]
6,talk,7,0,13,VOTE Agent[15]
6,talk,8,0,2,VOTE Agent[07]
6,talk,9,0,10,VOTE Agent[15]
6,talk,10,1,8,Skip
6,talk,11,1,14,Skip
6,talk,12,1,15,Over
6,talk,13,1,13,Skip
6,talk,14,1,7,Skip
6,talk,15,1,2,COMINGOUT Agent[02] VILLAGER
6,talk,16,1,5,Skip
6,talk,17,1,11,VOTE Agent[07]
6,talk,18,1,12,Skip
6,talk,19,1,10,COMINGOUT Agent[10] VILLAGER
6,talk,20,2,14,Skip
6,talk,21,2,11,Skip
6,talk,22,2,5,Skip
6,talk,23,2,10,VOTE Agent[15]
6,talk,24,2,8,Skip
6,talk,25,2,12,Skip
6,talk,26,2,13,Skip
6,talk,27,2,7,Skip
6,talk,28,2,2,VOTE Agent[15]
6,talk,29,2,15,Over
6,talk,30,3,10,VOTE Agent[07]
6,talk,31,3,7,Over
6,talk,32,3,11,Skip
6,talk,33,3,2,VOTE Agent[15]
6,talk,34,3,13,Over
6,talk,35,3,15,Over
6,talk,36,3,12,Over
6,talk,37,3,14,Over
6,talk,38,3,8,Over
6,talk,39,3,5,Over
6,talk,40,4,10,VOTE Agent[07]
6,talk,41,4,5,Over
6,talk,42,4,14,Over
6,talk,43,4,12,Over
6,talk,44,4,7,Over
6,talk,45,4,2,VOTE Agent[15]
6,talk,46,4,15,Over
6,talk,47,4,11,Over
6,talk,48,4,8,Over
6,talk,49,4,13,Over
6,talk,50,5,10,VOTE Agent[15]
6,talk,51,5,14,Over
6,talk,52,5,8,Over
6,talk,53,5,15,Over
6,talk,54,5,2,VOTE Agent[15]
6,talk,55,5,7,Over
6,talk,56,5,12,Over
6,talk,57,5,11,Over
6,talk,58,5,13,Over
6,talk,59,5,5,Over
6,talk,60,6,7,Over
6,talk,61,6,8,Over
6,talk,62,6,12,Over
6,talk,63,6,15,Over
6,talk,64,6,13,Over
6,talk,65,6,5,Over
6,talk,66,6,14,Over
6,talk,67,6,2,VOTE Agent[07]
6,talk,68,6,11,Over
6,talk,69,6,10,VOTE Agent[15]
6,talk,70,7,8,Over
6,talk,71,7,15,Over
6,talk,72,7,13,Over
6,talk,73,7,2,VOTE Agent[15]
6,talk,74,7,11,Over
6,talk,75,7,14,Over
6,talk,76,7,5,Over
6,talk,77,7,10,VOTE Agent[07]
6,talk,78,7,12,Over
6,talk,79,7,7,Over
6,talk,80,8,12,Over
6,talk,81,8,7,Over
6,talk,82,8,13,Over
6,talk,83,8,10,VOTE Agent[15]
6,talk,84,8,5,Over
6,talk,85,8,2,VOTE Agent[07]
6,talk,86,8,8,Over
6,talk,87,8,11,Over
6,talk,88,8,14,Over
6,talk,89,8,15,Over
6,talk,90,9,11,Over
6,talk,91,9,5,Over
6,talk,92,9,2,Over
6,talk,93,9,8,Over
6,talk,94,9,13,Over
6,talk,95,9,12,Over
6,talk,96,9,10,Over
6,talk,97,9,15,Over
6,talk,98,9,7,Over
6,talk,99,9,14,Over
6,vote,2,7
6,vote,5,7
6,vote,7,11
6,vote,8,11
6,vote,10,15
6,vote,11,7
6,vote,12,11
6,vote,13,15
6,vote,14,11
6,vote,15,10
6,execute,11,POSSESSED
6,whisper,0,0,14,Skip
6,whisper,1,0,12,Skip
6,whisper,2,1,12,Skip
6,whisper,3,1,14,Skip
6,whisper,4,2,14,Over
6,whisper,5,2,12,Over
6,guard,13,15,MEDIUM
6,attackVote,12,13
6,attackVote,14,13
6,attack,13,true
7,status,1,SEER,DEAD,SampleJava4
7,status,2,VILLAGER,ALIVE,OKAMI
7,status,3,VILLAGER,DEAD,SampleJava13
7,status,4,VILLAGER,DEAD,SampleJava7
7,status,5,VILLAGER,ALIVE,sample_py
7,status,6,VILLAGER,DEAD,OKAMI
7,status,7,VILLAGER,ALIVE,TOKU2
7,status,8,VILLAGER,ALIVE,sample_py
7,status,9,WEREWOLF,DEAD,SampleJava10
7,status,10,VILLAGER,ALIVE,OKAMI
7,status,11,POSSESSED,DEAD,Tomato14
7,status,12,WEREWOLF,ALIVE,TOKU11
7,status,13,BODYGUARD,DEAD,Tomato9
7,status,14,WEREWOLF,ALIVE,TOKU1
7,status,15,MEDIUM,ALIVE,OKAMI
7,talk,0,0,5,VOTE Agent[12]
7,talk,1,0,15,Skip
7,talk,2,0,10,VOTE Agent[12]
7,talk,3,0,7,VOTE Agent[15]
7,talk,4,0,2,VOTE Agent[15]
7,talk,5,0,12,VOTE Agent[15]
7,talk,6,0,8,VOTE Agent[07]
7,talk,7,0,14,VOTE Agent[15]
7,talk,8,1,5,Skip
7,talk,9,1,2,COMINGOUT Agent[02] VILLAGER
7,talk,10,1,12,Skip
7,talk,11,1,15,Over
7,talk,12,1,8,Skip
7,talk,13,1,14,Skip
7,talk,14,1,7,Skip
7,talk,15,1,10,COMINGOUT Agent[10] VILLAGER
7,talk,16,2,15,Over
7,talk,17,2,12,Skip
7,talk,18,2,7,Skip
7,talk,19,2,14,Skip
7,talk,20,2,5,Skip
7,talk,21,2,10,VOTE Agent[07]
7,talk,22,2,2,VOTE Agent[07]
7,talk,23,2,8,Skip
7,talk,24,3,10,VOTE Agent[07]
7,talk,25,3,15,Over
7,talk,26,3,2,VOTE Agent[07]
7,talk,27,3,14,Over
7,talk,28,3,8,Over
7,talk,29,3,5,Over
7,talk,30,3,12,Over
7,talk,31,3,7,Over
7,talk,32,4,15,Over
7,talk,33,4,14,Over
7,talk,34,4,7,Over
7,talk,35,4,12,Over
7,talk,36,4,2,VOTE Agent[07]
7,talk,37,4,10,VOTE Agent[07]
7,talk,38,4,8,Over
7,talk,39,4,5,Over
7,talk,40,5,10,VOTE Agent[07]
7,talk,41,5,8,Over
7,talk,42,5,15,Over
7,talk,43,5,5,Over
7,talk,44,5,2,VOTE Agent[07]
7,talk,45,5,12,Over
7,talk,46,5,14,Over
7,talk,47,5,7,Over
7,talk,48,6,14,Over
7,talk,49,6,10,VOTE Agent[07]
7,talk,50,6,15,Over
7,talk,51,6,2,VOTE Agent[07]
7,talk,52,6,5,Over
7,talk,53,6,12,Over
7,talk,54,6,8,Over
7,talk,55,6,7,Over
7,talk,56,7,5,Over
7,talk,57,7,10,VOTE Agent[07]
7,talk,58,7,15,Over
7,talk,59,7,8,Over
7,talk,60,7,7,Over
7,talk,61,7,12,Over
7,talk,62,7,2,VOTE Agent[07]
7,talk,63,7,14,Over
7,talk,64,8,12,Over
7,talk,65,8,15,Over
7,talk,66,8,2,VOTE Agent[07]
7,talk,67,8,10,VOTE Agent[07]
7,talk,68,8,14,Over
7,talk,69,8,5,Over
7,talk,70,8,7,Over
7,talk,71,8,8,Over
7,talk,72,9,10,Over
7,talk,73,9,12,Over
7,talk,74,9,15,Over
7,talk,75,9,8,Over
7,talk,76,9,14,Over
7,talk,77,9,7,Over
7,talk,78,9,2,Over
7,talk,79,9,5,Over
7,vote,2,7
7,vote,5,12
7,vote,7,15
7,vote,8,7
7,vote,10,7
7,vote,12,15
7,vote,14,15
7,vote,15,10
7,vote,2,7
7,vote,5,12
7,vote,7,15
7,vote,8,7
7,vote,10,7
7,vote,12,15
7,vote,14,15
7,vote,15,10
7,execute,15,MEDIUM
7,whisper,0,0,14,Skip
7,whisper,1,0,12,Skip
7,whisper,2,1,14,Skip
7,whisper,3,1,12,Skip
7,whisper,4,2,12,Over
7,whisper,5,2,14,Over
7,attackVote,12,5
7,attackVote,14,5
7,attack,5,true
8,status,1,SEER,DEAD,SampleJava4
8,status,2,VILLAGER,ALIVE,OKAMI
8,status,3,VILLAGER,DEAD,SampleJava13
8,status,4,VILLAGER,DEAD,SampleJava7
8,status,5,VILLAGER,DEAD,sample_py
8,status,6,VILLAGER,DEAD,OKAMI
8,status,7,VILLAGER,ALIVE,TOKU2
8,status,8,VILLAGER,ALIVE,sample_py
8,status,9,WEREWOLF,DEAD,SampleJava10
8,status,10,VILLAGER,ALIVE,OKAMI
8,status,11,POSSESSED,DEAD,Tomato14
8,status,12,WEREWOLF,ALIVE,TOKU11
8,status,13,BODYGUARD,DEAD,Tomato9
8,status,14,WEREWOLF,ALIVE,TOKU1
8,status,15,MEDIUM,DEAD,OKAMI
8,talk,0,0,2,VOTE Agent[14]
8,talk,1,0,10,VOTE Agent[14]
8,talk,2,0,12,VOTE Agent[02]
8,talk,3,0,14,VOTE Agent[02]
8,talk,4,0,8,VOTE Agent[12]
8,talk,5,0,7,VOTE Agent[02]
8,talk,6,1,12,Skip
8,talk,7,1,14,Skip
8,talk,8,1,10,COMINGOUT Agent[10] VILLAGER
8,talk,9,1,8,Skip
8,talk,10,1,2,COMINGOUT Agent[02] VILLAGER
8,talk,11,1,7,Skip
8,talk,12,2,12,Skip
8,talk,13,2,7,Skip
8,talk,14,2,10,VOTE Agent[12]
8,talk,15,2,2,VOTE Agent[12]
8,talk,16,2,14,Skip
8,talk,17,2,8,Skip
8,talk,18,3,8,Over
8,talk,19,3,7,Over
8,talk,20,3,10,VOTE Agent[12]
8,talk,21,3,2,VOTE Agent[12]
8,talk,22,3,14,Over
8,talk,23,3,12,VOTE Agent[02]
8,talk,24,4,7,Over
8,talk,25,4,14,Over
8,talk,26,4,8,Over
8,talk,27,4,10,VOTE Agent[12]
8,talk,28,4,2,VOTE Agent[12]
8,talk,29,4,12,VOTE Agent[02]
8,talk,30,5,12,VOTE Agent[02]
8,talk,31,5,7,Over
8,talk,32,5,2,VOTE Agent[12]
8,talk,33,5,14,Over
8,talk,34,5,10,VOTE Agent[12]
8,talk,35,5,8,Over
8,talk,36,6,8,Over
8,talk,37,6,7,Over
8,talk,38,6,10,VOTE Agent[12]
8,talk,39,6,2,VOTE Agent[12]
8,talk,40,6,12,VOTE Agent[02]
8,talk,41,6,14,Over
8,talk,42,7,8,Over
8,talk,43,7,10,VOTE Agent[12]
8,talk,44,7,2,VOTE Agent[12]
8,talk,45,7,12,VOTE Agent[02]
8,talk,46,7,7,Over
8,talk,47,7,14,Over
8,talk,48,8,12,VOTE Agent[02]
8,talk,49,8,10,VOTE Agent[12]
8,talk,50,8,8,Over
8,talk,51,8,14,Over
8,talk,52,8,2,VOTE Agent[12]
8,talk,53,8,7,Over
8,talk,54,9,2,Over
8,talk,55,9,7,Over
8,talk,56,9,8,Over
8,talk,57,9,10,Over
8,talk,58,9,14,Over
8,talk,59,9,12,VOTE Agent[02]
8,talk,60,10,8,Over
8,talk,61,10,2,Over
8,talk,62,10,10,Over
8,talk,63,10,7,Over
8,talk,64,10,14,Over
8,talk,65,10,12,VOTE Agent[02]
8,talk,66,11,7,Over
8,talk,67,11,12,VOTE Agent[02]
8,talk,68,11,8,Over
8,talk,69,11,2,Over
8,talk,70,11,10,Over
8,talk,71,11,14,Over
8,talk,72,12,14,Over
8,talk,73,12,10,Over
8,talk,74,12,8,Over
8,talk,75,12,12,Over
8,talk,76,12,2,Over
8,talk,77,12,7,Over
8,vote,2,12
8,vote,7,2
8,vote,8,12
8,vote,10,12
8,vote,12,2
8,vote,14,2
8,vote,2,12
8,vote,7,2
8,vote,8,12
8,vote,10,12
8,vote,12,2
8,vote,14,2
8,execute,2,VILLAGER
8,whisper,0,0,12,Skip
8,whisper,1,0,14,Skip
8,whisper,2,1,14,Skip
8,whisper,3,1,12,Skip
8,whisper,4,2,14,Over
8,whisper,5,2,12,Over
8,attackVote,12,10
8,attackVote,14,10
8,attack,10,true
9,status,1,SEER,DEAD,SampleJava4
9,status,2,VILLAGER,DEAD,OKAMI
9,status,3,VILLAGER,DEAD,SampleJava13
9,status,4,VILLAGER,DEAD,SampleJava7
9,status,5,VILLAGER,DEAD,sample_py
9,status,6,VILLAGER,DEAD,OKAMI
9,status,7,VILLAGER,ALIVE,TOKU2
9,status,8,VILLAGER,ALIVE,sample_py
9,status,9,WEREWOLF,DEAD,SampleJava10
9,status,10,VILLAGER,DEAD,OKAMI
9,status,11,POSSESSED,DEAD,Tomato14
9,status,12,WEREWOLF,ALIVE,TOKU11
9,status,13,BODYGUARD,DEAD,Tomato9
9,status,14,WEREWOLF,ALIVE,TOKU1
9,status,15,MEDIUM,DEAD,OKAMI
9,result,2,2,WEREWOLF
