0,status,1,VILLAGER,ALIVE,sample_py
0,status,2,POSSESSED,ALIVE,sample_py
0,status,3,VILLAGER,ALIVE,SampleJava7
0,status,4,WEREWOLF,ALIVE,OKAMI
0,status,5,VILLAGER,ALIVE,OKAMI
0,status,6,VILLAGER,ALIVE,Takeda3
0,status,7,WEREWOLF,ALIVE,Takeda11
0,status,8,BODYGUARD,ALIVE,HALU
0,status,9,VILLAGER,ALIVE,OKAMI
0,status,10,VILLAGER,ALIVE,Tomato9
0,status,11,SEER,ALIVE,OKAMI
0,status,12,VILLAGER,ALIVE,OKAMI
0,status,13,WEREWOLF,ALIVE,SampleJava10
0,status,14,VILLAGER,ALIVE,Takeda2
0,status,15,MEDIUM,ALIVE,TOKU1
0,whisper,0,0,4,COMINGOUT Agent[04] VILLAGER
0,whisper,1,0,7,Skip
0,whisper,2,0,13,COMINGOUT Agent[13] VILLAGER
0,whisper,3,1,13,Skip
0,whisper,4,1,7,Skip
0,whisper,5,1,4,Skip
0,whisper,6,2,4,Skip
0,whisper,7,2,13,Skip
0,whisper,8,2,7,Over
0,whisper,9,3,7,Over
0,whisper,10,3,13,Over
0,whisper,11,3,4,Over
0,divine,11,2,HUMAN
1,status,1,VILLAGER,ALIVE,sample_py
1,status,2,POSSESSED,ALIVE,sample_py
1,status,3,VILLAGER,ALIVE,SampleJava7
1,status,4,WEREWOLF,ALIVE,OKAMI
1,status,5,VILLAGER,ALIVE,OKAMI
1,status,6,VILLAGER,ALIVE,Takeda3
1,status,7,WEREWOLF,ALIVE,Takeda11
1,status,8,BODYGUARD,ALIVE,HALU
1,status,9,VILLAGER,ALIVE,OKAMI
1,status,10,VILLAGER,ALIVE,Tomato9
1,status,11,SEER,ALIVE,OKAMI
1,status,12,VILLAGER,ALIVE,OKAMI
1,status,13,WEREWOLF,ALIVE,SampleJava10
1,status,14,VILLAGER,ALIVE,Takeda2
1,status,15,MEDIUM,ALIVE,TOKU1
1,talk,0,0,8,VOTE Agent[15]
1,talk,1,0,13,VOTE Agent[03]
1,talk,2,0,4,VOTE Agent[03]
1,talk,3,0,15,COMINGOUT Agent[15] MEDIUM
1,talk,4,0,14,VOTE Agent[03]
1,talk,5,0,7,COMINGOUT Agent[07] SEER
1,talk,6,0,10,VOTE Agent[03]
1,talk,7,0,9,VOTE Agent[15]
1,talk,8,0,2,COMINGOUT Agent[02] SEER
1,talk,9,0,3,VOTE Agent[05]
1,talk,10,0,1,VOTE Agent[09]
1,talk,11,0,5,VOTE Agent[15]
1,talk,12,0,12,VOTE Agent[15]
1,talk,13,0,11,VOTE Agent[15]
1,talk,14,0,6,VOTE Agent[15]
1,talk,15,1,3,REQUEST ANY (VOTE Agent[05])
1,talk,16,1,12,COMINGOUT Agent[12] VILLAGER
1,talk,17,1,5,COMINGOUT Agent[05] VILLAGER
1,talk,18,1,8,VOTE Agent[05]
1,talk,19,1,13,REQUEST ANY (VOTE Agent[03])
1,talk,20,1,10,VOTE Agent[15]
1,talk,21,1,1,Skip
1,talk,22,1,15,VOTE Agent[03]
1,talk,23,1,7,DIVINED Agent[01] WEREWOLF
1,talk,24,1,14,VOTE Agent[09]
1,talk,25,1,4,VOTE Agent[01]
1,talk,26,1,2,DIVINED Agent[06] WEREWOLF
1,talk,27,1,9,COMINGOUT Agent[09] VILLAGER
1,talk,28,1,11,VOTE Agent[05]
1,talk,29,1,6,VOTE Agent[02]
1,talk,30,2,12,VOTE Agent[13]
1,talk,31,2,6,VOTE Agent[11]
1,talk,32,2,11,VOTE Agent[13]
1,talk,33,2,15,VOTE Agent[11]
1,talk,34,2,9,VOTE Agent[13]
1,talk,35,2,14,VOTE Agent[11]
1,talk,36,2,2,VOTE Agent[06]
1,talk,37,2,10,VOTE Agent[11]
1,talk,38,2,4,VOTE Agent[06]
1,talk,39,2,8,VOTE Agent[05]
1,talk,40,2,7,VOTE Agent[01]
1,talk,41,2,13,Skip
1,talk,42,2,1,VOTE Agent[06]
1,talk,43,2,3,Skip
1,talk,44,2,5,VOTE Agent[13]
1,talk,45,3,4,VOTE Agent[06]
1,talk,46,3,1,Skip
1,talk,47,3,9,VOTE Agent[13]
1,talk,48,3,6,Skip
1,talk,49,3,8,VOTE Agent[05]
1,talk,50,3,15,Skip
1,talk,51,3,12,VOTE Agent[13]
1,talk,52,3,13,Skip
1,talk,53,3,14,Skip
1,talk,54,3,5,VOTE Agent[13]
1,talk,55,3,11,VOTE Agent[05]
1,talk,56,3,7,Skip
1,talk,57,3,2,Skip
1,talk,58,3,3,Skip
1,talk,59,3,10,VOTE Agent[06]
1,talk,60,4,8,VOTE Agent[05]
1,talk,61,4,6,Skip
1,talk,62,4,1,Skip
1,talk,63,4,5,VOTE Agent[13]
1,talk,64,4,10,Skip
1,talk,65,4,7,Skip
1,talk,66,4,4,VOTE Agent[06]
1,talk,67,4,13,Over
1,talk,68,4,3,Over
1,talk,69,4,15,Skip
1,talk,70,4,12,VOTE Agent[13]
1,talk,71,4,9,VOTE Agent[13]
1,talk,72,4,2,Skip
1,talk,73,4,14,Skip
1,talk,74,4,11,VOTE Agent[05]
1,talk,75,5,13,Over
1,talk,76,5,4,VOTE Agent[06]
1,talk,77,5,9,VOTE Agent[13]
1,talk,78,5,15,Over
1,talk,79,5,5,VOTE Agent[13]
1,talk,80,5,10,Skip
1,talk,81,5,6,Over
1,talk,82,5,2,Over
1,talk,83,5,1,Over
1,talk,84,5,12,VOTE Agent[13]
1,talk,85,5,8,VOTE Agent[13]
1,talk,86,5,14,Over
1,talk,87,5,7,Over
1,talk,88,5,11,VOTE Agent[05]
1,talk,89,5,3,Over
1,talk,90,6,6,Over
1,talk,91,6,10,VOTE Agent[13]
1,talk,92,6,12,VOTE Agent[13]
1,talk,93,6,11,VOTE Agent[05]
1,talk,94,6,14,Over
1,talk,95,6,7,Over
1,talk,96,6,13,Over
1,talk,97,6,8,VOTE Agent[05]
1,talk,98,6,4,VOTE Agent[06]
1,talk,99,6,5,VOTE Agent[13]
1,talk,100,6,15,Over
1,talk,101,6,3,Over
1,talk,102,6,1,Over
1,talk,103,6,2,Over
1,talk,104,6,9,VOTE Agent[13]
1,talk,105,7,14,Over
1,talk,106,7,11,VOTE Agent[05]
1,talk,107,7,13,Over
1,talk,108,7,1,Over
1,talk,109,7,4,VOTE Agent[06]
1,talk,110,7,5,VOTE Agent[13]
1,talk,111,7,8,VOTE Agent[05]
1,talk,112,7,15,Over
1,talk,113,7,6,Over
1,talk,114,7,10,Skip
1,talk,115,7,3,Over
1,talk,116,7,12,VOTE Agent[13]
1,talk,117,7,9,VOTE Agent[13]
1,talk,118,7,2,Over
1,talk,119,7,7,Over
1,talk,120,8,12,VOTE Agent[13]
1,talk,121,8,13,Over
1,talk,122,8,7,Over
1,talk,123,8,5,VOTE Agent[13]
1,talk,124,8,1,Over
1,talk,125,8,8,VOTE Agent[05]
1,talk,126,8,3,Over
1,talk,127,8,2,Over
1,talk,128,8,6,Over
1,talk,129,8,14,Over
1,talk,130,8,9,VOTE Agent[13]
1,talk,131,8,15,Over
1,talk,132,8,10,VOTE Agent[06]
1,talk,133,8,11,VOTE Agent[05]
1,talk,134,8,4,VOTE Agent[06]
1,talk,135,9,11,Over
1,talk,136,9,4,Over
1,talk,137,9,15,Over
1,talk,138,9,6,Over
1,talk,139,9,8,Over
1,talk,140,9,12,Over
1,talk,141,9,3,Over
1,talk,142,9,1,Over
1,talk,143,9,9,Over
1,talk,144,9,2,Over
1,talk,145,9,14,Over
1,talk,146,9,7,Over
1,talk,147,9,10,VOTE Agent[13]
1,talk,148,9,13,Over
1,talk,149,9,5,Over
1,talk,150,10,15,Over
1,talk,151,10,4,Over
1,talk,152,10,5,Over
1,talk,153,10,11,Over
1,talk,154,10,13,Over
1,talk,155,10,7,Over
1,talk,156,10,12,Over
1,talk,157,10,6,Over
1,talk,158,10,8,Over
1,talk,159,10,14,Over
1,talk,160,10,1,Over
1,talk,161,10,9,Over
1,talk,162,10,10,VOTE Agent[11]
1,talk,163,10,2,Over
1,talk,164,10,3,Over
1,talk,165,11,11,Over
1,talk,166,11,4,Over
1,talk,167,11,2,Over
1,talk,168,11,3,Over
1,talk,169,11,6,Over
1,talk,170,11,1,Over
1,talk,171,11,13,Over
1,talk,172,11,10,VOTE Agent[05]
1,talk,173,11,15,Over
1,talk,174,11,8,Over
1,talk,175,11,7,Over
1,talk,176,11,14,Over
1,talk,177,11,12,Over
1,talk,178,11,9,Over
1,talk,179,11,5,Over
1,talk,180,12,14,Over
1,talk,181,12,13,Over
1,talk,182,12,15,Over
1,talk,183,12,4,Over
1,talk,184,12,2,Over
1,talk,185,12,11,Over
1,talk,186,12,10,VOTE Agent[06]
1,talk,187,12,3,Over
1,talk,188,12,8,Over
1,talk,189,12,7,Over
1,talk,190,12,6,Over
1,talk,191,12,5,Over
1,talk,192,12,1,Over
1,talk,193,12,12,Over
1,talk,194,12,9,Over
1,talk,195,13,15,Over
1,talk,196,13,1,Over
1,talk,197,13,11,Over
1,talk,198,13,14,Over
1,talk,199,13,7,Over
1,talk,200,13,3,Over
1,talk,201,13,4,Over
1,talk,202,13,9,Over
1,talk,203,13,8,Over
1,talk,204,13,5,Over
1,talk,205,13,10,Over
1,talk,206,13,12,Over
1,talk,207,13,13,Over
1,talk,208,13,6,Over
1,talk,209,13,2,Over
1,vote,1,6
1,vote,2,6
1,vote,3,14
1,vote,4,6
1,vote,5,13
1,vote,6,11
1,vote,7,1
1,vote,8,13
1,vote,9,13
1,vote,10,6
1,vote,11,5
1,vote,12,13
1,vote,13,3
1,vote,14,11
1,vote,15,11
1,vote,1,6
1,vote,2,6
1,vote,3,6
1,vote,4,6
1,vote,5,13
1,vote,6,11
1,vote,7,1
1,vote,8,5
1,vote,9,13
1,vote,10,6
1,vote,11,5
1,vote,12,13
1,vote,13,6
1,vote,14,11
1,vote,15,11
1,execute,6,VILLAGER
1,divine,11,1,HUMAN
1,whisper,0,0,13,BECAUSE (AND (NOT (COMINGOUT Agent[02] WEREWOLF)) (NOT (COMINGOUT Agent[06] WEREWOLF)) (DAY 1 (Agent[02] DIVINED Agent[06] WEREWOLF))) (ESTIMATE Agent[02] POSSESSED)
1,whisper,1,0,4,ATTACK Agent[02]
1,whisper,2,0,7,Skip
1,whisper,3,1,13,ATTACK Agent[05]
1,whisper,4,1,4,Skip
1,whisper,5,1,7,Skip
1,whisper,6,2,4,Skip
1,whisper,7,2,13,Skip
1,whisper,8,2,7,Over
1,whisper,9,3,7,Over
1,whisper,10,3,4,Over
1,whisper,11,3,13,Skip
1,whisper,12,4,7,Over
1,whisper,13,4,4,Over
1,whisper,14,4,13,Over
1,guard,8,15,MEDIUM
1,attackVote,4,2
1,attackVote,7,8
1,attackVote,13,5
1,attackVote,4,2
1,attackVote,7,8
1,attackVote,13,5
1,attack,2,true
2,status,1,VILLAGER,ALIVE,sample_py
2,status,2,POSSESSED,DEAD,sample_py
2,status,3,VILLAGER,ALIVE,SampleJava7
2,status,4,WEREWOLF,ALIVE,OKAMI
2,status,5,VILLAGER,ALIVE,OKAMI
2,status,6,VILLAGER,DEAD,Takeda3
2,status,7,WEREWOLF,ALIVE,Takeda11
2,status,8,BODYGUARD,ALIVE,HALU
2,status,9,VILLAGER,ALIVE,OKAMI
2,status,10,VILLAGER,ALIVE,Tomato9
2,status,11,SEER,ALIVE,OKAMI
2,status,12,VILLAGER,ALIVE,OKAMI
2,status,13,WEREWOLF,ALIVE,SampleJava10
2,status,14,VILLAGER,ALIVE,Takeda2
2,status,15,MEDIUM,ALIVE,TOKU1
2,talk,0,0,8,VOTE Agent[05]
2,talk,1,0,1,VOTE Agent[07]
2,talk,2,0,11,VOTE Agent[05]
2,talk,3,0,4,VOTE Agent[01]
2,talk,4,0,14,VOTE Agent[11]
2,talk,5,0,3,VOTE Agent[05]
2,talk,6,0,5,VOTE Agent[13]
2,talk,7,0,9,VOTE Agent[13]
2,talk,8,0,7,DIVINED Agent[11] WEREWOLF
2,talk,9,0,10,VOTE Agent[05]
2,talk,10,0,12,VOTE Agent[13]
2,talk,11,0,15,IDENTIFIED Agent[06] HUMAN
2,talk,12,0,13,VOTE Agent[03]
2,talk,13,1,8,VOTE Agent[01]
2,talk,14,1,10,VOTE Agent[13]
2,talk,15,1,7,VOTE Agent[01]
2,talk,16,1,3,REQUEST ANY (VOTE Agent[05])
2,talk,17,1,13,REQUEST ANY (VOTE Agent[03])
2,talk,18,1,9,COMINGOUT Agent[09] VILLAGER
2,talk,19,1,4,VOTE Agent[01]
2,talk,20,1,11,VOTE Agent[11]
2,talk,21,1,12,COMINGOUT Agent[12] VILLAGER
2,talk,22,1,15,Skip
2,talk,23,1,14,Skip
2,talk,24,1,5,COMINGOUT Agent[05] VILLAGER
2,talk,25,1,1,Skip
2,talk,26,2,7,Skip
2,talk,27,2,14,Skip
2,talk,28,2,15,Skip
2,talk,29,2,10,Skip
2,talk,30,2,11,VOTE Agent[11]
2,talk,31,2,4,VOTE Agent[11]
2,talk,32,2,8,VOTE Agent[01]
2,talk,33,2,5,VOTE Agent[01]
2,talk,34,2,3,Skip
2,talk,35,2,13,Skip
2,talk,36,2,9,VOTE Agent[01]
2,talk,37,2,1,Skip
2,talk,38,2,12,VOTE Agent[11]
2,talk,39,3,15,Over
2,talk,40,3,12,VOTE Agent[11]
2,talk,41,3,10,VOTE Agent[11]
2,talk,42,3,7,Skip
2,talk,43,3,1,Over
2,talk,44,3,4,VOTE Agent[11]
2,talk,45,3,13,Skip
2,talk,46,3,3,Skip
2,talk,47,3,5,VOTE Agent[01]
2,talk,48,3,11,VOTE Agent[01]
2,talk,49,3,9,VOTE Agent[11]
2,talk,50,3,14,Over
2,talk,51,3,8,VOTE Agent[01]
2,talk,52,4,4,VOTE Agent[11]
2,talk,53,4,15,Over
2,talk,54,4,7,Over
2,talk,55,4,12,VOTE Agent[11]
2,talk,56,4,5,VOTE Agent[01]
2,talk,57,4,13,Over
2,talk,58,4,9,VOTE Agent[11]
2,talk,59,4,14,Over
2,talk,60,4,3,Over
2,talk,61,4,10,Skip
2,talk,62,4,8,VOTE Agent[01]
2,talk,63,4,11,VOTE Agent[01]
2,talk,64,4,1,Over
2,talk,65,5,7,Over
2,talk,66,5,11,VOTE Agent[01]
2,talk,67,5,3,Over
2,talk,68,5,12,VOTE Agent[11]
2,talk,69,5,8,VOTE Agent[11]
2,talk,70,5,9,VOTE Agent[01]
2,talk,71,5,5,VOTE Agent[01]
2,talk,72,5,13,Over
2,talk,73,5,15,Over
2,talk,74,5,4,VOTE Agent[11]
2,talk,75,5,1,Over
2,talk,76,5,14,Over
2,talk,77,5,10,VOTE Agent[01]
2,talk,78,6,14,Over
2,talk,79,6,15,Over
2,talk,80,6,4,VOTE Agent[01]
2,talk,81,6,7,Over
2,talk,82,6,1,Over
2,talk,83,6,11,VOTE Agent[11]
2,talk,84,6,8,VOTE Agent[01]
2,talk,85,6,5,VOTE Agent[11]
2,talk,86,6,12,VOTE Agent[11]
2,talk,87,6,3,Over
2,talk,88,6,9,VOTE Agent[01]
2,talk,89,6,10,Skip
2,talk,90,6,13,Over
2,talk,91,7,15,Over
2,talk,92,7,14,Over
2,talk,93,7,13,Over
2,talk,94,7,4,VOTE Agent[11]
2,talk,95,7,11,VOTE Agent[11]
2,talk,96,7,9,VOTE Agent[01]
2,talk,97,7,3,Over
2,talk,98,7,7,Over
2,talk,99,7,8,VOTE Agent[01]
2,talk,100,7,1,Over
2,talk,101,7,12,VOTE Agent[01]
2,talk,102,7,10,VOTE Agent[11]
2,talk,103,7,5,VOTE Agent[01]
2,talk,104,8,14,Over
2,talk,105,8,10,VOTE Agent[01]
2,talk,106,8,5,VOTE Agent[11]
2,talk,107,8,1,Over
2,talk,108,8,7,Over
2,talk,109,8,8,VOTE Agent[01]
2,talk,110,8,12,VOTE Agent[01]
2,talk,111,8,3,Over
2,talk,112,8,11,VOTE Agent[11]
2,talk,113,8,4,VOTE Agent[01]
2,talk,114,8,9,VOTE Agent[11]
2,talk,115,8,15,Over
2,talk,116,8,13,Over
2,talk,117,9,11,Over
2,talk,118,9,13,Over
2,talk,119,9,1,Over
2,talk,120,9,8,Over
2,talk,121,9,7,Over
2,talk,122,9,15,Over
2,talk,123,9,5,Over
2,talk,124,9,9,Over
2,talk,125,9,12,Over
2,talk,126,9,14,Over
2,talk,127,9,4,Over
2,talk,128,9,10,VOTE Agent[11]
2,talk,129,9,3,Over
2,talk,130,10,11,Over
2,talk,131,10,15,Over
2,talk,132,10,13,Over
2,talk,133,10,4,Over
2,talk,134,10,1,Over
2,talk,135,10,8,Over
2,talk,136,10,5,Over
2,talk,137,10,14,Over
2,talk,138,10,3,Over
2,talk,139,10,7,Over
2,talk,140,10,9,Over
2,talk,141,10,10,Skip
2,talk,142,10,12,Over
2,talk,143,11,4,Over
2,talk,144,11,3,Over
2,talk,145,11,1,Over
2,talk,146,11,12,Over
2,talk,147,11,15,Over
2,talk,148,11,13,Over
2,talk,149,11,10,VOTE Agent[01]
2,talk,150,11,9,Over
2,talk,151,11,11,Over
2,talk,152,11,5,Over
2,talk,153,11,8,Over
2,talk,154,11,7,Over
2,talk,155,11,14,Over
2,talk,156,12,10,VOTE Agent[11]
2,talk,157,12,9,Over
2,talk,158,12,1,Over
2,talk,159,12,12,Over
2,talk,160,12,11,Over
2,talk,161,12,8,Over
2,talk,162,12,5,Over
2,talk,163,12,3,Over
2,talk,164,12,13,Over
2,talk,165,12,15,Over
2,talk,166,12,4,Over
2,talk,167,12,14,Over
2,talk,168,12,7,Over
2,talk,169,13,5,Over
2,talk,170,13,8,Over
2,talk,171,13,15,Over
2,talk,172,13,10,VOTE Agent[01]
2,talk,173,13,3,Over
2,talk,174,13,11,Over
2,talk,175,13,7,Over
2,talk,176,13,12,Over
2,talk,177,13,13,Over
2,talk,178,13,14,Over
2,talk,179,13,1,Over
2,talk,180,13,4,Over
2,talk,181,13,9,Over
2,talk,182,14,1,Over
2,talk,183,14,7,Over
2,talk,184,14,5,Over
2,talk,185,14,12,Over
2,talk,186,14,8,Over
2,talk,187,14,14,Over
2,talk,188,14,4,Over
2,talk,189,14,9,Over
2,talk,190,14,10,Over
2,talk,191,14,13,Over
2,talk,192,14,3,Over
2,talk,193,14,15,Over
2,talk,194,14,11,Over
2,vote,1,7
2,vote,3,5
2,vote,4,11
2,vote,5,11
2,vote,7,1
2,vote,8,1
2,vote,9,11
2,vote,10,1
2,vote,11,14
2,vote,12,11
2,vote,13,3
2,vote,14,11
2,vote,15,11
2,execute,11,SEER
2,whisper,0,0,4,ATTACK Agent[15]
2,whisper,1,0,7,Skip
2,whisper,2,0,13,ATTACK Agent[12]
2,whisper,3,1,13,Skip
2,whisper,4,1,7,Skip
2,whisper,5,1,4,Skip
2,whisper,6,2,13,Skip
2,whisper,7,2,4,Skip
2,whisper,8,2,7,Over
2,whisper,9,3,7,Over
2,whisper,10,3,4,Over
2,whisper,11,3,13,Over
2,guard,8,7,WEREWOLF
2,attackVote,4,15
2,attackVote,7,8
2,attackVote,13,12
2,attackVote,4,15
2,attackVote,7,8
2,attackVote,13,12
2,attack,8,true
3,status,1,VILLAGER,ALIVE,sample_py
3,status,2,POSSESSED,DEAD,sample_py
3,status,3,VILLAGER,ALIVE,SampleJava7
3,status,4,WEREWOLF,ALIVE,OKAMI
3,status,5,VILLAGER,ALIVE,OKAMI
3,status,6,VILLAGER,DEAD,Takeda3
3,status,7,WEREWOLF,ALIVE,Takeda11
3,status,8,BODYGUARD,DEAD,HALU
3,status,9,VILLAGER,ALIVE,OKAMI
3,status,10,VILLAGER,ALIVE,Tomato9
3,status,11,SEER,DEAD,OKAMI
3,status,12,VILLAGER,ALIVE,OKAMI
3,status,13,WEREWOLF,ALIVE,SampleJava10
3,status,14,VILLAGER,ALIVE,Takeda2
3,status,15,MEDIUM,ALIVE,TOKU1
3,talk,0,0,14,VOTE Agent[04]
3,talk,1,0,4,VOTE Agent[01]
3,talk,2,0,1,VOTE Agent[07]
3,talk,3,0,13,VOTE Agent[03]
3,talk,4,0,10,VOTE Agent[07]
3,talk,5,0,5,VOTE Agent[01]
3,talk,6,0,3,VOTE Agent[01]
3,talk,7,0,12,VOTE Agent[01]
3,talk,8,0,7,DIVINED Agent[04] HUMAN
3,talk,9,0,15,IDENTIFIED Agent[11] HUMAN
3,talk,10,0,9,VOTE Agent[07]
3,talk,11,1,9,COMINGOUT Agent[09] VILLAGER
3,talk,12,1,3,REQUEST ANY (VOTE Agent[01])
3,talk,13,1,7,VOTE Agent[01]
3,talk,14,1,5,COMINGOUT Agent[05] VILLAGER
3,talk,15,1,13,REQUEST ANY (VOTE Agent[03])
3,talk,16,1,10,Skip
3,talk,17,1,1,Skip
3,talk,18,1,4,VOTE Agent[01]
3,talk,19,1,12,COMINGOUT Agent[12] VILLAGER
3,talk,20,1,15,VOTE Agent[04]
3,talk,21,1,14,Skip
3,talk,22,2,4,VOTE Agent[01]
3,talk,23,2,9,VOTE Agent[07]
3,talk,24,2,3,Skip
3,talk,25,2,5,VOTE Agent[07]
3,talk,26,2,14,Skip
3,talk,27,2,13,Skip
3,talk,28,2,15,Skip
3,talk,29,2,7,Skip
3,talk,30,2,10,Skip
3,talk,31,2,12,VOTE Agent[01]
3,talk,32,2,1,Skip
3,talk,33,3,9,VOTE Agent[07]
3,talk,34,3,15,Skip
3,talk,35,3,7,Skip
3,talk,36,3,13,Skip
3,talk,37,3,10,Over
3,talk,38,3,14,Over
3,talk,39,3,5,VOTE Agent[07]
3,talk,40,3,1,Over
3,talk,41,3,4,VOTE Agent[01]
3,talk,42,3,3,Skip
3,talk,43,3,12,VOTE Agent[01]
3,talk,44,4,7,Over
3,talk,45,4,4,VOTE Agent[01]
3,talk,46,4,15,Over
3,talk,47,4,13,Over
3,talk,48,4,5,VOTE Agent[07]
3,talk,49,4,3,Over
3,talk,50,4,1,Over
3,talk,51,4,14,Over
3,talk,52,4,10,Over
3,talk,53,4,9,VOTE Agent[07]
3,talk,54,4,12,VOTE Agent[01]
3,talk,55,5,7,Over
3,talk,56,5,13,Over
3,talk,57,5,1,Over
3,talk,58,5,15,Over
3,talk,59,5,12,VOTE Agent[01]
3,talk,60,5,5,VOTE Agent[07]
3,talk,61,5,10,Over
3,talk,62,5,9,VOTE Agent[07]
3,talk,63,5,3,Over
3,talk,64,5,14,Over
3,talk,65,5,4,VOTE Agent[01]
3,talk,66,6,14,Over
3,talk,67,6,7,Over
3,talk,68,6,1,Over
3,talk,69,6,10,Over
3,talk,70,6,13,Over
3,talk,71,6,9,VOTE Agent[07]
3,talk,72,6,15,Over
3,talk,73,6,12,VOTE Agent[01]
3,talk,74,6,3,Over
3,talk,75,6,4,VOTE Agent[01]
3,talk,76,6,5,VOTE Agent[07]
3,talk,77,7,13,Over
3,talk,78,7,9,VOTE Agent[07]
3,talk,79,7,1,Over
3,talk,80,7,10,Over
3,talk,81,7,7,Over
3,talk,82,7,4,VOTE Agent[01]
3,talk,83,7,15,Over
3,talk,84,7,14,Over
3,talk,85,7,3,Over
3,talk,86,7,5,VOTE Agent[07]
3,talk,87,7,12,VOTE Agent[01]
3,talk,88,8,7,Over
3,talk,89,8,4,VOTE Agent[01]
3,talk,90,8,3,Over
3,talk,91,8,10,Over
3,talk,92,8,12,VOTE Agent[01]
3,talk,93,8,1,Over
3,talk,94,8,15,Over
3,talk,95,8,14,Over
3,talk,96,8,5,VOTE Agent[07]
3,talk,97,8,13,Over
3,talk,98,8,9,VOTE Agent[07]
3,talk,99,9,13,Over
3,talk,100,9,9,Over
3,talk,101,9,7,Over
3,talk,102,9,12,Over
3,talk,103,9,10,Over
3,talk,104,9,1,Over
3,talk,105,9,3,Over
3,talk,106,9,4,Over
3,talk,107,9,5,Over
3,talk,108,9,14,Over
3,talk,109,9,15,Over
3,vote,1,7
3,vote,3,13
3,vote,4,1
3,vote,5,7
3,vote,7,1
3,vote,9,7
3,vote,10,7
3,vote,12,1
3,vote,13,3
3,vote,14,4
3,vote,15,4
3,execute,7,WEREWOLF
3,whisper,0,0,4,ATTACK Agent[15]
3,whisper,1,0,13,ATTACK Agent[09]
3,whisper,2,1,13,Skip
3,whisper,3,1,4,Skip
3,whisper,4,2,13,Skip
3,whisper,5,2,4,Skip
3,whisper,6,3,13,Over
3,whisper,7,3,4,Over
3,attackVote,4,15
3,attackVote,13,9
3,attackVote,4,15
3,attackVote,13,9
3,attack,9,true
4,status,1,VILLAGER,ALIVE,sample_py
4,status,2,POSSESSED,DEAD,sample_py
4,status,3,VILLAGER,ALIVE,SampleJava7
4,status,4,WEREWOLF,ALIVE,OKAMI
4,status,5,VILLAGER,ALIVE,OKAMI
4,status,6,VILLAGER,DEAD,Takeda3
4,status,7,WEREWOLF,DEAD,Takeda11
4,status,8,BODYGUARD,DEAD,HALU
4,status,9,VILLAGER,DEAD,OKAMI
4,status,10,VILLAGER,ALIVE,Tomato9
4,status,11,SEER,DEAD,OKAMI
4,status,12,VILLAGER,ALIVE,OKAMI
4,status,13,WEREWOLF,ALIVE,SampleJava10
4,status,14,VILLAGER,ALIVE,Takeda2
4,status,15,MEDIUM,ALIVE,TOKU1
4,talk,0,0,12,VOTE Agent[10]
4,talk,1,0,13,VOTE Agent[03]
4,talk,2,0,4,VOTE Agent[10]
4,talk,3,0,10,VOTE Agent[15]
4,talk,4,0,3,VOTE Agent[01]
4,talk,5,0,5,VOTE Agent[15]
4,talk,6,0,1,VOTE Agent[03]
4,talk,7,0,14,VOTE Agent[04]
4,talk,8,0,15,IDENTIFIED Agent[07] WEREWOLF
4,talk,9,1,1,Skip
4,talk,10,1,15,Skip
4,talk,11,1,14,Skip
4,talk,12,1,10,Skip
4,talk,13,1,4,VOTE Agent[15]
4,talk,14,1,3,REQUEST ANY (VOTE Agent[01])
4,talk,15,1,5,COMINGOUT Agent[05] VILLAGER
4,talk,16,1,12,COMINGOUT Agent[12] VILLAGER
4,talk,17,1,13,REQUEST ANY (VOTE Agent[03])
4,talk,18,2,14,Skip
4,talk,19,2,10,Skip
4,talk,20,2,4,VOTE Agent[03]
4,talk,21,2,15,Skip
4,talk,22,2,12,VOTE Agent[15]
4,talk,23,2,1,Skip
4,talk,24,2,3,Skip
4,talk,25,2,5,VOTE Agent[15]
4,talk,26,2,13,Skip
4,talk,27,3,14,Over
4,talk,28,3,15,Over
4,talk,29,3,13,Skip
4,talk,30,3,5,VOTE Agent[15]
4,talk,31,3,12,VOTE Agent[15]
4,talk,32,3,1,Over
4,talk,33,3,10,Over
4,talk,34,3,4,VOTE Agent[15]
4,talk,35,3,3,Skip
4,talk,36,4,4,VOTE Agent[15]
4,talk,37,4,10,Over
4,talk,38,4,13,Over
4,talk,39,4,12,VOTE Agent[03]
4,talk,40,4,14,Over
4,talk,41,4,1,Over
4,talk,42,4,3,Over
4,talk,43,4,5,VOTE Agent[15]
4,talk,44,4,15,Over
4,talk,45,5,13,Over
4,talk,46,5,1,Over
4,talk,47,5,3,Over
4,talk,48,5,5,VOTE Agent[15]
4,talk,49,5,10,Over
4,talk,50,5,15,Over
4,talk,51,5,4,VOTE Agent[03]
4,talk,52,5,14,Over
4,talk,53,5,12,VOTE Agent[15]
4,talk,54,6,14,Over
4,talk,55,6,12,VOTE Agent[15]
4,talk,56,6,1,Over
4,talk,57,6,4,VOTE Agent[15]
4,talk,58,6,10,Over
4,talk,59,6,15,Over
4,talk,60,6,5,VOTE Agent[03]
4,talk,61,6,13,Over
4,talk,62,6,3,Over
4,talk,63,7,5,VOTE Agent[03]
4,talk,64,7,4,VOTE Agent[03]
4,talk,65,7,3,Over
4,talk,66,7,15,Over
4,talk,67,7,1,Over
4,talk,68,7,10,Over
4,talk,69,7,14,Over
4,talk,70,7,13,Over
4,talk,71,7,12,VOTE Agent[04]
4,talk,72,8,12,VOTE Agent[01]
4,talk,73,8,13,Over
4,talk,74,8,3,Over
4,talk,75,8,15,Over
4,talk,76,8,14,Over
4,talk,77,8,5,VOTE Agent[01]
4,talk,78,8,10,Over
4,talk,79,8,1,Over
4,talk,80,8,4,VOTE Agent[01]
4,talk,81,9,13,Over
4,talk,82,9,14,Over
4,talk,83,9,12,Over
4,talk,84,9,1,Over
4,talk,85,9,4,Over
4,talk,86,9,5,Over
4,talk,87,9,10,Over
4,talk,88,9,3,Over
4,talk,89,9,15,Over
4,vote,1,3
4,vote,3,5
4,vote,4,1
4,vote,5,3
4,vote,10,15
4,vote,12,3
4,vote,13,3
4,vote,14,4
4,vote,15,4
4,execute,3,VILLAGER
4,whisper,0,0,13,ATTACK Agent[05]
4,whisper,1,0,4,ATTACK Agent[15]
4,whisper,2,1,4,Skip
4,whisper,3,1,13,Skip
4,whisper,4,2,4,Skip
4,whisper,5,2,13,Skip
4,whisper,6,3,13,Over
4,whisper,7,3,4,Over
4,attackVote,4,15
4,attackVote,13,5
4,attackVote,4,15
4,attackVote,13,5
4,attack,5,true
5,status,1,VILLAGER,ALIVE,sample_py
5,status,2,POSSESSED,DEAD,sample_py
5,status,3,VILLAGER,DEAD,SampleJava7
5,status,4,WEREWOLF,ALIVE,OKAMI
5,status,5,VILLAGER,DEAD,OKAMI
5,status,6,VILLAGER,DEAD,Takeda3
5,status,7,WEREWOLF,DEAD,Takeda11
5,status,8,BODYGUARD,DEAD,HALU
5,status,9,VILLAGER,DEAD,OKAMI
5,status,10,VILLAGER,ALIVE,Tomato9
5,status,11,SEER,DEAD,OKAMI
5,status,12,VILLAGER,ALIVE,OKAMI
5,status,13,WEREWOLF,ALIVE,SampleJava10
5,status,14,VILLAGER,ALIVE,Takeda2
5,status,15,MEDIUM,ALIVE,TOKU1
5,talk,0,0,4,VOTE Agent[15]
5,talk,1,0,13,VOTE Agent[03]
5,talk,2,0,15,IDENTIFIED Agent[03] HUMAN
5,talk,3,0,14,VOTE Agent[04]
5,talk,4,0,1,VOTE Agent[12]
5,talk,5,0,12,VOTE Agent[01]
5,talk,6,0,10,VOTE Agent[15]
5,talk,7,1,12,COMINGOUT Agent[12] VILLAGER
5,talk,8,1,15,Skip
5,talk,9,1,14,Skip
5,talk,10,1,1,Skip
5,talk,11,1,4,VOTE Agent[15]
5,talk,12,1,13,REQUEST ANY (VOTE Agent[03])
5,talk,13,1,10,Skip
5,talk,14,2,1,Skip
5,talk,15,2,13,Skip
5,talk,16,2,15,Skip
5,talk,17,2,4,VOTE Agent[12]
5,talk,18,2,12,VOTE Agent[13]
5,talk,19,2,14,Skip
5,talk,20,2,10,Skip
5,talk,21,3,1,Over
5,talk,22,3,15,Over
5,talk,23,3,14,Over
5,talk,24,3,4,VOTE Agent[15]
5,talk,25,3,13,Skip
5,talk,26,3,10,Over
5,talk,27,3,12,VOTE Agent[01]
5,talk,28,4,14,Over
5,talk,29,4,13,Over
5,talk,30,4,10,Over
5,talk,31,4,1,Over
5,talk,32,4,15,Over
5,talk,33,4,4,VOTE Agent[12]
5,talk,34,4,12,VOTE Agent[13]
5,talk,35,5,13,Over
5,talk,36,5,15,Over
5,talk,37,5,14,Over
5,talk,38,5,4,VOTE Agent[15]
5,talk,39,5,10,Over
5,talk,40,5,12,VOTE Agent[13]
5,talk,41,5,1,Over
5,talk,42,6,15,Over
5,talk,43,6,13,Over
5,talk,44,6,4,VOTE Agent[12]
5,talk,45,6,10,Over
5,talk,46,6,1,Over
5,talk,47,6,12,VOTE Agent[01]
5,talk,48,6,14,Over
5,talk,49,7,14,Over
5,talk,50,7,1,Over
5,talk,51,7,13,Over
5,talk,52,7,10,Over
5,talk,53,7,15,Over
5,talk,54,7,4,VOTE Agent[12]
5,talk,55,7,12,VOTE Agent[01]
5,talk,56,8,14,Over
5,talk,57,8,15,Over
5,talk,58,8,13,Over
5,talk,59,8,1,Over
5,talk,60,8,12,VOTE Agent[13]
5,talk,61,8,4,VOTE Agent[12]
5,talk,62,8,10,Over
5,talk,63,9,13,Over
5,talk,64,9,4,Over
5,talk,65,9,15,Over
5,talk,66,9,12,Over
5,talk,67,9,14,Over
5,talk,68,9,10,Over
5,talk,69,9,1,Over
5,vote,1,12
5,vote,4,12
5,vote,10,15
5,vote,12,13
5,vote,13,12
5,vote,14,4
5,vote,15,4
5,execute,12,VILLAGER
5,whisper,0,0,13,BECAUSE (Agent[15] COMINGOUT Agent[15] MEDIUM) (ATTACK Agent[15])
5,whisper,1,0,4,ATTACK Agent[15]
5,whisper,2,1,4,Skip
5,whisper,3,1,13,ATTACK Agent[15]
5,whisper,4,2,13,Skip
5,whisper,5,2,4,Skip
5,whisper,6,3,4,Over
5,whisper,7,3,13,Skip
5,whisper,8,4,4,Over
5,whisper,9,4,13,Over
5,attackVote,4,15
5,attackVote,13,15
5,attack,15,true
6,status,1,VILLAGER,ALIVE,sample_py
6,status,2,POSSESSED,DEAD,sample_py
6,status,3,VILLAGER,DEAD,SampleJava7
6,status,4,WEREWOLF,ALIVE,OKAMI
6,status,5,VILLAGER,DEAD,OKAMI
6,status,6,VILLAGER,DEAD,Takeda3
6,status,7,WEREWOLF,DEAD,Takeda11
6,status,8,BODYGUARD,DEAD,HALU
6,status,9,VILLAGER,DEAD,OKAMI
6,status,10,VILLAGER,ALIVE,Tomato9
6,status,11,SEER,DEAD,OKAMI
6,status,12,VILLAGER,DEAD,OKAMI
6,status,13,WEREWOLF,ALIVE,SampleJava10
6,status,14,VILLAGER,ALIVE,Takeda2
6,status,15,MEDIUM,DEAD,TOKU1
6,talk,0,0,10,VOTE Agent[13]
6,talk,1,0,4,VOTE Agent[14]
6,talk,2,0,1,VOTE Agent[14]
6,talk,3,0,13,VOTE Agent[03]
6,talk,4,0,14,VOTE Agent[04]
6,talk,5,1,13,REQUEST ANY (VOTE Agent[03])
6,talk,6,1,10,Skip
6,talk,7,1,1,Skip
6,talk,8,1,4,VOTE Agent[14]
6,talk,9,1,14,Skip
6,talk,10,2,14,Skip
6,talk,11,2,1,Skip
6,talk,12,2,13,Skip
6,talk,13,2,10,Skip
6,talk,14,2,4,VOTE Agent[14]
6,talk,15,3,14,Over
6,talk,16,3,13,Skip
6,talk,17,3,10,Over
6,talk,18,3,4,VOTE Agent[14]
6,talk,19,3,1,Over
6,talk,20,4,14,Over
6,talk,21,4,4,VOTE Agent[14]
6,talk,22,4,1,Over
6,talk,23,4,13,Over
6,talk,24,4,10,Over
6,talk,25,5,4,VOTE Agent[14]
6,talk,26,5,14,Over
6,talk,27,5,10,Over
6,talk,28,5,1,Over
6,talk,29,5,13,Over
6,talk,30,6,1,Over
6,talk,31,6,14,Over
6,talk,32,6,4,VOTE Agent[14]
6,talk,33,6,10,Over
6,talk,34,6,13,Over
6,talk,35,7,13,Over
6,talk,36,7,14,Over
6,talk,37,7,1,Over
6,talk,38,7,10,Over
6,talk,39,7,4,VOTE Agent[14]
6,talk,40,8,13,Over
6,talk,41,8,1,Over
6,talk,42,8,10,Over
6,talk,43,8,14,Over
6,talk,44,8,4,VOTE Agent[14]
6,talk,45,9,4,Over
6,talk,46,9,14,Over
6,talk,47,9,13,Over
6,talk,48,9,10,Over
6,talk,49,9,1,Over
6,vote,1,14
6,vote,4,14
6,vote,10,13
6,vote,13,14
6,vote,14,4
6,execute,14,VILLAGER
6,whisper,0,0,13,ATTACK Agent[01]
6,whisper,1,0,4,ATTACK Agent[15]
6,whisper,2,1,13,Skip
6,whisper,3,1,4,Skip
6,whisper,4,2,13,Skip
6,whisper,5,2,4,Skip
6,whisper,6,3,13,Over
6,whisper,7,3,4,Over
6,attackVote,13,1
6,attack,1,true
7,status,1,VILLAGER,DEAD,sample_py
7,status,2,POSSESSED,DEAD,sample_py
7,status,3,VILLAGER,DEAD,SampleJava7
7,status,4,WEREWOLF,ALIVE,OKAMI
7,status,5,VILLAGER,DEAD,OKAMI
7,status,6,VILLAGER,DEAD,Takeda3
7,status,7,WEREWOLF,DEAD,Takeda11
7,status,8,BODYGUARD,DEAD,HALU
7,status,9,VILLAGER,DEAD,OKAMI
7,status,10,VILLAGER,ALIVE,Tomato9
7,status,11,SEER,DEAD,OKAMI
7,status,12,VILLAGER,DEAD,OKAMI
7,status,13,WEREWOLF,ALIVE,SampleJava10
7,status,14,VILLAGER,DEAD,Takeda2
7,status,15,MEDIUM,DEAD,TOKU1
7,result,1,2,WEREWOLF
